[runlim] version:		1.18
[runlim] host:			c3n02
[runlim] time limit:		2700 seconds
[runlim] real time limit:	2700 seconds
[runlim] space limit:		7000 MB
[runlim] argv[0]:		./binary
[runlim] argv[1]:		/data/cnf/ankit/Set1/2qbf-5cnf-50var-300cl.2.qdimacs
[runlim] start:			Thu Feb 27 06:18:32 2020
[runlim] child:			6257
[runlim] sample:		9.96 time, 10.02 real, 57 MB
[runlim] sample:		19.94 time, 20.02 real, 87 MB
[runlim] sample:		29.91 time, 30.02 real, 89 MB
[runlim] sample:		39.90 time, 40.02 real, 116 MB
[runlim] sample:		49.88 time, 50.02 real, 116 MB
[runlim] sample:		59.86 time, 60.02 real, 119 MB
[runlim] sample:		69.84 time, 70.02 real, 119 MB
[runlim] sample:		79.82 time, 80.02 real, 119 MB
[runlim] sample:		89.80 time, 90.02 real, 172 MB
[runlim] sample:		99.78 time, 100.02 real, 172 MB
[runlim] sample:		109.76 time, 110.02 real, 172 MB
[runlim] sample:		119.74 time, 120.02 real, 175 MB
[runlim] sample:		129.71 time, 130.02 real, 179 MB
[runlim] sample:		139.70 time, 140.02 real, 183 MB
[runlim] sample:		149.69 time, 150.02 real, 188 MB
[runlim] sample:		159.67 time, 160.02 real, 191 MB
[runlim] sample:		169.65 time, 170.02 real, 194 MB
[runlim] sample:		179.63 time, 180.02 real, 197 MB
[runlim] sample:		189.62 time, 190.02 real, 199 MB
[runlim] sample:		199.59 time, 200.02 real, 202 MB
[runlim] sample:		209.58 time, 210.02 real, 204 MB
[runlim] sample:		219.56 time, 220.02 real, 205 MB
[runlim] sample:		229.55 time, 230.02 real, 205 MB
[runlim] sample:		239.53 time, 240.02 real, 205 MB
[runlim] sample:		249.51 time, 250.02 real, 205 MB
[runlim] sample:		259.49 time, 260.02 real, 205 MB
[runlim] sample:		269.47 time, 270.02 real, 205 MB
[runlim] sample:		279.45 time, 280.02 real, 205 MB
[runlim] sample:		289.43 time, 290.02 real, 205 MB
[runlim] sample:		299.41 time, 300.02 real, 205 MB
[runlim] sample:		309.40 time, 310.02 real, 205 MB
[runlim] sample:		319.38 time, 320.02 real, 205 MB
[runlim] sample:		329.36 time, 330.02 real, 205 MB
[runlim] sample:		339.34 time, 340.02 real, 205 MB
[runlim] sample:		349.32 time, 350.02 real, 305 MB
[runlim] sample:		359.30 time, 360.02 real, 288 MB
[runlim] sample:		369.28 time, 370.02 real, 288 MB
[runlim] sample:		379.27 time, 380.02 real, 288 MB
[runlim] sample:		389.24 time, 390.02 real, 288 MB
[runlim] sample:		399.23 time, 400.02 real, 288 MB
[runlim] sample:		409.20 time, 410.02 real, 288 MB
[runlim] sample:		419.18 time, 420.02 real, 288 MB
[runlim] sample:		429.17 time, 430.02 real, 288 MB
[runlim] sample:		439.14 time, 440.02 real, 289 MB
[runlim] sample:		449.13 time, 450.02 real, 292 MB
[runlim] sample:		459.11 time, 460.02 real, 294 MB
[runlim] sample:		469.09 time, 470.02 real, 296 MB
[runlim] sample:		479.07 time, 480.02 real, 299 MB
[runlim] sample:		489.05 time, 490.02 real, 301 MB
[runlim] sample:		499.03 time, 500.02 real, 303 MB
[runlim] sample:		509.02 time, 510.02 real, 306 MB
[runlim] sample:		518.99 time, 520.02 real, 308 MB
[runlim] sample:		528.98 time, 530.02 real, 310 MB
[runlim] sample:		538.96 time, 540.02 real, 312 MB
[runlim] sample:		548.94 time, 550.02 real, 314 MB
[runlim] sample:		558.92 time, 560.02 real, 316 MB
[runlim] sample:		568.90 time, 570.02 real, 318 MB
[runlim] sample:		578.88 time, 580.02 real, 320 MB
[runlim] sample:		588.86 time, 590.02 real, 322 MB
[runlim] sample:		598.85 time, 600.02 real, 324 MB
[runlim] sample:		608.82 time, 610.02 real, 326 MB
[runlim] sample:		618.80 time, 620.02 real, 327 MB
[runlim] sample:		628.78 time, 630.02 real, 329 MB
[runlim] sample:		638.77 time, 640.02 real, 331 MB
[runlim] sample:		648.74 time, 650.02 real, 332 MB
[runlim] sample:		658.72 time, 660.02 real, 334 MB
[runlim] sample:		668.70 time, 670.02 real, 336 MB
[runlim] sample:		678.68 time, 680.02 real, 337 MB
[runlim] sample:		688.66 time, 690.02 real, 339 MB
[runlim] sample:		698.65 time, 700.02 real, 341 MB
[runlim] sample:		708.63 time, 710.02 real, 348 MB
[runlim] sample:		718.61 time, 720.02 real, 348 MB
[runlim] sample:		728.59 time, 730.02 real, 348 MB
[runlim] sample:		738.57 time, 740.02 real, 350 MB
[runlim] sample:		748.55 time, 750.02 real, 351 MB
[runlim] sample:		758.52 time, 760.02 real, 352 MB
[runlim] sample:		768.51 time, 770.02 real, 354 MB
[runlim] sample:		778.49 time, 780.02 real, 355 MB
[runlim] sample:		788.47 time, 790.02 real, 357 MB
[runlim] sample:		798.44 time, 800.02 real, 358 MB
[runlim] sample:		808.42 time, 810.02 real, 359 MB
[runlim] sample:		818.40 time, 820.02 real, 361 MB
[runlim] sample:		828.38 time, 830.02 real, 362 MB
[runlim] sample:		838.35 time, 840.02 real, 363 MB
[runlim] sample:		848.33 time, 850.02 real, 365 MB
[runlim] sample:		858.32 time, 860.02 real, 366 MB
[runlim] sample:		868.30 time, 870.02 real, 367 MB
[runlim] sample:		878.28 time, 880.02 real, 368 MB
[runlim] sample:		888.25 time, 890.02 real, 370 MB
[runlim] sample:		898.23 time, 900.02 real, 371 MB
[runlim] sample:		908.21 time, 910.02 real, 372 MB
[runlim] sample:		918.19 time, 920.02 real, 373 MB
[runlim] sample:		928.17 time, 930.02 real, 374 MB
[runlim] sample:		938.17 time, 940.02 real, 375 MB
[runlim] sample:		948.17 time, 950.02 real, 377 MB
[runlim] sample:		958.15 time, 960.02 real, 378 MB
[runlim] sample:		968.13 time, 970.02 real, 378 MB
[runlim] sample:		978.11 time, 980.02 real, 378 MB
[runlim] sample:		988.09 time, 990.02 real, 378 MB
[runlim] sample:		998.07 time, 1000.02 real, 378 MB
[runlim] sample:		1008.05 time, 1010.02 real, 378 MB
[runlim] sample:		1018.03 time, 1020.02 real, 378 MB
[runlim] sample:		1028.01 time, 1030.02 real, 378 MB
[runlim] sample:		1037.99 time, 1040.02 real, 378 MB
[runlim] sample:		1047.97 time, 1050.02 real, 378 MB
[runlim] sample:		1057.95 time, 1060.02 real, 378 MB
[runlim] sample:		1067.93 time, 1070.02 real, 378 MB
[runlim] sample:		1077.91 time, 1080.02 real, 378 MB
[runlim] sample:		1087.89 time, 1090.02 real, 378 MB
[runlim] sample:		1097.87 time, 1100.02 real, 378 MB
[runlim] sample:		1107.86 time, 1110.02 real, 378 MB
[runlim] sample:		1117.84 time, 1120.02 real, 378 MB
[runlim] sample:		1127.82 time, 1130.02 real, 378 MB
[runlim] sample:		1137.80 time, 1140.02 real, 378 MB
[runlim] sample:		1147.78 time, 1150.02 real, 378 MB
[runlim] sample:		1157.76 time, 1160.02 real, 378 MB
[runlim] sample:		1167.74 time, 1170.02 real, 378 MB
[runlim] sample:		1177.72 time, 1180.02 real, 378 MB
[runlim] sample:		1187.70 time, 1190.02 real, 378 MB
[runlim] sample:		1197.68 time, 1200.02 real, 378 MB
[runlim] sample:		1207.67 time, 1210.02 real, 378 MB
[runlim] sample:		1217.65 time, 1220.02 real, 378 MB
[runlim] sample:		1227.63 time, 1230.02 real, 378 MB
[runlim] sample:		1237.61 time, 1240.02 real, 378 MB
[runlim] sample:		1247.59 time, 1250.02 real, 378 MB
[runlim] sample:		1257.57 time, 1260.02 real, 378 MB
[runlim] sample:		1267.55 time, 1270.02 real, 378 MB
[runlim] sample:		1277.53 time, 1280.02 real, 378 MB
[runlim] sample:		1287.51 time, 1290.02 real, 378 MB
[runlim] sample:		1297.50 time, 1300.02 real, 378 MB
[runlim] sample:		1307.48 time, 1310.02 real, 378 MB
[runlim] sample:		1317.45 time, 1320.02 real, 378 MB
[runlim] sample:		1327.44 time, 1330.02 real, 378 MB
[runlim] sample:		1337.42 time, 1340.02 real, 378 MB
[runlim] sample:		1347.40 time, 1350.02 real, 378 MB
[runlim] sample:		1357.38 time, 1360.02 real, 378 MB
[runlim] sample:		1367.36 time, 1370.02 real, 378 MB
[runlim] sample:		1377.34 time, 1380.02 real, 378 MB
[runlim] sample:		1387.32 time, 1390.02 real, 378 MB
[runlim] sample:		1397.32 time, 1400.02 real, 378 MB
[runlim] sample:		1407.32 time, 1410.02 real, 378 MB
[runlim] sample:		1417.32 time, 1420.02 real, 378 MB
[runlim] sample:		1427.32 time, 1430.02 real, 378 MB
[runlim] sample:		1437.32 time, 1440.02 real, 378 MB
[runlim] sample:		1447.32 time, 1450.02 real, 378 MB
[runlim] sample:		1457.32 time, 1460.02 real, 378 MB
[runlim] sample:		1467.32 time, 1470.02 real, 378 MB
[runlim] sample:		1477.32 time, 1480.02 real, 378 MB
[runlim] sample:		1487.32 time, 1490.02 real, 378 MB
[runlim] sample:		1497.32 time, 1500.02 real, 378 MB
[runlim] sample:		1507.32 time, 1510.02 real, 378 MB
[runlim] sample:		1517.32 time, 1520.02 real, 378 MB
[runlim] sample:		1527.32 time, 1530.02 real, 378 MB
[runlim] sample:		1537.32 time, 1540.02 real, 378 MB
[runlim] sample:		1547.32 time, 1550.02 real, 378 MB
[runlim] sample:		1557.32 time, 1560.02 real, 378 MB
[runlim] sample:		1567.32 time, 1570.02 real, 378 MB
[runlim] sample:		1577.32 time, 1580.02 real, 378 MB
[runlim] sample:		1587.32 time, 1590.02 real, 378 MB
[runlim] sample:		1597.32 time, 1600.02 real, 572 MB
[runlim] sample:		1607.33 time, 1610.02 real, 546 MB
[runlim] sample:		1617.33 time, 1620.02 real, 546 MB
[runlim] sample:		1627.33 time, 1630.02 real, 546 MB
[runlim] sample:		1637.32 time, 1640.02 real, 546 MB
[runlim] sample:		1647.32 time, 1650.02 real, 546 MB
[runlim] sample:		1657.32 time, 1660.02 real, 546 MB
[runlim] sample:		1667.32 time, 1670.02 real, 546 MB
[runlim] sample:		1677.32 time, 1680.02 real, 546 MB
[runlim] sample:		1687.32 time, 1690.02 real, 546 MB
[runlim] sample:		1697.32 time, 1700.02 real, 546 MB
[runlim] sample:		1707.32 time, 1710.02 real, 546 MB
[runlim] sample:		1717.32 time, 1720.02 real, 546 MB
[runlim] sample:		1727.32 time, 1730.02 real, 546 MB
[runlim] sample:		1737.32 time, 1740.02 real, 546 MB
[runlim] sample:		1747.32 time, 1750.02 real, 546 MB
[runlim] sample:		1757.32 time, 1760.02 real, 546 MB
[runlim] sample:		1767.32 time, 1770.02 real, 546 MB
[runlim] sample:		1777.32 time, 1780.02 real, 546 MB
[runlim] sample:		1787.32 time, 1790.02 real, 546 MB
[runlim] sample:		1797.33 time, 1800.02 real, 547 MB
[runlim] sample:		1807.33 time, 1810.02 real, 547 MB
[runlim] sample:		1817.33 time, 1820.02 real, 547 MB
[runlim] sample:		1827.33 time, 1830.02 real, 547 MB
[runlim] sample:		1837.33 time, 1840.02 real, 547 MB
[runlim] sample:		1847.33 time, 1850.02 real, 547 MB
[runlim] sample:		1857.33 time, 1860.02 real, 547 MB
[runlim] sample:		1867.33 time, 1870.02 real, 547 MB
[runlim] sample:		1877.33 time, 1880.02 real, 547 MB
[runlim] sample:		1887.33 time, 1890.02 real, 547 MB
[runlim] sample:		1897.33 time, 1900.02 real, 547 MB
[runlim] sample:		1907.33 time, 1910.02 real, 547 MB
[runlim] sample:		1917.33 time, 1920.02 real, 547 MB
[runlim] sample:		1927.33 time, 1930.02 real, 547 MB
[runlim] sample:		1937.33 time, 1940.02 real, 547 MB
[runlim] sample:		1947.33 time, 1950.02 real, 547 MB
[runlim] sample:		1957.33 time, 1960.02 real, 547 MB
[runlim] sample:		1967.33 time, 1970.02 real, 547 MB
[runlim] sample:		1977.33 time, 1980.02 real, 547 MB
[runlim] sample:		1987.33 time, 1990.02 real, 547 MB
[runlim] sample:		1997.33 time, 2000.02 real, 547 MB
[runlim] sample:		2007.33 time, 2010.02 real, 547 MB
[runlim] sample:		2017.33 time, 2020.02 real, 547 MB
[runlim] sample:		2027.33 time, 2030.02 real, 547 MB
[runlim] sample:		2037.33 time, 2040.02 real, 547 MB
[runlim] sample:		2047.33 time, 2050.02 real, 547 MB
[runlim] sample:		2057.33 time, 2060.02 real, 547 MB
[runlim] sample:		2067.33 time, 2070.02 real, 547 MB
[runlim] sample:		2077.33 time, 2080.02 real, 547 MB
[runlim] sample:		2087.33 time, 2090.02 real, 547 MB
[runlim] sample:		2097.33 time, 2100.02 real, 547 MB
[runlim] sample:		2107.33 time, 2110.02 real, 547 MB
[runlim] sample:		2117.33 time, 2120.02 real, 547 MB
[runlim] sample:		2127.33 time, 2130.02 real, 547 MB
[runlim] sample:		2137.33 time, 2140.02 real, 547 MB
[runlim] sample:		2147.33 time, 2150.02 real, 547 MB
[runlim] sample:		2157.32 time, 2160.02 real, 547 MB
[runlim] sample:		2167.32 time, 2170.02 real, 549 MB
[runlim] sample:		2177.32 time, 2180.02 real, 550 MB
[runlim] sample:		2187.32 time, 2190.02 real, 551 MB
[runlim] sample:		2197.32 time, 2200.02 real, 552 MB
[runlim] sample:		2207.32 time, 2210.02 real, 553 MB
[runlim] sample:		2217.32 time, 2220.02 real, 554 MB
[runlim] sample:		2227.32 time, 2230.02 real, 555 MB
[runlim] sample:		2237.32 time, 2240.02 real, 556 MB
[runlim] sample:		2247.32 time, 2250.02 real, 557 MB
[runlim] sample:		2257.32 time, 2260.02 real, 558 MB
[runlim] sample:		2267.33 time, 2270.02 real, 559 MB
[runlim] sample:		2277.32 time, 2280.02 real, 560 MB
[runlim] sample:		2287.32 time, 2290.02 real, 561 MB
[runlim] sample:		2297.32 time, 2300.02 real, 562 MB
[runlim] sample:		2307.32 time, 2310.02 real, 564 MB
[runlim] sample:		2317.32 time, 2320.02 real, 565 MB
[runlim] sample:		2327.32 time, 2330.02 real, 566 MB
[runlim] sample:		2337.32 time, 2340.02 real, 572 MB
[runlim] sample:		2347.32 time, 2350.02 real, 572 MB
[runlim] sample:		2357.32 time, 2360.02 real, 572 MB
[runlim] sample:		2367.32 time, 2370.02 real, 573 MB
[runlim] sample:		2377.32 time, 2380.02 real, 574 MB
[runlim] sample:		2387.32 time, 2390.02 real, 575 MB
[runlim] sample:		2397.32 time, 2400.02 real, 576 MB
[runlim] sample:		2407.32 time, 2410.02 real, 576 MB
[runlim] sample:		2417.32 time, 2420.02 real, 578 MB
[runlim] sample:		2427.32 time, 2430.02 real, 579 MB
[runlim] sample:		2437.32 time, 2440.02 real, 580 MB
[runlim] sample:		2447.32 time, 2450.02 real, 580 MB
[runlim] sample:		2457.32 time, 2460.02 real, 581 MB
[runlim] sample:		2467.32 time, 2470.02 real, 582 MB
[runlim] sample:		2477.32 time, 2480.02 real, 583 MB
[runlim] sample:		2487.31 time, 2490.02 real, 584 MB
[runlim] sample:		2497.32 time, 2500.02 real, 585 MB
[runlim] sample:		2507.32 time, 2510.02 real, 586 MB
[runlim] sample:		2517.32 time, 2520.02 real, 587 MB
[runlim] sample:		2527.32 time, 2530.02 real, 588 MB
[runlim] sample:		2537.32 time, 2540.02 real, 589 MB
[runlim] sample:		2547.32 time, 2550.02 real, 590 MB
[runlim] sample:		2557.32 time, 2560.02 real, 591 MB
[runlim] sample:		2567.32 time, 2570.02 real, 592 MB
[runlim] sample:		2577.32 time, 2580.02 real, 593 MB
[runlim] sample:		2587.32 time, 2590.02 real, 594 MB
[runlim] sample:		2597.32 time, 2600.02 real, 594 MB
[runlim] sample:		2607.32 time, 2610.02 real, 595 MB
[runlim] sample:		2617.31 time, 2620.02 real, 596 MB
[runlim] sample:		2627.31 time, 2630.02 real, 597 MB
[runlim] sample:		2637.32 time, 2640.02 real, 598 MB
[runlim] sample:		2647.32 time, 2650.02 real, 599 MB
[runlim] sample:		2657.31 time, 2660.02 real, 600 MB
[runlim] sample:		2667.31 time, 2670.02 real, 601 MB
[runlim] sample:		2677.31 time, 2680.02 real, 602 MB
[runlim] sample:		2687.31 time, 2690.02 real, 603 MB
[runlim] sample:		2697.31 time, 2700.02 real, 604 MB
[runlim] end:			Thu Feb 27 07:03:32 2020
[runlim] status:		out of time
[runlim] result:		2
[runlim] children:		1
[runlim] real:			2700.14 seconds
[runlim] time:			2697.31 seconds
[runlim] space:			604 MB
[runlim] samples:		27000
