[runlim] version:		1.18
[runlim] host:			c3n03
[runlim] time limit:		2700 seconds
[runlim] real time limit:	2700 seconds
[runlim] space limit:		7000 MB
[runlim] argv[0]:		./binary
[runlim] argv[1]:		/data/cnf/ankit/Set1/bobsmhdlc2.qdimacs
[runlim] start:			Thu Feb 27 06:18:58 2020
[runlim] child:			7152
[runlim] sample:		9.98 time, 10.02 real, 48 MB
[runlim] sample:		19.98 time, 20.02 real, 74 MB
[runlim] sample:		29.98 time, 30.02 real, 97 MB
[runlim] sample:		39.98 time, 40.02 real, 114 MB
[runlim] sample:		49.99 time, 50.02 real, 150 MB
[runlim] sample:		59.98 time, 60.02 real, 187 MB
[runlim] sample:		69.98 time, 70.02 real, 196 MB
[runlim] sample:		79.98 time, 80.02 real, 202 MB
[runlim] sample:		89.98 time, 90.02 real, 209 MB
[runlim] sample:		99.98 time, 100.02 real, 211 MB
[runlim] sample:		109.98 time, 110.02 real, 214 MB
[runlim] sample:		119.98 time, 120.02 real, 231 MB
[runlim] sample:		129.98 time, 130.02 real, 246 MB
[runlim] sample:		139.98 time, 140.02 real, 277 MB
[runlim] sample:		149.98 time, 150.02 real, 288 MB
[runlim] sample:		159.97 time, 160.02 real, 324 MB
[runlim] sample:		169.97 time, 170.02 real, 324 MB
[runlim] sample:		179.97 time, 180.02 real, 324 MB
[runlim] sample:		189.97 time, 190.02 real, 324 MB
[runlim] sample:		199.97 time, 200.02 real, 324 MB
[runlim] sample:		209.98 time, 210.02 real, 328 MB
[runlim] sample:		219.98 time, 220.02 real, 331 MB
[runlim] sample:		229.98 time, 230.02 real, 334 MB
[runlim] sample:		239.97 time, 240.02 real, 338 MB
[runlim] sample:		249.97 time, 250.02 real, 343 MB
[runlim] sample:		259.97 time, 260.02 real, 348 MB
[runlim] sample:		269.98 time, 270.02 real, 353 MB
[runlim] sample:		279.97 time, 280.02 real, 356 MB
[runlim] sample:		289.97 time, 290.02 real, 359 MB
[runlim] sample:		299.97 time, 300.02 real, 361 MB
[runlim] sample:		309.98 time, 310.02 real, 363 MB
[runlim] sample:		319.98 time, 320.02 real, 365 MB
[runlim] sample:		329.97 time, 330.02 real, 367 MB
[runlim] sample:		339.97 time, 340.02 real, 369 MB
[runlim] sample:		349.98 time, 350.02 real, 371 MB
[runlim] sample:		359.97 time, 360.02 real, 373 MB
[runlim] sample:		369.97 time, 370.02 real, 376 MB
[runlim] sample:		379.97 time, 380.02 real, 379 MB
[runlim] sample:		389.97 time, 390.02 real, 381 MB
[runlim] sample:		399.97 time, 400.02 real, 383 MB
[runlim] sample:		409.97 time, 410.02 real, 385 MB
[runlim] sample:		419.97 time, 420.02 real, 387 MB
[runlim] sample:		429.97 time, 430.02 real, 394 MB
[runlim] sample:		439.97 time, 440.02 real, 394 MB
[runlim] sample:		449.97 time, 450.02 real, 395 MB
[runlim] sample:		459.97 time, 460.02 real, 397 MB
[runlim] sample:		469.97 time, 470.02 real, 399 MB
[runlim] sample:		479.97 time, 480.02 real, 400 MB
[runlim] sample:		489.97 time, 490.02 real, 401 MB
[runlim] sample:		499.97 time, 500.02 real, 402 MB
[runlim] sample:		509.97 time, 510.02 real, 403 MB
[runlim] sample:		519.97 time, 520.02 real, 404 MB
[runlim] sample:		529.97 time, 530.02 real, 405 MB
[runlim] sample:		539.97 time, 540.02 real, 406 MB
[runlim] sample:		549.97 time, 550.02 real, 407 MB
[runlim] sample:		559.97 time, 560.02 real, 409 MB
[runlim] sample:		569.97 time, 570.02 real, 410 MB
[runlim] sample:		579.97 time, 580.02 real, 411 MB
[runlim] sample:		589.97 time, 590.02 real, 412 MB
[runlim] sample:		599.97 time, 600.02 real, 413 MB
[runlim] sample:		609.97 time, 610.02 real, 414 MB
[runlim] sample:		619.97 time, 620.02 real, 415 MB
[runlim] sample:		629.96 time, 630.02 real, 416 MB
[runlim] sample:		639.96 time, 640.02 real, 417 MB
[runlim] sample:		649.97 time, 650.02 real, 418 MB
[runlim] sample:		659.97 time, 660.02 real, 420 MB
[runlim] sample:		669.97 time, 670.02 real, 421 MB
[runlim] sample:		679.97 time, 680.02 real, 422 MB
[runlim] sample:		689.96 time, 690.02 real, 423 MB
[runlim] sample:		699.96 time, 700.02 real, 425 MB
[runlim] sample:		709.97 time, 710.02 real, 447 MB
[runlim] sample:		719.97 time, 720.02 real, 447 MB
[runlim] sample:		729.97 time, 730.02 real, 447 MB
[runlim] sample:		739.97 time, 740.02 real, 447 MB
[runlim] sample:		749.97 time, 750.02 real, 447 MB
[runlim] sample:		759.97 time, 760.02 real, 447 MB
[runlim] sample:		769.96 time, 770.02 real, 454 MB
[runlim] sample:		779.96 time, 780.02 real, 454 MB
[runlim] sample:		789.96 time, 790.02 real, 454 MB
[runlim] sample:		799.96 time, 800.02 real, 454 MB
[runlim] sample:		809.96 time, 810.02 real, 454 MB
[runlim] sample:		819.96 time, 820.02 real, 454 MB
[runlim] sample:		829.96 time, 830.02 real, 454 MB
[runlim] sample:		839.96 time, 840.02 real, 454 MB
[runlim] sample:		849.96 time, 850.02 real, 454 MB
[runlim] sample:		859.96 time, 860.02 real, 454 MB
[runlim] sample:		869.96 time, 870.02 real, 454 MB
[runlim] sample:		879.96 time, 880.02 real, 454 MB
[runlim] sample:		889.96 time, 890.02 real, 454 MB
[runlim] sample:		899.96 time, 900.02 real, 454 MB
[runlim] sample:		909.96 time, 910.02 real, 454 MB
[runlim] sample:		919.96 time, 920.02 real, 454 MB
[runlim] sample:		929.96 time, 930.02 real, 454 MB
[runlim] sample:		939.96 time, 940.02 real, 454 MB
[runlim] sample:		949.96 time, 950.02 real, 454 MB
[runlim] sample:		959.96 time, 960.02 real, 454 MB
[runlim] sample:		969.96 time, 970.02 real, 454 MB
[runlim] sample:		979.96 time, 980.02 real, 454 MB
[runlim] sample:		989.96 time, 990.02 real, 454 MB
[runlim] sample:		999.96 time, 1000.02 real, 454 MB
[runlim] sample:		1009.97 time, 1010.02 real, 521 MB
[runlim] sample:		1019.97 time, 1020.02 real, 521 MB
[runlim] sample:		1029.97 time, 1030.02 real, 521 MB
[runlim] sample:		1039.96 time, 1040.02 real, 521 MB
[runlim] sample:		1049.97 time, 1050.02 real, 521 MB
[runlim] sample:		1059.97 time, 1060.02 real, 521 MB
[runlim] sample:		1069.97 time, 1070.02 real, 521 MB
[runlim] sample:		1079.97 time, 1080.02 real, 521 MB
[runlim] sample:		1089.97 time, 1090.02 real, 521 MB
[runlim] sample:		1099.97 time, 1100.02 real, 521 MB
[runlim] sample:		1109.96 time, 1110.02 real, 523 MB
[runlim] sample:		1119.97 time, 1120.02 real, 525 MB
[runlim] sample:		1129.97 time, 1130.02 real, 528 MB
[runlim] sample:		1139.97 time, 1140.02 real, 531 MB
[runlim] sample:		1149.97 time, 1150.02 real, 533 MB
[runlim] sample:		1159.96 time, 1160.02 real, 536 MB
[runlim] sample:		1169.96 time, 1170.02 real, 539 MB
[runlim] sample:		1179.96 time, 1180.02 real, 542 MB
[runlim] sample:		1189.96 time, 1190.02 real, 544 MB
[runlim] sample:		1199.97 time, 1200.02 real, 615 MB
[runlim] sample:		1209.97 time, 1210.02 real, 615 MB
[runlim] sample:		1219.97 time, 1220.02 real, 615 MB
[runlim] sample:		1229.97 time, 1230.02 real, 615 MB
[runlim] sample:		1239.97 time, 1240.02 real, 615 MB
[runlim] sample:		1249.97 time, 1250.02 real, 615 MB
[runlim] sample:		1259.97 time, 1260.02 real, 615 MB
[runlim] sample:		1269.97 time, 1270.02 real, 615 MB
[runlim] sample:		1279.97 time, 1280.02 real, 615 MB
[runlim] sample:		1289.97 time, 1290.02 real, 618 MB
[runlim] sample:		1299.96 time, 1300.02 real, 622 MB
[runlim] sample:		1309.97 time, 1310.02 real, 625 MB
[runlim] sample:		1319.96 time, 1320.02 real, 627 MB
[runlim] sample:		1329.95 time, 1330.02 real, 631 MB
[runlim] sample:		1339.96 time, 1340.02 real, 634 MB
[runlim] sample:		1349.96 time, 1350.02 real, 637 MB
[runlim] sample:		1359.96 time, 1360.02 real, 639 MB
[runlim] sample:		1369.96 time, 1370.02 real, 642 MB
[runlim] sample:		1379.96 time, 1380.02 real, 643 MB
[runlim] sample:		1389.96 time, 1390.02 real, 646 MB
[runlim] sample:		1399.96 time, 1400.02 real, 649 MB
[runlim] sample:		1409.96 time, 1410.02 real, 651 MB
[runlim] sample:		1419.96 time, 1420.02 real, 653 MB
[runlim] sample:		1429.96 time, 1430.02 real, 655 MB
[runlim] sample:		1439.96 time, 1440.02 real, 657 MB
[runlim] sample:		1449.96 time, 1450.02 real, 658 MB
[runlim] sample:		1459.95 time, 1460.02 real, 660 MB
[runlim] sample:		1469.96 time, 1470.02 real, 666 MB
[runlim] sample:		1479.96 time, 1480.02 real, 759 MB
[runlim] sample:		1489.96 time, 1490.02 real, 759 MB
[runlim] sample:		1499.96 time, 1500.02 real, 759 MB
[runlim] sample:		1509.96 time, 1510.02 real, 759 MB
[runlim] sample:		1519.96 time, 1520.02 real, 759 MB
[runlim] sample:		1529.96 time, 1530.02 real, 759 MB
[runlim] sample:		1539.96 time, 1540.02 real, 759 MB
[runlim] sample:		1549.96 time, 1550.02 real, 759 MB
[runlim] sample:		1559.96 time, 1560.02 real, 759 MB
[runlim] sample:		1569.96 time, 1570.02 real, 759 MB
[runlim] sample:		1579.96 time, 1580.02 real, 759 MB
[runlim] sample:		1589.96 time, 1590.02 real, 759 MB
[runlim] sample:		1599.96 time, 1600.02 real, 759 MB
[runlim] sample:		1609.96 time, 1610.02 real, 759 MB
[runlim] sample:		1619.95 time, 1620.02 real, 759 MB
[runlim] sample:		1629.95 time, 1630.02 real, 759 MB
[runlim] sample:		1639.96 time, 1640.02 real, 759 MB
[runlim] sample:		1649.96 time, 1650.02 real, 759 MB
[runlim] sample:		1659.96 time, 1660.02 real, 759 MB
[runlim] sample:		1669.96 time, 1670.02 real, 759 MB
[runlim] sample:		1679.96 time, 1680.02 real, 759 MB
[runlim] sample:		1689.96 time, 1690.02 real, 759 MB
[runlim] sample:		1699.95 time, 1700.02 real, 759 MB
[runlim] sample:		1709.95 time, 1710.02 real, 759 MB
[runlim] sample:		1719.95 time, 1720.02 real, 759 MB
[runlim] sample:		1729.96 time, 1730.02 real, 761 MB
[runlim] sample:		1739.96 time, 1740.02 real, 763 MB
[runlim] sample:		1749.96 time, 1750.02 real, 764 MB
[runlim] sample:		1759.95 time, 1760.02 real, 766 MB
[runlim] sample:		1769.95 time, 1770.02 real, 768 MB
[runlim] sample:		1779.95 time, 1780.02 real, 770 MB
[runlim] sample:		1789.96 time, 1790.02 real, 772 MB
[runlim] sample:		1799.95 time, 1800.02 real, 773 MB
[runlim] sample:		1809.95 time, 1810.02 real, 775 MB
[runlim] sample:		1819.95 time, 1820.02 real, 777 MB
[runlim] sample:		1829.95 time, 1830.02 real, 779 MB
[runlim] sample:		1839.95 time, 1840.02 real, 780 MB
[runlim] sample:		1849.95 time, 1850.02 real, 781 MB
[runlim] sample:		1859.95 time, 1860.02 real, 783 MB
[runlim] sample:		1869.95 time, 1870.02 real, 784 MB
[runlim] sample:		1879.96 time, 1880.02 real, 786 MB
[runlim] sample:		1889.95 time, 1890.02 real, 787 MB
[runlim] sample:		1899.95 time, 1900.02 real, 788 MB
[runlim] sample:		1909.96 time, 1910.02 real, 790 MB
[runlim] sample:		1919.96 time, 1920.02 real, 791 MB
[runlim] sample:		1929.95 time, 1930.02 real, 793 MB
[runlim] sample:		1939.95 time, 1940.02 real, 794 MB
[runlim] sample:		1949.95 time, 1950.02 real, 795 MB
[runlim] sample:		1959.95 time, 1960.02 real, 796 MB
[runlim] sample:		1969.95 time, 1970.02 real, 798 MB
[runlim] sample:		1979.95 time, 1980.02 real, 799 MB
[runlim] sample:		1989.95 time, 1990.02 real, 800 MB
[runlim] sample:		1999.95 time, 2000.02 real, 801 MB
[runlim] sample:		2009.96 time, 2010.02 real, 814 MB
[runlim] sample:		2019.96 time, 2020.02 real, 814 MB
[runlim] sample:		2029.95 time, 2030.02 real, 814 MB
[runlim] sample:		2039.95 time, 2040.02 real, 814 MB
[runlim] sample:		2049.95 time, 2050.02 real, 814 MB
[runlim] sample:		2059.95 time, 2060.02 real, 814 MB
[runlim] sample:		2069.95 time, 2070.02 real, 816 MB
[runlim] sample:		2079.95 time, 2080.02 real, 817 MB
[runlim] sample:		2089.95 time, 2090.02 real, 818 MB
[runlim] sample:		2099.95 time, 2100.02 real, 819 MB
[runlim] sample:		2109.95 time, 2110.02 real, 820 MB
[runlim] sample:		2119.95 time, 2120.02 real, 821 MB
[runlim] sample:		2129.95 time, 2130.02 real, 822 MB
[runlim] sample:		2139.95 time, 2140.02 real, 823 MB
[runlim] sample:		2149.95 time, 2150.02 real, 824 MB
[runlim] sample:		2159.95 time, 2160.02 real, 825 MB
[runlim] sample:		2169.95 time, 2170.02 real, 827 MB
[runlim] sample:		2179.95 time, 2180.02 real, 828 MB
[runlim] sample:		2189.95 time, 2190.02 real, 829 MB
[runlim] sample:		2199.95 time, 2200.02 real, 830 MB
[runlim] sample:		2209.95 time, 2210.02 real, 831 MB
[runlim] sample:		2219.95 time, 2220.02 real, 832 MB
[runlim] sample:		2229.95 time, 2230.02 real, 833 MB
[runlim] sample:		2239.95 time, 2240.02 real, 834 MB
[runlim] sample:		2249.94 time, 2250.02 real, 835 MB
[runlim] sample:		2259.94 time, 2260.02 real, 836 MB
[runlim] sample:		2269.94 time, 2270.02 real, 837 MB
[runlim] sample:		2279.94 time, 2280.02 real, 838 MB
[runlim] sample:		2289.94 time, 2290.02 real, 839 MB
[runlim] sample:		2299.95 time, 2300.02 real, 969 MB
[runlim] sample:		2309.94 time, 2310.02 real, 969 MB
[runlim] sample:		2319.94 time, 2320.02 real, 969 MB
[runlim] sample:		2329.95 time, 2330.02 real, 969 MB
[runlim] sample:		2339.95 time, 2340.02 real, 969 MB
[runlim] sample:		2349.94 time, 2350.02 real, 969 MB
[runlim] sample:		2359.94 time, 2360.02 real, 969 MB
[runlim] sample:		2369.94 time, 2370.02 real, 969 MB
[runlim] sample:		2379.95 time, 2380.02 real, 969 MB
[runlim] sample:		2389.95 time, 2390.02 real, 969 MB
[runlim] sample:		2399.94 time, 2400.02 real, 969 MB
[runlim] sample:		2409.95 time, 2410.02 real, 969 MB
[runlim] sample:		2419.95 time, 2420.02 real, 969 MB
[runlim] sample:		2429.95 time, 2430.02 real, 969 MB
[runlim] sample:		2439.95 time, 2440.02 real, 969 MB
[runlim] sample:		2449.95 time, 2450.02 real, 969 MB
[runlim] sample:		2459.95 time, 2460.02 real, 969 MB
[runlim] sample:		2469.94 time, 2470.02 real, 969 MB
[runlim] sample:		2479.94 time, 2480.02 real, 969 MB
[runlim] sample:		2489.95 time, 2490.02 real, 969 MB
[runlim] sample:		2499.94 time, 2500.02 real, 969 MB
[runlim] sample:		2509.94 time, 2510.02 real, 969 MB
[runlim] sample:		2519.94 time, 2520.02 real, 969 MB
[runlim] sample:		2529.95 time, 2530.02 real, 969 MB
[runlim] sample:		2539.95 time, 2540.02 real, 969 MB
[runlim] sample:		2549.94 time, 2550.02 real, 969 MB
[runlim] sample:		2559.95 time, 2560.02 real, 969 MB
[runlim] sample:		2569.95 time, 2570.02 real, 969 MB
[runlim] sample:		2579.95 time, 2580.02 real, 969 MB
[runlim] sample:		2589.94 time, 2590.02 real, 970 MB
[runlim] sample:		2599.95 time, 2600.02 real, 974 MB
[runlim] sample:		2609.95 time, 2610.02 real, 977 MB
[runlim] sample:		2619.94 time, 2620.02 real, 980 MB
[runlim] sample:		2629.94 time, 2630.02 real, 983 MB
[runlim] sample:		2639.95 time, 2640.02 real, 985 MB
[runlim] sample:		2649.95 time, 2650.02 real, 988 MB
[runlim] sample:		2659.95 time, 2660.02 real, 990 MB
[runlim] sample:		2669.94 time, 2670.02 real, 993 MB
[runlim] sample:		2679.95 time, 2680.02 real, 994 MB
[runlim] sample:		2689.95 time, 2690.02 real, 996 MB
[runlim] sample:		2699.94 time, 2700.02 real, 997 MB
[runlim] end:			Thu Feb 27 07:03:58 2020
[runlim] status:		out of time
[runlim] result:		2
[runlim] children:		1
[runlim] real:			2700.13 seconds
[runlim] time:			2699.94 seconds
[runlim] space:			997 MB
[runlim] samples:		27000
