[runlim] version:		1.18
[runlim] host:			c3n03
[runlim] time limit:		2700 seconds
[runlim] real time limit:	2700 seconds
[runlim] space limit:		7000 MB
[runlim] argv[0]:		./binary
[runlim] argv[1]:		/data/cnf/ankit/Set1/dungeon_i15-m7-u4-v0.pddl_planlen=81.qdimacs
[runlim] start:			Thu Feb 27 06:18:59 2020
[runlim] child:			7290
[runlim] sample:		10.01 time, 10.02 real, 72 MB
[runlim] sample:		20.01 time, 20.02 real, 151 MB
[runlim] sample:		30.00 time, 30.02 real, 171 MB
[runlim] sample:		40.01 time, 40.02 real, 266 MB
[runlim] sample:		50.01 time, 50.02 real, 333 MB
[runlim] sample:		60.01 time, 60.02 real, 332 MB
[runlim] sample:		70.00 time, 70.02 real, 373 MB
[runlim] sample:		80.01 time, 80.02 real, 404 MB
[runlim] sample:		90.00 time, 90.02 real, 363 MB
[runlim] sample:		100.00 time, 100.02 real, 397 MB
[runlim] sample:		110.00 time, 110.02 real, 351 MB
[runlim] sample:		120.01 time, 120.02 real, 391 MB
[runlim] sample:		130.00 time, 130.02 real, 410 MB
[runlim] sample:		140.00 time, 140.02 real, 356 MB
[runlim] sample:		150.00 time, 150.02 real, 394 MB
[runlim] sample:		160.00 time, 160.02 real, 418 MB
[runlim] sample:		170.00 time, 170.02 real, 350 MB
[runlim] sample:		180.00 time, 180.02 real, 389 MB
[runlim] sample:		190.00 time, 190.02 real, 420 MB
[runlim] sample:		199.99 time, 200.02 real, 340 MB
[runlim] sample:		210.00 time, 210.02 real, 380 MB
[runlim] sample:		220.00 time, 220.02 real, 411 MB
[runlim] sample:		230.01 time, 230.02 real, 325 MB
[runlim] sample:		239.99 time, 240.02 real, 369 MB
[runlim] sample:		250.00 time, 250.02 real, 401 MB
[runlim] sample:		260.00 time, 260.02 real, 422 MB
[runlim] sample:		269.99 time, 270.02 real, 446 MB
[runlim] sample:		279.99 time, 280.02 real, 469 MB
[runlim] sample:		289.99 time, 290.02 real, 372 MB
[runlim] sample:		300.00 time, 300.02 real, 428 MB
[runlim] sample:		310.00 time, 310.02 real, 470 MB
[runlim] sample:		320.00 time, 320.02 real, 498 MB
[runlim] sample:		330.00 time, 330.02 real, 362 MB
[runlim] sample:		339.99 time, 340.02 real, 397 MB
[runlim] sample:		349.99 time, 350.02 real, 421 MB
[runlim] sample:		359.99 time, 360.02 real, 351 MB
[runlim] sample:		369.99 time, 370.02 real, 391 MB
[runlim] sample:		380.00 time, 380.02 real, 430 MB
[runlim] sample:		390.00 time, 390.02 real, 452 MB
[runlim] sample:		399.99 time, 400.02 real, 341 MB
[runlim] sample:		410.00 time, 410.02 real, 392 MB
[runlim] sample:		420.00 time, 420.02 real, 428 MB
[runlim] sample:		430.00 time, 430.02 real, 463 MB
[runlim] sample:		440.00 time, 440.02 real, 324 MB
[runlim] sample:		449.99 time, 450.02 real, 374 MB
[runlim] sample:		459.99 time, 460.02 real, 402 MB
[runlim] sample:		469.99 time, 470.02 real, 427 MB
[runlim] sample:		480.00 time, 480.02 real, 449 MB
[runlim] sample:		490.00 time, 490.02 real, 473 MB
[runlim] sample:		499.99 time, 500.02 real, 367 MB
[runlim] sample:		509.99 time, 510.02 real, 402 MB
[runlim] sample:		520.00 time, 520.02 real, 429 MB
[runlim] sample:		529.99 time, 530.02 real, 449 MB
[runlim] sample:		539.99 time, 540.02 real, 465 MB
[runlim] sample:		549.99 time, 550.02 real, 362 MB
[runlim] sample:		559.99 time, 560.02 real, 400 MB
[runlim] sample:		569.99 time, 570.02 real, 433 MB
[runlim] sample:		579.99 time, 580.02 real, 466 MB
[runlim] sample:		589.99 time, 590.02 real, 492 MB
[runlim] sample:		599.99 time, 600.02 real, 516 MB
[runlim] sample:		609.99 time, 610.02 real, 534 MB
[runlim] sample:		619.99 time, 620.02 real, 553 MB
[runlim] sample:		629.99 time, 630.02 real, 366 MB
[runlim] sample:		639.99 time, 640.02 real, 409 MB
[runlim] sample:		649.99 time, 650.02 real, 442 MB
[runlim] sample:		659.99 time, 660.02 real, 477 MB
[runlim] sample:		669.99 time, 670.02 real, 514 MB
[runlim] sample:		679.99 time, 680.02 real, 548 MB
[runlim] sample:		689.99 time, 690.02 real, 572 MB
[runlim] sample:		699.99 time, 700.02 real, 382 MB
[runlim] sample:		709.98 time, 710.02 real, 425 MB
[runlim] sample:		719.99 time, 720.02 real, 457 MB
[runlim] sample:		729.99 time, 730.02 real, 483 MB
[runlim] sample:		739.99 time, 740.02 real, 339 MB
[runlim] sample:		749.99 time, 750.02 real, 384 MB
[runlim] sample:		759.99 time, 760.02 real, 421 MB
[runlim] sample:		769.99 time, 770.02 real, 448 MB
[runlim] sample:		779.98 time, 780.02 real, 471 MB
[runlim] sample:		789.99 time, 790.02 real, 494 MB
[runlim] sample:		799.98 time, 800.02 real, 368 MB
[runlim] sample:		809.99 time, 810.02 real, 412 MB
[runlim] sample:		819.99 time, 820.02 real, 453 MB
[runlim] sample:		829.98 time, 830.02 real, 487 MB
[runlim] sample:		839.99 time, 840.02 real, 352 MB
[runlim] sample:		849.99 time, 850.02 real, 395 MB
[runlim] sample:		859.98 time, 860.02 real, 424 MB
[runlim] sample:		869.98 time, 870.02 real, 448 MB
[runlim] sample:		879.99 time, 880.02 real, 475 MB
[runlim] sample:		889.99 time, 890.02 real, 339 MB
[runlim] sample:		899.99 time, 900.02 real, 384 MB
[runlim] sample:		909.98 time, 910.02 real, 418 MB
[runlim] sample:		919.98 time, 920.02 real, 445 MB
[runlim] sample:		929.98 time, 930.02 real, 470 MB
[runlim] sample:		939.98 time, 940.02 real, 490 MB
[runlim] sample:		949.99 time, 950.02 real, 514 MB
[runlim] sample:		959.99 time, 960.02 real, 365 MB
[runlim] sample:		969.98 time, 970.02 real, 425 MB
[runlim] sample:		979.98 time, 980.02 real, 483 MB
[runlim] sample:		989.98 time, 990.02 real, 531 MB
[runlim] sample:		999.99 time, 1000.02 real, 579 MB
[runlim] sample:		1009.98 time, 1010.02 real, 609 MB
[runlim] sample:		1019.98 time, 1020.02 real, 628 MB
[runlim] sample:		1029.98 time, 1030.02 real, 366 MB
[runlim] sample:		1039.98 time, 1040.02 real, 404 MB
[runlim] sample:		1049.98 time, 1050.02 real, 436 MB
[runlim] sample:		1059.98 time, 1060.02 real, 472 MB
[runlim] sample:		1069.98 time, 1070.02 real, 492 MB
[runlim] sample:		1079.98 time, 1080.02 real, 354 MB
[runlim] sample:		1089.98 time, 1090.02 real, 399 MB
[runlim] sample:		1099.98 time, 1100.02 real, 430 MB
[runlim] sample:		1109.98 time, 1110.02 real, 457 MB
[runlim] sample:		1119.98 time, 1120.02 real, 493 MB
[runlim] sample:		1129.98 time, 1130.02 real, 515 MB
[runlim] sample:		1139.98 time, 1140.02 real, 540 MB
[runlim] sample:		1149.98 time, 1150.02 real, 373 MB
[runlim] sample:		1159.98 time, 1160.02 real, 411 MB
[runlim] sample:		1169.98 time, 1170.02 real, 451 MB
[runlim] sample:		1179.98 time, 1180.02 real, 472 MB
[runlim] sample:		1189.98 time, 1190.02 real, 494 MB
[runlim] sample:		1199.98 time, 1200.02 real, 510 MB
[runlim] sample:		1209.98 time, 1210.02 real, 337 MB
[runlim] sample:		1219.98 time, 1220.02 real, 386 MB
[runlim] sample:		1229.98 time, 1230.02 real, 427 MB
[runlim] sample:		1239.98 time, 1240.02 real, 456 MB
[runlim] sample:		1249.98 time, 1250.02 real, 479 MB
[runlim] sample:		1259.98 time, 1260.02 real, 495 MB
[runlim] sample:		1269.98 time, 1270.02 real, 517 MB
[runlim] sample:		1279.97 time, 1280.02 real, 393 MB
[runlim] sample:		1289.98 time, 1290.02 real, 434 MB
[runlim] sample:		1299.98 time, 1300.02 real, 465 MB
[runlim] sample:		1309.98 time, 1310.02 real, 498 MB
[runlim] sample:		1319.98 time, 1320.02 real, 531 MB
[runlim] sample:		1329.98 time, 1330.02 real, 559 MB
[runlim] sample:		1339.97 time, 1340.02 real, 580 MB
[runlim] sample:		1349.98 time, 1350.02 real, 357 MB
[runlim] sample:		1359.98 time, 1360.02 real, 409 MB
[runlim] sample:		1369.98 time, 1370.02 real, 439 MB
[runlim] sample:		1379.97 time, 1380.02 real, 471 MB
[runlim] sample:		1389.97 time, 1390.02 real, 496 MB
[runlim] sample:		1399.98 time, 1400.02 real, 526 MB
[runlim] sample:		1409.98 time, 1410.02 real, 549 MB
[runlim] sample:		1419.98 time, 1420.02 real, 567 MB
[runlim] sample:		1429.98 time, 1430.02 real, 592 MB
[runlim] sample:		1439.98 time, 1440.02 real, 618 MB
[runlim] sample:		1449.97 time, 1450.02 real, 650 MB
[runlim] sample:		1459.97 time, 1460.02 real, 387 MB
[runlim] sample:		1469.98 time, 1470.02 real, 457 MB
[runlim] sample:		1479.98 time, 1480.02 real, 493 MB
[runlim] sample:		1489.98 time, 1490.02 real, 525 MB
[runlim] sample:		1499.98 time, 1500.02 real, 558 MB
[runlim] sample:		1509.97 time, 1510.02 real, 580 MB
[runlim] sample:		1519.97 time, 1520.02 real, 609 MB
[runlim] sample:		1529.98 time, 1530.02 real, 623 MB
[runlim] sample:		1539.98 time, 1540.02 real, 640 MB
[runlim] sample:		1549.98 time, 1550.02 real, 658 MB
[runlim] sample:		1559.97 time, 1560.02 real, 675 MB
[runlim] sample:		1569.98 time, 1570.02 real, 356 MB
[runlim] sample:		1579.98 time, 1580.02 real, 435 MB
[runlim] sample:		1589.98 time, 1590.02 real, 493 MB
[runlim] sample:		1599.97 time, 1600.02 real, 534 MB
[runlim] sample:		1609.98 time, 1610.02 real, 561 MB
[runlim] sample:		1619.97 time, 1620.02 real, 583 MB
[runlim] sample:		1629.97 time, 1630.02 real, 364 MB
[runlim] sample:		1639.98 time, 1640.02 real, 402 MB
[runlim] sample:		1649.97 time, 1650.02 real, 436 MB
[runlim] sample:		1659.97 time, 1660.02 real, 464 MB
[runlim] sample:		1669.97 time, 1670.02 real, 488 MB
[runlim] sample:		1679.97 time, 1680.02 real, 505 MB
[runlim] sample:		1689.98 time, 1690.02 real, 525 MB
[runlim] sample:		1699.97 time, 1700.02 real, 553 MB
[runlim] sample:		1709.97 time, 1710.02 real, 378 MB
[runlim] sample:		1719.97 time, 1720.02 real, 420 MB
[runlim] sample:		1729.98 time, 1730.02 real, 452 MB
[runlim] sample:		1739.97 time, 1740.02 real, 479 MB
[runlim] sample:		1749.97 time, 1750.02 real, 510 MB
[runlim] sample:		1759.97 time, 1760.02 real, 533 MB
[runlim] sample:		1769.97 time, 1770.02 real, 552 MB
[runlim] sample:		1779.97 time, 1780.02 real, 569 MB
[runlim] sample:		1789.97 time, 1790.02 real, 340 MB
[runlim] sample:		1799.97 time, 1800.02 real, 388 MB
[runlim] sample:		1809.97 time, 1810.02 real, 421 MB
[runlim] sample:		1819.97 time, 1820.02 real, 449 MB
[runlim] sample:		1829.97 time, 1830.02 real, 479 MB
[runlim] sample:		1839.97 time, 1840.02 real, 500 MB
[runlim] sample:		1849.97 time, 1850.02 real, 523 MB
[runlim] sample:		1859.97 time, 1860.02 real, 538 MB
[runlim] sample:		1869.97 time, 1870.02 real, 363 MB
[runlim] sample:		1879.97 time, 1880.02 real, 404 MB
[runlim] sample:		1889.97 time, 1890.02 real, 433 MB
[runlim] sample:		1899.97 time, 1900.02 real, 460 MB
[runlim] sample:		1909.97 time, 1910.02 real, 491 MB
[runlim] sample:		1919.97 time, 1920.02 real, 514 MB
[runlim] sample:		1929.97 time, 1930.02 real, 535 MB
[runlim] sample:		1939.97 time, 1940.02 real, 555 MB
[runlim] sample:		1949.96 time, 1950.02 real, 577 MB
[runlim] sample:		1959.97 time, 1960.02 real, 356 MB
[runlim] sample:		1969.97 time, 1970.02 real, 412 MB
[runlim] sample:		1979.97 time, 1980.02 real, 453 MB
[runlim] sample:		1989.97 time, 1990.02 real, 487 MB
[runlim] sample:		1999.97 time, 2000.02 real, 514 MB
[runlim] sample:		2009.96 time, 2010.02 real, 537 MB
[runlim] sample:		2019.97 time, 2020.02 real, 562 MB
[runlim] sample:		2029.97 time, 2030.02 real, 347 MB
[runlim] sample:		2039.97 time, 2040.02 real, 410 MB
[runlim] sample:		2049.97 time, 2050.02 real, 442 MB
[runlim] sample:		2059.97 time, 2060.02 real, 467 MB
[runlim] sample:		2069.96 time, 2070.02 real, 486 MB
[runlim] sample:		2079.97 time, 2080.02 real, 504 MB
[runlim] sample:		2089.97 time, 2090.02 real, 524 MB
[runlim] sample:		2099.96 time, 2100.02 real, 541 MB
[runlim] sample:		2109.96 time, 2110.02 real, 363 MB
[runlim] sample:		2119.97 time, 2120.02 real, 418 MB
[runlim] sample:		2129.97 time, 2130.02 real, 455 MB
[runlim] sample:		2139.96 time, 2140.02 real, 483 MB
[runlim] sample:		2149.96 time, 2150.02 real, 509 MB
[runlim] sample:		2159.97 time, 2160.02 real, 528 MB
[runlim] sample:		2169.96 time, 2170.02 real, 554 MB
[runlim] sample:		2179.97 time, 2180.02 real, 348 MB
[runlim] sample:		2189.97 time, 2190.02 real, 397 MB
[runlim] sample:		2199.97 time, 2200.02 real, 449 MB
[runlim] sample:		2209.97 time, 2210.02 real, 477 MB
[runlim] sample:		2219.96 time, 2220.02 real, 502 MB
[runlim] sample:		2229.96 time, 2230.02 real, 527 MB
[runlim] sample:		2239.96 time, 2240.02 real, 550 MB
[runlim] sample:		2249.96 time, 2250.02 real, 571 MB
[runlim] sample:		2259.96 time, 2260.02 real, 587 MB
[runlim] sample:		2269.97 time, 2270.02 real, 394 MB
[runlim] sample:		2279.96 time, 2280.02 real, 427 MB
[runlim] sample:		2289.96 time, 2290.02 real, 451 MB
[runlim] sample:		2299.96 time, 2300.02 real, 474 MB
[runlim] sample:		2309.97 time, 2310.02 real, 495 MB
[runlim] sample:		2319.96 time, 2320.02 real, 518 MB
[runlim] sample:		2329.96 time, 2330.02 real, 550 MB
[runlim] sample:		2339.96 time, 2340.02 real, 583 MB
[runlim] sample:		2349.96 time, 2350.02 real, 611 MB
[runlim] sample:		2359.96 time, 2360.02 real, 638 MB
[runlim] sample:		2369.96 time, 2370.02 real, 659 MB
[runlim] sample:		2379.96 time, 2380.02 real, 396 MB
[runlim] sample:		2389.96 time, 2390.02 real, 432 MB
[runlim] sample:		2399.96 time, 2400.02 real, 477 MB
[runlim] sample:		2409.96 time, 2410.02 real, 499 MB
[runlim] sample:		2419.96 time, 2420.02 real, 521 MB
[runlim] sample:		2429.96 time, 2430.02 real, 543 MB
[runlim] sample:		2439.96 time, 2440.02 real, 564 MB
[runlim] sample:		2449.96 time, 2450.02 real, 580 MB
[runlim] sample:		2459.96 time, 2460.02 real, 595 MB
[runlim] sample:		2469.95 time, 2470.02 real, 611 MB
[runlim] sample:		2479.96 time, 2480.02 real, 627 MB
[runlim] sample:		2489.95 time, 2490.02 real, 377 MB
[runlim] sample:		2499.96 time, 2500.02 real, 418 MB
[runlim] sample:		2509.96 time, 2510.02 real, 453 MB
[runlim] sample:		2519.96 time, 2520.02 real, 485 MB
[runlim] sample:		2529.96 time, 2530.02 real, 507 MB
[runlim] sample:		2539.96 time, 2540.02 real, 529 MB
[runlim] sample:		2549.96 time, 2550.02 real, 549 MB
[runlim] sample:		2559.96 time, 2560.02 real, 568 MB
[runlim] sample:		2569.95 time, 2570.02 real, 582 MB
[runlim] sample:		2579.96 time, 2580.02 real, 380 MB
[runlim] sample:		2589.96 time, 2590.02 real, 421 MB
[runlim] sample:		2599.95 time, 2600.02 real, 465 MB
[runlim] sample:		2609.95 time, 2610.02 real, 498 MB
[runlim] sample:		2619.95 time, 2620.02 real, 518 MB
[runlim] sample:		2629.96 time, 2630.02 real, 536 MB
[runlim] sample:		2639.95 time, 2640.02 real, 552 MB
[runlim] sample:		2649.96 time, 2650.02 real, 567 MB
[runlim] sample:		2659.96 time, 2660.02 real, 588 MB
[runlim] sample:		2669.95 time, 2670.02 real, 380 MB
[runlim] sample:		2679.96 time, 2680.02 real, 422 MB
[runlim] sample:		2689.96 time, 2690.02 real, 472 MB
[runlim] sample:		2699.96 time, 2700.02 real, 499 MB
[runlim] end:			Thu Feb 27 07:03:59 2020
[runlim] status:		out of time
[runlim] result:		2
[runlim] children:		1
[runlim] real:			2700.13 seconds
[runlim] time:			2699.96 seconds
[runlim] space:			695 MB
[runlim] samples:		27000
