[runlim] version:		1.18
[runlim] host:			c3n07
[runlim] time limit:		2700 seconds
[runlim] real time limit:	2700 seconds
[runlim] space limit:		7000 MB
[runlim] argv[0]:		./binary
[runlim] argv[1]:		/data/cnf/ankit/Set1/hex_hein_4x4_07.qdimacs
[runlim] start:			Thu Feb 27 06:20:39 2020
[runlim] child:			8081
[runlim] sample:		10.01 time, 10.02 real, 81 MB
[runlim] sample:		20.00 time, 20.02 real, 106 MB
[runlim] sample:		30.01 time, 30.02 real, 106 MB
[runlim] sample:		40.01 time, 40.02 real, 154 MB
[runlim] sample:		50.00 time, 50.02 real, 157 MB
[runlim] sample:		60.00 time, 60.02 real, 157 MB
[runlim] sample:		70.00 time, 70.02 real, 160 MB
[runlim] sample:		80.01 time, 80.02 real, 162 MB
[runlim] sample:		90.01 time, 90.02 real, 162 MB
[runlim] sample:		100.00 time, 100.02 real, 164 MB
[runlim] sample:		110.00 time, 110.02 real, 165 MB
[runlim] sample:		120.00 time, 120.02 real, 252 MB
[runlim] sample:		130.00 time, 130.02 real, 252 MB
[runlim] sample:		140.00 time, 140.02 real, 252 MB
[runlim] sample:		150.00 time, 150.02 real, 252 MB
[runlim] sample:		160.00 time, 160.02 real, 252 MB
[runlim] sample:		170.00 time, 170.02 real, 252 MB
[runlim] sample:		180.00 time, 180.02 real, 252 MB
[runlim] sample:		190.00 time, 190.02 real, 252 MB
[runlim] sample:		200.00 time, 200.02 real, 253 MB
[runlim] sample:		210.00 time, 210.02 real, 257 MB
[runlim] sample:		220.01 time, 220.02 real, 261 MB
[runlim] sample:		230.00 time, 230.02 real, 265 MB
[runlim] sample:		240.00 time, 240.02 real, 268 MB
[runlim] sample:		250.00 time, 250.02 real, 272 MB
[runlim] sample:		260.00 time, 260.02 real, 275 MB
[runlim] sample:		270.00 time, 270.02 real, 278 MB
[runlim] sample:		280.00 time, 280.02 real, 281 MB
[runlim] sample:		290.00 time, 290.02 real, 283 MB
[runlim] sample:		300.00 time, 300.02 real, 285 MB
[runlim] sample:		310.00 time, 310.02 real, 285 MB
[runlim] sample:		320.00 time, 320.02 real, 285 MB
[runlim] sample:		330.00 time, 330.02 real, 285 MB
[runlim] sample:		340.00 time, 340.02 real, 285 MB
[runlim] sample:		350.00 time, 350.02 real, 285 MB
[runlim] sample:		360.00 time, 360.02 real, 285 MB
[runlim] sample:		370.00 time, 370.02 real, 285 MB
[runlim] sample:		380.00 time, 380.02 real, 286 MB
[runlim] sample:		390.00 time, 390.02 real, 287 MB
[runlim] sample:		400.00 time, 400.02 real, 289 MB
[runlim] sample:		410.00 time, 410.02 real, 291 MB
[runlim] sample:		420.00 time, 420.02 real, 293 MB
[runlim] sample:		430.00 time, 430.02 real, 295 MB
[runlim] sample:		440.00 time, 440.02 real, 298 MB
[runlim] sample:		450.00 time, 450.02 real, 300 MB
[runlim] sample:		459.99 time, 460.02 real, 301 MB
[runlim] sample:		469.99 time, 470.02 real, 303 MB
[runlim] sample:		480.00 time, 480.02 real, 305 MB
[runlim] sample:		489.99 time, 490.02 real, 311 MB
[runlim] sample:		499.99 time, 500.02 real, 311 MB
[runlim] sample:		509.99 time, 510.02 real, 311 MB
[runlim] sample:		519.99 time, 520.02 real, 311 MB
[runlim] sample:		529.99 time, 530.02 real, 311 MB
[runlim] sample:		539.99 time, 540.02 real, 311 MB
[runlim] sample:		549.99 time, 550.02 real, 311 MB
[runlim] sample:		559.99 time, 560.02 real, 311 MB
[runlim] sample:		569.99 time, 570.02 real, 311 MB
[runlim] sample:		579.99 time, 580.02 real, 312 MB
[runlim] sample:		590.00 time, 590.02 real, 313 MB
[runlim] sample:		600.00 time, 600.02 real, 314 MB
[runlim] sample:		610.00 time, 610.02 real, 469 MB
[runlim] sample:		620.00 time, 620.02 real, 441 MB
[runlim] sample:		630.00 time, 630.02 real, 441 MB
[runlim] sample:		640.00 time, 640.02 real, 441 MB
[runlim] sample:		650.00 time, 650.02 real, 441 MB
[runlim] sample:		660.00 time, 660.02 real, 441 MB
[runlim] sample:		670.00 time, 670.02 real, 441 MB
[runlim] sample:		680.00 time, 680.02 real, 441 MB
[runlim] sample:		690.00 time, 690.02 real, 441 MB
[runlim] sample:		700.00 time, 700.02 real, 441 MB
[runlim] sample:		710.00 time, 710.02 real, 441 MB
[runlim] sample:		720.00 time, 720.02 real, 441 MB
[runlim] sample:		730.00 time, 730.02 real, 441 MB
[runlim] sample:		740.00 time, 740.02 real, 441 MB
[runlim] sample:		750.00 time, 750.02 real, 441 MB
[runlim] sample:		760.00 time, 760.02 real, 441 MB
[runlim] sample:		770.00 time, 770.02 real, 441 MB
[runlim] sample:		780.00 time, 780.02 real, 441 MB
[runlim] sample:		790.00 time, 790.02 real, 441 MB
[runlim] sample:		800.00 time, 800.02 real, 441 MB
[runlim] sample:		810.00 time, 810.02 real, 441 MB
[runlim] sample:		820.00 time, 820.02 real, 441 MB
[runlim] sample:		830.00 time, 830.02 real, 441 MB
[runlim] sample:		840.00 time, 840.02 real, 441 MB
[runlim] sample:		850.00 time, 850.02 real, 441 MB
[runlim] sample:		860.00 time, 860.02 real, 441 MB
[runlim] sample:		870.00 time, 870.02 real, 441 MB
[runlim] sample:		880.00 time, 880.02 real, 441 MB
[runlim] sample:		890.00 time, 890.02 real, 441 MB
[runlim] sample:		900.00 time, 900.02 real, 443 MB
[runlim] sample:		910.00 time, 910.02 real, 445 MB
[runlim] sample:		919.99 time, 920.02 real, 447 MB
[runlim] sample:		930.00 time, 930.02 real, 449 MB
[runlim] sample:		939.99 time, 940.02 real, 451 MB
[runlim] sample:		949.99 time, 950.02 real, 453 MB
[runlim] sample:		959.99 time, 960.02 real, 455 MB
[runlim] sample:		970.00 time, 970.02 real, 457 MB
[runlim] sample:		980.00 time, 980.02 real, 459 MB
[runlim] sample:		990.00 time, 990.02 real, 460 MB
[runlim] sample:		999.99 time, 1000.02 real, 462 MB
[runlim] sample:		1009.99 time, 1010.02 real, 464 MB
[runlim] sample:		1019.99 time, 1020.02 real, 465 MB
[runlim] sample:		1029.99 time, 1030.02 real, 467 MB
[runlim] sample:		1039.99 time, 1040.02 real, 468 MB
[runlim] sample:		1049.99 time, 1050.02 real, 470 MB
[runlim] sample:		1059.99 time, 1060.02 real, 473 MB
[runlim] sample:		1069.99 time, 1070.02 real, 474 MB
[runlim] sample:		1080.00 time, 1080.02 real, 476 MB
[runlim] sample:		1090.00 time, 1090.02 real, 478 MB
[runlim] sample:		1099.99 time, 1100.02 real, 480 MB
[runlim] sample:		1110.00 time, 1110.02 real, 481 MB
[runlim] sample:		1119.99 time, 1120.02 real, 483 MB
[runlim] sample:		1129.99 time, 1130.02 real, 485 MB
[runlim] sample:		1140.00 time, 1140.02 real, 486 MB
[runlim] sample:		1149.99 time, 1150.02 real, 488 MB
[runlim] sample:		1159.99 time, 1160.02 real, 490 MB
[runlim] sample:		1169.99 time, 1170.02 real, 491 MB
[runlim] sample:		1180.00 time, 1180.02 real, 492 MB
[runlim] sample:		1189.99 time, 1190.02 real, 494 MB
[runlim] sample:		1199.99 time, 1200.02 real, 495 MB
[runlim] sample:		1210.00 time, 1210.02 real, 497 MB
[runlim] sample:		1219.99 time, 1220.02 real, 499 MB
[runlim] sample:		1229.99 time, 1230.02 real, 500 MB
[runlim] sample:		1239.99 time, 1240.02 real, 502 MB
[runlim] sample:		1249.99 time, 1250.02 real, 503 MB
[runlim] sample:		1259.99 time, 1260.02 real, 505 MB
[runlim] sample:		1269.99 time, 1270.02 real, 507 MB
[runlim] sample:		1279.99 time, 1280.02 real, 508 MB
[runlim] sample:		1289.99 time, 1290.02 real, 509 MB
[runlim] sample:		1299.99 time, 1300.02 real, 511 MB
[runlim] sample:		1309.99 time, 1310.02 real, 512 MB
[runlim] sample:		1319.99 time, 1320.02 real, 513 MB
[runlim] sample:		1329.99 time, 1330.02 real, 514 MB
[runlim] sample:		1339.99 time, 1340.02 real, 516 MB
[runlim] sample:		1349.99 time, 1350.02 real, 517 MB
[runlim] sample:		1359.99 time, 1360.02 real, 518 MB
[runlim] sample:		1369.99 time, 1370.02 real, 520 MB
[runlim] sample:		1379.99 time, 1380.02 real, 521 MB
[runlim] sample:		1389.98 time, 1390.02 real, 522 MB
[runlim] sample:		1399.98 time, 1400.02 real, 523 MB
[runlim] sample:		1409.98 time, 1410.02 real, 523 MB
[runlim] sample:		1419.98 time, 1420.02 real, 523 MB
[runlim] sample:		1429.98 time, 1430.02 real, 523 MB
[runlim] sample:		1439.98 time, 1440.02 real, 523 MB
[runlim] sample:		1449.98 time, 1450.02 real, 523 MB
[runlim] sample:		1459.98 time, 1460.02 real, 523 MB
[runlim] sample:		1469.98 time, 1470.02 real, 523 MB
[runlim] sample:		1479.98 time, 1480.02 real, 523 MB
[runlim] sample:		1489.98 time, 1490.02 real, 523 MB
[runlim] sample:		1499.98 time, 1500.02 real, 523 MB
[runlim] sample:		1509.98 time, 1510.02 real, 523 MB
[runlim] sample:		1519.98 time, 1520.02 real, 523 MB
[runlim] sample:		1529.98 time, 1530.02 real, 523 MB
[runlim] sample:		1539.98 time, 1540.02 real, 523 MB
[runlim] sample:		1549.98 time, 1550.02 real, 523 MB
[runlim] sample:		1559.98 time, 1560.02 real, 523 MB
[runlim] sample:		1569.98 time, 1570.02 real, 523 MB
[runlim] sample:		1579.98 time, 1580.02 real, 523 MB
[runlim] sample:		1589.98 time, 1590.02 real, 523 MB
[runlim] sample:		1599.98 time, 1600.02 real, 523 MB
[runlim] sample:		1609.98 time, 1610.02 real, 523 MB
[runlim] sample:		1619.98 time, 1620.02 real, 523 MB
[runlim] sample:		1629.98 time, 1630.02 real, 523 MB
[runlim] sample:		1639.98 time, 1640.02 real, 523 MB
[runlim] sample:		1649.98 time, 1650.02 real, 523 MB
[runlim] sample:		1659.98 time, 1660.02 real, 523 MB
[runlim] sample:		1669.98 time, 1670.02 real, 523 MB
[runlim] sample:		1679.98 time, 1680.02 real, 523 MB
[runlim] sample:		1689.98 time, 1690.02 real, 523 MB
[runlim] sample:		1699.98 time, 1700.02 real, 523 MB
[runlim] sample:		1709.98 time, 1710.02 real, 523 MB
[runlim] sample:		1719.98 time, 1720.02 real, 523 MB
[runlim] sample:		1729.98 time, 1730.02 real, 523 MB
[runlim] sample:		1739.98 time, 1740.02 real, 523 MB
[runlim] sample:		1749.98 time, 1750.02 real, 523 MB
[runlim] sample:		1759.98 time, 1760.02 real, 523 MB
[runlim] sample:		1769.98 time, 1770.02 real, 523 MB
[runlim] sample:		1779.98 time, 1780.02 real, 523 MB
[runlim] sample:		1789.98 time, 1790.02 real, 523 MB
[runlim] sample:		1799.99 time, 1800.02 real, 524 MB
[runlim] sample:		1809.99 time, 1810.02 real, 525 MB
[runlim] sample:		1819.99 time, 1820.02 real, 526 MB
[runlim] sample:		1829.99 time, 1830.02 real, 527 MB
[runlim] sample:		1839.99 time, 1840.02 real, 529 MB
[runlim] sample:		1849.99 time, 1850.02 real, 529 MB
[runlim] sample:		1859.99 time, 1860.02 real, 529 MB
[runlim] sample:		1869.99 time, 1870.02 real, 529 MB
[runlim] sample:		1879.99 time, 1880.02 real, 529 MB
[runlim] sample:		1889.99 time, 1890.02 real, 529 MB
[runlim] sample:		1899.99 time, 1900.02 real, 529 MB
[runlim] sample:		1909.99 time, 1910.02 real, 529 MB
[runlim] sample:		1919.99 time, 1920.02 real, 529 MB
[runlim] sample:		1929.99 time, 1930.02 real, 529 MB
[runlim] sample:		1939.99 time, 1940.02 real, 529 MB
[runlim] sample:		1949.99 time, 1950.02 real, 529 MB
[runlim] sample:		1959.99 time, 1960.02 real, 530 MB
[runlim] sample:		1969.99 time, 1970.02 real, 530 MB
[runlim] sample:		1979.99 time, 1980.02 real, 530 MB
[runlim] sample:		1989.99 time, 1990.02 real, 530 MB
[runlim] sample:		1999.99 time, 2000.02 real, 530 MB
[runlim] sample:		2009.99 time, 2010.02 real, 530 MB
[runlim] sample:		2019.99 time, 2020.02 real, 530 MB
[runlim] sample:		2029.99 time, 2030.02 real, 530 MB
[runlim] sample:		2039.99 time, 2040.02 real, 530 MB
[runlim] sample:		2049.99 time, 2050.02 real, 530 MB
[runlim] sample:		2059.99 time, 2060.02 real, 530 MB
[runlim] sample:		2069.99 time, 2070.02 real, 530 MB
[runlim] sample:		2079.99 time, 2080.02 real, 530 MB
[runlim] sample:		2089.99 time, 2090.02 real, 530 MB
[runlim] sample:		2099.99 time, 2100.02 real, 530 MB
[runlim] sample:		2109.99 time, 2110.02 real, 530 MB
[runlim] sample:		2119.99 time, 2120.02 real, 530 MB
[runlim] sample:		2129.98 time, 2130.02 real, 530 MB
[runlim] sample:		2139.98 time, 2140.02 real, 531 MB
[runlim] sample:		2149.98 time, 2150.02 real, 531 MB
[runlim] sample:		2159.98 time, 2160.02 real, 531 MB
[runlim] sample:		2169.98 time, 2170.02 real, 532 MB
[runlim] sample:		2179.98 time, 2180.02 real, 532 MB
[runlim] sample:		2189.98 time, 2190.02 real, 532 MB
[runlim] sample:		2199.98 time, 2200.02 real, 532 MB
[runlim] sample:		2209.98 time, 2210.02 real, 533 MB
[runlim] sample:		2219.98 time, 2220.02 real, 533 MB
[runlim] sample:		2229.98 time, 2230.02 real, 533 MB
[runlim] sample:		2239.98 time, 2240.02 real, 533 MB
[runlim] sample:		2249.98 time, 2250.02 real, 533 MB
[runlim] sample:		2259.98 time, 2260.02 real, 534 MB
[runlim] sample:		2269.98 time, 2270.02 real, 534 MB
[runlim] sample:		2279.98 time, 2280.02 real, 535 MB
[runlim] sample:		2289.98 time, 2290.02 real, 536 MB
[runlim] sample:		2299.98 time, 2300.02 real, 537 MB
[runlim] sample:		2309.98 time, 2310.02 real, 538 MB
[runlim] sample:		2319.98 time, 2320.02 real, 538 MB
[runlim] sample:		2329.98 time, 2330.02 real, 539 MB
[runlim] sample:		2339.98 time, 2340.02 real, 810 MB
[runlim] sample:		2349.98 time, 2350.02 real, 780 MB
[runlim] sample:		2359.98 time, 2360.02 real, 780 MB
[runlim] sample:		2369.98 time, 2370.02 real, 780 MB
[runlim] sample:		2379.98 time, 2380.02 real, 780 MB
[runlim] sample:		2389.98 time, 2390.02 real, 780 MB
[runlim] sample:		2399.98 time, 2400.02 real, 780 MB
[runlim] sample:		2409.98 time, 2410.02 real, 780 MB
[runlim] sample:		2419.98 time, 2420.02 real, 780 MB
[runlim] sample:		2429.98 time, 2430.02 real, 780 MB
[runlim] sample:		2439.98 time, 2440.02 real, 780 MB
[runlim] sample:		2449.98 time, 2450.02 real, 780 MB
[runlim] sample:		2459.98 time, 2460.02 real, 780 MB
[runlim] sample:		2469.98 time, 2470.02 real, 780 MB
[runlim] sample:		2479.98 time, 2480.02 real, 780 MB
[runlim] sample:		2489.98 time, 2490.02 real, 780 MB
[runlim] sample:		2499.98 time, 2500.02 real, 780 MB
[runlim] sample:		2509.98 time, 2510.02 real, 780 MB
[runlim] sample:		2519.98 time, 2520.02 real, 780 MB
[runlim] sample:		2529.98 time, 2530.02 real, 780 MB
[runlim] sample:		2539.98 time, 2540.02 real, 780 MB
[runlim] sample:		2549.98 time, 2550.02 real, 780 MB
[runlim] sample:		2559.98 time, 2560.02 real, 780 MB
[runlim] sample:		2569.98 time, 2570.02 real, 780 MB
[runlim] sample:		2579.98 time, 2580.02 real, 780 MB
[runlim] sample:		2589.98 time, 2590.02 real, 780 MB
[runlim] sample:		2599.98 time, 2600.02 real, 780 MB
[runlim] sample:		2609.98 time, 2610.02 real, 780 MB
[runlim] sample:		2619.98 time, 2620.02 real, 780 MB
[runlim] sample:		2629.98 time, 2630.02 real, 780 MB
[runlim] sample:		2639.98 time, 2640.02 real, 780 MB
[runlim] sample:		2649.98 time, 2650.02 real, 780 MB
[runlim] sample:		2659.98 time, 2660.02 real, 780 MB
[runlim] sample:		2669.98 time, 2670.02 real, 780 MB
[runlim] sample:		2679.98 time, 2680.02 real, 780 MB
[runlim] sample:		2689.98 time, 2690.02 real, 780 MB
[runlim] sample:		2699.98 time, 2700.02 real, 780 MB
[runlim] end:			Thu Feb 27 07:05:39 2020
[runlim] status:		out of time
[runlim] result:		2
[runlim] children:		1
[runlim] real:			2700.12 seconds
[runlim] time:			2699.98 seconds
[runlim] space:			821 MB
[runlim] samples:		27000
