[runlim] version:		1.18
[runlim] host:			c3n08
[runlim] time limit:		2700 seconds
[runlim] real time limit:	2700 seconds
[runlim] space limit:		7000 MB
[runlim] argv[0]:		./binary
[runlim] argv[1]:		/data/cnf/ankit/Set1/s3330_1_70.qdimacs
[runlim] start:			Thu Feb 27 06:20:51 2020
[runlim] child:			8951
[runlim] sample:		10.01 time, 10.02 real, 68 MB
[runlim] sample:		20.00 time, 20.02 real, 70 MB
[runlim] sample:		30.00 time, 30.02 real, 80 MB
[runlim] sample:		40.01 time, 40.02 real, 83 MB
[runlim] sample:		50.00 time, 50.02 real, 103 MB
[runlim] sample:		60.01 time, 60.02 real, 108 MB
[runlim] sample:		70.01 time, 70.02 real, 108 MB
[runlim] sample:		80.01 time, 80.02 real, 114 MB
[runlim] sample:		90.00 time, 90.02 real, 118 MB
[runlim] sample:		100.00 time, 100.02 real, 121 MB
[runlim] sample:		110.00 time, 110.02 real, 124 MB
[runlim] sample:		120.00 time, 120.02 real, 126 MB
[runlim] sample:		130.01 time, 130.02 real, 126 MB
[runlim] sample:		140.00 time, 140.02 real, 126 MB
[runlim] sample:		150.00 time, 150.02 real, 126 MB
[runlim] sample:		160.00 time, 160.02 real, 126 MB
[runlim] sample:		170.00 time, 170.02 real, 126 MB
[runlim] sample:		180.00 time, 180.02 real, 162 MB
[runlim] sample:		190.00 time, 190.02 real, 163 MB
[runlim] sample:		200.00 time, 200.02 real, 165 MB
[runlim] sample:		210.00 time, 210.02 real, 168 MB
[runlim] sample:		220.00 time, 220.02 real, 171 MB
[runlim] sample:		230.00 time, 230.02 real, 174 MB
[runlim] sample:		240.00 time, 240.02 real, 176 MB
[runlim] sample:		250.00 time, 250.02 real, 178 MB
[runlim] sample:		260.00 time, 260.02 real, 181 MB
[runlim] sample:		270.00 time, 270.02 real, 183 MB
[runlim] sample:		280.00 time, 280.02 real, 185 MB
[runlim] sample:		290.00 time, 290.02 real, 187 MB
[runlim] sample:		299.99 time, 300.02 real, 191 MB
[runlim] sample:		309.99 time, 310.02 real, 192 MB
[runlim] sample:		320.00 time, 320.02 real, 194 MB
[runlim] sample:		330.00 time, 330.02 real, 195 MB
[runlim] sample:		340.00 time, 340.02 real, 197 MB
[runlim] sample:		350.00 time, 350.02 real, 199 MB
[runlim] sample:		360.00 time, 360.02 real, 200 MB
[runlim] sample:		370.00 time, 370.02 real, 202 MB
[runlim] sample:		379.99 time, 380.02 real, 204 MB
[runlim] sample:		390.00 time, 390.02 real, 205 MB
[runlim] sample:		400.00 time, 400.02 real, 207 MB
[runlim] sample:		410.00 time, 410.02 real, 208 MB
[runlim] sample:		420.00 time, 420.02 real, 209 MB
[runlim] sample:		430.00 time, 430.02 real, 211 MB
[runlim] sample:		440.00 time, 440.02 real, 212 MB
[runlim] sample:		450.00 time, 450.02 real, 214 MB
[runlim] sample:		460.00 time, 460.02 real, 215 MB
[runlim] sample:		470.00 time, 470.02 real, 216 MB
[runlim] sample:		480.00 time, 480.02 real, 217 MB
[runlim] sample:		490.00 time, 490.02 real, 217 MB
[runlim] sample:		500.00 time, 500.02 real, 217 MB
[runlim] sample:		510.00 time, 510.02 real, 217 MB
[runlim] sample:		520.00 time, 520.02 real, 217 MB
[runlim] sample:		530.00 time, 530.02 real, 217 MB
[runlim] sample:		540.00 time, 540.02 real, 217 MB
[runlim] sample:		550.00 time, 550.02 real, 217 MB
[runlim] sample:		560.00 time, 560.02 real, 217 MB
[runlim] sample:		570.00 time, 570.02 real, 217 MB
[runlim] sample:		580.00 time, 580.02 real, 217 MB
[runlim] sample:		590.00 time, 590.02 real, 217 MB
[runlim] sample:		600.00 time, 600.02 real, 217 MB
[runlim] sample:		610.00 time, 610.02 real, 217 MB
[runlim] sample:		620.00 time, 620.02 real, 217 MB
[runlim] sample:		630.00 time, 630.02 real, 217 MB
[runlim] sample:		640.00 time, 640.02 real, 217 MB
[runlim] sample:		650.00 time, 650.02 real, 217 MB
[runlim] sample:		660.00 time, 660.02 real, 217 MB
[runlim] sample:		670.00 time, 670.02 real, 217 MB
[runlim] sample:		680.00 time, 680.02 real, 217 MB
[runlim] sample:		690.00 time, 690.02 real, 217 MB
[runlim] sample:		700.00 time, 700.02 real, 217 MB
[runlim] sample:		710.00 time, 710.02 real, 217 MB
[runlim] sample:		720.00 time, 720.02 real, 217 MB
[runlim] sample:		730.00 time, 730.02 real, 217 MB
[runlim] sample:		740.00 time, 740.02 real, 217 MB
[runlim] sample:		750.00 time, 750.02 real, 269 MB
[runlim] sample:		759.99 time, 760.02 real, 278 MB
[runlim] sample:		769.99 time, 770.02 real, 278 MB
[runlim] sample:		779.99 time, 780.02 real, 278 MB
[runlim] sample:		789.99 time, 790.02 real, 278 MB
[runlim] sample:		800.00 time, 800.02 real, 278 MB
[runlim] sample:		810.00 time, 810.02 real, 281 MB
[runlim] sample:		820.00 time, 820.02 real, 283 MB
[runlim] sample:		830.00 time, 830.02 real, 285 MB
[runlim] sample:		840.00 time, 840.02 real, 287 MB
[runlim] sample:		850.00 time, 850.02 real, 289 MB
[runlim] sample:		859.99 time, 860.02 real, 291 MB
[runlim] sample:		870.00 time, 870.02 real, 293 MB
[runlim] sample:		880.00 time, 880.02 real, 295 MB
[runlim] sample:		890.00 time, 890.02 real, 297 MB
[runlim] sample:		899.99 time, 900.02 real, 299 MB
[runlim] sample:		910.00 time, 910.02 real, 303 MB
[runlim] sample:		920.00 time, 920.02 real, 304 MB
[runlim] sample:		930.00 time, 930.02 real, 305 MB
[runlim] sample:		940.00 time, 940.02 real, 307 MB
[runlim] sample:		950.00 time, 950.02 real, 308 MB
[runlim] sample:		960.00 time, 960.02 real, 310 MB
[runlim] sample:		970.00 time, 970.02 real, 311 MB
[runlim] sample:		980.00 time, 980.02 real, 313 MB
[runlim] sample:		990.00 time, 990.02 real, 314 MB
[runlim] sample:		1000.00 time, 1000.02 real, 316 MB
[runlim] sample:		1010.00 time, 1010.02 real, 317 MB
[runlim] sample:		1020.00 time, 1020.02 real, 318 MB
[runlim] sample:		1030.00 time, 1030.02 real, 320 MB
[runlim] sample:		1040.00 time, 1040.02 real, 321 MB
[runlim] sample:		1050.00 time, 1050.02 real, 322 MB
[runlim] sample:		1060.00 time, 1060.02 real, 323 MB
[runlim] sample:		1069.99 time, 1070.02 real, 325 MB
[runlim] sample:		1079.99 time, 1080.02 real, 326 MB
[runlim] sample:		1089.99 time, 1090.02 real, 327 MB
[runlim] sample:		1099.99 time, 1100.02 real, 328 MB
[runlim] sample:		1109.99 time, 1110.02 real, 330 MB
[runlim] sample:		1120.00 time, 1120.02 real, 331 MB
[runlim] sample:		1130.00 time, 1130.02 real, 332 MB
[runlim] sample:		1140.00 time, 1140.02 real, 333 MB
[runlim] sample:		1149.99 time, 1150.02 real, 334 MB
[runlim] sample:		1160.00 time, 1160.02 real, 335 MB
[runlim] sample:		1170.00 time, 1170.02 real, 336 MB
[runlim] sample:		1180.00 time, 1180.02 real, 337 MB
[runlim] sample:		1190.00 time, 1190.02 real, 339 MB
[runlim] sample:		1199.99 time, 1200.02 real, 340 MB
[runlim] sample:		1210.00 time, 1210.02 real, 341 MB
[runlim] sample:		1220.00 time, 1220.02 real, 342 MB
[runlim] sample:		1229.99 time, 1230.02 real, 343 MB
[runlim] sample:		1240.00 time, 1240.02 real, 344 MB
[runlim] sample:		1250.00 time, 1250.02 real, 345 MB
[runlim] sample:		1260.00 time, 1260.02 real, 346 MB
[runlim] sample:		1269.99 time, 1270.02 real, 347 MB
[runlim] sample:		1279.99 time, 1280.02 real, 348 MB
[runlim] sample:		1289.99 time, 1290.02 real, 349 MB
[runlim] sample:		1299.99 time, 1300.02 real, 355 MB
[runlim] sample:		1309.99 time, 1310.02 real, 355 MB
[runlim] sample:		1319.99 time, 1320.02 real, 355 MB
[runlim] sample:		1329.99 time, 1330.02 real, 356 MB
[runlim] sample:		1339.99 time, 1340.02 real, 357 MB
[runlim] sample:		1349.99 time, 1350.02 real, 358 MB
[runlim] sample:		1359.99 time, 1360.02 real, 358 MB
[runlim] sample:		1369.99 time, 1370.02 real, 359 MB
[runlim] sample:		1379.99 time, 1380.02 real, 360 MB
[runlim] sample:		1389.99 time, 1390.02 real, 361 MB
[runlim] sample:		1399.99 time, 1400.02 real, 362 MB
[runlim] sample:		1409.99 time, 1410.02 real, 363 MB
[runlim] sample:		1419.99 time, 1420.02 real, 364 MB
[runlim] sample:		1429.99 time, 1430.02 real, 365 MB
[runlim] sample:		1439.99 time, 1440.02 real, 366 MB
[runlim] sample:		1449.99 time, 1450.02 real, 366 MB
[runlim] sample:		1459.99 time, 1460.02 real, 367 MB
[runlim] sample:		1470.00 time, 1470.02 real, 368 MB
[runlim] sample:		1480.00 time, 1480.02 real, 369 MB
[runlim] sample:		1490.00 time, 1490.02 real, 370 MB
[runlim] sample:		1500.00 time, 1500.02 real, 371 MB
[runlim] sample:		1510.00 time, 1510.02 real, 371 MB
[runlim] sample:		1520.00 time, 1520.02 real, 372 MB
[runlim] sample:		1530.00 time, 1530.02 real, 373 MB
[runlim] sample:		1539.99 time, 1540.02 real, 374 MB
[runlim] sample:		1549.99 time, 1550.02 real, 375 MB
[runlim] sample:		1559.99 time, 1560.02 real, 375 MB
[runlim] sample:		1569.99 time, 1570.02 real, 376 MB
[runlim] sample:		1579.99 time, 1580.02 real, 377 MB
[runlim] sample:		1589.99 time, 1590.02 real, 378 MB
[runlim] sample:		1600.00 time, 1600.02 real, 379 MB
[runlim] sample:		1610.00 time, 1610.02 real, 379 MB
[runlim] sample:		1619.99 time, 1620.02 real, 380 MB
[runlim] sample:		1629.99 time, 1630.02 real, 381 MB
[runlim] sample:		1639.99 time, 1640.02 real, 382 MB
[runlim] sample:		1649.99 time, 1650.02 real, 382 MB
[runlim] sample:		1659.99 time, 1660.02 real, 383 MB
[runlim] sample:		1670.00 time, 1670.02 real, 384 MB
[runlim] sample:		1679.99 time, 1680.02 real, 385 MB
[runlim] sample:		1689.99 time, 1690.02 real, 385 MB
[runlim] sample:		1699.99 time, 1700.02 real, 386 MB
[runlim] sample:		1709.99 time, 1710.02 real, 387 MB
[runlim] sample:		1719.99 time, 1720.02 real, 388 MB
[runlim] sample:		1729.99 time, 1730.02 real, 388 MB
[runlim] sample:		1739.99 time, 1740.02 real, 389 MB
[runlim] sample:		1749.99 time, 1750.02 real, 390 MB
[runlim] sample:		1759.99 time, 1760.02 real, 390 MB
[runlim] sample:		1769.99 time, 1770.02 real, 391 MB
[runlim] sample:		1779.99 time, 1780.02 real, 392 MB
[runlim] sample:		1789.99 time, 1790.02 real, 392 MB
[runlim] sample:		1799.99 time, 1800.02 real, 393 MB
[runlim] sample:		1809.99 time, 1810.02 real, 394 MB
[runlim] sample:		1819.99 time, 1820.02 real, 395 MB
[runlim] sample:		1829.99 time, 1830.02 real, 395 MB
[runlim] sample:		1839.99 time, 1840.02 real, 396 MB
[runlim] sample:		1849.99 time, 1850.02 real, 397 MB
[runlim] sample:		1859.99 time, 1860.02 real, 398 MB
[runlim] sample:		1869.99 time, 1870.02 real, 398 MB
[runlim] sample:		1879.99 time, 1880.02 real, 399 MB
[runlim] sample:		1889.99 time, 1890.02 real, 400 MB
[runlim] sample:		1899.99 time, 1900.02 real, 400 MB
[runlim] sample:		1909.99 time, 1910.02 real, 401 MB
[runlim] sample:		1919.99 time, 1920.02 real, 401 MB
[runlim] sample:		1929.99 time, 1930.02 real, 401 MB
[runlim] sample:		1939.99 time, 1940.02 real, 401 MB
[runlim] sample:		1949.99 time, 1950.02 real, 401 MB
[runlim] sample:		1959.99 time, 1960.02 real, 401 MB
[runlim] sample:		1969.99 time, 1970.02 real, 401 MB
[runlim] sample:		1979.99 time, 1980.02 real, 401 MB
[runlim] sample:		1989.99 time, 1990.02 real, 401 MB
[runlim] sample:		1999.99 time, 2000.02 real, 401 MB
[runlim] sample:		2009.99 time, 2010.02 real, 401 MB
[runlim] sample:		2019.99 time, 2020.02 real, 401 MB
[runlim] sample:		2029.99 time, 2030.02 real, 401 MB
[runlim] sample:		2039.99 time, 2040.02 real, 401 MB
[runlim] sample:		2049.99 time, 2050.02 real, 402 MB
[runlim] sample:		2059.99 time, 2060.02 real, 402 MB
[runlim] sample:		2069.99 time, 2070.02 real, 403 MB
[runlim] sample:		2079.99 time, 2080.02 real, 403 MB
[runlim] sample:		2089.99 time, 2090.02 real, 404 MB
[runlim] sample:		2099.99 time, 2100.02 real, 405 MB
[runlim] sample:		2109.99 time, 2110.02 real, 405 MB
[runlim] sample:		2119.99 time, 2120.02 real, 406 MB
[runlim] sample:		2129.99 time, 2130.02 real, 406 MB
[runlim] sample:		2139.99 time, 2140.02 real, 407 MB
[runlim] sample:		2149.99 time, 2150.02 real, 407 MB
[runlim] sample:		2159.99 time, 2160.02 real, 408 MB
[runlim] sample:		2169.99 time, 2170.02 real, 409 MB
[runlim] sample:		2179.99 time, 2180.02 real, 409 MB
[runlim] sample:		2189.99 time, 2190.02 real, 410 MB
[runlim] sample:		2199.99 time, 2200.02 real, 411 MB
[runlim] sample:		2209.99 time, 2210.02 real, 411 MB
[runlim] sample:		2219.99 time, 2220.02 real, 412 MB
[runlim] sample:		2229.99 time, 2230.02 real, 412 MB
[runlim] sample:		2239.98 time, 2240.02 real, 413 MB
[runlim] sample:		2249.99 time, 2250.02 real, 413 MB
[runlim] sample:		2259.99 time, 2260.02 real, 414 MB
[runlim] sample:		2269.99 time, 2270.02 real, 414 MB
[runlim] sample:		2279.99 time, 2280.02 real, 415 MB
[runlim] sample:		2289.99 time, 2290.02 real, 416 MB
[runlim] sample:		2299.99 time, 2300.02 real, 416 MB
[runlim] sample:		2309.98 time, 2310.02 real, 417 MB
[runlim] sample:		2319.99 time, 2320.02 real, 417 MB
[runlim] sample:		2329.99 time, 2330.02 real, 418 MB
[runlim] sample:		2339.99 time, 2340.02 real, 419 MB
[runlim] sample:		2349.99 time, 2350.02 real, 419 MB
[runlim] sample:		2359.99 time, 2360.02 real, 420 MB
[runlim] sample:		2369.98 time, 2370.02 real, 420 MB
[runlim] sample:		2379.98 time, 2380.02 real, 421 MB
[runlim] sample:		2389.98 time, 2390.02 real, 421 MB
[runlim] sample:		2399.98 time, 2400.02 real, 422 MB
[runlim] sample:		2409.98 time, 2410.02 real, 422 MB
[runlim] sample:		2419.98 time, 2420.02 real, 423 MB
[runlim] sample:		2429.98 time, 2430.02 real, 423 MB
[runlim] sample:		2439.98 time, 2440.02 real, 424 MB
[runlim] sample:		2449.98 time, 2450.02 real, 425 MB
[runlim] sample:		2459.99 time, 2460.02 real, 425 MB
[runlim] sample:		2469.99 time, 2470.02 real, 426 MB
[runlim] sample:		2479.99 time, 2480.02 real, 426 MB
[runlim] sample:		2489.98 time, 2490.02 real, 427 MB
[runlim] sample:		2499.98 time, 2500.02 real, 427 MB
[runlim] sample:		2509.98 time, 2510.02 real, 428 MB
[runlim] sample:		2519.98 time, 2520.02 real, 428 MB
[runlim] sample:		2529.98 time, 2530.02 real, 429 MB
[runlim] sample:		2539.98 time, 2540.02 real, 429 MB
[runlim] sample:		2549.98 time, 2550.02 real, 430 MB
[runlim] sample:		2559.99 time, 2560.02 real, 430 MB
[runlim] sample:		2569.99 time, 2570.02 real, 431 MB
[runlim] sample:		2579.99 time, 2580.02 real, 431 MB
[runlim] sample:		2589.99 time, 2590.02 real, 432 MB
[runlim] sample:		2599.99 time, 2600.02 real, 432 MB
[runlim] sample:		2609.99 time, 2610.02 real, 433 MB
[runlim] sample:		2619.98 time, 2620.02 real, 434 MB
[runlim] sample:		2629.98 time, 2630.02 real, 434 MB
[runlim] sample:		2639.98 time, 2640.02 real, 435 MB
[runlim] sample:		2649.98 time, 2650.02 real, 435 MB
[runlim] sample:		2659.98 time, 2660.02 real, 436 MB
[runlim] sample:		2669.98 time, 2670.02 real, 437 MB
[runlim] sample:		2679.98 time, 2680.02 real, 438 MB
[runlim] sample:		2689.98 time, 2690.02 real, 438 MB
[runlim] sample:		2699.98 time, 2700.02 real, 439 MB
[runlim] end:			Thu Feb 27 07:05:51 2020
[runlim] status:		out of time
[runlim] result:		2
[runlim] children:		1
[runlim] real:			2700.14 seconds
[runlim] time:			2699.98 seconds
[runlim] space:			439 MB
[runlim] samples:		27000
