[runlim] version:		1.18
[runlim] host:			c3n09
[runlim] time limit:		2700 seconds
[runlim] real time limit:	2700 seconds
[runlim] space limit:		7000 MB
[runlim] argv[0]:		./binary
[runlim] argv[1]:		/data/cnf/ankit/Set1/toilet_c_08_01.14.qdimacs
[runlim] start:			Thu Feb 27 06:21:09 2020
[runlim] child:			5451
[runlim] sample:		10.01 time, 10.02 real, 67 MB
[runlim] sample:		20.00 time, 20.02 real, 70 MB
[runlim] sample:		30.01 time, 30.02 real, 114 MB
[runlim] sample:		40.01 time, 40.02 real, 115 MB
[runlim] sample:		50.01 time, 50.02 real, 115 MB
[runlim] sample:		60.00 time, 60.02 real, 122 MB
[runlim] sample:		70.01 time, 70.02 real, 133 MB
[runlim] sample:		80.00 time, 80.02 real, 152 MB
[runlim] sample:		90.00 time, 90.02 real, 161 MB
[runlim] sample:		100.01 time, 100.02 real, 164 MB
[runlim] sample:		110.01 time, 110.02 real, 168 MB
[runlim] sample:		120.01 time, 120.02 real, 173 MB
[runlim] sample:		130.01 time, 130.02 real, 177 MB
[runlim] sample:		140.01 time, 140.02 real, 182 MB
[runlim] sample:		150.01 time, 150.02 real, 186 MB
[runlim] sample:		160.01 time, 160.02 real, 191 MB
[runlim] sample:		170.00 time, 170.02 real, 196 MB
[runlim] sample:		180.01 time, 180.02 real, 200 MB
[runlim] sample:		190.00 time, 190.02 real, 205 MB
[runlim] sample:		200.01 time, 200.02 real, 210 MB
[runlim] sample:		210.00 time, 210.02 real, 215 MB
[runlim] sample:		220.00 time, 220.02 real, 220 MB
[runlim] sample:		230.00 time, 230.02 real, 225 MB
[runlim] sample:		240.01 time, 240.02 real, 230 MB
[runlim] sample:		250.00 time, 250.02 real, 236 MB
[runlim] sample:		260.01 time, 260.02 real, 241 MB
[runlim] sample:		270.00 time, 270.02 real, 245 MB
[runlim] sample:		280.01 time, 280.02 real, 250 MB
[runlim] sample:		290.00 time, 290.02 real, 254 MB
[runlim] sample:		300.00 time, 300.02 real, 259 MB
[runlim] sample:		310.01 time, 310.02 real, 264 MB
[runlim] sample:		320.00 time, 320.02 real, 270 MB
[runlim] sample:		330.00 time, 330.02 real, 275 MB
[runlim] sample:		340.00 time, 340.02 real, 280 MB
[runlim] sample:		350.00 time, 350.02 real, 285 MB
[runlim] sample:		360.00 time, 360.02 real, 290 MB
[runlim] sample:		370.00 time, 370.02 real, 294 MB
[runlim] sample:		380.01 time, 380.02 real, 300 MB
[runlim] sample:		390.00 time, 390.02 real, 304 MB
[runlim] sample:		400.00 time, 400.02 real, 309 MB
[runlim] end:			Thu Feb 27 06:27:57 2020
[runlim] status:		ok
[runlim] result:		0
[runlim] children:		1
[runlim] real:			408.32 seconds
[runlim] time:			408.30 seconds
[runlim] space:			312 MB
[runlim] samples:		4083
