[runlim] version:		1.18
[runlim] host:			c3n08
[runlim] time limit:		2700 seconds
[runlim] real time limit:	2700 seconds
[runlim] space limit:		7000 MB
[runlim] argv[0]:		./binary
[runlim] argv[1]:		/data/cnf/ankit/Set1/toilet_c_08_01.13.qdimacs
[runlim] start:			Thu Feb 27 06:21:09 2020
[runlim] child:			11197
[runlim] sample:		10.01 time, 10.02 real, 79 MB
[runlim] sample:		20.00 time, 20.02 real, 96 MB
[runlim] sample:		30.01 time, 30.02 real, 104 MB
[runlim] sample:		40.00 time, 40.02 real, 115 MB
[runlim] sample:		50.01 time, 50.02 real, 117 MB
[runlim] sample:		60.01 time, 60.02 real, 117 MB
[runlim] sample:		70.00 time, 70.02 real, 156 MB
[runlim] sample:		80.00 time, 80.02 real, 188 MB
[runlim] sample:		90.00 time, 90.02 real, 198 MB
[runlim] sample:		100.00 time, 100.02 real, 205 MB
[runlim] sample:		110.00 time, 110.02 real, 212 MB
[runlim] sample:		120.00 time, 120.02 real, 218 MB
[runlim] sample:		130.00 time, 130.02 real, 225 MB
[runlim] sample:		140.00 time, 140.02 real, 231 MB
[runlim] sample:		150.01 time, 150.02 real, 237 MB
[runlim] sample:		160.01 time, 160.02 real, 242 MB
[runlim] sample:		170.00 time, 170.02 real, 249 MB
[runlim] sample:		180.00 time, 180.02 real, 254 MB
[runlim] sample:		190.00 time, 190.02 real, 262 MB
[runlim] end:			Thu Feb 27 06:24:27 2020
[runlim] status:		ok
[runlim] result:		0
[runlim] children:		1
[runlim] real:			198.24 seconds
[runlim] time:			198.20 seconds
[runlim] space:			265 MB
[runlim] samples:		1982
