[runlim] version:		1.18
[runlim] host:			c3n10
[runlim] time limit:		2700 seconds
[runlim] real time limit:	2700 seconds
[runlim] space limit:		7000 MB
[runlim] argv[0]:		./binary
[runlim] argv[1]:		/data/cnf/ankit/Set1/toilet_c_10_05.9.qdimacs
[runlim] start:			Thu Feb 27 06:21:17 2020
[runlim] child:			7568
[runlim] sample:		10.01 time, 10.02 real, 99 MB
[runlim] sample:		20.00 time, 20.02 real, 103 MB
[runlim] sample:		30.00 time, 30.02 real, 103 MB
[runlim] sample:		40.00 time, 40.02 real, 105 MB
[runlim] sample:		50.00 time, 50.02 real, 106 MB
[runlim] sample:		60.00 time, 60.02 real, 122 MB
[runlim] sample:		70.00 time, 70.02 real, 122 MB
[runlim] sample:		80.00 time, 80.02 real, 122 MB
[runlim] sample:		90.00 time, 90.02 real, 124 MB
[runlim] sample:		100.01 time, 100.02 real, 127 MB
[runlim] sample:		110.01 time, 110.02 real, 131 MB
[runlim] sample:		120.01 time, 120.02 real, 136 MB
[runlim] sample:		130.01 time, 130.02 real, 139 MB
[runlim] sample:		140.00 time, 140.02 real, 142 MB
[runlim] sample:		150.01 time, 150.02 real, 145 MB
[runlim] sample:		160.00 time, 160.02 real, 148 MB
[runlim] sample:		170.00 time, 170.02 real, 151 MB
[runlim] sample:		180.01 time, 180.02 real, 191 MB
[runlim] sample:		190.01 time, 190.02 real, 191 MB
[runlim] sample:		200.01 time, 200.02 real, 191 MB
[runlim] sample:		210.01 time, 210.02 real, 191 MB
[runlim] sample:		220.01 time, 220.02 real, 191 MB
[runlim] sample:		230.01 time, 230.02 real, 191 MB
[runlim] sample:		240.01 time, 240.02 real, 191 MB
[runlim] sample:		250.01 time, 250.02 real, 191 MB
[runlim] sample:		260.01 time, 260.02 real, 191 MB
[runlim] sample:		270.01 time, 270.02 real, 191 MB
[runlim] sample:		280.01 time, 280.02 real, 191 MB
[runlim] sample:		290.01 time, 290.02 real, 199 MB
[runlim] sample:		300.01 time, 300.02 real, 199 MB
[runlim] sample:		310.01 time, 310.02 real, 199 MB
[runlim] sample:		320.01 time, 320.02 real, 199 MB
[runlim] sample:		330.01 time, 330.02 real, 199 MB
[runlim] sample:		340.01 time, 340.02 real, 199 MB
[runlim] sample:		350.01 time, 350.02 real, 199 MB
[runlim] sample:		360.01 time, 360.02 real, 199 MB
[runlim] sample:		370.01 time, 370.02 real, 199 MB
[runlim] sample:		380.01 time, 380.02 real, 199 MB
[runlim] sample:		390.01 time, 390.02 real, 199 MB
[runlim] sample:		400.01 time, 400.02 real, 199 MB
[runlim] sample:		410.01 time, 410.02 real, 199 MB
[runlim] sample:		420.01 time, 420.02 real, 199 MB
[runlim] sample:		430.01 time, 430.02 real, 199 MB
[runlim] sample:		440.01 time, 440.02 real, 199 MB
[runlim] sample:		450.01 time, 450.02 real, 199 MB
[runlim] sample:		460.01 time, 460.02 real, 199 MB
[runlim] sample:		470.01 time, 470.02 real, 199 MB
[runlim] sample:		480.01 time, 480.02 real, 199 MB
[runlim] sample:		490.01 time, 490.02 real, 199 MB
[runlim] sample:		500.01 time, 500.02 real, 199 MB
[runlim] sample:		510.01 time, 510.02 real, 199 MB
[runlim] sample:		520.01 time, 520.02 real, 199 MB
[runlim] sample:		530.01 time, 530.02 real, 199 MB
[runlim] sample:		540.01 time, 540.02 real, 199 MB
[runlim] sample:		550.01 time, 550.02 real, 199 MB
[runlim] sample:		560.01 time, 560.02 real, 199 MB
[runlim] sample:		570.01 time, 570.02 real, 199 MB
[runlim] sample:		580.01 time, 580.02 real, 199 MB
[runlim] sample:		590.01 time, 590.02 real, 199 MB
[runlim] sample:		600.01 time, 600.02 real, 199 MB
[runlim] sample:		610.01 time, 610.02 real, 199 MB
[runlim] sample:		620.01 time, 620.02 real, 199 MB
[runlim] sample:		630.01 time, 630.02 real, 199 MB
[runlim] sample:		640.01 time, 640.02 real, 199 MB
[runlim] sample:		650.01 time, 650.02 real, 199 MB
[runlim] sample:		660.01 time, 660.02 real, 199 MB
[runlim] sample:		670.01 time, 670.02 real, 199 MB
[runlim] sample:		680.01 time, 680.02 real, 199 MB
[runlim] sample:		690.01 time, 690.02 real, 199 MB
[runlim] sample:		700.01 time, 700.02 real, 199 MB
[runlim] sample:		710.01 time, 710.02 real, 199 MB
[runlim] sample:		720.01 time, 720.02 real, 199 MB
[runlim] sample:		730.01 time, 730.02 real, 199 MB
[runlim] sample:		740.01 time, 740.02 real, 199 MB
[runlim] sample:		750.01 time, 750.02 real, 199 MB
[runlim] sample:		760.01 time, 760.02 real, 199 MB
[runlim] sample:		770.01 time, 770.02 real, 199 MB
[runlim] sample:		780.01 time, 780.02 real, 199 MB
[runlim] sample:		790.01 time, 790.02 real, 199 MB
[runlim] sample:		800.01 time, 800.02 real, 199 MB
[runlim] sample:		810.01 time, 810.02 real, 199 MB
[runlim] sample:		820.01 time, 820.02 real, 199 MB
[runlim] sample:		830.01 time, 830.02 real, 199 MB
[runlim] sample:		840.01 time, 840.02 real, 199 MB
[runlim] sample:		850.01 time, 850.02 real, 199 MB
[runlim] sample:		860.01 time, 860.02 real, 199 MB
[runlim] sample:		870.01 time, 870.02 real, 199 MB
[runlim] sample:		880.01 time, 880.02 real, 199 MB
[runlim] sample:		890.01 time, 890.02 real, 199 MB
[runlim] sample:		900.01 time, 900.02 real, 199 MB
[runlim] sample:		910.01 time, 910.02 real, 199 MB
[runlim] sample:		920.01 time, 920.02 real, 199 MB
[runlim] sample:		930.01 time, 930.02 real, 199 MB
[runlim] sample:		940.01 time, 940.02 real, 199 MB
[runlim] sample:		950.01 time, 950.02 real, 199 MB
[runlim] sample:		960.01 time, 960.02 real, 199 MB
[runlim] sample:		970.01 time, 970.02 real, 199 MB
[runlim] sample:		980.01 time, 980.02 real, 199 MB
[runlim] sample:		990.01 time, 990.02 real, 199 MB
[runlim] sample:		1000.01 time, 1000.02 real, 199 MB
[runlim] sample:		1010.00 time, 1010.02 real, 223 MB
[runlim] sample:		1020.00 time, 1020.02 real, 230 MB
[runlim] sample:		1030.00 time, 1030.02 real, 230 MB
[runlim] sample:		1040.00 time, 1040.02 real, 230 MB
[runlim] sample:		1050.01 time, 1050.02 real, 230 MB
[runlim] sample:		1060.01 time, 1060.02 real, 230 MB
[runlim] sample:		1070.01 time, 1070.02 real, 230 MB
[runlim] sample:		1080.01 time, 1080.02 real, 230 MB
[runlim] sample:		1090.01 time, 1090.02 real, 230 MB
[runlim] sample:		1100.01 time, 1100.02 real, 230 MB
[runlim] sample:		1110.01 time, 1110.02 real, 230 MB
[runlim] sample:		1120.01 time, 1120.02 real, 230 MB
[runlim] sample:		1130.01 time, 1130.02 real, 230 MB
[runlim] sample:		1140.01 time, 1140.02 real, 230 MB
[runlim] sample:		1150.01 time, 1150.02 real, 230 MB
[runlim] sample:		1160.01 time, 1160.02 real, 230 MB
[runlim] sample:		1170.01 time, 1170.02 real, 230 MB
[runlim] sample:		1180.01 time, 1180.02 real, 230 MB
[runlim] sample:		1190.01 time, 1190.02 real, 230 MB
[runlim] sample:		1200.01 time, 1200.02 real, 230 MB
[runlim] sample:		1210.01 time, 1210.02 real, 230 MB
[runlim] sample:		1220.01 time, 1220.02 real, 230 MB
[runlim] sample:		1230.01 time, 1230.02 real, 230 MB
[runlim] sample:		1240.01 time, 1240.02 real, 230 MB
[runlim] sample:		1250.01 time, 1250.02 real, 230 MB
[runlim] sample:		1260.01 time, 1260.02 real, 230 MB
[runlim] sample:		1270.01 time, 1270.02 real, 230 MB
[runlim] sample:		1280.01 time, 1280.02 real, 230 MB
[runlim] sample:		1290.01 time, 1290.02 real, 230 MB
[runlim] sample:		1300.01 time, 1300.02 real, 230 MB
[runlim] sample:		1310.01 time, 1310.02 real, 230 MB
[runlim] sample:		1320.01 time, 1320.02 real, 230 MB
[runlim] sample:		1330.01 time, 1330.02 real, 230 MB
[runlim] sample:		1340.01 time, 1340.02 real, 230 MB
[runlim] sample:		1350.01 time, 1350.02 real, 230 MB
[runlim] sample:		1360.00 time, 1360.02 real, 231 MB
[runlim] sample:		1370.01 time, 1370.02 real, 233 MB
[runlim] sample:		1380.01 time, 1380.02 real, 234 MB
[runlim] sample:		1390.01 time, 1390.02 real, 236 MB
[runlim] sample:		1400.01 time, 1400.02 real, 237 MB
[runlim] sample:		1410.00 time, 1410.02 real, 238 MB
[runlim] sample:		1420.01 time, 1420.02 real, 240 MB
[runlim] sample:		1430.00 time, 1430.02 real, 241 MB
[runlim] sample:		1440.00 time, 1440.02 real, 242 MB
[runlim] sample:		1450.00 time, 1450.02 real, 243 MB
[runlim] sample:		1460.00 time, 1460.02 real, 244 MB
[runlim] sample:		1470.00 time, 1470.02 real, 245 MB
[runlim] sample:		1480.01 time, 1480.02 real, 247 MB
[runlim] sample:		1490.00 time, 1490.02 real, 248 MB
[runlim] sample:		1500.00 time, 1500.02 real, 249 MB
[runlim] sample:		1510.00 time, 1510.02 real, 250 MB
[runlim] sample:		1520.00 time, 1520.02 real, 251 MB
[runlim] sample:		1530.00 time, 1530.02 real, 252 MB
[runlim] sample:		1540.00 time, 1540.02 real, 253 MB
[runlim] sample:		1550.00 time, 1550.02 real, 255 MB
[runlim] sample:		1560.00 time, 1560.02 real, 256 MB
[runlim] sample:		1570.00 time, 1570.02 real, 257 MB
[runlim] sample:		1580.00 time, 1580.02 real, 258 MB
[runlim] sample:		1590.01 time, 1590.02 real, 259 MB
[runlim] sample:		1600.01 time, 1600.02 real, 260 MB
[runlim] sample:		1610.01 time, 1610.02 real, 261 MB
[runlim] sample:		1620.01 time, 1620.02 real, 262 MB
[runlim] sample:		1630.00 time, 1630.02 real, 263 MB
[runlim] sample:		1640.00 time, 1640.02 real, 265 MB
[runlim] sample:		1650.00 time, 1650.02 real, 266 MB
[runlim] sample:		1660.00 time, 1660.02 real, 267 MB
[runlim] sample:		1670.00 time, 1670.02 real, 267 MB
[runlim] sample:		1680.00 time, 1680.02 real, 268 MB
[runlim] sample:		1690.00 time, 1690.02 real, 269 MB
[runlim] sample:		1700.00 time, 1700.02 real, 334 MB
[runlim] sample:		1710.00 time, 1710.02 real, 334 MB
[runlim] sample:		1720.00 time, 1720.02 real, 334 MB
[runlim] sample:		1730.00 time, 1730.02 real, 334 MB
[runlim] sample:		1740.00 time, 1740.02 real, 335 MB
[runlim] sample:		1750.00 time, 1750.02 real, 335 MB
[runlim] sample:		1760.00 time, 1760.02 real, 335 MB
[runlim] sample:		1770.00 time, 1770.02 real, 335 MB
[runlim] sample:		1780.00 time, 1780.02 real, 335 MB
[runlim] sample:		1790.00 time, 1790.02 real, 335 MB
[runlim] sample:		1800.00 time, 1800.02 real, 335 MB
[runlim] sample:		1810.00 time, 1810.02 real, 335 MB
[runlim] sample:		1820.00 time, 1820.02 real, 335 MB
[runlim] sample:		1830.00 time, 1830.02 real, 335 MB
[runlim] sample:		1840.00 time, 1840.02 real, 335 MB
[runlim] sample:		1850.00 time, 1850.02 real, 335 MB
[runlim] sample:		1860.00 time, 1860.02 real, 335 MB
[runlim] sample:		1870.00 time, 1870.02 real, 335 MB
[runlim] sample:		1880.00 time, 1880.02 real, 335 MB
[runlim] sample:		1890.00 time, 1890.02 real, 335 MB
[runlim] sample:		1900.00 time, 1900.02 real, 335 MB
[runlim] sample:		1910.00 time, 1910.02 real, 335 MB
[runlim] sample:		1920.00 time, 1920.02 real, 335 MB
[runlim] sample:		1930.00 time, 1930.02 real, 335 MB
[runlim] sample:		1940.00 time, 1940.02 real, 335 MB
[runlim] sample:		1950.00 time, 1950.02 real, 335 MB
[runlim] sample:		1960.00 time, 1960.02 real, 335 MB
[runlim] sample:		1970.00 time, 1970.02 real, 335 MB
[runlim] sample:		1980.00 time, 1980.02 real, 335 MB
[runlim] sample:		1990.00 time, 1990.02 real, 335 MB
[runlim] sample:		2000.00 time, 2000.02 real, 335 MB
[runlim] sample:		2010.00 time, 2010.02 real, 335 MB
[runlim] sample:		2020.00 time, 2020.02 real, 335 MB
[runlim] sample:		2030.00 time, 2030.02 real, 335 MB
[runlim] sample:		2040.00 time, 2040.02 real, 335 MB
[runlim] sample:		2050.00 time, 2050.02 real, 335 MB
[runlim] sample:		2060.00 time, 2060.02 real, 335 MB
[runlim] sample:		2070.00 time, 2070.02 real, 335 MB
[runlim] sample:		2080.00 time, 2080.02 real, 335 MB
[runlim] sample:		2090.00 time, 2090.02 real, 335 MB
[runlim] sample:		2100.00 time, 2100.02 real, 335 MB
[runlim] sample:		2110.00 time, 2110.02 real, 335 MB
[runlim] sample:		2120.00 time, 2120.02 real, 335 MB
[runlim] sample:		2130.00 time, 2130.02 real, 335 MB
[runlim] sample:		2140.00 time, 2140.02 real, 335 MB
[runlim] sample:		2150.00 time, 2150.02 real, 335 MB
[runlim] sample:		2160.00 time, 2160.02 real, 335 MB
[runlim] sample:		2170.00 time, 2170.02 real, 335 MB
[runlim] sample:		2180.00 time, 2180.02 real, 335 MB
[runlim] sample:		2190.00 time, 2190.02 real, 335 MB
[runlim] sample:		2200.00 time, 2200.02 real, 335 MB
[runlim] sample:		2210.00 time, 2210.02 real, 335 MB
[runlim] sample:		2220.00 time, 2220.02 real, 335 MB
[runlim] sample:		2230.00 time, 2230.02 real, 335 MB
[runlim] sample:		2240.00 time, 2240.02 real, 335 MB
[runlim] sample:		2250.00 time, 2250.02 real, 335 MB
[runlim] sample:		2260.00 time, 2260.02 real, 335 MB
[runlim] sample:		2270.00 time, 2270.02 real, 335 MB
[runlim] sample:		2280.00 time, 2280.02 real, 335 MB
[runlim] sample:		2290.00 time, 2290.02 real, 335 MB
[runlim] sample:		2300.00 time, 2300.02 real, 335 MB
[runlim] sample:		2310.00 time, 2310.02 real, 335 MB
[runlim] sample:		2320.00 time, 2320.02 real, 335 MB
[runlim] sample:		2330.00 time, 2330.02 real, 335 MB
[runlim] sample:		2340.00 time, 2340.02 real, 335 MB
[runlim] sample:		2350.00 time, 2350.02 real, 335 MB
[runlim] sample:		2360.00 time, 2360.02 real, 335 MB
[runlim] sample:		2370.00 time, 2370.02 real, 356 MB
[runlim] sample:		2380.00 time, 2380.02 real, 356 MB
[runlim] sample:		2390.00 time, 2390.02 real, 356 MB
[runlim] sample:		2400.00 time, 2400.02 real, 356 MB
[runlim] sample:		2410.00 time, 2410.02 real, 357 MB
[runlim] sample:		2420.00 time, 2420.02 real, 357 MB
[runlim] sample:		2430.00 time, 2430.02 real, 357 MB
[runlim] sample:		2440.00 time, 2440.02 real, 357 MB
[runlim] sample:		2450.00 time, 2450.02 real, 357 MB
[runlim] sample:		2460.00 time, 2460.02 real, 357 MB
[runlim] sample:		2470.00 time, 2470.02 real, 357 MB
[runlim] sample:		2480.00 time, 2480.02 real, 357 MB
[runlim] sample:		2490.00 time, 2490.02 real, 357 MB
[runlim] sample:		2500.00 time, 2500.02 real, 357 MB
[runlim] sample:		2510.00 time, 2510.02 real, 357 MB
[runlim] sample:		2520.00 time, 2520.02 real, 357 MB
[runlim] sample:		2530.00 time, 2530.02 real, 357 MB
[runlim] sample:		2540.00 time, 2540.02 real, 357 MB
[runlim] sample:		2550.00 time, 2550.02 real, 357 MB
[runlim] sample:		2560.00 time, 2560.02 real, 357 MB
[runlim] sample:		2570.00 time, 2570.02 real, 357 MB
[runlim] sample:		2580.00 time, 2580.02 real, 357 MB
[runlim] sample:		2590.00 time, 2590.02 real, 357 MB
[runlim] sample:		2600.00 time, 2600.02 real, 357 MB
[runlim] sample:		2610.00 time, 2610.02 real, 357 MB
[runlim] sample:		2620.00 time, 2620.02 real, 357 MB
[runlim] sample:		2630.00 time, 2630.02 real, 357 MB
[runlim] sample:		2640.00 time, 2640.02 real, 357 MB
[runlim] sample:		2650.00 time, 2650.02 real, 357 MB
[runlim] sample:		2660.00 time, 2660.02 real, 357 MB
[runlim] sample:		2670.00 time, 2670.02 real, 357 MB
[runlim] sample:		2680.00 time, 2680.02 real, 357 MB
[runlim] sample:		2690.00 time, 2690.02 real, 357 MB
[runlim] sample:		2700.00 time, 2700.02 real, 357 MB
[runlim] end:			Thu Feb 27 07:06:17 2020
[runlim] status:		out of time
[runlim] result:		2
[runlim] children:		1
[runlim] real:			2700.14 seconds
[runlim] time:			2700.00 seconds
[runlim] space:			357 MB
[runlim] samples:		27000
