[runlim] version:		1.18
[runlim] host:			c3n08
[runlim] time limit:		2700 seconds
[runlim] real time limit:	2700 seconds
[runlim] space limit:		7000 MB
[runlim] argv[0]:		./binary
[runlim] argv[1]:		/data/cnf/ankit/Set1/toilet_c_10_01.20.qdimacs
[runlim] start:			Thu Feb 27 06:21:13 2020
[runlim] child:			11299
[runlim] sample:		10.00 time, 10.02 real, 86 MB
[runlim] sample:		19.99 time, 20.02 real, 99 MB
[runlim] sample:		30.00 time, 30.02 real, 101 MB
[runlim] sample:		39.99 time, 40.02 real, 102 MB
[runlim] sample:		50.00 time, 50.02 real, 106 MB
[runlim] sample:		59.99 time, 60.02 real, 106 MB
[runlim] sample:		69.99 time, 70.02 real, 113 MB
[runlim] sample:		79.99 time, 80.02 real, 116 MB
[runlim] sample:		89.99 time, 90.02 real, 116 MB
[runlim] sample:		99.99 time, 100.02 real, 123 MB
[runlim] sample:		109.99 time, 110.02 real, 124 MB
[runlim] sample:		119.99 time, 120.02 real, 124 MB
[runlim] sample:		129.99 time, 130.02 real, 128 MB
[runlim] sample:		139.99 time, 140.02 real, 128 MB
[runlim] sample:		150.00 time, 150.02 real, 136 MB
[runlim] sample:		160.00 time, 160.02 real, 136 MB
[runlim] sample:		170.00 time, 170.02 real, 136 MB
[runlim] sample:		179.99 time, 180.02 real, 162 MB
[runlim] sample:		189.99 time, 190.02 real, 162 MB
[runlim] sample:		199.99 time, 200.02 real, 178 MB
[runlim] sample:		209.99 time, 210.02 real, 178 MB
[runlim] sample:		219.99 time, 220.02 real, 178 MB
[runlim] sample:		230.00 time, 230.02 real, 181 MB
[runlim] sample:		239.99 time, 240.02 real, 189 MB
[runlim] sample:		249.99 time, 250.02 real, 189 MB
[runlim] sample:		259.99 time, 260.02 real, 189 MB
[runlim] sample:		269.99 time, 270.02 real, 189 MB
[runlim] sample:		279.99 time, 280.02 real, 190 MB
[runlim] sample:		289.99 time, 290.02 real, 190 MB
[runlim] sample:		299.99 time, 300.02 real, 198 MB
[runlim] sample:		309.99 time, 310.02 real, 202 MB
[runlim] sample:		319.99 time, 320.02 real, 205 MB
[runlim] sample:		329.99 time, 330.02 real, 210 MB
[runlim] sample:		340.00 time, 340.02 real, 213 MB
[runlim] sample:		349.99 time, 350.02 real, 216 MB
[runlim] sample:		359.99 time, 360.02 real, 278 MB
[runlim] sample:		370.00 time, 370.02 real, 299 MB
[runlim] end:			Thu Feb 27 06:27:25 2020
[runlim] status:		ok
[runlim] result:		0
[runlim] children:		1
[runlim] real:			371.65 seconds
[runlim] time:			371.60 seconds
[runlim] space:			299 MB
[runlim] samples:		3716
