[runlim] version:		1.18
[runlim] host:			c3n09
[runlim] time limit:		2700 seconds
[runlim] real time limit:	2700 seconds
[runlim] space limit:		7000 MB
[runlim] argv[0]:		./binary
[runlim] argv[1]:		/data/cnf/ankit/Set1/toilet_a_10_01.18.qdimacs
[runlim] start:			Thu Feb 27 06:21:08 2020
[runlim] child:			4954
[runlim] sample:		9.95 time, 10.02 real, 25 MB
[runlim] sample:		19.95 time, 20.02 real, 25 MB
[runlim] sample:		29.94 time, 30.02 real, 25 MB
[runlim] sample:		39.95 time, 40.02 real, 25 MB
[runlim] sample:		49.94 time, 50.02 real, 25 MB
[runlim] sample:		59.95 time, 60.02 real, 25 MB
[runlim] sample:		69.95 time, 70.02 real, 25 MB
[runlim] sample:		79.95 time, 80.02 real, 25 MB
[runlim] sample:		89.95 time, 90.02 real, 25 MB
[runlim] sample:		99.95 time, 100.02 real, 25 MB
[runlim] sample:		109.95 time, 110.02 real, 67 MB
[runlim] sample:		119.95 time, 120.02 real, 125 MB
[runlim] sample:		129.95 time, 130.02 real, 164 MB
[runlim] sample:		139.95 time, 140.02 real, 198 MB
[runlim] sample:		149.95 time, 150.02 real, 204 MB
[runlim] sample:		159.94 time, 160.02 real, 211 MB
[runlim] sample:		169.94 time, 170.02 real, 216 MB
[runlim] sample:		179.95 time, 180.02 real, 220 MB
[runlim] sample:		189.94 time, 190.02 real, 258 MB
[runlim] sample:		199.94 time, 200.02 real, 258 MB
[runlim] sample:		209.95 time, 210.02 real, 264 MB
[runlim] sample:		219.95 time, 220.02 real, 268 MB
[runlim] sample:		229.94 time, 230.02 real, 270 MB
[runlim] sample:		239.94 time, 240.02 real, 273 MB
[runlim] sample:		249.94 time, 250.02 real, 275 MB
[runlim] sample:		259.95 time, 260.02 real, 277 MB
[runlim] sample:		269.95 time, 270.02 real, 313 MB
[runlim] sample:		279.95 time, 280.02 real, 313 MB
[runlim] sample:		289.95 time, 290.02 real, 314 MB
[runlim] sample:		299.95 time, 300.02 real, 318 MB
[runlim] sample:		309.95 time, 310.02 real, 320 MB
[runlim] sample:		319.95 time, 320.02 real, 323 MB
[runlim] sample:		329.95 time, 330.02 real, 325 MB
[runlim] sample:		339.95 time, 340.02 real, 327 MB
[runlim] sample:		349.95 time, 350.02 real, 329 MB
[runlim] sample:		359.95 time, 360.02 real, 332 MB
[runlim] sample:		369.94 time, 370.02 real, 333 MB
[runlim] sample:		379.95 time, 380.02 real, 335 MB
[runlim] sample:		389.95 time, 390.02 real, 337 MB
[runlim] sample:		399.95 time, 400.02 real, 339 MB
[runlim] sample:		409.95 time, 410.02 real, 340 MB
[runlim] sample:		419.95 time, 420.02 real, 342 MB
[runlim] sample:		429.95 time, 430.02 real, 344 MB
[runlim] sample:		439.95 time, 440.02 real, 345 MB
[runlim] sample:		449.95 time, 450.02 real, 347 MB
[runlim] sample:		459.95 time, 460.02 real, 348 MB
[runlim] sample:		469.95 time, 470.02 real, 350 MB
[runlim] sample:		479.95 time, 480.02 real, 351 MB
[runlim] sample:		489.95 time, 490.02 real, 352 MB
[runlim] sample:		499.95 time, 500.02 real, 354 MB
[runlim] sample:		509.95 time, 510.02 real, 355 MB
[runlim] sample:		519.94 time, 520.02 real, 357 MB
[runlim] sample:		529.95 time, 530.02 real, 358 MB
[runlim] sample:		539.95 time, 540.02 real, 359 MB
[runlim] sample:		549.95 time, 550.02 real, 360 MB
[runlim] sample:		559.95 time, 560.02 real, 361 MB
[runlim] sample:		569.95 time, 570.02 real, 399 MB
[runlim] sample:		579.95 time, 580.02 real, 421 MB
[runlim] sample:		589.95 time, 590.02 real, 421 MB
[runlim] sample:		599.95 time, 600.02 real, 421 MB
[runlim] sample:		609.95 time, 610.02 real, 421 MB
[runlim] sample:		619.95 time, 620.02 real, 421 MB
[runlim] sample:		629.94 time, 630.02 real, 423 MB
[runlim] sample:		639.95 time, 640.02 real, 425 MB
[runlim] sample:		649.95 time, 650.02 real, 427 MB
[runlim] sample:		659.95 time, 660.02 real, 432 MB
[runlim] sample:		669.95 time, 670.02 real, 435 MB
[runlim] sample:		679.95 time, 680.02 real, 438 MB
[runlim] sample:		689.95 time, 690.02 real, 440 MB
[runlim] sample:		699.94 time, 700.02 real, 442 MB
[runlim] sample:		709.95 time, 710.02 real, 444 MB
[runlim] sample:		719.95 time, 720.02 real, 447 MB
[runlim] sample:		729.95 time, 730.02 real, 450 MB
[runlim] sample:		739.94 time, 740.02 real, 452 MB
[runlim] sample:		749.95 time, 750.02 real, 454 MB
[runlim] sample:		759.95 time, 760.02 real, 457 MB
[runlim] sample:		769.95 time, 770.02 real, 458 MB
[runlim] sample:		779.95 time, 780.02 real, 460 MB
[runlim] sample:		789.95 time, 790.02 real, 462 MB
[runlim] sample:		799.94 time, 800.02 real, 464 MB
[runlim] sample:		809.95 time, 810.02 real, 467 MB
[runlim] sample:		819.95 time, 820.02 real, 469 MB
[runlim] sample:		829.95 time, 830.02 real, 471 MB
[runlim] sample:		839.95 time, 840.02 real, 473 MB
[runlim] sample:		849.95 time, 850.02 real, 474 MB
[runlim] sample:		859.95 time, 860.02 real, 476 MB
[runlim] sample:		869.95 time, 870.02 real, 477 MB
[runlim] sample:		879.95 time, 880.02 real, 479 MB
[runlim] sample:		889.94 time, 890.02 real, 481 MB
[runlim] sample:		899.95 time, 900.02 real, 483 MB
[runlim] sample:		909.94 time, 910.02 real, 485 MB
[runlim] sample:		919.94 time, 920.02 real, 486 MB
[runlim] sample:		929.95 time, 930.02 real, 488 MB
[runlim] sample:		939.95 time, 940.02 real, 490 MB
[runlim] sample:		949.95 time, 950.02 real, 491 MB
[runlim] sample:		959.95 time, 960.02 real, 493 MB
[runlim] sample:		969.95 time, 970.02 real, 494 MB
[runlim] sample:		979.95 time, 980.02 real, 496 MB
[runlim] sample:		989.95 time, 990.02 real, 497 MB
[runlim] sample:		999.94 time, 1000.02 real, 498 MB
[runlim] sample:		1009.95 time, 1010.02 real, 500 MB
[runlim] sample:		1019.95 time, 1020.02 real, 502 MB
[runlim] sample:		1029.95 time, 1030.02 real, 504 MB
[runlim] sample:		1039.95 time, 1040.02 real, 505 MB
[runlim] sample:		1049.95 time, 1050.02 real, 507 MB
[runlim] sample:		1059.95 time, 1060.02 real, 507 MB
[runlim] sample:		1069.95 time, 1070.02 real, 507 MB
[runlim] sample:		1079.95 time, 1080.02 real, 507 MB
[runlim] sample:		1089.95 time, 1090.02 real, 507 MB
[runlim] sample:		1099.95 time, 1100.02 real, 507 MB
[runlim] sample:		1109.95 time, 1110.02 real, 507 MB
[runlim] sample:		1119.95 time, 1120.02 real, 507 MB
[runlim] sample:		1129.95 time, 1130.02 real, 507 MB
[runlim] sample:		1139.95 time, 1140.02 real, 508 MB
[runlim] sample:		1149.94 time, 1150.02 real, 509 MB
[runlim] sample:		1159.94 time, 1160.02 real, 511 MB
[runlim] sample:		1169.95 time, 1170.02 real, 512 MB
[runlim] sample:		1179.95 time, 1180.02 real, 513 MB
[runlim] sample:		1189.95 time, 1190.02 real, 514 MB
[runlim] sample:		1199.95 time, 1200.02 real, 515 MB
[runlim] sample:		1209.95 time, 1210.02 real, 516 MB
[runlim] sample:		1219.95 time, 1220.02 real, 517 MB
[runlim] sample:		1229.95 time, 1230.02 real, 519 MB
[runlim] sample:		1239.95 time, 1240.02 real, 520 MB
[runlim] sample:		1249.95 time, 1250.02 real, 521 MB
[runlim] sample:		1259.95 time, 1260.02 real, 522 MB
[runlim] sample:		1269.95 time, 1270.02 real, 523 MB
[runlim] sample:		1279.95 time, 1280.02 real, 524 MB
[runlim] sample:		1289.95 time, 1290.02 real, 525 MB
[runlim] sample:		1299.95 time, 1300.02 real, 526 MB
[runlim] sample:		1309.95 time, 1310.02 real, 527 MB
[runlim] sample:		1319.95 time, 1320.02 real, 528 MB
[runlim] sample:		1329.95 time, 1330.02 real, 529 MB
[runlim] sample:		1339.95 time, 1340.02 real, 530 MB
[runlim] sample:		1349.95 time, 1350.02 real, 531 MB
[runlim] sample:		1359.95 time, 1360.02 real, 532 MB
[runlim] sample:		1369.95 time, 1370.02 real, 533 MB
[runlim] sample:		1379.95 time, 1380.02 real, 534 MB
[runlim] sample:		1389.95 time, 1390.02 real, 535 MB
[runlim] sample:		1399.95 time, 1400.02 real, 536 MB
[runlim] sample:		1409.95 time, 1410.02 real, 537 MB
[runlim] sample:		1419.95 time, 1420.02 real, 538 MB
[runlim] sample:		1429.95 time, 1430.02 real, 538 MB
[runlim] sample:		1439.95 time, 1440.02 real, 539 MB
[runlim] sample:		1449.95 time, 1450.02 real, 540 MB
[runlim] sample:		1459.95 time, 1460.02 real, 541 MB
[runlim] sample:		1469.95 time, 1470.02 real, 542 MB
[runlim] sample:		1479.95 time, 1480.02 real, 543 MB
[runlim] sample:		1489.95 time, 1490.02 real, 544 MB
[runlim] sample:		1499.95 time, 1500.02 real, 544 MB
[runlim] sample:		1509.95 time, 1510.02 real, 545 MB
[runlim] sample:		1519.94 time, 1520.02 real, 546 MB
[runlim] sample:		1529.94 time, 1530.02 real, 547 MB
[runlim] sample:		1539.94 time, 1540.02 real, 548 MB
[runlim] sample:		1549.94 time, 1550.02 real, 549 MB
[runlim] sample:		1559.94 time, 1560.02 real, 549 MB
[runlim] sample:		1569.95 time, 1570.02 real, 550 MB
[runlim] sample:		1579.95 time, 1580.02 real, 551 MB
[runlim] sample:		1589.95 time, 1590.02 real, 551 MB
[runlim] sample:		1599.95 time, 1600.02 real, 552 MB
[runlim] sample:		1609.95 time, 1610.02 real, 552 MB
[runlim] sample:		1619.95 time, 1620.02 real, 553 MB
[runlim] sample:		1629.95 time, 1630.02 real, 553 MB
[runlim] sample:		1639.95 time, 1640.02 real, 553 MB
[runlim] sample:		1649.95 time, 1650.02 real, 554 MB
[runlim] sample:		1659.95 time, 1660.02 real, 555 MB
[runlim] sample:		1669.95 time, 1670.02 real, 555 MB
[runlim] sample:		1679.94 time, 1680.02 real, 556 MB
[runlim] sample:		1689.94 time, 1690.02 real, 556 MB
[runlim] sample:		1699.94 time, 1700.02 real, 556 MB
[runlim] sample:		1709.94 time, 1710.02 real, 557 MB
[runlim] sample:		1719.94 time, 1720.02 real, 557 MB
[runlim] sample:		1729.95 time, 1730.02 real, 557 MB
[runlim] sample:		1739.95 time, 1740.02 real, 558 MB
[runlim] sample:		1749.95 time, 1750.02 real, 559 MB
[runlim] sample:		1759.95 time, 1760.02 real, 559 MB
[runlim] sample:		1769.95 time, 1770.02 real, 560 MB
[runlim] sample:		1779.95 time, 1780.02 real, 560 MB
[runlim] sample:		1789.95 time, 1790.02 real, 560 MB
[runlim] sample:		1799.95 time, 1800.02 real, 560 MB
[runlim] sample:		1809.95 time, 1810.02 real, 560 MB
[runlim] sample:		1819.95 time, 1820.02 real, 561 MB
[runlim] sample:		1829.95 time, 1830.02 real, 561 MB
[runlim] sample:		1839.95 time, 1840.02 real, 562 MB
[runlim] sample:		1849.95 time, 1850.02 real, 562 MB
[runlim] sample:		1859.94 time, 1860.02 real, 566 MB
[runlim] sample:		1869.94 time, 1870.02 real, 566 MB
[runlim] sample:		1879.94 time, 1880.02 real, 566 MB
[runlim] sample:		1889.94 time, 1890.02 real, 566 MB
[runlim] sample:		1899.94 time, 1900.02 real, 566 MB
[runlim] sample:		1909.94 time, 1910.02 real, 566 MB
[runlim] sample:		1919.94 time, 1920.02 real, 566 MB
[runlim] sample:		1929.94 time, 1930.02 real, 566 MB
[runlim] sample:		1939.94 time, 1940.02 real, 567 MB
[runlim] sample:		1949.94 time, 1950.02 real, 567 MB
[runlim] sample:		1959.94 time, 1960.02 real, 568 MB
[runlim] sample:		1969.94 time, 1970.02 real, 569 MB
[runlim] sample:		1979.94 time, 1980.02 real, 569 MB
[runlim] sample:		1989.94 time, 1990.02 real, 569 MB
[runlim] sample:		1999.94 time, 2000.02 real, 569 MB
[runlim] sample:		2009.94 time, 2010.02 real, 569 MB
[runlim] sample:		2019.94 time, 2020.02 real, 569 MB
[runlim] sample:		2029.94 time, 2030.02 real, 569 MB
[runlim] sample:		2039.94 time, 2040.02 real, 570 MB
[runlim] sample:		2049.95 time, 2050.02 real, 570 MB
[runlim] sample:		2059.95 time, 2060.02 real, 571 MB
[runlim] sample:		2069.95 time, 2070.02 real, 571 MB
[runlim] sample:		2079.95 time, 2080.02 real, 572 MB
[runlim] sample:		2089.95 time, 2090.02 real, 572 MB
[runlim] sample:		2099.95 time, 2100.02 real, 573 MB
[runlim] sample:		2109.95 time, 2110.02 real, 573 MB
[runlim] sample:		2119.95 time, 2120.02 real, 573 MB
[runlim] sample:		2129.95 time, 2130.02 real, 573 MB
[runlim] sample:		2139.95 time, 2140.02 real, 573 MB
[runlim] sample:		2149.95 time, 2150.02 real, 573 MB
[runlim] sample:		2159.95 time, 2160.02 real, 574 MB
[runlim] sample:		2169.95 time, 2170.02 real, 574 MB
[runlim] sample:		2179.95 time, 2180.02 real, 575 MB
[runlim] sample:		2189.94 time, 2190.02 real, 576 MB
[runlim] sample:		2199.94 time, 2200.02 real, 576 MB
[runlim] sample:		2209.94 time, 2210.02 real, 577 MB
[runlim] sample:		2219.94 time, 2220.02 real, 577 MB
[runlim] sample:		2229.94 time, 2230.02 real, 577 MB
[runlim] sample:		2239.94 time, 2240.02 real, 577 MB
[runlim] sample:		2249.94 time, 2250.02 real, 577 MB
[runlim] sample:		2259.95 time, 2260.02 real, 577 MB
[runlim] sample:		2269.95 time, 2270.02 real, 578 MB
[runlim] sample:		2279.95 time, 2280.02 real, 578 MB
[runlim] sample:		2289.95 time, 2290.02 real, 579 MB
[runlim] sample:		2299.95 time, 2300.02 real, 579 MB
[runlim] sample:		2309.95 time, 2310.02 real, 580 MB
[runlim] sample:		2319.94 time, 2320.02 real, 582 MB
[runlim] sample:		2329.94 time, 2330.02 real, 582 MB
[runlim] sample:		2339.94 time, 2340.02 real, 582 MB
[runlim] sample:		2349.94 time, 2350.02 real, 582 MB
[runlim] sample:		2359.94 time, 2360.02 real, 582 MB
[runlim] sample:		2369.94 time, 2370.02 real, 582 MB
[runlim] sample:		2379.94 time, 2380.02 real, 582 MB
[runlim] sample:		2389.94 time, 2390.02 real, 582 MB
[runlim] sample:		2399.94 time, 2400.02 real, 582 MB
[runlim] sample:		2409.94 time, 2410.02 real, 582 MB
[runlim] sample:		2419.94 time, 2420.02 real, 582 MB
[runlim] sample:		2429.94 time, 2430.02 real, 582 MB
[runlim] sample:		2439.94 time, 2440.02 real, 582 MB
[runlim] sample:		2449.95 time, 2450.02 real, 582 MB
[runlim] sample:		2459.95 time, 2460.02 real, 582 MB
[runlim] sample:		2469.95 time, 2470.02 real, 583 MB
[runlim] sample:		2479.95 time, 2480.02 real, 583 MB
[runlim] sample:		2489.95 time, 2490.02 real, 583 MB
[runlim] sample:		2499.95 time, 2500.02 real, 583 MB
[runlim] sample:		2509.95 time, 2510.02 real, 583 MB
[runlim] sample:		2519.95 time, 2520.02 real, 583 MB
[runlim] sample:		2529.95 time, 2530.02 real, 583 MB
[runlim] sample:		2539.95 time, 2540.02 real, 583 MB
[runlim] sample:		2549.95 time, 2550.02 real, 583 MB
[runlim] sample:		2559.95 time, 2560.02 real, 583 MB
[runlim] sample:		2569.95 time, 2570.02 real, 583 MB
[runlim] sample:		2579.95 time, 2580.02 real, 583 MB
[runlim] sample:		2589.95 time, 2590.02 real, 584 MB
[runlim] sample:		2599.95 time, 2600.02 real, 584 MB
[runlim] sample:		2609.95 time, 2610.02 real, 584 MB
[runlim] sample:		2619.95 time, 2620.02 real, 584 MB
[runlim] sample:		2629.95 time, 2630.02 real, 584 MB
[runlim] sample:		2639.95 time, 2640.02 real, 584 MB
[runlim] sample:		2649.95 time, 2650.02 real, 584 MB
[runlim] sample:		2659.95 time, 2660.02 real, 584 MB
[runlim] sample:		2669.95 time, 2670.02 real, 584 MB
[runlim] sample:		2679.95 time, 2680.02 real, 584 MB
[runlim] sample:		2689.95 time, 2690.02 real, 585 MB
[runlim] sample:		2699.95 time, 2700.02 real, 585 MB
[runlim] end:			Thu Feb 27 07:06:08 2020
[runlim] status:		out of time
[runlim] result:		2
[runlim] children:		1
[runlim] real:			2700.14 seconds
[runlim] time:			2699.95 seconds
[runlim] space:			585 MB
[runlim] samples:		27000
