[runlim] version:		1.18
[runlim] host:			c3n09
[runlim] time limit:		2700 seconds
[runlim] real time limit:	2700 seconds
[runlim] space limit:		7000 MB
[runlim] argv[0]:		./binary
[runlim] argv[1]:		/data/cnf/ankit/Set1/toilet_c_08_05.9.qdimacs
[runlim] start:			Thu Feb 27 06:21:11 2020
[runlim] child:			5774
[runlim] sample:		10.01 time, 10.02 real, 79 MB
[runlim] sample:		20.00 time, 20.02 real, 85 MB
[runlim] sample:		30.01 time, 30.02 real, 86 MB
[runlim] sample:		40.01 time, 40.02 real, 86 MB
[runlim] sample:		50.01 time, 50.02 real, 86 MB
[runlim] sample:		60.01 time, 60.02 real, 86 MB
[runlim] sample:		70.01 time, 70.02 real, 86 MB
[runlim] sample:		80.01 time, 80.02 real, 86 MB
[runlim] sample:		90.01 time, 90.02 real, 86 MB
[runlim] sample:		100.01 time, 100.02 real, 86 MB
[runlim] sample:		110.00 time, 110.02 real, 86 MB
[runlim] sample:		120.01 time, 120.02 real, 90 MB
[runlim] sample:		130.01 time, 130.02 real, 99 MB
[runlim] sample:		140.01 time, 140.02 real, 99 MB
[runlim] sample:		150.00 time, 150.02 real, 103 MB
[runlim] sample:		160.00 time, 160.02 real, 105 MB
[runlim] sample:		170.00 time, 170.02 real, 105 MB
[runlim] sample:		180.01 time, 180.02 real, 106 MB
[runlim] sample:		190.01 time, 190.02 real, 106 MB
[runlim] end:			Thu Feb 27 06:24:28 2020
[runlim] status:		ok
[runlim] result:		0
[runlim] children:		1
[runlim] real:			196.32 seconds
[runlim] time:			196.31 seconds
[runlim] space:			107 MB
[runlim] samples:		1963
