[runlim] version:		1.18
[runlim] host:			c3n02
[runlim] time limit:		2700 seconds
[runlim] real time limit:	2700 seconds
[runlim] space limit:		7000 MB
[runlim] argv[0]:		./binary
[runlim] argv[1]:		/data/cnf/ankit/E1-A1-instances/5qbf-5cnf-100var-1000cl.2.qdimacs
[runlim] start:			Sat Feb 29 07:22:50 2020
[runlim] child:			21474
[runlim] sample:		9.98 time, 10.02 real, 18 MB
[runlim] sample:		19.98 time, 20.02 real, 27 MB
[runlim] sample:		29.98 time, 30.02 real, 28 MB
[runlim] sample:		39.98 time, 40.02 real, 33 MB
[runlim] sample:		49.98 time, 50.02 real, 33 MB
[runlim] sample:		59.97 time, 60.02 real, 35 MB
[runlim] end:			Sat Feb 29 07:23:58 2020
[runlim] status:		ok
[runlim] result:		0
[runlim] children:		1
[runlim] real:			67.89 seconds
[runlim] time:			67.77 seconds
[runlim] space:			35 MB
[runlim] samples:		678
