[runlim] version:		1.18
[runlim] host:			c3n10
[runlim] time limit:		2700 seconds
[runlim] real time limit:	2700 seconds
[runlim] space limit:		7000 MB
[runlim] argv[0]:		./binary
[runlim] argv[1]:		/data/cnf/ankit/E1-A1-instances/BLOCKS4ii.7.2.qdimacs
[runlim] start:			Sat Feb 29 07:22:50 2020
[runlim] child:			20950
[runlim] sample:		9.92 time, 10.02 real, 17 MB
[runlim] sample:		19.89 time, 20.02 real, 23 MB
[runlim] sample:		29.86 time, 30.02 real, 26 MB
[runlim] sample:		39.84 time, 40.02 real, 18 MB
[runlim] sample:		49.81 time, 50.02 real, 22 MB
[runlim] sample:		59.78 time, 60.02 real, 32 MB
[runlim] sample:		69.75 time, 70.02 real, 33 MB
[runlim] sample:		79.72 time, 80.02 real, 33 MB
[runlim] sample:		89.70 time, 90.02 real, 36 MB
[runlim] sample:		99.67 time, 100.02 real, 36 MB
[runlim] sample:		109.64 time, 110.02 real, 57 MB
[runlim] sample:		119.61 time, 120.02 real, 36 MB
[runlim] sample:		129.59 time, 130.02 real, 36 MB
[runlim] sample:		139.56 time, 140.02 real, 48 MB
[runlim] sample:		149.54 time, 150.02 real, 48 MB
[runlim] sample:		159.51 time, 160.02 real, 48 MB
[runlim] sample:		169.48 time, 170.02 real, 48 MB
[runlim] sample:		179.45 time, 180.02 real, 48 MB
[runlim] sample:		189.42 time, 190.02 real, 48 MB
[runlim] sample:		199.39 time, 200.02 real, 48 MB
[runlim] sample:		209.37 time, 210.02 real, 48 MB
[runlim] sample:		219.34 time, 220.02 real, 48 MB
[runlim] sample:		229.31 time, 230.02 real, 48 MB
[runlim] sample:		239.28 time, 240.02 real, 48 MB
[runlim] sample:		249.25 time, 250.02 real, 48 MB
[runlim] sample:		259.22 time, 260.02 real, 48 MB
[runlim] sample:		269.19 time, 270.02 real, 48 MB
[runlim] sample:		279.16 time, 280.02 real, 48 MB
[runlim] sample:		289.13 time, 290.02 real, 49 MB
[runlim] sample:		299.10 time, 300.02 real, 51 MB
[runlim] sample:		309.07 time, 310.02 real, 51 MB
[runlim] sample:		319.04 time, 320.02 real, 51 MB
[runlim] sample:		329.01 time, 330.02 real, 51 MB
[runlim] sample:		338.98 time, 340.02 real, 51 MB
[runlim] sample:		348.96 time, 350.02 real, 51 MB
[runlim] sample:		358.93 time, 360.02 real, 51 MB
[runlim] sample:		368.90 time, 370.02 real, 52 MB
[runlim] sample:		378.87 time, 380.02 real, 57 MB
[runlim] sample:		388.84 time, 390.02 real, 59 MB
[runlim] sample:		398.81 time, 400.02 real, 59 MB
[runlim] sample:		408.78 time, 410.02 real, 59 MB
[runlim] sample:		418.75 time, 420.02 real, 59 MB
[runlim] sample:		428.72 time, 430.02 real, 59 MB
[runlim] sample:		438.70 time, 440.02 real, 90 MB
[runlim] sample:		448.67 time, 450.02 real, 60 MB
[runlim] sample:		458.64 time, 460.02 real, 60 MB
[runlim] sample:		468.61 time, 470.02 real, 60 MB
[runlim] sample:		478.58 time, 480.02 real, 60 MB
[runlim] sample:		488.55 time, 490.02 real, 60 MB
[runlim] sample:		498.52 time, 500.02 real, 60 MB
[runlim] sample:		508.49 time, 510.02 real, 89 MB
[runlim] sample:		518.46 time, 520.02 real, 92 MB
[runlim] sample:		528.44 time, 530.02 real, 60 MB
[runlim] sample:		538.41 time, 540.02 real, 60 MB
[runlim] sample:		548.37 time, 550.02 real, 63 MB
[runlim] sample:		558.35 time, 560.02 real, 65 MB
[runlim] sample:		568.31 time, 570.02 real, 68 MB
[runlim] sample:		578.29 time, 580.02 real, 71 MB
[runlim] sample:		588.26 time, 590.02 real, 102 MB
[runlim] sample:		598.22 time, 600.02 real, 104 MB
[runlim] sample:		608.19 time, 610.02 real, 105 MB
[runlim] sample:		618.17 time, 620.02 real, 107 MB
[runlim] sample:		628.14 time, 630.02 real, 71 MB
[runlim] sample:		638.11 time, 640.02 real, 71 MB
[runlim] sample:		648.08 time, 650.02 real, 71 MB
[runlim] sample:		658.05 time, 660.02 real, 71 MB
[runlim] sample:		668.02 time, 670.02 real, 71 MB
[runlim] sample:		677.99 time, 680.02 real, 71 MB
[runlim] sample:		687.96 time, 690.02 real, 71 MB
[runlim] sample:		697.93 time, 700.02 real, 101 MB
[runlim] sample:		707.90 time, 710.02 real, 103 MB
[runlim] sample:		717.88 time, 720.02 real, 105 MB
[runlim] sample:		727.85 time, 730.02 real, 107 MB
[runlim] sample:		737.82 time, 740.02 real, 109 MB
[runlim] sample:		747.79 time, 750.02 real, 71 MB
[runlim] sample:		757.76 time, 760.02 real, 71 MB
[runlim] sample:		767.74 time, 770.02 real, 71 MB
[runlim] sample:		777.71 time, 780.02 real, 71 MB
[runlim] sample:		787.68 time, 790.02 real, 71 MB
[runlim] sample:		797.65 time, 800.02 real, 71 MB
[runlim] sample:		807.61 time, 810.02 real, 102 MB
[runlim] sample:		817.58 time, 820.02 real, 104 MB
[runlim] sample:		827.56 time, 830.02 real, 107 MB
[runlim] sample:		837.53 time, 840.02 real, 110 MB
[runlim] sample:		847.50 time, 850.02 real, 113 MB
[runlim] sample:		857.48 time, 860.02 real, 116 MB
[runlim] sample:		867.44 time, 870.02 real, 71 MB
[runlim] sample:		877.42 time, 880.02 real, 71 MB
[runlim] sample:		887.39 time, 890.02 real, 71 MB
[runlim] sample:		897.35 time, 900.02 real, 103 MB
[runlim] sample:		907.33 time, 910.02 real, 105 MB
[runlim] sample:		917.30 time, 920.02 real, 107 MB
[runlim] sample:		927.27 time, 930.02 real, 108 MB
[runlim] sample:		937.25 time, 940.02 real, 111 MB
[runlim] sample:		947.22 time, 950.02 real, 113 MB
[runlim] sample:		957.19 time, 960.02 real, 114 MB
[runlim] sample:		967.16 time, 970.02 real, 116 MB
[runlim] sample:		977.14 time, 980.02 real, 118 MB
[runlim] sample:		987.10 time, 990.02 real, 71 MB
[runlim] sample:		997.07 time, 1000.02 real, 71 MB
[runlim] sample:		1007.05 time, 1010.02 real, 71 MB
[runlim] sample:		1017.02 time, 1020.02 real, 71 MB
[runlim] sample:		1026.99 time, 1030.02 real, 71 MB
[runlim] sample:		1036.96 time, 1040.02 real, 102 MB
[runlim] sample:		1046.93 time, 1050.02 real, 104 MB
[runlim] sample:		1056.91 time, 1060.02 real, 106 MB
[runlim] sample:		1066.88 time, 1070.02 real, 108 MB
[runlim] sample:		1076.85 time, 1080.02 real, 110 MB
[runlim] sample:		1086.82 time, 1090.02 real, 112 MB
[runlim] sample:		1096.78 time, 1100.02 real, 113 MB
[runlim] sample:		1106.76 time, 1110.02 real, 115 MB
[runlim] sample:		1116.72 time, 1120.02 real, 116 MB
[runlim] sample:		1126.70 time, 1130.02 real, 118 MB
[runlim] sample:		1136.67 time, 1140.02 real, 119 MB
[runlim] sample:		1146.64 time, 1150.02 real, 120 MB
[runlim] sample:		1156.61 time, 1160.02 real, 122 MB
[runlim] sample:		1166.58 time, 1170.02 real, 71 MB
[runlim] sample:		1176.55 time, 1180.02 real, 71 MB
[runlim] sample:		1186.52 time, 1190.02 real, 71 MB
[runlim] sample:		1196.49 time, 1200.02 real, 71 MB
[runlim] sample:		1206.46 time, 1210.02 real, 71 MB
[runlim] sample:		1216.44 time, 1220.02 real, 101 MB
[runlim] sample:		1226.41 time, 1230.02 real, 103 MB
[runlim] sample:		1236.38 time, 1240.02 real, 104 MB
[runlim] sample:		1246.35 time, 1250.02 real, 106 MB
[runlim] sample:		1256.32 time, 1260.02 real, 108 MB
[runlim] sample:		1266.28 time, 1270.02 real, 109 MB
[runlim] sample:		1276.26 time, 1280.02 real, 110 MB
[runlim] sample:		1286.23 time, 1290.02 real, 112 MB
[runlim] sample:		1296.21 time, 1300.02 real, 113 MB
[runlim] sample:		1306.18 time, 1310.02 real, 114 MB
[runlim] sample:		1316.15 time, 1320.02 real, 116 MB
[runlim] sample:		1326.13 time, 1330.02 real, 117 MB
[runlim] sample:		1336.09 time, 1340.02 real, 119 MB
[runlim] sample:		1346.06 time, 1350.02 real, 120 MB
[runlim] sample:		1356.04 time, 1360.02 real, 122 MB
[runlim] sample:		1366.01 time, 1370.02 real, 123 MB
[runlim] sample:		1375.98 time, 1380.02 real, 71 MB
[runlim] sample:		1385.95 time, 1390.02 real, 71 MB
[runlim] sample:		1395.92 time, 1400.02 real, 71 MB
[runlim] sample:		1405.90 time, 1410.02 real, 103 MB
[runlim] sample:		1415.87 time, 1420.02 real, 103 MB
[runlim] sample:		1425.84 time, 1430.02 real, 105 MB
[runlim] sample:		1435.81 time, 1440.02 real, 108 MB
[runlim] sample:		1445.79 time, 1450.02 real, 110 MB
[runlim] sample:		1455.76 time, 1460.02 real, 111 MB
[runlim] sample:		1465.73 time, 1470.02 real, 113 MB
[runlim] sample:		1475.71 time, 1480.02 real, 116 MB
[runlim] sample:		1485.67 time, 1490.02 real, 118 MB
[runlim] sample:		1495.65 time, 1500.02 real, 119 MB
[runlim] sample:		1505.62 time, 1510.02 real, 121 MB
[runlim] sample:		1515.59 time, 1520.02 real, 122 MB
[runlim] sample:		1525.56 time, 1530.02 real, 123 MB
[runlim] sample:		1535.54 time, 1540.02 real, 125 MB
[runlim] sample:		1545.51 time, 1550.02 real, 126 MB
[runlim] sample:		1555.48 time, 1560.02 real, 127 MB
[runlim] sample:		1565.45 time, 1570.02 real, 71 MB
[runlim] sample:		1575.42 time, 1580.02 real, 71 MB
[runlim] sample:		1585.40 time, 1590.02 real, 71 MB
[runlim] sample:		1595.38 time, 1600.02 real, 101 MB
[runlim] sample:		1605.35 time, 1610.02 real, 104 MB
[runlim] sample:		1615.32 time, 1620.02 real, 108 MB
[runlim] sample:		1625.29 time, 1630.02 real, 110 MB
[runlim] sample:		1635.27 time, 1640.02 real, 113 MB
[runlim] sample:		1645.25 time, 1650.02 real, 115 MB
[runlim] sample:		1655.22 time, 1660.02 real, 118 MB
[runlim] sample:		1665.19 time, 1670.02 real, 120 MB
[runlim] sample:		1675.16 time, 1680.02 real, 122 MB
[runlim] sample:		1685.13 time, 1690.02 real, 124 MB
[runlim] sample:		1695.11 time, 1700.02 real, 126 MB
[runlim] sample:		1705.07 time, 1710.02 real, 129 MB
[runlim] sample:		1715.05 time, 1720.02 real, 131 MB
[runlim] sample:		1725.03 time, 1730.02 real, 71 MB
[runlim] sample:		1735.00 time, 1740.02 real, 103 MB
[runlim] sample:		1744.97 time, 1750.02 real, 106 MB
[runlim] sample:		1754.94 time, 1760.02 real, 109 MB
[runlim] sample:		1764.92 time, 1770.02 real, 111 MB
[runlim] sample:		1774.89 time, 1780.02 real, 112 MB
[runlim] sample:		1784.86 time, 1790.02 real, 114 MB
[runlim] sample:		1794.83 time, 1800.02 real, 115 MB
[runlim] sample:		1804.81 time, 1810.02 real, 116 MB
[runlim] sample:		1814.79 time, 1820.02 real, 117 MB
[runlim] sample:		1824.76 time, 1830.02 real, 119 MB
[runlim] sample:		1834.73 time, 1840.02 real, 121 MB
[runlim] sample:		1844.70 time, 1850.02 real, 123 MB
[runlim] sample:		1854.68 time, 1860.02 real, 124 MB
[runlim] sample:		1864.65 time, 1870.02 real, 126 MB
[runlim] sample:		1874.62 time, 1880.02 real, 128 MB
[runlim] sample:		1884.60 time, 1890.02 real, 130 MB
[runlim] sample:		1894.58 time, 1900.02 real, 132 MB
[runlim] sample:		1904.55 time, 1910.02 real, 134 MB
[runlim] sample:		1914.53 time, 1920.02 real, 135 MB
[runlim] sample:		1924.51 time, 1930.02 real, 137 MB
[runlim] sample:		1934.48 time, 1940.02 real, 72 MB
[runlim] sample:		1944.46 time, 1950.02 real, 72 MB
[runlim] sample:		1954.44 time, 1960.02 real, 104 MB
[runlim] sample:		1964.41 time, 1970.02 real, 106 MB
[runlim] sample:		1974.39 time, 1980.02 real, 110 MB
[runlim] sample:		1984.37 time, 1990.02 real, 114 MB
[runlim] sample:		1994.34 time, 2000.02 real, 117 MB
[runlim] sample:		2004.32 time, 2010.02 real, 121 MB
[runlim] sample:		2014.30 time, 2020.02 real, 124 MB
[runlim] sample:		2024.28 time, 2030.02 real, 128 MB
[runlim] sample:		2034.26 time, 2040.02 real, 130 MB
[runlim] sample:		2044.23 time, 2050.02 real, 133 MB
[runlim] sample:		2054.21 time, 2060.02 real, 136 MB
[runlim] sample:		2064.19 time, 2070.02 real, 137 MB
[runlim] sample:		2074.16 time, 2080.02 real, 140 MB
[runlim] sample:		2084.14 time, 2090.02 real, 143 MB
[runlim] sample:		2094.12 time, 2100.02 real, 146 MB
[runlim] sample:		2104.10 time, 2110.02 real, 149 MB
[runlim] sample:		2114.10 time, 2120.02 real, 153 MB
[runlim] sample:		2124.10 time, 2130.02 real, 156 MB
[runlim] sample:		2134.09 time, 2140.02 real, 102 MB
[runlim] sample:		2144.09 time, 2150.02 real, 107 MB
[runlim] sample:		2154.09 time, 2160.02 real, 112 MB
[runlim] sample:		2164.08 time, 2170.02 real, 117 MB
[runlim] sample:		2174.08 time, 2180.02 real, 120 MB
[runlim] sample:		2184.08 time, 2190.02 real, 125 MB
[runlim] sample:		2194.08 time, 2200.02 real, 129 MB
[runlim] sample:		2204.07 time, 2210.02 real, 133 MB
[runlim] sample:		2214.06 time, 2220.02 real, 137 MB
[runlim] sample:		2224.06 time, 2230.02 real, 140 MB
[runlim] sample:		2234.06 time, 2240.02 real, 144 MB
[runlim] sample:		2244.06 time, 2250.02 real, 146 MB
[runlim] sample:		2254.05 time, 2260.02 real, 150 MB
[runlim] sample:		2264.05 time, 2270.02 real, 153 MB
[runlim] sample:		2274.05 time, 2280.02 real, 155 MB
[runlim] sample:		2284.04 time, 2290.02 real, 158 MB
[runlim] sample:		2294.03 time, 2300.02 real, 161 MB
[runlim] sample:		2304.03 time, 2310.02 real, 105 MB
[runlim] sample:		2314.03 time, 2320.02 real, 110 MB
[runlim] sample:		2324.03 time, 2330.02 real, 114 MB
[runlim] sample:		2334.02 time, 2340.02 real, 118 MB
[runlim] sample:		2344.02 time, 2350.02 real, 121 MB
[runlim] sample:		2354.02 time, 2360.02 real, 124 MB
[runlim] sample:		2364.01 time, 2370.02 real, 126 MB
[runlim] sample:		2374.01 time, 2380.02 real, 128 MB
[runlim] sample:		2384.01 time, 2390.02 real, 130 MB
[runlim] sample:		2394.00 time, 2400.02 real, 132 MB
[runlim] sample:		2404.00 time, 2410.02 real, 135 MB
[runlim] sample:		2413.99 time, 2420.02 real, 137 MB
[runlim] sample:		2423.99 time, 2430.02 real, 140 MB
[runlim] sample:		2433.99 time, 2440.02 real, 144 MB
[runlim] sample:		2443.99 time, 2450.02 real, 147 MB
[runlim] sample:		2453.98 time, 2460.02 real, 149 MB
[runlim] sample:		2463.97 time, 2470.02 real, 152 MB
[runlim] sample:		2473.97 time, 2480.02 real, 102 MB
[runlim] sample:		2483.97 time, 2490.02 real, 107 MB
[runlim] sample:		2493.97 time, 2500.02 real, 112 MB
[runlim] sample:		2503.97 time, 2510.02 real, 115 MB
[runlim] sample:		2513.96 time, 2520.02 real, 117 MB
[runlim] sample:		2523.95 time, 2530.02 real, 119 MB
[runlim] sample:		2533.95 time, 2540.02 real, 121 MB
[runlim] sample:		2543.94 time, 2550.01 real, 122 MB
[runlim] sample:		2553.94 time, 2560.01 real, 124 MB
[runlim] sample:		2563.94 time, 2570.01 real, 127 MB
[runlim] sample:		2573.94 time, 2580.01 real, 130 MB
[runlim] sample:		2583.93 time, 2590.01 real, 132 MB
[runlim] sample:		2593.93 time, 2600.01 real, 133 MB
[runlim] sample:		2603.93 time, 2610.01 real, 135 MB
[runlim] sample:		2613.93 time, 2620.01 real, 137 MB
[runlim] sample:		2623.93 time, 2630.01 real, 139 MB
[runlim] sample:		2633.92 time, 2640.01 real, 141 MB
[runlim] sample:		2643.92 time, 2650.01 real, 142 MB
[runlim] sample:		2653.92 time, 2660.01 real, 144 MB
[runlim] sample:		2663.92 time, 2670.01 real, 146 MB
[runlim] sample:		2673.91 time, 2680.01 real, 148 MB
[runlim] sample:		2683.91 time, 2690.01 real, 150 MB
[runlim] sample:		2693.90 time, 2700.01 real, 152 MB
[runlim] end:			Sat Feb 29 08:07:50 2020
[runlim] status:		out of time
[runlim] result:		2
[runlim] children:		1
[runlim] real:			2700.10 seconds
[runlim] time:			2693.90 seconds
[runlim] space:			174 MB
[runlim] samples:		27000
