[runlim] version:		1.18
[runlim] host:			c3n26
[runlim] time limit:		2700 seconds
[runlim] real time limit:	2700 seconds
[runlim] space limit:		7000 MB
[runlim] argv[0]:		./binary
[runlim] argv[1]:		/data/cnf/ankit/E1-A1-instances/C6288.blif_0.10_0.20_0_1_inp_exact.qdimacs
[runlim] start:			Sat Feb 29 07:22:50 2020
[runlim] child:			14374
[runlim] sample:		9.04 time, 10.02 real, 43 MB
[runlim] sample:		19.04 time, 20.02 real, 49 MB
[runlim] sample:		29.04 time, 30.02 real, 80 MB
[runlim] sample:		39.04 time, 40.02 real, 89 MB
[runlim] sample:		49.03 time, 50.02 real, 49 MB
[runlim] sample:		59.04 time, 60.02 real, 49 MB
[runlim] sample:		69.03 time, 70.02 real, 114 MB
[runlim] sample:		79.03 time, 80.02 real, 56 MB
[runlim] sample:		89.04 time, 90.02 real, 106 MB
[runlim] sample:		99.04 time, 100.02 real, 114 MB
[runlim] sample:		109.03 time, 110.02 real, 82 MB
[runlim] sample:		119.03 time, 120.02 real, 137 MB
[runlim] sample:		129.04 time, 130.02 real, 103 MB
[runlim] sample:		139.03 time, 140.02 real, 67 MB
[runlim] sample:		149.03 time, 150.02 real, 106 MB
[runlim] sample:		159.04 time, 160.02 real, 67 MB
[runlim] sample:		169.04 time, 170.02 real, 149 MB
[runlim] sample:		179.03 time, 180.02 real, 107 MB
[runlim] sample:		189.03 time, 190.02 real, 148 MB
[runlim] sample:		199.04 time, 200.02 real, 116 MB
[runlim] sample:		209.04 time, 210.02 real, 113 MB
[runlim] sample:		219.03 time, 220.02 real, 112 MB
[runlim] sample:		229.04 time, 230.02 real, 110 MB
[runlim] sample:		239.04 time, 240.02 real, 163 MB
[runlim] sample:		249.03 time, 250.02 real, 79 MB
[runlim] sample:		259.03 time, 260.02 real, 121 MB
[runlim] sample:		269.03 time, 270.02 real, 145 MB
[runlim] sample:		279.04 time, 280.02 real, 164 MB
[runlim] sample:		289.03 time, 290.02 real, 83 MB
[runlim] sample:		299.04 time, 300.02 real, 99 MB
[runlim] sample:		309.03 time, 310.02 real, 172 MB
[runlim] sample:		319.04 time, 320.02 real, 102 MB
[runlim] sample:		329.03 time, 330.02 real, 191 MB
[runlim] sample:		339.03 time, 340.02 real, 103 MB
[runlim] sample:		349.03 time, 350.02 real, 202 MB
[runlim] sample:		359.04 time, 360.02 real, 115 MB
[runlim] sample:		369.03 time, 370.02 real, 209 MB
[runlim] sample:		379.03 time, 380.02 real, 116 MB
[runlim] sample:		389.04 time, 390.02 real, 202 MB
[runlim] sample:		399.04 time, 400.02 real, 226 MB
[runlim] sample:		409.03 time, 410.02 real, 116 MB
[runlim] sample:		419.03 time, 420.02 real, 216 MB
[runlim] sample:		429.03 time, 430.02 real, 116 MB
[runlim] sample:		439.03 time, 440.02 real, 201 MB
[runlim] sample:		449.03 time, 450.02 real, 116 MB
[runlim] sample:		459.03 time, 460.02 real, 200 MB
[runlim] sample:		469.03 time, 470.02 real, 229 MB
[runlim] sample:		479.03 time, 480.02 real, 116 MB
[runlim] sample:		489.03 time, 490.02 real, 183 MB
[runlim] sample:		499.03 time, 500.02 real, 116 MB
[runlim] sample:		509.03 time, 510.02 real, 180 MB
[runlim] sample:		519.03 time, 520.02 real, 194 MB
[runlim] sample:		529.03 time, 530.02 real, 243 MB
[runlim] sample:		539.03 time, 540.02 real, 116 MB
[runlim] sample:		549.03 time, 550.02 real, 208 MB
[runlim] sample:		559.03 time, 560.02 real, 238 MB
[runlim] sample:		569.03 time, 570.02 real, 116 MB
[runlim] sample:		579.03 time, 580.02 real, 225 MB
[runlim] sample:		589.03 time, 590.02 real, 169 MB
[runlim] sample:		599.03 time, 600.02 real, 195 MB
[runlim] sample:		609.03 time, 610.02 real, 226 MB
[runlim] sample:		619.03 time, 620.02 real, 116 MB
[runlim] sample:		629.03 time, 630.02 real, 170 MB
[runlim] sample:		639.03 time, 640.02 real, 208 MB
[runlim] sample:		649.03 time, 650.02 real, 235 MB
[runlim] sample:		659.03 time, 660.02 real, 116 MB
[runlim] sample:		669.03 time, 670.02 real, 116 MB
[runlim] sample:		679.03 time, 680.02 real, 222 MB
[runlim] sample:		689.03 time, 690.02 real, 240 MB
[runlim] sample:		699.03 time, 700.02 real, 116 MB
[runlim] sample:		709.03 time, 710.02 real, 195 MB
[runlim] sample:		719.03 time, 720.02 real, 243 MB
[runlim] sample:		729.03 time, 730.02 real, 116 MB
[runlim] sample:		739.03 time, 740.02 real, 116 MB
[runlim] sample:		749.03 time, 750.02 real, 164 MB
[runlim] sample:		759.03 time, 760.02 real, 206 MB
[runlim] sample:		769.03 time, 770.02 real, 252 MB
[runlim] sample:		779.03 time, 780.02 real, 157 MB
[runlim] sample:		789.03 time, 790.02 real, 184 MB
[runlim] sample:		799.03 time, 800.02 real, 205 MB
[runlim] sample:		809.02 time, 810.02 real, 230 MB
[runlim] sample:		819.02 time, 820.02 real, 248 MB
[runlim] sample:		829.03 time, 830.02 real, 116 MB
[runlim] sample:		839.03 time, 840.02 real, 173 MB
[runlim] sample:		849.02 time, 850.02 real, 187 MB
[runlim] sample:		859.02 time, 860.02 real, 203 MB
[runlim] sample:		869.02 time, 870.02 real, 230 MB
[runlim] sample:		879.03 time, 880.02 real, 261 MB
[runlim] sample:		889.03 time, 890.02 real, 116 MB
[runlim] sample:		899.03 time, 900.02 real, 179 MB
[runlim] sample:		909.03 time, 910.02 real, 202 MB
[runlim] sample:		919.03 time, 920.02 real, 220 MB
[runlim] sample:		929.02 time, 930.02 real, 116 MB
[runlim] sample:		939.02 time, 940.02 real, 177 MB
[runlim] sample:		949.03 time, 950.02 real, 205 MB
[runlim] sample:		959.02 time, 960.02 real, 247 MB
[runlim] sample:		969.02 time, 970.02 real, 116 MB
[runlim] sample:		979.02 time, 980.02 real, 116 MB
[runlim] sample:		989.03 time, 990.02 real, 173 MB
[runlim] sample:		999.02 time, 1000.02 real, 208 MB
[runlim] sample:		1009.03 time, 1010.02 real, 240 MB
[runlim] sample:		1019.03 time, 1020.02 real, 116 MB
[runlim] sample:		1029.03 time, 1030.02 real, 116 MB
[runlim] sample:		1039.02 time, 1040.02 real, 168 MB
[runlim] sample:		1049.02 time, 1050.02 real, 183 MB
[runlim] sample:		1059.02 time, 1060.02 real, 219 MB
[runlim] sample:		1069.02 time, 1070.02 real, 241 MB
[runlim] sample:		1079.02 time, 1080.02 real, 273 MB
[runlim] sample:		1089.02 time, 1090.02 real, 150 MB
[runlim] sample:		1099.02 time, 1100.02 real, 186 MB
[runlim] sample:		1109.03 time, 1110.02 real, 236 MB
[runlim] sample:		1119.03 time, 1120.02 real, 266 MB
[runlim] sample:		1129.02 time, 1130.02 real, 116 MB
[runlim] sample:		1139.02 time, 1140.02 real, 179 MB
[runlim] sample:		1149.02 time, 1150.02 real, 228 MB
[runlim] sample:		1159.02 time, 1160.02 real, 267 MB
[runlim] sample:		1169.02 time, 1170.02 real, 116 MB
[runlim] sample:		1179.02 time, 1180.02 real, 170 MB
[runlim] sample:		1189.02 time, 1190.02 real, 202 MB
[runlim] sample:		1199.02 time, 1200.02 real, 247 MB
[runlim] sample:		1209.02 time, 1210.02 real, 275 MB
[runlim] sample:		1219.02 time, 1220.02 real, 118 MB
[runlim] sample:		1229.02 time, 1230.02 real, 194 MB
[runlim] sample:		1239.03 time, 1240.02 real, 218 MB
[runlim] sample:		1249.02 time, 1250.02 real, 253 MB
[runlim] sample:		1259.02 time, 1260.02 real, 266 MB
[runlim] sample:		1269.02 time, 1270.02 real, 120 MB
[runlim] sample:		1279.02 time, 1280.02 real, 120 MB
[runlim] sample:		1289.02 time, 1290.02 real, 191 MB
[runlim] sample:		1299.02 time, 1300.02 real, 217 MB
[runlim] sample:		1309.02 time, 1310.02 real, 245 MB
[runlim] sample:		1319.02 time, 1320.02 real, 283 MB
[runlim] sample:		1329.02 time, 1330.02 real, 122 MB
[runlim] sample:		1339.02 time, 1340.02 real, 172 MB
[runlim] sample:		1349.02 time, 1350.02 real, 211 MB
[runlim] sample:		1359.02 time, 1360.02 real, 228 MB
[runlim] sample:		1369.02 time, 1370.02 real, 262 MB
[runlim] sample:		1379.02 time, 1380.02 real, 289 MB
[runlim] sample:		1389.02 time, 1390.02 real, 166 MB
[runlim] sample:		1399.02 time, 1400.02 real, 237 MB
[runlim] sample:		1409.02 time, 1410.02 real, 251 MB
[runlim] sample:		1419.02 time, 1420.02 real, 280 MB
[runlim] sample:		1429.02 time, 1430.02 real, 156 MB
[runlim] sample:		1439.02 time, 1440.02 real, 169 MB
[runlim] sample:		1449.02 time, 1450.02 real, 186 MB
[runlim] sample:		1459.01 time, 1460.02 real, 233 MB
[runlim] sample:		1469.02 time, 1470.02 real, 258 MB
[runlim] sample:		1479.02 time, 1480.02 real, 279 MB
[runlim] sample:		1489.01 time, 1490.02 real, 122 MB
[runlim] sample:		1499.02 time, 1500.02 real, 155 MB
[runlim] sample:		1509.02 time, 1510.02 real, 197 MB
[runlim] sample:		1519.02 time, 1520.02 real, 264 MB
[runlim] sample:		1529.02 time, 1530.02 real, 298 MB
[runlim] sample:		1539.02 time, 1540.02 real, 162 MB
[runlim] sample:		1549.02 time, 1550.02 real, 186 MB
[runlim] sample:		1559.02 time, 1560.02 real, 229 MB
[runlim] sample:		1569.02 time, 1570.02 real, 252 MB
[runlim] sample:		1579.01 time, 1580.02 real, 284 MB
[runlim] sample:		1589.01 time, 1590.02 real, 122 MB
[runlim] sample:		1599.01 time, 1600.02 real, 172 MB
[runlim] sample:		1609.01 time, 1610.02 real, 201 MB
[runlim] sample:		1619.02 time, 1620.02 real, 207 MB
[runlim] sample:		1629.02 time, 1630.02 real, 223 MB
[runlim] sample:		1639.02 time, 1640.02 real, 273 MB
[runlim] sample:		1649.02 time, 1650.02 real, 122 MB
[runlim] sample:		1659.01 time, 1660.02 real, 203 MB
[runlim] sample:		1669.02 time, 1670.02 real, 253 MB
[runlim] sample:		1679.02 time, 1680.02 real, 122 MB
[runlim] sample:		1689.01 time, 1690.02 real, 215 MB
[runlim] sample:		1699.01 time, 1700.02 real, 260 MB
[runlim] sample:		1709.01 time, 1710.02 real, 122 MB
[runlim] sample:		1719.01 time, 1720.02 real, 204 MB
[runlim] sample:		1729.02 time, 1730.02 real, 254 MB
[runlim] sample:		1739.02 time, 1740.02 real, 313 MB
[runlim] sample:		1749.01 time, 1750.02 real, 188 MB
[runlim] sample:		1759.02 time, 1760.02 real, 250 MB
[runlim] sample:		1769.02 time, 1770.02 real, 302 MB
[runlim] sample:		1779.01 time, 1780.02 real, 122 MB
[runlim] sample:		1789.01 time, 1790.02 real, 232 MB
[runlim] sample:		1799.02 time, 1800.02 real, 284 MB
[runlim] sample:		1809.01 time, 1810.02 real, 172 MB
[runlim] sample:		1819.01 time, 1820.02 real, 226 MB
[runlim] sample:		1829.01 time, 1830.02 real, 285 MB
[runlim] sample:		1839.01 time, 1840.02 real, 122 MB
[runlim] sample:		1849.01 time, 1850.02 real, 190 MB
[runlim] sample:		1859.02 time, 1860.02 real, 234 MB
[runlim] sample:		1869.01 time, 1870.02 real, 275 MB
[runlim] sample:		1879.01 time, 1880.02 real, 122 MB
[runlim] sample:		1889.01 time, 1890.02 real, 209 MB
[runlim] sample:		1899.02 time, 1900.02 real, 267 MB
[runlim] sample:		1909.01 time, 1910.02 real, 316 MB
[runlim] sample:		1919.01 time, 1920.02 real, 174 MB
[runlim] sample:		1929.01 time, 1930.02 real, 229 MB
[runlim] sample:		1939.01 time, 1940.02 real, 287 MB
[runlim] sample:		1949.02 time, 1950.02 real, 122 MB
[runlim] sample:		1959.01 time, 1960.02 real, 219 MB
[runlim] sample:		1969.00 time, 1970.02 real, 281 MB
[runlim] sample:		1979.01 time, 1980.02 real, 330 MB
[runlim] sample:		1989.01 time, 1990.02 real, 203 MB
[runlim] sample:		1999.01 time, 2000.02 real, 241 MB
[runlim] sample:		2009.01 time, 2010.02 real, 306 MB
[runlim] sample:		2019.01 time, 2020.02 real, 122 MB
[runlim] sample:		2029.01 time, 2030.02 real, 212 MB
[runlim] sample:		2039.01 time, 2040.02 real, 272 MB
[runlim] sample:		2049.01 time, 2050.02 real, 321 MB
[runlim] sample:		2059.01 time, 2060.02 real, 172 MB
[runlim] sample:		2069.01 time, 2070.02 real, 233 MB
[runlim] sample:		2079.01 time, 2080.02 real, 282 MB
[runlim] sample:		2089.00 time, 2090.02 real, 314 MB
[runlim] sample:		2099.01 time, 2100.02 real, 122 MB
[runlim] sample:		2109.00 time, 2110.02 real, 191 MB
[runlim] sample:		2119.00 time, 2120.02 real, 241 MB
[runlim] sample:		2129.01 time, 2130.02 real, 286 MB
[runlim] sample:		2139.01 time, 2140.02 real, 331 MB
[runlim] sample:		2149.01 time, 2150.02 real, 178 MB
[runlim] sample:		2159.01 time, 2160.02 real, 228 MB
[runlim] sample:		2169.01 time, 2170.02 real, 284 MB
[runlim] sample:		2179.00 time, 2180.02 real, 333 MB
[runlim] sample:		2189.00 time, 2190.02 real, 176 MB
[runlim] sample:		2199.00 time, 2200.02 real, 239 MB
[runlim] sample:		2209.00 time, 2210.02 real, 282 MB
[runlim] sample:		2219.01 time, 2220.02 real, 332 MB
[runlim] sample:		2229.01 time, 2230.02 real, 173 MB
[runlim] sample:		2239.01 time, 2240.02 real, 232 MB
[runlim] sample:		2249.01 time, 2250.02 real, 285 MB
[runlim] sample:		2259.01 time, 2260.02 real, 341 MB
[runlim] sample:		2269.00 time, 2270.02 real, 194 MB
[runlim] sample:		2279.00 time, 2280.02 real, 253 MB
[runlim] sample:		2289.01 time, 2290.02 real, 299 MB
[runlim] sample:		2299.00 time, 2300.02 real, 122 MB
[runlim] sample:		2309.00 time, 2310.02 real, 205 MB
[runlim] sample:		2319.00 time, 2320.02 real, 254 MB
[runlim] sample:		2329.01 time, 2330.02 real, 311 MB
[runlim] sample:		2339.01 time, 2340.02 real, 122 MB
[runlim] sample:		2349.01 time, 2350.02 real, 197 MB
[runlim] sample:		2359.01 time, 2360.02 real, 234 MB
[runlim] sample:		2369.01 time, 2370.02 real, 270 MB
[runlim] sample:		2379.01 time, 2380.02 real, 318 MB
[runlim] sample:		2389.00 time, 2390.02 real, 122 MB
[runlim] sample:		2399.00 time, 2400.02 real, 210 MB
[runlim] sample:		2409.01 time, 2410.02 real, 251 MB
[runlim] sample:		2419.00 time, 2420.02 real, 298 MB
[runlim] sample:		2429.01 time, 2430.02 real, 347 MB
[runlim] sample:		2439.00 time, 2440.02 real, 149 MB
[runlim] sample:		2449.00 time, 2450.02 real, 226 MB
[runlim] sample:		2459.00 time, 2460.02 real, 277 MB
[runlim] sample:		2469.00 time, 2470.02 real, 327 MB
[runlim] sample:		2479.00 time, 2480.02 real, 122 MB
[runlim] sample:		2489.00 time, 2490.02 real, 209 MB
[runlim] sample:		2499.01 time, 2500.02 real, 256 MB
[runlim] sample:		2509.00 time, 2510.02 real, 310 MB
[runlim] sample:		2519.00 time, 2520.02 real, 359 MB
[runlim] sample:		2529.00 time, 2530.02 real, 189 MB
[runlim] sample:		2539.00 time, 2540.02 real, 246 MB
[runlim] sample:		2549.00 time, 2550.02 real, 301 MB
[runlim] sample:		2559.00 time, 2560.02 real, 352 MB
[runlim] sample:		2569.00 time, 2570.02 real, 176 MB
[runlim] sample:		2579.00 time, 2580.02 real, 253 MB
[runlim] sample:		2589.00 time, 2590.02 real, 307 MB
[runlim] sample:		2599.00 time, 2600.02 real, 365 MB
[runlim] sample:		2609.00 time, 2610.02 real, 198 MB
[runlim] sample:		2619.00 time, 2620.02 real, 270 MB
[runlim] sample:		2629.00 time, 2630.02 real, 320 MB
[runlim] sample:		2639.00 time, 2640.02 real, 122 MB
[runlim] sample:		2649.00 time, 2650.02 real, 198 MB
[runlim] sample:		2659.00 time, 2660.02 real, 266 MB
[runlim] sample:		2669.00 time, 2670.02 real, 330 MB
[runlim] sample:		2679.00 time, 2680.02 real, 122 MB
[runlim] sample:		2689.00 time, 2690.02 real, 210 MB
[runlim] sample:		2699.00 time, 2700.02 real, 276 MB
[runlim] end:			Sat Feb 29 08:07:50 2020
[runlim] status:		out of time
[runlim] result:		2
[runlim] children:		1
[runlim] real:			2700.12 seconds
[runlim] time:			2699.00 seconds
[runlim] space:			376 MB
[runlim] samples:		27000
