[runlim] version:		1.18
[runlim] host:			c3n30
[runlim] time limit:		2700 seconds
[runlim] real time limit:	2700 seconds
[runlim] space limit:		7000 MB
[runlim] argv[0]:		./binary
[runlim] argv[1]:		/data/cnf/ankit/E1-A1-instances/depots04_8.qdimacs
[runlim] start:			Sat Feb 29 07:22:51 2020
[runlim] child:			11073
[runlim] sample:		9.80 time, 10.02 real, 54 MB
[runlim] sample:		19.80 time, 20.02 real, 44 MB
[runlim] sample:		29.80 time, 30.02 real, 65 MB
[runlim] sample:		39.80 time, 40.02 real, 74 MB
[runlim] sample:		49.80 time, 50.02 real, 75 MB
[runlim] sample:		59.80 time, 60.02 real, 75 MB
[runlim] sample:		69.80 time, 70.02 real, 109 MB
[runlim] sample:		79.80 time, 80.02 real, 75 MB
[runlim] sample:		89.80 time, 90.02 real, 75 MB
[runlim] sample:		99.80 time, 100.02 real, 109 MB
[runlim] sample:		109.80 time, 110.02 real, 75 MB
[runlim] sample:		119.79 time, 120.02 real, 107 MB
[runlim] sample:		129.79 time, 130.02 real, 114 MB
[runlim] sample:		139.80 time, 140.02 real, 75 MB
[runlim] sample:		149.80 time, 150.02 real, 105 MB
[runlim] sample:		159.79 time, 160.02 real, 115 MB
[runlim] sample:		169.80 time, 170.02 real, 124 MB
[runlim] sample:		179.80 time, 180.02 real, 131 MB
[runlim] sample:		189.79 time, 190.02 real, 75 MB
[runlim] sample:		199.79 time, 200.02 real, 116 MB
[runlim] sample:		209.80 time, 210.02 real, 128 MB
[runlim] sample:		219.80 time, 220.02 real, 137 MB
[runlim] sample:		229.79 time, 230.02 real, 75 MB
[runlim] sample:		239.80 time, 240.02 real, 108 MB
[runlim] sample:		249.79 time, 250.02 real, 116 MB
[runlim] sample:		259.79 time, 260.02 real, 121 MB
[runlim] sample:		269.80 time, 270.02 real, 125 MB
[runlim] sample:		279.79 time, 280.02 real, 130 MB
[runlim] sample:		289.79 time, 290.02 real, 134 MB
[runlim] sample:		299.80 time, 300.02 real, 76 MB
[runlim] sample:		309.80 time, 310.02 real, 76 MB
[runlim] sample:		319.80 time, 320.02 real, 112 MB
[runlim] sample:		329.79 time, 330.02 real, 117 MB
[runlim] sample:		339.79 time, 340.02 real, 123 MB
[runlim] sample:		349.79 time, 350.02 real, 132 MB
[runlim] sample:		359.80 time, 360.02 real, 139 MB
[runlim] sample:		369.79 time, 370.02 real, 76 MB
[runlim] sample:		379.79 time, 380.02 real, 111 MB
[runlim] sample:		389.79 time, 390.02 real, 118 MB
[runlim] sample:		399.79 time, 400.02 real, 124 MB
[runlim] sample:		409.79 time, 410.02 real, 135 MB
[runlim] sample:		419.79 time, 420.02 real, 107 MB
[runlim] sample:		429.79 time, 430.02 real, 116 MB
[runlim] sample:		439.79 time, 440.02 real, 127 MB
[runlim] sample:		449.79 time, 450.02 real, 134 MB
[runlim] sample:		459.79 time, 460.02 real, 143 MB
[runlim] sample:		469.79 time, 470.02 real, 149 MB
[runlim] sample:		479.79 time, 480.02 real, 104 MB
[runlim] sample:		489.79 time, 490.02 real, 114 MB
[runlim] sample:		499.79 time, 500.02 real, 125 MB
[runlim] sample:		509.79 time, 510.02 real, 134 MB
[runlim] sample:		519.78 time, 520.02 real, 143 MB
[runlim] sample:		529.79 time, 530.02 real, 149 MB
[runlim] sample:		539.79 time, 540.02 real, 157 MB
[runlim] sample:		549.78 time, 550.02 real, 163 MB
[runlim] sample:		559.79 time, 560.02 real, 73 MB
[runlim] sample:		569.79 time, 570.02 real, 110 MB
[runlim] sample:		579.79 time, 580.02 real, 121 MB
[runlim] sample:		589.78 time, 590.02 real, 128 MB
[runlim] sample:		599.79 time, 600.02 real, 132 MB
[runlim] sample:		609.78 time, 610.02 real, 140 MB
[runlim] sample:		619.78 time, 620.02 real, 150 MB
[runlim] sample:		629.78 time, 630.02 real, 155 MB
[runlim] sample:		639.79 time, 640.02 real, 73 MB
[runlim] sample:		649.79 time, 650.02 real, 106 MB
[runlim] sample:		659.79 time, 660.02 real, 112 MB
[runlim] sample:		669.78 time, 670.02 real, 118 MB
[runlim] sample:		679.79 time, 680.02 real, 126 MB
[runlim] sample:		689.79 time, 690.02 real, 134 MB
[runlim] sample:		699.78 time, 700.02 real, 143 MB
[runlim] sample:		709.78 time, 710.02 real, 153 MB
[runlim] sample:		719.78 time, 720.02 real, 73 MB
[runlim] sample:		729.78 time, 730.02 real, 108 MB
[runlim] sample:		739.79 time, 740.02 real, 114 MB
[runlim] sample:		749.79 time, 750.02 real, 120 MB
[runlim] sample:		759.78 time, 760.02 real, 127 MB
[runlim] sample:		769.78 time, 770.02 real, 135 MB
[runlim] sample:		779.78 time, 780.02 real, 142 MB
[runlim] sample:		789.78 time, 790.02 real, 150 MB
[runlim] sample:		799.78 time, 800.02 real, 156 MB
[runlim] sample:		809.78 time, 810.02 real, 73 MB
[runlim] sample:		819.78 time, 820.02 real, 106 MB
[runlim] sample:		829.78 time, 830.02 real, 116 MB
[runlim] sample:		839.79 time, 840.02 real, 127 MB
[runlim] sample:		849.78 time, 850.02 real, 134 MB
[runlim] sample:		859.79 time, 860.02 real, 138 MB
[runlim] sample:		869.78 time, 870.02 real, 144 MB
[runlim] sample:		879.78 time, 880.02 real, 149 MB
[runlim] sample:		889.78 time, 890.02 real, 153 MB
[runlim] sample:		899.78 time, 900.02 real, 158 MB
[runlim] sample:		909.78 time, 910.02 real, 164 MB
[runlim] sample:		919.78 time, 920.02 real, 168 MB
[runlim] sample:		929.78 time, 930.02 real, 73 MB
[runlim] sample:		939.78 time, 940.02 real, 111 MB
[runlim] sample:		949.78 time, 950.02 real, 120 MB
[runlim] sample:		959.78 time, 960.02 real, 129 MB
[runlim] sample:		969.77 time, 970.02 real, 135 MB
[runlim] sample:		979.78 time, 980.02 real, 143 MB
[runlim] sample:		989.78 time, 990.02 real, 150 MB
[runlim] sample:		999.78 time, 1000.02 real, 156 MB
[runlim] sample:		1009.78 time, 1010.02 real, 160 MB
[runlim] sample:		1019.77 time, 1020.02 real, 164 MB
[runlim] sample:		1029.78 time, 1030.02 real, 168 MB
[runlim] sample:		1039.78 time, 1040.02 real, 174 MB
[runlim] sample:		1049.78 time, 1050.02 real, 179 MB
[runlim] sample:		1059.77 time, 1060.02 real, 184 MB
[runlim] sample:		1069.78 time, 1070.02 real, 106 MB
[runlim] sample:		1079.78 time, 1080.02 real, 118 MB
[runlim] sample:		1089.78 time, 1090.02 real, 126 MB
[runlim] sample:		1099.77 time, 1100.02 real, 134 MB
[runlim] sample:		1109.78 time, 1110.02 real, 142 MB
[runlim] sample:		1119.77 time, 1120.02 real, 150 MB
[runlim] sample:		1129.78 time, 1130.02 real, 158 MB
[runlim] sample:		1139.77 time, 1140.02 real, 166 MB
[runlim] sample:		1149.77 time, 1150.02 real, 171 MB
[runlim] sample:		1159.77 time, 1160.02 real, 176 MB
[runlim] sample:		1169.77 time, 1170.02 real, 181 MB
[runlim] sample:		1179.77 time, 1180.02 real, 185 MB
[runlim] sample:		1189.77 time, 1190.02 real, 190 MB
[runlim] sample:		1199.77 time, 1200.02 real, 194 MB
[runlim] sample:		1209.77 time, 1210.02 real, 103 MB
[runlim] sample:		1219.77 time, 1220.02 real, 112 MB
[runlim] sample:		1229.77 time, 1230.02 real, 123 MB
[runlim] sample:		1239.77 time, 1240.02 real, 131 MB
[runlim] sample:		1249.77 time, 1250.02 real, 138 MB
[runlim] sample:		1259.78 time, 1260.02 real, 145 MB
[runlim] sample:		1269.77 time, 1270.02 real, 152 MB
[runlim] sample:		1279.77 time, 1280.02 real, 159 MB
[runlim] sample:		1289.77 time, 1290.02 real, 165 MB
[runlim] sample:		1299.77 time, 1300.02 real, 170 MB
[runlim] sample:		1309.77 time, 1310.02 real, 175 MB
[runlim] sample:		1319.77 time, 1320.02 real, 180 MB
[runlim] sample:		1329.77 time, 1330.02 real, 185 MB
[runlim] sample:		1339.77 time, 1340.02 real, 189 MB
[runlim] sample:		1349.77 time, 1350.02 real, 192 MB
[runlim] sample:		1359.77 time, 1360.02 real, 196 MB
[runlim] sample:		1369.77 time, 1370.02 real, 107 MB
[runlim] sample:		1379.77 time, 1380.02 real, 119 MB
[runlim] sample:		1389.76 time, 1390.02 real, 127 MB
[runlim] sample:		1399.77 time, 1400.02 real, 134 MB
[runlim] sample:		1409.77 time, 1410.02 real, 141 MB
[runlim] sample:		1419.77 time, 1420.02 real, 146 MB
[runlim] sample:		1429.77 time, 1430.02 real, 152 MB
[runlim] sample:		1439.77 time, 1440.02 real, 158 MB
[runlim] sample:		1449.76 time, 1450.02 real, 165 MB
[runlim] sample:		1459.77 time, 1460.02 real, 171 MB
[runlim] sample:		1469.77 time, 1470.02 real, 177 MB
[runlim] sample:		1479.77 time, 1480.02 real, 183 MB
[runlim] sample:		1489.76 time, 1490.02 real, 187 MB
[runlim] sample:		1499.77 time, 1500.02 real, 194 MB
[runlim] sample:		1509.77 time, 1510.02 real, 199 MB
[runlim] sample:		1519.77 time, 1520.02 real, 204 MB
[runlim] sample:		1529.77 time, 1530.02 real, 128 MB
[runlim] sample:		1539.77 time, 1540.02 real, 137 MB
[runlim] sample:		1549.77 time, 1550.02 real, 147 MB
[runlim] sample:		1559.76 time, 1560.02 real, 157 MB
[runlim] sample:		1569.77 time, 1570.02 real, 163 MB
[runlim] sample:		1579.77 time, 1580.02 real, 169 MB
[runlim] sample:		1589.77 time, 1590.02 real, 175 MB
[runlim] sample:		1599.77 time, 1600.02 real, 180 MB
[runlim] sample:		1609.76 time, 1610.02 real, 184 MB
[runlim] sample:		1619.77 time, 1620.02 real, 190 MB
[runlim] sample:		1629.76 time, 1630.02 real, 196 MB
[runlim] sample:		1639.77 time, 1640.02 real, 203 MB
[runlim] sample:		1649.77 time, 1650.02 real, 211 MB
[runlim] sample:		1659.76 time, 1660.02 real, 217 MB
[runlim] sample:		1669.76 time, 1670.02 real, 223 MB
[runlim] sample:		1679.76 time, 1680.02 real, 228 MB
[runlim] sample:		1689.76 time, 1690.02 real, 123 MB
[runlim] sample:		1699.76 time, 1700.02 real, 135 MB
[runlim] sample:		1709.76 time, 1710.02 real, 146 MB
[runlim] sample:		1719.76 time, 1720.02 real, 157 MB
[runlim] sample:		1729.76 time, 1730.02 real, 160 MB
[runlim] sample:		1739.76 time, 1740.02 real, 166 MB
[runlim] sample:		1749.76 time, 1750.02 real, 171 MB
[runlim] sample:		1759.76 time, 1760.02 real, 177 MB
[runlim] sample:		1769.76 time, 1770.02 real, 183 MB
[runlim] sample:		1779.76 time, 1780.02 real, 188 MB
[runlim] sample:		1789.76 time, 1790.02 real, 194 MB
[runlim] sample:		1799.76 time, 1800.02 real, 200 MB
[runlim] sample:		1809.76 time, 1810.02 real, 204 MB
[runlim] sample:		1819.76 time, 1820.02 real, 210 MB
[runlim] sample:		1829.76 time, 1830.02 real, 215 MB
[runlim] sample:		1839.76 time, 1840.02 real, 220 MB
[runlim] sample:		1849.76 time, 1850.02 real, 224 MB
[runlim] sample:		1859.76 time, 1860.02 real, 228 MB
[runlim] sample:		1869.76 time, 1870.02 real, 232 MB
[runlim] sample:		1879.76 time, 1880.02 real, 236 MB
[runlim] sample:		1889.75 time, 1890.02 real, 130 MB
[runlim] sample:		1899.76 time, 1900.02 real, 140 MB
[runlim] sample:		1909.76 time, 1910.02 real, 149 MB
[runlim] sample:		1919.76 time, 1920.02 real, 157 MB
[runlim] sample:		1929.75 time, 1930.02 real, 165 MB
[runlim] sample:		1939.75 time, 1940.02 real, 172 MB
[runlim] sample:		1949.76 time, 1950.02 real, 179 MB
[runlim] sample:		1959.75 time, 1960.02 real, 184 MB
[runlim] sample:		1969.76 time, 1970.02 real, 189 MB
[runlim] sample:		1979.76 time, 1980.02 real, 195 MB
[runlim] sample:		1989.75 time, 1990.02 real, 200 MB
[runlim] sample:		1999.75 time, 2000.02 real, 204 MB
[runlim] sample:		2009.75 time, 2010.02 real, 207 MB
[runlim] sample:		2019.75 time, 2020.02 real, 210 MB
[runlim] sample:		2029.76 time, 2030.02 real, 213 MB
[runlim] sample:		2039.75 time, 2040.02 real, 217 MB
[runlim] sample:		2049.75 time, 2050.02 real, 220 MB
[runlim] sample:		2059.76 time, 2060.02 real, 224 MB
[runlim] sample:		2069.75 time, 2070.02 real, 227 MB
[runlim] sample:		2079.76 time, 2080.02 real, 232 MB
[runlim] sample:		2089.75 time, 2090.02 real, 237 MB
[runlim] sample:		2099.75 time, 2100.02 real, 239 MB
[runlim] sample:		2109.75 time, 2110.02 real, 243 MB
[runlim] sample:		2119.75 time, 2120.02 real, 127 MB
[runlim] sample:		2129.76 time, 2130.02 real, 135 MB
[runlim] sample:		2139.75 time, 2140.02 real, 144 MB
[runlim] sample:		2149.76 time, 2150.02 real, 153 MB
[runlim] sample:		2159.75 time, 2160.02 real, 159 MB
[runlim] sample:		2169.75 time, 2170.02 real, 163 MB
[runlim] sample:		2179.75 time, 2180.02 real, 170 MB
[runlim] sample:		2189.75 time, 2190.02 real, 175 MB
[runlim] sample:		2199.75 time, 2200.02 real, 180 MB
[runlim] sample:		2209.75 time, 2210.02 real, 185 MB
[runlim] sample:		2219.75 time, 2220.02 real, 189 MB
[runlim] sample:		2229.75 time, 2230.02 real, 194 MB
[runlim] sample:		2239.75 time, 2240.02 real, 199 MB
[runlim] sample:		2249.75 time, 2250.02 real, 204 MB
[runlim] sample:		2259.75 time, 2260.02 real, 208 MB
[runlim] sample:		2269.75 time, 2270.02 real, 212 MB
[runlim] sample:		2279.75 time, 2280.02 real, 217 MB
[runlim] sample:		2289.75 time, 2290.02 real, 221 MB
[runlim] sample:		2299.75 time, 2300.02 real, 226 MB
[runlim] sample:		2309.74 time, 2310.02 real, 230 MB
[runlim] sample:		2319.74 time, 2320.02 real, 233 MB
[runlim] sample:		2329.74 time, 2330.02 real, 236 MB
[runlim] sample:		2339.75 time, 2340.02 real, 239 MB
[runlim] sample:		2349.74 time, 2350.02 real, 242 MB
[runlim] sample:		2359.75 time, 2360.02 real, 129 MB
[runlim] sample:		2369.74 time, 2370.02 real, 136 MB
[runlim] sample:		2379.75 time, 2380.02 real, 144 MB
[runlim] sample:		2389.74 time, 2390.02 real, 152 MB
[runlim] sample:		2399.74 time, 2400.02 real, 158 MB
[runlim] sample:		2409.75 time, 2410.02 real, 164 MB
[runlim] sample:		2419.75 time, 2420.02 real, 169 MB
[runlim] sample:		2429.74 time, 2430.02 real, 176 MB
[runlim] sample:		2439.74 time, 2440.02 real, 182 MB
[runlim] sample:		2449.74 time, 2450.02 real, 186 MB
[runlim] sample:		2459.75 time, 2460.02 real, 190 MB
[runlim] sample:		2469.75 time, 2470.02 real, 195 MB
[runlim] sample:		2479.75 time, 2480.02 real, 201 MB
[runlim] sample:		2489.74 time, 2490.02 real, 207 MB
[runlim] sample:		2499.74 time, 2500.02 real, 212 MB
[runlim] sample:		2509.74 time, 2510.02 real, 217 MB
[runlim] sample:		2519.75 time, 2520.02 real, 221 MB
[runlim] sample:		2529.74 time, 2530.02 real, 223 MB
[runlim] sample:		2539.74 time, 2540.02 real, 227 MB
[runlim] sample:		2549.74 time, 2550.02 real, 230 MB
[runlim] sample:		2559.74 time, 2560.02 real, 233 MB
[runlim] sample:		2569.74 time, 2570.02 real, 237 MB
[runlim] sample:		2579.74 time, 2580.02 real, 241 MB
[runlim] sample:		2589.74 time, 2590.02 real, 245 MB
[runlim] sample:		2599.74 time, 2600.02 real, 128 MB
[runlim] sample:		2609.74 time, 2610.02 real, 138 MB
[runlim] sample:		2619.73 time, 2620.02 real, 147 MB
[runlim] sample:		2629.74 time, 2630.02 real, 155 MB
[runlim] sample:		2639.73 time, 2640.02 real, 163 MB
[runlim] sample:		2649.74 time, 2650.02 real, 169 MB
[runlim] sample:		2659.74 time, 2660.02 real, 175 MB
[runlim] sample:		2669.73 time, 2670.02 real, 181 MB
[runlim] sample:		2679.73 time, 2680.02 real, 187 MB
[runlim] sample:		2689.74 time, 2690.02 real, 193 MB
[runlim] sample:		2699.74 time, 2700.02 real, 198 MB
[runlim] end:			Sat Feb 29 08:07:51 2020
[runlim] status:		out of time
[runlim] result:		2
[runlim] children:		1
[runlim] real:			2700.11 seconds
[runlim] time:			2699.74 seconds
[runlim] space:			248 MB
[runlim] samples:		27000
