[runlim] version:		1.18
[runlim] host:			c3n29
[runlim] time limit:		2700 seconds
[runlim] real time limit:	2700 seconds
[runlim] space limit:		7000 MB
[runlim] argv[0]:		./binary
[runlim] argv[1]:		/data/cnf/ankit/E1-A1-instances/depots08_6.qdimacs
[runlim] start:			Sat Feb 29 07:22:50 2020
[runlim] child:			9801
[runlim] sample:		9.86 time, 10.02 real, 55 MB
[runlim] sample:		19.86 time, 20.02 real, 84 MB
[runlim] sample:		29.86 time, 30.02 real, 88 MB
[runlim] sample:		39.86 time, 40.02 real, 129 MB
[runlim] sample:		49.86 time, 50.02 real, 123 MB
[runlim] sample:		59.86 time, 60.02 real, 140 MB
[runlim] sample:		69.86 time, 70.02 real, 123 MB
[runlim] sample:		79.86 time, 80.02 real, 139 MB
[runlim] sample:		89.86 time, 90.02 real, 154 MB
[runlim] sample:		99.86 time, 100.02 real, 131 MB
[runlim] sample:		109.86 time, 110.02 real, 147 MB
[runlim] sample:		119.86 time, 120.02 real, 154 MB
[runlim] sample:		129.86 time, 130.02 real, 118 MB
[runlim] sample:		139.86 time, 140.02 real, 133 MB
[runlim] sample:		149.86 time, 150.02 real, 142 MB
[runlim] sample:		159.86 time, 160.02 real, 152 MB
[runlim] sample:		169.86 time, 170.02 real, 162 MB
[runlim] sample:		179.86 time, 180.02 real, 172 MB
[runlim] sample:		189.86 time, 190.02 real, 122 MB
[runlim] sample:		199.86 time, 200.02 real, 136 MB
[runlim] sample:		209.86 time, 210.02 real, 147 MB
[runlim] sample:		219.86 time, 220.02 real, 157 MB
[runlim] sample:		229.86 time, 230.02 real, 167 MB
[runlim] sample:		239.85 time, 240.02 real, 180 MB
[runlim] sample:		249.86 time, 250.02 real, 191 MB
[runlim] sample:		259.86 time, 260.02 real, 131 MB
[runlim] sample:		269.86 time, 270.02 real, 144 MB
[runlim] sample:		279.86 time, 280.02 real, 157 MB
[runlim] sample:		289.86 time, 290.02 real, 173 MB
[runlim] sample:		299.85 time, 300.02 real, 187 MB
[runlim] sample:		309.86 time, 310.02 real, 193 MB
[runlim] sample:		319.86 time, 320.02 real, 199 MB
[runlim] sample:		329.85 time, 330.02 real, 204 MB
[runlim] sample:		339.86 time, 340.02 real, 132 MB
[runlim] sample:		349.86 time, 350.02 real, 148 MB
[runlim] sample:		359.86 time, 360.02 real, 158 MB
[runlim] sample:		369.86 time, 370.02 real, 164 MB
[runlim] sample:		379.86 time, 380.02 real, 173 MB
[runlim] sample:		389.85 time, 390.02 real, 183 MB
[runlim] sample:		399.85 time, 400.02 real, 192 MB
[runlim] sample:		409.86 time, 410.02 real, 200 MB
[runlim] sample:		419.85 time, 420.02 real, 210 MB
[runlim] sample:		429.86 time, 430.02 real, 215 MB
[runlim] sample:		439.86 time, 440.02 real, 221 MB
[runlim] sample:		449.85 time, 450.02 real, 144 MB
[runlim] sample:		459.86 time, 460.02 real, 155 MB
[runlim] sample:		469.85 time, 470.02 real, 161 MB
[runlim] sample:		479.85 time, 480.02 real, 166 MB
[runlim] sample:		489.85 time, 490.02 real, 173 MB
[runlim] sample:		499.85 time, 500.02 real, 178 MB
[runlim] sample:		509.85 time, 510.02 real, 185 MB
[runlim] sample:		519.85 time, 520.02 real, 190 MB
[runlim] sample:		529.85 time, 530.02 real, 195 MB
[runlim] sample:		539.85 time, 540.02 real, 201 MB
[runlim] sample:		549.86 time, 550.02 real, 206 MB
[runlim] sample:		559.85 time, 560.02 real, 213 MB
[runlim] sample:		569.86 time, 570.02 real, 218 MB
[runlim] sample:		579.85 time, 580.02 real, 147 MB
[runlim] sample:		589.85 time, 590.02 real, 155 MB
[runlim] sample:		599.85 time, 600.02 real, 165 MB
[runlim] sample:		609.86 time, 610.02 real, 173 MB
[runlim] sample:		619.85 time, 620.02 real, 180 MB
[runlim] sample:		629.86 time, 630.02 real, 187 MB
[runlim] sample:		639.85 time, 640.02 real, 195 MB
[runlim] sample:		649.85 time, 650.02 real, 204 MB
[runlim] sample:		659.85 time, 660.02 real, 214 MB
[runlim] sample:		669.85 time, 670.02 real, 223 MB
[runlim] sample:		679.85 time, 680.02 real, 233 MB
[runlim] sample:		689.85 time, 690.02 real, 240 MB
[runlim] sample:		699.86 time, 700.02 real, 154 MB
[runlim] sample:		709.85 time, 710.02 real, 164 MB
[runlim] sample:		719.85 time, 720.02 real, 171 MB
[runlim] sample:		729.85 time, 730.02 real, 182 MB
[runlim] sample:		739.85 time, 740.02 real, 188 MB
[runlim] sample:		749.86 time, 750.02 real, 200 MB
[runlim] sample:		759.85 time, 760.02 real, 210 MB
[runlim] sample:		769.85 time, 770.02 real, 221 MB
[runlim] sample:		779.85 time, 780.02 real, 228 MB
[runlim] sample:		789.85 time, 790.02 real, 236 MB
[runlim] sample:		799.85 time, 800.02 real, 237 MB
[runlim] sample:		809.85 time, 810.02 real, 239 MB
[runlim] sample:		819.85 time, 820.02 real, 241 MB
[runlim] sample:		829.85 time, 830.02 real, 245 MB
[runlim] sample:		839.85 time, 840.02 real, 247 MB
[runlim] sample:		849.85 time, 850.02 real, 250 MB
[runlim] sample:		859.85 time, 860.02 real, 254 MB
[runlim] sample:		869.85 time, 870.02 real, 158 MB
[runlim] sample:		879.85 time, 880.02 real, 163 MB
[runlim] sample:		889.85 time, 890.02 real, 168 MB
[runlim] sample:		899.85 time, 900.02 real, 173 MB
[runlim] sample:		909.85 time, 910.02 real, 179 MB
[runlim] sample:		919.85 time, 920.02 real, 185 MB
[runlim] sample:		929.85 time, 930.02 real, 190 MB
[runlim] sample:		939.84 time, 940.02 real, 195 MB
[runlim] sample:		949.85 time, 950.02 real, 201 MB
[runlim] sample:		959.85 time, 960.02 real, 208 MB
[runlim] sample:		969.84 time, 970.02 real, 214 MB
[runlim] sample:		979.85 time, 980.02 real, 218 MB
[runlim] sample:		989.85 time, 990.02 real, 222 MB
[runlim] sample:		999.85 time, 1000.02 real, 226 MB
[runlim] sample:		1009.85 time, 1010.02 real, 229 MB
[runlim] sample:		1019.85 time, 1020.02 real, 232 MB
[runlim] sample:		1029.85 time, 1030.02 real, 238 MB
[runlim] sample:		1039.84 time, 1040.02 real, 244 MB
[runlim] sample:		1049.85 time, 1050.02 real, 249 MB
[runlim] sample:		1059.84 time, 1060.02 real, 257 MB
[runlim] sample:		1069.84 time, 1070.02 real, 264 MB
[runlim] sample:		1079.85 time, 1080.02 real, 162 MB
[runlim] sample:		1089.85 time, 1090.02 real, 167 MB
[runlim] sample:		1099.85 time, 1100.02 real, 173 MB
[runlim] sample:		1109.84 time, 1110.02 real, 178 MB
[runlim] sample:		1119.84 time, 1120.02 real, 183 MB
[runlim] sample:		1129.85 time, 1130.02 real, 190 MB
[runlim] sample:		1139.84 time, 1140.02 real, 198 MB
[runlim] sample:		1149.85 time, 1150.02 real, 205 MB
[runlim] sample:		1159.84 time, 1160.02 real, 211 MB
[runlim] sample:		1169.84 time, 1170.02 real, 216 MB
[runlim] sample:		1179.84 time, 1180.02 real, 221 MB
[runlim] sample:		1189.85 time, 1190.02 real, 223 MB
[runlim] sample:		1199.84 time, 1200.02 real, 228 MB
[runlim] sample:		1209.84 time, 1210.02 real, 231 MB
[runlim] sample:		1219.85 time, 1220.02 real, 235 MB
[runlim] sample:		1229.85 time, 1230.02 real, 238 MB
[runlim] sample:		1239.84 time, 1240.02 real, 244 MB
[runlim] sample:		1249.84 time, 1250.02 real, 248 MB
[runlim] sample:		1259.85 time, 1260.02 real, 253 MB
[runlim] sample:		1269.84 time, 1270.02 real, 259 MB
[runlim] sample:		1279.84 time, 1280.02 real, 264 MB
[runlim] sample:		1289.84 time, 1290.02 real, 272 MB
[runlim] sample:		1299.84 time, 1300.02 real, 282 MB
[runlim] sample:		1309.85 time, 1310.02 real, 285 MB
[runlim] sample:		1319.85 time, 1320.02 real, 167 MB
[runlim] sample:		1329.84 time, 1330.02 real, 172 MB
[runlim] sample:		1339.84 time, 1340.02 real, 179 MB
[runlim] sample:		1349.84 time, 1350.02 real, 187 MB
[runlim] sample:		1359.84 time, 1360.02 real, 197 MB
[runlim] sample:		1369.85 time, 1370.02 real, 203 MB
[runlim] sample:		1379.85 time, 1380.02 real, 208 MB
[runlim] sample:		1389.84 time, 1390.02 real, 214 MB
[runlim] sample:		1399.84 time, 1400.02 real, 221 MB
[runlim] sample:		1409.84 time, 1410.02 real, 224 MB
[runlim] sample:		1419.84 time, 1420.02 real, 229 MB
[runlim] sample:		1429.84 time, 1430.02 real, 236 MB
[runlim] sample:		1439.85 time, 1440.02 real, 241 MB
[runlim] sample:		1449.84 time, 1450.02 real, 248 MB
[runlim] sample:		1459.85 time, 1460.02 real, 254 MB
[runlim] sample:		1469.84 time, 1470.02 real, 261 MB
[runlim] sample:		1479.84 time, 1480.02 real, 269 MB
[runlim] sample:		1489.84 time, 1490.02 real, 271 MB
[runlim] sample:		1499.85 time, 1500.02 real, 275 MB
[runlim] sample:		1509.85 time, 1510.02 real, 278 MB
[runlim] sample:		1519.84 time, 1520.02 real, 280 MB
[runlim] sample:		1529.84 time, 1530.02 real, 282 MB
[runlim] sample:		1539.84 time, 1540.02 real, 285 MB
[runlim] sample:		1549.85 time, 1550.02 real, 288 MB
[runlim] sample:		1559.84 time, 1560.02 real, 292 MB
[runlim] sample:		1569.84 time, 1570.02 real, 297 MB
[runlim] sample:		1579.84 time, 1580.02 real, 300 MB
[runlim] sample:		1589.84 time, 1590.02 real, 302 MB
[runlim] sample:		1599.84 time, 1600.02 real, 305 MB
[runlim] sample:		1609.84 time, 1610.02 real, 172 MB
[runlim] sample:		1619.84 time, 1620.02 real, 175 MB
[runlim] sample:		1629.84 time, 1630.02 real, 180 MB
[runlim] sample:		1639.84 time, 1640.02 real, 183 MB
[runlim] sample:		1649.84 time, 1650.02 real, 190 MB
[runlim] sample:		1659.84 time, 1660.02 real, 194 MB
[runlim] sample:		1669.84 time, 1670.02 real, 199 MB
[runlim] sample:		1679.84 time, 1680.02 real, 203 MB
[runlim] sample:		1689.84 time, 1690.02 real, 210 MB
[runlim] sample:		1699.84 time, 1700.02 real, 216 MB
[runlim] sample:		1709.84 time, 1710.02 real, 224 MB
[runlim] sample:		1719.84 time, 1720.02 real, 229 MB
[runlim] sample:		1729.84 time, 1730.02 real, 234 MB
[runlim] sample:		1739.84 time, 1740.02 real, 237 MB
[runlim] sample:		1749.84 time, 1750.02 real, 243 MB
[runlim] sample:		1759.84 time, 1760.02 real, 248 MB
[runlim] sample:		1769.84 time, 1770.02 real, 251 MB
[runlim] sample:		1779.84 time, 1780.02 real, 257 MB
[runlim] sample:		1789.84 time, 1790.02 real, 262 MB
[runlim] sample:		1799.84 time, 1800.02 real, 267 MB
[runlim] sample:		1809.83 time, 1810.02 real, 269 MB
[runlim] sample:		1819.84 time, 1820.02 real, 272 MB
[runlim] sample:		1829.84 time, 1830.02 real, 275 MB
[runlim] sample:		1839.83 time, 1840.02 real, 278 MB
[runlim] sample:		1849.84 time, 1850.02 real, 280 MB
[runlim] sample:		1859.84 time, 1860.02 real, 284 MB
[runlim] sample:		1869.84 time, 1870.02 real, 289 MB
[runlim] sample:		1879.84 time, 1880.02 real, 294 MB
[runlim] sample:		1889.83 time, 1890.02 real, 298 MB
[runlim] sample:		1899.83 time, 1900.02 real, 304 MB
[runlim] sample:		1909.83 time, 1910.02 real, 307 MB
[runlim] sample:		1919.83 time, 1920.02 real, 310 MB
[runlim] sample:		1929.83 time, 1930.02 real, 312 MB
[runlim] sample:		1939.83 time, 1940.02 real, 180 MB
[runlim] sample:		1949.83 time, 1950.02 real, 185 MB
[runlim] sample:		1959.84 time, 1960.02 real, 193 MB
[runlim] sample:		1969.84 time, 1970.02 real, 198 MB
[runlim] sample:		1979.84 time, 1980.02 real, 204 MB
[runlim] sample:		1989.84 time, 1990.02 real, 209 MB
[runlim] sample:		1999.84 time, 2000.02 real, 215 MB
[runlim] sample:		2009.84 time, 2010.02 real, 223 MB
[runlim] sample:		2019.84 time, 2020.02 real, 229 MB
[runlim] sample:		2029.83 time, 2030.02 real, 232 MB
[runlim] sample:		2039.83 time, 2040.02 real, 236 MB
[runlim] sample:		2049.83 time, 2050.02 real, 241 MB
[runlim] sample:		2059.84 time, 2060.02 real, 246 MB
[runlim] sample:		2069.84 time, 2070.02 real, 250 MB
[runlim] sample:		2079.83 time, 2080.02 real, 254 MB
[runlim] sample:		2089.83 time, 2090.02 real, 258 MB
[runlim] sample:		2099.83 time, 2100.02 real, 262 MB
[runlim] sample:		2109.83 time, 2110.02 real, 265 MB
[runlim] sample:		2119.84 time, 2120.02 real, 269 MB
[runlim] sample:		2129.84 time, 2130.02 real, 272 MB
[runlim] sample:		2139.83 time, 2140.02 real, 274 MB
[runlim] sample:		2149.84 time, 2150.02 real, 276 MB
[runlim] sample:		2159.83 time, 2160.02 real, 280 MB
[runlim] sample:		2169.83 time, 2170.02 real, 282 MB
[runlim] sample:		2179.84 time, 2180.02 real, 284 MB
[runlim] sample:		2189.83 time, 2190.02 real, 286 MB
[runlim] sample:		2199.83 time, 2200.02 real, 288 MB
[runlim] sample:		2209.84 time, 2210.02 real, 292 MB
[runlim] sample:		2219.83 time, 2220.02 real, 295 MB
[runlim] sample:		2229.84 time, 2230.02 real, 300 MB
[runlim] sample:		2239.83 time, 2240.02 real, 303 MB
[runlim] sample:		2249.83 time, 2250.02 real, 307 MB
[runlim] sample:		2259.84 time, 2260.02 real, 311 MB
[runlim] sample:		2269.83 time, 2270.02 real, 316 MB
[runlim] sample:		2279.83 time, 2280.02 real, 319 MB
[runlim] sample:		2289.83 time, 2290.02 real, 323 MB
[runlim] sample:		2299.84 time, 2300.02 real, 326 MB
[runlim] sample:		2309.84 time, 2310.02 real, 328 MB
[runlim] sample:		2319.84 time, 2320.02 real, 186 MB
[runlim] sample:		2329.83 time, 2330.02 real, 189 MB
[runlim] sample:		2339.83 time, 2340.02 real, 195 MB
[runlim] sample:		2349.83 time, 2350.02 real, 203 MB
[runlim] sample:		2359.83 time, 2360.02 real, 207 MB
[runlim] sample:		2369.83 time, 2370.02 real, 211 MB
[runlim] sample:		2379.83 time, 2380.02 real, 219 MB
[runlim] sample:		2389.83 time, 2390.02 real, 222 MB
[runlim] sample:		2399.83 time, 2400.02 real, 228 MB
[runlim] sample:		2409.83 time, 2410.02 real, 233 MB
[runlim] sample:		2419.83 time, 2420.02 real, 236 MB
[runlim] sample:		2429.83 time, 2430.02 real, 239 MB
[runlim] sample:		2439.83 time, 2440.02 real, 243 MB
[runlim] sample:		2449.83 time, 2450.02 real, 247 MB
[runlim] sample:		2459.83 time, 2460.02 real, 250 MB
[runlim] sample:		2469.82 time, 2470.02 real, 253 MB
[runlim] sample:		2479.83 time, 2480.02 real, 260 MB
[runlim] sample:		2489.82 time, 2490.02 real, 268 MB
[runlim] sample:		2499.83 time, 2500.02 real, 277 MB
[runlim] sample:		2509.82 time, 2510.02 real, 281 MB
[runlim] sample:		2519.82 time, 2520.02 real, 284 MB
[runlim] sample:		2529.82 time, 2530.02 real, 286 MB
[runlim] sample:		2539.83 time, 2540.02 real, 290 MB
[runlim] sample:		2549.82 time, 2550.02 real, 295 MB
[runlim] sample:		2559.82 time, 2560.02 real, 298 MB
[runlim] sample:		2569.82 time, 2570.02 real, 302 MB
[runlim] sample:		2579.83 time, 2580.02 real, 306 MB
[runlim] sample:		2589.83 time, 2590.02 real, 312 MB
[runlim] sample:		2599.82 time, 2600.02 real, 316 MB
[runlim] sample:		2609.82 time, 2610.02 real, 323 MB
[runlim] sample:		2619.82 time, 2620.02 real, 327 MB
[runlim] sample:		2629.82 time, 2630.02 real, 331 MB
[runlim] sample:		2639.82 time, 2640.02 real, 334 MB
[runlim] sample:		2649.82 time, 2650.02 real, 337 MB
[runlim] sample:		2659.82 time, 2660.02 real, 340 MB
[runlim] sample:		2669.82 time, 2670.02 real, 345 MB
[runlim] sample:		2679.82 time, 2680.02 real, 350 MB
[runlim] sample:		2689.82 time, 2690.02 real, 194 MB
[runlim] sample:		2699.82 time, 2700.02 real, 201 MB
[runlim] end:			Sat Feb 29 08:07:50 2020
[runlim] status:		out of time
[runlim] result:		2
[runlim] children:		1
[runlim] real:			2700.12 seconds
[runlim] time:			2699.82 seconds
[runlim] space:			419 MB
[runlim] samples:		27000
