[runlim] version:		1.18
[runlim] host:			c3n30
[runlim] time limit:		2700 seconds
[runlim] real time limit:	2700 seconds
[runlim] space limit:		7000 MB
[runlim] argv[0]:		./binary
[runlim] argv[1]:		/data/cnf/ankit/E1-A1-instances/depots02_7.qdimacs
[runlim] start:			Sat Feb 29 07:22:51 2020
[runlim] child:			11065
[runlim] sample:		9.96 time, 10.02 real, 19 MB
[runlim] sample:		19.97 time, 20.02 real, 27 MB
[runlim] sample:		29.96 time, 30.02 real, 44 MB
[runlim] sample:		39.97 time, 40.02 real, 31 MB
[runlim] sample:		49.97 time, 50.02 real, 44 MB
[runlim] sample:		59.96 time, 60.02 real, 46 MB
[runlim] sample:		69.96 time, 70.02 real, 46 MB
[runlim] sample:		79.97 time, 80.02 real, 46 MB
[runlim] sample:		89.97 time, 90.02 real, 46 MB
[runlim] sample:		99.97 time, 100.02 real, 51 MB
[runlim] sample:		109.97 time, 110.02 real, 53 MB
[runlim] sample:		119.97 time, 120.02 real, 53 MB
[runlim] sample:		129.97 time, 130.02 real, 53 MB
[runlim] sample:		139.97 time, 140.02 real, 55 MB
[runlim] sample:		149.97 time, 150.02 real, 55 MB
[runlim] sample:		159.96 time, 160.02 real, 55 MB
[runlim] sample:		169.97 time, 170.02 real, 59 MB
[runlim] sample:		179.96 time, 180.02 real, 60 MB
[runlim] sample:		189.96 time, 190.02 real, 60 MB
[runlim] sample:		199.97 time, 200.02 real, 60 MB
[runlim] sample:		209.96 time, 210.02 real, 90 MB
[runlim] sample:		219.96 time, 220.02 real, 60 MB
[runlim] sample:		229.96 time, 230.02 real, 60 MB
[runlim] sample:		239.96 time, 240.02 real, 60 MB
[runlim] sample:		249.96 time, 250.02 real, 60 MB
[runlim] sample:		259.97 time, 260.02 real, 71 MB
[runlim] sample:		269.97 time, 270.02 real, 71 MB
[runlim] sample:		279.97 time, 280.02 real, 71 MB
[runlim] sample:		289.97 time, 290.02 real, 102 MB
[runlim] sample:		299.96 time, 300.02 real, 105 MB
[runlim] sample:		309.96 time, 310.02 real, 107 MB
[runlim] sample:		319.97 time, 320.02 real, 71 MB
[runlim] sample:		329.97 time, 330.02 real, 71 MB
[runlim] sample:		339.96 time, 340.02 real, 71 MB
[runlim] sample:		349.96 time, 350.02 real, 71 MB
[runlim] sample:		359.97 time, 360.02 real, 71 MB
[runlim] sample:		369.96 time, 370.02 real, 104 MB
[runlim] sample:		379.96 time, 380.02 real, 71 MB
[runlim] sample:		389.96 time, 390.02 real, 71 MB
[runlim] sample:		399.97 time, 400.02 real, 71 MB
[runlim] sample:		409.97 time, 410.02 real, 71 MB
[runlim] sample:		419.97 time, 420.02 real, 71 MB
[runlim] sample:		429.96 time, 430.02 real, 102 MB
[runlim] sample:		439.96 time, 440.02 real, 71 MB
[runlim] sample:		449.96 time, 450.02 real, 71 MB
[runlim] sample:		459.96 time, 460.02 real, 71 MB
[runlim] sample:		469.96 time, 470.02 real, 71 MB
[runlim] sample:		479.96 time, 480.02 real, 103 MB
[runlim] sample:		489.96 time, 490.02 real, 106 MB
[runlim] sample:		499.96 time, 500.02 real, 110 MB
[runlim] sample:		509.96 time, 510.02 real, 71 MB
[runlim] sample:		519.96 time, 520.02 real, 71 MB
[runlim] sample:		529.96 time, 530.02 real, 71 MB
[runlim] sample:		539.96 time, 540.02 real, 71 MB
[runlim] sample:		549.96 time, 550.02 real, 71 MB
[runlim] sample:		559.96 time, 560.02 real, 71 MB
[runlim] sample:		569.96 time, 570.02 real, 104 MB
[runlim] sample:		579.96 time, 580.02 real, 107 MB
[runlim] sample:		589.96 time, 590.02 real, 71 MB
[runlim] sample:		599.96 time, 600.02 real, 71 MB
[runlim] sample:		609.96 time, 610.02 real, 71 MB
[runlim] sample:		619.96 time, 620.02 real, 71 MB
[runlim] sample:		629.96 time, 630.02 real, 102 MB
[runlim] sample:		639.96 time, 640.02 real, 105 MB
[runlim] sample:		649.96 time, 650.02 real, 108 MB
[runlim] sample:		659.96 time, 660.02 real, 111 MB
[runlim] sample:		669.96 time, 670.02 real, 114 MB
[runlim] sample:		679.96 time, 680.02 real, 71 MB
[runlim] sample:		689.96 time, 690.02 real, 71 MB
[runlim] sample:		699.96 time, 700.02 real, 71 MB
[runlim] sample:		709.96 time, 710.02 real, 71 MB
[runlim] sample:		719.96 time, 720.02 real, 101 MB
[runlim] sample:		729.96 time, 730.02 real, 104 MB
[runlim] sample:		739.96 time, 740.02 real, 108 MB
[runlim] sample:		749.96 time, 750.02 real, 111 MB
[runlim] sample:		759.96 time, 760.02 real, 71 MB
[runlim] sample:		769.96 time, 770.02 real, 71 MB
[runlim] sample:		779.96 time, 780.02 real, 71 MB
[runlim] sample:		789.96 time, 790.02 real, 71 MB
[runlim] sample:		799.96 time, 800.02 real, 71 MB
[runlim] sample:		809.95 time, 810.02 real, 103 MB
[runlim] sample:		819.96 time, 820.02 real, 104 MB
[runlim] sample:		829.96 time, 830.02 real, 107 MB
[runlim] sample:		839.95 time, 840.02 real, 109 MB
[runlim] sample:		849.96 time, 850.02 real, 112 MB
[runlim] sample:		859.96 time, 860.02 real, 71 MB
[runlim] sample:		869.96 time, 870.02 real, 71 MB
[runlim] sample:		879.96 time, 880.02 real, 71 MB
[runlim] sample:		889.96 time, 890.02 real, 71 MB
[runlim] sample:		899.96 time, 900.02 real, 71 MB
[runlim] sample:		909.96 time, 910.02 real, 71 MB
[runlim] sample:		919.95 time, 920.02 real, 103 MB
[runlim] sample:		929.95 time, 930.02 real, 107 MB
[runlim] sample:		939.96 time, 940.02 real, 108 MB
[runlim] sample:		949.95 time, 950.02 real, 111 MB
[runlim] sample:		959.95 time, 960.02 real, 112 MB
[runlim] sample:		969.95 time, 970.02 real, 113 MB
[runlim] sample:		979.95 time, 980.02 real, 115 MB
[runlim] sample:		989.95 time, 990.02 real, 71 MB
[runlim] sample:		999.95 time, 1000.02 real, 71 MB
[runlim] sample:		1009.95 time, 1010.02 real, 71 MB
[runlim] sample:		1019.95 time, 1020.02 real, 71 MB
[runlim] sample:		1029.95 time, 1030.02 real, 71 MB
[runlim] sample:		1039.95 time, 1040.02 real, 104 MB
[runlim] sample:		1049.95 time, 1050.02 real, 106 MB
[runlim] sample:		1059.95 time, 1060.02 real, 108 MB
[runlim] sample:		1069.95 time, 1070.02 real, 111 MB
[runlim] sample:		1079.95 time, 1080.02 real, 112 MB
[runlim] sample:		1089.95 time, 1090.02 real, 114 MB
[runlim] sample:		1099.96 time, 1100.02 real, 71 MB
[runlim] sample:		1109.96 time, 1110.02 real, 71 MB
[runlim] sample:		1119.96 time, 1120.02 real, 71 MB
[runlim] sample:		1129.95 time, 1130.02 real, 71 MB
[runlim] sample:		1139.96 time, 1140.02 real, 103 MB
[runlim] sample:		1149.96 time, 1150.02 real, 106 MB
[runlim] sample:		1159.95 time, 1160.02 real, 109 MB
[runlim] sample:		1169.95 time, 1170.02 real, 110 MB
[runlim] sample:		1179.96 time, 1180.02 real, 113 MB
[runlim] end:			Sat Feb 29 07:42:32 2020
[runlim] status:		ok
[runlim] result:		0
[runlim] children:		1
[runlim] real:			1181.27 seconds
[runlim] time:			1181.16 seconds
[runlim] space:			116 MB
[runlim] samples:		11812
