[runlim] version:		1.18
[runlim] host:			c3n29
[runlim] time limit:		2700 seconds
[runlim] real time limit:	2700 seconds
[runlim] space limit:		7000 MB
[runlim] argv[0]:		./binary
[runlim] argv[1]:		/data/cnf/ankit/E1-A1-instances/driverlog04_8.qdimacs
[runlim] start:			Sat Feb 29 07:22:52 2020
[runlim] child:			9924
[runlim] sample:		9.79 time, 10.02 real, 19 MB
[runlim] sample:		19.79 time, 20.02 real, 22 MB
[runlim] sample:		29.79 time, 30.02 real, 24 MB
[runlim] sample:		39.79 time, 40.02 real, 32 MB
[runlim] sample:		49.78 time, 50.02 real, 39 MB
[runlim] sample:		59.78 time, 60.02 real, 39 MB
[runlim] sample:		69.78 time, 70.02 real, 39 MB
[runlim] sample:		79.78 time, 80.02 real, 39 MB
[runlim] sample:		89.78 time, 90.02 real, 39 MB
[runlim] sample:		99.78 time, 100.02 real, 39 MB
[runlim] sample:		109.78 time, 110.02 real, 39 MB
[runlim] sample:		119.78 time, 120.02 real, 39 MB
[runlim] sample:		129.78 time, 130.02 real, 39 MB
[runlim] sample:		139.79 time, 140.02 real, 52 MB
[runlim] sample:		149.79 time, 150.02 real, 58 MB
[runlim] sample:		159.79 time, 160.02 real, 43 MB
[runlim] sample:		169.78 time, 170.02 real, 47 MB
[runlim] sample:		179.79 time, 180.02 real, 51 MB
[runlim] sample:		189.79 time, 190.02 real, 51 MB
[runlim] sample:		199.79 time, 200.02 real, 51 MB
[runlim] sample:		209.79 time, 210.02 real, 62 MB
[runlim] sample:		219.78 time, 220.02 real, 66 MB
[runlim] sample:		229.78 time, 230.02 real, 66 MB
[runlim] sample:		239.78 time, 240.02 real, 66 MB
[runlim] sample:		249.78 time, 250.02 real, 66 MB
[runlim] sample:		259.78 time, 260.02 real, 66 MB
[runlim] sample:		269.78 time, 270.02 real, 66 MB
[runlim] sample:		279.78 time, 280.02 real, 66 MB
[runlim] sample:		289.78 time, 290.02 real, 66 MB
[runlim] sample:		299.78 time, 300.02 real, 66 MB
[runlim] sample:		309.79 time, 310.02 real, 66 MB
[runlim] sample:		319.79 time, 320.02 real, 66 MB
[runlim] sample:		329.79 time, 330.02 real, 66 MB
[runlim] sample:		339.79 time, 340.02 real, 66 MB
[runlim] sample:		349.79 time, 350.02 real, 97 MB
[runlim] sample:		359.78 time, 360.02 real, 66 MB
[runlim] sample:		369.78 time, 370.02 real, 66 MB
[runlim] sample:		379.78 time, 380.02 real, 66 MB
[runlim] sample:		389.78 time, 390.02 real, 66 MB
[runlim] sample:		399.78 time, 400.02 real, 99 MB
[runlim] sample:		409.78 time, 410.02 real, 66 MB
[runlim] sample:		419.78 time, 420.02 real, 66 MB
[runlim] sample:		429.78 time, 430.02 real, 66 MB
[runlim] sample:		439.78 time, 440.02 real, 66 MB
[runlim] sample:		449.78 time, 450.02 real, 66 MB
[runlim] sample:		459.78 time, 460.02 real, 74 MB
[runlim] sample:		469.78 time, 470.02 real, 80 MB
[runlim] sample:		479.78 time, 480.02 real, 80 MB
[runlim] sample:		489.78 time, 490.02 real, 80 MB
[runlim] sample:		499.78 time, 500.02 real, 80 MB
[runlim] sample:		509.78 time, 510.02 real, 80 MB
[runlim] sample:		519.79 time, 520.02 real, 80 MB
[runlim] sample:		529.78 time, 530.02 real, 80 MB
[runlim] sample:		539.78 time, 540.02 real, 80 MB
[runlim] sample:		549.78 time, 550.02 real, 80 MB
[runlim] sample:		559.78 time, 560.02 real, 80 MB
[runlim] sample:		569.78 time, 570.02 real, 80 MB
[runlim] sample:		579.78 time, 580.02 real, 80 MB
[runlim] sample:		589.78 time, 590.02 real, 80 MB
[runlim] sample:		599.78 time, 600.02 real, 80 MB
[runlim] sample:		609.78 time, 610.02 real, 80 MB
[runlim] sample:		619.78 time, 620.02 real, 80 MB
[runlim] sample:		629.78 time, 630.02 real, 80 MB
[runlim] sample:		639.78 time, 640.02 real, 80 MB
[runlim] sample:		649.78 time, 650.02 real, 80 MB
[runlim] sample:		659.78 time, 660.02 real, 80 MB
[runlim] sample:		669.78 time, 670.02 real, 80 MB
[runlim] sample:		679.78 time, 680.02 real, 80 MB
[runlim] sample:		689.78 time, 690.02 real, 80 MB
[runlim] sample:		699.78 time, 700.02 real, 80 MB
[runlim] sample:		709.78 time, 710.02 real, 80 MB
[runlim] sample:		719.78 time, 720.02 real, 80 MB
[runlim] sample:		729.78 time, 730.02 real, 80 MB
[runlim] sample:		739.78 time, 740.02 real, 80 MB
[runlim] sample:		749.78 time, 750.02 real, 80 MB
[runlim] sample:		759.78 time, 760.02 real, 80 MB
[runlim] sample:		769.78 time, 770.02 real, 80 MB
[runlim] sample:		779.78 time, 780.02 real, 80 MB
[runlim] sample:		789.77 time, 790.02 real, 31 MB
[runlim] sample:		799.77 time, 800.02 real, 39 MB
[runlim] sample:		809.77 time, 810.02 real, 74 MB
[runlim] sample:		819.78 time, 820.02 real, 78 MB
[runlim] sample:		829.78 time, 830.02 real, 82 MB
[runlim] sample:		839.78 time, 840.02 real, 87 MB
[runlim] sample:		849.77 time, 850.02 real, 91 MB
[runlim] sample:		859.77 time, 860.02 real, 94 MB
[runlim] sample:		869.77 time, 870.02 real, 44 MB
[runlim] sample:		879.77 time, 880.02 real, 44 MB
[runlim] sample:		889.77 time, 890.02 real, 76 MB
[runlim] sample:		899.77 time, 900.02 real, 81 MB
[runlim] sample:		909.77 time, 910.02 real, 85 MB
[runlim] sample:		919.77 time, 920.02 real, 89 MB
[runlim] sample:		929.77 time, 930.02 real, 92 MB
[runlim] sample:		939.77 time, 940.02 real, 94 MB
[runlim] sample:		949.77 time, 950.02 real, 44 MB
[runlim] sample:		959.77 time, 960.02 real, 44 MB
[runlim] sample:		969.77 time, 970.02 real, 76 MB
[runlim] sample:		979.77 time, 980.02 real, 80 MB
[runlim] sample:		989.77 time, 990.02 real, 84 MB
[runlim] sample:		999.77 time, 1000.02 real, 88 MB
[runlim] sample:		1009.76 time, 1010.02 real, 92 MB
[runlim] sample:		1019.77 time, 1020.02 real, 95 MB
[runlim] sample:		1029.77 time, 1030.02 real, 98 MB
[runlim] sample:		1039.76 time, 1040.02 real, 44 MB
[runlim] sample:		1049.76 time, 1050.02 real, 44 MB
[runlim] sample:		1059.76 time, 1060.02 real, 76 MB
[runlim] sample:		1069.76 time, 1070.02 real, 81 MB
[runlim] sample:		1079.77 time, 1080.02 real, 85 MB
[runlim] sample:		1089.77 time, 1090.02 real, 89 MB
[runlim] sample:		1099.77 time, 1100.02 real, 92 MB
[runlim] sample:		1109.77 time, 1110.02 real, 95 MB
[runlim] sample:		1119.76 time, 1120.02 real, 98 MB
[runlim] sample:		1129.76 time, 1130.02 real, 101 MB
[runlim] sample:		1139.76 time, 1140.02 real, 44 MB
[runlim] sample:		1149.76 time, 1150.02 real, 44 MB
[runlim] sample:		1159.76 time, 1160.02 real, 78 MB
[runlim] sample:		1169.76 time, 1170.02 real, 82 MB
[runlim] sample:		1179.76 time, 1180.02 real, 87 MB
[runlim] sample:		1189.76 time, 1190.02 real, 90 MB
[runlim] sample:		1199.76 time, 1200.02 real, 94 MB
[runlim] sample:		1209.76 time, 1210.02 real, 96 MB
[runlim] sample:		1219.76 time, 1220.02 real, 99 MB
[runlim] sample:		1229.75 time, 1230.02 real, 102 MB
[runlim] sample:		1239.75 time, 1240.02 real, 104 MB
[runlim] sample:		1249.76 time, 1250.02 real, 44 MB
[runlim] sample:		1259.76 time, 1260.02 real, 76 MB
[runlim] sample:		1269.76 time, 1270.02 real, 80 MB
[runlim] sample:		1279.75 time, 1280.02 real, 84 MB
[runlim] sample:		1289.75 time, 1290.02 real, 87 MB
[runlim] sample:		1299.75 time, 1300.02 real, 89 MB
[runlim] sample:		1309.75 time, 1310.02 real, 92 MB
[runlim] sample:		1319.75 time, 1320.02 real, 93 MB
[runlim] sample:		1329.76 time, 1330.02 real, 95 MB
[runlim] sample:		1339.76 time, 1340.02 real, 96 MB
[runlim] sample:		1349.76 time, 1350.02 real, 99 MB
[runlim] sample:		1359.75 time, 1360.02 real, 45 MB
[runlim] sample:		1369.75 time, 1370.02 real, 45 MB
[runlim] sample:		1379.75 time, 1380.02 real, 75 MB
[runlim] sample:		1389.75 time, 1390.02 real, 79 MB
[runlim] sample:		1399.75 time, 1400.02 real, 82 MB
[runlim] sample:		1409.75 time, 1410.02 real, 85 MB
[runlim] sample:		1419.75 time, 1420.02 real, 89 MB
[runlim] sample:		1429.75 time, 1430.02 real, 92 MB
[runlim] sample:		1439.75 time, 1440.02 real, 94 MB
[runlim] sample:		1449.76 time, 1450.02 real, 96 MB
[runlim] sample:		1459.75 time, 1460.02 real, 99 MB
[runlim] sample:		1469.75 time, 1470.02 real, 45 MB
[runlim] sample:		1479.75 time, 1480.02 real, 45 MB
[runlim] sample:		1489.75 time, 1490.02 real, 78 MB
[runlim] sample:		1499.75 time, 1500.02 real, 81 MB
[runlim] sample:		1509.75 time, 1510.02 real, 84 MB
[runlim] sample:		1519.75 time, 1520.02 real, 87 MB
[runlim] sample:		1529.75 time, 1530.02 real, 90 MB
[runlim] sample:		1539.74 time, 1540.02 real, 92 MB
[runlim] sample:		1549.75 time, 1550.02 real, 94 MB
[runlim] sample:		1559.75 time, 1560.02 real, 97 MB
[runlim] sample:		1569.75 time, 1570.02 real, 99 MB
[runlim] sample:		1579.74 time, 1580.02 real, 46 MB
[runlim] sample:		1589.74 time, 1590.02 real, 49 MB
[runlim] sample:		1599.75 time, 1600.02 real, 80 MB
[runlim] sample:		1609.75 time, 1610.02 real, 84 MB
[runlim] sample:		1619.75 time, 1620.02 real, 89 MB
[runlim] sample:		1629.75 time, 1630.02 real, 93 MB
[runlim] sample:		1639.74 time, 1640.02 real, 96 MB
[runlim] sample:		1649.74 time, 1650.02 real, 98 MB
[runlim] sample:		1659.75 time, 1660.02 real, 101 MB
[runlim] sample:		1669.74 time, 1670.02 real, 103 MB
[runlim] sample:		1679.74 time, 1680.02 real, 105 MB
[runlim] sample:		1689.75 time, 1690.02 real, 107 MB
[runlim] sample:		1699.74 time, 1700.02 real, 109 MB
[runlim] sample:		1709.74 time, 1710.02 real, 49 MB
[runlim] sample:		1719.74 time, 1720.02 real, 49 MB
[runlim] sample:		1729.74 time, 1730.02 real, 83 MB
[runlim] sample:		1739.74 time, 1740.02 real, 86 MB
[runlim] sample:		1749.74 time, 1750.02 real, 89 MB
[runlim] sample:		1759.75 time, 1760.02 real, 93 MB
[runlim] sample:		1769.74 time, 1770.02 real, 95 MB
[runlim] sample:		1779.74 time, 1780.02 real, 98 MB
[runlim] sample:		1789.74 time, 1790.02 real, 101 MB
[runlim] sample:		1799.74 time, 1800.02 real, 103 MB
[runlim] sample:		1809.74 time, 1810.02 real, 106 MB
[runlim] sample:		1819.74 time, 1820.02 real, 108 MB
[runlim] sample:		1829.74 time, 1830.02 real, 110 MB
[runlim] sample:		1839.73 time, 1840.02 real, 49 MB
[runlim] sample:		1849.73 time, 1850.02 real, 49 MB
[runlim] sample:		1859.73 time, 1860.02 real, 83 MB
[runlim] sample:		1869.74 time, 1870.02 real, 86 MB
[runlim] sample:		1879.74 time, 1880.02 real, 90 MB
[runlim] sample:		1889.73 time, 1890.02 real, 92 MB
[runlim] sample:		1899.74 time, 1900.02 real, 95 MB
[runlim] sample:		1909.74 time, 1910.02 real, 98 MB
[runlim] sample:		1919.74 time, 1920.02 real, 101 MB
[runlim] sample:		1929.73 time, 1930.02 real, 104 MB
[runlim] sample:		1939.73 time, 1940.02 real, 106 MB
[runlim] sample:		1949.74 time, 1950.02 real, 108 MB
[runlim] sample:		1959.73 time, 1960.02 real, 111 MB
[runlim] sample:		1969.73 time, 1970.02 real, 112 MB
[runlim] sample:		1979.73 time, 1980.02 real, 49 MB
[runlim] sample:		1989.74 time, 1990.02 real, 50 MB
[runlim] sample:		1999.73 time, 2000.02 real, 82 MB
[runlim] sample:		2009.74 time, 2010.02 real, 87 MB
[runlim] sample:		2019.72 time, 2020.02 real, 90 MB
[runlim] sample:		2029.73 time, 2030.02 real, 94 MB
[runlim] sample:		2039.74 time, 2040.02 real, 97 MB
[runlim] sample:		2049.74 time, 2050.02 real, 101 MB
[runlim] sample:		2059.73 time, 2060.02 real, 104 MB
[runlim] sample:		2069.73 time, 2070.02 real, 106 MB
[runlim] sample:		2079.73 time, 2080.02 real, 109 MB
[runlim] sample:		2089.73 time, 2090.02 real, 111 MB
[runlim] sample:		2099.73 time, 2100.02 real, 113 MB
[runlim] sample:		2109.73 time, 2110.02 real, 115 MB
[runlim] sample:		2119.73 time, 2120.02 real, 50 MB
[runlim] sample:		2129.73 time, 2130.02 real, 80 MB
[runlim] sample:		2139.73 time, 2140.02 real, 84 MB
[runlim] sample:		2149.73 time, 2150.02 real, 88 MB
[runlim] sample:		2159.73 time, 2160.02 real, 92 MB
[runlim] sample:		2169.73 time, 2170.02 real, 95 MB
[runlim] sample:		2179.73 time, 2180.02 real, 98 MB
[runlim] sample:		2189.72 time, 2190.02 real, 101 MB
[runlim] sample:		2199.72 time, 2200.02 real, 104 MB
[runlim] sample:		2209.73 time, 2210.02 real, 107 MB
[runlim] sample:		2219.73 time, 2220.02 real, 110 MB
[runlim] sample:		2229.73 time, 2230.02 real, 112 MB
[runlim] sample:		2239.73 time, 2240.02 real, 115 MB
[runlim] sample:		2249.72 time, 2250.02 real, 117 MB
[runlim] sample:		2259.72 time, 2260.02 real, 120 MB
[runlim] sample:		2269.72 time, 2270.02 real, 50 MB
[runlim] sample:		2279.72 time, 2280.02 real, 80 MB
[runlim] sample:		2289.72 time, 2290.02 real, 84 MB
[runlim] sample:		2299.72 time, 2300.02 real, 89 MB
[runlim] sample:		2309.71 time, 2310.02 real, 93 MB
[runlim] sample:		2319.72 time, 2320.02 real, 96 MB
[runlim] sample:		2329.72 time, 2330.02 real, 98 MB
[runlim] sample:		2339.72 time, 2340.02 real, 101 MB
[runlim] sample:		2349.71 time, 2350.02 real, 104 MB
[runlim] sample:		2359.72 time, 2360.02 real, 107 MB
[runlim] sample:		2369.72 time, 2370.02 real, 110 MB
[runlim] sample:		2379.72 time, 2380.02 real, 112 MB
[runlim] sample:		2389.72 time, 2390.02 real, 114 MB
[runlim] sample:		2399.72 time, 2400.02 real, 117 MB
[runlim] sample:		2409.71 time, 2410.02 real, 119 MB
[runlim] sample:		2419.71 time, 2420.02 real, 121 MB
[runlim] sample:		2429.72 time, 2430.02 real, 123 MB
[runlim] sample:		2439.71 time, 2440.02 real, 50 MB
[runlim] sample:		2449.72 time, 2450.02 real, 83 MB
[runlim] sample:		2459.72 time, 2460.02 real, 87 MB
[runlim] sample:		2469.71 time, 2470.02 real, 91 MB
[runlim] sample:		2479.71 time, 2480.02 real, 94 MB
[runlim] sample:		2489.71 time, 2490.02 real, 98 MB
[runlim] sample:		2499.71 time, 2500.02 real, 101 MB
[runlim] sample:		2509.71 time, 2510.02 real, 104 MB
[runlim] sample:		2519.71 time, 2520.02 real, 106 MB
[runlim] sample:		2529.71 time, 2530.02 real, 109 MB
[runlim] sample:		2539.71 time, 2540.02 real, 112 MB
[runlim] sample:		2549.71 time, 2550.02 real, 114 MB
[runlim] sample:		2559.71 time, 2560.02 real, 117 MB
[runlim] sample:		2569.71 time, 2570.02 real, 119 MB
[runlim] sample:		2579.71 time, 2580.02 real, 121 MB
[runlim] sample:		2589.71 time, 2590.02 real, 123 MB
[runlim] sample:		2599.71 time, 2600.02 real, 50 MB
[runlim] sample:		2609.71 time, 2610.02 real, 50 MB
[runlim] sample:		2619.71 time, 2620.02 real, 85 MB
[runlim] sample:		2629.71 time, 2630.02 real, 90 MB
[runlim] sample:		2639.71 time, 2640.02 real, 94 MB
[runlim] sample:		2649.71 time, 2650.02 real, 97 MB
[runlim] sample:		2659.71 time, 2660.02 real, 100 MB
[runlim] sample:		2669.71 time, 2670.02 real, 103 MB
[runlim] sample:		2679.71 time, 2680.02 real, 106 MB
[runlim] sample:		2689.71 time, 2690.02 real, 109 MB
[runlim] sample:		2699.71 time, 2700.02 real, 112 MB
[runlim] end:			Sat Feb 29 08:07:52 2020
[runlim] status:		out of time
[runlim] result:		2
[runlim] children:		1
[runlim] real:			2700.14 seconds
[runlim] time:			2699.71 seconds
[runlim] space:			125 MB
[runlim] samples:		27000
