[runlim] version:		1.18
[runlim] host:			c3n16
[runlim] time limit:		2700 seconds
[runlim] real time limit:	2700 seconds
[runlim] space limit:		7000 MB
[runlim] argv[0]:		./binary
[runlim] argv[1]:		/data/cnf/ankit/E1-A1-instances/driverlog07_7.qdimacs
[runlim] start:			Sat Feb 29 07:22:50 2020
[runlim] child:			21913
[runlim] sample:		9.95 time, 10.02 real, 17 MB
[runlim] sample:		19.95 time, 20.02 real, 18 MB
[runlim] sample:		29.95 time, 30.02 real, 22 MB
[runlim] sample:		39.95 time, 40.02 real, 23 MB
[runlim] sample:		49.95 time, 50.02 real, 25 MB
[runlim] sample:		59.94 time, 60.02 real, 28 MB
[runlim] sample:		69.94 time, 70.02 real, 28 MB
[runlim] sample:		79.94 time, 80.02 real, 32 MB
[runlim] sample:		89.94 time, 90.02 real, 32 MB
[runlim] sample:		99.95 time, 100.02 real, 45 MB
[runlim] sample:		109.95 time, 110.02 real, 33 MB
[runlim] sample:		119.95 time, 120.02 real, 33 MB
[runlim] sample:		129.95 time, 130.02 real, 33 MB
[runlim] sample:		139.95 time, 140.02 real, 42 MB
[runlim] sample:		149.95 time, 150.02 real, 44 MB
[runlim] sample:		159.95 time, 160.02 real, 45 MB
[runlim] sample:		169.94 time, 170.02 real, 46 MB
[runlim] sample:		179.94 time, 180.02 real, 46 MB
[runlim] sample:		189.95 time, 190.02 real, 46 MB
[runlim] sample:		199.95 time, 200.02 real, 46 MB
[runlim] sample:		209.95 time, 210.02 real, 46 MB
[runlim] sample:		219.95 time, 220.02 real, 47 MB
[runlim] sample:		229.95 time, 230.02 real, 47 MB
[runlim] sample:		239.95 time, 240.02 real, 47 MB
[runlim] sample:		249.95 time, 250.02 real, 47 MB
[runlim] sample:		259.95 time, 260.02 real, 47 MB
[runlim] sample:		269.95 time, 270.02 real, 47 MB
[runlim] sample:		279.95 time, 280.02 real, 55 MB
[runlim] sample:		289.95 time, 290.02 real, 61 MB
[runlim] sample:		299.94 time, 300.02 real, 65 MB
[runlim] sample:		309.94 time, 310.02 real, 65 MB
[runlim] sample:		319.95 time, 320.02 real, 65 MB
[runlim] sample:		329.95 time, 330.02 real, 65 MB
[runlim] sample:		339.95 time, 340.02 real, 65 MB
[runlim] sample:		349.94 time, 350.02 real, 65 MB
[runlim] sample:		359.94 time, 360.02 real, 65 MB
[runlim] sample:		369.94 time, 370.02 real, 65 MB
[runlim] sample:		379.95 time, 380.02 real, 65 MB
[runlim] sample:		389.95 time, 390.02 real, 65 MB
[runlim] sample:		399.95 time, 400.02 real, 65 MB
[runlim] sample:		409.95 time, 410.02 real, 65 MB
[runlim] sample:		419.95 time, 420.02 real, 65 MB
[runlim] sample:		429.95 time, 430.02 real, 65 MB
[runlim] end:			Sat Feb 29 07:30:08 2020
[runlim] status:		ok
[runlim] result:		0
[runlim] children:		1
[runlim] real:			437.58 seconds
[runlim] time:			437.45 seconds
[runlim] space:			67 MB
[runlim] samples:		4375
