[runlim] version:		1.18
[runlim] host:			c3n23
[runlim] time limit:		2700 seconds
[runlim] real time limit:	2700 seconds
[runlim] space limit:		7000 MB
[runlim] argv[0]:		./binary
[runlim] argv[1]:		/data/cnf/ankit/E1-A1-instances/dungeon_i25-m12-u3-v0.pddl_planlen=146.qdimacs
[runlim] start:			Sat Feb 29 07:22:51 2020
[runlim] child:			17159
[runlim] sample:		9.68 time, 10.02 real, 88 MB
[runlim] sample:		19.68 time, 20.02 real, 92 MB
[runlim] sample:		29.67 time, 30.02 real, 93 MB
[runlim] sample:		39.68 time, 40.02 real, 98 MB
[runlim] sample:		49.67 time, 50.02 real, 94 MB
[runlim] sample:		59.68 time, 60.02 real, 118 MB
[runlim] sample:		69.68 time, 70.02 real, 154 MB
[runlim] sample:		79.67 time, 80.02 real, 125 MB
[runlim] sample:		89.67 time, 90.02 real, 125 MB
[runlim] sample:		99.67 time, 100.02 real, 155 MB
[runlim] sample:		109.68 time, 110.02 real, 160 MB
[runlim] sample:		119.67 time, 120.02 real, 166 MB
[runlim] sample:		129.67 time, 130.02 real, 125 MB
[runlim] sample:		139.67 time, 140.02 real, 157 MB
[runlim] sample:		149.67 time, 150.02 real, 161 MB
[runlim] sample:		159.67 time, 160.02 real, 167 MB
[runlim] sample:		169.67 time, 170.02 real, 174 MB
[runlim] sample:		179.67 time, 180.02 real, 177 MB
[runlim] sample:		189.67 time, 190.02 real, 183 MB
[runlim] sample:		199.67 time, 200.02 real, 154 MB
[runlim] sample:		209.67 time, 210.02 real, 160 MB
[runlim] sample:		219.67 time, 220.02 real, 166 MB
[runlim] sample:		229.67 time, 230.02 real, 173 MB
[runlim] sample:		239.67 time, 240.02 real, 177 MB
[runlim] sample:		249.67 time, 250.02 real, 182 MB
[runlim] sample:		259.67 time, 260.02 real, 185 MB
[runlim] sample:		269.67 time, 270.02 real, 190 MB
[runlim] sample:		279.67 time, 280.02 real, 195 MB
[runlim] sample:		289.67 time, 290.02 real, 158 MB
[runlim] sample:		299.66 time, 300.02 real, 163 MB
[runlim] sample:		309.67 time, 310.02 real, 168 MB
[runlim] sample:		319.66 time, 320.02 real, 176 MB
[runlim] sample:		329.67 time, 330.02 real, 179 MB
[runlim] sample:		339.66 time, 340.02 real, 181 MB
[runlim] sample:		349.67 time, 350.02 real, 186 MB
[runlim] sample:		359.66 time, 360.02 real, 191 MB
[runlim] sample:		369.67 time, 370.02 real, 195 MB
[runlim] sample:		379.67 time, 380.02 real, 199 MB
[runlim] sample:		389.67 time, 390.02 real, 157 MB
[runlim] sample:		399.66 time, 400.02 real, 165 MB
[runlim] sample:		409.66 time, 410.02 real, 171 MB
[runlim] sample:		419.66 time, 420.02 real, 176 MB
[runlim] sample:		429.66 time, 430.02 real, 180 MB
[runlim] sample:		439.66 time, 440.02 real, 186 MB
[runlim] sample:		449.66 time, 450.02 real, 189 MB
[runlim] sample:		459.67 time, 460.02 real, 193 MB
[runlim] sample:		469.66 time, 470.02 real, 198 MB
[runlim] sample:		479.66 time, 480.02 real, 201 MB
[runlim] sample:		489.66 time, 490.02 real, 205 MB
[runlim] sample:		499.66 time, 500.02 real, 207 MB
[runlim] sample:		509.66 time, 510.02 real, 211 MB
[runlim] sample:		519.66 time, 520.02 real, 217 MB
[runlim] sample:		529.66 time, 530.02 real, 221 MB
[runlim] sample:		539.66 time, 540.02 real, 165 MB
[runlim] sample:		549.66 time, 550.02 real, 171 MB
[runlim] sample:		559.66 time, 560.02 real, 178 MB
[runlim] sample:		569.66 time, 570.02 real, 182 MB
[runlim] sample:		579.66 time, 580.02 real, 186 MB
[runlim] sample:		589.66 time, 590.02 real, 191 MB
[runlim] sample:		599.65 time, 600.02 real, 197 MB
[runlim] sample:		609.66 time, 610.02 real, 202 MB
[runlim] sample:		619.66 time, 620.02 real, 206 MB
[runlim] sample:		629.65 time, 630.02 real, 211 MB
[runlim] sample:		639.66 time, 640.02 real, 214 MB
[runlim] sample:		649.65 time, 650.02 real, 218 MB
[runlim] sample:		659.66 time, 660.02 real, 222 MB
[runlim] sample:		669.65 time, 670.02 real, 227 MB
[runlim] sample:		679.65 time, 680.02 real, 229 MB
[runlim] sample:		689.66 time, 690.02 real, 231 MB
[runlim] sample:		699.65 time, 700.02 real, 234 MB
[runlim] sample:		709.65 time, 710.02 real, 237 MB
[runlim] sample:		719.65 time, 720.02 real, 166 MB
[runlim] sample:		729.65 time, 730.02 real, 171 MB
[runlim] sample:		739.65 time, 740.02 real, 178 MB
[runlim] sample:		749.65 time, 750.02 real, 184 MB
[runlim] sample:		759.65 time, 760.02 real, 189 MB
[runlim] sample:		769.65 time, 770.02 real, 192 MB
[runlim] sample:		779.65 time, 780.02 real, 201 MB
[runlim] sample:		789.65 time, 790.02 real, 204 MB
[runlim] sample:		799.65 time, 800.02 real, 208 MB
[runlim] sample:		809.65 time, 810.02 real, 210 MB
[runlim] sample:		819.65 time, 820.02 real, 211 MB
[runlim] sample:		829.65 time, 830.02 real, 215 MB
[runlim] sample:		839.64 time, 840.02 real, 220 MB
[runlim] sample:		849.64 time, 850.02 real, 224 MB
[runlim] sample:		859.64 time, 860.02 real, 229 MB
[runlim] sample:		869.65 time, 870.02 real, 232 MB
[runlim] sample:		879.65 time, 880.02 real, 234 MB
[runlim] sample:		889.65 time, 890.02 real, 236 MB
[runlim] sample:		899.64 time, 900.02 real, 238 MB
[runlim] sample:		909.64 time, 910.02 real, 241 MB
[runlim] sample:		919.64 time, 920.02 real, 244 MB
[runlim] sample:		929.65 time, 930.02 real, 247 MB
[runlim] sample:		939.64 time, 940.02 real, 170 MB
[runlim] sample:		949.64 time, 950.02 real, 174 MB
[runlim] sample:		959.64 time, 960.02 real, 181 MB
[runlim] sample:		969.64 time, 970.02 real, 185 MB
[runlim] sample:		979.64 time, 980.02 real, 191 MB
[runlim] sample:		989.64 time, 990.02 real, 196 MB
[runlim] sample:		999.64 time, 1000.02 real, 201 MB
[runlim] sample:		1009.64 time, 1010.02 real, 207 MB
[runlim] sample:		1019.65 time, 1020.02 real, 211 MB
[runlim] sample:		1029.65 time, 1030.02 real, 213 MB
[runlim] sample:		1039.64 time, 1040.02 real, 217 MB
[runlim] sample:		1049.64 time, 1050.02 real, 224 MB
[runlim] sample:		1059.64 time, 1060.02 real, 228 MB
[runlim] sample:		1069.64 time, 1070.02 real, 230 MB
[runlim] sample:		1079.65 time, 1080.02 real, 236 MB
[runlim] sample:		1089.65 time, 1090.02 real, 243 MB
[runlim] sample:		1099.65 time, 1100.02 real, 245 MB
[runlim] sample:		1109.65 time, 1110.02 real, 246 MB
[runlim] sample:		1119.64 time, 1120.02 real, 249 MB
[runlim] sample:		1129.64 time, 1130.02 real, 251 MB
[runlim] sample:		1139.65 time, 1140.02 real, 253 MB
[runlim] sample:		1149.64 time, 1150.02 real, 256 MB
[runlim] sample:		1159.65 time, 1160.02 real, 261 MB
[runlim] sample:		1169.64 time, 1170.02 real, 264 MB
[runlim] sample:		1179.64 time, 1180.02 real, 266 MB
[runlim] sample:		1189.64 time, 1190.02 real, 268 MB
[runlim] sample:		1199.64 time, 1200.02 real, 175 MB
[runlim] sample:		1209.64 time, 1210.02 real, 182 MB
[runlim] sample:		1219.64 time, 1220.02 real, 186 MB
[runlim] sample:		1229.64 time, 1230.02 real, 192 MB
[runlim] sample:		1239.64 time, 1240.02 real, 196 MB
[runlim] sample:		1249.64 time, 1250.02 real, 200 MB
[runlim] sample:		1259.64 time, 1260.02 real, 205 MB
[runlim] sample:		1269.64 time, 1270.02 real, 211 MB
[runlim] sample:		1279.64 time, 1280.02 real, 215 MB
[runlim] sample:		1289.64 time, 1290.02 real, 219 MB
[runlim] sample:		1299.63 time, 1300.02 real, 222 MB
[runlim] sample:		1309.64 time, 1310.02 real, 224 MB
[runlim] sample:		1319.64 time, 1320.02 real, 226 MB
[runlim] sample:		1329.64 time, 1330.02 real, 231 MB
[runlim] sample:		1339.64 time, 1340.02 real, 234 MB
[runlim] sample:		1349.64 time, 1350.02 real, 235 MB
[runlim] sample:		1359.64 time, 1360.02 real, 240 MB
[runlim] sample:		1369.64 time, 1370.02 real, 241 MB
[runlim] sample:		1379.64 time, 1380.02 real, 246 MB
[runlim] sample:		1389.64 time, 1390.02 real, 248 MB
[runlim] sample:		1399.64 time, 1400.02 real, 250 MB
[runlim] sample:		1409.63 time, 1410.02 real, 251 MB
[runlim] sample:		1419.63 time, 1420.02 real, 258 MB
[runlim] sample:		1429.64 time, 1430.02 real, 261 MB
[runlim] sample:		1439.64 time, 1440.02 real, 265 MB
[runlim] sample:		1449.64 time, 1450.02 real, 266 MB
[runlim] sample:		1459.63 time, 1460.02 real, 266 MB
[runlim] sample:		1469.63 time, 1470.02 real, 268 MB
[runlim] sample:		1479.64 time, 1480.02 real, 270 MB
[runlim] sample:		1489.63 time, 1490.02 real, 275 MB
[runlim] sample:		1499.64 time, 1500.02 real, 177 MB
[runlim] sample:		1509.64 time, 1510.02 real, 183 MB
[runlim] sample:		1519.63 time, 1520.02 real, 188 MB
[runlim] sample:		1529.64 time, 1530.02 real, 195 MB
[runlim] sample:		1539.63 time, 1540.02 real, 203 MB
[runlim] sample:		1549.63 time, 1550.02 real, 205 MB
[runlim] sample:		1559.63 time, 1560.02 real, 208 MB
[runlim] sample:		1569.63 time, 1570.02 real, 212 MB
[runlim] sample:		1579.64 time, 1580.02 real, 213 MB
[runlim] sample:		1589.63 time, 1590.02 real, 218 MB
[runlim] sample:		1599.63 time, 1600.02 real, 220 MB
[runlim] sample:		1609.64 time, 1610.02 real, 222 MB
[runlim] sample:		1619.64 time, 1620.02 real, 225 MB
[runlim] sample:		1629.64 time, 1630.02 real, 227 MB
[runlim] sample:		1639.64 time, 1640.02 real, 230 MB
[runlim] sample:		1649.63 time, 1650.02 real, 234 MB
[runlim] sample:		1659.63 time, 1660.02 real, 241 MB
[runlim] sample:		1669.63 time, 1670.02 real, 249 MB
[runlim] sample:		1679.64 time, 1680.02 real, 256 MB
[runlim] sample:		1689.63 time, 1690.02 real, 259 MB
[runlim] sample:		1699.64 time, 1700.02 real, 263 MB
[runlim] sample:		1709.64 time, 1710.02 real, 264 MB
[runlim] sample:		1719.64 time, 1720.02 real, 266 MB
[runlim] sample:		1729.64 time, 1730.02 real, 268 MB
[runlim] sample:		1739.63 time, 1740.02 real, 270 MB
[runlim] sample:		1749.63 time, 1750.02 real, 273 MB
[runlim] sample:		1759.63 time, 1760.02 real, 275 MB
[runlim] sample:		1769.63 time, 1770.02 real, 277 MB
[runlim] sample:		1779.63 time, 1780.02 real, 279 MB
[runlim] sample:		1789.63 time, 1790.02 real, 282 MB
[runlim] sample:		1799.63 time, 1800.02 real, 284 MB
[runlim] sample:		1809.63 time, 1810.02 real, 287 MB
[runlim] sample:		1819.63 time, 1820.02 real, 290 MB
[runlim] sample:		1829.64 time, 1830.02 real, 292 MB
[runlim] sample:		1839.63 time, 1840.02 real, 294 MB
[runlim] sample:		1849.63 time, 1850.02 real, 295 MB
[runlim] sample:		1859.63 time, 1860.02 real, 296 MB
[runlim] sample:		1869.63 time, 1870.02 real, 299 MB
[runlim] sample:		1879.63 time, 1880.02 real, 301 MB
[runlim] sample:		1889.63 time, 1890.02 real, 302 MB
[runlim] sample:		1899.63 time, 1900.02 real, 182 MB
[runlim] sample:		1909.63 time, 1910.02 real, 187 MB
[runlim] sample:		1919.63 time, 1920.02 real, 192 MB
[runlim] sample:		1929.63 time, 1930.02 real, 201 MB
[runlim] sample:		1939.63 time, 1940.02 real, 205 MB
[runlim] sample:		1949.63 time, 1950.02 real, 208 MB
[runlim] sample:		1959.63 time, 1960.02 real, 212 MB
[runlim] sample:		1969.63 time, 1970.02 real, 217 MB
[runlim] sample:		1979.63 time, 1980.02 real, 220 MB
[runlim] sample:		1989.63 time, 1990.02 real, 224 MB
[runlim] sample:		1999.63 time, 2000.02 real, 227 MB
[runlim] sample:		2009.63 time, 2010.02 real, 230 MB
[runlim] sample:		2019.63 time, 2020.02 real, 234 MB
[runlim] sample:		2029.63 time, 2030.02 real, 237 MB
[runlim] sample:		2039.63 time, 2040.02 real, 239 MB
[runlim] sample:		2049.62 time, 2050.02 real, 242 MB
[runlim] sample:		2059.63 time, 2060.02 real, 247 MB
[runlim] sample:		2069.62 time, 2070.02 real, 249 MB
[runlim] sample:		2079.63 time, 2080.02 real, 254 MB
[runlim] sample:		2089.63 time, 2090.02 real, 257 MB
[runlim] sample:		2099.63 time, 2100.02 real, 261 MB
[runlim] sample:		2109.63 time, 2110.02 real, 269 MB
[runlim] sample:		2119.63 time, 2120.02 real, 277 MB
[runlim] sample:		2129.63 time, 2130.02 real, 282 MB
[runlim] sample:		2139.63 time, 2140.02 real, 284 MB
[runlim] sample:		2149.63 time, 2150.02 real, 289 MB
[runlim] sample:		2159.63 time, 2160.02 real, 292 MB
[runlim] sample:		2169.62 time, 2170.02 real, 295 MB
[runlim] sample:		2179.63 time, 2180.02 real, 299 MB
[runlim] sample:		2189.63 time, 2190.02 real, 301 MB
[runlim] sample:		2199.63 time, 2200.02 real, 302 MB
[runlim] sample:		2209.63 time, 2210.02 real, 303 MB
[runlim] sample:		2219.62 time, 2220.02 real, 304 MB
[runlim] sample:		2229.62 time, 2230.02 real, 306 MB
[runlim] sample:		2239.62 time, 2240.02 real, 307 MB
[runlim] sample:		2249.63 time, 2250.02 real, 308 MB
[runlim] sample:		2259.63 time, 2260.02 real, 313 MB
[runlim] sample:		2269.63 time, 2270.02 real, 315 MB
[runlim] sample:		2279.62 time, 2280.02 real, 317 MB
[runlim] sample:		2289.62 time, 2290.02 real, 321 MB
[runlim] sample:		2299.62 time, 2300.02 real, 325 MB
[runlim] sample:		2309.63 time, 2310.02 real, 328 MB
[runlim] sample:		2319.63 time, 2320.02 real, 334 MB
[runlim] sample:		2329.62 time, 2330.02 real, 190 MB
[runlim] sample:		2339.62 time, 2340.02 real, 195 MB
[runlim] sample:		2349.63 time, 2350.02 real, 199 MB
[runlim] sample:		2359.62 time, 2360.02 real, 206 MB
[runlim] sample:		2369.62 time, 2370.02 real, 213 MB
[runlim] sample:		2379.62 time, 2380.02 real, 219 MB
[runlim] sample:		2389.63 time, 2390.02 real, 224 MB
[runlim] sample:		2399.63 time, 2400.02 real, 229 MB
[runlim] sample:		2409.62 time, 2410.02 real, 233 MB
[runlim] sample:		2419.62 time, 2420.02 real, 237 MB
[runlim] sample:		2429.62 time, 2430.02 real, 248 MB
[runlim] sample:		2439.62 time, 2440.02 real, 251 MB
[runlim] sample:		2449.62 time, 2450.02 real, 252 MB
[runlim] sample:		2459.62 time, 2460.02 real, 255 MB
[runlim] sample:		2469.63 time, 2470.02 real, 262 MB
[runlim] sample:		2479.62 time, 2480.02 real, 270 MB
[runlim] sample:		2489.62 time, 2490.02 real, 277 MB
[runlim] sample:		2499.62 time, 2500.02 real, 279 MB
[runlim] sample:		2509.62 time, 2510.02 real, 280 MB
[runlim] sample:		2519.62 time, 2520.02 real, 282 MB
[runlim] sample:		2529.62 time, 2530.02 real, 284 MB
[runlim] sample:		2539.62 time, 2540.02 real, 285 MB
[runlim] sample:		2549.62 time, 2550.02 real, 287 MB
[runlim] sample:		2559.62 time, 2560.02 real, 288 MB
[runlim] sample:		2569.62 time, 2570.02 real, 290 MB
[runlim] sample:		2579.62 time, 2580.02 real, 292 MB
[runlim] sample:		2589.62 time, 2590.02 real, 295 MB
[runlim] sample:		2599.62 time, 2600.02 real, 297 MB
[runlim] sample:		2609.62 time, 2610.02 real, 301 MB
[runlim] sample:		2619.62 time, 2620.02 real, 302 MB
[runlim] sample:		2629.62 time, 2630.02 real, 306 MB
[runlim] sample:		2639.61 time, 2640.02 real, 309 MB
[runlim] sample:		2649.62 time, 2650.02 real, 311 MB
[runlim] sample:		2659.62 time, 2660.02 real, 312 MB
[runlim] sample:		2669.62 time, 2670.02 real, 314 MB
[runlim] sample:		2679.62 time, 2680.02 real, 321 MB
[runlim] sample:		2689.62 time, 2690.02 real, 325 MB
[runlim] sample:		2699.62 time, 2700.02 real, 327 MB
[runlim] end:			Sat Feb 29 08:07:51 2020
[runlim] status:		out of time
[runlim] result:		2
[runlim] children:		1
[runlim] real:			2700.11 seconds
[runlim] time:			2699.62 seconds
[runlim] space:			397 MB
[runlim] samples:		27000
