[runlim] version:		1.18
[runlim] host:			c3n02
[runlim] time limit:		2700 seconds
[runlim] real time limit:	2700 seconds
[runlim] space limit:		7000 MB
[runlim] argv[0]:		./binary
[runlim] argv[1]:		/data/cnf/ankit/E1-A1-instances/eijkbs4863.qdimacs
[runlim] start:			Sat Feb 29 07:22:51 2020
[runlim] child:			21547
[runlim] sample:		9.83 time, 10.02 real, 37 MB
[runlim] sample:		19.84 time, 20.02 real, 54 MB
[runlim] sample:		29.83 time, 30.02 real, 99 MB
[runlim] sample:		39.83 time, 40.02 real, 66 MB
[runlim] sample:		49.83 time, 50.02 real, 104 MB
[runlim] sample:		59.83 time, 60.02 real, 66 MB
[runlim] sample:		69.83 time, 70.02 real, 115 MB
[runlim] sample:		79.83 time, 80.02 real, 66 MB
[runlim] sample:		89.83 time, 90.02 real, 66 MB
[runlim] sample:		99.83 time, 100.02 real, 66 MB
[runlim] sample:		109.83 time, 110.02 real, 66 MB
[runlim] sample:		119.83 time, 120.02 real, 120 MB
[runlim] sample:		129.83 time, 130.02 real, 121 MB
[runlim] sample:		139.83 time, 140.02 real, 66 MB
[runlim] sample:		149.83 time, 150.02 real, 66 MB
[runlim] sample:		159.83 time, 160.02 real, 131 MB
[runlim] sample:		169.83 time, 170.02 real, 66 MB
[runlim] sample:		179.83 time, 180.02 real, 140 MB
[runlim] sample:		189.83 time, 190.02 real, 66 MB
[runlim] sample:		199.83 time, 200.02 real, 135 MB
[runlim] sample:		209.83 time, 210.02 real, 66 MB
[runlim] sample:		219.83 time, 220.02 real, 117 MB
[runlim] sample:		229.83 time, 230.02 real, 137 MB
[runlim] sample:		239.83 time, 240.02 real, 66 MB
[runlim] sample:		249.83 time, 250.02 real, 66 MB
[runlim] sample:		259.83 time, 260.02 real, 122 MB
[runlim] sample:		269.82 time, 270.02 real, 136 MB
[runlim] sample:		279.82 time, 280.02 real, 151 MB
[runlim] sample:		289.83 time, 290.02 real, 66 MB
[runlim] sample:		299.83 time, 300.02 real, 66 MB
[runlim] sample:		309.82 time, 310.02 real, 66 MB
[runlim] sample:		319.83 time, 320.02 real, 115 MB
[runlim] sample:		329.83 time, 330.02 real, 123 MB
[runlim] sample:		339.83 time, 340.02 real, 129 MB
[runlim] sample:		349.82 time, 350.02 real, 134 MB
[runlim] sample:		359.83 time, 360.02 real, 138 MB
[runlim] sample:		369.82 time, 370.02 real, 139 MB
[runlim] sample:		379.83 time, 380.02 real, 139 MB
[runlim] sample:		389.82 time, 390.02 real, 137 MB
[runlim] sample:		399.82 time, 400.02 real, 132 MB
[runlim] sample:		409.82 time, 410.02 real, 126 MB
[runlim] sample:		419.83 time, 420.02 real, 118 MB
[runlim] sample:		429.83 time, 430.02 real, 66 MB
[runlim] sample:		439.82 time, 440.02 real, 66 MB
[runlim] sample:		449.83 time, 450.02 real, 175 MB
[runlim] sample:		459.83 time, 460.02 real, 162 MB
[runlim] sample:		469.83 time, 470.02 real, 147 MB
[runlim] sample:		479.83 time, 480.02 real, 132 MB
[runlim] sample:		489.82 time, 490.02 real, 115 MB
[runlim] sample:		499.83 time, 500.02 real, 66 MB
[runlim] sample:		509.82 time, 510.02 real, 174 MB
[runlim] sample:		519.82 time, 520.02 real, 159 MB
[runlim] sample:		529.82 time, 530.02 real, 141 MB
[runlim] sample:		539.82 time, 540.02 real, 120 MB
[runlim] sample:		549.83 time, 550.02 real, 66 MB
[runlim] sample:		559.82 time, 560.02 real, 175 MB
[runlim] sample:		569.83 time, 570.02 real, 153 MB
[runlim] sample:		579.83 time, 580.02 real, 123 MB
[runlim] sample:		589.83 time, 590.02 real, 190 MB
[runlim] sample:		599.82 time, 600.02 real, 163 MB
[runlim] sample:		609.83 time, 610.02 real, 133 MB
[runlim] sample:		619.82 time, 620.02 real, 66 MB
[runlim] sample:		629.82 time, 630.02 real, 173 MB
[runlim] sample:		639.82 time, 640.02 real, 141 MB
[runlim] sample:		649.82 time, 650.02 real, 66 MB
[runlim] sample:		659.82 time, 660.02 real, 176 MB
[runlim] sample:		669.82 time, 670.02 real, 141 MB
[runlim] sample:		679.82 time, 680.02 real, 66 MB
[runlim] sample:		689.82 time, 690.02 real, 171 MB
[runlim] sample:		699.82 time, 700.02 real, 133 MB
[runlim] sample:		709.82 time, 710.02 real, 201 MB
[runlim] sample:		719.82 time, 720.02 real, 166 MB
[runlim] sample:		729.82 time, 730.02 real, 123 MB
[runlim] sample:		739.82 time, 740.02 real, 191 MB
[runlim] sample:		749.82 time, 750.02 real, 149 MB
[runlim] sample:		759.82 time, 760.02 real, 99 MB
[runlim] sample:		769.82 time, 770.02 real, 171 MB
[runlim] sample:		779.82 time, 780.02 real, 122 MB
[runlim] sample:		789.82 time, 790.02 real, 188 MB
[runlim] sample:		799.82 time, 800.02 real, 143 MB
[runlim] sample:		809.82 time, 810.02 real, 206 MB
[runlim] sample:		819.81 time, 820.02 real, 166 MB
[runlim] sample:		829.82 time, 830.02 real, 118 MB
[runlim] sample:		839.82 time, 840.02 real, 186 MB
[runlim] sample:		849.82 time, 850.02 real, 132 MB
[runlim] sample:		859.82 time, 860.02 real, 196 MB
[runlim] sample:		869.82 time, 870.02 real, 148 MB
[runlim] sample:		879.81 time, 880.02 real, 209 MB
[runlim] sample:		889.81 time, 890.02 real, 160 MB
[runlim] sample:		899.82 time, 900.02 real, 66 MB
[runlim] sample:		909.81 time, 910.02 real, 164 MB
[runlim] sample:		919.82 time, 920.02 real, 66 MB
[runlim] sample:		929.82 time, 930.02 real, 168 MB
[runlim] sample:		939.81 time, 940.02 real, 66 MB
[runlim] sample:		949.82 time, 950.02 real, 172 MB
[runlim] sample:		959.81 time, 960.02 real, 66 MB
[runlim] sample:		969.81 time, 970.02 real, 176 MB
[runlim] sample:		979.82 time, 980.02 real, 66 MB
[runlim] sample:		989.82 time, 990.02 real, 178 MB
[runlim] sample:		999.82 time, 1000.02 real, 115 MB
[runlim] sample:		1009.81 time, 1010.02 real, 177 MB
[runlim] sample:		1019.81 time, 1020.02 real, 66 MB
[runlim] sample:		1029.82 time, 1030.02 real, 152 MB
[runlim] sample:		1039.81 time, 1040.02 real, 188 MB
[runlim] sample:		1049.82 time, 1050.02 real, 66 MB
[runlim] sample:		1059.82 time, 1060.02 real, 143 MB
[runlim] sample:		1069.82 time, 1070.02 real, 184 MB
[runlim] sample:		1079.81 time, 1080.02 real, 220 MB
[runlim] sample:		1089.81 time, 1090.02 real, 137 MB
[runlim] sample:		1099.81 time, 1100.02 real, 173 MB
[runlim] sample:		1109.81 time, 1110.02 real, 210 MB
[runlim] sample:		1119.81 time, 1120.02 real, 122 MB
[runlim] sample:		1129.81 time, 1130.02 real, 163 MB
[runlim] sample:		1139.81 time, 1140.02 real, 198 MB
[runlim] sample:		1149.82 time, 1150.02 real, 66 MB
[runlim] sample:		1159.81 time, 1160.02 real, 147 MB
[runlim] sample:		1169.81 time, 1170.02 real, 187 MB
[runlim] sample:		1179.81 time, 1180.02 real, 222 MB
[runlim] sample:		1189.81 time, 1190.02 real, 134 MB
[runlim] sample:		1199.81 time, 1200.02 real, 175 MB
[runlim] sample:		1209.81 time, 1210.02 real, 211 MB
[runlim] sample:		1219.81 time, 1220.02 real, 116 MB
[runlim] sample:		1229.81 time, 1230.02 real, 160 MB
[runlim] sample:		1239.81 time, 1240.02 real, 199 MB
[runlim] sample:		1249.81 time, 1250.02 real, 66 MB
[runlim] sample:		1259.81 time, 1260.02 real, 146 MB
[runlim] sample:		1269.81 time, 1270.02 real, 186 MB
[runlim] sample:		1279.81 time, 1280.02 real, 221 MB
[runlim] sample:		1289.81 time, 1290.02 real, 128 MB
[runlim] sample:		1299.81 time, 1300.02 real, 168 MB
[runlim] sample:		1309.80 time, 1310.02 real, 204 MB
[runlim] sample:		1319.80 time, 1320.02 real, 66 MB
[runlim] sample:		1329.81 time, 1330.02 real, 144 MB
[runlim] sample:		1339.81 time, 1340.02 real, 180 MB
[runlim] sample:		1349.81 time, 1350.02 real, 211 MB
[runlim] sample:		1359.81 time, 1360.02 real, 96 MB
[runlim] sample:		1369.81 time, 1370.02 real, 155 MB
[runlim] sample:		1379.81 time, 1380.02 real, 191 MB
[runlim] sample:		1389.80 time, 1390.02 real, 221 MB
[runlim] sample:		1399.81 time, 1400.02 real, 122 MB
[runlim] sample:		1409.81 time, 1410.02 real, 164 MB
[runlim] sample:		1419.81 time, 1420.02 real, 201 MB
[runlim] sample:		1429.80 time, 1430.02 real, 230 MB
[runlim] sample:		1439.81 time, 1440.02 real, 135 MB
[runlim] sample:		1449.81 time, 1450.02 real, 170 MB
[runlim] sample:		1459.80 time, 1460.02 real, 205 MB
[runlim] sample:		1469.81 time, 1470.02 real, 235 MB
[runlim] sample:		1479.80 time, 1480.02 real, 138 MB
[runlim] sample:		1489.81 time, 1490.02 real, 175 MB
[runlim] sample:		1499.80 time, 1500.02 real, 210 MB
[runlim] sample:		1509.80 time, 1510.02 real, 66 MB
[runlim] sample:		1519.81 time, 1520.02 real, 144 MB
[runlim] sample:		1529.81 time, 1530.02 real, 180 MB
[runlim] sample:		1539.80 time, 1540.02 real, 213 MB
[runlim] sample:		1549.80 time, 1550.02 real, 66 MB
[runlim] sample:		1559.81 time, 1560.02 real, 148 MB
[runlim] sample:		1569.80 time, 1570.02 real, 183 MB
[runlim] sample:		1579.81 time, 1580.02 real, 215 MB
[runlim] sample:		1589.80 time, 1590.02 real, 66 MB
[runlim] sample:		1599.80 time, 1600.02 real, 150 MB
[runlim] sample:		1609.80 time, 1610.02 real, 188 MB
[runlim] sample:		1619.81 time, 1620.02 real, 223 MB
[runlim] sample:		1629.80 time, 1630.02 real, 117 MB
[runlim] sample:		1639.80 time, 1640.02 real, 159 MB
[runlim] sample:		1649.80 time, 1650.02 real, 196 MB
[runlim] sample:		1659.80 time, 1660.02 real, 229 MB
[runlim] sample:		1669.81 time, 1670.02 real, 124 MB
[runlim] sample:		1679.80 time, 1680.02 real, 163 MB
[runlim] sample:		1689.80 time, 1690.02 real, 199 MB
[runlim] sample:		1699.80 time, 1700.02 real, 230 MB
[runlim] sample:		1709.80 time, 1710.02 real, 122 MB
[runlim] sample:		1719.80 time, 1720.02 real, 162 MB
[runlim] sample:		1729.80 time, 1730.02 real, 196 MB
[runlim] sample:		1739.80 time, 1740.02 real, 228 MB
[runlim] sample:		1749.80 time, 1750.02 real, 118 MB
[runlim] sample:		1759.80 time, 1760.02 real, 156 MB
[runlim] sample:		1769.80 time, 1770.02 real, 191 MB
[runlim] sample:		1779.80 time, 1780.02 real, 225 MB
[runlim] sample:		1789.80 time, 1790.02 real, 68 MB
[runlim] sample:		1799.80 time, 1800.02 real, 155 MB
[runlim] sample:		1809.80 time, 1810.02 real, 191 MB
[runlim] sample:		1819.80 time, 1820.02 real, 223 MB
[runlim] sample:		1829.80 time, 1830.02 real, 66 MB
[runlim] sample:		1839.79 time, 1840.02 real, 151 MB
[runlim] sample:		1849.80 time, 1850.02 real, 186 MB
[runlim] sample:		1859.80 time, 1860.02 real, 220 MB
[runlim] sample:		1869.80 time, 1870.02 real, 66 MB
[runlim] sample:		1879.79 time, 1880.02 real, 153 MB
[runlim] sample:		1889.79 time, 1890.02 real, 213 MB
[runlim] sample:		1899.80 time, 1900.02 real, 120 MB
[runlim] sample:		1909.80 time, 1910.02 real, 186 MB
[runlim] sample:		1919.79 time, 1920.02 real, 236 MB
[runlim] sample:		1929.80 time, 1930.02 real, 146 MB
[runlim] sample:		1939.80 time, 1940.02 real, 205 MB
[runlim] sample:		1949.79 time, 1950.02 real, 66 MB
[runlim] sample:		1959.80 time, 1960.02 real, 178 MB
[runlim] sample:		1969.80 time, 1970.02 real, 235 MB
[runlim] sample:		1979.79 time, 1980.02 real, 146 MB
[runlim] sample:		1989.80 time, 1990.02 real, 207 MB
[runlim] sample:		1999.80 time, 2000.02 real, 66 MB
[runlim] sample:		2009.79 time, 2010.02 real, 175 MB
[runlim] sample:		2019.80 time, 2020.02 real, 232 MB
[runlim] sample:		2029.79 time, 2030.02 real, 141 MB
[runlim] sample:		2039.80 time, 2040.02 real, 206 MB
[runlim] sample:		2049.79 time, 2050.02 real, 66 MB
[runlim] sample:		2059.80 time, 2060.02 real, 179 MB
[runlim] sample:		2069.80 time, 2070.02 real, 236 MB
[runlim] sample:		2079.79 time, 2080.02 real, 141 MB
[runlim] sample:		2089.80 time, 2090.02 real, 201 MB
[runlim] sample:		2099.79 time, 2100.02 real, 254 MB
[runlim] sample:		2109.79 time, 2110.02 real, 171 MB
[runlim] sample:		2119.79 time, 2120.02 real, 231 MB
[runlim] sample:		2129.80 time, 2130.02 real, 138 MB
[runlim] sample:		2139.80 time, 2140.02 real, 207 MB
[runlim] sample:		2149.80 time, 2150.02 real, 66 MB
[runlim] sample:		2159.79 time, 2160.02 real, 185 MB
[runlim] sample:		2169.79 time, 2170.02 real, 249 MB
[runlim] sample:		2179.80 time, 2180.02 real, 159 MB
[runlim] sample:		2189.79 time, 2190.02 real, 222 MB
[runlim] sample:		2199.79 time, 2200.02 real, 126 MB
[runlim] sample:		2209.79 time, 2210.02 real, 196 MB
[runlim] sample:		2219.80 time, 2220.02 real, 257 MB
[runlim] sample:		2229.79 time, 2230.02 real, 168 MB
[runlim] sample:		2239.79 time, 2240.02 real, 234 MB
[runlim] sample:		2249.79 time, 2250.02 real, 138 MB
[runlim] sample:		2259.79 time, 2260.02 real, 209 MB
[runlim] sample:		2269.79 time, 2270.02 real, 263 MB
[runlim] sample:		2279.79 time, 2280.02 real, 173 MB
[runlim] sample:		2289.79 time, 2290.02 real, 234 MB
[runlim] sample:		2299.79 time, 2300.02 real, 133 MB
[runlim] sample:		2309.79 time, 2310.02 real, 199 MB
[runlim] sample:		2319.79 time, 2320.02 real, 259 MB
[runlim] sample:		2329.79 time, 2330.02 real, 163 MB
[runlim] sample:		2339.79 time, 2340.02 real, 229 MB
[runlim] sample:		2349.79 time, 2350.02 real, 122 MB
[runlim] sample:		2359.79 time, 2360.02 real, 192 MB
[runlim] sample:		2369.79 time, 2370.02 real, 252 MB
[runlim] sample:		2379.79 time, 2380.02 real, 150 MB
[runlim] sample:		2389.79 time, 2390.02 real, 212 MB
[runlim] sample:		2399.79 time, 2400.02 real, 268 MB
[runlim] sample:		2409.79 time, 2410.02 real, 169 MB
[runlim] sample:		2419.79 time, 2420.02 real, 234 MB
[runlim] sample:		2429.79 time, 2430.02 real, 127 MB
[runlim] sample:		2439.79 time, 2440.02 real, 197 MB
[runlim] sample:		2449.79 time, 2450.02 real, 255 MB
[runlim] sample:		2459.78 time, 2460.02 real, 148 MB
[runlim] sample:		2469.79 time, 2470.02 real, 213 MB
[runlim] sample:		2479.79 time, 2480.02 real, 270 MB
[runlim] sample:		2489.78 time, 2490.02 real, 167 MB
[runlim] sample:		2499.79 time, 2500.02 real, 227 MB
[runlim] sample:		2509.78 time, 2510.02 real, 66 MB
[runlim] sample:		2519.79 time, 2520.02 real, 180 MB
[runlim] sample:		2529.78 time, 2530.02 real, 237 MB
[runlim] sample:		2539.79 time, 2540.02 real, 125 MB
[runlim] sample:		2549.79 time, 2550.02 real, 192 MB
[runlim] sample:		2559.79 time, 2560.02 real, 249 MB
[runlim] sample:		2569.79 time, 2570.02 real, 136 MB
[runlim] sample:		2579.78 time, 2580.02 real, 203 MB
[runlim] sample:		2589.78 time, 2590.02 real, 260 MB
[runlim] sample:		2599.78 time, 2600.02 real, 150 MB
[runlim] sample:		2609.79 time, 2610.02 real, 215 MB
[runlim] sample:		2619.79 time, 2620.02 real, 266 MB
[runlim] sample:		2629.79 time, 2630.02 real, 154 MB
[runlim] sample:		2639.78 time, 2640.02 real, 219 MB
[runlim] sample:		2649.79 time, 2650.02 real, 276 MB
[runlim] sample:		2659.79 time, 2660.02 real, 164 MB
[runlim] sample:		2669.79 time, 2670.02 real, 222 MB
[runlim] sample:		2679.79 time, 2680.02 real, 275 MB
[runlim] sample:		2689.79 time, 2690.02 real, 162 MB
[runlim] sample:		2699.79 time, 2700.02 real, 224 MB
[runlim] end:			Sat Feb 29 08:07:51 2020
[runlim] status:		out of time
[runlim] result:		2
[runlim] children:		1
[runlim] real:			2700.14 seconds
[runlim] time:			2699.79 seconds
[runlim] space:			285 MB
[runlim] samples:		27000
