[runlim] version:		1.18
[runlim] host:			c3n30
[runlim] time limit:		2700 seconds
[runlim] real time limit:	2700 seconds
[runlim] space limit:		7000 MB
[runlim] argv[0]:		./binary
[runlim] argv[1]:		/data/cnf/ankit/E1-A1-instances/hex_rand_6x6-20m-7.qdimacs
[runlim] start:			Sat Feb 29 07:22:52 2020
[runlim] child:			11095
[runlim] sample:		9.97 time, 10.02 real, 21 MB
[runlim] sample:		19.97 time, 20.02 real, 26 MB
[runlim] sample:		29.96 time, 30.02 real, 33 MB
[runlim] sample:		39.97 time, 40.02 real, 47 MB
[runlim] sample:		49.97 time, 50.02 real, 34 MB
[runlim] sample:		59.97 time, 60.02 real, 37 MB
[runlim] sample:		69.96 time, 70.02 real, 42 MB
[runlim] sample:		79.96 time, 80.02 real, 32 MB
[runlim] sample:		89.96 time, 90.02 real, 37 MB
[runlim] sample:		99.96 time, 100.02 real, 57 MB
[runlim] end:			Sat Feb 29 07:24:40 2020
[runlim] status:		ok
[runlim] result:		0
[runlim] children:		1
[runlim] real:			108.18 seconds
[runlim] time:			108.07 seconds
[runlim] space:			57 MB
[runlim] samples:		1081
