[runlim] version:		1.18
[runlim] host:			c3n03
[runlim] time limit:		2700 seconds
[runlim] real time limit:	2700 seconds
[runlim] space limit:		7000 MB
[runlim] argv[0]:		./binary
[runlim] argv[1]:		/data/cnf/ankit/E1-A1-instances/kenflashp12.qdimacs
[runlim] start:			Sat Feb 29 07:22:52 2020
[runlim] child:			21280
[runlim] sample:		9.99 time, 10.02 real, 17 MB
[runlim] sample:		19.99 time, 20.02 real, 20 MB
[runlim] sample:		30.00 time, 30.02 real, 28 MB
[runlim] sample:		39.99 time, 40.02 real, 30 MB
[runlim] sample:		49.99 time, 50.02 real, 32 MB
[runlim] sample:		59.99 time, 60.02 real, 32 MB
[runlim] sample:		69.99 time, 70.02 real, 33 MB
[runlim] sample:		79.99 time, 80.02 real, 34 MB
[runlim] sample:		89.99 time, 90.02 real, 35 MB
[runlim] sample:		99.99 time, 100.02 real, 36 MB
[runlim] sample:		109.99 time, 110.02 real, 37 MB
[runlim] sample:		119.99 time, 120.02 real, 54 MB
[runlim] sample:		129.99 time, 130.02 real, 54 MB
[runlim] sample:		139.99 time, 140.02 real, 54 MB
[runlim] sample:		149.99 time, 150.02 real, 54 MB
[runlim] sample:		159.99 time, 160.02 real, 54 MB
[runlim] sample:		169.99 time, 170.02 real, 54 MB
[runlim] sample:		179.99 time, 180.02 real, 54 MB
[runlim] sample:		189.99 time, 190.02 real, 54 MB
[runlim] sample:		199.99 time, 200.02 real, 54 MB
[runlim] sample:		209.99 time, 210.02 real, 54 MB
[runlim] sample:		219.99 time, 220.02 real, 54 MB
[runlim] sample:		229.99 time, 230.02 real, 54 MB
[runlim] sample:		239.99 time, 240.02 real, 54 MB
[runlim] sample:		249.99 time, 250.02 real, 54 MB
[runlim] sample:		259.99 time, 260.02 real, 54 MB
[runlim] sample:		269.98 time, 270.02 real, 55 MB
[runlim] sample:		279.98 time, 280.02 real, 55 MB
[runlim] sample:		289.98 time, 290.02 real, 55 MB
[runlim] sample:		299.98 time, 300.02 real, 55 MB
[runlim] sample:		309.98 time, 310.02 real, 55 MB
[runlim] sample:		319.98 time, 320.02 real, 55 MB
[runlim] sample:		329.98 time, 330.02 real, 55 MB
[runlim] sample:		339.98 time, 340.02 real, 55 MB
[runlim] sample:		349.99 time, 350.02 real, 55 MB
[runlim] sample:		359.98 time, 360.02 real, 55 MB
[runlim] sample:		369.99 time, 370.02 real, 55 MB
[runlim] sample:		379.99 time, 380.02 real, 55 MB
[runlim] sample:		389.99 time, 390.02 real, 55 MB
[runlim] sample:		399.99 time, 400.02 real, 55 MB
[runlim] sample:		409.99 time, 410.02 real, 55 MB
[runlim] sample:		419.98 time, 420.02 real, 55 MB
[runlim] sample:		429.99 time, 430.02 real, 64 MB
[runlim] sample:		439.99 time, 440.02 real, 96 MB
[runlim] sample:		449.98 time, 450.02 real, 98 MB
[runlim] sample:		459.98 time, 460.02 real, 66 MB
[runlim] sample:		469.99 time, 470.02 real, 66 MB
[runlim] sample:		479.98 time, 480.02 real, 66 MB
[runlim] sample:		489.98 time, 490.02 real, 99 MB
[runlim] sample:		499.99 time, 500.02 real, 98 MB
[runlim] sample:		509.98 time, 510.02 real, 97 MB
[runlim] sample:		519.99 time, 520.02 real, 96 MB
[runlim] sample:		529.98 time, 530.02 real, 66 MB
[runlim] sample:		539.99 time, 540.02 real, 66 MB
[runlim] sample:		549.99 time, 550.02 real, 66 MB
[runlim] sample:		559.99 time, 560.02 real, 66 MB
[runlim] sample:		569.99 time, 570.02 real, 66 MB
[runlim] sample:		579.99 time, 580.02 real, 66 MB
[runlim] sample:		589.99 time, 590.02 real, 101 MB
[runlim] sample:		599.98 time, 600.02 real, 97 MB
[runlim] sample:		609.98 time, 610.02 real, 66 MB
[runlim] sample:		619.99 time, 620.02 real, 66 MB
[runlim] sample:		629.99 time, 630.02 real, 66 MB
[runlim] sample:		639.99 time, 640.02 real, 66 MB
[runlim] sample:		649.98 time, 650.02 real, 99 MB
[runlim] sample:		659.99 time, 660.02 real, 66 MB
[runlim] sample:		669.99 time, 670.02 real, 66 MB
[runlim] sample:		679.99 time, 680.02 real, 66 MB
[runlim] sample:		689.98 time, 690.02 real, 101 MB
[runlim] sample:		699.98 time, 700.02 real, 66 MB
[runlim] sample:		709.98 time, 710.02 real, 66 MB
[runlim] sample:		719.99 time, 720.02 real, 66 MB
[runlim] sample:		729.99 time, 730.02 real, 101 MB
[runlim] sample:		739.99 time, 740.02 real, 66 MB
[runlim] sample:		749.98 time, 750.02 real, 66 MB
[runlim] sample:		759.98 time, 760.02 real, 66 MB
[runlim] sample:		769.98 time, 770.02 real, 98 MB
[runlim] sample:		779.98 time, 780.02 real, 66 MB
[runlim] sample:		789.98 time, 790.02 real, 66 MB
[runlim] sample:		799.98 time, 800.02 real, 101 MB
[runlim] sample:		809.98 time, 810.02 real, 66 MB
[runlim] sample:		819.98 time, 820.02 real, 66 MB
[runlim] sample:		829.98 time, 830.02 real, 101 MB
[runlim] sample:		839.98 time, 840.02 real, 66 MB
[runlim] sample:		849.98 time, 850.02 real, 66 MB
[runlim] sample:		859.98 time, 860.02 real, 100 MB
[runlim] sample:		869.98 time, 870.02 real, 66 MB
[runlim] sample:		879.98 time, 880.02 real, 66 MB
[runlim] sample:		889.98 time, 890.02 real, 99 MB
[runlim] sample:		899.98 time, 900.02 real, 66 MB
[runlim] sample:		909.99 time, 910.02 real, 107 MB
[runlim] sample:		919.98 time, 920.02 real, 96 MB
[runlim] sample:		929.98 time, 930.02 real, 66 MB
[runlim] sample:		939.97 time, 940.02 real, 103 MB
[runlim] sample:		949.98 time, 950.02 real, 66 MB
[runlim] sample:		959.98 time, 960.02 real, 66 MB
[runlim] sample:		969.98 time, 970.02 real, 99 MB
[runlim] sample:		979.98 time, 980.02 real, 66 MB
[runlim] sample:		989.98 time, 990.02 real, 105 MB
[runlim] sample:		999.98 time, 1000.02 real, 66 MB
[runlim] sample:		1009.98 time, 1010.02 real, 66 MB
[runlim] sample:		1019.98 time, 1020.02 real, 98 MB
[runlim] sample:		1029.98 time, 1030.02 real, 66 MB
[runlim] sample:		1039.98 time, 1040.02 real, 103 MB
[runlim] sample:		1049.98 time, 1050.02 real, 66 MB
[runlim] sample:		1059.98 time, 1060.02 real, 108 MB
[runlim] sample:		1069.98 time, 1070.02 real, 66 MB
[runlim] sample:		1079.98 time, 1080.02 real, 66 MB
[runlim] sample:		1089.98 time, 1090.02 real, 99 MB
[runlim] sample:		1099.97 time, 1100.02 real, 66 MB
[runlim] sample:		1109.98 time, 1110.02 real, 103 MB
[runlim] sample:		1119.98 time, 1120.02 real, 66 MB
[runlim] sample:		1129.97 time, 1130.02 real, 106 MB
[runlim] sample:		1139.97 time, 1140.02 real, 66 MB
[runlim] sample:		1149.97 time, 1150.02 real, 109 MB
[runlim] sample:		1159.98 time, 1160.02 real, 66 MB
[runlim] sample:		1169.98 time, 1170.02 real, 66 MB
[runlim] sample:		1179.97 time, 1180.02 real, 98 MB
[runlim] sample:		1189.98 time, 1190.02 real, 66 MB
[runlim] sample:		1199.98 time, 1200.02 real, 100 MB
[runlim] sample:		1209.98 time, 1210.02 real, 66 MB
[runlim] sample:		1219.98 time, 1220.02 real, 101 MB
[runlim] sample:		1229.98 time, 1230.02 real, 66 MB
[runlim] sample:		1239.97 time, 1240.02 real, 102 MB
[runlim] sample:		1249.97 time, 1250.02 real, 66 MB
[runlim] sample:		1259.98 time, 1260.02 real, 102 MB
[runlim] sample:		1269.97 time, 1270.02 real, 66 MB
[runlim] sample:		1279.97 time, 1280.02 real, 102 MB
[runlim] sample:		1289.98 time, 1290.02 real, 66 MB
[runlim] sample:		1299.98 time, 1300.02 real, 101 MB
[runlim] sample:		1309.97 time, 1310.02 real, 66 MB
[runlim] sample:		1319.98 time, 1320.02 real, 101 MB
[runlim] sample:		1329.98 time, 1330.02 real, 66 MB
[runlim] sample:		1339.97 time, 1340.02 real, 99 MB
[runlim] sample:		1349.98 time, 1350.02 real, 66 MB
[runlim] sample:		1359.98 time, 1360.02 real, 97 MB
[runlim] sample:		1369.97 time, 1370.02 real, 112 MB
[runlim] sample:		1379.97 time, 1380.02 real, 66 MB
[runlim] sample:		1389.97 time, 1390.02 real, 109 MB
[runlim] sample:		1399.97 time, 1400.02 real, 66 MB
[runlim] sample:		1409.98 time, 1410.02 real, 104 MB
[runlim] sample:		1419.97 time, 1420.02 real, 66 MB
[runlim] sample:		1429.97 time, 1430.02 real, 100 MB
[runlim] sample:		1439.98 time, 1440.02 real, 113 MB
[runlim] sample:		1449.97 time, 1450.02 real, 66 MB
[runlim] sample:		1459.98 time, 1460.02 real, 109 MB
[runlim] sample:		1469.97 time, 1470.02 real, 66 MB
[runlim] sample:		1479.97 time, 1480.02 real, 106 MB
[runlim] sample:		1489.98 time, 1490.02 real, 66 MB
[runlim] sample:		1499.97 time, 1500.02 real, 103 MB
[runlim] sample:		1509.97 time, 1510.02 real, 66 MB
[runlim] sample:		1519.97 time, 1520.02 real, 100 MB
[runlim] sample:		1529.97 time, 1530.02 real, 115 MB
[runlim] sample:		1539.97 time, 1540.02 real, 96 MB
[runlim] sample:		1549.97 time, 1550.02 real, 112 MB
[runlim] sample:		1559.97 time, 1560.02 real, 66 MB
[runlim] sample:		1569.98 time, 1570.02 real, 108 MB
[runlim] sample:		1579.97 time, 1580.02 real, 66 MB
[runlim] sample:		1589.97 time, 1590.02 real, 102 MB
[runlim] sample:		1599.97 time, 1600.02 real, 66 MB
[runlim] sample:		1609.97 time, 1610.02 real, 66 MB
[runlim] sample:		1619.97 time, 1620.02 real, 111 MB
[runlim] sample:		1629.97 time, 1630.02 real, 66 MB
[runlim] sample:		1639.97 time, 1640.02 real, 105 MB
[runlim] sample:		1649.97 time, 1650.02 real, 66 MB
[runlim] sample:		1659.97 time, 1660.02 real, 99 MB
[runlim] sample:		1669.97 time, 1670.02 real, 113 MB
[runlim] sample:		1679.97 time, 1680.02 real, 66 MB
[runlim] sample:		1689.97 time, 1690.02 real, 108 MB
[runlim] sample:		1699.96 time, 1700.02 real, 66 MB
[runlim] sample:		1709.97 time, 1710.02 real, 100 MB
[runlim] sample:		1719.96 time, 1720.02 real, 114 MB
[runlim] sample:		1729.97 time, 1730.02 real, 66 MB
[runlim] sample:		1739.97 time, 1740.02 real, 106 MB
[runlim] sample:		1749.96 time, 1750.02 real, 66 MB
[runlim] sample:		1759.97 time, 1760.02 real, 66 MB
[runlim] sample:		1769.97 time, 1770.02 real, 109 MB
[runlim] sample:		1779.97 time, 1780.02 real, 66 MB
[runlim] sample:		1789.97 time, 1790.02 real, 99 MB
[runlim] sample:		1799.97 time, 1800.02 real, 112 MB
[runlim] sample:		1809.97 time, 1810.02 real, 66 MB
[runlim] sample:		1819.97 time, 1820.02 real, 102 MB
[runlim] sample:		1829.97 time, 1830.02 real, 114 MB
[runlim] sample:		1839.97 time, 1840.02 real, 66 MB
[runlim] sample:		1849.96 time, 1850.02 real, 103 MB
[runlim] sample:		1859.96 time, 1860.02 real, 116 MB
[runlim] sample:		1869.97 time, 1870.02 real, 66 MB
[runlim] sample:		1879.97 time, 1880.02 real, 105 MB
[runlim] sample:		1889.96 time, 1890.02 real, 117 MB
[runlim] sample:		1899.96 time, 1900.02 real, 66 MB
[runlim] sample:		1909.96 time, 1910.02 real, 107 MB
[runlim] sample:		1919.97 time, 1920.02 real, 66 MB
[runlim] sample:		1929.97 time, 1930.02 real, 66 MB
[runlim] sample:		1939.96 time, 1940.02 real, 108 MB
[runlim] sample:		1949.96 time, 1950.02 real, 66 MB
[runlim] sample:		1959.96 time, 1960.02 real, 97 MB
[runlim] sample:		1969.96 time, 1970.02 real, 110 MB
[runlim] sample:		1979.97 time, 1980.02 real, 66 MB
[runlim] sample:		1989.97 time, 1990.02 real, 99 MB
[runlim] sample:		1999.97 time, 2000.02 real, 112 MB
[runlim] sample:		2009.96 time, 2010.02 real, 66 MB
[runlim] sample:		2019.97 time, 2020.02 real, 100 MB
[runlim] sample:		2029.96 time, 2030.02 real, 114 MB
[runlim] sample:		2039.96 time, 2040.02 real, 66 MB
[runlim] sample:		2049.97 time, 2050.02 real, 103 MB
[runlim] sample:		2059.97 time, 2060.02 real, 116 MB
[runlim] sample:		2069.96 time, 2070.02 real, 66 MB
[runlim] sample:		2079.97 time, 2080.02 real, 105 MB
[runlim] sample:		2089.97 time, 2090.02 real, 118 MB
[runlim] sample:		2099.96 time, 2100.02 real, 66 MB
[runlim] sample:		2109.97 time, 2110.02 real, 109 MB
[runlim] sample:		2119.96 time, 2120.02 real, 66 MB
[runlim] sample:		2129.96 time, 2130.02 real, 100 MB
[runlim] sample:		2139.96 time, 2140.02 real, 115 MB
[runlim] sample:		2149.96 time, 2150.02 real, 66 MB
[runlim] sample:		2159.96 time, 2160.02 real, 106 MB
[runlim] sample:		2169.97 time, 2170.02 real, 120 MB
[runlim] sample:		2179.96 time, 2180.02 real, 66 MB
[runlim] sample:		2189.96 time, 2190.02 real, 111 MB
[runlim] sample:		2199.96 time, 2200.02 real, 66 MB
[runlim] sample:		2209.97 time, 2210.02 real, 101 MB
[runlim] sample:		2219.96 time, 2220.02 real, 115 MB
[runlim] sample:		2229.96 time, 2230.02 real, 66 MB
[runlim] sample:		2239.96 time, 2240.02 real, 104 MB
[runlim] sample:		2249.96 time, 2250.02 real, 118 MB
[runlim] sample:		2259.96 time, 2260.02 real, 66 MB
[runlim] sample:		2269.96 time, 2270.02 real, 108 MB
[runlim] sample:		2279.96 time, 2280.02 real, 120 MB
[runlim] sample:		2289.96 time, 2290.02 real, 66 MB
[runlim] sample:		2299.96 time, 2300.02 real, 110 MB
[runlim] sample:		2309.96 time, 2310.02 real, 66 MB
[runlim] sample:		2319.96 time, 2320.02 real, 96 MB
[runlim] sample:		2329.96 time, 2330.02 real, 111 MB
[runlim] sample:		2339.96 time, 2340.02 real, 66 MB
[runlim] sample:		2349.96 time, 2350.02 real, 98 MB
[runlim] sample:		2359.96 time, 2360.02 real, 113 MB
[runlim] sample:		2369.96 time, 2370.02 real, 66 MB
[runlim] sample:		2379.96 time, 2380.02 real, 101 MB
[runlim] sample:		2389.96 time, 2390.02 real, 115 MB
[runlim] sample:		2399.96 time, 2400.02 real, 66 MB
[runlim] sample:		2409.96 time, 2410.02 real, 103 MB
[runlim] sample:		2419.96 time, 2420.02 real, 117 MB
[runlim] sample:		2429.95 time, 2430.02 real, 66 MB
[runlim] sample:		2439.96 time, 2440.02 real, 103 MB
[runlim] sample:		2449.96 time, 2450.02 real, 117 MB
[runlim] sample:		2459.96 time, 2460.02 real, 66 MB
[runlim] sample:		2469.96 time, 2470.02 real, 102 MB
[runlim] sample:		2479.95 time, 2480.02 real, 116 MB
[runlim] sample:		2489.96 time, 2490.02 real, 66 MB
[runlim] sample:		2499.95 time, 2500.02 real, 101 MB
[runlim] sample:		2509.96 time, 2510.02 real, 115 MB
[runlim] sample:		2519.96 time, 2520.02 real, 66 MB
[runlim] sample:		2529.96 time, 2530.02 real, 100 MB
[runlim] sample:		2539.96 time, 2540.02 real, 114 MB
[runlim] sample:		2549.96 time, 2550.02 real, 66 MB
[runlim] sample:		2559.96 time, 2560.02 real, 99 MB
[runlim] sample:		2569.95 time, 2570.02 real, 114 MB
[runlim] sample:		2579.95 time, 2580.02 real, 66 MB
[runlim] sample:		2589.96 time, 2590.02 real, 99 MB
[runlim] sample:		2599.96 time, 2600.02 real, 114 MB
[runlim] sample:		2609.96 time, 2610.02 real, 66 MB
[runlim] sample:		2619.95 time, 2620.02 real, 98 MB
[runlim] sample:		2629.96 time, 2630.02 real, 113 MB
[runlim] sample:		2639.96 time, 2640.02 real, 66 MB
[runlim] sample:		2649.95 time, 2650.02 real, 97 MB
[runlim] sample:		2659.96 time, 2660.02 real, 112 MB
[runlim] sample:		2669.95 time, 2670.02 real, 124 MB
[runlim] sample:		2679.95 time, 2680.02 real, 66 MB
[runlim] sample:		2689.95 time, 2690.02 real, 66 MB
[runlim] sample:		2699.96 time, 2700.01 real, 122 MB
[runlim] end:			Sat Feb 29 08:07:52 2020
[runlim] status:		out of time
[runlim] result:		2
[runlim] children:		1
[runlim] real:			2700.11 seconds
[runlim] time:			2699.96 seconds
[runlim] space:			125 MB
[runlim] samples:		27000
