[runlim] version:		1.18
[runlim] host:			c3n21
[runlim] time limit:		2700 seconds
[runlim] real time limit:	2700 seconds
[runlim] space limit:		7000 MB
[runlim] argv[0]:		./binary
[runlim] argv[1]:		/data/cnf/ankit/E1-A1-instances/nreachq_query52_1344.qdimacs
[runlim] start:			Sat Feb 29 07:22:52 2020
[runlim] child:			23310
[runlim] sample:		9.98 time, 10.02 real, 59 MB
[runlim] sample:		19.98 time, 20.02 real, 106 MB
[runlim] sample:		29.98 time, 30.02 real, 104 MB
[runlim] sample:		39.99 time, 40.02 real, 139 MB
[runlim] sample:		49.98 time, 50.02 real, 124 MB
[runlim] sample:		59.98 time, 60.02 real, 155 MB
[runlim] sample:		69.98 time, 70.02 real, 125 MB
[runlim] sample:		79.99 time, 80.02 real, 155 MB
[runlim] sample:		89.98 time, 90.02 real, 172 MB
[runlim] sample:		99.98 time, 100.02 real, 129 MB
[runlim] sample:		109.98 time, 110.02 real, 150 MB
[runlim] sample:		119.98 time, 120.02 real, 113 MB
[runlim] sample:		129.98 time, 130.02 real, 141 MB
[runlim] sample:		139.98 time, 140.02 real, 183 MB
[runlim] sample:		149.98 time, 150.02 real, 204 MB
[runlim] sample:		159.98 time, 160.02 real, 165 MB
[runlim] sample:		169.98 time, 170.02 real, 191 MB
[runlim] sample:		179.98 time, 180.02 real, 213 MB
[runlim] sample:		189.98 time, 190.02 real, 170 MB
[runlim] sample:		199.98 time, 200.02 real, 194 MB
[runlim] sample:		209.98 time, 210.02 real, 215 MB
[runlim] sample:		219.98 time, 220.02 real, 168 MB
[runlim] sample:		229.98 time, 230.02 real, 197 MB
[runlim] sample:		239.98 time, 240.02 real, 224 MB
[runlim] sample:		249.98 time, 250.02 real, 251 MB
[runlim] sample:		259.98 time, 260.02 real, 190 MB
[runlim] sample:		269.98 time, 270.02 real, 222 MB
[runlim] sample:		279.98 time, 280.02 real, 248 MB
[runlim] sample:		289.98 time, 290.02 real, 273 MB
[runlim] sample:		299.98 time, 300.02 real, 181 MB
[runlim] sample:		309.97 time, 310.02 real, 219 MB
[runlim] sample:		319.97 time, 320.02 real, 243 MB
[runlim] sample:		329.98 time, 330.02 real, 268 MB
[runlim] sample:		339.97 time, 340.02 real, 291 MB
[runlim] sample:		349.98 time, 350.02 real, 311 MB
[runlim] sample:		359.98 time, 360.02 real, 216 MB
[runlim] sample:		369.97 time, 370.02 real, 249 MB
[runlim] sample:		379.98 time, 380.02 real, 276 MB
[runlim] sample:		389.98 time, 390.02 real, 299 MB
[runlim] sample:		399.97 time, 400.02 real, 325 MB
[runlim] sample:		409.98 time, 410.02 real, 208 MB
[runlim] sample:		419.98 time, 420.02 real, 244 MB
[runlim] sample:		429.98 time, 430.02 real, 271 MB
[runlim] sample:		439.97 time, 440.02 real, 297 MB
[runlim] sample:		449.98 time, 450.02 real, 321 MB
[runlim] sample:		459.97 time, 460.02 real, 341 MB
[runlim] sample:		469.97 time, 470.02 real, 357 MB
[runlim] sample:		479.97 time, 480.02 real, 236 MB
[runlim] sample:		489.98 time, 490.02 real, 268 MB
[runlim] sample:		499.97 time, 500.02 real, 299 MB
[runlim] sample:		509.97 time, 510.02 real, 326 MB
[runlim] sample:		519.97 time, 520.02 real, 351 MB
[runlim] sample:		529.97 time, 530.02 real, 374 MB
[runlim] sample:		539.97 time, 540.02 real, 251 MB
[runlim] sample:		549.98 time, 550.02 real, 287 MB
[runlim] sample:		559.98 time, 560.02 real, 316 MB
[runlim] sample:		569.98 time, 570.02 real, 342 MB
[runlim] sample:		579.97 time, 580.02 real, 366 MB
[runlim] sample:		589.98 time, 590.02 real, 388 MB
[runlim] sample:		599.97 time, 600.02 real, 237 MB
[runlim] sample:		609.98 time, 610.02 real, 274 MB
[runlim] sample:		619.97 time, 620.02 real, 306 MB
[runlim] sample:		629.97 time, 630.02 real, 332 MB
[runlim] sample:		639.97 time, 640.02 real, 356 MB
[runlim] sample:		649.97 time, 650.02 real, 381 MB
[runlim] sample:		659.97 time, 660.02 real, 401 MB
[runlim] sample:		669.97 time, 670.02 real, 421 MB
[runlim] sample:		679.97 time, 680.02 real, 272 MB
[runlim] sample:		689.97 time, 690.02 real, 306 MB
[runlim] sample:		699.98 time, 700.02 real, 334 MB
[runlim] sample:		709.98 time, 710.02 real, 355 MB
[runlim] sample:		719.98 time, 720.02 real, 378 MB
[runlim] sample:		729.98 time, 730.02 real, 398 MB
[runlim] sample:		739.97 time, 740.02 real, 419 MB
[runlim] sample:		749.97 time, 750.02 real, 438 MB
[runlim] sample:		759.98 time, 760.02 real, 266 MB
[runlim] sample:		769.98 time, 770.02 real, 303 MB
[runlim] sample:		779.97 time, 780.02 real, 333 MB
[runlim] sample:		789.97 time, 790.02 real, 362 MB
[runlim] sample:		799.97 time, 800.02 real, 386 MB
[runlim] sample:		809.97 time, 810.02 real, 408 MB
[runlim] sample:		819.98 time, 820.02 real, 428 MB
[runlim] sample:		829.97 time, 830.02 real, 445 MB
[runlim] sample:		839.98 time, 840.02 real, 463 MB
[runlim] sample:		849.97 time, 850.02 real, 481 MB
[runlim] sample:		859.98 time, 860.02 real, 306 MB
[runlim] sample:		869.97 time, 870.02 real, 338 MB
[runlim] sample:		879.98 time, 880.02 real, 366 MB
[runlim] sample:		889.97 time, 890.02 real, 391 MB
[runlim] sample:		899.98 time, 900.02 real, 417 MB
[runlim] sample:		909.97 time, 910.02 real, 439 MB
[runlim] sample:		919.97 time, 920.02 real, 459 MB
[runlim] sample:		929.97 time, 930.02 real, 479 MB
[runlim] sample:		939.97 time, 940.02 real, 307 MB
[runlim] sample:		949.97 time, 950.02 real, 339 MB
[runlim] sample:		959.97 time, 960.02 real, 373 MB
[runlim] sample:		969.97 time, 970.02 real, 403 MB
[runlim] sample:		979.97 time, 980.02 real, 427 MB
[runlim] sample:		989.97 time, 990.02 real, 450 MB
[runlim] sample:		999.97 time, 1000.02 real, 471 MB
[runlim] sample:		1009.97 time, 1010.02 real, 488 MB
[runlim] sample:		1019.97 time, 1020.02 real, 506 MB
[runlim] sample:		1029.97 time, 1030.02 real, 523 MB
[runlim] sample:		1039.97 time, 1040.02 real, 328 MB
[runlim] sample:		1049.97 time, 1050.02 real, 365 MB
[runlim] sample:		1059.97 time, 1060.02 real, 395 MB
[runlim] sample:		1069.97 time, 1070.02 real, 424 MB
[runlim] sample:		1079.97 time, 1080.02 real, 450 MB
[runlim] sample:		1089.97 time, 1090.02 real, 471 MB
[runlim] sample:		1099.97 time, 1100.02 real, 489 MB
[runlim] sample:		1109.96 time, 1110.02 real, 508 MB
[runlim] sample:		1119.97 time, 1120.02 real, 526 MB
[runlim] sample:		1129.97 time, 1130.02 real, 542 MB
[runlim] sample:		1139.97 time, 1140.02 real, 349 MB
[runlim] sample:		1149.96 time, 1150.02 real, 383 MB
[runlim] sample:		1159.97 time, 1160.02 real, 412 MB
[runlim] sample:		1169.97 time, 1170.02 real, 439 MB
[runlim] sample:		1179.97 time, 1180.02 real, 460 MB
[runlim] sample:		1189.97 time, 1190.02 real, 484 MB
[runlim] sample:		1199.97 time, 1200.02 real, 506 MB
[runlim] sample:		1209.97 time, 1210.02 real, 528 MB
[runlim] sample:		1219.97 time, 1220.02 real, 550 MB
[runlim] sample:		1229.97 time, 1230.02 real, 569 MB
[runlim] sample:		1239.97 time, 1240.02 real, 383 MB
[runlim] sample:		1249.97 time, 1250.02 real, 416 MB
[runlim] sample:		1259.97 time, 1260.02 real, 446 MB
[runlim] sample:		1269.97 time, 1270.02 real, 472 MB
[runlim] sample:		1279.97 time, 1280.02 real, 495 MB
[runlim] sample:		1289.97 time, 1290.02 real, 516 MB
[runlim] sample:		1299.96 time, 1300.02 real, 536 MB
[runlim] sample:		1309.97 time, 1310.02 real, 556 MB
[runlim] sample:		1319.96 time, 1320.02 real, 575 MB
[runlim] sample:		1329.97 time, 1330.02 real, 591 MB
[runlim] sample:		1339.97 time, 1340.02 real, 606 MB
[runlim] sample:		1349.97 time, 1350.02 real, 403 MB
[runlim] sample:		1359.97 time, 1360.02 real, 434 MB
[runlim] sample:		1369.96 time, 1370.02 real, 463 MB
[runlim] sample:		1379.97 time, 1380.02 real, 490 MB
[runlim] sample:		1389.96 time, 1390.02 real, 523 MB
[runlim] sample:		1399.97 time, 1400.02 real, 545 MB
[runlim] sample:		1409.97 time, 1410.02 real, 564 MB
[runlim] sample:		1419.96 time, 1420.02 real, 583 MB
[runlim] sample:		1429.97 time, 1430.02 real, 598 MB
[runlim] sample:		1439.97 time, 1440.02 real, 609 MB
[runlim] sample:		1449.97 time, 1450.02 real, 621 MB
[runlim] sample:		1459.96 time, 1460.02 real, 634 MB
[runlim] sample:		1469.96 time, 1470.02 real, 648 MB
[runlim] sample:		1479.96 time, 1480.02 real, 418 MB
[runlim] sample:		1489.97 time, 1490.02 real, 451 MB
[runlim] sample:		1499.96 time, 1500.02 real, 481 MB
[runlim] sample:		1509.96 time, 1510.02 real, 501 MB
[runlim] sample:		1519.97 time, 1520.02 real, 522 MB
[runlim] sample:		1529.96 time, 1530.02 real, 545 MB
[runlim] sample:		1539.97 time, 1540.02 real, 568 MB
[runlim] sample:		1549.97 time, 1550.02 real, 587 MB
[runlim] sample:		1559.97 time, 1560.02 real, 606 MB
[runlim] sample:		1569.96 time, 1570.02 real, 623 MB
[runlim] sample:		1579.96 time, 1580.02 real, 639 MB
[runlim] sample:		1589.96 time, 1590.02 real, 659 MB
[runlim] sample:		1599.96 time, 1600.02 real, 431 MB
[runlim] sample:		1609.96 time, 1610.02 real, 466 MB
[runlim] sample:		1619.97 time, 1620.02 real, 499 MB
[runlim] sample:		1629.96 time, 1630.02 real, 525 MB
[runlim] sample:		1639.96 time, 1640.02 real, 550 MB
[runlim] sample:		1649.97 time, 1650.02 real, 573 MB
[runlim] sample:		1659.96 time, 1660.02 real, 595 MB
[runlim] sample:		1669.96 time, 1670.02 real, 614 MB
[runlim] sample:		1679.96 time, 1680.02 real, 634 MB
[runlim] sample:		1689.96 time, 1690.02 real, 650 MB
[runlim] sample:		1699.97 time, 1700.02 real, 681 MB
[runlim] sample:		1709.96 time, 1710.02 real, 696 MB
[runlim] sample:		1719.96 time, 1720.02 real, 712 MB
[runlim] sample:		1729.96 time, 1730.02 real, 727 MB
[runlim] sample:		1739.97 time, 1740.02 real, 471 MB
[runlim] sample:		1749.96 time, 1750.02 real, 502 MB
[runlim] sample:		1759.96 time, 1760.02 real, 533 MB
[runlim] sample:		1769.96 time, 1770.02 real, 562 MB
[runlim] sample:		1779.97 time, 1780.02 real, 586 MB
[runlim] sample:		1789.96 time, 1790.02 real, 607 MB
[runlim] sample:		1799.96 time, 1800.02 real, 625 MB
[runlim] sample:		1809.96 time, 1810.02 real, 646 MB
[runlim] sample:		1819.96 time, 1820.02 real, 664 MB
[runlim] sample:		1829.96 time, 1830.02 real, 683 MB
[runlim] sample:		1839.96 time, 1840.02 real, 698 MB
[runlim] sample:		1849.96 time, 1850.02 real, 713 MB
[runlim] sample:		1859.96 time, 1860.02 real, 727 MB
[runlim] sample:		1869.96 time, 1870.02 real, 738 MB
[runlim] sample:		1879.96 time, 1880.02 real, 753 MB
[runlim] sample:		1889.96 time, 1890.02 real, 768 MB
[runlim] sample:		1899.96 time, 1900.02 real, 514 MB
[runlim] sample:		1909.96 time, 1910.02 real, 545 MB
[runlim] sample:		1919.96 time, 1920.02 real, 573 MB
[runlim] sample:		1929.96 time, 1930.02 real, 601 MB
[runlim] sample:		1939.96 time, 1940.02 real, 627 MB
[runlim] sample:		1949.96 time, 1950.02 real, 649 MB
[runlim] sample:		1959.96 time, 1960.02 real, 667 MB
[runlim] sample:		1969.96 time, 1970.02 real, 686 MB
[runlim] sample:		1979.96 time, 1980.02 real, 705 MB
[runlim] sample:		1989.96 time, 1990.02 real, 722 MB
[runlim] sample:		1999.96 time, 2000.02 real, 738 MB
[runlim] sample:		2009.96 time, 2010.02 real, 754 MB
[runlim] sample:		2019.96 time, 2020.02 real, 769 MB
[runlim] sample:		2029.96 time, 2030.02 real, 784 MB
[runlim] sample:		2039.96 time, 2040.02 real, 797 MB
[runlim] sample:		2049.95 time, 2050.02 real, 810 MB
[runlim] sample:		2059.96 time, 2060.02 real, 527 MB
[runlim] sample:		2069.96 time, 2070.02 real, 555 MB
[runlim] sample:		2079.96 time, 2080.02 real, 586 MB
[runlim] sample:		2089.96 time, 2090.02 real, 614 MB
[runlim] sample:		2099.96 time, 2100.02 real, 636 MB
[runlim] sample:		2109.96 time, 2110.02 real, 661 MB
[runlim] sample:		2119.96 time, 2120.02 real, 685 MB
[runlim] sample:		2129.96 time, 2130.02 real, 712 MB
[runlim] sample:		2139.96 time, 2140.02 real, 732 MB
[runlim] sample:		2149.96 time, 2150.02 real, 753 MB
[runlim] sample:		2159.96 time, 2160.02 real, 791 MB
[runlim] sample:		2169.96 time, 2170.02 real, 812 MB
[runlim] sample:		2179.96 time, 2180.02 real, 833 MB
[runlim] sample:		2189.96 time, 2190.02 real, 852 MB
[runlim] sample:		2199.96 time, 2200.02 real, 867 MB
[runlim] sample:		2209.95 time, 2210.02 real, 588 MB
[runlim] sample:		2219.96 time, 2220.02 real, 620 MB
[runlim] sample:		2229.96 time, 2230.02 real, 652 MB
[runlim] sample:		2239.96 time, 2240.02 real, 680 MB
[runlim] sample:		2249.96 time, 2250.02 real, 700 MB
[runlim] sample:		2259.96 time, 2260.02 real, 726 MB
[runlim] sample:		2269.96 time, 2270.02 real, 750 MB
[runlim] sample:		2279.96 time, 2280.02 real, 772 MB
[runlim] sample:		2289.96 time, 2290.02 real, 792 MB
[runlim] sample:		2299.95 time, 2300.02 real, 810 MB
[runlim] sample:		2309.95 time, 2310.02 real, 828 MB
[runlim] sample:		2319.96 time, 2320.02 real, 847 MB
[runlim] sample:		2329.95 time, 2330.02 real, 865 MB
[runlim] sample:		2339.95 time, 2340.02 real, 882 MB
[runlim] sample:		2349.95 time, 2350.02 real, 899 MB
[runlim] sample:		2359.96 time, 2360.02 real, 617 MB
[runlim] sample:		2369.96 time, 2370.02 real, 649 MB
[runlim] sample:		2379.95 time, 2380.02 real, 682 MB
[runlim] sample:		2389.96 time, 2390.02 real, 708 MB
[runlim] sample:		2399.96 time, 2400.02 real, 733 MB
[runlim] sample:		2409.96 time, 2410.02 real, 756 MB
[runlim] sample:		2419.96 time, 2420.02 real, 779 MB
[runlim] sample:		2429.96 time, 2430.02 real, 802 MB
[runlim] sample:		2439.96 time, 2440.02 real, 821 MB
[runlim] sample:		2449.96 time, 2450.02 real, 841 MB
[runlim] sample:		2459.96 time, 2460.02 real, 860 MB
[runlim] sample:		2469.96 time, 2470.02 real, 876 MB
[runlim] sample:		2479.96 time, 2480.02 real, 894 MB
[runlim] sample:		2489.96 time, 2490.02 real, 912 MB
[runlim] sample:		2499.95 time, 2500.02 real, 929 MB
[runlim] sample:		2509.96 time, 2510.02 real, 944 MB
[runlim] sample:		2519.95 time, 2520.02 real, 959 MB
[runlim] sample:		2529.95 time, 2530.02 real, 665 MB
[runlim] sample:		2539.95 time, 2540.02 real, 697 MB
[runlim] sample:		2549.96 time, 2550.02 real, 729 MB
[runlim] sample:		2559.95 time, 2560.02 real, 758 MB
[runlim] sample:		2569.95 time, 2570.02 real, 788 MB
[runlim] sample:		2579.95 time, 2580.02 real, 812 MB
[runlim] sample:		2589.95 time, 2590.01 real, 837 MB
[runlim] sample:		2599.95 time, 2600.01 real, 861 MB
[runlim] sample:		2609.95 time, 2610.02 real, 885 MB
[runlim] sample:		2619.95 time, 2620.02 real, 906 MB
[runlim] sample:		2629.95 time, 2630.02 real, 926 MB
[runlim] sample:		2639.95 time, 2640.02 real, 946 MB
[runlim] sample:		2649.95 time, 2650.02 real, 966 MB
[runlim] sample:		2659.95 time, 2660.02 real, 985 MB
[runlim] sample:		2669.95 time, 2670.02 real, 1002 MB
[runlim] sample:		2679.95 time, 2680.02 real, 690 MB
[runlim] sample:		2689.95 time, 2690.02 real, 721 MB
[runlim] sample:		2699.95 time, 2700.02 real, 755 MB
[runlim] end:			Sat Feb 29 08:07:52 2020
[runlim] status:		out of time
[runlim] result:		2
[runlim] children:		1
[runlim] real:			2700.10 seconds
[runlim] time:			2699.95 seconds
[runlim] space:			1223 MB
[runlim] samples:		27000
