[runlim] version:		1.18
[runlim] host:			c3n29
[runlim] time limit:		2700 seconds
[runlim] real time limit:	2700 seconds
[runlim] space limit:		7000 MB
[runlim] argv[0]:		./binary
[runlim] argv[1]:		/data/cnf/ankit/E1-A1-instances/reachqu_exquery_1344.qdimacs
[runlim] start:			Sat Feb 29 07:22:53 2020
[runlim] child:			9995
[runlim] sample:		10.00 time, 10.02 real, 46 MB
[runlim] sample:		20.01 time, 20.02 real, 53 MB
[runlim] sample:		30.00 time, 30.02 real, 53 MB
[runlim] sample:		40.01 time, 40.02 real, 80 MB
[runlim] end:			Sat Feb 29 07:23:37 2020
[runlim] status:		ok
[runlim] result:		0
[runlim] children:		1
[runlim] real:			44.28 seconds
[runlim] time:			44.21 seconds
[runlim] space:			80 MB
[runlim] samples:		442
