[runlim] version:		1.18
[runlim] host:			c3n22
[runlim] time limit:		2700 seconds
[runlim] real time limit:	2700 seconds
[runlim] space limit:		7000 MB
[runlim] argv[0]:		./binary
[runlim] argv[1]:		/data/cnf/ankit/E1-A1-instances/sortnetsort7.v.stepl.005.qdimacs
[runlim] start:			Sat Feb 29 07:25:51 2020
[runlim] child:			18614
[runlim] sample:		10.01 time, 10.02 real, 20 MB
[runlim] sample:		20.01 time, 20.02 real, 26 MB
[runlim] sample:		30.01 time, 30.02 real, 28 MB
[runlim] sample:		40.00 time, 40.02 real, 35 MB
[runlim] sample:		50.01 time, 50.02 real, 43 MB
[runlim] sample:		60.00 time, 60.02 real, 27 MB
[runlim] sample:		70.00 time, 70.02 real, 43 MB
[runlim] sample:		80.01 time, 80.02 real, 24 MB
[runlim] sample:		90.00 time, 90.02 real, 30 MB
[runlim] sample:		100.01 time, 100.02 real, 33 MB
[runlim] sample:		110.00 time, 110.02 real, 28 MB
[runlim] sample:		120.00 time, 120.02 real, 37 MB
[runlim] sample:		130.00 time, 130.02 real, 44 MB
[runlim] sample:		140.00 time, 140.02 real, 45 MB
[runlim] sample:		150.00 time, 150.02 real, 45 MB
[runlim] sample:		160.00 time, 160.02 real, 48 MB
[runlim] sample:		170.00 time, 170.02 real, 50 MB
[runlim] sample:		180.00 time, 180.02 real, 53 MB
[runlim] sample:		190.01 time, 190.02 real, 55 MB
[runlim] sample:		200.01 time, 200.02 real, 56 MB
[runlim] sample:		210.01 time, 210.02 real, 56 MB
[runlim] sample:		220.01 time, 220.02 real, 56 MB
[runlim] sample:		230.01 time, 230.02 real, 56 MB
[runlim] sample:		240.01 time, 240.02 real, 56 MB
[runlim] sample:		250.01 time, 250.02 real, 56 MB
[runlim] sample:		260.00 time, 260.02 real, 68 MB
[runlim] sample:		270.00 time, 270.02 real, 69 MB
[runlim] sample:		280.00 time, 280.02 real, 72 MB
[runlim] sample:		290.00 time, 290.02 real, 74 MB
[runlim] sample:		300.00 time, 300.02 real, 74 MB
[runlim] sample:		310.00 time, 310.02 real, 74 MB
[runlim] sample:		320.00 time, 320.02 real, 74 MB
[runlim] sample:		330.00 time, 330.02 real, 75 MB
[runlim] sample:		340.00 time, 340.02 real, 75 MB
[runlim] sample:		350.00 time, 350.02 real, 75 MB
[runlim] sample:		360.00 time, 360.02 real, 75 MB
[runlim] sample:		370.00 time, 370.02 real, 75 MB
[runlim] sample:		380.00 time, 380.02 real, 75 MB
[runlim] sample:		390.00 time, 390.02 real, 75 MB
[runlim] sample:		400.00 time, 400.02 real, 75 MB
[runlim] sample:		410.00 time, 410.02 real, 76 MB
[runlim] sample:		420.00 time, 420.02 real, 76 MB
[runlim] sample:		430.00 time, 430.02 real, 76 MB
[runlim] sample:		440.00 time, 440.02 real, 76 MB
[runlim] sample:		450.00 time, 450.02 real, 76 MB
[runlim] sample:		460.00 time, 460.02 real, 76 MB
[runlim] sample:		470.00 time, 470.02 real, 76 MB
[runlim] sample:		480.00 time, 480.02 real, 76 MB
[runlim] sample:		490.00 time, 490.02 real, 76 MB
[runlim] sample:		500.00 time, 500.02 real, 76 MB
[runlim] sample:		510.00 time, 510.02 real, 76 MB
[runlim] sample:		520.01 time, 520.02 real, 78 MB
[runlim] sample:		530.00 time, 530.02 real, 94 MB
[runlim] sample:		540.01 time, 540.02 real, 96 MB
[runlim] sample:		550.01 time, 550.02 real, 96 MB
[runlim] sample:		560.01 time, 560.02 real, 96 MB
[runlim] sample:		570.01 time, 570.02 real, 96 MB
[runlim] sample:		580.01 time, 580.02 real, 96 MB
[runlim] sample:		590.01 time, 590.02 real, 96 MB
[runlim] sample:		600.01 time, 600.02 real, 96 MB
[runlim] sample:		610.01 time, 610.02 real, 96 MB
[runlim] sample:		620.01 time, 620.02 real, 96 MB
[runlim] sample:		630.01 time, 630.02 real, 96 MB
[runlim] sample:		640.01 time, 640.02 real, 96 MB
[runlim] sample:		650.01 time, 650.02 real, 96 MB
[runlim] sample:		660.01 time, 660.02 real, 96 MB
[runlim] sample:		670.01 time, 670.02 real, 96 MB
[runlim] sample:		680.01 time, 680.02 real, 96 MB
[runlim] sample:		690.01 time, 690.02 real, 96 MB
[runlim] sample:		700.01 time, 700.02 real, 96 MB
[runlim] sample:		710.01 time, 710.02 real, 96 MB
[runlim] sample:		720.01 time, 720.02 real, 96 MB
[runlim] sample:		730.01 time, 730.02 real, 96 MB
[runlim] sample:		740.01 time, 740.02 real, 96 MB
[runlim] sample:		750.01 time, 750.02 real, 96 MB
[runlim] sample:		760.01 time, 760.02 real, 96 MB
[runlim] sample:		770.01 time, 770.02 real, 96 MB
[runlim] sample:		780.01 time, 780.02 real, 96 MB
[runlim] sample:		790.01 time, 790.02 real, 96 MB
[runlim] sample:		800.01 time, 800.02 real, 96 MB
[runlim] sample:		810.01 time, 810.02 real, 96 MB
[runlim] sample:		820.01 time, 820.02 real, 96 MB
[runlim] sample:		830.00 time, 830.02 real, 107 MB
[runlim] sample:		840.00 time, 840.02 real, 107 MB
[runlim] sample:		850.00 time, 850.02 real, 107 MB
[runlim] sample:		860.00 time, 860.02 real, 107 MB
[runlim] sample:		870.00 time, 870.02 real, 107 MB
[runlim] sample:		880.00 time, 880.02 real, 107 MB
[runlim] sample:		890.00 time, 890.02 real, 107 MB
[runlim] sample:		900.00 time, 900.02 real, 107 MB
[runlim] sample:		910.00 time, 910.02 real, 107 MB
[runlim] sample:		920.00 time, 920.02 real, 107 MB
[runlim] sample:		930.00 time, 930.02 real, 107 MB
[runlim] sample:		940.00 time, 940.02 real, 107 MB
[runlim] sample:		950.00 time, 950.02 real, 107 MB
[runlim] sample:		960.00 time, 960.02 real, 107 MB
[runlim] sample:		970.00 time, 970.02 real, 107 MB
[runlim] sample:		980.00 time, 980.02 real, 107 MB
[runlim] sample:		990.00 time, 990.02 real, 107 MB
[runlim] sample:		1000.00 time, 1000.02 real, 107 MB
[runlim] sample:		1010.00 time, 1010.02 real, 107 MB
[runlim] sample:		1020.00 time, 1020.02 real, 107 MB
[runlim] sample:		1030.00 time, 1030.02 real, 107 MB
[runlim] sample:		1040.01 time, 1040.02 real, 108 MB
[runlim] sample:		1050.01 time, 1050.02 real, 108 MB
[runlim] sample:		1060.00 time, 1060.02 real, 108 MB
[runlim] sample:		1070.00 time, 1070.02 real, 108 MB
[runlim] sample:		1080.00 time, 1080.02 real, 110 MB
[runlim] sample:		1090.00 time, 1090.02 real, 113 MB
[runlim] sample:		1100.01 time, 1100.02 real, 115 MB
[runlim] sample:		1110.00 time, 1110.02 real, 117 MB
[runlim] sample:		1120.00 time, 1120.02 real, 119 MB
[runlim] sample:		1130.00 time, 1130.02 real, 119 MB
[runlim] sample:		1140.00 time, 1140.02 real, 119 MB
[runlim] sample:		1150.00 time, 1150.02 real, 119 MB
[runlim] sample:		1160.00 time, 1160.02 real, 119 MB
[runlim] sample:		1170.00 time, 1170.02 real, 119 MB
[runlim] sample:		1179.99 time, 1180.02 real, 119 MB
[runlim] sample:		1189.97 time, 1190.02 real, 119 MB
[runlim] sample:		1199.95 time, 1200.02 real, 119 MB
[runlim] sample:		1209.92 time, 1210.02 real, 119 MB
[runlim] sample:		1219.90 time, 1220.02 real, 119 MB
[runlim] sample:		1229.88 time, 1230.02 real, 119 MB
[runlim] sample:		1239.86 time, 1240.02 real, 119 MB
[runlim] sample:		1249.84 time, 1250.02 real, 119 MB
[runlim] sample:		1259.82 time, 1260.02 real, 119 MB
[runlim] sample:		1269.79 time, 1270.02 real, 119 MB
[runlim] sample:		1279.77 time, 1280.02 real, 119 MB
[runlim] sample:		1289.75 time, 1290.02 real, 119 MB
[runlim] sample:		1299.73 time, 1300.02 real, 119 MB
[runlim] sample:		1309.70 time, 1310.02 real, 119 MB
[runlim] sample:		1319.70 time, 1320.02 real, 119 MB
[runlim] sample:		1329.70 time, 1330.02 real, 119 MB
[runlim] sample:		1339.70 time, 1340.02 real, 119 MB
[runlim] sample:		1349.70 time, 1350.02 real, 119 MB
[runlim] sample:		1359.69 time, 1360.02 real, 119 MB
[runlim] sample:		1369.70 time, 1370.02 real, 119 MB
[runlim] sample:		1379.70 time, 1380.02 real, 119 MB
[runlim] sample:		1389.70 time, 1390.02 real, 119 MB
[runlim] sample:		1399.70 time, 1400.02 real, 119 MB
[runlim] sample:		1409.70 time, 1410.02 real, 119 MB
[runlim] sample:		1419.70 time, 1420.02 real, 119 MB
[runlim] sample:		1429.70 time, 1430.02 real, 79 MB
[runlim] sample:		1439.69 time, 1440.02 real, 81 MB
[runlim] sample:		1449.69 time, 1450.02 real, 82 MB
[runlim] sample:		1459.69 time, 1460.02 real, 84 MB
[runlim] sample:		1469.68 time, 1470.02 real, 86 MB
[runlim] sample:		1479.69 time, 1480.02 real, 87 MB
[runlim] sample:		1489.69 time, 1490.02 real, 89 MB
[runlim] sample:		1499.68 time, 1500.02 real, 90 MB
[runlim] sample:		1509.69 time, 1510.02 real, 92 MB
[runlim] sample:		1519.68 time, 1520.02 real, 94 MB
[runlim] sample:		1529.69 time, 1530.02 real, 95 MB
[runlim] sample:		1539.68 time, 1540.02 real, 96 MB
[runlim] sample:		1549.69 time, 1550.02 real, 97 MB
[runlim] sample:		1559.68 time, 1560.02 real, 75 MB
[runlim] sample:		1569.68 time, 1570.02 real, 78 MB
[runlim] sample:		1579.67 time, 1580.02 real, 81 MB
[runlim] sample:		1589.65 time, 1590.02 real, 84 MB
[runlim] sample:		1599.63 time, 1600.02 real, 116 MB
[runlim] sample:		1609.61 time, 1610.02 real, 119 MB
[runlim] sample:		1619.59 time, 1620.02 real, 120 MB
[runlim] sample:		1629.57 time, 1630.02 real, 122 MB
[runlim] sample:		1639.55 time, 1640.02 real, 123 MB
[runlim] sample:		1649.54 time, 1650.02 real, 124 MB
[runlim] sample:		1659.51 time, 1660.02 real, 126 MB
[runlim] sample:		1669.49 time, 1670.02 real, 128 MB
[runlim] sample:		1679.47 time, 1680.02 real, 129 MB
[runlim] sample:		1689.46 time, 1690.02 real, 131 MB
[runlim] sample:		1699.44 time, 1700.02 real, 132 MB
[runlim] sample:		1709.42 time, 1710.02 real, 133 MB
[runlim] sample:		1719.40 time, 1720.02 real, 135 MB
[runlim] sample:		1729.38 time, 1730.02 real, 136 MB
[runlim] sample:		1739.36 time, 1740.02 real, 137 MB
[runlim] sample:		1749.33 time, 1750.02 real, 138 MB
[runlim] sample:		1759.32 time, 1760.02 real, 139 MB
[runlim] sample:		1769.29 time, 1770.02 real, 86 MB
[runlim] sample:		1779.27 time, 1780.02 real, 86 MB
[runlim] sample:		1789.26 time, 1790.02 real, 86 MB
[runlim] sample:		1799.23 time, 1800.02 real, 86 MB
[runlim] sample:		1809.21 time, 1810.02 real, 116 MB
[runlim] sample:		1819.19 time, 1820.02 real, 117 MB
[runlim] sample:		1829.18 time, 1830.02 real, 119 MB
[runlim] sample:		1839.16 time, 1840.02 real, 120 MB
[runlim] sample:		1849.14 time, 1850.02 real, 121 MB
[runlim] sample:		1859.12 time, 1860.02 real, 122 MB
[runlim] sample:		1869.10 time, 1870.02 real, 123 MB
[runlim] sample:		1879.08 time, 1880.02 real, 124 MB
[runlim] sample:		1889.06 time, 1890.02 real, 126 MB
[runlim] sample:		1899.04 time, 1900.02 real, 126 MB
[runlim] sample:		1909.02 time, 1910.02 real, 127 MB
[runlim] sample:		1919.00 time, 1920.02 real, 128 MB
[runlim] sample:		1928.99 time, 1930.02 real, 129 MB
[runlim] sample:		1938.98 time, 1940.02 real, 131 MB
[runlim] sample:		1948.97 time, 1950.02 real, 132 MB
[runlim] sample:		1958.97 time, 1960.02 real, 133 MB
[runlim] sample:		1968.97 time, 1970.02 real, 134 MB
[runlim] sample:		1978.97 time, 1980.02 real, 135 MB
[runlim] sample:		1988.96 time, 1990.02 real, 136 MB
[runlim] sample:		1998.95 time, 2000.02 real, 86 MB
[runlim] sample:		2008.95 time, 2010.02 real, 86 MB
[runlim] sample:		2018.95 time, 2020.02 real, 117 MB
[runlim] sample:		2028.94 time, 2030.02 real, 119 MB
[runlim] sample:		2038.94 time, 2040.02 real, 120 MB
[runlim] sample:		2048.94 time, 2050.02 real, 122 MB
[runlim] sample:		2058.93 time, 2060.02 real, 124 MB
[runlim] sample:		2068.93 time, 2070.02 real, 126 MB
[runlim] sample:		2078.92 time, 2080.02 real, 127 MB
[runlim] sample:		2088.91 time, 2090.02 real, 128 MB
[runlim] sample:		2098.92 time, 2100.02 real, 130 MB
[runlim] sample:		2108.91 time, 2110.02 real, 131 MB
[runlim] sample:		2118.91 time, 2120.02 real, 132 MB
[runlim] sample:		2128.90 time, 2130.02 real, 134 MB
[runlim] sample:		2138.89 time, 2140.02 real, 135 MB
[runlim] sample:		2148.90 time, 2150.02 real, 137 MB
[runlim] sample:		2158.89 time, 2160.02 real, 139 MB
[runlim] sample:		2168.88 time, 2170.02 real, 140 MB
[runlim] sample:		2178.88 time, 2180.02 real, 141 MB
[runlim] sample:		2188.87 time, 2190.02 real, 88 MB
[runlim] sample:		2198.87 time, 2200.02 real, 88 MB
[runlim] sample:		2208.87 time, 2210.02 real, 119 MB
[runlim] sample:		2218.87 time, 2220.02 real, 121 MB
[runlim] sample:		2228.85 time, 2230.02 real, 123 MB
[runlim] sample:		2238.85 time, 2240.02 real, 124 MB
[runlim] sample:		2248.85 time, 2250.02 real, 125 MB
[runlim] sample:		2258.85 time, 2260.02 real, 127 MB
[runlim] sample:		2268.84 time, 2270.02 real, 129 MB
[runlim] sample:		2278.83 time, 2280.02 real, 130 MB
[runlim] sample:		2288.83 time, 2290.02 real, 132 MB
[runlim] sample:		2298.83 time, 2300.02 real, 134 MB
[runlim] sample:		2308.82 time, 2310.02 real, 135 MB
[runlim] sample:		2318.82 time, 2320.02 real, 136 MB
[runlim] sample:		2328.81 time, 2330.02 real, 137 MB
[runlim] sample:		2338.81 time, 2340.02 real, 139 MB
[runlim] sample:		2348.80 time, 2350.02 real, 140 MB
[runlim] sample:		2358.80 time, 2360.02 real, 141 MB
[runlim] sample:		2368.80 time, 2370.02 real, 143 MB
[runlim] sample:		2378.79 time, 2380.02 real, 144 MB
[runlim] sample:		2388.79 time, 2390.02 real, 88 MB
[runlim] sample:		2398.79 time, 2400.01 real, 88 MB
[runlim] sample:		2408.78 time, 2410.02 real, 119 MB
[runlim] sample:		2418.78 time, 2420.02 real, 121 MB
[runlim] sample:		2428.78 time, 2430.02 real, 123 MB
[runlim] sample:		2438.78 time, 2440.02 real, 125 MB
[runlim] sample:		2448.77 time, 2450.02 real, 127 MB
[runlim] sample:		2458.77 time, 2460.02 real, 129 MB
[runlim] sample:		2468.77 time, 2470.02 real, 131 MB
[runlim] sample:		2478.76 time, 2480.02 real, 133 MB
[runlim] sample:		2488.76 time, 2490.01 real, 134 MB
[runlim] sample:		2498.76 time, 2500.02 real, 136 MB
[runlim] sample:		2508.76 time, 2510.02 real, 137 MB
[runlim] sample:		2518.76 time, 2520.02 real, 139 MB
[runlim] sample:		2528.75 time, 2530.02 real, 140 MB
[runlim] sample:		2538.75 time, 2540.02 real, 141 MB
[runlim] sample:		2548.74 time, 2550.02 real, 142 MB
[runlim] sample:		2558.74 time, 2560.02 real, 144 MB
[runlim] sample:		2568.73 time, 2570.02 real, 145 MB
[runlim] sample:		2578.73 time, 2580.02 real, 146 MB
[runlim] sample:		2588.73 time, 2590.02 real, 147 MB
[runlim] sample:		2598.73 time, 2600.02 real, 148 MB
[runlim] sample:		2608.72 time, 2610.01 real, 89 MB
[runlim] sample:		2618.72 time, 2620.02 real, 118 MB
[runlim] sample:		2628.72 time, 2630.02 real, 120 MB
[runlim] sample:		2638.72 time, 2640.01 real, 122 MB
[runlim] sample:		2648.72 time, 2650.02 real, 124 MB
[runlim] sample:		2658.72 time, 2660.02 real, 125 MB
[runlim] sample:		2668.71 time, 2670.02 real, 127 MB
[runlim] sample:		2678.71 time, 2680.02 real, 128 MB
[runlim] sample:		2688.70 time, 2690.02 real, 130 MB
[runlim] sample:		2698.70 time, 2700.02 real, 131 MB
[runlim] end:			Sat Feb 29 08:10:51 2020
[runlim] status:		out of time
[runlim] result:		2
[runlim] children:		1
[runlim] real:			2700.10 seconds
[runlim] time:			2698.70 seconds
[runlim] space:			149 MB
[runlim] samples:		27000
