[runlim] version:		1.18
[runlim] host:			c3n03
[runlim] time limit:		2700 seconds
[runlim] real time limit:	2700 seconds
[runlim] space limit:		7000 MB
[runlim] argv[0]:		./binary
[runlim] argv[1]:		/data/cnf/ankit/E1-A1-instances/sortnetsort10.v.stepl.006.qdimacs
[runlim] start:			Sat Feb 29 07:23:37 2020
[runlim] child:			21361
[runlim] sample:		10.00 time, 10.02 real, 27 MB
[runlim] sample:		20.00 time, 20.02 real, 36 MB
[runlim] sample:		30.01 time, 30.02 real, 38 MB
[runlim] sample:		40.00 time, 40.02 real, 42 MB
[runlim] sample:		50.00 time, 50.02 real, 58 MB
[runlim] sample:		60.00 time, 60.02 real, 43 MB
[runlim] sample:		70.00 time, 70.02 real, 68 MB
[runlim] sample:		80.00 time, 80.02 real, 50 MB
[runlim] sample:		90.00 time, 90.02 real, 50 MB
[runlim] sample:		99.99 time, 100.02 real, 53 MB
[runlim] sample:		109.99 time, 110.02 real, 53 MB
[runlim] sample:		120.00 time, 120.02 real, 55 MB
[runlim] sample:		130.00 time, 130.02 real, 60 MB
[runlim] sample:		140.00 time, 140.02 real, 61 MB
[runlim] sample:		150.00 time, 150.02 real, 61 MB
[runlim] sample:		160.00 time, 160.02 real, 61 MB
[runlim] sample:		170.00 time, 170.02 real, 61 MB
[runlim] sample:		180.00 time, 180.02 real, 63 MB
[runlim] sample:		190.00 time, 190.02 real, 76 MB
[runlim] sample:		200.00 time, 200.02 real, 76 MB
[runlim] sample:		210.00 time, 210.02 real, 76 MB
[runlim] sample:		220.00 time, 220.02 real, 76 MB
[runlim] sample:		230.00 time, 230.02 real, 106 MB
[runlim] sample:		240.00 time, 240.02 real, 108 MB
[runlim] sample:		250.00 time, 250.02 real, 76 MB
[runlim] sample:		260.00 time, 260.02 real, 76 MB
[runlim] sample:		269.99 time, 270.02 real, 76 MB
[runlim] sample:		279.99 time, 280.02 real, 76 MB
[runlim] sample:		289.99 time, 290.02 real, 76 MB
[runlim] sample:		300.00 time, 300.02 real, 108 MB
[runlim] sample:		310.00 time, 310.02 real, 111 MB
[runlim] sample:		319.99 time, 320.02 real, 113 MB
[runlim] sample:		329.99 time, 330.02 real, 77 MB
[runlim] sample:		339.99 time, 340.02 real, 77 MB
[runlim] sample:		349.99 time, 350.02 real, 77 MB
[runlim] sample:		359.99 time, 360.02 real, 77 MB
[runlim] sample:		369.99 time, 370.02 real, 107 MB
[runlim] sample:		379.99 time, 380.02 real, 109 MB
[runlim] sample:		389.99 time, 390.02 real, 112 MB
[runlim] sample:		400.00 time, 400.02 real, 115 MB
[runlim] sample:		410.00 time, 410.02 real, 117 MB
[runlim] sample:		420.00 time, 420.02 real, 77 MB
[runlim] sample:		430.00 time, 430.02 real, 77 MB
[runlim] sample:		440.00 time, 440.02 real, 77 MB
[runlim] sample:		449.99 time, 450.02 real, 108 MB
[runlim] sample:		459.99 time, 460.02 real, 112 MB
[runlim] sample:		470.00 time, 470.02 real, 115 MB
[runlim] sample:		479.99 time, 480.02 real, 120 MB
[runlim] sample:		489.99 time, 490.02 real, 77 MB
[runlim] sample:		500.00 time, 500.02 real, 77 MB
[runlim] sample:		509.99 time, 510.02 real, 77 MB
[runlim] sample:		520.00 time, 520.02 real, 108 MB
[runlim] sample:		530.00 time, 530.02 real, 112 MB
[runlim] sample:		539.99 time, 540.02 real, 116 MB
[runlim] sample:		550.00 time, 550.02 real, 120 MB
[runlim] sample:		560.00 time, 560.02 real, 123 MB
[runlim] sample:		569.99 time, 570.02 real, 77 MB
[runlim] sample:		579.99 time, 580.02 real, 77 MB
[runlim] sample:		589.99 time, 590.02 real, 77 MB
[runlim] sample:		600.00 time, 600.02 real, 111 MB
[runlim] sample:		609.99 time, 610.02 real, 116 MB
[runlim] sample:		619.99 time, 620.02 real, 120 MB
[runlim] sample:		630.00 time, 630.02 real, 124 MB
[runlim] sample:		640.00 time, 640.02 real, 128 MB
[runlim] sample:		649.99 time, 650.02 real, 132 MB
[runlim] sample:		659.99 time, 660.02 real, 136 MB
[runlim] sample:		670.00 time, 670.02 real, 77 MB
[runlim] sample:		680.00 time, 680.02 real, 106 MB
[runlim] sample:		690.00 time, 690.02 real, 111 MB
[runlim] sample:		699.99 time, 700.02 real, 116 MB
[runlim] sample:		710.00 time, 710.02 real, 121 MB
[runlim] sample:		720.00 time, 720.02 real, 125 MB
[runlim] sample:		729.99 time, 730.02 real, 129 MB
[runlim] sample:		739.99 time, 740.02 real, 131 MB
[runlim] sample:		749.99 time, 750.02 real, 135 MB
[runlim] sample:		760.00 time, 760.02 real, 138 MB
[runlim] sample:		769.99 time, 770.02 real, 77 MB
[runlim] sample:		779.99 time, 780.02 real, 77 MB
[runlim] sample:		789.99 time, 790.02 real, 108 MB
[runlim] sample:		800.00 time, 800.02 real, 113 MB
[runlim] sample:		809.99 time, 810.02 real, 118 MB
[runlim] sample:		819.99 time, 820.02 real, 122 MB
[runlim] sample:		829.99 time, 830.02 real, 125 MB
[runlim] sample:		839.99 time, 840.02 real, 129 MB
[runlim] sample:		849.99 time, 850.02 real, 132 MB
[runlim] sample:		859.99 time, 860.02 real, 136 MB
[runlim] sample:		869.99 time, 870.02 real, 139 MB
[runlim] sample:		879.99 time, 880.02 real, 99 MB
[runlim] sample:		889.99 time, 890.02 real, 103 MB
[runlim] sample:		899.99 time, 900.02 real, 135 MB
[runlim] sample:		909.99 time, 910.02 real, 138 MB
[runlim] sample:		919.99 time, 920.02 real, 141 MB
[runlim] sample:		929.99 time, 930.02 real, 144 MB
[runlim] sample:		939.99 time, 940.02 real, 147 MB
[runlim] sample:		949.99 time, 950.02 real, 151 MB
[runlim] sample:		959.99 time, 960.02 real, 154 MB
[runlim] sample:		969.99 time, 970.02 real, 158 MB
[runlim] sample:		979.99 time, 980.02 real, 163 MB
[runlim] sample:		989.99 time, 990.02 real, 167 MB
[runlim] sample:		999.99 time, 1000.02 real, 170 MB
[runlim] sample:		1009.99 time, 1010.02 real, 104 MB
[runlim] sample:		1019.98 time, 1020.02 real, 134 MB
[runlim] sample:		1029.98 time, 1030.02 real, 138 MB
[runlim] sample:		1039.99 time, 1040.02 real, 142 MB
[runlim] sample:		1049.99 time, 1050.02 real, 146 MB
[runlim] sample:		1059.99 time, 1060.02 real, 151 MB
[runlim] sample:		1069.99 time, 1070.02 real, 154 MB
[runlim] sample:		1079.99 time, 1080.02 real, 157 MB
[runlim] sample:		1089.99 time, 1090.02 real, 161 MB
[runlim] sample:		1099.98 time, 1100.02 real, 165 MB
[runlim] sample:		1109.99 time, 1110.02 real, 168 MB
[runlim] sample:		1119.98 time, 1120.02 real, 171 MB
[runlim] sample:		1129.98 time, 1130.02 real, 173 MB
[runlim] sample:		1139.99 time, 1140.02 real, 176 MB
[runlim] sample:		1149.98 time, 1150.02 real, 178 MB
[runlim] sample:		1159.99 time, 1160.02 real, 110 MB
[runlim] sample:		1169.99 time, 1170.02 real, 146 MB
[runlim] sample:		1179.98 time, 1180.02 real, 150 MB
[runlim] sample:		1189.99 time, 1190.02 real, 153 MB
[runlim] sample:		1199.98 time, 1200.02 real, 157 MB
[runlim] sample:		1209.98 time, 1210.02 real, 158 MB
[runlim] sample:		1219.98 time, 1220.02 real, 160 MB
[runlim] sample:		1229.98 time, 1230.02 real, 162 MB
[runlim] sample:		1239.98 time, 1240.02 real, 165 MB
[runlim] sample:		1249.98 time, 1250.02 real, 168 MB
[runlim] sample:		1259.98 time, 1260.02 real, 171 MB
[runlim] sample:		1269.98 time, 1270.02 real, 174 MB
[runlim] sample:		1279.98 time, 1280.02 real, 178 MB
[runlim] sample:		1289.98 time, 1290.02 real, 181 MB
[runlim] sample:		1299.98 time, 1300.02 real, 184 MB
[runlim] sample:		1309.98 time, 1310.02 real, 187 MB
[runlim] sample:		1319.98 time, 1320.02 real, 111 MB
[runlim] sample:		1329.98 time, 1330.02 real, 111 MB
[runlim] sample:		1339.98 time, 1340.02 real, 111 MB
[runlim] sample:		1349.98 time, 1350.02 real, 111 MB
[runlim] sample:		1359.98 time, 1360.02 real, 111 MB
[runlim] sample:		1369.98 time, 1370.02 real, 111 MB
[runlim] sample:		1379.98 time, 1380.02 real, 111 MB
[runlim] sample:		1389.98 time, 1390.02 real, 171 MB
[runlim] sample:		1399.98 time, 1400.02 real, 173 MB
[runlim] sample:		1409.98 time, 1410.02 real, 176 MB
[runlim] sample:		1419.98 time, 1420.02 real, 179 MB
[runlim] sample:		1429.98 time, 1430.02 real, 182 MB
[runlim] sample:		1439.98 time, 1440.02 real, 184 MB
[runlim] sample:		1449.98 time, 1450.02 real, 187 MB
[runlim] sample:		1459.98 time, 1460.02 real, 189 MB
[runlim] sample:		1469.98 time, 1470.02 real, 121 MB
[runlim] sample:		1479.98 time, 1480.02 real, 124 MB
[runlim] sample:		1489.98 time, 1490.02 real, 126 MB
[runlim] sample:		1499.98 time, 1500.02 real, 129 MB
[runlim] sample:		1509.98 time, 1510.02 real, 132 MB
[runlim] sample:		1519.98 time, 1520.02 real, 134 MB
[runlim] sample:		1529.97 time, 1530.02 real, 118 MB
[runlim] sample:		1539.97 time, 1540.02 real, 123 MB
[runlim] sample:		1549.98 time, 1550.02 real, 127 MB
[runlim] sample:		1559.98 time, 1560.02 real, 132 MB
[runlim] sample:		1569.97 time, 1570.02 real, 136 MB
[runlim] sample:		1579.98 time, 1580.02 real, 140 MB
[runlim] sample:		1589.98 time, 1590.02 real, 142 MB
[runlim] sample:		1599.97 time, 1600.02 real, 146 MB
[runlim] sample:		1609.98 time, 1610.02 real, 149 MB
[runlim] sample:		1619.97 time, 1620.02 real, 152 MB
[runlim] sample:		1629.97 time, 1630.02 real, 155 MB
[runlim] sample:		1639.98 time, 1640.02 real, 157 MB
[runlim] sample:		1649.98 time, 1650.02 real, 159 MB
[runlim] sample:		1659.98 time, 1660.02 real, 162 MB
[runlim] sample:		1669.98 time, 1670.02 real, 164 MB
[runlim] sample:		1679.97 time, 1680.02 real, 167 MB
[runlim] sample:		1689.97 time, 1690.02 real, 170 MB
[runlim] sample:		1699.98 time, 1700.02 real, 172 MB
[runlim] sample:		1709.97 time, 1710.02 real, 175 MB
[runlim] sample:		1719.97 time, 1720.02 real, 135 MB
[runlim] sample:		1729.97 time, 1730.02 real, 139 MB
[runlim] sample:		1739.97 time, 1740.02 real, 143 MB
[runlim] sample:		1749.97 time, 1750.02 real, 147 MB
[runlim] sample:		1759.97 time, 1760.02 real, 151 MB
[runlim] sample:		1769.97 time, 1770.02 real, 155 MB
[runlim] sample:		1779.97 time, 1780.02 real, 159 MB
[runlim] sample:		1789.97 time, 1790.02 real, 162 MB
[runlim] sample:		1799.97 time, 1800.02 real, 165 MB
[runlim] sample:		1809.97 time, 1810.02 real, 167 MB
[runlim] sample:		1819.97 time, 1820.02 real, 170 MB
[runlim] sample:		1829.97 time, 1830.02 real, 173 MB
[runlim] sample:		1839.97 time, 1840.02 real, 175 MB
[runlim] sample:		1849.97 time, 1850.02 real, 178 MB
[runlim] sample:		1859.97 time, 1860.02 real, 181 MB
[runlim] sample:		1869.97 time, 1870.02 real, 184 MB
[runlim] sample:		1879.97 time, 1880.02 real, 187 MB
[runlim] sample:		1889.97 time, 1890.02 real, 189 MB
[runlim] sample:		1899.97 time, 1900.02 real, 192 MB
[runlim] sample:		1909.97 time, 1910.02 real, 194 MB
[runlim] sample:		1919.97 time, 1920.02 real, 196 MB
[runlim] sample:		1929.97 time, 1930.02 real, 136 MB
[runlim] sample:		1939.97 time, 1940.02 real, 139 MB
[runlim] sample:		1949.97 time, 1950.02 real, 142 MB
[runlim] sample:		1959.97 time, 1960.02 real, 144 MB
[runlim] sample:		1969.97 time, 1970.02 real, 147 MB
[runlim] sample:		1979.96 time, 1980.02 real, 151 MB
[runlim] sample:		1989.97 time, 1990.02 real, 155 MB
[runlim] sample:		1999.97 time, 2000.02 real, 159 MB
[runlim] sample:		2009.96 time, 2010.02 real, 162 MB
[runlim] sample:		2019.96 time, 2020.02 real, 165 MB
[runlim] sample:		2029.96 time, 2030.02 real, 169 MB
[runlim] sample:		2039.96 time, 2040.02 real, 171 MB
[runlim] sample:		2049.96 time, 2050.02 real, 174 MB
[runlim] sample:		2059.96 time, 2060.02 real, 178 MB
[runlim] sample:		2069.96 time, 2070.02 real, 181 MB
[runlim] sample:		2079.96 time, 2080.02 real, 183 MB
[runlim] sample:		2089.96 time, 2090.02 real, 186 MB
[runlim] sample:		2099.96 time, 2100.02 real, 188 MB
[runlim] sample:		2109.96 time, 2110.02 real, 191 MB
[runlim] sample:		2119.96 time, 2120.02 real, 193 MB
[runlim] sample:		2129.96 time, 2130.02 real, 196 MB
[runlim] sample:		2139.96 time, 2140.02 real, 198 MB
[runlim] sample:		2149.96 time, 2150.02 real, 200 MB
[runlim] sample:		2159.96 time, 2160.02 real, 143 MB
[runlim] sample:		2169.96 time, 2170.02 real, 147 MB
[runlim] sample:		2179.96 time, 2180.02 real, 151 MB
[runlim] sample:		2189.96 time, 2190.02 real, 155 MB
[runlim] sample:		2199.96 time, 2200.02 real, 175 MB
[runlim] sample:		2209.96 time, 2210.02 real, 180 MB
[runlim] sample:		2219.96 time, 2220.02 real, 184 MB
[runlim] sample:		2229.96 time, 2230.02 real, 187 MB
[runlim] sample:		2239.96 time, 2240.02 real, 191 MB
[runlim] sample:		2249.96 time, 2250.02 real, 210 MB
[runlim] sample:		2259.96 time, 2260.02 real, 215 MB
[runlim] sample:		2269.95 time, 2270.02 real, 219 MB
[runlim] sample:		2279.96 time, 2280.02 real, 223 MB
[runlim] sample:		2289.96 time, 2290.02 real, 227 MB
[runlim] sample:		2299.95 time, 2300.02 real, 231 MB
[runlim] sample:		2309.95 time, 2310.02 real, 234 MB
[runlim] sample:		2319.96 time, 2320.02 real, 238 MB
[runlim] sample:		2329.96 time, 2330.02 real, 242 MB
[runlim] sample:		2339.95 time, 2340.02 real, 246 MB
[runlim] sample:		2349.95 time, 2350.02 real, 250 MB
[runlim] sample:		2359.96 time, 2360.02 real, 253 MB
[runlim] sample:		2369.95 time, 2370.02 real, 256 MB
[runlim] sample:		2379.96 time, 2380.02 real, 192 MB
[runlim] sample:		2389.96 time, 2390.02 real, 196 MB
[runlim] sample:		2399.96 time, 2400.02 real, 201 MB
[runlim] sample:		2409.96 time, 2410.02 real, 206 MB
[runlim] sample:		2419.96 time, 2420.02 real, 212 MB
[runlim] sample:		2429.96 time, 2430.02 real, 216 MB
[runlim] sample:		2439.95 time, 2440.02 real, 220 MB
[runlim] sample:		2449.95 time, 2450.02 real, 224 MB
[runlim] sample:		2459.95 time, 2460.02 real, 228 MB
[runlim] sample:		2469.95 time, 2470.02 real, 248 MB
[runlim] sample:		2479.95 time, 2480.02 real, 269 MB
[runlim] sample:		2489.95 time, 2490.02 real, 273 MB
[runlim] sample:		2499.96 time, 2500.02 real, 277 MB
[runlim] sample:		2509.95 time, 2510.02 real, 278 MB
[runlim] sample:		2519.95 time, 2520.02 real, 279 MB
[runlim] sample:		2529.95 time, 2530.02 real, 281 MB
[runlim] sample:		2539.95 time, 2540.02 real, 282 MB
[runlim] sample:		2549.95 time, 2550.02 real, 283 MB
[runlim] sample:		2559.95 time, 2560.02 real, 284 MB
[runlim] sample:		2569.95 time, 2570.02 real, 286 MB
[runlim] sample:		2579.96 time, 2580.02 real, 289 MB
[runlim] sample:		2589.95 time, 2590.02 real, 291 MB
[runlim] sample:		2599.95 time, 2600.02 real, 294 MB
[runlim] sample:		2609.95 time, 2610.02 real, 297 MB
[runlim] sample:		2619.95 time, 2620.02 real, 299 MB
[runlim] sample:		2629.95 time, 2630.02 real, 301 MB
[runlim] sample:		2639.95 time, 2640.02 real, 235 MB
[runlim] sample:		2649.95 time, 2650.02 real, 240 MB
[runlim] sample:		2659.95 time, 2660.02 real, 247 MB
[runlim] sample:		2669.95 time, 2670.02 real, 253 MB
[runlim] sample:		2679.95 time, 2680.01 real, 257 MB
[runlim] sample:		2689.95 time, 2690.01 real, 262 MB
[runlim] sample:		2699.95 time, 2700.01 real, 267 MB
[runlim] end:			Sat Feb 29 08:08:37 2020
[runlim] status:		out of time
[runlim] result:		2
[runlim] children:		1
[runlim] real:			2700.10 seconds
[runlim] time:			2699.95 seconds
[runlim] space:			303 MB
[runlim] samples:		27000
