[runlim] version:		1.18
[runlim] host:			c3n29
[runlim] time limit:		2700 seconds
[runlim] real time limit:	2700 seconds
[runlim] space limit:		7000 MB
[runlim] argv[0]:		./binary
[runlim] argv[1]:		/data/cnf/ankit/E1-A1-instances/ttt_5x5-shape-1-GTTT-1-2-torus-0.qdimacs
[runlim] start:			Sat Feb 29 07:41:06 2020
[runlim] child:			10141
[runlim] sample:		9.98 time, 10.02 real, 31 MB
[runlim] sample:		19.96 time, 20.02 real, 36 MB
[runlim] sample:		29.94 time, 30.02 real, 47 MB
[runlim] sample:		39.92 time, 40.02 real, 50 MB
[runlim] sample:		49.89 time, 50.02 real, 47 MB
[runlim] sample:		59.88 time, 60.02 real, 57 MB
[runlim] sample:		69.86 time, 70.02 real, 57 MB
[runlim] sample:		79.84 time, 80.02 real, 66 MB
[runlim] sample:		89.81 time, 90.02 real, 66 MB
[runlim] sample:		99.79 time, 100.02 real, 66 MB
[runlim] sample:		109.76 time, 110.02 real, 66 MB
[runlim] sample:		119.75 time, 120.02 real, 66 MB
[runlim] sample:		129.72 time, 130.02 real, 100 MB
[runlim] sample:		139.71 time, 140.02 real, 66 MB
[runlim] sample:		149.68 time, 150.02 real, 66 MB
[runlim] sample:		159.66 time, 160.02 real, 110 MB
[runlim] sample:		169.64 time, 170.02 real, 113 MB
[runlim] sample:		179.61 time, 180.02 real, 115 MB
[runlim] sample:		189.59 time, 190.02 real, 111 MB
[runlim] sample:		199.57 time, 200.02 real, 98 MB
[runlim] sample:		209.54 time, 210.02 real, 66 MB
[runlim] sample:		219.52 time, 220.02 real, 113 MB
[runlim] sample:		229.50 time, 230.02 real, 66 MB
[runlim] sample:		239.48 time, 240.02 real, 118 MB
[runlim] sample:		249.45 time, 250.02 real, 66 MB
[runlim] sample:		259.43 time, 260.02 real, 111 MB
[runlim] sample:		269.41 time, 270.02 real, 130 MB
[runlim] sample:		279.39 time, 280.02 real, 66 MB
[runlim] sample:		289.36 time, 290.02 real, 113 MB
[runlim] sample:		299.34 time, 300.02 real, 128 MB
[runlim] sample:		309.32 time, 310.02 real, 140 MB
[runlim] sample:		319.30 time, 320.02 real, 66 MB
[runlim] sample:		329.28 time, 330.02 real, 98 MB
[runlim] sample:		339.26 time, 340.02 real, 111 MB
[runlim] sample:		349.23 time, 350.02 real, 66 MB
[runlim] sample:		359.22 time, 360.02 real, 148 MB
[runlim] sample:		369.19 time, 370.02 real, 139 MB
[runlim] sample:		379.17 time, 380.02 real, 131 MB
[runlim] sample:		389.14 time, 390.02 real, 121 MB
[runlim] sample:		399.12 time, 400.02 real, 111 MB
[runlim] sample:		409.10 time, 410.02 real, 100 MB
[runlim] sample:		419.07 time, 420.02 real, 66 MB
[runlim] sample:		429.05 time, 430.02 real, 147 MB
[runlim] sample:		439.03 time, 440.02 real, 132 MB
[runlim] sample:		449.00 time, 450.02 real, 119 MB
[runlim] sample:		458.98 time, 460.02 real, 99 MB
[runlim] sample:		468.96 time, 470.02 real, 159 MB
[runlim] sample:		478.93 time, 480.02 real, 146 MB
[runlim] sample:		488.91 time, 490.02 real, 127 MB
[runlim] sample:		498.89 time, 500.02 real, 103 MB
[runlim] sample:		508.87 time, 510.02 real, 161 MB
[runlim] sample:		518.84 time, 520.02 real, 144 MB
[runlim] sample:		528.82 time, 530.02 real, 122 MB
[runlim] sample:		538.80 time, 540.02 real, 66 MB
[runlim] sample:		548.78 time, 550.02 real, 150 MB
[runlim] sample:		558.75 time, 560.02 real, 121 MB
[runlim] sample:		568.73 time, 570.02 real, 66 MB
[runlim] sample:		578.71 time, 580.02 real, 153 MB
[runlim] sample:		588.69 time, 590.02 real, 121 MB
[runlim] sample:		598.66 time, 600.02 real, 170 MB
[runlim] sample:		608.64 time, 610.02 real, 142 MB
[runlim] sample:		618.61 time, 620.02 real, 112 MB
[runlim] sample:		628.60 time, 630.02 real, 163 MB
[runlim] sample:		638.57 time, 640.02 real, 133 MB
[runlim] sample:		648.55 time, 650.02 real, 66 MB
[runlim] sample:		658.53 time, 660.02 real, 145 MB
[runlim] sample:		668.50 time, 670.02 real, 97 MB
[runlim] sample:		678.48 time, 680.02 real, 148 MB
[runlim] sample:		688.45 time, 690.02 real, 101 MB
[runlim] sample:		698.43 time, 700.02 real, 153 MB
[runlim] sample:		708.42 time, 710.02 real, 106 MB
[runlim] sample:		718.39 time, 720.02 real, 156 MB
[runlim] sample:		728.37 time, 730.02 real, 107 MB
[runlim] sample:		738.34 time, 740.02 real, 155 MB
[runlim] sample:		748.32 time, 750.02 real, 108 MB
[runlim] sample:		758.30 time, 760.02 real, 157 MB
[runlim] sample:		768.27 time, 770.02 real, 107 MB
[runlim] sample:		778.25 time, 780.02 real, 157 MB
[runlim] sample:		788.22 time, 790.02 real, 107 MB
[runlim] sample:		798.21 time, 800.02 real, 158 MB
[runlim] sample:		808.18 time, 810.02 real, 98 MB
[runlim] sample:		818.16 time, 820.02 real, 149 MB
[runlim] sample:		828.13 time, 830.02 real, 66 MB
[runlim] sample:		838.12 time, 840.02 real, 143 MB
[runlim] sample:		848.09 time, 850.02 real, 182 MB
[runlim] sample:		858.07 time, 860.02 real, 134 MB
[runlim] sample:		868.04 time, 870.02 real, 175 MB
[runlim] sample:		878.02 time, 880.02 real, 121 MB
[runlim] sample:		888.00 time, 890.02 real, 165 MB
[runlim] sample:		897.97 time, 900.02 real, 110 MB
[runlim] sample:		907.95 time, 910.02 real, 157 MB
[runlim] sample:		917.93 time, 920.02 real, 193 MB
[runlim] sample:		927.91 time, 930.02 real, 143 MB
[runlim] sample:		937.88 time, 940.02 real, 180 MB
[runlim] sample:		947.85 time, 950.02 real, 121 MB
[runlim] sample:		957.84 time, 960.02 real, 165 MB
[runlim] sample:		967.81 time, 970.02 real, 97 MB
[runlim] sample:		977.79 time, 980.02 real, 147 MB
[runlim] sample:		987.77 time, 990.02 real, 184 MB
[runlim] sample:		997.75 time, 1000.02 real, 126 MB
[runlim] sample:		1007.73 time, 1010.02 real, 170 MB
[runlim] sample:		1017.70 time, 1020.02 real, 99 MB
[runlim] sample:		1027.68 time, 1030.02 real, 149 MB
[runlim] sample:		1037.65 time, 1040.02 real, 189 MB
[runlim] sample:		1047.64 time, 1050.02 real, 130 MB
[runlim] sample:		1057.62 time, 1060.02 real, 173 MB
[runlim] sample:		1067.59 time, 1070.02 real, 66 MB
[runlim] sample:		1077.57 time, 1080.02 real, 146 MB
[runlim] sample:		1087.54 time, 1090.02 real, 185 MB
[runlim] sample:		1097.52 time, 1100.02 real, 118 MB
[runlim] sample:		1107.50 time, 1110.02 real, 162 MB
[runlim] sample:		1117.48 time, 1120.02 real, 198 MB
[runlim] sample:		1127.46 time, 1130.02 real, 138 MB
[runlim] sample:		1137.43 time, 1140.02 real, 178 MB
[runlim] sample:		1147.41 time, 1150.02 real, 103 MB
[runlim] sample:		1157.38 time, 1160.02 real, 152 MB
[runlim] sample:		1167.36 time, 1170.02 real, 191 MB
[runlim] sample:		1177.34 time, 1180.02 real, 125 MB
[runlim] sample:		1187.34 time, 1190.02 real, 167 MB
[runlim] sample:		1197.33 time, 1200.02 real, 201 MB
[runlim] sample:		1207.33 time, 1210.02 real, 131 MB
[runlim] sample:		1217.33 time, 1220.02 real, 171 MB
[runlim] sample:		1227.33 time, 1230.02 real, 203 MB
[runlim] sample:		1237.33 time, 1240.02 real, 135 MB
[runlim] sample:		1247.33 time, 1250.02 real, 173 MB
[runlim] sample:		1257.33 time, 1260.02 real, 205 MB
[runlim] sample:		1267.33 time, 1270.02 real, 135 MB
[runlim] sample:		1277.33 time, 1280.02 real, 174 MB
[runlim] sample:		1287.33 time, 1290.02 real, 205 MB
[runlim] sample:		1297.33 time, 1300.02 real, 136 MB
[runlim] sample:		1307.33 time, 1310.02 real, 174 MB
[runlim] sample:		1317.33 time, 1320.02 real, 205 MB
[runlim] sample:		1327.33 time, 1330.02 real, 132 MB
[runlim] sample:		1337.32 time, 1340.02 real, 172 MB
[runlim] sample:		1347.33 time, 1350.02 real, 205 MB
[runlim] sample:		1357.33 time, 1360.02 real, 127 MB
[runlim] sample:		1367.33 time, 1370.02 real, 167 MB
[runlim] sample:		1377.33 time, 1380.02 real, 201 MB
[runlim] sample:		1387.33 time, 1390.02 real, 126 MB
[runlim] sample:		1397.33 time, 1400.02 real, 167 MB
[runlim] sample:		1407.33 time, 1410.02 real, 200 MB
[runlim] sample:		1417.33 time, 1420.02 real, 121 MB
[runlim] sample:		1427.33 time, 1430.02 real, 165 MB
[runlim] sample:		1437.33 time, 1440.02 real, 201 MB
[runlim] sample:		1447.33 time, 1450.02 real, 119 MB
[runlim] sample:		1457.33 time, 1460.02 real, 163 MB
[runlim] sample:		1467.33 time, 1470.02 real, 198 MB
[runlim] sample:		1477.33 time, 1480.02 real, 116 MB
[runlim] sample:		1487.33 time, 1490.02 real, 160 MB
[runlim] sample:		1497.32 time, 1500.02 real, 194 MB
[runlim] sample:		1507.33 time, 1510.02 real, 108 MB
[runlim] sample:		1517.32 time, 1520.02 real, 153 MB
[runlim] sample:		1527.32 time, 1530.02 real, 190 MB
[runlim] sample:		1537.32 time, 1540.02 real, 100 MB
[runlim] sample:		1547.32 time, 1550.02 real, 146 MB
[runlim] sample:		1557.33 time, 1560.02 real, 187 MB
[runlim] sample:		1567.33 time, 1570.02 real, 218 MB
[runlim] sample:		1577.32 time, 1580.02 real, 140 MB
[runlim] sample:		1587.32 time, 1590.02 real, 179 MB
[runlim] sample:		1597.33 time, 1600.02 real, 213 MB
[runlim] sample:		1607.32 time, 1610.02 real, 136 MB
[runlim] sample:		1617.32 time, 1620.02 real, 185 MB
[runlim] sample:		1627.33 time, 1630.02 real, 97 MB
[runlim] sample:		1637.32 time, 1640.02 real, 152 MB
[runlim] sample:		1647.32 time, 1650.02 real, 197 MB
[runlim] sample:		1657.32 time, 1660.02 real, 113 MB
[runlim] sample:		1667.32 time, 1670.02 real, 165 MB
[runlim] sample:		1677.32 time, 1680.02 real, 208 MB
[runlim] sample:		1687.32 time, 1690.02 real, 129 MB
[runlim] sample:		1697.32 time, 1700.02 real, 177 MB
[runlim] sample:		1707.32 time, 1710.02 real, 216 MB
[runlim] sample:		1717.32 time, 1720.02 real, 139 MB
[runlim] sample:		1727.32 time, 1730.02 real, 187 MB
[runlim] sample:		1737.32 time, 1740.02 real, 225 MB
[runlim] sample:		1747.32 time, 1750.02 real, 140 MB
[runlim] sample:		1757.32 time, 1760.02 real, 189 MB
[runlim] sample:		1767.32 time, 1770.02 real, 228 MB
[runlim] sample:		1777.32 time, 1780.02 real, 155 MB
[runlim] sample:		1787.32 time, 1790.02 real, 199 MB
[runlim] sample:		1797.32 time, 1800.02 real, 106 MB
[runlim] sample:		1807.32 time, 1810.02 real, 159 MB
[runlim] sample:		1817.32 time, 1820.02 real, 202 MB
[runlim] sample:		1827.32 time, 1830.02 real, 109 MB
[runlim] sample:		1837.32 time, 1840.02 real, 163 MB
[runlim] sample:		1847.31 time, 1850.02 real, 206 MB
[runlim] sample:		1857.32 time, 1860.02 real, 117 MB
[runlim] sample:		1867.32 time, 1870.02 real, 166 MB
[runlim] sample:		1877.31 time, 1880.02 real, 209 MB
[runlim] sample:		1887.32 time, 1890.02 real, 116 MB
[runlim] sample:		1897.32 time, 1900.02 real, 168 MB
[runlim] sample:		1907.32 time, 1910.02 real, 212 MB
[runlim] sample:		1917.32 time, 1920.02 real, 119 MB
[runlim] sample:		1927.31 time, 1930.02 real, 168 MB
[runlim] sample:		1937.32 time, 1940.02 real, 212 MB
[runlim] sample:		1947.31 time, 1950.02 real, 117 MB
[runlim] sample:		1957.31 time, 1960.02 real, 168 MB
[runlim] sample:		1967.32 time, 1970.02 real, 211 MB
[runlim] sample:		1977.32 time, 1980.02 real, 111 MB
[runlim] sample:		1987.32 time, 1990.02 real, 164 MB
[runlim] sample:		1997.31 time, 2000.02 real, 197 MB
[runlim] sample:		2007.32 time, 2010.02 real, 236 MB
[runlim] sample:		2017.32 time, 2020.02 real, 150 MB
[runlim] sample:		2027.32 time, 2030.02 real, 195 MB
[runlim] sample:		2037.32 time, 2040.02 real, 235 MB
[runlim] sample:		2047.31 time, 2050.02 real, 146 MB
[runlim] sample:		2057.32 time, 2060.02 real, 193 MB
[runlim] sample:		2067.31 time, 2070.02 real, 231 MB
[runlim] sample:		2077.31 time, 2080.02 real, 140 MB
[runlim] sample:		2087.31 time, 2090.02 real, 189 MB
[runlim] sample:		2097.31 time, 2100.02 real, 224 MB
[runlim] sample:		2107.32 time, 2110.02 real, 128 MB
[runlim] sample:		2117.31 time, 2120.02 real, 179 MB
[runlim] sample:		2127.32 time, 2130.01 real, 221 MB
[runlim] sample:		2137.31 time, 2140.01 real, 124 MB
[runlim] sample:		2147.31 time, 2150.01 real, 171 MB
[runlim] sample:		2157.32 time, 2160.01 real, 213 MB
[runlim] sample:		2167.32 time, 2170.01 real, 102 MB
[runlim] sample:		2177.31 time, 2180.01 real, 149 MB
[runlim] sample:		2187.32 time, 2190.01 real, 192 MB
[runlim] sample:		2197.32 time, 2200.01 real, 227 MB
[runlim] sample:		2207.32 time, 2210.01 real, 122 MB
[runlim] sample:		2217.32 time, 2220.01 real, 164 MB
[runlim] sample:		2227.32 time, 2230.01 real, 199 MB
[runlim] sample:		2237.31 time, 2240.01 real, 231 MB
[runlim] sample:		2247.31 time, 2250.01 real, 127 MB
[runlim] sample:		2257.31 time, 2260.01 real, 167 MB
[runlim] sample:		2267.31 time, 2270.01 real, 201 MB
[runlim] sample:		2277.31 time, 2280.01 real, 236 MB
[runlim] sample:		2287.31 time, 2290.01 real, 125 MB
[runlim] sample:		2297.32 time, 2300.01 real, 168 MB
[runlim] sample:		2307.32 time, 2310.01 real, 205 MB
[runlim] sample:		2317.31 time, 2320.01 real, 241 MB
[runlim] sample:		2327.31 time, 2330.01 real, 134 MB
[runlim] sample:		2337.31 time, 2340.01 real, 180 MB
[runlim] sample:		2347.31 time, 2350.01 real, 213 MB
[runlim] sample:		2357.31 time, 2360.01 real, 247 MB
[runlim] sample:		2367.31 time, 2370.01 real, 147 MB
[runlim] sample:		2377.31 time, 2380.01 real, 192 MB
[runlim] sample:		2387.31 time, 2390.01 real, 224 MB
[runlim] sample:		2397.31 time, 2400.01 real, 107 MB
[runlim] sample:		2407.31 time, 2410.01 real, 153 MB
[runlim] sample:		2417.31 time, 2420.01 real, 194 MB
[runlim] sample:		2427.31 time, 2430.01 real, 226 MB
[runlim] sample:		2437.31 time, 2440.01 real, 114 MB
[runlim] sample:		2447.31 time, 2450.01 real, 161 MB
[runlim] sample:		2457.31 time, 2460.01 real, 200 MB
[runlim] sample:		2467.31 time, 2470.01 real, 232 MB
[runlim] sample:		2477.31 time, 2480.01 real, 116 MB
[runlim] sample:		2487.31 time, 2490.01 real, 162 MB
[runlim] sample:		2497.31 time, 2500.01 real, 201 MB
[runlim] sample:		2507.31 time, 2510.01 real, 235 MB
[runlim] sample:		2517.31 time, 2520.01 real, 119 MB
[runlim] sample:		2527.31 time, 2530.01 real, 162 MB
[runlim] sample:		2537.31 time, 2540.01 real, 203 MB
[runlim] sample:		2547.31 time, 2550.01 real, 239 MB
[runlim] sample:		2557.31 time, 2560.01 real, 124 MB
[runlim] sample:		2567.30 time, 2570.01 real, 172 MB
[runlim] sample:		2577.31 time, 2580.01 real, 213 MB
[runlim] sample:		2587.31 time, 2590.01 real, 249 MB
[runlim] sample:		2597.31 time, 2600.01 real, 140 MB
[runlim] sample:		2607.31 time, 2610.01 real, 180 MB
[runlim] sample:		2617.30 time, 2620.01 real, 218 MB
[runlim] sample:		2627.31 time, 2630.01 real, 249 MB
[runlim] sample:		2637.31 time, 2640.01 real, 135 MB
[runlim] sample:		2647.31 time, 2650.01 real, 179 MB
[runlim] sample:		2657.31 time, 2660.01 real, 213 MB
[runlim] sample:		2667.30 time, 2670.01 real, 245 MB
[runlim] sample:		2677.31 time, 2680.01 real, 127 MB
[runlim] sample:		2687.31 time, 2690.01 real, 173 MB
[runlim] sample:		2697.31 time, 2700.01 real, 211 MB
[runlim] end:			Sat Feb 29 08:26:06 2020
[runlim] status:		out of time
[runlim] result:		2
[runlim] children:		1
[runlim] real:			2700.10 seconds
[runlim] time:			2697.31 seconds
[runlim] space:			280 MB
[runlim] samples:		27000
