[runlim] version:		1.18
[runlim] host:			c3n07
[runlim] time limit:		2700 seconds
[runlim] real time limit:	2700 seconds
[runlim] space limit:		7000 MB
[runlim] argv[0]:		./binary
[runlim] argv[1]:		/data/cnf/ankit/E1-A1-instances/ttt_5x5-shape-1-GTTT-1-1-torus-1.qdimacs
[runlim] start:			Sat Feb 29 07:40:38 2020
[runlim] child:			21389
[runlim] sample:		10.00 time, 10.02 real, 27 MB
[runlim] sample:		20.00 time, 20.02 real, 28 MB
[runlim] sample:		30.00 time, 30.02 real, 48 MB
[runlim] sample:		40.00 time, 40.02 real, 52 MB
[runlim] sample:		50.00 time, 50.02 real, 54 MB
[runlim] sample:		60.00 time, 60.02 real, 56 MB
[runlim] sample:		70.00 time, 70.02 real, 56 MB
[runlim] sample:		80.00 time, 80.02 real, 56 MB
[runlim] sample:		90.00 time, 90.02 real, 56 MB
[runlim] sample:		100.00 time, 100.02 real, 56 MB
[runlim] sample:		110.00 time, 110.02 real, 90 MB
[runlim] sample:		120.00 time, 120.02 real, 56 MB
[runlim] sample:		130.00 time, 130.02 real, 90 MB
[runlim] sample:		140.00 time, 140.02 real, 56 MB
[runlim] sample:		149.99 time, 150.02 real, 56 MB
[runlim] sample:		160.00 time, 160.02 real, 86 MB
[runlim] sample:		170.00 time, 170.02 real, 95 MB
[runlim] sample:		180.00 time, 180.02 real, 101 MB
[runlim] sample:		190.00 time, 190.02 real, 105 MB
[runlim] sample:		200.00 time, 200.02 real, 56 MB
[runlim] sample:		209.99 time, 210.02 real, 56 MB
[runlim] sample:		219.99 time, 220.02 real, 56 MB
[runlim] sample:		229.99 time, 230.02 real, 56 MB
[runlim] sample:		239.99 time, 240.02 real, 110 MB
[runlim] sample:		250.00 time, 250.02 real, 107 MB
[runlim] sample:		259.99 time, 260.02 real, 103 MB
[runlim] sample:		269.99 time, 270.02 real, 98 MB
[runlim] sample:		279.99 time, 280.02 real, 90 MB
[runlim] sample:		290.00 time, 290.02 real, 56 MB
[runlim] sample:		300.00 time, 300.02 real, 56 MB
[runlim] sample:		309.99 time, 310.02 real, 113 MB
[runlim] sample:		319.99 time, 320.02 real, 102 MB
[runlim] sample:		330.00 time, 330.02 real, 90 MB
[runlim] sample:		340.00 time, 340.02 real, 56 MB
[runlim] sample:		349.99 time, 350.02 real, 115 MB
[runlim] sample:		359.99 time, 360.02 real, 101 MB
[runlim] sample:		369.99 time, 370.02 real, 56 MB
[runlim] sample:		379.99 time, 380.02 real, 120 MB
[runlim] sample:		389.99 time, 390.02 real, 104 MB
[runlim] sample:		399.99 time, 400.02 real, 56 MB
[runlim] sample:		409.99 time, 410.02 real, 123 MB
[runlim] sample:		419.99 time, 420.02 real, 105 MB
[runlim] sample:		429.98 time, 430.02 real, 56 MB
[runlim] sample:		439.99 time, 440.02 real, 122 MB
[runlim] sample:		449.99 time, 450.02 real, 103 MB
[runlim] sample:		459.99 time, 460.02 real, 56 MB
[runlim] sample:		469.99 time, 470.02 real, 118 MB
[runlim] sample:		479.99 time, 480.02 real, 96 MB
[runlim] sample:		489.99 time, 490.02 real, 56 MB
[runlim] sample:		499.99 time, 500.02 real, 107 MB
[runlim] sample:		509.99 time, 510.02 real, 56 MB
[runlim] sample:		519.99 time, 520.02 real, 109 MB
[runlim] sample:		529.98 time, 530.02 real, 56 MB
[runlim] sample:		539.99 time, 540.02 real, 119 MB
[runlim] sample:		549.98 time, 550.02 real, 92 MB
[runlim] sample:		559.99 time, 560.02 real, 127 MB
[runlim] sample:		569.99 time, 570.02 real, 99 MB
[runlim] sample:		579.99 time, 580.02 real, 109 MB
[runlim] sample:		589.99 time, 590.02 real, 104 MB
[runlim] sample:		599.99 time, 600.02 real, 56 MB
[runlim] sample:		609.99 time, 610.02 real, 108 MB
[runlim] sample:		619.99 time, 620.02 real, 56 MB
[runlim] sample:		629.99 time, 630.02 real, 110 MB
[runlim] sample:		639.99 time, 640.02 real, 56 MB
[runlim] sample:		649.99 time, 650.02 real, 111 MB
[runlim] sample:		659.99 time, 660.02 real, 56 MB
[runlim] sample:		669.99 time, 670.02 real, 112 MB
[runlim] sample:		679.98 time, 680.02 real, 56 MB
[runlim] sample:		689.99 time, 690.02 real, 111 MB
[runlim] sample:		699.98 time, 700.02 real, 56 MB
[runlim] sample:		709.99 time, 710.02 real, 108 MB
[runlim] sample:		719.99 time, 720.02 real, 138 MB
[runlim] sample:		729.98 time, 730.02 real, 102 MB
[runlim] sample:		739.98 time, 740.02 real, 134 MB
[runlim] sample:		749.99 time, 750.02 real, 96 MB
[runlim] sample:		759.98 time, 760.02 real, 128 MB
[runlim] sample:		769.98 time, 770.02 real, 86 MB
[runlim] sample:		779.98 time, 780.02 real, 121 MB
[runlim] sample:		789.98 time, 790.02 real, 56 MB
[runlim] sample:		799.98 time, 800.02 real, 112 MB
[runlim] sample:		809.98 time, 810.02 real, 141 MB
[runlim] sample:		819.98 time, 820.02 real, 101 MB
[runlim] sample:		829.99 time, 830.02 real, 134 MB
[runlim] sample:		839.98 time, 840.02 real, 90 MB
[runlim] sample:		849.99 time, 850.02 real, 124 MB
[runlim] sample:		859.99 time, 860.02 real, 56 MB
[runlim] sample:		869.98 time, 870.02 real, 112 MB
[runlim] sample:		879.98 time, 880.02 real, 142 MB
[runlim] sample:		889.99 time, 890.02 real, 99 MB
[runlim] sample:		899.98 time, 900.02 real, 131 MB
[runlim] sample:		909.98 time, 910.02 real, 56 MB
[runlim] sample:		919.98 time, 920.02 real, 118 MB
[runlim] sample:		929.99 time, 930.02 real, 147 MB
[runlim] sample:		939.98 time, 940.02 real, 102 MB
[runlim] sample:		949.98 time, 950.02 real, 133 MB
[runlim] sample:		959.98 time, 960.02 real, 56 MB
[runlim] sample:		969.98 time, 970.02 real, 117 MB
[runlim] sample:		979.98 time, 980.02 real, 146 MB
[runlim] sample:		989.98 time, 990.02 real, 98 MB
[runlim] sample:		999.98 time, 1000.02 real, 131 MB
[runlim] sample:		1009.98 time, 1010.02 real, 56 MB
[runlim] sample:		1019.98 time, 1020.02 real, 112 MB
[runlim] sample:		1029.98 time, 1030.02 real, 142 MB
[runlim] sample:		1039.98 time, 1040.02 real, 92 MB
[runlim] sample:		1049.98 time, 1050.02 real, 128 MB
[runlim] sample:		1059.98 time, 1060.02 real, 56 MB
[runlim] sample:		1069.98 time, 1070.02 real, 114 MB
[runlim] sample:		1079.98 time, 1080.02 real, 146 MB
[runlim] sample:		1089.98 time, 1090.02 real, 96 MB
[runlim] sample:		1099.98 time, 1100.02 real, 132 MB
[runlim] sample:		1109.98 time, 1110.02 real, 56 MB
[runlim] sample:		1119.98 time, 1120.02 real, 115 MB
[runlim] sample:		1129.98 time, 1130.02 real, 147 MB
[runlim] sample:		1139.98 time, 1140.02 real, 93 MB
[runlim] sample:		1149.98 time, 1150.02 real, 129 MB
[runlim] sample:		1159.98 time, 1160.02 real, 56 MB
[runlim] sample:		1169.98 time, 1170.02 real, 109 MB
[runlim] sample:		1179.97 time, 1180.02 real, 142 MB
[runlim] sample:		1189.98 time, 1190.02 real, 56 MB
[runlim] sample:		1199.98 time, 1200.02 real, 122 MB
[runlim] sample:		1209.98 time, 1210.02 real, 153 MB
[runlim] sample:		1219.98 time, 1220.02 real, 97 MB
[runlim] sample:		1229.98 time, 1230.02 real, 132 MB
[runlim] sample:		1239.98 time, 1240.02 real, 56 MB
[runlim] sample:		1249.98 time, 1250.02 real, 108 MB
[runlim] sample:		1259.98 time, 1260.02 real, 141 MB
[runlim] sample:		1269.98 time, 1270.02 real, 56 MB
[runlim] sample:		1279.97 time, 1280.02 real, 116 MB
[runlim] sample:		1289.98 time, 1290.02 real, 147 MB
[runlim] sample:		1299.98 time, 1300.02 real, 87 MB
[runlim] sample:		1309.97 time, 1310.02 real, 123 MB
[runlim] sample:		1319.98 time, 1320.02 real, 154 MB
[runlim] sample:		1329.98 time, 1330.02 real, 93 MB
[runlim] sample:		1339.98 time, 1340.02 real, 128 MB
[runlim] sample:		1349.98 time, 1350.02 real, 158 MB
[runlim] sample:		1359.98 time, 1360.02 real, 98 MB
[runlim] sample:		1369.98 time, 1370.02 real, 131 MB
[runlim] sample:		1379.98 time, 1380.02 real, 160 MB
[runlim] sample:		1389.98 time, 1390.02 real, 98 MB
[runlim] sample:		1399.98 time, 1400.02 real, 132 MB
[runlim] sample:		1409.97 time, 1410.02 real, 160 MB
[runlim] sample:		1419.97 time, 1420.02 real, 98 MB
[runlim] sample:		1429.98 time, 1430.02 real, 131 MB
[runlim] sample:		1439.97 time, 1440.02 real, 160 MB
[runlim] sample:		1449.97 time, 1450.02 real, 95 MB
[runlim] sample:		1459.97 time, 1460.02 real, 129 MB
[runlim] sample:		1469.97 time, 1470.02 real, 158 MB
[runlim] sample:		1479.98 time, 1480.02 real, 91 MB
[runlim] sample:		1489.97 time, 1490.01 real, 126 MB
[runlim] sample:		1499.97 time, 1500.01 real, 155 MB
[runlim] sample:		1509.97 time, 1510.01 real, 87 MB
[runlim] sample:		1519.97 time, 1520.01 real, 122 MB
[runlim] sample:		1529.97 time, 1530.01 real, 152 MB
[runlim] sample:		1539.97 time, 1540.01 real, 56 MB
[runlim] sample:		1549.97 time, 1550.01 real, 117 MB
[runlim] sample:		1559.97 time, 1560.02 real, 148 MB
[runlim] sample:		1569.97 time, 1570.02 real, 56 MB
[runlim] sample:		1579.97 time, 1580.02 real, 111 MB
[runlim] sample:		1589.97 time, 1590.02 real, 143 MB
[runlim] sample:		1599.97 time, 1600.02 real, 171 MB
[runlim] sample:		1609.97 time, 1610.02 real, 104 MB
[runlim] sample:		1619.97 time, 1620.02 real, 137 MB
[runlim] sample:		1629.97 time, 1630.02 real, 165 MB
[runlim] sample:		1639.97 time, 1640.02 real, 95 MB
[runlim] sample:		1649.97 time, 1650.02 real, 129 MB
[runlim] sample:		1659.97 time, 1660.02 real, 159 MB
[runlim] sample:		1669.97 time, 1670.01 real, 86 MB
[runlim] sample:		1679.97 time, 1680.01 real, 121 MB
[runlim] sample:		1689.97 time, 1690.01 real, 152 MB
[runlim] sample:		1699.97 time, 1700.01 real, 56 MB
[runlim] sample:		1709.97 time, 1710.01 real, 112 MB
[runlim] sample:		1719.96 time, 1720.01 real, 144 MB
[runlim] sample:		1729.96 time, 1730.01 real, 172 MB
[runlim] sample:		1739.97 time, 1740.01 real, 101 MB
[runlim] sample:		1749.97 time, 1750.01 real, 134 MB
[runlim] sample:		1759.96 time, 1760.01 real, 163 MB
[runlim] sample:		1769.97 time, 1770.01 real, 86 MB
[runlim] sample:		1779.97 time, 1780.01 real, 121 MB
[runlim] sample:		1789.97 time, 1790.01 real, 152 MB
[runlim] sample:		1799.96 time, 1800.01 real, 56 MB
[runlim] sample:		1809.97 time, 1810.01 real, 107 MB
[runlim] sample:		1819.96 time, 1820.01 real, 139 MB
[runlim] sample:		1829.97 time, 1830.01 real, 167 MB
[runlim] sample:		1839.96 time, 1840.01 real, 89 MB
[runlim] sample:		1849.96 time, 1850.01 real, 124 MB
[runlim] sample:		1859.96 time, 1860.01 real, 154 MB
[runlim] sample:		1869.96 time, 1870.01 real, 56 MB
[runlim] sample:		1879.96 time, 1880.01 real, 106 MB
[runlim] sample:		1889.96 time, 1890.01 real, 138 MB
[runlim] sample:		1899.97 time, 1900.01 real, 166 MB
[runlim] sample:		1909.96 time, 1910.01 real, 56 MB
[runlim] sample:		1919.96 time, 1920.01 real, 118 MB
[runlim] sample:		1929.96 time, 1930.01 real, 148 MB
[runlim] sample:		1939.96 time, 1940.01 real, 175 MB
[runlim] sample:		1949.96 time, 1950.01 real, 95 MB
[runlim] sample:		1959.96 time, 1960.01 real, 127 MB
[runlim] sample:		1969.96 time, 1970.01 real, 156 MB
[runlim] sample:		1979.96 time, 1980.01 real, 56 MB
[runlim] sample:		1989.97 time, 1990.01 real, 102 MB
[runlim] sample:		1999.96 time, 2000.01 real, 133 MB
[runlim] sample:		2009.96 time, 2010.01 real, 161 MB
[runlim] sample:		2019.96 time, 2020.01 real, 56 MB
[runlim] sample:		2029.95 time, 2030.01 real, 108 MB
[runlim] sample:		2039.96 time, 2040.01 real, 138 MB
[runlim] sample:		2049.97 time, 2050.01 real, 165 MB
[runlim] sample:		2059.95 time, 2060.01 real, 56 MB
[runlim] sample:		2069.96 time, 2070.01 real, 111 MB
[runlim] sample:		2079.96 time, 2080.01 real, 142 MB
[runlim] sample:		2089.96 time, 2090.01 real, 169 MB
[runlim] sample:		2099.96 time, 2100.01 real, 56 MB
[runlim] sample:		2109.95 time, 2110.01 real, 114 MB
[runlim] sample:		2119.96 time, 2120.01 real, 144 MB
[runlim] sample:		2129.96 time, 2130.01 real, 170 MB
[runlim] sample:		2139.96 time, 2140.01 real, 56 MB
[runlim] sample:		2149.95 time, 2150.01 real, 115 MB
[runlim] sample:		2159.95 time, 2160.01 real, 144 MB
[runlim] sample:		2169.95 time, 2170.01 real, 171 MB
[runlim] sample:		2179.95 time, 2180.01 real, 56 MB
[runlim] sample:		2189.96 time, 2190.01 real, 115 MB
[runlim] sample:		2199.96 time, 2200.01 real, 144 MB
[runlim] sample:		2209.96 time, 2210.01 real, 171 MB
[runlim] sample:		2219.96 time, 2220.01 real, 56 MB
[runlim] sample:		2229.95 time, 2230.01 real, 113 MB
[runlim] sample:		2239.95 time, 2240.01 real, 143 MB
[runlim] sample:		2249.95 time, 2250.01 real, 169 MB
[runlim] sample:		2259.95 time, 2260.01 real, 56 MB
[runlim] sample:		2269.95 time, 2270.01 real, 109 MB
[runlim] sample:		2279.96 time, 2280.01 real, 139 MB
[runlim] sample:		2289.95 time, 2290.01 real, 167 MB
[runlim] sample:		2299.95 time, 2300.01 real, 56 MB
[runlim] sample:		2309.95 time, 2310.01 real, 105 MB
[runlim] sample:		2319.95 time, 2320.01 real, 136 MB
[runlim] sample:		2329.95 time, 2330.01 real, 163 MB
[runlim] sample:		2339.95 time, 2340.01 real, 188 MB
[runlim] sample:		2349.95 time, 2350.01 real, 99 MB
[runlim] sample:		2359.95 time, 2360.01 real, 130 MB
[runlim] sample:		2369.95 time, 2370.01 real, 158 MB
[runlim] sample:		2379.95 time, 2380.01 real, 183 MB
[runlim] sample:		2389.95 time, 2390.01 real, 91 MB
[runlim] sample:		2399.95 time, 2400.01 real, 124 MB
[runlim] sample:		2409.94 time, 2410.01 real, 152 MB
[runlim] sample:		2419.95 time, 2420.01 real, 178 MB
[runlim] sample:		2429.95 time, 2430.01 real, 56 MB
[runlim] sample:		2439.95 time, 2440.01 real, 116 MB
[runlim] sample:		2449.95 time, 2450.01 real, 145 MB
[runlim] sample:		2459.94 time, 2460.01 real, 172 MB
[runlim] sample:		2469.95 time, 2470.01 real, 56 MB
[runlim] sample:		2479.94 time, 2480.01 real, 107 MB
[runlim] sample:		2489.95 time, 2490.01 real, 137 MB
[runlim] sample:		2499.94 time, 2500.01 real, 164 MB
[runlim] sample:		2509.95 time, 2510.01 real, 189 MB
[runlim] sample:		2519.95 time, 2520.01 real, 96 MB
[runlim] sample:		2529.94 time, 2530.01 real, 128 MB
[runlim] sample:		2539.95 time, 2540.01 real, 156 MB
[runlim] sample:		2549.94 time, 2550.01 real, 182 MB
[runlim] sample:		2559.95 time, 2560.01 real, 56 MB
[runlim] sample:		2569.95 time, 2570.01 real, 117 MB
[runlim] sample:		2579.95 time, 2580.01 real, 146 MB
[runlim] sample:		2589.95 time, 2590.01 real, 173 MB
[runlim] sample:		2599.95 time, 2600.01 real, 56 MB
[runlim] sample:		2609.95 time, 2610.01 real, 105 MB
[runlim] sample:		2619.94 time, 2620.01 real, 135 MB
[runlim] sample:		2629.94 time, 2630.01 real, 163 MB
[runlim] sample:		2639.94 time, 2640.01 real, 188 MB
[runlim] sample:		2649.94 time, 2650.01 real, 90 MB
[runlim] sample:		2659.94 time, 2660.01 real, 123 MB
[runlim] sample:		2669.94 time, 2670.01 real, 151 MB
[runlim] sample:		2679.94 time, 2680.01 real, 177 MB
[runlim] sample:		2689.94 time, 2690.01 real, 56 MB
[runlim] sample:		2699.94 time, 2700.01 real, 107 MB
[runlim] end:			Sat Feb 29 08:25:39 2020
[runlim] status:		out of time
[runlim] result:		2
[runlim] children:		1
[runlim] real:			2700.10 seconds
[runlim] time:			2699.94 seconds
[runlim] space:			197 MB
[runlim] samples:		27000
