[runlim] version:		1.18
[runlim] host:			c3n02
[runlim] time limit:		2700 seconds
[runlim] real time limit:	2700 seconds
[runlim] space limit:		7000 MB
[runlim] argv[0]:		./binary
[runlim] argv[1]:		/data/cnf/ankit/E1-A1-instances/4qbf-5cnf-100var-1000cl.2.qdimacs
[runlim] start:			Sat Feb 29 07:20:15 2020
[runlim] child:			21194
[runlim] sample:		10.01 time, 10.12 real, 58 MB
[runlim] sample:		20.01 time, 20.12 real, 74 MB
[runlim] sample:		30.01 time, 30.12 real, 90 MB
[runlim] sample:		40.01 time, 40.12 real, 98 MB
[runlim] sample:		50.01 time, 50.12 real, 104 MB
[runlim] sample:		60.01 time, 60.12 real, 114 MB
[runlim] sample:		70.01 time, 70.12 real, 122 MB
[runlim] sample:		80.01 time, 80.12 real, 130 MB
[runlim] sample:		90.01 time, 90.12 real, 136 MB
[runlim] sample:		100.01 time, 100.12 real, 141 MB
[runlim] sample:		110.01 time, 110.12 real, 149 MB
[runlim] sample:		120.01 time, 120.12 real, 153 MB
[runlim] sample:		130.00 time, 130.12 real, 158 MB
[runlim] sample:		140.01 time, 140.12 real, 162 MB
[runlim] sample:		150.01 time, 150.12 real, 171 MB
[runlim] sample:		160.01 time, 160.12 real, 174 MB
[runlim] sample:		170.01 time, 170.12 real, 178 MB
[runlim] sample:		180.01 time, 180.12 real, 184 MB
[runlim] sample:		190.01 time, 190.12 real, 186 MB
[runlim] sample:		200.01 time, 200.12 real, 189 MB
[runlim] sample:		210.01 time, 210.12 real, 192 MB
[runlim] sample:		220.01 time, 220.12 real, 195 MB
[runlim] sample:		230.02 time, 230.12 real, 198 MB
[runlim] sample:		240.01 time, 240.12 real, 201 MB
[runlim] sample:		250.01 time, 250.12 real, 204 MB
[runlim] sample:		260.01 time, 260.12 real, 207 MB
[runlim] sample:		270.01 time, 270.12 real, 208 MB
[runlim] sample:		280.01 time, 280.12 real, 212 MB
[runlim] sample:		290.01 time, 290.12 real, 216 MB
[runlim] sample:		300.01 time, 300.12 real, 220 MB
[runlim] sample:		310.01 time, 310.12 real, 222 MB
[runlim] sample:		320.01 time, 320.12 real, 226 MB
[runlim] sample:		330.01 time, 330.12 real, 229 MB
[runlim] sample:		340.01 time, 340.12 real, 232 MB
[runlim] sample:		350.01 time, 350.12 real, 235 MB
[runlim] sample:		360.01 time, 360.12 real, 238 MB
[runlim] sample:		370.00 time, 370.12 real, 240 MB
[runlim] sample:		380.00 time, 380.12 real, 242 MB
[runlim] sample:		390.00 time, 390.12 real, 246 MB
[runlim] sample:		400.00 time, 400.12 real, 270 MB
[runlim] sample:		410.01 time, 410.12 real, 339 MB
[runlim] sample:		420.01 time, 420.12 real, 396 MB
[runlim] sample:		430.00 time, 430.12 real, 467 MB
[runlim] end:			Sat Feb 29 07:27:31 2020
[runlim] status:		ok
[runlim] result:		0
[runlim] children:		1
[runlim] real:			436.20 seconds
[runlim] time:			436.01 seconds
[runlim] space:			496 MB
[runlim] samples:		4360
