[runlim] version:		1.18
[runlim] host:			c3n03
[runlim] time limit:		2700 seconds
[runlim] real time limit:	2700 seconds
[runlim] space limit:		7000 MB
[runlim] argv[0]:		./binary
[runlim] argv[1]:		/data/cnf/ankit/E1-A1-instances/4qbf-5cnf-150var-900cl.2.qdimacs
[runlim] start:			Sat Feb 29 07:20:14 2020
[runlim] child:			20876
[runlim] sample:		10.01 time, 10.22 real, 57 MB
[runlim] sample:		20.00 time, 20.22 real, 78 MB
[runlim] sample:		30.00 time, 30.22 real, 92 MB
[runlim] sample:		40.00 time, 40.22 real, 100 MB
[runlim] sample:		50.00 time, 50.22 real, 112 MB
[runlim] sample:		60.00 time, 60.22 real, 118 MB
[runlim] sample:		70.00 time, 70.22 real, 124 MB
[runlim] sample:		80.00 time, 80.22 real, 201 MB
[runlim] end:			Sat Feb 29 07:21:42 2020
[runlim] status:		ok
[runlim] result:		0
[runlim] children:		1
[runlim] real:			87.16 seconds
[runlim] time:			86.90 seconds
[runlim] space:			298 MB
[runlim] samples:		869
