[runlim] version:		1.18
[runlim] host:			c3n15
[runlim] time limit:		2700 seconds
[runlim] real time limit:	2700 seconds
[runlim] space limit:		7000 MB
[runlim] argv[0]:		./binary
[runlim] argv[1]:		/data/cnf/ankit/E1-A1-instances/bobsmhdlc1.qdimacs
[runlim] start:			Sat Feb 29 07:20:14 2020
[runlim] child:			18091
[runlim] sample:		9.82 time, 10.22 real, 36 MB
[runlim] sample:		19.83 time, 20.22 real, 61 MB
[runlim] sample:		29.83 time, 30.22 real, 86 MB
[runlim] sample:		39.83 time, 40.22 real, 112 MB
[runlim] sample:		49.83 time, 50.22 real, 138 MB
[runlim] sample:		59.83 time, 60.22 real, 161 MB
[runlim] sample:		69.82 time, 70.22 real, 183 MB
[runlim] sample:		79.82 time, 80.22 real, 208 MB
[runlim] sample:		89.82 time, 90.22 real, 231 MB
[runlim] sample:		99.82 time, 100.22 real, 254 MB
[runlim] sample:		109.82 time, 110.22 real, 273 MB
[runlim] sample:		119.82 time, 120.22 real, 287 MB
[runlim] sample:		129.82 time, 130.22 real, 308 MB
[runlim] sample:		139.82 time, 140.22 real, 329 MB
[runlim] sample:		149.81 time, 150.22 real, 278 MB
[runlim] sample:		159.82 time, 160.22 real, 301 MB
[runlim] sample:		169.82 time, 170.22 real, 324 MB
[runlim] sample:		179.82 time, 180.22 real, 345 MB
[runlim] sample:		189.82 time, 190.22 real, 366 MB
[runlim] sample:		199.82 time, 200.22 real, 384 MB
[runlim] sample:		209.82 time, 210.22 real, 404 MB
[runlim] sample:		219.82 time, 220.22 real, 420 MB
[runlim] sample:		229.82 time, 230.22 real, 439 MB
[runlim] sample:		239.82 time, 240.22 real, 459 MB
[runlim] sample:		249.82 time, 250.22 real, 479 MB
[runlim] sample:		259.82 time, 260.22 real, 497 MB
[runlim] sample:		269.82 time, 270.22 real, 515 MB
[runlim] sample:		279.82 time, 280.22 real, 533 MB
[runlim] sample:		289.82 time, 290.22 real, 550 MB
[runlim] sample:		299.82 time, 300.22 real, 565 MB
[runlim] sample:		309.82 time, 310.22 real, 585 MB
[runlim] sample:		319.82 time, 320.22 real, 602 MB
[runlim] sample:		329.82 time, 330.22 real, 616 MB
[runlim] sample:		339.82 time, 340.22 real, 633 MB
[runlim] sample:		349.82 time, 350.22 real, 651 MB
[runlim] sample:		359.82 time, 360.22 real, 669 MB
[runlim] sample:		369.82 time, 370.22 real, 686 MB
[runlim] sample:		379.82 time, 380.22 real, 702 MB
[runlim] sample:		389.81 time, 390.22 real, 717 MB
[runlim] sample:		399.82 time, 400.22 real, 735 MB
[runlim] sample:		409.82 time, 410.22 real, 752 MB
[runlim] sample:		419.82 time, 420.22 real, 768 MB
[runlim] sample:		429.81 time, 430.22 real, 785 MB
[runlim] sample:		439.81 time, 440.22 real, 801 MB
[runlim] sample:		449.82 time, 450.22 real, 818 MB
[runlim] sample:		459.82 time, 460.22 real, 836 MB
[runlim] sample:		469.81 time, 470.22 real, 852 MB
[runlim] sample:		479.81 time, 480.22 real, 871 MB
[runlim] sample:		489.81 time, 490.22 real, 887 MB
[runlim] sample:		499.81 time, 500.22 real, 901 MB
[runlim] sample:		509.81 time, 510.22 real, 915 MB
[runlim] sample:		519.81 time, 520.22 real, 932 MB
[runlim] sample:		529.81 time, 530.22 real, 946 MB
[runlim] sample:		539.81 time, 540.22 real, 962 MB
[runlim] sample:		549.81 time, 550.22 real, 976 MB
[runlim] sample:		559.82 time, 560.22 real, 992 MB
[runlim] sample:		569.82 time, 570.22 real, 1006 MB
[runlim] sample:		579.81 time, 580.22 real, 1019 MB
[runlim] sample:		589.81 time, 590.22 real, 1033 MB
[runlim] sample:		599.82 time, 600.22 real, 1049 MB
[runlim] sample:		609.81 time, 610.22 real, 1065 MB
[runlim] sample:		619.81 time, 620.22 real, 1085 MB
[runlim] sample:		629.82 time, 630.22 real, 1102 MB
[runlim] sample:		639.81 time, 640.22 real, 1116 MB
[runlim] sample:		649.81 time, 650.22 real, 1131 MB
[runlim] sample:		659.82 time, 660.22 real, 1146 MB
[runlim] sample:		669.81 time, 670.22 real, 1162 MB
[runlim] sample:		679.81 time, 680.22 real, 1176 MB
[runlim] sample:		689.82 time, 690.22 real, 1193 MB
[runlim] sample:		699.81 time, 700.22 real, 1210 MB
[runlim] sample:		709.81 time, 710.22 real, 1224 MB
[runlim] sample:		719.81 time, 720.22 real, 1236 MB
[runlim] sample:		729.81 time, 730.22 real, 1250 MB
[runlim] sample:		739.81 time, 740.22 real, 1262 MB
[runlim] sample:		749.81 time, 750.22 real, 1275 MB
[runlim] sample:		759.81 time, 760.22 real, 1289 MB
[runlim] sample:		769.81 time, 770.22 real, 1304 MB
[runlim] sample:		779.81 time, 780.22 real, 1322 MB
[runlim] sample:		789.81 time, 790.22 real, 1335 MB
[runlim] sample:		799.81 time, 800.22 real, 1347 MB
[runlim] sample:		809.81 time, 810.22 real, 1359 MB
[runlim] sample:		819.81 time, 820.22 real, 1372 MB
[runlim] sample:		829.81 time, 830.22 real, 1382 MB
[runlim] sample:		839.81 time, 840.22 real, 1393 MB
[runlim] sample:		849.81 time, 850.22 real, 1403 MB
[runlim] sample:		859.81 time, 860.22 real, 1413 MB
[runlim] sample:		869.81 time, 870.22 real, 1426 MB
[runlim] sample:		879.81 time, 880.22 real, 1438 MB
[runlim] sample:		889.80 time, 890.22 real, 1451 MB
[runlim] sample:		899.81 time, 900.22 real, 1463 MB
[runlim] sample:		909.81 time, 910.22 real, 1474 MB
[runlim] sample:		919.81 time, 920.22 real, 1484 MB
[runlim] sample:		929.81 time, 930.22 real, 1493 MB
[runlim] sample:		939.80 time, 940.22 real, 1505 MB
[runlim] sample:		949.80 time, 950.22 real, 1515 MB
[runlim] sample:		959.81 time, 960.22 real, 1528 MB
[runlim] sample:		969.81 time, 970.22 real, 1541 MB
[runlim] sample:		979.80 time, 980.22 real, 1553 MB
[runlim] sample:		989.80 time, 990.22 real, 1564 MB
[runlim] sample:		999.80 time, 1000.22 real, 1575 MB
[runlim] sample:		1009.81 time, 1010.22 real, 1584 MB
[runlim] sample:		1019.81 time, 1020.22 real, 1594 MB
[runlim] sample:		1029.81 time, 1030.22 real, 1605 MB
[runlim] sample:		1039.81 time, 1040.22 real, 1615 MB
[runlim] sample:		1049.81 time, 1050.22 real, 1625 MB
[runlim] sample:		1059.80 time, 1060.22 real, 1636 MB
[runlim] sample:		1069.80 time, 1070.22 real, 1650 MB
[runlim] sample:		1079.80 time, 1080.22 real, 1663 MB
[runlim] sample:		1089.80 time, 1090.22 real, 1674 MB
[runlim] sample:		1099.80 time, 1100.22 real, 1685 MB
[runlim] sample:		1109.80 time, 1110.22 real, 1695 MB
[runlim] sample:		1119.81 time, 1120.22 real, 1706 MB
[runlim] sample:		1129.80 time, 1130.22 real, 1718 MB
[runlim] sample:		1139.81 time, 1140.22 real, 1729 MB
[runlim] sample:		1149.81 time, 1150.22 real, 1740 MB
[runlim] sample:		1159.80 time, 1160.22 real, 1752 MB
[runlim] sample:		1169.80 time, 1170.22 real, 1762 MB
[runlim] sample:		1179.80 time, 1180.22 real, 1771 MB
[runlim] sample:		1189.80 time, 1190.22 real, 1779 MB
[runlim] sample:		1199.80 time, 1200.22 real, 1789 MB
[runlim] sample:		1209.80 time, 1210.22 real, 1799 MB
[runlim] sample:		1219.80 time, 1220.22 real, 1809 MB
[runlim] sample:		1229.80 time, 1230.22 real, 1819 MB
[runlim] sample:		1239.80 time, 1240.22 real, 1828 MB
[runlim] sample:		1249.80 time, 1250.22 real, 1836 MB
[runlim] sample:		1259.80 time, 1260.22 real, 1844 MB
[runlim] sample:		1269.81 time, 1270.22 real, 1853 MB
[runlim] sample:		1279.80 time, 1280.22 real, 1862 MB
[runlim] sample:		1289.80 time, 1290.22 real, 1873 MB
[runlim] sample:		1299.80 time, 1300.22 real, 1884 MB
[runlim] sample:		1309.80 time, 1310.22 real, 1894 MB
[runlim] sample:		1319.80 time, 1320.22 real, 1906 MB
[runlim] sample:		1329.80 time, 1330.22 real, 1915 MB
[runlim] sample:		1339.80 time, 1340.22 real, 1505 MB
[runlim] sample:		1349.80 time, 1350.22 real, 1514 MB
[runlim] sample:		1359.80 time, 1360.22 real, 1523 MB
[runlim] sample:		1369.80 time, 1370.22 real, 1535 MB
[runlim] sample:		1379.80 time, 1380.22 real, 1544 MB
[runlim] sample:		1389.80 time, 1390.22 real, 1558 MB
[runlim] sample:		1399.80 time, 1400.22 real, 1572 MB
[runlim] sample:		1409.80 time, 1410.22 real, 1587 MB
[runlim] sample:		1419.80 time, 1420.22 real, 1597 MB
[runlim] sample:		1429.80 time, 1430.22 real, 1607 MB
[runlim] sample:		1439.80 time, 1440.22 real, 1617 MB
[runlim] sample:		1449.80 time, 1450.22 real, 1628 MB
[runlim] sample:		1459.80 time, 1460.22 real, 1638 MB
[runlim] sample:		1469.80 time, 1470.22 real, 1648 MB
[runlim] sample:		1479.79 time, 1480.22 real, 1658 MB
[runlim] sample:		1489.80 time, 1490.22 real, 1669 MB
[runlim] sample:		1499.79 time, 1500.22 real, 1678 MB
[runlim] sample:		1509.80 time, 1510.22 real, 1685 MB
[runlim] sample:		1519.79 time, 1520.22 real, 1692 MB
[runlim] sample:		1529.79 time, 1530.22 real, 1699 MB
[runlim] sample:		1539.80 time, 1540.22 real, 1706 MB
[runlim] sample:		1549.79 time, 1550.22 real, 1713 MB
[runlim] sample:		1559.80 time, 1560.22 real, 1721 MB
[runlim] sample:		1569.80 time, 1570.22 real, 1729 MB
[runlim] sample:		1579.79 time, 1580.22 real, 1738 MB
[runlim] sample:		1589.79 time, 1590.22 real, 1746 MB
[runlim] sample:		1599.79 time, 1600.22 real, 1753 MB
[runlim] sample:		1609.80 time, 1610.22 real, 1760 MB
[runlim] sample:		1619.79 time, 1620.22 real, 1769 MB
[runlim] sample:		1629.79 time, 1630.22 real, 1776 MB
[runlim] sample:		1639.79 time, 1640.22 real, 1784 MB
[runlim] sample:		1649.80 time, 1650.22 real, 1792 MB
[runlim] sample:		1659.80 time, 1660.22 real, 1801 MB
[runlim] sample:		1669.79 time, 1670.22 real, 1812 MB
[runlim] sample:		1679.79 time, 1680.22 real, 1822 MB
[runlim] sample:		1689.79 time, 1690.22 real, 1831 MB
[runlim] sample:		1699.80 time, 1700.22 real, 1842 MB
[runlim] sample:		1709.79 time, 1710.22 real, 1852 MB
[runlim] sample:		1719.80 time, 1720.22 real, 1862 MB
[runlim] sample:		1729.79 time, 1730.22 real, 1873 MB
[runlim] sample:		1739.79 time, 1740.22 real, 1885 MB
[runlim] sample:		1749.79 time, 1750.22 real, 1897 MB
[runlim] sample:		1759.79 time, 1760.22 real, 1906 MB
[runlim] sample:		1769.80 time, 1770.22 real, 1917 MB
[runlim] sample:		1779.79 time, 1780.22 real, 1927 MB
[runlim] sample:		1789.79 time, 1790.22 real, 1934 MB
[runlim] sample:		1799.79 time, 1800.22 real, 1941 MB
[runlim] sample:		1809.79 time, 1810.22 real, 1949 MB
[runlim] sample:		1819.79 time, 1820.22 real, 1958 MB
[runlim] sample:		1829.79 time, 1830.22 real, 1970 MB
[runlim] sample:		1839.79 time, 1840.22 real, 1979 MB
[runlim] sample:		1849.79 time, 1850.22 real, 1986 MB
[runlim] sample:		1859.79 time, 1860.22 real, 1995 MB
[runlim] sample:		1869.79 time, 1870.22 real, 2004 MB
[runlim] sample:		1879.79 time, 1880.22 real, 2013 MB
[runlim] sample:		1889.79 time, 1890.22 real, 2022 MB
[runlim] sample:		1899.79 time, 1900.22 real, 2032 MB
[runlim] sample:		1909.79 time, 1910.22 real, 2042 MB
[runlim] sample:		1919.79 time, 1920.22 real, 2050 MB
[runlim] sample:		1929.79 time, 1930.22 real, 2059 MB
[runlim] sample:		1939.79 time, 1940.22 real, 2069 MB
[runlim] sample:		1949.78 time, 1950.22 real, 2078 MB
[runlim] sample:		1959.79 time, 1960.22 real, 2087 MB
[runlim] sample:		1969.79 time, 1970.22 real, 2094 MB
[runlim] sample:		1979.78 time, 1980.22 real, 2101 MB
[runlim] sample:		1989.79 time, 1990.22 real, 2111 MB
[runlim] sample:		1999.79 time, 2000.22 real, 2121 MB
[runlim] sample:		2009.78 time, 2010.22 real, 2134 MB
[runlim] sample:		2019.79 time, 2020.22 real, 2145 MB
[runlim] sample:		2029.78 time, 2030.22 real, 2156 MB
[runlim] sample:		2039.78 time, 2040.22 real, 2166 MB
[runlim] sample:		2049.79 time, 2050.22 real, 2179 MB
[runlim] sample:		2059.78 time, 2060.22 real, 2190 MB
[runlim] sample:		2069.78 time, 2070.22 real, 2200 MB
[runlim] sample:		2079.79 time, 2080.22 real, 2207 MB
[runlim] sample:		2089.78 time, 2090.22 real, 2216 MB
[runlim] sample:		2099.78 time, 2100.22 real, 2223 MB
[runlim] sample:		2109.78 time, 2110.22 real, 2235 MB
[runlim] sample:		2119.78 time, 2120.22 real, 2245 MB
[runlim] sample:		2129.78 time, 2130.22 real, 2253 MB
[runlim] sample:		2139.78 time, 2140.22 real, 2261 MB
[runlim] sample:		2149.78 time, 2150.22 real, 2272 MB
[runlim] sample:		2159.78 time, 2160.22 real, 2282 MB
[runlim] sample:		2169.78 time, 2170.22 real, 2292 MB
[runlim] sample:		2179.78 time, 2180.22 real, 2301 MB
[runlim] sample:		2189.78 time, 2190.22 real, 2310 MB
[runlim] sample:		2199.78 time, 2200.22 real, 2320 MB
[runlim] sample:		2209.78 time, 2210.22 real, 2326 MB
[runlim] sample:		2219.78 time, 2220.22 real, 2335 MB
[runlim] sample:		2229.78 time, 2230.22 real, 2342 MB
[runlim] sample:		2239.77 time, 2240.22 real, 2350 MB
[runlim] sample:		2249.78 time, 2250.22 real, 2359 MB
[runlim] sample:		2259.78 time, 2260.22 real, 2369 MB
[runlim] sample:		2269.78 time, 2270.22 real, 2378 MB
[runlim] sample:		2279.77 time, 2280.22 real, 2387 MB
[runlim] sample:		2289.77 time, 2290.22 real, 2395 MB
[runlim] sample:		2299.78 time, 2300.22 real, 2407 MB
[runlim] sample:		2309.78 time, 2310.22 real, 2419 MB
[runlim] sample:		2319.78 time, 2320.22 real, 2431 MB
[runlim] sample:		2329.78 time, 2330.22 real, 2441 MB
[runlim] sample:		2339.77 time, 2340.22 real, 2451 MB
[runlim] sample:		2349.78 time, 2350.22 real, 2458 MB
[runlim] sample:		2359.77 time, 2360.22 real, 2468 MB
[runlim] sample:		2369.77 time, 2370.22 real, 2476 MB
[runlim] sample:		2379.77 time, 2380.22 real, 2484 MB
[runlim] sample:		2389.77 time, 2390.22 real, 2491 MB
[runlim] sample:		2399.77 time, 2400.22 real, 2500 MB
[runlim] sample:		2409.77 time, 2410.22 real, 2510 MB
[runlim] sample:		2419.77 time, 2420.22 real, 2519 MB
[runlim] sample:		2429.78 time, 2430.22 real, 2526 MB
[runlim] sample:		2439.77 time, 2440.22 real, 2535 MB
[runlim] sample:		2449.78 time, 2450.22 real, 2544 MB
[runlim] sample:		2459.77 time, 2460.22 real, 2552 MB
[runlim] sample:		2469.77 time, 2470.22 real, 2562 MB
[runlim] sample:		2479.78 time, 2480.22 real, 2571 MB
[runlim] sample:		2489.78 time, 2490.22 real, 2578 MB
[runlim] sample:		2499.77 time, 2500.22 real, 2586 MB
[runlim] sample:		2509.77 time, 2510.22 real, 2595 MB
[runlim] sample:		2519.77 time, 2520.22 real, 2606 MB
[runlim] sample:		2529.77 time, 2530.22 real, 2616 MB
[runlim] sample:		2539.78 time, 2540.22 real, 2625 MB
[runlim] sample:		2549.77 time, 2550.22 real, 2633 MB
[runlim] sample:		2559.77 time, 2560.22 real, 2639 MB
[runlim] sample:		2569.77 time, 2570.22 real, 2646 MB
[runlim] sample:		2579.77 time, 2580.22 real, 2652 MB
[runlim] sample:		2589.77 time, 2590.22 real, 2661 MB
[runlim] sample:		2599.77 time, 2600.22 real, 2667 MB
[runlim] sample:		2609.77 time, 2610.22 real, 2674 MB
[runlim] sample:		2619.77 time, 2620.22 real, 2681 MB
[runlim] sample:		2629.78 time, 2630.22 real, 2688 MB
[runlim] sample:		2639.78 time, 2640.22 real, 2694 MB
[runlim] sample:		2649.77 time, 2650.22 real, 2700 MB
[runlim] sample:		2659.77 time, 2660.22 real, 2706 MB
[runlim] sample:		2669.77 time, 2670.22 real, 2712 MB
[runlim] sample:		2679.77 time, 2680.22 real, 2718 MB
[runlim] sample:		2689.77 time, 2690.22 real, 2724 MB
[runlim] end:			Sat Feb 29 08:05:15 2020
[runlim] status:		out of time
[runlim] result:		2
[runlim] children:		1
[runlim] real:			2700.18 seconds
[runlim] time:			2699.57 seconds
[runlim] space:			3330 MB
[runlim] samples:		26998
