[runlim] version:		1.18
[runlim] host:			c3n15
[runlim] time limit:		2700 seconds
[runlim] real time limit:	2700 seconds
[runlim] space limit:		7000 MB
[runlim] argv[0]:		./binary
[runlim] argv[1]:		/data/cnf/ankit/E1-A1-instances/bobsm9234.qdimacs
[runlim] start:			Sat Feb 29 07:20:14 2020
[runlim] child:			18075
[runlim] sample:		8.34 time, 10.22 real, 36 MB
[runlim] sample:		18.34 time, 20.22 real, 68 MB
[runlim] sample:		28.34 time, 30.22 real, 95 MB
[runlim] sample:		38.34 time, 40.22 real, 120 MB
[runlim] sample:		48.34 time, 50.22 real, 150 MB
[runlim] sample:		58.34 time, 60.22 real, 175 MB
[runlim] sample:		68.34 time, 70.22 real, 157 MB
[runlim] sample:		78.35 time, 80.22 real, 183 MB
[runlim] sample:		88.34 time, 90.22 real, 208 MB
[runlim] sample:		98.34 time, 100.22 real, 230 MB
[runlim] sample:		108.34 time, 110.22 real, 255 MB
[runlim] sample:		118.34 time, 120.22 real, 281 MB
[runlim] sample:		128.34 time, 130.22 real, 309 MB
[runlim] sample:		138.34 time, 140.22 real, 333 MB
[runlim] sample:		148.34 time, 150.22 real, 359 MB
[runlim] sample:		158.34 time, 160.22 real, 382 MB
[runlim] sample:		168.34 time, 170.22 real, 405 MB
[runlim] sample:		178.34 time, 180.22 real, 427 MB
[runlim] sample:		188.34 time, 190.22 real, 451 MB
[runlim] sample:		198.34 time, 200.22 real, 471 MB
[runlim] sample:		208.34 time, 210.22 real, 391 MB
[runlim] sample:		218.34 time, 220.22 real, 412 MB
[runlim] sample:		228.34 time, 230.22 real, 432 MB
[runlim] sample:		238.34 time, 240.22 real, 453 MB
[runlim] sample:		248.34 time, 250.22 real, 475 MB
[runlim] sample:		258.33 time, 260.22 real, 495 MB
[runlim] sample:		268.34 time, 270.22 real, 516 MB
[runlim] sample:		278.34 time, 280.22 real, 538 MB
[runlim] sample:		288.34 time, 290.22 real, 558 MB
[runlim] sample:		298.34 time, 300.22 real, 579 MB
[runlim] sample:		308.34 time, 310.22 real, 600 MB
[runlim] sample:		318.34 time, 320.22 real, 621 MB
[runlim] sample:		328.33 time, 330.22 real, 643 MB
[runlim] sample:		338.34 time, 340.22 real, 663 MB
[runlim] sample:		348.34 time, 350.22 real, 683 MB
[runlim] sample:		358.34 time, 360.22 real, 704 MB
[runlim] sample:		368.34 time, 370.22 real, 724 MB
[runlim] sample:		378.33 time, 380.22 real, 744 MB
[runlim] sample:		388.34 time, 390.22 real, 766 MB
[runlim] sample:		398.34 time, 400.22 real, 786 MB
[runlim] sample:		408.33 time, 410.22 real, 806 MB
[runlim] sample:		418.33 time, 420.22 real, 825 MB
[runlim] sample:		428.34 time, 430.22 real, 843 MB
[runlim] sample:		438.34 time, 440.22 real, 863 MB
[runlim] sample:		448.33 time, 450.22 real, 880 MB
[runlim] sample:		458.33 time, 460.22 real, 899 MB
[runlim] sample:		468.34 time, 470.22 real, 917 MB
[runlim] sample:		478.34 time, 480.22 real, 938 MB
[runlim] sample:		488.33 time, 490.22 real, 958 MB
[runlim] sample:		498.34 time, 500.22 real, 981 MB
[runlim] sample:		508.33 time, 510.22 real, 1003 MB
[runlim] sample:		518.33 time, 520.22 real, 1022 MB
[runlim] sample:		528.33 time, 530.22 real, 1041 MB
[runlim] sample:		538.33 time, 540.22 real, 1061 MB
[runlim] sample:		548.33 time, 550.22 real, 1080 MB
[runlim] sample:		558.33 time, 560.22 real, 1099 MB
[runlim] sample:		568.33 time, 570.22 real, 1118 MB
[runlim] sample:		578.33 time, 580.22 real, 1135 MB
[runlim] sample:		588.33 time, 590.22 real, 1152 MB
[runlim] sample:		598.33 time, 600.22 real, 1172 MB
[runlim] sample:		608.33 time, 610.22 real, 1190 MB
[runlim] sample:		618.33 time, 620.22 real, 1209 MB
[runlim] sample:		628.33 time, 630.22 real, 1228 MB
[runlim] sample:		638.33 time, 640.22 real, 1248 MB
[runlim] sample:		648.33 time, 650.22 real, 1265 MB
[runlim] sample:		658.33 time, 660.22 real, 1283 MB
[runlim] sample:		668.33 time, 670.22 real, 1300 MB
[runlim] sample:		678.33 time, 680.22 real, 1318 MB
[runlim] sample:		688.33 time, 690.22 real, 1336 MB
[runlim] sample:		698.32 time, 700.22 real, 1352 MB
[runlim] sample:		708.32 time, 710.22 real, 1367 MB
[runlim] sample:		718.33 time, 720.22 real, 1383 MB
[runlim] sample:		728.33 time, 730.22 real, 1399 MB
[runlim] sample:		738.32 time, 740.22 real, 1415 MB
[runlim] sample:		748.33 time, 750.22 real, 1110 MB
[runlim] sample:		758.33 time, 760.22 real, 1126 MB
[runlim] sample:		768.33 time, 770.22 real, 1140 MB
[runlim] sample:		778.33 time, 780.22 real, 1153 MB
[runlim] sample:		788.33 time, 790.22 real, 1167 MB
[runlim] sample:		798.33 time, 800.22 real, 1181 MB
[runlim] sample:		808.33 time, 810.22 real, 1197 MB
[runlim] sample:		818.33 time, 820.22 real, 1214 MB
[runlim] sample:		828.33 time, 830.22 real, 1227 MB
[runlim] sample:		838.33 time, 840.22 real, 1241 MB
[runlim] sample:		848.32 time, 850.22 real, 1255 MB
[runlim] sample:		858.32 time, 860.22 real, 1271 MB
[runlim] sample:		868.33 time, 870.22 real, 1288 MB
[runlim] sample:		878.33 time, 880.22 real, 1303 MB
[runlim] sample:		888.33 time, 890.22 real, 1320 MB
[runlim] sample:		898.32 time, 900.22 real, 1335 MB
[runlim] sample:		908.32 time, 910.22 real, 1351 MB
[runlim] sample:		918.32 time, 920.22 real, 1366 MB
[runlim] sample:		928.32 time, 930.22 real, 1383 MB
[runlim] sample:		938.32 time, 940.22 real, 1399 MB
[runlim] sample:		948.32 time, 950.22 real, 1415 MB
[runlim] sample:		958.32 time, 960.22 real, 1433 MB
[runlim] sample:		968.32 time, 970.22 real, 1450 MB
[runlim] sample:		978.32 time, 980.22 real, 1469 MB
[runlim] sample:		988.32 time, 990.22 real, 1488 MB
[runlim] sample:		998.32 time, 1000.22 real, 1505 MB
[runlim] sample:		1008.32 time, 1010.22 real, 1521 MB
[runlim] sample:		1018.32 time, 1020.22 real, 1540 MB
[runlim] sample:		1028.32 time, 1030.22 real, 1557 MB
[runlim] sample:		1038.32 time, 1040.22 real, 1576 MB
[runlim] sample:		1048.32 time, 1050.22 real, 1591 MB
[runlim] sample:		1058.32 time, 1060.22 real, 1611 MB
[runlim] sample:		1068.32 time, 1070.22 real, 1629 MB
[runlim] sample:		1078.32 time, 1080.22 real, 1646 MB
[runlim] sample:		1088.32 time, 1090.22 real, 1663 MB
[runlim] sample:		1098.32 time, 1100.22 real, 1679 MB
[runlim] sample:		1108.33 time, 1110.22 real, 1697 MB
[runlim] sample:		1118.32 time, 1120.22 real, 1714 MB
[runlim] sample:		1128.32 time, 1130.22 real, 1731 MB
[runlim] sample:		1138.32 time, 1140.22 real, 1749 MB
[runlim] sample:		1148.32 time, 1150.22 real, 1765 MB
[runlim] sample:		1158.32 time, 1160.22 real, 1783 MB
[runlim] sample:		1168.32 time, 1170.22 real, 1801 MB
[runlim] sample:		1178.32 time, 1180.22 real, 1818 MB
[runlim] sample:		1188.32 time, 1190.22 real, 1835 MB
[runlim] sample:		1198.32 time, 1200.22 real, 1856 MB
[runlim] sample:		1208.32 time, 1210.22 real, 1873 MB
[runlim] sample:		1218.31 time, 1220.22 real, 1890 MB
[runlim] sample:		1228.32 time, 1230.22 real, 1907 MB
[runlim] sample:		1238.31 time, 1240.22 real, 1924 MB
[runlim] sample:		1248.32 time, 1250.22 real, 1941 MB
[runlim] sample:		1258.32 time, 1260.22 real, 1956 MB
[runlim] sample:		1268.32 time, 1270.22 real, 1972 MB
[runlim] sample:		1278.32 time, 1280.22 real, 1989 MB
[runlim] sample:		1288.32 time, 1290.22 real, 2008 MB
[runlim] sample:		1298.32 time, 1300.22 real, 2026 MB
[runlim] sample:		1308.32 time, 1310.22 real, 2045 MB
[runlim] sample:		1318.32 time, 1320.22 real, 2063 MB
[runlim] sample:		1328.31 time, 1330.22 real, 2080 MB
[runlim] sample:		1338.32 time, 1340.22 real, 2098 MB
[runlim] sample:		1348.31 time, 1350.22 real, 2115 MB
[runlim] sample:		1358.31 time, 1360.22 real, 2131 MB
[runlim] sample:		1368.32 time, 1370.22 real, 2146 MB
[runlim] sample:		1378.32 time, 1380.22 real, 2161 MB
[runlim] sample:		1388.31 time, 1390.22 real, 2177 MB
[runlim] sample:		1398.32 time, 1400.22 real, 2194 MB
[runlim] sample:		1408.31 time, 1410.22 real, 2209 MB
[runlim] sample:		1418.32 time, 1420.22 real, 2227 MB
[runlim] sample:		1428.32 time, 1430.22 real, 2244 MB
[runlim] sample:		1438.31 time, 1440.22 real, 2256 MB
[runlim] sample:		1448.31 time, 1450.22 real, 2269 MB
[runlim] sample:		1458.32 time, 1460.22 real, 2284 MB
[runlim] sample:		1468.31 time, 1470.22 real, 2301 MB
[runlim] sample:		1478.31 time, 1480.22 real, 2319 MB
[runlim] sample:		1488.31 time, 1490.22 real, 2335 MB
[runlim] sample:		1498.31 time, 1500.22 real, 2351 MB
[runlim] sample:		1508.31 time, 1510.22 real, 2365 MB
[runlim] sample:		1518.32 time, 1520.22 real, 2379 MB
[runlim] sample:		1528.31 time, 1530.22 real, 2394 MB
[runlim] sample:		1538.31 time, 1540.22 real, 2412 MB
[runlim] sample:		1548.31 time, 1550.22 real, 2427 MB
[runlim] sample:		1558.32 time, 1560.22 real, 2441 MB
[runlim] sample:		1568.31 time, 1570.22 real, 2460 MB
[runlim] sample:		1578.31 time, 1580.22 real, 2477 MB
[runlim] sample:		1588.31 time, 1590.22 real, 2491 MB
[runlim] sample:		1598.31 time, 1600.22 real, 2506 MB
[runlim] sample:		1608.31 time, 1610.22 real, 2522 MB
[runlim] sample:		1618.31 time, 1620.22 real, 2537 MB
[runlim] sample:		1628.31 time, 1630.22 real, 2552 MB
[runlim] sample:		1638.31 time, 1640.22 real, 2567 MB
[runlim] sample:		1648.31 time, 1650.22 real, 2584 MB
[runlim] sample:		1658.31 time, 1660.22 real, 2600 MB
[runlim] sample:		1668.31 time, 1670.22 real, 2614 MB
[runlim] sample:		1678.31 time, 1680.22 real, 2627 MB
[runlim] sample:		1688.31 time, 1690.22 real, 2642 MB
[runlim] sample:		1698.31 time, 1700.22 real, 2656 MB
[runlim] sample:		1708.31 time, 1710.22 real, 2670 MB
[runlim] sample:		1718.31 time, 1720.22 real, 2685 MB
[runlim] sample:		1728.31 time, 1730.22 real, 2700 MB
[runlim] sample:		1738.31 time, 1740.22 real, 2715 MB
[runlim] sample:		1748.31 time, 1750.22 real, 2732 MB
[runlim] sample:		1758.30 time, 1760.22 real, 2748 MB
[runlim] sample:		1768.31 time, 1770.22 real, 2763 MB
[runlim] sample:		1778.30 time, 1780.22 real, 2778 MB
[runlim] sample:		1788.30 time, 1790.22 real, 2793 MB
[runlim] sample:		1798.31 time, 1800.22 real, 2808 MB
[runlim] sample:		1808.30 time, 1810.22 real, 2824 MB
[runlim] sample:		1818.31 time, 1820.22 real, 2840 MB
[runlim] sample:		1828.30 time, 1830.22 real, 2855 MB
[runlim] sample:		1838.31 time, 1840.22 real, 2868 MB
[runlim] sample:		1848.31 time, 1850.22 real, 2881 MB
[runlim] sample:		1858.31 time, 1860.22 real, 2894 MB
[runlim] sample:		1868.31 time, 1870.22 real, 2911 MB
[runlim] sample:		1878.31 time, 1880.22 real, 2929 MB
[runlim] sample:		1888.30 time, 1890.22 real, 2986 MB
[runlim] sample:		1898.31 time, 1900.22 real, 2323 MB
[runlim] sample:		1908.31 time, 1910.22 real, 2342 MB
[runlim] sample:		1918.30 time, 1920.22 real, 2358 MB
[runlim] sample:		1928.31 time, 1930.22 real, 2377 MB
[runlim] sample:		1938.30 time, 1940.22 real, 2393 MB
[runlim] sample:		1948.30 time, 1950.22 real, 2411 MB
[runlim] sample:		1958.30 time, 1960.22 real, 2425 MB
[runlim] sample:		1968.31 time, 1970.22 real, 2443 MB
[runlim] sample:		1978.31 time, 1980.22 real, 2461 MB
[runlim] sample:		1988.31 time, 1990.22 real, 2480 MB
[runlim] sample:		1998.31 time, 2000.22 real, 2499 MB
[runlim] sample:		2008.31 time, 2010.22 real, 2516 MB
[runlim] sample:		2018.31 time, 2020.22 real, 2536 MB
[runlim] sample:		2028.30 time, 2030.22 real, 2553 MB
[runlim] sample:		2038.31 time, 2040.22 real, 2568 MB
[runlim] sample:		2048.30 time, 2050.22 real, 2588 MB
[runlim] sample:		2058.31 time, 2060.22 real, 2605 MB
[runlim] sample:		2068.30 time, 2070.22 real, 2620 MB
[runlim] sample:		2078.31 time, 2080.22 real, 2636 MB
[runlim] sample:		2088.30 time, 2090.22 real, 2654 MB
[runlim] sample:		2098.30 time, 2100.22 real, 2671 MB
[runlim] sample:		2108.30 time, 2110.22 real, 2686 MB
[runlim] sample:		2118.31 time, 2120.22 real, 2703 MB
[runlim] sample:		2128.30 time, 2130.22 real, 2721 MB
[runlim] sample:		2138.31 time, 2140.22 real, 2739 MB
[runlim] sample:		2148.30 time, 2150.22 real, 2755 MB
[runlim] sample:		2158.30 time, 2160.22 real, 2770 MB
[runlim] sample:		2168.30 time, 2170.22 real, 2786 MB
[runlim] sample:		2178.30 time, 2180.22 real, 2801 MB
[runlim] sample:		2188.30 time, 2190.22 real, 2814 MB
[runlim] sample:		2198.30 time, 2200.22 real, 2827 MB
[runlim] sample:		2208.30 time, 2210.22 real, 2843 MB
[runlim] sample:		2218.30 time, 2220.22 real, 2858 MB
[runlim] sample:		2228.30 time, 2230.22 real, 2873 MB
[runlim] sample:		2238.30 time, 2240.22 real, 2890 MB
[runlim] sample:		2248.30 time, 2250.22 real, 2908 MB
[runlim] sample:		2258.30 time, 2260.22 real, 2925 MB
[runlim] sample:		2268.30 time, 2270.22 real, 2942 MB
[runlim] sample:		2278.29 time, 2280.22 real, 2960 MB
[runlim] sample:		2288.30 time, 2290.22 real, 2978 MB
[runlim] sample:		2298.30 time, 2300.22 real, 2994 MB
[runlim] sample:		2308.30 time, 2310.22 real, 3012 MB
[runlim] sample:		2318.30 time, 2320.22 real, 3029 MB
[runlim] sample:		2328.29 time, 2330.22 real, 3046 MB
[runlim] sample:		2338.29 time, 2340.22 real, 3059 MB
[runlim] sample:		2348.30 time, 2350.22 real, 3071 MB
[runlim] sample:		2358.30 time, 2360.22 real, 3085 MB
[runlim] sample:		2368.29 time, 2370.22 real, 3099 MB
[runlim] sample:		2378.29 time, 2380.22 real, 3113 MB
[runlim] sample:		2388.29 time, 2390.22 real, 3126 MB
[runlim] sample:		2398.29 time, 2400.22 real, 3140 MB
[runlim] sample:		2408.29 time, 2410.22 real, 3153 MB
[runlim] sample:		2418.30 time, 2420.22 real, 3165 MB
[runlim] sample:		2428.29 time, 2430.22 real, 3180 MB
[runlim] sample:		2438.29 time, 2440.22 real, 3196 MB
[runlim] sample:		2448.30 time, 2450.22 real, 3210 MB
[runlim] sample:		2458.30 time, 2460.22 real, 3225 MB
[runlim] sample:		2468.29 time, 2470.22 real, 3242 MB
[runlim] sample:		2478.29 time, 2480.22 real, 3257 MB
[runlim] sample:		2488.29 time, 2490.22 real, 3272 MB
[runlim] sample:		2498.29 time, 2500.22 real, 3288 MB
[runlim] sample:		2508.30 time, 2510.22 real, 3304 MB
[runlim] sample:		2518.29 time, 2520.22 real, 3319 MB
[runlim] sample:		2528.29 time, 2530.22 real, 3335 MB
[runlim] sample:		2538.29 time, 2540.22 real, 3349 MB
[runlim] sample:		2548.30 time, 2550.22 real, 3363 MB
[runlim] sample:		2558.29 time, 2560.22 real, 3375 MB
[runlim] sample:		2568.29 time, 2570.22 real, 3389 MB
[runlim] sample:		2578.29 time, 2580.22 real, 3403 MB
[runlim] sample:		2588.29 time, 2590.22 real, 3416 MB
[runlim] sample:		2598.29 time, 2600.22 real, 3428 MB
[runlim] sample:		2608.29 time, 2610.22 real, 3441 MB
[runlim] sample:		2618.29 time, 2620.22 real, 3456 MB
[runlim] sample:		2628.29 time, 2630.22 real, 3469 MB
[runlim] sample:		2638.29 time, 2640.22 real, 3482 MB
[runlim] sample:		2648.29 time, 2650.22 real, 3496 MB
[runlim] sample:		2658.29 time, 2660.22 real, 3510 MB
[runlim] sample:		2668.29 time, 2670.22 real, 3522 MB
[runlim] sample:		2678.29 time, 2680.22 real, 3535 MB
[runlim] sample:		2688.29 time, 2690.22 real, 3548 MB
[runlim] end:			Sat Feb 29 08:05:15 2020
[runlim] status:		out of time
[runlim] result:		2
[runlim] children:		1
[runlim] real:			2700.29 seconds
[runlim] time:			2698.08 seconds
[runlim] space:			5108 MB
[runlim] samples:		26998
