[runlim] version:		1.18
[runlim] host:			c3n15
[runlim] time limit:		2700 seconds
[runlim] real time limit:	2700 seconds
[runlim] space limit:		7000 MB
[runlim] argv[0]:		./binary
[runlim] argv[1]:		/data/cnf/ankit/E1-A1-instances/bobsmhdlc.qdimacs
[runlim] start:			Sat Feb 29 07:20:14 2020
[runlim] child:			18095
[runlim] sample:		9.83 time, 10.22 real, 39 MB
[runlim] sample:		19.83 time, 20.22 real, 67 MB
[runlim] sample:		29.82 time, 30.22 real, 93 MB
[runlim] sample:		39.83 time, 40.22 real, 118 MB
[runlim] sample:		49.83 time, 50.22 real, 144 MB
[runlim] sample:		59.82 time, 60.22 real, 169 MB
[runlim] sample:		69.83 time, 70.22 real, 194 MB
[runlim] sample:		79.83 time, 80.22 real, 219 MB
[runlim] sample:		89.82 time, 90.22 real, 244 MB
[runlim] sample:		99.82 time, 100.22 real, 267 MB
[runlim] sample:		109.82 time, 110.22 real, 289 MB
[runlim] sample:		119.82 time, 120.22 real, 310 MB
[runlim] sample:		129.82 time, 130.22 real, 332 MB
[runlim] sample:		139.81 time, 140.22 real, 353 MB
[runlim] sample:		149.82 time, 150.22 real, 371 MB
[runlim] sample:		159.82 time, 160.22 real, 394 MB
[runlim] sample:		169.81 time, 170.22 real, 414 MB
[runlim] sample:		179.82 time, 180.22 real, 436 MB
[runlim] sample:		189.82 time, 190.22 real, 457 MB
[runlim] sample:		199.82 time, 200.22 real, 478 MB
[runlim] sample:		209.82 time, 210.22 real, 497 MB
[runlim] sample:		219.82 time, 220.22 real, 519 MB
[runlim] sample:		229.82 time, 230.22 real, 541 MB
[runlim] sample:		239.81 time, 240.22 real, 564 MB
[runlim] sample:		249.82 time, 250.22 real, 578 MB
[runlim] sample:		259.81 time, 260.22 real, 594 MB
[runlim] sample:		269.82 time, 270.22 real, 614 MB
[runlim] sample:		279.81 time, 280.22 real, 635 MB
[runlim] sample:		289.81 time, 290.22 real, 506 MB
[runlim] sample:		299.82 time, 300.22 real, 526 MB
[runlim] sample:		309.81 time, 310.22 real, 548 MB
[runlim] sample:		319.82 time, 320.22 real, 571 MB
[runlim] sample:		329.81 time, 330.22 real, 589 MB
[runlim] sample:		339.81 time, 340.22 real, 607 MB
[runlim] sample:		349.81 time, 350.22 real, 626 MB
[runlim] sample:		359.81 time, 360.22 real, 644 MB
[runlim] sample:		369.82 time, 370.22 real, 661 MB
[runlim] sample:		379.82 time, 380.22 real, 679 MB
[runlim] sample:		389.81 time, 390.22 real, 700 MB
[runlim] sample:		399.81 time, 400.22 real, 723 MB
[runlim] sample:		409.81 time, 410.22 real, 739 MB
[runlim] sample:		419.82 time, 420.22 real, 758 MB
[runlim] sample:		429.81 time, 430.22 real, 777 MB
[runlim] sample:		439.81 time, 440.22 real, 794 MB
[runlim] sample:		449.81 time, 450.22 real, 810 MB
[runlim] sample:		459.81 time, 460.22 real, 830 MB
[runlim] sample:		469.82 time, 470.22 real, 849 MB
[runlim] sample:		479.81 time, 480.22 real, 868 MB
[runlim] sample:		489.81 time, 490.22 real, 888 MB
[runlim] sample:		499.81 time, 500.22 real, 910 MB
[runlim] sample:		509.81 time, 510.22 real, 928 MB
[runlim] sample:		519.81 time, 520.22 real, 946 MB
[runlim] sample:		529.81 time, 530.22 real, 963 MB
[runlim] sample:		539.81 time, 540.22 real, 980 MB
[runlim] sample:		549.81 time, 550.22 real, 998 MB
[runlim] sample:		559.81 time, 560.22 real, 1015 MB
[runlim] sample:		569.81 time, 570.22 real, 1035 MB
[runlim] sample:		579.81 time, 580.22 real, 1056 MB
[runlim] sample:		589.81 time, 590.22 real, 1076 MB
[runlim] sample:		599.81 time, 600.22 real, 1092 MB
[runlim] sample:		609.81 time, 610.22 real, 1108 MB
[runlim] sample:		619.81 time, 620.22 real, 1126 MB
[runlim] sample:		629.81 time, 630.22 real, 1146 MB
[runlim] sample:		639.81 time, 640.22 real, 1163 MB
[runlim] sample:		649.81 time, 650.22 real, 1177 MB
[runlim] sample:		659.81 time, 660.22 real, 1191 MB
[runlim] sample:		669.81 time, 670.22 real, 1204 MB
[runlim] sample:		679.81 time, 680.22 real, 1217 MB
[runlim] sample:		689.81 time, 690.22 real, 1235 MB
[runlim] sample:		699.81 time, 700.22 real, 1250 MB
[runlim] sample:		709.80 time, 710.22 real, 1264 MB
[runlim] sample:		719.81 time, 720.22 real, 1279 MB
[runlim] sample:		729.80 time, 730.22 real, 1297 MB
[runlim] sample:		739.81 time, 740.22 real, 1314 MB
[runlim] sample:		749.81 time, 750.22 real, 1332 MB
[runlim] sample:		759.80 time, 760.22 real, 1348 MB
[runlim] sample:		769.81 time, 770.22 real, 1363 MB
[runlim] sample:		779.80 time, 780.22 real, 1377 MB
[runlim] sample:		789.81 time, 790.22 real, 1393 MB
[runlim] sample:		799.80 time, 800.22 real, 1411 MB
[runlim] sample:		809.81 time, 810.22 real, 1430 MB
[runlim] sample:		819.80 time, 820.22 real, 1451 MB
[runlim] sample:		829.81 time, 830.22 real, 1472 MB
[runlim] sample:		839.81 time, 840.22 real, 1487 MB
[runlim] sample:		849.81 time, 850.22 real, 1502 MB
[runlim] sample:		859.81 time, 860.22 real, 1516 MB
[runlim] sample:		869.81 time, 870.22 real, 1531 MB
[runlim] sample:		879.81 time, 880.22 real, 1551 MB
[runlim] sample:		889.81 time, 890.22 real, 1566 MB
[runlim] sample:		899.81 time, 900.22 real, 1581 MB
[runlim] sample:		909.80 time, 910.22 real, 1598 MB
[runlim] sample:		919.81 time, 920.22 real, 1613 MB
[runlim] sample:		929.80 time, 930.22 real, 1628 MB
[runlim] sample:		939.80 time, 940.22 real, 1645 MB
[runlim] sample:		949.80 time, 950.22 real, 1662 MB
[runlim] sample:		959.80 time, 960.22 real, 1679 MB
[runlim] sample:		969.80 time, 970.22 real, 1695 MB
[runlim] sample:		979.80 time, 980.22 real, 1708 MB
[runlim] sample:		989.80 time, 990.22 real, 1722 MB
[runlim] sample:		999.80 time, 1000.22 real, 1735 MB
[runlim] sample:		1009.80 time, 1010.22 real, 1750 MB
[runlim] sample:		1019.81 time, 1020.22 real, 1763 MB
[runlim] sample:		1029.80 time, 1030.22 real, 1776 MB
[runlim] sample:		1039.80 time, 1040.22 real, 1787 MB
[runlim] sample:		1049.80 time, 1050.22 real, 1800 MB
[runlim] sample:		1059.80 time, 1060.22 real, 1812 MB
[runlim] sample:		1069.80 time, 1070.22 real, 1825 MB
[runlim] sample:		1079.80 time, 1080.22 real, 1837 MB
[runlim] sample:		1089.80 time, 1090.22 real, 1850 MB
[runlim] sample:		1099.80 time, 1100.22 real, 1863 MB
[runlim] sample:		1109.80 time, 1110.22 real, 1875 MB
[runlim] sample:		1119.80 time, 1120.22 real, 1888 MB
[runlim] sample:		1129.80 time, 1130.22 real, 1900 MB
[runlim] sample:		1139.80 time, 1140.22 real, 1913 MB
[runlim] sample:		1149.80 time, 1150.22 real, 1926 MB
[runlim] sample:		1159.80 time, 1160.22 real, 1938 MB
[runlim] sample:		1169.80 time, 1170.22 real, 1952 MB
[runlim] sample:		1179.80 time, 1180.22 real, 1964 MB
[runlim] sample:		1189.80 time, 1190.22 real, 1977 MB
[runlim] sample:		1199.80 time, 1200.22 real, 1992 MB
[runlim] sample:		1209.80 time, 1210.22 real, 2005 MB
[runlim] sample:		1219.79 time, 1220.22 real, 2018 MB
[runlim] sample:		1229.80 time, 1230.22 real, 2030 MB
[runlim] sample:		1239.80 time, 1240.22 real, 2043 MB
[runlim] sample:		1249.80 time, 1250.22 real, 2056 MB
[runlim] sample:		1259.80 time, 1260.22 real, 2068 MB
[runlim] sample:		1269.80 time, 1270.22 real, 2080 MB
[runlim] sample:		1279.80 time, 1280.22 real, 2092 MB
[runlim] sample:		1289.80 time, 1290.22 real, 2101 MB
[runlim] sample:		1299.79 time, 1300.22 real, 2111 MB
[runlim] sample:		1309.79 time, 1310.22 real, 2125 MB
[runlim] sample:		1319.80 time, 1320.22 real, 2136 MB
[runlim] sample:		1329.80 time, 1330.22 real, 2148 MB
[runlim] sample:		1339.80 time, 1340.22 real, 2160 MB
[runlim] sample:		1349.80 time, 1350.22 real, 2171 MB
[runlim] sample:		1359.80 time, 1360.22 real, 2184 MB
[runlim] sample:		1369.79 time, 1370.22 real, 2200 MB
[runlim] sample:		1379.80 time, 1380.22 real, 2211 MB
[runlim] sample:		1389.80 time, 1390.22 real, 2220 MB
[runlim] sample:		1399.80 time, 1400.22 real, 2232 MB
[runlim] sample:		1409.79 time, 1410.22 real, 2247 MB
[runlim] sample:		1419.80 time, 1420.22 real, 2261 MB
[runlim] sample:		1429.79 time, 1430.22 real, 2275 MB
[runlim] sample:		1439.80 time, 1440.22 real, 2287 MB
[runlim] sample:		1449.80 time, 1450.22 real, 2299 MB
[runlim] sample:		1459.79 time, 1460.22 real, 2314 MB
[runlim] sample:		1469.80 time, 1470.22 real, 2327 MB
[runlim] sample:		1479.79 time, 1480.22 real, 2340 MB
[runlim] sample:		1489.79 time, 1490.22 real, 2352 MB
[runlim] sample:		1499.80 time, 1500.22 real, 2365 MB
[runlim] sample:		1509.80 time, 1510.22 real, 2379 MB
[runlim] sample:		1519.80 time, 1520.22 real, 2394 MB
[runlim] sample:		1529.79 time, 1530.22 real, 2407 MB
[runlim] sample:		1539.79 time, 1540.22 real, 2417 MB
[runlim] sample:		1549.79 time, 1550.22 real, 2429 MB
[runlim] sample:		1559.79 time, 1560.22 real, 2440 MB
[runlim] sample:		1569.79 time, 1570.22 real, 2452 MB
[runlim] sample:		1579.80 time, 1580.22 real, 2468 MB
[runlim] sample:		1589.79 time, 1590.22 real, 2480 MB
[runlim] sample:		1599.79 time, 1600.22 real, 2495 MB
[runlim] sample:		1609.79 time, 1610.22 real, 2509 MB
[runlim] sample:		1619.80 time, 1620.22 real, 2519 MB
[runlim] sample:		1629.79 time, 1630.22 real, 2528 MB
[runlim] sample:		1639.79 time, 1640.22 real, 2541 MB
[runlim] sample:		1649.79 time, 1650.22 real, 2551 MB
[runlim] sample:		1659.79 time, 1660.22 real, 2560 MB
[runlim] sample:		1669.79 time, 1670.22 real, 2569 MB
[runlim] sample:		1679.79 time, 1680.22 real, 2580 MB
[runlim] sample:		1689.79 time, 1690.22 real, 2589 MB
[runlim] sample:		1699.79 time, 1700.22 real, 2599 MB
[runlim] sample:		1709.79 time, 1710.22 real, 2608 MB
[runlim] sample:		1719.79 time, 1720.22 real, 2618 MB
[runlim] sample:		1729.79 time, 1730.22 real, 2627 MB
[runlim] sample:		1739.79 time, 1740.22 real, 2641 MB
[runlim] sample:		1749.78 time, 1750.22 real, 2648 MB
[runlim] sample:		1759.79 time, 1760.22 real, 2657 MB
[runlim] sample:		1769.79 time, 1770.22 real, 2668 MB
[runlim] sample:		1779.79 time, 1780.22 real, 2679 MB
[runlim] sample:		1789.78 time, 1790.22 real, 2688 MB
[runlim] sample:		1799.79 time, 1800.22 real, 2700 MB
[runlim] sample:		1809.79 time, 1810.22 real, 2710 MB
[runlim] sample:		1819.79 time, 1820.22 real, 2724 MB
[runlim] sample:		1829.79 time, 1830.22 real, 2739 MB
[runlim] sample:		1839.78 time, 1840.22 real, 2752 MB
[runlim] sample:		1849.78 time, 1850.22 real, 2762 MB
[runlim] sample:		1859.79 time, 1860.22 real, 2771 MB
[runlim] sample:		1869.79 time, 1870.22 real, 2779 MB
[runlim] sample:		1879.79 time, 1880.22 real, 2787 MB
[runlim] sample:		1889.79 time, 1890.22 real, 2796 MB
[runlim] sample:		1899.78 time, 1900.22 real, 2804 MB
[runlim] sample:		1909.79 time, 1910.22 real, 2814 MB
[runlim] sample:		1919.79 time, 1920.22 real, 2824 MB
[runlim] sample:		1929.78 time, 1930.22 real, 2834 MB
[runlim] sample:		1939.79 time, 1940.22 real, 2848 MB
[runlim] sample:		1949.78 time, 1950.22 real, 2860 MB
[runlim] sample:		1959.78 time, 1960.22 real, 2869 MB
[runlim] sample:		1969.79 time, 1970.22 real, 2876 MB
[runlim] sample:		1979.79 time, 1980.22 real, 2883 MB
[runlim] sample:		1989.79 time, 1990.22 real, 2892 MB
[runlim] sample:		1999.78 time, 2000.22 real, 2900 MB
[runlim] sample:		2009.78 time, 2010.22 real, 2911 MB
[runlim] sample:		2019.78 time, 2020.22 real, 2922 MB
[runlim] sample:		2029.78 time, 2030.22 real, 2930 MB
[runlim] sample:		2039.78 time, 2040.22 real, 2940 MB
[runlim] sample:		2049.78 time, 2050.22 real, 2954 MB
[runlim] sample:		2059.78 time, 2060.22 real, 2971 MB
[runlim] sample:		2069.78 time, 2070.22 real, 2986 MB
[runlim] sample:		2079.78 time, 2080.22 real, 3001 MB
[runlim] sample:		2089.78 time, 2090.22 real, 3015 MB
[runlim] sample:		2099.78 time, 2100.22 real, 3028 MB
[runlim] sample:		2109.78 time, 2110.22 real, 3040 MB
[runlim] sample:		2119.78 time, 2120.22 real, 3049 MB
[runlim] sample:		2129.78 time, 2130.22 real, 3060 MB
[runlim] sample:		2139.78 time, 2140.22 real, 3071 MB
[runlim] sample:		2149.78 time, 2150.22 real, 3085 MB
[runlim] sample:		2159.78 time, 2160.22 real, 3097 MB
[runlim] sample:		2169.79 time, 2170.22 real, 3108 MB
[runlim] sample:		2179.79 time, 2180.22 real, 3120 MB
[runlim] sample:		2189.78 time, 2190.22 real, 3134 MB
[runlim] sample:		2199.78 time, 2200.22 real, 3146 MB
[runlim] sample:		2209.78 time, 2210.22 real, 3154 MB
[runlim] sample:		2219.78 time, 2220.22 real, 3160 MB
[runlim] sample:		2229.78 time, 2230.22 real, 3167 MB
[runlim] sample:		2239.78 time, 2240.22 real, 3174 MB
[runlim] sample:		2249.78 time, 2250.22 real, 3181 MB
[runlim] sample:		2259.78 time, 2260.22 real, 3189 MB
[runlim] sample:		2269.78 time, 2270.22 real, 3197 MB
[runlim] sample:		2279.78 time, 2280.22 real, 3208 MB
[runlim] sample:		2289.78 time, 2290.22 real, 3225 MB
[runlim] sample:		2299.78 time, 2300.22 real, 3237 MB
[runlim] sample:		2309.78 time, 2310.22 real, 3249 MB
[runlim] sample:		2319.78 time, 2320.22 real, 3261 MB
[runlim] sample:		2329.78 time, 2330.22 real, 3272 MB
[runlim] sample:		2339.78 time, 2340.22 real, 3283 MB
[runlim] sample:		2349.78 time, 2350.22 real, 3295 MB
[runlim] sample:		2359.78 time, 2360.22 real, 3307 MB
[runlim] sample:		2369.78 time, 2370.22 real, 3319 MB
[runlim] sample:		2379.78 time, 2380.22 real, 3334 MB
[runlim] sample:		2389.77 time, 2390.22 real, 3346 MB
[runlim] sample:		2399.78 time, 2400.22 real, 3358 MB
[runlim] sample:		2409.78 time, 2410.22 real, 3372 MB
[runlim] sample:		2419.78 time, 2420.22 real, 3386 MB
[runlim] sample:		2429.78 time, 2430.22 real, 3397 MB
[runlim] sample:		2439.78 time, 2440.22 real, 3409 MB
[runlim] sample:		2449.78 time, 2450.22 real, 3419 MB
[runlim] sample:		2459.77 time, 2460.22 real, 3432 MB
[runlim] sample:		2469.78 time, 2470.22 real, 3444 MB
[runlim] sample:		2479.78 time, 2480.22 real, 3456 MB
[runlim] sample:		2489.78 time, 2490.22 real, 3468 MB
[runlim] sample:		2499.78 time, 2500.22 real, 3482 MB
[runlim] sample:		2509.77 time, 2510.22 real, 3496 MB
[runlim] sample:		2519.78 time, 2520.22 real, 3510 MB
[runlim] sample:		2529.78 time, 2530.22 real, 3522 MB
[runlim] sample:		2539.77 time, 2540.22 real, 3530 MB
[runlim] sample:		2549.78 time, 2550.22 real, 3539 MB
[runlim] sample:		2559.77 time, 2560.22 real, 3549 MB
[runlim] sample:		2569.78 time, 2570.22 real, 3560 MB
[runlim] sample:		2579.77 time, 2580.22 real, 3573 MB
[runlim] sample:		2589.77 time, 2590.22 real, 3582 MB
[runlim] sample:		2599.78 time, 2600.22 real, 3592 MB
[runlim] sample:		2609.77 time, 2610.22 real, 3606 MB
[runlim] sample:		2619.77 time, 2620.22 real, 3620 MB
[runlim] sample:		2629.77 time, 2630.22 real, 3634 MB
[runlim] sample:		2639.78 time, 2640.22 real, 3644 MB
[runlim] sample:		2649.77 time, 2650.22 real, 3652 MB
[runlim] sample:		2659.78 time, 2660.22 real, 3663 MB
[runlim] sample:		2669.77 time, 2670.22 real, 3675 MB
[runlim] sample:		2679.77 time, 2680.22 real, 3682 MB
[runlim] sample:		2689.77 time, 2690.22 real, 3691 MB
[runlim] end:			Sat Feb 29 08:05:15 2020
[runlim] status:		out of time
[runlim] result:		2
[runlim] children:		1
[runlim] real:			2700.24 seconds
[runlim] time:			2699.57 seconds
[runlim] space:			3703 MB
[runlim] samples:		26998
