[runlim] version:		1.18
[runlim] host:			c3n15
[runlim] time limit:		2700 seconds
[runlim] real time limit:	2700 seconds
[runlim] space limit:		7000 MB
[runlim] argv[0]:		./binary
[runlim] argv[1]:		/data/cnf/ankit/E1-A1-instances/bobtuint31neg.qdimacs
[runlim] start:			Sat Feb 29 07:20:14 2020
[runlim] child:			18090
[runlim] sample:		9.80 time, 10.22 real, 31 MB
[runlim] sample:		19.79 time, 20.22 real, 50 MB
[runlim] sample:		29.80 time, 30.22 real, 69 MB
[runlim] sample:		39.79 time, 40.22 real, 87 MB
[runlim] sample:		49.79 time, 50.22 real, 105 MB
[runlim] sample:		59.79 time, 60.22 real, 123 MB
[runlim] sample:		69.80 time, 70.22 real, 141 MB
[runlim] sample:		79.80 time, 80.22 real, 160 MB
[runlim] sample:		89.79 time, 90.22 real, 179 MB
[runlim] sample:		99.79 time, 100.22 real, 198 MB
[runlim] sample:		109.79 time, 110.22 real, 214 MB
[runlim] sample:		119.79 time, 120.22 real, 232 MB
[runlim] sample:		129.79 time, 130.22 real, 249 MB
[runlim] sample:		139.80 time, 140.22 real, 266 MB
[runlim] sample:		149.79 time, 150.22 real, 282 MB
[runlim] sample:		159.79 time, 160.22 real, 298 MB
[runlim] sample:		169.79 time, 170.22 real, 316 MB
[runlim] sample:		179.79 time, 180.22 real, 332 MB
[runlim] sample:		189.79 time, 190.22 real, 349 MB
[runlim] sample:		199.79 time, 200.22 real, 365 MB
[runlim] sample:		209.79 time, 210.22 real, 381 MB
[runlim] sample:		219.79 time, 220.22 real, 397 MB
[runlim] sample:		229.79 time, 230.22 real, 414 MB
[runlim] sample:		239.79 time, 240.22 real, 430 MB
[runlim] sample:		249.79 time, 250.22 real, 449 MB
[runlim] sample:		259.79 time, 260.22 real, 465 MB
[runlim] sample:		269.79 time, 270.22 real, 483 MB
[runlim] sample:		279.79 time, 280.22 real, 500 MB
[runlim] sample:		289.79 time, 290.22 real, 515 MB
[runlim] sample:		299.79 time, 300.22 real, 532 MB
[runlim] sample:		309.79 time, 310.22 real, 548 MB
[runlim] sample:		319.79 time, 320.22 real, 565 MB
[runlim] sample:		329.79 time, 330.22 real, 583 MB
[runlim] sample:		339.78 time, 340.22 real, 600 MB
[runlim] sample:		349.79 time, 350.22 real, 616 MB
[runlim] sample:		359.79 time, 360.22 real, 630 MB
[runlim] sample:		369.79 time, 370.22 real, 644 MB
[runlim] sample:		379.79 time, 380.22 real, 659 MB
[runlim] sample:		389.79 time, 390.22 real, 675 MB
[runlim] sample:		399.79 time, 400.22 real, 691 MB
[runlim] sample:		409.79 time, 410.22 real, 706 MB
[runlim] sample:		419.79 time, 420.22 real, 723 MB
[runlim] sample:		429.79 time, 430.22 real, 739 MB
[runlim] sample:		439.79 time, 440.22 real, 753 MB
[runlim] sample:		449.79 time, 450.22 real, 769 MB
[runlim] sample:		459.79 time, 460.22 real, 785 MB
[runlim] sample:		469.78 time, 470.22 real, 800 MB
[runlim] sample:		479.79 time, 480.22 real, 815 MB
[runlim] sample:		489.78 time, 490.22 real, 830 MB
[runlim] sample:		499.79 time, 500.22 real, 844 MB
[runlim] sample:		509.78 time, 510.22 real, 858 MB
[runlim] sample:		519.79 time, 520.22 real, 873 MB
[runlim] sample:		529.78 time, 530.22 real, 887 MB
[runlim] sample:		539.79 time, 540.22 real, 901 MB
[runlim] sample:		549.78 time, 550.22 real, 914 MB
[runlim] sample:		559.78 time, 560.22 real, 926 MB
[runlim] sample:		569.78 time, 570.22 real, 939 MB
[runlim] sample:		579.79 time, 580.22 real, 952 MB
[runlim] sample:		589.79 time, 590.22 real, 964 MB
[runlim] sample:		599.78 time, 600.22 real, 977 MB
[runlim] sample:		609.78 time, 610.22 real, 988 MB
[runlim] sample:		619.78 time, 620.22 real, 1002 MB
[runlim] sample:		629.78 time, 630.22 real, 1015 MB
[runlim] sample:		639.78 time, 640.22 real, 1027 MB
[runlim] sample:		649.78 time, 650.22 real, 1038 MB
[runlim] sample:		659.78 time, 660.22 real, 1054 MB
[runlim] sample:		669.79 time, 670.22 real, 1067 MB
[runlim] sample:		679.78 time, 680.22 real, 1081 MB
[runlim] sample:		689.78 time, 690.22 real, 1092 MB
[runlim] sample:		699.78 time, 700.22 real, 1104 MB
[runlim] sample:		709.78 time, 710.22 real, 1115 MB
[runlim] sample:		719.78 time, 720.22 real, 1127 MB
[runlim] sample:		729.78 time, 730.22 real, 1141 MB
[runlim] sample:		739.78 time, 740.22 real, 1155 MB
[runlim] sample:		749.78 time, 750.22 real, 1170 MB
[runlim] sample:		759.78 time, 760.22 real, 1184 MB
[runlim] sample:		769.78 time, 770.22 real, 1200 MB
[runlim] sample:		779.78 time, 780.22 real, 1217 MB
[runlim] sample:		789.78 time, 790.22 real, 1232 MB
[runlim] sample:		799.78 time, 800.22 real, 1246 MB
[runlim] sample:		809.78 time, 810.22 real, 1258 MB
[runlim] sample:		819.78 time, 820.22 real, 1272 MB
[runlim] sample:		829.78 time, 830.22 real, 1285 MB
[runlim] sample:		839.78 time, 840.22 real, 1298 MB
[runlim] sample:		849.78 time, 850.22 real, 1308 MB
[runlim] sample:		859.78 time, 860.22 real, 1320 MB
[runlim] sample:		869.78 time, 870.22 real, 1333 MB
[runlim] sample:		879.78 time, 880.22 real, 1345 MB
[runlim] sample:		889.78 time, 890.22 real, 1356 MB
[runlim] sample:		899.78 time, 900.22 real, 1369 MB
[runlim] sample:		909.77 time, 910.22 real, 1383 MB
[runlim] sample:		919.78 time, 920.22 real, 1394 MB
[runlim] sample:		929.78 time, 930.22 real, 1408 MB
[runlim] sample:		939.78 time, 940.22 real, 1420 MB
[runlim] sample:		949.78 time, 950.22 real, 1434 MB
[runlim] sample:		959.78 time, 960.22 real, 1447 MB
[runlim] sample:		969.78 time, 970.22 real, 1460 MB
[runlim] sample:		979.77 time, 980.22 real, 1478 MB
[runlim] sample:		989.78 time, 990.22 real, 1492 MB
[runlim] sample:		999.77 time, 1000.22 real, 1506 MB
[runlim] sample:		1009.77 time, 1010.22 real, 1521 MB
[runlim] sample:		1019.77 time, 1020.22 real, 1534 MB
[runlim] sample:		1029.77 time, 1030.22 real, 1548 MB
[runlim] sample:		1039.78 time, 1040.22 real, 1562 MB
[runlim] sample:		1049.78 time, 1050.22 real, 1572 MB
[runlim] sample:		1059.78 time, 1060.22 real, 1583 MB
[runlim] sample:		1069.77 time, 1070.22 real, 1593 MB
[runlim] sample:		1079.77 time, 1080.22 real, 1603 MB
[runlim] sample:		1089.78 time, 1090.22 real, 1613 MB
[runlim] sample:		1099.77 time, 1100.22 real, 1623 MB
[runlim] sample:		1109.78 time, 1110.22 real, 1633 MB
[runlim] sample:		1119.77 time, 1120.22 real, 1644 MB
[runlim] sample:		1129.77 time, 1130.22 real, 1654 MB
[runlim] sample:		1139.77 time, 1140.22 real, 1666 MB
[runlim] sample:		1149.78 time, 1150.22 real, 1677 MB
[runlim] sample:		1159.77 time, 1160.22 real, 1690 MB
[runlim] sample:		1169.77 time, 1170.22 real, 1702 MB
[runlim] sample:		1179.78 time, 1180.22 real, 1713 MB
[runlim] sample:		1189.77 time, 1190.22 real, 1725 MB
[runlim] sample:		1199.77 time, 1200.22 real, 1736 MB
[runlim] sample:		1209.77 time, 1210.22 real, 1748 MB
[runlim] sample:		1219.77 time, 1220.22 real, 1759 MB
[runlim] sample:		1229.77 time, 1230.22 real, 1769 MB
[runlim] sample:		1239.77 time, 1240.22 real, 1780 MB
[runlim] sample:		1249.77 time, 1250.22 real, 1793 MB
[runlim] sample:		1259.77 time, 1260.22 real, 1802 MB
[runlim] sample:		1269.77 time, 1270.22 real, 1814 MB
[runlim] sample:		1279.78 time, 1280.22 real, 1827 MB
[runlim] sample:		1289.77 time, 1290.22 real, 1837 MB
[runlim] sample:		1299.77 time, 1300.22 real, 1848 MB
[runlim] sample:		1309.77 time, 1310.22 real, 1858 MB
[runlim] sample:		1319.77 time, 1320.22 real, 1869 MB
[runlim] sample:		1329.77 time, 1330.22 real, 1881 MB
[runlim] sample:		1339.77 time, 1340.22 real, 1893 MB
[runlim] sample:		1349.77 time, 1350.22 real, 1906 MB
[runlim] sample:		1359.77 time, 1360.22 real, 1917 MB
[runlim] sample:		1369.77 time, 1370.22 real, 1930 MB
[runlim] sample:		1379.77 time, 1380.22 real, 1940 MB
[runlim] sample:		1389.77 time, 1390.22 real, 1949 MB
[runlim] sample:		1399.77 time, 1400.22 real, 1959 MB
[runlim] sample:		1409.77 time, 1410.22 real, 1968 MB
[runlim] sample:		1419.77 time, 1420.22 real, 1977 MB
[runlim] sample:		1429.77 time, 1430.22 real, 1988 MB
[runlim] sample:		1439.77 time, 1440.22 real, 1998 MB
[runlim] sample:		1449.77 time, 1450.22 real, 2009 MB
[runlim] sample:		1459.77 time, 1460.22 real, 2019 MB
[runlim] sample:		1469.77 time, 1470.22 real, 2031 MB
[runlim] sample:		1479.77 time, 1480.22 real, 2042 MB
[runlim] sample:		1489.77 time, 1490.22 real, 2052 MB
[runlim] sample:		1499.77 time, 1500.22 real, 2062 MB
[runlim] sample:		1509.77 time, 1510.22 real, 2074 MB
[runlim] sample:		1519.77 time, 1520.22 real, 2085 MB
[runlim] sample:		1529.77 time, 1530.22 real, 2097 MB
[runlim] sample:		1539.77 time, 1540.22 real, 2108 MB
[runlim] sample:		1549.76 time, 1550.22 real, 2120 MB
[runlim] sample:		1559.77 time, 1560.22 real, 2128 MB
[runlim] sample:		1569.77 time, 1570.22 real, 2139 MB
[runlim] sample:		1579.77 time, 1580.22 real, 2151 MB
[runlim] sample:		1589.76 time, 1590.22 real, 2161 MB
[runlim] sample:		1599.77 time, 1600.22 real, 2171 MB
[runlim] sample:		1609.76 time, 1610.22 real, 2181 MB
[runlim] sample:		1619.77 time, 1620.22 real, 2193 MB
[runlim] sample:		1629.76 time, 1630.22 real, 2204 MB
[runlim] sample:		1639.76 time, 1640.22 real, 2216 MB
[runlim] sample:		1649.76 time, 1650.22 real, 2230 MB
[runlim] sample:		1659.76 time, 1660.22 real, 2242 MB
[runlim] sample:		1669.77 time, 1670.22 real, 2253 MB
[runlim] sample:		1679.76 time, 1680.22 real, 2263 MB
[runlim] sample:		1689.77 time, 1690.22 real, 2271 MB
[runlim] sample:		1699.76 time, 1700.22 real, 2278 MB
[runlim] sample:		1709.76 time, 1710.22 real, 2286 MB
[runlim] sample:		1719.76 time, 1720.22 real, 2293 MB
[runlim] sample:		1729.77 time, 1730.22 real, 2301 MB
[runlim] sample:		1739.77 time, 1740.22 real, 2308 MB
[runlim] sample:		1749.76 time, 1750.22 real, 2315 MB
[runlim] sample:		1759.76 time, 1760.22 real, 2322 MB
[runlim] sample:		1769.77 time, 1770.22 real, 2331 MB
[runlim] sample:		1779.77 time, 1780.22 real, 2340 MB
[runlim] sample:		1789.76 time, 1790.22 real, 2349 MB
[runlim] sample:		1799.76 time, 1800.22 real, 2362 MB
[runlim] sample:		1809.76 time, 1810.22 real, 2373 MB
[runlim] sample:		1819.76 time, 1820.22 real, 2382 MB
[runlim] sample:		1829.76 time, 1830.22 real, 2393 MB
[runlim] sample:		1839.76 time, 1840.22 real, 2402 MB
[runlim] sample:		1849.76 time, 1850.22 real, 2411 MB
[runlim] sample:		1859.77 time, 1860.22 real, 2422 MB
[runlim] sample:		1869.76 time, 1870.22 real, 2433 MB
[runlim] sample:		1879.76 time, 1880.22 real, 2441 MB
[runlim] sample:		1889.76 time, 1890.22 real, 2452 MB
[runlim] sample:		1899.77 time, 1900.22 real, 2462 MB
[runlim] sample:		1909.77 time, 1910.22 real, 2471 MB
[runlim] sample:		1919.77 time, 1920.22 real, 2483 MB
[runlim] sample:		1929.77 time, 1930.22 real, 2495 MB
[runlim] sample:		1939.76 time, 1940.22 real, 2504 MB
[runlim] sample:		1949.76 time, 1950.22 real, 2513 MB
[runlim] sample:		1959.76 time, 1960.22 real, 2522 MB
[runlim] sample:		1969.76 time, 1970.22 real, 2532 MB
[runlim] sample:		1979.76 time, 1980.22 real, 2546 MB
[runlim] sample:		1989.76 time, 1990.22 real, 2560 MB
[runlim] sample:		1999.76 time, 2000.22 real, 2572 MB
[runlim] sample:		2009.76 time, 2010.22 real, 2584 MB
[runlim] sample:		2019.76 time, 2020.22 real, 2596 MB
[runlim] sample:		2029.76 time, 2030.22 real, 2607 MB
[runlim] sample:		2039.76 time, 2040.22 real, 2618 MB
[runlim] sample:		2049.76 time, 2050.22 real, 2628 MB
[runlim] sample:		2059.76 time, 2060.22 real, 2637 MB
[runlim] sample:		2069.76 time, 2070.22 real, 2649 MB
[runlim] sample:		2079.76 time, 2080.22 real, 2659 MB
[runlim] sample:		2089.76 time, 2090.22 real, 2669 MB
[runlim] sample:		2099.76 time, 2100.22 real, 2678 MB
[runlim] sample:		2109.75 time, 2110.22 real, 2685 MB
[runlim] sample:		2119.76 time, 2120.22 real, 2693 MB
[runlim] sample:		2129.76 time, 2130.22 real, 2704 MB
[runlim] sample:		2139.76 time, 2140.22 real, 2715 MB
[runlim] sample:		2149.76 time, 2150.22 real, 2724 MB
[runlim] sample:		2159.76 time, 2160.22 real, 2732 MB
[runlim] sample:		2169.76 time, 2170.22 real, 2739 MB
[runlim] sample:		2179.76 time, 2180.22 real, 2746 MB
[runlim] sample:		2189.76 time, 2190.22 real, 2753 MB
[runlim] sample:		2199.76 time, 2200.22 real, 2761 MB
[runlim] sample:		2209.76 time, 2210.22 real, 2769 MB
[runlim] sample:		2219.75 time, 2220.22 real, 2779 MB
[runlim] sample:		2229.76 time, 2230.22 real, 2789 MB
[runlim] sample:		2239.75 time, 2240.22 real, 2800 MB
[runlim] sample:		2249.76 time, 2250.22 real, 2811 MB
[runlim] sample:		2259.76 time, 2260.22 real, 2820 MB
[runlim] sample:		2269.76 time, 2270.22 real, 2829 MB
[runlim] sample:		2279.75 time, 2280.22 real, 2838 MB
[runlim] sample:		2289.76 time, 2290.22 real, 2846 MB
[runlim] sample:		2299.76 time, 2300.22 real, 2854 MB
[runlim] sample:		2309.75 time, 2310.22 real, 2862 MB
[runlim] sample:		2319.76 time, 2320.22 real, 2870 MB
[runlim] sample:		2329.76 time, 2330.22 real, 2880 MB
[runlim] sample:		2339.76 time, 2340.22 real, 2889 MB
[runlim] sample:		2349.76 time, 2350.22 real, 2899 MB
[runlim] sample:		2359.75 time, 2360.22 real, 2908 MB
[runlim] sample:		2369.76 time, 2370.22 real, 2916 MB
[runlim] sample:		2379.75 time, 2380.22 real, 2925 MB
[runlim] sample:		2389.76 time, 2390.22 real, 2937 MB
[runlim] sample:		2399.75 time, 2400.22 real, 2948 MB
[runlim] sample:		2409.76 time, 2410.22 real, 2957 MB
[runlim] sample:		2419.76 time, 2420.22 real, 2968 MB
[runlim] sample:		2429.75 time, 2430.22 real, 2978 MB
[runlim] sample:		2439.75 time, 2440.22 real, 2988 MB
[runlim] sample:		2449.75 time, 2450.22 real, 2996 MB
[runlim] sample:		2459.76 time, 2460.22 real, 3005 MB
[runlim] sample:		2469.76 time, 2470.22 real, 3013 MB
[runlim] sample:		2479.75 time, 2480.22 real, 3021 MB
[runlim] sample:		2489.76 time, 2490.22 real, 3029 MB
[runlim] sample:		2499.75 time, 2500.22 real, 3038 MB
[runlim] sample:		2509.75 time, 2510.22 real, 3046 MB
[runlim] sample:		2519.75 time, 2520.22 real, 3055 MB
[runlim] sample:		2529.75 time, 2530.22 real, 3064 MB
[runlim] sample:		2539.75 time, 2540.22 real, 3075 MB
[runlim] sample:		2549.76 time, 2550.22 real, 3087 MB
[runlim] sample:		2559.75 time, 2560.22 real, 3099 MB
[runlim] sample:		2569.75 time, 2570.22 real, 3111 MB
[runlim] sample:		2579.75 time, 2580.22 real, 3122 MB
[runlim] sample:		2589.75 time, 2590.22 real, 3133 MB
[runlim] sample:		2599.75 time, 2600.22 real, 3145 MB
[runlim] sample:		2609.75 time, 2610.22 real, 3157 MB
[runlim] sample:		2619.75 time, 2620.22 real, 3170 MB
[runlim] sample:		2629.74 time, 2630.22 real, 3183 MB
[runlim] sample:		2639.75 time, 2640.22 real, 3194 MB
[runlim] sample:		2649.74 time, 2650.22 real, 3207 MB
[runlim] sample:		2659.75 time, 2660.22 real, 3217 MB
[runlim] sample:		2669.75 time, 2670.22 real, 3226 MB
[runlim] sample:		2679.75 time, 2680.22 real, 3234 MB
[runlim] sample:		2689.75 time, 2690.22 real, 3244 MB
[runlim] end:			Sat Feb 29 08:05:15 2020
[runlim] status:		out of time
[runlim] result:		2
[runlim] children:		1
[runlim] real:			2700.27 seconds
[runlim] time:			2699.55 seconds
[runlim] space:			3251 MB
[runlim] samples:		26998
