[runlim] version:		1.18
[runlim] host:			c3n15
[runlim] time limit:		2700 seconds
[runlim] real time limit:	2700 seconds
[runlim] space limit:		7000 MB
[runlim] argv[0]:		./binary
[runlim] argv[1]:		/data/cnf/ankit/E1-A1-instances/c1_Debug_s3_f2_e1_v1.qdimacs
[runlim] start:			Sat Feb 29 07:20:15 2020
[runlim] child:			18105
[runlim] sample:		7.90 time, 10.22 real, 946 MB
[runlim] sample:		17.90 time, 20.22 real, 1105 MB
[runlim] sample:		27.90 time, 30.22 real, 1128 MB
[runlim] sample:		37.90 time, 40.22 real, 1159 MB
[runlim] sample:		47.90 time, 50.22 real, 1191 MB
[runlim] sample:		57.90 time, 60.22 real, 1209 MB
[runlim] sample:		67.90 time, 70.22 real, 1293 MB
[runlim] sample:		77.90 time, 80.22 real, 1330 MB
[runlim] sample:		87.90 time, 90.22 real, 1346 MB
[runlim] sample:		97.90 time, 100.22 real, 1368 MB
[runlim] sample:		107.90 time, 110.22 real, 1387 MB
[runlim] sample:		117.90 time, 120.22 real, 1409 MB
[runlim] sample:		127.89 time, 130.22 real, 1422 MB
[runlim] sample:		137.90 time, 140.22 real, 1438 MB
[runlim] sample:		147.89 time, 150.22 real, 1491 MB
[runlim] sample:		157.89 time, 160.22 real, 1541 MB
[runlim] sample:		167.90 time, 170.22 real, 1554 MB
[runlim] sample:		177.89 time, 180.22 real, 1608 MB
[runlim] sample:		187.90 time, 190.22 real, 1621 MB
[runlim] sample:		197.90 time, 200.22 real, 1633 MB
[runlim] sample:		207.90 time, 210.22 real, 1664 MB
[runlim] sample:		217.89 time, 220.22 real, 1674 MB
[runlim] sample:		227.90 time, 230.22 real, 1687 MB
[runlim] sample:		237.90 time, 240.22 real, 1698 MB
[runlim] sample:		247.89 time, 250.22 real, 1710 MB
[runlim] sample:		257.89 time, 260.22 real, 1733 MB
[runlim] sample:		267.89 time, 270.22 real, 1745 MB
[runlim] sample:		277.89 time, 280.22 real, 1752 MB
[runlim] sample:		287.89 time, 290.22 real, 1768 MB
[runlim] sample:		297.90 time, 300.22 real, 1780 MB
[runlim] sample:		307.89 time, 310.22 real, 1814 MB
[runlim] sample:		317.89 time, 320.22 real, 1879 MB
[runlim] sample:		327.90 time, 330.22 real, 1973 MB
[runlim] sample:		337.89 time, 340.22 real, 1990 MB
[runlim] sample:		347.89 time, 350.22 real, 2002 MB
[runlim] sample:		357.89 time, 360.22 real, 2009 MB
[runlim] sample:		367.89 time, 370.22 real, 2049 MB
[runlim] sample:		377.89 time, 380.22 real, 2065 MB
[runlim] sample:		387.89 time, 390.22 real, 2085 MB
[runlim] sample:		397.89 time, 400.22 real, 2134 MB
[runlim] sample:		407.89 time, 410.22 real, 2147 MB
[runlim] sample:		417.89 time, 420.22 real, 2172 MB
[runlim] sample:		427.89 time, 430.22 real, 2186 MB
[runlim] sample:		437.90 time, 440.22 real, 2188 MB
[runlim] sample:		447.90 time, 450.22 real, 2214 MB
[runlim] sample:		457.89 time, 460.22 real, 2221 MB
[runlim] sample:		467.89 time, 470.22 real, 2228 MB
[runlim] sample:		477.89 time, 480.22 real, 2234 MB
[runlim] sample:		487.89 time, 490.22 real, 2261 MB
[runlim] sample:		497.89 time, 500.22 real, 2242 MB
[runlim] sample:		507.89 time, 510.22 real, 2272 MB
[runlim] sample:		517.89 time, 520.22 real, 2285 MB
[runlim] sample:		527.89 time, 530.22 real, 2280 MB
[runlim] sample:		537.89 time, 540.22 real, 2294 MB
[runlim] sample:		547.89 time, 550.22 real, 2297 MB
[runlim] sample:		557.89 time, 560.22 real, 2339 MB
[runlim] sample:		567.89 time, 570.22 real, 2346 MB
[runlim] sample:		577.89 time, 580.22 real, 2350 MB
[runlim] sample:		587.89 time, 590.22 real, 2363 MB
[runlim] sample:		597.89 time, 600.22 real, 2376 MB
[runlim] sample:		607.89 time, 610.22 real, 2390 MB
[runlim] sample:		617.89 time, 620.22 real, 2403 MB
[runlim] sample:		627.89 time, 630.22 real, 2450 MB
[runlim] sample:		637.89 time, 640.22 real, 2485 MB
[runlim] sample:		647.89 time, 650.22 real, 2461 MB
[runlim] sample:		657.89 time, 660.22 real, 2540 MB
[runlim] sample:		667.89 time, 670.22 real, 2521 MB
[runlim] sample:		677.89 time, 680.22 real, 2534 MB
[runlim] sample:		687.88 time, 690.22 real, 2540 MB
[runlim] sample:		697.88 time, 700.22 real, 2564 MB
[runlim] sample:		707.89 time, 710.22 real, 2554 MB
[runlim] sample:		717.89 time, 720.22 real, 2584 MB
[runlim] sample:		727.89 time, 730.22 real, 2597 MB
[runlim] sample:		737.89 time, 740.22 real, 2608 MB
[runlim] sample:		747.88 time, 750.22 real, 2668 MB
[runlim] sample:		757.89 time, 760.22 real, 2670 MB
[runlim] sample:		767.89 time, 770.22 real, 2643 MB
[runlim] sample:		777.88 time, 780.22 real, 2667 MB
[runlim] sample:		787.88 time, 790.22 real, 2679 MB
[runlim] sample:		797.89 time, 800.22 real, 2849 MB
[runlim] sample:		807.89 time, 810.22 real, 2873 MB
[runlim] sample:		817.88 time, 820.22 real, 2897 MB
[runlim] sample:		827.89 time, 830.22 real, 2891 MB
[runlim] sample:		837.88 time, 840.22 real, 2916 MB
[runlim] sample:		847.89 time, 850.22 real, 2936 MB
[runlim] sample:		857.88 time, 860.22 real, 2939 MB
[runlim] sample:		867.89 time, 870.22 real, 2970 MB
[runlim] sample:		877.89 time, 880.22 real, 2960 MB
[runlim] sample:		887.89 time, 890.22 real, 2738 MB
[runlim] sample:		897.89 time, 900.22 real, 2748 MB
[runlim] sample:		907.88 time, 910.22 real, 2758 MB
[runlim] sample:		917.89 time, 920.22 real, 2764 MB
[runlim] sample:		927.89 time, 930.22 real, 2808 MB
[runlim] sample:		937.88 time, 940.22 real, 2774 MB
[runlim] sample:		947.88 time, 950.22 real, 2775 MB
[runlim] sample:		957.88 time, 960.22 real, 2821 MB
[runlim] sample:		967.89 time, 970.22 real, 2786 MB
[runlim] sample:		977.88 time, 980.22 real, 2796 MB
[runlim] sample:		987.88 time, 990.22 real, 2801 MB
[runlim] sample:		997.89 time, 1000.22 real, 2847 MB
[runlim] sample:		1007.88 time, 1010.22 real, 2858 MB
[runlim] sample:		1017.89 time, 1020.22 real, 2868 MB
[runlim] sample:		1027.88 time, 1030.22 real, 2874 MB
[runlim] sample:		1037.88 time, 1040.22 real, 2879 MB
[runlim] sample:		1047.88 time, 1050.22 real, 2890 MB
[runlim] sample:		1057.89 time, 1060.22 real, 2897 MB
[runlim] sample:		1067.89 time, 1070.22 real, 2912 MB
[runlim] sample:		1077.88 time, 1080.22 real, 3020 MB
[runlim] sample:		1087.88 time, 1090.22 real, 3022 MB
[runlim] sample:		1097.89 time, 1100.22 real, 3010 MB
[runlim] sample:		1107.88 time, 1110.22 real, 3040 MB
[runlim] sample:		1117.88 time, 1120.22 real, 3028 MB
[runlim] sample:		1127.88 time, 1130.22 real, 3056 MB
[runlim] sample:		1137.88 time, 1140.22 real, 3045 MB
[runlim] sample:		1147.88 time, 1150.22 real, 3073 MB
[runlim] sample:		1157.88 time, 1160.22 real, 3083 MB
[runlim] sample:		1167.88 time, 1170.22 real, 3066 MB
[runlim] sample:		1177.88 time, 1180.22 real, 3067 MB
[runlim] sample:		1187.88 time, 1190.22 real, 3069 MB
[runlim] sample:		1197.88 time, 1200.22 real, 3098 MB
[runlim] sample:		1207.88 time, 1210.22 real, 3100 MB
[runlim] sample:		1217.88 time, 1220.22 real, 3084 MB
[runlim] sample:		1227.88 time, 1230.22 real, 3090 MB
[runlim] sample:		1237.87 time, 1240.22 real, 3117 MB
[runlim] sample:		1247.88 time, 1250.22 real, 3100 MB
[runlim] sample:		1257.88 time, 1260.22 real, 3128 MB
[runlim] sample:		1267.88 time, 1270.22 real, 3157 MB
[runlim] sample:		1277.88 time, 1280.22 real, 3144 MB
[runlim] sample:		1287.87 time, 1290.22 real, 3144 MB
[runlim] sample:		1297.88 time, 1300.22 real, 3150 MB
[runlim] sample:		1307.88 time, 1310.22 real, 3175 MB
[runlim] sample:		1317.88 time, 1320.22 real, 3176 MB
[runlim] sample:		1327.88 time, 1330.22 real, 3177 MB
[runlim] sample:		1337.87 time, 1340.22 real, 3179 MB
[runlim] sample:		1347.88 time, 1350.22 real, 3182 MB
[runlim] sample:		1357.88 time, 1360.22 real, 3185 MB
[runlim] sample:		1367.88 time, 1370.22 real, 3191 MB
[runlim] sample:		1377.88 time, 1380.22 real, 3196 MB
[runlim] sample:		1387.88 time, 1390.22 real, 3201 MB
[runlim] sample:		1397.87 time, 1400.22 real, 3206 MB
[runlim] sample:		1407.88 time, 1410.22 real, 3206 MB
[runlim] sample:		1417.87 time, 1420.22 real, 3175 MB
[runlim] sample:		1427.88 time, 1430.22 real, 3176 MB
[runlim] sample:		1437.87 time, 1440.22 real, 3230 MB
[runlim] sample:		1447.87 time, 1450.22 real, 3186 MB
[runlim] sample:		1457.88 time, 1460.22 real, 3240 MB
[runlim] sample:		1467.88 time, 1470.22 real, 3221 MB
[runlim] sample:		1477.87 time, 1480.22 real, 3226 MB
[runlim] sample:		1487.88 time, 1490.22 real, 3226 MB
[runlim] sample:		1497.87 time, 1500.22 real, 3256 MB
[runlim] sample:		1507.87 time, 1510.22 real, 3257 MB
[runlim] sample:		1517.88 time, 1520.22 real, 3210 MB
[runlim] sample:		1527.88 time, 1530.22 real, 3293 MB
[runlim] sample:		1537.88 time, 1540.22 real, 3254 MB
[runlim] sample:		1547.88 time, 1550.22 real, 3284 MB
[runlim] sample:		1557.88 time, 1560.22 real, 3241 MB
[runlim] sample:		1567.87 time, 1570.22 real, 3271 MB
[runlim] sample:		1577.88 time, 1580.22 real, 3277 MB
[runlim] sample:		1587.87 time, 1590.22 real, 3282 MB
[runlim] sample:		1597.87 time, 1600.22 real, 3317 MB
[runlim] sample:		1607.87 time, 1610.22 real, 3319 MB
[runlim] sample:		1617.88 time, 1620.22 real, 3324 MB
[runlim] sample:		1627.87 time, 1630.22 real, 3329 MB
[runlim] sample:		1637.87 time, 1640.22 real, 3335 MB
[runlim] sample:		1647.87 time, 1650.22 real, 3367 MB
[runlim] sample:		1657.87 time, 1660.22 real, 3370 MB
[runlim] sample:		1667.88 time, 1670.22 real, 3324 MB
[runlim] sample:		1677.87 time, 1680.22 real, 3369 MB
[runlim] sample:		1687.87 time, 1690.22 real, 3379 MB
[runlim] sample:		1697.87 time, 1700.22 real, 3384 MB
[runlim] sample:		1707.87 time, 1710.22 real, 3391 MB
[runlim] sample:		1717.87 time, 1720.22 real, 3428 MB
[runlim] sample:		1727.87 time, 1730.22 real, 3430 MB
[runlim] sample:		1737.87 time, 1740.22 real, 3431 MB
[runlim] sample:		1747.87 time, 1750.22 real, 3432 MB
[runlim] sample:		1757.87 time, 1760.22 real, 3435 MB
[runlim] sample:		1767.87 time, 1770.22 real, 3436 MB
[runlim] sample:		1777.87 time, 1780.22 real, 3437 MB
[runlim] sample:		1787.87 time, 1790.22 real, 3440 MB
[runlim] sample:		1797.87 time, 1800.22 real, 3442 MB
[runlim] sample:		1807.87 time, 1810.22 real, 3447 MB
[runlim] sample:		1817.87 time, 1820.22 real, 3448 MB
[runlim] sample:		1827.86 time, 1830.22 real, 3451 MB
[runlim] sample:		1837.87 time, 1840.22 real, 3453 MB
[runlim] sample:		1847.87 time, 1850.22 real, 3458 MB
[runlim] end:			Sat Feb 29 07:51:07 2020
[runlim] status:		ok
[runlim] result:		0
[runlim] children:		1
[runlim] real:			1852.58 seconds
[runlim] time:			1850.16 seconds
[runlim] space:			3458 MB
[runlim] samples:		18523
