[runlim] version:		1.18
[runlim] host:			c3n21
[runlim] time limit:		2700 seconds
[runlim] real time limit:	2700 seconds
[runlim] space limit:		7000 MB
[runlim] argv[0]:		./binary
[runlim] argv[1]:		/data/cnf/ankit/E1-A1-instances/C880.blif_0.10_0.20_0_0_inp_exact.qdimacs
[runlim] start:			Sat Feb 29 07:20:17 2020
[runlim] child:			23206
[runlim] sample:		10.00 time, 10.02 real, 29 MB
[runlim] sample:		20.00 time, 20.02 real, 35 MB
[runlim] sample:		30.00 time, 30.02 real, 39 MB
[runlim] sample:		40.00 time, 40.02 real, 47 MB
[runlim] sample:		50.00 time, 50.02 real, 52 MB
[runlim] sample:		60.00 time, 60.02 real, 57 MB
[runlim] sample:		70.00 time, 70.02 real, 64 MB
[runlim] sample:		80.00 time, 80.02 real, 69 MB
[runlim] sample:		90.00 time, 90.02 real, 75 MB
[runlim] sample:		100.00 time, 100.02 real, 82 MB
[runlim] sample:		110.00 time, 110.02 real, 87 MB
[runlim] sample:		120.00 time, 120.02 real, 92 MB
[runlim] sample:		130.00 time, 130.02 real, 96 MB
[runlim] sample:		140.00 time, 140.02 real, 102 MB
[runlim] sample:		150.00 time, 150.02 real, 107 MB
[runlim] sample:		160.00 time, 160.02 real, 111 MB
[runlim] sample:		170.00 time, 170.02 real, 116 MB
[runlim] sample:		180.00 time, 180.02 real, 120 MB
[runlim] sample:		190.00 time, 190.02 real, 124 MB
[runlim] sample:		200.00 time, 200.02 real, 127 MB
[runlim] sample:		210.00 time, 210.02 real, 132 MB
[runlim] sample:		220.00 time, 220.02 real, 137 MB
[runlim] sample:		230.00 time, 230.02 real, 141 MB
[runlim] sample:		240.00 time, 240.02 real, 145 MB
[runlim] sample:		250.00 time, 250.02 real, 152 MB
[runlim] sample:		260.00 time, 260.02 real, 156 MB
[runlim] sample:		270.00 time, 270.02 real, 161 MB
[runlim] sample:		280.00 time, 280.02 real, 166 MB
[runlim] sample:		289.99 time, 290.02 real, 170 MB
[runlim] sample:		300.00 time, 300.02 real, 172 MB
[runlim] sample:		310.00 time, 310.02 real, 177 MB
[runlim] sample:		320.00 time, 320.02 real, 181 MB
[runlim] sample:		330.00 time, 330.02 real, 184 MB
[runlim] sample:		340.00 time, 340.02 real, 190 MB
[runlim] sample:		350.00 time, 350.02 real, 194 MB
[runlim] sample:		360.00 time, 360.02 real, 198 MB
[runlim] sample:		370.00 time, 370.02 real, 202 MB
[runlim] sample:		380.00 time, 380.02 real, 208 MB
[runlim] sample:		389.99 time, 390.02 real, 212 MB
[runlim] sample:		400.00 time, 400.02 real, 217 MB
[runlim] sample:		409.99 time, 410.02 real, 226 MB
[runlim] sample:		419.99 time, 420.02 real, 231 MB
[runlim] sample:		429.99 time, 430.02 real, 234 MB
[runlim] sample:		440.00 time, 440.02 real, 238 MB
[runlim] sample:		450.00 time, 450.02 real, 244 MB
[runlim] sample:		460.00 time, 460.02 real, 248 MB
[runlim] sample:		470.00 time, 470.02 real, 252 MB
[runlim] sample:		480.00 time, 480.02 real, 256 MB
[runlim] sample:		490.00 time, 490.02 real, 260 MB
[runlim] sample:		500.00 time, 500.02 real, 263 MB
[runlim] sample:		510.00 time, 510.02 real, 265 MB
[runlim] sample:		519.99 time, 520.02 real, 275 MB
[runlim] sample:		530.00 time, 530.02 real, 344 MB
[runlim] sample:		539.99 time, 540.02 real, 377 MB
[runlim] sample:		550.00 time, 550.02 real, 390 MB
[runlim] sample:		560.00 time, 560.02 real, 397 MB
[runlim] sample:		569.99 time, 570.02 real, 413 MB
[runlim] sample:		579.99 time, 580.02 real, 419 MB
[runlim] sample:		590.00 time, 590.02 real, 423 MB
[runlim] sample:		600.00 time, 600.02 real, 429 MB
[runlim] sample:		610.00 time, 610.02 real, 436 MB
[runlim] sample:		620.00 time, 620.02 real, 439 MB
[runlim] sample:		629.99 time, 630.02 real, 443 MB
[runlim] sample:		640.00 time, 640.02 real, 446 MB
[runlim] sample:		650.00 time, 650.02 real, 450 MB
[runlim] sample:		659.99 time, 660.02 real, 454 MB
[runlim] sample:		670.00 time, 670.02 real, 457 MB
[runlim] sample:		680.00 time, 680.02 real, 461 MB
[runlim] sample:		689.99 time, 690.02 real, 465 MB
[runlim] sample:		700.00 time, 700.02 real, 469 MB
[runlim] sample:		709.99 time, 710.02 real, 473 MB
[runlim] sample:		719.99 time, 720.02 real, 476 MB
[runlim] sample:		730.00 time, 730.02 real, 479 MB
[runlim] sample:		740.00 time, 740.02 real, 484 MB
[runlim] sample:		750.00 time, 750.02 real, 487 MB
[runlim] sample:		760.00 time, 760.02 real, 493 MB
[runlim] sample:		769.99 time, 770.02 real, 496 MB
[runlim] sample:		780.00 time, 780.02 real, 500 MB
[runlim] sample:		790.00 time, 790.02 real, 503 MB
[runlim] sample:		800.00 time, 800.02 real, 506 MB
[runlim] sample:		810.00 time, 810.02 real, 513 MB
[runlim] sample:		819.99 time, 820.02 real, 518 MB
[runlim] sample:		829.99 time, 830.02 real, 523 MB
[runlim] sample:		839.99 time, 840.02 real, 529 MB
[runlim] sample:		849.99 time, 850.02 real, 532 MB
[runlim] sample:		859.99 time, 860.02 real, 535 MB
[runlim] sample:		869.99 time, 870.02 real, 538 MB
[runlim] sample:		879.99 time, 880.02 real, 542 MB
[runlim] sample:		890.00 time, 890.02 real, 545 MB
[runlim] sample:		899.99 time, 900.02 real, 549 MB
[runlim] sample:		909.99 time, 910.02 real, 554 MB
[runlim] sample:		919.99 time, 920.02 real, 557 MB
[runlim] sample:		930.00 time, 930.02 real, 559 MB
[runlim] sample:		939.99 time, 940.02 real, 563 MB
[runlim] sample:		950.00 time, 950.02 real, 566 MB
[runlim] sample:		960.00 time, 960.02 real, 569 MB
[runlim] sample:		969.99 time, 970.02 real, 572 MB
[runlim] sample:		979.99 time, 980.02 real, 580 MB
[runlim] sample:		990.00 time, 990.02 real, 585 MB
[runlim] sample:		999.99 time, 1000.02 real, 590 MB
[runlim] sample:		1009.99 time, 1010.02 real, 594 MB
[runlim] sample:		1019.99 time, 1020.02 real, 596 MB
[runlim] sample:		1029.99 time, 1030.02 real, 599 MB
[runlim] sample:		1039.99 time, 1040.02 real, 602 MB
[runlim] sample:		1049.99 time, 1050.02 real, 605 MB
[runlim] sample:		1059.99 time, 1060.02 real, 608 MB
[runlim] sample:		1070.00 time, 1070.02 real, 611 MB
[runlim] sample:		1079.99 time, 1080.02 real, 614 MB
[runlim] sample:		1089.99 time, 1090.02 real, 619 MB
[runlim] sample:		1099.99 time, 1100.02 real, 622 MB
[runlim] sample:		1109.99 time, 1110.02 real, 626 MB
[runlim] sample:		1119.99 time, 1120.02 real, 629 MB
[runlim] sample:		1129.99 time, 1130.02 real, 632 MB
[runlim] sample:		1139.99 time, 1140.02 real, 636 MB
[runlim] sample:		1149.99 time, 1150.02 real, 639 MB
[runlim] sample:		1159.99 time, 1160.02 real, 643 MB
[runlim] sample:		1169.99 time, 1170.02 real, 648 MB
[runlim] sample:		1179.99 time, 1180.02 real, 652 MB
[runlim] sample:		1189.99 time, 1190.02 real, 655 MB
[runlim] sample:		1199.99 time, 1200.02 real, 658 MB
[runlim] sample:		1209.99 time, 1210.02 real, 667 MB
[runlim] sample:		1219.99 time, 1220.02 real, 671 MB
[runlim] sample:		1229.99 time, 1230.02 real, 673 MB
[runlim] sample:		1239.99 time, 1240.02 real, 677 MB
[runlim] sample:		1250.00 time, 1250.02 real, 679 MB
[runlim] sample:		1259.99 time, 1260.02 real, 682 MB
[runlim] sample:		1269.99 time, 1270.02 real, 685 MB
[runlim] sample:		1279.99 time, 1280.02 real, 691 MB
[runlim] sample:		1289.99 time, 1290.02 real, 695 MB
[runlim] sample:		1299.99 time, 1300.02 real, 698 MB
[runlim] sample:		1310.00 time, 1310.02 real, 701 MB
[runlim] sample:		1319.99 time, 1320.02 real, 705 MB
[runlim] sample:		1329.99 time, 1330.02 real, 708 MB
[runlim] sample:		1339.99 time, 1340.02 real, 711 MB
[runlim] sample:		1349.99 time, 1350.02 real, 714 MB
[runlim] sample:		1359.99 time, 1360.02 real, 717 MB
[runlim] sample:		1369.99 time, 1370.02 real, 720 MB
[runlim] sample:		1379.99 time, 1380.02 real, 723 MB
[runlim] sample:		1389.99 time, 1390.02 real, 726 MB
[runlim] sample:		1399.99 time, 1400.02 real, 730 MB
[runlim] sample:		1409.99 time, 1410.02 real, 734 MB
[runlim] sample:		1419.99 time, 1420.02 real, 737 MB
[runlim] sample:		1429.99 time, 1430.02 real, 740 MB
[runlim] sample:		1439.99 time, 1440.02 real, 744 MB
[runlim] sample:		1449.99 time, 1450.02 real, 748 MB
[runlim] sample:		1459.99 time, 1460.02 real, 753 MB
[runlim] sample:		1469.99 time, 1470.02 real, 756 MB
[runlim] sample:		1479.99 time, 1480.02 real, 760 MB
[runlim] sample:		1489.99 time, 1490.02 real, 763 MB
[runlim] sample:		1499.99 time, 1500.02 real, 770 MB
[runlim] sample:		1509.99 time, 1510.02 real, 774 MB
[runlim] sample:		1519.99 time, 1520.02 real, 777 MB
[runlim] sample:		1529.99 time, 1530.02 real, 780 MB
[runlim] sample:		1539.99 time, 1540.02 real, 782 MB
[runlim] sample:		1549.99 time, 1550.02 real, 786 MB
[runlim] sample:		1559.99 time, 1560.02 real, 789 MB
[runlim] sample:		1569.99 time, 1570.02 real, 791 MB
[runlim] sample:		1579.99 time, 1580.02 real, 796 MB
[runlim] sample:		1589.99 time, 1590.02 real, 800 MB
[runlim] sample:		1599.99 time, 1600.02 real, 804 MB
[runlim] sample:		1609.99 time, 1610.02 real, 807 MB
[runlim] sample:		1619.99 time, 1620.02 real, 810 MB
[runlim] sample:		1629.99 time, 1630.02 real, 813 MB
[runlim] sample:		1639.99 time, 1640.02 real, 816 MB
[runlim] sample:		1649.99 time, 1650.02 real, 819 MB
[runlim] sample:		1659.98 time, 1660.02 real, 821 MB
[runlim] sample:		1669.99 time, 1670.02 real, 824 MB
[runlim] sample:		1679.99 time, 1680.02 real, 827 MB
[runlim] sample:		1689.99 time, 1690.02 real, 830 MB
[runlim] sample:		1699.98 time, 1700.02 real, 834 MB
[runlim] sample:		1709.99 time, 1710.02 real, 838 MB
[runlim] sample:		1719.99 time, 1720.02 real, 841 MB
[runlim] sample:		1729.99 time, 1730.02 real, 844 MB
[runlim] sample:		1739.99 time, 1740.02 real, 847 MB
[runlim] sample:		1749.99 time, 1750.02 real, 850 MB
[runlim] sample:		1759.99 time, 1760.02 real, 853 MB
[runlim] sample:		1769.99 time, 1770.02 real, 856 MB
[runlim] sample:		1779.99 time, 1780.02 real, 859 MB
[runlim] sample:		1789.99 time, 1790.02 real, 861 MB
[runlim] sample:		1799.99 time, 1800.02 real, 864 MB
[runlim] sample:		1809.99 time, 1810.02 real, 870 MB
[runlim] sample:		1819.98 time, 1820.02 real, 876 MB
[runlim] sample:		1829.99 time, 1830.02 real, 878 MB
[runlim] sample:		1839.99 time, 1840.02 real, 891 MB
[runlim] sample:		1849.99 time, 1850.02 real, 894 MB
[runlim] sample:		1859.99 time, 1860.02 real, 897 MB
[runlim] sample:		1869.99 time, 1870.02 real, 901 MB
[runlim] sample:		1879.99 time, 1880.02 real, 904 MB
[runlim] sample:		1889.99 time, 1890.02 real, 907 MB
[runlim] sample:		1899.99 time, 1900.02 real, 910 MB
[runlim] sample:		1909.98 time, 1910.02 real, 914 MB
[runlim] sample:		1919.99 time, 1920.02 real, 917 MB
[runlim] sample:		1929.99 time, 1930.02 real, 920 MB
[runlim] sample:		1939.99 time, 1940.02 real, 928 MB
[runlim] sample:		1949.99 time, 1950.02 real, 937 MB
[runlim] sample:		1959.98 time, 1960.02 real, 941 MB
[runlim] sample:		1969.99 time, 1970.02 real, 963 MB
[runlim] sample:		1979.98 time, 1980.02 real, 965 MB
[runlim] sample:		1989.98 time, 1990.02 real, 971 MB
[runlim] sample:		1999.99 time, 2000.02 real, 968 MB
[runlim] sample:		2009.98 time, 2010.02 real, 972 MB
[runlim] sample:		2019.99 time, 2020.02 real, 980 MB
[runlim] sample:		2029.98 time, 2030.02 real, 983 MB
[runlim] sample:		2039.99 time, 2040.02 real, 987 MB
[runlim] sample:		2049.99 time, 2050.02 real, 991 MB
[runlim] sample:		2059.98 time, 2060.02 real, 993 MB
[runlim] sample:		2069.98 time, 2070.02 real, 996 MB
[runlim] sample:		2079.99 time, 2080.02 real, 999 MB
[runlim] sample:		2089.99 time, 2090.02 real, 1002 MB
[runlim] sample:		2099.98 time, 2100.02 real, 1005 MB
[runlim] sample:		2109.99 time, 2110.02 real, 1008 MB
[runlim] sample:		2119.99 time, 2120.02 real, 1012 MB
[runlim] sample:		2129.98 time, 2130.02 real, 1024 MB
[runlim] sample:		2139.99 time, 2140.02 real, 1027 MB
[runlim] sample:		2149.99 time, 2150.02 real, 1030 MB
[runlim] sample:		2159.98 time, 2160.02 real, 1036 MB
[runlim] sample:		2169.98 time, 2170.02 real, 1039 MB
[runlim] sample:		2179.98 time, 2180.02 real, 1042 MB
[runlim] sample:		2189.99 time, 2190.02 real, 1045 MB
[runlim] sample:		2199.99 time, 2200.02 real, 1048 MB
[runlim] sample:		2209.98 time, 2210.02 real, 1051 MB
[runlim] sample:		2219.98 time, 2220.02 real, 1054 MB
[runlim] sample:		2229.99 time, 2230.02 real, 1058 MB
[runlim] sample:		2239.99 time, 2240.02 real, 1061 MB
[runlim] sample:		2249.98 time, 2250.02 real, 1064 MB
[runlim] sample:		2259.98 time, 2260.02 real, 1067 MB
[runlim] sample:		2269.98 time, 2270.02 real, 1070 MB
[runlim] sample:		2279.98 time, 2280.02 real, 1073 MB
[runlim] sample:		2289.98 time, 2290.02 real, 1077 MB
[runlim] sample:		2299.99 time, 2300.02 real, 1080 MB
[runlim] sample:		2309.98 time, 2310.02 real, 1083 MB
[runlim] sample:		2319.98 time, 2320.02 real, 1086 MB
[runlim] sample:		2329.98 time, 2330.02 real, 1089 MB
[runlim] sample:		2339.99 time, 2340.02 real, 1093 MB
[runlim] sample:		2349.98 time, 2350.02 real, 1096 MB
[runlim] sample:		2359.98 time, 2360.02 real, 1098 MB
[runlim] sample:		2369.98 time, 2370.02 real, 1102 MB
[runlim] sample:		2379.98 time, 2380.02 real, 1105 MB
[runlim] sample:		2389.98 time, 2390.02 real, 1108 MB
[runlim] sample:		2399.98 time, 2400.02 real, 1101 MB
[runlim] sample:		2409.99 time, 2410.02 real, 1104 MB
[runlim] sample:		2419.98 time, 2420.01 real, 1107 MB
[runlim] sample:		2429.98 time, 2430.02 real, 1111 MB
[runlim] sample:		2439.98 time, 2440.02 real, 1114 MB
[runlim] sample:		2449.98 time, 2450.02 real, 1118 MB
[runlim] sample:		2459.98 time, 2460.02 real, 1121 MB
[runlim] sample:		2469.98 time, 2470.02 real, 1124 MB
[runlim] sample:		2479.98 time, 2480.02 real, 1128 MB
[runlim] sample:		2489.98 time, 2490.02 real, 1131 MB
[runlim] sample:		2499.98 time, 2500.02 real, 1137 MB
[runlim] sample:		2509.98 time, 2510.01 real, 1141 MB
[runlim] sample:		2519.98 time, 2520.01 real, 1145 MB
[runlim] sample:		2529.98 time, 2530.01 real, 1150 MB
[runlim] sample:		2539.98 time, 2540.02 real, 1153 MB
[runlim] sample:		2549.98 time, 2550.02 real, 1156 MB
[runlim] sample:		2559.98 time, 2560.02 real, 1159 MB
[runlim] sample:		2569.98 time, 2570.02 real, 1162 MB
[runlim] sample:		2579.98 time, 2580.01 real, 1165 MB
[runlim] sample:		2589.98 time, 2590.01 real, 1168 MB
[runlim] sample:		2599.98 time, 2600.02 real, 1172 MB
[runlim] sample:		2609.98 time, 2610.02 real, 1175 MB
[runlim] sample:		2619.98 time, 2620.01 real, 1179 MB
[runlim] sample:		2629.98 time, 2630.02 real, 1187 MB
[runlim] sample:		2639.98 time, 2640.01 real, 1192 MB
[runlim] sample:		2649.98 time, 2650.02 real, 1198 MB
[runlim] sample:		2659.98 time, 2660.02 real, 1204 MB
[runlim] sample:		2669.98 time, 2670.01 real, 1209 MB
[runlim] sample:		2679.98 time, 2680.01 real, 1217 MB
[runlim] sample:		2689.98 time, 2690.02 real, 1221 MB
[runlim] sample:		2699.98 time, 2700.02 real, 1225 MB
[runlim] end:			Sat Feb 29 08:05:17 2020
[runlim] status:		out of time
[runlim] result:		2
[runlim] children:		1
[runlim] real:			2700.12 seconds
[runlim] time:			2699.98 seconds
[runlim] space:			1225 MB
[runlim] samples:		27000
