[runlim] version:		1.18
[runlim] host:			c3n24
[runlim] time limit:		2700 seconds
[runlim] real time limit:	2700 seconds
[runlim] space limit:		7000 MB
[runlim] argv[0]:		./binary
[runlim] argv[1]:		/data/cnf/ankit/E1-A1-instances/ceiling256.qdimacs
[runlim] start:			Sat Feb 29 07:20:14 2020
[runlim] child:			18351
[runlim] sample:		9.95 time, 10.22 real, 56 MB
[runlim] sample:		19.94 time, 20.22 real, 89 MB
[runlim] sample:		29.94 time, 30.22 real, 120 MB
[runlim] sample:		39.94 time, 40.22 real, 151 MB
[runlim] sample:		49.94 time, 50.22 real, 180 MB
[runlim] sample:		59.94 time, 60.22 real, 210 MB
[runlim] sample:		69.94 time, 70.22 real, 238 MB
[runlim] sample:		79.95 time, 80.22 real, 266 MB
[runlim] sample:		89.94 time, 90.22 real, 294 MB
[runlim] sample:		99.94 time, 100.22 real, 322 MB
[runlim] sample:		109.95 time, 110.22 real, 351 MB
[runlim] sample:		119.94 time, 120.22 real, 379 MB
[runlim] sample:		129.94 time, 130.22 real, 327 MB
[runlim] sample:		139.94 time, 140.22 real, 354 MB
[runlim] sample:		149.95 time, 150.22 real, 381 MB
[runlim] sample:		159.94 time, 160.22 real, 408 MB
[runlim] sample:		169.94 time, 170.22 real, 436 MB
[runlim] sample:		179.95 time, 180.22 real, 462 MB
[runlim] sample:		189.95 time, 190.22 real, 489 MB
[runlim] sample:		199.95 time, 200.22 real, 516 MB
[runlim] sample:		209.94 time, 210.22 real, 543 MB
[runlim] sample:		219.94 time, 220.22 real, 568 MB
[runlim] sample:		229.94 time, 230.22 real, 595 MB
[runlim] sample:		239.94 time, 240.22 real, 621 MB
[runlim] sample:		249.94 time, 250.22 real, 647 MB
[runlim] sample:		259.94 time, 260.22 real, 673 MB
[runlim] sample:		269.94 time, 270.22 real, 698 MB
[runlim] sample:		279.94 time, 280.22 real, 725 MB
[runlim] sample:		289.94 time, 290.22 real, 750 MB
[runlim] sample:		299.94 time, 300.22 real, 776 MB
[runlim] sample:		309.94 time, 310.22 real, 802 MB
[runlim] sample:		319.94 time, 320.22 real, 828 MB
[runlim] sample:		329.94 time, 330.22 real, 855 MB
[runlim] sample:		339.94 time, 340.22 real, 880 MB
[runlim] sample:		349.94 time, 350.22 real, 724 MB
[runlim] sample:		359.94 time, 360.22 real, 750 MB
[runlim] sample:		369.94 time, 370.22 real, 776 MB
[runlim] sample:		379.94 time, 380.22 real, 800 MB
[runlim] sample:		389.94 time, 390.22 real, 825 MB
[runlim] sample:		399.94 time, 400.22 real, 850 MB
[runlim] sample:		409.94 time, 410.22 real, 874 MB
[runlim] sample:		419.94 time, 420.22 real, 899 MB
[runlim] sample:		429.94 time, 430.22 real, 924 MB
[runlim] sample:		439.94 time, 440.22 real, 949 MB
[runlim] sample:		449.94 time, 450.22 real, 974 MB
[runlim] sample:		459.94 time, 460.22 real, 1000 MB
[runlim] sample:		469.94 time, 470.22 real, 1024 MB
[runlim] sample:		479.94 time, 480.22 real, 1050 MB
[runlim] sample:		489.93 time, 490.22 real, 1076 MB
[runlim] sample:		499.94 time, 500.22 real, 1101 MB
[runlim] sample:		509.94 time, 510.22 real, 1125 MB
[runlim] sample:		519.94 time, 520.22 real, 1149 MB
[runlim] sample:		529.93 time, 530.22 real, 1174 MB
[runlim] sample:		539.94 time, 540.22 real, 1199 MB
[runlim] sample:		549.94 time, 550.22 real, 1224 MB
[runlim] sample:		559.94 time, 560.22 real, 1248 MB
[runlim] sample:		569.93 time, 570.22 real, 1273 MB
[runlim] sample:		579.94 time, 580.22 real, 1297 MB
[runlim] sample:		589.94 time, 590.22 real, 1321 MB
[runlim] sample:		599.94 time, 600.22 real, 1345 MB
[runlim] sample:		609.94 time, 610.22 real, 1370 MB
[runlim] sample:		619.94 time, 620.22 real, 1395 MB
[runlim] sample:		629.94 time, 630.22 real, 1419 MB
[runlim] sample:		639.94 time, 640.22 real, 1444 MB
[runlim] sample:		649.94 time, 650.22 real, 1469 MB
[runlim] sample:		659.94 time, 660.22 real, 1493 MB
[runlim] sample:		669.93 time, 670.22 real, 1519 MB
[runlim] sample:		679.94 time, 680.22 real, 1543 MB
[runlim] sample:		689.94 time, 690.22 real, 1566 MB
[runlim] sample:		699.94 time, 700.22 real, 1590 MB
[runlim] sample:		709.94 time, 710.22 real, 1615 MB
[runlim] sample:		719.93 time, 720.22 real, 1638 MB
[runlim] sample:		729.94 time, 730.22 real, 1661 MB
[runlim] sample:		739.94 time, 740.22 real, 1687 MB
[runlim] sample:		749.93 time, 750.22 real, 1711 MB
[runlim] sample:		759.93 time, 760.22 real, 1734 MB
[runlim] sample:		769.93 time, 770.22 real, 1758 MB
[runlim] sample:		779.93 time, 780.22 real, 1783 MB
[runlim] sample:		789.93 time, 790.22 real, 1807 MB
[runlim] sample:		799.94 time, 800.22 real, 1832 MB
[runlim] sample:		809.94 time, 810.22 real, 1855 MB
[runlim] sample:		819.93 time, 820.22 real, 1879 MB
[runlim] sample:		829.94 time, 830.22 real, 1903 MB
[runlim] sample:		839.94 time, 840.22 real, 1928 MB
[runlim] sample:		849.94 time, 850.22 real, 1951 MB
[runlim] sample:		859.94 time, 860.22 real, 1976 MB
[runlim] sample:		869.93 time, 870.22 real, 2002 MB
[runlim] sample:		879.94 time, 880.22 real, 1624 MB
[runlim] sample:		889.94 time, 890.22 real, 1649 MB
[runlim] sample:		899.94 time, 900.22 real, 1673 MB
[runlim] sample:		909.93 time, 910.22 real, 1699 MB
[runlim] sample:		919.94 time, 920.22 real, 1724 MB
[runlim] sample:		929.94 time, 930.22 real, 1750 MB
[runlim] sample:		939.94 time, 940.22 real, 1774 MB
[runlim] sample:		949.93 time, 950.22 real, 1800 MB
[runlim] sample:		959.93 time, 960.22 real, 1827 MB
[runlim] sample:		969.94 time, 970.22 real, 1853 MB
[runlim] sample:		979.94 time, 980.22 real, 1881 MB
[runlim] sample:		989.94 time, 990.22 real, 1908 MB
[runlim] sample:		999.94 time, 1000.22 real, 1936 MB
[runlim] sample:		1009.94 time, 1010.22 real, 1962 MB
[runlim] sample:		1019.94 time, 1020.22 real, 1989 MB
[runlim] sample:		1029.94 time, 1030.22 real, 2016 MB
[runlim] sample:		1039.93 time, 1040.22 real, 2042 MB
[runlim] sample:		1049.93 time, 1050.22 real, 2068 MB
[runlim] sample:		1059.94 time, 1060.22 real, 2091 MB
[runlim] sample:		1069.93 time, 1070.22 real, 2116 MB
[runlim] sample:		1079.93 time, 1080.22 real, 2139 MB
[runlim] sample:		1089.94 time, 1090.22 real, 2163 MB
[runlim] sample:		1099.94 time, 1100.22 real, 2189 MB
[runlim] sample:		1109.94 time, 1110.22 real, 2214 MB
[runlim] sample:		1119.94 time, 1120.22 real, 2238 MB
[runlim] sample:		1129.94 time, 1130.22 real, 2263 MB
[runlim] sample:		1139.93 time, 1140.22 real, 2289 MB
[runlim] sample:		1149.94 time, 1150.22 real, 2314 MB
[runlim] sample:		1159.93 time, 1160.22 real, 2338 MB
[runlim] sample:		1169.94 time, 1170.22 real, 2363 MB
[runlim] sample:		1179.93 time, 1180.22 real, 2386 MB
[runlim] sample:		1189.93 time, 1190.22 real, 2412 MB
[runlim] sample:		1199.93 time, 1200.22 real, 2434 MB
[runlim] sample:		1209.94 time, 1210.22 real, 2457 MB
[runlim] sample:		1219.93 time, 1220.22 real, 2479 MB
[runlim] sample:		1229.94 time, 1230.22 real, 2504 MB
[runlim] sample:		1239.93 time, 1240.22 real, 2529 MB
[runlim] sample:		1249.93 time, 1250.22 real, 2553 MB
[runlim] sample:		1259.93 time, 1260.22 real, 2577 MB
[runlim] sample:		1269.94 time, 1270.22 real, 2600 MB
[runlim] sample:		1279.94 time, 1280.22 real, 2623 MB
[runlim] sample:		1289.94 time, 1290.22 real, 2645 MB
[runlim] sample:		1299.94 time, 1300.22 real, 2669 MB
[runlim] sample:		1309.93 time, 1310.22 real, 2693 MB
[runlim] sample:		1319.93 time, 1320.22 real, 2717 MB
[runlim] sample:		1329.93 time, 1330.22 real, 2740 MB
[runlim] sample:		1339.93 time, 1340.22 real, 2766 MB
[runlim] sample:		1349.93 time, 1350.22 real, 2790 MB
[runlim] sample:		1359.93 time, 1360.22 real, 2817 MB
[runlim] sample:		1369.93 time, 1370.22 real, 2842 MB
[runlim] sample:		1379.93 time, 1380.22 real, 2867 MB
[runlim] sample:		1389.93 time, 1390.22 real, 2892 MB
[runlim] sample:		1399.94 time, 1400.22 real, 2917 MB
[runlim] sample:		1409.93 time, 1410.22 real, 2937 MB
[runlim] sample:		1419.93 time, 1420.22 real, 2961 MB
[runlim] sample:		1429.93 time, 1430.22 real, 2982 MB
[runlim] sample:		1439.94 time, 1440.22 real, 3003 MB
[runlim] sample:		1449.94 time, 1450.22 real, 3027 MB
[runlim] sample:		1459.93 time, 1460.22 real, 3052 MB
[runlim] sample:		1469.93 time, 1470.22 real, 3078 MB
[runlim] sample:		1479.93 time, 1480.22 real, 3101 MB
[runlim] sample:		1489.93 time, 1490.22 real, 3123 MB
[runlim] sample:		1499.93 time, 1500.22 real, 3147 MB
[runlim] sample:		1509.94 time, 1510.22 real, 3169 MB
[runlim] sample:		1519.93 time, 1520.22 real, 3194 MB
[runlim] sample:		1529.93 time, 1530.22 real, 3217 MB
[runlim] sample:		1539.93 time, 1540.22 real, 3238 MB
[runlim] sample:		1549.93 time, 1550.22 real, 3260 MB
[runlim] sample:		1559.93 time, 1560.22 real, 3283 MB
[runlim] sample:		1569.93 time, 1570.22 real, 3305 MB
[runlim] sample:		1579.93 time, 1580.22 real, 3327 MB
[runlim] sample:		1589.93 time, 1590.22 real, 3349 MB
[runlim] sample:		1599.93 time, 1600.22 real, 3374 MB
[runlim] sample:		1609.93 time, 1610.22 real, 3399 MB
[runlim] sample:		1619.94 time, 1620.22 real, 3424 MB
[runlim] sample:		1629.93 time, 1630.22 real, 3450 MB
[runlim] sample:		1639.94 time, 1640.22 real, 3476 MB
[runlim] sample:		1649.93 time, 1650.22 real, 3503 MB
[runlim] sample:		1659.93 time, 1660.22 real, 3528 MB
[runlim] sample:		1669.93 time, 1670.22 real, 3554 MB
[runlim] sample:		1679.93 time, 1680.22 real, 3579 MB
[runlim] sample:		1689.94 time, 1690.22 real, 3605 MB
[runlim] sample:		1699.93 time, 1700.22 real, 3631 MB
[runlim] sample:		1709.93 time, 1710.22 real, 3656 MB
[runlim] sample:		1719.93 time, 1720.22 real, 3681 MB
[runlim] sample:		1729.93 time, 1730.22 real, 3709 MB
[runlim] sample:		1739.93 time, 1740.22 real, 3734 MB
[runlim] sample:		1749.93 time, 1750.22 real, 3761 MB
[runlim] sample:		1759.93 time, 1760.22 real, 3787 MB
[runlim] sample:		1769.93 time, 1770.22 real, 3813 MB
[runlim] sample:		1779.93 time, 1780.22 real, 3836 MB
[runlim] sample:		1789.94 time, 1790.22 real, 3863 MB
[runlim] sample:		1799.93 time, 1800.22 real, 3889 MB
[runlim] sample:		1809.94 time, 1810.22 real, 3911 MB
[runlim] sample:		1819.94 time, 1820.22 real, 3936 MB
[runlim] sample:		1829.93 time, 1830.22 real, 3963 MB
[runlim] sample:		1839.93 time, 1840.22 real, 3991 MB
[runlim] sample:		1849.93 time, 1850.22 real, 4015 MB
[runlim] sample:		1859.94 time, 1860.22 real, 4041 MB
[runlim] sample:		1869.93 time, 1870.22 real, 4068 MB
[runlim] sample:		1879.93 time, 1880.22 real, 4092 MB
[runlim] sample:		1889.94 time, 1890.22 real, 4117 MB
[runlim] sample:		1899.93 time, 1900.22 real, 4142 MB
[runlim] sample:		1909.93 time, 1910.22 real, 4167 MB
[runlim] sample:		1919.93 time, 1920.22 real, 4193 MB
ERROR: memory manager can't handle the load size: 1073741303 needed: 580 newcapacity: 1073741823
ERROR: exception thrown past FFI boundary
[runlim] end:			Sat Feb 29 07:52:23 2020
[runlim] status:		ok
[runlim] result:		0
[runlim] children:		1
[runlim] real:			1928.82 seconds
[runlim] time:			1928.53 seconds
[runlim] space:			4214 MB
[runlim] samples:		19286
