[runlim] version:		1.18
[runlim] host:			c3n23
[runlim] time limit:		2700 seconds
[runlim] real time limit:	2700 seconds
[runlim] space limit:		7000 MB
[runlim] argv[0]:		./binary
[runlim] argv[1]:		/data/cnf/ankit/E1-A1-instances/ceiling32.qdimacs
[runlim] start:			Sat Feb 29 07:20:15 2020
[runlim] child:			16748
[runlim] sample:		8.89 time, 10.12 real, 33 MB
[runlim] sample:		18.90 time, 20.12 real, 60 MB
[runlim] sample:		28.90 time, 30.12 real, 66 MB
[runlim] sample:		38.89 time, 40.12 real, 83 MB
[runlim] sample:		48.89 time, 50.12 real, 100 MB
[runlim] sample:		58.89 time, 60.12 real, 112 MB
[runlim] sample:		68.90 time, 70.12 real, 129 MB
[runlim] sample:		78.89 time, 80.12 real, 142 MB
[runlim] sample:		88.89 time, 90.12 real, 161 MB
[runlim] sample:		98.90 time, 100.12 real, 173 MB
[runlim] sample:		108.89 time, 110.12 real, 183 MB
[runlim] sample:		118.89 time, 120.12 real, 194 MB
[runlim] sample:		128.90 time, 130.12 real, 207 MB
[runlim] sample:		138.89 time, 140.12 real, 217 MB
[runlim] sample:		148.89 time, 150.12 real, 227 MB
[runlim] sample:		158.89 time, 160.12 real, 233 MB
[runlim] sample:		168.89 time, 170.12 real, 238 MB
[runlim] sample:		178.89 time, 180.12 real, 202 MB
[runlim] sample:		188.89 time, 190.12 real, 215 MB
[runlim] sample:		198.89 time, 200.12 real, 224 MB
[runlim] sample:		208.89 time, 210.12 real, 232 MB
[runlim] sample:		218.89 time, 220.12 real, 240 MB
[runlim] sample:		228.89 time, 230.12 real, 247 MB
[runlim] sample:		238.89 time, 240.12 real, 260 MB
[runlim] sample:		248.89 time, 250.12 real, 267 MB
[runlim] sample:		258.89 time, 260.12 real, 273 MB
[runlim] sample:		268.89 time, 270.12 real, 279 MB
[runlim] sample:		278.89 time, 280.12 real, 285 MB
[runlim] sample:		288.89 time, 290.12 real, 288 MB
[runlim] sample:		298.89 time, 300.12 real, 293 MB
[runlim] sample:		308.89 time, 310.12 real, 301 MB
[runlim] sample:		318.89 time, 320.12 real, 306 MB
[runlim] sample:		328.89 time, 330.12 real, 313 MB
[runlim] sample:		338.89 time, 340.12 real, 318 MB
[runlim] sample:		348.89 time, 350.12 real, 321 MB
[runlim] sample:		358.88 time, 360.12 real, 326 MB
[runlim] sample:		368.89 time, 370.12 real, 328 MB
[runlim] sample:		378.89 time, 380.12 real, 332 MB
[runlim] sample:		388.89 time, 390.12 real, 336 MB
[runlim] sample:		398.89 time, 400.12 real, 340 MB
[runlim] sample:		408.89 time, 410.12 real, 344 MB
[runlim] sample:		418.89 time, 420.12 real, 349 MB
[runlim] sample:		428.89 time, 430.12 real, 355 MB
[runlim] sample:		438.88 time, 440.12 real, 358 MB
[runlim] sample:		448.89 time, 450.12 real, 362 MB
[runlim] sample:		458.89 time, 460.12 real, 368 MB
[runlim] sample:		468.89 time, 470.12 real, 373 MB
[runlim] sample:		478.88 time, 480.12 real, 378 MB
[runlim] sample:		488.89 time, 490.12 real, 384 MB
[runlim] sample:		498.88 time, 500.12 real, 390 MB
[runlim] sample:		508.88 time, 510.12 real, 396 MB
[runlim] sample:		518.89 time, 520.12 real, 401 MB
[runlim] sample:		528.88 time, 530.12 real, 407 MB
[runlim] sample:		538.88 time, 540.12 real, 413 MB
[runlim] sample:		548.89 time, 550.12 real, 420 MB
[runlim] sample:		558.89 time, 560.12 real, 427 MB
[runlim] sample:		568.89 time, 570.12 real, 431 MB
[runlim] sample:		578.88 time, 580.12 real, 436 MB
[runlim] sample:		588.88 time, 590.12 real, 442 MB
[runlim] sample:		598.89 time, 600.12 real, 449 MB
[runlim] sample:		608.88 time, 610.12 real, 456 MB
[runlim] sample:		618.88 time, 620.12 real, 460 MB
[runlim] sample:		628.88 time, 630.12 real, 465 MB
[runlim] sample:		638.88 time, 640.12 real, 472 MB
[runlim] sample:		648.88 time, 650.12 real, 480 MB
[runlim] sample:		658.88 time, 660.12 real, 486 MB
[runlim] sample:		668.89 time, 670.12 real, 489 MB
[runlim] sample:		678.89 time, 680.12 real, 494 MB
[runlim] sample:		688.88 time, 690.12 real, 500 MB
[runlim] sample:		698.88 time, 700.12 real, 503 MB
[runlim] sample:		708.88 time, 710.12 real, 507 MB
[runlim] sample:		718.89 time, 720.12 real, 511 MB
[runlim] sample:		728.88 time, 730.12 real, 515 MB
[runlim] sample:		738.88 time, 740.12 real, 519 MB
[runlim] sample:		748.89 time, 750.12 real, 523 MB
[runlim] sample:		758.88 time, 760.12 real, 527 MB
[runlim] sample:		768.88 time, 770.12 real, 530 MB
[runlim] sample:		778.88 time, 780.12 real, 534 MB
[runlim] sample:		788.88 time, 790.12 real, 540 MB
[runlim] sample:		798.89 time, 800.12 real, 545 MB
[runlim] sample:		808.89 time, 810.12 real, 548 MB
[runlim] sample:		818.88 time, 820.12 real, 551 MB
[runlim] sample:		828.88 time, 830.12 real, 554 MB
[runlim] sample:		838.88 time, 840.12 real, 557 MB
[runlim] sample:		848.88 time, 850.12 real, 563 MB
[runlim] sample:		858.88 time, 860.12 real, 569 MB
[runlim] sample:		868.88 time, 870.12 real, 572 MB
[runlim] sample:		878.88 time, 880.12 real, 576 MB
[runlim] sample:		888.88 time, 890.12 real, 579 MB
[runlim] sample:		898.88 time, 900.12 real, 581 MB
[runlim] sample:		908.88 time, 910.12 real, 585 MB
[runlim] sample:		918.88 time, 920.12 real, 587 MB
[runlim] sample:		928.88 time, 930.12 real, 590 MB
[runlim] sample:		938.88 time, 940.12 real, 592 MB
[runlim] sample:		948.88 time, 950.12 real, 594 MB
[runlim] sample:		958.88 time, 960.12 real, 596 MB
[runlim] sample:		968.88 time, 970.12 real, 599 MB
[runlim] sample:		978.88 time, 980.12 real, 605 MB
[runlim] sample:		988.88 time, 990.12 real, 609 MB
[runlim] sample:		998.88 time, 1000.12 real, 613 MB
[runlim] sample:		1008.88 time, 1010.12 real, 616 MB
[runlim] sample:		1018.88 time, 1020.12 real, 621 MB
[runlim] sample:		1028.88 time, 1030.12 real, 628 MB
[runlim] sample:		1038.87 time, 1040.12 real, 634 MB
[runlim] sample:		1048.88 time, 1050.12 real, 643 MB
[runlim] sample:		1058.88 time, 1060.12 real, 645 MB
[runlim] sample:		1068.87 time, 1070.12 real, 650 MB
[runlim] sample:		1078.88 time, 1080.12 real, 658 MB
[runlim] sample:		1088.88 time, 1090.12 real, 662 MB
[runlim] sample:		1098.88 time, 1100.12 real, 664 MB
[runlim] sample:		1108.88 time, 1110.12 real, 668 MB
[runlim] sample:		1118.88 time, 1120.12 real, 675 MB
[runlim] sample:		1128.88 time, 1130.12 real, 678 MB
[runlim] sample:		1138.88 time, 1140.12 real, 681 MB
[runlim] sample:		1148.88 time, 1150.12 real, 685 MB
[runlim] sample:		1158.87 time, 1160.12 real, 688 MB
[runlim] sample:		1168.88 time, 1170.12 real, 692 MB
[runlim] sample:		1178.88 time, 1180.12 real, 695 MB
[runlim] sample:		1188.88 time, 1190.12 real, 699 MB
[runlim] sample:		1198.88 time, 1200.12 real, 706 MB
[runlim] sample:		1208.87 time, 1210.12 real, 710 MB
[runlim] sample:		1218.87 time, 1220.12 real, 712 MB
[runlim] sample:		1228.88 time, 1230.12 real, 716 MB
[runlim] sample:		1238.88 time, 1240.12 real, 719 MB
[runlim] sample:		1248.88 time, 1250.12 real, 724 MB
[runlim] sample:		1258.88 time, 1260.12 real, 727 MB
[runlim] sample:		1268.87 time, 1270.12 real, 730 MB
[runlim] sample:		1278.87 time, 1280.12 real, 734 MB
[runlim] sample:		1288.87 time, 1290.12 real, 738 MB
[runlim] sample:		1298.88 time, 1300.12 real, 740 MB
[runlim] sample:		1308.87 time, 1310.12 real, 743 MB
[runlim] sample:		1318.87 time, 1320.12 real, 746 MB
[runlim] sample:		1328.87 time, 1330.12 real, 749 MB
[runlim] sample:		1338.87 time, 1340.12 real, 751 MB
[runlim] sample:		1348.88 time, 1350.12 real, 752 MB
[runlim] sample:		1358.87 time, 1360.12 real, 755 MB
[runlim] sample:		1368.87 time, 1370.12 real, 758 MB
[runlim] sample:		1378.88 time, 1380.12 real, 762 MB
[runlim] sample:		1388.87 time, 1390.12 real, 768 MB
[runlim] sample:		1398.87 time, 1400.12 real, 773 MB
[runlim] sample:		1408.87 time, 1410.12 real, 778 MB
[runlim] sample:		1418.87 time, 1420.12 real, 783 MB
[runlim] sample:		1428.88 time, 1430.12 real, 786 MB
[runlim] sample:		1438.87 time, 1440.12 real, 789 MB
[runlim] sample:		1448.88 time, 1450.12 real, 647 MB
[runlim] sample:		1458.87 time, 1460.12 real, 652 MB
[runlim] sample:		1468.87 time, 1470.12 real, 655 MB
[runlim] sample:		1478.87 time, 1480.12 real, 657 MB
[runlim] sample:		1488.87 time, 1490.12 real, 664 MB
[runlim] sample:		1498.87 time, 1500.12 real, 667 MB
[runlim] sample:		1508.87 time, 1510.12 real, 672 MB
[runlim] sample:		1518.87 time, 1520.12 real, 675 MB
[runlim] sample:		1528.87 time, 1530.12 real, 679 MB
[runlim] sample:		1538.87 time, 1540.12 real, 681 MB
[runlim] sample:		1548.87 time, 1550.12 real, 683 MB
[runlim] sample:		1558.87 time, 1560.12 real, 685 MB
[runlim] sample:		1568.88 time, 1570.12 real, 687 MB
[runlim] sample:		1578.88 time, 1580.12 real, 692 MB
[runlim] sample:		1588.88 time, 1590.12 real, 698 MB
[runlim] sample:		1598.87 time, 1600.12 real, 701 MB
[runlim] sample:		1608.87 time, 1610.12 real, 704 MB
[runlim] sample:		1618.87 time, 1620.12 real, 707 MB
[runlim] sample:		1628.87 time, 1630.12 real, 711 MB
[runlim] sample:		1638.87 time, 1640.12 real, 714 MB
[runlim] sample:		1648.87 time, 1650.12 real, 717 MB
[runlim] sample:		1658.87 time, 1660.12 real, 721 MB
[runlim] sample:		1668.87 time, 1670.12 real, 723 MB
[runlim] sample:		1678.87 time, 1680.12 real, 725 MB
[runlim] sample:		1688.87 time, 1690.12 real, 727 MB
[runlim] sample:		1698.87 time, 1700.12 real, 729 MB
[runlim] sample:		1708.87 time, 1710.12 real, 732 MB
[runlim] sample:		1718.87 time, 1720.12 real, 738 MB
[runlim] sample:		1728.87 time, 1730.12 real, 743 MB
[runlim] sample:		1738.87 time, 1740.12 real, 746 MB
[runlim] sample:		1748.87 time, 1750.12 real, 748 MB
[runlim] sample:		1758.87 time, 1760.12 real, 751 MB
[runlim] sample:		1768.87 time, 1770.12 real, 756 MB
[runlim] sample:		1778.86 time, 1780.12 real, 758 MB
[runlim] sample:		1788.87 time, 1790.12 real, 761 MB
[runlim] sample:		1798.86 time, 1800.12 real, 764 MB
[runlim] sample:		1808.87 time, 1810.12 real, 767 MB
[runlim] sample:		1818.87 time, 1820.12 real, 770 MB
[runlim] sample:		1828.87 time, 1830.12 real, 772 MB
[runlim] sample:		1838.87 time, 1840.12 real, 775 MB
[runlim] sample:		1848.86 time, 1850.12 real, 778 MB
[runlim] sample:		1858.87 time, 1860.12 real, 780 MB
[runlim] sample:		1868.87 time, 1870.12 real, 782 MB
[runlim] sample:		1878.87 time, 1880.12 real, 784 MB
[runlim] sample:		1888.87 time, 1890.12 real, 790 MB
[runlim] sample:		1898.87 time, 1900.12 real, 794 MB
[runlim] sample:		1908.87 time, 1910.12 real, 797 MB
[runlim] sample:		1918.86 time, 1920.12 real, 800 MB
[runlim] sample:		1928.87 time, 1930.12 real, 801 MB
[runlim] sample:		1938.87 time, 1940.12 real, 803 MB
[runlim] sample:		1948.87 time, 1950.12 real, 805 MB
[runlim] sample:		1958.87 time, 1960.12 real, 810 MB
[runlim] sample:		1968.86 time, 1970.12 real, 814 MB
[runlim] sample:		1978.87 time, 1980.12 real, 817 MB
[runlim] sample:		1988.87 time, 1990.12 real, 821 MB
[runlim] sample:		1998.86 time, 2000.12 real, 825 MB
[runlim] sample:		2008.86 time, 2010.12 real, 828 MB
[runlim] sample:		2018.87 time, 2020.12 real, 832 MB
[runlim] sample:		2028.86 time, 2030.12 real, 835 MB
[runlim] sample:		2038.87 time, 2040.12 real, 838 MB
[runlim] sample:		2048.86 time, 2050.12 real, 840 MB
[runlim] sample:		2058.87 time, 2060.12 real, 843 MB
[runlim] sample:		2068.87 time, 2070.12 real, 845 MB
[runlim] sample:		2078.87 time, 2080.12 real, 848 MB
[runlim] sample:		2088.87 time, 2090.12 real, 850 MB
[runlim] sample:		2098.87 time, 2100.12 real, 853 MB
[runlim] sample:		2108.86 time, 2110.12 real, 855 MB
[runlim] sample:		2118.86 time, 2120.12 real, 858 MB
[runlim] sample:		2128.87 time, 2130.12 real, 860 MB
[runlim] sample:		2138.86 time, 2140.12 real, 865 MB
[runlim] sample:		2148.86 time, 2150.12 real, 867 MB
[runlim] sample:		2158.86 time, 2160.12 real, 869 MB
[runlim] sample:		2168.87 time, 2170.12 real, 870 MB
[runlim] sample:		2178.87 time, 2180.12 real, 872 MB
[runlim] sample:		2188.87 time, 2190.12 real, 873 MB
[runlim] sample:		2198.87 time, 2200.12 real, 875 MB
[runlim] sample:		2208.87 time, 2210.12 real, 878 MB
[runlim] sample:		2218.86 time, 2220.12 real, 881 MB
[runlim] sample:		2228.86 time, 2230.12 real, 884 MB
[runlim] sample:		2238.86 time, 2240.12 real, 887 MB
[runlim] sample:		2248.86 time, 2250.12 real, 889 MB
[runlim] sample:		2258.86 time, 2260.12 real, 892 MB
[runlim] sample:		2268.86 time, 2270.12 real, 894 MB
[runlim] sample:		2278.86 time, 2280.12 real, 896 MB
[runlim] sample:		2288.86 time, 2290.12 real, 898 MB
[runlim] sample:		2298.87 time, 2300.12 real, 901 MB
[runlim] sample:		2308.86 time, 2310.12 real, 903 MB
[runlim] sample:		2318.86 time, 2320.12 real, 906 MB
[runlim] sample:		2328.86 time, 2330.12 real, 908 MB
[runlim] sample:		2338.86 time, 2340.12 real, 912 MB
[runlim] sample:		2348.86 time, 2350.12 real, 914 MB
[runlim] sample:		2358.87 time, 2360.12 real, 917 MB
[runlim] sample:		2368.86 time, 2370.12 real, 919 MB
[runlim] sample:		2378.86 time, 2380.12 real, 921 MB
[runlim] sample:		2388.86 time, 2390.12 real, 922 MB
[runlim] sample:		2398.86 time, 2400.12 real, 923 MB
[runlim] sample:		2408.86 time, 2410.12 real, 925 MB
[runlim] sample:		2418.86 time, 2420.12 real, 927 MB
[runlim] sample:		2428.86 time, 2430.12 real, 929 MB
[runlim] sample:		2438.86 time, 2440.12 real, 930 MB
[runlim] sample:		2448.86 time, 2450.12 real, 935 MB
[runlim] sample:		2458.86 time, 2460.12 real, 937 MB
[runlim] sample:		2468.86 time, 2470.12 real, 940 MB
[runlim] sample:		2478.86 time, 2480.12 real, 941 MB
[runlim] sample:		2488.86 time, 2490.12 real, 943 MB
[runlim] sample:		2498.86 time, 2500.12 real, 945 MB
[runlim] sample:		2508.86 time, 2510.12 real, 947 MB
[runlim] sample:		2518.86 time, 2520.12 real, 950 MB
[runlim] sample:		2528.86 time, 2530.12 real, 953 MB
[runlim] sample:		2538.86 time, 2540.12 real, 955 MB
[runlim] sample:		2548.86 time, 2550.12 real, 959 MB
[runlim] sample:		2558.85 time, 2560.12 real, 960 MB
[runlim] sample:		2568.86 time, 2570.12 real, 962 MB
[runlim] sample:		2578.86 time, 2580.12 real, 966 MB
[runlim] sample:		2588.86 time, 2590.12 real, 969 MB
[runlim] sample:		2598.86 time, 2600.12 real, 977 MB
[runlim] sample:		2608.86 time, 2610.12 real, 979 MB
[runlim] sample:		2618.86 time, 2620.12 real, 984 MB
[runlim] sample:		2628.85 time, 2630.12 real, 985 MB
[runlim] sample:		2638.85 time, 2640.12 real, 987 MB
[runlim] sample:		2648.85 time, 2650.12 real, 989 MB
[runlim] sample:		2658.85 time, 2660.12 real, 990 MB
[runlim] sample:		2668.86 time, 2670.12 real, 993 MB
[runlim] sample:		2678.86 time, 2680.12 real, 1002 MB
[runlim] sample:		2688.85 time, 2690.12 real, 1005 MB
[runlim] end:			Sat Feb 29 08:05:15 2020
[runlim] status:		out of time
[runlim] result:		2
[runlim] children:		1
[runlim] real:			2700.15 seconds
[runlim] time:			2698.75 seconds
[runlim] space:			1251 MB
[runlim] samples:		26999
