[runlim] version:		1.18
[runlim] host:			c3n23
[runlim] time limit:		2700 seconds
[runlim] real time limit:	2700 seconds
[runlim] space limit:		7000 MB
[runlim] argv[0]:		./binary
[runlim] argv[1]:		/data/cnf/ankit/E1-A1-instances/decomposition32.qdimacs
[runlim] start:			Sat Feb 29 07:20:17 2020
[runlim] child:			16782
[runlim] sample:		9.93 time, 10.02 real, 19 MB
[runlim] sample:		19.92 time, 20.02 real, 28 MB
[runlim] sample:		29.93 time, 30.02 real, 33 MB
[runlim] sample:		39.93 time, 40.02 real, 39 MB
[runlim] sample:		49.93 time, 50.02 real, 43 MB
[runlim] sample:		59.92 time, 60.02 real, 47 MB
[runlim] sample:		69.93 time, 70.02 real, 51 MB
[runlim] sample:		79.93 time, 80.02 real, 55 MB
[runlim] sample:		89.93 time, 90.02 real, 58 MB
[runlim] sample:		99.93 time, 100.02 real, 62 MB
[runlim] sample:		109.93 time, 110.02 real, 66 MB
[runlim] sample:		119.93 time, 120.02 real, 68 MB
[runlim] sample:		129.92 time, 130.02 real, 70 MB
[runlim] sample:		139.93 time, 140.02 real, 73 MB
[runlim] sample:		149.93 time, 150.02 real, 75 MB
[runlim] sample:		159.92 time, 160.02 real, 77 MB
[runlim] sample:		169.92 time, 170.02 real, 80 MB
[runlim] sample:		179.93 time, 180.02 real, 82 MB
[runlim] sample:		189.93 time, 190.02 real, 85 MB
[runlim] sample:		199.93 time, 200.02 real, 86 MB
[runlim] sample:		209.93 time, 210.02 real, 87 MB
[runlim] sample:		219.93 time, 220.02 real, 88 MB
[runlim] sample:		229.93 time, 230.02 real, 89 MB
[runlim] sample:		239.93 time, 240.02 real, 90 MB
[runlim] sample:		249.92 time, 250.02 real, 91 MB
[runlim] sample:		259.92 time, 260.02 real, 92 MB
[runlim] sample:		269.93 time, 270.02 real, 93 MB
[runlim] sample:		279.92 time, 280.02 real, 95 MB
[runlim] sample:		289.93 time, 290.02 real, 97 MB
[runlim] sample:		299.92 time, 300.02 real, 99 MB
[runlim] sample:		309.93 time, 310.02 real, 100 MB
[runlim] sample:		319.92 time, 320.02 real, 101 MB
[runlim] sample:		329.92 time, 330.02 real, 103 MB
[runlim] sample:		339.93 time, 340.02 real, 105 MB
[runlim] sample:		349.92 time, 350.02 real, 107 MB
[runlim] sample:		359.93 time, 360.02 real, 109 MB
[runlim] sample:		369.92 time, 370.02 real, 109 MB
[runlim] sample:		379.92 time, 380.02 real, 110 MB
[runlim] sample:		389.93 time, 390.02 real, 111 MB
[runlim] sample:		399.92 time, 400.02 real, 112 MB
[runlim] sample:		409.92 time, 410.02 real, 112 MB
[runlim] sample:		419.93 time, 420.02 real, 113 MB
[runlim] sample:		429.92 time, 430.02 real, 115 MB
[runlim] sample:		439.92 time, 440.02 real, 117 MB
[runlim] sample:		449.92 time, 450.02 real, 118 MB
[runlim] sample:		459.92 time, 460.02 real, 121 MB
[runlim] sample:		469.93 time, 470.02 real, 122 MB
[runlim] sample:		479.92 time, 480.02 real, 124 MB
[runlim] sample:		489.92 time, 490.02 real, 125 MB
[runlim] sample:		499.92 time, 500.02 real, 126 MB
[runlim] sample:		509.92 time, 510.02 real, 128 MB
[runlim] sample:		519.92 time, 520.02 real, 129 MB
[runlim] sample:		529.90 time, 530.02 real, 130 MB
[runlim] sample:		539.87 time, 540.02 real, 131 MB
[runlim] sample:		549.87 time, 550.02 real, 133 MB
[runlim] sample:		559.87 time, 560.02 real, 134 MB
[runlim] sample:		569.87 time, 570.02 real, 135 MB
[runlim] sample:		579.87 time, 580.02 real, 135 MB
[runlim] sample:		589.87 time, 590.02 real, 135 MB
[runlim] sample:		599.86 time, 600.02 real, 135 MB
[runlim] sample:		609.85 time, 610.02 real, 137 MB
[runlim] sample:		619.83 time, 620.02 real, 138 MB
[runlim] sample:		629.82 time, 630.02 real, 139 MB
[runlim] sample:		639.79 time, 640.02 real, 139 MB
[runlim] sample:		649.77 time, 650.02 real, 140 MB
[runlim] sample:		659.75 time, 660.02 real, 140 MB
[runlim] sample:		669.73 time, 670.02 real, 141 MB
[runlim] sample:		679.72 time, 680.02 real, 142 MB
[runlim] sample:		689.72 time, 690.02 real, 144 MB
[runlim] sample:		699.72 time, 700.02 real, 144 MB
[runlim] sample:		709.72 time, 710.02 real, 145 MB
[runlim] sample:		719.72 time, 720.02 real, 146 MB
[runlim] sample:		729.71 time, 730.02 real, 148 MB
[runlim] sample:		739.72 time, 740.02 real, 148 MB
[runlim] sample:		749.71 time, 750.02 real, 149 MB
[runlim] sample:		759.69 time, 760.02 real, 149 MB
[runlim] sample:		769.66 time, 770.02 real, 150 MB
[runlim] sample:		779.65 time, 780.02 real, 151 MB
[runlim] sample:		789.63 time, 790.02 real, 152 MB
[runlim] sample:		799.61 time, 800.02 real, 153 MB
[runlim] sample:		809.59 time, 810.02 real, 154 MB
[runlim] sample:		819.56 time, 820.02 real, 154 MB
[runlim] sample:		829.55 time, 830.02 real, 155 MB
[runlim] sample:		839.53 time, 840.02 real, 155 MB
[runlim] sample:		849.53 time, 850.02 real, 157 MB
[runlim] sample:		859.53 time, 860.02 real, 158 MB
[runlim] sample:		869.53 time, 870.02 real, 159 MB
[runlim] sample:		879.52 time, 880.02 real, 160 MB
[runlim] sample:		889.52 time, 890.02 real, 161 MB
[runlim] sample:		899.52 time, 900.02 real, 162 MB
[runlim] sample:		909.52 time, 910.02 real, 163 MB
[runlim] sample:		919.53 time, 920.02 real, 165 MB
[runlim] sample:		929.53 time, 930.02 real, 166 MB
[runlim] sample:		939.52 time, 940.02 real, 167 MB
[runlim] sample:		949.53 time, 950.02 real, 168 MB
[runlim] sample:		959.53 time, 960.02 real, 168 MB
[runlim] sample:		969.52 time, 970.02 real, 169 MB
[runlim] sample:		979.52 time, 980.02 real, 169 MB
[runlim] sample:		989.53 time, 990.02 real, 170 MB
[runlim] sample:		999.53 time, 1000.02 real, 170 MB
[runlim] sample:		1009.53 time, 1010.02 real, 171 MB
[runlim] sample:		1019.53 time, 1020.02 real, 171 MB
[runlim] sample:		1029.53 time, 1030.02 real, 172 MB
[runlim] sample:		1039.53 time, 1040.02 real, 173 MB
[runlim] sample:		1049.52 time, 1050.02 real, 173 MB
[runlim] sample:		1059.52 time, 1060.02 real, 173 MB
[runlim] sample:		1069.52 time, 1070.02 real, 175 MB
[runlim] sample:		1079.53 time, 1080.02 real, 176 MB
[runlim] sample:		1089.52 time, 1090.02 real, 176 MB
[runlim] sample:		1099.52 time, 1100.02 real, 177 MB
[runlim] sample:		1109.52 time, 1110.02 real, 178 MB
[runlim] sample:		1119.52 time, 1120.02 real, 179 MB
[runlim] sample:		1129.52 time, 1130.02 real, 180 MB
[runlim] sample:		1139.52 time, 1140.02 real, 180 MB
[runlim] sample:		1149.52 time, 1150.02 real, 181 MB
[runlim] sample:		1159.52 time, 1160.02 real, 181 MB
[runlim] sample:		1169.52 time, 1170.02 real, 182 MB
[runlim] sample:		1179.53 time, 1180.02 real, 184 MB
[runlim] sample:		1189.52 time, 1190.02 real, 185 MB
[runlim] sample:		1199.52 time, 1200.02 real, 186 MB
[runlim] sample:		1209.52 time, 1210.02 real, 187 MB
[runlim] sample:		1219.51 time, 1220.02 real, 188 MB
[runlim] sample:		1229.52 time, 1230.02 real, 188 MB
[runlim] sample:		1239.52 time, 1240.02 real, 189 MB
[runlim] sample:		1249.52 time, 1250.02 real, 190 MB
[runlim] sample:		1259.51 time, 1260.02 real, 190 MB
[runlim] sample:		1269.52 time, 1270.02 real, 191 MB
[runlim] sample:		1279.52 time, 1280.02 real, 191 MB
[runlim] sample:		1289.52 time, 1290.02 real, 191 MB
[runlim] sample:		1299.51 time, 1300.02 real, 192 MB
[runlim] sample:		1309.51 time, 1310.02 real, 192 MB
[runlim] sample:		1319.52 time, 1320.02 real, 193 MB
[runlim] sample:		1329.51 time, 1330.02 real, 194 MB
[runlim] sample:		1339.52 time, 1340.02 real, 195 MB
[runlim] sample:		1349.51 time, 1350.02 real, 196 MB
[runlim] sample:		1359.51 time, 1360.02 real, 197 MB
[runlim] sample:		1369.52 time, 1370.02 real, 197 MB
[runlim] sample:		1379.52 time, 1380.02 real, 198 MB
[runlim] sample:		1389.52 time, 1390.02 real, 199 MB
[runlim] sample:		1399.52 time, 1400.02 real, 200 MB
[runlim] sample:		1409.52 time, 1410.02 real, 201 MB
[runlim] sample:		1419.51 time, 1420.02 real, 202 MB
[runlim] sample:		1429.52 time, 1430.02 real, 203 MB
[runlim] sample:		1439.51 time, 1440.02 real, 204 MB
[runlim] sample:		1449.51 time, 1450.02 real, 206 MB
[runlim] sample:		1459.52 time, 1460.02 real, 207 MB
[runlim] sample:		1469.52 time, 1470.02 real, 207 MB
[runlim] sample:		1479.51 time, 1480.02 real, 211 MB
[runlim] sample:		1489.52 time, 1490.02 real, 212 MB
[runlim] sample:		1499.51 time, 1500.02 real, 213 MB
[runlim] sample:		1509.51 time, 1510.02 real, 213 MB
[runlim] sample:		1519.51 time, 1520.02 real, 214 MB
[runlim] sample:		1529.51 time, 1530.02 real, 215 MB
[runlim] sample:		1539.51 time, 1540.02 real, 215 MB
[runlim] sample:		1549.51 time, 1550.02 real, 216 MB
[runlim] sample:		1559.51 time, 1560.02 real, 217 MB
[runlim] sample:		1569.51 time, 1570.02 real, 217 MB
[runlim] sample:		1579.51 time, 1580.02 real, 218 MB
[runlim] sample:		1589.51 time, 1590.02 real, 219 MB
[runlim] sample:		1599.51 time, 1600.02 real, 219 MB
[runlim] sample:		1609.51 time, 1610.02 real, 219 MB
[runlim] sample:		1619.51 time, 1620.02 real, 219 MB
[runlim] sample:		1629.51 time, 1630.02 real, 220 MB
[runlim] sample:		1639.51 time, 1640.02 real, 220 MB
[runlim] sample:		1649.51 time, 1650.02 real, 220 MB
[runlim] sample:		1659.51 time, 1660.02 real, 220 MB
[runlim] sample:		1669.50 time, 1670.02 real, 221 MB
[runlim] sample:		1679.51 time, 1680.02 real, 221 MB
[runlim] sample:		1689.51 time, 1690.02 real, 222 MB
[runlim] sample:		1699.50 time, 1700.02 real, 222 MB
[runlim] sample:		1709.50 time, 1710.02 real, 222 MB
[runlim] sample:		1719.51 time, 1720.02 real, 223 MB
[runlim] sample:		1729.51 time, 1730.02 real, 223 MB
[runlim] sample:		1739.51 time, 1740.02 real, 223 MB
[runlim] sample:		1749.51 time, 1750.02 real, 223 MB
[runlim] sample:		1759.51 time, 1760.02 real, 224 MB
[runlim] sample:		1769.51 time, 1770.02 real, 225 MB
[runlim] sample:		1779.50 time, 1780.02 real, 225 MB
[runlim] sample:		1789.50 time, 1790.02 real, 226 MB
[runlim] sample:		1799.50 time, 1800.02 real, 226 MB
[runlim] sample:		1809.51 time, 1810.02 real, 226 MB
[runlim] sample:		1819.51 time, 1820.02 real, 227 MB
[runlim] sample:		1829.50 time, 1830.02 real, 227 MB
[runlim] sample:		1839.50 time, 1840.02 real, 227 MB
[runlim] sample:		1849.50 time, 1850.02 real, 228 MB
[runlim] sample:		1859.50 time, 1860.02 real, 228 MB
[runlim] sample:		1869.51 time, 1870.02 real, 228 MB
[runlim] sample:		1879.50 time, 1880.02 real, 229 MB
[runlim] sample:		1889.50 time, 1890.02 real, 231 MB
[runlim] sample:		1899.50 time, 1900.02 real, 231 MB
[runlim] sample:		1909.50 time, 1910.02 real, 232 MB
[runlim] sample:		1919.50 time, 1920.02 real, 233 MB
[runlim] sample:		1929.50 time, 1930.02 real, 233 MB
[runlim] sample:		1939.50 time, 1940.02 real, 234 MB
[runlim] sample:		1949.50 time, 1950.02 real, 234 MB
[runlim] sample:		1959.50 time, 1960.02 real, 235 MB
[runlim] sample:		1969.50 time, 1970.02 real, 235 MB
[runlim] sample:		1979.50 time, 1980.02 real, 236 MB
[runlim] sample:		1989.50 time, 1990.02 real, 237 MB
[runlim] sample:		1999.50 time, 2000.02 real, 238 MB
[runlim] sample:		2009.49 time, 2010.02 real, 238 MB
[runlim] sample:		2019.50 time, 2020.02 real, 239 MB
[runlim] sample:		2029.49 time, 2030.02 real, 240 MB
[runlim] sample:		2039.49 time, 2040.02 real, 240 MB
[runlim] sample:		2049.49 time, 2050.02 real, 241 MB
[runlim] sample:		2059.49 time, 2060.02 real, 241 MB
[runlim] sample:		2069.50 time, 2070.02 real, 241 MB
[runlim] sample:		2079.50 time, 2080.02 real, 242 MB
[runlim] sample:		2089.49 time, 2090.02 real, 242 MB
[runlim] sample:		2099.50 time, 2100.02 real, 243 MB
[runlim] sample:		2109.49 time, 2110.02 real, 243 MB
[runlim] sample:		2119.49 time, 2120.02 real, 244 MB
[runlim] sample:		2129.50 time, 2130.02 real, 244 MB
[runlim] sample:		2139.49 time, 2140.02 real, 245 MB
[runlim] sample:		2149.49 time, 2150.02 real, 245 MB
[runlim] sample:		2159.49 time, 2160.02 real, 245 MB
[runlim] sample:		2169.49 time, 2170.02 real, 246 MB
[runlim] sample:		2179.50 time, 2180.02 real, 247 MB
[runlim] sample:		2189.49 time, 2190.02 real, 247 MB
[runlim] sample:		2199.49 time, 2200.02 real, 247 MB
[runlim] sample:		2209.49 time, 2210.02 real, 248 MB
[runlim] sample:		2219.49 time, 2220.02 real, 248 MB
[runlim] sample:		2229.49 time, 2230.02 real, 248 MB
[runlim] sample:		2239.49 time, 2240.02 real, 249 MB
[runlim] sample:		2249.49 time, 2250.02 real, 250 MB
[runlim] sample:		2259.49 time, 2260.02 real, 250 MB
[runlim] sample:		2269.49 time, 2270.02 real, 250 MB
[runlim] sample:		2279.49 time, 2280.02 real, 251 MB
[runlim] sample:		2289.49 time, 2290.02 real, 251 MB
[runlim] sample:		2299.49 time, 2300.02 real, 251 MB
[runlim] sample:		2309.48 time, 2310.02 real, 251 MB
[runlim] sample:		2319.49 time, 2320.02 real, 253 MB
[runlim] sample:		2329.49 time, 2330.02 real, 255 MB
[runlim] sample:		2339.49 time, 2340.02 real, 255 MB
[runlim] sample:		2349.49 time, 2350.02 real, 256 MB
[runlim] sample:		2359.49 time, 2360.02 real, 256 MB
[runlim] sample:		2369.48 time, 2370.02 real, 257 MB
[runlim] sample:		2379.49 time, 2380.02 real, 257 MB
[runlim] sample:		2389.49 time, 2390.02 real, 258 MB
[runlim] sample:		2399.48 time, 2400.02 real, 258 MB
[runlim] sample:		2409.49 time, 2410.02 real, 258 MB
[runlim] sample:		2419.48 time, 2420.02 real, 259 MB
[runlim] sample:		2429.49 time, 2430.02 real, 259 MB
[runlim] sample:		2439.48 time, 2440.02 real, 259 MB
[runlim] sample:		2449.49 time, 2450.02 real, 261 MB
[runlim] sample:		2459.48 time, 2460.02 real, 261 MB
[runlim] sample:		2469.48 time, 2470.02 real, 262 MB
[runlim] sample:		2479.49 time, 2480.02 real, 262 MB
[runlim] sample:		2489.48 time, 2490.02 real, 262 MB
[runlim] sample:		2499.48 time, 2500.02 real, 263 MB
[runlim] sample:		2509.48 time, 2510.02 real, 263 MB
[runlim] sample:		2519.48 time, 2520.02 real, 263 MB
[runlim] sample:		2529.48 time, 2530.02 real, 263 MB
[runlim] sample:		2539.49 time, 2540.02 real, 264 MB
[runlim] sample:		2549.48 time, 2550.02 real, 265 MB
[runlim] sample:		2559.48 time, 2560.02 real, 265 MB
[runlim] sample:		2569.48 time, 2570.02 real, 265 MB
[runlim] sample:		2579.48 time, 2580.02 real, 266 MB
[runlim] sample:		2589.48 time, 2590.02 real, 266 MB
[runlim] sample:		2599.48 time, 2600.02 real, 266 MB
[runlim] sample:		2609.48 time, 2610.02 real, 267 MB
[runlim] sample:		2619.48 time, 2620.02 real, 267 MB
[runlim] sample:		2629.48 time, 2630.02 real, 268 MB
[runlim] sample:		2639.48 time, 2640.02 real, 268 MB
[runlim] sample:		2649.47 time, 2650.02 real, 269 MB
[runlim] sample:		2659.48 time, 2660.02 real, 270 MB
[runlim] sample:		2669.48 time, 2670.02 real, 270 MB
[runlim] sample:		2679.48 time, 2680.02 real, 270 MB
[runlim] sample:		2689.48 time, 2690.02 real, 270 MB
[runlim] sample:		2699.48 time, 2700.02 real, 271 MB
[runlim] end:			Sat Feb 29 08:05:17 2020
[runlim] status:		out of time
[runlim] result:		2
[runlim] children:		1
[runlim] real:			2700.12 seconds
[runlim] time:			2699.48 seconds
[runlim] space:			271 MB
[runlim] samples:		27000
