[runlim] version:		1.18
[runlim] host:			c3n25
[runlim] time limit:		2700 seconds
[runlim] real time limit:	2700 seconds
[runlim] space limit:		7000 MB
[runlim] argv[0]:		./binary
[runlim] argv[1]:		/data/cnf/ankit/E1-A1-instances/depots10_7.qdimacs
[runlim] start:			Sat Feb 29 07:20:14 2020
[runlim] child:			19542
[runlim] sample:		8.99 time, 10.22 real, 63 MB
[runlim] sample:		18.97 time, 20.22 real, 166 MB
[runlim] sample:		28.94 time, 30.22 real, 255 MB
[runlim] sample:		38.90 time, 40.22 real, 346 MB
[runlim] sample:		48.87 time, 50.22 real, 438 MB
[runlim] end:			Sat Feb 29 07:21:09 2020
[runlim] status:		ok
[runlim] result:		0
[runlim] children:		1
[runlim] real:			54.32 seconds
[runlim] time:			52.95 seconds
[runlim] space:			476 MB
[runlim] samples:		541
