[runlim] version:		1.18
[runlim] host:			c3n28
[runlim] time limit:		2700 seconds
[runlim] real time limit:	2700 seconds
[runlim] space limit:		7000 MB
[runlim] argv[0]:		./binary
[runlim] argv[1]:		/data/cnf/ankit/E1-A1-instances/dungeon_i25-m12-u3-v0.pddl_planlen=165.qdimacs
[runlim] start:			Sat Feb 29 07:20:15 2020
[runlim] child:			11341
[runlim] sample:		8.03 time, 10.12 real, 103 MB
[runlim] sample:		18.03 time, 20.12 real, 103 MB
[runlim] sample:		28.03 time, 30.12 real, 103 MB
[runlim] sample:		38.03 time, 40.12 real, 98 MB
[runlim] sample:		48.03 time, 50.12 real, 98 MB
[runlim] sample:		58.03 time, 60.12 real, 98 MB
[runlim] sample:		68.03 time, 70.12 real, 98 MB
[runlim] sample:		78.03 time, 80.12 real, 98 MB
[runlim] sample:		88.03 time, 90.12 real, 98 MB
[runlim] sample:		98.03 time, 100.12 real, 98 MB
[runlim] sample:		108.03 time, 110.12 real, 98 MB
[runlim] sample:		118.03 time, 120.12 real, 98 MB
[runlim] sample:		128.03 time, 130.12 real, 98 MB
[runlim] sample:		138.03 time, 140.12 real, 98 MB
[runlim] sample:		148.03 time, 150.12 real, 98 MB
[runlim] sample:		158.03 time, 160.12 real, 98 MB
[runlim] sample:		168.03 time, 170.12 real, 98 MB
[runlim] sample:		178.03 time, 180.12 real, 98 MB
[runlim] sample:		188.03 time, 190.12 real, 98 MB
[runlim] sample:		198.03 time, 200.12 real, 98 MB
[runlim] sample:		208.03 time, 210.12 real, 98 MB
[runlim] sample:		218.03 time, 220.12 real, 98 MB
[runlim] sample:		228.03 time, 230.12 real, 98 MB
[runlim] sample:		238.03 time, 240.12 real, 98 MB
[runlim] sample:		248.03 time, 250.12 real, 98 MB
[runlim] sample:		258.03 time, 260.12 real, 98 MB
[runlim] sample:		268.03 time, 270.12 real, 98 MB
[runlim] sample:		278.03 time, 280.12 real, 98 MB
[runlim] sample:		288.03 time, 290.12 real, 98 MB
[runlim] sample:		298.03 time, 300.12 real, 98 MB
[runlim] sample:		308.03 time, 310.12 real, 98 MB
[runlim] sample:		318.03 time, 320.12 real, 98 MB
[runlim] sample:		328.03 time, 330.12 real, 98 MB
[runlim] sample:		338.03 time, 340.12 real, 98 MB
[runlim] sample:		348.03 time, 350.12 real, 98 MB
[runlim] sample:		358.03 time, 360.12 real, 98 MB
[runlim] sample:		368.03 time, 370.12 real, 98 MB
[runlim] sample:		378.03 time, 380.12 real, 98 MB
[runlim] sample:		388.03 time, 390.12 real, 98 MB
[runlim] sample:		398.03 time, 400.12 real, 98 MB
[runlim] sample:		408.03 time, 410.12 real, 98 MB
[runlim] sample:		418.03 time, 420.12 real, 98 MB
[runlim] sample:		428.03 time, 430.12 real, 98 MB
[runlim] sample:		438.03 time, 440.12 real, 98 MB
[runlim] sample:		448.03 time, 450.12 real, 98 MB
[runlim] sample:		458.03 time, 460.12 real, 98 MB
[runlim] sample:		468.03 time, 470.12 real, 98 MB
[runlim] sample:		478.03 time, 480.12 real, 98 MB
[runlim] sample:		488.03 time, 490.12 real, 98 MB
[runlim] sample:		498.03 time, 500.12 real, 98 MB
[runlim] sample:		508.03 time, 510.12 real, 98 MB
[runlim] sample:		518.03 time, 520.12 real, 98 MB
[runlim] sample:		528.03 time, 530.12 real, 98 MB
[runlim] sample:		538.03 time, 540.12 real, 98 MB
[runlim] sample:		548.03 time, 550.12 real, 98 MB
[runlim] sample:		558.03 time, 560.12 real, 98 MB
[runlim] sample:		568.03 time, 570.12 real, 98 MB
[runlim] sample:		578.03 time, 580.12 real, 103 MB
[runlim] sample:		588.03 time, 590.12 real, 103 MB
[runlim] sample:		598.03 time, 600.12 real, 103 MB
[runlim] sample:		608.03 time, 610.12 real, 103 MB
[runlim] sample:		618.03 time, 620.12 real, 103 MB
[runlim] sample:		628.03 time, 630.12 real, 103 MB
[runlim] sample:		638.03 time, 640.12 real, 103 MB
[runlim] sample:		648.03 time, 650.12 real, 103 MB
[runlim] sample:		658.03 time, 660.12 real, 103 MB
[runlim] sample:		668.03 time, 670.12 real, 103 MB
[runlim] sample:		678.03 time, 680.12 real, 103 MB
[runlim] sample:		688.03 time, 690.12 real, 104 MB
[runlim] sample:		698.03 time, 700.12 real, 104 MB
[runlim] sample:		708.03 time, 710.12 real, 104 MB
[runlim] sample:		718.03 time, 720.12 real, 104 MB
[runlim] sample:		728.03 time, 730.12 real, 104 MB
[runlim] sample:		738.03 time, 740.12 real, 104 MB
[runlim] sample:		748.03 time, 750.12 real, 104 MB
[runlim] sample:		758.03 time, 760.12 real, 104 MB
[runlim] sample:		768.03 time, 770.12 real, 104 MB
[runlim] sample:		778.03 time, 780.12 real, 104 MB
[runlim] sample:		788.03 time, 790.12 real, 104 MB
[runlim] sample:		798.03 time, 800.12 real, 104 MB
[runlim] sample:		808.03 time, 810.12 real, 104 MB
[runlim] sample:		818.03 time, 820.12 real, 104 MB
[runlim] sample:		828.03 time, 830.12 real, 104 MB
[runlim] sample:		838.03 time, 840.12 real, 104 MB
[runlim] sample:		848.03 time, 850.12 real, 104 MB
[runlim] sample:		858.03 time, 860.12 real, 104 MB
[runlim] sample:		868.03 time, 870.12 real, 104 MB
[runlim] sample:		878.03 time, 880.12 real, 104 MB
[runlim] sample:		888.03 time, 890.12 real, 104 MB
[runlim] sample:		898.03 time, 900.12 real, 104 MB
[runlim] sample:		908.03 time, 910.12 real, 104 MB
[runlim] sample:		918.03 time, 920.12 real, 104 MB
[runlim] sample:		928.03 time, 930.12 real, 104 MB
[runlim] sample:		938.03 time, 940.12 real, 104 MB
[runlim] sample:		948.03 time, 950.12 real, 104 MB
[runlim] sample:		958.03 time, 960.12 real, 104 MB
[runlim] sample:		968.02 time, 970.12 real, 104 MB
[runlim] sample:		978.02 time, 980.12 real, 105 MB
[runlim] sample:		988.02 time, 990.12 real, 105 MB
[runlim] sample:		998.02 time, 1000.12 real, 105 MB
[runlim] sample:		1008.02 time, 1010.12 real, 105 MB
[runlim] sample:		1018.02 time, 1020.12 real, 105 MB
[runlim] sample:		1028.02 time, 1030.12 real, 105 MB
[runlim] sample:		1038.02 time, 1040.12 real, 105 MB
[runlim] sample:		1048.02 time, 1050.12 real, 105 MB
[runlim] sample:		1058.02 time, 1060.12 real, 105 MB
[runlim] sample:		1068.02 time, 1070.12 real, 105 MB
[runlim] sample:		1078.02 time, 1080.12 real, 105 MB
[runlim] sample:		1088.02 time, 1090.12 real, 105 MB
[runlim] sample:		1098.02 time, 1100.12 real, 105 MB
[runlim] sample:		1108.02 time, 1110.12 real, 105 MB
[runlim] sample:		1118.02 time, 1120.12 real, 105 MB
[runlim] sample:		1128.02 time, 1130.12 real, 105 MB
[runlim] sample:		1138.02 time, 1140.12 real, 105 MB
[runlim] sample:		1148.02 time, 1150.12 real, 105 MB
[runlim] sample:		1158.02 time, 1160.12 real, 105 MB
[runlim] sample:		1168.02 time, 1170.12 real, 105 MB
[runlim] sample:		1178.02 time, 1180.12 real, 105 MB
[runlim] sample:		1188.02 time, 1190.12 real, 105 MB
[runlim] sample:		1198.02 time, 1200.12 real, 223 MB
[runlim] sample:		1208.02 time, 1210.12 real, 340 MB
[runlim] sample:		1218.02 time, 1220.12 real, 456 MB
[runlim] sample:		1228.02 time, 1230.12 real, 573 MB
[runlim] sample:		1238.02 time, 1240.12 real, 689 MB
[runlim] sample:		1248.02 time, 1250.12 real, 806 MB
[runlim] sample:		1258.01 time, 1260.12 real, 912 MB
[runlim] sample:		1268.01 time, 1270.12 real, 1018 MB
[runlim] sample:		1278.02 time, 1280.12 real, 1124 MB
[runlim] sample:		1288.03 time, 1290.12 real, 1229 MB
[runlim] sample:		1298.02 time, 1300.12 real, 1335 MB
[runlim] sample:		1308.02 time, 1310.12 real, 1440 MB
[runlim] sample:		1318.03 time, 1320.12 real, 1546 MB
[runlim] sample:		1328.02 time, 1330.12 real, 1652 MB
[runlim] sample:		1338.02 time, 1340.12 real, 1757 MB
[runlim] sample:		1348.02 time, 1350.12 real, 1863 MB
[runlim] sample:		1358.02 time, 1360.12 real, 1968 MB
[runlim] sample:		1368.02 time, 1370.12 real, 2074 MB
[runlim] sample:		1378.02 time, 1380.12 real, 2179 MB
[runlim] sample:		1388.02 time, 1390.12 real, 2285 MB
[runlim] sample:		1398.02 time, 1400.12 real, 2394 MB
[runlim] sample:		1408.02 time, 1410.12 real, 2505 MB
[runlim] sample:		1418.02 time, 1420.12 real, 2616 MB
[runlim] sample:		1428.02 time, 1430.12 real, 2727 MB
[runlim] sample:		1438.02 time, 1440.12 real, 2838 MB
[runlim] sample:		1448.02 time, 1450.12 real, 2949 MB
[runlim] sample:		1458.02 time, 1460.12 real, 3060 MB
[runlim] sample:		1468.02 time, 1470.12 real, 3172 MB
[runlim] sample:		1478.02 time, 1480.12 real, 3283 MB
[runlim] sample:		1488.02 time, 1490.12 real, 3394 MB
[runlim] sample:		1498.02 time, 1500.12 real, 3515 MB
[runlim] sample:		1508.02 time, 1510.12 real, 3617 MB
[runlim] sample:		1518.02 time, 1520.12 real, 3728 MB
[runlim] sample:		1528.02 time, 1530.12 real, 3839 MB
[runlim] sample:		1538.02 time, 1540.12 real, 3950 MB
[runlim] sample:		1548.02 time, 1550.12 real, 4061 MB
[runlim] sample:		1558.02 time, 1560.12 real, 4173 MB
[runlim] sample:		1568.02 time, 1570.12 real, 4284 MB
[runlim] sample:		1578.02 time, 1580.12 real, 4395 MB
[runlim] sample:		1588.02 time, 1590.12 real, 4507 MB
[runlim] sample:		1598.02 time, 1600.12 real, 4618 MB
[runlim] sample:		1608.02 time, 1610.12 real, 4730 MB
[runlim] sample:		1618.02 time, 1620.12 real, 4841 MB
[runlim] sample:		1628.01 time, 1630.12 real, 4953 MB
[runlim] sample:		1638.01 time, 1640.12 real, 5064 MB
[runlim] sample:		1648.02 time, 1650.12 real, 5177 MB
[runlim] sample:		1658.02 time, 1660.12 real, 5288 MB
[runlim] sample:		1668.02 time, 1670.12 real, 5404 MB
[runlim] sample:		1678.02 time, 1680.12 real, 5521 MB
[runlim] sample:		1688.02 time, 1690.12 real, 5638 MB
[runlim] sample:		1698.02 time, 1700.12 real, 5755 MB
[runlim] sample:		1708.02 time, 1710.12 real, 5871 MB
[runlim] sample:		1718.02 time, 1720.12 real, 5987 MB
[runlim] sample:		1728.02 time, 1730.12 real, 6105 MB
[runlim] sample:		1738.01 time, 1740.12 real, 6226 MB
[runlim] sample:		1748.01 time, 1750.12 real, 6349 MB
[runlim] sample:		1758.01 time, 1760.12 real, 6465 MB
[runlim] sample:		1768.02 time, 1770.12 real, 6582 MB
[runlim] sample:		1778.01 time, 1780.12 real, 6698 MB
[runlim] sample:		1788.02 time, 1790.12 real, 6834 MB
[runlim] sample:		1798.01 time, 1800.12 real, 6931 MB
[runlim] end:			Sat Feb 29 07:50:21 2020
[runlim] status:		out of memory
[runlim] result:		3
[runlim] children:		1
[runlim] real:			1806.56 seconds
[runlim] time:			1803.91 seconds
[runlim] space:			7001 MB
[runlim] samples:		18059
