[runlim] version:		1.18
[runlim] host:			c3n28
[runlim] time limit:		2700 seconds
[runlim] real time limit:	2700 seconds
[runlim] space limit:		7000 MB
[runlim] argv[0]:		./binary
[runlim] argv[1]:		/data/cnf/ankit/E1-A1-instances/dungeon_i25-m12-u5-v0.pddl_planlen=81.qdimacs
[runlim] start:			Sat Feb 29 07:20:17 2020
[runlim] child:			11376
[runlim] sample:		8.99 time, 10.02 real, 50 MB
[runlim] sample:		18.99 time, 20.02 real, 50 MB
[runlim] sample:		28.99 time, 30.02 real, 50 MB
[runlim] sample:		38.99 time, 40.02 real, 50 MB
[runlim] sample:		48.99 time, 50.02 real, 50 MB
[runlim] sample:		58.99 time, 60.02 real, 50 MB
[runlim] sample:		68.99 time, 70.02 real, 50 MB
[runlim] sample:		78.99 time, 80.02 real, 50 MB
[runlim] sample:		88.99 time, 90.02 real, 50 MB
[runlim] sample:		98.99 time, 100.02 real, 50 MB
[runlim] sample:		108.99 time, 110.02 real, 50 MB
[runlim] sample:		118.99 time, 120.02 real, 50 MB
[runlim] sample:		128.99 time, 130.02 real, 50 MB
[runlim] sample:		138.99 time, 140.02 real, 54 MB
[runlim] sample:		148.99 time, 150.02 real, 54 MB
[runlim] sample:		158.99 time, 160.02 real, 54 MB
[runlim] sample:		168.99 time, 170.02 real, 54 MB
[runlim] sample:		178.99 time, 180.02 real, 55 MB
[runlim] sample:		188.99 time, 190.02 real, 55 MB
[runlim] sample:		198.99 time, 200.02 real, 55 MB
[runlim] sample:		208.99 time, 210.02 real, 55 MB
[runlim] sample:		218.99 time, 220.02 real, 55 MB
[runlim] sample:		228.99 time, 230.02 real, 55 MB
[runlim] sample:		238.99 time, 240.02 real, 55 MB
[runlim] sample:		248.99 time, 250.02 real, 55 MB
[runlim] sample:		258.99 time, 260.02 real, 55 MB
[runlim] sample:		268.99 time, 270.02 real, 55 MB
[runlim] sample:		278.99 time, 280.02 real, 56 MB
[runlim] sample:		288.99 time, 290.02 real, 56 MB
[runlim] sample:		298.99 time, 300.02 real, 56 MB
[runlim] sample:		308.99 time, 310.02 real, 56 MB
[runlim] sample:		318.99 time, 320.02 real, 56 MB
[runlim] sample:		328.99 time, 330.02 real, 110 MB
[runlim] sample:		338.99 time, 340.02 real, 255 MB
[runlim] sample:		349.00 time, 350.02 real, 403 MB
[runlim] sample:		358.99 time, 360.02 real, 551 MB
[runlim] sample:		369.00 time, 370.02 real, 698 MB
[runlim] sample:		379.00 time, 380.02 real, 845 MB
[runlim] sample:		388.99 time, 390.02 real, 993 MB
[runlim] sample:		398.99 time, 400.02 real, 1141 MB
[runlim] sample:		408.99 time, 410.02 real, 1288 MB
[runlim] sample:		419.00 time, 420.02 real, 1431 MB
[runlim] sample:		428.99 time, 430.02 real, 1571 MB
[runlim] sample:		438.99 time, 440.02 real, 1711 MB
[runlim] sample:		448.99 time, 450.02 real, 1851 MB
[runlim] sample:		458.99 time, 460.02 real, 1992 MB
[runlim] sample:		468.99 time, 470.02 real, 2138 MB
[runlim] sample:		478.99 time, 480.02 real, 2305 MB
[runlim] sample:		488.99 time, 490.02 real, 2458 MB
[runlim] sample:		498.99 time, 500.02 real, 2621 MB
[runlim] sample:		508.99 time, 510.02 real, 2784 MB
[runlim] sample:		518.99 time, 520.02 real, 2947 MB
[runlim] sample:		528.99 time, 530.02 real, 3110 MB
[runlim] sample:		538.99 time, 540.02 real, 3273 MB
[runlim] sample:		548.99 time, 550.02 real, 3436 MB
[runlim] sample:		558.99 time, 560.02 real, 3599 MB
[runlim] sample:		568.99 time, 570.02 real, 3762 MB
[runlim] sample:		578.99 time, 580.02 real, 3925 MB
[runlim] sample:		588.99 time, 590.02 real, 4087 MB
[runlim] sample:		598.99 time, 600.02 real, 4250 MB
[runlim] sample:		608.99 time, 610.02 real, 4413 MB
[runlim] sample:		618.99 time, 620.02 real, 4576 MB
[runlim] sample:		628.99 time, 630.02 real, 4739 MB
[runlim] sample:		638.99 time, 640.02 real, 4901 MB
[runlim] sample:		648.99 time, 650.02 real, 5064 MB
[runlim] sample:		658.99 time, 660.02 real, 5227 MB
[runlim] sample:		668.99 time, 670.02 real, 5390 MB
[runlim] sample:		678.99 time, 680.02 real, 5553 MB
[runlim] sample:		688.99 time, 690.02 real, 5715 MB
[runlim] sample:		698.99 time, 700.02 real, 5878 MB
[runlim] sample:		708.99 time, 710.02 real, 6040 MB
[runlim] sample:		718.99 time, 720.02 real, 6195 MB
[runlim] sample:		728.99 time, 730.02 real, 6354 MB
[runlim] sample:		738.99 time, 740.02 real, 6500 MB
[runlim] sample:		748.99 time, 750.02 real, 6507 MB
[runlim] sample:		758.99 time, 760.02 real, 6525 MB
[runlim] sample:		768.99 time, 770.02 real, 6550 MB
[runlim] sample:		778.99 time, 780.02 real, 6543 MB
[runlim] sample:		788.99 time, 790.02 real, 6554 MB
[runlim] sample:		798.98 time, 800.02 real, 6553 MB
[runlim] sample:		808.99 time, 810.02 real, 6560 MB
[runlim] sample:		818.99 time, 820.02 real, 6547 MB
[runlim] sample:		828.99 time, 830.02 real, 6554 MB
[runlim] sample:		838.99 time, 840.02 real, 6541 MB
[runlim] sample:		848.99 time, 850.02 real, 6547 MB
[runlim] sample:		858.98 time, 860.02 real, 6554 MB
[runlim] sample:		868.99 time, 870.02 real, 6541 MB
[runlim] sample:		878.99 time, 880.02 real, 6539 MB
[runlim] sample:		888.98 time, 890.02 real, 6568 MB
[runlim] sample:		898.98 time, 900.02 real, 6554 MB
[runlim] sample:		908.99 time, 910.02 real, 6543 MB
[runlim] sample:		918.98 time, 920.02 real, 6554 MB
[runlim] sample:		928.99 time, 930.02 real, 6545 MB
[runlim] sample:		938.98 time, 940.02 real, 6563 MB
[runlim] sample:		948.99 time, 950.02 real, 6546 MB
[runlim] sample:		958.99 time, 960.02 real, 6558 MB
[runlim] sample:		968.99 time, 970.02 real, 6551 MB
[runlim] sample:		978.98 time, 980.02 real, 6565 MB
[runlim] sample:		988.99 time, 990.02 real, 6562 MB
[runlim] sample:		998.99 time, 1000.02 real, 6547 MB
[runlim] sample:		1008.99 time, 1010.02 real, 6568 MB
[runlim] sample:		1018.98 time, 1020.02 real, 6576 MB
[runlim] sample:		1028.99 time, 1030.02 real, 6562 MB
[runlim] sample:		1038.98 time, 1040.02 real, 6576 MB
[runlim] sample:		1048.99 time, 1050.02 real, 6560 MB
[runlim] sample:		1058.99 time, 1060.02 real, 6568 MB
[runlim] sample:		1068.98 time, 1070.02 real, 6600 MB
[runlim] sample:		1078.98 time, 1080.02 real, 6621 MB
[runlim] sample:		1088.99 time, 1090.02 real, 6572 MB
[runlim] sample:		1098.99 time, 1100.02 real, 6567 MB
[runlim] sample:		1108.99 time, 1110.02 real, 6586 MB
[runlim] sample:		1118.98 time, 1120.02 real, 6564 MB
[runlim] sample:		1128.99 time, 1130.02 real, 6574 MB
[runlim] sample:		1138.98 time, 1140.02 real, 6584 MB
[runlim] sample:		1148.98 time, 1150.02 real, 6584 MB
[runlim] sample:		1158.98 time, 1160.02 real, 6609 MB
[runlim] sample:		1168.99 time, 1170.02 real, 6635 MB
[runlim] sample:		1178.98 time, 1180.02 real, 6634 MB
[runlim] sample:		1188.98 time, 1190.02 real, 6586 MB
[runlim] sample:		1198.98 time, 1200.02 real, 6594 MB
[runlim] sample:		1208.99 time, 1210.02 real, 6582 MB
[runlim] sample:		1218.98 time, 1220.02 real, 6606 MB
[runlim] sample:		1228.99 time, 1230.02 real, 6592 MB
[runlim] sample:		1238.98 time, 1240.02 real, 6596 MB
[runlim] sample:		1248.98 time, 1250.02 real, 6601 MB
[runlim] sample:		1258.98 time, 1260.02 real, 6604 MB
[runlim] sample:		1268.98 time, 1270.02 real, 6595 MB
[runlim] sample:		1278.98 time, 1280.02 real, 6607 MB
[runlim] sample:		1288.98 time, 1290.02 real, 6619 MB
[runlim] sample:		1298.98 time, 1300.02 real, 6627 MB
[runlim] sample:		1308.98 time, 1310.02 real, 6618 MB
[runlim] sample:		1318.98 time, 1320.02 real, 6606 MB
[runlim] sample:		1328.98 time, 1330.02 real, 6589 MB
[runlim] sample:		1338.98 time, 1340.02 real, 6595 MB
[runlim] sample:		1348.98 time, 1350.02 real, 6600 MB
[runlim] sample:		1358.99 time, 1360.02 real, 6602 MB
[runlim] sample:		1368.98 time, 1370.02 real, 6621 MB
[runlim] sample:		1378.98 time, 1380.02 real, 6622 MB
[runlim] sample:		1388.98 time, 1390.02 real, 6600 MB
[runlim] sample:		1398.98 time, 1400.02 real, 6610 MB
[runlim] sample:		1408.98 time, 1410.02 real, 6617 MB
[runlim] sample:		1418.99 time, 1420.02 real, 6595 MB
[runlim] sample:		1428.98 time, 1430.02 real, 6611 MB
[runlim] sample:		1438.98 time, 1440.02 real, 6630 MB
[runlim] sample:		1448.98 time, 1450.02 real, 6638 MB
[runlim] sample:		1458.98 time, 1460.02 real, 6602 MB
[runlim] sample:		1468.98 time, 1470.02 real, 6617 MB
[runlim] sample:		1478.98 time, 1480.02 real, 6603 MB
[runlim] sample:		1488.98 time, 1490.02 real, 6610 MB
[runlim] sample:		1498.98 time, 1500.02 real, 6596 MB
[runlim] sample:		1508.98 time, 1510.02 real, 6611 MB
[runlim] sample:		1518.98 time, 1520.02 real, 6629 MB
[runlim] sample:		1528.98 time, 1530.02 real, 6667 MB
[runlim] sample:		1538.98 time, 1540.02 real, 6616 MB
[runlim] sample:		1548.98 time, 1550.02 real, 6610 MB
[runlim] sample:		1558.98 time, 1560.02 real, 6616 MB
[runlim] sample:		1568.98 time, 1570.02 real, 6603 MB
[runlim] sample:		1578.98 time, 1580.02 real, 6611 MB
[runlim] sample:		1588.98 time, 1590.02 real, 6620 MB
[runlim] sample:		1598.98 time, 1600.02 real, 6605 MB
[runlim] sample:		1608.98 time, 1610.02 real, 6632 MB
[runlim] sample:		1618.98 time, 1620.02 real, 6645 MB
[runlim] sample:		1628.98 time, 1630.02 real, 6633 MB
[runlim] sample:		1638.98 time, 1640.02 real, 6619 MB
[runlim] sample:		1648.98 time, 1650.02 real, 6618 MB
[runlim] sample:		1658.98 time, 1660.02 real, 6604 MB
[runlim] sample:		1668.98 time, 1670.02 real, 6602 MB
[runlim] sample:		1678.98 time, 1680.02 real, 6613 MB
[runlim] sample:		1688.98 time, 1690.02 real, 6604 MB
[runlim] sample:		1698.97 time, 1700.02 real, 6618 MB
[runlim] sample:		1708.98 time, 1710.02 real, 6632 MB
[runlim] sample:		1718.97 time, 1720.02 real, 6618 MB
[runlim] sample:		1728.97 time, 1730.02 real, 6616 MB
[runlim] sample:		1738.97 time, 1740.02 real, 6615 MB
[runlim] sample:		1748.97 time, 1750.02 real, 6616 MB
[runlim] sample:		1758.97 time, 1760.02 real, 6607 MB
[runlim] sample:		1768.97 time, 1770.02 real, 6620 MB
[runlim] sample:		1778.97 time, 1780.02 real, 6607 MB
[runlim] sample:		1788.98 time, 1790.02 real, 6616 MB
[runlim] sample:		1798.98 time, 1800.02 real, 6603 MB
[runlim] sample:		1808.97 time, 1810.02 real, 6602 MB
[runlim] sample:		1818.97 time, 1820.02 real, 6602 MB
[runlim] sample:		1828.98 time, 1830.02 real, 6603 MB
[runlim] sample:		1838.97 time, 1840.02 real, 6603 MB
[runlim] sample:		1848.97 time, 1850.02 real, 6627 MB
[runlim] sample:		1858.98 time, 1860.02 real, 6620 MB
[runlim] sample:		1868.97 time, 1870.02 real, 6660 MB
[runlim] sample:		1878.98 time, 1880.02 real, 6621 MB
[runlim] sample:		1888.97 time, 1890.02 real, 6612 MB
[runlim] sample:		1898.97 time, 1900.02 real, 6623 MB
[runlim] sample:		1908.97 time, 1910.02 real, 6629 MB
[runlim] sample:		1918.97 time, 1920.02 real, 6617 MB
[runlim] sample:		1928.97 time, 1930.02 real, 6621 MB
[runlim] sample:		1938.98 time, 1940.02 real, 6649 MB
[runlim] sample:		1948.97 time, 1950.02 real, 6622 MB
[runlim] sample:		1958.98 time, 1960.02 real, 6652 MB
[runlim] sample:		1968.97 time, 1970.02 real, 6622 MB
[runlim] sample:		1978.97 time, 1980.02 real, 6631 MB
[runlim] sample:		1988.97 time, 1990.02 real, 6620 MB
[runlim] sample:		1998.97 time, 2000.02 real, 6633 MB
[runlim] sample:		2008.97 time, 2010.02 real, 6622 MB
[runlim] sample:		2018.97 time, 2020.02 real, 6630 MB
[runlim] sample:		2028.97 time, 2030.02 real, 6623 MB
[runlim] sample:		2038.98 time, 2040.02 real, 6633 MB
[runlim] sample:		2048.97 time, 2050.02 real, 6622 MB
[runlim] sample:		2058.98 time, 2060.02 real, 6623 MB
[runlim] sample:		2068.98 time, 2070.02 real, 6625 MB
[runlim] sample:		2078.97 time, 2080.02 real, 6645 MB
[runlim] sample:		2088.98 time, 2090.02 real, 6639 MB
[runlim] sample:		2098.98 time, 2100.02 real, 6635 MB
[runlim] sample:		2108.97 time, 2110.02 real, 6645 MB
[runlim] sample:		2118.97 time, 2120.02 real, 6654 MB
[runlim] sample:		2128.97 time, 2130.02 real, 6645 MB
[runlim] sample:		2138.97 time, 2140.02 real, 6650 MB
[runlim] sample:		2148.97 time, 2150.02 real, 6659 MB
[runlim] sample:		2158.97 time, 2160.02 real, 6645 MB
[runlim] sample:		2168.97 time, 2170.02 real, 6662 MB
[runlim] sample:		2178.97 time, 2180.02 real, 6666 MB
[runlim] sample:		2188.97 time, 2190.02 real, 6645 MB
[runlim] sample:		2198.97 time, 2200.02 real, 6655 MB
[runlim] sample:		2208.97 time, 2210.02 real, 6655 MB
[runlim] sample:		2218.97 time, 2220.02 real, 6656 MB
[runlim] sample:		2228.97 time, 2230.02 real, 6660 MB
[runlim] sample:		2238.97 time, 2240.02 real, 6645 MB
[runlim] sample:		2248.97 time, 2250.02 real, 6667 MB
[runlim] sample:		2258.97 time, 2260.02 real, 6645 MB
[runlim] sample:		2268.97 time, 2270.02 real, 6639 MB
[runlim] sample:		2278.97 time, 2280.02 real, 6633 MB
[runlim] sample:		2288.97 time, 2290.02 real, 6646 MB
[runlim] sample:		2298.97 time, 2300.02 real, 6640 MB
[runlim] sample:		2308.97 time, 2310.02 real, 6653 MB
[runlim] sample:		2318.97 time, 2320.02 real, 6648 MB
[runlim] sample:		2328.97 time, 2330.02 real, 6655 MB
[runlim] sample:		2338.97 time, 2340.02 real, 6654 MB
[runlim] sample:		2348.97 time, 2350.02 real, 6650 MB
[runlim] sample:		2358.97 time, 2360.02 real, 6648 MB
[runlim] sample:		2368.97 time, 2370.02 real, 6666 MB
[runlim] sample:		2378.97 time, 2380.02 real, 6667 MB
[runlim] sample:		2388.97 time, 2390.02 real, 6640 MB
[runlim] sample:		2398.97 time, 2400.02 real, 6631 MB
[runlim] sample:		2408.97 time, 2410.02 real, 6645 MB
[runlim] sample:		2418.97 time, 2420.02 real, 6634 MB
[runlim] sample:		2428.97 time, 2430.02 real, 6646 MB
[runlim] sample:		2438.97 time, 2440.02 real, 6645 MB
[runlim] sample:		2448.97 time, 2450.02 real, 6636 MB
[runlim] sample:		2458.96 time, 2460.02 real, 6660 MB
[runlim] sample:		2468.97 time, 2470.02 real, 6652 MB
[runlim] sample:		2478.97 time, 2480.02 real, 6667 MB
[runlim] sample:		2488.97 time, 2490.02 real, 6697 MB
[runlim] sample:		2498.97 time, 2500.02 real, 6696 MB
[runlim] sample:		2508.96 time, 2510.02 real, 6674 MB
[runlim] sample:		2518.97 time, 2520.02 real, 6701 MB
[runlim] sample:		2528.97 time, 2530.02 real, 6692 MB
[runlim] sample:		2538.96 time, 2540.02 real, 6681 MB
[runlim] sample:		2548.97 time, 2550.02 real, 6709 MB
[runlim] sample:		2558.97 time, 2560.02 real, 6691 MB
[runlim] sample:		2568.96 time, 2570.02 real, 6673 MB
[runlim] sample:		2578.97 time, 2580.02 real, 6686 MB
[runlim] sample:		2588.96 time, 2590.02 real, 6656 MB
[runlim] sample:		2598.96 time, 2600.02 real, 6665 MB
[runlim] sample:		2608.96 time, 2610.02 real, 6660 MB
[runlim] sample:		2618.97 time, 2620.02 real, 6657 MB
[runlim] sample:		2628.96 time, 2630.02 real, 6653 MB
[runlim] sample:		2638.97 time, 2640.02 real, 6654 MB
[runlim] sample:		2648.97 time, 2650.02 real, 6665 MB
[runlim] sample:		2658.97 time, 2660.02 real, 6657 MB
[runlim] sample:		2668.96 time, 2670.02 real, 6650 MB
[runlim] sample:		2678.97 time, 2680.02 real, 6667 MB
[runlim] sample:		2688.97 time, 2690.02 real, 6668 MB
[runlim] sample:		2698.96 time, 2700.02 real, 6663 MB
[runlim] end:			Sat Feb 29 08:05:18 2020
[runlim] status:		out of time
[runlim] result:		2
[runlim] children:		1
[runlim] real:			2700.57 seconds
[runlim] time:			2698.96 seconds
[runlim] space:			6752 MB
[runlim] samples:		27000
