[runlim] version:		1.18
[runlim] host:			c3n28
[runlim] time limit:		2700 seconds
[runlim] real time limit:	2700 seconds
[runlim] space limit:		7000 MB
[runlim] argv[0]:		./binary
[runlim] argv[1]:		/data/cnf/ankit/E1-A1-instances/dungeon_i25-m12-u5-v0.pddl_planlen=200.qdimacs
[runlim] start:			Sat Feb 29 07:20:15 2020
[runlim] child:			11318
[runlim] sample:		7.80 time, 10.12 real, 122 MB
[runlim] sample:		17.80 time, 20.12 real, 122 MB
[runlim] sample:		27.80 time, 30.12 real, 122 MB
[runlim] sample:		37.81 time, 40.12 real, 122 MB
[runlim] sample:		47.81 time, 50.12 real, 122 MB
[runlim] sample:		57.81 time, 60.12 real, 122 MB
[runlim] sample:		67.81 time, 70.12 real, 122 MB
[runlim] sample:		77.81 time, 80.12 real, 122 MB
[runlim] sample:		87.81 time, 90.12 real, 122 MB
[runlim] sample:		97.81 time, 100.12 real, 122 MB
[runlim] sample:		107.81 time, 110.12 real, 122 MB
[runlim] sample:		117.81 time, 120.12 real, 122 MB
[runlim] sample:		127.81 time, 130.12 real, 122 MB
[runlim] sample:		137.81 time, 140.12 real, 122 MB
[runlim] sample:		147.81 time, 150.12 real, 122 MB
[runlim] sample:		157.81 time, 160.12 real, 122 MB
[runlim] sample:		167.81 time, 170.12 real, 108 MB
[runlim] sample:		177.81 time, 180.12 real, 108 MB
[runlim] sample:		187.81 time, 190.12 real, 108 MB
[runlim] sample:		197.81 time, 200.12 real, 108 MB
[runlim] sample:		207.81 time, 210.12 real, 108 MB
[runlim] sample:		217.81 time, 220.12 real, 108 MB
[runlim] sample:		227.81 time, 230.12 real, 108 MB
[runlim] sample:		237.81 time, 240.12 real, 108 MB
[runlim] sample:		247.81 time, 250.12 real, 108 MB
[runlim] sample:		257.81 time, 260.12 real, 108 MB
[runlim] sample:		267.81 time, 270.12 real, 108 MB
[runlim] sample:		277.81 time, 280.12 real, 108 MB
[runlim] sample:		287.81 time, 290.12 real, 108 MB
[runlim] sample:		297.81 time, 300.12 real, 108 MB
[runlim] sample:		307.81 time, 310.12 real, 108 MB
[runlim] sample:		317.81 time, 320.12 real, 108 MB
[runlim] sample:		327.81 time, 330.12 real, 116 MB
[runlim] sample:		337.81 time, 340.12 real, 116 MB
[runlim] sample:		347.81 time, 350.12 real, 116 MB
[runlim] sample:		357.81 time, 360.12 real, 116 MB
[runlim] sample:		367.81 time, 370.12 real, 116 MB
[runlim] sample:		377.81 time, 380.12 real, 116 MB
[runlim] sample:		387.81 time, 390.12 real, 116 MB
[runlim] sample:		397.81 time, 400.12 real, 116 MB
[runlim] sample:		407.81 time, 410.12 real, 116 MB
[runlim] sample:		417.81 time, 420.12 real, 116 MB
[runlim] sample:		427.81 time, 430.12 real, 117 MB
[runlim] sample:		437.81 time, 440.12 real, 117 MB
[runlim] sample:		447.81 time, 450.12 real, 117 MB
[runlim] sample:		457.81 time, 460.12 real, 117 MB
[runlim] sample:		467.81 time, 470.12 real, 117 MB
[runlim] sample:		477.81 time, 480.12 real, 117 MB
[runlim] sample:		487.81 time, 490.12 real, 117 MB
[runlim] sample:		497.81 time, 500.12 real, 117 MB
[runlim] sample:		507.81 time, 510.12 real, 117 MB
[runlim] sample:		517.81 time, 520.12 real, 117 MB
[runlim] sample:		527.81 time, 530.12 real, 117 MB
[runlim] sample:		537.81 time, 540.12 real, 117 MB
[runlim] sample:		547.81 time, 550.12 real, 117 MB
[runlim] sample:		557.81 time, 560.12 real, 117 MB
[runlim] sample:		567.81 time, 570.12 real, 117 MB
[runlim] sample:		577.81 time, 580.12 real, 117 MB
[runlim] sample:		587.81 time, 590.12 real, 117 MB
[runlim] sample:		597.81 time, 600.12 real, 117 MB
[runlim] sample:		607.81 time, 610.12 real, 117 MB
[runlim] sample:		617.81 time, 620.12 real, 117 MB
[runlim] sample:		627.81 time, 630.12 real, 117 MB
[runlim] sample:		637.81 time, 640.12 real, 117 MB
[runlim] sample:		647.81 time, 650.12 real, 117 MB
[runlim] sample:		657.81 time, 660.12 real, 118 MB
[runlim] sample:		667.80 time, 670.12 real, 118 MB
[runlim] sample:		677.80 time, 680.12 real, 118 MB
[runlim] sample:		687.80 time, 690.12 real, 118 MB
[runlim] sample:		697.80 time, 700.12 real, 118 MB
[runlim] sample:		707.80 time, 710.12 real, 118 MB
[runlim] sample:		717.80 time, 720.12 real, 118 MB
[runlim] sample:		727.80 time, 730.12 real, 118 MB
[runlim] sample:		737.80 time, 740.12 real, 118 MB
[runlim] sample:		747.80 time, 750.12 real, 118 MB
[runlim] sample:		757.80 time, 760.12 real, 118 MB
[runlim] sample:		767.80 time, 770.12 real, 118 MB
[runlim] sample:		777.80 time, 780.12 real, 118 MB
[runlim] sample:		787.80 time, 790.12 real, 118 MB
[runlim] sample:		797.80 time, 800.12 real, 118 MB
[runlim] sample:		807.80 time, 810.12 real, 118 MB
[runlim] sample:		817.80 time, 820.12 real, 118 MB
[runlim] sample:		827.80 time, 830.12 real, 118 MB
[runlim] sample:		837.80 time, 840.12 real, 118 MB
[runlim] sample:		847.80 time, 850.12 real, 118 MB
[runlim] sample:		857.80 time, 860.12 real, 118 MB
[runlim] sample:		867.80 time, 870.12 real, 118 MB
[runlim] sample:		877.80 time, 880.12 real, 118 MB
[runlim] sample:		887.80 time, 890.12 real, 119 MB
[runlim] sample:		897.80 time, 900.12 real, 119 MB
[runlim] sample:		907.80 time, 910.12 real, 119 MB
[runlim] sample:		917.80 time, 920.12 real, 119 MB
[runlim] sample:		927.80 time, 930.12 real, 119 MB
[runlim] sample:		937.80 time, 940.12 real, 119 MB
[runlim] sample:		947.80 time, 950.12 real, 119 MB
[runlim] sample:		957.80 time, 960.12 real, 119 MB
[runlim] sample:		967.80 time, 970.12 real, 119 MB
[runlim] sample:		977.80 time, 980.12 real, 119 MB
[runlim] sample:		987.80 time, 990.12 real, 119 MB
[runlim] sample:		997.80 time, 1000.12 real, 119 MB
[runlim] sample:		1007.80 time, 1010.12 real, 119 MB
[runlim] sample:		1017.80 time, 1020.12 real, 119 MB
[runlim] sample:		1027.80 time, 1030.12 real, 119 MB
[runlim] sample:		1037.80 time, 1040.12 real, 119 MB
[runlim] sample:		1047.80 time, 1050.12 real, 119 MB
[runlim] sample:		1057.80 time, 1060.12 real, 120 MB
[runlim] sample:		1067.80 time, 1070.12 real, 120 MB
[runlim] sample:		1077.80 time, 1080.12 real, 120 MB
[runlim] sample:		1087.80 time, 1090.12 real, 120 MB
[runlim] sample:		1097.80 time, 1100.12 real, 120 MB
[runlim] sample:		1107.80 time, 1110.12 real, 120 MB
[runlim] sample:		1117.80 time, 1120.12 real, 120 MB
[runlim] sample:		1127.80 time, 1130.12 real, 120 MB
[runlim] sample:		1137.80 time, 1140.12 real, 120 MB
[runlim] sample:		1147.80 time, 1150.12 real, 120 MB
[runlim] sample:		1157.80 time, 1160.12 real, 120 MB
[runlim] sample:		1167.80 time, 1170.12 real, 120 MB
[runlim] sample:		1177.80 time, 1180.12 real, 120 MB
[runlim] sample:		1187.80 time, 1190.12 real, 120 MB
[runlim] sample:		1197.80 time, 1200.12 real, 120 MB
[runlim] sample:		1207.80 time, 1210.12 real, 120 MB
[runlim] sample:		1217.80 time, 1220.12 real, 120 MB
[runlim] sample:		1227.80 time, 1230.12 real, 120 MB
[runlim] sample:		1237.80 time, 1240.12 real, 120 MB
[runlim] sample:		1247.80 time, 1250.12 real, 120 MB
[runlim] sample:		1257.80 time, 1260.12 real, 120 MB
[runlim] sample:		1267.80 time, 1270.12 real, 120 MB
[runlim] sample:		1277.80 time, 1280.12 real, 121 MB
[runlim] sample:		1287.80 time, 1290.12 real, 121 MB
[runlim] sample:		1297.80 time, 1300.12 real, 121 MB
[runlim] sample:		1307.80 time, 1310.12 real, 121 MB
[runlim] sample:		1317.80 time, 1320.12 real, 121 MB
[runlim] sample:		1327.80 time, 1330.12 real, 121 MB
[runlim] sample:		1337.80 time, 1340.12 real, 121 MB
[runlim] sample:		1347.80 time, 1350.12 real, 121 MB
[runlim] sample:		1357.80 time, 1360.12 real, 121 MB
[runlim] sample:		1367.80 time, 1370.12 real, 121 MB
[runlim] sample:		1377.80 time, 1380.12 real, 121 MB
[runlim] sample:		1387.80 time, 1390.12 real, 121 MB
[runlim] sample:		1397.80 time, 1400.12 real, 121 MB
[runlim] sample:		1407.80 time, 1410.12 real, 121 MB
[runlim] sample:		1417.80 time, 1420.12 real, 121 MB
[runlim] sample:		1427.80 time, 1430.12 real, 121 MB
[runlim] sample:		1437.80 time, 1440.12 real, 121 MB
[runlim] sample:		1447.80 time, 1450.12 real, 121 MB
[runlim] sample:		1457.80 time, 1460.12 real, 121 MB
[runlim] sample:		1467.80 time, 1470.12 real, 121 MB
[runlim] sample:		1477.80 time, 1480.12 real, 121 MB
[runlim] sample:		1487.80 time, 1490.12 real, 121 MB
[runlim] sample:		1497.80 time, 1500.12 real, 122 MB
[runlim] sample:		1507.80 time, 1510.12 real, 122 MB
[runlim] sample:		1517.80 time, 1520.12 real, 122 MB
[runlim] sample:		1527.80 time, 1530.12 real, 122 MB
[runlim] sample:		1537.80 time, 1540.12 real, 122 MB
[runlim] sample:		1547.80 time, 1550.12 real, 122 MB
[runlim] sample:		1557.80 time, 1560.12 real, 122 MB
[runlim] sample:		1567.80 time, 1570.12 real, 122 MB
[runlim] sample:		1577.80 time, 1580.12 real, 122 MB
[runlim] sample:		1587.80 time, 1590.12 real, 122 MB
[runlim] sample:		1597.79 time, 1600.12 real, 122 MB
[runlim] sample:		1607.79 time, 1610.12 real, 122 MB
[runlim] sample:		1617.80 time, 1620.12 real, 122 MB
[runlim] sample:		1627.80 time, 1630.12 real, 122 MB
[runlim] sample:		1637.80 time, 1640.12 real, 122 MB
[runlim] sample:		1647.79 time, 1650.12 real, 122 MB
[runlim] sample:		1657.80 time, 1660.12 real, 122 MB
[runlim] sample:		1667.80 time, 1670.12 real, 122 MB
[runlim] sample:		1677.80 time, 1680.12 real, 122 MB
[runlim] sample:		1687.79 time, 1690.12 real, 122 MB
[runlim] sample:		1697.80 time, 1700.12 real, 122 MB
[runlim] sample:		1707.80 time, 1710.12 real, 122 MB
[runlim] sample:		1717.79 time, 1720.12 real, 123 MB
[runlim] sample:		1727.77 time, 1730.12 real, 123 MB
[runlim] sample:		1737.75 time, 1740.12 real, 123 MB
[runlim] sample:		1747.73 time, 1750.12 real, 123 MB
[runlim] sample:		1757.71 time, 1760.12 real, 123 MB
[runlim] sample:		1767.70 time, 1770.12 real, 123 MB
[runlim] sample:		1777.68 time, 1780.12 real, 123 MB
[runlim] sample:		1787.66 time, 1790.12 real, 123 MB
[runlim] sample:		1797.64 time, 1800.12 real, 123 MB
[runlim] sample:		1807.62 time, 1810.12 real, 123 MB
[runlim] sample:		1817.61 time, 1820.12 real, 123 MB
[runlim] sample:		1827.59 time, 1830.12 real, 123 MB
[runlim] sample:		1837.56 time, 1840.12 real, 254 MB
[runlim] sample:		1847.55 time, 1850.12 real, 369 MB
[runlim] sample:		1857.53 time, 1860.12 real, 483 MB
[runlim] sample:		1867.51 time, 1870.12 real, 597 MB
[runlim] sample:		1877.49 time, 1880.12 real, 712 MB
[runlim] sample:		1887.47 time, 1890.12 real, 826 MB
[runlim] sample:		1897.45 time, 1900.12 real, 940 MB
[runlim] sample:		1907.44 time, 1910.12 real, 1054 MB
[runlim] sample:		1917.42 time, 1920.12 real, 1169 MB
[runlim] sample:		1927.40 time, 1930.12 real, 1283 MB
[runlim] sample:		1937.37 time, 1940.12 real, 1397 MB
[runlim] sample:		1947.35 time, 1950.12 real, 1512 MB
[runlim] sample:		1957.34 time, 1960.12 real, 1626 MB
[runlim] sample:		1967.32 time, 1970.12 real, 1740 MB
[runlim] sample:		1977.30 time, 1980.12 real, 1855 MB
[runlim] sample:		1987.28 time, 1990.12 real, 1969 MB
[runlim] sample:		1997.26 time, 2000.12 real, 2084 MB
[runlim] sample:		2007.25 time, 2010.12 real, 2198 MB
[runlim] sample:		2017.23 time, 2020.12 real, 2312 MB
[runlim] sample:		2027.21 time, 2030.12 real, 2426 MB
[runlim] sample:		2037.19 time, 2040.12 real, 2541 MB
[runlim] sample:		2047.16 time, 2050.12 real, 2655 MB
[runlim] sample:		2057.15 time, 2060.12 real, 2769 MB
[runlim] sample:		2067.13 time, 2070.12 real, 2883 MB
[runlim] sample:		2077.11 time, 2080.12 real, 2998 MB
[runlim] sample:		2087.09 time, 2090.12 real, 3112 MB
[runlim] sample:		2097.07 time, 2100.12 real, 3226 MB
[runlim] sample:		2107.06 time, 2110.12 real, 3341 MB
[runlim] sample:		2117.04 time, 2120.12 real, 3455 MB
[runlim] sample:		2127.02 time, 2130.12 real, 3569 MB
[runlim] sample:		2137.00 time, 2140.12 real, 3683 MB
[runlim] sample:		2146.98 time, 2150.12 real, 3798 MB
[runlim] sample:		2156.97 time, 2160.12 real, 3913 MB
[runlim] sample:		2166.95 time, 2170.12 real, 4028 MB
[runlim] sample:		2176.93 time, 2180.12 real, 4143 MB
[runlim] sample:		2186.92 time, 2190.12 real, 4257 MB
[runlim] sample:		2196.90 time, 2200.12 real, 4372 MB
[runlim] sample:		2206.89 time, 2210.12 real, 4487 MB
[runlim] sample:		2216.87 time, 2220.12 real, 4602 MB
[runlim] sample:		2226.86 time, 2230.12 real, 4717 MB
[runlim] sample:		2236.84 time, 2240.12 real, 4832 MB
[runlim] sample:		2246.82 time, 2250.12 real, 4946 MB
[runlim] sample:		2256.80 time, 2260.12 real, 5061 MB
[runlim] sample:		2266.78 time, 2270.12 real, 5176 MB
[runlim] sample:		2276.76 time, 2280.12 real, 5291 MB
[runlim] sample:		2286.76 time, 2290.12 real, 5406 MB
[runlim] sample:		2296.74 time, 2300.12 real, 5521 MB
[runlim] sample:		2306.72 time, 2310.12 real, 5635 MB
[runlim] sample:		2316.70 time, 2320.12 real, 5750 MB
[runlim] sample:		2326.69 time, 2330.12 real, 5865 MB
[runlim] sample:		2336.68 time, 2340.12 real, 5980 MB
[runlim] sample:		2346.65 time, 2350.12 real, 6095 MB
[runlim] sample:		2356.64 time, 2360.12 real, 6210 MB
[runlim] sample:		2366.64 time, 2370.12 real, 6325 MB
[runlim] sample:		2376.64 time, 2380.12 real, 6440 MB
[runlim] sample:		2386.64 time, 2390.12 real, 6555 MB
[runlim] sample:		2396.64 time, 2400.12 real, 6670 MB
[runlim] sample:		2406.64 time, 2410.12 real, 6785 MB
[runlim] sample:		2416.64 time, 2420.12 real, 6900 MB
[runlim] end:			Sat Feb 29 08:00:44 2020
[runlim] status:		out of memory
[runlim] result:		3
[runlim] children:		1
[runlim] real:			2429.31 seconds
[runlim] time:			2425.44 seconds
[runlim] space:			7001 MB
[runlim] samples:		24288
