[runlim] version:		1.18
[runlim] host:			c3n27
[runlim] time limit:		2700 seconds
[runlim] real time limit:	2700 seconds
[runlim] space limit:		7000 MB
[runlim] argv[0]:		./binary
[runlim] argv[1]:		/data/cnf/ankit/E1-A1-instances/eijkbs4863.qdimacs
[runlim] start:			Sat Feb 29 07:20:16 2020
[runlim] child:			13380
[runlim] sample:		9.44 time, 10.02 real, 27 MB
[runlim] sample:		19.44 time, 20.02 real, 42 MB
[runlim] sample:		29.44 time, 30.02 real, 57 MB
[runlim] sample:		39.44 time, 40.02 real, 72 MB
[runlim] sample:		49.44 time, 50.02 real, 86 MB
[runlim] sample:		59.44 time, 60.02 real, 100 MB
[runlim] sample:		69.44 time, 70.02 real, 114 MB
[runlim] sample:		79.44 time, 80.02 real, 128 MB
[runlim] sample:		89.44 time, 90.02 real, 143 MB
[runlim] sample:		99.44 time, 100.02 real, 158 MB
[runlim] sample:		109.43 time, 110.02 real, 172 MB
[runlim] sample:		119.44 time, 120.02 real, 186 MB
[runlim] sample:		129.43 time, 130.02 real, 200 MB
[runlim] sample:		139.43 time, 140.02 real, 214 MB
[runlim] sample:		149.44 time, 150.02 real, 227 MB
[runlim] sample:		159.43 time, 160.02 real, 241 MB
[runlim] sample:		169.43 time, 170.02 real, 255 MB
[runlim] sample:		179.44 time, 180.02 real, 268 MB
[runlim] sample:		189.44 time, 190.02 real, 282 MB
[runlim] sample:		199.44 time, 200.02 real, 296 MB
[runlim] sample:		209.44 time, 210.02 real, 308 MB
[runlim] sample:		219.44 time, 220.02 real, 321 MB
[runlim] sample:		229.44 time, 230.02 real, 334 MB
[runlim] sample:		239.44 time, 240.02 real, 347 MB
[runlim] sample:		249.44 time, 250.02 real, 360 MB
[runlim] sample:		259.44 time, 260.02 real, 373 MB
[runlim] sample:		269.44 time, 270.02 real, 385 MB
[runlim] sample:		279.44 time, 280.02 real, 397 MB
[runlim] sample:		289.44 time, 290.02 real, 409 MB
[runlim] sample:		299.44 time, 300.02 real, 420 MB
[runlim] sample:		309.43 time, 310.02 real, 431 MB
[runlim] sample:		319.43 time, 320.02 real, 442 MB
[runlim] sample:		329.43 time, 330.02 real, 452 MB
[runlim] sample:		339.43 time, 340.02 real, 462 MB
[runlim] sample:		349.43 time, 350.02 real, 473 MB
[runlim] sample:		359.43 time, 360.02 real, 484 MB
[runlim] sample:		369.43 time, 370.02 real, 495 MB
[runlim] sample:		379.44 time, 380.02 real, 505 MB
[runlim] sample:		389.43 time, 390.02 real, 515 MB
[runlim] sample:		399.43 time, 400.02 real, 525 MB
[runlim] sample:		409.43 time, 410.02 real, 536 MB
[runlim] sample:		419.43 time, 420.02 real, 547 MB
[runlim] sample:		429.43 time, 430.02 real, 557 MB
[runlim] sample:		439.44 time, 440.02 real, 567 MB
[runlim] sample:		449.43 time, 450.02 real, 579 MB
[runlim] sample:		459.43 time, 460.02 real, 588 MB
[runlim] sample:		469.44 time, 470.02 real, 598 MB
[runlim] sample:		479.43 time, 480.02 real, 606 MB
[runlim] sample:		489.43 time, 490.02 real, 615 MB
[runlim] sample:		499.43 time, 500.02 real, 624 MB
[runlim] sample:		509.43 time, 510.02 real, 633 MB
[runlim] sample:		519.43 time, 520.02 real, 641 MB
[runlim] sample:		529.43 time, 530.02 real, 650 MB
[runlim] sample:		539.43 time, 540.02 real, 661 MB
[runlim] sample:		549.43 time, 550.02 real, 669 MB
[runlim] sample:		559.43 time, 560.02 real, 678 MB
[runlim] sample:		569.43 time, 570.02 real, 687 MB
[runlim] sample:		579.43 time, 580.02 real, 696 MB
[runlim] sample:		589.43 time, 590.02 real, 704 MB
[runlim] sample:		599.44 time, 600.02 real, 713 MB
[runlim] sample:		609.44 time, 610.02 real, 721 MB
[runlim] sample:		619.44 time, 620.02 real, 729 MB
[runlim] sample:		629.43 time, 630.02 real, 739 MB
[runlim] sample:		639.43 time, 640.02 real, 748 MB
[runlim] sample:		649.43 time, 650.02 real, 756 MB
[runlim] sample:		659.43 time, 660.02 real, 765 MB
[runlim] sample:		669.43 time, 670.02 real, 773 MB
[runlim] sample:		679.43 time, 680.02 real, 782 MB
[runlim] sample:		689.43 time, 690.02 real, 791 MB
[runlim] sample:		699.43 time, 700.02 real, 801 MB
[runlim] sample:		709.44 time, 710.02 real, 811 MB
[runlim] sample:		719.44 time, 720.02 real, 819 MB
[runlim] sample:		729.44 time, 730.02 real, 828 MB
[runlim] sample:		739.43 time, 740.02 real, 837 MB
[runlim] sample:		749.44 time, 750.02 real, 846 MB
[runlim] sample:		759.43 time, 760.02 real, 854 MB
[runlim] sample:		769.44 time, 770.02 real, 863 MB
[runlim] sample:		779.43 time, 780.02 real, 872 MB
[runlim] sample:		789.43 time, 790.02 real, 882 MB
[runlim] sample:		799.43 time, 800.02 real, 890 MB
[runlim] sample:		809.43 time, 810.02 real, 900 MB
[runlim] sample:		819.43 time, 820.02 real, 909 MB
[runlim] sample:		829.43 time, 830.02 real, 919 MB
[runlim] sample:		839.43 time, 840.02 real, 930 MB
[runlim] sample:		849.43 time, 850.02 real, 940 MB
[runlim] sample:		859.43 time, 860.02 real, 950 MB
[runlim] sample:		869.43 time, 870.02 real, 958 MB
[runlim] sample:		879.43 time, 880.02 real, 965 MB
[runlim] sample:		889.43 time, 890.02 real, 973 MB
[runlim] sample:		899.43 time, 900.02 real, 983 MB
[runlim] sample:		909.43 time, 910.02 real, 992 MB
[runlim] sample:		919.43 time, 920.02 real, 1001 MB
[runlim] sample:		929.43 time, 930.02 real, 1011 MB
[runlim] sample:		939.43 time, 940.02 real, 1019 MB
[runlim] sample:		949.43 time, 950.02 real, 1027 MB
[runlim] sample:		959.43 time, 960.02 real, 1037 MB
[runlim] sample:		969.43 time, 970.02 real, 1045 MB
[runlim] sample:		979.43 time, 980.02 real, 1053 MB
[runlim] sample:		989.43 time, 990.02 real, 1062 MB
[runlim] sample:		999.43 time, 1000.02 real, 1071 MB
[runlim] sample:		1009.43 time, 1010.02 real, 1079 MB
[runlim] sample:		1019.43 time, 1020.02 real, 1087 MB
[runlim] sample:		1029.43 time, 1030.02 real, 1095 MB
[runlim] sample:		1039.43 time, 1040.02 real, 1103 MB
[runlim] sample:		1049.43 time, 1050.02 real, 1112 MB
[runlim] sample:		1059.43 time, 1060.02 real, 1121 MB
[runlim] sample:		1069.42 time, 1070.02 real, 1130 MB
[runlim] sample:		1079.42 time, 1080.02 real, 1138 MB
[runlim] sample:		1089.43 time, 1090.02 real, 1147 MB
[runlim] sample:		1099.43 time, 1100.02 real, 1155 MB
[runlim] sample:		1109.43 time, 1110.02 real, 1164 MB
[runlim] sample:		1119.43 time, 1120.02 real, 1172 MB
[runlim] sample:		1129.43 time, 1130.02 real, 1181 MB
[runlim] sample:		1139.43 time, 1140.02 real, 1189 MB
[runlim] sample:		1149.43 time, 1150.02 real, 1197 MB
[runlim] sample:		1159.43 time, 1160.02 real, 1206 MB
[runlim] sample:		1169.43 time, 1170.02 real, 1213 MB
[runlim] sample:		1179.43 time, 1180.02 real, 1222 MB
[runlim] sample:		1189.42 time, 1190.02 real, 1230 MB
[runlim] sample:		1199.43 time, 1200.02 real, 1238 MB
[runlim] sample:		1209.42 time, 1210.02 real, 1248 MB
[runlim] sample:		1219.43 time, 1220.02 real, 1255 MB
[runlim] sample:		1229.43 time, 1230.02 real, 1264 MB
[runlim] sample:		1239.43 time, 1240.02 real, 1272 MB
[runlim] sample:		1249.42 time, 1250.02 real, 1280 MB
[runlim] sample:		1259.42 time, 1260.02 real, 1289 MB
[runlim] sample:		1269.43 time, 1270.02 real, 1298 MB
[runlim] sample:		1279.43 time, 1280.02 real, 1306 MB
[runlim] sample:		1289.43 time, 1290.02 real, 1314 MB
[runlim] sample:		1299.43 time, 1300.02 real, 1324 MB
[runlim] sample:		1309.43 time, 1310.02 real, 1333 MB
[runlim] sample:		1319.43 time, 1320.02 real, 1340 MB
[runlim] sample:		1329.43 time, 1330.02 real, 1348 MB
[runlim] sample:		1339.43 time, 1340.02 real, 1355 MB
[runlim] sample:		1349.42 time, 1350.02 real, 1365 MB
[runlim] sample:		1359.43 time, 1360.02 real, 1377 MB
[runlim] sample:		1369.42 time, 1370.02 real, 1385 MB
[runlim] sample:		1379.43 time, 1380.02 real, 1393 MB
[runlim] sample:		1389.43 time, 1390.02 real, 1401 MB
[runlim] sample:		1399.43 time, 1400.02 real, 1409 MB
[runlim] sample:		1409.43 time, 1410.02 real, 1416 MB
[runlim] sample:		1419.42 time, 1420.02 real, 1424 MB
[runlim] sample:		1429.43 time, 1430.02 real, 1432 MB
[runlim] sample:		1439.43 time, 1440.02 real, 1439 MB
[runlim] sample:		1449.43 time, 1450.02 real, 1446 MB
[runlim] sample:		1459.42 time, 1460.02 real, 1454 MB
[runlim] sample:		1469.42 time, 1470.02 real, 1461 MB
[runlim] sample:		1479.42 time, 1480.02 real, 1469 MB
[runlim] sample:		1489.43 time, 1490.02 real, 1477 MB
[runlim] sample:		1499.43 time, 1500.02 real, 1485 MB
[runlim] sample:		1509.43 time, 1510.02 real, 1493 MB
[runlim] sample:		1519.42 time, 1520.02 real, 1501 MB
[runlim] sample:		1529.42 time, 1530.02 real, 1510 MB
[runlim] sample:		1539.42 time, 1540.02 real, 1517 MB
[runlim] sample:		1549.43 time, 1550.02 real, 1524 MB
[runlim] sample:		1559.43 time, 1560.02 real, 1531 MB
[runlim] sample:		1569.43 time, 1570.02 real, 1541 MB
[runlim] sample:		1579.42 time, 1580.02 real, 1548 MB
[runlim] sample:		1589.43 time, 1590.02 real, 1554 MB
[runlim] sample:		1599.43 time, 1600.02 real, 1561 MB
[runlim] sample:		1609.43 time, 1610.02 real, 1566 MB
[runlim] sample:		1619.42 time, 1620.02 real, 1573 MB
[runlim] sample:		1629.42 time, 1630.02 real, 1580 MB
[runlim] sample:		1639.42 time, 1640.02 real, 1587 MB
[runlim] sample:		1649.42 time, 1650.02 real, 1594 MB
[runlim] sample:		1659.42 time, 1660.02 real, 1600 MB
[runlim] sample:		1669.42 time, 1670.02 real, 1607 MB
[runlim] sample:		1679.42 time, 1680.02 real, 1614 MB
[runlim] sample:		1689.43 time, 1690.02 real, 1621 MB
[runlim] sample:		1699.42 time, 1700.02 real, 1629 MB
[runlim] sample:		1709.42 time, 1710.02 real, 1635 MB
[runlim] sample:		1719.43 time, 1720.02 real, 1641 MB
[runlim] sample:		1729.42 time, 1730.02 real, 1646 MB
[runlim] sample:		1739.42 time, 1740.02 real, 1654 MB
[runlim] sample:		1749.42 time, 1750.02 real, 1661 MB
[runlim] sample:		1759.42 time, 1760.02 real, 1667 MB
[runlim] sample:		1769.42 time, 1770.02 real, 1674 MB
[runlim] sample:		1779.42 time, 1780.02 real, 1681 MB
[runlim] sample:		1789.42 time, 1790.02 real, 1688 MB
[runlim] sample:		1799.41 time, 1800.02 real, 1695 MB
[runlim] sample:		1809.42 time, 1810.02 real, 1702 MB
[runlim] sample:		1819.42 time, 1820.02 real, 1710 MB
[runlim] sample:		1829.42 time, 1830.02 real, 1716 MB
[runlim] sample:		1839.42 time, 1840.02 real, 1724 MB
[runlim] sample:		1849.42 time, 1850.02 real, 1730 MB
[runlim] sample:		1859.42 time, 1860.02 real, 1738 MB
[runlim] sample:		1869.42 time, 1870.02 real, 1745 MB
[runlim] sample:		1879.42 time, 1880.02 real, 1752 MB
[runlim] sample:		1889.42 time, 1890.02 real, 1758 MB
[runlim] sample:		1899.42 time, 1900.02 real, 1766 MB
[runlim] sample:		1909.42 time, 1910.02 real, 1772 MB
[runlim] sample:		1919.42 time, 1920.02 real, 1781 MB
[runlim] sample:		1929.42 time, 1930.02 real, 1787 MB
[runlim] sample:		1939.42 time, 1940.02 real, 1794 MB
[runlim] sample:		1949.42 time, 1950.02 real, 1800 MB
[runlim] sample:		1959.42 time, 1960.02 real, 1806 MB
[runlim] sample:		1969.42 time, 1970.02 real, 1812 MB
[runlim] sample:		1979.42 time, 1980.02 real, 1819 MB
[runlim] sample:		1989.42 time, 1990.02 real, 1825 MB
[runlim] sample:		1999.42 time, 2000.02 real, 1831 MB
[runlim] sample:		2009.42 time, 2010.02 real, 1836 MB
[runlim] sample:		2019.42 time, 2020.02 real, 1842 MB
[runlim] sample:		2029.42 time, 2030.02 real, 1848 MB
[runlim] sample:		2039.42 time, 2040.02 real, 1853 MB
[runlim] sample:		2049.42 time, 2050.02 real, 1859 MB
[runlim] sample:		2059.42 time, 2060.02 real, 1864 MB
[runlim] sample:		2069.42 time, 2070.02 real, 1870 MB
[runlim] sample:		2079.42 time, 2080.02 real, 1876 MB
[runlim] sample:		2089.41 time, 2090.02 real, 1882 MB
[runlim] sample:		2099.42 time, 2100.02 real, 1888 MB
[runlim] sample:		2109.42 time, 2110.02 real, 1895 MB
[runlim] sample:		2119.42 time, 2120.02 real, 1901 MB
[runlim] sample:		2129.42 time, 2130.02 real, 1909 MB
[runlim] sample:		2139.41 time, 2140.02 real, 1915 MB
[runlim] sample:		2149.42 time, 2150.02 real, 1922 MB
[runlim] sample:		2159.42 time, 2160.02 real, 1928 MB
[runlim] sample:		2169.42 time, 2170.02 real, 1935 MB
[runlim] sample:		2179.42 time, 2180.02 real, 1940 MB
[runlim] sample:		2189.42 time, 2190.02 real, 1948 MB
[runlim] sample:		2199.41 time, 2200.02 real, 1955 MB
[runlim] sample:		2209.42 time, 2210.02 real, 1961 MB
[runlim] sample:		2219.42 time, 2220.02 real, 1967 MB
[runlim] sample:		2229.42 time, 2230.02 real, 1974 MB
[runlim] sample:		2239.42 time, 2240.02 real, 1979 MB
[runlim] sample:		2249.41 time, 2250.02 real, 1985 MB
[runlim] sample:		2259.41 time, 2260.02 real, 1991 MB
[runlim] sample:		2269.41 time, 2270.02 real, 1997 MB
[runlim] sample:		2279.42 time, 2280.02 real, 2002 MB
[runlim] sample:		2289.41 time, 2290.02 real, 2008 MB
[runlim] sample:		2299.42 time, 2300.02 real, 2014 MB
[runlim] sample:		2309.42 time, 2310.02 real, 2021 MB
[runlim] sample:		2319.41 time, 2320.02 real, 2027 MB
[runlim] sample:		2329.42 time, 2330.02 real, 2033 MB
[runlim] sample:		2339.41 time, 2340.02 real, 2040 MB
[runlim] sample:		2349.42 time, 2350.02 real, 2046 MB
[runlim] sample:		2359.42 time, 2360.02 real, 2053 MB
[runlim] sample:		2369.42 time, 2370.02 real, 2059 MB
[runlim] sample:		2379.42 time, 2380.02 real, 2065 MB
[runlim] sample:		2389.41 time, 2390.02 real, 2071 MB
[runlim] sample:		2399.41 time, 2400.02 real, 2078 MB
[runlim] sample:		2409.42 time, 2410.02 real, 2085 MB
[runlim] sample:		2419.41 time, 2420.02 real, 2093 MB
[runlim] sample:		2429.42 time, 2430.02 real, 2100 MB
[runlim] sample:		2439.42 time, 2440.02 real, 2107 MB
[runlim] sample:		2449.42 time, 2450.02 real, 2115 MB
[runlim] sample:		2459.42 time, 2460.02 real, 2122 MB
[runlim] sample:		2469.41 time, 2470.02 real, 2129 MB
[runlim] sample:		2479.42 time, 2480.02 real, 2137 MB
[runlim] sample:		2489.42 time, 2490.02 real, 2145 MB
[runlim] sample:		2499.42 time, 2500.02 real, 2156 MB
[runlim] sample:		2509.41 time, 2510.02 real, 2164 MB
[runlim] sample:		2519.41 time, 2520.02 real, 2171 MB
[runlim] sample:		2529.41 time, 2530.02 real, 2178 MB
[runlim] sample:		2539.41 time, 2540.02 real, 2185 MB
[runlim] sample:		2549.41 time, 2550.02 real, 2192 MB
[runlim] sample:		2559.41 time, 2560.02 real, 2198 MB
[runlim] sample:		2569.41 time, 2570.02 real, 2204 MB
[runlim] sample:		2579.42 time, 2580.02 real, 2210 MB
[runlim] sample:		2589.42 time, 2590.02 real, 2215 MB
[runlim] sample:		2599.41 time, 2600.02 real, 2220 MB
[runlim] sample:		2609.42 time, 2610.02 real, 2226 MB
[runlim] sample:		2619.41 time, 2620.02 real, 2232 MB
[runlim] sample:		2629.41 time, 2630.02 real, 2238 MB
[runlim] sample:		2639.42 time, 2640.02 real, 2245 MB
[runlim] sample:		2649.41 time, 2650.02 real, 2251 MB
[runlim] sample:		2659.42 time, 2660.02 real, 2257 MB
[runlim] sample:		2669.41 time, 2670.02 real, 2263 MB
[runlim] sample:		2679.42 time, 2680.02 real, 2269 MB
[runlim] sample:		2689.40 time, 2690.02 real, 2275 MB
[runlim] sample:		2699.41 time, 2700.02 real, 2281 MB
[runlim] end:			Sat Feb 29 08:05:16 2020
[runlim] status:		out of time
[runlim] result:		2
[runlim] children:		1
[runlim] real:			2700.16 seconds
[runlim] time:			2699.41 seconds
[runlim] space:			2281 MB
[runlim] samples:		27000
