[runlim] version:		1.18
[runlim] host:			c3n27
[runlim] time limit:		2700 seconds
[runlim] real time limit:	2700 seconds
[runlim] space limit:		7000 MB
[runlim] argv[0]:		./binary
[runlim] argv[1]:		/data/cnf/ankit/E1-A1-instances/hex_rand_6x6-20m-1.qdimacs
[runlim] start:			Sat Feb 29 07:20:16 2020
[runlim] child:			13403
[runlim] sample:		9.79 time, 10.02 real, 34 MB
[runlim] sample:		19.78 time, 20.02 real, 49 MB
[runlim] sample:		29.78 time, 30.02 real, 64 MB
[runlim] sample:		39.78 time, 40.02 real, 78 MB
[runlim] sample:		49.78 time, 50.02 real, 93 MB
[runlim] sample:		59.78 time, 60.02 real, 106 MB
[runlim] sample:		69.78 time, 70.02 real, 119 MB
[runlim] sample:		79.78 time, 80.02 real, 133 MB
[runlim] sample:		89.79 time, 90.02 real, 147 MB
[runlim] sample:		99.79 time, 100.02 real, 161 MB
[runlim] sample:		109.78 time, 110.02 real, 173 MB
[runlim] sample:		119.79 time, 120.02 real, 184 MB
[runlim] sample:		129.78 time, 130.02 real, 195 MB
[runlim] sample:		139.79 time, 140.02 real, 206 MB
[runlim] sample:		149.78 time, 150.02 real, 218 MB
[runlim] sample:		159.78 time, 160.02 real, 228 MB
[runlim] sample:		169.78 time, 170.02 real, 239 MB
[runlim] sample:		179.78 time, 180.02 real, 250 MB
[runlim] sample:		189.79 time, 190.02 real, 261 MB
[runlim] sample:		199.79 time, 200.02 real, 274 MB
[runlim] sample:		209.79 time, 210.02 real, 284 MB
[runlim] sample:		219.78 time, 220.02 real, 294 MB
[runlim] sample:		229.79 time, 230.02 real, 305 MB
[runlim] sample:		239.78 time, 240.02 real, 316 MB
[runlim] sample:		249.78 time, 250.02 real, 328 MB
[runlim] sample:		259.78 time, 260.02 real, 338 MB
[runlim] sample:		269.78 time, 270.02 real, 346 MB
[runlim] sample:		279.78 time, 280.02 real, 356 MB
[runlim] sample:		289.78 time, 290.02 real, 369 MB
[runlim] sample:		299.79 time, 300.02 real, 378 MB
[runlim] sample:		309.78 time, 310.02 real, 386 MB
[runlim] sample:		319.78 time, 320.02 real, 394 MB
[runlim] sample:		329.79 time, 330.02 real, 401 MB
[runlim] sample:		339.78 time, 340.02 real, 406 MB
[runlim] sample:		349.78 time, 350.02 real, 411 MB
[runlim] sample:		359.78 time, 360.02 real, 416 MB
[runlim] sample:		369.78 time, 370.02 real, 421 MB
[runlim] sample:		379.79 time, 380.02 real, 426 MB
[runlim] sample:		389.78 time, 390.02 real, 431 MB
[runlim] sample:		399.78 time, 400.02 real, 436 MB
[runlim] sample:		409.78 time, 410.02 real, 440 MB
[runlim] sample:		419.78 time, 420.02 real, 445 MB
[runlim] sample:		429.78 time, 430.02 real, 455 MB
[runlim] sample:		439.78 time, 440.02 real, 460 MB
[runlim] sample:		449.78 time, 450.02 real, 465 MB
[runlim] sample:		459.78 time, 460.02 real, 469 MB
[runlim] sample:		469.78 time, 470.02 real, 474 MB
[runlim] sample:		479.78 time, 480.02 real, 479 MB
[runlim] sample:		489.78 time, 490.02 real, 483 MB
[runlim] sample:		499.77 time, 500.02 real, 487 MB
[runlim] sample:		509.77 time, 510.02 real, 492 MB
[runlim] sample:		519.77 time, 520.02 real, 497 MB
[runlim] sample:		529.78 time, 530.02 real, 505 MB
[runlim] sample:		539.77 time, 540.02 real, 510 MB
[runlim] sample:		549.77 time, 550.02 real, 483 MB
[runlim] sample:		559.78 time, 560.02 real, 487 MB
[runlim] sample:		569.78 time, 570.02 real, 494 MB
[runlim] sample:		579.77 time, 580.02 real, 501 MB
[runlim] sample:		589.77 time, 590.02 real, 509 MB
[runlim] sample:		599.77 time, 600.02 real, 517 MB
[runlim] sample:		609.77 time, 610.02 real, 524 MB
[runlim] sample:		619.77 time, 620.02 real, 531 MB
[runlim] sample:		629.77 time, 630.02 real, 538 MB
[runlim] sample:		639.77 time, 640.02 real, 545 MB
[runlim] sample:		649.77 time, 650.02 real, 551 MB
[runlim] sample:		659.77 time, 660.02 real, 558 MB
[runlim] sample:		669.78 time, 670.02 real, 564 MB
[runlim] sample:		679.77 time, 680.02 real, 571 MB
[runlim] sample:		689.77 time, 690.02 real, 577 MB
[runlim] sample:		699.77 time, 700.02 real, 584 MB
[runlim] sample:		709.77 time, 710.02 real, 591 MB
[runlim] sample:		719.77 time, 720.02 real, 598 MB
[runlim] sample:		729.77 time, 730.02 real, 605 MB
[runlim] sample:		739.77 time, 740.02 real, 612 MB
[runlim] sample:		749.77 time, 750.02 real, 619 MB
[runlim] sample:		759.77 time, 760.02 real, 627 MB
[runlim] sample:		769.77 time, 770.02 real, 635 MB
[runlim] sample:		779.77 time, 780.02 real, 642 MB
[runlim] sample:		789.77 time, 790.02 real, 649 MB
[runlim] sample:		799.77 time, 800.02 real, 658 MB
[runlim] sample:		809.77 time, 810.02 real, 665 MB
[runlim] sample:		819.77 time, 820.02 real, 673 MB
[runlim] sample:		829.77 time, 830.02 real, 679 MB
[runlim] sample:		839.77 time, 840.02 real, 687 MB
[runlim] sample:		849.77 time, 850.02 real, 694 MB
[runlim] sample:		859.77 time, 860.02 real, 700 MB
[runlim] sample:		869.77 time, 870.02 real, 706 MB
[runlim] sample:		879.77 time, 880.02 real, 712 MB
[runlim] sample:		889.77 time, 890.02 real, 718 MB
[runlim] sample:		899.76 time, 900.02 real, 725 MB
[runlim] sample:		909.77 time, 910.02 real, 732 MB
[runlim] sample:		919.77 time, 920.02 real, 737 MB
[runlim] sample:		929.77 time, 930.02 real, 743 MB
[runlim] sample:		939.77 time, 940.02 real, 751 MB
[runlim] sample:		949.77 time, 950.02 real, 760 MB
[runlim] sample:		959.76 time, 960.02 real, 766 MB
[runlim] sample:		969.76 time, 970.02 real, 773 MB
[runlim] sample:		979.77 time, 980.02 real, 780 MB
[runlim] sample:		989.77 time, 990.02 real, 786 MB
[runlim] sample:		999.77 time, 1000.02 real, 793 MB
[runlim] sample:		1009.77 time, 1010.02 real, 799 MB
[runlim] sample:		1019.76 time, 1020.02 real, 805 MB
[runlim] sample:		1029.77 time, 1030.02 real, 811 MB
[runlim] sample:		1039.77 time, 1040.02 real, 817 MB
[runlim] sample:		1049.76 time, 1050.02 real, 824 MB
[runlim] sample:		1059.76 time, 1060.02 real, 830 MB
[runlim] sample:		1069.76 time, 1070.02 real, 836 MB
[runlim] sample:		1079.76 time, 1080.02 real, 845 MB
[runlim] sample:		1089.76 time, 1090.02 real, 852 MB
[runlim] sample:		1099.77 time, 1100.02 real, 858 MB
[runlim] sample:		1109.76 time, 1110.02 real, 864 MB
[runlim] sample:		1119.77 time, 1120.02 real, 869 MB
[runlim] sample:		1129.76 time, 1130.02 real, 875 MB
[runlim] sample:		1139.75 time, 1140.02 real, 879 MB
[runlim] sample:		1149.75 time, 1150.02 real, 883 MB
[runlim] sample:		1159.75 time, 1160.02 real, 886 MB
[runlim] sample:		1169.75 time, 1170.02 real, 891 MB
[runlim] sample:		1179.75 time, 1180.02 real, 894 MB
[runlim] sample:		1189.75 time, 1190.02 real, 898 MB
[runlim] sample:		1199.75 time, 1200.02 real, 901 MB
[runlim] sample:		1209.75 time, 1210.02 real, 906 MB
[runlim] sample:		1219.74 time, 1220.02 real, 910 MB
[runlim] sample:		1229.75 time, 1230.02 real, 913 MB
[runlim] sample:		1239.75 time, 1240.02 real, 917 MB
[runlim] sample:		1249.74 time, 1250.02 real, 921 MB
[runlim] sample:		1259.74 time, 1260.02 real, 926 MB
[runlim] sample:		1269.74 time, 1270.02 real, 930 MB
[runlim] sample:		1279.74 time, 1280.02 real, 934 MB
[runlim] sample:		1289.74 time, 1290.02 real, 940 MB
[runlim] sample:		1299.74 time, 1300.02 real, 944 MB
[runlim] sample:		1309.74 time, 1310.02 real, 948 MB
[runlim] sample:		1319.74 time, 1320.02 real, 951 MB
[runlim] sample:		1329.74 time, 1330.02 real, 955 MB
[runlim] sample:		1339.74 time, 1340.02 real, 959 MB
[runlim] sample:		1349.73 time, 1350.02 real, 962 MB
[runlim] sample:		1359.74 time, 1360.02 real, 967 MB
[runlim] sample:		1369.74 time, 1370.02 real, 971 MB
[runlim] sample:		1379.74 time, 1380.02 real, 975 MB
[runlim] sample:		1389.73 time, 1390.02 real, 979 MB
[runlim] sample:		1399.73 time, 1400.02 real, 983 MB
[runlim] sample:		1409.74 time, 1410.02 real, 987 MB
[runlim] sample:		1419.74 time, 1420.02 real, 991 MB
[runlim] sample:		1429.73 time, 1430.02 real, 995 MB
[runlim] sample:		1439.73 time, 1440.02 real, 999 MB
[runlim] sample:		1449.73 time, 1450.02 real, 1002 MB
[runlim] sample:		1459.73 time, 1460.02 real, 1006 MB
[runlim] sample:		1469.73 time, 1470.02 real, 1009 MB
[runlim] sample:		1479.73 time, 1480.02 real, 1013 MB
[runlim] sample:		1489.73 time, 1490.02 real, 1017 MB
[runlim] sample:		1499.73 time, 1500.02 real, 1020 MB
[runlim] sample:		1509.73 time, 1510.02 real, 1024 MB
[runlim] sample:		1519.73 time, 1520.02 real, 1029 MB
[runlim] sample:		1529.73 time, 1530.02 real, 1032 MB
[runlim] sample:		1539.72 time, 1540.02 real, 1038 MB
[runlim] sample:		1549.72 time, 1550.02 real, 1042 MB
[runlim] sample:		1559.72 time, 1560.02 real, 1050 MB
[runlim] sample:		1569.72 time, 1570.02 real, 1056 MB
[runlim] sample:		1579.72 time, 1580.02 real, 1063 MB
[runlim] sample:		1589.72 time, 1590.02 real, 1070 MB
[runlim] sample:		1599.72 time, 1600.02 real, 1077 MB
[runlim] sample:		1609.72 time, 1610.02 real, 1082 MB
[runlim] sample:		1619.72 time, 1620.02 real, 1088 MB
[runlim] sample:		1629.72 time, 1630.02 real, 1095 MB
[runlim] sample:		1639.72 time, 1640.02 real, 1100 MB
[runlim] sample:		1649.72 time, 1650.02 real, 1107 MB
[runlim] sample:		1659.72 time, 1660.02 real, 1112 MB
[runlim] sample:		1669.72 time, 1670.02 real, 1117 MB
[runlim] sample:		1679.72 time, 1680.02 real, 1123 MB
[runlim] sample:		1689.71 time, 1690.02 real, 1129 MB
[runlim] sample:		1699.72 time, 1700.02 real, 1136 MB
[runlim] sample:		1709.71 time, 1710.02 real, 1141 MB
[runlim] sample:		1719.71 time, 1720.02 real, 1146 MB
[runlim] sample:		1729.71 time, 1730.02 real, 1153 MB
[runlim] sample:		1739.71 time, 1740.02 real, 1158 MB
[runlim] sample:		1749.71 time, 1750.02 real, 1165 MB
[runlim] sample:		1759.71 time, 1760.02 real, 1173 MB
[runlim] sample:		1769.71 time, 1770.02 real, 1178 MB
[runlim] sample:		1779.71 time, 1780.02 real, 1185 MB
[runlim] sample:		1789.70 time, 1790.02 real, 1191 MB
[runlim] sample:		1799.71 time, 1800.02 real, 1198 MB
[runlim] sample:		1809.71 time, 1810.02 real, 1202 MB
[runlim] sample:		1819.70 time, 1820.02 real, 1208 MB
[runlim] sample:		1829.70 time, 1830.02 real, 1215 MB
[runlim] sample:		1839.71 time, 1840.02 real, 1221 MB
[runlim] sample:		1849.71 time, 1850.02 real, 1229 MB
[runlim] sample:		1859.70 time, 1860.02 real, 1235 MB
[runlim] sample:		1869.70 time, 1870.02 real, 1241 MB
[runlim] sample:		1879.70 time, 1880.02 real, 1246 MB
[runlim] sample:		1889.70 time, 1890.02 real, 1253 MB
[runlim] sample:		1899.69 time, 1900.02 real, 1259 MB
[runlim] sample:		1909.69 time, 1910.02 real, 1266 MB
[runlim] sample:		1919.70 time, 1920.02 real, 1272 MB
[runlim] sample:		1929.69 time, 1930.02 real, 1279 MB
[runlim] sample:		1939.69 time, 1940.02 real, 1285 MB
[runlim] sample:		1949.69 time, 1950.02 real, 1292 MB
[runlim] sample:		1959.68 time, 1960.02 real, 1299 MB
[runlim] sample:		1969.69 time, 1970.02 real, 1306 MB
[runlim] sample:		1979.68 time, 1980.02 real, 1313 MB
[runlim] sample:		1989.69 time, 1990.02 real, 1318 MB
[runlim] sample:		1999.69 time, 2000.02 real, 1324 MB
[runlim] sample:		2009.68 time, 2010.02 real, 1329 MB
[runlim] sample:		2019.69 time, 2020.02 real, 1337 MB
[runlim] sample:		2029.68 time, 2030.02 real, 1345 MB
[runlim] sample:		2039.68 time, 2040.02 real, 1351 MB
[runlim] sample:		2049.68 time, 2050.02 real, 1329 MB
[runlim] sample:		2059.68 time, 2060.02 real, 1334 MB
[runlim] sample:		2069.68 time, 2070.02 real, 1340 MB
[runlim] sample:		2079.68 time, 2080.02 real, 1345 MB
[runlim] sample:		2089.68 time, 2090.02 real, 1350 MB
[runlim] sample:		2099.68 time, 2100.02 real, 1355 MB
[runlim] sample:		2109.68 time, 2110.02 real, 1359 MB
[runlim] sample:		2119.67 time, 2120.02 real, 1365 MB
[runlim] sample:		2129.67 time, 2130.02 real, 1369 MB
[runlim] sample:		2139.67 time, 2140.02 real, 1373 MB
[runlim] sample:		2149.67 time, 2150.02 real, 1379 MB
[runlim] sample:		2159.68 time, 2160.02 real, 1384 MB
[runlim] sample:		2169.67 time, 2170.02 real, 1391 MB
[runlim] sample:		2179.67 time, 2180.02 real, 1398 MB
[runlim] sample:		2189.67 time, 2190.02 real, 1403 MB
[runlim] sample:		2199.67 time, 2200.02 real, 1409 MB
[runlim] sample:		2209.67 time, 2210.02 real, 1416 MB
[runlim] sample:		2219.67 time, 2220.02 real, 1421 MB
[runlim] sample:		2229.67 time, 2230.02 real, 1425 MB
[runlim] sample:		2239.67 time, 2240.02 real, 1431 MB
[runlim] sample:		2249.66 time, 2250.02 real, 1436 MB
[runlim] sample:		2259.66 time, 2260.02 real, 1440 MB
[runlim] sample:		2269.66 time, 2270.02 real, 1446 MB
[runlim] sample:		2279.67 time, 2280.02 real, 1451 MB
[runlim] sample:		2289.66 time, 2290.02 real, 1374 MB
[runlim] sample:		2299.66 time, 2300.02 real, 1379 MB
[runlim] sample:		2309.66 time, 2310.02 real, 1386 MB
[runlim] sample:		2319.66 time, 2320.02 real, 1391 MB
[runlim] sample:		2329.66 time, 2330.02 real, 1396 MB
[runlim] sample:		2339.66 time, 2340.02 real, 1400 MB
[runlim] sample:		2349.66 time, 2350.02 real, 1405 MB
[runlim] sample:		2359.66 time, 2360.02 real, 1409 MB
[runlim] sample:		2369.66 time, 2370.02 real, 1415 MB
[runlim] sample:		2379.65 time, 2380.02 real, 1419 MB
[runlim] sample:		2389.66 time, 2390.02 real, 1424 MB
[runlim] sample:		2399.65 time, 2400.02 real, 1430 MB
[runlim] end:			Sat Feb 29 08:00:27 2020
[runlim] status:		ok
[runlim] result:		0
[runlim] children:		1
[runlim] real:			2409.99 seconds
[runlim] time:			2409.55 seconds
[runlim] space:			1781 MB
[runlim] samples:		24099
