[runlim] version:		1.18
[runlim] host:			c3n31
[runlim] time limit:		2700 seconds
[runlim] real time limit:	2700 seconds
[runlim] space limit:		7000 MB
[runlim] argv[0]:		./binary
[runlim] argv[1]:		/data/cnf/ankit/E1-A1-instances/hex_rand_6x6-20m-6.qdimacs
[runlim] start:			Sat Feb 29 07:20:16 2020
[runlim] child:			14056
[runlim] sample:		9.14 time, 10.02 real, 35 MB
[runlim] sample:		19.13 time, 20.02 real, 52 MB
[runlim] sample:		29.13 time, 30.02 real, 65 MB
[runlim] sample:		39.13 time, 40.02 real, 76 MB
[runlim] sample:		49.13 time, 50.02 real, 87 MB
[runlim] sample:		59.13 time, 60.02 real, 98 MB
[runlim] sample:		69.13 time, 70.02 real, 110 MB
[runlim] sample:		79.13 time, 80.02 real, 120 MB
[runlim] sample:		89.13 time, 90.02 real, 131 MB
[runlim] sample:		99.13 time, 100.02 real, 142 MB
[runlim] sample:		109.13 time, 110.02 real, 152 MB
[runlim] sample:		119.13 time, 120.02 real, 162 MB
[runlim] sample:		129.13 time, 130.02 real, 171 MB
[runlim] sample:		139.13 time, 140.02 real, 181 MB
[runlim] sample:		149.13 time, 150.02 real, 190 MB
[runlim] sample:		159.12 time, 160.02 real, 200 MB
[runlim] sample:		169.13 time, 170.02 real, 209 MB
[runlim] sample:		179.13 time, 180.02 real, 224 MB
[runlim] sample:		189.13 time, 190.02 real, 233 MB
[runlim] sample:		199.13 time, 200.02 real, 243 MB
[runlim] sample:		209.13 time, 210.02 real, 253 MB
[runlim] sample:		219.13 time, 220.02 real, 263 MB
[runlim] sample:		229.13 time, 230.02 real, 272 MB
[runlim] sample:		239.13 time, 240.02 real, 282 MB
[runlim] sample:		249.12 time, 250.02 real, 292 MB
[runlim] sample:		259.12 time, 260.02 real, 301 MB
[runlim] sample:		269.12 time, 270.02 real, 311 MB
[runlim] sample:		279.12 time, 280.02 real, 320 MB
[runlim] sample:		289.13 time, 290.02 real, 328 MB
[runlim] sample:		299.12 time, 300.02 real, 337 MB
[runlim] sample:		309.13 time, 310.02 real, 346 MB
[runlim] sample:		319.12 time, 320.02 real, 356 MB
[runlim] sample:		329.12 time, 330.02 real, 365 MB
[runlim] sample:		339.13 time, 340.02 real, 375 MB
[runlim] sample:		349.12 time, 350.02 real, 388 MB
[runlim] sample:		359.12 time, 360.02 real, 397 MB
[runlim] sample:		369.12 time, 370.02 real, 406 MB
[runlim] sample:		379.12 time, 380.02 real, 415 MB
[runlim] sample:		389.13 time, 390.02 real, 424 MB
[runlim] sample:		399.12 time, 400.02 real, 433 MB
[runlim] sample:		409.12 time, 410.02 real, 441 MB
[runlim] sample:		419.13 time, 420.02 real, 450 MB
[runlim] sample:		429.13 time, 430.02 real, 459 MB
[runlim] sample:		439.12 time, 440.02 real, 467 MB
[runlim] sample:		449.13 time, 450.02 real, 475 MB
[runlim] sample:		459.13 time, 460.02 real, 484 MB
[runlim] sample:		469.12 time, 470.02 real, 492 MB
[runlim] sample:		479.13 time, 480.02 real, 500 MB
[runlim] sample:		489.12 time, 490.02 real, 508 MB
[runlim] sample:		499.12 time, 500.02 real, 516 MB
[runlim] sample:		509.12 time, 510.02 real, 492 MB
[runlim] sample:		519.12 time, 520.02 real, 500 MB
[runlim] sample:		529.12 time, 530.02 real, 508 MB
[runlim] sample:		539.12 time, 540.02 real, 519 MB
[runlim] sample:		549.12 time, 550.02 real, 527 MB
[runlim] sample:		559.12 time, 560.02 real, 535 MB
[runlim] sample:		569.12 time, 570.02 real, 543 MB
[runlim] sample:		579.12 time, 580.02 real, 551 MB
[runlim] sample:		589.12 time, 590.02 real, 558 MB
[runlim] sample:		599.12 time, 600.02 real, 570 MB
[runlim] sample:		609.12 time, 610.02 real, 578 MB
[runlim] sample:		619.12 time, 620.02 real, 588 MB
[runlim] sample:		629.12 time, 630.02 real, 596 MB
[runlim] sample:		639.12 time, 640.02 real, 604 MB
[runlim] sample:		649.12 time, 650.02 real, 611 MB
[runlim] sample:		659.12 time, 660.02 real, 617 MB
[runlim] sample:		669.12 time, 670.02 real, 625 MB
[runlim] sample:		679.11 time, 680.02 real, 634 MB
[runlim] sample:		689.11 time, 690.02 real, 640 MB
[runlim] sample:		699.11 time, 700.02 real, 647 MB
[runlim] sample:		709.11 time, 710.02 real, 655 MB
[runlim] sample:		719.11 time, 720.02 real, 662 MB
[runlim] sample:		729.12 time, 730.02 real, 669 MB
[runlim] sample:		739.12 time, 740.02 real, 675 MB
[runlim] sample:		749.12 time, 750.02 real, 682 MB
[runlim] sample:		759.12 time, 760.02 real, 687 MB
[runlim] sample:		769.11 time, 770.02 real, 694 MB
[runlim] sample:		779.12 time, 780.02 real, 700 MB
[runlim] sample:		789.12 time, 790.02 real, 706 MB
[runlim] sample:		799.12 time, 800.02 real, 711 MB
[runlim] sample:		809.11 time, 810.02 real, 718 MB
[runlim] sample:		819.11 time, 820.02 real, 724 MB
[runlim] sample:		829.12 time, 830.02 real, 730 MB
[runlim] sample:		839.12 time, 840.02 real, 736 MB
[runlim] sample:		849.12 time, 850.02 real, 744 MB
[runlim] sample:		859.11 time, 860.02 real, 754 MB
[runlim] sample:		869.12 time, 870.02 real, 761 MB
[runlim] sample:		879.12 time, 880.02 real, 766 MB
[runlim] sample:		889.11 time, 890.02 real, 772 MB
[runlim] sample:		899.11 time, 900.02 real, 777 MB
[runlim] sample:		909.12 time, 910.02 real, 783 MB
[runlim] sample:		919.12 time, 920.02 real, 787 MB
[runlim] sample:		929.11 time, 930.02 real, 794 MB
[runlim] sample:		939.11 time, 940.02 real, 799 MB
[runlim] sample:		949.11 time, 950.02 real, 803 MB
[runlim] sample:		959.12 time, 960.02 real, 808 MB
[runlim] sample:		969.11 time, 970.02 real, 813 MB
[runlim] sample:		979.12 time, 980.02 real, 818 MB
[runlim] sample:		989.11 time, 990.02 real, 824 MB
[runlim] sample:		999.11 time, 1000.02 real, 829 MB
[runlim] sample:		1009.11 time, 1010.02 real, 835 MB
[runlim] sample:		1019.11 time, 1020.02 real, 839 MB
[runlim] sample:		1029.12 time, 1030.02 real, 845 MB
[runlim] sample:		1039.11 time, 1040.02 real, 851 MB
[runlim] sample:		1049.11 time, 1050.02 real, 858 MB
[runlim] sample:		1059.11 time, 1060.02 real, 865 MB
[runlim] sample:		1069.11 time, 1070.02 real, 870 MB
[runlim] sample:		1079.11 time, 1080.02 real, 877 MB
[runlim] sample:		1089.11 time, 1090.02 real, 884 MB
[runlim] sample:		1099.11 time, 1100.02 real, 890 MB
[runlim] sample:		1109.11 time, 1110.02 real, 896 MB
[runlim] sample:		1119.11 time, 1120.02 real, 903 MB
[runlim] sample:		1129.11 time, 1130.02 real, 910 MB
[runlim] sample:		1139.10 time, 1140.02 real, 916 MB
[runlim] sample:		1149.11 time, 1150.02 real, 922 MB
[runlim] sample:		1159.11 time, 1160.02 real, 928 MB
[runlim] sample:		1169.10 time, 1170.02 real, 933 MB
[runlim] sample:		1179.11 time, 1180.02 real, 939 MB
[runlim] sample:		1189.11 time, 1190.02 real, 947 MB
[runlim] sample:		1199.11 time, 1200.02 real, 953 MB
[runlim] sample:		1209.10 time, 1210.02 real, 959 MB
[runlim] sample:		1219.10 time, 1220.02 real, 965 MB
[runlim] sample:		1229.11 time, 1230.02 real, 970 MB
[runlim] sample:		1239.11 time, 1240.02 real, 976 MB
[runlim] sample:		1249.11 time, 1250.02 real, 982 MB
[runlim] sample:		1259.11 time, 1260.02 real, 988 MB
[runlim] sample:		1269.10 time, 1270.02 real, 995 MB
[runlim] sample:		1279.11 time, 1280.02 real, 1003 MB
[runlim] sample:		1289.11 time, 1290.02 real, 1010 MB
[runlim] sample:		1299.10 time, 1300.02 real, 1017 MB
[runlim] sample:		1309.10 time, 1310.02 real, 1023 MB
[runlim] sample:		1319.10 time, 1320.02 real, 1029 MB
[runlim] sample:		1329.10 time, 1330.02 real, 1035 MB
[runlim] sample:		1339.10 time, 1340.02 real, 1041 MB
[runlim] sample:		1349.11 time, 1350.02 real, 1046 MB
[runlim] sample:		1359.11 time, 1360.02 real, 1051 MB
[runlim] sample:		1369.11 time, 1370.02 real, 1056 MB
[runlim] sample:		1379.11 time, 1380.02 real, 1061 MB
[runlim] sample:		1389.10 time, 1390.02 real, 1068 MB
[runlim] sample:		1399.10 time, 1400.02 real, 1075 MB
[runlim] sample:		1409.11 time, 1410.02 real, 1081 MB
[runlim] sample:		1419.10 time, 1420.02 real, 1087 MB
[runlim] sample:		1429.11 time, 1430.02 real, 1094 MB
[runlim] sample:		1439.10 time, 1440.02 real, 1098 MB
[runlim] sample:		1449.11 time, 1450.02 real, 1104 MB
[runlim] sample:		1459.11 time, 1460.02 real, 1111 MB
[runlim] sample:		1469.11 time, 1470.02 real, 1117 MB
[runlim] sample:		1479.10 time, 1480.02 real, 1124 MB
[runlim] sample:		1489.10 time, 1490.02 real, 1132 MB
[runlim] sample:		1499.10 time, 1500.02 real, 1142 MB
[runlim] sample:		1509.10 time, 1510.02 real, 1149 MB
[runlim] sample:		1519.10 time, 1520.02 real, 1154 MB
[runlim] sample:		1529.10 time, 1530.02 real, 1160 MB
[runlim] sample:		1539.10 time, 1540.02 real, 1166 MB
[runlim] sample:		1549.10 time, 1550.02 real, 1171 MB
[runlim] sample:		1559.10 time, 1560.02 real, 1175 MB
[runlim] sample:		1569.10 time, 1570.02 real, 1180 MB
[runlim] sample:		1579.09 time, 1580.02 real, 1184 MB
[runlim] sample:		1589.10 time, 1590.02 real, 1191 MB
[runlim] sample:		1599.10 time, 1600.02 real, 1195 MB
[runlim] sample:		1609.09 time, 1610.02 real, 1201 MB
[runlim] sample:		1619.10 time, 1620.02 real, 1206 MB
[runlim] sample:		1629.10 time, 1630.02 real, 1211 MB
[runlim] sample:		1639.10 time, 1640.02 real, 1215 MB
[runlim] sample:		1649.10 time, 1650.02 real, 1220 MB
[runlim] sample:		1659.09 time, 1660.02 real, 1224 MB
[runlim] sample:		1669.10 time, 1670.02 real, 1229 MB
[runlim] sample:		1679.10 time, 1680.02 real, 1234 MB
[runlim] sample:		1689.09 time, 1690.02 real, 1237 MB
[runlim] sample:		1699.10 time, 1700.02 real, 1242 MB
[runlim] sample:		1709.09 time, 1710.02 real, 1247 MB
[runlim] sample:		1719.10 time, 1720.02 real, 1252 MB
[runlim] sample:		1729.10 time, 1730.02 real, 1256 MB
[runlim] sample:		1739.09 time, 1740.02 real, 1261 MB
[runlim] sample:		1749.09 time, 1750.02 real, 1267 MB
[runlim] sample:		1759.09 time, 1760.02 real, 1272 MB
[runlim] sample:		1769.09 time, 1770.02 real, 1276 MB
[runlim] sample:		1779.09 time, 1780.02 real, 1282 MB
[runlim] sample:		1789.09 time, 1790.02 real, 1287 MB
[runlim] sample:		1799.10 time, 1800.02 real, 1264 MB
[runlim] sample:		1809.10 time, 1810.02 real, 1269 MB
[runlim] sample:		1819.09 time, 1820.02 real, 1273 MB
[runlim] sample:		1829.10 time, 1830.02 real, 1278 MB
[runlim] sample:		1839.09 time, 1840.02 real, 1284 MB
[runlim] sample:		1849.09 time, 1850.02 real, 1290 MB
[runlim] sample:		1859.09 time, 1860.02 real, 1296 MB
[runlim] sample:		1869.09 time, 1870.02 real, 1301 MB
[runlim] sample:		1879.10 time, 1880.02 real, 1305 MB
[runlim] sample:		1889.09 time, 1890.02 real, 1312 MB
[runlim] sample:		1899.10 time, 1900.02 real, 1315 MB
[runlim] sample:		1909.10 time, 1910.02 real, 1320 MB
[runlim] sample:		1919.10 time, 1920.02 real, 1326 MB
[runlim] sample:		1929.09 time, 1930.02 real, 1330 MB
[runlim] sample:		1939.09 time, 1940.02 real, 1334 MB
[runlim] sample:		1949.09 time, 1950.02 real, 1339 MB
[runlim] sample:		1959.09 time, 1960.02 real, 1344 MB
[runlim] sample:		1969.09 time, 1970.02 real, 1350 MB
[runlim] sample:		1979.09 time, 1980.02 real, 1357 MB
[runlim] sample:		1989.09 time, 1990.02 real, 1364 MB
[runlim] sample:		1999.09 time, 2000.02 real, 1369 MB
[runlim] sample:		2009.09 time, 2010.02 real, 1376 MB
[runlim] sample:		2019.09 time, 2020.02 real, 1382 MB
[runlim] sample:		2029.09 time, 2030.02 real, 1388 MB
[runlim] sample:		2039.09 time, 2040.02 real, 1396 MB
[runlim] sample:		2049.09 time, 2050.02 real, 1402 MB
[runlim] sample:		2059.09 time, 2060.02 real, 1408 MB
[runlim] sample:		2069.09 time, 2070.02 real, 1414 MB
[runlim] sample:		2079.09 time, 2080.02 real, 1419 MB
[runlim] sample:		2089.09 time, 2090.02 real, 1425 MB
[runlim] sample:		2099.09 time, 2100.02 real, 1430 MB
[runlim] sample:		2109.08 time, 2110.02 real, 1436 MB
[runlim] sample:		2119.08 time, 2120.02 real, 1442 MB
[runlim] sample:		2129.09 time, 2130.02 real, 1449 MB
[runlim] sample:		2139.09 time, 2140.02 real, 1370 MB
[runlim] sample:		2149.08 time, 2150.02 real, 1376 MB
[runlim] sample:		2159.09 time, 2160.02 real, 1383 MB
[runlim] sample:		2169.08 time, 2170.02 real, 1388 MB
[runlim] sample:		2179.09 time, 2180.02 real, 1394 MB
[runlim] sample:		2189.08 time, 2190.02 real, 1400 MB
[runlim] sample:		2199.09 time, 2200.02 real, 1405 MB
[runlim] sample:		2209.08 time, 2210.02 real, 1411 MB
[runlim] sample:		2219.09 time, 2220.02 real, 1416 MB
[runlim] sample:		2229.09 time, 2230.02 real, 1421 MB
[runlim] sample:		2239.08 time, 2240.02 real, 1427 MB
[runlim] sample:		2249.09 time, 2250.02 real, 1435 MB
[runlim] sample:		2259.08 time, 2260.02 real, 1440 MB
[runlim] sample:		2269.08 time, 2270.02 real, 1446 MB
[runlim] sample:		2279.09 time, 2280.02 real, 1452 MB
[runlim] sample:		2289.09 time, 2290.02 real, 1458 MB
[runlim] sample:		2299.09 time, 2300.02 real, 1463 MB
[runlim] sample:		2309.08 time, 2310.02 real, 1470 MB
[runlim] sample:		2319.08 time, 2320.02 real, 1476 MB
[runlim] sample:		2329.08 time, 2330.02 real, 1483 MB
[runlim] sample:		2339.08 time, 2340.02 real, 1489 MB
[runlim] sample:		2349.08 time, 2350.02 real, 1496 MB
[runlim] sample:		2359.08 time, 2360.02 real, 1502 MB
[runlim] sample:		2369.07 time, 2370.02 real, 1508 MB
[runlim] sample:		2379.08 time, 2380.02 real, 1515 MB
[runlim] sample:		2389.07 time, 2390.02 real, 1520 MB
[runlim] sample:		2399.07 time, 2400.02 real, 1527 MB
[runlim] sample:		2409.07 time, 2410.02 real, 1532 MB
[runlim] sample:		2419.08 time, 2420.02 real, 1538 MB
[runlim] sample:		2429.07 time, 2430.02 real, 1544 MB
[runlim] sample:		2439.08 time, 2440.02 real, 1550 MB
[runlim] sample:		2449.08 time, 2450.02 real, 1556 MB
[runlim] sample:		2459.08 time, 2460.02 real, 1562 MB
[runlim] sample:		2469.08 time, 2470.02 real, 1568 MB
[runlim] sample:		2479.07 time, 2480.02 real, 1573 MB
[runlim] sample:		2489.07 time, 2490.02 real, 1578 MB
[runlim] sample:		2499.08 time, 2500.02 real, 1584 MB
[runlim] sample:		2509.08 time, 2510.02 real, 1589 MB
[runlim] sample:		2519.07 time, 2520.02 real, 1593 MB
[runlim] sample:		2529.08 time, 2530.02 real, 1598 MB
[runlim] sample:		2539.07 time, 2540.02 real, 1603 MB
[runlim] sample:		2549.07 time, 2550.02 real, 1608 MB
[runlim] sample:		2559.07 time, 2560.02 real, 1613 MB
[runlim] sample:		2569.07 time, 2570.02 real, 1619 MB
[runlim] sample:		2579.07 time, 2580.02 real, 1625 MB
[runlim] sample:		2589.08 time, 2590.02 real, 1630 MB
[runlim] sample:		2599.07 time, 2600.02 real, 1635 MB
[runlim] sample:		2609.07 time, 2610.02 real, 1640 MB
[runlim] sample:		2619.07 time, 2620.02 real, 1649 MB
[runlim] sample:		2629.07 time, 2630.02 real, 1655 MB
[runlim] sample:		2639.07 time, 2640.02 real, 1660 MB
[runlim] sample:		2649.08 time, 2650.02 real, 1664 MB
[runlim] sample:		2659.08 time, 2660.02 real, 1668 MB
[runlim] sample:		2669.07 time, 2670.02 real, 1674 MB
[runlim] sample:		2679.07 time, 2680.02 real, 1679 MB
[runlim] sample:		2689.07 time, 2690.02 real, 1685 MB
[runlim] sample:		2699.07 time, 2700.02 real, 1690 MB
[runlim] end:			Sat Feb 29 08:05:17 2020
[runlim] status:		out of time
[runlim] result:		2
[runlim] children:		1
[runlim] real:			2700.20 seconds
[runlim] time:			2699.07 seconds
[runlim] space:			1771 MB
[runlim] samples:		27000
