[runlim] version:		1.18
[runlim] host:			c3n31
[runlim] time limit:		2700 seconds
[runlim] real time limit:	2700 seconds
[runlim] space limit:		7000 MB
[runlim] argv[0]:		./binary
[runlim] argv[1]:		/data/cnf/ankit/E1-A1-instances/hex_rand_6x6-20m-7.qdimacs
[runlim] start:			Sat Feb 29 07:20:16 2020
[runlim] child:			14055
[runlim] sample:		9.13 time, 10.02 real, 40 MB
[runlim] sample:		19.13 time, 20.02 real, 59 MB
[runlim] sample:		29.13 time, 30.02 real, 70 MB
[runlim] sample:		39.13 time, 40.02 real, 80 MB
[runlim] sample:		49.13 time, 50.02 real, 90 MB
[runlim] sample:		59.13 time, 60.02 real, 99 MB
[runlim] sample:		69.12 time, 70.02 real, 108 MB
[runlim] sample:		79.12 time, 80.02 real, 118 MB
[runlim] sample:		89.12 time, 90.02 real, 127 MB
[runlim] sample:		99.13 time, 100.02 real, 137 MB
[runlim] sample:		109.12 time, 110.02 real, 145 MB
[runlim] sample:		119.12 time, 120.02 real, 154 MB
[runlim] sample:		129.12 time, 130.02 real, 163 MB
[runlim] sample:		139.12 time, 140.02 real, 171 MB
[runlim] sample:		149.12 time, 150.02 real, 180 MB
[runlim] sample:		159.13 time, 160.02 real, 189 MB
[runlim] sample:		169.13 time, 170.02 real, 198 MB
[runlim] sample:		179.12 time, 180.02 real, 212 MB
[runlim] sample:		189.13 time, 190.02 real, 223 MB
[runlim] sample:		199.12 time, 200.02 real, 230 MB
[runlim] sample:		209.12 time, 210.02 real, 238 MB
[runlim] sample:		219.13 time, 220.02 real, 246 MB
[runlim] sample:		229.12 time, 230.02 real, 254 MB
[runlim] sample:		239.13 time, 240.02 real, 261 MB
[runlim] sample:		249.12 time, 250.02 real, 268 MB
[runlim] sample:		259.12 time, 260.02 real, 275 MB
[runlim] sample:		269.12 time, 270.02 real, 284 MB
[runlim] sample:		279.13 time, 280.02 real, 291 MB
[runlim] sample:		289.12 time, 290.02 real, 298 MB
[runlim] sample:		299.13 time, 300.02 real, 306 MB
[runlim] sample:		309.13 time, 310.02 real, 314 MB
[runlim] sample:		319.12 time, 320.02 real, 320 MB
[runlim] sample:		329.12 time, 330.02 real, 328 MB
[runlim] sample:		339.12 time, 340.02 real, 334 MB
[runlim] sample:		349.12 time, 350.02 real, 342 MB
[runlim] sample:		359.12 time, 360.02 real, 349 MB
[runlim] sample:		369.12 time, 370.02 real, 356 MB
[runlim] sample:		379.12 time, 380.02 real, 362 MB
[runlim] sample:		389.12 time, 390.02 real, 369 MB
[runlim] sample:		399.12 time, 400.02 real, 376 MB
[runlim] sample:		409.12 time, 410.02 real, 384 MB
[runlim] sample:		419.12 time, 420.02 real, 391 MB
[runlim] sample:		429.12 time, 430.02 real, 398 MB
[runlim] sample:		439.12 time, 440.02 real, 406 MB
[runlim] sample:		449.12 time, 450.02 real, 414 MB
[runlim] sample:		459.12 time, 460.02 real, 421 MB
[runlim] sample:		469.12 time, 470.02 real, 428 MB
[runlim] sample:		479.12 time, 480.02 real, 436 MB
[runlim] sample:		489.12 time, 490.02 real, 443 MB
[runlim] sample:		499.12 time, 500.02 real, 454 MB
[runlim] sample:		509.12 time, 510.02 real, 465 MB
[runlim] sample:		519.12 time, 520.02 real, 473 MB
[runlim] sample:		529.12 time, 530.02 real, 480 MB
[runlim] sample:		539.12 time, 540.02 real, 487 MB
[runlim] sample:		549.12 time, 550.02 real, 494 MB
[runlim] sample:		559.12 time, 560.02 real, 501 MB
[runlim] sample:		569.11 time, 570.02 real, 508 MB
[runlim] sample:		579.11 time, 580.02 real, 515 MB
[runlim] sample:		589.12 time, 590.02 real, 522 MB
[runlim] sample:		599.12 time, 600.02 real, 529 MB
[runlim] sample:		609.11 time, 610.02 real, 541 MB
[runlim] sample:		619.12 time, 620.02 real, 549 MB
[runlim] sample:		629.12 time, 630.02 real, 556 MB
[runlim] sample:		639.11 time, 640.02 real, 563 MB
[runlim] sample:		649.12 time, 650.02 real, 569 MB
[runlim] sample:		659.11 time, 660.02 real, 576 MB
[runlim] sample:		669.12 time, 670.02 real, 583 MB
[runlim] sample:		679.12 time, 680.02 real, 590 MB
[runlim] sample:		689.11 time, 690.02 real, 596 MB
[runlim] sample:		699.12 time, 700.02 real, 603 MB
[runlim] sample:		709.12 time, 710.02 real, 609 MB
[runlim] sample:		719.11 time, 720.02 real, 616 MB
[runlim] sample:		729.12 time, 730.02 real, 622 MB
[runlim] sample:		739.12 time, 740.02 real, 628 MB
[runlim] sample:		749.11 time, 750.02 real, 634 MB
[runlim] sample:		759.11 time, 760.02 real, 640 MB
[runlim] sample:		769.12 time, 770.02 real, 646 MB
[runlim] sample:		779.11 time, 780.02 real, 652 MB
[runlim] sample:		789.11 time, 790.02 real, 658 MB
[runlim] sample:		799.12 time, 800.02 real, 664 MB
[runlim] sample:		809.11 time, 810.02 real, 670 MB
[runlim] sample:		819.11 time, 820.02 real, 677 MB
[runlim] sample:		829.11 time, 830.02 real, 684 MB
[runlim] sample:		839.11 time, 840.02 real, 690 MB
[runlim] sample:		849.11 time, 850.02 real, 696 MB
[runlim] sample:		859.11 time, 860.02 real, 702 MB
[runlim] sample:		869.11 time, 870.02 real, 709 MB
[runlim] sample:		879.11 time, 880.02 real, 715 MB
[runlim] sample:		889.12 time, 890.02 real, 720 MB
[runlim] sample:		899.11 time, 900.02 real, 726 MB
[runlim] sample:		909.11 time, 910.02 real, 732 MB
[runlim] sample:		919.12 time, 920.02 real, 738 MB
[runlim] sample:		929.11 time, 930.02 real, 744 MB
[runlim] sample:		939.11 time, 940.02 real, 751 MB
[runlim] sample:		949.11 time, 950.02 real, 757 MB
[runlim] sample:		959.12 time, 960.02 real, 764 MB
[runlim] sample:		969.11 time, 970.02 real, 771 MB
[runlim] sample:		979.11 time, 980.02 real, 778 MB
[runlim] sample:		989.11 time, 990.02 real, 784 MB
[runlim] sample:		999.11 time, 1000.02 real, 790 MB
[runlim] sample:		1009.11 time, 1010.02 real, 797 MB
[runlim] sample:		1019.11 time, 1020.02 real, 803 MB
[runlim] sample:		1029.11 time, 1030.02 real, 809 MB
[runlim] sample:		1039.11 time, 1040.02 real, 815 MB
[runlim] sample:		1049.11 time, 1050.02 real, 821 MB
[runlim] sample:		1059.11 time, 1060.02 real, 828 MB
[runlim] sample:		1069.11 time, 1070.02 real, 834 MB
[runlim] sample:		1079.11 time, 1080.02 real, 840 MB
[runlim] sample:		1089.11 time, 1090.02 real, 846 MB
[runlim] sample:		1099.11 time, 1100.02 real, 853 MB
[runlim] sample:		1109.11 time, 1110.02 real, 859 MB
[runlim] sample:		1119.11 time, 1120.02 real, 865 MB
[runlim] sample:		1129.11 time, 1130.02 real, 871 MB
[runlim] sample:		1139.11 time, 1140.02 real, 883 MB
[runlim] sample:		1149.11 time, 1150.02 real, 889 MB
[runlim] sample:		1159.10 time, 1160.02 real, 896 MB
[runlim] sample:		1169.11 time, 1170.02 real, 901 MB
[runlim] sample:		1179.11 time, 1180.02 real, 909 MB
[runlim] sample:		1189.10 time, 1190.02 real, 914 MB
[runlim] sample:		1199.11 time, 1200.02 real, 920 MB
[runlim] sample:		1209.11 time, 1210.02 real, 926 MB
[runlim] sample:		1219.11 time, 1220.02 real, 932 MB
[runlim] sample:		1229.10 time, 1230.02 real, 937 MB
[runlim] sample:		1239.11 time, 1240.02 real, 944 MB
[runlim] sample:		1249.11 time, 1250.02 real, 895 MB
[runlim] sample:		1259.11 time, 1260.02 real, 902 MB
[runlim] sample:		1269.11 time, 1270.02 real, 907 MB
[runlim] sample:		1279.10 time, 1280.02 real, 914 MB
[runlim] sample:		1289.11 time, 1290.02 real, 920 MB
[runlim] sample:		1299.11 time, 1300.02 real, 926 MB
[runlim] sample:		1309.11 time, 1310.02 real, 934 MB
[runlim] sample:		1319.10 time, 1320.02 real, 948 MB
[runlim] sample:		1329.11 time, 1330.02 real, 954 MB
[runlim] sample:		1339.10 time, 1340.02 real, 962 MB
[runlim] sample:		1349.11 time, 1350.02 real, 968 MB
[runlim] sample:		1359.11 time, 1360.02 real, 974 MB
[runlim] sample:		1369.10 time, 1370.02 real, 979 MB
[runlim] sample:		1379.11 time, 1380.02 real, 985 MB
[runlim] sample:		1389.10 time, 1390.02 real, 991 MB
[runlim] sample:		1399.10 time, 1400.02 real, 996 MB
[runlim] sample:		1409.11 time, 1410.02 real, 1001 MB
[runlim] sample:		1419.11 time, 1420.02 real, 1006 MB
[runlim] sample:		1429.11 time, 1430.02 real, 1011 MB
[runlim] sample:		1439.10 time, 1440.02 real, 1016 MB
[runlim] sample:		1449.11 time, 1450.02 real, 1021 MB
[runlim] sample:		1459.10 time, 1460.02 real, 1026 MB
[runlim] sample:		1469.11 time, 1470.02 real, 1032 MB
[runlim] sample:		1479.11 time, 1480.02 real, 1038 MB
[runlim] sample:		1489.11 time, 1490.02 real, 1044 MB
[runlim] sample:		1499.11 time, 1500.02 real, 1049 MB
[runlim] sample:		1509.10 time, 1510.02 real, 1055 MB
[runlim] sample:		1519.10 time, 1520.02 real, 1061 MB
[runlim] sample:		1529.10 time, 1530.02 real, 1069 MB
[runlim] sample:		1539.10 time, 1540.02 real, 1077 MB
[runlim] sample:		1549.10 time, 1550.02 real, 1084 MB
[runlim] sample:		1559.11 time, 1560.02 real, 1089 MB
[runlim] sample:		1569.10 time, 1570.02 real, 1095 MB
[runlim] sample:		1579.11 time, 1580.02 real, 1107 MB
[runlim] sample:		1589.10 time, 1590.02 real, 1111 MB
[runlim] sample:		1599.10 time, 1600.02 real, 1116 MB
[runlim] sample:		1609.10 time, 1610.02 real, 1120 MB
[runlim] sample:		1619.10 time, 1620.02 real, 1126 MB
[runlim] sample:		1629.10 time, 1630.02 real, 1131 MB
[runlim] sample:		1639.10 time, 1640.02 real, 1135 MB
[runlim] sample:		1649.10 time, 1650.02 real, 1139 MB
[runlim] sample:		1659.10 time, 1660.02 real, 1144 MB
[runlim] sample:		1669.10 time, 1670.02 real, 1148 MB
[runlim] sample:		1679.10 time, 1680.02 real, 1154 MB
[runlim] sample:		1689.10 time, 1690.02 real, 1159 MB
[runlim] sample:		1699.10 time, 1700.02 real, 1163 MB
[runlim] sample:		1709.10 time, 1710.02 real, 1168 MB
[runlim] sample:		1719.10 time, 1720.02 real, 1172 MB
[runlim] sample:		1729.10 time, 1730.02 real, 1176 MB
[runlim] sample:		1739.10 time, 1740.02 real, 1181 MB
[runlim] sample:		1749.09 time, 1750.02 real, 1185 MB
[runlim] sample:		1759.10 time, 1760.02 real, 1190 MB
[runlim] sample:		1769.09 time, 1770.02 real, 1196 MB
[runlim] sample:		1779.09 time, 1780.02 real, 1200 MB
[runlim] sample:		1789.10 time, 1790.02 real, 1205 MB
[runlim] sample:		1799.10 time, 1800.02 real, 1211 MB
[runlim] sample:		1809.10 time, 1810.02 real, 1216 MB
[runlim] sample:		1819.10 time, 1820.02 real, 1221 MB
[runlim] sample:		1829.09 time, 1830.02 real, 1226 MB
[runlim] sample:		1839.09 time, 1840.02 real, 1232 MB
[runlim] sample:		1849.09 time, 1850.02 real, 1237 MB
[runlim] sample:		1859.09 time, 1860.02 real, 1242 MB
[runlim] sample:		1869.09 time, 1870.02 real, 1247 MB
[runlim] sample:		1879.10 time, 1880.02 real, 1252 MB
[runlim] sample:		1889.10 time, 1890.02 real, 1257 MB
[runlim] sample:		1899.10 time, 1900.02 real, 1262 MB
[runlim] sample:		1909.09 time, 1910.02 real, 1268 MB
[runlim] sample:		1919.09 time, 1920.02 real, 1273 MB
[runlim] sample:		1929.09 time, 1930.02 real, 1278 MB
[runlim] sample:		1939.09 time, 1940.02 real, 1284 MB
[runlim] sample:		1949.10 time, 1950.02 real, 1288 MB
[runlim] sample:		1959.10 time, 1960.02 real, 1293 MB
[runlim] sample:		1969.09 time, 1970.02 real, 1298 MB
[runlim] sample:		1979.09 time, 1980.02 real, 1303 MB
[runlim] sample:		1989.10 time, 1990.02 real, 1308 MB
[runlim] sample:		1999.09 time, 2000.02 real, 1315 MB
[runlim] sample:		2009.10 time, 2010.02 real, 1320 MB
[runlim] sample:		2019.09 time, 2020.02 real, 1326 MB
[runlim] sample:		2029.09 time, 2030.02 real, 1331 MB
[runlim] sample:		2039.09 time, 2040.02 real, 1336 MB
[runlim] sample:		2049.09 time, 2050.02 real, 1341 MB
[runlim] sample:		2059.10 time, 2060.02 real, 1346 MB
[runlim] sample:		2069.09 time, 2070.02 real, 1351 MB
[runlim] sample:		2079.09 time, 2080.02 real, 1356 MB
[runlim] sample:		2089.09 time, 2090.02 real, 1360 MB
[runlim] sample:		2099.10 time, 2100.02 real, 1364 MB
[runlim] sample:		2109.10 time, 2110.02 real, 1369 MB
[runlim] sample:		2119.09 time, 2120.02 real, 1375 MB
[runlim] sample:		2129.09 time, 2130.02 real, 1384 MB
[runlim] sample:		2139.10 time, 2140.02 real, 1389 MB
[runlim] sample:		2149.09 time, 2150.02 real, 1393 MB
[runlim] sample:		2159.09 time, 2160.02 real, 1398 MB
[runlim] sample:		2169.09 time, 2170.02 real, 1403 MB
[runlim] sample:		2179.09 time, 2180.02 real, 1408 MB
[runlim] sample:		2189.09 time, 2190.02 real, 1414 MB
[runlim] sample:		2199.09 time, 2200.02 real, 1418 MB
[runlim] sample:		2209.09 time, 2210.02 real, 1423 MB
[runlim] sample:		2219.09 time, 2220.02 real, 1428 MB
[runlim] sample:		2229.09 time, 2230.02 real, 1432 MB
[runlim] sample:		2239.09 time, 2240.02 real, 1437 MB
[runlim] sample:		2249.09 time, 2250.02 real, 1441 MB
[runlim] sample:		2259.09 time, 2260.02 real, 1447 MB
[runlim] sample:		2269.09 time, 2270.02 real, 1452 MB
[runlim] sample:		2279.09 time, 2280.02 real, 1457 MB
[runlim] sample:		2289.09 time, 2290.02 real, 1462 MB
[runlim] sample:		2299.09 time, 2300.02 real, 1467 MB
[runlim] sample:		2309.09 time, 2310.02 real, 1472 MB
[runlim] sample:		2319.09 time, 2320.02 real, 1477 MB
[runlim] sample:		2329.09 time, 2330.02 real, 1482 MB
[runlim] sample:		2339.09 time, 2340.02 real, 1487 MB
[runlim] sample:		2349.08 time, 2350.02 real, 1492 MB
[runlim] sample:		2359.09 time, 2360.02 real, 1497 MB
[runlim] sample:		2369.09 time, 2370.02 real, 1502 MB
[runlim] sample:		2379.09 time, 2380.02 real, 1508 MB
[runlim] sample:		2389.09 time, 2390.02 real, 1512 MB
[runlim] sample:		2399.09 time, 2400.02 real, 1517 MB
[runlim] sample:		2409.09 time, 2410.02 real, 1521 MB
[runlim] sample:		2419.09 time, 2420.02 real, 1526 MB
[runlim] sample:		2429.09 time, 2430.02 real, 1531 MB
[runlim] sample:		2439.09 time, 2440.02 real, 1537 MB
[runlim] sample:		2449.09 time, 2450.02 real, 1541 MB
[runlim] sample:		2459.09 time, 2460.02 real, 1546 MB
[runlim] sample:		2469.09 time, 2470.02 real, 1550 MB
[runlim] sample:		2479.08 time, 2480.02 real, 1556 MB
[runlim] sample:		2489.08 time, 2490.02 real, 1562 MB
[runlim] sample:		2499.08 time, 2500.02 real, 1566 MB
[runlim] sample:		2509.09 time, 2510.02 real, 1571 MB
[runlim] sample:		2519.08 time, 2520.02 real, 1575 MB
[runlim] sample:		2529.09 time, 2530.02 real, 1580 MB
[runlim] sample:		2539.09 time, 2540.02 real, 1585 MB
[runlim] sample:		2549.08 time, 2550.02 real, 1590 MB
[runlim] sample:		2559.09 time, 2560.02 real, 1595 MB
[runlim] sample:		2569.09 time, 2570.02 real, 1602 MB
[runlim] sample:		2579.09 time, 2580.02 real, 1606 MB
[runlim] sample:		2589.09 time, 2590.02 real, 1611 MB
[runlim] sample:		2599.09 time, 2600.02 real, 1616 MB
[runlim] sample:		2609.09 time, 2610.02 real, 1620 MB
[runlim] sample:		2619.09 time, 2620.02 real, 1626 MB
[runlim] sample:		2629.09 time, 2630.02 real, 1631 MB
[runlim] sample:		2639.09 time, 2640.02 real, 1637 MB
[runlim] sample:		2649.09 time, 2650.02 real, 1642 MB
[runlim] sample:		2659.08 time, 2660.02 real, 1647 MB
[runlim] sample:		2669.09 time, 2670.02 real, 1653 MB
[runlim] sample:		2679.08 time, 2680.02 real, 1658 MB
[runlim] sample:		2689.08 time, 2690.02 real, 1663 MB
[runlim] sample:		2699.09 time, 2700.02 real, 1668 MB
[runlim] end:			Sat Feb 29 08:05:17 2020
[runlim] status:		out of time
[runlim] result:		2
[runlim] children:		1
[runlim] real:			2700.19 seconds
[runlim] time:			2699.09 seconds
[runlim] space:			1668 MB
[runlim] samples:		27000
