[runlim] version:		1.18
[runlim] host:			c3n31
[runlim] time limit:		2700 seconds
[runlim] real time limit:	2700 seconds
[runlim] space limit:		7000 MB
[runlim] argv[0]:		./binary
[runlim] argv[1]:		/data/cnf/ankit/E1-A1-instances/kenflashp02.qdimacs
[runlim] start:			Sat Feb 29 07:20:18 2020
[runlim] child:			14140
[runlim] sample:		9.95 time, 10.02 real, 27 MB
[runlim] sample:		19.95 time, 20.02 real, 45 MB
[runlim] sample:		29.95 time, 30.02 real, 60 MB
[runlim] sample:		39.95 time, 40.02 real, 74 MB
[runlim] sample:		49.95 time, 50.02 real, 86 MB
[runlim] sample:		59.95 time, 60.02 real, 99 MB
[runlim] sample:		69.96 time, 70.02 real, 111 MB
[runlim] sample:		79.95 time, 80.02 real, 122 MB
[runlim] sample:		89.96 time, 90.02 real, 134 MB
[runlim] sample:		99.96 time, 100.02 real, 117 MB
[runlim] sample:		109.95 time, 110.02 real, 126 MB
[runlim] sample:		119.95 time, 120.02 real, 137 MB
[runlim] sample:		129.95 time, 130.02 real, 146 MB
[runlim] sample:		139.95 time, 140.02 real, 153 MB
[runlim] sample:		149.95 time, 150.02 real, 161 MB
[runlim] sample:		159.95 time, 160.02 real, 170 MB
[runlim] sample:		169.95 time, 170.02 real, 179 MB
[runlim] sample:		179.95 time, 180.02 real, 185 MB
[runlim] sample:		189.95 time, 190.02 real, 192 MB
[runlim] sample:		199.95 time, 200.02 real, 198 MB
[runlim] sample:		209.95 time, 210.02 real, 206 MB
[runlim] sample:		219.95 time, 220.02 real, 210 MB
[runlim] sample:		229.95 time, 230.02 real, 217 MB
[runlim] sample:		239.95 time, 240.02 real, 222 MB
[runlim] sample:		249.95 time, 250.02 real, 229 MB
[runlim] sample:		259.95 time, 260.02 real, 235 MB
[runlim] sample:		269.95 time, 270.02 real, 242 MB
[runlim] sample:		279.94 time, 280.02 real, 246 MB
[runlim] sample:		289.95 time, 290.02 real, 252 MB
[runlim] sample:		299.95 time, 300.02 real, 258 MB
[runlim] sample:		309.94 time, 310.02 real, 263 MB
[runlim] sample:		319.95 time, 320.02 real, 269 MB
[runlim] sample:		329.95 time, 330.02 real, 274 MB
[runlim] sample:		339.94 time, 340.02 real, 278 MB
[runlim] sample:		349.95 time, 350.02 real, 285 MB
[runlim] sample:		359.95 time, 360.02 real, 289 MB
[runlim] sample:		369.95 time, 370.02 real, 293 MB
[runlim] sample:		379.95 time, 380.02 real, 299 MB
[runlim] sample:		389.95 time, 390.02 real, 304 MB
[runlim] sample:		399.94 time, 400.02 real, 308 MB
[runlim] sample:		409.95 time, 410.02 real, 315 MB
[runlim] sample:		419.95 time, 420.02 real, 319 MB
[runlim] sample:		429.95 time, 430.02 real, 322 MB
[runlim] sample:		439.94 time, 440.02 real, 328 MB
[runlim] sample:		449.95 time, 450.02 real, 331 MB
[runlim] sample:		459.94 time, 460.02 real, 336 MB
[runlim] sample:		469.95 time, 470.02 real, 341 MB
[runlim] sample:		479.95 time, 480.02 real, 344 MB
[runlim] sample:		489.95 time, 490.02 real, 347 MB
[runlim] sample:		499.95 time, 500.02 real, 353 MB
[runlim] sample:		509.94 time, 510.02 real, 358 MB
[runlim] sample:		519.95 time, 520.02 real, 364 MB
[runlim] sample:		529.95 time, 530.02 real, 370 MB
[runlim] sample:		539.94 time, 540.02 real, 375 MB
[runlim] sample:		549.95 time, 550.02 real, 378 MB
[runlim] sample:		559.94 time, 560.02 real, 381 MB
[runlim] sample:		569.94 time, 570.02 real, 384 MB
[runlim] sample:		579.94 time, 580.02 real, 389 MB
[runlim] sample:		589.94 time, 590.02 real, 393 MB
[runlim] sample:		599.94 time, 600.02 real, 397 MB
[runlim] sample:		609.94 time, 610.02 real, 402 MB
[runlim] sample:		619.95 time, 620.02 real, 407 MB
[runlim] sample:		629.95 time, 630.02 real, 410 MB
[runlim] sample:		639.94 time, 640.02 real, 413 MB
[runlim] sample:		649.94 time, 650.02 real, 415 MB
[runlim] sample:		659.95 time, 660.02 real, 419 MB
[runlim] sample:		669.95 time, 670.02 real, 423 MB
[runlim] sample:		679.95 time, 680.02 real, 427 MB
[runlim] sample:		689.94 time, 690.02 real, 429 MB
[runlim] sample:		699.94 time, 700.02 real, 432 MB
[runlim] sample:		709.94 time, 710.02 real, 434 MB
[runlim] sample:		719.94 time, 720.02 real, 437 MB
[runlim] sample:		729.95 time, 730.02 real, 439 MB
[runlim] sample:		739.94 time, 740.02 real, 442 MB
[runlim] sample:		749.94 time, 750.02 real, 444 MB
[runlim] sample:		759.94 time, 760.02 real, 447 MB
[runlim] sample:		769.95 time, 770.02 real, 451 MB
[runlim] sample:		779.94 time, 780.02 real, 454 MB
[runlim] sample:		789.94 time, 790.02 real, 457 MB
[runlim] sample:		799.95 time, 800.02 real, 460 MB
[runlim] sample:		809.94 time, 810.02 real, 463 MB
[runlim] sample:		819.95 time, 820.02 real, 466 MB
[runlim] sample:		829.94 time, 830.02 real, 469 MB
[runlim] sample:		839.94 time, 840.02 real, 471 MB
[runlim] sample:		849.94 time, 850.02 real, 474 MB
[runlim] sample:		859.94 time, 860.02 real, 477 MB
[runlim] sample:		869.94 time, 870.02 real, 479 MB
[runlim] sample:		879.94 time, 880.02 real, 481 MB
[runlim] sample:		889.94 time, 890.02 real, 483 MB
[runlim] sample:		899.94 time, 900.02 real, 486 MB
[runlim] sample:		909.94 time, 910.02 real, 488 MB
[runlim] sample:		919.94 time, 920.02 real, 491 MB
[runlim] sample:		929.94 time, 930.02 real, 494 MB
[runlim] sample:		939.94 time, 940.02 real, 497 MB
[runlim] sample:		949.94 time, 950.02 real, 499 MB
[runlim] sample:		959.94 time, 960.02 real, 503 MB
[runlim] sample:		969.94 time, 970.02 real, 507 MB
[runlim] sample:		979.94 time, 980.02 real, 509 MB
[runlim] sample:		989.94 time, 990.02 real, 511 MB
[runlim] sample:		999.94 time, 1000.02 real, 514 MB
[runlim] sample:		1009.94 time, 1010.02 real, 517 MB
[runlim] sample:		1019.94 time, 1020.02 real, 520 MB
[runlim] sample:		1029.93 time, 1030.02 real, 523 MB
[runlim] sample:		1039.94 time, 1040.02 real, 525 MB
[runlim] sample:		1049.94 time, 1050.02 real, 527 MB
[runlim] sample:		1059.94 time, 1060.02 real, 529 MB
[runlim] sample:		1069.94 time, 1070.02 real, 532 MB
[runlim] sample:		1079.94 time, 1080.02 real, 535 MB
[runlim] sample:		1089.94 time, 1090.02 real, 538 MB
[runlim] sample:		1099.94 time, 1100.02 real, 539 MB
[runlim] sample:		1109.94 time, 1110.02 real, 541 MB
[runlim] sample:		1119.94 time, 1120.02 real, 544 MB
[runlim] sample:		1129.94 time, 1130.02 real, 549 MB
[runlim] sample:		1139.94 time, 1140.02 real, 551 MB
[runlim] sample:		1149.94 time, 1150.02 real, 553 MB
[runlim] sample:		1159.94 time, 1160.02 real, 557 MB
[runlim] sample:		1169.94 time, 1170.02 real, 559 MB
[runlim] sample:		1179.94 time, 1180.02 real, 564 MB
[runlim] sample:		1189.94 time, 1190.02 real, 566 MB
[runlim] sample:		1199.93 time, 1200.02 real, 567 MB
[runlim] sample:		1209.93 time, 1210.02 real, 569 MB
[runlim] sample:		1219.94 time, 1220.02 real, 571 MB
[runlim] sample:		1229.93 time, 1230.02 real, 575 MB
[runlim] sample:		1239.94 time, 1240.02 real, 578 MB
[runlim] sample:		1249.94 time, 1250.02 real, 583 MB
[runlim] sample:		1259.93 time, 1260.02 real, 586 MB
[runlim] sample:		1269.93 time, 1270.02 real, 589 MB
[runlim] sample:		1279.94 time, 1280.02 real, 591 MB
[runlim] sample:		1289.94 time, 1290.02 real, 593 MB
[runlim] sample:		1299.93 time, 1300.02 real, 596 MB
[runlim] sample:		1309.94 time, 1310.02 real, 599 MB
[runlim] sample:		1319.93 time, 1320.02 real, 601 MB
[runlim] sample:		1329.93 time, 1330.02 real, 605 MB
[runlim] sample:		1339.93 time, 1340.02 real, 607 MB
[runlim] sample:		1349.94 time, 1350.02 real, 609 MB
[runlim] sample:		1359.93 time, 1360.02 real, 613 MB
[runlim] sample:		1369.94 time, 1370.02 real, 616 MB
[runlim] sample:		1379.93 time, 1380.02 real, 619 MB
[runlim] sample:		1389.93 time, 1390.02 real, 622 MB
[runlim] sample:		1399.93 time, 1400.02 real, 624 MB
[runlim] sample:		1409.93 time, 1410.02 real, 625 MB
[runlim] sample:		1419.93 time, 1420.02 real, 627 MB
[runlim] sample:		1429.94 time, 1430.02 real, 629 MB
[runlim] sample:		1439.93 time, 1440.02 real, 634 MB
[runlim] sample:		1449.93 time, 1450.02 real, 636 MB
[runlim] sample:		1459.93 time, 1460.02 real, 639 MB
[runlim] sample:		1469.94 time, 1470.02 real, 641 MB
[runlim] sample:		1479.93 time, 1480.02 real, 644 MB
[runlim] sample:		1489.93 time, 1490.02 real, 647 MB
[runlim] sample:		1499.93 time, 1500.02 real, 649 MB
[runlim] sample:		1509.93 time, 1510.02 real, 651 MB
[runlim] sample:		1519.93 time, 1520.02 real, 653 MB
[runlim] sample:		1529.93 time, 1530.02 real, 656 MB
[runlim] sample:		1539.93 time, 1540.02 real, 658 MB
[runlim] sample:		1549.93 time, 1550.02 real, 661 MB
[runlim] sample:		1559.93 time, 1560.02 real, 663 MB
[runlim] sample:		1569.93 time, 1570.02 real, 665 MB
[runlim] sample:		1579.93 time, 1580.02 real, 666 MB
[runlim] sample:		1589.93 time, 1590.02 real, 668 MB
[runlim] sample:		1599.93 time, 1600.02 real, 670 MB
[runlim] sample:		1609.93 time, 1610.02 real, 672 MB
[runlim] sample:		1619.93 time, 1620.02 real, 675 MB
[runlim] sample:		1629.93 time, 1630.02 real, 677 MB
[runlim] sample:		1639.93 time, 1640.02 real, 679 MB
[runlim] sample:		1649.93 time, 1650.02 real, 681 MB
[runlim] sample:		1659.93 time, 1660.02 real, 683 MB
[runlim] sample:		1669.92 time, 1670.02 real, 685 MB
[runlim] sample:		1679.93 time, 1680.02 real, 686 MB
[runlim] sample:		1689.92 time, 1690.02 real, 689 MB
[runlim] sample:		1699.93 time, 1700.02 real, 692 MB
[runlim] sample:		1709.93 time, 1710.02 real, 694 MB
[runlim] sample:		1719.93 time, 1720.02 real, 697 MB
[runlim] sample:		1729.93 time, 1730.02 real, 699 MB
[runlim] sample:		1739.93 time, 1740.02 real, 702 MB
[runlim] sample:		1749.93 time, 1750.02 real, 703 MB
[runlim] sample:		1759.93 time, 1760.02 real, 705 MB
[runlim] sample:		1769.92 time, 1770.02 real, 707 MB
[runlim] sample:		1779.93 time, 1780.02 real, 709 MB
[runlim] sample:		1789.93 time, 1790.02 real, 711 MB
[runlim] sample:		1799.92 time, 1800.02 real, 713 MB
[runlim] sample:		1809.92 time, 1810.02 real, 715 MB
[runlim] sample:		1819.92 time, 1820.02 real, 717 MB
[runlim] sample:		1829.92 time, 1830.02 real, 719 MB
[runlim] sample:		1839.92 time, 1840.02 real, 721 MB
[runlim] sample:		1849.93 time, 1850.02 real, 723 MB
[runlim] sample:		1859.92 time, 1860.02 real, 725 MB
[runlim] sample:		1869.92 time, 1870.02 real, 726 MB
[runlim] sample:		1879.92 time, 1880.02 real, 729 MB
[runlim] sample:		1889.92 time, 1890.02 real, 733 MB
[runlim] sample:		1899.92 time, 1900.02 real, 734 MB
[runlim] sample:		1909.93 time, 1910.02 real, 736 MB
[runlim] sample:		1919.92 time, 1920.02 real, 737 MB
[runlim] sample:		1929.92 time, 1930.02 real, 738 MB
[runlim] sample:		1939.92 time, 1940.02 real, 740 MB
[runlim] sample:		1949.92 time, 1950.02 real, 742 MB
[runlim] sample:		1959.92 time, 1960.02 real, 744 MB
[runlim] sample:		1969.92 time, 1970.02 real, 746 MB
[runlim] sample:		1979.93 time, 1980.02 real, 749 MB
[runlim] sample:		1989.92 time, 1990.02 real, 751 MB
[runlim] sample:		1999.91 time, 2000.02 real, 753 MB
[runlim] sample:		2009.92 time, 2010.02 real, 756 MB
[runlim] sample:		2019.92 time, 2020.02 real, 760 MB
[runlim] sample:		2029.92 time, 2030.02 real, 762 MB
[runlim] sample:		2039.92 time, 2040.02 real, 764 MB
[runlim] sample:		2049.92 time, 2050.02 real, 766 MB
[runlim] sample:		2059.92 time, 2060.02 real, 767 MB
[runlim] sample:		2069.92 time, 2070.02 real, 769 MB
[runlim] sample:		2079.92 time, 2080.02 real, 771 MB
[runlim] sample:		2089.92 time, 2090.02 real, 772 MB
[runlim] sample:		2099.92 time, 2100.02 real, 774 MB
[runlim] sample:		2109.92 time, 2110.02 real, 776 MB
[runlim] sample:		2119.92 time, 2120.02 real, 777 MB
[runlim] sample:		2129.92 time, 2130.02 real, 779 MB
[runlim] sample:		2139.92 time, 2140.02 real, 782 MB
[runlim] sample:		2149.92 time, 2150.02 real, 784 MB
[runlim] sample:		2159.92 time, 2160.02 real, 785 MB
[runlim] sample:		2169.92 time, 2170.02 real, 787 MB
[runlim] sample:		2179.92 time, 2180.02 real, 789 MB
[runlim] sample:		2189.92 time, 2190.02 real, 792 MB
[runlim] sample:		2199.92 time, 2200.02 real, 794 MB
[runlim] sample:		2209.91 time, 2210.02 real, 796 MB
[runlim] sample:		2219.92 time, 2220.02 real, 798 MB
[runlim] sample:		2229.92 time, 2230.02 real, 800 MB
[runlim] sample:		2239.91 time, 2240.02 real, 802 MB
[runlim] sample:		2249.91 time, 2250.02 real, 803 MB
[runlim] sample:		2259.92 time, 2260.02 real, 804 MB
[runlim] sample:		2269.92 time, 2270.02 real, 806 MB
[runlim] sample:		2279.92 time, 2280.02 real, 808 MB
[runlim] sample:		2289.92 time, 2290.02 real, 811 MB
[runlim] sample:		2299.92 time, 2300.02 real, 813 MB
[runlim] sample:		2309.91 time, 2310.02 real, 815 MB
[runlim] sample:		2319.91 time, 2320.02 real, 817 MB
[runlim] sample:		2329.92 time, 2330.02 real, 818 MB
[runlim] sample:		2339.92 time, 2340.02 real, 820 MB
[runlim] sample:		2349.92 time, 2350.02 real, 823 MB
[runlim] sample:		2359.92 time, 2360.02 real, 826 MB
[runlim] sample:		2369.91 time, 2370.02 real, 827 MB
[runlim] sample:		2379.91 time, 2380.02 real, 828 MB
[runlim] sample:		2389.92 time, 2390.02 real, 829 MB
[runlim] sample:		2399.91 time, 2400.02 real, 829 MB
[runlim] sample:		2409.92 time, 2410.02 real, 830 MB
[runlim] sample:		2419.91 time, 2420.02 real, 831 MB
[runlim] sample:		2429.92 time, 2430.02 real, 835 MB
[runlim] sample:		2439.92 time, 2440.02 real, 837 MB
[runlim] sample:		2449.92 time, 2450.02 real, 840 MB
[runlim] sample:		2459.91 time, 2460.02 real, 842 MB
[runlim] sample:		2469.92 time, 2470.02 real, 844 MB
[runlim] sample:		2479.92 time, 2480.02 real, 847 MB
[runlim] sample:		2489.91 time, 2490.02 real, 849 MB
[runlim] sample:		2499.91 time, 2500.02 real, 854 MB
[runlim] sample:		2509.92 time, 2510.02 real, 857 MB
[runlim] sample:		2519.92 time, 2520.02 real, 858 MB
[runlim] sample:		2529.91 time, 2530.02 real, 860 MB
[runlim] sample:		2539.91 time, 2540.02 real, 862 MB
[runlim] sample:		2549.92 time, 2550.02 real, 863 MB
[runlim] sample:		2559.91 time, 2560.02 real, 869 MB
[runlim] sample:		2569.91 time, 2570.02 real, 870 MB
[runlim] sample:		2579.91 time, 2580.02 real, 872 MB
[runlim] sample:		2589.91 time, 2590.02 real, 873 MB
[runlim] sample:		2599.91 time, 2600.02 real, 874 MB
[runlim] sample:		2609.91 time, 2610.02 real, 876 MB
[runlim] sample:		2619.91 time, 2620.02 real, 877 MB
[runlim] sample:		2629.91 time, 2630.02 real, 879 MB
[runlim] sample:		2639.91 time, 2640.02 real, 881 MB
[runlim] sample:		2649.91 time, 2650.02 real, 882 MB
[runlim] sample:		2659.91 time, 2660.02 real, 885 MB
[runlim] sample:		2669.91 time, 2670.02 real, 887 MB
[runlim] sample:		2679.91 time, 2680.02 real, 888 MB
[runlim] sample:		2689.91 time, 2690.02 real, 891 MB
[runlim] sample:		2699.90 time, 2700.01 real, 893 MB
[runlim] end:			Sat Feb 29 08:05:18 2020
[runlim] status:		out of time
[runlim] result:		2
[runlim] children:		1
[runlim] real:			2700.10 seconds
[runlim] time:			2699.90 seconds
[runlim] space:			893 MB
[runlim] samples:		27000
