[runlim] version:		1.18
[runlim] host:			c3n31
[runlim] time limit:		2700 seconds
[runlim] real time limit:	2700 seconds
[runlim] space limit:		7000 MB
[runlim] argv[0]:		./binary
[runlim] argv[1]:		/data/cnf/ankit/E1-A1-instances/kenoopp1.qdimacs
[runlim] start:			Sat Feb 29 07:20:18 2020
[runlim] child:			14150
[runlim] sample:		9.98 time, 10.02 real, 31 MB
[runlim] sample:		19.98 time, 20.02 real, 51 MB
[runlim] sample:		29.98 time, 30.02 real, 68 MB
[runlim] sample:		39.98 time, 40.02 real, 83 MB
[runlim] sample:		49.98 time, 50.02 real, 98 MB
[runlim] sample:		59.98 time, 60.02 real, 112 MB
[runlim] sample:		69.98 time, 70.02 real, 125 MB
[runlim] sample:		79.98 time, 80.02 real, 139 MB
[runlim] sample:		89.98 time, 90.02 real, 150 MB
[runlim] sample:		99.98 time, 100.02 real, 161 MB
[runlim] sample:		109.98 time, 110.02 real, 172 MB
[runlim] sample:		119.98 time, 120.02 real, 181 MB
[runlim] sample:		129.98 time, 130.02 real, 191 MB
[runlim] sample:		139.98 time, 140.02 real, 201 MB
[runlim] sample:		149.98 time, 150.02 real, 211 MB
[runlim] sample:		159.98 time, 160.02 real, 220 MB
[runlim] sample:		169.98 time, 170.02 real, 230 MB
[runlim] sample:		179.98 time, 180.02 real, 239 MB
[runlim] sample:		189.97 time, 190.02 real, 247 MB
[runlim] sample:		199.98 time, 200.02 real, 256 MB
[runlim] sample:		209.98 time, 210.02 real, 264 MB
[runlim] sample:		219.98 time, 220.02 real, 271 MB
[runlim] sample:		229.98 time, 230.02 real, 277 MB
[runlim] sample:		239.98 time, 240.02 real, 284 MB
[runlim] sample:		249.98 time, 250.02 real, 291 MB
[runlim] sample:		259.98 time, 260.02 real, 297 MB
[runlim] sample:		269.97 time, 270.02 real, 303 MB
[runlim] sample:		279.98 time, 280.02 real, 309 MB
[runlim] sample:		289.98 time, 290.02 real, 317 MB
[runlim] sample:		299.98 time, 300.02 real, 324 MB
[runlim] sample:		309.98 time, 310.02 real, 331 MB
[runlim] sample:		319.98 time, 320.02 real, 337 MB
[runlim] sample:		329.97 time, 330.02 real, 344 MB
[runlim] sample:		339.97 time, 340.02 real, 349 MB
[runlim] sample:		349.98 time, 350.02 real, 356 MB
[runlim] sample:		359.98 time, 360.02 real, 363 MB
[runlim] sample:		369.98 time, 370.02 real, 370 MB
[runlim] sample:		379.97 time, 380.02 real, 376 MB
[runlim] sample:		389.97 time, 390.02 real, 383 MB
[runlim] sample:		399.97 time, 400.02 real, 389 MB
[runlim] sample:		409.98 time, 410.02 real, 394 MB
[runlim] sample:		419.97 time, 420.02 real, 400 MB
[runlim] sample:		429.97 time, 430.02 real, 407 MB
[runlim] sample:		439.98 time, 440.02 real, 415 MB
[runlim] sample:		449.98 time, 450.02 real, 420 MB
[runlim] sample:		459.97 time, 460.02 real, 424 MB
[runlim] sample:		469.98 time, 470.02 real, 430 MB
[runlim] sample:		479.97 time, 480.02 real, 436 MB
[runlim] sample:		489.97 time, 490.02 real, 444 MB
[runlim] sample:		499.97 time, 500.02 real, 450 MB
[runlim] sample:		509.97 time, 510.02 real, 454 MB
[runlim] sample:		519.97 time, 520.02 real, 458 MB
[runlim] sample:		529.97 time, 530.02 real, 464 MB
[runlim] sample:		539.98 time, 540.02 real, 468 MB
[runlim] sample:		549.97 time, 550.02 real, 472 MB
[runlim] sample:		559.97 time, 560.02 real, 478 MB
[runlim] sample:		569.98 time, 570.02 real, 483 MB
[runlim] sample:		579.98 time, 580.02 real, 488 MB
[runlim] sample:		589.97 time, 590.02 real, 492 MB
[runlim] sample:		599.97 time, 600.02 real, 499 MB
[runlim] sample:		609.97 time, 610.02 real, 503 MB
[runlim] sample:		619.97 time, 620.02 real, 508 MB
[runlim] sample:		629.97 time, 630.02 real, 512 MB
[runlim] sample:		639.97 time, 640.02 real, 517 MB
[runlim] sample:		649.97 time, 650.02 real, 522 MB
[runlim] sample:		659.97 time, 660.02 real, 526 MB
[runlim] sample:		669.97 time, 670.02 real, 530 MB
[runlim] sample:		679.97 time, 680.02 real, 535 MB
[runlim] sample:		689.97 time, 690.02 real, 539 MB
[runlim] sample:		699.97 time, 700.02 real, 542 MB
[runlim] sample:		709.97 time, 710.02 real, 546 MB
[runlim] sample:		719.97 time, 720.02 real, 551 MB
[runlim] sample:		729.97 time, 730.02 real, 554 MB
[runlim] sample:		739.97 time, 740.02 real, 557 MB
[runlim] sample:		749.97 time, 750.02 real, 561 MB
[runlim] sample:		759.97 time, 760.02 real, 566 MB
[runlim] sample:		769.97 time, 770.02 real, 570 MB
[runlim] sample:		779.97 time, 780.02 real, 574 MB
[runlim] sample:		789.97 time, 790.02 real, 577 MB
[runlim] sample:		799.97 time, 800.02 real, 584 MB
[runlim] sample:		809.97 time, 810.02 real, 590 MB
[runlim] sample:		819.97 time, 820.02 real, 593 MB
[runlim] sample:		829.97 time, 830.02 real, 597 MB
[runlim] sample:		839.97 time, 840.02 real, 601 MB
[runlim] sample:		849.97 time, 850.02 real, 604 MB
[runlim] sample:		859.96 time, 860.02 real, 608 MB
[runlim] sample:		869.96 time, 870.02 real, 611 MB
[runlim] sample:		879.97 time, 880.02 real, 615 MB
[runlim] sample:		889.97 time, 890.02 real, 618 MB
[runlim] sample:		899.96 time, 900.02 real, 621 MB
[runlim] sample:		909.96 time, 910.02 real, 625 MB
[runlim] sample:		919.97 time, 920.02 real, 628 MB
[runlim] sample:		929.97 time, 930.02 real, 631 MB
[runlim] sample:		939.96 time, 940.02 real, 635 MB
[runlim] sample:		949.97 time, 950.02 real, 638 MB
[runlim] sample:		959.97 time, 960.02 real, 644 MB
[runlim] sample:		969.97 time, 970.02 real, 648 MB
[runlim] sample:		979.96 time, 980.02 real, 652 MB
[runlim] sample:		989.97 time, 990.02 real, 654 MB
[runlim] sample:		999.97 time, 1000.02 real, 657 MB
[runlim] sample:		1009.96 time, 1010.02 real, 662 MB
[runlim] sample:		1019.97 time, 1020.02 real, 665 MB
[runlim] sample:		1029.96 time, 1030.02 real, 670 MB
[runlim] sample:		1039.96 time, 1040.02 real, 673 MB
[runlim] sample:		1049.97 time, 1050.02 real, 677 MB
[runlim] sample:		1059.96 time, 1060.02 real, 681 MB
[runlim] sample:		1069.97 time, 1070.02 real, 685 MB
[runlim] sample:		1079.96 time, 1080.02 real, 688 MB
[runlim] sample:		1089.96 time, 1090.02 real, 693 MB
[runlim] sample:		1099.96 time, 1100.02 real, 696 MB
[runlim] sample:		1109.97 time, 1110.02 real, 700 MB
[runlim] sample:		1119.96 time, 1120.02 real, 702 MB
[runlim] sample:		1129.96 time, 1130.02 real, 705 MB
[runlim] sample:		1139.96 time, 1140.02 real, 710 MB
[runlim] sample:		1149.96 time, 1150.02 real, 713 MB
[runlim] sample:		1159.96 time, 1160.02 real, 716 MB
[runlim] sample:		1169.96 time, 1170.02 real, 719 MB
[runlim] sample:		1179.96 time, 1180.02 real, 722 MB
[runlim] sample:		1189.96 time, 1190.02 real, 727 MB
[runlim] sample:		1199.96 time, 1200.02 real, 730 MB
[runlim] sample:		1209.96 time, 1210.02 real, 732 MB
[runlim] sample:		1219.96 time, 1220.02 real, 735 MB
[runlim] sample:		1229.96 time, 1230.02 real, 739 MB
[runlim] sample:		1239.96 time, 1240.02 real, 742 MB
[runlim] sample:		1249.96 time, 1250.02 real, 747 MB
[runlim] sample:		1259.96 time, 1260.02 real, 751 MB
[runlim] sample:		1269.96 time, 1270.02 real, 754 MB
[runlim] sample:		1279.96 time, 1280.02 real, 758 MB
[runlim] sample:		1289.96 time, 1290.02 real, 763 MB
[runlim] sample:		1299.96 time, 1300.02 real, 766 MB
[runlim] sample:		1309.96 time, 1310.02 real, 771 MB
[runlim] sample:		1319.96 time, 1320.02 real, 773 MB
[runlim] sample:		1329.96 time, 1330.02 real, 775 MB
[runlim] sample:		1339.96 time, 1340.02 real, 778 MB
[runlim] sample:		1349.96 time, 1350.02 real, 781 MB
[runlim] sample:		1359.96 time, 1360.02 real, 783 MB
[runlim] sample:		1369.96 time, 1370.02 real, 786 MB
[runlim] sample:		1379.96 time, 1380.02 real, 790 MB
[runlim] sample:		1389.96 time, 1390.02 real, 793 MB
[runlim] sample:		1399.96 time, 1400.02 real, 796 MB
[runlim] sample:		1409.96 time, 1410.02 real, 799 MB
[runlim] sample:		1419.96 time, 1420.02 real, 801 MB
[runlim] sample:		1429.96 time, 1430.02 real, 804 MB
[runlim] sample:		1439.96 time, 1440.02 real, 808 MB
[runlim] sample:		1449.96 time, 1450.02 real, 811 MB
[runlim] sample:		1459.96 time, 1460.02 real, 814 MB
[runlim] sample:		1469.96 time, 1470.02 real, 819 MB
[runlim] sample:		1479.95 time, 1480.02 real, 821 MB
[runlim] sample:		1489.96 time, 1490.02 real, 824 MB
[runlim] sample:		1499.96 time, 1500.02 real, 827 MB
[runlim] sample:		1509.96 time, 1510.02 real, 830 MB
[runlim] sample:		1519.96 time, 1520.02 real, 836 MB
[runlim] sample:		1529.96 time, 1530.02 real, 840 MB
[runlim] sample:		1539.96 time, 1540.02 real, 843 MB
[runlim] sample:		1549.96 time, 1550.02 real, 846 MB
[runlim] sample:		1559.96 time, 1560.02 real, 849 MB
[runlim] sample:		1569.96 time, 1570.02 real, 852 MB
[runlim] sample:		1579.96 time, 1580.02 real, 854 MB
[runlim] sample:		1589.96 time, 1590.02 real, 857 MB
[runlim] sample:		1599.96 time, 1600.02 real, 859 MB
[runlim] sample:		1609.95 time, 1610.02 real, 862 MB
[runlim] sample:		1619.95 time, 1620.02 real, 864 MB
[runlim] sample:		1629.95 time, 1630.02 real, 867 MB
[runlim] sample:		1639.96 time, 1640.02 real, 870 MB
[runlim] sample:		1649.96 time, 1650.02 real, 873 MB
[runlim] sample:		1659.96 time, 1660.02 real, 876 MB
[runlim] sample:		1669.95 time, 1670.02 real, 879 MB
[runlim] sample:		1679.95 time, 1680.02 real, 881 MB
[runlim] sample:		1689.95 time, 1690.02 real, 884 MB
[runlim] sample:		1699.95 time, 1700.02 real, 886 MB
[runlim] sample:		1709.95 time, 1710.02 real, 888 MB
[runlim] sample:		1719.96 time, 1720.02 real, 890 MB
[runlim] sample:		1729.96 time, 1730.02 real, 892 MB
[runlim] sample:		1739.95 time, 1740.02 real, 895 MB
[runlim] sample:		1749.95 time, 1750.02 real, 898 MB
[runlim] sample:		1759.96 time, 1760.02 real, 900 MB
[runlim] sample:		1769.96 time, 1770.02 real, 903 MB
[runlim] sample:		1779.95 time, 1780.02 real, 908 MB
[runlim] sample:		1789.95 time, 1790.02 real, 910 MB
[runlim] sample:		1799.96 time, 1800.02 real, 912 MB
[runlim] sample:		1809.96 time, 1810.02 real, 914 MB
[runlim] sample:		1819.95 time, 1820.02 real, 917 MB
[runlim] sample:		1829.96 time, 1830.02 real, 919 MB
[runlim] sample:		1839.95 time, 1840.02 real, 922 MB
[runlim] sample:		1849.95 time, 1850.02 real, 924 MB
[runlim] sample:		1859.95 time, 1860.02 real, 928 MB
[runlim] sample:		1869.95 time, 1870.02 real, 931 MB
[runlim] sample:		1879.96 time, 1880.02 real, 935 MB
[runlim] sample:		1889.95 time, 1890.02 real, 938 MB
[runlim] sample:		1899.95 time, 1900.02 real, 940 MB
[runlim] sample:		1909.96 time, 1910.02 real, 943 MB
[runlim] sample:		1919.95 time, 1920.02 real, 946 MB
[runlim] sample:		1929.95 time, 1930.02 real, 949 MB
[runlim] sample:		1939.95 time, 1940.02 real, 952 MB
[runlim] sample:		1949.95 time, 1950.02 real, 955 MB
[runlim] sample:		1959.95 time, 1960.02 real, 959 MB
[runlim] sample:		1969.95 time, 1970.02 real, 961 MB
[runlim] sample:		1979.96 time, 1980.02 real, 963 MB
[runlim] sample:		1989.95 time, 1990.02 real, 965 MB
[runlim] sample:		1999.95 time, 2000.02 real, 971 MB
[runlim] sample:		2009.95 time, 2010.02 real, 973 MB
[runlim] sample:		2019.95 time, 2020.02 real, 977 MB
[runlim] sample:		2029.95 time, 2030.02 real, 979 MB
[runlim] sample:		2039.95 time, 2040.02 real, 981 MB
[runlim] sample:		2049.95 time, 2050.02 real, 983 MB
[runlim] sample:		2059.95 time, 2060.02 real, 985 MB
[runlim] sample:		2069.95 time, 2070.02 real, 987 MB
[runlim] sample:		2079.94 time, 2080.02 real, 989 MB
[runlim] sample:		2089.94 time, 2090.02 real, 990 MB
[runlim] sample:		2099.95 time, 2100.02 real, 992 MB
[runlim] sample:		2109.95 time, 2110.02 real, 995 MB
[runlim] sample:		2119.94 time, 2120.02 real, 997 MB
[runlim] sample:		2129.95 time, 2130.02 real, 1000 MB
[runlim] sample:		2139.94 time, 2140.02 real, 1004 MB
[runlim] sample:		2149.94 time, 2150.02 real, 1007 MB
[runlim] sample:		2159.95 time, 2160.02 real, 1009 MB
[runlim] sample:		2169.94 time, 2170.02 real, 1011 MB
[runlim] sample:		2179.95 time, 2180.02 real, 1013 MB
[runlim] sample:		2189.95 time, 2190.02 real, 1015 MB
[runlim] sample:		2199.94 time, 2200.02 real, 1017 MB
[runlim] sample:		2209.94 time, 2210.02 real, 1019 MB
[runlim] sample:		2219.94 time, 2220.02 real, 1021 MB
[runlim] sample:		2229.95 time, 2230.02 real, 1024 MB
[runlim] sample:		2239.94 time, 2240.02 real, 1026 MB
[runlim] sample:		2249.94 time, 2250.02 real, 1029 MB
[runlim] sample:		2259.95 time, 2260.02 real, 1032 MB
[runlim] sample:		2269.95 time, 2270.02 real, 1034 MB
[runlim] sample:		2279.94 time, 2280.02 real, 1037 MB
[runlim] sample:		2289.94 time, 2290.02 real, 1040 MB
[runlim] sample:		2299.94 time, 2300.02 real, 1041 MB
[runlim] sample:		2309.94 time, 2310.02 real, 1044 MB
[runlim] sample:		2319.95 time, 2320.02 real, 1046 MB
[runlim] sample:		2329.94 time, 2330.02 real, 1048 MB
[runlim] sample:		2339.94 time, 2340.02 real, 1050 MB
[runlim] sample:		2349.94 time, 2350.02 real, 1052 MB
[runlim] sample:		2359.94 time, 2360.02 real, 1054 MB
[runlim] sample:		2369.95 time, 2370.02 real, 1057 MB
[runlim] sample:		2379.94 time, 2380.02 real, 1059 MB
[runlim] sample:		2389.94 time, 2390.02 real, 1063 MB
[runlim] sample:		2399.94 time, 2400.02 real, 1069 MB
[runlim] sample:		2409.94 time, 2410.02 real, 1073 MB
[runlim] sample:		2419.94 time, 2420.02 real, 1076 MB
[runlim] sample:		2429.94 time, 2430.02 real, 1078 MB
[runlim] sample:		2439.94 time, 2440.02 real, 1080 MB
[runlim] sample:		2449.94 time, 2450.02 real, 1082 MB
[runlim] sample:		2459.94 time, 2460.02 real, 1084 MB
[runlim] sample:		2469.94 time, 2470.02 real, 1086 MB
[runlim] sample:		2479.94 time, 2480.02 real, 1088 MB
[runlim] sample:		2489.94 time, 2490.02 real, 1090 MB
[runlim] sample:		2499.94 time, 2500.02 real, 1092 MB
[runlim] sample:		2509.94 time, 2510.02 real, 1094 MB
[runlim] sample:		2519.94 time, 2520.02 real, 1096 MB
[runlim] sample:		2529.94 time, 2530.02 real, 1098 MB
[runlim] sample:		2539.94 time, 2540.02 real, 1100 MB
[runlim] sample:		2549.94 time, 2550.02 real, 1102 MB
[runlim] sample:		2559.94 time, 2560.02 real, 1104 MB
[runlim] sample:		2569.94 time, 2570.02 real, 1107 MB
[runlim] sample:		2579.94 time, 2580.02 real, 1109 MB
[runlim] sample:		2589.94 time, 2590.02 real, 1111 MB
[runlim] sample:		2599.94 time, 2600.02 real, 1113 MB
[runlim] sample:		2609.94 time, 2610.02 real, 1115 MB
[runlim] sample:		2619.94 time, 2620.02 real, 1118 MB
[runlim] sample:		2629.94 time, 2630.02 real, 1121 MB
[runlim] sample:		2639.94 time, 2640.02 real, 1124 MB
[runlim] sample:		2649.93 time, 2650.02 real, 1126 MB
[runlim] sample:		2659.94 time, 2660.02 real, 1128 MB
[runlim] sample:		2669.94 time, 2670.02 real, 1130 MB
[runlim] sample:		2679.93 time, 2680.02 real, 1132 MB
[runlim] sample:		2689.94 time, 2690.02 real, 1133 MB
[runlim] sample:		2699.93 time, 2700.02 real, 1135 MB
[runlim] end:			Sat Feb 29 08:05:18 2020
[runlim] status:		out of time
[runlim] result:		2
[runlim] children:		1
[runlim] real:			2700.10 seconds
[runlim] time:			2699.93 seconds
[runlim] space:			1135 MB
[runlim] samples:		27000
