[runlim] version:		1.18
[runlim] host:			c3n29
[runlim] time limit:		2700 seconds
[runlim] real time limit:	2700 seconds
[runlim] space limit:		7000 MB
[runlim] argv[0]:		./binary
[runlim] argv[1]:		/data/cnf/ankit/E1-A1-instances/query10_query36_1344.qdimacs
[runlim] start:			Sat Feb 29 07:20:17 2020
[runlim] child:			9599
[runlim] sample:		9.91 time, 10.02 real, 90 MB
[runlim] sample:		19.91 time, 20.02 real, 135 MB
[runlim] sample:		29.92 time, 30.02 real, 156 MB
[runlim] sample:		39.91 time, 40.02 real, 172 MB
[runlim] sample:		49.91 time, 50.02 real, 184 MB
[runlim] sample:		59.91 time, 60.02 real, 212 MB
[runlim] end:			Sat Feb 29 07:21:18 2020
[runlim] status:		ok
[runlim] result:		0
[runlim] children:		1
[runlim] real:			60.14 seconds
[runlim] time:			60.01 seconds
[runlim] space:			212 MB
[runlim] samples:		601
