[runlim] version:		1.18
[runlim] host:			c3n29
[runlim] time limit:		2700 seconds
[runlim] real time limit:	2700 seconds
[runlim] space limit:		7000 MB
[runlim] argv[0]:		./binary
[runlim] argv[1]:		/data/cnf/ankit/E1-A1-instances/s1196_1_5.qdimacs
[runlim] start:			Sat Feb 29 07:20:18 2020
[runlim] child:			9699
[runlim] sample:		9.98 time, 10.02 real, 85 MB
[runlim] sample:		19.98 time, 20.02 real, 158 MB
[runlim] sample:		29.99 time, 30.02 real, 193 MB
[runlim] sample:		39.99 time, 40.02 real, 229 MB
[runlim] sample:		49.99 time, 50.02 real, 234 MB
[runlim] end:			Sat Feb 29 07:21:16 2020
[runlim] status:		ok
[runlim] result:		0
[runlim] children:		1
[runlim] real:			58.70 seconds
[runlim] time:			58.59 seconds
[runlim] space:			340 MB
[runlim] samples:		586
