[runlim] version:		1.18
[runlim] host:			c3n10
[runlim] time limit:		2700 seconds
[runlim] real time limit:	2700 seconds
[runlim] space limit:		7000 MB
[runlim] argv[0]:		./binary
[runlim] argv[1]:		/data/cnf/ankit/E1-A1-instances/sortnetsort9.v.stepl.005.qdimacs
[runlim] start:			Sat Feb 29 07:20:17 2020
[runlim] child:			20875
[runlim] sample:		9.99 time, 10.02 real, 29 MB
[runlim] sample:		19.99 time, 20.02 real, 44 MB
[runlim] sample:		29.99 time, 30.02 real, 45 MB
[runlim] sample:		39.99 time, 40.02 real, 45 MB
[runlim] sample:		49.99 time, 50.02 real, 45 MB
[runlim] sample:		59.99 time, 60.02 real, 57 MB
[runlim] sample:		69.99 time, 70.02 real, 61 MB
[runlim] sample:		79.98 time, 80.02 real, 59 MB
[runlim] end:			Sat Feb 29 07:21:41 2020
[runlim] status:		ok
[runlim] result:		0
[runlim] children:		1
[runlim] real:			83.63 seconds
[runlim] time:			83.58 seconds
[runlim] space:			61 MB
[runlim] samples:		836
