[runlim] version:		1.18
[runlim] host:			c3n13
[runlim] time limit:		2700 seconds
[runlim] real time limit:	2700 seconds
[runlim] space limit:		7000 MB
[runlim] argv[0]:		./binary
[runlim] argv[1]:		/data/cnf/ankit/E1-A1-instances/stmt21_310_360.qdimacs
[runlim] start:			Sat Feb 29 07:20:18 2020
[runlim] child:			18127
[runlim] sample:		9.96 time, 10.02 real, 34 MB
[runlim] sample:		19.97 time, 20.02 real, 39 MB
[runlim] sample:		29.96 time, 30.02 real, 44 MB
[runlim] sample:		39.96 time, 40.02 real, 50 MB
[runlim] sample:		49.96 time, 50.02 real, 55 MB
[runlim] sample:		59.96 time, 60.02 real, 60 MB
[runlim] sample:		69.97 time, 70.02 real, 65 MB
[runlim] sample:		79.96 time, 80.02 real, 70 MB
[runlim] sample:		89.96 time, 90.02 real, 76 MB
[runlim] sample:		99.96 time, 100.02 real, 82 MB
[runlim] sample:		109.96 time, 110.02 real, 87 MB
[runlim] sample:		119.96 time, 120.02 real, 92 MB
[runlim] sample:		129.96 time, 130.02 real, 97 MB
[runlim] sample:		139.96 time, 140.02 real, 102 MB
[runlim] sample:		149.96 time, 150.02 real, 108 MB
[runlim] sample:		159.96 time, 160.02 real, 114 MB
[runlim] sample:		169.96 time, 170.02 real, 119 MB
[runlim] sample:		179.96 time, 180.02 real, 124 MB
[runlim] sample:		189.95 time, 190.02 real, 129 MB
[runlim] sample:		199.96 time, 200.02 real, 134 MB
[runlim] sample:		209.95 time, 210.02 real, 138 MB
[runlim] sample:		219.96 time, 220.02 real, 143 MB
[runlim] sample:		229.96 time, 230.02 real, 148 MB
[runlim] sample:		239.96 time, 240.02 real, 152 MB
[runlim] sample:		249.96 time, 250.02 real, 157 MB
[runlim] sample:		259.96 time, 260.02 real, 162 MB
[runlim] sample:		269.96 time, 270.02 real, 167 MB
[runlim] sample:		279.96 time, 280.02 real, 171 MB
[runlim] sample:		289.95 time, 290.02 real, 176 MB
[runlim] sample:		299.96 time, 300.02 real, 180 MB
[runlim] sample:		309.96 time, 310.02 real, 184 MB
[runlim] sample:		319.96 time, 320.02 real, 189 MB
[runlim] sample:		329.95 time, 330.02 real, 194 MB
[runlim] sample:		339.96 time, 340.02 real, 198 MB
[runlim] sample:		349.96 time, 350.02 real, 202 MB
[runlim] sample:		359.96 time, 360.02 real, 207 MB
[runlim] sample:		369.96 time, 370.02 real, 211 MB
[runlim] sample:		379.96 time, 380.02 real, 216 MB
[runlim] sample:		389.95 time, 390.02 real, 221 MB
[runlim] sample:		399.95 time, 400.02 real, 226 MB
[runlim] sample:		409.96 time, 410.02 real, 231 MB
[runlim] sample:		419.95 time, 420.02 real, 235 MB
[runlim] sample:		429.95 time, 430.02 real, 240 MB
[runlim] sample:		439.95 time, 440.02 real, 244 MB
[runlim] sample:		449.95 time, 450.02 real, 248 MB
[runlim] sample:		459.95 time, 460.02 real, 253 MB
[runlim] sample:		469.95 time, 470.02 real, 257 MB
[runlim] sample:		479.95 time, 480.02 real, 262 MB
[runlim] sample:		489.95 time, 490.02 real, 266 MB
[runlim] sample:		499.96 time, 500.02 real, 271 MB
[runlim] sample:		509.95 time, 510.02 real, 275 MB
[runlim] sample:		519.95 time, 520.02 real, 280 MB
[runlim] sample:		529.95 time, 530.02 real, 286 MB
[runlim] sample:		539.95 time, 540.02 real, 290 MB
[runlim] sample:		549.95 time, 550.02 real, 294 MB
[runlim] sample:		559.95 time, 560.02 real, 299 MB
[runlim] sample:		569.95 time, 570.02 real, 303 MB
[runlim] sample:		579.95 time, 580.02 real, 307 MB
[runlim] sample:		589.95 time, 590.02 real, 312 MB
[runlim] sample:		599.95 time, 600.02 real, 316 MB
[runlim] sample:		609.95 time, 610.02 real, 320 MB
[runlim] sample:		619.95 time, 620.02 real, 324 MB
[runlim] sample:		629.95 time, 630.02 real, 328 MB
[runlim] sample:		639.95 time, 640.02 real, 332 MB
[runlim] sample:		649.95 time, 650.02 real, 337 MB
[runlim] sample:		659.94 time, 660.02 real, 341 MB
[runlim] sample:		669.95 time, 670.02 real, 346 MB
[runlim] sample:		679.95 time, 680.02 real, 350 MB
[runlim] sample:		689.94 time, 690.02 real, 355 MB
[runlim] sample:		699.94 time, 700.02 real, 361 MB
[runlim] sample:		709.95 time, 710.02 real, 365 MB
[runlim] sample:		719.95 time, 720.02 real, 369 MB
[runlim] sample:		729.94 time, 730.02 real, 374 MB
[runlim] sample:		739.94 time, 740.02 real, 378 MB
[runlim] sample:		749.94 time, 750.02 real, 383 MB
[runlim] sample:		759.95 time, 760.02 real, 388 MB
[runlim] sample:		769.94 time, 770.02 real, 392 MB
[runlim] sample:		779.95 time, 780.02 real, 396 MB
[runlim] sample:		789.95 time, 790.02 real, 401 MB
[runlim] sample:		799.95 time, 800.02 real, 405 MB
[runlim] sample:		809.94 time, 810.02 real, 410 MB
[runlim] sample:		819.94 time, 820.02 real, 414 MB
[runlim] sample:		829.94 time, 830.02 real, 418 MB
[runlim] sample:		839.95 time, 840.02 real, 422 MB
[runlim] sample:		849.94 time, 850.02 real, 427 MB
[runlim] sample:		859.94 time, 860.02 real, 431 MB
[runlim] sample:		869.94 time, 870.02 real, 436 MB
[runlim] sample:		879.94 time, 880.02 real, 440 MB
[runlim] sample:		889.95 time, 890.02 real, 445 MB
[runlim] sample:		899.94 time, 900.02 real, 449 MB
[runlim] sample:		909.94 time, 910.02 real, 454 MB
[runlim] sample:		919.94 time, 920.02 real, 457 MB
[runlim] sample:		929.94 time, 930.02 real, 462 MB
[runlim] sample:		939.93 time, 940.02 real, 467 MB
[runlim] sample:		949.94 time, 950.02 real, 471 MB
[runlim] sample:		959.94 time, 960.02 real, 475 MB
[runlim] sample:		969.94 time, 970.02 real, 480 MB
[runlim] sample:		979.94 time, 980.02 real, 485 MB
[runlim] sample:		989.94 time, 990.02 real, 489 MB
[runlim] sample:		999.94 time, 1000.02 real, 494 MB
[runlim] sample:		1009.93 time, 1010.02 real, 498 MB
[runlim] sample:		1019.94 time, 1020.02 real, 502 MB
[runlim] sample:		1029.94 time, 1030.02 real, 506 MB
[runlim] sample:		1039.93 time, 1040.02 real, 511 MB
[runlim] sample:		1049.94 time, 1050.02 real, 515 MB
[runlim] sample:		1059.94 time, 1060.02 real, 519 MB
[runlim] sample:		1069.94 time, 1070.02 real, 523 MB
[runlim] sample:		1079.93 time, 1080.02 real, 528 MB
[runlim] sample:		1089.94 time, 1090.02 real, 533 MB
[runlim] sample:		1099.93 time, 1100.02 real, 536 MB
[runlim] sample:		1109.93 time, 1110.02 real, 541 MB
[runlim] sample:		1119.93 time, 1120.02 real, 545 MB
[runlim] sample:		1129.94 time, 1130.02 real, 549 MB
[runlim] sample:		1139.93 time, 1140.02 real, 554 MB
[runlim] sample:		1149.94 time, 1150.02 real, 558 MB
[runlim] sample:		1159.94 time, 1160.02 real, 562 MB
[runlim] sample:		1169.93 time, 1170.02 real, 566 MB
[runlim] sample:		1179.94 time, 1180.02 real, 571 MB
[runlim] sample:		1189.93 time, 1190.02 real, 575 MB
[runlim] sample:		1199.94 time, 1200.02 real, 580 MB
[runlim] sample:		1209.93 time, 1210.02 real, 585 MB
[runlim] sample:		1219.94 time, 1220.02 real, 589 MB
[runlim] sample:		1229.94 time, 1230.02 real, 592 MB
[runlim] sample:		1239.93 time, 1240.02 real, 597 MB
[runlim] sample:		1249.93 time, 1250.02 real, 600 MB
[runlim] sample:		1259.93 time, 1260.02 real, 604 MB
[runlim] sample:		1269.94 time, 1270.02 real, 609 MB
[runlim] sample:		1279.93 time, 1280.02 real, 613 MB
[runlim] sample:		1289.93 time, 1290.02 real, 617 MB
[runlim] sample:		1299.93 time, 1300.02 real, 621 MB
[runlim] sample:		1309.93 time, 1310.02 real, 626 MB
[runlim] sample:		1319.93 time, 1320.02 real, 630 MB
[runlim] sample:		1329.93 time, 1330.02 real, 635 MB
[runlim] sample:		1339.93 time, 1340.02 real, 639 MB
[runlim] sample:		1349.93 time, 1350.02 real, 643 MB
[runlim] sample:		1359.93 time, 1360.02 real, 648 MB
[runlim] sample:		1369.93 time, 1370.02 real, 653 MB
[runlim] sample:		1379.93 time, 1380.02 real, 657 MB
[runlim] sample:		1389.93 time, 1390.02 real, 662 MB
[runlim] sample:		1399.93 time, 1400.02 real, 666 MB
[runlim] sample:		1409.93 time, 1410.02 real, 669 MB
[runlim] sample:		1419.93 time, 1420.02 real, 673 MB
[runlim] sample:		1429.92 time, 1430.02 real, 678 MB
[runlim] sample:		1439.92 time, 1440.02 real, 682 MB
[runlim] sample:		1449.93 time, 1450.02 real, 686 MB
[runlim] sample:		1459.92 time, 1460.02 real, 691 MB
[runlim] sample:		1469.92 time, 1470.02 real, 694 MB
[runlim] sample:		1479.93 time, 1480.02 real, 699 MB
[runlim] sample:		1489.93 time, 1490.02 real, 703 MB
[runlim] sample:		1499.93 time, 1500.02 real, 707 MB
[runlim] sample:		1509.93 time, 1510.02 real, 711 MB
[runlim] sample:		1519.92 time, 1520.02 real, 717 MB
[runlim] sample:		1529.92 time, 1530.02 real, 721 MB
[runlim] sample:		1539.92 time, 1540.02 real, 726 MB
[runlim] sample:		1549.93 time, 1550.02 real, 730 MB
[runlim] sample:		1559.92 time, 1560.02 real, 735 MB
[runlim] sample:		1569.93 time, 1570.02 real, 740 MB
[runlim] sample:		1579.93 time, 1580.02 real, 744 MB
[runlim] sample:		1589.93 time, 1590.02 real, 748 MB
[runlim] sample:		1599.93 time, 1600.02 real, 752 MB
[runlim] sample:		1609.93 time, 1610.02 real, 756 MB
[runlim] sample:		1619.93 time, 1620.02 real, 760 MB
[runlim] sample:		1629.93 time, 1630.02 real, 765 MB
[runlim] sample:		1639.92 time, 1640.02 real, 770 MB
[runlim] sample:		1649.92 time, 1650.02 real, 774 MB
[runlim] sample:		1659.93 time, 1660.02 real, 778 MB
[runlim] sample:		1669.93 time, 1670.02 real, 782 MB
[runlim] sample:		1679.93 time, 1680.02 real, 787 MB
[runlim] sample:		1689.92 time, 1690.02 real, 791 MB
[runlim] sample:		1699.93 time, 1700.02 real, 795 MB
[runlim] sample:		1709.92 time, 1710.02 real, 799 MB
[runlim] sample:		1719.92 time, 1720.02 real, 803 MB
[runlim] sample:		1729.92 time, 1730.02 real, 807 MB
[runlim] sample:		1739.92 time, 1740.02 real, 812 MB
[runlim] sample:		1749.92 time, 1750.02 real, 815 MB
[runlim] sample:		1759.92 time, 1760.02 real, 820 MB
[runlim] sample:		1769.92 time, 1770.02 real, 824 MB
[runlim] sample:		1779.93 time, 1780.02 real, 828 MB
[runlim] sample:		1789.92 time, 1790.02 real, 831 MB
[runlim] sample:		1799.92 time, 1800.02 real, 835 MB
[runlim] sample:		1809.92 time, 1810.02 real, 839 MB
[runlim] sample:		1819.92 time, 1820.02 real, 842 MB
[runlim] sample:		1829.92 time, 1830.02 real, 846 MB
[runlim] sample:		1839.92 time, 1840.02 real, 850 MB
[runlim] sample:		1849.92 time, 1850.02 real, 854 MB
[runlim] sample:		1859.92 time, 1860.02 real, 858 MB
[runlim] sample:		1869.92 time, 1870.02 real, 862 MB
[runlim] sample:		1879.92 time, 1880.02 real, 866 MB
[runlim] sample:		1889.92 time, 1890.02 real, 870 MB
[runlim] sample:		1899.91 time, 1900.02 real, 875 MB
[runlim] sample:		1909.91 time, 1910.02 real, 880 MB
[runlim] sample:		1919.91 time, 1920.02 real, 884 MB
[runlim] sample:		1929.92 time, 1930.02 real, 888 MB
[runlim] sample:		1939.92 time, 1940.02 real, 892 MB
[runlim] sample:		1949.92 time, 1950.02 real, 896 MB
[runlim] sample:		1959.93 time, 1960.02 real, 900 MB
[runlim] sample:		1969.92 time, 1970.02 real, 904 MB
[runlim] sample:		1979.91 time, 1980.02 real, 909 MB
[runlim] sample:		1989.91 time, 1990.02 real, 913 MB
[runlim] sample:		1999.92 time, 2000.02 real, 917 MB
[runlim] sample:		2009.91 time, 2010.02 real, 922 MB
[runlim] sample:		2019.92 time, 2020.02 real, 926 MB
[runlim] sample:		2029.92 time, 2030.02 real, 930 MB
[runlim] sample:		2039.92 time, 2040.02 real, 933 MB
[runlim] sample:		2049.92 time, 2050.02 real, 937 MB
[runlim] sample:		2059.92 time, 2060.02 real, 940 MB
[runlim] sample:		2069.91 time, 2070.02 real, 944 MB
[runlim] sample:		2079.91 time, 2080.02 real, 947 MB
[runlim] sample:		2089.92 time, 2090.02 real, 951 MB
[runlim] sample:		2099.91 time, 2100.02 real, 955 MB
[runlim] sample:		2109.91 time, 2110.02 real, 958 MB
[runlim] sample:		2119.92 time, 2120.02 real, 962 MB
[runlim] sample:		2129.92 time, 2130.02 real, 966 MB
[runlim] sample:		2139.92 time, 2140.02 real, 970 MB
[runlim] sample:		2149.92 time, 2150.02 real, 974 MB
[runlim] sample:		2159.91 time, 2160.02 real, 978 MB
[runlim] sample:		2169.92 time, 2170.02 real, 981 MB
[runlim] sample:		2179.91 time, 2180.02 real, 985 MB
[runlim] sample:		2189.92 time, 2190.02 real, 989 MB
[runlim] sample:		2199.91 time, 2200.02 real, 993 MB
[runlim] sample:		2209.91 time, 2210.02 real, 997 MB
[runlim] sample:		2219.92 time, 2220.02 real, 1001 MB
[runlim] sample:		2229.91 time, 2230.02 real, 1005 MB
[runlim] sample:		2239.91 time, 2240.02 real, 1009 MB
[runlim] sample:		2249.91 time, 2250.02 real, 1013 MB
[runlim] sample:		2259.91 time, 2260.02 real, 1018 MB
[runlim] sample:		2269.91 time, 2270.02 real, 1024 MB
[runlim] sample:		2279.91 time, 2280.02 real, 1028 MB
[runlim] sample:		2289.91 time, 2290.02 real, 1033 MB
[runlim] sample:		2299.91 time, 2300.02 real, 1038 MB
[runlim] sample:		2309.91 time, 2310.02 real, 1042 MB
[runlim] sample:		2319.91 time, 2320.02 real, 1048 MB
[runlim] sample:		2329.91 time, 2330.02 real, 1053 MB
[runlim] sample:		2339.91 time, 2340.02 real, 1059 MB
[runlim] sample:		2349.91 time, 2350.02 real, 1064 MB
[runlim] sample:		2359.91 time, 2360.02 real, 1068 MB
[runlim] sample:		2369.91 time, 2370.02 real, 1074 MB
[runlim] sample:		2379.90 time, 2380.02 real, 1079 MB
[runlim] sample:		2389.91 time, 2390.02 real, 1085 MB
[runlim] sample:		2399.91 time, 2400.02 real, 1090 MB
[runlim] sample:		2409.91 time, 2410.02 real, 1096 MB
[runlim] sample:		2419.90 time, 2420.02 real, 1101 MB
[runlim] sample:		2429.91 time, 2430.02 real, 1107 MB
[runlim] sample:		2439.91 time, 2440.02 real, 1112 MB
[runlim] sample:		2449.90 time, 2450.02 real, 1117 MB
[runlim] sample:		2459.91 time, 2460.02 real, 1124 MB
[runlim] sample:		2469.91 time, 2470.02 real, 1129 MB
[runlim] sample:		2479.91 time, 2480.02 real, 1133 MB
[runlim] sample:		2489.91 time, 2490.02 real, 1138 MB
[runlim] sample:		2499.91 time, 2500.02 real, 1143 MB
[runlim] sample:		2509.91 time, 2510.02 real, 1148 MB
[runlim] sample:		2519.90 time, 2520.02 real, 1152 MB
[runlim] sample:		2529.91 time, 2530.02 real, 1157 MB
[runlim] sample:		2539.91 time, 2540.02 real, 1161 MB
[runlim] sample:		2549.91 time, 2550.02 real, 1165 MB
[runlim] sample:		2559.91 time, 2560.02 real, 1170 MB
[runlim] sample:		2569.91 time, 2570.02 real, 1174 MB
[runlim] sample:		2579.91 time, 2580.02 real, 1179 MB
[runlim] sample:		2589.90 time, 2590.02 real, 1184 MB
[runlim] sample:		2599.91 time, 2600.02 real, 1189 MB
[runlim] sample:		2609.90 time, 2610.02 real, 1194 MB
[runlim] sample:		2619.90 time, 2620.02 real, 1199 MB
[runlim] sample:		2629.90 time, 2630.02 real, 1204 MB
[runlim] sample:		2639.90 time, 2640.02 real, 1209 MB
[runlim] sample:		2649.90 time, 2650.02 real, 1213 MB
[runlim] sample:		2659.90 time, 2660.02 real, 1221 MB
[runlim] sample:		2669.90 time, 2670.02 real, 1226 MB
[runlim] sample:		2679.90 time, 2680.02 real, 1231 MB
[runlim] sample:		2689.90 time, 2690.02 real, 1235 MB
[runlim] sample:		2699.90 time, 2700.02 real, 1240 MB
[runlim] end:			Sat Feb 29 08:05:18 2020
[runlim] status:		out of time
[runlim] result:		2
[runlim] children:		1
[runlim] real:			2700.11 seconds
[runlim] time:			2699.90 seconds
[runlim] space:			1240 MB
[runlim] samples:		27000
