[runlim] version:		1.18
[runlim] host:			c3n09
[runlim] time limit:		2700 seconds
[runlim] real time limit:	2700 seconds
[runlim] space limit:		7000 MB
[runlim] argv[0]:		./binary
[runlim] argv[1]:		/data/cnf/ankit/E1-A1-instances/stmt39_285_335.qdimacs
[runlim] start:			Sat Feb 29 07:20:17 2020
[runlim] child:			17716
[runlim] sample:		10.00 time, 10.02 real, 32 MB
[runlim] sample:		19.99 time, 20.02 real, 37 MB
[runlim] sample:		30.00 time, 30.02 real, 42 MB
[runlim] sample:		39.99 time, 40.02 real, 48 MB
[runlim] sample:		50.00 time, 50.02 real, 54 MB
[runlim] sample:		59.99 time, 60.02 real, 59 MB
[runlim] sample:		69.99 time, 70.02 real, 64 MB
[runlim] sample:		79.99 time, 80.02 real, 69 MB
[runlim] sample:		89.99 time, 90.02 real, 74 MB
[runlim] sample:		99.99 time, 100.02 real, 79 MB
[runlim] sample:		109.99 time, 110.02 real, 84 MB
[runlim] sample:		119.99 time, 120.02 real, 89 MB
[runlim] sample:		129.99 time, 130.02 real, 94 MB
[runlim] sample:		139.99 time, 140.02 real, 99 MB
[runlim] sample:		149.99 time, 150.02 real, 104 MB
[runlim] sample:		159.99 time, 160.02 real, 109 MB
[runlim] sample:		169.99 time, 170.02 real, 113 MB
[runlim] sample:		179.99 time, 180.02 real, 118 MB
[runlim] sample:		189.99 time, 190.02 real, 123 MB
[runlim] sample:		199.99 time, 200.02 real, 128 MB
[runlim] sample:		209.99 time, 210.02 real, 133 MB
[runlim] sample:		220.00 time, 220.02 real, 138 MB
[runlim] sample:		229.99 time, 230.02 real, 143 MB
[runlim] sample:		239.99 time, 240.02 real, 148 MB
[runlim] sample:		250.00 time, 250.02 real, 153 MB
[runlim] sample:		259.99 time, 260.02 real, 156 MB
[runlim] sample:		269.99 time, 270.02 real, 159 MB
[runlim] sample:		279.99 time, 280.02 real, 162 MB
[runlim] sample:		289.99 time, 290.02 real, 168 MB
[runlim] sample:		299.99 time, 300.02 real, 172 MB
[runlim] sample:		309.99 time, 310.02 real, 177 MB
[runlim] sample:		319.99 time, 320.02 real, 183 MB
[runlim] sample:		329.99 time, 330.02 real, 188 MB
[runlim] sample:		339.99 time, 340.02 real, 192 MB
[runlim] sample:		349.98 time, 350.02 real, 196 MB
[runlim] sample:		359.98 time, 360.02 real, 199 MB
[runlim] sample:		369.98 time, 370.02 real, 204 MB
[runlim] sample:		379.97 time, 380.02 real, 209 MB
[runlim] sample:		389.98 time, 390.02 real, 213 MB
[runlim] sample:		399.98 time, 400.02 real, 217 MB
[runlim] sample:		409.98 time, 410.02 real, 220 MB
[runlim] sample:		419.98 time, 420.02 real, 223 MB
[runlim] sample:		429.97 time, 430.02 real, 227 MB
[runlim] sample:		439.94 time, 440.02 real, 231 MB
[runlim] sample:		449.92 time, 450.02 real, 235 MB
[runlim] sample:		459.91 time, 460.02 real, 240 MB
[runlim] sample:		469.91 time, 470.02 real, 245 MB
[runlim] sample:		479.91 time, 480.02 real, 249 MB
[runlim] sample:		489.91 time, 490.02 real, 253 MB
[runlim] sample:		499.91 time, 500.02 real, 258 MB
[runlim] sample:		509.92 time, 510.02 real, 263 MB
[runlim] sample:		519.92 time, 520.02 real, 267 MB
[runlim] sample:		529.91 time, 530.02 real, 272 MB
[runlim] sample:		539.91 time, 540.02 real, 276 MB
[runlim] sample:		549.91 time, 550.02 real, 281 MB
[runlim] sample:		559.91 time, 560.02 real, 285 MB
[runlim] sample:		569.92 time, 570.02 real, 290 MB
[runlim] sample:		579.91 time, 580.02 real, 294 MB
[runlim] sample:		589.91 time, 590.02 real, 298 MB
[runlim] sample:		599.91 time, 600.02 real, 303 MB
[runlim] sample:		609.91 time, 610.02 real, 308 MB
[runlim] sample:		619.91 time, 620.02 real, 312 MB
[runlim] sample:		629.91 time, 630.02 real, 317 MB
[runlim] sample:		639.91 time, 640.02 real, 321 MB
[runlim] sample:		649.91 time, 650.02 real, 327 MB
[runlim] sample:		659.91 time, 660.02 real, 332 MB
[runlim] sample:		669.91 time, 670.02 real, 337 MB
[runlim] sample:		679.91 time, 680.02 real, 341 MB
[runlim] sample:		689.91 time, 690.02 real, 346 MB
[runlim] sample:		699.91 time, 700.02 real, 350 MB
[runlim] sample:		709.91 time, 710.02 real, 355 MB
[runlim] sample:		719.91 time, 720.02 real, 359 MB
[runlim] sample:		729.91 time, 730.02 real, 364 MB
[runlim] sample:		739.91 time, 740.02 real, 368 MB
[runlim] sample:		749.91 time, 750.02 real, 373 MB
[runlim] sample:		759.91 time, 760.02 real, 378 MB
[runlim] sample:		769.91 time, 770.02 real, 383 MB
[runlim] sample:		779.91 time, 780.02 real, 388 MB
[runlim] sample:		789.91 time, 790.02 real, 392 MB
[runlim] sample:		799.91 time, 800.02 real, 397 MB
[runlim] sample:		809.91 time, 810.02 real, 401 MB
[runlim] sample:		819.91 time, 820.02 real, 406 MB
[runlim] sample:		829.91 time, 830.02 real, 411 MB
[runlim] sample:		839.91 time, 840.02 real, 415 MB
[runlim] sample:		849.91 time, 850.02 real, 419 MB
[runlim] sample:		859.91 time, 860.02 real, 424 MB
[runlim] sample:		869.91 time, 870.02 real, 428 MB
[runlim] sample:		879.91 time, 880.02 real, 433 MB
[runlim] sample:		889.91 time, 890.02 real, 437 MB
[runlim] sample:		899.90 time, 900.02 real, 442 MB
[runlim] sample:		909.90 time, 910.02 real, 447 MB
[runlim] sample:		919.91 time, 920.02 real, 451 MB
[runlim] sample:		929.91 time, 930.02 real, 455 MB
[runlim] sample:		939.91 time, 940.02 real, 459 MB
[runlim] sample:		949.91 time, 950.02 real, 464 MB
[runlim] sample:		959.91 time, 960.02 real, 468 MB
[runlim] sample:		969.91 time, 970.02 real, 473 MB
[runlim] sample:		979.91 time, 980.02 real, 478 MB
[runlim] sample:		989.91 time, 990.02 real, 482 MB
[runlim] sample:		999.91 time, 1000.02 real, 486 MB
[runlim] sample:		1009.91 time, 1010.02 real, 491 MB
[runlim] sample:		1019.91 time, 1020.02 real, 496 MB
[runlim] sample:		1029.91 time, 1030.02 real, 500 MB
[runlim] sample:		1039.91 time, 1040.02 real, 505 MB
[runlim] sample:		1049.90 time, 1050.02 real, 510 MB
[runlim] sample:		1059.91 time, 1060.02 real, 515 MB
[runlim] sample:		1069.91 time, 1070.02 real, 519 MB
[runlim] sample:		1079.91 time, 1080.02 real, 524 MB
[runlim] sample:		1089.91 time, 1090.02 real, 528 MB
[runlim] sample:		1099.91 time, 1100.02 real, 532 MB
[runlim] sample:		1109.91 time, 1110.02 real, 537 MB
[runlim] sample:		1119.91 time, 1120.02 real, 541 MB
[runlim] sample:		1129.91 time, 1130.02 real, 546 MB
[runlim] sample:		1139.91 time, 1140.02 real, 550 MB
[runlim] sample:		1149.91 time, 1150.02 real, 556 MB
[runlim] sample:		1159.90 time, 1160.02 real, 560 MB
[runlim] sample:		1169.91 time, 1170.02 real, 566 MB
[runlim] sample:		1179.91 time, 1180.02 real, 571 MB
[runlim] sample:		1189.90 time, 1190.02 real, 575 MB
[runlim] sample:		1199.90 time, 1200.02 real, 580 MB
[runlim] sample:		1209.91 time, 1210.02 real, 584 MB
[runlim] sample:		1219.90 time, 1220.02 real, 588 MB
[runlim] sample:		1229.90 time, 1230.02 real, 592 MB
[runlim] sample:		1239.90 time, 1240.02 real, 597 MB
[runlim] sample:		1249.90 time, 1250.02 real, 601 MB
[runlim] sample:		1259.90 time, 1260.02 real, 605 MB
[runlim] sample:		1269.90 time, 1270.02 real, 609 MB
[runlim] sample:		1279.91 time, 1280.02 real, 613 MB
[runlim] sample:		1289.91 time, 1290.02 real, 617 MB
[runlim] sample:		1299.91 time, 1300.02 real, 622 MB
[runlim] sample:		1309.91 time, 1310.02 real, 626 MB
[runlim] sample:		1319.91 time, 1320.02 real, 630 MB
[runlim] sample:		1329.90 time, 1330.02 real, 635 MB
[runlim] sample:		1339.91 time, 1340.02 real, 640 MB
[runlim] sample:		1349.91 time, 1350.02 real, 644 MB
[runlim] sample:		1359.90 time, 1360.02 real, 649 MB
[runlim] sample:		1369.90 time, 1370.02 real, 653 MB
[runlim] sample:		1379.90 time, 1380.02 real, 658 MB
[runlim] sample:		1389.91 time, 1390.02 real, 662 MB
[runlim] sample:		1399.90 time, 1400.02 real, 667 MB
[runlim] sample:		1409.91 time, 1410.02 real, 671 MB
[runlim] sample:		1419.91 time, 1420.02 real, 675 MB
[runlim] sample:		1429.91 time, 1430.02 real, 679 MB
[runlim] sample:		1439.90 time, 1440.02 real, 683 MB
[runlim] sample:		1449.90 time, 1450.02 real, 689 MB
[runlim] sample:		1459.90 time, 1460.02 real, 692 MB
[runlim] sample:		1469.90 time, 1470.02 real, 697 MB
[runlim] sample:		1479.90 time, 1480.02 real, 701 MB
[runlim] sample:		1489.90 time, 1490.02 real, 706 MB
[runlim] sample:		1499.90 time, 1500.02 real, 710 MB
[runlim] sample:		1509.90 time, 1510.02 real, 714 MB
[runlim] sample:		1519.91 time, 1520.02 real, 718 MB
[runlim] sample:		1529.90 time, 1530.02 real, 722 MB
[runlim] sample:		1539.90 time, 1540.02 real, 726 MB
[runlim] sample:		1549.91 time, 1550.02 real, 730 MB
[runlim] sample:		1559.91 time, 1560.02 real, 734 MB
[runlim] sample:		1569.90 time, 1570.02 real, 738 MB
[runlim] sample:		1579.90 time, 1580.02 real, 742 MB
[runlim] sample:		1589.90 time, 1590.02 real, 746 MB
[runlim] sample:		1599.91 time, 1600.02 real, 750 MB
[runlim] sample:		1609.90 time, 1610.02 real, 754 MB
[runlim] sample:		1619.90 time, 1620.02 real, 760 MB
[runlim] sample:		1629.90 time, 1630.02 real, 762 MB
[runlim] sample:		1639.90 time, 1640.02 real, 765 MB
[runlim] sample:		1649.90 time, 1650.02 real, 768 MB
[runlim] sample:		1659.90 time, 1660.02 real, 771 MB
[runlim] sample:		1669.90 time, 1670.02 real, 774 MB
[runlim] sample:		1679.91 time, 1680.02 real, 776 MB
[runlim] sample:		1689.90 time, 1690.02 real, 780 MB
[runlim] sample:		1699.91 time, 1700.02 real, 782 MB
[runlim] sample:		1709.91 time, 1710.02 real, 785 MB
[runlim] sample:		1719.90 time, 1720.02 real, 787 MB
[runlim] sample:		1729.91 time, 1730.02 real, 789 MB
[runlim] sample:		1739.90 time, 1740.02 real, 792 MB
[runlim] sample:		1749.90 time, 1750.02 real, 795 MB
[runlim] sample:		1759.91 time, 1760.02 real, 797 MB
[runlim] sample:		1769.90 time, 1770.02 real, 801 MB
[runlim] sample:		1779.91 time, 1780.02 real, 803 MB
[runlim] sample:		1789.90 time, 1790.02 real, 805 MB
[runlim] sample:		1799.90 time, 1800.02 real, 808 MB
[runlim] sample:		1809.91 time, 1810.02 real, 811 MB
[runlim] sample:		1819.91 time, 1820.02 real, 813 MB
[runlim] sample:		1829.90 time, 1830.02 real, 816 MB
[runlim] sample:		1839.90 time, 1840.02 real, 818 MB
[runlim] sample:		1849.90 time, 1850.02 real, 821 MB
[runlim] sample:		1859.90 time, 1860.02 real, 825 MB
[runlim] sample:		1869.90 time, 1870.02 real, 829 MB
[runlim] sample:		1879.90 time, 1880.02 real, 833 MB
[runlim] sample:		1889.91 time, 1890.02 real, 838 MB
[runlim] sample:		1899.90 time, 1900.02 real, 842 MB
[runlim] sample:		1909.90 time, 1910.02 real, 846 MB
[runlim] sample:		1919.90 time, 1920.02 real, 851 MB
[runlim] sample:		1929.90 time, 1930.02 real, 855 MB
[runlim] sample:		1939.90 time, 1940.02 real, 859 MB
[runlim] sample:		1949.90 time, 1950.02 real, 865 MB
[runlim] sample:		1959.90 time, 1960.02 real, 869 MB
[runlim] sample:		1969.90 time, 1970.02 real, 874 MB
[runlim] sample:		1979.91 time, 1980.02 real, 877 MB
[runlim] sample:		1989.91 time, 1990.02 real, 882 MB
[runlim] sample:		1999.90 time, 2000.02 real, 886 MB
[runlim] sample:		2009.91 time, 2010.02 real, 890 MB
[runlim] sample:		2019.90 time, 2020.02 real, 895 MB
[runlim] sample:		2029.91 time, 2030.02 real, 900 MB
[runlim] sample:		2039.90 time, 2040.02 real, 904 MB
[runlim] sample:		2049.90 time, 2050.02 real, 908 MB
[runlim] sample:		2059.90 time, 2060.02 real, 913 MB
[runlim] sample:		2069.90 time, 2070.02 real, 917 MB
[runlim] sample:		2079.90 time, 2080.02 real, 921 MB
[runlim] sample:		2089.91 time, 2090.02 real, 927 MB
[runlim] sample:		2099.90 time, 2100.02 real, 931 MB
[runlim] sample:		2109.90 time, 2110.02 real, 935 MB
[runlim] sample:		2119.90 time, 2120.02 real, 939 MB
[runlim] sample:		2129.90 time, 2130.02 real, 943 MB
[runlim] sample:		2139.90 time, 2140.02 real, 948 MB
[runlim] sample:		2149.90 time, 2150.02 real, 953 MB
[runlim] sample:		2159.90 time, 2160.02 real, 958 MB
[runlim] sample:		2169.90 time, 2170.02 real, 964 MB
[runlim] sample:		2179.90 time, 2180.02 real, 969 MB
[runlim] sample:		2189.90 time, 2190.02 real, 974 MB
[runlim] sample:		2199.90 time, 2200.02 real, 979 MB
[runlim] sample:		2209.90 time, 2210.02 real, 984 MB
[runlim] sample:		2219.90 time, 2220.02 real, 988 MB
[runlim] sample:		2229.90 time, 2230.02 real, 995 MB
[runlim] sample:		2239.90 time, 2240.02 real, 1000 MB
[runlim] sample:		2249.90 time, 2250.02 real, 1005 MB
[runlim] sample:		2259.90 time, 2260.02 real, 1009 MB
[runlim] sample:		2269.90 time, 2270.02 real, 1014 MB
[runlim] sample:		2279.90 time, 2280.02 real, 1019 MB
[runlim] sample:		2289.90 time, 2290.02 real, 1024 MB
[runlim] sample:		2299.90 time, 2300.02 real, 1029 MB
[runlim] sample:		2309.90 time, 2310.02 real, 1035 MB
[runlim] sample:		2319.90 time, 2320.02 real, 1040 MB
[runlim] sample:		2329.89 time, 2330.02 real, 1044 MB
[runlim] sample:		2339.90 time, 2340.02 real, 1049 MB
[runlim] sample:		2349.89 time, 2350.02 real, 1054 MB
[runlim] sample:		2359.90 time, 2360.02 real, 1059 MB
[runlim] sample:		2369.90 time, 2370.02 real, 1063 MB
[runlim] sample:		2379.90 time, 2380.02 real, 1068 MB
[runlim] sample:		2389.90 time, 2390.02 real, 1073 MB
[runlim] sample:		2399.90 time, 2400.02 real, 1078 MB
[runlim] sample:		2409.90 time, 2410.02 real, 1083 MB
[runlim] sample:		2419.90 time, 2420.02 real, 1088 MB
[runlim] sample:		2429.90 time, 2430.02 real, 1093 MB
[runlim] sample:		2439.90 time, 2440.02 real, 1099 MB
[runlim] sample:		2449.89 time, 2450.02 real, 1103 MB
[runlim] sample:		2459.90 time, 2460.02 real, 1108 MB
[runlim] sample:		2469.90 time, 2470.02 real, 1112 MB
[runlim] sample:		2479.89 time, 2480.02 real, 1116 MB
[runlim] sample:		2489.89 time, 2490.02 real, 1121 MB
[runlim] sample:		2499.89 time, 2500.02 real, 1125 MB
[runlim] sample:		2509.89 time, 2510.02 real, 1129 MB
[runlim] sample:		2519.90 time, 2520.02 real, 1134 MB
[runlim] sample:		2529.89 time, 2530.02 real, 1139 MB
[runlim] sample:		2539.89 time, 2540.02 real, 1143 MB
[runlim] sample:		2549.90 time, 2550.02 real, 1147 MB
[runlim] sample:		2559.90 time, 2560.02 real, 1151 MB
[runlim] sample:		2569.90 time, 2570.02 real, 1156 MB
[runlim] sample:		2579.90 time, 2580.02 real, 1161 MB
[runlim] sample:		2589.89 time, 2590.02 real, 1165 MB
[runlim] sample:		2599.89 time, 2600.02 real, 1170 MB
[runlim] sample:		2609.90 time, 2610.02 real, 1175 MB
[runlim] sample:		2619.90 time, 2620.02 real, 1180 MB
[runlim] sample:		2629.89 time, 2630.02 real, 1184 MB
[runlim] sample:		2639.90 time, 2640.02 real, 1190 MB
[runlim] sample:		2649.90 time, 2650.02 real, 1195 MB
[runlim] sample:		2659.90 time, 2660.02 real, 1200 MB
[runlim] sample:		2669.90 time, 2670.02 real, 1206 MB
[runlim] sample:		2679.89 time, 2680.02 real, 1210 MB
[runlim] sample:		2689.89 time, 2690.02 real, 1215 MB
[runlim] sample:		2699.89 time, 2700.02 real, 1220 MB
[runlim] end:			Sat Feb 29 08:05:17 2020
[runlim] status:		out of time
[runlim] result:		2
[runlim] children:		1
[runlim] real:			2700.11 seconds
[runlim] time:			2699.89 seconds
[runlim] space:			1220 MB
[runlim] samples:		27000
