[runlim] version:		1.18
[runlim] host:			c3n15
[runlim] time limit:		2700 seconds
[runlim] real time limit:	2700 seconds
[runlim] space limit:		7000 MB
[runlim] argv[0]:		./binary
[runlim] argv[1]:		/data/cnf/ankit/E1-A1-instances/ttt_5x5-shape-1-GTTT-1-1-torus-1.qdimacs
[runlim] start:			Sat Feb 29 07:20:17 2020
[runlim] child:			18139
[runlim] sample:		9.97 time, 10.02 real, 101 MB
[runlim] sample:		19.98 time, 20.02 real, 154 MB
[runlim] sample:		29.97 time, 30.02 real, 207 MB
[runlim] sample:		39.98 time, 40.02 real, 259 MB
[runlim] sample:		49.97 time, 50.02 real, 312 MB
[runlim] sample:		59.98 time, 60.02 real, 366 MB
[runlim] sample:		69.97 time, 70.02 real, 417 MB
[runlim] sample:		79.97 time, 80.02 real, 471 MB
[runlim] sample:		89.97 time, 90.02 real, 524 MB
[runlim] sample:		99.97 time, 100.02 real, 465 MB
[runlim] sample:		109.97 time, 110.02 real, 518 MB
[runlim] sample:		119.97 time, 120.02 real, 571 MB
[runlim] sample:		129.97 time, 130.02 real, 621 MB
[runlim] sample:		139.97 time, 140.02 real, 673 MB
[runlim] sample:		149.97 time, 150.02 real, 727 MB
[runlim] sample:		159.98 time, 160.02 real, 780 MB
[runlim] sample:		169.97 time, 170.02 real, 833 MB
[runlim] sample:		179.97 time, 180.02 real, 885 MB
[runlim] sample:		189.97 time, 190.02 real, 769 MB
[runlim] sample:		199.97 time, 200.02 real, 822 MB
[runlim] sample:		209.97 time, 210.02 real, 876 MB
[runlim] sample:		219.97 time, 220.02 real, 929 MB
[runlim] sample:		229.97 time, 230.02 real, 983 MB
[runlim] sample:		239.97 time, 240.02 real, 1033 MB
[runlim] sample:		249.97 time, 250.02 real, 1081 MB
[runlim] sample:		259.97 time, 260.02 real, 1131 MB
[runlim] sample:		269.97 time, 270.02 real, 1182 MB
[runlim] sample:		279.97 time, 280.02 real, 1233 MB
[runlim] sample:		289.97 time, 290.02 real, 1284 MB
[runlim] sample:		299.97 time, 300.02 real, 1336 MB
[runlim] sample:		309.97 time, 310.02 real, 1388 MB
[runlim] sample:		319.97 time, 320.02 real, 1440 MB
[runlim] sample:		329.97 time, 330.02 real, 1489 MB
[runlim] sample:		339.97 time, 340.02 real, 1543 MB
[runlim] sample:		349.97 time, 350.02 real, 1594 MB
[runlim] sample:		359.97 time, 360.02 real, 1644 MB
[runlim] sample:		369.97 time, 370.02 real, 1358 MB
[runlim] sample:		379.97 time, 380.02 real, 1409 MB
[runlim] sample:		389.97 time, 390.02 real, 1461 MB
[runlim] sample:		399.96 time, 400.02 real, 1511 MB
[runlim] sample:		409.97 time, 410.02 real, 1561 MB
[runlim] sample:		419.96 time, 420.02 real, 1612 MB
[runlim] sample:		429.97 time, 430.02 real, 1661 MB
[runlim] sample:		439.97 time, 440.02 real, 1711 MB
[runlim] sample:		449.97 time, 450.02 real, 1760 MB
[runlim] sample:		459.97 time, 460.02 real, 1810 MB
[runlim] sample:		469.96 time, 470.02 real, 1860 MB
[runlim] sample:		479.96 time, 480.02 real, 1908 MB
[runlim] sample:		489.97 time, 490.02 real, 1957 MB
[runlim] sample:		499.97 time, 500.02 real, 2006 MB
[runlim] sample:		509.97 time, 510.02 real, 2057 MB
[runlim] sample:		519.97 time, 520.02 real, 2108 MB
[runlim] sample:		529.96 time, 530.02 real, 2157 MB
[runlim] sample:		539.97 time, 540.02 real, 2202 MB
[runlim] sample:		549.96 time, 550.02 real, 2248 MB
[runlim] sample:		559.97 time, 560.02 real, 2292 MB
[runlim] sample:		569.96 time, 570.02 real, 2337 MB
[runlim] sample:		579.96 time, 580.02 real, 2376 MB
[runlim] sample:		589.96 time, 590.02 real, 2415 MB
[runlim] sample:		599.96 time, 600.02 real, 2456 MB
[runlim] sample:		609.96 time, 610.02 real, 2499 MB
[runlim] sample:		619.97 time, 620.02 real, 2547 MB
[runlim] sample:		629.97 time, 630.02 real, 2592 MB
[runlim] sample:		639.97 time, 640.02 real, 2638 MB
[runlim] sample:		649.97 time, 650.02 real, 2685 MB
[runlim] sample:		659.97 time, 660.02 real, 2732 MB
[runlim] sample:		669.96 time, 670.02 real, 2776 MB
[runlim] sample:		679.96 time, 680.02 real, 2814 MB
[runlim] sample:		689.96 time, 690.02 real, 2295 MB
[runlim] sample:		699.96 time, 700.02 real, 2338 MB
[runlim] sample:		709.97 time, 710.02 real, 2384 MB
[runlim] sample:		719.96 time, 720.02 real, 2422 MB
[runlim] sample:		729.97 time, 730.02 real, 2458 MB
[runlim] sample:		739.96 time, 740.02 real, 2504 MB
[runlim] sample:		749.96 time, 750.02 real, 2553 MB
[runlim] sample:		759.96 time, 760.02 real, 2602 MB
[runlim] sample:		769.96 time, 770.02 real, 2650 MB
[runlim] sample:		779.96 time, 780.02 real, 2696 MB
[runlim] sample:		789.96 time, 790.02 real, 2742 MB
[runlim] sample:		799.96 time, 800.02 real, 2787 MB
[runlim] sample:		809.96 time, 810.02 real, 2832 MB
[runlim] sample:		819.96 time, 820.02 real, 2876 MB
[runlim] sample:		829.96 time, 830.02 real, 2921 MB
[runlim] sample:		839.96 time, 840.02 real, 2965 MB
[runlim] sample:		849.96 time, 850.02 real, 3006 MB
[runlim] sample:		859.96 time, 860.02 real, 3045 MB
[runlim] sample:		869.96 time, 870.02 real, 3089 MB
[runlim] sample:		879.96 time, 880.02 real, 3130 MB
[runlim] sample:		889.96 time, 890.02 real, 3170 MB
[runlim] sample:		899.96 time, 900.02 real, 3208 MB
[runlim] sample:		909.96 time, 910.02 real, 3242 MB
[runlim] sample:		919.96 time, 920.02 real, 3284 MB
[runlim] sample:		929.96 time, 930.02 real, 3327 MB
[runlim] sample:		939.95 time, 940.02 real, 3366 MB
[runlim] sample:		949.96 time, 950.02 real, 3414 MB
[runlim] sample:		959.96 time, 960.02 real, 3462 MB
[runlim] sample:		969.96 time, 970.02 real, 3509 MB
[runlim] sample:		979.96 time, 980.02 real, 3554 MB
[runlim] sample:		989.96 time, 990.02 real, 3601 MB
[runlim] sample:		999.96 time, 1000.02 real, 3642 MB
[runlim] sample:		1009.96 time, 1010.02 real, 3679 MB
[runlim] sample:		1019.95 time, 1020.02 real, 3723 MB
[runlim] sample:		1029.96 time, 1030.02 real, 3763 MB
[runlim] sample:		1039.95 time, 1040.02 real, 3801 MB
[runlim] sample:		1049.95 time, 1050.02 real, 3839 MB
[runlim] sample:		1059.96 time, 1060.02 real, 3883 MB
[runlim] sample:		1069.96 time, 1070.02 real, 3924 MB
[runlim] sample:		1079.95 time, 1080.02 real, 3967 MB
[runlim] sample:		1089.96 time, 1090.02 real, 4004 MB
[runlim] sample:		1099.96 time, 1100.02 real, 4043 MB
[runlim] sample:		1109.95 time, 1110.02 real, 4084 MB
[runlim] sample:		1119.96 time, 1120.02 real, 4126 MB
[runlim] sample:		1129.96 time, 1130.02 real, 4158 MB
[runlim] sample:		1139.95 time, 1140.02 real, 4197 MB
[runlim] sample:		1149.95 time, 1150.02 real, 4233 MB
ERROR: memory manager can't handle the load size: 1073740910 needed: 1297 newcapacity: 1073741823
ERROR: exception thrown past FFI boundary
[runlim] end:			Sat Feb 29 07:39:29 2020
[runlim] status:		ok
[runlim] result:		0
[runlim] children:		1
[runlim] real:			1151.96 seconds
[runlim] time:			1151.85 seconds
[runlim] space:			4928 MB
[runlim] samples:		11519
