[runlim] version:		1.18
[runlim] host:			c3n07
[runlim] time limit:		2700 seconds
[runlim] real time limit:	2700 seconds
[runlim] space limit:		7000 MB
[runlim] argv[0]:		./binary
[runlim] argv[1]:		/data/cnf/ankit/E1-A1-instances/ttt_5x5-shape-0-GTTT-2-1-torus-0.qdimacs
[runlim] start:			Sat Feb 29 07:20:17 2020
[runlim] child:			21157
[runlim] sample:		9.98 time, 10.02 real, 63 MB
[runlim] sample:		19.99 time, 20.02 real, 91 MB
[runlim] sample:		29.98 time, 30.02 real, 119 MB
[runlim] sample:		39.98 time, 40.02 real, 146 MB
[runlim] sample:		49.98 time, 50.02 real, 173 MB
[runlim] sample:		59.98 time, 60.02 real, 200 MB
[runlim] sample:		69.98 time, 70.02 real, 228 MB
[runlim] sample:		79.97 time, 80.02 real, 256 MB
[runlim] sample:		89.97 time, 90.02 real, 284 MB
[runlim] sample:		99.97 time, 100.02 real, 313 MB
[runlim] sample:		109.98 time, 110.02 real, 341 MB
[runlim] sample:		119.97 time, 120.02 real, 371 MB
[runlim] sample:		129.98 time, 130.02 real, 400 MB
[runlim] sample:		139.97 time, 140.02 real, 428 MB
[runlim] sample:		149.97 time, 150.02 real, 456 MB
[runlim] sample:		159.98 time, 160.02 real, 440 MB
[runlim] sample:		169.97 time, 170.02 real, 467 MB
[runlim] sample:		179.97 time, 180.02 real, 491 MB
[runlim] sample:		189.97 time, 190.02 real, 516 MB
[runlim] sample:		199.97 time, 200.02 real, 541 MB
[runlim] sample:		209.97 time, 210.02 real, 565 MB
[runlim] sample:		219.98 time, 220.02 real, 590 MB
[runlim] sample:		229.97 time, 230.02 real, 616 MB
[runlim] sample:		239.97 time, 240.02 real, 640 MB
[runlim] sample:		249.97 time, 250.02 real, 665 MB
[runlim] sample:		259.98 time, 260.02 real, 690 MB
[runlim] sample:		269.98 time, 270.02 real, 715 MB
[runlim] sample:		279.97 time, 280.02 real, 742 MB
[runlim] sample:		289.98 time, 290.02 real, 768 MB
[runlim] sample:		299.97 time, 300.02 real, 794 MB
[runlim] sample:		309.97 time, 310.02 real, 818 MB
[runlim] sample:		319.97 time, 320.02 real, 758 MB
[runlim] sample:		329.97 time, 330.02 real, 782 MB
[runlim] sample:		339.97 time, 340.02 real, 808 MB
[runlim] sample:		349.97 time, 350.02 real, 833 MB
[runlim] sample:		359.97 time, 360.02 real, 859 MB
[runlim] sample:		369.97 time, 370.02 real, 884 MB
[runlim] sample:		379.97 time, 380.02 real, 908 MB
[runlim] sample:		389.98 time, 390.02 real, 933 MB
[runlim] sample:		399.97 time, 400.02 real, 958 MB
[runlim] sample:		409.97 time, 410.02 real, 982 MB
[runlim] sample:		419.97 time, 420.02 real, 1007 MB
[runlim] sample:		429.97 time, 430.02 real, 1032 MB
[runlim] sample:		439.97 time, 440.02 real, 1057 MB
[runlim] sample:		449.97 time, 450.02 real, 1081 MB
[runlim] sample:		459.97 time, 460.02 real, 1105 MB
[runlim] sample:		469.97 time, 470.02 real, 1132 MB
[runlim] sample:		479.97 time, 480.02 real, 1074 MB
[runlim] sample:		489.97 time, 490.02 real, 1099 MB
[runlim] sample:		499.97 time, 500.02 real, 1124 MB
[runlim] sample:		509.97 time, 510.02 real, 1149 MB
[runlim] sample:		519.97 time, 520.02 real, 1175 MB
[runlim] sample:		529.97 time, 530.02 real, 1201 MB
[runlim] sample:		539.97 time, 540.02 real, 1232 MB
[runlim] sample:		549.97 time, 550.02 real, 1258 MB
[runlim] sample:		559.96 time, 560.02 real, 1284 MB
[runlim] sample:		569.97 time, 570.02 real, 1310 MB
[runlim] sample:		579.97 time, 580.02 real, 1333 MB
[runlim] sample:		589.97 time, 590.02 real, 1358 MB
[runlim] sample:		599.97 time, 600.02 real, 1384 MB
[runlim] sample:		609.96 time, 610.02 real, 1409 MB
[runlim] sample:		619.97 time, 620.02 real, 1435 MB
[runlim] sample:		629.97 time, 630.02 real, 1461 MB
[runlim] sample:		639.97 time, 640.02 real, 1486 MB
[runlim] sample:		649.97 time, 650.02 real, 1511 MB
[runlim] sample:		659.97 time, 660.02 real, 1536 MB
[runlim] sample:		669.96 time, 670.02 real, 1561 MB
[runlim] sample:		679.97 time, 680.02 real, 1587 MB
[runlim] sample:		689.96 time, 690.02 real, 1612 MB
[runlim] sample:		699.96 time, 700.02 real, 1637 MB
[runlim] sample:		709.97 time, 710.02 real, 1662 MB
[runlim] sample:		719.97 time, 720.02 real, 1686 MB
[runlim] sample:		729.96 time, 730.02 real, 1710 MB
[runlim] sample:		739.97 time, 740.02 real, 1607 MB
[runlim] sample:		749.97 time, 750.02 real, 1630 MB
[runlim] sample:		759.97 time, 760.02 real, 1654 MB
[runlim] sample:		769.97 time, 770.02 real, 1679 MB
[runlim] sample:		779.96 time, 780.02 real, 1704 MB
[runlim] sample:		789.96 time, 790.02 real, 1730 MB
[runlim] sample:		799.96 time, 800.02 real, 1756 MB
[runlim] sample:		809.96 time, 810.02 real, 1781 MB
[runlim] sample:		819.97 time, 820.02 real, 1805 MB
[runlim] sample:		829.97 time, 830.02 real, 1829 MB
[runlim] sample:		839.97 time, 840.02 real, 1853 MB
[runlim] sample:		849.96 time, 850.02 real, 1879 MB
[runlim] sample:		859.97 time, 860.02 real, 1903 MB
[runlim] sample:		869.96 time, 870.02 real, 1928 MB
[runlim] sample:		879.96 time, 880.02 real, 1953 MB
[runlim] sample:		889.97 time, 890.02 real, 1979 MB
[runlim] sample:		899.96 time, 900.02 real, 2004 MB
[runlim] sample:		909.96 time, 910.02 real, 2030 MB
[runlim] sample:		919.96 time, 920.02 real, 2053 MB
[runlim] sample:		929.96 time, 930.02 real, 2077 MB
[runlim] sample:		939.96 time, 940.02 real, 2102 MB
[runlim] sample:		949.96 time, 950.02 real, 2127 MB
[runlim] sample:		959.96 time, 960.02 real, 2151 MB
[runlim] sample:		969.96 time, 970.02 real, 2175 MB
[runlim] sample:		979.96 time, 980.02 real, 2199 MB
[runlim] sample:		989.96 time, 990.02 real, 2229 MB
[runlim] sample:		999.96 time, 1000.02 real, 2249 MB
[runlim] sample:		1009.96 time, 1010.02 real, 2268 MB
[runlim] sample:		1019.96 time, 1020.02 real, 2290 MB
[runlim] sample:		1029.96 time, 1030.02 real, 2316 MB
[runlim] sample:		1039.96 time, 1040.02 real, 2341 MB
[runlim] sample:		1049.96 time, 1050.02 real, 2365 MB
[runlim] sample:		1059.96 time, 1060.02 real, 2389 MB
[runlim] sample:		1069.96 time, 1070.02 real, 2412 MB
[runlim] sample:		1079.96 time, 1080.02 real, 2714 MB
[runlim] sample:		1089.96 time, 1090.02 real, 2291 MB
[runlim] sample:		1099.96 time, 1100.02 real, 2313 MB
[runlim] sample:		1109.96 time, 1110.02 real, 2329 MB
[runlim] sample:		1119.96 time, 1120.02 real, 2353 MB
[runlim] sample:		1129.96 time, 1130.02 real, 2376 MB
[runlim] sample:		1139.96 time, 1140.02 real, 2400 MB
[runlim] sample:		1149.96 time, 1150.02 real, 2425 MB
[runlim] sample:		1159.96 time, 1160.02 real, 2448 MB
[runlim] sample:		1169.96 time, 1170.02 real, 2473 MB
[runlim] sample:		1179.96 time, 1180.02 real, 2497 MB
[runlim] sample:		1189.96 time, 1190.02 real, 2521 MB
[runlim] sample:		1199.96 time, 1200.02 real, 2545 MB
[runlim] sample:		1209.96 time, 1210.02 real, 2569 MB
[runlim] sample:		1219.95 time, 1220.02 real, 2594 MB
[runlim] sample:		1229.96 time, 1230.02 real, 2619 MB
[runlim] sample:		1239.96 time, 1240.02 real, 2645 MB
[runlim] sample:		1249.96 time, 1250.02 real, 2671 MB
[runlim] sample:		1259.95 time, 1260.02 real, 2696 MB
[runlim] sample:		1269.96 time, 1270.02 real, 2721 MB
[runlim] sample:		1279.95 time, 1280.02 real, 2745 MB
[runlim] sample:		1289.96 time, 1290.02 real, 2769 MB
[runlim] sample:		1299.96 time, 1300.02 real, 2791 MB
[runlim] sample:		1309.96 time, 1310.02 real, 2813 MB
[runlim] sample:		1319.95 time, 1320.02 real, 2834 MB
[runlim] sample:		1329.96 time, 1330.02 real, 2857 MB
[runlim] sample:		1339.95 time, 1340.02 real, 2880 MB
[runlim] sample:		1349.95 time, 1350.02 real, 2904 MB
[runlim] sample:		1359.96 time, 1360.02 real, 2923 MB
[runlim] sample:		1369.95 time, 1370.02 real, 2940 MB
[runlim] sample:		1379.95 time, 1380.02 real, 2960 MB
[runlim] sample:		1389.95 time, 1390.02 real, 2983 MB
[runlim] sample:		1399.95 time, 1400.02 real, 3007 MB
[runlim] sample:		1409.95 time, 1410.02 real, 3031 MB
[runlim] sample:		1419.95 time, 1420.02 real, 3055 MB
[runlim] sample:		1429.96 time, 1430.02 real, 3080 MB
[runlim] sample:		1439.95 time, 1440.02 real, 3104 MB
[runlim] sample:		1449.96 time, 1450.02 real, 3129 MB
[runlim] sample:		1459.95 time, 1460.02 real, 3153 MB
[runlim] sample:		1469.95 time, 1470.02 real, 3176 MB
[runlim] sample:		1479.96 time, 1480.02 real, 3198 MB
[runlim] sample:		1489.95 time, 1490.02 real, 3222 MB
[runlim] sample:		1499.95 time, 1500.02 real, 3245 MB
[runlim] sample:		1509.95 time, 1510.02 real, 3269 MB
[runlim] sample:		1519.95 time, 1520.02 real, 3293 MB
[runlim] sample:		1529.96 time, 1530.02 real, 3317 MB
[runlim] sample:		1539.96 time, 1540.02 real, 3339 MB
[runlim] sample:		1549.95 time, 1550.02 real, 3362 MB
[runlim] sample:		1559.95 time, 1560.02 real, 3385 MB
[runlim] sample:		1569.95 time, 1570.02 real, 3405 MB
[runlim] sample:		1579.95 time, 1580.02 real, 3421 MB
[runlim] sample:		1589.95 time, 1590.02 real, 3444 MB
[runlim] sample:		1599.95 time, 1600.02 real, 3467 MB
[runlim] sample:		1609.95 time, 1610.02 real, 3488 MB
[runlim] sample:		1619.95 time, 1620.02 real, 3512 MB
[runlim] sample:		1629.95 time, 1630.02 real, 3283 MB
[runlim] sample:		1639.95 time, 1640.02 real, 3308 MB
[runlim] sample:		1649.95 time, 1650.02 real, 3332 MB
[runlim] sample:		1659.95 time, 1660.02 real, 3356 MB
[runlim] sample:		1669.94 time, 1670.02 real, 3380 MB
[runlim] sample:		1679.95 time, 1680.02 real, 3402 MB
[runlim] sample:		1689.94 time, 1690.02 real, 3424 MB
[runlim] sample:		1699.95 time, 1700.02 real, 3448 MB
[runlim] sample:		1709.94 time, 1710.02 real, 3470 MB
[runlim] sample:		1719.94 time, 1720.02 real, 3493 MB
[runlim] sample:		1729.95 time, 1730.02 real, 3517 MB
[runlim] sample:		1739.94 time, 1740.02 real, 3541 MB
[runlim] sample:		1749.95 time, 1750.02 real, 3566 MB
[runlim] sample:		1759.95 time, 1760.02 real, 3590 MB
[runlim] sample:		1769.95 time, 1770.02 real, 3614 MB
[runlim] sample:		1779.94 time, 1780.02 real, 3639 MB
[runlim] sample:		1789.94 time, 1790.02 real, 3664 MB
[runlim] sample:		1799.94 time, 1800.02 real, 3688 MB
[runlim] sample:		1809.94 time, 1810.02 real, 3712 MB
[runlim] sample:		1819.95 time, 1820.02 real, 3736 MB
[runlim] sample:		1829.94 time, 1830.02 real, 3759 MB
[runlim] sample:		1839.94 time, 1840.02 real, 3783 MB
[runlim] sample:		1849.94 time, 1850.02 real, 3806 MB
[runlim] sample:		1859.94 time, 1860.02 real, 3830 MB
[runlim] sample:		1869.94 time, 1870.02 real, 3855 MB
[runlim] sample:		1879.94 time, 1880.02 real, 3881 MB
[runlim] sample:		1889.94 time, 1890.02 real, 3905 MB
[runlim] sample:		1899.94 time, 1900.02 real, 3930 MB
[runlim] sample:		1909.94 time, 1910.02 real, 3956 MB
[runlim] sample:		1919.94 time, 1920.02 real, 3980 MB
[runlim] sample:		1929.94 time, 1930.02 real, 4004 MB
[runlim] sample:		1939.94 time, 1940.02 real, 4029 MB
[runlim] sample:		1949.94 time, 1950.02 real, 4054 MB
[runlim] sample:		1959.94 time, 1960.02 real, 4079 MB
[runlim] sample:		1969.94 time, 1970.02 real, 4103 MB
[runlim] sample:		1979.94 time, 1980.02 real, 4126 MB
[runlim] sample:		1989.94 time, 1990.02 real, 4149 MB
[runlim] sample:		1999.94 time, 2000.02 real, 4173 MB
[runlim] sample:		2009.94 time, 2010.02 real, 4196 MB
[runlim] sample:		2019.94 time, 2020.02 real, 4218 MB
[runlim] sample:		2029.94 time, 2030.02 real, 4240 MB
[runlim] sample:		2039.94 time, 2040.02 real, 4261 MB
[runlim] sample:		2049.94 time, 2050.02 real, 4283 MB
[runlim] sample:		2059.93 time, 2060.02 real, 4306 MB
[runlim] sample:		2069.94 time, 2070.02 real, 4330 MB
[runlim] sample:		2079.93 time, 2080.02 real, 4353 MB
[runlim] sample:		2089.93 time, 2090.02 real, 4378 MB
[runlim] sample:		2099.94 time, 2100.02 real, 4401 MB
[runlim] sample:		2109.93 time, 2110.02 real, 4423 MB
[runlim] sample:		2119.94 time, 2120.02 real, 4448 MB
[runlim] sample:		2129.93 time, 2130.02 real, 4471 MB
[runlim] sample:		2139.94 time, 2140.02 real, 4496 MB
[runlim] sample:		2149.93 time, 2150.02 real, 4519 MB
[runlim] sample:		2159.93 time, 2160.02 real, 4544 MB
[runlim] sample:		2169.93 time, 2170.02 real, 4569 MB
[runlim] sample:		2179.94 time, 2180.02 real, 4593 MB
[runlim] sample:		2189.93 time, 2190.02 real, 4617 MB
[runlim] sample:		2199.94 time, 2200.02 real, 4641 MB
[runlim] sample:		2209.93 time, 2210.02 real, 4665 MB
[runlim] sample:		2219.93 time, 2220.02 real, 4690 MB
[runlim] sample:		2229.93 time, 2230.02 real, 4715 MB
[runlim] sample:		2239.93 time, 2240.02 real, 4739 MB
[runlim] sample:		2249.94 time, 2250.02 real, 4763 MB
[runlim] sample:		2259.93 time, 2260.02 real, 4791 MB
[runlim] sample:		2269.94 time, 2270.02 real, 4821 MB
[runlim] sample:		2279.94 time, 2280.02 real, 4850 MB
[runlim] sample:		2289.94 time, 2290.02 real, 4876 MB
[runlim] sample:		2299.93 time, 2300.02 real, 4901 MB
[runlim] sample:		2309.93 time, 2310.02 real, 4588 MB
[runlim] sample:		2319.93 time, 2320.02 real, 4614 MB
[runlim] sample:		2329.93 time, 2330.02 real, 4642 MB
[runlim] sample:		2339.93 time, 2340.02 real, 4670 MB
[runlim] sample:		2349.94 time, 2350.02 real, 4698 MB
[runlim] sample:		2359.93 time, 2360.02 real, 4724 MB
[runlim] sample:		2369.94 time, 2370.02 real, 4753 MB
[runlim] sample:		2379.94 time, 2380.02 real, 4781 MB
[runlim] sample:		2389.94 time, 2390.02 real, 4809 MB
[runlim] sample:		2399.93 time, 2400.02 real, 4834 MB
[runlim] sample:		2409.93 time, 2410.02 real, 4862 MB
[runlim] sample:		2419.94 time, 2420.02 real, 4877 MB
[runlim] sample:		2429.93 time, 2430.02 real, 4903 MB
[runlim] sample:		2439.94 time, 2440.02 real, 4931 MB
[runlim] sample:		2449.93 time, 2450.02 real, 4957 MB
[runlim] sample:		2459.93 time, 2460.02 real, 4984 MB
[runlim] sample:		2469.93 time, 2470.02 real, 5010 MB
[runlim] sample:		2479.93 time, 2480.02 real, 5037 MB
[runlim] sample:		2489.93 time, 2490.02 real, 5065 MB
[runlim] sample:		2499.93 time, 2500.02 real, 5092 MB
[runlim] sample:		2509.93 time, 2510.02 real, 5121 MB
[runlim] sample:		2519.93 time, 2520.02 real, 5149 MB
[runlim] sample:		2529.93 time, 2530.02 real, 5178 MB
[runlim] sample:		2539.93 time, 2540.02 real, 5205 MB
[runlim] sample:		2549.93 time, 2550.02 real, 5233 MB
[runlim] sample:		2559.93 time, 2560.02 real, 5260 MB
[runlim] sample:		2569.93 time, 2570.02 real, 5288 MB
[runlim] sample:		2579.93 time, 2580.02 real, 5315 MB
[runlim] sample:		2589.93 time, 2590.02 real, 5343 MB
[runlim] sample:		2599.93 time, 2600.02 real, 5370 MB
[runlim] sample:		2609.93 time, 2610.02 real, 5398 MB
[runlim] sample:		2619.93 time, 2620.02 real, 5426 MB
[runlim] sample:		2629.93 time, 2630.02 real, 5453 MB
[runlim] sample:		2639.93 time, 2640.02 real, 5481 MB
[runlim] sample:		2649.93 time, 2650.02 real, 5510 MB
[runlim] sample:		2659.93 time, 2660.02 real, 5539 MB
[runlim] sample:		2669.93 time, 2670.02 real, 5566 MB
[runlim] sample:		2679.93 time, 2680.02 real, 5594 MB
[runlim] sample:		2689.93 time, 2690.02 real, 5623 MB
[runlim] sample:		2699.93 time, 2700.02 real, 5650 MB
[runlim] end:			Sat Feb 29 08:05:18 2020
[runlim] status:		out of time
[runlim] result:		2
[runlim] children:		1
[runlim] real:			2700.37 seconds
[runlim] time:			2699.93 seconds
[runlim] space:			6118 MB
[runlim] samples:		27000
