[runlim] version:		1.18
[runlim] host:			c3n14
[runlim] time limit:		2700 seconds
[runlim] real time limit:	2700 seconds
[runlim] space limit:		7000 MB
[runlim] argv[0]:		./binary
[runlim] argv[1]:		/data/cnf/ankit/E1-A1-instances/ttt_5x5-shape-1-GTTT-1-1-torus-0.qdimacs
[runlim] start:			Sat Feb 29 07:20:17 2020
[runlim] child:			19572
[runlim] sample:		9.97 time, 10.02 real, 80 MB
[runlim] sample:		19.95 time, 20.02 real, 110 MB
[runlim] sample:		29.92 time, 30.02 real, 140 MB
[runlim] sample:		39.89 time, 40.02 real, 171 MB
[runlim] sample:		49.86 time, 50.02 real, 200 MB
[runlim] sample:		59.84 time, 60.02 real, 230 MB
[runlim] sample:		69.80 time, 70.02 real, 260 MB
[runlim] sample:		79.78 time, 80.02 real, 289 MB
[runlim] sample:		89.75 time, 90.02 real, 318 MB
[runlim] sample:		99.72 time, 100.02 real, 346 MB
[runlim] sample:		109.69 time, 110.02 real, 375 MB
[runlim] sample:		119.66 time, 120.02 real, 402 MB
[runlim] sample:		129.64 time, 130.02 real, 430 MB
[runlim] sample:		139.60 time, 140.02 real, 458 MB
[runlim] sample:		149.58 time, 150.02 real, 486 MB
[runlim] sample:		159.55 time, 160.02 real, 513 MB
[runlim] sample:		169.52 time, 170.02 real, 540 MB
[runlim] sample:		179.50 time, 180.02 real, 568 MB
[runlim] sample:		189.46 time, 190.02 real, 595 MB
[runlim] sample:		199.44 time, 200.02 real, 621 MB
[runlim] sample:		209.41 time, 210.02 real, 648 MB
[runlim] sample:		219.37 time, 220.02 real, 675 MB
[runlim] sample:		229.35 time, 230.02 real, 702 MB
[runlim] sample:		239.32 time, 240.02 real, 729 MB
[runlim] sample:		249.29 time, 250.02 real, 756 MB
[runlim] sample:		259.26 time, 260.02 real, 782 MB
[runlim] sample:		269.22 time, 270.02 real, 808 MB
[runlim] sample:		279.20 time, 280.02 real, 835 MB
[runlim] sample:		289.17 time, 290.02 real, 862 MB
[runlim] sample:		299.14 time, 300.02 real, 889 MB
[runlim] sample:		309.14 time, 310.02 real, 917 MB
[runlim] sample:		319.14 time, 320.02 real, 945 MB
[runlim] sample:		329.14 time, 330.02 real, 974 MB
[runlim] sample:		339.15 time, 340.02 real, 1002 MB
[runlim] sample:		349.14 time, 350.02 real, 1031 MB
[runlim] sample:		359.14 time, 360.02 real, 1058 MB
[runlim] sample:		369.14 time, 370.02 real, 1087 MB
[runlim] sample:		379.15 time, 380.02 real, 1115 MB
[runlim] sample:		389.14 time, 390.02 real, 1143 MB
[runlim] sample:		399.14 time, 400.02 real, 1170 MB
[runlim] sample:		409.14 time, 410.02 real, 1198 MB
[runlim] sample:		419.14 time, 420.02 real, 1226 MB
[runlim] sample:		429.15 time, 430.02 real, 1255 MB
[runlim] sample:		439.15 time, 440.02 real, 1283 MB
[runlim] sample:		449.15 time, 450.02 real, 1309 MB
[runlim] sample:		459.14 time, 460.02 real, 1336 MB
[runlim] sample:		469.14 time, 470.02 real, 1363 MB
[runlim] sample:		479.14 time, 480.02 real, 1295 MB
[runlim] sample:		489.14 time, 490.02 real, 1323 MB
[runlim] sample:		499.14 time, 500.02 real, 1351 MB
[runlim] sample:		509.14 time, 510.02 real, 1378 MB
[runlim] sample:		519.14 time, 520.02 real, 1406 MB
[runlim] sample:		529.14 time, 530.02 real, 1433 MB
[runlim] sample:		539.14 time, 540.02 real, 1460 MB
[runlim] sample:		549.14 time, 550.02 real, 1485 MB
[runlim] sample:		559.14 time, 560.02 real, 1510 MB
[runlim] sample:		569.14 time, 570.02 real, 1538 MB
[runlim] sample:		579.14 time, 580.02 real, 1564 MB
[runlim] sample:		589.14 time, 590.02 real, 1593 MB
[runlim] sample:		599.14 time, 600.02 real, 1620 MB
[runlim] sample:		609.14 time, 610.02 real, 1648 MB
[runlim] sample:		619.13 time, 620.02 real, 1675 MB
[runlim] sample:		629.14 time, 630.02 real, 1703 MB
[runlim] sample:		639.14 time, 640.02 real, 1730 MB
[runlim] sample:		649.14 time, 650.02 real, 1757 MB
[runlim] sample:		659.14 time, 660.02 real, 1784 MB
[runlim] sample:		669.14 time, 670.02 real, 1810 MB
[runlim] sample:		679.14 time, 680.02 real, 1838 MB
[runlim] sample:		689.14 time, 690.02 real, 1864 MB
[runlim] sample:		699.14 time, 700.02 real, 1891 MB
[runlim] sample:		709.14 time, 710.02 real, 1917 MB
[runlim] sample:		719.14 time, 720.02 real, 1943 MB
[runlim] sample:		729.14 time, 730.02 real, 1970 MB
[runlim] sample:		739.14 time, 740.02 real, 1999 MB
[runlim] sample:		749.14 time, 750.02 real, 2026 MB
[runlim] sample:		759.14 time, 760.02 real, 2054 MB
[runlim] sample:		769.13 time, 770.02 real, 2080 MB
[runlim] sample:		779.13 time, 780.02 real, 2107 MB
[runlim] sample:		789.14 time, 790.02 real, 2134 MB
[runlim] sample:		799.14 time, 800.02 real, 2161 MB
[runlim] sample:		809.14 time, 810.02 real, 2186 MB
[runlim] sample:		819.14 time, 820.02 real, 2211 MB
[runlim] sample:		829.13 time, 830.02 real, 2238 MB
[runlim] sample:		839.13 time, 840.02 real, 2266 MB
[runlim] sample:		849.14 time, 850.02 real, 2292 MB
[runlim] sample:		859.14 time, 860.02 real, 2320 MB
[runlim] sample:		869.13 time, 870.02 real, 2348 MB
[runlim] sample:		879.14 time, 880.02 real, 2375 MB
[runlim] sample:		889.13 time, 890.02 real, 2417 MB
[runlim] sample:		899.14 time, 900.02 real, 2441 MB
[runlim] sample:		909.13 time, 910.02 real, 2468 MB
[runlim] sample:		919.14 time, 920.02 real, 2494 MB
[runlim] sample:		929.13 time, 930.02 real, 2521 MB
[runlim] sample:		939.13 time, 940.02 real, 2548 MB
[runlim] sample:		949.13 time, 950.02 real, 2575 MB
[runlim] sample:		959.14 time, 960.02 real, 2602 MB
[runlim] sample:		969.14 time, 970.02 real, 2628 MB
[runlim] sample:		979.13 time, 980.02 real, 2656 MB
[runlim] sample:		989.13 time, 990.02 real, 2681 MB
[runlim] sample:		999.13 time, 1000.02 real, 2702 MB
[runlim] sample:		1009.13 time, 1010.02 real, 2726 MB
[runlim] sample:		1019.13 time, 1020.02 real, 2751 MB
[runlim] sample:		1029.13 time, 1030.02 real, 2773 MB
[runlim] sample:		1039.13 time, 1040.02 real, 2796 MB
[runlim] sample:		1049.13 time, 1050.02 real, 2822 MB
[runlim] sample:		1059.13 time, 1060.02 real, 2850 MB
[runlim] sample:		1069.13 time, 1070.02 real, 2877 MB
[runlim] sample:		1079.13 time, 1080.02 real, 2904 MB
[runlim] sample:		1089.13 time, 1090.02 real, 2934 MB
[runlim] sample:		1099.13 time, 1100.02 real, 2962 MB
[runlim] sample:		1109.13 time, 1110.02 real, 2990 MB
[runlim] sample:		1119.13 time, 1120.02 real, 3018 MB
[runlim] sample:		1129.13 time, 1130.02 real, 2853 MB
[runlim] sample:		1139.13 time, 1140.02 real, 2881 MB
[runlim] sample:		1149.13 time, 1150.02 real, 2910 MB
[runlim] sample:		1159.13 time, 1160.02 real, 2938 MB
[runlim] sample:		1169.13 time, 1170.02 real, 2965 MB
[runlim] sample:		1179.13 time, 1180.02 real, 2992 MB
[runlim] sample:		1189.13 time, 1190.02 real, 3014 MB
[runlim] sample:		1199.13 time, 1200.02 real, 3037 MB
[runlim] sample:		1209.13 time, 1210.02 real, 3062 MB
[runlim] sample:		1219.13 time, 1220.02 real, 3083 MB
[runlim] sample:		1229.13 time, 1230.02 real, 3106 MB
[runlim] sample:		1239.12 time, 1240.02 real, 3130 MB
[runlim] sample:		1249.13 time, 1250.02 real, 3149 MB
[runlim] sample:		1259.13 time, 1260.02 real, 3169 MB
[runlim] sample:		1269.12 time, 1270.02 real, 3193 MB
[runlim] sample:		1279.13 time, 1280.02 real, 3219 MB
[runlim] sample:		1289.12 time, 1290.02 real, 3244 MB
[runlim] sample:		1299.12 time, 1300.02 real, 3269 MB
[runlim] sample:		1309.12 time, 1310.02 real, 3297 MB
[runlim] sample:		1319.13 time, 1320.02 real, 3324 MB
[runlim] sample:		1329.12 time, 1330.02 real, 3351 MB
[runlim] sample:		1339.12 time, 1340.02 real, 3374 MB
[runlim] sample:		1349.13 time, 1350.02 real, 3395 MB
[runlim] sample:		1359.13 time, 1360.02 real, 3417 MB
[runlim] sample:		1369.12 time, 1370.02 real, 3440 MB
[runlim] sample:		1379.12 time, 1380.02 real, 3461 MB
[runlim] sample:		1389.12 time, 1390.02 real, 3481 MB
[runlim] sample:		1399.13 time, 1400.02 real, 3502 MB
[runlim] sample:		1409.12 time, 1410.02 real, 3522 MB
[runlim] sample:		1419.12 time, 1420.02 real, 3547 MB
[runlim] sample:		1429.12 time, 1430.02 real, 3564 MB
[runlim] sample:		1439.12 time, 1440.02 real, 3586 MB
[runlim] sample:		1449.12 time, 1450.02 real, 3611 MB
[runlim] sample:		1459.13 time, 1460.02 real, 3629 MB
[runlim] sample:		1469.12 time, 1470.02 real, 3648 MB
[runlim] sample:		1479.13 time, 1480.02 real, 3673 MB
[runlim] sample:		1489.12 time, 1490.02 real, 3698 MB
[runlim] sample:		1499.12 time, 1500.02 real, 3724 MB
[runlim] sample:		1509.13 time, 1510.02 real, 3751 MB
[runlim] sample:		1519.13 time, 1520.02 real, 3770 MB
[runlim] sample:		1529.13 time, 1530.02 real, 3795 MB
[runlim] sample:		1539.13 time, 1540.02 real, 3820 MB
[runlim] sample:		1549.13 time, 1550.02 real, 3847 MB
[runlim] sample:		1559.12 time, 1560.02 real, 3872 MB
[runlim] sample:		1569.13 time, 1570.02 real, 3899 MB
[runlim] sample:		1579.12 time, 1580.02 real, 3921 MB
[runlim] sample:		1589.12 time, 1590.02 real, 3942 MB
[runlim] sample:		1599.12 time, 1600.02 real, 3965 MB
[runlim] sample:		1609.13 time, 1610.02 real, 3990 MB
[runlim] sample:		1619.12 time, 1620.02 real, 4012 MB
[runlim] sample:		1629.12 time, 1630.02 real, 4032 MB
[runlim] sample:		1639.12 time, 1640.02 real, 4051 MB
[runlim] sample:		1649.13 time, 1650.02 real, 4073 MB
[runlim] sample:		1659.12 time, 1660.02 real, 4092 MB
[runlim] sample:		1669.12 time, 1670.02 real, 4111 MB
[runlim] sample:		1679.12 time, 1680.02 real, 4132 MB
[runlim] sample:		1689.13 time, 1690.02 real, 4156 MB
[runlim] sample:		1699.12 time, 1700.02 real, 4180 MB
[runlim] sample:		1709.12 time, 1710.02 real, 4205 MB
[runlim] sample:		1719.12 time, 1720.02 real, 4229 MB
[runlim] sample:		1729.13 time, 1730.02 real, 4245 MB
[runlim] sample:		1739.12 time, 1740.02 real, 4263 MB
[runlim] sample:		1749.12 time, 1750.02 real, 4281 MB
[runlim] sample:		1759.12 time, 1760.02 real, 4302 MB
[runlim] sample:		1769.13 time, 1770.02 real, 4319 MB
[runlim] sample:		1779.12 time, 1780.02 real, 4340 MB
[runlim] sample:		1789.12 time, 1790.02 real, 4363 MB
[runlim] sample:		1799.12 time, 1800.02 real, 4382 MB
[runlim] sample:		1809.12 time, 1810.02 real, 4403 MB
[runlim] sample:		1819.12 time, 1820.02 real, 4425 MB
[runlim] sample:		1829.12 time, 1830.02 real, 4445 MB
[runlim] sample:		1839.12 time, 1840.02 real, 4466 MB
[runlim] sample:		1849.12 time, 1850.02 real, 4482 MB
[runlim] sample:		1859.12 time, 1860.02 real, 4503 MB
[runlim] sample:		1869.12 time, 1870.02 real, 4524 MB
[runlim] sample:		1879.12 time, 1880.02 real, 4547 MB
[runlim] sample:		1889.12 time, 1890.02 real, 4572 MB
[runlim] sample:		1899.12 time, 1900.02 real, 4595 MB
[runlim] sample:		1909.12 time, 1910.02 real, 4615 MB
[runlim] sample:		1919.12 time, 1920.02 real, 4632 MB
[runlim] sample:		1929.12 time, 1930.02 real, 4647 MB
[runlim] sample:		1939.12 time, 1940.02 real, 4664 MB
[runlim] sample:		1949.12 time, 1950.02 real, 4683 MB
[runlim] sample:		1959.12 time, 1960.02 real, 4703 MB
[runlim] sample:		1969.12 time, 1970.02 real, 4721 MB
[runlim] sample:		1979.12 time, 1980.02 real, 4477 MB
[runlim] sample:		1989.12 time, 1990.02 real, 4500 MB
[runlim] sample:		1999.11 time, 2000.02 real, 4522 MB
[runlim] sample:		2009.12 time, 2010.02 real, 4543 MB
[runlim] sample:		2019.12 time, 2020.02 real, 4560 MB
[runlim] sample:		2029.11 time, 2030.02 real, 4577 MB
[runlim] sample:		2039.12 time, 2040.02 real, 4600 MB
[runlim] sample:		2049.12 time, 2050.02 real, 4622 MB
[runlim] sample:		2059.11 time, 2060.02 real, 4648 MB
[runlim] sample:		2069.12 time, 2070.02 real, 4675 MB
[runlim] sample:		2079.12 time, 2080.02 real, 4701 MB
[runlim] sample:		2089.12 time, 2090.02 real, 4724 MB
[runlim] sample:		2099.12 time, 2100.02 real, 4748 MB
[runlim] sample:		2109.12 time, 2110.02 real, 4772 MB
[runlim] sample:		2119.12 time, 2120.02 real, 4800 MB
[runlim] sample:		2129.12 time, 2130.02 real, 4821 MB
[runlim] sample:		2139.11 time, 2140.02 real, 4848 MB
[runlim] sample:		2149.12 time, 2150.02 real, 4869 MB
[runlim] sample:		2159.11 time, 2160.02 real, 4884 MB
[runlim] sample:		2169.11 time, 2170.02 real, 4906 MB
[runlim] sample:		2179.12 time, 2180.02 real, 4930 MB
[runlim] sample:		2189.12 time, 2190.02 real, 4952 MB
[runlim] sample:		2199.12 time, 2200.02 real, 4971 MB
[runlim] sample:		2209.12 time, 2210.02 real, 4994 MB
[runlim] sample:		2219.12 time, 2220.02 real, 5017 MB
[runlim] sample:		2229.11 time, 2230.02 real, 5035 MB
[runlim] sample:		2239.12 time, 2240.02 real, 5057 MB
[runlim] sample:		2249.11 time, 2250.02 real, 5082 MB
[runlim] sample:		2259.11 time, 2260.02 real, 5108 MB
[runlim] sample:		2269.11 time, 2270.01 real, 5133 MB
[runlim] sample:		2279.11 time, 2280.02 real, 5154 MB
[runlim] sample:		2289.11 time, 2290.02 real, 5173 MB
[runlim] sample:		2299.12 time, 2300.02 real, 5195 MB
[runlim] sample:		2309.11 time, 2310.02 real, 5224 MB
[runlim] sample:		2319.11 time, 2320.02 real, 5252 MB
[runlim] sample:		2329.11 time, 2330.02 real, 5278 MB
[runlim] sample:		2339.11 time, 2340.02 real, 5305 MB
[runlim] sample:		2349.11 time, 2350.02 real, 5329 MB
[runlim] sample:		2359.11 time, 2360.02 real, 5355 MB
[runlim] sample:		2369.11 time, 2370.02 real, 5385 MB
[runlim] sample:		2379.11 time, 2380.02 real, 5415 MB
[runlim] sample:		2389.11 time, 2390.02 real, 5436 MB
[runlim] sample:		2399.11 time, 2400.01 real, 5459 MB
[runlim] sample:		2409.11 time, 2410.02 real, 5481 MB
[runlim] sample:		2419.11 time, 2420.02 real, 5507 MB
[runlim] sample:		2429.11 time, 2430.02 real, 5535 MB
[runlim] sample:		2439.11 time, 2440.02 real, 5567 MB
[runlim] sample:		2449.11 time, 2450.02 real, 5592 MB
[runlim] sample:		2459.11 time, 2460.02 real, 5621 MB
[runlim] sample:		2469.11 time, 2470.01 real, 5651 MB
[runlim] sample:		2479.11 time, 2480.01 real, 5678 MB
[runlim] sample:		2489.11 time, 2490.02 real, 5706 MB
[runlim] sample:		2499.11 time, 2500.02 real, 5728 MB
[runlim] sample:		2509.11 time, 2510.02 real, 5746 MB
[runlim] sample:		2519.11 time, 2520.02 real, 5766 MB
[runlim] sample:		2529.11 time, 2530.02 real, 5791 MB
[runlim] sample:		2539.11 time, 2540.02 real, 5820 MB
[runlim] sample:		2549.11 time, 2550.02 real, 5850 MB
[runlim] sample:		2559.11 time, 2560.02 real, 5879 MB
[runlim] sample:		2569.11 time, 2570.02 real, 5910 MB
[runlim] sample:		2579.11 time, 2580.02 real, 5939 MB
[runlim] sample:		2589.11 time, 2590.01 real, 5965 MB
[runlim] sample:		2599.11 time, 2600.02 real, 5991 MB
[runlim] sample:		2609.11 time, 2610.02 real, 6016 MB
[runlim] sample:		2619.10 time, 2620.02 real, 6035 MB
[runlim] sample:		2629.11 time, 2630.02 real, 6058 MB
[runlim] sample:		2639.11 time, 2640.02 real, 6084 MB
[runlim] sample:		2649.11 time, 2650.02 real, 6107 MB
[runlim] sample:		2659.10 time, 2660.02 real, 6126 MB
[runlim] sample:		2669.11 time, 2670.02 real, 6148 MB
[runlim] sample:		2679.10 time, 2680.02 real, 6172 MB
[runlim] sample:		2689.10 time, 2690.02 real, 6200 MB
[runlim] sample:		2699.11 time, 2700.02 real, 6222 MB
[runlim] end:			Sat Feb 29 08:05:18 2020
[runlim] status:		out of time
[runlim] result:		2
[runlim] children:		1
[runlim] real:			2700.38 seconds
[runlim] time:			2699.11 seconds
[runlim] space:			6222 MB
[runlim] samples:		27000
