[runlim] version:		1.18
[runlim] host:			c3n02
[runlim] time limit:		2700 seconds
[runlim] real time limit:	2700 seconds
[runlim] space limit:		7000 MB
[runlim] argv[0]:		./binary
[runlim] argv[1]:		/data/cnf/ankit/E1-A1-instances/ttt_5x5-shape-1-GTTT-2-1-torus-0.qdimacs
[runlim] start:			Sat Feb 29 07:20:17 2020
[runlim] child:			21382
[runlim] sample:		9.98 time, 10.02 real, 58 MB
[runlim] sample:		19.99 time, 20.02 real, 79 MB
[runlim] sample:		29.99 time, 30.02 real, 99 MB
[runlim] sample:		39.98 time, 40.02 real, 120 MB
[runlim] sample:		49.98 time, 50.02 real, 139 MB
[runlim] sample:		59.98 time, 60.02 real, 162 MB
[runlim] sample:		69.98 time, 70.02 real, 182 MB
[runlim] sample:		79.99 time, 80.02 real, 202 MB
[runlim] sample:		89.99 time, 90.02 real, 225 MB
[runlim] sample:		99.98 time, 100.02 real, 244 MB
[runlim] sample:		109.99 time, 110.02 real, 264 MB
[runlim] sample:		119.98 time, 120.02 real, 283 MB
[runlim] sample:		129.98 time, 130.02 real, 303 MB
[runlim] sample:		139.98 time, 140.02 real, 322 MB
[runlim] sample:		149.98 time, 150.02 real, 341 MB
[runlim] sample:		159.99 time, 160.02 real, 360 MB
[runlim] sample:		169.99 time, 170.02 real, 379 MB
[runlim] sample:		179.99 time, 180.02 real, 397 MB
[runlim] sample:		189.98 time, 190.02 real, 414 MB
[runlim] sample:		199.98 time, 200.02 real, 425 MB
[runlim] sample:		209.98 time, 210.02 real, 436 MB
[runlim] sample:		219.98 time, 220.02 real, 447 MB
[runlim] sample:		229.98 time, 230.02 real, 465 MB
[runlim] sample:		239.98 time, 240.02 real, 485 MB
[runlim] sample:		249.98 time, 250.02 real, 503 MB
[runlim] sample:		259.99 time, 260.02 real, 521 MB
[runlim] sample:		269.98 time, 270.02 real, 540 MB
[runlim] sample:		279.98 time, 280.02 real, 558 MB
[runlim] sample:		289.98 time, 290.02 real, 577 MB
[runlim] sample:		299.98 time, 300.02 real, 596 MB
[runlim] sample:		309.98 time, 310.02 real, 614 MB
[runlim] sample:		319.98 time, 320.02 real, 632 MB
[runlim] sample:		329.98 time, 330.02 real, 650 MB
[runlim] sample:		339.98 time, 340.02 real, 668 MB
[runlim] sample:		349.98 time, 350.02 real, 686 MB
[runlim] sample:		359.98 time, 360.02 real, 674 MB
[runlim] sample:		369.98 time, 370.02 real, 693 MB
[runlim] sample:		379.98 time, 380.02 real, 711 MB
[runlim] sample:		389.98 time, 390.02 real, 730 MB
[runlim] sample:		399.98 time, 400.02 real, 749 MB
[runlim] sample:		409.98 time, 410.02 real, 766 MB
[runlim] sample:		419.98 time, 420.02 real, 785 MB
[runlim] sample:		429.98 time, 430.02 real, 804 MB
[runlim] sample:		439.98 time, 440.02 real, 819 MB
[runlim] sample:		449.98 time, 450.02 real, 835 MB
[runlim] sample:		459.98 time, 460.02 real, 854 MB
[runlim] sample:		469.98 time, 470.02 real, 872 MB
[runlim] sample:		479.98 time, 480.02 real, 890 MB
[runlim] sample:		489.98 time, 490.02 real, 907 MB
[runlim] sample:		499.98 time, 500.02 real, 920 MB
[runlim] sample:		509.98 time, 510.02 real, 939 MB
[runlim] sample:		519.98 time, 520.02 real, 958 MB
[runlim] sample:		529.98 time, 530.02 real, 976 MB
[runlim] sample:		539.97 time, 540.02 real, 991 MB
[runlim] sample:		549.98 time, 550.02 real, 1005 MB
[runlim] sample:		559.97 time, 560.02 real, 1018 MB
[runlim] sample:		569.98 time, 570.02 real, 1036 MB
[runlim] sample:		579.97 time, 580.02 real, 1055 MB
[runlim] sample:		589.98 time, 590.02 real, 1073 MB
[runlim] sample:		599.98 time, 600.02 real, 1092 MB
[runlim] sample:		609.97 time, 610.02 real, 1110 MB
[runlim] sample:		619.98 time, 620.02 real, 1129 MB
[runlim] sample:		629.97 time, 630.02 real, 1147 MB
[runlim] sample:		639.98 time, 640.02 real, 1165 MB
[runlim] sample:		649.98 time, 650.02 real, 1183 MB
[runlim] sample:		659.97 time, 660.02 real, 1201 MB
[runlim] sample:		669.97 time, 670.02 real, 1219 MB
[runlim] sample:		679.97 time, 680.02 real, 1237 MB
[runlim] sample:		689.98 time, 690.02 real, 1252 MB
[runlim] sample:		699.98 time, 700.02 real, 1269 MB
[runlim] sample:		709.97 time, 710.02 real, 1288 MB
[runlim] sample:		719.98 time, 720.02 real, 1251 MB
[runlim] sample:		729.98 time, 730.02 real, 1264 MB
[runlim] sample:		739.97 time, 740.02 real, 1276 MB
[runlim] sample:		749.97 time, 750.02 real, 1292 MB
[runlim] sample:		759.97 time, 760.02 real, 1310 MB
[runlim] sample:		769.97 time, 770.02 real, 1320 MB
[runlim] sample:		779.98 time, 780.02 real, 1333 MB
[runlim] sample:		789.97 time, 790.02 real, 1350 MB
[runlim] sample:		799.98 time, 800.02 real, 1368 MB
[runlim] sample:		809.97 time, 810.02 real, 1385 MB
[runlim] sample:		819.97 time, 820.02 real, 1403 MB
[runlim] sample:		829.97 time, 830.02 real, 1420 MB
[runlim] sample:		839.98 time, 840.02 real, 1437 MB
[runlim] sample:		849.97 time, 850.02 real, 1455 MB
[runlim] sample:		859.97 time, 860.02 real, 1472 MB
[runlim] sample:		869.97 time, 870.02 real, 1490 MB
[runlim] sample:		879.97 time, 880.02 real, 1504 MB
[runlim] sample:		889.97 time, 890.02 real, 1522 MB
[runlim] sample:		899.97 time, 900.02 real, 1537 MB
[runlim] sample:		909.97 time, 910.02 real, 1554 MB
[runlim] sample:		919.97 time, 920.02 real, 1570 MB
[runlim] sample:		929.97 time, 930.02 real, 1586 MB
[runlim] sample:		939.97 time, 940.02 real, 1602 MB
[runlim] sample:		949.97 time, 950.02 real, 1619 MB
[runlim] sample:		959.96 time, 960.02 real, 1636 MB
[runlim] sample:		969.96 time, 970.02 real, 1653 MB
[runlim] sample:		979.97 time, 980.02 real, 1669 MB
[runlim] sample:		989.97 time, 990.02 real, 1679 MB
[runlim] sample:		999.97 time, 1000.02 real, 1691 MB
[runlim] sample:		1009.96 time, 1010.02 real, 1706 MB
[runlim] sample:		1019.96 time, 1020.02 real, 1717 MB
[runlim] sample:		1029.96 time, 1030.02 real, 1736 MB
[runlim] sample:		1039.96 time, 1040.02 real, 1754 MB
[runlim] sample:		1049.96 time, 1050.02 real, 1773 MB
[runlim] sample:		1059.97 time, 1060.02 real, 1790 MB
[runlim] sample:		1069.97 time, 1070.02 real, 1808 MB
[runlim] sample:		1079.96 time, 1080.02 real, 1826 MB
[runlim] sample:		1089.97 time, 1090.02 real, 1843 MB
[runlim] sample:		1099.96 time, 1100.02 real, 1860 MB
[runlim] sample:		1109.96 time, 1110.02 real, 1869 MB
[runlim] sample:		1119.97 time, 1120.02 real, 1885 MB
[runlim] sample:		1129.97 time, 1130.02 real, 1894 MB
[runlim] sample:		1139.96 time, 1140.02 real, 1906 MB
[runlim] sample:		1149.96 time, 1150.02 real, 1915 MB
[runlim] sample:		1159.96 time, 1160.02 real, 1923 MB
[runlim] sample:		1169.96 time, 1170.02 real, 1933 MB
[runlim] sample:		1179.96 time, 1180.02 real, 1949 MB
[runlim] sample:		1189.96 time, 1190.02 real, 1960 MB
[runlim] sample:		1199.97 time, 1200.02 real, 1970 MB
[runlim] sample:		1209.97 time, 1210.02 real, 1983 MB
[runlim] sample:		1219.97 time, 1220.02 real, 1995 MB
[runlim] sample:		1229.96 time, 1230.02 real, 2006 MB
[runlim] sample:		1239.96 time, 1240.02 real, 2014 MB
[runlim] sample:		1249.96 time, 1250.02 real, 2023 MB
[runlim] sample:		1259.96 time, 1260.02 real, 2037 MB
[runlim] sample:		1269.96 time, 1270.02 real, 2046 MB
[runlim] sample:		1279.96 time, 1280.02 real, 2059 MB
[runlim] sample:		1289.97 time, 1290.02 real, 2074 MB
[runlim] sample:		1299.96 time, 1300.02 real, 2091 MB
[runlim] sample:		1309.97 time, 1310.02 real, 2101 MB
[runlim] sample:		1319.96 time, 1320.02 real, 2110 MB
[runlim] sample:		1329.97 time, 1330.02 real, 2120 MB
[runlim] sample:		1339.97 time, 1340.02 real, 2130 MB
[runlim] sample:		1349.97 time, 1350.02 real, 2147 MB
[runlim] sample:		1359.97 time, 1360.02 real, 2165 MB
[runlim] sample:		1369.97 time, 1370.02 real, 2105 MB
[runlim] sample:		1379.96 time, 1380.02 real, 2116 MB
[runlim] sample:		1389.97 time, 1390.02 real, 2125 MB
[runlim] sample:		1399.96 time, 1400.02 real, 2136 MB
[runlim] sample:		1409.96 time, 1410.02 real, 2146 MB
[runlim] sample:		1419.96 time, 1420.02 real, 2156 MB
[runlim] sample:		1429.96 time, 1430.02 real, 2169 MB
[runlim] sample:		1439.96 time, 1440.02 real, 2180 MB
[runlim] sample:		1449.96 time, 1450.02 real, 2190 MB
[runlim] sample:		1459.96 time, 1460.02 real, 2201 MB
[runlim] sample:		1469.96 time, 1470.02 real, 2213 MB
[runlim] sample:		1479.96 time, 1480.02 real, 2225 MB
[runlim] sample:		1489.96 time, 1490.02 real, 2241 MB
[runlim] sample:		1499.96 time, 1500.02 real, 2257 MB
[runlim] sample:		1509.96 time, 1510.02 real, 2274 MB
[runlim] sample:		1519.95 time, 1520.02 real, 2290 MB
[runlim] sample:		1529.96 time, 1530.02 real, 2302 MB
[runlim] sample:		1539.95 time, 1540.02 real, 2313 MB
[runlim] sample:		1549.96 time, 1550.02 real, 2324 MB
[runlim] sample:		1559.96 time, 1560.02 real, 2332 MB
[runlim] sample:		1569.96 time, 1570.02 real, 2341 MB
[runlim] sample:		1579.96 time, 1580.02 real, 2357 MB
[runlim] sample:		1589.96 time, 1590.02 real, 2369 MB
[runlim] sample:		1599.96 time, 1600.02 real, 2380 MB
[runlim] sample:		1609.96 time, 1610.02 real, 2389 MB
[runlim] sample:		1619.95 time, 1620.02 real, 2401 MB
[runlim] sample:		1629.96 time, 1630.02 real, 2411 MB
[runlim] sample:		1639.96 time, 1640.02 real, 2425 MB
[runlim] sample:		1649.96 time, 1650.02 real, 2443 MB
[runlim] sample:		1659.95 time, 1660.02 real, 2454 MB
[runlim] sample:		1669.96 time, 1670.02 real, 2466 MB
[runlim] sample:		1679.96 time, 1680.02 real, 2478 MB
[runlim] sample:		1689.95 time, 1690.02 real, 2488 MB
[runlim] sample:		1699.95 time, 1700.02 real, 2502 MB
[runlim] sample:		1709.95 time, 1710.02 real, 2517 MB
[runlim] sample:		1719.95 time, 1720.02 real, 2530 MB
[runlim] sample:		1729.96 time, 1730.02 real, 2542 MB
[runlim] sample:		1739.95 time, 1740.02 real, 2553 MB
[runlim] sample:		1749.96 time, 1750.02 real, 2564 MB
[runlim] sample:		1759.95 time, 1760.02 real, 2575 MB
[runlim] sample:		1769.95 time, 1770.02 real, 2586 MB
[runlim] sample:		1779.96 time, 1780.02 real, 2602 MB
[runlim] sample:		1789.95 time, 1790.02 real, 2614 MB
[runlim] sample:		1799.95 time, 1800.02 real, 2625 MB
[runlim] sample:		1809.95 time, 1810.02 real, 2636 MB
[runlim] sample:		1819.95 time, 1820.02 real, 2652 MB
[runlim] sample:		1829.95 time, 1830.02 real, 2667 MB
[runlim] sample:		1839.96 time, 1840.02 real, 2677 MB
[runlim] sample:		1849.96 time, 1850.02 real, 2689 MB
[runlim] sample:		1859.95 time, 1860.02 real, 2700 MB
[runlim] sample:		1869.96 time, 1870.02 real, 2713 MB
[runlim] sample:		1879.95 time, 1880.02 real, 2724 MB
[runlim] sample:		1889.95 time, 1890.02 real, 2736 MB
[runlim] sample:		1899.95 time, 1900.02 real, 2747 MB
[runlim] sample:		1909.95 time, 1910.02 real, 2758 MB
[runlim] sample:		1919.95 time, 1920.02 real, 2770 MB
[runlim] sample:		1929.95 time, 1930.02 real, 2784 MB
[runlim] sample:		1939.95 time, 1940.02 real, 2793 MB
[runlim] sample:		1949.95 time, 1950.02 real, 2804 MB
[runlim] sample:		1959.95 time, 1960.02 real, 2815 MB
[runlim] sample:		1969.95 time, 1970.02 real, 2830 MB
[runlim] sample:		1979.95 time, 1980.02 real, 2843 MB
[runlim] sample:		1989.95 time, 1990.02 real, 2854 MB
[runlim] sample:		1999.95 time, 2000.02 real, 2869 MB
[runlim] sample:		2009.95 time, 2010.02 real, 2882 MB
[runlim] sample:		2019.95 time, 2020.02 real, 2897 MB
[runlim] sample:		2029.95 time, 2030.02 real, 2912 MB
[runlim] sample:		2039.95 time, 2040.02 real, 2922 MB
[runlim] sample:		2049.95 time, 2050.02 real, 2933 MB
[runlim] sample:		2059.95 time, 2060.02 real, 2946 MB
[runlim] sample:		2069.95 time, 2070.02 real, 2959 MB
[runlim] sample:		2079.95 time, 2080.02 real, 2971 MB
[runlim] sample:		2089.95 time, 2090.02 real, 2982 MB
[runlim] sample:		2099.95 time, 2100.02 real, 2994 MB
[runlim] sample:		2109.94 time, 2110.02 real, 3004 MB
[runlim] sample:		2119.94 time, 2120.02 real, 3014 MB
[runlim] sample:		2129.95 time, 2130.02 real, 3024 MB
[runlim] sample:		2139.94 time, 2140.02 real, 3036 MB
[runlim] sample:		2149.94 time, 2150.02 real, 3048 MB
[runlim] sample:		2159.95 time, 2160.02 real, 3060 MB
[runlim] sample:		2169.95 time, 2170.02 real, 3072 MB
[runlim] sample:		2179.95 time, 2180.02 real, 3081 MB
[runlim] sample:		2189.94 time, 2190.02 real, 3089 MB
[runlim] sample:		2199.94 time, 2200.02 real, 3097 MB
[runlim] sample:		2209.94 time, 2210.02 real, 3105 MB
[runlim] sample:		2219.94 time, 2220.02 real, 3114 MB
[runlim] sample:		2229.95 time, 2230.02 real, 3126 MB
[runlim] sample:		2239.94 time, 2240.02 real, 3136 MB
[runlim] sample:		2249.94 time, 2250.02 real, 3146 MB
[runlim] sample:		2259.94 time, 2260.02 real, 3156 MB
[runlim] sample:		2269.94 time, 2270.02 real, 3167 MB
[runlim] sample:		2279.94 time, 2280.02 real, 3175 MB
[runlim] sample:		2289.95 time, 2290.02 real, 3097 MB
[runlim] sample:		2299.94 time, 2300.02 real, 3108 MB
[runlim] sample:		2309.95 time, 2310.02 real, 3118 MB
[runlim] sample:		2319.94 time, 2320.02 real, 3127 MB
[runlim] sample:		2329.94 time, 2330.02 real, 3135 MB
[runlim] sample:		2339.94 time, 2340.02 real, 3144 MB
[runlim] sample:		2349.94 time, 2350.02 real, 3155 MB
[runlim] sample:		2359.94 time, 2360.02 real, 3165 MB
[runlim] sample:		2369.94 time, 2370.02 real, 3176 MB
[runlim] sample:		2379.95 time, 2380.02 real, 3186 MB
[runlim] sample:		2389.94 time, 2390.02 real, 3194 MB
[runlim] sample:		2399.94 time, 2400.02 real, 3202 MB
[runlim] sample:		2409.94 time, 2410.02 real, 3213 MB
[runlim] sample:		2419.94 time, 2420.02 real, 3222 MB
[runlim] sample:		2429.94 time, 2430.02 real, 3230 MB
[runlim] sample:		2439.94 time, 2440.02 real, 3239 MB
[runlim] sample:		2449.94 time, 2450.02 real, 3248 MB
[runlim] sample:		2459.94 time, 2460.02 real, 3257 MB
[runlim] sample:		2469.94 time, 2470.02 real, 3265 MB
[runlim] sample:		2479.94 time, 2480.02 real, 3274 MB
[runlim] sample:		2489.94 time, 2490.02 real, 3282 MB
[runlim] sample:		2499.94 time, 2500.02 real, 3291 MB
[runlim] sample:		2509.93 time, 2510.02 real, 3299 MB
[runlim] sample:		2519.94 time, 2520.02 real, 3308 MB
[runlim] sample:		2529.94 time, 2530.02 real, 3316 MB
[runlim] sample:		2539.94 time, 2540.02 real, 3323 MB
[runlim] sample:		2549.94 time, 2550.02 real, 3331 MB
[runlim] sample:		2559.94 time, 2560.02 real, 3339 MB
[runlim] sample:		2569.94 time, 2570.02 real, 3347 MB
[runlim] sample:		2579.94 time, 2580.02 real, 3356 MB
[runlim] sample:		2589.93 time, 2590.02 real, 3367 MB
[runlim] sample:		2599.93 time, 2600.02 real, 3376 MB
[runlim] sample:		2609.94 time, 2610.02 real, 3385 MB
[runlim] sample:		2619.94 time, 2620.02 real, 3394 MB
[runlim] sample:		2629.94 time, 2630.02 real, 3404 MB
[runlim] sample:		2639.94 time, 2640.02 real, 3413 MB
[runlim] sample:		2649.93 time, 2650.02 real, 3423 MB
[runlim] sample:		2659.93 time, 2660.02 real, 3431 MB
[runlim] sample:		2669.93 time, 2670.02 real, 3439 MB
[runlim] sample:		2679.94 time, 2680.02 real, 3447 MB
[runlim] sample:		2689.94 time, 2690.02 real, 3455 MB
[runlim] sample:		2699.93 time, 2700.02 real, 3464 MB
[runlim] end:			Sat Feb 29 08:05:18 2020
[runlim] status:		out of time
[runlim] result:		2
[runlim] children:		1
[runlim] real:			2700.31 seconds
[runlim] time:			2699.93 seconds
[runlim] space:			3464 MB
[runlim] samples:		27000
