[runlim] version:		1.18
[runlim] host:			c3n14
[runlim] time limit:		2700 seconds
[runlim] real time limit:	2700 seconds
[runlim] space limit:		7000 MB
[runlim] argv[0]:		./binary
[runlim] argv[1]:		/data/cnf/ankit/E1-A1-instances/ttt_5x5-shape-0-GTTT-2-1-torus-1.qdimacs
[runlim] start:			Sat Feb 29 07:20:17 2020
[runlim] child:			19567
[runlim] sample:		10.00 time, 10.02 real, 59 MB
[runlim] sample:		20.00 time, 20.02 real, 82 MB
[runlim] sample:		30.00 time, 30.02 real, 104 MB
[runlim] sample:		40.00 time, 40.02 real, 126 MB
[runlim] sample:		49.99 time, 50.02 real, 148 MB
[runlim] sample:		60.00 time, 60.02 real, 172 MB
[runlim] sample:		69.99 time, 70.02 real, 195 MB
[runlim] sample:		79.99 time, 80.02 real, 216 MB
[runlim] sample:		90.00 time, 90.02 real, 237 MB
[runlim] sample:		99.99 time, 100.02 real, 259 MB
[runlim] sample:		110.00 time, 110.02 real, 279 MB
[runlim] sample:		119.99 time, 120.02 real, 299 MB
[runlim] sample:		129.99 time, 130.02 real, 318 MB
[runlim] sample:		139.99 time, 140.02 real, 348 MB
[runlim] sample:		149.99 time, 150.02 real, 370 MB
[runlim] sample:		159.99 time, 160.02 real, 394 MB
[runlim] sample:		169.98 time, 170.02 real, 418 MB
[runlim] sample:		179.99 time, 180.02 real, 442 MB
[runlim] sample:		189.98 time, 190.02 real, 467 MB
[runlim] sample:		199.99 time, 200.02 real, 490 MB
[runlim] sample:		209.98 time, 210.02 real, 514 MB
[runlim] sample:		219.98 time, 220.02 real, 538 MB
[runlim] sample:		229.98 time, 230.02 real, 562 MB
[runlim] sample:		239.97 time, 240.02 real, 586 MB
[runlim] sample:		249.98 time, 250.02 real, 610 MB
[runlim] sample:		259.98 time, 260.02 real, 634 MB
[runlim] sample:		269.97 time, 270.02 real, 657 MB
[runlim] sample:		279.98 time, 280.02 real, 681 MB
[runlim] sample:		289.98 time, 290.02 real, 704 MB
[runlim] sample:		299.98 time, 300.02 real, 728 MB
[runlim] sample:		309.97 time, 310.02 real, 752 MB
[runlim] sample:		319.98 time, 320.02 real, 775 MB
[runlim] sample:		329.97 time, 330.02 real, 798 MB
[runlim] sample:		339.98 time, 340.02 real, 822 MB
[runlim] sample:		349.98 time, 350.02 real, 844 MB
[runlim] sample:		359.98 time, 360.02 real, 867 MB
[runlim] sample:		369.97 time, 370.02 real, 890 MB
[runlim] sample:		379.97 time, 380.02 real, 912 MB
[runlim] sample:		389.98 time, 390.02 real, 934 MB
[runlim] sample:		399.97 time, 400.02 real, 956 MB
[runlim] sample:		409.97 time, 410.02 real, 978 MB
[runlim] sample:		419.97 time, 420.02 real, 1001 MB
[runlim] sample:		429.97 time, 430.02 real, 1024 MB
[runlim] sample:		439.98 time, 440.02 real, 974 MB
[runlim] sample:		449.97 time, 450.02 real, 998 MB
[runlim] sample:		459.97 time, 460.02 real, 1021 MB
[runlim] sample:		469.97 time, 470.02 real, 1045 MB
[runlim] sample:		479.96 time, 480.02 real, 1067 MB
[runlim] sample:		489.96 time, 490.02 real, 1090 MB
[runlim] sample:		499.97 time, 500.02 real, 1113 MB
[runlim] sample:		509.96 time, 510.02 real, 1135 MB
[runlim] sample:		519.96 time, 520.02 real, 1159 MB
[runlim] sample:		529.96 time, 530.02 real, 1181 MB
[runlim] sample:		539.96 time, 540.02 real, 1203 MB
[runlim] sample:		549.97 time, 550.02 real, 1226 MB
[runlim] sample:		559.95 time, 560.02 real, 1248 MB
[runlim] sample:		569.97 time, 570.02 real, 1269 MB
[runlim] sample:		579.96 time, 580.02 real, 1290 MB
[runlim] sample:		589.96 time, 590.02 real, 1313 MB
[runlim] sample:		599.96 time, 600.02 real, 1336 MB
[runlim] sample:		609.96 time, 610.02 real, 1359 MB
[runlim] sample:		619.95 time, 620.02 real, 1381 MB
[runlim] sample:		629.96 time, 630.02 real, 1403 MB
[runlim] sample:		639.95 time, 640.02 real, 1426 MB
[runlim] sample:		649.96 time, 650.02 real, 1375 MB
[runlim] sample:		659.95 time, 660.02 real, 1397 MB
[runlim] sample:		669.95 time, 670.02 real, 1421 MB
[runlim] sample:		679.96 time, 680.02 real, 1443 MB
[runlim] sample:		689.95 time, 690.02 real, 1465 MB
[runlim] sample:		699.96 time, 700.02 real, 1487 MB
[runlim] sample:		709.95 time, 710.02 real, 1509 MB
[runlim] sample:		719.95 time, 720.02 real, 1531 MB
[runlim] sample:		729.95 time, 730.02 real, 1553 MB
[runlim] sample:		739.96 time, 740.02 real, 1574 MB
[runlim] sample:		749.95 time, 750.02 real, 1596 MB
[runlim] sample:		759.95 time, 760.02 real, 1618 MB
[runlim] sample:		769.95 time, 770.02 real, 1640 MB
[runlim] sample:		779.95 time, 780.02 real, 1663 MB
[runlim] sample:		789.95 time, 790.02 real, 1686 MB
[runlim] sample:		799.95 time, 800.02 real, 1708 MB
[runlim] sample:		809.95 time, 810.02 real, 1730 MB
[runlim] sample:		819.95 time, 820.02 real, 1751 MB
[runlim] sample:		829.95 time, 830.02 real, 1774 MB
[runlim] sample:		839.95 time, 840.02 real, 1795 MB
[runlim] sample:		849.95 time, 850.02 real, 1818 MB
[runlim] sample:		859.95 time, 860.02 real, 1840 MB
[runlim] sample:		869.95 time, 870.02 real, 1862 MB
[runlim] sample:		879.95 time, 880.02 real, 1884 MB
[runlim] sample:		889.95 time, 890.02 real, 1906 MB
[runlim] sample:		899.94 time, 900.02 real, 1929 MB
[runlim] sample:		909.95 time, 910.02 real, 1952 MB
[runlim] sample:		919.95 time, 920.02 real, 1975 MB
[runlim] sample:		929.95 time, 930.02 real, 1997 MB
[runlim] sample:		939.94 time, 940.02 real, 2019 MB
[runlim] sample:		949.94 time, 950.02 real, 2041 MB
[runlim] sample:		959.95 time, 960.02 real, 2063 MB
[runlim] sample:		969.95 time, 970.02 real, 2085 MB
[runlim] sample:		979.94 time, 980.02 real, 1997 MB
[runlim] sample:		989.94 time, 990.02 real, 2019 MB
[runlim] sample:		999.94 time, 1000.02 real, 2041 MB
[runlim] sample:		1009.94 time, 1010.02 real, 2064 MB
[runlim] sample:		1019.94 time, 1020.02 real, 2086 MB
[runlim] sample:		1029.94 time, 1030.02 real, 2108 MB
[runlim] sample:		1039.94 time, 1040.02 real, 2130 MB
[runlim] sample:		1049.95 time, 1050.02 real, 2154 MB
[runlim] sample:		1059.94 time, 1060.02 real, 2176 MB
[runlim] sample:		1069.94 time, 1070.02 real, 2199 MB
[runlim] sample:		1079.94 time, 1080.02 real, 2221 MB
[runlim] sample:		1089.94 time, 1090.02 real, 2243 MB
[runlim] sample:		1099.94 time, 1100.02 real, 2266 MB
[runlim] sample:		1109.94 time, 1110.02 real, 2288 MB
[runlim] sample:		1119.94 time, 1120.02 real, 2309 MB
[runlim] sample:		1129.94 time, 1130.02 real, 2332 MB
[runlim] sample:		1139.93 time, 1140.02 real, 2354 MB
[runlim] sample:		1149.94 time, 1150.02 real, 2377 MB
[runlim] sample:		1159.94 time, 1160.02 real, 2399 MB
[runlim] sample:		1169.93 time, 1170.02 real, 2420 MB
[runlim] sample:		1179.94 time, 1180.02 real, 2443 MB
[runlim] sample:		1189.94 time, 1190.02 real, 2465 MB
[runlim] sample:		1199.94 time, 1200.02 real, 2487 MB
[runlim] sample:		1209.94 time, 1210.02 real, 2509 MB
[runlim] sample:		1219.93 time, 1220.02 real, 2532 MB
[runlim] sample:		1229.94 time, 1230.02 real, 2554 MB
[runlim] sample:		1239.93 time, 1240.02 real, 2576 MB
[runlim] sample:		1249.93 time, 1250.02 real, 2595 MB
[runlim] sample:		1259.94 time, 1260.02 real, 2614 MB
[runlim] sample:		1269.94 time, 1270.02 real, 2634 MB
[runlim] sample:		1279.94 time, 1280.02 real, 2653 MB
[runlim] sample:		1289.93 time, 1290.02 real, 2672 MB
[runlim] sample:		1299.94 time, 1300.02 real, 2691 MB
[runlim] sample:		1309.93 time, 1310.02 real, 2710 MB
[runlim] sample:		1319.94 time, 1320.02 real, 2731 MB
[runlim] sample:		1329.93 time, 1330.02 real, 2751 MB
[runlim] sample:		1339.94 time, 1340.02 real, 2772 MB
[runlim] sample:		1349.93 time, 1350.02 real, 2792 MB
[runlim] sample:		1359.93 time, 1360.02 real, 2811 MB
[runlim] sample:		1369.93 time, 1370.02 real, 2830 MB
[runlim] sample:		1379.93 time, 1380.02 real, 2848 MB
[runlim] sample:		1389.93 time, 1390.02 real, 2868 MB
[runlim] sample:		1399.93 time, 1400.02 real, 2887 MB
[runlim] sample:		1409.93 time, 1410.02 real, 2906 MB
[runlim] sample:		1419.93 time, 1420.02 real, 2780 MB
[runlim] sample:		1429.94 time, 1430.02 real, 2798 MB
[runlim] sample:		1439.94 time, 1440.02 real, 2817 MB
[runlim] sample:		1449.93 time, 1450.02 real, 2836 MB
[runlim] sample:		1459.93 time, 1460.02 real, 2856 MB
[runlim] sample:		1469.93 time, 1470.02 real, 2875 MB
[runlim] sample:		1479.93 time, 1480.02 real, 2894 MB
[runlim] sample:		1489.93 time, 1490.02 real, 2912 MB
[runlim] sample:		1499.92 time, 1500.02 real, 2929 MB
[runlim] sample:		1509.93 time, 1510.02 real, 2948 MB
[runlim] sample:		1519.93 time, 1520.02 real, 2967 MB
[runlim] sample:		1529.93 time, 1530.02 real, 2989 MB
[runlim] sample:		1539.92 time, 1540.02 real, 3011 MB
[runlim] sample:		1549.92 time, 1550.02 real, 3032 MB
[runlim] sample:		1559.92 time, 1560.02 real, 3054 MB
[runlim] sample:		1569.92 time, 1570.02 real, 3076 MB
[runlim] sample:		1579.92 time, 1580.02 real, 3098 MB
[runlim] sample:		1589.92 time, 1590.02 real, 3120 MB
[runlim] sample:		1599.92 time, 1600.02 real, 3140 MB
[runlim] sample:		1609.92 time, 1610.02 real, 3160 MB
[runlim] sample:		1619.92 time, 1620.02 real, 3181 MB
[runlim] sample:		1629.92 time, 1630.02 real, 3202 MB
[runlim] sample:		1639.92 time, 1640.02 real, 3224 MB
[runlim] sample:		1649.92 time, 1650.02 real, 3246 MB
[runlim] sample:		1659.91 time, 1660.02 real, 3268 MB
[runlim] sample:		1669.91 time, 1670.02 real, 3292 MB
[runlim] sample:		1679.92 time, 1680.02 real, 3315 MB
[runlim] sample:		1689.92 time, 1690.02 real, 3336 MB
[runlim] sample:		1699.92 time, 1700.02 real, 3359 MB
[runlim] sample:		1709.92 time, 1710.02 real, 3381 MB
[runlim] sample:		1719.92 time, 1720.02 real, 3403 MB
[runlim] sample:		1729.91 time, 1730.02 real, 3425 MB
[runlim] sample:		1739.91 time, 1740.02 real, 3446 MB
[runlim] sample:		1749.91 time, 1750.02 real, 3465 MB
[runlim] sample:		1759.92 time, 1760.02 real, 3487 MB
[runlim] sample:		1769.91 time, 1770.02 real, 3508 MB
[runlim] sample:		1779.91 time, 1780.02 real, 3528 MB
[runlim] sample:		1789.91 time, 1790.02 real, 3549 MB
[runlim] sample:		1799.91 time, 1800.02 real, 3569 MB
[runlim] sample:		1809.91 time, 1810.02 real, 3590 MB
[runlim] sample:		1819.91 time, 1820.02 real, 3613 MB
[runlim] sample:		1829.91 time, 1830.02 real, 3635 MB
[runlim] sample:		1839.91 time, 1840.02 real, 3657 MB
[runlim] sample:		1849.91 time, 1850.02 real, 3678 MB
[runlim] sample:		1859.91 time, 1860.02 real, 3700 MB
[runlim] sample:		1869.92 time, 1870.02 real, 3721 MB
[runlim] sample:		1879.91 time, 1880.02 real, 3742 MB
[runlim] sample:		1889.91 time, 1890.02 real, 3763 MB
[runlim] sample:		1899.91 time, 1900.02 real, 3784 MB
[runlim] sample:		1909.91 time, 1910.02 real, 3805 MB
[runlim] sample:		1919.91 time, 1920.02 real, 3826 MB
[runlim] sample:		1929.91 time, 1930.02 real, 3848 MB
[runlim] sample:		1939.90 time, 1940.02 real, 3870 MB
[runlim] sample:		1949.91 time, 1950.02 real, 3891 MB
[runlim] sample:		1959.91 time, 1960.02 real, 3913 MB
[runlim] sample:		1969.90 time, 1970.02 real, 3934 MB
[runlim] sample:		1979.90 time, 1980.02 real, 3956 MB
[runlim] sample:		1989.91 time, 1990.02 real, 3976 MB
[runlim] sample:		1999.91 time, 2000.02 real, 3999 MB
[runlim] sample:		2009.91 time, 2010.02 real, 4020 MB
[runlim] sample:		2019.90 time, 2020.02 real, 4041 MB
[runlim] sample:		2029.91 time, 2030.02 real, 4062 MB
[runlim] sample:		2039.90 time, 2040.02 real, 4083 MB
[runlim] sample:		2049.90 time, 2050.02 real, 4104 MB
[runlim] sample:		2059.90 time, 2060.02 real, 4124 MB
[runlim] sample:		2069.90 time, 2070.02 real, 4146 MB
[runlim] sample:		2079.90 time, 2080.02 real, 4167 MB
[runlim] sample:		2089.90 time, 2090.02 real, 4188 MB
[runlim] sample:		2099.90 time, 2100.02 real, 3989 MB
[runlim] sample:		2109.90 time, 2110.02 real, 4007 MB
[runlim] sample:		2119.90 time, 2120.02 real, 4026 MB
[runlim] sample:		2129.90 time, 2130.02 real, 4048 MB
[runlim] sample:		2139.90 time, 2140.02 real, 4070 MB
[runlim] sample:		2149.91 time, 2150.02 real, 4091 MB
[runlim] sample:		2159.90 time, 2160.02 real, 4112 MB
[runlim] sample:		2169.90 time, 2170.02 real, 4135 MB
[runlim] sample:		2179.90 time, 2180.02 real, 4157 MB
[runlim] sample:		2189.90 time, 2190.02 real, 4179 MB
[runlim] sample:		2199.90 time, 2200.02 real, 4202 MB
[runlim] sample:		2209.91 time, 2210.02 real, 4223 MB
[runlim] sample:		2219.90 time, 2220.02 real, 4246 MB
[runlim] sample:		2229.90 time, 2230.02 real, 4269 MB
[runlim] sample:		2239.90 time, 2240.02 real, 4292 MB
[runlim] sample:		2249.90 time, 2250.02 real, 4315 MB
[runlim] sample:		2259.90 time, 2260.01 real, 4338 MB
[runlim] sample:		2269.90 time, 2270.01 real, 4364 MB
[runlim] sample:		2279.91 time, 2280.01 real, 4389 MB
[runlim] sample:		2289.89 time, 2290.01 real, 4413 MB
[runlim] sample:		2299.90 time, 2300.01 real, 4437 MB
[runlim] sample:		2309.90 time, 2310.02 real, 4461 MB
[runlim] sample:		2319.90 time, 2320.02 real, 4486 MB
[runlim] sample:		2329.90 time, 2330.01 real, 4509 MB
[runlim] sample:		2339.90 time, 2340.01 real, 4533 MB
[runlim] sample:		2349.90 time, 2350.01 real, 4556 MB
[runlim] sample:		2359.91 time, 2360.01 real, 4580 MB
[runlim] sample:		2369.89 time, 2370.01 real, 4604 MB
[runlim] sample:		2379.90 time, 2380.01 real, 4628 MB
[runlim] sample:		2389.90 time, 2390.02 real, 4652 MB
[runlim] sample:		2399.89 time, 2400.01 real, 4675 MB
[runlim] sample:		2409.90 time, 2410.01 real, 4701 MB
[runlim] sample:		2419.90 time, 2420.01 real, 4726 MB
[runlim] sample:		2429.89 time, 2430.01 real, 4753 MB
[runlim] sample:		2439.90 time, 2440.01 real, 4775 MB
[runlim] sample:		2449.90 time, 2450.01 real, 4798 MB
[runlim] sample:		2459.90 time, 2460.01 real, 4821 MB
[runlim] sample:		2469.89 time, 2470.01 real, 4847 MB
[runlim] sample:		2479.90 time, 2480.01 real, 4871 MB
[runlim] sample:		2489.90 time, 2490.01 real, 4893 MB
[runlim] sample:		2499.90 time, 2500.02 real, 4914 MB
[runlim] sample:		2509.89 time, 2510.01 real, 4937 MB
[runlim] sample:		2519.90 time, 2520.02 real, 4961 MB
[runlim] sample:		2529.90 time, 2530.01 real, 4985 MB
[runlim] sample:		2539.90 time, 2540.01 real, 5008 MB
[runlim] sample:		2549.89 time, 2550.01 real, 5030 MB
[runlim] sample:		2559.90 time, 2560.01 real, 5052 MB
[runlim] sample:		2569.90 time, 2570.02 real, 5072 MB
[runlim] sample:		2579.90 time, 2580.01 real, 5092 MB
[runlim] sample:		2589.90 time, 2590.01 real, 5114 MB
[runlim] sample:		2599.90 time, 2600.01 real, 5136 MB
[runlim] sample:		2609.90 time, 2610.01 real, 5160 MB
[runlim] sample:		2619.90 time, 2620.01 real, 5185 MB
[runlim] sample:		2629.90 time, 2630.02 real, 5208 MB
[runlim] sample:		2639.90 time, 2640.01 real, 5233 MB
[runlim] sample:		2649.90 time, 2650.01 real, 5255 MB
[runlim] sample:		2659.90 time, 2660.02 real, 5280 MB
[runlim] sample:		2669.90 time, 2670.01 real, 5303 MB
[runlim] sample:		2679.90 time, 2680.02 real, 5325 MB
[runlim] sample:		2689.90 time, 2690.01 real, 5348 MB
[runlim] sample:		2699.90 time, 2700.02 real, 5371 MB
[runlim] end:			Sat Feb 29 08:05:18 2020
[runlim] status:		out of time
[runlim] result:		2
[runlim] children:		1
[runlim] real:			2700.39 seconds
[runlim] time:			2699.90 seconds
[runlim] space:			5371 MB
[runlim] samples:		27000
