[runlim] version:		1.18
[runlim] host:			c3n27
[runlim] time limit:		2700 seconds
[runlim] real time limit:	2700 seconds
[runlim] space limit:		7000 MB
[runlim] argv[0]:		./binary
[runlim] argv[1]:		/data/cnf/ankit/E1-A1-instances/W4-Umbrella_tbm_21.tex.moduleQ3.6S.000001.qdimacs
[runlim] start:			Sat Feb 29 07:20:17 2020
[runlim] child:			13466
[runlim] sample:		10.00 time, 10.02 real, 39 MB
[runlim] sample:		20.00 time, 20.02 real, 47 MB
[runlim] sample:		30.00 time, 30.02 real, 55 MB
[runlim] sample:		40.00 time, 40.02 real, 63 MB
[runlim] sample:		50.00 time, 50.02 real, 70 MB
[runlim] end:			Sat Feb 29 07:21:17 2020
[runlim] status:		ok
[runlim] result:		0
[runlim] children:		1
[runlim] real:			59.59 seconds
[runlim] time:			59.50 seconds
[runlim] space:			77 MB
[runlim] samples:		595
