[runlim] version:		1.18
[runlim] host:			c3n02
[runlim] time limit:		2700 seconds
[runlim] real time limit:	2700 seconds
[runlim] space limit:		7000 MB
[runlim] argv[0]:		./binary
[runlim] argv[1]:		/data/cnf/ankit/Set1/4qbf-5cnf-50var-300cl.1.qdimacs
[runlim] start:			Thu Feb 27 10:02:18 2020
[runlim] child:			9064
[runlim] sample:		10.00 time, 10.01 real, 7 MB
[runlim] sample:		20.00 time, 20.01 real, 9 MB
[runlim] sample:		30.00 time, 30.01 real, 10 MB
[runlim] sample:		40.00 time, 40.01 real, 11 MB
[runlim] sample:		50.00 time, 50.01 real, 12 MB
[runlim] sample:		60.00 time, 60.01 real, 13 MB
[runlim] sample:		70.00 time, 70.01 real, 14 MB
[runlim] sample:		80.01 time, 80.01 real, 15 MB
[runlim] sample:		90.00 time, 90.01 real, 16 MB
[runlim] sample:		100.00 time, 100.02 real, 17 MB
[runlim] sample:		110.00 time, 110.02 real, 18 MB
[runlim] sample:		120.00 time, 120.02 real, 18 MB
[runlim] sample:		130.00 time, 130.02 real, 19 MB
[runlim] sample:		140.00 time, 140.02 real, 20 MB
[runlim] sample:		150.00 time, 150.02 real, 23 MB
[runlim] sample:		160.01 time, 160.02 real, 23 MB
[runlim] sample:		170.01 time, 170.02 real, 23 MB
[runlim] sample:		180.00 time, 180.02 real, 23 MB
[runlim] sample:		190.00 time, 190.02 real, 23 MB
[runlim] sample:		200.00 time, 200.02 real, 23 MB
[runlim] sample:		210.00 time, 210.02 real, 24 MB
[runlim] sample:		220.00 time, 220.02 real, 24 MB
[runlim] sample:		230.00 time, 230.02 real, 25 MB
[runlim] sample:		240.00 time, 240.02 real, 25 MB
[runlim] sample:		250.00 time, 250.02 real, 26 MB
[runlim] sample:		260.00 time, 260.02 real, 26 MB
[runlim] sample:		270.00 time, 270.02 real, 26 MB
[runlim] sample:		280.00 time, 280.02 real, 27 MB
[runlim] sample:		290.01 time, 290.02 real, 27 MB
[runlim] sample:		300.00 time, 300.02 real, 28 MB
[runlim] sample:		310.00 time, 310.02 real, 28 MB
[runlim] sample:		320.00 time, 320.02 real, 28 MB
[runlim] sample:		330.00 time, 330.02 real, 28 MB
[runlim] sample:		340.00 time, 340.02 real, 29 MB
[runlim] sample:		350.01 time, 350.02 real, 29 MB
[runlim] sample:		360.00 time, 360.02 real, 29 MB
[runlim] sample:		370.00 time, 370.02 real, 30 MB
[runlim] sample:		380.00 time, 380.02 real, 30 MB
[runlim] sample:		390.00 time, 390.02 real, 30 MB
[runlim] sample:		400.00 time, 400.01 real, 31 MB
[runlim] sample:		410.00 time, 410.02 real, 31 MB
[runlim] sample:		420.00 time, 420.01 real, 31 MB
[runlim] sample:		430.00 time, 430.02 real, 32 MB
[runlim] sample:		440.00 time, 440.01 real, 32 MB
[runlim] sample:		450.00 time, 450.01 real, 32 MB
[runlim] sample:		460.00 time, 460.02 real, 33 MB
[runlim] sample:		470.00 time, 470.01 real, 33 MB
[runlim] sample:		479.99 time, 480.01 real, 33 MB
[runlim] sample:		489.99 time, 490.01 real, 33 MB
[runlim] sample:		499.99 time, 500.01 real, 33 MB
[runlim] sample:		510.00 time, 510.01 real, 33 MB
[runlim] sample:		519.99 time, 520.01 real, 34 MB
[runlim] sample:		530.00 time, 530.01 real, 34 MB
[runlim] sample:		540.00 time, 540.01 real, 34 MB
[runlim] sample:		550.00 time, 550.01 real, 34 MB
[runlim] sample:		559.99 time, 560.01 real, 35 MB
[runlim] sample:		569.99 time, 570.01 real, 35 MB
[runlim] sample:		579.99 time, 580.01 real, 35 MB
[runlim] sample:		590.00 time, 590.01 real, 36 MB
[runlim] sample:		600.00 time, 600.01 real, 36 MB
[runlim] sample:		610.00 time, 610.01 real, 37 MB
[runlim] sample:		619.99 time, 620.01 real, 37 MB
[runlim] sample:		630.00 time, 630.01 real, 38 MB
[runlim] sample:		639.99 time, 640.01 real, 38 MB
[runlim] sample:		649.99 time, 650.01 real, 38 MB
[runlim] sample:		659.99 time, 660.01 real, 38 MB
[runlim] sample:		670.00 time, 670.01 real, 38 MB
[runlim] sample:		680.00 time, 680.01 real, 38 MB
[runlim] sample:		690.00 time, 690.01 real, 38 MB
[runlim] sample:		700.00 time, 700.01 real, 39 MB
[runlim] sample:		709.99 time, 710.01 real, 39 MB
[runlim] sample:		719.99 time, 720.01 real, 40 MB
[runlim] sample:		730.00 time, 730.01 real, 40 MB
[runlim] sample:		740.00 time, 740.01 real, 40 MB
[runlim] sample:		749.99 time, 750.01 real, 41 MB
[runlim] sample:		759.99 time, 760.01 real, 41 MB
[runlim] sample:		770.00 time, 770.01 real, 41 MB
[runlim] sample:		779.99 time, 780.01 real, 41 MB
[runlim] sample:		789.99 time, 790.01 real, 41 MB
[runlim] sample:		799.99 time, 800.01 real, 41 MB
[runlim] sample:		810.00 time, 810.01 real, 41 MB
[runlim] sample:		820.00 time, 820.01 real, 41 MB
[runlim] sample:		829.99 time, 830.01 real, 41 MB
[runlim] sample:		840.00 time, 840.01 real, 41 MB
[runlim] sample:		850.00 time, 850.01 real, 41 MB
[runlim] sample:		860.00 time, 860.01 real, 42 MB
[runlim] sample:		870.00 time, 870.01 real, 42 MB
[runlim] sample:		880.00 time, 880.01 real, 42 MB
[runlim] sample:		890.00 time, 890.01 real, 42 MB
[runlim] sample:		900.00 time, 900.01 real, 43 MB
[runlim] sample:		909.99 time, 910.01 real, 43 MB
[runlim] sample:		919.99 time, 920.01 real, 43 MB
[runlim] sample:		929.99 time, 930.01 real, 43 MB
[runlim] sample:		940.00 time, 940.01 real, 43 MB
[runlim] sample:		949.99 time, 950.01 real, 45 MB
[runlim] sample:		960.00 time, 960.01 real, 46 MB
[runlim] sample:		970.00 time, 970.01 real, 46 MB
[runlim] sample:		979.99 time, 980.01 real, 46 MB
[runlim] sample:		989.99 time, 990.01 real, 46 MB
[runlim] sample:		999.99 time, 1000.01 real, 46 MB
[runlim] sample:		1009.99 time, 1010.01 real, 46 MB
[runlim] sample:		1019.99 time, 1020.01 real, 46 MB
[runlim] sample:		1029.99 time, 1030.01 real, 46 MB
[runlim] sample:		1039.99 time, 1040.01 real, 46 MB
[runlim] sample:		1050.00 time, 1050.01 real, 47 MB
[runlim] sample:		1060.00 time, 1060.01 real, 47 MB
[runlim] sample:		1069.99 time, 1070.01 real, 47 MB
[runlim] sample:		1079.99 time, 1080.01 real, 47 MB
[runlim] sample:		1089.99 time, 1090.01 real, 47 MB
[runlim] sample:		1100.00 time, 1100.01 real, 47 MB
[runlim] sample:		1110.00 time, 1110.01 real, 48 MB
[runlim] sample:		1120.00 time, 1120.01 real, 48 MB
[runlim] sample:		1130.00 time, 1130.01 real, 49 MB
[runlim] sample:		1140.00 time, 1140.01 real, 50 MB
[runlim] sample:		1149.99 time, 1150.01 real, 50 MB
[runlim] sample:		1160.00 time, 1160.01 real, 50 MB
[runlim] sample:		1170.00 time, 1170.01 real, 50 MB
[runlim] sample:		1179.99 time, 1180.01 real, 50 MB
[runlim] sample:		1189.99 time, 1190.01 real, 50 MB
[runlim] sample:		1199.99 time, 1200.01 real, 50 MB
[runlim] sample:		1209.99 time, 1210.01 real, 51 MB
[runlim] sample:		1220.00 time, 1220.01 real, 51 MB
[runlim] sample:		1230.00 time, 1230.01 real, 51 MB
[runlim] sample:		1239.99 time, 1240.01 real, 52 MB
[runlim] sample:		1250.00 time, 1250.02 real, 52 MB
[runlim] sample:		1259.99 time, 1260.01 real, 52 MB
[runlim] sample:		1269.99 time, 1270.01 real, 52 MB
[runlim] sample:		1279.99 time, 1280.01 real, 52 MB
[runlim] sample:		1290.00 time, 1290.01 real, 52 MB
[runlim] sample:		1299.99 time, 1300.01 real, 52 MB
[runlim] sample:		1309.99 time, 1310.01 real, 53 MB
[runlim] sample:		1319.99 time, 1320.01 real, 53 MB
[runlim] sample:		1329.99 time, 1330.01 real, 53 MB
[runlim] sample:		1339.99 time, 1340.01 real, 53 MB
[runlim] sample:		1349.99 time, 1350.01 real, 54 MB
[runlim] sample:		1359.99 time, 1360.01 real, 54 MB
[runlim] sample:		1369.99 time, 1370.01 real, 54 MB
[runlim] sample:		1379.99 time, 1380.01 real, 54 MB
[runlim] sample:		1389.99 time, 1390.01 real, 54 MB
[runlim] sample:		1399.99 time, 1400.01 real, 54 MB
[runlim] sample:		1409.99 time, 1410.01 real, 54 MB
[runlim] sample:		1419.99 time, 1420.01 real, 54 MB
[runlim] sample:		1429.99 time, 1430.01 real, 54 MB
[runlim] sample:		1439.99 time, 1440.01 real, 54 MB
[runlim] sample:		1450.00 time, 1450.01 real, 54 MB
[runlim] sample:		1459.99 time, 1460.01 real, 54 MB
[runlim] sample:		1469.99 time, 1470.01 real, 54 MB
[runlim] sample:		1480.00 time, 1480.01 real, 54 MB
[runlim] sample:		1490.00 time, 1490.01 real, 54 MB
[runlim] sample:		1499.99 time, 1500.01 real, 55 MB
[runlim] sample:		1510.00 time, 1510.01 real, 55 MB
[runlim] sample:		1519.99 time, 1520.01 real, 55 MB
[runlim] sample:		1529.99 time, 1530.01 real, 56 MB
[runlim] sample:		1539.99 time, 1540.01 real, 56 MB
[runlim] sample:		1549.99 time, 1550.01 real, 56 MB
[runlim] sample:		1560.00 time, 1560.01 real, 56 MB
[runlim] sample:		1569.99 time, 1570.01 real, 56 MB
[runlim] sample:		1579.99 time, 1580.01 real, 56 MB
[runlim] sample:		1589.99 time, 1590.01 real, 56 MB
[runlim] sample:		1599.99 time, 1600.01 real, 57 MB
[runlim] sample:		1610.00 time, 1610.01 real, 57 MB
[runlim] sample:		1619.99 time, 1620.01 real, 57 MB
[runlim] sample:		1630.00 time, 1630.01 real, 57 MB
[runlim] sample:		1639.99 time, 1640.01 real, 57 MB
[runlim] sample:		1649.99 time, 1650.01 real, 57 MB
[runlim] sample:		1659.99 time, 1660.01 real, 57 MB
[runlim] sample:		1669.99 time, 1670.01 real, 57 MB
[runlim] sample:		1680.00 time, 1680.01 real, 57 MB
[runlim] sample:		1690.00 time, 1690.02 real, 57 MB
[runlim] sample:		1700.00 time, 1700.01 real, 57 MB
[runlim] sample:		1710.00 time, 1710.01 real, 57 MB
[runlim] sample:		1720.00 time, 1720.01 real, 58 MB
[runlim] sample:		1730.00 time, 1730.01 real, 58 MB
[runlim] sample:		1740.00 time, 1740.01 real, 58 MB
[runlim] sample:		1750.00 time, 1750.01 real, 58 MB
[runlim] sample:		1759.99 time, 1760.01 real, 58 MB
[runlim] sample:		1769.99 time, 1770.01 real, 58 MB
[runlim] sample:		1779.99 time, 1780.01 real, 58 MB
[runlim] sample:		1790.00 time, 1790.01 real, 58 MB
[runlim] sample:		1799.99 time, 1800.01 real, 58 MB
[runlim] sample:		1809.99 time, 1810.01 real, 58 MB
[runlim] sample:		1820.00 time, 1820.01 real, 58 MB
[runlim] sample:		1830.00 time, 1830.02 real, 58 MB
[runlim] sample:		1839.99 time, 1840.01 real, 58 MB
[runlim] sample:		1849.99 time, 1850.01 real, 58 MB
[runlim] sample:		1859.99 time, 1860.01 real, 58 MB
[runlim] sample:		1869.99 time, 1870.01 real, 58 MB
[runlim] sample:		1880.00 time, 1880.01 real, 58 MB
[runlim] sample:		1890.00 time, 1890.01 real, 58 MB
[runlim] sample:		1899.99 time, 1900.01 real, 59 MB
[runlim] sample:		1909.99 time, 1910.01 real, 59 MB
[runlim] sample:		1919.99 time, 1920.01 real, 59 MB
[runlim] sample:		1929.99 time, 1930.01 real, 59 MB
[runlim] sample:		1939.99 time, 1940.01 real, 60 MB
[runlim] sample:		1949.99 time, 1950.01 real, 60 MB
[runlim] sample:		1959.99 time, 1960.01 real, 60 MB
[runlim] sample:		1969.99 time, 1970.01 real, 60 MB
[runlim] sample:		1979.99 time, 1980.02 real, 60 MB
[runlim] sample:		1989.99 time, 1990.01 real, 60 MB
[runlim] sample:		2000.00 time, 2000.01 real, 60 MB
[runlim] sample:		2009.99 time, 2010.01 real, 60 MB
[runlim] sample:		2019.99 time, 2020.01 real, 61 MB
[runlim] sample:		2029.99 time, 2030.01 real, 61 MB
[runlim] sample:		2039.99 time, 2040.01 real, 61 MB
[runlim] sample:		2049.99 time, 2050.01 real, 61 MB
[runlim] sample:		2059.99 time, 2060.01 real, 61 MB
[runlim] sample:		2069.99 time, 2070.01 real, 61 MB
[runlim] sample:		2079.99 time, 2080.01 real, 61 MB
[runlim] sample:		2089.99 time, 2090.01 real, 61 MB
[runlim] sample:		2100.00 time, 2100.01 real, 61 MB
[runlim] sample:		2109.99 time, 2110.01 real, 61 MB
[runlim] sample:		2119.99 time, 2120.01 real, 62 MB
[runlim] sample:		2129.99 time, 2130.01 real, 62 MB
[runlim] sample:		2139.99 time, 2140.01 real, 62 MB
[runlim] sample:		2149.99 time, 2150.01 real, 62 MB
[runlim] sample:		2159.99 time, 2160.01 real, 62 MB
[runlim] sample:		2169.99 time, 2170.01 real, 62 MB
[runlim] sample:		2179.99 time, 2180.01 real, 62 MB
[runlim] sample:		2189.99 time, 2190.01 real, 63 MB
[runlim] sample:		2199.99 time, 2200.01 real, 63 MB
[runlim] sample:		2209.99 time, 2210.01 real, 63 MB
[runlim] sample:		2219.99 time, 2220.01 real, 63 MB
[runlim] sample:		2229.99 time, 2230.01 real, 63 MB
[runlim] sample:		2239.99 time, 2240.01 real, 63 MB
[runlim] sample:		2250.00 time, 2250.01 real, 63 MB
[runlim] sample:		2260.00 time, 2260.01 real, 63 MB
[runlim] sample:		2270.00 time, 2270.01 real, 63 MB
[runlim] sample:		2280.00 time, 2280.01 real, 63 MB
[runlim] sample:		2289.99 time, 2290.01 real, 63 MB
[runlim] sample:		2299.99 time, 2300.01 real, 63 MB
[runlim] sample:		2309.99 time, 2310.01 real, 64 MB
[runlim] sample:		2319.99 time, 2320.01 real, 64 MB
[runlim] sample:		2329.99 time, 2330.01 real, 65 MB
[runlim] sample:		2339.99 time, 2340.01 real, 65 MB
[runlim] sample:		2349.99 time, 2350.01 real, 65 MB
[runlim] sample:		2360.00 time, 2360.01 real, 65 MB
[runlim] sample:		2370.00 time, 2370.01 real, 65 MB
[runlim] sample:		2379.99 time, 2380.01 real, 65 MB
[runlim] sample:		2389.99 time, 2390.01 real, 66 MB
[runlim] sample:		2399.99 time, 2400.01 real, 66 MB
[runlim] sample:		2409.99 time, 2410.02 real, 66 MB
[runlim] sample:		2419.99 time, 2420.01 real, 66 MB
[runlim] sample:		2429.99 time, 2430.01 real, 66 MB
[runlim] sample:		2439.99 time, 2440.01 real, 67 MB
[runlim] sample:		2449.99 time, 2450.01 real, 67 MB
[runlim] sample:		2459.99 time, 2460.01 real, 68 MB
[runlim] sample:		2469.99 time, 2470.01 real, 68 MB
[runlim] sample:		2479.99 time, 2480.01 real, 69 MB
[runlim] sample:		2489.99 time, 2490.01 real, 69 MB
[runlim] sample:		2500.00 time, 2500.01 real, 69 MB
[runlim] sample:		2509.99 time, 2510.01 real, 69 MB
[runlim] sample:		2519.99 time, 2520.01 real, 70 MB
[runlim] sample:		2529.99 time, 2530.01 real, 70 MB
[runlim] sample:		2539.99 time, 2540.01 real, 72 MB
[runlim] sample:		2549.99 time, 2550.02 real, 72 MB
[runlim] sample:		2559.99 time, 2560.01 real, 72 MB
[runlim] sample:		2569.99 time, 2570.01 real, 72 MB
[runlim] sample:		2579.99 time, 2580.01 real, 72 MB
[runlim] sample:		2589.99 time, 2590.01 real, 73 MB
[runlim] sample:		2599.99 time, 2600.01 real, 73 MB
[runlim] sample:		2609.99 time, 2610.01 real, 73 MB
[runlim] sample:		2619.99 time, 2620.01 real, 73 MB
[runlim] sample:		2629.99 time, 2630.01 real, 73 MB
[runlim] sample:		2639.99 time, 2640.01 real, 73 MB
[runlim] sample:		2649.99 time, 2650.02 real, 73 MB
[runlim] sample:		2659.99 time, 2660.01 real, 73 MB
[runlim] sample:		2669.99 time, 2670.01 real, 73 MB
[runlim] sample:		2679.99 time, 2680.01 real, 73 MB
[runlim] sample:		2689.99 time, 2690.01 real, 73 MB
[runlim] sample:		2699.99 time, 2700.01 real, 73 MB


 SIG RECEIVED

[runlim] end:			Thu Feb 27 10:47:18 2020
[runlim] status:		out of time
[runlim] result:		2
[runlim] children:		1
[runlim] real:			2700.10 seconds
[runlim] time:			2699.99 seconds
[runlim] space:			73 MB
[runlim] samples:		27000
