[runlim] version:		1.18
[runlim] host:			c3n04
[runlim] time limit:		2700 seconds
[runlim] real time limit:	2700 seconds
[runlim] space limit:		7000 MB
[runlim] argv[0]:		./binary
[runlim] argv[1]:		/data/cnf/ankit/Set1/b21_C_3_206.qdimacs
[runlim] start:			Thu Feb 27 10:02:18 2020
[runlim] child:			10897
[runlim] sample:		10.00 time, 10.02 real, 252 MB
[runlim] sample:		20.00 time, 20.02 real, 262 MB
[runlim] sample:		30.00 time, 30.02 real, 274 MB
[runlim] sample:		40.00 time, 40.02 real, 286 MB
[runlim] sample:		50.00 time, 50.02 real, 298 MB
[runlim] sample:		60.00 time, 60.02 real, 304 MB
[runlim] sample:		70.00 time, 70.02 real, 310 MB
[runlim] sample:		80.00 time, 80.02 real, 321 MB
[runlim] sample:		90.00 time, 90.02 real, 328 MB
[runlim] sample:		100.00 time, 100.02 real, 334 MB
[runlim] sample:		110.00 time, 110.02 real, 346 MB
[runlim] sample:		120.00 time, 120.02 real, 352 MB
[runlim] sample:		130.00 time, 130.02 real, 357 MB
[runlim] sample:		140.00 time, 140.02 real, 363 MB
[runlim] sample:		150.00 time, 150.02 real, 369 MB
[runlim] sample:		160.00 time, 160.02 real, 375 MB
[runlim] sample:		170.00 time, 170.02 real, 381 MB
[runlim] sample:		180.00 time, 180.02 real, 387 MB
[runlim] sample:		190.00 time, 190.02 real, 393 MB
[runlim] sample:		200.00 time, 200.02 real, 399 MB
[runlim] sample:		210.00 time, 210.02 real, 405 MB
[runlim] sample:		220.00 time, 220.02 real, 411 MB
[runlim] sample:		230.00 time, 230.02 real, 417 MB
[runlim] sample:		240.00 time, 240.02 real, 418 MB
[runlim] sample:		250.00 time, 250.02 real, 423 MB
[runlim] sample:		260.00 time, 260.02 real, 429 MB
[runlim] sample:		270.00 time, 270.02 real, 435 MB
[runlim] sample:		280.00 time, 280.02 real, 441 MB
[runlim] sample:		290.00 time, 290.02 real, 447 MB
[runlim] sample:		300.00 time, 300.02 real, 447 MB
[runlim] sample:		310.00 time, 310.02 real, 453 MB
[runlim] sample:		320.00 time, 320.02 real, 459 MB
[runlim] sample:		330.00 time, 330.02 real, 465 MB
[runlim] sample:		340.00 time, 340.02 real, 465 MB
[runlim] sample:		350.00 time, 350.02 real, 471 MB
[runlim] sample:		360.00 time, 360.02 real, 477 MB
[runlim] sample:		370.00 time, 370.02 real, 483 MB
[runlim] sample:		380.00 time, 380.02 real, 483 MB
[runlim] sample:		390.00 time, 390.02 real, 489 MB
[runlim] sample:		400.00 time, 400.02 real, 495 MB
[runlim] sample:		410.00 time, 410.02 real, 501 MB
[runlim] sample:		420.00 time, 420.02 real, 501 MB
[runlim] sample:		430.00 time, 430.02 real, 506 MB
[runlim] sample:		440.00 time, 440.02 real, 512 MB
[runlim] sample:		450.00 time, 450.02 real, 512 MB
[runlim] sample:		460.00 time, 460.02 real, 518 MB
[runlim] sample:		470.00 time, 470.02 real, 525 MB
[runlim] sample:		480.00 time, 480.02 real, 525 MB
[runlim] sample:		490.00 time, 490.02 real, 531 MB
[runlim] sample:		500.00 time, 500.02 real, 537 MB
[runlim] sample:		510.00 time, 510.02 real, 537 MB
[runlim] sample:		520.01 time, 520.02 real, 543 MB
[runlim] sample:		530.01 time, 530.02 real, 543 MB
[runlim] sample:		540.00 time, 540.02 real, 549 MB
[runlim] sample:		550.00 time, 550.02 real, 555 MB
[runlim] sample:		560.00 time, 560.02 real, 555 MB
[runlim] sample:		570.00 time, 570.02 real, 561 MB
[runlim] sample:		580.00 time, 580.02 real, 561 MB
[runlim] sample:		590.01 time, 590.02 real, 567 MB
[runlim] sample:		600.00 time, 600.02 real, 570 MB
[runlim] sample:		610.00 time, 610.02 real, 573 MB
[runlim] sample:		620.00 time, 620.02 real, 578 MB
[runlim] sample:		630.00 time, 630.02 real, 578 MB
[runlim] sample:		640.00 time, 640.02 real, 585 MB
[runlim] sample:		650.00 time, 650.02 real, 585 MB
[runlim] sample:		660.00 time, 660.02 real, 590 MB
[runlim] sample:		670.00 time, 670.02 real, 596 MB
[runlim] sample:		680.00 time, 680.02 real, 596 MB
[runlim] sample:		690.00 time, 690.02 real, 602 MB
[runlim] sample:		700.00 time, 700.02 real, 602 MB
[runlim] sample:		710.00 time, 710.02 real, 608 MB
[runlim] sample:		720.00 time, 720.02 real, 608 MB
[runlim] sample:		730.00 time, 730.02 real, 614 MB
[runlim] sample:		740.01 time, 740.02 real, 614 MB
[runlim] sample:		750.00 time, 750.02 real, 620 MB
[runlim] sample:		760.00 time, 760.02 real, 620 MB
[runlim] sample:		770.00 time, 770.02 real, 626 MB
[runlim] sample:		780.00 time, 780.02 real, 626 MB
[runlim] sample:		790.00 time, 790.02 real, 632 MB
[runlim] sample:		800.00 time, 800.02 real, 632 MB
[runlim] sample:		810.00 time, 810.02 real, 638 MB
[runlim] sample:		820.00 time, 820.02 real, 638 MB
[runlim] sample:		830.00 time, 830.02 real, 644 MB
[runlim] sample:		840.00 time, 840.02 real, 644 MB
[runlim] sample:		850.00 time, 850.02 real, 650 MB
[runlim] sample:		860.00 time, 860.02 real, 650 MB
[runlim] sample:		870.00 time, 870.02 real, 656 MB
[runlim] sample:		880.00 time, 880.02 real, 656 MB
[runlim] sample:		890.00 time, 890.02 real, 662 MB
[runlim] sample:		900.00 time, 900.02 real, 662 MB
[runlim] sample:		910.00 time, 910.02 real, 668 MB
[runlim] sample:		920.01 time, 920.02 real, 668 MB
[runlim] sample:		930.00 time, 930.02 real, 674 MB
[runlim] sample:		940.01 time, 940.02 real, 674 MB
[runlim] sample:		950.01 time, 950.02 real, 680 MB
[runlim] sample:		960.00 time, 960.02 real, 680 MB
[runlim] sample:		970.00 time, 970.02 real, 680 MB
[runlim] sample:		980.00 time, 980.02 real, 686 MB
[runlim] sample:		990.00 time, 990.02 real, 686 MB
[runlim] sample:		1000.00 time, 1000.02 real, 692 MB
[runlim] sample:		1010.00 time, 1010.02 real, 692 MB
[runlim] sample:		1020.00 time, 1020.02 real, 698 MB
[runlim] sample:		1030.00 time, 1030.02 real, 698 MB
[runlim] sample:		1040.00 time, 1040.02 real, 704 MB
[runlim] sample:		1050.00 time, 1050.02 real, 704 MB
[runlim] sample:		1060.00 time, 1060.02 real, 704 MB
[runlim] sample:		1070.01 time, 1070.02 real, 710 MB
[runlim] sample:		1080.01 time, 1080.02 real, 710 MB
[runlim] sample:		1090.00 time, 1090.02 real, 716 MB
[runlim] sample:		1100.00 time, 1100.02 real, 716 MB
[runlim] sample:		1110.01 time, 1110.02 real, 722 MB
[runlim] sample:		1120.01 time, 1120.02 real, 722 MB
[runlim] sample:		1130.01 time, 1130.02 real, 722 MB
[runlim] sample:		1140.00 time, 1140.02 real, 728 MB
[runlim] sample:		1150.00 time, 1150.02 real, 728 MB
[runlim] sample:		1160.01 time, 1160.02 real, 734 MB
[runlim] sample:		1170.01 time, 1170.02 real, 734 MB
[runlim] sample:		1180.01 time, 1180.02 real, 739 MB
[runlim] sample:		1190.01 time, 1190.02 real, 739 MB
[runlim] sample:		1200.00 time, 1200.02 real, 739 MB
[runlim] sample:		1210.01 time, 1210.02 real, 745 MB
[runlim] sample:		1220.00 time, 1220.02 real, 745 MB
[runlim] sample:		1230.00 time, 1230.02 real, 751 MB
[runlim] sample:		1240.01 time, 1240.02 real, 751 MB
[runlim] sample:		1250.01 time, 1250.02 real, 751 MB
[runlim] sample:		1260.00 time, 1260.02 real, 757 MB
[runlim] sample:		1270.00 time, 1270.02 real, 757 MB
[runlim] sample:		1280.01 time, 1280.02 real, 763 MB
[runlim] sample:		1290.00 time, 1290.02 real, 763 MB
[runlim] sample:		1300.01 time, 1300.02 real, 763 MB
[runlim] sample:		1310.00 time, 1310.02 real, 769 MB
[runlim] sample:		1320.01 time, 1320.02 real, 769 MB
[runlim] sample:		1330.00 time, 1330.02 real, 775 MB
[runlim] sample:		1340.00 time, 1340.02 real, 775 MB
[runlim] sample:		1350.00 time, 1350.02 real, 775 MB
[runlim] sample:		1360.00 time, 1360.02 real, 781 MB
[runlim] sample:		1370.01 time, 1370.02 real, 781 MB
[runlim] sample:		1380.00 time, 1380.02 real, 781 MB
[runlim] sample:		1390.00 time, 1390.02 real, 787 MB
[runlim] sample:		1400.01 time, 1400.02 real, 787 MB
[runlim] sample:		1410.01 time, 1410.02 real, 793 MB
[runlim] sample:		1420.01 time, 1420.02 real, 793 MB
[runlim] sample:		1430.00 time, 1430.02 real, 793 MB
[runlim] sample:		1440.01 time, 1440.02 real, 799 MB
[runlim] sample:		1450.01 time, 1450.02 real, 799 MB
[runlim] sample:		1460.01 time, 1460.02 real, 799 MB
[runlim] sample:		1470.00 time, 1470.02 real, 805 MB
[runlim] sample:		1480.00 time, 1480.02 real, 805 MB
[runlim] sample:		1490.01 time, 1490.02 real, 810 MB
[runlim] sample:		1500.01 time, 1500.02 real, 811 MB
[runlim] sample:		1510.01 time, 1510.02 real, 811 MB
[runlim] sample:		1520.01 time, 1520.02 real, 817 MB
[runlim] sample:		1530.01 time, 1530.02 real, 817 MB
[runlim] sample:		1540.01 time, 1540.02 real, 817 MB
[runlim] sample:		1550.01 time, 1550.02 real, 823 MB
[runlim] sample:		1560.01 time, 1560.02 real, 823 MB
[runlim] sample:		1570.01 time, 1570.02 real, 823 MB
[runlim] sample:		1580.01 time, 1580.02 real, 829 MB
[runlim] sample:		1590.01 time, 1590.02 real, 829 MB
[runlim] sample:		1600.01 time, 1600.02 real, 829 MB
[runlim] sample:		1610.01 time, 1610.02 real, 835 MB
[runlim] sample:		1620.01 time, 1620.02 real, 835 MB
[runlim] sample:		1630.00 time, 1630.02 real, 835 MB
[runlim] sample:		1640.01 time, 1640.02 real, 841 MB
[runlim] sample:		1650.01 time, 1650.02 real, 841 MB
[runlim] sample:		1660.01 time, 1660.02 real, 847 MB
[runlim] sample:		1670.00 time, 1670.02 real, 847 MB
[runlim] sample:		1680.01 time, 1680.02 real, 847 MB
[runlim] sample:		1690.01 time, 1690.02 real, 853 MB
[runlim] sample:		1700.01 time, 1700.02 real, 853 MB
[runlim] sample:		1710.01 time, 1710.02 real, 853 MB
[runlim] sample:		1720.01 time, 1720.02 real, 859 MB
[runlim] sample:		1730.01 time, 1730.02 real, 859 MB
[runlim] sample:		1740.01 time, 1740.02 real, 859 MB
[runlim] sample:		1750.01 time, 1750.02 real, 865 MB
[runlim] sample:		1760.01 time, 1760.02 real, 865 MB
[runlim] sample:		1770.01 time, 1770.02 real, 865 MB
[runlim] sample:		1780.01 time, 1780.02 real, 870 MB
[runlim] sample:		1790.01 time, 1790.02 real, 870 MB
[runlim] sample:		1800.01 time, 1800.02 real, 871 MB
[runlim] sample:		1810.01 time, 1810.02 real, 876 MB
[runlim] sample:		1820.01 time, 1820.02 real, 876 MB
[runlim] sample:		1830.01 time, 1830.02 real, 876 MB
[runlim] sample:		1840.01 time, 1840.02 real, 882 MB
[runlim] sample:		1850.01 time, 1850.02 real, 882 MB
[runlim] sample:		1860.01 time, 1860.02 real, 882 MB
[runlim] sample:		1870.01 time, 1870.02 real, 888 MB
[runlim] sample:		1880.01 time, 1880.02 real, 888 MB
[runlim] sample:		1890.01 time, 1890.02 real, 888 MB
[runlim] sample:		1900.01 time, 1900.02 real, 894 MB
[runlim] sample:		1910.01 time, 1910.02 real, 894 MB
[runlim] sample:		1920.01 time, 1920.02 real, 894 MB
[runlim] sample:		1930.01 time, 1930.02 real, 900 MB
[runlim] sample:		1940.01 time, 1940.02 real, 900 MB
[runlim] sample:		1950.01 time, 1950.02 real, 900 MB
[runlim] sample:		1960.01 time, 1960.02 real, 906 MB
[runlim] sample:		1970.01 time, 1970.02 real, 906 MB
[runlim] sample:		1980.01 time, 1980.02 real, 906 MB
[runlim] sample:		1990.01 time, 1990.02 real, 910 MB
[runlim] sample:		2000.01 time, 2000.02 real, 912 MB
[runlim] sample:		2010.01 time, 2010.02 real, 912 MB
[runlim] sample:		2020.01 time, 2020.02 real, 912 MB
[runlim] sample:		2030.01 time, 2030.02 real, 919 MB
[runlim] sample:		2040.01 time, 2040.02 real, 919 MB
[runlim] sample:		2050.02 time, 2050.02 real, 919 MB
[runlim] sample:		2060.01 time, 2060.02 real, 925 MB
[runlim] sample:		2070.01 time, 2070.02 real, 925 MB
[runlim] sample:		2080.01 time, 2080.02 real, 925 MB
[runlim] sample:		2090.01 time, 2090.02 real, 931 MB
[runlim] sample:		2100.01 time, 2100.02 real, 931 MB
[runlim] sample:		2110.02 time, 2110.02 real, 931 MB
[runlim] sample:		2120.01 time, 2120.02 real, 937 MB
[runlim] sample:		2130.01 time, 2130.02 real, 937 MB
[runlim] sample:		2140.01 time, 2140.02 real, 937 MB
[runlim] sample:		2150.01 time, 2150.02 real, 937 MB
[runlim] sample:		2160.02 time, 2160.02 real, 943 MB
[runlim] sample:		2170.01 time, 2170.02 real, 943 MB
[runlim] sample:		2180.01 time, 2180.02 real, 943 MB
[runlim] sample:		2190.01 time, 2190.02 real, 949 MB
[runlim] sample:		2200.01 time, 2200.02 real, 949 MB
[runlim] sample:		2210.01 time, 2210.02 real, 949 MB
[runlim] sample:		2220.02 time, 2220.02 real, 955 MB
[runlim] sample:		2230.01 time, 2230.02 real, 955 MB
[runlim] sample:		2240.01 time, 2240.02 real, 955 MB
[runlim] sample:		2250.01 time, 2250.02 real, 955 MB
[runlim] sample:		2260.02 time, 2260.02 real, 961 MB
[runlim] sample:		2270.01 time, 2270.02 real, 961 MB
[runlim] sample:		2280.01 time, 2280.02 real, 961 MB
[runlim] sample:		2290.01 time, 2290.02 real, 967 MB
[runlim] sample:		2300.01 time, 2300.02 real, 967 MB
[runlim] sample:		2310.01 time, 2310.02 real, 967 MB
[runlim] sample:		2320.01 time, 2320.02 real, 967 MB
[runlim] sample:		2330.01 time, 2330.02 real, 973 MB
[runlim] sample:		2340.01 time, 2340.02 real, 973 MB
[runlim] sample:		2350.01 time, 2350.02 real, 973 MB
[runlim] sample:		2360.01 time, 2360.02 real, 979 MB
[runlim] sample:		2370.02 time, 2370.02 real, 979 MB
[runlim] sample:		2380.01 time, 2380.02 real, 979 MB
[runlim] sample:		2390.01 time, 2390.02 real, 979 MB
[runlim] sample:		2400.01 time, 2400.02 real, 985 MB
[runlim] sample:		2410.02 time, 2410.02 real, 985 MB
[runlim] sample:		2420.01 time, 2420.02 real, 985 MB
[runlim] sample:		2430.01 time, 2430.02 real, 991 MB
[runlim] sample:		2440.02 time, 2440.02 real, 991 MB
[runlim] sample:		2450.02 time, 2450.02 real, 991 MB
[runlim] sample:		2460.01 time, 2460.02 real, 991 MB
[runlim] sample:		2470.01 time, 2470.02 real, 997 MB
[runlim] sample:		2480.01 time, 2480.02 real, 997 MB
[runlim] sample:		2490.02 time, 2490.02 real, 997 MB
[runlim] sample:		2500.01 time, 2500.02 real, 1003 MB
[runlim] sample:		2510.01 time, 2510.02 real, 1003 MB
[runlim] sample:		2520.02 time, 2520.02 real, 1003 MB
[runlim] sample:		2530.02 time, 2530.02 real, 1003 MB
[runlim] sample:		2540.02 time, 2540.02 real, 1009 MB
[runlim] sample:		2550.01 time, 2550.02 real, 1009 MB
[runlim] sample:		2560.01 time, 2560.02 real, 1009 MB
[runlim] sample:		2570.01 time, 2570.02 real, 1009 MB
[runlim] sample:		2580.01 time, 2580.02 real, 1014 MB
[runlim] sample:		2590.01 time, 2590.02 real, 1015 MB
[runlim] sample:		2600.01 time, 2600.02 real, 1015 MB
[runlim] sample:		2610.02 time, 2610.02 real, 1020 MB
[runlim] sample:		2620.02 time, 2620.02 real, 1020 MB
[runlim] sample:		2630.01 time, 2630.02 real, 1020 MB
[runlim] sample:		2640.02 time, 2640.02 real, 1020 MB
[runlim] sample:		2650.02 time, 2650.02 real, 1026 MB
[runlim] sample:		2660.01 time, 2660.02 real, 1026 MB
[runlim] sample:		2670.01 time, 2670.02 real, 1026 MB
[runlim] sample:		2680.02 time, 2680.02 real, 1032 MB
[runlim] sample:		2690.02 time, 2690.02 real, 1032 MB
[runlim] sample:		2700.01 time, 2700.02 real, 1032 MB


 SIG RECEIVED

[runlim] end:			Thu Feb 27 10:47:18 2020
[runlim] status:		out of time
[runlim] result:		2
[runlim] children:		1
[runlim] real:			2700.11 seconds
[runlim] time:			2700.01 seconds
[runlim] space:			1032 MB
[runlim] samples:		27000
