[runlim] version:		1.18
[runlim] host:			c3n06
[runlim] time limit:		2700 seconds
[runlim] real time limit:	2700 seconds
[runlim] space limit:		7000 MB
[runlim] argv[0]:		./binary
[runlim] argv[1]:		/data/cnf/ankit/Set1/dungeon_i15-m7-u4-v0.pddl_planlen=81.qdimacs
[runlim] start:			Thu Feb 27 10:02:18 2020
[runlim] child:			8748
[runlim] sample:		9.98 time, 10.02 real, 106 MB
[runlim] sample:		19.98 time, 20.02 real, 112 MB
[runlim] sample:		29.98 time, 30.02 real, 118 MB
[runlim] sample:		39.97 time, 40.02 real, 120 MB
[runlim] sample:		49.97 time, 50.02 real, 120 MB
[runlim] sample:		59.97 time, 60.02 real, 166 MB
[runlim] sample:		69.98 time, 70.02 real, 185 MB
[runlim] sample:		79.98 time, 80.02 real, 199 MB
[runlim] sample:		89.97 time, 90.02 real, 204 MB
[runlim] sample:		99.98 time, 100.02 real, 211 MB
[runlim] sample:		109.98 time, 110.02 real, 213 MB
[runlim] sample:		119.98 time, 120.02 real, 216 MB
[runlim] sample:		129.98 time, 130.02 real, 222 MB
[runlim] sample:		139.98 time, 140.02 real, 226 MB
[runlim] sample:		149.98 time, 150.02 real, 232 MB
[runlim] sample:		159.98 time, 160.02 real, 233 MB
[runlim] sample:		169.98 time, 170.02 real, 238 MB
[runlim] sample:		179.98 time, 180.02 real, 241 MB
[runlim] sample:		189.98 time, 190.02 real, 242 MB
[runlim] sample:		199.98 time, 200.02 real, 248 MB
[runlim] sample:		209.98 time, 210.02 real, 253 MB
[runlim] sample:		219.97 time, 220.02 real, 254 MB
[runlim] sample:		229.97 time, 230.02 real, 254 MB
[runlim] sample:		239.97 time, 240.02 real, 254 MB
[runlim] sample:		249.98 time, 250.02 real, 261 MB
[runlim] sample:		259.98 time, 260.02 real, 264 MB
[runlim] sample:		269.97 time, 270.02 real, 265 MB
[runlim] sample:		279.98 time, 280.02 real, 270 MB
[runlim] sample:		289.97 time, 290.02 real, 273 MB
[runlim] sample:		299.98 time, 300.02 real, 275 MB
[runlim] sample:		309.98 time, 310.02 real, 276 MB
[runlim] sample:		319.98 time, 320.02 real, 278 MB
[runlim] sample:		329.97 time, 330.02 real, 279 MB
[runlim] sample:		339.97 time, 340.02 real, 283 MB
[runlim] sample:		349.97 time, 350.02 real, 284 MB
[runlim] sample:		359.97 time, 360.02 real, 284 MB
[runlim] sample:		369.97 time, 370.02 real, 285 MB
[runlim] sample:		379.97 time, 380.02 real, 287 MB
[runlim] sample:		389.98 time, 390.02 real, 291 MB
[runlim] sample:		399.98 time, 400.02 real, 291 MB
[runlim] sample:		409.97 time, 410.02 real, 294 MB
[runlim] sample:		419.97 time, 420.02 real, 294 MB
[runlim] sample:		429.98 time, 430.02 real, 295 MB
[runlim] sample:		439.98 time, 440.02 real, 295 MB
[runlim] sample:		449.98 time, 450.02 real, 298 MB
[runlim] sample:		459.98 time, 460.02 real, 298 MB
[runlim] sample:		469.98 time, 470.02 real, 301 MB
[runlim] sample:		479.98 time, 480.02 real, 315 MB
[runlim] sample:		489.98 time, 490.02 real, 319 MB
[runlim] sample:		499.97 time, 500.02 real, 322 MB
[runlim] sample:		509.98 time, 510.02 real, 322 MB
[runlim] sample:		519.98 time, 520.02 real, 322 MB
[runlim] sample:		529.98 time, 530.02 real, 322 MB
[runlim] sample:		539.98 time, 540.02 real, 322 MB
[runlim] sample:		549.98 time, 550.02 real, 322 MB
[runlim] sample:		559.98 time, 560.02 real, 322 MB
[runlim] sample:		569.98 time, 570.02 real, 324 MB
[runlim] sample:		579.98 time, 580.02 real, 325 MB
[runlim] sample:		589.98 time, 590.02 real, 326 MB
[runlim] sample:		599.96 time, 600.02 real, 326 MB
[runlim] sample:		609.93 time, 610.02 real, 326 MB
[runlim] sample:		619.91 time, 620.02 real, 326 MB
[runlim] sample:		629.89 time, 630.02 real, 327 MB
[runlim] sample:		639.87 time, 640.02 real, 327 MB
[runlim] sample:		649.85 time, 650.02 real, 330 MB
[runlim] sample:		659.82 time, 660.02 real, 335 MB
[runlim] sample:		669.80 time, 670.02 real, 337 MB
[runlim] sample:		679.78 time, 680.02 real, 341 MB
[runlim] sample:		689.75 time, 690.02 real, 341 MB
[runlim] sample:		699.73 time, 700.02 real, 341 MB
[runlim] sample:		709.71 time, 710.02 real, 341 MB
[runlim] sample:		719.68 time, 720.02 real, 342 MB
[runlim] sample:		729.66 time, 730.02 real, 342 MB
[runlim] sample:		739.64 time, 740.02 real, 346 MB
[runlim] sample:		749.62 time, 750.02 real, 346 MB
[runlim] sample:		759.60 time, 760.02 real, 346 MB
[runlim] sample:		769.58 time, 770.02 real, 347 MB
[runlim] sample:		779.55 time, 780.02 real, 347 MB
[runlim] sample:		789.53 time, 790.02 real, 347 MB
[runlim] sample:		799.51 time, 800.02 real, 347 MB
[runlim] sample:		809.49 time, 810.02 real, 347 MB
[runlim] sample:		819.46 time, 820.02 real, 349 MB
[runlim] sample:		829.44 time, 830.02 real, 349 MB
[runlim] sample:		839.42 time, 840.02 real, 351 MB
[runlim] sample:		849.39 time, 850.02 real, 352 MB
[runlim] sample:		859.37 time, 860.02 real, 353 MB
[runlim] sample:		869.35 time, 870.02 real, 354 MB
[runlim] sample:		879.32 time, 880.02 real, 355 MB
[runlim] sample:		889.30 time, 890.02 real, 355 MB
[runlim] sample:		899.27 time, 900.02 real, 356 MB
[runlim] sample:		909.25 time, 910.02 real, 356 MB
[runlim] sample:		919.23 time, 920.02 real, 358 MB
[runlim] sample:		929.21 time, 930.02 real, 363 MB
[runlim] sample:		939.19 time, 940.02 real, 363 MB
[runlim] sample:		949.16 time, 950.02 real, 367 MB
[runlim] sample:		959.14 time, 960.02 real, 367 MB
[runlim] sample:		969.11 time, 970.02 real, 367 MB
[runlim] sample:		979.09 time, 980.02 real, 367 MB
[runlim] sample:		989.07 time, 990.02 real, 367 MB
[runlim] sample:		999.05 time, 1000.02 real, 367 MB
[runlim] sample:		1009.03 time, 1010.02 real, 367 MB
[runlim] sample:		1019.01 time, 1020.02 real, 367 MB
[runlim] sample:		1028.98 time, 1030.02 real, 367 MB
[runlim] sample:		1038.96 time, 1040.02 real, 367 MB
[runlim] sample:		1048.94 time, 1050.02 real, 367 MB
[runlim] sample:		1058.92 time, 1060.02 real, 367 MB
[runlim] sample:		1068.90 time, 1070.02 real, 376 MB
[runlim] sample:		1078.88 time, 1080.02 real, 376 MB
[runlim] sample:		1088.86 time, 1090.02 real, 376 MB
[runlim] sample:		1098.84 time, 1100.02 real, 381 MB
[runlim] sample:		1108.82 time, 1110.02 real, 384 MB
[runlim] sample:		1118.80 time, 1120.02 real, 384 MB
[runlim] sample:		1128.77 time, 1130.02 real, 384 MB
[runlim] sample:		1138.75 time, 1140.02 real, 384 MB
[runlim] sample:		1148.73 time, 1150.02 real, 384 MB
[runlim] sample:		1158.71 time, 1160.02 real, 384 MB
[runlim] sample:		1168.69 time, 1170.02 real, 384 MB
[runlim] sample:		1178.67 time, 1180.02 real, 384 MB
[runlim] sample:		1188.65 time, 1190.02 real, 384 MB
[runlim] sample:		1198.63 time, 1200.02 real, 384 MB
[runlim] sample:		1208.60 time, 1210.02 real, 384 MB
[runlim] sample:		1218.58 time, 1220.02 real, 384 MB
[runlim] sample:		1228.56 time, 1230.02 real, 386 MB
[runlim] sample:		1238.54 time, 1240.02 real, 386 MB
[runlim] sample:		1248.52 time, 1250.02 real, 386 MB
[runlim] sample:		1258.50 time, 1260.02 real, 386 MB
[runlim] sample:		1268.47 time, 1270.02 real, 387 MB
[runlim] sample:		1278.45 time, 1280.02 real, 387 MB
[runlim] sample:		1288.43 time, 1290.02 real, 387 MB
[runlim] sample:		1298.42 time, 1300.02 real, 387 MB
[runlim] sample:		1308.40 time, 1310.02 real, 387 MB
[runlim] sample:		1318.38 time, 1320.02 real, 387 MB
[runlim] sample:		1328.36 time, 1330.02 real, 389 MB
[runlim] sample:		1338.33 time, 1340.02 real, 389 MB
[runlim] sample:		1348.31 time, 1350.02 real, 389 MB
[runlim] sample:		1358.30 time, 1360.02 real, 389 MB
[runlim] sample:		1368.27 time, 1370.02 real, 394 MB
[runlim] sample:		1378.25 time, 1380.02 real, 394 MB
[runlim] sample:		1388.23 time, 1390.02 real, 395 MB
[runlim] sample:		1398.21 time, 1400.02 real, 395 MB
[runlim] sample:		1408.19 time, 1410.02 real, 395 MB
[runlim] sample:		1418.16 time, 1420.02 real, 397 MB
[runlim] sample:		1428.14 time, 1430.02 real, 397 MB
[runlim] sample:		1438.12 time, 1440.02 real, 397 MB
[runlim] sample:		1448.10 time, 1450.02 real, 397 MB
[runlim] sample:		1458.08 time, 1460.02 real, 397 MB
[runlim] sample:		1468.06 time, 1470.02 real, 397 MB
[runlim] sample:		1478.03 time, 1480.02 real, 397 MB
[runlim] sample:		1488.01 time, 1490.02 real, 399 MB
[runlim] sample:		1497.99 time, 1500.02 real, 399 MB
[runlim] sample:		1507.97 time, 1510.02 real, 399 MB
[runlim] sample:		1517.94 time, 1520.02 real, 402 MB
[runlim] sample:		1527.93 time, 1530.02 real, 402 MB
[runlim] sample:		1537.90 time, 1540.02 real, 402 MB
[runlim] sample:		1547.88 time, 1550.02 real, 402 MB
[runlim] sample:		1557.86 time, 1560.02 real, 406 MB
[runlim] sample:		1567.83 time, 1570.02 real, 406 MB
[runlim] sample:		1577.81 time, 1580.02 real, 406 MB
[runlim] sample:		1587.79 time, 1590.02 real, 406 MB
[runlim] sample:		1597.76 time, 1600.02 real, 407 MB
[runlim] sample:		1607.74 time, 1610.02 real, 407 MB
[runlim] sample:		1617.72 time, 1620.02 real, 407 MB
[runlim] sample:		1627.70 time, 1630.02 real, 407 MB
[runlim] sample:		1637.67 time, 1640.02 real, 407 MB
[runlim] sample:		1647.65 time, 1650.02 real, 407 MB
[runlim] sample:		1657.63 time, 1660.02 real, 407 MB
[runlim] sample:		1667.61 time, 1670.02 real, 407 MB
[runlim] sample:		1677.59 time, 1680.02 real, 408 MB
[runlim] sample:		1687.56 time, 1690.02 real, 408 MB
[runlim] sample:		1697.54 time, 1700.02 real, 408 MB
[runlim] sample:		1707.53 time, 1710.02 real, 413 MB
[runlim] sample:		1717.50 time, 1720.02 real, 415 MB
[runlim] sample:		1727.48 time, 1730.02 real, 415 MB
[runlim] sample:		1737.46 time, 1740.02 real, 416 MB
[runlim] sample:		1747.43 time, 1750.02 real, 417 MB
[runlim] sample:		1757.41 time, 1760.02 real, 417 MB
[runlim] sample:		1767.39 time, 1770.02 real, 417 MB
[runlim] sample:		1777.37 time, 1780.02 real, 417 MB
[runlim] sample:		1787.34 time, 1790.02 real, 417 MB
[runlim] sample:		1797.32 time, 1800.02 real, 417 MB
[runlim] sample:		1807.30 time, 1810.02 real, 417 MB
[runlim] sample:		1817.28 time, 1820.02 real, 417 MB
[runlim] sample:		1827.26 time, 1830.02 real, 417 MB
[runlim] sample:		1837.23 time, 1840.02 real, 417 MB
[runlim] sample:		1847.21 time, 1850.02 real, 417 MB
[runlim] sample:		1857.19 time, 1860.02 real, 417 MB
[runlim] sample:		1867.17 time, 1870.02 real, 417 MB
[runlim] sample:		1877.15 time, 1880.02 real, 426 MB
[runlim] sample:		1887.13 time, 1890.02 real, 426 MB
[runlim] sample:		1897.11 time, 1900.02 real, 426 MB
[runlim] sample:		1907.08 time, 1910.02 real, 426 MB
[runlim] sample:		1917.06 time, 1920.02 real, 426 MB
[runlim] sample:		1927.04 time, 1930.02 real, 430 MB
[runlim] sample:		1937.02 time, 1940.02 real, 430 MB
[runlim] sample:		1947.00 time, 1950.02 real, 430 MB
[runlim] sample:		1956.98 time, 1960.02 real, 431 MB
[runlim] sample:		1966.96 time, 1970.02 real, 434 MB
[runlim] sample:		1976.94 time, 1980.02 real, 434 MB
[runlim] sample:		1986.91 time, 1990.02 real, 434 MB
[runlim] sample:		1996.89 time, 2000.02 real, 434 MB
[runlim] sample:		2006.87 time, 2010.02 real, 434 MB
[runlim] sample:		2016.85 time, 2020.02 real, 434 MB
[runlim] sample:		2026.83 time, 2030.02 real, 434 MB
[runlim] sample:		2036.81 time, 2040.02 real, 434 MB
[runlim] sample:		2046.78 time, 2050.02 real, 434 MB
[runlim] sample:		2056.76 time, 2060.02 real, 434 MB
[runlim] sample:		2066.74 time, 2070.02 real, 434 MB
[runlim] sample:		2076.72 time, 2080.02 real, 434 MB
[runlim] sample:		2086.70 time, 2090.02 real, 434 MB
[runlim] sample:		2096.67 time, 2100.02 real, 434 MB
[runlim] sample:		2106.65 time, 2110.02 real, 440 MB
[runlim] sample:		2116.63 time, 2120.02 real, 443 MB
[runlim] sample:		2126.60 time, 2130.02 real, 444 MB
[runlim] sample:		2136.58 time, 2140.02 real, 445 MB
[runlim] sample:		2146.57 time, 2150.02 real, 454 MB
[runlim] sample:		2156.54 time, 2160.02 real, 456 MB
[runlim] sample:		2166.52 time, 2170.02 real, 456 MB
[runlim] sample:		2176.50 time, 2180.02 real, 456 MB
[runlim] sample:		2186.48 time, 2190.02 real, 456 MB
[runlim] sample:		2196.46 time, 2200.02 real, 456 MB
[runlim] sample:		2206.44 time, 2210.02 real, 456 MB
[runlim] sample:		2216.41 time, 2220.02 real, 456 MB
[runlim] sample:		2226.39 time, 2230.02 real, 456 MB
[runlim] sample:		2236.37 time, 2240.02 real, 456 MB
[runlim] sample:		2246.35 time, 2250.02 real, 456 MB
[runlim] sample:		2256.33 time, 2260.02 real, 456 MB
[runlim] sample:		2266.30 time, 2270.02 real, 456 MB
[runlim] sample:		2276.28 time, 2280.02 real, 456 MB
[runlim] sample:		2286.26 time, 2290.02 real, 456 MB
[runlim] sample:		2296.24 time, 2300.02 real, 456 MB
[runlim] sample:		2306.21 time, 2310.02 real, 456 MB
[runlim] sample:		2316.19 time, 2320.02 real, 456 MB
[runlim] sample:		2326.17 time, 2330.02 real, 456 MB
[runlim] sample:		2336.14 time, 2340.02 real, 456 MB
[runlim] sample:		2346.12 time, 2350.02 real, 456 MB
[runlim] sample:		2356.10 time, 2360.02 real, 456 MB
[runlim] sample:		2366.08 time, 2370.02 real, 456 MB
[runlim] sample:		2376.06 time, 2380.02 real, 456 MB
[runlim] sample:		2386.04 time, 2390.02 real, 456 MB
[runlim] sample:		2396.01 time, 2400.02 real, 456 MB
[runlim] sample:		2405.99 time, 2410.02 real, 456 MB
[runlim] sample:		2415.97 time, 2420.02 real, 456 MB
[runlim] sample:		2425.95 time, 2430.02 real, 465 MB
[runlim] sample:		2435.93 time, 2440.02 real, 466 MB
[runlim] sample:		2445.90 time, 2450.02 real, 466 MB
[runlim] sample:		2455.88 time, 2460.02 real, 467 MB
[runlim] sample:		2465.86 time, 2470.02 real, 467 MB
[runlim] sample:		2475.83 time, 2480.02 real, 467 MB
[runlim] sample:		2485.81 time, 2490.02 real, 467 MB
[runlim] sample:		2495.79 time, 2500.02 real, 467 MB
[runlim] sample:		2505.77 time, 2510.02 real, 467 MB
[runlim] sample:		2515.75 time, 2520.02 real, 467 MB
[runlim] sample:		2525.73 time, 2530.02 real, 467 MB
[runlim] sample:		2535.70 time, 2540.02 real, 467 MB
[runlim] sample:		2545.68 time, 2550.02 real, 467 MB
[runlim] sample:		2555.65 time, 2560.02 real, 467 MB
[runlim] sample:		2565.63 time, 2570.02 real, 467 MB
[runlim] sample:		2575.61 time, 2580.02 real, 469 MB
[runlim] sample:		2585.59 time, 2590.02 real, 469 MB
[runlim] sample:		2595.57 time, 2600.02 real, 469 MB
[runlim] sample:		2605.54 time, 2610.02 real, 469 MB
[runlim] sample:		2615.52 time, 2620.02 real, 470 MB
[runlim] sample:		2625.50 time, 2630.02 real, 479 MB
[runlim] sample:		2635.47 time, 2640.02 real, 485 MB
[runlim] sample:		2645.45 time, 2650.02 real, 485 MB
[runlim] sample:		2655.43 time, 2660.02 real, 485 MB
[runlim] sample:		2665.41 time, 2670.02 real, 485 MB
[runlim] sample:		2675.38 time, 2680.02 real, 485 MB
[runlim] sample:		2685.36 time, 2690.02 real, 485 MB
[runlim] sample:		2695.34 time, 2700.02 real, 485 MB


 SIG RECEIVED

[runlim] end:			Thu Feb 27 10:47:18 2020
[runlim] status:		out of time
[runlim] result:		2
[runlim] children:		1
[runlim] real:			2700.12 seconds
[runlim] time:			2695.34 seconds
[runlim] space:			485 MB
[runlim] samples:		27000
