[runlim] version:		1.18
[runlim] host:			c3n07
[runlim] time limit:		2700 seconds
[runlim] real time limit:	2700 seconds
[runlim] space limit:		7000 MB
[runlim] argv[0]:		./binary
[runlim] argv[1]:		/data/cnf/ankit/Set1/intermediate32.qdimacs
[runlim] start:			Thu Feb 27 10:02:18 2020
[runlim] child:			9842
[runlim] sample:		10.01 time, 10.02 real, 8 MB
[runlim] sample:		20.01 time, 20.02 real, 10 MB
[runlim] sample:		30.00 time, 30.02 real, 11 MB
[runlim] sample:		40.00 time, 40.02 real, 12 MB
[runlim] sample:		50.00 time, 50.02 real, 13 MB
[runlim] sample:		60.00 time, 60.02 real, 14 MB
[runlim] sample:		70.00 time, 70.02 real, 15 MB
[runlim] sample:		80.01 time, 80.02 real, 15 MB
[runlim] sample:		90.00 time, 90.02 real, 16 MB
[runlim] sample:		100.00 time, 100.02 real, 17 MB
[runlim] sample:		110.01 time, 110.02 real, 17 MB
[runlim] sample:		120.01 time, 120.02 real, 18 MB
[runlim] sample:		130.00 time, 130.02 real, 18 MB
[runlim] sample:		140.00 time, 140.02 real, 18 MB
[runlim] sample:		150.00 time, 150.02 real, 20 MB
[runlim] sample:		160.01 time, 160.02 real, 20 MB
[runlim] sample:		170.00 time, 170.02 real, 20 MB
[runlim] sample:		180.01 time, 180.02 real, 21 MB
[runlim] sample:		190.01 time, 190.02 real, 21 MB
[runlim] sample:		200.01 time, 200.02 real, 21 MB
[runlim] sample:		210.01 time, 210.02 real, 22 MB
[runlim] sample:		220.01 time, 220.02 real, 22 MB
[runlim] sample:		230.00 time, 230.02 real, 22 MB
[runlim] sample:		240.00 time, 240.02 real, 23 MB
[runlim] sample:		250.01 time, 250.02 real, 23 MB
[runlim] sample:		260.01 time, 260.02 real, 24 MB
[runlim] sample:		270.00 time, 270.02 real, 23 MB
[runlim] sample:		280.00 time, 280.02 real, 24 MB
[runlim] sample:		290.00 time, 290.02 real, 24 MB
[runlim] sample:		300.00 time, 300.02 real, 25 MB
[runlim] sample:		310.00 time, 310.02 real, 25 MB
[runlim] sample:		320.00 time, 320.02 real, 25 MB
[runlim] sample:		330.00 time, 330.02 real, 25 MB
[runlim] sample:		340.01 time, 340.02 real, 26 MB
[runlim] sample:		350.01 time, 350.02 real, 26 MB
[runlim] sample:		360.01 time, 360.02 real, 26 MB
[runlim] sample:		370.00 time, 370.02 real, 26 MB
[runlim] sample:		380.00 time, 380.02 real, 27 MB
[runlim] sample:		390.00 time, 390.02 real, 27 MB
[runlim] sample:		400.00 time, 400.02 real, 27 MB
[runlim] sample:		410.00 time, 410.02 real, 27 MB
[runlim] sample:		420.00 time, 420.02 real, 27 MB
[runlim] sample:		430.00 time, 430.02 real, 28 MB
[runlim] sample:		440.00 time, 440.02 real, 29 MB
[runlim] sample:		450.00 time, 450.02 real, 29 MB
[runlim] sample:		460.00 time, 460.02 real, 29 MB
[runlim] sample:		470.00 time, 470.02 real, 29 MB
[runlim] sample:		480.01 time, 480.02 real, 29 MB
[runlim] sample:		490.00 time, 490.02 real, 30 MB
[runlim] sample:		500.00 time, 500.02 real, 30 MB
[runlim] sample:		510.00 time, 510.02 real, 30 MB
[runlim] sample:		520.00 time, 520.02 real, 30 MB
[runlim] sample:		530.00 time, 530.02 real, 31 MB
[runlim] sample:		540.00 time, 540.02 real, 31 MB
[runlim] sample:		550.00 time, 550.02 real, 31 MB
[runlim] sample:		560.00 time, 560.02 real, 31 MB
[runlim] sample:		570.00 time, 570.02 real, 31 MB
[runlim] sample:		580.00 time, 580.02 real, 31 MB
[runlim] sample:		590.01 time, 590.02 real, 31 MB
[runlim] sample:		600.00 time, 600.02 real, 32 MB
[runlim] sample:		610.00 time, 610.02 real, 32 MB
[runlim] sample:		620.00 time, 620.02 real, 32 MB
[runlim] sample:		630.00 time, 630.02 real, 32 MB
[runlim] sample:		640.00 time, 640.02 real, 33 MB
[runlim] sample:		650.00 time, 650.02 real, 33 MB
[runlim] sample:		660.00 time, 660.02 real, 33 MB
[runlim] sample:		670.00 time, 670.02 real, 33 MB
[runlim] sample:		680.00 time, 680.02 real, 33 MB
[runlim] sample:		690.00 time, 690.02 real, 33 MB
[runlim] sample:		700.00 time, 700.02 real, 34 MB
[runlim] sample:		710.00 time, 710.02 real, 34 MB
[runlim] sample:		720.00 time, 720.02 real, 34 MB
[runlim] sample:		730.00 time, 730.02 real, 34 MB
[runlim] sample:		740.00 time, 740.02 real, 34 MB
[runlim] sample:		750.00 time, 750.02 real, 35 MB
[runlim] sample:		760.00 time, 760.02 real, 35 MB
[runlim] sample:		770.00 time, 770.02 real, 35 MB
[runlim] sample:		780.00 time, 780.02 real, 35 MB
[runlim] sample:		790.00 time, 790.02 real, 35 MB
[runlim] sample:		800.00 time, 800.02 real, 36 MB
[runlim] sample:		810.00 time, 810.02 real, 36 MB
[runlim] sample:		820.00 time, 820.02 real, 36 MB
[runlim] sample:		830.00 time, 830.02 real, 36 MB
[runlim] sample:		839.99 time, 840.02 real, 36 MB
[runlim] sample:		849.99 time, 850.02 real, 37 MB
[runlim] sample:		859.99 time, 860.02 real, 37 MB
[runlim] sample:		870.00 time, 870.02 real, 37 MB
[runlim] sample:		880.00 time, 880.02 real, 37 MB
[runlim] sample:		889.99 time, 890.02 real, 37 MB
[runlim] sample:		899.99 time, 900.02 real, 37 MB
[runlim] sample:		909.99 time, 910.02 real, 38 MB
[runlim] sample:		919.99 time, 920.02 real, 38 MB
[runlim] sample:		929.99 time, 930.02 real, 38 MB
[runlim] sample:		939.99 time, 940.02 real, 38 MB
[runlim] sample:		949.99 time, 950.02 real, 39 MB
[runlim] sample:		959.99 time, 960.02 real, 39 MB
[runlim] sample:		970.00 time, 970.02 real, 39 MB
[runlim] sample:		979.99 time, 980.02 real, 39 MB
[runlim] sample:		989.99 time, 990.02 real, 39 MB
[runlim] sample:		999.99 time, 1000.02 real, 39 MB
[runlim] sample:		1009.99 time, 1010.02 real, 39 MB
[runlim] sample:		1019.99 time, 1020.02 real, 40 MB
[runlim] sample:		1029.99 time, 1030.02 real, 40 MB
[runlim] sample:		1040.00 time, 1040.02 real, 40 MB
[runlim] sample:		1050.00 time, 1050.02 real, 40 MB
[runlim] sample:		1060.00 time, 1060.02 real, 41 MB
[runlim] sample:		1069.99 time, 1070.02 real, 42 MB
[runlim] sample:		1079.99 time, 1080.02 real, 42 MB
[runlim] sample:		1089.99 time, 1090.02 real, 43 MB
[runlim] sample:		1099.99 time, 1100.02 real, 43 MB
[runlim] sample:		1109.99 time, 1110.02 real, 43 MB
[runlim] sample:		1119.99 time, 1120.02 real, 43 MB
[runlim] sample:		1129.99 time, 1130.02 real, 44 MB
[runlim] sample:		1139.99 time, 1140.02 real, 44 MB
[runlim] sample:		1150.00 time, 1150.02 real, 44 MB
[runlim] sample:		1159.99 time, 1160.02 real, 44 MB
[runlim] sample:		1169.99 time, 1170.02 real, 44 MB
[runlim] sample:		1179.99 time, 1180.02 real, 44 MB
[runlim] sample:		1189.99 time, 1190.02 real, 45 MB
[runlim] sample:		1199.99 time, 1200.02 real, 46 MB
[runlim] sample:		1209.99 time, 1210.02 real, 46 MB
[runlim] sample:		1219.99 time, 1220.02 real, 47 MB
[runlim] sample:		1229.99 time, 1230.02 real, 47 MB
[runlim] sample:		1239.99 time, 1240.02 real, 48 MB
[runlim] sample:		1249.99 time, 1250.02 real, 48 MB
[runlim] sample:		1259.99 time, 1260.02 real, 48 MB
[runlim] sample:		1269.99 time, 1270.02 real, 48 MB
[runlim] sample:		1279.99 time, 1280.02 real, 48 MB
[runlim] sample:		1289.99 time, 1290.02 real, 48 MB
[runlim] sample:		1300.00 time, 1300.02 real, 48 MB
[runlim] sample:		1310.00 time, 1310.02 real, 48 MB
[runlim] sample:		1319.99 time, 1320.02 real, 49 MB
[runlim] sample:		1329.99 time, 1330.02 real, 49 MB
[runlim] sample:		1339.99 time, 1340.02 real, 49 MB
[runlim] sample:		1349.99 time, 1350.02 real, 49 MB
[runlim] sample:		1359.99 time, 1360.02 real, 49 MB
[runlim] sample:		1369.99 time, 1370.02 real, 49 MB
[runlim] sample:		1379.99 time, 1380.02 real, 49 MB
[runlim] sample:		1389.99 time, 1390.02 real, 49 MB
[runlim] sample:		1399.99 time, 1400.02 real, 50 MB
[runlim] sample:		1409.99 time, 1410.02 real, 50 MB
[runlim] sample:		1419.99 time, 1420.02 real, 50 MB
[runlim] sample:		1429.99 time, 1430.02 real, 50 MB
[runlim] sample:		1439.99 time, 1440.02 real, 50 MB
[runlim] sample:		1449.99 time, 1450.02 real, 50 MB
[runlim] sample:		1459.99 time, 1460.02 real, 50 MB
[runlim] sample:		1469.99 time, 1470.02 real, 50 MB
[runlim] sample:		1479.99 time, 1480.02 real, 51 MB
[runlim] sample:		1489.96 time, 1490.02 real, 51 MB
[runlim] sample:		1499.94 time, 1500.02 real, 51 MB
[runlim] sample:		1509.91 time, 1510.02 real, 51 MB
[runlim] sample:		1519.89 time, 1520.02 real, 51 MB
[runlim] sample:		1529.87 time, 1530.02 real, 51 MB
[runlim] sample:		1539.85 time, 1540.02 real, 51 MB
[runlim] sample:		1549.83 time, 1550.02 real, 51 MB
[runlim] sample:		1559.80 time, 1560.02 real, 52 MB
[runlim] sample:		1569.78 time, 1570.02 real, 51 MB
[runlim] sample:		1579.76 time, 1580.02 real, 51 MB
[runlim] sample:		1589.74 time, 1590.02 real, 52 MB
[runlim] sample:		1599.72 time, 1600.02 real, 52 MB
[runlim] sample:		1609.69 time, 1610.02 real, 52 MB
[runlim] sample:		1619.68 time, 1620.02 real, 52 MB
[runlim] sample:		1629.66 time, 1630.02 real, 52 MB
[runlim] sample:		1639.64 time, 1640.02 real, 53 MB
[runlim] sample:		1649.61 time, 1650.02 real, 53 MB
[runlim] sample:		1659.59 time, 1660.02 real, 53 MB
[runlim] sample:		1669.59 time, 1670.02 real, 53 MB
[runlim] sample:		1679.59 time, 1680.02 real, 53 MB
[runlim] sample:		1689.59 time, 1690.02 real, 53 MB
[runlim] sample:		1699.59 time, 1700.02 real, 53 MB
[runlim] sample:		1709.59 time, 1710.02 real, 53 MB
[runlim] sample:		1719.59 time, 1720.02 real, 54 MB
[runlim] sample:		1729.59 time, 1730.02 real, 54 MB
[runlim] sample:		1739.59 time, 1740.02 real, 54 MB
[runlim] sample:		1749.58 time, 1750.02 real, 54 MB
[runlim] sample:		1759.59 time, 1760.02 real, 54 MB
[runlim] sample:		1769.59 time, 1770.02 real, 54 MB
[runlim] sample:		1779.59 time, 1780.02 real, 54 MB
[runlim] sample:		1789.59 time, 1790.02 real, 54 MB
[runlim] sample:		1799.59 time, 1800.02 real, 55 MB
[runlim] sample:		1809.59 time, 1810.02 real, 55 MB
[runlim] sample:		1819.59 time, 1820.02 real, 55 MB
[runlim] sample:		1829.59 time, 1830.02 real, 55 MB
[runlim] sample:		1839.59 time, 1840.02 real, 55 MB
[runlim] sample:		1849.59 time, 1850.02 real, 55 MB
[runlim] sample:		1859.59 time, 1860.02 real, 55 MB
[runlim] sample:		1869.58 time, 1870.02 real, 55 MB
[runlim] sample:		1879.59 time, 1880.02 real, 56 MB
[runlim] sample:		1889.59 time, 1890.02 real, 56 MB
[runlim] sample:		1899.59 time, 1900.02 real, 56 MB
[runlim] sample:		1909.59 time, 1910.02 real, 56 MB
[runlim] sample:		1919.59 time, 1920.02 real, 56 MB
[runlim] sample:		1929.59 time, 1930.02 real, 56 MB
[runlim] sample:		1939.59 time, 1940.02 real, 56 MB
[runlim] sample:		1949.59 time, 1950.02 real, 57 MB
[runlim] sample:		1959.59 time, 1960.02 real, 57 MB
[runlim] sample:		1969.59 time, 1970.02 real, 56 MB
[runlim] sample:		1979.59 time, 1980.02 real, 56 MB
[runlim] sample:		1989.59 time, 1990.02 real, 57 MB
[runlim] sample:		1999.59 time, 2000.02 real, 57 MB
[runlim] sample:		2009.59 time, 2010.02 real, 57 MB
[runlim] sample:		2019.59 time, 2020.02 real, 57 MB
[runlim] sample:		2029.59 time, 2030.02 real, 57 MB
[runlim] sample:		2039.59 time, 2040.02 real, 58 MB
[runlim] sample:		2049.59 time, 2050.02 real, 58 MB
[runlim] sample:		2059.58 time, 2060.02 real, 57 MB
[runlim] sample:		2069.59 time, 2070.02 real, 57 MB
[runlim] sample:		2079.59 time, 2080.02 real, 58 MB
[runlim] sample:		2089.59 time, 2090.02 real, 58 MB
[runlim] sample:		2099.59 time, 2100.02 real, 58 MB
[runlim] sample:		2109.59 time, 2110.02 real, 58 MB
[runlim] sample:		2119.59 time, 2120.02 real, 58 MB
[runlim] sample:		2129.59 time, 2130.02 real, 58 MB
[runlim] sample:		2139.59 time, 2140.02 real, 59 MB
[runlim] sample:		2149.59 time, 2150.02 real, 59 MB
[runlim] sample:		2159.59 time, 2160.02 real, 59 MB
[runlim] sample:		2169.59 time, 2170.02 real, 58 MB
[runlim] sample:		2179.59 time, 2180.02 real, 58 MB
[runlim] sample:		2189.59 time, 2190.02 real, 59 MB
[runlim] sample:		2199.59 time, 2200.02 real, 59 MB
[runlim] sample:		2209.59 time, 2210.02 real, 59 MB
[runlim] sample:		2219.59 time, 2220.02 real, 59 MB
[runlim] sample:		2229.58 time, 2230.02 real, 60 MB
[runlim] sample:		2239.58 time, 2240.02 real, 60 MB
[runlim] sample:		2249.58 time, 2250.02 real, 60 MB
[runlim] sample:		2259.58 time, 2260.02 real, 60 MB
[runlim] sample:		2269.58 time, 2270.02 real, 60 MB
[runlim] sample:		2279.58 time, 2280.02 real, 60 MB
[runlim] sample:		2289.59 time, 2290.02 real, 60 MB
[runlim] sample:		2299.59 time, 2300.02 real, 60 MB
[runlim] sample:		2309.59 time, 2310.02 real, 60 MB
[runlim] sample:		2319.59 time, 2320.02 real, 60 MB
[runlim] sample:		2329.59 time, 2330.02 real, 61 MB
[runlim] sample:		2339.58 time, 2340.02 real, 61 MB
[runlim] sample:		2349.58 time, 2350.02 real, 61 MB
[runlim] sample:		2359.58 time, 2360.02 real, 61 MB
[runlim] sample:		2369.59 time, 2370.02 real, 61 MB
[runlim] sample:		2379.58 time, 2380.02 real, 61 MB
[runlim] sample:		2389.58 time, 2390.02 real, 62 MB
[runlim] sample:		2399.58 time, 2400.02 real, 62 MB
[runlim] sample:		2409.58 time, 2410.02 real, 62 MB
[runlim] sample:		2419.59 time, 2420.02 real, 62 MB
[runlim] sample:		2429.59 time, 2430.02 real, 62 MB
[runlim] sample:		2439.59 time, 2440.02 real, 62 MB
[runlim] sample:		2449.59 time, 2450.02 real, 62 MB
[runlim] sample:		2459.59 time, 2460.02 real, 62 MB
[runlim] sample:		2469.59 time, 2470.02 real, 62 MB
[runlim] sample:		2479.59 time, 2480.02 real, 62 MB
[runlim] sample:		2489.59 time, 2490.02 real, 63 MB
[runlim] sample:		2499.59 time, 2500.02 real, 63 MB
[runlim] sample:		2509.59 time, 2510.02 real, 63 MB
[runlim] sample:		2519.59 time, 2520.02 real, 63 MB
[runlim] sample:		2529.59 time, 2530.02 real, 63 MB
[runlim] sample:		2539.59 time, 2540.02 real, 63 MB
[runlim] sample:		2549.59 time, 2550.02 real, 63 MB
[runlim] sample:		2559.59 time, 2560.02 real, 63 MB
[runlim] sample:		2569.59 time, 2570.02 real, 63 MB
[runlim] sample:		2579.59 time, 2580.02 real, 63 MB
[runlim] sample:		2589.59 time, 2590.02 real, 63 MB
[runlim] sample:		2599.59 time, 2600.02 real, 64 MB
[runlim] sample:		2609.59 time, 2610.02 real, 64 MB
[runlim] sample:		2619.59 time, 2620.02 real, 64 MB
[runlim] sample:		2629.59 time, 2630.02 real, 64 MB
[runlim] sample:		2639.59 time, 2640.02 real, 64 MB
[runlim] sample:		2649.59 time, 2650.02 real, 64 MB
[runlim] sample:		2659.59 time, 2660.02 real, 64 MB
[runlim] sample:		2669.59 time, 2670.02 real, 64 MB
[runlim] sample:		2679.59 time, 2680.02 real, 65 MB
[runlim] sample:		2689.59 time, 2690.02 real, 65 MB
[runlim] sample:		2699.59 time, 2700.02 real, 65 MB


 SIG RECEIVED

[runlim] end:			Thu Feb 27 10:47:18 2020
[runlim] status:		out of time
[runlim] result:		2
[runlim] children:		1
[runlim] real:			2700.14 seconds
[runlim] time:			2699.59 seconds
[runlim] space:			65 MB
[runlim] samples:		27000
