[runlim] version:		1.18
[runlim] host:			c3n13
[runlim] time limit:		2700 seconds
[runlim] real time limit:	2700 seconds
[runlim] space limit:		7000 MB
[runlim] argv[0]:		./binary
[runlim] argv[1]:		/data/cnf/ankit/Set1/stmt9_350_351.qdimacs
[runlim] start:			Thu Feb 27 10:02:18 2020
[runlim] child:			7142
[runlim] sample:		10.00 time, 10.01 real, 8 MB
[runlim] sample:		20.00 time, 20.01 real, 9 MB
[runlim] sample:		30.00 time, 30.01 real, 10 MB
[runlim] sample:		40.00 time, 40.01 real, 10 MB
[runlim] sample:		50.00 time, 50.01 real, 10 MB
[runlim] sample:		60.00 time, 60.01 real, 11 MB
[runlim] sample:		70.00 time, 70.01 real, 11 MB
[runlim] sample:		80.00 time, 80.01 real, 11 MB
[runlim] sample:		90.00 time, 90.01 real, 12 MB
[runlim] sample:		100.00 time, 100.02 real, 12 MB
[runlim] sample:		110.00 time, 110.02 real, 12 MB
[runlim] sample:		120.00 time, 120.02 real, 12 MB
[runlim] sample:		130.00 time, 130.02 real, 13 MB
[runlim] sample:		140.00 time, 140.02 real, 13 MB
[runlim] sample:		150.00 time, 150.02 real, 13 MB
[runlim] sample:		160.00 time, 160.02 real, 14 MB
[runlim] sample:		170.00 time, 170.02 real, 14 MB
[runlim] sample:		180.00 time, 180.02 real, 14 MB
[runlim] sample:		190.00 time, 190.02 real, 15 MB
[runlim] sample:		200.00 time, 200.02 real, 15 MB
[runlim] sample:		210.00 time, 210.02 real, 15 MB
[runlim] sample:		220.00 time, 220.02 real, 16 MB
[runlim] sample:		230.00 time, 230.02 real, 15 MB
[runlim] sample:		239.99 time, 240.02 real, 16 MB
[runlim] sample:		250.00 time, 250.02 real, 16 MB
[runlim] sample:		260.00 time, 260.02 real, 16 MB
[runlim] sample:		269.99 time, 270.02 real, 16 MB
[runlim] sample:		280.00 time, 280.02 real, 16 MB
[runlim] sample:		289.99 time, 290.02 real, 16 MB
[runlim] sample:		300.00 time, 300.02 real, 17 MB
[runlim] sample:		309.99 time, 310.02 real, 17 MB
[runlim] sample:		319.99 time, 320.02 real, 17 MB
[runlim] sample:		330.00 time, 330.02 real, 17 MB
[runlim] sample:		340.00 time, 340.02 real, 17 MB
[runlim] sample:		350.00 time, 350.02 real, 18 MB
[runlim] sample:		359.99 time, 360.02 real, 18 MB
[runlim] sample:		369.99 time, 370.02 real, 18 MB
[runlim] sample:		380.00 time, 380.02 real, 18 MB
[runlim] sample:		390.00 time, 390.02 real, 18 MB
[runlim] sample:		400.00 time, 400.02 real, 18 MB
[runlim] sample:		409.99 time, 410.02 real, 18 MB
[runlim] sample:		419.99 time, 420.02 real, 18 MB
[runlim] sample:		430.00 time, 430.02 real, 19 MB
[runlim] sample:		439.99 time, 440.02 real, 19 MB
[runlim] sample:		450.00 time, 450.02 real, 19 MB
[runlim] sample:		459.99 time, 460.02 real, 19 MB
[runlim] sample:		469.99 time, 470.02 real, 19 MB
[runlim] sample:		479.99 time, 480.02 real, 19 MB
[runlim] sample:		490.00 time, 490.02 real, 20 MB
[runlim] sample:		500.00 time, 500.02 real, 20 MB
[runlim] sample:		509.99 time, 510.02 real, 20 MB
[runlim] sample:		519.99 time, 520.02 real, 20 MB
[runlim] sample:		529.99 time, 530.02 real, 20 MB
[runlim] sample:		540.00 time, 540.02 real, 20 MB
[runlim] sample:		549.99 time, 550.02 real, 20 MB
[runlim] sample:		560.00 time, 560.02 real, 20 MB
[runlim] sample:		570.00 time, 570.02 real, 20 MB
[runlim] sample:		580.00 time, 580.02 real, 20 MB
[runlim] sample:		590.00 time, 590.02 real, 20 MB
[runlim] sample:		599.99 time, 600.02 real, 21 MB
[runlim] sample:		609.99 time, 610.02 real, 21 MB
[runlim] sample:		620.00 time, 620.02 real, 21 MB
[runlim] sample:		629.99 time, 630.02 real, 21 MB
[runlim] sample:		640.00 time, 640.02 real, 21 MB
[runlim] sample:		649.99 time, 650.02 real, 21 MB
[runlim] sample:		660.00 time, 660.02 real, 21 MB
[runlim] sample:		669.99 time, 670.02 real, 22 MB
[runlim] sample:		680.00 time, 680.02 real, 22 MB
[runlim] sample:		689.99 time, 690.02 real, 22 MB
[runlim] sample:		699.99 time, 700.02 real, 22 MB
[runlim] sample:		709.99 time, 710.02 real, 22 MB
[runlim] sample:		719.99 time, 720.02 real, 22 MB
[runlim] sample:		730.00 time, 730.02 real, 23 MB
[runlim] sample:		740.00 time, 740.02 real, 23 MB
[runlim] sample:		749.99 time, 750.02 real, 23 MB
[runlim] sample:		759.99 time, 760.02 real, 23 MB
[runlim] sample:		769.99 time, 770.02 real, 23 MB
[runlim] sample:		780.00 time, 780.02 real, 23 MB
[runlim] sample:		790.00 time, 790.02 real, 23 MB
[runlim] sample:		799.99 time, 800.02 real, 23 MB
[runlim] sample:		810.00 time, 810.02 real, 23 MB
[runlim] sample:		819.99 time, 820.02 real, 23 MB
[runlim] sample:		830.00 time, 830.02 real, 24 MB
[runlim] sample:		839.99 time, 840.02 real, 24 MB
[runlim] sample:		850.00 time, 850.02 real, 24 MB
[runlim] sample:		860.00 time, 860.02 real, 24 MB
[runlim] sample:		869.99 time, 870.02 real, 24 MB
[runlim] sample:		879.99 time, 880.02 real, 24 MB
[runlim] sample:		889.99 time, 890.02 real, 24 MB
[runlim] sample:		899.99 time, 900.02 real, 24 MB
[runlim] sample:		909.99 time, 910.02 real, 24 MB
[runlim] sample:		919.99 time, 920.02 real, 24 MB
[runlim] sample:		929.99 time, 930.02 real, 24 MB
[runlim] sample:		939.99 time, 940.02 real, 24 MB
[runlim] sample:		949.99 time, 950.02 real, 24 MB
[runlim] end:			Thu Feb 27 10:18:17 2020
[runlim] status:		ok
[runlim] result:		0
[runlim] children:		1
[runlim] real:			958.56 seconds
[runlim] time:			958.49 seconds
[runlim] space:			25 MB
[runlim] samples:		9585
