[runlim] version:		1.18
[runlim] host:			c3n13
[runlim] time limit:		2700 seconds
[runlim] real time limit:	2700 seconds
[runlim] space limit:		7000 MB
[runlim] argv[0]:		./binary
[runlim] argv[1]:		/data/cnf/ankit/Set1/stmt9_445_446.qdimacs
[runlim] start:			Thu Feb 27 10:02:18 2020
[runlim] child:			7166
[runlim] sample:		10.01 time, 10.02 real, 9 MB
[runlim] sample:		20.00 time, 20.02 real, 9 MB
[runlim] sample:		30.00 time, 30.02 real, 9 MB
[runlim] sample:		40.00 time, 40.02 real, 9 MB
[runlim] sample:		50.01 time, 50.02 real, 10 MB
[runlim] sample:		60.00 time, 60.02 real, 10 MB
[runlim] sample:		70.00 time, 70.02 real, 11 MB
[runlim] sample:		80.01 time, 80.02 real, 11 MB
[runlim] sample:		90.00 time, 90.02 real, 11 MB
[runlim] sample:		100.01 time, 100.02 real, 11 MB
[runlim] sample:		110.00 time, 110.02 real, 12 MB
[runlim] sample:		120.01 time, 120.02 real, 12 MB
[runlim] sample:		130.01 time, 130.02 real, 12 MB
[runlim] sample:		140.00 time, 140.02 real, 12 MB
[runlim] sample:		150.00 time, 150.02 real, 12 MB
[runlim] sample:		160.00 time, 160.02 real, 13 MB
[runlim] sample:		170.00 time, 170.02 real, 13 MB
[runlim] sample:		180.00 time, 180.02 real, 13 MB
[runlim] sample:		190.01 time, 190.02 real, 13 MB
[runlim] sample:		200.00 time, 200.02 real, 13 MB
[runlim] sample:		210.01 time, 210.02 real, 13 MB
[runlim] sample:		220.01 time, 220.02 real, 14 MB
[runlim] sample:		230.00 time, 230.02 real, 14 MB
[runlim] sample:		240.00 time, 240.02 real, 14 MB
[runlim] sample:		249.99 time, 250.02 real, 14 MB
[runlim] sample:		260.00 time, 260.02 real, 15 MB
[runlim] sample:		270.00 time, 270.02 real, 15 MB
[runlim] sample:		279.99 time, 280.02 real, 15 MB
[runlim] sample:		290.00 time, 290.02 real, 15 MB
[runlim] sample:		300.00 time, 300.02 real, 15 MB
[runlim] sample:		309.99 time, 310.02 real, 15 MB
[runlim] sample:		319.99 time, 320.02 real, 16 MB
[runlim] sample:		329.99 time, 330.02 real, 18 MB
[runlim] sample:		339.99 time, 340.02 real, 18 MB
[runlim] sample:		349.99 time, 350.02 real, 18 MB
[runlim] sample:		359.99 time, 360.02 real, 19 MB
[runlim] sample:		369.99 time, 370.02 real, 19 MB
[runlim] sample:		379.99 time, 380.02 real, 19 MB
[runlim] sample:		389.99 time, 390.02 real, 19 MB
[runlim] sample:		400.00 time, 400.02 real, 19 MB
[runlim] sample:		410.00 time, 410.02 real, 19 MB
[runlim] sample:		419.99 time, 420.02 real, 19 MB
[runlim] sample:		429.99 time, 430.02 real, 19 MB
[runlim] sample:		439.99 time, 440.02 real, 19 MB
[runlim] sample:		449.99 time, 450.02 real, 20 MB
[runlim] sample:		459.99 time, 460.02 real, 20 MB
[runlim] sample:		469.99 time, 470.02 real, 20 MB
[runlim] sample:		479.99 time, 480.02 real, 20 MB
[runlim] sample:		489.99 time, 490.02 real, 20 MB
[runlim] sample:		499.99 time, 500.02 real, 20 MB
[runlim] sample:		509.99 time, 510.02 real, 20 MB
[runlim] sample:		519.99 time, 520.02 real, 20 MB
[runlim] sample:		529.99 time, 530.02 real, 20 MB
[runlim] sample:		539.99 time, 540.02 real, 21 MB
[runlim] sample:		549.99 time, 550.02 real, 21 MB
[runlim] sample:		559.99 time, 560.02 real, 21 MB
[runlim] sample:		569.99 time, 570.02 real, 21 MB
[runlim] sample:		579.99 time, 580.02 real, 21 MB
[runlim] sample:		589.99 time, 590.02 real, 21 MB
[runlim] sample:		599.99 time, 600.02 real, 21 MB
[runlim] sample:		609.99 time, 610.02 real, 21 MB
[runlim] sample:		619.99 time, 620.02 real, 21 MB
[runlim] sample:		629.99 time, 630.02 real, 21 MB
[runlim] sample:		639.99 time, 640.02 real, 21 MB
[runlim] sample:		649.98 time, 650.02 real, 21 MB
[runlim] sample:		659.99 time, 660.02 real, 21 MB
[runlim] sample:		669.99 time, 670.02 real, 22 MB
[runlim] sample:		679.98 time, 680.02 real, 22 MB
[runlim] sample:		689.98 time, 690.02 real, 22 MB
[runlim] sample:		699.99 time, 700.02 real, 22 MB
[runlim] sample:		709.99 time, 710.02 real, 22 MB
[runlim] sample:		719.99 time, 720.02 real, 23 MB
[runlim] sample:		729.98 time, 730.02 real, 23 MB
[runlim] sample:		739.98 time, 740.02 real, 23 MB
[runlim] sample:		749.98 time, 750.02 real, 23 MB
[runlim] sample:		759.98 time, 760.02 real, 23 MB
[runlim] sample:		769.98 time, 770.02 real, 22 MB
[runlim] sample:		779.98 time, 780.02 real, 22 MB
[runlim] sample:		789.98 time, 790.02 real, 23 MB
[runlim] sample:		799.98 time, 800.02 real, 23 MB
[runlim] sample:		809.98 time, 810.02 real, 23 MB
[runlim] sample:		819.98 time, 820.02 real, 23 MB
[runlim] sample:		829.98 time, 830.02 real, 23 MB
[runlim] sample:		839.98 time, 840.02 real, 24 MB
[runlim] sample:		849.97 time, 850.02 real, 24 MB
[runlim] sample:		859.98 time, 860.02 real, 24 MB
[runlim] sample:		869.99 time, 870.02 real, 24 MB
[runlim] sample:		879.98 time, 880.02 real, 24 MB
[runlim] sample:		889.98 time, 890.02 real, 24 MB
[runlim] sample:		899.98 time, 900.02 real, 24 MB
[runlim] sample:		909.98 time, 910.02 real, 24 MB
[runlim] sample:		919.97 time, 920.02 real, 24 MB
[runlim] sample:		929.97 time, 930.02 real, 24 MB
[runlim] sample:		939.98 time, 940.02 real, 24 MB
[runlim] sample:		949.98 time, 950.02 real, 24 MB
[runlim] sample:		959.97 time, 960.02 real, 24 MB
[runlim] sample:		969.97 time, 970.02 real, 24 MB
[runlim] sample:		979.98 time, 980.02 real, 24 MB
[runlim] sample:		989.98 time, 990.02 real, 24 MB
[runlim] sample:		999.98 time, 1000.02 real, 24 MB
[runlim] sample:		1009.97 time, 1010.02 real, 25 MB
[runlim] sample:		1019.97 time, 1020.02 real, 25 MB
[runlim] sample:		1029.97 time, 1030.02 real, 25 MB
[runlim] sample:		1039.97 time, 1040.02 real, 25 MB
[runlim] sample:		1049.98 time, 1050.02 real, 25 MB
[runlim] sample:		1059.97 time, 1060.02 real, 25 MB
[runlim] sample:		1069.97 time, 1070.02 real, 25 MB
[runlim] sample:		1079.97 time, 1080.02 real, 25 MB
[runlim] sample:		1089.97 time, 1090.02 real, 25 MB
[runlim] sample:		1099.97 time, 1100.02 real, 25 MB
[runlim] sample:		1109.97 time, 1110.02 real, 25 MB
[runlim] sample:		1119.97 time, 1120.02 real, 25 MB
[runlim] sample:		1129.97 time, 1130.02 real, 25 MB
[runlim] sample:		1139.97 time, 1140.02 real, 25 MB
[runlim] sample:		1149.97 time, 1150.02 real, 25 MB
[runlim] sample:		1159.97 time, 1160.02 real, 25 MB
[runlim] sample:		1169.97 time, 1170.02 real, 25 MB
[runlim] sample:		1179.97 time, 1180.02 real, 26 MB
[runlim] sample:		1189.97 time, 1190.02 real, 26 MB
[runlim] sample:		1199.96 time, 1200.02 real, 26 MB
[runlim] sample:		1209.97 time, 1210.02 real, 26 MB
[runlim] sample:		1219.96 time, 1220.02 real, 26 MB
[runlim] sample:		1229.97 time, 1230.02 real, 26 MB
[runlim] sample:		1239.97 time, 1240.02 real, 26 MB
[runlim] sample:		1249.97 time, 1250.02 real, 26 MB
[runlim] sample:		1259.97 time, 1260.02 real, 26 MB
[runlim] sample:		1269.96 time, 1270.02 real, 26 MB
[runlim] sample:		1279.97 time, 1280.02 real, 26 MB
[runlim] sample:		1289.96 time, 1290.02 real, 26 MB
[runlim] sample:		1299.97 time, 1300.02 real, 26 MB
[runlim] sample:		1309.97 time, 1310.02 real, 26 MB
[runlim] sample:		1319.96 time, 1320.02 real, 26 MB
[runlim] sample:		1329.96 time, 1330.02 real, 26 MB
[runlim] sample:		1339.96 time, 1340.02 real, 26 MB
[runlim] sample:		1349.96 time, 1350.02 real, 26 MB
[runlim] sample:		1359.96 time, 1360.02 real, 27 MB
[runlim] sample:		1369.97 time, 1370.02 real, 27 MB
[runlim] sample:		1379.96 time, 1380.02 real, 27 MB
[runlim] sample:		1389.97 time, 1390.02 real, 27 MB
[runlim] sample:		1399.96 time, 1400.02 real, 27 MB
[runlim] sample:		1409.96 time, 1410.02 real, 27 MB
[runlim] sample:		1419.96 time, 1420.02 real, 27 MB
[runlim] sample:		1429.96 time, 1430.02 real, 28 MB
[runlim] sample:		1439.96 time, 1440.02 real, 28 MB
[runlim] sample:		1449.96 time, 1450.02 real, 28 MB
[runlim] sample:		1459.96 time, 1460.02 real, 28 MB
[runlim] sample:		1469.96 time, 1470.02 real, 28 MB
[runlim] sample:		1479.95 time, 1480.02 real, 28 MB
[runlim] sample:		1489.96 time, 1490.02 real, 28 MB
[runlim] sample:		1499.96 time, 1500.02 real, 28 MB
[runlim] sample:		1509.95 time, 1510.02 real, 28 MB
[runlim] sample:		1519.96 time, 1520.02 real, 28 MB
[runlim] sample:		1529.96 time, 1530.02 real, 28 MB
[runlim] sample:		1539.95 time, 1540.02 real, 28 MB
[runlim] sample:		1549.96 time, 1550.02 real, 28 MB
[runlim] sample:		1559.95 time, 1560.02 real, 28 MB
[runlim] sample:		1569.96 time, 1570.02 real, 28 MB
[runlim] sample:		1579.95 time, 1580.02 real, 28 MB
[runlim] sample:		1589.96 time, 1590.02 real, 28 MB
[runlim] sample:		1599.96 time, 1600.02 real, 28 MB
[runlim] sample:		1609.95 time, 1610.02 real, 28 MB
[runlim] sample:		1619.96 time, 1620.02 real, 28 MB
[runlim] sample:		1629.96 time, 1630.02 real, 28 MB
[runlim] sample:		1639.96 time, 1640.02 real, 29 MB
[runlim] sample:		1649.95 time, 1650.02 real, 29 MB
[runlim] sample:		1659.96 time, 1660.02 real, 29 MB
[runlim] sample:		1669.96 time, 1670.02 real, 29 MB
[runlim] sample:		1679.95 time, 1680.02 real, 29 MB
[runlim] sample:		1689.95 time, 1690.02 real, 29 MB
[runlim] sample:		1699.95 time, 1700.02 real, 29 MB
[runlim] sample:		1709.95 time, 1710.02 real, 29 MB
[runlim] sample:		1719.95 time, 1720.02 real, 29 MB
[runlim] sample:		1729.95 time, 1730.02 real, 29 MB
[runlim] sample:		1739.95 time, 1740.02 real, 29 MB
[runlim] sample:		1749.95 time, 1750.02 real, 29 MB
[runlim] sample:		1759.95 time, 1760.02 real, 29 MB
[runlim] sample:		1769.95 time, 1770.02 real, 29 MB
[runlim] sample:		1779.95 time, 1780.02 real, 29 MB
[runlim] sample:		1789.95 time, 1790.02 real, 29 MB
[runlim] sample:		1799.94 time, 1800.02 real, 29 MB
[runlim] sample:		1809.95 time, 1810.02 real, 29 MB
[runlim] sample:		1819.94 time, 1820.02 real, 29 MB
[runlim] sample:		1829.94 time, 1830.02 real, 30 MB
[runlim] sample:		1839.95 time, 1840.02 real, 30 MB
[runlim] sample:		1849.95 time, 1850.02 real, 30 MB
[runlim] sample:		1859.94 time, 1860.02 real, 30 MB
[runlim] sample:		1869.95 time, 1870.02 real, 30 MB
[runlim] sample:		1879.95 time, 1880.02 real, 30 MB
[runlim] sample:		1889.94 time, 1890.02 real, 30 MB
[runlim] sample:		1899.94 time, 1900.02 real, 30 MB
[runlim] sample:		1909.94 time, 1910.02 real, 30 MB
[runlim] sample:		1919.95 time, 1920.02 real, 31 MB
[runlim] sample:		1929.95 time, 1930.02 real, 31 MB
[runlim] sample:		1939.95 time, 1940.02 real, 32 MB
[runlim] sample:		1949.95 time, 1950.02 real, 34 MB
[runlim] sample:		1959.94 time, 1960.02 real, 34 MB
[runlim] sample:		1969.94 time, 1970.02 real, 34 MB
[runlim] sample:		1979.94 time, 1980.02 real, 35 MB
[runlim] sample:		1989.95 time, 1990.02 real, 35 MB
[runlim] sample:		1999.94 time, 2000.02 real, 35 MB
[runlim] sample:		2009.94 time, 2010.02 real, 35 MB
[runlim] sample:		2019.94 time, 2020.02 real, 35 MB
[runlim] sample:		2029.94 time, 2030.02 real, 35 MB
[runlim] sample:		2039.94 time, 2040.02 real, 35 MB
[runlim] sample:		2049.94 time, 2050.02 real, 35 MB
[runlim] sample:		2059.94 time, 2060.02 real, 35 MB
[runlim] sample:		2069.94 time, 2070.02 real, 35 MB
[runlim] sample:		2079.94 time, 2080.02 real, 36 MB
[runlim] sample:		2089.94 time, 2090.02 real, 36 MB
[runlim] sample:		2099.94 time, 2100.02 real, 36 MB
[runlim] sample:		2109.94 time, 2110.02 real, 36 MB
[runlim] sample:		2119.94 time, 2120.02 real, 36 MB
[runlim] sample:		2129.94 time, 2130.02 real, 36 MB
[runlim] sample:		2139.94 time, 2140.02 real, 36 MB
[runlim] sample:		2149.94 time, 2150.02 real, 36 MB
[runlim] sample:		2159.93 time, 2160.02 real, 36 MB
[runlim] sample:		2169.94 time, 2170.02 real, 36 MB
[runlim] sample:		2179.94 time, 2180.02 real, 36 MB
[runlim] sample:		2189.93 time, 2190.02 real, 36 MB
[runlim] sample:		2199.94 time, 2200.02 real, 36 MB
[runlim] sample:		2209.93 time, 2210.02 real, 37 MB
[runlim] sample:		2219.94 time, 2220.02 real, 37 MB
[runlim] sample:		2229.94 time, 2230.02 real, 37 MB
[runlim] sample:		2239.94 time, 2240.02 real, 37 MB
[runlim] sample:		2249.93 time, 2250.02 real, 37 MB
[runlim] sample:		2259.94 time, 2260.02 real, 37 MB
[runlim] sample:		2269.93 time, 2270.02 real, 37 MB
[runlim] sample:		2279.93 time, 2280.02 real, 37 MB
[runlim] sample:		2289.93 time, 2290.02 real, 38 MB
[runlim] sample:		2299.93 time, 2300.02 real, 38 MB
[runlim] sample:		2309.94 time, 2310.02 real, 38 MB
[runlim] sample:		2319.93 time, 2320.02 real, 38 MB
[runlim] sample:		2329.93 time, 2330.02 real, 38 MB
[runlim] sample:		2339.93 time, 2340.02 real, 38 MB
[runlim] sample:		2349.93 time, 2350.02 real, 38 MB
[runlim] sample:		2359.93 time, 2360.02 real, 38 MB
[runlim] sample:		2369.93 time, 2370.02 real, 38 MB
[runlim] sample:		2379.93 time, 2380.02 real, 38 MB
[runlim] sample:		2389.93 time, 2390.02 real, 38 MB
[runlim] sample:		2399.92 time, 2400.02 real, 38 MB
[runlim] sample:		2409.92 time, 2410.02 real, 38 MB
[runlim] sample:		2419.93 time, 2420.02 real, 38 MB
[runlim] sample:		2429.93 time, 2430.02 real, 38 MB
[runlim] sample:		2439.93 time, 2440.02 real, 38 MB
[runlim] sample:		2449.93 time, 2450.02 real, 38 MB
[runlim] sample:		2459.93 time, 2460.02 real, 38 MB
[runlim] sample:		2469.93 time, 2470.02 real, 38 MB
[runlim] sample:		2479.93 time, 2480.02 real, 38 MB
[runlim] sample:		2489.93 time, 2490.02 real, 38 MB
[runlim] sample:		2499.93 time, 2500.02 real, 38 MB
[runlim] sample:		2509.93 time, 2510.02 real, 38 MB
[runlim] sample:		2519.93 time, 2520.02 real, 38 MB
[runlim] sample:		2529.92 time, 2530.02 real, 38 MB
[runlim] sample:		2539.92 time, 2540.02 real, 38 MB
[runlim] sample:		2549.92 time, 2550.02 real, 39 MB
[runlim] sample:		2559.93 time, 2560.02 real, 39 MB
[runlim] sample:		2569.92 time, 2570.02 real, 39 MB
[runlim] sample:		2579.92 time, 2580.02 real, 39 MB
[runlim] sample:		2589.92 time, 2590.02 real, 39 MB
[runlim] sample:		2599.92 time, 2600.02 real, 39 MB
[runlim] sample:		2609.92 time, 2610.02 real, 39 MB
[runlim] sample:		2619.92 time, 2620.02 real, 39 MB
[runlim] sample:		2629.92 time, 2630.02 real, 39 MB
[runlim] sample:		2639.92 time, 2640.02 real, 39 MB
[runlim] sample:		2649.92 time, 2650.02 real, 39 MB
[runlim] sample:		2659.92 time, 2660.02 real, 39 MB
[runlim] sample:		2669.92 time, 2670.02 real, 39 MB
[runlim] sample:		2679.92 time, 2680.02 real, 39 MB
[runlim] sample:		2689.92 time, 2690.02 real, 39 MB
[runlim] sample:		2699.92 time, 2700.02 real, 39 MB


 SIG RECEIVED

[runlim] end:			Thu Feb 27 10:47:18 2020
[runlim] status:		out of time
[runlim] result:		2
[runlim] children:		1
[runlim] real:			2700.13 seconds
[runlim] time:			2699.92 seconds
[runlim] space:			39 MB
[runlim] samples:		27000
