[runlim] version:		1.18
[runlim] host:			c3n10
[runlim] time limit:		2700 seconds
[runlim] real time limit:	2700 seconds
[runlim] space limit:		7000 MB
[runlim] argv[0]:		./binary
[runlim] argv[1]:		/data/cnf/ankit/Set1/stmt2_480_551.qdimacs
[runlim] start:			Thu Feb 27 10:02:18 2020
[runlim] child:			9666
[runlim] sample:		10.00 time, 10.02 real, 9 MB
[runlim] sample:		20.01 time, 20.02 real, 9 MB
[runlim] sample:		30.01 time, 30.02 real, 9 MB
[runlim] sample:		40.01 time, 40.02 real, 10 MB
[runlim] sample:		50.00 time, 50.02 real, 10 MB
[runlim] sample:		60.01 time, 60.02 real, 10 MB
[runlim] sample:		70.00 time, 70.02 real, 10 MB
[runlim] sample:		80.00 time, 80.02 real, 12 MB
[runlim] sample:		90.00 time, 90.02 real, 14 MB
[runlim] sample:		100.00 time, 100.02 real, 14 MB
[runlim] sample:		109.97 time, 110.02 real, 14 MB
[runlim] sample:		119.95 time, 120.02 real, 15 MB
[runlim] sample:		129.92 time, 130.02 real, 15 MB
[runlim] sample:		139.89 time, 140.02 real, 15 MB
[runlim] sample:		149.87 time, 150.02 real, 15 MB
[runlim] sample:		159.84 time, 160.02 real, 16 MB
[runlim] sample:		169.81 time, 170.02 real, 16 MB
[runlim] sample:		179.78 time, 180.02 real, 16 MB
[runlim] sample:		189.76 time, 190.02 real, 16 MB
[runlim] sample:		199.73 time, 200.02 real, 16 MB
[runlim] sample:		209.71 time, 210.02 real, 16 MB
[runlim] sample:		219.68 time, 220.02 real, 16 MB
[runlim] sample:		229.65 time, 230.02 real, 16 MB
[runlim] sample:		239.62 time, 240.02 real, 16 MB
[runlim] sample:		249.60 time, 250.02 real, 16 MB
[runlim] sample:		259.57 time, 260.02 real, 16 MB
[runlim] sample:		269.55 time, 270.02 real, 16 MB
[runlim] sample:		279.52 time, 280.02 real, 16 MB
[runlim] sample:		289.50 time, 290.02 real, 17 MB
[runlim] sample:		299.46 time, 300.02 real, 17 MB
[runlim] sample:		309.43 time, 310.02 real, 17 MB
[runlim] sample:		319.41 time, 320.02 real, 17 MB
[runlim] sample:		329.38 time, 330.02 real, 17 MB
[runlim] sample:		339.35 time, 340.02 real, 17 MB
[runlim] sample:		349.33 time, 350.02 real, 18 MB
[runlim] sample:		359.31 time, 360.02 real, 17 MB
[runlim] sample:		369.28 time, 370.02 real, 17 MB
[runlim] sample:		379.25 time, 380.02 real, 17 MB
[runlim] sample:		389.23 time, 390.02 real, 19 MB
[runlim] sample:		399.20 time, 400.02 real, 19 MB
[runlim] sample:		409.17 time, 410.02 real, 19 MB
[runlim] sample:		419.15 time, 420.02 real, 19 MB
[runlim] sample:		429.12 time, 430.02 real, 19 MB
[runlim] sample:		439.11 time, 440.02 real, 19 MB
[runlim] sample:		449.08 time, 450.02 real, 21 MB
[runlim] sample:		459.05 time, 460.02 real, 21 MB
[runlim] sample:		469.03 time, 470.02 real, 23 MB
[runlim] sample:		479.00 time, 480.02 real, 23 MB
[runlim] sample:		488.98 time, 490.02 real, 23 MB
[runlim] sample:		498.95 time, 500.02 real, 23 MB
[runlim] sample:		508.94 time, 510.02 real, 23 MB
[runlim] sample:		518.91 time, 520.02 real, 23 MB
[runlim] sample:		528.89 time, 530.02 real, 23 MB
[runlim] sample:		538.86 time, 540.02 real, 24 MB
[runlim] sample:		548.84 time, 550.02 real, 24 MB
[runlim] sample:		558.81 time, 560.02 real, 24 MB
[runlim] sample:		568.79 time, 570.02 real, 24 MB
[runlim] sample:		578.76 time, 580.02 real, 24 MB
[runlim] sample:		588.74 time, 590.02 real, 24 MB
[runlim] sample:		598.71 time, 600.02 real, 24 MB
[runlim] sample:		608.70 time, 610.02 real, 24 MB
[runlim] sample:		618.66 time, 620.02 real, 24 MB
[runlim] sample:		628.64 time, 630.02 real, 24 MB
[runlim] sample:		638.62 time, 640.02 real, 24 MB
[runlim] sample:		648.59 time, 650.02 real, 24 MB
[runlim] sample:		658.57 time, 660.02 real, 24 MB
[runlim] sample:		668.54 time, 670.02 real, 24 MB
[runlim] sample:		678.52 time, 680.02 real, 24 MB
[runlim] sample:		688.50 time, 690.02 real, 24 MB
[runlim] sample:		698.47 time, 700.02 real, 24 MB
[runlim] sample:		708.45 time, 710.02 real, 24 MB
[runlim] sample:		718.42 time, 720.02 real, 24 MB
[runlim] sample:		728.39 time, 730.02 real, 25 MB
[runlim] sample:		738.37 time, 740.02 real, 25 MB
[runlim] sample:		748.35 time, 750.02 real, 25 MB
[runlim] sample:		758.32 time, 760.02 real, 25 MB
[runlim] sample:		768.29 time, 770.02 real, 25 MB
[runlim] sample:		778.27 time, 780.02 real, 25 MB
[runlim] sample:		788.24 time, 790.02 real, 25 MB
[runlim] sample:		798.22 time, 800.02 real, 26 MB
[runlim] sample:		808.20 time, 810.02 real, 26 MB
[runlim] sample:		818.17 time, 820.02 real, 26 MB
[runlim] sample:		828.15 time, 830.02 real, 26 MB
[runlim] sample:		838.12 time, 840.02 real, 26 MB
[runlim] sample:		848.09 time, 850.02 real, 26 MB
[runlim] sample:		858.07 time, 860.02 real, 26 MB
[runlim] sample:		868.05 time, 870.02 real, 26 MB
[runlim] sample:		878.05 time, 880.02 real, 26 MB
[runlim] sample:		888.05 time, 890.02 real, 26 MB
[runlim] sample:		898.06 time, 900.02 real, 26 MB
[runlim] sample:		908.06 time, 910.02 real, 26 MB
[runlim] sample:		918.06 time, 920.02 real, 26 MB
[runlim] sample:		928.06 time, 930.02 real, 27 MB
[runlim] sample:		938.05 time, 940.02 real, 27 MB
[runlim] sample:		948.05 time, 950.02 real, 27 MB
[runlim] sample:		958.06 time, 960.02 real, 27 MB
[runlim] sample:		968.05 time, 970.02 real, 27 MB
[runlim] sample:		978.05 time, 980.02 real, 27 MB
[runlim] sample:		988.06 time, 990.02 real, 27 MB
[runlim] sample:		998.06 time, 1000.02 real, 27 MB
[runlim] sample:		1008.06 time, 1010.02 real, 27 MB
[runlim] sample:		1018.06 time, 1020.02 real, 27 MB
[runlim] sample:		1028.05 time, 1030.02 real, 27 MB
[runlim] sample:		1038.05 time, 1040.02 real, 27 MB
[runlim] sample:		1048.05 time, 1050.02 real, 28 MB
[runlim] sample:		1058.05 time, 1060.02 real, 28 MB
[runlim] sample:		1068.06 time, 1070.02 real, 28 MB
[runlim] sample:		1078.05 time, 1080.02 real, 28 MB
[runlim] sample:		1088.06 time, 1090.02 real, 28 MB
[runlim] sample:		1098.05 time, 1100.02 real, 28 MB
[runlim] sample:		1108.05 time, 1110.02 real, 29 MB
[runlim] sample:		1118.06 time, 1120.02 real, 29 MB
[runlim] sample:		1128.05 time, 1130.02 real, 29 MB
[runlim] sample:		1138.05 time, 1140.02 real, 29 MB
[runlim] sample:		1148.05 time, 1150.02 real, 29 MB
[runlim] sample:		1158.05 time, 1160.02 real, 29 MB
[runlim] sample:		1168.05 time, 1170.02 real, 29 MB
[runlim] sample:		1178.05 time, 1180.02 real, 29 MB
[runlim] sample:		1188.05 time, 1190.02 real, 29 MB
[runlim] sample:		1198.05 time, 1200.02 real, 30 MB
[runlim] sample:		1208.05 time, 1210.02 real, 30 MB
[runlim] sample:		1218.05 time, 1220.02 real, 30 MB
[runlim] sample:		1228.05 time, 1230.02 real, 30 MB
[runlim] sample:		1238.05 time, 1240.02 real, 30 MB
[runlim] sample:		1248.06 time, 1250.02 real, 30 MB
[runlim] sample:		1258.05 time, 1260.02 real, 30 MB
[runlim] sample:		1268.05 time, 1270.02 real, 30 MB
[runlim] sample:		1278.05 time, 1280.02 real, 30 MB
[runlim] sample:		1288.05 time, 1290.02 real, 30 MB
[runlim] sample:		1298.05 time, 1300.02 real, 30 MB
[runlim] sample:		1308.05 time, 1310.02 real, 30 MB
[runlim] sample:		1318.05 time, 1320.02 real, 30 MB
[runlim] sample:		1328.05 time, 1330.02 real, 30 MB
[runlim] sample:		1338.05 time, 1340.02 real, 30 MB
[runlim] sample:		1348.05 time, 1350.02 real, 30 MB
[runlim] sample:		1358.04 time, 1360.02 real, 30 MB
[runlim] sample:		1368.05 time, 1370.02 real, 30 MB
[runlim] sample:		1378.05 time, 1380.02 real, 30 MB
[runlim] sample:		1388.05 time, 1390.02 real, 30 MB
[runlim] sample:		1398.04 time, 1400.02 real, 30 MB
[runlim] sample:		1408.05 time, 1410.02 real, 30 MB
[runlim] sample:		1418.05 time, 1420.02 real, 30 MB
[runlim] sample:		1428.05 time, 1430.02 real, 30 MB
[runlim] sample:		1438.05 time, 1440.02 real, 30 MB
[runlim] sample:		1448.05 time, 1450.02 real, 31 MB
[runlim] sample:		1458.04 time, 1460.02 real, 31 MB
[runlim] sample:		1468.04 time, 1470.02 real, 31 MB
[runlim] sample:		1478.04 time, 1480.02 real, 31 MB
[runlim] sample:		1488.05 time, 1490.02 real, 31 MB
[runlim] sample:		1498.05 time, 1500.02 real, 31 MB
[runlim] sample:		1508.05 time, 1510.02 real, 31 MB
[runlim] sample:		1518.05 time, 1520.02 real, 31 MB
[runlim] sample:		1528.05 time, 1530.02 real, 31 MB
[runlim] sample:		1538.05 time, 1540.02 real, 31 MB
[runlim] sample:		1548.05 time, 1550.02 real, 31 MB
[runlim] sample:		1558.05 time, 1560.02 real, 31 MB
[runlim] sample:		1568.05 time, 1570.02 real, 31 MB
[runlim] sample:		1578.05 time, 1580.02 real, 32 MB
[runlim] sample:		1588.05 time, 1590.02 real, 32 MB
[runlim] sample:		1598.05 time, 1600.02 real, 32 MB
[runlim] sample:		1608.05 time, 1610.02 real, 32 MB
[runlim] sample:		1618.04 time, 1620.02 real, 32 MB
[runlim] sample:		1628.05 time, 1630.02 real, 32 MB
[runlim] sample:		1638.04 time, 1640.02 real, 32 MB
[runlim] sample:		1648.04 time, 1650.02 real, 32 MB
[runlim] sample:		1658.05 time, 1660.02 real, 32 MB
[runlim] sample:		1668.04 time, 1670.02 real, 32 MB
[runlim] sample:		1678.04 time, 1680.02 real, 33 MB
[runlim] sample:		1688.04 time, 1690.02 real, 33 MB
[runlim] sample:		1698.05 time, 1700.02 real, 33 MB
[runlim] sample:		1708.05 time, 1710.02 real, 33 MB
[runlim] sample:		1718.04 time, 1720.02 real, 33 MB
[runlim] sample:		1728.05 time, 1730.02 real, 33 MB
[runlim] sample:		1738.04 time, 1740.02 real, 33 MB
[runlim] sample:		1748.05 time, 1750.02 real, 33 MB
[runlim] sample:		1758.04 time, 1760.02 real, 33 MB
[runlim] sample:		1768.04 time, 1770.02 real, 33 MB
[runlim] sample:		1778.04 time, 1780.02 real, 33 MB
[runlim] sample:		1788.04 time, 1790.02 real, 34 MB
[runlim] sample:		1798.05 time, 1800.02 real, 34 MB
[runlim] sample:		1808.05 time, 1810.02 real, 34 MB
[runlim] sample:		1818.04 time, 1820.02 real, 34 MB
[runlim] sample:		1828.04 time, 1830.02 real, 34 MB
[runlim] sample:		1838.04 time, 1840.02 real, 34 MB
[runlim] sample:		1848.04 time, 1850.02 real, 34 MB
[runlim] sample:		1858.04 time, 1860.02 real, 34 MB
[runlim] sample:		1868.04 time, 1870.02 real, 34 MB
[runlim] sample:		1878.04 time, 1880.02 real, 34 MB
[runlim] sample:		1888.04 time, 1890.02 real, 34 MB
[runlim] sample:		1898.04 time, 1900.02 real, 34 MB
[runlim] sample:		1908.04 time, 1910.02 real, 34 MB
[runlim] sample:		1918.04 time, 1920.02 real, 34 MB
[runlim] sample:		1928.04 time, 1930.02 real, 34 MB
[runlim] sample:		1938.04 time, 1940.02 real, 34 MB
[runlim] sample:		1948.04 time, 1950.02 real, 34 MB
[runlim] sample:		1958.04 time, 1960.02 real, 34 MB
[runlim] sample:		1968.04 time, 1970.02 real, 34 MB
[runlim] sample:		1978.04 time, 1980.02 real, 35 MB
[runlim] sample:		1988.04 time, 1990.02 real, 35 MB
[runlim] sample:		1998.04 time, 2000.02 real, 35 MB
[runlim] sample:		2008.04 time, 2010.02 real, 35 MB
[runlim] sample:		2018.04 time, 2020.02 real, 35 MB
[runlim] sample:		2028.04 time, 2030.02 real, 35 MB
[runlim] sample:		2038.04 time, 2040.02 real, 35 MB
[runlim] sample:		2048.04 time, 2050.02 real, 35 MB
[runlim] sample:		2058.04 time, 2060.02 real, 35 MB
[runlim] sample:		2068.04 time, 2070.02 real, 35 MB
[runlim] sample:		2078.04 time, 2080.02 real, 35 MB
[runlim] sample:		2088.04 time, 2090.02 real, 35 MB
[runlim] sample:		2098.04 time, 2100.02 real, 35 MB
[runlim] sample:		2108.04 time, 2110.02 real, 35 MB
[runlim] sample:		2118.04 time, 2120.02 real, 35 MB
[runlim] sample:		2128.04 time, 2130.02 real, 35 MB
[runlim] sample:		2138.04 time, 2140.02 real, 35 MB
[runlim] sample:		2148.04 time, 2150.02 real, 35 MB
[runlim] sample:		2158.04 time, 2160.02 real, 35 MB
[runlim] sample:		2168.04 time, 2170.02 real, 35 MB
[runlim] sample:		2178.04 time, 2180.02 real, 35 MB
[runlim] sample:		2188.04 time, 2190.02 real, 35 MB
[runlim] sample:		2198.04 time, 2200.02 real, 35 MB
[runlim] sample:		2208.04 time, 2210.02 real, 36 MB
[runlim] sample:		2218.04 time, 2220.02 real, 36 MB
[runlim] sample:		2228.04 time, 2230.02 real, 36 MB
[runlim] sample:		2238.04 time, 2240.02 real, 36 MB
[runlim] sample:		2248.04 time, 2250.02 real, 36 MB
[runlim] sample:		2258.04 time, 2260.02 real, 36 MB
[runlim] sample:		2268.03 time, 2270.02 real, 36 MB
[runlim] sample:		2278.03 time, 2280.02 real, 36 MB
[runlim] sample:		2288.04 time, 2290.02 real, 36 MB
[runlim] sample:		2298.04 time, 2300.02 real, 36 MB
[runlim] sample:		2308.03 time, 2310.02 real, 36 MB
[runlim] sample:		2318.03 time, 2320.02 real, 36 MB
[runlim] sample:		2328.03 time, 2330.02 real, 37 MB
[runlim] sample:		2338.04 time, 2340.02 real, 37 MB
[runlim] sample:		2348.04 time, 2350.02 real, 37 MB
[runlim] sample:		2358.04 time, 2360.02 real, 37 MB
[runlim] sample:		2368.04 time, 2370.02 real, 37 MB
[runlim] sample:		2378.04 time, 2380.02 real, 37 MB
[runlim] sample:		2388.04 time, 2390.02 real, 37 MB
[runlim] sample:		2398.04 time, 2400.02 real, 37 MB
[runlim] sample:		2408.04 time, 2410.02 real, 37 MB
[runlim] sample:		2418.04 time, 2420.02 real, 37 MB
[runlim] sample:		2428.03 time, 2430.02 real, 37 MB
[runlim] sample:		2438.04 time, 2440.02 real, 37 MB
[runlim] sample:		2448.03 time, 2450.02 real, 38 MB
[runlim] sample:		2458.03 time, 2460.02 real, 38 MB
[runlim] sample:		2468.03 time, 2470.02 real, 38 MB
[runlim] sample:		2478.04 time, 2480.02 real, 38 MB
[runlim] sample:		2488.03 time, 2490.02 real, 38 MB
[runlim] sample:		2498.03 time, 2500.02 real, 38 MB
[runlim] sample:		2508.04 time, 2510.02 real, 38 MB
[runlim] sample:		2518.03 time, 2520.02 real, 38 MB
[runlim] sample:		2528.03 time, 2530.02 real, 38 MB
[runlim] sample:		2538.03 time, 2540.02 real, 38 MB
[runlim] sample:		2548.04 time, 2550.02 real, 38 MB
[runlim] sample:		2558.04 time, 2560.02 real, 38 MB
[runlim] sample:		2568.03 time, 2570.02 real, 38 MB
[runlim] sample:		2578.03 time, 2580.02 real, 39 MB
[runlim] sample:		2588.03 time, 2590.02 real, 39 MB
[runlim] sample:		2598.03 time, 2600.02 real, 39 MB
[runlim] sample:		2608.04 time, 2610.02 real, 39 MB
[runlim] sample:		2618.03 time, 2620.02 real, 39 MB
[runlim] sample:		2628.03 time, 2630.02 real, 39 MB
[runlim] sample:		2638.03 time, 2640.02 real, 39 MB
[runlim] sample:		2648.03 time, 2650.02 real, 39 MB
[runlim] sample:		2658.03 time, 2660.02 real, 39 MB
[runlim] sample:		2668.03 time, 2670.02 real, 39 MB
[runlim] sample:		2678.03 time, 2680.02 real, 39 MB
[runlim] sample:		2688.03 time, 2690.02 real, 39 MB
[runlim] sample:		2698.03 time, 2700.02 real, 39 MB


 SIG RECEIVED

[runlim] end:			Thu Feb 27 10:47:18 2020
[runlim] status:		out of time
[runlim] result:		2
[runlim] children:		1
[runlim] real:			2700.11 seconds
[runlim] time:			2698.03 seconds
[runlim] space:			39 MB
[runlim] samples:		27000
