[runlim] version:		1.18
[runlim] host:			c3n10
[runlim] time limit:		2700 seconds
[runlim] real time limit:	2700 seconds
[runlim] space limit:		7000 MB
[runlim] argv[0]:		./binary
[runlim] argv[1]:		/data/cnf/ankit/Set1/stmt19_83_412.qdimacs
[runlim] start:			Thu Feb 27 10:02:18 2020
[runlim] child:			9738
[runlim] sample:		10.00 time, 10.02 real, 19 MB
[runlim] sample:		20.00 time, 20.02 real, 19 MB
[runlim] sample:		30.00 time, 30.02 real, 19 MB
[runlim] sample:		40.00 time, 40.02 real, 20 MB
[runlim] sample:		50.00 time, 50.02 real, 20 MB
[runlim] sample:		60.00 time, 60.02 real, 20 MB
[runlim] sample:		70.00 time, 70.02 real, 20 MB
[runlim] sample:		80.00 time, 80.02 real, 20 MB
[runlim] sample:		90.00 time, 90.02 real, 21 MB
[runlim] sample:		100.00 time, 100.02 real, 21 MB
[runlim] sample:		110.00 time, 110.02 real, 21 MB
[runlim] sample:		120.00 time, 120.02 real, 21 MB
[runlim] sample:		130.00 time, 130.02 real, 21 MB
[runlim] sample:		140.00 time, 140.02 real, 21 MB
[runlim] sample:		150.00 time, 150.02 real, 21 MB
[runlim] sample:		160.00 time, 160.02 real, 21 MB
[runlim] sample:		170.00 time, 170.02 real, 22 MB
[runlim] sample:		180.00 time, 180.02 real, 22 MB
[runlim] sample:		190.00 time, 190.02 real, 22 MB
[runlim] sample:		200.00 time, 200.02 real, 22 MB
[runlim] sample:		210.00 time, 210.02 real, 22 MB
[runlim] sample:		220.00 time, 220.02 real, 22 MB
[runlim] sample:		230.00 time, 230.02 real, 22 MB
[runlim] sample:		240.00 time, 240.02 real, 22 MB
[runlim] sample:		250.00 time, 250.02 real, 22 MB
[runlim] sample:		259.99 time, 260.02 real, 23 MB
[runlim] sample:		270.00 time, 270.02 real, 23 MB
[runlim] sample:		280.00 time, 280.02 real, 23 MB
[runlim] sample:		290.00 time, 290.02 real, 23 MB
[runlim] sample:		300.00 time, 300.02 real, 23 MB
[runlim] sample:		310.00 time, 310.02 real, 23 MB
[runlim] sample:		320.00 time, 320.02 real, 23 MB
[runlim] sample:		330.00 time, 330.02 real, 23 MB
[runlim] sample:		340.00 time, 340.02 real, 23 MB
[runlim] sample:		350.00 time, 350.02 real, 23 MB
[runlim] sample:		360.00 time, 360.02 real, 23 MB
[runlim] sample:		370.00 time, 370.02 real, 23 MB
[runlim] sample:		380.00 time, 380.02 real, 23 MB
[runlim] sample:		390.00 time, 390.02 real, 24 MB
[runlim] sample:		400.00 time, 400.02 real, 24 MB
[runlim] end:			Thu Feb 27 10:09:08 2020
[runlim] status:		ok
[runlim] result:		0
[runlim] children:		1
[runlim] real:			409.56 seconds
[runlim] time:			409.50 seconds
[runlim] space:			24 MB
[runlim] samples:		4095
