[runlim] version:		1.18
[runlim] host:			c3n20
[runlim] time limit:		2700 seconds
[runlim] real time limit:	2700 seconds
[runlim] space limit:		7000 MB
[runlim] argv[0]:		./binary
[runlim] argv[1]:		/data/cnf/ankit/Set1/toilet_c_10_01.16.qdimacs
[runlim] start:			Thu Feb 27 10:02:18 2020
[runlim] child:			9834
[runlim] sample:		10.00 time, 10.02 real, 24 MB
[runlim] sample:		20.00 time, 20.01 real, 26 MB
[runlim] sample:		30.00 time, 30.01 real, 36 MB
[runlim] sample:		40.00 time, 40.01 real, 37 MB
[runlim] sample:		50.00 time, 50.01 real, 39 MB
[runlim] sample:		60.00 time, 60.01 real, 39 MB
[runlim] sample:		70.00 time, 70.02 real, 47 MB
[runlim] sample:		80.00 time, 80.01 real, 51 MB
[runlim] sample:		90.00 time, 90.01 real, 51 MB
[runlim] sample:		100.01 time, 100.02 real, 51 MB
[runlim] sample:		110.01 time, 110.02 real, 51 MB
[runlim] sample:		120.01 time, 120.02 real, 51 MB
[runlim] sample:		130.01 time, 130.02 real, 51 MB
[runlim] sample:		140.01 time, 140.02 real, 53 MB
[runlim] end:			Thu Feb 27 10:04:39 2020
[runlim] status:		ok
[runlim] result:		0
[runlim] children:		1
[runlim] real:			140.57 seconds
[runlim] time:			140.51 seconds
[runlim] space:			53 MB
[runlim] samples:		1405
