[runlim] version:		1.18
[runlim] host:			c3n16
[runlim] time limit:		2700 seconds
[runlim] real time limit:	2700 seconds
[runlim] space limit:		7000 MB
[runlim] argv[0]:		./binary
[runlim] argv[1]:		/data/cnf/ankit/Set1/toilet_a_10_01.15.qdimacs
[runlim] start:			Thu Feb 27 10:02:18 2020
[runlim] child:			10383
[runlim] sample:		9.99 time, 10.01 real, 60 MB
[runlim] sample:		19.99 time, 20.01 real, 60 MB
[runlim] sample:		29.98 time, 30.01 real, 60 MB
[runlim] sample:		39.98 time, 40.01 real, 60 MB
[runlim] end:			Thu Feb 27 10:03:00 2020
[runlim] status:		ok
[runlim] result:		0
[runlim] children:		1
[runlim] real:			41.44 seconds
[runlim] time:			41.37 seconds
[runlim] space:			61 MB
[runlim] samples:		414
