[runlim] version:		1.18
[runlim] host:			c3n22
[runlim] time limit:		2700 seconds
[runlim] real time limit:	2700 seconds
[runlim] space limit:		7000 MB
[runlim] argv[0]:		./binary
[runlim] argv[1]:		/data/cnf/ankit/Set1/ttt_5x5-shape-1-GTTT-2-2-torus-0.qdimacs
[runlim] start:			Thu Feb 27 10:02:18 2020
[runlim] child:			8264
[runlim] sample:		10.00 time, 10.01 real, 27 MB
[runlim] sample:		20.00 time, 20.01 real, 27 MB
[runlim] sample:		30.00 time, 30.01 real, 28 MB
[runlim] sample:		40.01 time, 40.01 real, 28 MB
[runlim] sample:		50.00 time, 50.01 real, 28 MB
[runlim] sample:		60.00 time, 60.01 real, 30 MB
[runlim] sample:		70.00 time, 70.01 real, 31 MB
[runlim] sample:		80.00 time, 80.01 real, 34 MB
[runlim] sample:		90.00 time, 90.01 real, 33 MB
[runlim] sample:		100.01 time, 100.01 real, 33 MB
[runlim] end:			Thu Feb 27 10:04:05 2020
[runlim] status:		ok
[runlim] result:		0
[runlim] children:		1
[runlim] real:			106.25 seconds
[runlim] time:			106.20 seconds
[runlim] space:			34 MB
[runlim] samples:		1062
