[runlim] version:		1.18
[runlim] host:			c3n04
[runlim] time limit:		2700 seconds
[runlim] real time limit:	2700 seconds
[runlim] space limit:		7000 MB
[runlim] argv[0]:		./binary
[runlim] argv[1]:		/data/cnf/ankit/RSet1/4qbf-5cnf-50var-200cl.1.dqbf
[runlim] start:			Thu Feb 27 09:05:21 2020
[runlim] child:			10604
[runlim] sample:		9.43 time, 10.02 real, 42 MB
[runlim] sample:		19.43 time, 20.02 real, 81 MB
[runlim] sample:		29.43 time, 30.02 real, 88 MB
[runlim] sample:		39.43 time, 40.02 real, 91 MB
[runlim] sample:		49.43 time, 50.02 real, 102 MB
[runlim] sample:		59.43 time, 60.02 real, 102 MB
[runlim] sample:		69.43 time, 70.02 real, 108 MB
[runlim] sample:		79.43 time, 80.02 real, 114 MB
[runlim] sample:		89.42 time, 90.02 real, 123 MB
[runlim] sample:		99.43 time, 100.02 real, 128 MB
[runlim] sample:		109.42 time, 110.02 real, 139 MB
[runlim] sample:		119.42 time, 120.02 real, 141 MB
[runlim] sample:		129.42 time, 130.02 real, 141 MB
[runlim] sample:		139.42 time, 140.02 real, 187 MB
[runlim] sample:		149.43 time, 150.02 real, 188 MB
[runlim] sample:		159.43 time, 160.02 real, 188 MB
[runlim] sample:		169.42 time, 170.02 real, 188 MB
[runlim] sample:		179.42 time, 180.02 real, 188 MB
[runlim] sample:		189.43 time, 190.02 real, 195 MB
[runlim] sample:		199.43 time, 200.02 real, 199 MB
[runlim] sample:		209.42 time, 210.02 real, 203 MB
[runlim] sample:		219.42 time, 220.02 real, 207 MB
[runlim] sample:		229.42 time, 230.02 real, 209 MB
[runlim] sample:		239.42 time, 240.02 real, 209 MB
[runlim] sample:		249.42 time, 250.02 real, 209 MB
[runlim] sample:		259.42 time, 260.02 real, 209 MB
[runlim] sample:		269.42 time, 270.02 real, 209 MB
[runlim] sample:		279.42 time, 280.02 real, 209 MB
[runlim] sample:		289.42 time, 290.02 real, 209 MB
[runlim] sample:		299.42 time, 300.02 real, 209 MB
[runlim] sample:		309.42 time, 310.02 real, 209 MB
[runlim] sample:		319.42 time, 320.02 real, 209 MB
[runlim] sample:		329.43 time, 330.02 real, 293 MB
[runlim] sample:		339.43 time, 340.02 real, 295 MB
[runlim] sample:		349.43 time, 350.02 real, 295 MB
[runlim] sample:		359.43 time, 360.02 real, 295 MB
[runlim] sample:		369.43 time, 370.02 real, 295 MB
[runlim] sample:		379.43 time, 380.02 real, 295 MB
[runlim] sample:		389.43 time, 390.02 real, 295 MB
[runlim] sample:		399.43 time, 400.02 real, 296 MB
[runlim] sample:		409.43 time, 410.02 real, 296 MB
[runlim] sample:		419.42 time, 420.02 real, 297 MB
[runlim] sample:		429.42 time, 430.02 real, 297 MB
[runlim] sample:		439.42 time, 440.02 real, 298 MB
[runlim] sample:		449.42 time, 450.02 real, 298 MB
[runlim] sample:		459.43 time, 460.02 real, 298 MB
[runlim] sample:		469.43 time, 470.02 real, 299 MB
[runlim] sample:		479.42 time, 480.02 real, 302 MB
[runlim] sample:		489.42 time, 490.02 real, 304 MB
[runlim] sample:		499.43 time, 500.02 real, 307 MB
[runlim] sample:		509.42 time, 510.02 real, 311 MB
[runlim] sample:		519.43 time, 520.02 real, 313 MB
[runlim] sample:		529.43 time, 530.02 real, 315 MB
[runlim] sample:		539.43 time, 540.02 real, 317 MB
[runlim] sample:		549.43 time, 550.02 real, 319 MB
[runlim] sample:		559.43 time, 560.02 real, 321 MB
[runlim] sample:		569.42 time, 570.02 real, 324 MB
[runlim] sample:		579.42 time, 580.02 real, 326 MB
[runlim] sample:		589.42 time, 590.02 real, 328 MB
[runlim] sample:		599.43 time, 600.02 real, 330 MB
[runlim] sample:		609.42 time, 610.02 real, 332 MB
[runlim] sample:		619.42 time, 620.02 real, 334 MB
[runlim] sample:		629.42 time, 630.02 real, 336 MB
[runlim] sample:		639.43 time, 640.02 real, 338 MB
[runlim] sample:		649.42 time, 650.02 real, 340 MB
[runlim] sample:		659.43 time, 660.02 real, 342 MB
[runlim] sample:		669.42 time, 670.02 real, 349 MB
[runlim] sample:		679.42 time, 680.02 real, 349 MB
[runlim] sample:		689.43 time, 690.02 real, 350 MB
[runlim] sample:		699.42 time, 700.02 real, 352 MB
[runlim] sample:		709.42 time, 710.02 real, 354 MB
[runlim] sample:		719.43 time, 720.02 real, 356 MB
[runlim] sample:		729.42 time, 730.02 real, 357 MB
[runlim] sample:		739.43 time, 740.02 real, 358 MB
[runlim] sample:		749.43 time, 750.02 real, 358 MB
[runlim] sample:		759.43 time, 760.02 real, 358 MB
[runlim] sample:		769.43 time, 770.02 real, 358 MB
[runlim] sample:		779.43 time, 780.02 real, 358 MB
[runlim] sample:		789.43 time, 790.02 real, 358 MB
[runlim] sample:		799.43 time, 800.02 real, 358 MB
[runlim] sample:		809.43 time, 810.02 real, 358 MB
[runlim] sample:		819.43 time, 820.02 real, 358 MB
[runlim] sample:		829.43 time, 830.02 real, 358 MB
[runlim] sample:		839.43 time, 840.02 real, 359 MB
[runlim] sample:		849.43 time, 850.02 real, 359 MB
[runlim] sample:		859.43 time, 860.02 real, 359 MB
[runlim] sample:		869.43 time, 870.02 real, 359 MB
[runlim] sample:		879.43 time, 880.02 real, 359 MB
[runlim] sample:		889.43 time, 890.02 real, 359 MB
[runlim] sample:		899.43 time, 900.02 real, 359 MB
[runlim] sample:		909.43 time, 910.02 real, 359 MB
[runlim] sample:		919.43 time, 920.02 real, 359 MB
[runlim] sample:		929.43 time, 930.02 real, 359 MB
[runlim] sample:		939.43 time, 940.02 real, 359 MB
[runlim] sample:		949.43 time, 950.02 real, 359 MB
[runlim] sample:		959.43 time, 960.02 real, 359 MB
[runlim] sample:		969.43 time, 970.02 real, 359 MB
[runlim] sample:		979.43 time, 980.02 real, 359 MB
[runlim] sample:		989.43 time, 990.02 real, 359 MB
[runlim] sample:		999.43 time, 1000.02 real, 359 MB
[runlim] sample:		1009.43 time, 1010.02 real, 359 MB
[runlim] sample:		1019.43 time, 1020.02 real, 359 MB
[runlim] sample:		1029.43 time, 1030.02 real, 359 MB
[runlim] sample:		1039.43 time, 1040.02 real, 359 MB
[runlim] sample:		1049.43 time, 1050.02 real, 359 MB
[runlim] sample:		1059.43 time, 1060.02 real, 359 MB
[runlim] sample:		1069.43 time, 1070.02 real, 359 MB
[runlim] sample:		1079.43 time, 1080.02 real, 359 MB
[runlim] sample:		1089.43 time, 1090.02 real, 359 MB
[runlim] sample:		1099.43 time, 1100.02 real, 359 MB
[runlim] sample:		1109.43 time, 1110.02 real, 359 MB
[runlim] sample:		1119.43 time, 1120.02 real, 359 MB
[runlim] sample:		1129.43 time, 1130.02 real, 359 MB
[runlim] sample:		1139.43 time, 1140.02 real, 359 MB
[runlim] sample:		1149.43 time, 1150.02 real, 359 MB
[runlim] sample:		1159.43 time, 1160.02 real, 359 MB
[runlim] sample:		1169.43 time, 1170.02 real, 359 MB
[runlim] sample:		1179.43 time, 1180.02 real, 359 MB
[runlim] sample:		1189.43 time, 1190.02 real, 359 MB
[runlim] sample:		1199.43 time, 1200.02 real, 482 MB
[runlim] sample:		1209.43 time, 1210.02 real, 482 MB
[runlim] sample:		1219.43 time, 1220.02 real, 482 MB
[runlim] sample:		1229.43 time, 1230.02 real, 482 MB
[runlim] sample:		1239.43 time, 1240.02 real, 482 MB
[runlim] sample:		1249.43 time, 1250.02 real, 482 MB
[runlim] sample:		1259.43 time, 1260.02 real, 482 MB
[runlim] sample:		1269.43 time, 1270.02 real, 482 MB
[runlim] sample:		1279.43 time, 1280.02 real, 482 MB
[runlim] sample:		1289.43 time, 1290.02 real, 482 MB
[runlim] sample:		1299.43 time, 1300.02 real, 482 MB
[runlim] sample:		1309.43 time, 1310.02 real, 482 MB
[runlim] sample:		1319.43 time, 1320.02 real, 482 MB
[runlim] sample:		1329.43 time, 1330.02 real, 482 MB
[runlim] sample:		1339.43 time, 1340.02 real, 482 MB
[runlim] sample:		1349.43 time, 1350.02 real, 482 MB
[runlim] sample:		1359.43 time, 1360.02 real, 482 MB
[runlim] sample:		1369.43 time, 1370.02 real, 482 MB
[runlim] sample:		1379.43 time, 1380.02 real, 482 MB
[runlim] sample:		1389.43 time, 1390.02 real, 482 MB
[runlim] sample:		1399.43 time, 1400.02 real, 482 MB
[runlim] sample:		1409.43 time, 1410.02 real, 482 MB
[runlim] sample:		1419.43 time, 1420.02 real, 482 MB
[runlim] sample:		1429.43 time, 1430.02 real, 482 MB
[runlim] sample:		1439.43 time, 1440.02 real, 482 MB
[runlim] sample:		1449.43 time, 1450.02 real, 482 MB
[runlim] sample:		1459.43 time, 1460.02 real, 483 MB
[runlim] sample:		1469.44 time, 1470.02 real, 485 MB
[runlim] sample:		1479.43 time, 1480.02 real, 487 MB
[runlim] sample:		1489.43 time, 1490.02 real, 489 MB
[runlim] sample:		1499.43 time, 1500.02 real, 491 MB
[runlim] sample:		1509.43 time, 1510.02 real, 492 MB
[runlim] sample:		1519.43 time, 1520.02 real, 494 MB
[runlim] sample:		1529.43 time, 1530.02 real, 496 MB
[runlim] sample:		1539.43 time, 1540.02 real, 498 MB
[runlim] sample:		1549.43 time, 1550.02 real, 500 MB
[runlim] sample:		1559.43 time, 1560.02 real, 501 MB
[runlim] sample:		1569.43 time, 1570.02 real, 503 MB
[runlim] sample:		1579.43 time, 1580.02 real, 505 MB
[runlim] sample:		1589.43 time, 1590.02 real, 506 MB
[runlim] sample:		1599.43 time, 1600.02 real, 508 MB
[runlim] sample:		1609.43 time, 1610.02 real, 510 MB
[runlim] sample:		1619.43 time, 1620.02 real, 512 MB
[runlim] sample:		1629.43 time, 1630.02 real, 513 MB
[runlim] sample:		1639.43 time, 1640.02 real, 515 MB
[runlim] sample:		1649.43 time, 1650.02 real, 517 MB
[runlim] sample:		1659.43 time, 1660.02 real, 519 MB
[runlim] sample:		1669.43 time, 1670.02 real, 520 MB
[runlim] sample:		1679.43 time, 1680.02 real, 522 MB
[runlim] sample:		1689.43 time, 1690.02 real, 523 MB
[runlim] sample:		1699.43 time, 1700.02 real, 525 MB
[runlim] sample:		1709.43 time, 1710.02 real, 526 MB
[runlim] sample:		1719.43 time, 1720.02 real, 528 MB
[runlim] sample:		1729.43 time, 1730.02 real, 529 MB
[runlim] sample:		1739.43 time, 1740.02 real, 531 MB
[runlim] sample:		1749.43 time, 1750.02 real, 532 MB
[runlim] sample:		1759.43 time, 1760.02 real, 533 MB
[runlim] sample:		1769.43 time, 1770.02 real, 535 MB
[runlim] sample:		1779.43 time, 1780.02 real, 536 MB
[runlim] sample:		1789.43 time, 1790.02 real, 538 MB
[runlim] sample:		1799.43 time, 1800.02 real, 539 MB
[runlim] sample:		1809.43 time, 1810.02 real, 540 MB
[runlim] sample:		1819.43 time, 1820.02 real, 542 MB
[runlim] sample:		1829.43 time, 1830.02 real, 543 MB
[runlim] sample:		1839.43 time, 1840.02 real, 544 MB
[runlim] sample:		1849.42 time, 1850.02 real, 546 MB
[runlim] sample:		1859.42 time, 1860.02 real, 547 MB
[runlim] sample:		1869.42 time, 1870.02 real, 548 MB
[runlim] sample:		1879.43 time, 1880.02 real, 549 MB
[runlim] sample:		1889.42 time, 1890.02 real, 612 MB
[runlim] sample:		1899.42 time, 1900.02 real, 630 MB
[runlim] sample:		1909.42 time, 1910.02 real, 630 MB
[runlim] sample:		1919.42 time, 1920.02 real, 630 MB
[runlim] sample:		1929.42 time, 1930.02 real, 630 MB
[runlim] sample:		1939.42 time, 1940.02 real, 630 MB
[runlim] sample:		1949.42 time, 1950.02 real, 630 MB
[runlim] sample:		1959.42 time, 1960.02 real, 630 MB
[runlim] sample:		1969.42 time, 1970.02 real, 630 MB
[runlim] sample:		1979.42 time, 1980.02 real, 630 MB
[runlim] sample:		1989.42 time, 1990.02 real, 630 MB
[runlim] sample:		1999.42 time, 2000.02 real, 630 MB
[runlim] sample:		2009.42 time, 2010.02 real, 630 MB
[runlim] sample:		2019.42 time, 2020.02 real, 630 MB
[runlim] sample:		2029.42 time, 2030.02 real, 630 MB
[runlim] sample:		2039.42 time, 2040.02 real, 630 MB
[runlim] sample:		2049.42 time, 2050.02 real, 630 MB
[runlim] sample:		2059.42 time, 2060.02 real, 630 MB
[runlim] sample:		2069.42 time, 2070.02 real, 630 MB
[runlim] sample:		2079.42 time, 2080.02 real, 630 MB
[runlim] sample:		2089.42 time, 2090.02 real, 630 MB
[runlim] sample:		2099.42 time, 2100.02 real, 630 MB
[runlim] sample:		2109.42 time, 2110.02 real, 630 MB
[runlim] sample:		2119.42 time, 2120.02 real, 630 MB
[runlim] sample:		2129.42 time, 2130.02 real, 630 MB
[runlim] sample:		2139.42 time, 2140.02 real, 630 MB
[runlim] sample:		2149.42 time, 2150.02 real, 630 MB
[runlim] sample:		2159.42 time, 2160.02 real, 630 MB
[runlim] sample:		2169.42 time, 2170.02 real, 630 MB
[runlim] sample:		2179.42 time, 2180.02 real, 630 MB
[runlim] sample:		2189.42 time, 2190.02 real, 630 MB
[runlim] sample:		2199.42 time, 2200.02 real, 630 MB
[runlim] sample:		2209.42 time, 2210.02 real, 630 MB
[runlim] sample:		2219.42 time, 2220.02 real, 630 MB
[runlim] sample:		2229.42 time, 2230.02 real, 630 MB
[runlim] sample:		2239.42 time, 2240.02 real, 630 MB
[runlim] sample:		2249.42 time, 2250.02 real, 630 MB
[runlim] sample:		2259.43 time, 2260.02 real, 630 MB
[runlim] sample:		2269.43 time, 2270.02 real, 632 MB
[runlim] sample:		2279.43 time, 2280.02 real, 635 MB
[runlim] sample:		2289.43 time, 2290.02 real, 637 MB
[runlim] sample:		2299.42 time, 2300.02 real, 640 MB
[runlim] sample:		2309.42 time, 2310.02 real, 642 MB
[runlim] sample:		2319.43 time, 2320.02 real, 644 MB
[runlim] sample:		2329.43 time, 2330.02 real, 646 MB
[runlim] sample:		2339.43 time, 2340.02 real, 648 MB
[runlim] sample:		2349.43 time, 2350.02 real, 651 MB
[runlim] sample:		2359.43 time, 2360.02 real, 653 MB
[runlim] sample:		2369.43 time, 2370.02 real, 655 MB
[runlim] sample:		2379.43 time, 2380.02 real, 656 MB
[runlim] sample:		2389.43 time, 2390.02 real, 658 MB
[runlim] sample:		2399.43 time, 2400.02 real, 660 MB
[runlim] sample:		2409.43 time, 2410.02 real, 661 MB
[runlim] sample:		2419.43 time, 2420.02 real, 663 MB
[runlim] sample:		2429.43 time, 2430.02 real, 665 MB
[runlim] sample:		2439.43 time, 2440.02 real, 666 MB
[runlim] sample:		2449.43 time, 2450.02 real, 668 MB
[runlim] sample:		2459.43 time, 2460.02 real, 669 MB
[runlim] sample:		2469.43 time, 2470.02 real, 671 MB
[runlim] sample:		2479.43 time, 2480.02 real, 672 MB
[runlim] sample:		2489.43 time, 2490.02 real, 674 MB
[runlim] sample:		2499.43 time, 2500.02 real, 676 MB
[runlim] sample:		2509.42 time, 2510.02 real, 677 MB
[runlim] sample:		2519.42 time, 2520.02 real, 678 MB
[runlim] sample:		2529.43 time, 2530.02 real, 680 MB
[runlim] sample:		2539.43 time, 2540.02 real, 681 MB
[runlim] sample:		2549.43 time, 2550.02 real, 683 MB
[runlim] sample:		2559.43 time, 2560.02 real, 684 MB
[runlim] sample:		2569.43 time, 2570.02 real, 686 MB
[runlim] sample:		2579.43 time, 2580.02 real, 687 MB
[runlim] sample:		2589.43 time, 2590.02 real, 689 MB
[runlim] sample:		2599.43 time, 2600.02 real, 690 MB
[runlim] sample:		2609.43 time, 2610.02 real, 692 MB
[runlim] sample:		2619.43 time, 2620.02 real, 694 MB
[runlim] sample:		2629.43 time, 2630.02 real, 695 MB
[runlim] sample:		2639.43 time, 2640.02 real, 696 MB
[runlim] sample:		2649.43 time, 2650.02 real, 697 MB
[runlim] sample:		2659.43 time, 2660.02 real, 698 MB
[runlim] sample:		2669.43 time, 2670.02 real, 700 MB
[runlim] sample:		2679.43 time, 2680.02 real, 701 MB
[runlim] sample:		2689.43 time, 2690.02 real, 703 MB
[runlim] sample:		2699.43 time, 2700.02 real, 704 MB
[runlim] end:			Thu Feb 27 09:50:21 2020
[runlim] status:		out of time
[runlim] result:		2
[runlim] children:		1
[runlim] real:			2700.10 seconds
[runlim] time:			2699.43 seconds
[runlim] space:			704 MB
[runlim] samples:		27000
