[runlim] version:		1.18
[runlim] host:			c3n02
[runlim] time limit:		2700 seconds
[runlim] real time limit:	2700 seconds
[runlim] space limit:		7000 MB
[runlim] argv[0]:		./binary
[runlim] argv[1]:		/data/cnf/ankit/RSet1/ActivityService.dqbf
[runlim] start:			Thu Feb 27 09:05:22 2020
[runlim] child:			8414
[runlim] sample:		9.98 time, 10.02 real, 92 MB
[runlim] sample:		19.98 time, 20.02 real, 134 MB
[runlim] sample:		29.99 time, 30.02 real, 159 MB
[runlim] sample:		39.99 time, 40.02 real, 213 MB
[runlim] sample:		49.99 time, 50.02 real, 268 MB
[runlim] sample:		59.99 time, 60.02 real, 288 MB
[runlim] sample:		69.99 time, 70.02 real, 319 MB
[runlim] sample:		79.98 time, 80.02 real, 341 MB
[runlim] sample:		89.99 time, 90.02 real, 376 MB
[runlim] sample:		99.99 time, 100.02 real, 392 MB
[runlim] sample:		109.98 time, 110.02 real, 403 MB
[runlim] sample:		119.99 time, 120.02 real, 410 MB
[runlim] sample:		129.98 time, 130.02 real, 415 MB
[runlim] sample:		139.98 time, 140.02 real, 420 MB
[runlim] sample:		149.99 time, 150.02 real, 423 MB
[runlim] sample:		159.99 time, 160.02 real, 427 MB
[runlim] sample:		169.98 time, 170.02 real, 430 MB
[runlim] sample:		179.99 time, 180.02 real, 437 MB
[runlim] sample:		189.98 time, 190.02 real, 439 MB
[runlim] sample:		199.99 time, 200.02 real, 442 MB
[runlim] sample:		209.98 time, 210.02 real, 444 MB
[runlim] sample:		219.98 time, 220.02 real, 446 MB
[runlim] sample:		229.99 time, 230.02 real, 448 MB
[runlim] sample:		239.99 time, 240.02 real, 450 MB
[runlim] sample:		249.99 time, 250.02 real, 452 MB
[runlim] sample:		259.99 time, 260.02 real, 454 MB
[runlim] sample:		269.99 time, 270.02 real, 455 MB
[runlim] sample:		279.99 time, 280.02 real, 460 MB
[runlim] sample:		289.99 time, 290.02 real, 460 MB
[runlim] sample:		299.98 time, 300.02 real, 462 MB
[runlim] sample:		309.99 time, 310.02 real, 464 MB
[runlim] sample:		319.99 time, 320.02 real, 476 MB
[runlim] sample:		329.99 time, 330.02 real, 476 MB
[runlim] sample:		339.99 time, 340.02 real, 476 MB
[runlim] sample:		349.99 time, 350.02 real, 476 MB
[runlim] sample:		359.99 time, 360.02 real, 476 MB
[runlim] sample:		369.99 time, 370.02 real, 476 MB
[runlim] sample:		379.99 time, 380.02 real, 476 MB
[runlim] sample:		389.99 time, 390.02 real, 476 MB
[runlim] sample:		399.99 time, 400.02 real, 476 MB
[runlim] sample:		409.99 time, 410.02 real, 476 MB
[runlim] sample:		419.99 time, 420.02 real, 476 MB
[runlim] sample:		429.99 time, 430.02 real, 476 MB
[runlim] sample:		439.99 time, 440.02 real, 476 MB
[runlim] sample:		449.99 time, 450.02 real, 476 MB
[runlim] sample:		459.99 time, 460.02 real, 476 MB
[runlim] sample:		469.99 time, 470.02 real, 476 MB
[runlim] sample:		479.99 time, 480.02 real, 476 MB
[runlim] sample:		489.99 time, 490.02 real, 476 MB
[runlim] sample:		499.99 time, 500.02 real, 476 MB
[runlim] sample:		509.99 time, 510.02 real, 476 MB
[runlim] sample:		519.99 time, 520.02 real, 476 MB
[runlim] sample:		529.99 time, 530.02 real, 476 MB
[runlim] sample:		539.99 time, 540.02 real, 476 MB
[runlim] sample:		549.99 time, 550.02 real, 476 MB
[runlim] sample:		559.99 time, 560.02 real, 476 MB
[runlim] sample:		569.99 time, 570.02 real, 476 MB
[runlim] sample:		579.99 time, 580.02 real, 476 MB
[runlim] sample:		589.99 time, 590.02 real, 476 MB
[runlim] sample:		599.99 time, 600.02 real, 476 MB
[runlim] sample:		609.99 time, 610.02 real, 476 MB
[runlim] sample:		619.98 time, 620.02 real, 476 MB
[runlim] sample:		629.98 time, 630.02 real, 476 MB
[runlim] sample:		639.98 time, 640.02 real, 476 MB
[runlim] sample:		649.98 time, 650.02 real, 526 MB
[runlim] sample:		659.98 time, 660.02 real, 526 MB
[runlim] sample:		669.98 time, 670.02 real, 526 MB
[runlim] sample:		679.97 time, 680.02 real, 526 MB
[runlim] sample:		689.97 time, 690.02 real, 526 MB
[runlim] sample:		699.97 time, 700.02 real, 526 MB
[runlim] sample:		709.97 time, 710.02 real, 526 MB
[runlim] sample:		719.97 time, 720.02 real, 526 MB
[runlim] sample:		729.97 time, 730.02 real, 526 MB
[runlim] sample:		739.97 time, 740.02 real, 526 MB
[runlim] sample:		749.97 time, 750.02 real, 528 MB
[runlim] sample:		759.97 time, 760.02 real, 531 MB
[runlim] sample:		769.97 time, 770.02 real, 533 MB
[runlim] sample:		779.97 time, 780.02 real, 536 MB
[runlim] sample:		789.97 time, 790.02 real, 617 MB
[runlim] sample:		799.97 time, 800.02 real, 617 MB
[runlim] sample:		809.97 time, 810.02 real, 618 MB
[runlim] sample:		819.97 time, 820.02 real, 628 MB
[runlim] sample:		829.96 time, 830.02 real, 638 MB
[runlim] sample:		839.96 time, 840.02 real, 646 MB
[runlim] sample:		849.96 time, 850.02 real, 652 MB
[runlim] sample:		859.96 time, 860.02 real, 658 MB
[runlim] sample:		869.96 time, 870.02 real, 664 MB
[runlim] sample:		879.96 time, 880.02 real, 669 MB
[runlim] sample:		889.96 time, 890.02 real, 674 MB
[runlim] sample:		899.96 time, 900.02 real, 678 MB
[runlim] sample:		909.95 time, 910.02 real, 783 MB
[runlim] sample:		919.95 time, 920.02 real, 783 MB
[runlim] sample:		929.95 time, 930.02 real, 783 MB
[runlim] sample:		939.95 time, 940.02 real, 783 MB
[runlim] sample:		949.95 time, 950.02 real, 783 MB
[runlim] sample:		959.95 time, 960.02 real, 783 MB
[runlim] sample:		969.95 time, 970.02 real, 783 MB
[runlim] sample:		979.95 time, 980.02 real, 783 MB
[runlim] sample:		989.95 time, 990.02 real, 783 MB
[runlim] sample:		999.95 time, 1000.02 real, 783 MB
[runlim] sample:		1009.95 time, 1010.02 real, 783 MB
[runlim] sample:		1019.95 time, 1020.02 real, 783 MB
[runlim] sample:		1029.94 time, 1030.02 real, 783 MB
[runlim] sample:		1039.94 time, 1040.02 real, 783 MB
[runlim] sample:		1049.94 time, 1050.02 real, 784 MB
[runlim] sample:		1059.95 time, 1060.02 real, 788 MB
[runlim] sample:		1069.94 time, 1070.02 real, 791 MB
[runlim] sample:		1079.95 time, 1080.02 real, 794 MB
[runlim] sample:		1089.95 time, 1090.02 real, 796 MB
[runlim] sample:		1099.94 time, 1100.02 real, 799 MB
[runlim] sample:		1109.95 time, 1110.02 real, 801 MB
[runlim] sample:		1119.95 time, 1120.02 real, 803 MB
[runlim] sample:		1129.94 time, 1130.02 real, 805 MB
[runlim] sample:		1139.94 time, 1140.02 real, 808 MB
[runlim] sample:		1149.93 time, 1150.02 real, 809 MB
[runlim] sample:		1159.93 time, 1160.02 real, 813 MB
[runlim] sample:		1169.94 time, 1170.02 real, 815 MB
[runlim] sample:		1179.94 time, 1180.02 real, 817 MB
[runlim] sample:		1189.93 time, 1190.02 real, 819 MB
[runlim] sample:		1199.94 time, 1200.02 real, 821 MB
[runlim] sample:		1209.94 time, 1210.02 real, 822 MB
[runlim] sample:		1219.93 time, 1220.02 real, 824 MB
[runlim] sample:		1229.93 time, 1230.02 real, 826 MB
[runlim] sample:		1239.93 time, 1240.02 real, 828 MB
[runlim] sample:		1249.93 time, 1250.02 real, 831 MB
[runlim] sample:		1259.93 time, 1260.02 real, 833 MB
[runlim] sample:		1269.93 time, 1270.02 real, 835 MB
[runlim] sample:		1279.93 time, 1280.02 real, 837 MB
[runlim] sample:		1289.92 time, 1290.02 real, 839 MB
[runlim] sample:		1299.92 time, 1300.02 real, 852 MB
[runlim] sample:		1309.92 time, 1310.02 real, 852 MB
[runlim] sample:		1319.92 time, 1320.02 real, 852 MB
[runlim] sample:		1329.92 time, 1330.02 real, 852 MB
[runlim] sample:		1339.92 time, 1340.02 real, 853 MB
[runlim] sample:		1349.93 time, 1350.02 real, 855 MB
[runlim] sample:		1359.92 time, 1360.02 real, 856 MB
[runlim] sample:		1369.92 time, 1370.02 real, 857 MB
[runlim] sample:		1379.92 time, 1380.02 real, 859 MB
[runlim] sample:		1389.92 time, 1390.02 real, 860 MB
[runlim] sample:		1399.92 time, 1400.02 real, 862 MB
[runlim] sample:		1409.92 time, 1410.02 real, 864 MB
[runlim] sample:		1419.92 time, 1420.02 real, 865 MB
[runlim] sample:		1429.92 time, 1430.02 real, 866 MB
[runlim] sample:		1439.92 time, 1440.02 real, 867 MB
[runlim] sample:		1449.92 time, 1450.02 real, 869 MB
[runlim] sample:		1459.92 time, 1460.02 real, 870 MB
[runlim] sample:		1469.91 time, 1470.02 real, 871 MB
[runlim] sample:		1479.91 time, 1480.02 real, 873 MB
[runlim] sample:		1489.91 time, 1490.02 real, 874 MB
[runlim] sample:		1499.91 time, 1500.02 real, 876 MB
[runlim] sample:		1509.91 time, 1510.02 real, 877 MB
[runlim] sample:		1519.91 time, 1520.02 real, 878 MB
[runlim] sample:		1529.90 time, 1530.02 real, 880 MB
[runlim] sample:		1539.90 time, 1540.02 real, 881 MB
[runlim] sample:		1549.90 time, 1550.02 real, 883 MB
[runlim] sample:		1559.90 time, 1560.02 real, 884 MB
[runlim] sample:		1569.90 time, 1570.02 real, 885 MB
[runlim] sample:		1579.90 time, 1580.02 real, 886 MB
[runlim] sample:		1589.90 time, 1590.02 real, 888 MB
[runlim] sample:		1599.91 time, 1600.02 real, 889 MB
[runlim] sample:		1609.90 time, 1610.02 real, 890 MB
[runlim] sample:		1619.90 time, 1620.02 real, 892 MB
[runlim] sample:		1629.90 time, 1630.02 real, 893 MB
[runlim] sample:		1639.90 time, 1640.02 real, 1017 MB
[runlim] sample:		1649.90 time, 1650.02 real, 1046 MB
[runlim] sample:		1659.90 time, 1660.02 real, 1046 MB
[runlim] sample:		1669.90 time, 1670.02 real, 1046 MB
[runlim] sample:		1679.90 time, 1680.02 real, 1046 MB
[runlim] sample:		1689.89 time, 1690.02 real, 1046 MB
[runlim] sample:		1699.89 time, 1700.02 real, 1046 MB
[runlim] sample:		1709.89 time, 1710.02 real, 1046 MB
[runlim] sample:		1719.89 time, 1720.02 real, 1046 MB
[runlim] sample:		1729.89 time, 1730.02 real, 1046 MB
[runlim] sample:		1739.89 time, 1740.02 real, 1046 MB
[runlim] sample:		1749.90 time, 1750.02 real, 1049 MB
[runlim] sample:		1759.89 time, 1760.02 real, 1053 MB
[runlim] sample:		1769.89 time, 1770.02 real, 1056 MB
[runlim] sample:		1779.89 time, 1780.02 real, 1060 MB
[runlim] sample:		1789.89 time, 1790.02 real, 1063 MB
[runlim] sample:		1799.89 time, 1800.02 real, 1067 MB
[runlim] sample:		1809.89 time, 1810.02 real, 1070 MB
[runlim] sample:		1819.88 time, 1820.02 real, 1072 MB
[runlim] sample:		1829.89 time, 1830.02 real, 1075 MB
[runlim] sample:		1839.89 time, 1840.02 real, 1078 MB
[runlim] sample:		1849.88 time, 1850.02 real, 1081 MB
[runlim] sample:		1859.89 time, 1860.02 real, 1083 MB
[runlim] sample:		1869.88 time, 1870.02 real, 1086 MB
[runlim] sample:		1879.89 time, 1880.02 real, 1090 MB
[runlim] sample:		1889.88 time, 1890.02 real, 1093 MB
[runlim] sample:		1899.88 time, 1900.02 real, 1095 MB
[runlim] sample:		1909.88 time, 1910.02 real, 1098 MB
[runlim] sample:		1919.88 time, 1920.02 real, 1101 MB
[runlim] sample:		1929.88 time, 1930.02 real, 1103 MB
[runlim] sample:		1939.87 time, 1940.02 real, 1105 MB
[runlim] sample:		1949.87 time, 1950.02 real, 1108 MB
[runlim] sample:		1959.87 time, 1960.02 real, 1110 MB
[runlim] sample:		1969.88 time, 1970.02 real, 1112 MB
[runlim] sample:		1979.87 time, 1980.02 real, 1114 MB
[runlim] sample:		1989.87 time, 1990.02 real, 1116 MB
[runlim] sample:		1999.87 time, 2000.02 real, 1118 MB
[runlim] sample:		2009.87 time, 2010.02 real, 1120 MB
[runlim] sample:		2019.87 time, 2020.02 real, 1121 MB
[runlim] sample:		2029.87 time, 2030.02 real, 1123 MB
[runlim] sample:		2039.86 time, 2040.02 real, 1125 MB
[runlim] sample:		2049.86 time, 2050.02 real, 1127 MB
[runlim] sample:		2059.87 time, 2060.02 real, 1130 MB
[runlim] sample:		2069.87 time, 2070.02 real, 1132 MB
[runlim] sample:		2079.87 time, 2080.02 real, 1134 MB
[runlim] sample:		2089.87 time, 2090.02 real, 1135 MB
[runlim] sample:		2099.87 time, 2100.02 real, 1137 MB
[runlim] sample:		2109.86 time, 2110.02 real, 1138 MB
[runlim] sample:		2119.86 time, 2120.02 real, 1140 MB
[runlim] sample:		2129.87 time, 2130.02 real, 1142 MB
[runlim] sample:		2139.86 time, 2140.02 real, 1144 MB
[runlim] sample:		2149.86 time, 2150.02 real, 1145 MB
[runlim] sample:		2159.86 time, 2160.02 real, 1147 MB
[runlim] sample:		2169.86 time, 2170.02 real, 1149 MB
[runlim] sample:		2179.86 time, 2180.02 real, 1151 MB
[runlim] sample:		2189.86 time, 2190.02 real, 1153 MB
[runlim] sample:		2199.85 time, 2200.02 real, 1155 MB
[runlim] sample:		2209.85 time, 2210.02 real, 1156 MB
[runlim] sample:		2219.85 time, 2220.02 real, 1158 MB
[runlim] sample:		2229.85 time, 2230.02 real, 1160 MB
[runlim] sample:		2239.86 time, 2240.02 real, 1162 MB
[runlim] sample:		2249.86 time, 2250.02 real, 1164 MB
[runlim] sample:		2259.86 time, 2260.02 real, 1166 MB
[runlim] sample:		2269.85 time, 2270.02 real, 1167 MB
[runlim] sample:		2279.85 time, 2280.02 real, 1170 MB
[runlim] sample:		2289.85 time, 2290.02 real, 1173 MB
[runlim] sample:		2299.85 time, 2300.02 real, 1174 MB
[runlim] sample:		2309.85 time, 2310.02 real, 1176 MB
[runlim] sample:		2319.85 time, 2320.02 real, 1177 MB
[runlim] sample:		2329.85 time, 2330.02 real, 1179 MB
[runlim] sample:		2339.85 time, 2340.02 real, 1181 MB
[runlim] sample:		2349.85 time, 2350.02 real, 1208 MB
[runlim] sample:		2359.85 time, 2360.02 real, 1376 MB
[runlim] sample:		2369.85 time, 2370.02 real, 1376 MB
[runlim] sample:		2379.84 time, 2380.02 real, 1376 MB
[runlim] sample:		2389.85 time, 2390.02 real, 1376 MB
[runlim] sample:		2399.84 time, 2400.02 real, 1376 MB
[runlim] sample:		2409.84 time, 2410.02 real, 1376 MB
[runlim] sample:		2419.84 time, 2420.02 real, 1376 MB
[runlim] sample:		2429.84 time, 2430.02 real, 1376 MB
[runlim] sample:		2439.84 time, 2440.02 real, 1376 MB
[runlim] sample:		2449.85 time, 2450.02 real, 1376 MB
[runlim] sample:		2459.84 time, 2460.02 real, 1376 MB
[runlim] sample:		2469.84 time, 2470.02 real, 1376 MB
[runlim] sample:		2479.83 time, 2480.02 real, 1376 MB
[runlim] sample:		2489.84 time, 2490.02 real, 1376 MB
[runlim] sample:		2499.84 time, 2500.02 real, 1376 MB
[runlim] sample:		2509.84 time, 2510.02 real, 1376 MB
[runlim] sample:		2519.84 time, 2520.02 real, 1376 MB
[runlim] sample:		2529.84 time, 2530.02 real, 1376 MB
[runlim] sample:		2539.84 time, 2540.02 real, 1376 MB
[runlim] sample:		2549.84 time, 2550.02 real, 1376 MB
[runlim] sample:		2559.84 time, 2560.02 real, 1376 MB
[runlim] sample:		2569.83 time, 2570.02 real, 1376 MB
[runlim] sample:		2579.83 time, 2580.02 real, 1376 MB
[runlim] sample:		2589.83 time, 2590.02 real, 1376 MB
[runlim] sample:		2599.83 time, 2600.02 real, 1376 MB
[runlim] sample:		2609.83 time, 2610.02 real, 1376 MB
[runlim] sample:		2619.82 time, 2620.02 real, 1376 MB
[runlim] sample:		2629.83 time, 2630.02 real, 1376 MB
[runlim] sample:		2639.83 time, 2640.02 real, 1376 MB
[runlim] sample:		2649.82 time, 2650.02 real, 1376 MB
[runlim] sample:		2659.83 time, 2660.02 real, 1376 MB
[runlim] sample:		2669.83 time, 2670.02 real, 1376 MB
[runlim] sample:		2679.82 time, 2680.02 real, 1378 MB
[runlim] sample:		2689.83 time, 2690.02 real, 1380 MB
[runlim] sample:		2699.83 time, 2700.02 real, 1382 MB
[runlim] end:			Thu Feb 27 09:50:22 2020
[runlim] status:		out of time
[runlim] result:		2
[runlim] children:		1
[runlim] real:			2700.11 seconds
[runlim] time:			2699.83 seconds
[runlim] space:			1402 MB
[runlim] samples:		27000
