[runlim] version:		1.18
[runlim] host:			c3n01
[runlim] time limit:		2700 seconds
[runlim] real time limit:	2700 seconds
[runlim] space limit:		7000 MB
[runlim] argv[0]:		./binary
[runlim] argv[1]:		/data/cnf/ankit/RSet1/b20_C_3_2.dqbf
[runlim] start:			Thu Feb 27 09:05:21 2020
[runlim] child:			26016
[runlim] sample:		9.85 time, 10.02 real, 189 MB
[runlim] sample:		19.84 time, 20.02 real, 200 MB
[runlim] sample:		29.84 time, 30.02 real, 207 MB
[runlim] sample:		39.85 time, 40.02 real, 211 MB
[runlim] sample:		49.85 time, 50.02 real, 232 MB
[runlim] sample:		59.85 time, 60.02 real, 242 MB
[runlim] sample:		69.84 time, 70.02 real, 247 MB
[runlim] sample:		79.85 time, 80.02 real, 250 MB
[runlim] sample:		89.85 time, 90.02 real, 252 MB
[runlim] sample:		99.85 time, 100.02 real, 254 MB
[runlim] sample:		109.84 time, 110.02 real, 416 MB
[runlim] sample:		119.85 time, 120.02 real, 422 MB
[runlim] sample:		129.84 time, 130.02 real, 452 MB
[runlim] sample:		139.84 time, 140.02 real, 452 MB
[runlim] sample:		149.84 time, 150.02 real, 452 MB
[runlim] sample:		159.84 time, 160.02 real, 454 MB
[runlim] sample:		169.85 time, 170.02 real, 454 MB
[runlim] sample:		179.84 time, 180.02 real, 454 MB
[runlim] sample:		189.85 time, 190.02 real, 454 MB
[runlim] sample:		199.85 time, 200.02 real, 454 MB
[runlim] sample:		209.85 time, 210.02 real, 460 MB
[runlim] sample:		219.85 time, 220.02 real, 460 MB
[runlim] sample:		229.85 time, 230.02 real, 460 MB
[runlim] sample:		239.85 time, 240.02 real, 460 MB
[runlim] sample:		249.85 time, 250.02 real, 460 MB
[runlim] sample:		259.85 time, 260.02 real, 460 MB
[runlim] sample:		269.85 time, 270.02 real, 460 MB
[runlim] sample:		279.85 time, 280.02 real, 460 MB
[runlim] sample:		289.85 time, 290.02 real, 460 MB
[runlim] sample:		299.85 time, 300.02 real, 460 MB
[runlim] sample:		309.85 time, 310.02 real, 460 MB
[runlim] sample:		319.85 time, 320.02 real, 460 MB
[runlim] sample:		329.85 time, 330.02 real, 460 MB
[runlim] sample:		339.85 time, 340.02 real, 460 MB
[runlim] sample:		349.85 time, 350.02 real, 460 MB
[runlim] sample:		359.85 time, 360.02 real, 460 MB
[runlim] sample:		369.85 time, 370.02 real, 460 MB
[runlim] sample:		379.85 time, 380.02 real, 460 MB
[runlim] sample:		389.85 time, 390.02 real, 460 MB
[runlim] sample:		399.85 time, 400.02 real, 460 MB
[runlim] sample:		409.85 time, 410.02 real, 460 MB
[runlim] sample:		419.85 time, 420.02 real, 460 MB
[runlim] sample:		429.85 time, 430.02 real, 460 MB
[runlim] sample:		439.85 time, 440.02 real, 460 MB
[runlim] sample:		449.86 time, 450.02 real, 462 MB
[runlim] sample:		459.85 time, 460.02 real, 523 MB
[runlim] sample:		469.85 time, 470.02 real, 523 MB
[runlim] sample:		479.85 time, 480.02 real, 523 MB
[runlim] sample:		489.85 time, 490.02 real, 523 MB
[runlim] sample:		499.85 time, 500.02 real, 523 MB
[runlim] sample:		509.85 time, 510.02 real, 523 MB
[runlim] sample:		519.85 time, 520.02 real, 523 MB
[runlim] sample:		529.85 time, 530.02 real, 523 MB
[runlim] sample:		539.85 time, 540.02 real, 525 MB
[runlim] sample:		549.86 time, 550.02 real, 528 MB
[runlim] sample:		559.86 time, 560.02 real, 530 MB
[runlim] sample:		569.86 time, 570.02 real, 532 MB
[runlim] sample:		579.86 time, 580.02 real, 534 MB
[runlim] sample:		589.85 time, 590.02 real, 536 MB
[runlim] sample:		599.86 time, 600.02 real, 538 MB
[runlim] sample:		609.86 time, 610.02 real, 540 MB
[runlim] sample:		619.86 time, 620.02 real, 541 MB
[runlim] sample:		629.85 time, 630.02 real, 543 MB
[runlim] sample:		639.85 time, 640.02 real, 545 MB
[runlim] sample:		649.85 time, 650.02 real, 546 MB
[runlim] sample:		659.85 time, 660.02 real, 548 MB
[runlim] sample:		669.85 time, 670.02 real, 549 MB
[runlim] sample:		679.85 time, 680.02 real, 551 MB
[runlim] sample:		689.86 time, 690.02 real, 552 MB
[runlim] sample:		699.86 time, 700.02 real, 554 MB
[runlim] sample:		709.86 time, 710.02 real, 555 MB
[runlim] sample:		719.86 time, 720.02 real, 557 MB
[runlim] sample:		729.85 time, 730.02 real, 558 MB
[runlim] sample:		739.85 time, 740.02 real, 560 MB
[runlim] sample:		749.85 time, 750.02 real, 561 MB
[runlim] sample:		759.85 time, 760.02 real, 562 MB
[runlim] sample:		769.86 time, 770.02 real, 563 MB
[runlim] sample:		779.85 time, 780.02 real, 565 MB
[runlim] sample:		789.85 time, 790.02 real, 566 MB
[runlim] sample:		799.86 time, 800.02 real, 567 MB
[runlim] sample:		809.86 time, 810.02 real, 569 MB
[runlim] sample:		819.86 time, 820.02 real, 570 MB
[runlim] sample:		829.86 time, 830.02 real, 571 MB
[runlim] sample:		839.85 time, 840.02 real, 572 MB
[runlim] sample:		849.86 time, 850.02 real, 574 MB
[runlim] sample:		859.86 time, 860.02 real, 575 MB
[runlim] sample:		869.86 time, 870.02 real, 576 MB
[runlim] sample:		879.86 time, 880.02 real, 577 MB
[runlim] sample:		889.86 time, 890.02 real, 578 MB
[runlim] sample:		899.86 time, 900.02 real, 579 MB
[runlim] sample:		909.86 time, 910.02 real, 581 MB
[runlim] sample:		919.86 time, 920.02 real, 582 MB
[runlim] sample:		929.86 time, 930.02 real, 583 MB
[runlim] sample:		939.86 time, 940.02 real, 584 MB
[runlim] sample:		949.86 time, 950.02 real, 585 MB
[runlim] sample:		959.85 time, 960.02 real, 586 MB
[runlim] sample:		969.85 time, 970.02 real, 587 MB
[runlim] sample:		979.85 time, 980.02 real, 588 MB
[runlim] sample:		989.85 time, 990.02 real, 589 MB
[runlim] sample:		999.85 time, 1000.02 real, 590 MB
[runlim] sample:		1009.85 time, 1010.02 real, 591 MB
[runlim] sample:		1019.85 time, 1020.02 real, 592 MB
[runlim] sample:		1029.85 time, 1030.02 real, 593 MB
[runlim] sample:		1039.85 time, 1040.02 real, 594 MB
[runlim] sample:		1049.86 time, 1050.02 real, 595 MB
[runlim] sample:		1059.86 time, 1060.02 real, 596 MB
[runlim] sample:		1069.86 time, 1070.02 real, 597 MB
[runlim] sample:		1079.86 time, 1080.02 real, 598 MB
[runlim] sample:		1089.86 time, 1090.02 real, 599 MB
[runlim] sample:		1099.86 time, 1100.02 real, 600 MB
[runlim] sample:		1109.86 time, 1110.02 real, 601 MB
[runlim] sample:		1119.86 time, 1120.02 real, 602 MB
[runlim] sample:		1129.86 time, 1130.02 real, 603 MB
[runlim] sample:		1139.86 time, 1140.02 real, 604 MB
[runlim] sample:		1149.86 time, 1150.02 real, 605 MB
[runlim] sample:		1159.85 time, 1160.02 real, 606 MB
[runlim] sample:		1169.85 time, 1170.02 real, 607 MB
[runlim] sample:		1179.85 time, 1180.02 real, 608 MB
[runlim] sample:		1189.86 time, 1190.02 real, 609 MB
[runlim] sample:		1199.86 time, 1200.02 real, 610 MB
[runlim] sample:		1209.86 time, 1210.02 real, 610 MB
[runlim] sample:		1219.86 time, 1220.02 real, 611 MB
[runlim] sample:		1229.86 time, 1230.02 real, 612 MB
[runlim] sample:		1239.86 time, 1240.02 real, 613 MB
[runlim] sample:		1249.86 time, 1250.02 real, 614 MB
[runlim] sample:		1259.86 time, 1260.02 real, 615 MB
[runlim] sample:		1269.86 time, 1270.02 real, 616 MB
[runlim] sample:		1279.86 time, 1280.02 real, 616 MB
[runlim] sample:		1289.86 time, 1290.02 real, 617 MB
[runlim] sample:		1299.86 time, 1300.02 real, 618 MB
[runlim] sample:		1309.86 time, 1310.02 real, 619 MB
[runlim] sample:		1319.86 time, 1320.02 real, 620 MB
[runlim] sample:		1329.86 time, 1330.02 real, 621 MB
[runlim] sample:		1339.86 time, 1340.02 real, 622 MB
[runlim] sample:		1349.86 time, 1350.02 real, 623 MB
[runlim] sample:		1359.86 time, 1360.02 real, 623 MB
[runlim] sample:		1369.86 time, 1370.02 real, 624 MB
[runlim] sample:		1379.86 time, 1380.02 real, 625 MB
[runlim] sample:		1389.86 time, 1390.02 real, 626 MB
[runlim] sample:		1399.86 time, 1400.02 real, 627 MB
[runlim] sample:		1409.86 time, 1410.02 real, 627 MB
[runlim] sample:		1419.86 time, 1420.02 real, 628 MB
[runlim] sample:		1429.86 time, 1430.02 real, 629 MB
[runlim] sample:		1439.86 time, 1440.02 real, 630 MB
[runlim] sample:		1449.86 time, 1450.02 real, 631 MB
[runlim] sample:		1459.86 time, 1460.02 real, 631 MB
[runlim] sample:		1469.86 time, 1470.02 real, 632 MB
[runlim] sample:		1479.86 time, 1480.02 real, 633 MB
[runlim] sample:		1489.86 time, 1490.02 real, 634 MB
[runlim] sample:		1499.86 time, 1500.02 real, 634 MB
[runlim] sample:		1509.86 time, 1510.02 real, 635 MB
[runlim] sample:		1519.86 time, 1520.02 real, 636 MB
[runlim] sample:		1529.85 time, 1530.02 real, 637 MB
[runlim] sample:		1539.85 time, 1540.02 real, 638 MB
[runlim] sample:		1549.85 time, 1550.02 real, 638 MB
[runlim] sample:		1559.85 time, 1560.02 real, 639 MB
[runlim] sample:		1569.86 time, 1570.02 real, 640 MB
[runlim] sample:		1579.86 time, 1580.02 real, 641 MB
[runlim] sample:		1589.86 time, 1590.02 real, 641 MB
[runlim] sample:		1599.86 time, 1600.02 real, 642 MB
[runlim] sample:		1609.86 time, 1610.02 real, 643 MB
[runlim] sample:		1619.86 time, 1620.02 real, 643 MB
[runlim] sample:		1629.86 time, 1630.02 real, 644 MB
[runlim] sample:		1639.86 time, 1640.02 real, 645 MB
[runlim] sample:		1649.86 time, 1650.02 real, 646 MB
[runlim] sample:		1659.86 time, 1660.02 real, 646 MB
[runlim] sample:		1669.86 time, 1670.02 real, 647 MB
[runlim] sample:		1679.85 time, 1680.02 real, 647 MB
[runlim] sample:		1689.85 time, 1690.02 real, 647 MB
[runlim] sample:		1699.85 time, 1700.02 real, 647 MB
[runlim] sample:		1709.85 time, 1710.02 real, 647 MB
[runlim] sample:		1719.85 time, 1720.02 real, 647 MB
[runlim] sample:		1729.86 time, 1730.02 real, 647 MB
[runlim] sample:		1739.86 time, 1740.02 real, 647 MB
[runlim] sample:		1749.86 time, 1750.02 real, 647 MB
[runlim] sample:		1759.86 time, 1760.02 real, 647 MB
[runlim] sample:		1769.86 time, 1770.02 real, 647 MB
[runlim] sample:		1779.86 time, 1780.02 real, 647 MB
[runlim] sample:		1789.86 time, 1790.02 real, 647 MB
[runlim] sample:		1799.86 time, 1800.02 real, 647 MB
[runlim] sample:		1809.86 time, 1810.02 real, 647 MB
[runlim] sample:		1819.86 time, 1820.02 real, 647 MB
[runlim] sample:		1829.86 time, 1830.02 real, 647 MB
[runlim] sample:		1839.86 time, 1840.02 real, 647 MB
[runlim] sample:		1849.86 time, 1850.02 real, 647 MB
[runlim] sample:		1859.86 time, 1860.02 real, 647 MB
[runlim] sample:		1869.86 time, 1870.02 real, 647 MB
[runlim] sample:		1879.86 time, 1880.02 real, 647 MB
[runlim] sample:		1889.86 time, 1890.02 real, 647 MB
[runlim] sample:		1899.86 time, 1900.02 real, 647 MB
[runlim] sample:		1909.86 time, 1910.02 real, 647 MB
[runlim] sample:		1919.86 time, 1920.02 real, 647 MB
[runlim] sample:		1929.86 time, 1930.02 real, 647 MB
[runlim] sample:		1939.86 time, 1940.02 real, 647 MB
[runlim] sample:		1949.86 time, 1950.02 real, 647 MB
[runlim] sample:		1959.86 time, 1960.02 real, 647 MB
[runlim] sample:		1969.86 time, 1970.02 real, 647 MB
[runlim] sample:		1979.86 time, 1980.02 real, 647 MB
[runlim] sample:		1989.86 time, 1990.02 real, 647 MB
[runlim] sample:		1999.86 time, 2000.02 real, 647 MB
[runlim] sample:		2009.86 time, 2010.02 real, 647 MB
[runlim] sample:		2019.86 time, 2020.02 real, 647 MB
[runlim] sample:		2029.86 time, 2030.02 real, 647 MB
[runlim] sample:		2039.86 time, 2040.02 real, 647 MB
[runlim] sample:		2049.86 time, 2050.02 real, 647 MB
[runlim] sample:		2059.86 time, 2060.02 real, 647 MB
[runlim] sample:		2069.86 time, 2070.02 real, 647 MB
[runlim] sample:		2079.86 time, 2080.02 real, 647 MB
[runlim] sample:		2089.86 time, 2090.02 real, 647 MB
[runlim] sample:		2099.86 time, 2100.02 real, 647 MB
[runlim] sample:		2109.86 time, 2110.02 real, 647 MB
[runlim] sample:		2119.86 time, 2120.02 real, 647 MB
[runlim] sample:		2129.86 time, 2130.02 real, 647 MB
[runlim] sample:		2139.86 time, 2140.02 real, 647 MB
[runlim] sample:		2149.86 time, 2150.02 real, 647 MB
[runlim] sample:		2159.86 time, 2160.02 real, 647 MB
[runlim] sample:		2169.86 time, 2170.02 real, 647 MB
[runlim] sample:		2179.86 time, 2180.02 real, 647 MB
[runlim] sample:		2189.86 time, 2190.02 real, 647 MB
[runlim] sample:		2199.86 time, 2200.02 real, 647 MB
[runlim] sample:		2209.86 time, 2210.02 real, 647 MB
[runlim] sample:		2219.86 time, 2220.02 real, 647 MB
[runlim] sample:		2229.86 time, 2230.02 real, 647 MB
[runlim] sample:		2239.86 time, 2240.02 real, 647 MB
[runlim] sample:		2249.86 time, 2250.02 real, 647 MB
[runlim] sample:		2259.86 time, 2260.02 real, 647 MB
[runlim] sample:		2269.86 time, 2270.02 real, 647 MB
[runlim] sample:		2279.86 time, 2280.02 real, 647 MB
[runlim] sample:		2289.86 time, 2290.02 real, 647 MB
[runlim] sample:		2299.86 time, 2300.02 real, 647 MB
[runlim] sample:		2309.86 time, 2310.02 real, 647 MB
[runlim] sample:		2319.86 time, 2320.02 real, 647 MB
[runlim] sample:		2329.86 time, 2330.02 real, 647 MB
[runlim] sample:		2339.86 time, 2340.02 real, 647 MB
[runlim] sample:		2349.86 time, 2350.02 real, 647 MB
[runlim] sample:		2359.86 time, 2360.02 real, 647 MB
[runlim] sample:		2369.86 time, 2370.02 real, 647 MB
[runlim] sample:		2379.86 time, 2380.02 real, 647 MB
[runlim] sample:		2389.86 time, 2390.02 real, 647 MB
[runlim] sample:		2399.86 time, 2400.02 real, 647 MB
[runlim] sample:		2409.86 time, 2410.02 real, 647 MB
[runlim] sample:		2419.86 time, 2420.02 real, 647 MB
[runlim] sample:		2429.86 time, 2430.02 real, 647 MB
[runlim] sample:		2439.86 time, 2440.02 real, 647 MB
[runlim] sample:		2449.86 time, 2450.02 real, 647 MB
[runlim] sample:		2459.86 time, 2460.02 real, 647 MB
[runlim] sample:		2469.86 time, 2470.02 real, 647 MB
[runlim] sample:		2479.86 time, 2480.02 real, 647 MB
[runlim] sample:		2489.86 time, 2490.02 real, 647 MB
[runlim] sample:		2499.86 time, 2500.02 real, 647 MB
[runlim] sample:		2509.86 time, 2510.02 real, 647 MB
[runlim] sample:		2519.86 time, 2520.02 real, 647 MB
[runlim] sample:		2529.86 time, 2530.02 real, 647 MB
[runlim] sample:		2539.86 time, 2540.02 real, 647 MB
[runlim] sample:		2549.86 time, 2550.02 real, 647 MB
[runlim] sample:		2559.86 time, 2560.02 real, 647 MB
[runlim] sample:		2569.86 time, 2570.02 real, 647 MB
[runlim] sample:		2579.86 time, 2580.02 real, 647 MB
[runlim] sample:		2589.86 time, 2590.02 real, 647 MB
[runlim] sample:		2599.86 time, 2600.02 real, 647 MB
[runlim] sample:		2609.86 time, 2610.02 real, 647 MB
[runlim] sample:		2619.86 time, 2620.02 real, 647 MB
[runlim] sample:		2629.86 time, 2630.02 real, 647 MB
[runlim] sample:		2639.86 time, 2640.02 real, 647 MB
[runlim] sample:		2649.86 time, 2650.02 real, 647 MB
[runlim] sample:		2659.86 time, 2660.02 real, 647 MB
[runlim] sample:		2669.87 time, 2670.02 real, 647 MB
[runlim] sample:		2679.87 time, 2680.02 real, 647 MB
[runlim] sample:		2689.87 time, 2690.02 real, 647 MB
[runlim] sample:		2699.87 time, 2700.02 real, 647 MB
[runlim] end:			Thu Feb 27 09:50:21 2020
[runlim] status:		out of time
[runlim] result:		2
[runlim] children:		1
[runlim] real:			2700.12 seconds
[runlim] time:			2699.87 seconds
[runlim] space:			647 MB
[runlim] samples:		27000
