[runlim] version:		1.18
[runlim] host:			c3n01
[runlim] time limit:		2700 seconds
[runlim] real time limit:	2700 seconds
[runlim] space limit:		7000 MB
[runlim] argv[0]:		./binary
[runlim] argv[1]:		/data/cnf/ankit/RSet1/bobsm5378d2.R
[runlim] start:			Thu Feb 27 09:05:21 2020
[runlim] child:			26037
[runlim] sample:		9.83 time, 10.02 real, 48 MB
[runlim] sample:		19.83 time, 20.02 real, 95 MB
[runlim] sample:		29.83 time, 30.02 real, 109 MB
[runlim] sample:		39.83 time, 40.02 real, 136 MB
[runlim] sample:		49.83 time, 50.02 real, 150 MB
[runlim] sample:		59.83 time, 60.02 real, 181 MB
[runlim] sample:		69.83 time, 70.02 real, 195 MB
[runlim] sample:		79.82 time, 80.02 real, 230 MB
[runlim] sample:		89.83 time, 90.02 real, 230 MB
[runlim] sample:		99.83 time, 100.02 real, 231 MB
[runlim] sample:		109.83 time, 110.02 real, 231 MB
[runlim] sample:		119.83 time, 120.02 real, 231 MB
[runlim] sample:		129.83 time, 130.02 real, 231 MB
[runlim] sample:		139.83 time, 140.02 real, 231 MB
[runlim] sample:		149.83 time, 150.02 real, 234 MB
[runlim] sample:		159.83 time, 160.02 real, 236 MB
[runlim] sample:		169.83 time, 170.02 real, 240 MB
[runlim] sample:		179.82 time, 180.02 real, 243 MB
[runlim] sample:		189.82 time, 190.02 real, 276 MB
[runlim] sample:		199.83 time, 200.02 real, 288 MB
[runlim] sample:		209.83 time, 210.02 real, 296 MB
[runlim] sample:		219.83 time, 220.02 real, 303 MB
[runlim] sample:		229.83 time, 230.02 real, 309 MB
[runlim] sample:		239.83 time, 240.02 real, 314 MB
[runlim] sample:		249.83 time, 250.02 real, 318 MB
[runlim] sample:		259.83 time, 260.02 real, 320 MB
[runlim] sample:		269.83 time, 270.02 real, 323 MB
[runlim] sample:		279.83 time, 280.02 real, 375 MB
[runlim] sample:		289.83 time, 290.02 real, 375 MB
[runlim] sample:		299.83 time, 300.02 real, 375 MB
[runlim] sample:		309.83 time, 310.02 real, 378 MB
[runlim] sample:		319.83 time, 320.02 real, 382 MB
[runlim] sample:		329.83 time, 330.02 real, 385 MB
[runlim] sample:		339.83 time, 340.02 real, 389 MB
[runlim] sample:		349.83 time, 350.02 real, 392 MB
[runlim] sample:		359.83 time, 360.02 real, 394 MB
[runlim] sample:		369.83 time, 370.02 real, 396 MB
[runlim] sample:		379.83 time, 380.02 real, 399 MB
[runlim] sample:		389.82 time, 390.02 real, 401 MB
[runlim] sample:		399.83 time, 400.02 real, 404 MB
[runlim] sample:		409.83 time, 410.02 real, 406 MB
[runlim] sample:		419.83 time, 420.02 real, 413 MB
[runlim] sample:		429.83 time, 430.02 real, 413 MB
[runlim] sample:		439.84 time, 440.02 real, 424 MB
[runlim] sample:		449.83 time, 450.02 real, 473 MB
[runlim] sample:		459.83 time, 460.02 real, 473 MB
[runlim] sample:		469.83 time, 470.02 real, 473 MB
[runlim] sample:		479.83 time, 480.02 real, 480 MB
[runlim] sample:		489.83 time, 490.02 real, 487 MB
[runlim] sample:		499.83 time, 500.02 real, 492 MB
[runlim] sample:		509.83 time, 510.02 real, 497 MB
[runlim] sample:		519.83 time, 520.02 real, 502 MB
[runlim] sample:		529.83 time, 530.02 real, 505 MB
[runlim] sample:		539.84 time, 540.02 real, 509 MB
[runlim] sample:		549.83 time, 550.02 real, 512 MB
[runlim] sample:		559.83 time, 560.02 real, 516 MB
[runlim] sample:		569.83 time, 570.02 real, 518 MB
[runlim] sample:		579.83 time, 580.02 real, 522 MB
[runlim] sample:		589.83 time, 590.02 real, 525 MB
[runlim] sample:		599.83 time, 600.02 real, 527 MB
[runlim] sample:		609.83 time, 610.02 real, 530 MB
[runlim] sample:		619.84 time, 620.02 real, 533 MB
[runlim] sample:		629.83 time, 630.02 real, 535 MB
[runlim] sample:		639.84 time, 640.02 real, 538 MB
[runlim] sample:		649.83 time, 650.02 real, 539 MB
[runlim] sample:		659.83 time, 660.02 real, 541 MB
[runlim] sample:		669.83 time, 670.02 real, 543 MB
[runlim] sample:		679.83 time, 680.02 real, 544 MB
[runlim] sample:		689.84 time, 690.02 real, 546 MB
[runlim] sample:		699.83 time, 700.02 real, 547 MB
[runlim] sample:		709.83 time, 710.02 real, 549 MB
[runlim] sample:		719.83 time, 720.02 real, 551 MB
[runlim] sample:		729.83 time, 730.02 real, 553 MB
[runlim] sample:		739.84 time, 740.02 real, 555 MB
[runlim] sample:		749.83 time, 750.02 real, 557 MB
[runlim] sample:		759.83 time, 760.02 real, 559 MB
[runlim] sample:		769.83 time, 770.02 real, 561 MB
[runlim] sample:		779.83 time, 780.02 real, 563 MB
[runlim] sample:		789.83 time, 790.02 real, 565 MB
[runlim] sample:		799.83 time, 800.02 real, 566 MB
[runlim] sample:		809.84 time, 810.02 real, 568 MB
[runlim] sample:		819.83 time, 820.02 real, 570 MB
[runlim] sample:		829.83 time, 830.02 real, 571 MB
[runlim] sample:		839.83 time, 840.02 real, 573 MB
[runlim] sample:		849.83 time, 850.02 real, 574 MB
[runlim] sample:		859.83 time, 860.02 real, 575 MB
[runlim] sample:		869.83 time, 870.02 real, 576 MB
[runlim] sample:		879.83 time, 880.02 real, 578 MB
[runlim] sample:		889.83 time, 890.02 real, 579 MB
[runlim] sample:		899.83 time, 900.02 real, 580 MB
[runlim] sample:		909.83 time, 910.02 real, 581 MB
[runlim] sample:		919.83 time, 920.02 real, 582 MB
[runlim] sample:		929.83 time, 930.02 real, 583 MB
[runlim] sample:		939.83 time, 940.02 real, 584 MB
[runlim] sample:		949.83 time, 950.02 real, 601 MB
[runlim] sample:		959.83 time, 960.02 real, 695 MB
[runlim] sample:		969.83 time, 970.02 real, 695 MB
[runlim] sample:		979.83 time, 980.02 real, 695 MB
[runlim] sample:		989.82 time, 990.02 real, 695 MB
[runlim] sample:		999.82 time, 1000.02 real, 695 MB
[runlim] sample:		1009.83 time, 1010.02 real, 695 MB
[runlim] sample:		1019.83 time, 1020.02 real, 695 MB
[runlim] sample:		1029.83 time, 1030.02 real, 695 MB
[runlim] sample:		1039.83 time, 1040.02 real, 695 MB
[runlim] sample:		1049.83 time, 1050.02 real, 695 MB
[runlim] sample:		1059.83 time, 1060.02 real, 695 MB
[runlim] sample:		1069.83 time, 1070.02 real, 695 MB
[runlim] sample:		1079.83 time, 1080.02 real, 695 MB
[runlim] sample:		1089.83 time, 1090.02 real, 695 MB
[runlim] sample:		1099.83 time, 1100.02 real, 696 MB
[runlim] sample:		1109.83 time, 1110.02 real, 697 MB
[runlim] sample:		1119.84 time, 1120.02 real, 699 MB
[runlim] sample:		1129.83 time, 1130.02 real, 701 MB
[runlim] sample:		1139.83 time, 1140.02 real, 703 MB
[runlim] sample:		1149.83 time, 1150.02 real, 704 MB
[runlim] sample:		1159.83 time, 1160.02 real, 706 MB
[runlim] sample:		1169.83 time, 1170.02 real, 707 MB
[runlim] sample:		1179.83 time, 1180.02 real, 709 MB
[runlim] sample:		1189.83 time, 1190.02 real, 711 MB
[runlim] sample:		1199.84 time, 1200.02 real, 712 MB
[runlim] sample:		1209.83 time, 1210.02 real, 714 MB
[runlim] sample:		1219.83 time, 1220.02 real, 717 MB
[runlim] sample:		1229.84 time, 1230.02 real, 719 MB
[runlim] sample:		1239.83 time, 1240.02 real, 720 MB
[runlim] sample:		1249.83 time, 1250.02 real, 722 MB
[runlim] sample:		1259.83 time, 1260.02 real, 723 MB
[runlim] sample:		1269.84 time, 1270.02 real, 724 MB
[runlim] sample:		1279.83 time, 1280.02 real, 725 MB
[runlim] sample:		1289.83 time, 1290.02 real, 727 MB
[runlim] sample:		1299.83 time, 1300.02 real, 728 MB
[runlim] sample:		1309.83 time, 1310.02 real, 729 MB
[runlim] sample:		1319.83 time, 1320.02 real, 730 MB
[runlim] sample:		1329.84 time, 1330.02 real, 731 MB
[runlim] sample:		1339.83 time, 1340.02 real, 732 MB
[runlim] sample:		1349.84 time, 1350.02 real, 733 MB
[runlim] sample:		1359.83 time, 1360.02 real, 734 MB
[runlim] sample:		1369.83 time, 1370.02 real, 736 MB
[runlim] sample:		1379.84 time, 1380.02 real, 737 MB
[runlim] sample:		1389.84 time, 1390.02 real, 738 MB
[runlim] sample:		1399.83 time, 1400.02 real, 739 MB
[runlim] sample:		1409.83 time, 1410.02 real, 740 MB
[runlim] sample:		1419.83 time, 1420.02 real, 742 MB
[runlim] sample:		1429.84 time, 1430.02 real, 743 MB
[runlim] sample:		1439.83 time, 1440.02 real, 744 MB
[runlim] sample:		1449.83 time, 1450.02 real, 746 MB
[runlim] sample:		1459.83 time, 1460.02 real, 747 MB
[runlim] sample:		1469.83 time, 1470.02 real, 749 MB
[runlim] sample:		1479.84 time, 1480.02 real, 750 MB
[runlim] sample:		1489.84 time, 1490.02 real, 751 MB
[runlim] sample:		1499.83 time, 1500.02 real, 752 MB
[runlim] sample:		1509.83 time, 1510.02 real, 753 MB
[runlim] sample:		1519.83 time, 1520.02 real, 754 MB
[runlim] sample:		1529.83 time, 1530.02 real, 756 MB
[runlim] sample:		1539.83 time, 1540.02 real, 757 MB
[runlim] sample:		1549.83 time, 1550.02 real, 758 MB
[runlim] sample:		1559.83 time, 1560.02 real, 759 MB
[runlim] sample:		1569.83 time, 1570.02 real, 760 MB
[runlim] sample:		1579.84 time, 1580.02 real, 762 MB
[runlim] sample:		1589.84 time, 1590.02 real, 763 MB
[runlim] sample:		1599.84 time, 1600.02 real, 764 MB
[runlim] sample:		1609.83 time, 1610.02 real, 765 MB
[runlim] sample:		1619.83 time, 1620.02 real, 766 MB
[runlim] sample:		1629.83 time, 1630.02 real, 767 MB
[runlim] sample:		1639.83 time, 1640.02 real, 767 MB
[runlim] sample:		1649.83 time, 1650.02 real, 769 MB
[runlim] sample:		1659.83 time, 1660.02 real, 782 MB
[runlim] sample:		1669.83 time, 1670.02 real, 782 MB
[runlim] sample:		1679.83 time, 1680.02 real, 797 MB
[runlim] sample:		1689.83 time, 1690.02 real, 912 MB
[runlim] sample:		1699.83 time, 1700.02 real, 912 MB
[runlim] sample:		1709.83 time, 1710.02 real, 912 MB
[runlim] sample:		1719.83 time, 1720.02 real, 912 MB
[runlim] sample:		1729.83 time, 1730.02 real, 912 MB
[runlim] sample:		1739.83 time, 1740.02 real, 912 MB
[runlim] sample:		1749.83 time, 1750.02 real, 912 MB
[runlim] sample:		1759.83 time, 1760.02 real, 912 MB
[runlim] sample:		1769.83 time, 1770.02 real, 912 MB
[runlim] sample:		1779.83 time, 1780.02 real, 912 MB
[runlim] sample:		1789.83 time, 1790.02 real, 912 MB
[runlim] sample:		1799.83 time, 1800.02 real, 912 MB
[runlim] sample:		1809.83 time, 1810.02 real, 912 MB
[runlim] sample:		1819.83 time, 1820.02 real, 912 MB
[runlim] sample:		1829.83 time, 1830.02 real, 912 MB
[runlim] sample:		1839.83 time, 1840.02 real, 912 MB
[runlim] sample:		1849.83 time, 1850.02 real, 912 MB
[runlim] sample:		1859.83 time, 1860.02 real, 912 MB
[runlim] sample:		1869.83 time, 1870.02 real, 912 MB
[runlim] sample:		1879.83 time, 1880.02 real, 912 MB
[runlim] sample:		1889.83 time, 1890.02 real, 912 MB
[runlim] sample:		1899.83 time, 1900.02 real, 912 MB
[runlim] sample:		1909.83 time, 1910.02 real, 912 MB
[runlim] sample:		1919.83 time, 1920.02 real, 912 MB
[runlim] sample:		1929.83 time, 1930.02 real, 912 MB
[runlim] sample:		1939.83 time, 1940.02 real, 912 MB
[runlim] sample:		1949.83 time, 1950.02 real, 914 MB
[runlim] sample:		1959.83 time, 1960.02 real, 915 MB
[runlim] sample:		1969.83 time, 1970.02 real, 917 MB
[runlim] sample:		1979.84 time, 1980.02 real, 918 MB
[runlim] sample:		1989.83 time, 1990.02 real, 920 MB
[runlim] sample:		1999.83 time, 2000.02 real, 921 MB
[runlim] sample:		2009.83 time, 2010.02 real, 922 MB
[runlim] sample:		2019.83 time, 2020.02 real, 924 MB
[runlim] sample:		2029.84 time, 2030.02 real, 925 MB
[runlim] sample:		2039.84 time, 2040.02 real, 926 MB
[runlim] sample:		2049.84 time, 2050.02 real, 927 MB
[runlim] sample:		2059.83 time, 2060.02 real, 928 MB
[runlim] sample:		2069.83 time, 2070.02 real, 929 MB
[runlim] sample:		2079.84 time, 2080.02 real, 930 MB
[runlim] sample:		2089.84 time, 2090.02 real, 931 MB
[runlim] sample:		2099.84 time, 2100.02 real, 933 MB
[runlim] sample:		2109.83 time, 2110.02 real, 934 MB
[runlim] sample:		2119.84 time, 2120.02 real, 935 MB
[runlim] sample:		2129.84 time, 2130.02 real, 937 MB
[runlim] sample:		2139.84 time, 2140.02 real, 938 MB
[runlim] sample:		2149.84 time, 2150.02 real, 939 MB
[runlim] sample:		2159.84 time, 2160.02 real, 941 MB
[runlim] sample:		2169.83 time, 2170.02 real, 942 MB
[runlim] sample:		2179.83 time, 2180.02 real, 943 MB
[runlim] sample:		2189.83 time, 2190.02 real, 945 MB
[runlim] sample:		2199.84 time, 2200.02 real, 946 MB
[runlim] sample:		2209.84 time, 2210.02 real, 947 MB
[runlim] sample:		2219.84 time, 2220.02 real, 948 MB
[runlim] sample:		2229.84 time, 2230.02 real, 949 MB
[runlim] sample:		2239.84 time, 2240.02 real, 950 MB
[runlim] sample:		2249.83 time, 2250.02 real, 951 MB
[runlim] sample:		2259.83 time, 2260.02 real, 952 MB
[runlim] sample:		2269.83 time, 2270.02 real, 953 MB
[runlim] sample:		2279.84 time, 2280.02 real, 954 MB
[runlim] sample:		2289.84 time, 2290.02 real, 955 MB
[runlim] sample:		2299.84 time, 2300.02 real, 956 MB
[runlim] sample:		2309.83 time, 2310.02 real, 957 MB
[runlim] sample:		2319.83 time, 2320.02 real, 958 MB
[runlim] sample:		2329.84 time, 2330.02 real, 959 MB
[runlim] sample:		2339.84 time, 2340.02 real, 960 MB
[runlim] sample:		2349.84 time, 2350.02 real, 960 MB
[runlim] sample:		2359.84 time, 2360.02 real, 961 MB
[runlim] sample:		2369.84 time, 2370.02 real, 962 MB
[runlim] sample:		2379.84 time, 2380.02 real, 963 MB
[runlim] sample:		2389.84 time, 2390.02 real, 964 MB
[runlim] sample:		2399.84 time, 2400.02 real, 965 MB
[runlim] sample:		2409.84 time, 2410.02 real, 966 MB
[runlim] sample:		2419.84 time, 2420.02 real, 966 MB
[runlim] sample:		2429.83 time, 2430.02 real, 967 MB
[runlim] sample:		2439.83 time, 2440.02 real, 968 MB
[runlim] sample:		2449.83 time, 2450.02 real, 969 MB
[runlim] sample:		2459.84 time, 2460.02 real, 970 MB
[runlim] sample:		2469.84 time, 2470.02 real, 971 MB
[runlim] sample:		2479.83 time, 2480.02 real, 972 MB
[runlim] sample:		2489.83 time, 2490.02 real, 973 MB
[runlim] sample:		2499.83 time, 2500.02 real, 974 MB
[runlim] sample:		2509.83 time, 2510.02 real, 976 MB
[runlim] sample:		2519.84 time, 2520.02 real, 977 MB
[runlim] sample:		2529.84 time, 2530.02 real, 978 MB
[runlim] sample:		2539.83 time, 2540.02 real, 979 MB
[runlim] sample:		2549.83 time, 2550.02 real, 980 MB
[runlim] sample:		2559.83 time, 2560.02 real, 981 MB
[runlim] sample:		2569.83 time, 2570.02 real, 981 MB
[runlim] sample:		2579.83 time, 2580.02 real, 982 MB
[runlim] sample:		2589.84 time, 2590.02 real, 983 MB
[runlim] sample:		2599.84 time, 2600.02 real, 984 MB
[runlim] sample:		2609.84 time, 2610.02 real, 985 MB
[runlim] sample:		2619.83 time, 2620.02 real, 985 MB
[runlim] sample:		2629.83 time, 2630.02 real, 986 MB
[runlim] sample:		2639.84 time, 2640.02 real, 987 MB
[runlim] sample:		2649.83 time, 2650.02 real, 988 MB
[runlim] sample:		2659.83 time, 2660.02 real, 989 MB
[runlim] sample:		2669.84 time, 2670.02 real, 990 MB
[runlim] sample:		2679.83 time, 2680.02 real, 991 MB
[runlim] sample:		2689.83 time, 2690.02 real, 992 MB
[runlim] sample:		2699.83 time, 2700.02 real, 993 MB
[runlim] end:			Thu Feb 27 09:50:21 2020
[runlim] status:		out of time
[runlim] result:		2
[runlim] children:		1
[runlim] real:			2700.11 seconds
[runlim] time:			2699.83 seconds
[runlim] space:			993 MB
[runlim] samples:		27000
