[runlim] version:		1.18
[runlim] host:			c3n25
[runlim] time limit:		2700 seconds
[runlim] real time limit:	2700 seconds
[runlim] space limit:		7000 MB
[runlim] argv[0]:		./binary
[runlim] argv[1]:		/data/cnf/ankit/RSet1/dungeon_i15-m7-u4-v0.pddl_planlen=168.dqbf
[runlim] start:			Thu Feb 27 09:05:21 2020
[runlim] child:			9278
[runlim] sample:		9.40 time, 10.02 real, 83 MB
[runlim] sample:		19.40 time, 20.02 real, 262 MB
[runlim] sample:		29.40 time, 30.02 real, 273 MB
[runlim] sample:		39.40 time, 40.02 real, 277 MB
[runlim] sample:		49.40 time, 50.02 real, 280 MB
[runlim] sample:		59.40 time, 60.02 real, 283 MB
[runlim] sample:		69.40 time, 70.02 real, 286 MB
[runlim] sample:		79.40 time, 80.02 real, 288 MB
[runlim] sample:		89.40 time, 90.02 real, 290 MB
[runlim] sample:		99.40 time, 100.02 real, 292 MB
[runlim] sample:		109.40 time, 110.02 real, 295 MB
[runlim] sample:		119.40 time, 120.02 real, 296 MB
[runlim] sample:		129.40 time, 130.02 real, 298 MB
[runlim] sample:		139.40 time, 140.02 real, 300 MB
[runlim] sample:		149.40 time, 150.02 real, 302 MB
[runlim] sample:		159.40 time, 160.02 real, 312 MB
[runlim] sample:		169.40 time, 170.02 real, 315 MB
[runlim] sample:		179.40 time, 180.02 real, 318 MB
[runlim] sample:		189.40 time, 190.02 real, 327 MB
[runlim] sample:		199.40 time, 200.02 real, 327 MB
[runlim] sample:		209.40 time, 210.02 real, 329 MB
[runlim] sample:		219.40 time, 220.02 real, 331 MB
[runlim] sample:		229.40 time, 230.02 real, 333 MB
[runlim] sample:		239.40 time, 240.02 real, 335 MB
[runlim] sample:		249.40 time, 250.02 real, 337 MB
[runlim] sample:		259.40 time, 260.02 real, 338 MB
[runlim] sample:		269.40 time, 270.02 real, 340 MB
[runlim] sample:		279.40 time, 280.02 real, 342 MB
[runlim] sample:		289.40 time, 290.02 real, 343 MB
[runlim] sample:		299.40 time, 300.02 real, 351 MB
[runlim] sample:		309.40 time, 310.02 real, 351 MB
[runlim] sample:		319.40 time, 320.02 real, 351 MB
[runlim] sample:		329.40 time, 330.02 real, 352 MB
[runlim] sample:		339.40 time, 340.02 real, 354 MB
[runlim] sample:		349.40 time, 350.02 real, 355 MB
[runlim] sample:		359.40 time, 360.02 real, 463 MB
[runlim] sample:		369.40 time, 370.02 real, 544 MB
[runlim] sample:		379.40 time, 380.02 real, 609 MB
[runlim] sample:		389.40 time, 390.02 real, 643 MB
[runlim] sample:		399.40 time, 400.02 real, 621 MB
[runlim] sample:		409.40 time, 410.02 real, 662 MB
[runlim] sample:		419.40 time, 420.02 real, 622 MB
[runlim] sample:		429.40 time, 430.02 real, 674 MB
[runlim] sample:		439.40 time, 440.02 real, 711 MB
[runlim] sample:		449.40 time, 450.02 real, 636 MB
[runlim] sample:		459.40 time, 460.02 real, 678 MB
[runlim] sample:		469.40 time, 470.02 real, 714 MB
[runlim] sample:		479.40 time, 480.02 real, 608 MB
[runlim] sample:		489.40 time, 490.02 real, 646 MB
[runlim] sample:		499.40 time, 500.02 real, 684 MB
[runlim] sample:		509.40 time, 510.02 real, 597 MB
[runlim] sample:		519.40 time, 520.02 real, 640 MB
[runlim] sample:		529.39 time, 530.02 real, 674 MB
[runlim] sample:		539.40 time, 540.02 real, 692 MB
[runlim] sample:		549.40 time, 550.02 real, 713 MB
[runlim] sample:		559.40 time, 560.02 real, 632 MB
[runlim] sample:		569.40 time, 570.02 real, 664 MB
[runlim] sample:		579.40 time, 580.02 real, 700 MB
[runlim] sample:		589.40 time, 590.02 real, 609 MB
[runlim] sample:		599.39 time, 600.02 real, 653 MB
[runlim] sample:		609.40 time, 610.02 real, 697 MB
[runlim] sample:		619.40 time, 620.02 real, 724 MB
[runlim] sample:		629.39 time, 630.02 real, 594 MB
[runlim] sample:		639.39 time, 640.02 real, 637 MB
[runlim] sample:		649.39 time, 650.02 real, 671 MB
[runlim] sample:		659.40 time, 660.02 real, 694 MB
[runlim] sample:		669.40 time, 670.02 real, 718 MB
[runlim] sample:		679.39 time, 680.02 real, 625 MB
[runlim] sample:		689.39 time, 690.02 real, 658 MB
[runlim] sample:		699.40 time, 700.02 real, 687 MB
[runlim] sample:		709.40 time, 710.02 real, 711 MB
[runlim] sample:		719.40 time, 720.02 real, 734 MB
[runlim] sample:		729.40 time, 730.02 real, 750 MB
[runlim] sample:		739.40 time, 740.02 real, 766 MB
[runlim] sample:		749.39 time, 750.02 real, 620 MB
[runlim] sample:		759.39 time, 760.02 real, 664 MB
[runlim] sample:		769.40 time, 770.02 real, 695 MB
[runlim] sample:		779.40 time, 780.02 real, 731 MB
[runlim] sample:		789.40 time, 790.02 real, 752 MB
[runlim] sample:		799.39 time, 800.02 real, 771 MB
[runlim] sample:		809.40 time, 810.02 real, 630 MB
[runlim] sample:		819.40 time, 820.02 real, 660 MB
[runlim] sample:		829.39 time, 830.02 real, 685 MB
[runlim] sample:		839.40 time, 840.02 real, 709 MB
[runlim] sample:		849.40 time, 850.02 real, 734 MB
[runlim] sample:		859.39 time, 860.02 real, 750 MB
[runlim] sample:		869.40 time, 870.02 real, 625 MB
[runlim] sample:		879.40 time, 880.02 real, 661 MB
[runlim] sample:		889.39 time, 890.02 real, 687 MB
[runlim] sample:		899.39 time, 900.02 real, 709 MB
[runlim] sample:		909.40 time, 910.02 real, 727 MB
[runlim] sample:		919.39 time, 920.02 real, 756 MB
[runlim] sample:		929.40 time, 930.02 real, 629 MB
[runlim] sample:		939.40 time, 940.02 real, 672 MB
[runlim] sample:		949.39 time, 950.02 real, 701 MB
[runlim] sample:		959.39 time, 960.02 real, 729 MB
[runlim] sample:		969.39 time, 970.02 real, 763 MB
[runlim] sample:		979.39 time, 980.02 real, 793 MB
[runlim] sample:		989.39 time, 990.02 real, 817 MB
[runlim] sample:		999.40 time, 1000.02 real, 841 MB
[runlim] sample:		1009.39 time, 1010.02 real, 862 MB
[runlim] sample:		1019.39 time, 1020.02 real, 627 MB
[runlim] sample:		1029.39 time, 1030.02 real, 694 MB
[runlim] sample:		1039.40 time, 1040.02 real, 759 MB
[runlim] sample:		1049.39 time, 1050.02 real, 808 MB
[runlim] sample:		1059.40 time, 1060.02 real, 846 MB
[runlim] sample:		1069.39 time, 1070.02 real, 865 MB
[runlim] sample:		1079.40 time, 1080.02 real, 605 MB
[runlim] sample:		1089.39 time, 1090.02 real, 655 MB
[runlim] sample:		1099.39 time, 1100.02 real, 684 MB
[runlim] sample:		1109.39 time, 1110.02 real, 706 MB
[runlim] sample:		1119.40 time, 1120.02 real, 735 MB
[runlim] sample:		1129.40 time, 1130.02 real, 763 MB
[runlim] sample:		1139.39 time, 1140.02 real, 780 MB
[runlim] sample:		1149.39 time, 1150.02 real, 796 MB
[runlim] sample:		1159.40 time, 1160.02 real, 617 MB
[runlim] sample:		1169.39 time, 1170.02 real, 657 MB
[runlim] sample:		1179.40 time, 1180.02 real, 688 MB
[runlim] sample:		1189.39 time, 1190.02 real, 715 MB
[runlim] sample:		1199.40 time, 1200.02 real, 741 MB
[runlim] sample:		1209.39 time, 1210.02 real, 763 MB
[runlim] sample:		1219.39 time, 1220.02 real, 785 MB
[runlim] sample:		1229.40 time, 1230.02 real, 814 MB
[runlim] sample:		1239.39 time, 1240.02 real, 665 MB
[runlim] sample:		1249.40 time, 1250.02 real, 700 MB
[runlim] sample:		1259.39 time, 1260.02 real, 727 MB
[runlim] sample:		1269.40 time, 1270.02 real, 750 MB
[runlim] sample:		1279.40 time, 1280.02 real, 771 MB
[runlim] sample:		1289.39 time, 1290.02 real, 804 MB
[runlim] sample:		1299.39 time, 1300.02 real, 840 MB
[runlim] sample:		1309.39 time, 1310.02 real, 654 MB
[runlim] sample:		1319.39 time, 1320.02 real, 711 MB
[runlim] sample:		1329.40 time, 1330.02 real, 751 MB
[runlim] sample:		1339.39 time, 1340.02 real, 786 MB
[runlim] sample:		1349.40 time, 1350.02 real, 812 MB
[runlim] sample:		1359.39 time, 1360.02 real, 833 MB
[runlim] sample:		1369.39 time, 1370.02 real, 848 MB
[runlim] sample:		1379.39 time, 1380.02 real, 864 MB
[runlim] sample:		1389.39 time, 1390.02 real, 878 MB
[runlim] sample:		1399.39 time, 1400.02 real, 892 MB
[runlim] sample:		1409.39 time, 1410.02 real, 914 MB
[runlim] sample:		1419.39 time, 1420.02 real, 660 MB
[runlim] sample:		1429.39 time, 1430.02 real, 699 MB
[runlim] sample:		1439.39 time, 1440.02 real, 724 MB
[runlim] sample:		1449.39 time, 1450.02 real, 749 MB
[runlim] sample:		1459.40 time, 1460.02 real, 769 MB
[runlim] sample:		1469.39 time, 1470.02 real, 788 MB
[runlim] sample:		1479.39 time, 1480.02 real, 809 MB
[runlim] sample:		1489.39 time, 1490.02 real, 824 MB
[runlim] sample:		1499.39 time, 1500.02 real, 841 MB
[runlim] sample:		1509.39 time, 1510.02 real, 642 MB
[runlim] sample:		1519.39 time, 1520.02 real, 685 MB
[runlim] sample:		1529.39 time, 1530.02 real, 716 MB
[runlim] sample:		1539.39 time, 1540.02 real, 737 MB
[runlim] sample:		1549.39 time, 1550.02 real, 754 MB
[runlim] sample:		1559.39 time, 1560.02 real, 769 MB
[runlim] sample:		1569.39 time, 1570.02 real, 783 MB
[runlim] sample:		1579.39 time, 1580.02 real, 805 MB
[runlim] sample:		1589.39 time, 1590.02 real, 616 MB
[runlim] sample:		1599.39 time, 1600.02 real, 658 MB
[runlim] sample:		1609.39 time, 1610.02 real, 690 MB
[runlim] sample:		1619.39 time, 1620.02 real, 713 MB
[runlim] sample:		1629.39 time, 1630.02 real, 743 MB
[runlim] sample:		1639.39 time, 1640.02 real, 769 MB
[runlim] sample:		1649.39 time, 1650.02 real, 787 MB
[runlim] sample:		1659.39 time, 1660.02 real, 802 MB
[runlim] sample:		1669.39 time, 1670.02 real, 817 MB
[runlim] sample:		1679.39 time, 1680.02 real, 618 MB
[runlim] sample:		1689.39 time, 1690.02 real, 661 MB
[runlim] sample:		1699.39 time, 1700.02 real, 694 MB
[runlim] sample:		1709.39 time, 1710.02 real, 722 MB
[runlim] sample:		1719.39 time, 1720.02 real, 750 MB
[runlim] sample:		1729.39 time, 1730.02 real, 767 MB
[runlim] sample:		1739.39 time, 1740.02 real, 782 MB
[runlim] sample:		1749.39 time, 1750.02 real, 797 MB
[runlim] sample:		1759.39 time, 1760.02 real, 808 MB
[runlim] sample:		1769.39 time, 1770.02 real, 640 MB
[runlim] sample:		1779.39 time, 1780.02 real, 678 MB
[runlim] sample:		1789.39 time, 1790.02 real, 709 MB
[runlim] sample:		1799.39 time, 1800.02 real, 750 MB
[runlim] sample:		1809.39 time, 1810.02 real, 776 MB
[runlim] sample:		1819.39 time, 1820.02 real, 797 MB
[runlim] sample:		1829.39 time, 1830.02 real, 816 MB
[runlim] sample:		1839.39 time, 1840.02 real, 832 MB
[runlim] sample:		1849.39 time, 1850.02 real, 852 MB
[runlim] sample:		1859.39 time, 1860.02 real, 644 MB
[runlim] sample:		1869.39 time, 1870.02 real, 682 MB
[runlim] sample:		1879.39 time, 1880.02 real, 718 MB
[runlim] sample:		1889.39 time, 1890.02 real, 757 MB
[runlim] sample:		1899.39 time, 1900.02 real, 789 MB
[runlim] sample:		1909.39 time, 1910.02 real, 814 MB
[runlim] sample:		1919.39 time, 1920.02 real, 845 MB
[runlim] sample:		1929.39 time, 1930.02 real, 879 MB
[runlim] sample:		1939.39 time, 1940.02 real, 642 MB
[runlim] sample:		1949.39 time, 1950.02 real, 714 MB
[runlim] sample:		1959.39 time, 1960.02 real, 761 MB
[runlim] sample:		1969.39 time, 1970.02 real, 804 MB
[runlim] sample:		1979.39 time, 1980.02 real, 835 MB
[runlim] sample:		1989.39 time, 1990.02 real, 869 MB
[runlim] sample:		1999.39 time, 2000.02 real, 897 MB
[runlim] sample:		2009.39 time, 2010.02 real, 919 MB
[runlim] sample:		2019.39 time, 2020.02 real, 939 MB
[runlim] sample:		2029.39 time, 2030.02 real, 961 MB
[runlim] sample:		2039.39 time, 2040.02 real, 988 MB
[runlim] sample:		2049.39 time, 2050.02 real, 1006 MB
[runlim] sample:		2059.39 time, 2060.02 real, 1030 MB
[runlim] sample:		2069.39 time, 2070.02 real, 1044 MB
[runlim] sample:		2079.39 time, 2080.02 real, 1060 MB
[runlim] sample:		2089.39 time, 2090.02 real, 675 MB
[runlim] sample:		2099.39 time, 2100.02 real, 750 MB
[runlim] sample:		2109.39 time, 2110.02 real, 816 MB
[runlim] sample:		2119.39 time, 2120.02 real, 862 MB
[runlim] sample:		2129.39 time, 2130.02 real, 899 MB
[runlim] sample:		2139.39 time, 2140.02 real, 938 MB
[runlim] sample:		2149.38 time, 2150.02 real, 964 MB
[runlim] sample:		2159.38 time, 2160.02 real, 986 MB
[runlim] sample:		2169.39 time, 2170.02 real, 648 MB
[runlim] sample:		2179.39 time, 2180.02 real, 677 MB
[runlim] sample:		2189.39 time, 2190.02 real, 701 MB
[runlim] sample:		2199.39 time, 2200.02 real, 730 MB
[runlim] sample:		2209.39 time, 2210.02 real, 755 MB
[runlim] sample:		2219.39 time, 2220.02 real, 774 MB
[runlim] sample:		2229.39 time, 2230.02 real, 790 MB
[runlim] sample:		2239.38 time, 2240.02 real, 804 MB
[runlim] sample:		2249.39 time, 2250.02 real, 816 MB
[runlim] sample:		2259.39 time, 2260.02 real, 832 MB
[runlim] sample:		2269.39 time, 2270.02 real, 638 MB
[runlim] sample:		2279.39 time, 2280.02 real, 677 MB
[runlim] sample:		2289.39 time, 2290.02 real, 714 MB
[runlim] sample:		2299.39 time, 2300.02 real, 742 MB
[runlim] sample:		2309.38 time, 2310.02 real, 762 MB
[runlim] sample:		2319.38 time, 2320.02 real, 785 MB
[runlim] sample:		2329.39 time, 2330.02 real, 803 MB
[runlim] sample:		2339.39 time, 2340.02 real, 818 MB
[runlim] sample:		2349.38 time, 2350.02 real, 836 MB
[runlim] sample:		2359.39 time, 2360.02 real, 849 MB
[runlim] sample:		2369.38 time, 2370.02 real, 862 MB
[runlim] sample:		2379.38 time, 2380.02 real, 650 MB
[runlim] sample:		2389.39 time, 2390.02 real, 683 MB
[runlim] sample:		2399.38 time, 2400.02 real, 715 MB
[runlim] sample:		2409.38 time, 2410.02 real, 740 MB
[runlim] sample:		2419.38 time, 2420.02 real, 759 MB
[runlim] sample:		2429.38 time, 2430.02 real, 786 MB
[runlim] sample:		2439.38 time, 2440.02 real, 813 MB
[runlim] sample:		2449.38 time, 2450.02 real, 841 MB
[runlim] sample:		2459.38 time, 2460.01 real, 666 MB
[runlim] sample:		2469.38 time, 2470.01 real, 721 MB
[runlim] sample:		2479.38 time, 2480.01 real, 765 MB
[runlim] sample:		2489.39 time, 2490.01 real, 808 MB
[runlim] sample:		2499.38 time, 2500.02 real, 853 MB
[runlim] sample:		2509.38 time, 2510.02 real, 889 MB
[runlim] sample:		2519.38 time, 2520.02 real, 928 MB
[runlim] sample:		2529.38 time, 2530.01 real, 689 MB
[runlim] sample:		2539.38 time, 2540.01 real, 730 MB
[runlim] sample:		2549.38 time, 2550.01 real, 763 MB
[runlim] sample:		2559.38 time, 2560.02 real, 798 MB
[runlim] sample:		2569.38 time, 2570.02 real, 823 MB
[runlim] sample:		2579.38 time, 2580.01 real, 638 MB
[runlim] sample:		2589.38 time, 2590.02 real, 696 MB
[runlim] sample:		2599.38 time, 2600.01 real, 740 MB
[runlim] sample:		2609.38 time, 2610.02 real, 782 MB
[runlim] sample:		2619.38 time, 2620.02 real, 807 MB
[runlim] sample:		2629.38 time, 2630.02 real, 833 MB
[runlim] sample:		2639.38 time, 2640.02 real, 854 MB
[runlim] sample:		2649.38 time, 2650.01 real, 673 MB
[runlim] sample:		2659.38 time, 2660.02 real, 714 MB
[runlim] sample:		2669.38 time, 2670.02 real, 746 MB
[runlim] sample:		2679.38 time, 2680.02 real, 787 MB
[runlim] sample:		2689.38 time, 2690.02 real, 813 MB
[runlim] sample:		2699.38 time, 2700.02 real, 840 MB
[runlim] end:			Thu Feb 27 09:50:21 2020
[runlim] status:		out of time
[runlim] result:		2
[runlim] children:		1
[runlim] real:			2700.10 seconds
[runlim] time:			2699.38 seconds
[runlim] space:			1095 MB
[runlim] samples:		27000
