[runlim] version:		1.18
[runlim] host:			c3n23
[runlim] time limit:		2700 seconds
[runlim] real time limit:	2700 seconds
[runlim] space limit:		7000 MB
[runlim] argv[0]:		./binary
[runlim] argv[1]:		/data/cnf/ankit/RSet1/eijkbs3330.R
[runlim] start:			Thu Feb 27 09:05:21 2020
[runlim] child:			7045
[runlim] sample:		9.83 time, 10.02 real, 52 MB
[runlim] sample:		19.83 time, 20.02 real, 54 MB
[runlim] sample:		29.83 time, 30.02 real, 72 MB
[runlim] sample:		39.83 time, 40.02 real, 81 MB
[runlim] sample:		49.83 time, 50.02 real, 93 MB
[runlim] sample:		59.83 time, 60.02 real, 93 MB
[runlim] sample:		69.83 time, 70.02 real, 94 MB
[runlim] sample:		79.83 time, 80.02 real, 98 MB
[runlim] sample:		89.83 time, 90.02 real, 110 MB
[runlim] sample:		99.83 time, 100.02 real, 132 MB
[runlim] sample:		109.83 time, 110.02 real, 168 MB
[runlim] sample:		119.83 time, 120.02 real, 176 MB
[runlim] sample:		129.82 time, 130.02 real, 182 MB
[runlim] sample:		139.82 time, 140.02 real, 186 MB
[runlim] sample:		149.82 time, 150.02 real, 195 MB
[runlim] sample:		159.82 time, 160.02 real, 195 MB
[runlim] sample:		169.82 time, 170.02 real, 197 MB
[runlim] sample:		179.82 time, 180.02 real, 198 MB
[runlim] sample:		189.82 time, 190.02 real, 220 MB
[runlim] sample:		199.82 time, 200.02 real, 220 MB
[runlim] sample:		209.82 time, 210.02 real, 223 MB
[runlim] sample:		219.83 time, 220.02 real, 230 MB
[runlim] sample:		229.83 time, 230.02 real, 232 MB
[runlim] sample:		239.82 time, 240.02 real, 236 MB
[runlim] sample:		249.82 time, 250.02 real, 247 MB
[runlim] sample:		259.82 time, 260.02 real, 247 MB
[runlim] sample:		269.82 time, 270.02 real, 247 MB
[runlim] sample:		279.82 time, 280.02 real, 247 MB
[runlim] sample:		289.82 time, 290.02 real, 247 MB
[runlim] sample:		299.83 time, 300.02 real, 262 MB
[runlim] sample:		309.83 time, 310.02 real, 263 MB
[runlim] sample:		319.83 time, 320.02 real, 278 MB
[runlim] sample:		329.82 time, 330.02 real, 286 MB
[runlim] sample:		339.82 time, 340.02 real, 293 MB
[runlim] sample:		349.83 time, 350.02 real, 299 MB
[runlim] sample:		359.82 time, 360.02 real, 303 MB
[runlim] sample:		369.82 time, 370.02 real, 306 MB
[runlim] sample:		379.83 time, 380.02 real, 309 MB
[runlim] sample:		389.83 time, 390.02 real, 313 MB
[runlim] sample:		399.82 time, 400.02 real, 317 MB
[runlim] sample:		409.83 time, 410.02 real, 329 MB
[runlim] sample:		419.83 time, 420.02 real, 329 MB
[runlim] sample:		429.83 time, 430.02 real, 329 MB
[runlim] sample:		439.83 time, 440.02 real, 329 MB
[runlim] sample:		449.83 time, 450.02 real, 329 MB
[runlim] sample:		459.83 time, 460.02 real, 329 MB
[runlim] sample:		469.83 time, 470.02 real, 329 MB
[runlim] sample:		479.83 time, 480.02 real, 329 MB
[runlim] sample:		489.83 time, 490.02 real, 329 MB
[runlim] sample:		499.83 time, 500.02 real, 329 MB
[runlim] sample:		509.83 time, 510.02 real, 329 MB
[runlim] sample:		519.83 time, 520.02 real, 329 MB
[runlim] sample:		529.83 time, 530.02 real, 329 MB
[runlim] sample:		539.83 time, 540.02 real, 329 MB
[runlim] sample:		549.83 time, 550.02 real, 329 MB
[runlim] sample:		559.83 time, 560.02 real, 329 MB
[runlim] sample:		569.83 time, 570.02 real, 329 MB
[runlim] sample:		579.83 time, 580.02 real, 329 MB
[runlim] sample:		589.83 time, 590.02 real, 329 MB
[runlim] sample:		599.83 time, 600.02 real, 329 MB
[runlim] sample:		609.83 time, 610.02 real, 329 MB
[runlim] sample:		619.83 time, 620.02 real, 329 MB
[runlim] sample:		629.83 time, 630.02 real, 329 MB
[runlim] sample:		639.83 time, 640.02 real, 329 MB
[runlim] sample:		649.83 time, 650.02 real, 329 MB
[runlim] sample:		659.82 time, 660.02 real, 360 MB
[runlim] sample:		669.82 time, 670.02 real, 360 MB
[runlim] sample:		679.82 time, 680.02 real, 360 MB
[runlim] sample:		689.82 time, 690.02 real, 360 MB
[runlim] sample:		699.82 time, 700.02 real, 360 MB
[runlim] sample:		709.82 time, 710.02 real, 360 MB
[runlim] sample:		719.83 time, 720.02 real, 363 MB
[runlim] sample:		729.82 time, 730.02 real, 369 MB
[runlim] sample:		739.82 time, 740.02 real, 373 MB
[runlim] sample:		749.82 time, 750.02 real, 377 MB
[runlim] sample:		759.82 time, 760.02 real, 381 MB
[runlim] sample:		769.82 time, 770.02 real, 384 MB
[runlim] sample:		779.82 time, 780.02 real, 429 MB
[runlim] sample:		789.82 time, 790.02 real, 429 MB
[runlim] sample:		799.82 time, 800.02 real, 429 MB
[runlim] sample:		809.82 time, 810.02 real, 429 MB
[runlim] sample:		819.82 time, 820.02 real, 429 MB
[runlim] sample:		829.82 time, 830.02 real, 429 MB
[runlim] sample:		839.82 time, 840.02 real, 432 MB
[runlim] sample:		849.82 time, 850.02 real, 432 MB
[runlim] sample:		859.82 time, 860.02 real, 432 MB
[runlim] sample:		869.82 time, 870.02 real, 432 MB
[runlim] sample:		879.82 time, 880.02 real, 432 MB
[runlim] sample:		889.82 time, 890.02 real, 432 MB
[runlim] sample:		899.82 time, 900.02 real, 432 MB
[runlim] sample:		909.82 time, 910.02 real, 432 MB
[runlim] sample:		919.82 time, 920.02 real, 439 MB
[runlim] sample:		929.82 time, 930.02 real, 441 MB
[runlim] sample:		939.82 time, 940.02 real, 444 MB
[runlim] sample:		949.82 time, 950.02 real, 447 MB
[runlim] sample:		959.82 time, 960.02 real, 450 MB
[runlim] sample:		969.82 time, 970.02 real, 453 MB
[runlim] sample:		979.82 time, 980.02 real, 455 MB
[runlim] sample:		989.82 time, 990.02 real, 457 MB
[runlim] sample:		999.82 time, 1000.02 real, 460 MB
[runlim] sample:		1009.82 time, 1010.02 real, 463 MB
[runlim] sample:		1019.82 time, 1020.02 real, 467 MB
[runlim] sample:		1029.82 time, 1030.02 real, 470 MB
[runlim] sample:		1039.82 time, 1040.02 real, 472 MB
[runlim] sample:		1049.82 time, 1050.02 real, 475 MB
[runlim] sample:		1059.82 time, 1060.02 real, 477 MB
[runlim] sample:		1069.82 time, 1070.02 real, 479 MB
[runlim] sample:		1079.82 time, 1080.02 real, 481 MB
[runlim] sample:		1089.82 time, 1090.02 real, 482 MB
[runlim] sample:		1099.82 time, 1100.02 real, 484 MB
[runlim] sample:		1109.82 time, 1110.02 real, 486 MB
[runlim] sample:		1119.82 time, 1120.02 real, 506 MB
[runlim] sample:		1129.82 time, 1130.02 real, 506 MB
[runlim] sample:		1139.82 time, 1140.02 real, 506 MB
[runlim] sample:		1149.82 time, 1150.02 real, 506 MB
[runlim] sample:		1159.82 time, 1160.02 real, 506 MB
[runlim] sample:		1169.82 time, 1170.02 real, 506 MB
[runlim] sample:		1179.82 time, 1180.02 real, 506 MB
[runlim] sample:		1189.82 time, 1190.02 real, 506 MB
[runlim] sample:		1199.82 time, 1200.02 real, 506 MB
[runlim] sample:		1209.82 time, 1210.02 real, 506 MB
[runlim] sample:		1219.82 time, 1220.02 real, 506 MB
[runlim] sample:		1229.82 time, 1230.02 real, 506 MB
[runlim] sample:		1239.82 time, 1240.02 real, 506 MB
[runlim] sample:		1249.82 time, 1250.02 real, 506 MB
[runlim] sample:		1259.82 time, 1260.02 real, 506 MB
[runlim] sample:		1269.82 time, 1270.02 real, 506 MB
[runlim] sample:		1279.82 time, 1280.02 real, 506 MB
[runlim] sample:		1289.82 time, 1290.02 real, 506 MB
[runlim] sample:		1299.82 time, 1300.02 real, 506 MB
[runlim] sample:		1309.82 time, 1310.02 real, 506 MB
[runlim] sample:		1319.82 time, 1320.02 real, 506 MB
[runlim] sample:		1329.82 time, 1330.02 real, 506 MB
[runlim] sample:		1339.82 time, 1340.02 real, 506 MB
[runlim] sample:		1349.82 time, 1350.02 real, 506 MB
[runlim] sample:		1359.82 time, 1360.02 real, 506 MB
[runlim] sample:		1369.82 time, 1370.02 real, 506 MB
[runlim] sample:		1379.82 time, 1380.02 real, 506 MB
[runlim] sample:		1389.82 time, 1390.02 real, 506 MB
[runlim] sample:		1399.82 time, 1400.02 real, 506 MB
[runlim] sample:		1409.82 time, 1410.02 real, 506 MB
[runlim] sample:		1419.82 time, 1420.02 real, 506 MB
[runlim] sample:		1429.81 time, 1430.02 real, 506 MB
[runlim] sample:		1439.81 time, 1440.02 real, 506 MB
[runlim] sample:		1449.81 time, 1450.02 real, 506 MB
[runlim] sample:		1459.81 time, 1460.02 real, 506 MB
[runlim] sample:		1469.81 time, 1470.02 real, 506 MB
[runlim] sample:		1479.81 time, 1480.02 real, 506 MB
[runlim] sample:		1489.81 time, 1490.02 real, 506 MB
[runlim] sample:		1499.81 time, 1500.02 real, 506 MB
[runlim] sample:		1509.81 time, 1510.02 real, 506 MB
[runlim] sample:		1519.81 time, 1520.02 real, 506 MB
[runlim] sample:		1529.81 time, 1530.02 real, 506 MB
[runlim] sample:		1539.81 time, 1540.02 real, 506 MB
[runlim] sample:		1549.81 time, 1550.02 real, 506 MB
[runlim] sample:		1559.81 time, 1560.02 real, 506 MB
[runlim] sample:		1569.81 time, 1570.02 real, 506 MB
[runlim] sample:		1579.81 time, 1580.02 real, 506 MB
[runlim] sample:		1589.81 time, 1590.02 real, 506 MB
[runlim] sample:		1599.81 time, 1600.02 real, 506 MB
[runlim] sample:		1609.81 time, 1610.02 real, 506 MB
[runlim] sample:		1619.81 time, 1620.02 real, 506 MB
[runlim] sample:		1629.81 time, 1630.02 real, 506 MB
[runlim] sample:		1639.81 time, 1640.02 real, 506 MB
[runlim] sample:		1649.81 time, 1650.02 real, 487 MB
[runlim] sample:		1659.81 time, 1660.02 real, 550 MB
[runlim] sample:		1669.81 time, 1670.02 real, 550 MB
[runlim] sample:		1679.81 time, 1680.02 real, 550 MB
[runlim] sample:		1689.81 time, 1690.02 real, 550 MB
[runlim] sample:		1699.81 time, 1700.02 real, 550 MB
[runlim] sample:		1709.81 time, 1710.02 real, 550 MB
[runlim] sample:		1719.81 time, 1720.02 real, 550 MB
[runlim] sample:		1729.82 time, 1730.02 real, 550 MB
[runlim] sample:		1739.82 time, 1740.02 real, 550 MB
[runlim] sample:		1749.81 time, 1750.02 real, 554 MB
[runlim] sample:		1759.81 time, 1760.02 real, 587 MB
[runlim] sample:		1769.81 time, 1770.02 real, 587 MB
[runlim] sample:		1779.81 time, 1780.02 real, 587 MB
[runlim] sample:		1789.81 time, 1790.02 real, 587 MB
[runlim] sample:		1799.81 time, 1800.02 real, 587 MB
[runlim] sample:		1809.81 time, 1810.02 real, 587 MB
[runlim] sample:		1819.82 time, 1820.02 real, 587 MB
[runlim] sample:		1829.82 time, 1830.02 real, 587 MB
[runlim] sample:		1839.82 time, 1840.02 real, 589 MB
[runlim] sample:		1849.81 time, 1850.02 real, 592 MB
[runlim] sample:		1859.82 time, 1860.02 real, 595 MB
[runlim] sample:		1869.81 time, 1870.02 real, 598 MB
[runlim] sample:		1879.82 time, 1880.02 real, 602 MB
[runlim] sample:		1889.82 time, 1890.02 real, 604 MB
[runlim] sample:		1899.82 time, 1900.02 real, 607 MB
[runlim] sample:		1909.82 time, 1910.02 real, 609 MB
[runlim] sample:		1919.81 time, 1920.02 real, 612 MB
[runlim] sample:		1929.81 time, 1930.02 real, 614 MB
[runlim] sample:		1939.81 time, 1940.02 real, 618 MB
[runlim] sample:		1949.81 time, 1950.02 real, 620 MB
[runlim] sample:		1959.81 time, 1960.02 real, 622 MB
[runlim] sample:		1969.81 time, 1970.02 real, 626 MB
[runlim] sample:		1979.81 time, 1980.02 real, 629 MB
[runlim] sample:		1989.81 time, 1990.02 real, 631 MB
[runlim] sample:		1999.81 time, 2000.02 real, 633 MB
[runlim] sample:		2009.81 time, 2010.02 real, 635 MB
[runlim] sample:		2019.81 time, 2020.02 real, 637 MB
[runlim] sample:		2029.81 time, 2030.02 real, 639 MB
[runlim] sample:		2039.81 time, 2040.02 real, 641 MB
[runlim] sample:		2049.82 time, 2050.02 real, 642 MB
[runlim] sample:		2059.81 time, 2060.02 real, 644 MB
[runlim] sample:		2069.81 time, 2070.02 real, 647 MB
[runlim] sample:		2079.81 time, 2080.02 real, 650 MB
[runlim] sample:		2089.81 time, 2090.02 real, 739 MB
[runlim] sample:		2099.81 time, 2100.02 real, 739 MB
[runlim] sample:		2109.81 time, 2110.02 real, 739 MB
[runlim] sample:		2119.81 time, 2120.02 real, 739 MB
[runlim] sample:		2129.81 time, 2130.02 real, 739 MB
[runlim] sample:		2139.81 time, 2140.02 real, 739 MB
[runlim] sample:		2149.81 time, 2150.02 real, 739 MB
[runlim] sample:		2159.81 time, 2160.02 real, 739 MB
[runlim] sample:		2169.81 time, 2170.02 real, 739 MB
[runlim] sample:		2179.81 time, 2180.02 real, 739 MB
[runlim] sample:		2189.81 time, 2190.02 real, 739 MB
[runlim] sample:		2199.81 time, 2200.02 real, 739 MB
[runlim] sample:		2209.81 time, 2210.02 real, 739 MB
[runlim] sample:		2219.81 time, 2220.02 real, 739 MB
[runlim] sample:		2229.81 time, 2230.02 real, 739 MB
[runlim] sample:		2239.81 time, 2240.02 real, 739 MB
[runlim] sample:		2249.81 time, 2250.02 real, 739 MB
[runlim] sample:		2259.81 time, 2260.02 real, 739 MB
[runlim] sample:		2269.81 time, 2270.02 real, 739 MB
[runlim] sample:		2279.81 time, 2280.02 real, 739 MB
[runlim] sample:		2289.81 time, 2290.02 real, 740 MB
[runlim] sample:		2299.81 time, 2300.02 real, 742 MB
[runlim] sample:		2309.81 time, 2310.02 real, 744 MB
[runlim] sample:		2319.81 time, 2320.02 real, 746 MB
[runlim] sample:		2329.81 time, 2330.02 real, 748 MB
[runlim] sample:		2339.81 time, 2340.02 real, 750 MB
[runlim] sample:		2349.81 time, 2350.02 real, 752 MB
[runlim] sample:		2359.81 time, 2360.02 real, 754 MB
[runlim] sample:		2369.81 time, 2370.02 real, 756 MB
[runlim] sample:		2379.81 time, 2380.02 real, 758 MB
[runlim] sample:		2389.81 time, 2390.02 real, 760 MB
[runlim] sample:		2399.81 time, 2400.02 real, 761 MB
[runlim] sample:		2409.81 time, 2410.02 real, 762 MB
[runlim] sample:		2419.81 time, 2420.02 real, 764 MB
[runlim] sample:		2429.81 time, 2430.02 real, 769 MB
[runlim] sample:		2439.81 time, 2440.02 real, 774 MB
[runlim] sample:		2449.81 time, 2450.02 real, 779 MB
[runlim] sample:		2459.81 time, 2460.02 real, 784 MB
[runlim] sample:		2469.80 time, 2470.02 real, 788 MB
[runlim] sample:		2479.81 time, 2480.02 real, 792 MB
[runlim] sample:		2489.81 time, 2490.02 real, 804 MB
[runlim] sample:		2499.81 time, 2500.02 real, 805 MB
[runlim] sample:		2509.80 time, 2510.02 real, 808 MB
[runlim] sample:		2519.80 time, 2520.02 real, 812 MB
[runlim] sample:		2529.80 time, 2530.02 real, 815 MB
[runlim] sample:		2539.81 time, 2540.02 real, 818 MB
[runlim] sample:		2549.81 time, 2550.02 real, 821 MB
[runlim] sample:		2559.81 time, 2560.02 real, 824 MB
[runlim] sample:		2569.80 time, 2570.02 real, 827 MB
[runlim] sample:		2579.80 time, 2580.02 real, 829 MB
[runlim] sample:		2589.81 time, 2590.02 real, 832 MB
[runlim] sample:		2599.80 time, 2600.02 real, 835 MB
[runlim] sample:		2609.80 time, 2610.02 real, 837 MB
[runlim] sample:		2619.81 time, 2620.02 real, 840 MB
[runlim] sample:		2629.80 time, 2630.02 real, 843 MB
[runlim] sample:		2639.80 time, 2640.02 real, 845 MB
[runlim] sample:		2649.80 time, 2650.02 real, 847 MB
[runlim] sample:		2659.80 time, 2660.02 real, 850 MB
[runlim] sample:		2669.81 time, 2670.02 real, 853 MB
[runlim] sample:		2679.81 time, 2680.02 real, 856 MB
[runlim] sample:		2689.80 time, 2690.02 real, 859 MB
[runlim] sample:		2699.81 time, 2700.02 real, 861 MB
[runlim] end:			Thu Feb 27 09:50:21 2020
[runlim] status:		out of time
[runlim] result:		2
[runlim] children:		1
[runlim] real:			2700.11 seconds
[runlim] time:			2699.81 seconds
[runlim] space:			861 MB
[runlim] samples:		27000
