[runlim] version:		1.18
[runlim] host:			c3n23
[runlim] time limit:		2700 seconds
[runlim] real time limit:	2700 seconds
[runlim] space limit:		7000 MB
[runlim] argv[0]:		./binary
[runlim] argv[1]:		/data/cnf/ankit/RSet1/eijkbs1512.R
[runlim] start:			Thu Feb 27 09:05:21 2020
[runlim] child:			7046
[runlim] sample:		9.96 time, 10.02 real, 56 MB
[runlim] sample:		19.95 time, 20.02 real, 88 MB
[runlim] sample:		29.96 time, 30.02 real, 118 MB
[runlim] sample:		39.96 time, 40.02 real, 119 MB
[runlim] sample:		49.96 time, 50.02 real, 136 MB
[runlim] sample:		59.96 time, 60.02 real, 162 MB
[runlim] sample:		69.95 time, 70.02 real, 173 MB
[runlim] sample:		79.96 time, 80.02 real, 180 MB
[runlim] sample:		89.95 time, 90.02 real, 185 MB
[runlim] sample:		99.96 time, 100.02 real, 218 MB
[runlim] sample:		109.95 time, 110.02 real, 214 MB
[runlim] sample:		119.96 time, 120.02 real, 214 MB
[runlim] sample:		129.95 time, 130.02 real, 232 MB
[runlim] sample:		139.95 time, 140.02 real, 240 MB
[runlim] sample:		149.96 time, 150.02 real, 247 MB
[runlim] sample:		159.96 time, 160.02 real, 279 MB
[runlim] sample:		169.96 time, 170.02 real, 279 MB
[runlim] sample:		179.96 time, 180.02 real, 279 MB
[runlim] sample:		189.95 time, 190.02 real, 289 MB
[runlim] sample:		199.95 time, 200.02 real, 311 MB
[runlim] sample:		209.95 time, 210.02 real, 311 MB
[runlim] sample:		219.95 time, 220.02 real, 311 MB
[runlim] sample:		229.95 time, 230.02 real, 311 MB
[runlim] sample:		239.95 time, 240.02 real, 311 MB
[runlim] sample:		249.96 time, 250.02 real, 312 MB
[runlim] sample:		259.96 time, 260.02 real, 315 MB
[runlim] sample:		269.95 time, 270.02 real, 318 MB
[runlim] sample:		279.96 time, 280.02 real, 321 MB
[runlim] sample:		289.96 time, 290.02 real, 323 MB
[runlim] sample:		299.95 time, 300.02 real, 325 MB
[runlim] sample:		309.95 time, 310.02 real, 327 MB
[runlim] sample:		319.95 time, 320.02 real, 330 MB
[runlim] sample:		329.96 time, 330.02 real, 332 MB
[runlim] sample:		339.96 time, 340.02 real, 334 MB
[runlim] sample:		349.96 time, 350.02 real, 336 MB
[runlim] sample:		359.96 time, 360.02 real, 341 MB
[runlim] sample:		369.96 time, 370.02 real, 345 MB
[runlim] sample:		379.95 time, 380.02 real, 350 MB
[runlim] sample:		389.95 time, 390.02 real, 415 MB
[runlim] sample:		399.95 time, 400.02 real, 415 MB
[runlim] sample:		409.95 time, 410.02 real, 415 MB
[runlim] sample:		419.95 time, 420.02 real, 415 MB
[runlim] sample:		429.95 time, 430.02 real, 415 MB
[runlim] sample:		439.95 time, 440.02 real, 415 MB
[runlim] sample:		449.95 time, 450.02 real, 415 MB
[runlim] sample:		459.95 time, 460.02 real, 415 MB
[runlim] sample:		469.95 time, 470.02 real, 415 MB
[runlim] sample:		479.96 time, 480.02 real, 415 MB
[runlim] sample:		489.96 time, 490.02 real, 418 MB
[runlim] sample:		499.96 time, 500.02 real, 420 MB
[runlim] sample:		509.95 time, 510.02 real, 426 MB
[runlim] sample:		519.95 time, 520.02 real, 427 MB
[runlim] sample:		529.95 time, 530.02 real, 429 MB
[runlim] sample:		539.95 time, 540.02 real, 431 MB
[runlim] sample:		549.95 time, 550.02 real, 433 MB
[runlim] sample:		559.95 time, 560.02 real, 435 MB
[runlim] sample:		569.95 time, 570.02 real, 438 MB
[runlim] sample:		579.95 time, 580.02 real, 443 MB
[runlim] sample:		589.95 time, 590.02 real, 447 MB
[runlim] sample:		599.95 time, 600.02 real, 451 MB
[runlim] sample:		609.95 time, 610.02 real, 455 MB
[runlim] sample:		619.95 time, 620.02 real, 459 MB
[runlim] sample:		629.95 time, 630.02 real, 462 MB
[runlim] sample:		639.95 time, 640.02 real, 465 MB
[runlim] sample:		649.95 time, 650.02 real, 468 MB
[runlim] sample:		659.95 time, 660.02 real, 471 MB
[runlim] sample:		669.95 time, 670.02 real, 474 MB
[runlim] sample:		679.95 time, 680.02 real, 477 MB
[runlim] sample:		689.95 time, 690.02 real, 479 MB
[runlim] sample:		699.95 time, 700.02 real, 481 MB
[runlim] sample:		709.95 time, 710.02 real, 484 MB
[runlim] sample:		719.95 time, 720.02 real, 486 MB
[runlim] sample:		729.95 time, 730.02 real, 488 MB
[runlim] sample:		739.95 time, 740.02 real, 489 MB
[runlim] sample:		749.95 time, 750.02 real, 492 MB
[runlim] sample:		759.95 time, 760.02 real, 494 MB
[runlim] sample:		769.95 time, 770.02 real, 496 MB
[runlim] sample:		779.95 time, 780.02 real, 498 MB
[runlim] sample:		789.94 time, 790.02 real, 500 MB
[runlim] sample:		799.94 time, 800.02 real, 502 MB
[runlim] sample:		809.95 time, 810.02 real, 504 MB
[runlim] sample:		819.95 time, 820.02 real, 506 MB
[runlim] sample:		829.95 time, 830.02 real, 508 MB
[runlim] sample:		839.95 time, 840.02 real, 510 MB
[runlim] sample:		849.95 time, 850.02 real, 512 MB
[runlim] sample:		859.94 time, 860.02 real, 513 MB
[runlim] sample:		869.95 time, 870.02 real, 515 MB
[runlim] sample:		879.95 time, 880.02 real, 517 MB
[runlim] sample:		889.95 time, 890.02 real, 518 MB
[runlim] sample:		899.95 time, 900.02 real, 520 MB
[runlim] sample:		909.95 time, 910.02 real, 522 MB
[runlim] sample:		919.95 time, 920.02 real, 524 MB
[runlim] sample:		929.95 time, 930.02 real, 526 MB
[runlim] sample:		939.95 time, 940.02 real, 527 MB
[runlim] sample:		949.95 time, 950.02 real, 529 MB
[runlim] sample:		959.94 time, 960.02 real, 530 MB
[runlim] sample:		969.95 time, 970.02 real, 532 MB
[runlim] sample:		979.95 time, 980.02 real, 534 MB
[runlim] sample:		989.94 time, 990.02 real, 535 MB
[runlim] sample:		999.95 time, 1000.02 real, 536 MB
[runlim] sample:		1009.94 time, 1010.02 real, 538 MB
[runlim] sample:		1019.94 time, 1020.02 real, 539 MB
[runlim] sample:		1029.94 time, 1030.02 real, 541 MB
[runlim] sample:		1039.95 time, 1040.02 real, 543 MB
[runlim] sample:		1049.94 time, 1050.02 real, 601 MB
[runlim] sample:		1059.94 time, 1060.02 real, 626 MB
[runlim] sample:		1069.94 time, 1070.02 real, 626 MB
[runlim] sample:		1079.94 time, 1080.02 real, 626 MB
[runlim] sample:		1089.94 time, 1090.02 real, 626 MB
[runlim] sample:		1099.95 time, 1100.02 real, 626 MB
[runlim] sample:		1109.95 time, 1110.02 real, 626 MB
[runlim] sample:		1119.95 time, 1120.02 real, 626 MB
[runlim] sample:		1129.95 time, 1130.02 real, 626 MB
[runlim] sample:		1139.95 time, 1140.02 real, 626 MB
[runlim] sample:		1149.95 time, 1150.02 real, 626 MB
[runlim] sample:		1159.95 time, 1160.02 real, 626 MB
[runlim] sample:		1169.95 time, 1170.02 real, 626 MB
[runlim] sample:		1179.95 time, 1180.02 real, 626 MB
[runlim] sample:		1189.95 time, 1190.02 real, 626 MB
[runlim] sample:		1199.95 time, 1200.02 real, 626 MB
[runlim] sample:		1209.95 time, 1210.02 real, 626 MB
[runlim] sample:		1219.95 time, 1220.02 real, 626 MB
[runlim] sample:		1229.95 time, 1230.02 real, 626 MB
[runlim] sample:		1239.95 time, 1240.02 real, 626 MB
[runlim] sample:		1249.95 time, 1250.02 real, 626 MB
[runlim] sample:		1259.94 time, 1260.02 real, 626 MB
[runlim] sample:		1269.94 time, 1270.02 real, 626 MB
[runlim] sample:		1279.94 time, 1280.02 real, 626 MB
[runlim] sample:		1289.94 time, 1290.02 real, 626 MB
[runlim] sample:		1299.95 time, 1300.02 real, 626 MB
[runlim] sample:		1309.95 time, 1310.02 real, 626 MB
[runlim] sample:		1319.95 time, 1320.02 real, 626 MB
[runlim] sample:		1329.95 time, 1330.02 real, 626 MB
[runlim] sample:		1339.94 time, 1340.02 real, 626 MB
[runlim] sample:		1349.94 time, 1350.02 real, 626 MB
[runlim] sample:		1359.94 time, 1360.02 real, 626 MB
[runlim] sample:		1369.94 time, 1370.02 real, 626 MB
[runlim] sample:		1379.95 time, 1380.02 real, 626 MB
[runlim] sample:		1389.95 time, 1390.02 real, 626 MB
[runlim] sample:		1399.95 time, 1400.02 real, 626 MB
[runlim] sample:		1409.95 time, 1410.02 real, 626 MB
[runlim] sample:		1419.95 time, 1420.02 real, 626 MB
[runlim] sample:		1429.95 time, 1430.02 real, 626 MB
[runlim] sample:		1439.95 time, 1440.02 real, 626 MB
[runlim] sample:		1449.95 time, 1450.02 real, 626 MB
[runlim] sample:		1459.94 time, 1460.02 real, 626 MB
[runlim] sample:		1469.94 time, 1470.02 real, 626 MB
[runlim] sample:		1479.94 time, 1480.02 real, 626 MB
[runlim] sample:		1489.94 time, 1490.02 real, 626 MB
[runlim] sample:		1499.94 time, 1500.02 real, 626 MB
[runlim] sample:		1509.94 time, 1510.02 real, 626 MB
[runlim] sample:		1519.94 time, 1520.02 real, 626 MB
[runlim] sample:		1529.94 time, 1530.02 real, 626 MB
[runlim] sample:		1539.94 time, 1540.02 real, 626 MB
[runlim] sample:		1549.94 time, 1550.02 real, 626 MB
[runlim] sample:		1559.95 time, 1560.02 real, 626 MB
[runlim] sample:		1569.95 time, 1570.02 real, 626 MB
[runlim] sample:		1579.95 time, 1580.02 real, 626 MB
[runlim] sample:		1589.95 time, 1590.02 real, 626 MB
[runlim] sample:		1599.94 time, 1600.02 real, 626 MB
[runlim] sample:		1609.94 time, 1610.02 real, 626 MB
[runlim] sample:		1619.95 time, 1620.02 real, 626 MB
[runlim] sample:		1629.95 time, 1630.02 real, 626 MB
[runlim] sample:		1639.95 time, 1640.02 real, 626 MB
[runlim] sample:		1649.95 time, 1650.02 real, 626 MB
[runlim] sample:		1659.95 time, 1660.02 real, 626 MB
[runlim] sample:		1669.95 time, 1670.02 real, 626 MB
[runlim] sample:		1679.95 time, 1680.02 real, 626 MB
[runlim] sample:		1689.95 time, 1690.02 real, 626 MB
[runlim] sample:		1699.94 time, 1700.02 real, 626 MB
[runlim] sample:		1709.94 time, 1710.02 real, 626 MB
[runlim] sample:		1719.94 time, 1720.02 real, 626 MB
[runlim] sample:		1729.94 time, 1730.02 real, 626 MB
[runlim] sample:		1739.95 time, 1740.02 real, 626 MB
[runlim] sample:		1749.95 time, 1750.02 real, 626 MB
[runlim] sample:		1759.94 time, 1760.02 real, 626 MB
[runlim] sample:		1769.94 time, 1770.02 real, 626 MB
[runlim] sample:		1779.94 time, 1780.02 real, 626 MB
[runlim] sample:		1789.95 time, 1790.02 real, 626 MB
[runlim] sample:		1799.94 time, 1800.02 real, 630 MB
[runlim] sample:		1809.94 time, 1810.02 real, 633 MB
[runlim] sample:		1819.94 time, 1820.02 real, 635 MB
[runlim] sample:		1829.95 time, 1830.02 real, 636 MB
[runlim] sample:		1839.94 time, 1840.02 real, 639 MB
[runlim] sample:		1849.94 time, 1850.02 real, 641 MB
[runlim] sample:		1859.95 time, 1860.02 real, 643 MB
[runlim] sample:		1869.95 time, 1870.02 real, 645 MB
[runlim] sample:		1879.94 time, 1880.02 real, 647 MB
[runlim] sample:		1889.94 time, 1890.02 real, 649 MB
[runlim] sample:		1899.94 time, 1900.02 real, 651 MB
[runlim] sample:		1909.95 time, 1910.02 real, 653 MB
[runlim] sample:		1919.94 time, 1920.02 real, 655 MB
[runlim] sample:		1929.94 time, 1930.02 real, 658 MB
[runlim] sample:		1939.95 time, 1940.02 real, 660 MB
[runlim] sample:		1949.95 time, 1950.02 real, 661 MB
[runlim] sample:		1959.95 time, 1960.02 real, 662 MB
[runlim] sample:		1969.94 time, 1970.02 real, 663 MB
[runlim] sample:		1979.94 time, 1980.02 real, 664 MB
[runlim] sample:		1989.94 time, 1990.02 real, 799 MB
[runlim] sample:		1999.94 time, 2000.02 real, 799 MB
[runlim] sample:		2009.94 time, 2010.02 real, 799 MB
[runlim] sample:		2019.94 time, 2020.02 real, 799 MB
[runlim] sample:		2029.94 time, 2030.02 real, 799 MB
[runlim] sample:		2039.94 time, 2040.02 real, 799 MB
[runlim] sample:		2049.94 time, 2050.02 real, 799 MB
[runlim] sample:		2059.94 time, 2060.02 real, 799 MB
[runlim] sample:		2069.94 time, 2070.02 real, 799 MB
[runlim] sample:		2079.94 time, 2080.02 real, 799 MB
[runlim] sample:		2089.94 time, 2090.02 real, 799 MB
[runlim] sample:		2099.94 time, 2100.02 real, 799 MB
[runlim] sample:		2109.94 time, 2110.02 real, 799 MB
[runlim] sample:		2119.94 time, 2120.02 real, 799 MB
[runlim] sample:		2129.94 time, 2130.02 real, 799 MB
[runlim] sample:		2139.94 time, 2140.02 real, 799 MB
[runlim] sample:		2149.94 time, 2150.02 real, 799 MB
[runlim] sample:		2159.94 time, 2160.02 real, 799 MB
[runlim] sample:		2169.94 time, 2170.02 real, 799 MB
[runlim] sample:		2179.94 time, 2180.02 real, 799 MB
[runlim] sample:		2189.94 time, 2190.02 real, 799 MB
[runlim] sample:		2199.94 time, 2200.02 real, 799 MB
[runlim] sample:		2209.94 time, 2210.02 real, 799 MB
[runlim] sample:		2219.94 time, 2220.02 real, 799 MB
[runlim] sample:		2229.94 time, 2230.02 real, 799 MB
[runlim] sample:		2239.94 time, 2240.02 real, 799 MB
[runlim] sample:		2249.94 time, 2250.02 real, 799 MB
[runlim] sample:		2259.94 time, 2260.02 real, 799 MB
[runlim] sample:		2269.94 time, 2270.02 real, 799 MB
[runlim] sample:		2279.94 time, 2280.02 real, 799 MB
[runlim] sample:		2289.94 time, 2290.02 real, 799 MB
[runlim] sample:		2299.94 time, 2300.02 real, 799 MB
[runlim] sample:		2309.94 time, 2310.02 real, 799 MB
[runlim] sample:		2319.94 time, 2320.02 real, 799 MB
[runlim] sample:		2329.94 time, 2330.02 real, 799 MB
[runlim] sample:		2339.95 time, 2340.02 real, 799 MB
[runlim] sample:		2349.94 time, 2350.02 real, 799 MB
[runlim] sample:		2359.94 time, 2360.02 real, 799 MB
[runlim] sample:		2369.94 time, 2370.02 real, 799 MB
[runlim] sample:		2379.94 time, 2380.02 real, 799 MB
[runlim] sample:		2389.94 time, 2390.02 real, 799 MB
[runlim] sample:		2399.94 time, 2400.02 real, 799 MB
[runlim] sample:		2409.94 time, 2410.02 real, 799 MB
[runlim] sample:		2419.94 time, 2420.02 real, 799 MB
[runlim] sample:		2429.94 time, 2430.02 real, 799 MB
[runlim] sample:		2439.94 time, 2440.02 real, 799 MB
[runlim] sample:		2449.94 time, 2450.02 real, 799 MB
[runlim] sample:		2459.94 time, 2460.02 real, 800 MB
[runlim] sample:		2469.93 time, 2470.02 real, 802 MB
[runlim] sample:		2479.94 time, 2480.02 real, 803 MB
[runlim] sample:		2489.94 time, 2490.02 real, 805 MB
[runlim] sample:		2499.94 time, 2500.02 real, 806 MB
[runlim] sample:		2509.94 time, 2510.02 real, 808 MB
[runlim] sample:		2519.94 time, 2520.02 real, 820 MB
[runlim] sample:		2529.94 time, 2530.02 real, 820 MB
[runlim] sample:		2539.94 time, 2540.02 real, 820 MB
[runlim] sample:		2549.93 time, 2550.02 real, 823 MB
[runlim] sample:		2559.94 time, 2560.02 real, 833 MB
[runlim] sample:		2569.94 time, 2570.02 real, 840 MB
[runlim] sample:		2579.94 time, 2580.02 real, 846 MB
[runlim] sample:		2589.94 time, 2590.02 real, 852 MB
[runlim] sample:		2599.94 time, 2600.02 real, 856 MB
[runlim] sample:		2609.93 time, 2610.02 real, 861 MB
[runlim] sample:		2619.94 time, 2620.02 real, 865 MB
[runlim] sample:		2629.94 time, 2630.02 real, 869 MB
[runlim] sample:		2639.94 time, 2640.02 real, 873 MB
[runlim] sample:		2649.94 time, 2650.02 real, 877 MB
[runlim] sample:		2659.94 time, 2660.02 real, 880 MB
[runlim] sample:		2669.94 time, 2670.02 real, 883 MB
[runlim] sample:		2679.93 time, 2680.02 real, 886 MB
[runlim] sample:		2689.94 time, 2690.02 real, 889 MB
[runlim] sample:		2699.94 time, 2700.02 real, 891 MB
[runlim] end:			Thu Feb 27 09:50:22 2020
[runlim] status:		out of time
[runlim] result:		2
[runlim] children:		1
[runlim] real:			2700.10 seconds
[runlim] time:			2699.94 seconds
[runlim] space:			891 MB
[runlim] samples:		27000
