[runlim] version:		1.18
[runlim] host:			c3n27
[runlim] time limit:		2700 seconds
[runlim] real time limit:	2700 seconds
[runlim] space limit:		7000 MB
[runlim] argv[0]:		./binary
[runlim] argv[1]:		/data/cnf/ankit/RSet1/GuidanceService2.dqbf
[runlim] start:			Thu Feb 27 09:05:21 2020
[runlim] child:			4439
[runlim] sample:		9.45 time, 10.02 real, 65 MB
[runlim] sample:		19.45 time, 20.02 real, 79 MB
[runlim] sample:		29.45 time, 30.02 real, 92 MB
[runlim] sample:		39.45 time, 40.02 real, 118 MB
[runlim] sample:		49.45 time, 50.02 real, 133 MB
[runlim] sample:		59.45 time, 60.02 real, 158 MB
[runlim] sample:		69.45 time, 70.02 real, 189 MB
[runlim] sample:		79.45 time, 80.02 real, 224 MB
[runlim] sample:		89.45 time, 90.02 real, 236 MB
[runlim] sample:		99.45 time, 100.02 real, 236 MB
[runlim] sample:		109.45 time, 110.02 real, 236 MB
[runlim] sample:		119.45 time, 120.02 real, 236 MB
[runlim] sample:		129.45 time, 130.02 real, 239 MB
[runlim] sample:		139.45 time, 140.02 real, 242 MB
[runlim] sample:		149.45 time, 150.02 real, 247 MB
[runlim] sample:		159.45 time, 160.02 real, 250 MB
[runlim] sample:		169.43 time, 170.02 real, 252 MB
[runlim] sample:		179.41 time, 180.02 real, 254 MB
[runlim] sample:		189.39 time, 190.02 real, 256 MB
[runlim] sample:		199.38 time, 200.02 real, 258 MB
[runlim] sample:		209.37 time, 210.02 real, 259 MB
[runlim] sample:		219.34 time, 220.02 real, 261 MB
[runlim] sample:		229.33 time, 230.02 real, 297 MB
[runlim] sample:		239.33 time, 240.02 real, 306 MB
[runlim] sample:		249.33 time, 250.02 real, 314 MB
[runlim] sample:		259.33 time, 260.02 real, 320 MB
[runlim] sample:		269.32 time, 270.02 real, 325 MB
[runlim] sample:		279.32 time, 280.02 real, 329 MB
[runlim] sample:		289.33 time, 290.02 real, 333 MB
[runlim] sample:		299.32 time, 300.02 real, 375 MB
[runlim] sample:		309.32 time, 310.02 real, 375 MB
[runlim] sample:		319.32 time, 320.02 real, 379 MB
[runlim] sample:		329.31 time, 330.02 real, 384 MB
[runlim] sample:		339.30 time, 340.02 real, 387 MB
[runlim] sample:		349.29 time, 350.02 real, 390 MB
[runlim] sample:		359.28 time, 360.02 real, 394 MB
[runlim] sample:		369.28 time, 370.02 real, 398 MB
[runlim] sample:		379.28 time, 380.02 real, 401 MB
[runlim] sample:		389.28 time, 390.02 real, 405 MB
[runlim] sample:		399.29 time, 400.02 real, 407 MB
[runlim] sample:		409.29 time, 410.02 real, 410 MB
[runlim] sample:		419.29 time, 420.02 real, 412 MB
[runlim] sample:		429.29 time, 430.02 real, 415 MB
[runlim] sample:		439.29 time, 440.02 real, 418 MB
[runlim] sample:		449.28 time, 450.02 real, 480 MB
[runlim] sample:		459.28 time, 460.02 real, 480 MB
[runlim] sample:		469.28 time, 470.02 real, 480 MB
[runlim] sample:		479.29 time, 480.02 real, 486 MB
[runlim] sample:		489.29 time, 490.02 real, 486 MB
[runlim] sample:		499.29 time, 500.02 real, 490 MB
[runlim] sample:		509.29 time, 510.02 real, 494 MB
[runlim] sample:		519.29 time, 520.02 real, 497 MB
[runlim] sample:		529.28 time, 530.02 real, 501 MB
[runlim] sample:		539.29 time, 540.02 real, 505 MB
[runlim] sample:		549.28 time, 550.02 real, 509 MB
[runlim] sample:		559.29 time, 560.02 real, 512 MB
[runlim] sample:		569.29 time, 570.02 real, 515 MB
[runlim] sample:		579.27 time, 580.02 real, 517 MB
[runlim] sample:		589.26 time, 590.02 real, 519 MB
[runlim] sample:		599.26 time, 600.02 real, 522 MB
[runlim] sample:		609.26 time, 610.02 real, 524 MB
[runlim] sample:		619.26 time, 620.02 real, 526 MB
[runlim] sample:		629.26 time, 630.02 real, 529 MB
[runlim] sample:		639.26 time, 640.02 real, 531 MB
[runlim] sample:		649.27 time, 650.02 real, 533 MB
[runlim] sample:		659.26 time, 660.02 real, 535 MB
[runlim] sample:		669.26 time, 670.02 real, 537 MB
[runlim] sample:		679.26 time, 680.02 real, 539 MB
[runlim] sample:		689.26 time, 690.02 real, 541 MB
[runlim] sample:		699.26 time, 700.02 real, 543 MB
[runlim] sample:		709.26 time, 710.02 real, 545 MB
[runlim] sample:		719.26 time, 720.02 real, 547 MB
[runlim] sample:		729.27 time, 730.02 real, 548 MB
[runlim] sample:		739.26 time, 740.02 real, 550 MB
[runlim] sample:		749.27 time, 750.02 real, 552 MB
[runlim] sample:		759.27 time, 760.02 real, 553 MB
[runlim] sample:		769.26 time, 770.02 real, 555 MB
[runlim] sample:		779.26 time, 780.02 real, 557 MB
[runlim] sample:		789.26 time, 790.02 real, 558 MB
[runlim] sample:		799.26 time, 800.02 real, 560 MB
[runlim] sample:		809.26 time, 810.02 real, 561 MB
[runlim] sample:		819.26 time, 820.02 real, 563 MB
[runlim] sample:		829.27 time, 830.02 real, 564 MB
[runlim] sample:		839.27 time, 840.02 real, 566 MB
[runlim] sample:		849.26 time, 850.02 real, 567 MB
[runlim] sample:		859.26 time, 860.02 real, 569 MB
[runlim] sample:		869.26 time, 870.02 real, 570 MB
[runlim] sample:		879.26 time, 880.02 real, 571 MB
[runlim] sample:		889.26 time, 890.02 real, 573 MB
[runlim] sample:		899.26 time, 900.02 real, 574 MB
[runlim] sample:		909.26 time, 910.02 real, 575 MB
[runlim] sample:		919.26 time, 920.02 real, 577 MB
[runlim] sample:		929.26 time, 930.02 real, 578 MB
[runlim] sample:		939.26 time, 940.02 real, 579 MB
[runlim] sample:		949.26 time, 950.02 real, 581 MB
[runlim] sample:		959.26 time, 960.02 real, 582 MB
[runlim] sample:		969.26 time, 970.02 real, 583 MB
[runlim] sample:		979.26 time, 980.02 real, 690 MB
[runlim] sample:		989.26 time, 990.02 real, 690 MB
[runlim] sample:		999.26 time, 1000.02 real, 690 MB
[runlim] sample:		1009.26 time, 1010.02 real, 690 MB
[runlim] sample:		1019.26 time, 1020.02 real, 690 MB
[runlim] sample:		1029.26 time, 1030.02 real, 690 MB
[runlim] sample:		1039.26 time, 1040.02 real, 690 MB
[runlim] sample:		1049.26 time, 1050.02 real, 690 MB
[runlim] sample:		1059.26 time, 1060.02 real, 690 MB
[runlim] sample:		1069.26 time, 1070.02 real, 690 MB
[runlim] sample:		1079.26 time, 1080.02 real, 690 MB
[runlim] sample:		1089.26 time, 1090.02 real, 690 MB
[runlim] sample:		1099.26 time, 1100.02 real, 690 MB
[runlim] sample:		1109.26 time, 1110.02 real, 690 MB
[runlim] sample:		1119.26 time, 1120.02 real, 690 MB
[runlim] sample:		1129.26 time, 1130.02 real, 690 MB
[runlim] sample:		1139.26 time, 1140.02 real, 690 MB
[runlim] sample:		1149.26 time, 1150.02 real, 690 MB
[runlim] sample:		1159.26 time, 1160.02 real, 690 MB
[runlim] sample:		1169.26 time, 1170.02 real, 691 MB
[runlim] sample:		1179.26 time, 1180.02 real, 693 MB
[runlim] sample:		1189.26 time, 1190.02 real, 695 MB
[runlim] sample:		1199.26 time, 1200.02 real, 697 MB
[runlim] sample:		1209.26 time, 1210.02 real, 699 MB
[runlim] sample:		1219.26 time, 1220.02 real, 700 MB
[runlim] sample:		1229.26 time, 1230.02 real, 702 MB
[runlim] sample:		1239.26 time, 1240.02 real, 704 MB
[runlim] sample:		1249.26 time, 1250.02 real, 706 MB
[runlim] sample:		1259.26 time, 1260.02 real, 708 MB
[runlim] sample:		1269.26 time, 1270.02 real, 711 MB
[runlim] sample:		1279.26 time, 1280.02 real, 713 MB
[runlim] sample:		1289.26 time, 1290.02 real, 715 MB
[runlim] sample:		1299.26 time, 1300.02 real, 717 MB
[runlim] sample:		1309.26 time, 1310.02 real, 719 MB
[runlim] sample:		1319.26 time, 1320.02 real, 721 MB
[runlim] sample:		1329.26 time, 1330.02 real, 722 MB
[runlim] sample:		1339.25 time, 1340.02 real, 724 MB
[runlim] sample:		1349.25 time, 1350.02 real, 726 MB
[runlim] sample:		1359.26 time, 1360.02 real, 727 MB
[runlim] sample:		1369.26 time, 1370.02 real, 729 MB
[runlim] sample:		1379.26 time, 1380.02 real, 730 MB
[runlim] sample:		1389.26 time, 1390.02 real, 732 MB
[runlim] sample:		1399.26 time, 1400.02 real, 733 MB
[runlim] sample:		1409.26 time, 1410.02 real, 735 MB
[runlim] sample:		1419.26 time, 1420.02 real, 736 MB
[runlim] sample:		1429.26 time, 1430.02 real, 738 MB
[runlim] sample:		1439.26 time, 1440.02 real, 740 MB
[runlim] sample:		1449.26 time, 1450.02 real, 741 MB
[runlim] sample:		1459.26 time, 1460.02 real, 742 MB
[runlim] sample:		1469.26 time, 1470.02 real, 744 MB
[runlim] sample:		1479.26 time, 1480.02 real, 745 MB
[runlim] sample:		1489.26 time, 1490.02 real, 746 MB
[runlim] sample:		1499.25 time, 1500.02 real, 748 MB
[runlim] sample:		1509.26 time, 1510.02 real, 749 MB
[runlim] sample:		1519.26 time, 1520.02 real, 750 MB
[runlim] sample:		1529.26 time, 1530.02 real, 751 MB
[runlim] sample:		1539.26 time, 1540.02 real, 752 MB
[runlim] sample:		1549.26 time, 1550.02 real, 757 MB
[runlim] sample:		1559.26 time, 1560.02 real, 757 MB
[runlim] sample:		1569.25 time, 1570.02 real, 757 MB
[runlim] sample:		1579.25 time, 1580.02 real, 759 MB
[runlim] sample:		1589.26 time, 1590.02 real, 760 MB
[runlim] sample:		1599.26 time, 1600.02 real, 761 MB
[runlim] sample:		1609.26 time, 1610.02 real, 762 MB
[runlim] sample:		1619.26 time, 1620.02 real, 763 MB
[runlim] sample:		1629.26 time, 1630.02 real, 764 MB
[runlim] sample:		1639.25 time, 1640.02 real, 765 MB
[runlim] sample:		1649.26 time, 1650.02 real, 766 MB
[runlim] sample:		1659.26 time, 1660.02 real, 767 MB
[runlim] sample:		1669.25 time, 1670.02 real, 769 MB
[runlim] sample:		1679.26 time, 1680.02 real, 770 MB
[runlim] sample:		1689.26 time, 1690.02 real, 771 MB
[runlim] sample:		1699.26 time, 1700.02 real, 772 MB
[runlim] sample:		1709.25 time, 1710.02 real, 773 MB
[runlim] sample:		1719.26 time, 1720.02 real, 774 MB
[runlim] sample:		1729.26 time, 1730.02 real, 775 MB
[runlim] sample:		1739.25 time, 1740.02 real, 788 MB
[runlim] sample:		1749.26 time, 1750.02 real, 788 MB
[runlim] sample:		1759.26 time, 1760.02 real, 788 MB
[runlim] sample:		1769.26 time, 1770.02 real, 788 MB
[runlim] sample:		1779.26 time, 1780.02 real, 788 MB
[runlim] sample:		1789.25 time, 1790.02 real, 788 MB
[runlim] sample:		1799.25 time, 1800.02 real, 789 MB
[runlim] sample:		1809.26 time, 1810.02 real, 790 MB
[runlim] sample:		1819.26 time, 1820.02 real, 791 MB
[runlim] sample:		1829.26 time, 1830.02 real, 792 MB
[runlim] sample:		1839.25 time, 1840.02 real, 793 MB
[runlim] sample:		1849.25 time, 1850.02 real, 794 MB
[runlim] sample:		1859.25 time, 1860.02 real, 795 MB
[runlim] sample:		1869.26 time, 1870.02 real, 796 MB
[runlim] sample:		1879.26 time, 1880.02 real, 797 MB
[runlim] sample:		1889.26 time, 1890.02 real, 798 MB
[runlim] sample:		1899.25 time, 1900.02 real, 799 MB
[runlim] sample:		1909.26 time, 1910.02 real, 800 MB
[runlim] sample:		1919.25 time, 1920.02 real, 801 MB
[runlim] sample:		1929.25 time, 1930.02 real, 802 MB
[runlim] sample:		1939.26 time, 1940.02 real, 803 MB
[runlim] sample:		1949.26 time, 1950.02 real, 804 MB
[runlim] sample:		1959.26 time, 1960.02 real, 805 MB
[runlim] sample:		1969.26 time, 1970.02 real, 807 MB
[runlim] sample:		1979.25 time, 1980.02 real, 808 MB
[runlim] sample:		1989.26 time, 1990.02 real, 809 MB
[runlim] sample:		1999.26 time, 2000.02 real, 810 MB
[runlim] sample:		2009.26 time, 2010.02 real, 810 MB
[runlim] sample:		2019.26 time, 2020.02 real, 811 MB
[runlim] sample:		2029.26 time, 2030.02 real, 812 MB
[runlim] sample:		2039.26 time, 2040.02 real, 814 MB
[runlim] sample:		2049.25 time, 2050.02 real, 815 MB
[runlim] sample:		2059.25 time, 2060.02 real, 815 MB
[runlim] sample:		2069.25 time, 2070.02 real, 816 MB
[runlim] sample:		2079.26 time, 2080.02 real, 817 MB
[runlim] sample:		2089.26 time, 2090.02 real, 818 MB
[runlim] sample:		2099.26 time, 2100.02 real, 819 MB
[runlim] sample:		2109.26 time, 2110.02 real, 820 MB
[runlim] sample:		2119.26 time, 2120.02 real, 821 MB
[runlim] sample:		2129.26 time, 2130.02 real, 822 MB
[runlim] sample:		2139.26 time, 2140.02 real, 822 MB
[runlim] sample:		2149.25 time, 2150.02 real, 823 MB
[runlim] sample:		2159.25 time, 2160.02 real, 824 MB
[runlim] sample:		2169.25 time, 2170.02 real, 825 MB
[runlim] sample:		2179.25 time, 2180.02 real, 826 MB
[runlim] sample:		2189.26 time, 2190.02 real, 827 MB
[runlim] sample:		2199.25 time, 2200.02 real, 828 MB
[runlim] sample:		2209.25 time, 2210.02 real, 828 MB
[runlim] sample:		2219.25 time, 2220.02 real, 829 MB
[runlim] sample:		2229.25 time, 2230.02 real, 830 MB
[runlim] sample:		2239.25 time, 2240.02 real, 831 MB
[runlim] sample:		2249.26 time, 2250.02 real, 832 MB
[runlim] sample:		2259.25 time, 2260.02 real, 832 MB
[runlim] sample:		2269.25 time, 2270.02 real, 833 MB
[runlim] sample:		2279.25 time, 2280.02 real, 834 MB
[runlim] sample:		2289.25 time, 2290.02 real, 835 MB
[runlim] sample:		2299.25 time, 2300.02 real, 836 MB
[runlim] sample:		2309.25 time, 2310.02 real, 836 MB
[runlim] sample:		2319.25 time, 2320.02 real, 837 MB
[runlim] sample:		2329.26 time, 2330.02 real, 838 MB
[runlim] sample:		2339.26 time, 2340.02 real, 839 MB
[runlim] sample:		2349.25 time, 2350.02 real, 839 MB
[runlim] sample:		2359.25 time, 2360.02 real, 840 MB
[runlim] sample:		2369.25 time, 2370.02 real, 841 MB
[runlim] sample:		2379.25 time, 2380.02 real, 842 MB
[runlim] sample:		2389.25 time, 2390.02 real, 842 MB
[runlim] sample:		2399.25 time, 2400.02 real, 843 MB
[runlim] sample:		2409.26 time, 2410.02 real, 844 MB
[runlim] sample:		2419.26 time, 2420.02 real, 845 MB
[runlim] sample:		2429.25 time, 2430.02 real, 846 MB
[runlim] sample:		2439.24 time, 2440.02 real, 847 MB
[runlim] sample:		2449.24 time, 2450.02 real, 848 MB
[runlim] sample:		2459.25 time, 2460.02 real, 848 MB
[runlim] sample:		2469.25 time, 2470.02 real, 850 MB
[runlim] sample:		2479.25 time, 2480.01 real, 850 MB
[runlim] sample:		2489.24 time, 2490.02 real, 851 MB
[runlim] sample:		2499.24 time, 2500.02 real, 852 MB
[runlim] sample:		2509.25 time, 2510.02 real, 853 MB
[runlim] sample:		2519.24 time, 2520.01 real, 854 MB
[runlim] sample:		2529.25 time, 2530.02 real, 855 MB
[runlim] sample:		2539.25 time, 2540.02 real, 856 MB
[runlim] sample:		2549.24 time, 2550.02 real, 857 MB
[runlim] sample:		2559.25 time, 2560.01 real, 858 MB
[runlim] sample:		2569.25 time, 2570.01 real, 858 MB
[runlim] sample:		2579.24 time, 2580.01 real, 859 MB
[runlim] sample:		2589.24 time, 2590.02 real, 860 MB
[runlim] sample:		2599.24 time, 2600.01 real, 861 MB
[runlim] sample:		2609.25 time, 2610.01 real, 862 MB
[runlim] sample:		2619.25 time, 2620.01 real, 863 MB
[runlim] sample:		2629.25 time, 2630.01 real, 864 MB
[runlim] sample:		2639.24 time, 2640.01 real, 865 MB
[runlim] sample:		2649.25 time, 2650.01 real, 866 MB
[runlim] sample:		2659.25 time, 2660.01 real, 867 MB
[runlim] sample:		2669.24 time, 2670.02 real, 868 MB
[runlim] sample:		2679.25 time, 2680.02 real, 868 MB
[runlim] sample:		2689.25 time, 2690.02 real, 869 MB
[runlim] sample:		2699.24 time, 2700.02 real, 870 MB
[runlim] end:			Thu Feb 27 09:50:21 2020
[runlim] status:		out of time
[runlim] result:		2
[runlim] children:		1
[runlim] real:			2700.11 seconds
[runlim] time:			2699.24 seconds
[runlim] space:			870 MB
[runlim] samples:		27000
