[runlim] version:		1.18
[runlim] host:			c3n27
[runlim] time limit:		2700 seconds
[runlim] real time limit:	2700 seconds
[runlim] space limit:		7000 MB
[runlim] argv[0]:		./binary
[runlim] argv[1]:		/data/cnf/ankit/RSet1/GuidanceService.dqbf
[runlim] start:			Thu Feb 27 09:05:21 2020
[runlim] child:			4433
[runlim] sample:		9.44 time, 10.02 real, 67 MB
[runlim] sample:		19.44 time, 20.02 real, 71 MB
[runlim] sample:		29.44 time, 30.02 real, 87 MB
[runlim] sample:		39.43 time, 40.02 real, 98 MB
[runlim] sample:		49.43 time, 50.02 real, 125 MB
[runlim] sample:		59.43 time, 60.02 real, 182 MB
[runlim] sample:		69.42 time, 70.02 real, 215 MB
[runlim] sample:		79.43 time, 80.02 real, 231 MB
[runlim] sample:		89.43 time, 90.02 real, 270 MB
[runlim] sample:		99.43 time, 100.02 real, 275 MB
[runlim] sample:		109.42 time, 110.02 real, 281 MB
[runlim] sample:		119.43 time, 120.02 real, 286 MB
[runlim] sample:		129.43 time, 130.02 real, 286 MB
[runlim] sample:		139.43 time, 140.02 real, 286 MB
[runlim] sample:		149.43 time, 150.02 real, 286 MB
[runlim] sample:		159.43 time, 160.02 real, 286 MB
[runlim] sample:		169.43 time, 170.02 real, 288 MB
[runlim] sample:		179.43 time, 180.02 real, 290 MB
[runlim] sample:		189.42 time, 190.02 real, 293 MB
[runlim] sample:		199.43 time, 200.02 real, 297 MB
[runlim] sample:		209.43 time, 210.02 real, 299 MB
[runlim] sample:		219.43 time, 220.02 real, 302 MB
[runlim] sample:		229.43 time, 230.02 real, 304 MB
[runlim] sample:		239.43 time, 240.02 real, 306 MB
[runlim] sample:		249.43 time, 250.02 real, 308 MB
[runlim] sample:		259.43 time, 260.02 real, 311 MB
[runlim] sample:		269.43 time, 270.02 real, 313 MB
[runlim] sample:		279.43 time, 280.02 real, 315 MB
[runlim] sample:		289.43 time, 290.02 real, 317 MB
[runlim] sample:		299.43 time, 300.02 real, 319 MB
[runlim] sample:		309.43 time, 310.02 real, 321 MB
[runlim] sample:		319.43 time, 320.02 real, 323 MB
[runlim] sample:		329.42 time, 330.02 real, 324 MB
[runlim] sample:		339.43 time, 340.02 real, 386 MB
[runlim] sample:		349.43 time, 350.02 real, 386 MB
[runlim] sample:		359.43 time, 360.02 real, 393 MB
[runlim] sample:		369.43 time, 370.02 real, 399 MB
[runlim] sample:		379.42 time, 380.02 real, 403 MB
[runlim] sample:		389.42 time, 390.02 real, 407 MB
[runlim] sample:		399.43 time, 400.02 real, 411 MB
[runlim] sample:		409.43 time, 410.02 real, 415 MB
[runlim] sample:		419.43 time, 420.02 real, 419 MB
[runlim] sample:		429.43 time, 430.02 real, 422 MB
[runlim] sample:		439.43 time, 440.02 real, 430 MB
[runlim] sample:		449.43 time, 450.02 real, 433 MB
[runlim] sample:		459.43 time, 460.02 real, 496 MB
[runlim] sample:		469.43 time, 470.02 real, 496 MB
[runlim] sample:		479.43 time, 480.02 real, 496 MB
[runlim] sample:		489.43 time, 490.02 real, 496 MB
[runlim] sample:		499.43 time, 500.02 real, 496 MB
[runlim] sample:		509.43 time, 510.02 real, 496 MB
[runlim] sample:		519.43 time, 520.02 real, 497 MB
[runlim] sample:		529.43 time, 530.02 real, 502 MB
[runlim] sample:		539.43 time, 540.02 real, 505 MB
[runlim] sample:		549.42 time, 550.02 real, 508 MB
[runlim] sample:		559.43 time, 560.02 real, 511 MB
[runlim] sample:		569.43 time, 570.02 real, 513 MB
[runlim] sample:		579.42 time, 580.02 real, 516 MB
[runlim] sample:		589.43 time, 590.02 real, 519 MB
[runlim] sample:		599.43 time, 600.02 real, 521 MB
[runlim] sample:		609.43 time, 610.02 real, 524 MB
[runlim] sample:		619.43 time, 620.02 real, 526 MB
[runlim] sample:		629.43 time, 630.02 real, 529 MB
[runlim] sample:		639.43 time, 640.02 real, 531 MB
[runlim] sample:		649.43 time, 650.02 real, 533 MB
[runlim] sample:		659.42 time, 660.02 real, 536 MB
[runlim] sample:		669.43 time, 670.02 real, 539 MB
[runlim] sample:		679.43 time, 680.02 real, 541 MB
[runlim] sample:		689.42 time, 690.02 real, 543 MB
[runlim] sample:		699.43 time, 700.02 real, 545 MB
[runlim] sample:		709.43 time, 710.02 real, 546 MB
[runlim] sample:		719.43 time, 720.02 real, 548 MB
[runlim] sample:		729.43 time, 730.02 real, 550 MB
[runlim] sample:		739.43 time, 740.02 real, 552 MB
[runlim] sample:		749.43 time, 750.02 real, 553 MB
[runlim] sample:		759.42 time, 760.02 real, 555 MB
[runlim] sample:		769.42 time, 770.02 real, 556 MB
[runlim] sample:		779.42 time, 780.02 real, 557 MB
[runlim] sample:		789.42 time, 790.02 real, 559 MB
[runlim] sample:		799.43 time, 800.02 real, 560 MB
[runlim] sample:		809.42 time, 810.02 real, 562 MB
[runlim] sample:		819.43 time, 820.02 real, 564 MB
[runlim] sample:		829.43 time, 830.02 real, 566 MB
[runlim] sample:		839.42 time, 840.02 real, 594 MB
[runlim] sample:		849.43 time, 850.02 real, 655 MB
[runlim] sample:		859.43 time, 860.02 real, 655 MB
[runlim] sample:		869.43 time, 870.02 real, 655 MB
[runlim] sample:		879.42 time, 880.02 real, 655 MB
[runlim] sample:		889.42 time, 890.02 real, 655 MB
[runlim] sample:		899.42 time, 900.02 real, 655 MB
[runlim] sample:		909.42 time, 910.02 real, 655 MB
[runlim] sample:		919.42 time, 920.02 real, 655 MB
[runlim] sample:		929.42 time, 930.02 real, 655 MB
[runlim] sample:		939.42 time, 940.02 real, 656 MB
[runlim] sample:		949.42 time, 950.02 real, 658 MB
[runlim] sample:		959.43 time, 960.02 real, 661 MB
[runlim] sample:		969.43 time, 970.02 real, 664 MB
[runlim] sample:		979.43 time, 980.02 real, 666 MB
[runlim] sample:		989.42 time, 990.02 real, 669 MB
[runlim] sample:		999.43 time, 1000.02 real, 672 MB
[runlim] sample:		1009.42 time, 1010.02 real, 674 MB
[runlim] sample:		1019.43 time, 1020.02 real, 677 MB
[runlim] sample:		1029.43 time, 1030.02 real, 679 MB
[runlim] sample:		1039.43 time, 1040.02 real, 682 MB
[runlim] sample:		1049.43 time, 1050.02 real, 685 MB
[runlim] sample:		1059.43 time, 1060.02 real, 687 MB
[runlim] sample:		1069.42 time, 1070.02 real, 690 MB
[runlim] sample:		1079.43 time, 1080.02 real, 692 MB
[runlim] sample:		1089.42 time, 1090.02 real, 695 MB
[runlim] sample:		1099.43 time, 1100.02 real, 697 MB
[runlim] sample:		1109.42 time, 1110.02 real, 699 MB
[runlim] sample:		1119.42 time, 1120.02 real, 701 MB
[runlim] sample:		1129.42 time, 1130.02 real, 703 MB
[runlim] sample:		1139.43 time, 1140.02 real, 705 MB
[runlim] sample:		1149.43 time, 1150.02 real, 706 MB
[runlim] sample:		1159.42 time, 1160.02 real, 708 MB
[runlim] sample:		1169.43 time, 1170.02 real, 709 MB
[runlim] sample:		1179.42 time, 1180.02 real, 711 MB
[runlim] sample:		1189.42 time, 1190.02 real, 712 MB
[runlim] sample:		1199.42 time, 1200.02 real, 714 MB
[runlim] sample:		1209.42 time, 1210.02 real, 715 MB
[runlim] sample:		1219.42 time, 1220.02 real, 717 MB
[runlim] sample:		1229.43 time, 1230.02 real, 718 MB
[runlim] sample:		1239.42 time, 1240.02 real, 720 MB
[runlim] sample:		1249.42 time, 1250.02 real, 721 MB
[runlim] sample:		1259.43 time, 1260.02 real, 722 MB
[runlim] sample:		1269.42 time, 1270.02 real, 724 MB
[runlim] sample:		1279.42 time, 1280.02 real, 725 MB
[runlim] sample:		1289.42 time, 1290.02 real, 726 MB
[runlim] sample:		1299.42 time, 1300.02 real, 728 MB
[runlim] sample:		1309.43 time, 1310.02 real, 729 MB
[runlim] sample:		1319.43 time, 1320.02 real, 730 MB
[runlim] sample:		1329.43 time, 1330.02 real, 732 MB
[runlim] sample:		1339.43 time, 1340.02 real, 733 MB
[runlim] sample:		1349.43 time, 1350.02 real, 735 MB
[runlim] sample:		1359.43 time, 1360.02 real, 736 MB
[runlim] sample:		1369.42 time, 1370.02 real, 737 MB
[runlim] sample:		1379.42 time, 1380.02 real, 738 MB
[runlim] sample:		1389.42 time, 1390.02 real, 740 MB
[runlim] sample:		1399.42 time, 1400.02 real, 741 MB
[runlim] sample:		1409.42 time, 1410.02 real, 742 MB
[runlim] sample:		1419.42 time, 1420.02 real, 744 MB
[runlim] sample:		1429.42 time, 1430.02 real, 745 MB
[runlim] sample:		1439.42 time, 1440.02 real, 746 MB
[runlim] sample:		1449.42 time, 1450.02 real, 747 MB
[runlim] sample:		1459.42 time, 1460.02 real, 749 MB
[runlim] sample:		1469.42 time, 1470.02 real, 750 MB
[runlim] sample:		1479.42 time, 1480.02 real, 751 MB
[runlim] sample:		1489.42 time, 1490.02 real, 752 MB
[runlim] sample:		1499.42 time, 1500.02 real, 753 MB
[runlim] sample:		1509.42 time, 1510.02 real, 754 MB
[runlim] sample:		1519.42 time, 1520.02 real, 755 MB
[runlim] sample:		1529.42 time, 1530.02 real, 756 MB
[runlim] sample:		1539.42 time, 1540.02 real, 757 MB
[runlim] sample:		1549.42 time, 1550.02 real, 758 MB
[runlim] sample:		1559.42 time, 1560.02 real, 759 MB
[runlim] sample:		1569.42 time, 1570.02 real, 760 MB
[runlim] sample:		1579.42 time, 1580.02 real, 761 MB
[runlim] sample:		1589.42 time, 1590.02 real, 762 MB
[runlim] sample:		1599.42 time, 1600.02 real, 763 MB
[runlim] sample:		1609.42 time, 1610.02 real, 766 MB
[runlim] sample:		1619.42 time, 1620.02 real, 778 MB
[runlim] sample:		1629.42 time, 1630.02 real, 778 MB
[runlim] sample:		1639.42 time, 1640.02 real, 778 MB
[runlim] sample:		1649.42 time, 1650.02 real, 778 MB
[runlim] sample:		1659.42 time, 1660.02 real, 778 MB
[runlim] sample:		1669.42 time, 1670.02 real, 778 MB
[runlim] sample:		1679.42 time, 1680.02 real, 778 MB
[runlim] sample:		1689.42 time, 1690.02 real, 779 MB
[runlim] sample:		1699.42 time, 1700.02 real, 779 MB
[runlim] sample:		1709.42 time, 1710.02 real, 781 MB
[runlim] sample:		1719.42 time, 1720.02 real, 781 MB
[runlim] sample:		1729.42 time, 1730.02 real, 782 MB
[runlim] sample:		1739.42 time, 1740.02 real, 783 MB
[runlim] sample:		1749.42 time, 1750.02 real, 784 MB
[runlim] sample:		1759.42 time, 1760.02 real, 785 MB
[runlim] sample:		1769.42 time, 1770.02 real, 785 MB
[runlim] sample:		1779.41 time, 1780.02 real, 786 MB
[runlim] sample:		1789.41 time, 1790.02 real, 787 MB
[runlim] sample:		1799.42 time, 1800.02 real, 788 MB
[runlim] sample:		1809.41 time, 1810.02 real, 789 MB
[runlim] sample:		1819.41 time, 1820.02 real, 790 MB
[runlim] sample:		1829.42 time, 1830.02 real, 790 MB
[runlim] sample:		1839.42 time, 1840.02 real, 791 MB
[runlim] sample:		1849.42 time, 1850.02 real, 792 MB
[runlim] sample:		1859.42 time, 1860.02 real, 793 MB
[runlim] sample:		1869.42 time, 1870.02 real, 793 MB
[runlim] sample:		1879.41 time, 1880.02 real, 794 MB
[runlim] sample:		1889.41 time, 1890.02 real, 795 MB
[runlim] sample:		1899.41 time, 1900.02 real, 796 MB
[runlim] sample:		1909.41 time, 1910.02 real, 796 MB
[runlim] sample:		1919.42 time, 1920.02 real, 797 MB
[runlim] sample:		1929.42 time, 1930.02 real, 798 MB
[runlim] sample:		1939.41 time, 1940.02 real, 799 MB
[runlim] sample:		1949.42 time, 1950.02 real, 800 MB
[runlim] sample:		1959.41 time, 1960.02 real, 801 MB
[runlim] sample:		1969.41 time, 1970.02 real, 801 MB
[runlim] sample:		1979.41 time, 1980.02 real, 802 MB
[runlim] sample:		1989.42 time, 1990.02 real, 803 MB
[runlim] sample:		1999.42 time, 2000.02 real, 804 MB
[runlim] sample:		2009.41 time, 2010.02 real, 804 MB
[runlim] sample:		2019.42 time, 2020.02 real, 805 MB
[runlim] sample:		2029.41 time, 2030.02 real, 806 MB
[runlim] sample:		2039.42 time, 2040.02 real, 833 MB
[runlim] sample:		2049.42 time, 2050.02 real, 970 MB
[runlim] sample:		2059.42 time, 2060.02 real, 970 MB
[runlim] sample:		2069.42 time, 2070.02 real, 970 MB
[runlim] sample:		2079.41 time, 2080.02 real, 970 MB
[runlim] sample:		2089.42 time, 2090.02 real, 970 MB
[runlim] sample:		2099.41 time, 2100.02 real, 970 MB
[runlim] sample:		2109.41 time, 2110.02 real, 970 MB
[runlim] sample:		2119.41 time, 2120.02 real, 970 MB
[runlim] sample:		2129.42 time, 2130.02 real, 970 MB
[runlim] sample:		2139.41 time, 2140.02 real, 970 MB
[runlim] sample:		2149.41 time, 2150.02 real, 970 MB
[runlim] sample:		2159.41 time, 2160.02 real, 970 MB
[runlim] sample:		2169.41 time, 2170.02 real, 970 MB
[runlim] sample:		2179.41 time, 2180.02 real, 970 MB
[runlim] sample:		2189.42 time, 2190.02 real, 970 MB
[runlim] sample:		2199.42 time, 2200.02 real, 970 MB
[runlim] sample:		2209.42 time, 2210.02 real, 970 MB
[runlim] sample:		2219.42 time, 2220.02 real, 970 MB
[runlim] sample:		2229.42 time, 2230.02 real, 970 MB
[runlim] sample:		2239.41 time, 2240.02 real, 970 MB
[runlim] sample:		2249.42 time, 2250.02 real, 970 MB
[runlim] sample:		2259.42 time, 2260.02 real, 970 MB
[runlim] sample:		2269.42 time, 2270.02 real, 970 MB
[runlim] sample:		2279.42 time, 2280.02 real, 970 MB
[runlim] sample:		2289.42 time, 2290.02 real, 970 MB
[runlim] sample:		2299.42 time, 2300.02 real, 970 MB
[runlim] sample:		2309.42 time, 2310.02 real, 970 MB
[runlim] sample:		2319.42 time, 2320.02 real, 970 MB
[runlim] sample:		2329.42 time, 2330.02 real, 970 MB
[runlim] sample:		2339.42 time, 2340.02 real, 970 MB
[runlim] sample:		2349.42 time, 2350.02 real, 970 MB
[runlim] sample:		2359.42 time, 2360.02 real, 970 MB
[runlim] sample:		2369.42 time, 2370.02 real, 970 MB
[runlim] sample:		2379.42 time, 2380.02 real, 970 MB
[runlim] sample:		2389.42 time, 2390.02 real, 970 MB
[runlim] sample:		2399.42 time, 2400.02 real, 970 MB
[runlim] sample:		2409.42 time, 2410.02 real, 970 MB
[runlim] sample:		2419.41 time, 2420.02 real, 970 MB
[runlim] sample:		2429.42 time, 2430.02 real, 971 MB
[runlim] sample:		2439.41 time, 2440.02 real, 976 MB
[runlim] sample:		2449.41 time, 2450.02 real, 980 MB
[runlim] sample:		2459.42 time, 2460.02 real, 983 MB
[runlim] sample:		2469.41 time, 2470.02 real, 987 MB
[runlim] sample:		2479.41 time, 2480.02 real, 990 MB
[runlim] sample:		2489.42 time, 2490.02 real, 993 MB
[runlim] sample:		2499.41 time, 2500.02 real, 997 MB
[runlim] sample:		2509.42 time, 2510.02 real, 1000 MB
[runlim] sample:		2519.41 time, 2520.02 real, 1003 MB
[runlim] sample:		2529.41 time, 2530.02 real, 1006 MB
[runlim] sample:		2539.41 time, 2540.02 real, 1009 MB
[runlim] sample:		2549.41 time, 2550.02 real, 1012 MB
[runlim] sample:		2559.42 time, 2560.02 real, 1015 MB
[runlim] sample:		2569.41 time, 2570.02 real, 1017 MB
[runlim] sample:		2579.42 time, 2580.02 real, 1020 MB
[runlim] sample:		2589.42 time, 2590.02 real, 1023 MB
[runlim] sample:		2599.41 time, 2600.02 real, 1026 MB
[runlim] sample:		2609.41 time, 2610.01 real, 1028 MB
[runlim] sample:		2619.41 time, 2620.01 real, 1031 MB
[runlim] sample:		2629.41 time, 2630.01 real, 1033 MB
[runlim] sample:		2639.41 time, 2640.01 real, 1036 MB
[runlim] sample:		2649.42 time, 2650.01 real, 1038 MB
[runlim] sample:		2659.42 time, 2660.02 real, 1040 MB
[runlim] sample:		2669.41 time, 2670.02 real, 1042 MB
[runlim] sample:		2679.41 time, 2680.02 real, 1044 MB
[runlim] sample:		2689.41 time, 2690.02 real, 1046 MB
[runlim] sample:		2699.41 time, 2700.02 real, 1048 MB
[runlim] end:			Thu Feb 27 09:50:21 2020
[runlim] status:		out of time
[runlim] result:		2
[runlim] children:		1
[runlim] real:			2700.11 seconds
[runlim] time:			2699.41 seconds
[runlim] space:			1048 MB
[runlim] samples:		27000
