[runlim] version:		1.18
[runlim] host:			c3n30
[runlim] time limit:		2700 seconds
[runlim] real time limit:	2700 seconds
[runlim] space limit:		7000 MB
[runlim] argv[0]:		./binary
[runlim] argv[1]:		/data/cnf/ankit/RSet1/pdtpmsgigamax.R
[runlim] start:			Thu Feb 27 09:05:22 2020
[runlim] child:			815
[runlim] sample:		9.72 time, 10.02 real, 52 MB
[runlim] sample:		19.72 time, 20.02 real, 75 MB
[runlim] sample:		29.72 time, 30.02 real, 101 MB
[runlim] sample:		39.72 time, 40.02 real, 118 MB
[runlim] sample:		49.72 time, 50.02 real, 158 MB
[runlim] sample:		59.72 time, 60.02 real, 168 MB
[runlim] sample:		69.72 time, 70.02 real, 182 MB
[runlim] sample:		79.72 time, 80.02 real, 202 MB
[runlim] sample:		89.71 time, 90.02 real, 207 MB
[runlim] sample:		99.71 time, 100.02 real, 207 MB
[runlim] sample:		109.71 time, 110.02 real, 207 MB
[runlim] sample:		119.71 time, 120.02 real, 207 MB
[runlim] sample:		129.71 time, 130.02 real, 207 MB
[runlim] sample:		139.72 time, 140.02 real, 207 MB
[runlim] sample:		149.71 time, 150.02 real, 207 MB
[runlim] sample:		159.71 time, 160.02 real, 207 MB
[runlim] sample:		169.72 time, 170.02 real, 207 MB
[runlim] sample:		179.72 time, 180.02 real, 207 MB
[runlim] sample:		189.72 time, 190.02 real, 207 MB
[runlim] sample:		199.71 time, 200.02 real, 209 MB
[runlim] sample:		209.72 time, 210.02 real, 211 MB
[runlim] sample:		219.71 time, 220.02 real, 214 MB
[runlim] sample:		229.72 time, 230.02 real, 216 MB
[runlim] sample:		239.72 time, 240.02 real, 219 MB
[runlim] sample:		249.72 time, 250.02 real, 221 MB
[runlim] sample:		259.71 time, 260.02 real, 223 MB
[runlim] sample:		269.71 time, 270.02 real, 225 MB
[runlim] sample:		279.71 time, 280.02 real, 246 MB
[runlim] sample:		289.71 time, 290.02 real, 256 MB
[runlim] sample:		299.71 time, 300.02 real, 256 MB
[runlim] sample:		309.71 time, 310.02 real, 256 MB
[runlim] sample:		319.72 time, 320.02 real, 256 MB
[runlim] sample:		329.72 time, 330.02 real, 256 MB
[runlim] sample:		339.72 time, 340.02 real, 262 MB
[runlim] sample:		349.71 time, 350.02 real, 267 MB
[runlim] sample:		359.71 time, 360.02 real, 271 MB
[runlim] sample:		369.72 time, 370.02 real, 275 MB
[runlim] sample:		379.71 time, 380.02 real, 295 MB
[runlim] sample:		389.71 time, 390.02 real, 295 MB
[runlim] sample:		399.71 time, 400.02 real, 295 MB
[runlim] sample:		409.71 time, 410.02 real, 295 MB
[runlim] sample:		419.71 time, 420.02 real, 295 MB
[runlim] sample:		429.71 time, 430.02 real, 295 MB
[runlim] sample:		439.71 time, 440.02 real, 299 MB
[runlim] sample:		449.71 time, 450.02 real, 303 MB
[runlim] sample:		459.71 time, 460.02 real, 306 MB
[runlim] sample:		469.71 time, 470.02 real, 309 MB
[runlim] sample:		479.71 time, 480.02 real, 321 MB
[runlim] sample:		489.71 time, 490.02 real, 321 MB
[runlim] sample:		499.71 time, 500.02 real, 321 MB
[runlim] sample:		509.71 time, 510.02 real, 321 MB
[runlim] sample:		519.71 time, 520.02 real, 321 MB
[runlim] sample:		529.71 time, 530.02 real, 321 MB
[runlim] sample:		539.71 time, 540.02 real, 321 MB
[runlim] sample:		549.71 time, 550.02 real, 321 MB
[runlim] sample:		559.71 time, 560.02 real, 321 MB
[runlim] sample:		569.71 time, 570.02 real, 321 MB
[runlim] sample:		579.71 time, 580.02 real, 321 MB
[runlim] sample:		589.71 time, 590.02 real, 321 MB
[runlim] sample:		599.71 time, 600.02 real, 321 MB
[runlim] sample:		609.71 time, 610.02 real, 321 MB
[runlim] sample:		619.71 time, 620.02 real, 321 MB
[runlim] sample:		629.71 time, 630.02 real, 321 MB
[runlim] sample:		639.71 time, 640.02 real, 321 MB
[runlim] sample:		649.71 time, 650.02 real, 321 MB
[runlim] sample:		659.71 time, 660.02 real, 321 MB
[runlim] sample:		669.71 time, 670.02 real, 321 MB
[runlim] sample:		679.71 time, 680.02 real, 321 MB
[runlim] sample:		689.71 time, 690.02 real, 321 MB
[runlim] sample:		699.71 time, 700.02 real, 321 MB
[runlim] sample:		709.71 time, 710.02 real, 321 MB
[runlim] sample:		719.71 time, 720.02 real, 321 MB
[runlim] sample:		729.71 time, 730.02 real, 321 MB
[runlim] sample:		739.71 time, 740.02 real, 321 MB
[runlim] sample:		749.71 time, 750.02 real, 321 MB
[runlim] sample:		759.71 time, 760.02 real, 321 MB
[runlim] sample:		769.71 time, 770.02 real, 321 MB
[runlim] sample:		779.71 time, 780.02 real, 321 MB
[runlim] sample:		789.71 time, 790.02 real, 321 MB
[runlim] sample:		799.71 time, 800.02 real, 321 MB
[runlim] sample:		809.71 time, 810.02 real, 321 MB
[runlim] sample:		819.71 time, 820.02 real, 321 MB
[runlim] sample:		829.71 time, 830.02 real, 321 MB
[runlim] sample:		839.71 time, 840.02 real, 321 MB
[runlim] sample:		849.71 time, 850.02 real, 321 MB
[runlim] sample:		859.71 time, 860.02 real, 321 MB
[runlim] sample:		869.71 time, 870.02 real, 321 MB
[runlim] sample:		879.71 time, 880.02 real, 323 MB
[runlim] sample:		889.71 time, 890.02 real, 324 MB
[runlim] sample:		899.71 time, 900.02 real, 327 MB
[runlim] sample:		909.71 time, 910.02 real, 328 MB
[runlim] sample:		919.71 time, 920.02 real, 329 MB
[runlim] sample:		929.71 time, 930.02 real, 331 MB
[runlim] sample:		939.71 time, 940.02 real, 332 MB
[runlim] sample:		949.71 time, 950.02 real, 369 MB
[runlim] sample:		959.71 time, 960.02 real, 369 MB
[runlim] sample:		969.71 time, 970.02 real, 369 MB
[runlim] sample:		979.71 time, 980.02 real, 369 MB
[runlim] sample:		989.71 time, 990.02 real, 369 MB
[runlim] sample:		999.71 time, 1000.02 real, 369 MB
[runlim] sample:		1009.71 time, 1010.02 real, 369 MB
[runlim] sample:		1019.71 time, 1020.02 real, 369 MB
[runlim] sample:		1029.71 time, 1030.02 real, 369 MB
[runlim] sample:		1039.71 time, 1040.02 real, 369 MB
[runlim] sample:		1049.71 time, 1050.02 real, 369 MB
[runlim] sample:		1059.71 time, 1060.02 real, 369 MB
[runlim] sample:		1069.71 time, 1070.02 real, 369 MB
[runlim] sample:		1079.70 time, 1080.02 real, 388 MB
[runlim] sample:		1089.70 time, 1090.02 real, 388 MB
[runlim] sample:		1099.70 time, 1100.02 real, 388 MB
[runlim] sample:		1109.70 time, 1110.02 real, 388 MB
[runlim] sample:		1119.70 time, 1120.02 real, 388 MB
[runlim] sample:		1129.70 time, 1130.02 real, 388 MB
[runlim] sample:		1139.70 time, 1140.02 real, 388 MB
[runlim] sample:		1149.70 time, 1150.02 real, 388 MB
[runlim] sample:		1159.70 time, 1160.02 real, 388 MB
[runlim] sample:		1169.70 time, 1170.02 real, 394 MB
[runlim] sample:		1179.70 time, 1180.02 real, 395 MB
[runlim] sample:		1189.70 time, 1190.02 real, 395 MB
[runlim] sample:		1199.70 time, 1200.02 real, 395 MB
[runlim] sample:		1209.70 time, 1210.02 real, 395 MB
[runlim] sample:		1219.70 time, 1220.02 real, 395 MB
[runlim] sample:		1229.70 time, 1230.02 real, 395 MB
[runlim] sample:		1239.70 time, 1240.02 real, 395 MB
[runlim] sample:		1249.70 time, 1250.02 real, 395 MB
[runlim] sample:		1259.70 time, 1260.02 real, 397 MB
[runlim] sample:		1269.70 time, 1270.02 real, 400 MB
[runlim] sample:		1279.71 time, 1280.02 real, 403 MB
[runlim] sample:		1289.71 time, 1290.02 real, 416 MB
[runlim] sample:		1299.71 time, 1300.02 real, 416 MB
[runlim] sample:		1309.70 time, 1310.02 real, 445 MB
[runlim] sample:		1319.70 time, 1320.02 real, 445 MB
[runlim] sample:		1329.70 time, 1330.02 real, 445 MB
[runlim] sample:		1339.70 time, 1340.02 real, 445 MB
[runlim] sample:		1349.70 time, 1350.02 real, 445 MB
[runlim] sample:		1359.70 time, 1360.02 real, 445 MB
[runlim] sample:		1369.70 time, 1370.02 real, 445 MB
[runlim] sample:		1379.70 time, 1380.02 real, 445 MB
[runlim] sample:		1389.70 time, 1390.02 real, 445 MB
[runlim] sample:		1399.70 time, 1400.02 real, 446 MB
[runlim] sample:		1409.70 time, 1410.02 real, 449 MB
[runlim] sample:		1419.70 time, 1420.02 real, 453 MB
[runlim] sample:		1429.70 time, 1430.02 real, 457 MB
[runlim] sample:		1439.70 time, 1440.02 real, 460 MB
[runlim] sample:		1449.70 time, 1450.02 real, 463 MB
[runlim] sample:		1459.70 time, 1460.02 real, 466 MB
[runlim] sample:		1469.70 time, 1470.02 real, 469 MB
[runlim] sample:		1479.70 time, 1480.02 real, 472 MB
[runlim] sample:		1489.70 time, 1490.02 real, 474 MB
[runlim] sample:		1499.70 time, 1500.02 real, 476 MB
[runlim] sample:		1509.70 time, 1510.02 real, 478 MB
[runlim] sample:		1519.70 time, 1520.02 real, 481 MB
[runlim] sample:		1529.70 time, 1530.02 real, 483 MB
[runlim] sample:		1539.70 time, 1540.02 real, 486 MB
[runlim] sample:		1549.70 time, 1550.02 real, 488 MB
[runlim] sample:		1559.69 time, 1560.02 real, 490 MB
[runlim] sample:		1569.69 time, 1570.02 real, 493 MB
[runlim] sample:		1579.69 time, 1580.02 real, 495 MB
[runlim] sample:		1589.70 time, 1590.02 real, 497 MB
[runlim] sample:		1599.70 time, 1600.02 real, 498 MB
[runlim] sample:		1609.70 time, 1610.02 real, 500 MB
[runlim] sample:		1619.70 time, 1620.02 real, 501 MB
[runlim] sample:		1629.70 time, 1630.02 real, 503 MB
[runlim] sample:		1639.69 time, 1640.02 real, 505 MB
[runlim] sample:		1649.70 time, 1650.02 real, 507 MB
[runlim] sample:		1659.70 time, 1660.02 real, 509 MB
[runlim] sample:		1669.69 time, 1670.02 real, 511 MB
[runlim] sample:		1679.69 time, 1680.02 real, 513 MB
[runlim] sample:		1689.70 time, 1690.02 real, 514 MB
[runlim] sample:		1699.69 time, 1700.02 real, 528 MB
[runlim] sample:		1709.69 time, 1710.02 real, 528 MB
[runlim] sample:		1719.69 time, 1720.02 real, 528 MB
[runlim] sample:		1729.69 time, 1730.02 real, 528 MB
[runlim] sample:		1739.69 time, 1740.02 real, 528 MB
[runlim] sample:		1749.69 time, 1750.02 real, 528 MB
[runlim] sample:		1759.69 time, 1760.02 real, 528 MB
[runlim] sample:		1769.69 time, 1770.02 real, 528 MB
[runlim] sample:		1779.69 time, 1780.02 real, 528 MB
[runlim] sample:		1789.69 time, 1790.02 real, 528 MB
[runlim] sample:		1799.69 time, 1800.02 real, 528 MB
[runlim] sample:		1809.69 time, 1810.02 real, 528 MB
[runlim] sample:		1819.69 time, 1820.02 real, 528 MB
[runlim] sample:		1829.69 time, 1830.02 real, 528 MB
[runlim] sample:		1839.69 time, 1840.02 real, 528 MB
[runlim] sample:		1849.69 time, 1850.02 real, 528 MB
[runlim] sample:		1859.69 time, 1860.02 real, 528 MB
[runlim] sample:		1869.69 time, 1870.02 real, 528 MB
[runlim] sample:		1879.69 time, 1880.02 real, 528 MB
[runlim] sample:		1889.69 time, 1890.02 real, 528 MB
[runlim] sample:		1899.69 time, 1900.02 real, 528 MB
[runlim] sample:		1909.69 time, 1910.02 real, 528 MB
[runlim] sample:		1919.69 time, 1920.02 real, 528 MB
[runlim] sample:		1929.69 time, 1930.02 real, 528 MB
[runlim] sample:		1939.69 time, 1940.02 real, 528 MB
[runlim] sample:		1949.69 time, 1950.02 real, 528 MB
[runlim] sample:		1959.69 time, 1960.02 real, 528 MB
[runlim] sample:		1969.69 time, 1970.02 real, 528 MB
[runlim] sample:		1979.69 time, 1980.02 real, 528 MB
[runlim] sample:		1989.69 time, 1990.02 real, 528 MB
[runlim] sample:		1999.69 time, 2000.02 real, 528 MB
[runlim] sample:		2009.69 time, 2010.02 real, 528 MB
[runlim] sample:		2019.69 time, 2020.02 real, 528 MB
[runlim] sample:		2029.69 time, 2030.02 real, 528 MB
[runlim] sample:		2039.69 time, 2040.02 real, 528 MB
[runlim] sample:		2049.69 time, 2050.02 real, 528 MB
[runlim] sample:		2059.69 time, 2060.02 real, 528 MB
[runlim] sample:		2069.69 time, 2070.02 real, 528 MB
[runlim] sample:		2079.69 time, 2080.02 real, 528 MB
[runlim] sample:		2089.69 time, 2090.02 real, 528 MB
[runlim] sample:		2099.69 time, 2100.02 real, 528 MB
[runlim] sample:		2109.69 time, 2110.02 real, 528 MB
[runlim] sample:		2119.69 time, 2120.02 real, 528 MB
[runlim] sample:		2129.69 time, 2130.02 real, 528 MB
[runlim] sample:		2139.69 time, 2140.02 real, 528 MB
[runlim] sample:		2149.69 time, 2150.02 real, 528 MB
[runlim] sample:		2159.69 time, 2160.02 real, 528 MB
[runlim] sample:		2169.69 time, 2170.02 real, 528 MB
[runlim] sample:		2179.69 time, 2180.02 real, 528 MB
[runlim] sample:		2189.69 time, 2190.02 real, 528 MB
[runlim] sample:		2199.69 time, 2200.02 real, 528 MB
[runlim] sample:		2209.69 time, 2210.02 real, 528 MB
[runlim] sample:		2219.69 time, 2220.02 real, 528 MB
[runlim] sample:		2229.69 time, 2230.02 real, 528 MB
[runlim] sample:		2239.69 time, 2240.02 real, 528 MB
[runlim] sample:		2249.69 time, 2250.02 real, 528 MB
[runlim] sample:		2259.69 time, 2260.02 real, 528 MB
[runlim] sample:		2269.69 time, 2270.02 real, 528 MB
[runlim] sample:		2279.69 time, 2280.02 real, 528 MB
[runlim] sample:		2289.69 time, 2290.02 real, 528 MB
[runlim] sample:		2299.69 time, 2300.02 real, 528 MB
[runlim] sample:		2309.69 time, 2310.02 real, 528 MB
[runlim] sample:		2319.69 time, 2320.02 real, 528 MB
[runlim] sample:		2329.69 time, 2330.02 real, 528 MB
[runlim] sample:		2339.69 time, 2340.02 real, 528 MB
[runlim] sample:		2349.69 time, 2350.02 real, 528 MB
[runlim] sample:		2359.69 time, 2360.02 real, 528 MB
[runlim] sample:		2369.69 time, 2370.02 real, 528 MB
[runlim] sample:		2379.69 time, 2380.02 real, 528 MB
[runlim] sample:		2389.69 time, 2390.02 real, 528 MB
[runlim] sample:		2399.69 time, 2400.02 real, 528 MB
[runlim] sample:		2409.69 time, 2410.02 real, 528 MB
[runlim] sample:		2419.69 time, 2420.02 real, 528 MB
[runlim] sample:		2429.69 time, 2430.02 real, 528 MB
[runlim] sample:		2439.69 time, 2440.02 real, 528 MB
[runlim] sample:		2449.69 time, 2450.02 real, 528 MB
[runlim] sample:		2459.69 time, 2460.02 real, 528 MB
[runlim] sample:		2469.69 time, 2470.02 real, 528 MB
[runlim] sample:		2479.69 time, 2480.02 real, 528 MB
[runlim] sample:		2489.69 time, 2490.02 real, 528 MB
[runlim] sample:		2499.69 time, 2500.02 real, 528 MB
[runlim] sample:		2509.69 time, 2510.02 real, 528 MB
[runlim] sample:		2519.69 time, 2520.02 real, 528 MB
[runlim] sample:		2529.69 time, 2530.02 real, 528 MB
[runlim] sample:		2539.69 time, 2540.02 real, 528 MB
[runlim] sample:		2549.69 time, 2550.02 real, 528 MB
[runlim] sample:		2559.69 time, 2560.02 real, 528 MB
[runlim] sample:		2569.69 time, 2570.02 real, 528 MB
[runlim] sample:		2579.69 time, 2580.02 real, 528 MB
[runlim] sample:		2589.69 time, 2590.02 real, 528 MB
[runlim] sample:		2599.69 time, 2600.02 real, 528 MB
[runlim] sample:		2609.69 time, 2610.02 real, 528 MB
[runlim] sample:		2619.69 time, 2620.02 real, 528 MB
[runlim] sample:		2629.69 time, 2630.02 real, 528 MB
[runlim] sample:		2639.69 time, 2640.02 real, 528 MB
[runlim] sample:		2649.69 time, 2650.02 real, 528 MB
[runlim] sample:		2659.69 time, 2660.02 real, 528 MB
[runlim] sample:		2669.69 time, 2670.02 real, 528 MB
[runlim] sample:		2679.69 time, 2680.02 real, 528 MB
[runlim] sample:		2689.69 time, 2690.02 real, 528 MB
[runlim] sample:		2699.69 time, 2700.02 real, 528 MB
[runlim] end:			Thu Feb 27 09:50:22 2020
[runlim] status:		out of time
[runlim] result:		2
[runlim] children:		1
[runlim] real:			2700.11 seconds
[runlim] time:			2699.69 seconds
[runlim] space:			528 MB
[runlim] samples:		27000
