[runlim] version:		1.18
[runlim] host:			c3n30
[runlim] time limit:		2700 seconds
[runlim] real time limit:	2700 seconds
[runlim] space limit:		7000 MB
[runlim] argv[0]:		./binary
[runlim] argv[1]:		/data/cnf/ankit/RSet1/PhaseService.dqbf
[runlim] start:			Thu Feb 27 09:05:22 2020
[runlim] child:			848
[runlim] sample:		9.73 time, 10.02 real, 91 MB
[runlim] sample:		19.73 time, 20.02 real, 129 MB
[runlim] sample:		29.72 time, 30.02 real, 159 MB
[runlim] sample:		39.72 time, 40.02 real, 206 MB
[runlim] sample:		49.73 time, 50.02 real, 266 MB
[runlim] sample:		59.73 time, 60.02 real, 284 MB
[runlim] sample:		69.72 time, 70.02 real, 313 MB
[runlim] sample:		79.72 time, 80.02 real, 325 MB
[runlim] sample:		89.72 time, 90.02 real, 332 MB
[runlim] sample:		99.73 time, 100.02 real, 374 MB
[runlim] sample:		109.72 time, 110.02 real, 389 MB
[runlim] sample:		119.73 time, 120.02 real, 397 MB
[runlim] sample:		129.72 time, 130.02 real, 402 MB
[runlim] sample:		139.73 time, 140.02 real, 408 MB
[runlim] sample:		149.72 time, 150.02 real, 412 MB
[runlim] sample:		159.72 time, 160.02 real, 417 MB
[runlim] sample:		169.72 time, 170.02 real, 421 MB
[runlim] sample:		179.72 time, 180.02 real, 424 MB
[runlim] sample:		189.72 time, 190.02 real, 427 MB
[runlim] sample:		199.72 time, 200.02 real, 430 MB
[runlim] sample:		209.72 time, 210.02 real, 438 MB
[runlim] sample:		219.72 time, 220.02 real, 438 MB
[runlim] sample:		229.72 time, 230.02 real, 440 MB
[runlim] sample:		239.72 time, 240.02 real, 442 MB
[runlim] sample:		249.72 time, 250.02 real, 444 MB
[runlim] sample:		259.72 time, 260.02 real, 446 MB
[runlim] sample:		269.72 time, 270.02 real, 448 MB
[runlim] sample:		279.72 time, 280.02 real, 449 MB
[runlim] sample:		289.72 time, 290.02 real, 451 MB
[runlim] sample:		299.72 time, 300.02 real, 452 MB
[runlim] sample:		309.72 time, 310.02 real, 454 MB
[runlim] sample:		319.71 time, 320.02 real, 455 MB
[runlim] sample:		329.72 time, 330.02 real, 457 MB
[runlim] sample:		339.71 time, 340.02 real, 460 MB
[runlim] sample:		349.72 time, 350.02 real, 461 MB
[runlim] sample:		359.72 time, 360.02 real, 462 MB
[runlim] sample:		369.72 time, 370.02 real, 464 MB
[runlim] sample:		379.72 time, 380.02 real, 465 MB
[runlim] sample:		389.71 time, 390.02 real, 477 MB
[runlim] sample:		399.71 time, 400.02 real, 477 MB
[runlim] sample:		409.71 time, 410.02 real, 477 MB
[runlim] sample:		419.71 time, 420.02 real, 477 MB
[runlim] sample:		429.71 time, 430.02 real, 477 MB
[runlim] sample:		439.71 time, 440.02 real, 477 MB
[runlim] sample:		449.71 time, 450.02 real, 477 MB
[runlim] sample:		459.71 time, 460.02 real, 477 MB
[runlim] sample:		469.71 time, 470.02 real, 477 MB
[runlim] sample:		479.71 time, 480.02 real, 477 MB
[runlim] sample:		489.71 time, 490.02 real, 477 MB
[runlim] sample:		499.71 time, 500.02 real, 477 MB
[runlim] sample:		509.71 time, 510.02 real, 477 MB
[runlim] sample:		519.71 time, 520.02 real, 477 MB
[runlim] sample:		529.71 time, 530.02 real, 477 MB
[runlim] sample:		539.71 time, 540.02 real, 477 MB
[runlim] sample:		549.71 time, 550.02 real, 477 MB
[runlim] sample:		559.71 time, 560.02 real, 477 MB
[runlim] sample:		569.71 time, 570.02 real, 477 MB
[runlim] sample:		579.71 time, 580.02 real, 477 MB
[runlim] sample:		589.71 time, 590.02 real, 477 MB
[runlim] sample:		599.71 time, 600.02 real, 477 MB
[runlim] sample:		609.71 time, 610.02 real, 477 MB
[runlim] sample:		619.71 time, 620.02 real, 477 MB
[runlim] sample:		629.71 time, 630.02 real, 477 MB
[runlim] sample:		639.71 time, 640.02 real, 477 MB
[runlim] sample:		649.71 time, 650.02 real, 477 MB
[runlim] sample:		659.71 time, 660.02 real, 477 MB
[runlim] sample:		669.71 time, 670.02 real, 477 MB
[runlim] sample:		679.71 time, 680.02 real, 477 MB
[runlim] sample:		689.71 time, 690.02 real, 477 MB
[runlim] sample:		699.71 time, 700.02 real, 477 MB
[runlim] sample:		709.71 time, 710.02 real, 477 MB
[runlim] sample:		719.71 time, 720.02 real, 477 MB
[runlim] sample:		729.71 time, 730.02 real, 477 MB
[runlim] sample:		739.71 time, 740.02 real, 477 MB
[runlim] sample:		749.71 time, 750.02 real, 527 MB
[runlim] sample:		759.71 time, 760.02 real, 527 MB
[runlim] sample:		769.71 time, 770.02 real, 527 MB
[runlim] sample:		779.71 time, 780.02 real, 527 MB
[runlim] sample:		789.71 time, 790.02 real, 527 MB
[runlim] sample:		799.71 time, 800.02 real, 527 MB
[runlim] sample:		809.71 time, 810.02 real, 527 MB
[runlim] sample:		819.71 time, 820.02 real, 527 MB
[runlim] sample:		829.71 time, 830.02 real, 527 MB
[runlim] sample:		839.71 time, 840.02 real, 527 MB
[runlim] sample:		849.71 time, 850.02 real, 527 MB
[runlim] sample:		859.71 time, 860.02 real, 527 MB
[runlim] sample:		869.71 time, 870.02 real, 527 MB
[runlim] sample:		879.71 time, 880.02 real, 527 MB
[runlim] sample:		889.71 time, 890.02 real, 527 MB
[runlim] sample:		899.71 time, 900.02 real, 527 MB
[runlim] sample:		909.71 time, 910.02 real, 528 MB
[runlim] sample:		919.71 time, 920.02 real, 530 MB
[runlim] sample:		929.71 time, 930.02 real, 531 MB
[runlim] sample:		939.71 time, 940.02 real, 533 MB
[runlim] sample:		949.71 time, 950.02 real, 535 MB
[runlim] sample:		959.72 time, 960.02 real, 536 MB
[runlim] sample:		969.71 time, 970.02 real, 607 MB
[runlim] sample:		979.71 time, 980.02 real, 618 MB
[runlim] sample:		989.71 time, 990.02 real, 618 MB
[runlim] sample:		999.71 time, 1000.02 real, 622 MB
[runlim] sample:		1009.71 time, 1010.02 real, 629 MB
[runlim] sample:		1019.71 time, 1020.02 real, 636 MB
[runlim] sample:		1029.71 time, 1030.02 real, 641 MB
[runlim] sample:		1039.71 time, 1040.02 real, 646 MB
[runlim] sample:		1049.71 time, 1050.02 real, 649 MB
[runlim] sample:		1059.71 time, 1060.02 real, 653 MB
[runlim] sample:		1069.71 time, 1070.02 real, 657 MB
[runlim] sample:		1079.71 time, 1080.02 real, 661 MB
[runlim] sample:		1089.71 time, 1090.02 real, 664 MB
[runlim] sample:		1099.71 time, 1100.02 real, 668 MB
[runlim] sample:		1109.71 time, 1110.02 real, 672 MB
[runlim] sample:		1119.71 time, 1120.02 real, 676 MB
[runlim] sample:		1129.71 time, 1130.02 real, 679 MB
[runlim] sample:		1139.71 time, 1140.02 real, 784 MB
[runlim] sample:		1149.71 time, 1150.02 real, 784 MB
[runlim] sample:		1159.71 time, 1160.02 real, 784 MB
[runlim] sample:		1169.71 time, 1170.02 real, 784 MB
[runlim] sample:		1179.71 time, 1180.02 real, 784 MB
[runlim] sample:		1189.71 time, 1190.02 real, 784 MB
[runlim] sample:		1199.71 time, 1200.02 real, 784 MB
[runlim] sample:		1209.71 time, 1210.02 real, 784 MB
[runlim] sample:		1219.71 time, 1220.02 real, 784 MB
[runlim] sample:		1229.71 time, 1230.02 real, 784 MB
[runlim] sample:		1239.71 time, 1240.02 real, 784 MB
[runlim] sample:		1249.71 time, 1250.02 real, 784 MB
[runlim] sample:		1259.71 time, 1260.02 real, 784 MB
[runlim] sample:		1269.71 time, 1270.02 real, 784 MB
[runlim] sample:		1279.71 time, 1280.02 real, 784 MB
[runlim] sample:		1289.71 time, 1290.02 real, 784 MB
[runlim] sample:		1299.71 time, 1300.02 real, 784 MB
[runlim] sample:		1309.71 time, 1310.02 real, 785 MB
[runlim] sample:		1319.71 time, 1320.02 real, 789 MB
[runlim] sample:		1329.71 time, 1330.02 real, 791 MB
[runlim] sample:		1339.70 time, 1340.02 real, 794 MB
[runlim] sample:		1349.71 time, 1350.02 real, 796 MB
[runlim] sample:		1359.71 time, 1360.02 real, 799 MB
[runlim] sample:		1369.71 time, 1370.02 real, 801 MB
[runlim] sample:		1379.71 time, 1380.02 real, 803 MB
[runlim] sample:		1389.70 time, 1390.02 real, 805 MB
[runlim] sample:		1399.71 time, 1400.02 real, 807 MB
[runlim] sample:		1409.71 time, 1410.02 real, 809 MB
[runlim] sample:		1419.71 time, 1420.02 real, 810 MB
[runlim] sample:		1429.71 time, 1430.02 real, 814 MB
[runlim] sample:		1439.71 time, 1440.02 real, 816 MB
[runlim] sample:		1449.71 time, 1450.02 real, 818 MB
[runlim] sample:		1459.71 time, 1460.02 real, 819 MB
[runlim] sample:		1469.71 time, 1470.02 real, 821 MB
[runlim] sample:		1479.71 time, 1480.02 real, 823 MB
[runlim] sample:		1489.71 time, 1490.02 real, 825 MB
[runlim] sample:		1499.71 time, 1500.02 real, 826 MB
[runlim] sample:		1509.71 time, 1510.02 real, 828 MB
[runlim] sample:		1519.70 time, 1520.02 real, 830 MB
[runlim] sample:		1529.71 time, 1530.02 real, 831 MB
[runlim] sample:		1539.71 time, 1540.02 real, 833 MB
[runlim] sample:		1549.70 time, 1550.02 real, 835 MB
[runlim] sample:		1559.70 time, 1560.02 real, 837 MB
[runlim] sample:		1569.71 time, 1570.02 real, 838 MB
[runlim] sample:		1579.70 time, 1580.02 real, 840 MB
[runlim] sample:		1589.70 time, 1590.02 real, 852 MB
[runlim] sample:		1599.70 time, 1600.02 real, 852 MB
[runlim] sample:		1609.70 time, 1610.02 real, 852 MB
[runlim] sample:		1619.70 time, 1620.02 real, 852 MB
[runlim] sample:		1629.70 time, 1630.02 real, 853 MB
[runlim] sample:		1639.70 time, 1640.02 real, 854 MB
[runlim] sample:		1649.70 time, 1650.02 real, 856 MB
[runlim] sample:		1659.70 time, 1660.02 real, 857 MB
[runlim] sample:		1669.71 time, 1670.02 real, 858 MB
[runlim] sample:		1679.71 time, 1680.02 real, 859 MB
[runlim] sample:		1689.70 time, 1690.02 real, 860 MB
[runlim] sample:		1699.70 time, 1700.02 real, 862 MB
[runlim] sample:		1709.70 time, 1710.02 real, 864 MB
[runlim] sample:		1719.70 time, 1720.02 real, 865 MB
[runlim] sample:		1729.70 time, 1730.02 real, 866 MB
[runlim] sample:		1739.70 time, 1740.02 real, 867 MB
[runlim] sample:		1749.70 time, 1750.02 real, 868 MB
[runlim] sample:		1759.70 time, 1760.02 real, 869 MB
[runlim] sample:		1769.70 time, 1770.02 real, 870 MB
[runlim] sample:		1779.70 time, 1780.02 real, 872 MB
[runlim] sample:		1789.70 time, 1790.02 real, 873 MB
[runlim] sample:		1799.69 time, 1800.02 real, 874 MB
[runlim] sample:		1809.69 time, 1810.02 real, 875 MB
[runlim] sample:		1819.70 time, 1820.02 real, 877 MB
[runlim] sample:		1829.69 time, 1830.02 real, 878 MB
[runlim] sample:		1839.69 time, 1840.02 real, 879 MB
[runlim] sample:		1849.69 time, 1850.02 real, 880 MB
[runlim] sample:		1859.69 time, 1860.02 real, 881 MB
[runlim] sample:		1869.69 time, 1870.02 real, 882 MB
[runlim] sample:		1879.69 time, 1880.02 real, 884 MB
[runlim] sample:		1889.69 time, 1890.02 real, 885 MB
[runlim] sample:		1899.69 time, 1900.02 real, 886 MB
[runlim] sample:		1909.68 time, 1910.02 real, 887 MB
[runlim] sample:		1919.69 time, 1920.02 real, 888 MB
[runlim] sample:		1929.69 time, 1930.02 real, 889 MB
[runlim] sample:		1939.68 time, 1940.02 real, 891 MB
[runlim] sample:		1949.68 time, 1950.02 real, 892 MB
[runlim] sample:		1959.68 time, 1960.02 real, 893 MB
[runlim] sample:		1969.68 time, 1970.02 real, 894 MB
[runlim] sample:		1979.68 time, 1980.02 real, 895 MB
[runlim] sample:		1989.68 time, 1990.02 real, 1049 MB
[runlim] sample:		1999.68 time, 2000.02 real, 1049 MB
[runlim] sample:		2009.67 time, 2010.02 real, 1049 MB
[runlim] sample:		2019.67 time, 2020.02 real, 1049 MB
[runlim] sample:		2029.67 time, 2030.02 real, 1049 MB
[runlim] sample:		2039.67 time, 2040.02 real, 1049 MB
[runlim] sample:		2049.67 time, 2050.02 real, 1049 MB
[runlim] sample:		2059.67 time, 2060.02 real, 1049 MB
[runlim] sample:		2069.67 time, 2070.02 real, 1049 MB
[runlim] sample:		2079.67 time, 2080.02 real, 1049 MB
[runlim] sample:		2089.67 time, 2090.02 real, 1049 MB
[runlim] sample:		2099.67 time, 2100.02 real, 1049 MB
[runlim] sample:		2109.67 time, 2110.02 real, 1049 MB
[runlim] sample:		2119.66 time, 2120.02 real, 1052 MB
[runlim] sample:		2129.67 time, 2130.02 real, 1056 MB
[runlim] sample:		2139.67 time, 2140.02 real, 1059 MB
[runlim] sample:		2149.66 time, 2150.02 real, 1062 MB
[runlim] sample:		2159.66 time, 2160.02 real, 1065 MB
[runlim] sample:		2169.67 time, 2170.02 real, 1068 MB
[runlim] sample:		2179.66 time, 2180.02 real, 1071 MB
[runlim] sample:		2189.67 time, 2190.02 real, 1073 MB
[runlim] sample:		2199.66 time, 2200.02 real, 1076 MB
[runlim] sample:		2209.66 time, 2210.02 real, 1078 MB
[runlim] sample:		2219.66 time, 2220.02 real, 1081 MB
[runlim] sample:		2229.65 time, 2230.02 real, 1083 MB
[runlim] sample:		2239.66 time, 2240.02 real, 1085 MB
[runlim] sample:		2249.65 time, 2250.02 real, 1088 MB
[runlim] sample:		2259.65 time, 2260.02 real, 1091 MB
[runlim] sample:		2269.66 time, 2270.02 real, 1093 MB
[runlim] sample:		2279.66 time, 2280.02 real, 1096 MB
[runlim] sample:		2289.65 time, 2290.02 real, 1097 MB
[runlim] sample:		2299.65 time, 2300.02 real, 1099 MB
[runlim] sample:		2309.65 time, 2310.02 real, 1101 MB
[runlim] sample:		2319.65 time, 2320.02 real, 1104 MB
[runlim] sample:		2329.65 time, 2330.02 real, 1106 MB
[runlim] sample:		2339.65 time, 2340.02 real, 1107 MB
[runlim] sample:		2349.65 time, 2350.02 real, 1109 MB
[runlim] sample:		2359.64 time, 2360.02 real, 1111 MB
[runlim] sample:		2369.65 time, 2370.02 real, 1113 MB
[runlim] sample:		2379.64 time, 2380.02 real, 1115 MB
[runlim] sample:		2389.64 time, 2390.02 real, 1117 MB
[runlim] sample:		2399.64 time, 2400.02 real, 1118 MB
[runlim] sample:		2409.64 time, 2410.02 real, 1120 MB
[runlim] sample:		2419.64 time, 2420.02 real, 1122 MB
[runlim] sample:		2429.64 time, 2430.02 real, 1123 MB
[runlim] sample:		2439.64 time, 2440.02 real, 1125 MB
[runlim] sample:		2449.64 time, 2450.02 real, 1126 MB
[runlim] sample:		2459.63 time, 2460.02 real, 1129 MB
[runlim] sample:		2469.64 time, 2470.02 real, 1131 MB
[runlim] sample:		2479.64 time, 2480.02 real, 1133 MB
[runlim] sample:		2489.64 time, 2490.02 real, 1135 MB
[runlim] sample:		2499.64 time, 2500.02 real, 1136 MB
[runlim] sample:		2509.63 time, 2510.02 real, 1138 MB
[runlim] sample:		2519.64 time, 2520.02 real, 1140 MB
[runlim] sample:		2529.63 time, 2530.02 real, 1141 MB
[runlim] sample:		2539.63 time, 2540.02 real, 1143 MB
[runlim] sample:		2549.63 time, 2550.02 real, 1145 MB
[runlim] sample:		2559.63 time, 2560.02 real, 1146 MB
[runlim] sample:		2569.63 time, 2570.02 real, 1148 MB
[runlim] sample:		2579.62 time, 2580.02 real, 1149 MB
[runlim] sample:		2589.62 time, 2590.02 real, 1151 MB
[runlim] sample:		2599.62 time, 2600.02 real, 1153 MB
[runlim] sample:		2609.62 time, 2610.02 real, 1154 MB
[runlim] sample:		2619.62 time, 2620.02 real, 1156 MB
[runlim] sample:		2629.62 time, 2630.02 real, 1158 MB
[runlim] sample:		2639.62 time, 2640.02 real, 1160 MB
[runlim] sample:		2649.62 time, 2650.02 real, 1161 MB
[runlim] sample:		2659.62 time, 2660.02 real, 1163 MB
[runlim] sample:		2669.62 time, 2670.02 real, 1165 MB
[runlim] sample:		2679.62 time, 2680.02 real, 1166 MB
[runlim] sample:		2689.61 time, 2690.02 real, 1168 MB
[runlim] sample:		2699.62 time, 2700.02 real, 1169 MB
[runlim] end:			Thu Feb 27 09:50:22 2020
[runlim] status:		out of time
[runlim] result:		2
[runlim] children:		1
[runlim] real:			2700.11 seconds
[runlim] time:			2699.62 seconds
[runlim] space:			1169 MB
[runlim] samples:		27000
