[runlim] version:		1.18
[runlim] host:			c3n30
[runlim] time limit:		2700 seconds
[runlim] real time limit:	2700 seconds
[runlim] space limit:		7000 MB
[runlim] argv[0]:		./binary
[runlim] argv[1]:		/data/cnf/ankit/RSet1/s1196_1_5.dqbf
[runlim] start:			Thu Feb 27 09:05:22 2020
[runlim] child:			884
[runlim] sample:		9.75 time, 10.02 real, 94 MB
[runlim] sample:		19.75 time, 20.02 real, 94 MB
[runlim] sample:		29.75 time, 30.02 real, 115 MB
[runlim] sample:		39.75 time, 40.02 real, 116 MB
[runlim] sample:		49.75 time, 50.02 real, 123 MB
[runlim] sample:		59.75 time, 60.02 real, 123 MB
[runlim] sample:		69.75 time, 70.02 real, 123 MB
[runlim] sample:		79.75 time, 80.02 real, 123 MB
[runlim] sample:		89.75 time, 90.02 real, 129 MB
[runlim] sample:		99.75 time, 100.02 real, 130 MB
[runlim] sample:		109.75 time, 110.02 real, 130 MB
[runlim] sample:		119.75 time, 120.02 real, 133 MB
[runlim] sample:		129.75 time, 130.02 real, 133 MB
[runlim] sample:		139.75 time, 140.02 real, 134 MB
[runlim] sample:		149.75 time, 150.02 real, 139 MB
[runlim] sample:		159.75 time, 160.02 real, 139 MB
[runlim] sample:		169.75 time, 170.02 real, 158 MB
[runlim] sample:		179.74 time, 180.02 real, 158 MB
[runlim] sample:		189.74 time, 190.02 real, 159 MB
[runlim] sample:		199.74 time, 200.02 real, 159 MB
[runlim] sample:		209.75 time, 210.02 real, 159 MB
[runlim] sample:		219.75 time, 220.02 real, 159 MB
[runlim] sample:		229.75 time, 230.02 real, 159 MB
[runlim] sample:		239.75 time, 240.02 real, 159 MB
[runlim] sample:		249.75 time, 250.02 real, 186 MB
[runlim] sample:		259.74 time, 260.02 real, 192 MB
[runlim] sample:		269.74 time, 270.02 real, 192 MB
[runlim] sample:		279.75 time, 280.02 real, 195 MB
[runlim] sample:		289.75 time, 290.02 real, 201 MB
[runlim] sample:		299.75 time, 300.02 real, 207 MB
[runlim] sample:		309.75 time, 310.02 real, 209 MB
[runlim] sample:		319.75 time, 320.02 real, 212 MB
[runlim] sample:		329.74 time, 330.02 real, 214 MB
[runlim] sample:		339.75 time, 340.02 real, 216 MB
[runlim] sample:		349.75 time, 350.02 real, 218 MB
[runlim] sample:		359.75 time, 360.02 real, 220 MB
[runlim] sample:		369.74 time, 370.02 real, 222 MB
[runlim] sample:		379.75 time, 380.02 real, 223 MB
[runlim] sample:		389.74 time, 390.02 real, 225 MB
[runlim] sample:		399.74 time, 400.02 real, 226 MB
[runlim] sample:		409.74 time, 410.02 real, 228 MB
[runlim] sample:		419.75 time, 420.02 real, 230 MB
[runlim] sample:		429.74 time, 430.02 real, 233 MB
[runlim] sample:		439.75 time, 440.02 real, 234 MB
[runlim] sample:		449.75 time, 450.02 real, 236 MB
[runlim] sample:		459.74 time, 460.02 real, 237 MB
[runlim] sample:		469.74 time, 470.02 real, 239 MB
[runlim] sample:		479.74 time, 480.02 real, 239 MB
[runlim] sample:		489.74 time, 490.02 real, 239 MB
[runlim] sample:		499.74 time, 500.02 real, 239 MB
[runlim] sample:		509.74 time, 510.02 real, 239 MB
[runlim] sample:		519.75 time, 520.02 real, 240 MB
[runlim] sample:		529.75 time, 530.02 real, 241 MB
[runlim] sample:		539.74 time, 540.02 real, 243 MB
[runlim] sample:		549.74 time, 550.02 real, 244 MB
[runlim] sample:		559.74 time, 560.02 real, 245 MB
[runlim] sample:		569.74 time, 570.02 real, 246 MB
[runlim] sample:		579.74 time, 580.02 real, 247 MB
[runlim] sample:		589.75 time, 590.02 real, 248 MB
[runlim] sample:		599.74 time, 600.02 real, 249 MB
[runlim] sample:		609.74 time, 610.02 real, 250 MB
[runlim] sample:		619.74 time, 620.02 real, 252 MB
[runlim] sample:		629.74 time, 630.02 real, 253 MB
[runlim] sample:		639.74 time, 640.02 real, 254 MB
[runlim] sample:		649.74 time, 650.02 real, 255 MB
[runlim] sample:		659.74 time, 660.02 real, 256 MB
[runlim] sample:		669.74 time, 670.02 real, 257 MB
[runlim] sample:		679.74 time, 680.02 real, 258 MB
[runlim] sample:		689.74 time, 690.02 real, 259 MB
[runlim] sample:		699.74 time, 700.02 real, 260 MB
[runlim] sample:		709.74 time, 710.02 real, 261 MB
[runlim] sample:		719.74 time, 720.02 real, 262 MB
[runlim] sample:		729.74 time, 730.02 real, 263 MB
[runlim] sample:		739.73 time, 740.02 real, 264 MB
[runlim] sample:		749.74 time, 750.02 real, 265 MB
[runlim] sample:		759.74 time, 760.02 real, 266 MB
[runlim] sample:		769.74 time, 770.02 real, 267 MB
[runlim] sample:		779.74 time, 780.02 real, 268 MB
[runlim] sample:		789.74 time, 790.02 real, 269 MB
[runlim] sample:		799.74 time, 800.02 real, 271 MB
[runlim] sample:		809.74 time, 810.02 real, 272 MB
[runlim] sample:		819.74 time, 820.02 real, 272 MB
[runlim] sample:		829.74 time, 830.02 real, 273 MB
[runlim] sample:		839.73 time, 840.02 real, 274 MB
[runlim] sample:		849.73 time, 850.02 real, 275 MB
[runlim] sample:		859.73 time, 860.02 real, 276 MB
[runlim] sample:		869.73 time, 870.02 real, 277 MB
[runlim] sample:		879.73 time, 880.02 real, 278 MB
[runlim] sample:		889.73 time, 890.02 real, 279 MB
[runlim] sample:		899.74 time, 900.02 real, 280 MB
[runlim] sample:		909.74 time, 910.02 real, 280 MB
[runlim] sample:		919.74 time, 920.02 real, 281 MB
[runlim] sample:		929.74 time, 930.02 real, 282 MB
[runlim] sample:		939.74 time, 940.02 real, 283 MB
[runlim] sample:		949.74 time, 950.02 real, 284 MB
[runlim] sample:		959.73 time, 960.02 real, 285 MB
[runlim] sample:		969.73 time, 970.02 real, 286 MB
[runlim] sample:		979.73 time, 980.02 real, 286 MB
[runlim] sample:		989.73 time, 990.02 real, 287 MB
[runlim] sample:		999.73 time, 1000.02 real, 288 MB
[runlim] sample:		1009.74 time, 1010.02 real, 289 MB
[runlim] sample:		1019.73 time, 1020.02 real, 289 MB
[runlim] sample:		1029.73 time, 1030.02 real, 290 MB
[runlim] sample:		1039.73 time, 1040.02 real, 291 MB
[runlim] sample:		1049.73 time, 1050.02 real, 292 MB
[runlim] sample:		1059.73 time, 1060.02 real, 292 MB
[runlim] sample:		1069.73 time, 1070.02 real, 293 MB
[runlim] sample:		1079.73 time, 1080.02 real, 294 MB
[runlim] sample:		1089.73 time, 1090.02 real, 295 MB
[runlim] sample:		1099.74 time, 1100.02 real, 295 MB
[runlim] sample:		1109.73 time, 1110.02 real, 296 MB
[runlim] sample:		1119.73 time, 1120.02 real, 297 MB
[runlim] sample:		1129.73 time, 1130.02 real, 298 MB
[runlim] sample:		1139.73 time, 1140.02 real, 298 MB
[runlim] sample:		1149.73 time, 1150.02 real, 299 MB
[runlim] sample:		1159.73 time, 1160.02 real, 300 MB
[runlim] sample:		1169.73 time, 1170.02 real, 301 MB
[runlim] sample:		1179.73 time, 1180.02 real, 301 MB
[runlim] sample:		1189.73 time, 1190.02 real, 308 MB
[runlim] sample:		1199.73 time, 1200.02 real, 308 MB
[runlim] sample:		1209.73 time, 1210.02 real, 308 MB
[runlim] sample:		1219.73 time, 1220.02 real, 308 MB
[runlim] sample:		1229.73 time, 1230.02 real, 308 MB
[runlim] sample:		1239.73 time, 1240.01 real, 308 MB
[runlim] sample:		1249.73 time, 1250.02 real, 308 MB
[runlim] sample:		1259.73 time, 1260.01 real, 309 MB
[runlim] sample:		1269.73 time, 1270.02 real, 309 MB
[runlim] sample:		1279.73 time, 1280.02 real, 387 MB
[runlim] sample:		1289.73 time, 1290.02 real, 388 MB
[runlim] sample:		1299.73 time, 1300.02 real, 388 MB
[runlim] sample:		1309.73 time, 1310.02 real, 388 MB
[runlim] sample:		1319.73 time, 1320.02 real, 388 MB
[runlim] sample:		1329.73 time, 1330.02 real, 388 MB
[runlim] sample:		1339.73 time, 1340.02 real, 388 MB
[runlim] sample:		1349.73 time, 1350.02 real, 388 MB
[runlim] sample:		1359.73 time, 1360.02 real, 388 MB
[runlim] sample:		1369.73 time, 1370.02 real, 388 MB
[runlim] sample:		1379.73 time, 1380.02 real, 388 MB
[runlim] sample:		1389.73 time, 1390.02 real, 388 MB
[runlim] sample:		1399.73 time, 1400.02 real, 388 MB
[runlim] sample:		1409.73 time, 1410.02 real, 388 MB
[runlim] sample:		1419.73 time, 1420.02 real, 388 MB
[runlim] sample:		1429.73 time, 1430.02 real, 388 MB
[runlim] sample:		1439.73 time, 1440.02 real, 388 MB
[runlim] sample:		1449.73 time, 1450.02 real, 388 MB
[runlim] sample:		1459.73 time, 1460.02 real, 388 MB
[runlim] sample:		1469.73 time, 1470.02 real, 388 MB
[runlim] sample:		1479.73 time, 1480.02 real, 388 MB
[runlim] sample:		1489.73 time, 1490.02 real, 388 MB
[runlim] sample:		1499.73 time, 1500.02 real, 388 MB
[runlim] sample:		1509.73 time, 1510.02 real, 388 MB
[runlim] sample:		1519.73 time, 1520.02 real, 388 MB
[runlim] sample:		1529.73 time, 1530.02 real, 388 MB
[runlim] sample:		1539.73 time, 1540.02 real, 388 MB
[runlim] sample:		1549.73 time, 1550.02 real, 388 MB
[runlim] sample:		1559.73 time, 1560.02 real, 388 MB
[runlim] sample:		1569.73 time, 1570.02 real, 388 MB
[runlim] sample:		1579.73 time, 1580.02 real, 388 MB
[runlim] sample:		1589.73 time, 1590.02 real, 388 MB
[runlim] sample:		1599.73 time, 1600.02 real, 388 MB
[runlim] sample:		1609.73 time, 1610.02 real, 388 MB
[runlim] sample:		1619.73 time, 1620.02 real, 388 MB
[runlim] sample:		1629.73 time, 1630.02 real, 388 MB
[runlim] sample:		1639.73 time, 1640.02 real, 388 MB
[runlim] sample:		1649.73 time, 1650.02 real, 388 MB
[runlim] sample:		1659.73 time, 1660.02 real, 388 MB
[runlim] sample:		1669.73 time, 1670.02 real, 388 MB
[runlim] sample:		1679.73 time, 1680.02 real, 388 MB
[runlim] sample:		1689.73 time, 1690.02 real, 388 MB
[runlim] sample:		1699.73 time, 1700.02 real, 388 MB
[runlim] sample:		1709.73 time, 1710.02 real, 388 MB
[runlim] sample:		1719.73 time, 1720.02 real, 388 MB
[runlim] sample:		1729.73 time, 1730.02 real, 388 MB
[runlim] sample:		1739.73 time, 1740.02 real, 388 MB
[runlim] sample:		1749.73 time, 1750.02 real, 388 MB
[runlim] sample:		1759.73 time, 1760.02 real, 388 MB
[runlim] sample:		1769.73 time, 1770.02 real, 388 MB
[runlim] sample:		1779.73 time, 1780.02 real, 388 MB
[runlim] sample:		1789.73 time, 1790.02 real, 388 MB
[runlim] sample:		1799.73 time, 1800.02 real, 388 MB
[runlim] sample:		1809.73 time, 1810.02 real, 388 MB
[runlim] sample:		1819.73 time, 1820.02 real, 388 MB
[runlim] sample:		1829.73 time, 1830.01 real, 388 MB
[runlim] sample:		1839.73 time, 1840.02 real, 388 MB
[runlim] sample:		1849.73 time, 1850.02 real, 388 MB
[runlim] sample:		1859.73 time, 1860.02 real, 388 MB
[runlim] sample:		1869.73 time, 1870.02 real, 388 MB
[runlim] sample:		1879.73 time, 1880.02 real, 388 MB
[runlim] sample:		1889.73 time, 1890.02 real, 388 MB
[runlim] sample:		1899.73 time, 1900.02 real, 388 MB
[runlim] sample:		1909.73 time, 1910.02 real, 388 MB
[runlim] sample:		1919.73 time, 1920.02 real, 388 MB
[runlim] sample:		1929.73 time, 1930.02 real, 388 MB
[runlim] sample:		1939.73 time, 1940.02 real, 388 MB
[runlim] sample:		1949.73 time, 1950.02 real, 388 MB
[runlim] sample:		1959.73 time, 1960.02 real, 389 MB
[runlim] sample:		1969.73 time, 1970.02 real, 389 MB
[runlim] sample:		1979.73 time, 1980.02 real, 389 MB
[runlim] sample:		1989.72 time, 1990.02 real, 390 MB
[runlim] sample:		1999.72 time, 2000.02 real, 391 MB
[runlim] sample:		2009.72 time, 2010.02 real, 392 MB
[runlim] sample:		2019.72 time, 2020.02 real, 392 MB
[runlim] sample:		2029.73 time, 2030.02 real, 393 MB
[runlim] sample:		2039.72 time, 2040.02 real, 394 MB
[runlim] sample:		2049.73 time, 2050.02 real, 395 MB
[runlim] sample:		2059.72 time, 2060.02 real, 395 MB
[runlim] sample:		2069.72 time, 2070.02 real, 396 MB
[runlim] sample:		2079.72 time, 2080.02 real, 397 MB
[runlim] sample:		2089.72 time, 2090.02 real, 398 MB
[runlim] sample:		2099.72 time, 2100.02 real, 399 MB
[runlim] sample:		2109.72 time, 2110.02 real, 400 MB
[runlim] sample:		2119.72 time, 2120.02 real, 400 MB
[runlim] sample:		2129.72 time, 2130.02 real, 401 MB
[runlim] sample:		2139.73 time, 2140.02 real, 402 MB
[runlim] sample:		2149.73 time, 2150.02 real, 403 MB
[runlim] sample:		2159.73 time, 2160.02 real, 403 MB
[runlim] sample:		2169.72 time, 2170.02 real, 404 MB
[runlim] sample:		2179.72 time, 2180.02 real, 405 MB
[runlim] sample:		2189.72 time, 2190.02 real, 405 MB
[runlim] sample:		2199.72 time, 2200.02 real, 406 MB
[runlim] sample:		2209.72 time, 2210.02 real, 407 MB
[runlim] sample:		2219.72 time, 2220.02 real, 408 MB
[runlim] sample:		2229.72 time, 2230.02 real, 409 MB
[runlim] sample:		2239.72 time, 2240.02 real, 409 MB
[runlim] sample:		2249.72 time, 2250.02 real, 410 MB
[runlim] sample:		2259.72 time, 2260.02 real, 411 MB
[runlim] sample:		2269.72 time, 2270.02 real, 412 MB
[runlim] sample:		2279.72 time, 2280.02 real, 412 MB
[runlim] sample:		2289.72 time, 2290.02 real, 413 MB
[runlim] sample:		2299.72 time, 2300.02 real, 414 MB
[runlim] sample:		2309.72 time, 2310.02 real, 414 MB
[runlim] sample:		2319.72 time, 2320.02 real, 415 MB
[runlim] sample:		2329.71 time, 2330.02 real, 416 MB
[runlim] sample:		2339.71 time, 2340.02 real, 417 MB
[runlim] sample:		2349.71 time, 2350.02 real, 417 MB
[runlim] sample:		2359.71 time, 2360.02 real, 417 MB
[runlim] sample:		2369.71 time, 2370.02 real, 417 MB
[runlim] sample:		2379.71 time, 2380.02 real, 417 MB
[runlim] sample:		2389.71 time, 2390.02 real, 417 MB
[runlim] sample:		2399.71 time, 2400.02 real, 417 MB
[runlim] sample:		2409.71 time, 2410.02 real, 417 MB
[runlim] sample:		2419.71 time, 2420.02 real, 417 MB
[runlim] sample:		2429.71 time, 2430.02 real, 417 MB
[runlim] sample:		2439.71 time, 2440.02 real, 417 MB
[runlim] sample:		2449.71 time, 2450.02 real, 417 MB
[runlim] sample:		2459.71 time, 2460.02 real, 417 MB
[runlim] sample:		2469.71 time, 2470.02 real, 417 MB
[runlim] sample:		2479.71 time, 2480.02 real, 417 MB
[runlim] sample:		2489.72 time, 2490.02 real, 417 MB
[runlim] sample:		2499.72 time, 2500.02 real, 418 MB
[runlim] sample:		2509.71 time, 2510.02 real, 419 MB
[runlim] sample:		2519.71 time, 2520.02 real, 419 MB
[runlim] sample:		2529.71 time, 2530.02 real, 420 MB
[runlim] sample:		2539.71 time, 2540.02 real, 421 MB
[runlim] sample:		2549.71 time, 2550.02 real, 421 MB
[runlim] sample:		2559.71 time, 2560.02 real, 422 MB
[runlim] sample:		2569.71 time, 2570.02 real, 422 MB
[runlim] sample:		2579.71 time, 2580.02 real, 423 MB
[runlim] sample:		2589.71 time, 2590.02 real, 424 MB
[runlim] sample:		2599.71 time, 2600.02 real, 424 MB
[runlim] sample:		2609.71 time, 2610.02 real, 425 MB
[runlim] sample:		2619.71 time, 2620.02 real, 425 MB
[runlim] sample:		2629.71 time, 2630.02 real, 426 MB
[runlim] sample:		2639.71 time, 2640.02 real, 427 MB
[runlim] sample:		2649.71 time, 2650.02 real, 427 MB
[runlim] sample:		2659.71 time, 2660.02 real, 428 MB
[runlim] sample:		2669.71 time, 2670.02 real, 428 MB
[runlim] sample:		2679.71 time, 2680.02 real, 429 MB
[runlim] sample:		2689.71 time, 2690.02 real, 430 MB
[runlim] sample:		2699.71 time, 2700.02 real, 430 MB
[runlim] end:			Thu Feb 27 09:50:22 2020
[runlim] status:		out of time
[runlim] result:		2
[runlim] children:		1
[runlim] real:			2700.10 seconds
[runlim] time:			2699.71 seconds
[runlim] space:			430 MB
[runlim] samples:		27000
