[runlim] version:		1.18
[runlim] host:			c3n29
[runlim] time limit:		2700 seconds
[runlim] real time limit:	2700 seconds
[runlim] space limit:		7000 MB
[runlim] argv[0]:		./binary
[runlim] argv[1]:		/data/cnf/ankit/RSet1/toilet_c_08_01.13.dqbf
[runlim] start:			Thu Feb 27 09:05:22 2020
[runlim] child:			32267
[runlim] sample:		10.01 time, 10.01 real, 90 MB
[runlim] sample:		20.01 time, 20.02 real, 101 MB
[runlim] sample:		30.00 time, 30.01 real, 118 MB
[runlim] sample:		40.00 time, 40.02 real, 118 MB
[runlim] sample:		50.00 time, 50.02 real, 157 MB
[runlim] sample:		60.00 time, 60.02 real, 164 MB
[runlim] sample:		70.00 time, 70.02 real, 164 MB
[runlim] sample:		80.00 time, 80.02 real, 177 MB
[runlim] sample:		90.00 time, 90.02 real, 186 MB
[runlim] sample:		100.00 time, 100.02 real, 193 MB
[runlim] sample:		110.00 time, 110.02 real, 200 MB
[runlim] sample:		120.00 time, 120.02 real, 208 MB
[runlim] sample:		130.00 time, 130.02 real, 214 MB
[runlim] sample:		140.00 time, 140.02 real, 221 MB
[runlim] end:			Thu Feb 27 09:07:49 2020
[runlim] status:		ok
[runlim] result:		0
[runlim] children:		1
[runlim] real:			146.74 seconds
[runlim] time:			146.70 seconds
[runlim] space:			224 MB
[runlim] samples:		1467
