[runlim] version:		1.18
[runlim] host:			c3n26
[runlim] time limit:		2700 seconds
[runlim] real time limit:	2700 seconds
[runlim] space limit:		7000 MB
[runlim] argv[0]:		./binary
[runlim] argv[1]:		/data/cnf/ankit/RSet1/toilet_a_08_05.5.dqbf
[runlim] start:			Thu Feb 27 09:05:22 2020
[runlim] child:			4359
[runlim] sample:		10.00 time, 10.02 real, 63 MB
[runlim] sample:		20.00 time, 20.02 real, 67 MB
[runlim] sample:		30.00 time, 30.02 real, 74 MB
[runlim] sample:		40.00 time, 40.02 real, 117 MB
[runlim] sample:		50.00 time, 50.02 real, 117 MB
[runlim] sample:		60.00 time, 60.02 real, 119 MB
[runlim] sample:		70.00 time, 70.02 real, 119 MB
[runlim] sample:		80.00 time, 80.02 real, 151 MB
[runlim] sample:		90.00 time, 90.02 real, 171 MB
[runlim] sample:		100.00 time, 100.02 real, 171 MB
[runlim] sample:		109.99 time, 110.02 real, 180 MB
[runlim] sample:		119.99 time, 120.02 real, 228 MB
[runlim] sample:		129.99 time, 130.02 real, 186 MB
[runlim] sample:		139.99 time, 140.02 real, 186 MB
[runlim] end:			Thu Feb 27 09:07:44 2020
[runlim] status:		ok
[runlim] result:		0
[runlim] children:		1
[runlim] real:			141.80 seconds
[runlim] time:			141.69 seconds
[runlim] space:			268 MB
[runlim] samples:		1417
