[runlim] version:		1.18
[runlim] host:			c3n30
[runlim] time limit:		2700 seconds
[runlim] real time limit:	2700 seconds
[runlim] space limit:		7000 MB
[runlim] argv[0]:		./binary
[runlim] argv[1]:		/data/cnf/ankit/RSet1/toilet_a_10_01.18.dqbf
[runlim] start:			Thu Feb 27 09:05:22 2020
[runlim] child:			1030
[runlim] sample:		10.01 time, 10.02 real, 25 MB
[runlim] sample:		20.00 time, 20.02 real, 25 MB
[runlim] sample:		30.01 time, 30.02 real, 25 MB
[runlim] sample:		40.01 time, 40.02 real, 25 MB
[runlim] sample:		50.00 time, 50.02 real, 25 MB
[runlim] sample:		60.00 time, 60.02 real, 25 MB
[runlim] sample:		70.00 time, 70.02 real, 25 MB
[runlim] sample:		80.00 time, 80.02 real, 25 MB
[runlim] sample:		90.00 time, 90.02 real, 25 MB
[runlim] sample:		100.00 time, 100.02 real, 73 MB
[runlim] sample:		110.00 time, 110.02 real, 135 MB
[runlim] sample:		120.00 time, 120.02 real, 167 MB
[runlim] sample:		130.00 time, 130.02 real, 197 MB
[runlim] sample:		140.00 time, 140.02 real, 215 MB
[runlim] sample:		150.00 time, 150.02 real, 228 MB
[runlim] sample:		160.00 time, 160.02 real, 258 MB
[runlim] sample:		169.99 time, 170.02 real, 267 MB
[runlim] sample:		180.00 time, 180.02 real, 276 MB
[runlim] sample:		189.99 time, 190.02 real, 313 MB
[runlim] sample:		199.99 time, 200.02 real, 313 MB
[runlim] sample:		209.99 time, 210.02 real, 322 MB
[runlim] sample:		220.00 time, 220.02 real, 326 MB
[runlim] sample:		230.00 time, 230.02 real, 329 MB
[runlim] sample:		239.99 time, 240.02 real, 332 MB
[runlim] sample:		249.99 time, 250.02 real, 335 MB
[runlim] sample:		259.99 time, 260.02 real, 337 MB
[runlim] sample:		269.99 time, 270.02 real, 339 MB
[runlim] sample:		280.00 time, 280.02 real, 341 MB
[runlim] sample:		289.99 time, 290.02 real, 343 MB
[runlim] sample:		300.00 time, 300.02 real, 345 MB
[runlim] sample:		309.99 time, 310.02 real, 346 MB
[runlim] sample:		319.99 time, 320.02 real, 348 MB
[runlim] sample:		329.99 time, 330.02 real, 349 MB
[runlim] sample:		339.99 time, 340.02 real, 351 MB
[runlim] sample:		349.99 time, 350.02 real, 352 MB
[runlim] sample:		359.99 time, 360.02 real, 354 MB
[runlim] sample:		369.99 time, 370.02 real, 355 MB
[runlim] sample:		379.99 time, 380.02 real, 356 MB
[runlim] sample:		389.99 time, 390.02 real, 358 MB
[runlim] sample:		399.99 time, 400.02 real, 359 MB
[runlim] sample:		409.99 time, 410.02 real, 361 MB
[runlim] sample:		419.99 time, 420.02 real, 362 MB
[runlim] sample:		429.99 time, 430.02 real, 420 MB
[runlim] sample:		439.99 time, 440.02 real, 420 MB
[runlim] sample:		449.99 time, 450.02 real, 420 MB
[runlim] sample:		459.99 time, 460.02 real, 423 MB
[runlim] sample:		469.99 time, 470.02 real, 428 MB
[runlim] sample:		479.99 time, 480.02 real, 435 MB
[runlim] sample:		489.99 time, 490.02 real, 438 MB
[runlim] sample:		499.98 time, 500.02 real, 441 MB
[runlim] sample:		509.98 time, 510.02 real, 444 MB
[runlim] sample:		519.99 time, 520.02 real, 448 MB
[runlim] sample:		529.98 time, 530.02 real, 453 MB
[runlim] sample:		539.98 time, 540.02 real, 455 MB
[runlim] sample:		549.98 time, 550.02 real, 457 MB
[runlim] sample:		559.98 time, 560.02 real, 459 MB
[runlim] sample:		569.98 time, 570.02 real, 461 MB
[runlim] sample:		579.98 time, 580.02 real, 463 MB
[runlim] sample:		589.98 time, 590.02 real, 467 MB
[runlim] sample:		599.98 time, 600.02 real, 471 MB
[runlim] sample:		609.98 time, 610.02 real, 473 MB
[runlim] sample:		619.99 time, 620.02 real, 474 MB
[runlim] sample:		629.98 time, 630.02 real, 476 MB
[runlim] sample:		639.98 time, 640.02 real, 478 MB
[runlim] sample:		649.98 time, 650.02 real, 480 MB
[runlim] sample:		659.98 time, 660.02 real, 482 MB
[runlim] sample:		669.98 time, 670.02 real, 485 MB
[runlim] sample:		679.98 time, 680.02 real, 488 MB
[runlim] sample:		689.98 time, 690.02 real, 490 MB
[runlim] sample:		699.97 time, 700.02 real, 492 MB
[runlim] sample:		709.98 time, 710.02 real, 493 MB
[runlim] sample:		719.98 time, 720.02 real, 495 MB
[runlim] sample:		729.98 time, 730.02 real, 496 MB
[runlim] sample:		739.98 time, 740.02 real, 498 MB
[runlim] sample:		749.97 time, 750.02 real, 499 MB
[runlim] sample:		759.98 time, 760.02 real, 502 MB
[runlim] sample:		769.98 time, 770.02 real, 504 MB
[runlim] sample:		779.98 time, 780.02 real, 506 MB
[runlim] sample:		789.98 time, 790.02 real, 506 MB
[runlim] sample:		799.98 time, 800.02 real, 506 MB
[runlim] sample:		809.97 time, 810.02 real, 506 MB
[runlim] sample:		819.97 time, 820.02 real, 506 MB
[runlim] sample:		829.97 time, 830.02 real, 506 MB
[runlim] sample:		839.97 time, 840.02 real, 506 MB
[runlim] sample:		849.97 time, 850.02 real, 506 MB
[runlim] sample:		859.97 time, 860.02 real, 507 MB
[runlim] sample:		869.97 time, 870.02 real, 508 MB
[runlim] sample:		879.97 time, 880.02 real, 510 MB
[runlim] sample:		889.97 time, 890.02 real, 511 MB
[runlim] sample:		899.97 time, 900.02 real, 512 MB
[runlim] sample:		909.98 time, 910.02 real, 513 MB
[runlim] sample:		919.98 time, 920.02 real, 515 MB
[runlim] sample:		929.97 time, 930.02 real, 516 MB
[runlim] sample:		939.97 time, 940.02 real, 517 MB
[runlim] sample:		949.97 time, 950.02 real, 518 MB
[runlim] sample:		959.97 time, 960.02 real, 520 MB
[runlim] sample:		969.97 time, 970.02 real, 521 MB
[runlim] sample:		979.97 time, 980.02 real, 522 MB
[runlim] sample:		989.96 time, 990.02 real, 523 MB
[runlim] sample:		999.96 time, 1000.02 real, 524 MB
[runlim] sample:		1009.96 time, 1010.02 real, 525 MB
[runlim] sample:		1019.96 time, 1020.02 real, 526 MB
[runlim] sample:		1029.96 time, 1030.02 real, 527 MB
[runlim] sample:		1039.97 time, 1040.02 real, 528 MB
[runlim] sample:		1049.97 time, 1050.02 real, 529 MB
[runlim] sample:		1059.96 time, 1060.02 real, 530 MB
[runlim] sample:		1069.96 time, 1070.02 real, 532 MB
[runlim] sample:		1079.96 time, 1080.02 real, 533 MB
[runlim] sample:		1089.96 time, 1090.02 real, 534 MB
[runlim] sample:		1099.97 time, 1100.02 real, 535 MB
[runlim] sample:		1109.97 time, 1110.02 real, 536 MB
[runlim] sample:		1119.97 time, 1120.02 real, 536 MB
[runlim] sample:		1129.96 time, 1130.02 real, 537 MB
[runlim] sample:		1139.96 time, 1140.02 real, 538 MB
[runlim] sample:		1149.96 time, 1150.02 real, 539 MB
[runlim] sample:		1159.97 time, 1160.02 real, 540 MB
[runlim] sample:		1169.97 time, 1170.02 real, 541 MB
[runlim] sample:		1179.97 time, 1180.02 real, 542 MB
[runlim] sample:		1189.96 time, 1190.02 real, 543 MB
[runlim] sample:		1199.96 time, 1200.02 real, 544 MB
[runlim] sample:		1209.97 time, 1210.02 real, 545 MB
[runlim] sample:		1219.97 time, 1220.02 real, 546 MB
[runlim] sample:		1229.97 time, 1230.02 real, 546 MB
[runlim] sample:		1239.96 time, 1240.02 real, 547 MB
[runlim] sample:		1249.96 time, 1250.02 real, 548 MB
[runlim] sample:		1259.96 time, 1260.02 real, 549 MB
[runlim] sample:		1269.96 time, 1270.02 real, 550 MB
[runlim] sample:		1279.96 time, 1280.02 real, 551 MB
[runlim] sample:		1289.96 time, 1290.02 real, 552 MB
[runlim] sample:		1299.96 time, 1300.02 real, 552 MB
[runlim] sample:		1309.96 time, 1310.02 real, 552 MB
[runlim] sample:		1319.96 time, 1320.02 real, 552 MB
[runlim] sample:		1329.96 time, 1330.02 real, 553 MB
[runlim] sample:		1339.96 time, 1340.02 real, 554 MB
[runlim] sample:		1349.96 time, 1350.02 real, 554 MB
[runlim] sample:		1359.96 time, 1360.02 real, 555 MB
[runlim] sample:		1369.96 time, 1370.02 real, 556 MB
[runlim] sample:		1379.96 time, 1380.02 real, 556 MB
[runlim] sample:		1389.96 time, 1390.02 real, 556 MB
[runlim] sample:		1399.96 time, 1400.02 real, 556 MB
[runlim] sample:		1409.96 time, 1410.02 real, 557 MB
[runlim] sample:		1419.96 time, 1420.02 real, 558 MB
[runlim] sample:		1429.96 time, 1430.02 real, 558 MB
[runlim] sample:		1439.96 time, 1440.02 real, 559 MB
[runlim] sample:		1449.96 time, 1450.02 real, 560 MB
[runlim] sample:		1459.96 time, 1460.02 real, 560 MB
[runlim] sample:		1469.95 time, 1470.02 real, 560 MB
[runlim] sample:		1479.95 time, 1480.02 real, 560 MB
[runlim] sample:		1489.95 time, 1490.02 real, 560 MB
[runlim] sample:		1499.96 time, 1500.02 real, 561 MB
[runlim] sample:		1509.96 time, 1510.02 real, 562 MB
[runlim] sample:		1519.96 time, 1520.02 real, 562 MB
[runlim] sample:		1529.96 time, 1530.02 real, 566 MB
[runlim] sample:		1539.96 time, 1540.02 real, 566 MB
[runlim] sample:		1549.96 time, 1550.02 real, 566 MB
[runlim] sample:		1559.96 time, 1560.02 real, 566 MB
[runlim] sample:		1569.96 time, 1570.02 real, 566 MB
[runlim] sample:		1579.96 time, 1580.02 real, 566 MB
[runlim] sample:		1589.96 time, 1590.02 real, 566 MB
[runlim] sample:		1599.96 time, 1600.02 real, 566 MB
[runlim] sample:		1609.96 time, 1610.02 real, 567 MB
[runlim] sample:		1619.96 time, 1620.02 real, 568 MB
[runlim] sample:		1629.95 time, 1630.02 real, 568 MB
[runlim] sample:		1639.95 time, 1640.02 real, 569 MB
[runlim] sample:		1649.95 time, 1650.02 real, 569 MB
[runlim] sample:		1659.95 time, 1660.02 real, 569 MB
[runlim] sample:		1669.95 time, 1670.02 real, 569 MB
[runlim] sample:		1679.95 time, 1680.02 real, 569 MB
[runlim] sample:		1689.95 time, 1690.02 real, 569 MB
[runlim] sample:		1699.95 time, 1700.02 real, 570 MB
[runlim] sample:		1709.96 time, 1710.02 real, 571 MB
[runlim] sample:		1719.96 time, 1720.02 real, 571 MB
[runlim] sample:		1729.95 time, 1730.02 real, 572 MB
[runlim] sample:		1739.96 time, 1740.02 real, 573 MB
[runlim] sample:		1749.96 time, 1750.02 real, 573 MB
[runlim] sample:		1759.96 time, 1760.02 real, 573 MB
[runlim] sample:		1769.96 time, 1770.02 real, 573 MB
[runlim] sample:		1779.96 time, 1780.02 real, 573 MB
[runlim] sample:		1789.95 time, 1790.02 real, 573 MB
[runlim] sample:		1799.96 time, 1800.02 real, 574 MB
[runlim] sample:		1809.95 time, 1810.02 real, 574 MB
[runlim] sample:		1819.95 time, 1820.02 real, 575 MB
[runlim] sample:		1829.96 time, 1830.02 real, 576 MB
[runlim] sample:		1839.96 time, 1840.02 real, 576 MB
[runlim] sample:		1849.96 time, 1850.02 real, 576 MB
[runlim] sample:		1859.96 time, 1860.02 real, 576 MB
[runlim] sample:		1869.96 time, 1870.02 real, 576 MB
[runlim] sample:		1879.96 time, 1880.02 real, 577 MB
[runlim] sample:		1889.96 time, 1890.02 real, 577 MB
[runlim] sample:		1899.96 time, 1900.02 real, 578 MB
[runlim] sample:		1909.96 time, 1910.02 real, 579 MB
[runlim] sample:		1919.96 time, 1920.02 real, 579 MB
[runlim] sample:		1929.95 time, 1930.02 real, 580 MB
[runlim] sample:		1939.95 time, 1940.02 real, 582 MB
[runlim] sample:		1949.95 time, 1950.02 real, 582 MB
[runlim] sample:		1959.95 time, 1960.02 real, 582 MB
[runlim] sample:		1969.95 time, 1970.02 real, 582 MB
[runlim] sample:		1979.95 time, 1980.02 real, 582 MB
[runlim] sample:		1989.95 time, 1990.02 real, 582 MB
[runlim] sample:		1999.95 time, 2000.02 real, 582 MB
[runlim] sample:		2009.95 time, 2010.02 real, 582 MB
[runlim] sample:		2019.95 time, 2020.02 real, 582 MB
[runlim] sample:		2029.95 time, 2030.02 real, 582 MB
[runlim] sample:		2039.95 time, 2040.02 real, 582 MB
[runlim] sample:		2049.95 time, 2050.02 real, 582 MB
[runlim] sample:		2059.95 time, 2060.02 real, 582 MB
[runlim] sample:		2069.95 time, 2070.02 real, 582 MB
[runlim] sample:		2079.95 time, 2080.02 real, 582 MB
[runlim] sample:		2089.94 time, 2090.02 real, 582 MB
[runlim] sample:		2099.94 time, 2100.02 real, 582 MB
[runlim] sample:		2109.94 time, 2110.02 real, 583 MB
[runlim] sample:		2119.94 time, 2120.02 real, 583 MB
[runlim] sample:		2129.94 time, 2130.02 real, 583 MB
[runlim] sample:		2139.94 time, 2140.02 real, 583 MB
[runlim] sample:		2149.94 time, 2150.02 real, 583 MB
[runlim] sample:		2159.94 time, 2160.02 real, 584 MB
[runlim] sample:		2169.94 time, 2170.02 real, 584 MB
[runlim] sample:		2179.94 time, 2180.02 real, 584 MB
[runlim] sample:		2189.94 time, 2190.02 real, 584 MB
[runlim] sample:		2199.94 time, 2200.02 real, 584 MB
[runlim] sample:		2209.94 time, 2210.02 real, 584 MB
[runlim] sample:		2219.94 time, 2220.02 real, 585 MB
[runlim] sample:		2229.94 time, 2230.02 real, 585 MB
[runlim] sample:		2239.95 time, 2240.02 real, 586 MB
[runlim] sample:		2249.95 time, 2250.02 real, 586 MB
[runlim] sample:		2259.95 time, 2260.02 real, 587 MB
[runlim] sample:		2269.95 time, 2270.02 real, 587 MB
[runlim] sample:		2279.95 time, 2280.02 real, 587 MB
[runlim] sample:		2289.95 time, 2290.02 real, 587 MB
[runlim] sample:		2299.95 time, 2300.02 real, 587 MB
[runlim] sample:		2309.95 time, 2310.02 real, 588 MB
[runlim] sample:		2319.95 time, 2320.02 real, 588 MB
[runlim] sample:		2329.94 time, 2330.02 real, 589 MB
[runlim] sample:		2339.94 time, 2340.02 real, 589 MB
[runlim] sample:		2349.94 time, 2350.02 real, 590 MB
[runlim] sample:		2359.94 time, 2360.02 real, 590 MB
[runlim] sample:		2369.94 time, 2370.02 real, 591 MB
[runlim] sample:		2379.94 time, 2380.02 real, 591 MB
[runlim] sample:		2389.94 time, 2390.02 real, 591 MB
[runlim] sample:		2399.94 time, 2400.02 real, 591 MB
[runlim] sample:		2409.94 time, 2410.02 real, 591 MB
[runlim] sample:		2419.95 time, 2420.02 real, 591 MB
[runlim] sample:		2429.94 time, 2430.02 real, 592 MB
[runlim] sample:		2439.94 time, 2440.02 real, 592 MB
[runlim] sample:		2449.95 time, 2450.02 real, 593 MB
[runlim] sample:		2459.95 time, 2460.02 real, 593 MB
[runlim] sample:		2469.95 time, 2470.02 real, 594 MB
[runlim] sample:		2479.94 time, 2480.02 real, 594 MB
[runlim] sample:		2489.94 time, 2490.02 real, 594 MB
[runlim] sample:		2499.94 time, 2500.02 real, 594 MB
[runlim] sample:		2509.94 time, 2510.02 real, 594 MB
[runlim] sample:		2519.94 time, 2520.02 real, 594 MB
[runlim] sample:		2529.94 time, 2530.02 real, 595 MB
[runlim] sample:		2539.94 time, 2540.02 real, 595 MB
[runlim] sample:		2549.94 time, 2550.02 real, 596 MB
[runlim] sample:		2559.94 time, 2560.02 real, 596 MB
[runlim] sample:		2569.94 time, 2570.02 real, 597 MB
[runlim] sample:		2579.95 time, 2580.02 real, 597 MB
[runlim] sample:		2589.95 time, 2590.02 real, 597 MB
[runlim] sample:		2599.94 time, 2600.02 real, 597 MB
[runlim] sample:		2609.94 time, 2610.02 real, 597 MB
[runlim] sample:		2619.94 time, 2620.02 real, 597 MB
[runlim] sample:		2629.94 time, 2630.02 real, 597 MB
[runlim] sample:		2639.94 time, 2640.02 real, 598 MB
[runlim] sample:		2649.94 time, 2650.02 real, 598 MB
[runlim] sample:		2659.94 time, 2660.02 real, 599 MB
[runlim] sample:		2669.94 time, 2670.02 real, 599 MB
[runlim] sample:		2679.94 time, 2680.02 real, 600 MB
[runlim] sample:		2689.94 time, 2690.02 real, 600 MB
[runlim] sample:		2699.93 time, 2700.02 real, 600 MB
[runlim] end:			Thu Feb 27 09:50:22 2020
[runlim] status:		out of time
[runlim] result:		2
[runlim] children:		1
[runlim] real:			2700.10 seconds
[runlim] time:			2699.93 seconds
[runlim] space:			600 MB
[runlim] samples:		27000
