[runlim] version:		1.18
[runlim] host:			c3n30
[runlim] time limit:		2700 seconds
[runlim] real time limit:	2700 seconds
[runlim] space limit:		7000 MB
[runlim] argv[0]:		./binary
[runlim] argv[1]:		/data/cnf/ankit/RSet1/toilet_a_08_05.7.dqbf
[runlim] start:			Thu Feb 27 09:05:22 2020
[runlim] child:			1009
[runlim] sample:		10.01 time, 10.02 real, 68 MB
[runlim] sample:		20.00 time, 20.02 real, 74 MB
[runlim] sample:		30.01 time, 30.02 real, 84 MB
[runlim] sample:		40.01 time, 40.02 real, 86 MB
[runlim] sample:		50.01 time, 50.02 real, 86 MB
[runlim] sample:		60.00 time, 60.02 real, 89 MB
[runlim] sample:		70.00 time, 70.02 real, 89 MB
[runlim] sample:		80.01 time, 80.02 real, 95 MB
[runlim] sample:		90.00 time, 90.02 real, 95 MB
[runlim] sample:		100.00 time, 100.02 real, 95 MB
[runlim] sample:		110.00 time, 110.02 real, 95 MB
[runlim] sample:		120.00 time, 120.02 real, 114 MB
[runlim] sample:		130.00 time, 130.02 real, 130 MB
[runlim] sample:		140.00 time, 140.02 real, 131 MB
[runlim] sample:		150.00 time, 150.02 real, 131 MB
[runlim] sample:		160.00 time, 160.02 real, 131 MB
[runlim] sample:		170.00 time, 170.02 real, 131 MB
[runlim] end:			Thu Feb 27 09:08:16 2020
[runlim] status:		ok
[runlim] result:		0
[runlim] children:		1
[runlim] real:			173.75 seconds
[runlim] time:			173.69 seconds
[runlim] space:			131 MB
[runlim] samples:		1737
