[runlim] version:		1.18
[runlim] host:			c3n21
[runlim] time limit:		2700 seconds
[runlim] real time limit:	2700 seconds
[runlim] space limit:		7000 MB
[runlim] argv[0]:		./binary
[runlim] argv[1]:		/data/cnf/ankit/RSet1/toilet_a_10_01.17.dqbf
[runlim] start:			Thu Feb 27 09:05:22 2020
[runlim] child:			11465
[runlim] sample:		10.00 time, 10.02 real, 13 MB
[runlim] sample:		20.00 time, 20.02 real, 13 MB
[runlim] sample:		30.00 time, 30.02 real, 13 MB
[runlim] sample:		39.99 time, 40.02 real, 13 MB
[runlim] sample:		50.00 time, 50.02 real, 98 MB
[runlim] sample:		60.00 time, 60.02 real, 114 MB
[runlim] sample:		70.00 time, 70.02 real, 152 MB
[runlim] sample:		80.00 time, 80.02 real, 152 MB
[runlim] sample:		90.00 time, 90.02 real, 153 MB
[runlim] sample:		100.00 time, 100.02 real, 180 MB
[runlim] sample:		110.00 time, 110.02 real, 180 MB
[runlim] sample:		120.00 time, 120.02 real, 180 MB
[runlim] sample:		130.00 time, 130.02 real, 180 MB
[runlim] sample:		140.00 time, 140.02 real, 194 MB
[runlim] sample:		150.00 time, 150.02 real, 195 MB
[runlim] sample:		160.00 time, 160.02 real, 195 MB
[runlim] sample:		170.00 time, 170.02 real, 195 MB
[runlim] sample:		180.00 time, 180.02 real, 198 MB
[runlim] sample:		190.00 time, 190.02 real, 198 MB
[runlim] sample:		200.00 time, 200.02 real, 198 MB
[runlim] sample:		210.00 time, 210.02 real, 201 MB
[runlim] sample:		220.00 time, 220.02 real, 205 MB
[runlim] sample:		230.00 time, 230.02 real, 205 MB
[runlim] sample:		240.00 time, 240.02 real, 205 MB
[runlim] sample:		250.00 time, 250.02 real, 205 MB
[runlim] sample:		260.00 time, 260.02 real, 205 MB
[runlim] sample:		270.00 time, 270.02 real, 205 MB
[runlim] sample:		279.99 time, 280.02 real, 213 MB
[runlim] sample:		289.99 time, 290.02 real, 213 MB
[runlim] sample:		299.99 time, 300.02 real, 213 MB
[runlim] sample:		310.00 time, 310.02 real, 213 MB
[runlim] sample:		320.00 time, 320.02 real, 234 MB
[runlim] sample:		329.99 time, 330.02 real, 243 MB
[runlim] sample:		339.99 time, 340.02 real, 243 MB
[runlim] sample:		349.99 time, 350.02 real, 243 MB
[runlim] sample:		359.99 time, 360.02 real, 243 MB
[runlim] sample:		369.99 time, 370.02 real, 243 MB
[runlim] sample:		380.00 time, 380.02 real, 245 MB
[runlim] sample:		389.99 time, 390.02 real, 247 MB
[runlim] sample:		399.99 time, 400.02 real, 248 MB
[runlim] sample:		410.00 time, 410.02 real, 249 MB
[runlim] sample:		419.99 time, 420.02 real, 252 MB
[runlim] sample:		429.99 time, 430.02 real, 255 MB
[runlim] sample:		439.99 time, 440.02 real, 259 MB
[runlim] sample:		449.99 time, 450.02 real, 259 MB
[runlim] sample:		459.99 time, 460.02 real, 259 MB
[runlim] sample:		469.99 time, 470.02 real, 259 MB
[runlim] sample:		479.99 time, 480.02 real, 259 MB
[runlim] sample:		489.99 time, 490.02 real, 259 MB
[runlim] sample:		499.99 time, 500.02 real, 260 MB
[runlim] sample:		509.99 time, 510.02 real, 260 MB
[runlim] sample:		519.99 time, 520.02 real, 260 MB
[runlim] sample:		529.99 time, 530.02 real, 260 MB
[runlim] sample:		539.99 time, 540.02 real, 260 MB
[runlim] sample:		549.99 time, 550.02 real, 260 MB
[runlim] sample:		559.99 time, 560.02 real, 260 MB
[runlim] sample:		569.99 time, 570.02 real, 260 MB
[runlim] sample:		580.00 time, 580.02 real, 349 MB
[runlim] sample:		590.00 time, 590.02 real, 350 MB
[runlim] sample:		600.00 time, 600.02 real, 350 MB
[runlim] sample:		610.00 time, 610.02 real, 350 MB
[runlim] sample:		620.00 time, 620.02 real, 350 MB
[runlim] sample:		630.00 time, 630.02 real, 350 MB
[runlim] sample:		640.00 time, 640.02 real, 350 MB
[runlim] sample:		650.00 time, 650.02 real, 350 MB
[runlim] sample:		660.00 time, 660.02 real, 350 MB
[runlim] sample:		670.00 time, 670.02 real, 351 MB
[runlim] sample:		679.99 time, 680.02 real, 354 MB
[runlim] sample:		690.00 time, 690.02 real, 357 MB
[runlim] sample:		699.99 time, 700.02 real, 360 MB
[runlim] sample:		710.00 time, 710.02 real, 363 MB
[runlim] sample:		719.99 time, 720.02 real, 366 MB
[runlim] sample:		730.00 time, 730.02 real, 369 MB
[runlim] sample:		739.99 time, 740.02 real, 377 MB
[runlim] sample:		749.99 time, 750.02 real, 377 MB
[runlim] sample:		759.99 time, 760.02 real, 380 MB
[runlim] sample:		770.00 time, 770.02 real, 382 MB
[runlim] sample:		779.99 time, 780.02 real, 385 MB
[runlim] sample:		790.00 time, 790.02 real, 387 MB
[runlim] sample:		799.99 time, 800.02 real, 389 MB
[runlim] sample:		809.99 time, 810.02 real, 392 MB
[runlim] sample:		819.99 time, 820.02 real, 394 MB
[runlim] sample:		829.99 time, 830.02 real, 396 MB
[runlim] sample:		839.99 time, 840.02 real, 398 MB
[runlim] sample:		849.99 time, 850.02 real, 400 MB
[runlim] sample:		860.00 time, 860.02 real, 402 MB
[runlim] sample:		870.00 time, 870.02 real, 405 MB
[runlim] sample:		880.00 time, 880.02 real, 407 MB
[runlim] sample:		890.00 time, 890.02 real, 409 MB
[runlim] sample:		900.00 time, 900.02 real, 410 MB
[runlim] sample:		910.00 time, 910.02 real, 412 MB
[runlim] sample:		920.00 time, 920.02 real, 414 MB
[runlim] sample:		930.00 time, 930.02 real, 416 MB
[runlim] sample:		940.00 time, 940.02 real, 418 MB
[runlim] sample:		949.99 time, 950.02 real, 420 MB
[runlim] sample:		959.99 time, 960.02 real, 421 MB
[runlim] sample:		970.00 time, 970.02 real, 423 MB
[runlim] sample:		979.99 time, 980.02 real, 425 MB
[runlim] sample:		989.99 time, 990.02 real, 427 MB
[runlim] sample:		1000.00 time, 1000.02 real, 428 MB
[runlim] sample:		1009.99 time, 1010.02 real, 430 MB
[runlim] sample:		1019.99 time, 1020.02 real, 432 MB
[runlim] sample:		1029.99 time, 1030.02 real, 432 MB
[runlim] sample:		1039.99 time, 1040.02 real, 432 MB
[runlim] sample:		1049.99 time, 1050.02 real, 432 MB
[runlim] sample:		1060.00 time, 1060.02 real, 435 MB
[runlim] sample:		1069.99 time, 1070.02 real, 437 MB
[runlim] sample:		1079.99 time, 1080.02 real, 438 MB
[runlim] sample:		1089.99 time, 1090.02 real, 440 MB
[runlim] sample:		1099.99 time, 1100.02 real, 442 MB
[runlim] sample:		1110.00 time, 1110.02 real, 443 MB
[runlim] sample:		1120.00 time, 1120.02 real, 444 MB
[runlim] sample:		1130.00 time, 1130.02 real, 445 MB
[runlim] sample:		1139.99 time, 1140.02 real, 446 MB
[runlim] sample:		1149.99 time, 1150.02 real, 447 MB
[runlim] sample:		1160.00 time, 1160.02 real, 448 MB
[runlim] sample:		1170.00 time, 1170.02 real, 449 MB
[runlim] sample:		1179.99 time, 1180.02 real, 451 MB
[runlim] sample:		1190.00 time, 1190.02 real, 452 MB
[runlim] sample:		1199.99 time, 1200.02 real, 453 MB
[runlim] sample:		1209.99 time, 1210.02 real, 454 MB
[runlim] sample:		1219.99 time, 1220.02 real, 455 MB
[runlim] sample:		1229.99 time, 1230.02 real, 456 MB
[runlim] sample:		1240.00 time, 1240.02 real, 457 MB
[runlim] sample:		1249.99 time, 1250.02 real, 459 MB
[runlim] sample:		1260.00 time, 1260.02 real, 460 MB
[runlim] sample:		1269.99 time, 1270.02 real, 461 MB
[runlim] sample:		1280.00 time, 1280.02 real, 463 MB
[runlim] sample:		1290.00 time, 1290.02 real, 464 MB
[runlim] sample:		1300.00 time, 1300.02 real, 465 MB
[runlim] sample:		1310.00 time, 1310.02 real, 467 MB
[runlim] sample:		1320.00 time, 1320.02 real, 468 MB
[runlim] sample:		1329.99 time, 1330.02 real, 470 MB
[runlim] sample:		1339.99 time, 1340.02 real, 471 MB
[runlim] sample:		1349.99 time, 1350.02 real, 472 MB
[runlim] sample:		1360.00 time, 1360.02 real, 473 MB
[runlim] sample:		1370.00 time, 1370.02 real, 475 MB
[runlim] sample:		1380.00 time, 1380.02 real, 476 MB
[runlim] sample:		1390.00 time, 1390.02 real, 477 MB
[runlim] sample:		1400.00 time, 1400.02 real, 479 MB
[runlim] sample:		1410.00 time, 1410.02 real, 480 MB
[runlim] sample:		1420.00 time, 1420.02 real, 481 MB
[runlim] sample:		1429.99 time, 1430.02 real, 483 MB
[runlim] sample:		1439.99 time, 1440.02 real, 484 MB
[runlim] sample:		1449.99 time, 1450.02 real, 485 MB
[runlim] sample:		1459.99 time, 1460.02 real, 486 MB
[runlim] sample:		1469.99 time, 1470.02 real, 486 MB
[runlim] sample:		1479.99 time, 1480.02 real, 487 MB
[runlim] sample:		1489.99 time, 1490.02 real, 488 MB
[runlim] sample:		1500.00 time, 1500.02 real, 489 MB
[runlim] sample:		1510.00 time, 1510.02 real, 490 MB
[runlim] sample:		1520.00 time, 1520.02 real, 491 MB
[runlim] sample:		1530.00 time, 1530.02 real, 491 MB
[runlim] sample:		1540.00 time, 1540.02 real, 492 MB
[runlim] sample:		1549.99 time, 1550.02 real, 493 MB
[runlim] sample:		1559.99 time, 1560.02 real, 494 MB
[runlim] sample:		1569.99 time, 1570.02 real, 494 MB
[runlim] sample:		1579.99 time, 1580.02 real, 495 MB
[runlim] sample:		1589.99 time, 1590.02 real, 496 MB
[runlim] sample:		1599.99 time, 1600.02 real, 497 MB
[runlim] sample:		1609.99 time, 1610.02 real, 498 MB
[runlim] sample:		1619.99 time, 1620.02 real, 498 MB
[runlim] sample:		1629.99 time, 1630.02 real, 499 MB
[runlim] sample:		1640.00 time, 1640.02 real, 500 MB
[runlim] sample:		1650.00 time, 1650.02 real, 501 MB
[runlim] sample:		1660.00 time, 1660.02 real, 502 MB
[runlim] sample:		1670.00 time, 1670.02 real, 503 MB
[runlim] sample:		1679.99 time, 1680.02 real, 503 MB
[runlim] sample:		1689.99 time, 1690.02 real, 504 MB
[runlim] sample:		1700.00 time, 1700.02 real, 505 MB
[runlim] sample:		1709.99 time, 1710.02 real, 506 MB
[runlim] sample:		1719.99 time, 1720.02 real, 507 MB
[runlim] sample:		1729.99 time, 1730.02 real, 508 MB
[runlim] sample:		1739.99 time, 1740.02 real, 680 MB
[runlim] sample:		1749.99 time, 1750.02 real, 690 MB
[runlim] sample:		1759.99 time, 1760.02 real, 690 MB
[runlim] sample:		1769.99 time, 1770.02 real, 690 MB
[runlim] sample:		1779.99 time, 1780.02 real, 690 MB
[runlim] sample:		1790.00 time, 1790.02 real, 690 MB
[runlim] sample:		1800.00 time, 1800.02 real, 690 MB
[runlim] sample:		1809.99 time, 1810.02 real, 690 MB
[runlim] sample:		1819.99 time, 1820.02 real, 690 MB
[runlim] sample:		1829.99 time, 1830.02 real, 690 MB
[runlim] sample:		1839.99 time, 1840.02 real, 690 MB
[runlim] sample:		1850.00 time, 1850.02 real, 690 MB
[runlim] sample:		1860.00 time, 1860.02 real, 690 MB
[runlim] sample:		1870.00 time, 1870.02 real, 690 MB
[runlim] sample:		1880.00 time, 1880.02 real, 690 MB
[runlim] sample:		1889.99 time, 1890.02 real, 690 MB
[runlim] sample:		1899.99 time, 1900.02 real, 690 MB
[runlim] sample:		1909.99 time, 1910.02 real, 690 MB
[runlim] sample:		1919.99 time, 1920.02 real, 690 MB
[runlim] sample:		1930.00 time, 1930.02 real, 690 MB
[runlim] sample:		1940.00 time, 1940.02 real, 690 MB
[runlim] sample:		1949.99 time, 1950.02 real, 690 MB
[runlim] sample:		1959.99 time, 1960.02 real, 690 MB
[runlim] sample:		1970.00 time, 1970.02 real, 690 MB
[runlim] sample:		1980.00 time, 1980.02 real, 690 MB
[runlim] sample:		1990.00 time, 1990.02 real, 690 MB
[runlim] sample:		2000.00 time, 2000.02 real, 690 MB
[runlim] sample:		2010.00 time, 2010.02 real, 690 MB
[runlim] sample:		2020.00 time, 2020.02 real, 690 MB
[runlim] sample:		2030.00 time, 2030.02 real, 690 MB
[runlim] sample:		2040.00 time, 2040.02 real, 690 MB
[runlim] sample:		2050.00 time, 2050.02 real, 690 MB
[runlim] sample:		2060.00 time, 2060.02 real, 690 MB
[runlim] sample:		2069.99 time, 2070.02 real, 690 MB
[runlim] sample:		2079.99 time, 2080.02 real, 690 MB
[runlim] sample:		2089.99 time, 2090.02 real, 690 MB
[runlim] sample:		2100.00 time, 2100.02 real, 690 MB
[runlim] sample:		2110.00 time, 2110.02 real, 690 MB
[runlim] sample:		2120.00 time, 2120.02 real, 690 MB
[runlim] sample:		2129.99 time, 2130.02 real, 690 MB
[runlim] sample:		2139.99 time, 2140.02 real, 690 MB
[runlim] sample:		2149.99 time, 2150.02 real, 690 MB
[runlim] sample:		2159.99 time, 2160.02 real, 690 MB
[runlim] sample:		2169.99 time, 2170.02 real, 690 MB
[runlim] sample:		2179.99 time, 2180.02 real, 690 MB
[runlim] sample:		2189.99 time, 2190.02 real, 690 MB
[runlim] sample:		2200.00 time, 2200.02 real, 690 MB
[runlim] sample:		2210.00 time, 2210.02 real, 690 MB
[runlim] sample:		2220.00 time, 2220.02 real, 690 MB
[runlim] sample:		2229.99 time, 2230.02 real, 690 MB
[runlim] sample:		2239.99 time, 2240.02 real, 690 MB
[runlim] sample:		2249.99 time, 2250.02 real, 690 MB
[runlim] sample:		2259.99 time, 2260.02 real, 690 MB
[runlim] sample:		2270.00 time, 2270.02 real, 690 MB
[runlim] sample:		2280.00 time, 2280.02 real, 690 MB
[runlim] sample:		2290.00 time, 2290.02 real, 690 MB
[runlim] sample:		2300.00 time, 2300.02 real, 690 MB
[runlim] sample:		2310.00 time, 2310.02 real, 690 MB
[runlim] sample:		2320.00 time, 2320.02 real, 691 MB
[runlim] sample:		2329.99 time, 2330.02 real, 691 MB
[runlim] sample:		2339.99 time, 2340.02 real, 691 MB
[runlim] sample:		2350.00 time, 2350.02 real, 691 MB
[runlim] sample:		2360.00 time, 2360.02 real, 691 MB
[runlim] sample:		2370.00 time, 2370.02 real, 691 MB
[runlim] sample:		2380.00 time, 2380.02 real, 691 MB
[runlim] sample:		2389.99 time, 2390.02 real, 691 MB
[runlim] sample:		2399.99 time, 2400.02 real, 691 MB
[runlim] sample:		2410.00 time, 2410.02 real, 691 MB
[runlim] sample:		2420.00 time, 2420.02 real, 691 MB
[runlim] sample:		2430.00 time, 2430.02 real, 691 MB
[runlim] sample:		2440.00 time, 2440.02 real, 691 MB
[runlim] sample:		2450.00 time, 2450.02 real, 691 MB
[runlim] sample:		2460.00 time, 2460.02 real, 692 MB
[runlim] sample:		2470.00 time, 2470.02 real, 692 MB
[runlim] sample:		2480.00 time, 2480.02 real, 692 MB
[runlim] sample:		2490.00 time, 2490.02 real, 692 MB
[runlim] sample:		2500.00 time, 2500.02 real, 692 MB
[runlim] sample:		2510.00 time, 2510.02 real, 692 MB
[runlim] sample:		2520.00 time, 2520.02 real, 692 MB
[runlim] sample:		2530.00 time, 2530.02 real, 692 MB
[runlim] sample:		2540.00 time, 2540.02 real, 694 MB
[runlim] sample:		2550.00 time, 2550.02 real, 695 MB
[runlim] sample:		2560.00 time, 2560.02 real, 695 MB
[runlim] sample:		2570.00 time, 2570.02 real, 695 MB
[runlim] sample:		2580.00 time, 2580.02 real, 695 MB
[runlim] sample:		2590.00 time, 2590.02 real, 695 MB
[runlim] sample:		2600.00 time, 2600.01 real, 696 MB
[runlim] sample:		2610.00 time, 2610.02 real, 697 MB
[runlim] sample:		2620.00 time, 2620.02 real, 699 MB
[runlim] sample:		2630.00 time, 2630.02 real, 700 MB
[runlim] sample:		2640.00 time, 2640.02 real, 702 MB
[runlim] sample:		2650.00 time, 2650.02 real, 704 MB
[runlim] sample:		2660.00 time, 2660.02 real, 705 MB
[runlim] sample:		2670.00 time, 2670.02 real, 707 MB
[runlim] sample:		2680.00 time, 2680.02 real, 708 MB
[runlim] sample:		2690.00 time, 2690.02 real, 710 MB
[runlim] sample:		2700.00 time, 2700.02 real, 711 MB
[runlim] end:			Thu Feb 27 09:50:22 2020
[runlim] status:		out of time
[runlim] result:		2
[runlim] children:		1
[runlim] real:			2700.10 seconds
[runlim] time:			2700.00 seconds
[runlim] space:			711 MB
[runlim] samples:		27000
