[runlim] version:		1.18
[runlim] host:			c3n30
[runlim] time limit:		2700 seconds
[runlim] real time limit:	2700 seconds
[runlim] space limit:		7000 MB
[runlim] argv[0]:		./binary
[runlim] argv[1]:		/data/cnf/ankit/RSet1/toilet_a_08_05.6.dqbf
[runlim] start:			Thu Feb 27 09:05:22 2020
[runlim] child:			991
[runlim] sample:		9.98 time, 10.02 real, 70 MB
[runlim] sample:		19.97 time, 20.02 real, 83 MB
[runlim] sample:		29.98 time, 30.02 real, 115 MB
[runlim] sample:		39.98 time, 40.02 real, 115 MB
[runlim] sample:		49.97 time, 50.02 real, 116 MB
[runlim] sample:		59.98 time, 60.02 real, 116 MB
[runlim] sample:		69.97 time, 70.02 real, 116 MB
[runlim] sample:		79.97 time, 80.02 real, 135 MB
[runlim] sample:		89.97 time, 90.02 real, 135 MB
[runlim] sample:		99.98 time, 100.02 real, 135 MB
[runlim] sample:		109.97 time, 110.02 real, 137 MB
[runlim] sample:		119.97 time, 120.02 real, 137 MB
[runlim] sample:		129.97 time, 130.02 real, 137 MB
[runlim] sample:		139.97 time, 140.02 real, 137 MB
[runlim] end:			Thu Feb 27 09:07:49 2020
[runlim] status:		ok
[runlim] result:		0
[runlim] children:		1
[runlim] real:			146.76 seconds
[runlim] time:			146.67 seconds
[runlim] space:			137 MB
[runlim] samples:		1467
