[runlim] version:		1.18
[runlim] host:			c3n01
[runlim] time limit:		2700 seconds
[runlim] real time limit:	2700 seconds
[runlim] space limit:		7000 MB
[runlim] argv[0]:		./binary
[runlim] argv[1]:		/data/cnf/ankit/E1-A1-Red/4qbf-5cnf-100var-800cl.2.dqbf
[runlim] start:			Sat Feb 29 07:18:40 2020
[runlim] child:			5696
[runlim] sample:		10.10 time, 10.12 real, 43 MB
[runlim] sample:		20.10 time, 20.12 real, 54 MB
[runlim] sample:		30.10 time, 30.12 real, 63 MB
[runlim] sample:		40.10 time, 40.12 real, 74 MB
[runlim] sample:		50.10 time, 50.12 real, 78 MB
[runlim] sample:		60.10 time, 60.12 real, 86 MB
[runlim] sample:		70.10 time, 70.12 real, 91 MB
[runlim] sample:		80.10 time, 80.12 real, 94 MB
[runlim] sample:		90.10 time, 90.12 real, 97 MB
[runlim] sample:		100.18 time, 100.22 real, 101 MB
[runlim] sample:		110.19 time, 110.22 real, 104 MB
[runlim] sample:		120.18 time, 120.22 real, 107 MB
[runlim] sample:		130.18 time, 130.22 real, 110 MB
[runlim] sample:		140.18 time, 140.22 real, 114 MB
[runlim] sample:		150.18 time, 150.22 real, 119 MB
[runlim] sample:		160.18 time, 160.22 real, 121 MB
[runlim] sample:		170.18 time, 170.22 real, 124 MB
[runlim] sample:		180.18 time, 180.22 real, 126 MB
[runlim] sample:		190.18 time, 190.22 real, 129 MB
[runlim] sample:		200.18 time, 200.22 real, 131 MB
[runlim] sample:		210.18 time, 210.22 real, 134 MB
[runlim] sample:		220.18 time, 220.22 real, 136 MB
[runlim] sample:		230.18 time, 230.22 real, 139 MB
[runlim] sample:		240.18 time, 240.22 real, 142 MB
[runlim] sample:		250.18 time, 250.22 real, 144 MB
[runlim] sample:		260.15 time, 260.22 real, 147 MB
[runlim] sample:		270.15 time, 270.22 real, 148 MB
[runlim] sample:		280.15 time, 280.22 real, 150 MB
[runlim] sample:		290.15 time, 290.22 real, 155 MB
[runlim] sample:		300.15 time, 300.22 real, 157 MB
[runlim] sample:		310.15 time, 310.22 real, 159 MB
[runlim] sample:		320.15 time, 320.22 real, 160 MB
[runlim] sample:		330.15 time, 330.22 real, 161 MB
[runlim] sample:		340.15 time, 340.22 real, 163 MB
[runlim] sample:		350.15 time, 350.22 real, 166 MB
[runlim] sample:		360.15 time, 360.22 real, 167 MB
[runlim] sample:		370.15 time, 370.22 real, 170 MB
[runlim] sample:		380.15 time, 380.22 real, 172 MB
[runlim] sample:		390.15 time, 390.22 real, 179 MB
[runlim] sample:		400.14 time, 400.22 real, 181 MB
[runlim] sample:		410.15 time, 410.22 real, 183 MB
[runlim] sample:		420.15 time, 420.22 real, 185 MB
[runlim] sample:		430.15 time, 430.22 real, 186 MB
[runlim] sample:		440.15 time, 440.22 real, 188 MB
[runlim] sample:		450.14 time, 450.22 real, 191 MB
[runlim] sample:		460.15 time, 460.22 real, 192 MB
[runlim] sample:		470.15 time, 470.22 real, 193 MB
[runlim] sample:		480.14 time, 480.22 real, 195 MB
[runlim] sample:		490.15 time, 490.22 real, 196 MB
[runlim] sample:		500.15 time, 500.22 real, 198 MB
[runlim] sample:		510.15 time, 510.22 real, 199 MB
[runlim] sample:		520.14 time, 520.22 real, 201 MB
[runlim] sample:		530.14 time, 530.22 real, 201 MB
[runlim] sample:		540.14 time, 540.22 real, 204 MB
[runlim] sample:		550.15 time, 550.22 real, 205 MB
[runlim] sample:		560.15 time, 560.22 real, 206 MB
[runlim] sample:		570.15 time, 570.22 real, 207 MB
[runlim] sample:		580.15 time, 580.22 real, 208 MB
[runlim] sample:		590.14 time, 590.22 real, 209 MB
[runlim] sample:		600.14 time, 600.22 real, 210 MB
[runlim] sample:		610.14 time, 610.22 real, 211 MB
[runlim] sample:		620.14 time, 620.22 real, 212 MB
[runlim] sample:		630.14 time, 630.22 real, 212 MB
[runlim] sample:		640.14 time, 640.22 real, 213 MB
[runlim] sample:		650.14 time, 650.22 real, 214 MB
[runlim] sample:		660.14 time, 660.22 real, 215 MB
[runlim] sample:		670.14 time, 670.22 real, 217 MB
[runlim] sample:		680.14 time, 680.22 real, 219 MB
[runlim] sample:		690.14 time, 690.22 real, 219 MB
[runlim] sample:		700.14 time, 700.22 real, 221 MB
[runlim] sample:		710.14 time, 710.22 real, 221 MB
[runlim] sample:		720.14 time, 720.22 real, 222 MB
[runlim] sample:		730.14 time, 730.22 real, 224 MB
[runlim] sample:		740.13 time, 740.22 real, 225 MB
[runlim] sample:		750.13 time, 750.22 real, 227 MB
[runlim] sample:		760.14 time, 760.22 real, 228 MB
[runlim] sample:		770.14 time, 770.22 real, 229 MB
[runlim] sample:		780.14 time, 780.22 real, 229 MB
[runlim] sample:		790.13 time, 790.22 real, 230 MB
[runlim] sample:		800.14 time, 800.22 real, 230 MB
[runlim] sample:		810.13 time, 810.22 real, 231 MB
[runlim] sample:		820.14 time, 820.22 real, 233 MB
[runlim] sample:		830.13 time, 830.22 real, 233 MB
[runlim] sample:		840.13 time, 840.22 real, 234 MB
[runlim] sample:		850.14 time, 850.22 real, 235 MB
[runlim] sample:		860.14 time, 860.22 real, 236 MB
[runlim] sample:		870.13 time, 870.22 real, 238 MB
[runlim] sample:		880.14 time, 880.22 real, 239 MB
[runlim] sample:		890.13 time, 890.22 real, 241 MB
[runlim] sample:		900.13 time, 900.22 real, 242 MB
[runlim] sample:		910.13 time, 910.22 real, 243 MB
[runlim] sample:		920.14 time, 920.22 real, 244 MB
[runlim] sample:		930.14 time, 930.22 real, 244 MB
[runlim] sample:		940.14 time, 940.22 real, 245 MB
[runlim] sample:		950.14 time, 950.22 real, 246 MB
[runlim] sample:		960.14 time, 960.22 real, 246 MB
[runlim] sample:		970.14 time, 970.22 real, 249 MB
[runlim] sample:		980.14 time, 980.22 real, 249 MB
[runlim] sample:		990.14 time, 990.22 real, 250 MB
[runlim] sample:		1000.14 time, 1000.22 real, 251 MB
[runlim] sample:		1010.13 time, 1010.22 real, 251 MB
[runlim] sample:		1020.13 time, 1020.22 real, 251 MB
[runlim] sample:		1030.13 time, 1030.22 real, 254 MB
[runlim] sample:		1040.13 time, 1040.22 real, 254 MB
[runlim] sample:		1050.13 time, 1050.22 real, 255 MB
[runlim] sample:		1060.13 time, 1060.22 real, 255 MB
[runlim] sample:		1070.13 time, 1070.22 real, 256 MB
[runlim] sample:		1080.13 time, 1080.22 real, 256 MB
[runlim] sample:		1090.13 time, 1090.22 real, 257 MB
[runlim] sample:		1100.13 time, 1100.22 real, 258 MB
[runlim] sample:		1110.14 time, 1110.22 real, 258 MB
[runlim] sample:		1120.14 time, 1120.22 real, 259 MB
[runlim] sample:		1130.14 time, 1130.22 real, 260 MB
[runlim] sample:		1140.14 time, 1140.22 real, 260 MB
[runlim] sample:		1150.13 time, 1150.22 real, 261 MB
[runlim] sample:		1160.13 time, 1160.22 real, 263 MB
[runlim] sample:		1170.13 time, 1170.22 real, 263 MB
[runlim] sample:		1180.13 time, 1180.22 real, 264 MB
[runlim] sample:		1190.14 time, 1190.22 real, 264 MB
[runlim] sample:		1200.14 time, 1200.22 real, 265 MB
[runlim] sample:		1210.13 time, 1210.22 real, 266 MB
[runlim] sample:		1220.14 time, 1220.22 real, 267 MB
[runlim] sample:		1230.13 time, 1230.22 real, 269 MB
[runlim] sample:		1240.13 time, 1240.22 real, 269 MB
[runlim] sample:		1250.14 time, 1250.22 real, 270 MB
[runlim] sample:		1260.14 time, 1260.22 real, 271 MB
[runlim] sample:		1270.13 time, 1270.22 real, 272 MB
[runlim] sample:		1280.13 time, 1280.22 real, 275 MB
[runlim] sample:		1290.13 time, 1290.22 real, 276 MB
[runlim] sample:		1300.14 time, 1300.22 real, 277 MB
[runlim] sample:		1310.13 time, 1310.22 real, 277 MB
[runlim] sample:		1320.14 time, 1320.22 real, 278 MB
[runlim] sample:		1330.14 time, 1330.22 real, 280 MB
[runlim] sample:		1340.14 time, 1340.22 real, 281 MB
[runlim] sample:		1350.14 time, 1350.22 real, 283 MB
[runlim] sample:		1360.14 time, 1360.22 real, 284 MB
[runlim] sample:		1370.14 time, 1370.22 real, 285 MB
[runlim] sample:		1380.14 time, 1380.22 real, 285 MB
[runlim] sample:		1390.13 time, 1390.22 real, 286 MB
[runlim] sample:		1400.13 time, 1400.22 real, 286 MB
[runlim] sample:		1410.13 time, 1410.22 real, 286 MB
[runlim] sample:		1420.13 time, 1420.22 real, 287 MB
[runlim] sample:		1430.13 time, 1430.22 real, 288 MB
[runlim] sample:		1440.13 time, 1440.22 real, 290 MB
[runlim] sample:		1450.14 time, 1450.22 real, 291 MB
[runlim] sample:		1460.14 time, 1460.22 real, 291 MB
[runlim] sample:		1470.14 time, 1470.22 real, 292 MB
[runlim] sample:		1480.13 time, 1480.22 real, 292 MB
[runlim] sample:		1490.13 time, 1490.22 real, 293 MB
[runlim] sample:		1500.13 time, 1500.22 real, 293 MB
[runlim] sample:		1510.13 time, 1510.22 real, 294 MB
[runlim] sample:		1520.13 time, 1520.22 real, 295 MB
[runlim] sample:		1530.13 time, 1530.22 real, 296 MB
[runlim] sample:		1540.13 time, 1540.22 real, 297 MB
[runlim] sample:		1550.13 time, 1550.22 real, 297 MB
[runlim] sample:		1560.13 time, 1560.22 real, 300 MB
[runlim] sample:		1570.13 time, 1570.22 real, 301 MB
[runlim] sample:		1580.13 time, 1580.22 real, 302 MB
[runlim] sample:		1590.13 time, 1590.22 real, 304 MB
[runlim] sample:		1600.13 time, 1600.22 real, 307 MB
[runlim] sample:		1610.13 time, 1610.22 real, 308 MB
[runlim] sample:		1620.13 time, 1620.22 real, 308 MB
[runlim] sample:		1630.13 time, 1630.22 real, 309 MB
[runlim] sample:		1640.13 time, 1640.22 real, 311 MB
[runlim] sample:		1650.13 time, 1650.22 real, 311 MB
[runlim] sample:		1660.13 time, 1660.22 real, 312 MB
[runlim] sample:		1670.12 time, 1670.22 real, 315 MB
[runlim] sample:		1680.12 time, 1680.22 real, 315 MB
[runlim] sample:		1690.13 time, 1690.22 real, 316 MB
[runlim] sample:		1700.13 time, 1700.22 real, 316 MB
[runlim] sample:		1710.13 time, 1710.22 real, 317 MB
[runlim] sample:		1720.13 time, 1720.22 real, 318 MB
[runlim] sample:		1730.13 time, 1730.22 real, 318 MB
[runlim] sample:		1740.12 time, 1740.22 real, 319 MB
[runlim] sample:		1750.12 time, 1750.22 real, 319 MB
[runlim] sample:		1760.13 time, 1760.22 real, 320 MB
[runlim] sample:		1770.12 time, 1770.22 real, 320 MB
[runlim] sample:		1780.13 time, 1780.22 real, 321 MB
[runlim] sample:		1790.13 time, 1790.22 real, 322 MB
[runlim] sample:		1800.13 time, 1800.22 real, 324 MB
[runlim] sample:		1810.13 time, 1810.22 real, 325 MB
[runlim] sample:		1820.13 time, 1820.22 real, 325 MB
[runlim] sample:		1830.13 time, 1830.22 real, 325 MB
[runlim] sample:		1840.12 time, 1840.22 real, 327 MB
[runlim] sample:		1850.13 time, 1850.22 real, 328 MB
[runlim] sample:		1860.13 time, 1860.22 real, 330 MB
[runlim] sample:		1870.12 time, 1870.22 real, 331 MB
[runlim] sample:		1880.13 time, 1880.22 real, 331 MB
[runlim] sample:		1890.13 time, 1890.22 real, 332 MB
[runlim] sample:		1900.13 time, 1900.22 real, 333 MB
[runlim] sample:		1910.12 time, 1910.22 real, 334 MB
[runlim] sample:		1920.12 time, 1920.22 real, 335 MB
[runlim] sample:		1930.13 time, 1930.22 real, 336 MB
[runlim] sample:		1940.13 time, 1940.22 real, 337 MB
[runlim] sample:		1950.13 time, 1950.22 real, 337 MB
[runlim] sample:		1960.13 time, 1960.22 real, 338 MB
[runlim] sample:		1970.13 time, 1970.22 real, 339 MB
[runlim] sample:		1980.13 time, 1980.22 real, 340 MB
[runlim] sample:		1990.13 time, 1990.22 real, 344 MB
[runlim] sample:		2000.13 time, 2000.22 real, 350 MB
[runlim] sample:		2010.12 time, 2010.22 real, 350 MB
[runlim] sample:		2020.12 time, 2020.22 real, 350 MB
[runlim] sample:		2030.13 time, 2030.22 real, 351 MB
[runlim] sample:		2040.13 time, 2040.22 real, 352 MB
[runlim] sample:		2050.13 time, 2050.22 real, 352 MB
[runlim] sample:		2060.12 time, 2060.22 real, 352 MB
[runlim] sample:		2070.12 time, 2070.22 real, 353 MB
[runlim] sample:		2080.13 time, 2080.22 real, 353 MB
[runlim] sample:		2090.13 time, 2090.22 real, 353 MB
[runlim] sample:		2100.13 time, 2100.22 real, 354 MB
[runlim] sample:		2110.13 time, 2110.22 real, 355 MB
[runlim] sample:		2120.12 time, 2120.22 real, 355 MB
[runlim] sample:		2130.13 time, 2130.22 real, 356 MB
[runlim] sample:		2140.12 time, 2140.22 real, 356 MB
[runlim] sample:		2150.12 time, 2150.22 real, 357 MB
[runlim] sample:		2160.13 time, 2160.22 real, 358 MB
[runlim] sample:		2170.12 time, 2170.22 real, 359 MB
[runlim] sample:		2180.12 time, 2180.22 real, 359 MB
[runlim] sample:		2190.13 time, 2190.22 real, 361 MB
[runlim] sample:		2200.13 time, 2200.22 real, 362 MB
[runlim] sample:		2210.12 time, 2210.22 real, 362 MB
[runlim] sample:		2220.13 time, 2220.22 real, 362 MB
[runlim] sample:		2230.13 time, 2230.22 real, 363 MB
[runlim] sample:		2240.13 time, 2240.22 real, 363 MB
[runlim] sample:		2250.12 time, 2250.22 real, 364 MB
[runlim] sample:		2260.13 time, 2260.22 real, 365 MB
[runlim] sample:		2270.13 time, 2270.22 real, 366 MB
[runlim] sample:		2280.13 time, 2280.22 real, 367 MB
[runlim] sample:		2290.13 time, 2290.22 real, 367 MB
[runlim] sample:		2300.12 time, 2300.22 real, 367 MB
[runlim] sample:		2310.12 time, 2310.22 real, 368 MB
[runlim] sample:		2320.13 time, 2320.22 real, 370 MB
[runlim] sample:		2330.12 time, 2330.22 real, 370 MB
[runlim] sample:		2340.13 time, 2340.22 real, 371 MB
[runlim] sample:		2350.13 time, 2350.22 real, 372 MB
[runlim] sample:		2360.13 time, 2360.22 real, 373 MB
[runlim] sample:		2370.13 time, 2370.22 real, 373 MB
[runlim] sample:		2380.12 time, 2380.22 real, 374 MB
[runlim] sample:		2390.13 time, 2390.22 real, 374 MB
[runlim] sample:		2400.13 time, 2400.22 real, 374 MB
[runlim] sample:		2410.12 time, 2410.22 real, 374 MB
[runlim] sample:		2420.13 time, 2420.22 real, 375 MB
[runlim] sample:		2430.13 time, 2430.22 real, 375 MB
[runlim] sample:		2440.13 time, 2440.22 real, 376 MB
[runlim] sample:		2450.13 time, 2450.22 real, 377 MB
[runlim] sample:		2460.12 time, 2460.22 real, 379 MB
[runlim] sample:		2470.12 time, 2470.22 real, 379 MB
[runlim] sample:		2480.12 time, 2480.22 real, 380 MB
[runlim] sample:		2490.12 time, 2490.22 real, 382 MB
[runlim] sample:		2500.13 time, 2500.22 real, 383 MB
[runlim] sample:		2510.13 time, 2510.22 real, 383 MB
[runlim] sample:		2520.13 time, 2520.22 real, 386 MB
[runlim] sample:		2530.13 time, 2530.22 real, 386 MB
[runlim] sample:		2540.12 time, 2540.22 real, 387 MB
[runlim] sample:		2550.12 time, 2550.22 real, 387 MB
[runlim] sample:		2560.13 time, 2560.22 real, 388 MB
[runlim] sample:		2570.13 time, 2570.22 real, 388 MB
[runlim] sample:		2580.13 time, 2580.22 real, 389 MB
[runlim] sample:		2590.13 time, 2590.22 real, 390 MB
[runlim] sample:		2600.13 time, 2600.22 real, 390 MB
[runlim] sample:		2610.13 time, 2610.22 real, 390 MB
[runlim] sample:		2620.13 time, 2620.22 real, 391 MB
[runlim] sample:		2630.13 time, 2630.22 real, 391 MB
[runlim] sample:		2640.13 time, 2640.22 real, 392 MB
[runlim] sample:		2650.13 time, 2650.22 real, 394 MB
[runlim] sample:		2660.13 time, 2660.22 real, 415 MB
[runlim] sample:		2670.13 time, 2670.22 real, 405 MB
[runlim] sample:		2680.13 time, 2680.22 real, 405 MB
[runlim] sample:		2690.12 time, 2690.22 real, 405 MB
[runlim] end:			Sat Feb 29 08:03:40 2020
[runlim] status:		out of time
[runlim] result:		2
[runlim] children:		1
[runlim] real:			2700.11 seconds
[runlim] time:			2699.93 seconds
[runlim] space:			415 MB
[runlim] samples:		26998
