[runlim] version:		1.18
[runlim] host:			c3n01
[runlim] time limit:		2700 seconds
[runlim] real time limit:	2700 seconds
[runlim] space limit:		7000 MB
[runlim] argv[0]:		./binary
[runlim] argv[1]:		/data/cnf/ankit/E1-A1-Red/4qbf-5cnf-100var-600cl.2.dqbf
[runlim] start:			Sat Feb 29 07:18:40 2020
[runlim] child:			5684
[runlim] sample:		10.10 time, 10.12 real, 32 MB
[runlim] sample:		20.10 time, 20.12 real, 39 MB
[runlim] sample:		30.10 time, 30.12 real, 44 MB
[runlim] sample:		40.10 time, 40.12 real, 52 MB
[runlim] sample:		50.10 time, 50.12 real, 55 MB
[runlim] sample:		60.10 time, 60.12 real, 60 MB
[runlim] sample:		70.10 time, 70.12 real, 63 MB
[runlim] sample:		80.10 time, 80.12 real, 66 MB
[runlim] sample:		90.10 time, 90.12 real, 69 MB
[runlim] sample:		100.20 time, 100.22 real, 73 MB
[runlim] sample:		110.20 time, 110.22 real, 75 MB
[runlim] sample:		120.20 time, 120.22 real, 77 MB
[runlim] sample:		130.19 time, 130.22 real, 79 MB
[runlim] sample:		140.19 time, 140.22 real, 81 MB
[runlim] sample:		150.20 time, 150.22 real, 83 MB
[runlim] sample:		160.20 time, 160.22 real, 86 MB
[runlim] sample:		170.19 time, 170.22 real, 88 MB
[runlim] sample:		180.20 time, 180.22 real, 90 MB
[runlim] sample:		190.19 time, 190.22 real, 92 MB
[runlim] sample:		200.19 time, 200.22 real, 95 MB
[runlim] sample:		210.20 time, 210.22 real, 97 MB
[runlim] sample:		220.20 time, 220.22 real, 99 MB
[runlim] sample:		230.20 time, 230.22 real, 100 MB
[runlim] sample:		240.19 time, 240.22 real, 102 MB
[runlim] sample:		250.20 time, 250.22 real, 103 MB
[runlim] sample:		260.20 time, 260.22 real, 174 MB
[runlim] end:			Sat Feb 29 07:23:00 2020
[runlim] status:		ok
[runlim] result:		0
[runlim] children:		1
[runlim] real:			260.53 seconds
[runlim] time:			260.50 seconds
[runlim] space:			175 MB
[runlim] samples:		2603
