[runlim] version:		1.18
[runlim] host:			c3n01
[runlim] time limit:		2700 seconds
[runlim] real time limit:	2700 seconds
[runlim] space limit:		7000 MB
[runlim] argv[0]:		./binary
[runlim] argv[1]:		/data/cnf/ankit/E1-A1-Red/4qbf-5cnf-100var-600cl.1.dqbf
[runlim] start:			Sat Feb 29 07:18:40 2020
[runlim] child:			5672
[runlim] sample:		10.00 time, 10.02 real, 29 MB
[runlim] sample:		20.00 time, 20.02 real, 37 MB
[runlim] sample:		30.00 time, 30.02 real, 42 MB
[runlim] sample:		40.00 time, 40.02 real, 48 MB
[runlim] sample:		50.00 time, 50.02 real, 52 MB
[runlim] sample:		60.00 time, 60.02 real, 55 MB
[runlim] sample:		70.00 time, 70.02 real, 61 MB
[runlim] sample:		80.00 time, 80.02 real, 64 MB
[runlim] sample:		90.00 time, 90.02 real, 67 MB
[runlim] sample:		100.10 time, 100.12 real, 70 MB
[runlim] sample:		110.10 time, 110.12 real, 73 MB
[runlim] sample:		120.10 time, 120.12 real, 75 MB
[runlim] sample:		130.10 time, 130.12 real, 77 MB
[runlim] sample:		140.10 time, 140.12 real, 79 MB
[runlim] sample:		150.10 time, 150.12 real, 82 MB
[runlim] sample:		160.10 time, 160.12 real, 85 MB
[runlim] sample:		170.10 time, 170.12 real, 88 MB
[runlim] sample:		180.10 time, 180.12 real, 90 MB
[runlim] sample:		190.10 time, 190.12 real, 92 MB
[runlim] sample:		200.10 time, 200.12 real, 94 MB
[runlim] sample:		210.10 time, 210.12 real, 96 MB
[runlim] sample:		220.10 time, 220.12 real, 98 MB
[runlim] sample:		230.10 time, 230.12 real, 100 MB
[runlim] sample:		240.10 time, 240.12 real, 102 MB
[runlim] sample:		250.10 time, 250.12 real, 104 MB
[runlim] sample:		260.10 time, 260.12 real, 107 MB
[runlim] sample:		270.10 time, 270.12 real, 109 MB
[runlim] sample:		280.10 time, 280.12 real, 112 MB
[runlim] sample:		290.10 time, 290.12 real, 114 MB
[runlim] sample:		300.10 time, 300.12 real, 115 MB
[runlim] sample:		310.10 time, 310.12 real, 117 MB
[runlim] sample:		320.10 time, 320.12 real, 119 MB
[runlim] sample:		330.10 time, 330.12 real, 121 MB
[runlim] sample:		340.10 time, 340.12 real, 123 MB
[runlim] sample:		350.10 time, 350.12 real, 125 MB
[runlim] sample:		360.10 time, 360.12 real, 127 MB
[runlim] sample:		370.10 time, 370.12 real, 129 MB
[runlim] sample:		380.10 time, 380.12 real, 132 MB
[runlim] sample:		390.10 time, 390.12 real, 132 MB
[runlim] sample:		400.10 time, 400.12 real, 134 MB
[runlim] sample:		410.10 time, 410.12 real, 135 MB
[runlim] sample:		420.10 time, 420.12 real, 140 MB
[runlim] sample:		430.10 time, 430.12 real, 141 MB
[runlim] sample:		440.10 time, 440.12 real, 143 MB
[runlim] sample:		450.10 time, 450.12 real, 144 MB
[runlim] sample:		460.10 time, 460.12 real, 145 MB
[runlim] sample:		470.10 time, 470.12 real, 147 MB
[runlim] sample:		480.10 time, 480.12 real, 148 MB
[runlim] sample:		490.10 time, 490.12 real, 150 MB
[runlim] sample:		500.10 time, 500.12 real, 151 MB
[runlim] sample:		510.10 time, 510.12 real, 152 MB
[runlim] sample:		520.10 time, 520.12 real, 153 MB
[runlim] sample:		530.10 time, 530.12 real, 155 MB
[runlim] sample:		540.10 time, 540.12 real, 156 MB
[runlim] sample:		550.10 time, 550.12 real, 158 MB
[runlim] sample:		560.10 time, 560.12 real, 160 MB
[runlim] sample:		570.10 time, 570.12 real, 161 MB
[runlim] sample:		580.10 time, 580.12 real, 162 MB
[runlim] sample:		590.10 time, 590.12 real, 163 MB
[runlim] sample:		600.10 time, 600.12 real, 165 MB
[runlim] sample:		610.10 time, 610.12 real, 166 MB
[runlim] sample:		620.10 time, 620.12 real, 167 MB
[runlim] sample:		630.10 time, 630.12 real, 168 MB
[runlim] sample:		640.10 time, 640.12 real, 169 MB
[runlim] sample:		650.10 time, 650.12 real, 172 MB
[runlim] sample:		660.10 time, 660.12 real, 173 MB
[runlim] sample:		670.10 time, 670.12 real, 175 MB
[runlim] sample:		680.09 time, 680.12 real, 176 MB
[runlim] sample:		690.10 time, 690.12 real, 177 MB
[runlim] sample:		700.10 time, 700.12 real, 178 MB
[runlim] sample:		710.10 time, 710.12 real, 179 MB
[runlim] sample:		720.10 time, 720.12 real, 180 MB
[runlim] sample:		730.10 time, 730.12 real, 181 MB
[runlim] sample:		740.10 time, 740.12 real, 182 MB
[runlim] sample:		750.09 time, 750.12 real, 183 MB
[runlim] sample:		760.10 time, 760.12 real, 185 MB
[runlim] sample:		770.10 time, 770.12 real, 185 MB
[runlim] sample:		780.10 time, 780.12 real, 192 MB
[runlim] sample:		790.10 time, 790.12 real, 190 MB
[runlim] sample:		800.10 time, 800.12 real, 191 MB
[runlim] sample:		810.10 time, 810.12 real, 192 MB
[runlim] sample:		820.09 time, 820.12 real, 194 MB
[runlim] sample:		830.09 time, 830.12 real, 194 MB
[runlim] sample:		840.10 time, 840.12 real, 195 MB
[runlim] sample:		850.10 time, 850.12 real, 196 MB
[runlim] sample:		860.10 time, 860.12 real, 198 MB
[runlim] sample:		870.10 time, 870.12 real, 198 MB
[runlim] sample:		880.10 time, 880.12 real, 200 MB
[runlim] sample:		890.10 time, 890.12 real, 201 MB
[runlim] sample:		900.09 time, 900.12 real, 203 MB
[runlim] sample:		910.10 time, 910.12 real, 203 MB
[runlim] sample:		920.09 time, 920.12 real, 205 MB
[runlim] sample:		930.10 time, 930.12 real, 205 MB
[runlim] sample:		940.10 time, 940.12 real, 206 MB
[runlim] sample:		950.10 time, 950.12 real, 209 MB
[runlim] sample:		960.10 time, 960.12 real, 209 MB
[runlim] sample:		970.10 time, 970.12 real, 210 MB
[runlim] sample:		980.10 time, 980.12 real, 211 MB
[runlim] sample:		990.09 time, 990.12 real, 211 MB
[runlim] sample:		1000.10 time, 1000.12 real, 212 MB
[runlim] sample:		1010.09 time, 1010.12 real, 213 MB
[runlim] sample:		1020.10 time, 1020.12 real, 214 MB
[runlim] sample:		1030.09 time, 1030.12 real, 215 MB
[runlim] sample:		1040.10 time, 1040.12 real, 216 MB
[runlim] sample:		1050.10 time, 1050.12 real, 217 MB
[runlim] sample:		1060.10 time, 1060.12 real, 219 MB
[runlim] sample:		1070.10 time, 1070.12 real, 219 MB
[runlim] sample:		1080.10 time, 1080.12 real, 220 MB
[runlim] sample:		1090.09 time, 1090.12 real, 221 MB
[runlim] sample:		1100.10 time, 1100.12 real, 222 MB
[runlim] sample:		1110.10 time, 1110.12 real, 223 MB
[runlim] sample:		1120.09 time, 1120.12 real, 224 MB
[runlim] sample:		1130.10 time, 1130.12 real, 225 MB
[runlim] sample:		1140.09 time, 1140.12 real, 226 MB
[runlim] sample:		1150.10 time, 1150.12 real, 227 MB
[runlim] sample:		1160.09 time, 1160.12 real, 228 MB
[runlim] sample:		1170.10 time, 1170.12 real, 229 MB
[runlim] sample:		1180.10 time, 1180.12 real, 230 MB
[runlim] sample:		1190.10 time, 1190.12 real, 232 MB
[runlim] sample:		1200.10 time, 1200.12 real, 232 MB
[runlim] sample:		1210.10 time, 1210.12 real, 234 MB
[runlim] sample:		1220.09 time, 1220.12 real, 235 MB
[runlim] sample:		1230.10 time, 1230.12 real, 236 MB
[runlim] sample:		1240.09 time, 1240.12 real, 237 MB
[runlim] sample:		1250.10 time, 1250.12 real, 238 MB
[runlim] sample:		1260.09 time, 1260.12 real, 239 MB
[runlim] sample:		1270.10 time, 1270.12 real, 239 MB
[runlim] sample:		1280.09 time, 1280.12 real, 240 MB
[runlim] sample:		1290.10 time, 1290.12 real, 240 MB
[runlim] sample:		1300.10 time, 1300.12 real, 241 MB
[runlim] sample:		1310.10 time, 1310.12 real, 242 MB
[runlim] sample:		1320.09 time, 1320.12 real, 243 MB
[runlim] sample:		1330.10 time, 1330.12 real, 243 MB
[runlim] sample:		1340.09 time, 1340.12 real, 244 MB
[runlim] sample:		1350.10 time, 1350.12 real, 245 MB
[runlim] sample:		1360.09 time, 1360.12 real, 246 MB
[runlim] sample:		1370.09 time, 1370.12 real, 248 MB
[runlim] sample:		1380.10 time, 1380.12 real, 248 MB
[runlim] sample:		1390.09 time, 1390.12 real, 249 MB
[runlim] sample:		1400.10 time, 1400.12 real, 250 MB
[runlim] sample:		1410.09 time, 1410.12 real, 251 MB
[runlim] sample:		1420.10 time, 1420.12 real, 252 MB
[runlim] sample:		1430.10 time, 1430.12 real, 252 MB
[runlim] sample:		1440.09 time, 1440.12 real, 253 MB
[runlim] sample:		1450.10 time, 1450.12 real, 254 MB
[runlim] sample:		1460.10 time, 1460.12 real, 255 MB
[runlim] sample:		1470.09 time, 1470.12 real, 256 MB
[runlim] sample:		1480.10 time, 1480.12 real, 257 MB
[runlim] sample:		1490.09 time, 1490.12 real, 257 MB
[runlim] sample:		1500.09 time, 1500.12 real, 258 MB
[runlim] sample:		1510.09 time, 1510.12 real, 258 MB
[runlim] sample:		1520.09 time, 1520.12 real, 259 MB
[runlim] sample:		1530.10 time, 1530.12 real, 260 MB
[runlim] sample:		1540.10 time, 1540.12 real, 261 MB
[runlim] sample:		1550.09 time, 1550.12 real, 261 MB
[runlim] sample:		1560.09 time, 1560.12 real, 262 MB
[runlim] sample:		1570.09 time, 1570.12 real, 263 MB
[runlim] sample:		1580.10 time, 1580.12 real, 263 MB
[runlim] sample:		1590.10 time, 1590.12 real, 264 MB
[runlim] sample:		1600.10 time, 1600.12 real, 265 MB
[runlim] sample:		1610.10 time, 1610.12 real, 266 MB
[runlim] sample:		1620.09 time, 1620.12 real, 266 MB
[runlim] sample:		1630.09 time, 1630.12 real, 268 MB
[runlim] sample:		1640.09 time, 1640.12 real, 269 MB
[runlim] sample:		1650.10 time, 1650.12 real, 269 MB
[runlim] sample:		1660.10 time, 1660.12 real, 270 MB
[runlim] sample:		1670.09 time, 1670.12 real, 270 MB
[runlim] sample:		1680.09 time, 1680.12 real, 271 MB
[runlim] sample:		1690.09 time, 1690.12 real, 272 MB
[runlim] sample:		1700.10 time, 1700.12 real, 272 MB
[runlim] sample:		1710.09 time, 1710.12 real, 273 MB
[runlim] sample:		1720.09 time, 1720.12 real, 274 MB
[runlim] sample:		1730.09 time, 1730.12 real, 275 MB
[runlim] sample:		1740.09 time, 1740.12 real, 276 MB
[runlim] sample:		1750.09 time, 1750.12 real, 276 MB
[runlim] sample:		1760.10 time, 1760.12 real, 277 MB
[runlim] sample:		1770.09 time, 1770.12 real, 277 MB
[runlim] sample:		1780.09 time, 1780.12 real, 278 MB
[runlim] sample:		1790.09 time, 1790.12 real, 280 MB
[runlim] sample:		1800.09 time, 1800.12 real, 281 MB
[runlim] sample:		1810.09 time, 1810.12 real, 282 MB
[runlim] sample:		1820.10 time, 1820.12 real, 283 MB
[runlim] sample:		1830.10 time, 1830.12 real, 283 MB
[runlim] sample:		1840.09 time, 1840.12 real, 284 MB
[runlim] sample:		1850.09 time, 1850.12 real, 285 MB
[runlim] sample:		1860.09 time, 1860.12 real, 285 MB
[runlim] sample:		1870.09 time, 1870.12 real, 286 MB
[runlim] sample:		1880.10 time, 1880.12 real, 287 MB
[runlim] sample:		1890.09 time, 1890.12 real, 288 MB
[runlim] sample:		1900.09 time, 1900.12 real, 288 MB
[runlim] sample:		1910.09 time, 1910.12 real, 289 MB
[runlim] sample:		1920.09 time, 1920.12 real, 289 MB
[runlim] sample:		1930.09 time, 1930.12 real, 290 MB
[runlim] sample:		1940.09 time, 1940.12 real, 290 MB
[runlim] sample:		1950.10 time, 1950.12 real, 283 MB
[runlim] sample:		1960.10 time, 1960.12 real, 284 MB
[runlim] end:			Sat Feb 29 07:51:23 2020
[runlim] status:		ok
[runlim] result:		0
[runlim] children:		1
[runlim] real:			1963.51 seconds
[runlim] time:			1963.39 seconds
[runlim] space:			291 MB
[runlim] samples:		19633
