[runlim] version:		1.18
[runlim] host:			c3n09
[runlim] time limit:		2700 seconds
[runlim] real time limit:	2700 seconds
[runlim] space limit:		7000 MB
[runlim] argv[0]:		./binary
[runlim] argv[1]:		/data/cnf/ankit/E1-A1-Red/b21_PR_8_20.dqbf
[runlim] start:			Sat Feb 29 07:18:41 2020
[runlim] child:			17604
[runlim] sample:		9.94 time, 10.12 real, 58 MB
[runlim] sample:		19.94 time, 20.12 real, 87 MB
[runlim] sample:		29.93 time, 30.12 real, 121 MB
[runlim] sample:		39.94 time, 40.12 real, 151 MB
[runlim] sample:		49.94 time, 50.12 real, 180 MB
[runlim] sample:		59.94 time, 60.12 real, 210 MB
[runlim] sample:		69.93 time, 70.12 real, 239 MB
[runlim] sample:		79.94 time, 80.12 real, 268 MB
[runlim] sample:		89.94 time, 90.12 real, 244 MB
[runlim] sample:		100.13 time, 100.32 real, 273 MB
[runlim] sample:		110.14 time, 110.32 real, 302 MB
[runlim] sample:		120.14 time, 120.32 real, 331 MB
[runlim] sample:		130.14 time, 130.32 real, 361 MB
[runlim] sample:		140.14 time, 140.32 real, 390 MB
[runlim] sample:		150.14 time, 150.32 real, 419 MB
[runlim] sample:		160.13 time, 160.32 real, 449 MB
[runlim] sample:		170.14 time, 170.32 real, 477 MB
[runlim] sample:		180.13 time, 180.32 real, 506 MB
[runlim] sample:		190.13 time, 190.32 real, 429 MB
[runlim] sample:		200.13 time, 200.32 real, 457 MB
[runlim] sample:		210.13 time, 210.32 real, 487 MB
[runlim] sample:		220.13 time, 220.32 real, 517 MB
[runlim] sample:		230.14 time, 230.32 real, 548 MB
[runlim] sample:		240.14 time, 240.32 real, 578 MB
[runlim] sample:		250.14 time, 250.33 real, 608 MB
[runlim] sample:		260.14 time, 260.32 real, 639 MB
[runlim] sample:		270.14 time, 270.32 real, 669 MB
[runlim] sample:		280.14 time, 280.32 real, 699 MB
[runlim] sample:		290.14 time, 290.32 real, 729 MB
[runlim] sample:		300.14 time, 300.32 real, 758 MB
[runlim] sample:		310.14 time, 310.32 real, 787 MB
[runlim] sample:		320.14 time, 320.32 real, 817 MB
[runlim] sample:		330.14 time, 330.32 real, 846 MB
[runlim] sample:		340.14 time, 340.32 real, 876 MB
[runlim] sample:		350.14 time, 350.32 real, 906 MB
[runlim] sample:		360.14 time, 360.32 real, 935 MB
[runlim] sample:		370.14 time, 370.32 real, 966 MB
[runlim] sample:		380.14 time, 380.32 real, 810 MB
[runlim] sample:		390.14 time, 390.32 real, 839 MB
[runlim] sample:		400.14 time, 400.32 real, 870 MB
[runlim] sample:		410.15 time, 410.32 real, 900 MB
[runlim] sample:		420.14 time, 420.32 real, 927 MB
[runlim] sample:		430.14 time, 430.32 real, 957 MB
[runlim] sample:		440.14 time, 440.32 real, 986 MB
[runlim] sample:		450.14 time, 450.32 real, 1016 MB
[runlim] sample:		460.14 time, 460.32 real, 1046 MB
[runlim] sample:		470.13 time, 470.32 real, 1075 MB
[runlim] sample:		480.14 time, 480.32 real, 1106 MB
[runlim] sample:		490.14 time, 490.32 real, 1135 MB
[runlim] sample:		500.14 time, 500.32 real, 1163 MB
[runlim] sample:		510.14 time, 510.32 real, 1192 MB
[runlim] sample:		520.15 time, 520.32 real, 1221 MB
[runlim] sample:		530.15 time, 530.32 real, 1249 MB
[runlim] sample:		540.14 time, 540.32 real, 1279 MB
[runlim] sample:		550.14 time, 550.32 real, 1307 MB
[runlim] sample:		560.14 time, 560.32 real, 1336 MB
[runlim] sample:		570.14 time, 570.32 real, 1364 MB
[runlim] sample:		580.14 time, 580.32 real, 1392 MB
[runlim] sample:		590.14 time, 590.32 real, 1422 MB
[runlim] sample:		600.14 time, 600.32 real, 1450 MB
[runlim] sample:		610.14 time, 610.32 real, 1479 MB
[runlim] sample:		620.14 time, 620.32 real, 1507 MB
[runlim] sample:		630.14 time, 630.32 real, 1535 MB
[runlim] sample:		640.14 time, 640.32 real, 1563 MB
[runlim] sample:		650.14 time, 650.32 real, 1590 MB
[runlim] sample:		660.15 time, 660.32 real, 1618 MB
[runlim] sample:		670.15 time, 670.32 real, 1646 MB
[runlim] sample:		680.14 time, 680.32 real, 1673 MB
[runlim] sample:		690.15 time, 690.32 real, 1702 MB
[runlim] sample:		700.14 time, 700.32 real, 1732 MB
[runlim] sample:		710.14 time, 710.32 real, 1760 MB
[runlim] sample:		720.14 time, 720.32 real, 1789 MB
[runlim] sample:		730.14 time, 730.32 real, 1818 MB
[runlim] sample:		740.14 time, 740.32 real, 1845 MB
[runlim] sample:		750.14 time, 750.32 real, 1874 MB
[runlim] sample:		760.14 time, 760.32 real, 1902 MB
[runlim] sample:		770.14 time, 770.32 real, 1554 MB
[runlim] sample:		780.14 time, 780.32 real, 1582 MB
[runlim] sample:		790.14 time, 790.32 real, 1610 MB
[runlim] sample:		800.13 time, 800.32 real, 1640 MB
[runlim] sample:		810.14 time, 810.32 real, 1668 MB
[runlim] sample:		820.14 time, 820.32 real, 1696 MB
[runlim] sample:		830.14 time, 830.32 real, 1725 MB
[runlim] sample:		840.14 time, 840.32 real, 1753 MB
[runlim] sample:		850.14 time, 850.32 real, 1780 MB
[runlim] sample:		860.14 time, 860.32 real, 1808 MB
[runlim] sample:		870.14 time, 870.32 real, 1838 MB
[runlim] sample:		880.15 time, 880.32 real, 1866 MB
[runlim] sample:		890.14 time, 890.32 real, 1894 MB
[runlim] sample:		900.15 time, 900.32 real, 1922 MB
[runlim] sample:		910.15 time, 910.32 real, 1951 MB
[runlim] sample:		920.14 time, 920.32 real, 1980 MB
[runlim] sample:		930.15 time, 930.32 real, 2009 MB
[runlim] sample:		940.14 time, 940.32 real, 2037 MB
[runlim] sample:		950.13 time, 950.32 real, 2065 MB
[runlim] sample:		960.14 time, 960.32 real, 2094 MB
[runlim] sample:		970.14 time, 970.32 real, 2122 MB
[runlim] sample:		980.14 time, 980.32 real, 2153 MB
[runlim] sample:		990.14 time, 990.32 real, 2181 MB
[runlim] sample:		1000.14 time, 1000.32 real, 2210 MB
[runlim] sample:		1010.14 time, 1010.32 real, 2239 MB
[runlim] sample:		1020.14 time, 1020.32 real, 2268 MB
[runlim] sample:		1030.13 time, 1030.32 real, 2297 MB
[runlim] sample:		1040.14 time, 1040.32 real, 2327 MB
[runlim] sample:		1050.14 time, 1050.32 real, 2355 MB
[runlim] sample:		1060.14 time, 1060.32 real, 2385 MB
[runlim] sample:		1070.14 time, 1070.32 real, 2414 MB
[runlim] sample:		1080.14 time, 1080.32 real, 2443 MB
[runlim] sample:		1090.13 time, 1090.32 real, 2472 MB
[runlim] sample:		1100.14 time, 1100.32 real, 2500 MB
[runlim] sample:		1110.14 time, 1110.32 real, 2529 MB
[runlim] sample:		1120.14 time, 1120.32 real, 2560 MB
[runlim] sample:		1130.14 time, 1130.32 real, 2588 MB
[runlim] sample:		1140.14 time, 1140.32 real, 2617 MB
[runlim] sample:		1150.14 time, 1150.32 real, 2645 MB
[runlim] sample:		1160.14 time, 1160.32 real, 2674 MB
[runlim] sample:		1170.13 time, 1170.32 real, 2702 MB
[runlim] sample:		1180.14 time, 1180.32 real, 2734 MB
[runlim] sample:		1190.13 time, 1190.32 real, 2762 MB
[runlim] sample:		1200.14 time, 1200.32 real, 2791 MB
[runlim] sample:		1210.14 time, 1210.32 real, 2820 MB
[runlim] sample:		1220.13 time, 1220.32 real, 2849 MB
[runlim] sample:		1230.14 time, 1230.32 real, 2877 MB
[runlim] sample:		1240.14 time, 1240.32 real, 2908 MB
[runlim] sample:		1250.14 time, 1250.32 real, 2936 MB
[runlim] sample:		1260.14 time, 1260.32 real, 2967 MB
[runlim] sample:		1270.14 time, 1270.32 real, 2996 MB
[runlim] sample:		1280.14 time, 1280.32 real, 3024 MB
[runlim] sample:		1290.14 time, 1290.32 real, 3053 MB
[runlim] sample:		1300.14 time, 1300.32 real, 3082 MB
[runlim] sample:		1310.14 time, 1310.32 real, 3110 MB
[runlim] sample:		1320.14 time, 1320.32 real, 3138 MB
[runlim] sample:		1330.14 time, 1330.32 real, 3168 MB
[runlim] sample:		1340.14 time, 1340.32 real, 3198 MB
[runlim] sample:		1350.14 time, 1350.32 real, 3228 MB
[runlim] sample:		1360.14 time, 1360.32 real, 3256 MB
[runlim] sample:		1370.14 time, 1370.32 real, 3285 MB
[runlim] sample:		1380.14 time, 1380.32 real, 3312 MB
[runlim] sample:		1390.14 time, 1390.32 real, 3340 MB
[runlim] sample:		1400.14 time, 1400.32 real, 3368 MB
[runlim] sample:		1410.14 time, 1410.32 real, 3395 MB
[runlim] sample:		1420.13 time, 1420.32 real, 3424 MB
[runlim] sample:		1430.14 time, 1430.32 real, 3452 MB
[runlim] sample:		1440.14 time, 1440.32 real, 3481 MB
[runlim] sample:		1450.13 time, 1450.32 real, 3508 MB
[runlim] sample:		1460.14 time, 1460.32 real, 3535 MB
[runlim] sample:		1470.14 time, 1470.32 real, 3567 MB
[runlim] sample:		1480.14 time, 1480.32 real, 6336 MB
[runlim] sample:		1490.14 time, 1490.32 real, 2925 MB
[runlim] sample:		1500.14 time, 1500.32 real, 2954 MB
[runlim] sample:		1510.14 time, 1510.32 real, 2982 MB
[runlim] sample:		1520.14 time, 1520.32 real, 3010 MB
[runlim] sample:		1530.14 time, 1530.32 real, 3039 MB
[runlim] sample:		1540.14 time, 1540.32 real, 3067 MB
[runlim] sample:		1550.14 time, 1550.32 real, 3095 MB
[runlim] sample:		1560.14 time, 1560.32 real, 3127 MB
[runlim] sample:		1570.14 time, 1570.32 real, 3156 MB
[runlim] sample:		1580.14 time, 1580.32 real, 3184 MB
[runlim] sample:		1590.14 time, 1590.32 real, 3213 MB
[runlim] sample:		1600.14 time, 1600.32 real, 3242 MB
[runlim] sample:		1610.14 time, 1610.32 real, 3270 MB
[runlim] sample:		1620.13 time, 1620.32 real, 3298 MB
[runlim] sample:		1630.14 time, 1630.32 real, 3326 MB
[runlim] sample:		1640.14 time, 1640.32 real, 3353 MB
[runlim] sample:		1650.14 time, 1650.32 real, 3382 MB
[runlim] sample:		1660.14 time, 1660.32 real, 3410 MB
[runlim] sample:		1670.14 time, 1670.32 real, 3438 MB
[runlim] sample:		1680.14 time, 1680.32 real, 3466 MB
[runlim] sample:		1690.14 time, 1690.32 real, 3494 MB
[runlim] sample:		1700.14 time, 1700.32 real, 3522 MB
[runlim] sample:		1710.14 time, 1710.32 real, 3551 MB
[runlim] sample:		1720.14 time, 1720.32 real, 3581 MB
[runlim] sample:		1730.14 time, 1730.32 real, 3609 MB
[runlim] sample:		1740.14 time, 1740.32 real, 3636 MB
[runlim] sample:		1750.14 time, 1750.32 real, 3663 MB
[runlim] sample:		1760.14 time, 1760.32 real, 3693 MB
[runlim] sample:		1770.14 time, 1770.32 real, 3724 MB
[runlim] sample:		1780.14 time, 1780.32 real, 3753 MB
[runlim] sample:		1790.14 time, 1790.32 real, 3781 MB
[runlim] sample:		1800.14 time, 1800.32 real, 3809 MB
[runlim] sample:		1810.14 time, 1810.32 real, 3837 MB
[runlim] sample:		1820.14 time, 1820.32 real, 3864 MB
[runlim] sample:		1830.14 time, 1830.32 real, 3891 MB
[runlim] sample:		1840.14 time, 1840.32 real, 3920 MB
[runlim] sample:		1850.14 time, 1850.32 real, 3947 MB
[runlim] sample:		1860.14 time, 1860.32 real, 3975 MB
[runlim] sample:		1870.14 time, 1870.32 real, 4003 MB
[runlim] sample:		1880.14 time, 1880.32 real, 4033 MB
[runlim] sample:		1890.14 time, 1890.32 real, 4061 MB
[runlim] sample:		1900.14 time, 1900.32 real, 4093 MB
[runlim] sample:		1910.14 time, 1910.32 real, 4121 MB
[runlim] sample:		1920.14 time, 1920.32 real, 4153 MB
[runlim] sample:		1930.14 time, 1930.32 real, 4181 MB
[runlim] sample:		1940.14 time, 1940.32 real, 4208 MB
[runlim] sample:		1950.14 time, 1950.32 real, 4235 MB
[runlim] sample:		1960.14 time, 1960.32 real, 4261 MB
[runlim] sample:		1970.14 time, 1970.32 real, 4288 MB
ERROR: memory manager can't handle the load size: 1073741696 needed: 465 newcapacity: 1073741823
ERROR: exception thrown past FFI boundary
[runlim] end:			Sat Feb 29 07:51:34 2020
[runlim] status:		ok
[runlim] result:		0
[runlim] children:		1
[runlim] real:			1972.59 seconds
[runlim] time:			1972.34 seconds
[runlim] space:			6336 MB
[runlim] samples:		19722
