[runlim] version:		1.18
[runlim] host:			c3n19
[runlim] time limit:		2700 seconds
[runlim] real time limit:	2700 seconds
[runlim] space limit:		7000 MB
[runlim] argv[0]:		./binary
[runlim] argv[1]:		/data/cnf/ankit/E1-A1-Red/bobsmhdlc.R
[runlim] start:			Sat Feb 29 07:18:40 2020
[runlim] child:			23687
[runlim] sample:		9.26 time, 10.12 real, 38 MB
[runlim] sample:		19.26 time, 20.12 real, 65 MB
[runlim] sample:		29.26 time, 30.12 real, 91 MB
[runlim] sample:		39.26 time, 40.12 real, 116 MB
[runlim] sample:		49.26 time, 50.12 real, 142 MB
[runlim] sample:		59.26 time, 60.12 real, 167 MB
[runlim] sample:		69.26 time, 70.12 real, 192 MB
[runlim] sample:		79.26 time, 80.12 real, 217 MB
[runlim] sample:		89.26 time, 90.12 real, 242 MB
[runlim] sample:		99.36 time, 100.22 real, 266 MB
[runlim] sample:		109.36 time, 110.22 real, 288 MB
[runlim] sample:		119.36 time, 120.22 real, 309 MB
[runlim] sample:		129.36 time, 130.22 real, 330 MB
[runlim] sample:		139.36 time, 140.22 real, 352 MB
[runlim] sample:		149.36 time, 150.22 real, 372 MB
[runlim] sample:		159.36 time, 160.22 real, 395 MB
[runlim] sample:		169.36 time, 170.22 real, 415 MB
[runlim] sample:		179.36 time, 180.22 real, 438 MB
[runlim] sample:		189.36 time, 190.22 real, 458 MB
[runlim] sample:		199.36 time, 200.22 real, 480 MB
[runlim] sample:		209.36 time, 210.22 real, 499 MB
[runlim] sample:		219.36 time, 220.22 real, 520 MB
[runlim] sample:		229.36 time, 230.22 real, 542 MB
[runlim] sample:		239.36 time, 240.22 real, 567 MB
[runlim] sample:		249.36 time, 250.22 real, 587 MB
[runlim] sample:		259.36 time, 260.22 real, 607 MB
[runlim] sample:		269.36 time, 270.22 real, 625 MB
[runlim] sample:		279.36 time, 280.22 real, 498 MB
[runlim] sample:		289.36 time, 290.22 real, 516 MB
[runlim] sample:		299.36 time, 300.22 real, 537 MB
[runlim] sample:		309.36 time, 310.22 real, 557 MB
[runlim] sample:		319.36 time, 320.22 real, 576 MB
[runlim] sample:		329.35 time, 330.22 real, 594 MB
[runlim] sample:		339.36 time, 340.22 real, 611 MB
[runlim] sample:		349.36 time, 350.22 real, 628 MB
[runlim] sample:		359.36 time, 360.22 real, 646 MB
[runlim] sample:		369.35 time, 370.22 real, 662 MB
[runlim] sample:		379.36 time, 380.22 real, 677 MB
[runlim] sample:		389.35 time, 390.22 real, 697 MB
[runlim] sample:		399.36 time, 400.22 real, 718 MB
[runlim] sample:		409.36 time, 410.22 real, 734 MB
[runlim] sample:		419.36 time, 420.22 real, 752 MB
[runlim] sample:		429.36 time, 430.22 real, 769 MB
[runlim] sample:		439.36 time, 440.22 real, 785 MB
[runlim] sample:		449.36 time, 450.22 real, 801 MB
[runlim] sample:		459.36 time, 460.22 real, 815 MB
[runlim] sample:		469.35 time, 470.22 real, 834 MB
[runlim] sample:		479.35 time, 480.22 real, 850 MB
[runlim] sample:		489.35 time, 490.22 real, 868 MB
[runlim] sample:		499.35 time, 500.22 real, 886 MB
[runlim] sample:		509.35 time, 510.22 real, 906 MB
[runlim] sample:		519.35 time, 520.22 real, 923 MB
[runlim] sample:		529.35 time, 530.22 real, 939 MB
[runlim] sample:		539.35 time, 540.22 real, 955 MB
[runlim] sample:		549.36 time, 550.22 real, 969 MB
[runlim] sample:		559.35 time, 560.22 real, 987 MB
[runlim] sample:		569.35 time, 570.22 real, 1002 MB
[runlim] sample:		579.36 time, 580.22 real, 1019 MB
[runlim] sample:		589.35 time, 590.22 real, 1037 MB
[runlim] sample:		599.35 time, 600.22 real, 1057 MB
[runlim] sample:		609.36 time, 610.22 real, 1075 MB
[runlim] sample:		619.36 time, 620.22 real, 1090 MB
[runlim] sample:		629.36 time, 630.22 real, 1104 MB
[runlim] sample:		639.36 time, 640.22 real, 1122 MB
[runlim] sample:		649.35 time, 650.22 real, 1139 MB
[runlim] sample:		659.35 time, 660.22 real, 1156 MB
[runlim] sample:		669.36 time, 670.22 real, 1171 MB
[runlim] sample:		679.36 time, 680.22 real, 1184 MB
[runlim] sample:		689.36 time, 690.22 real, 1196 MB
[runlim] sample:		699.35 time, 700.22 real, 1209 MB
[runlim] sample:		709.35 time, 710.22 real, 1220 MB
[runlim] sample:		719.36 time, 720.22 real, 1237 MB
[runlim] sample:		729.35 time, 730.22 real, 1251 MB
[runlim] sample:		739.36 time, 740.22 real, 1264 MB
[runlim] sample:		749.36 time, 750.22 real, 1278 MB
[runlim] sample:		759.36 time, 760.22 real, 1293 MB
[runlim] sample:		769.35 time, 770.22 real, 1310 MB
[runlim] sample:		779.35 time, 780.22 real, 1327 MB
[runlim] sample:		789.35 time, 790.22 real, 1342 MB
[runlim] sample:		799.35 time, 800.22 real, 1356 MB
[runlim] sample:		809.35 time, 810.22 real, 1368 MB
[runlim] sample:		819.35 time, 820.22 real, 1381 MB
[runlim] sample:		829.35 time, 830.22 real, 1396 MB
[runlim] sample:		839.36 time, 840.22 real, 1411 MB
[runlim] sample:		849.35 time, 850.22 real, 1428 MB
[runlim] sample:		859.35 time, 860.22 real, 1449 MB
[runlim] sample:		869.36 time, 870.22 real, 1470 MB
[runlim] sample:		879.35 time, 880.22 real, 1486 MB
[runlim] sample:		889.35 time, 890.22 real, 1501 MB
[runlim] sample:		899.35 time, 900.22 real, 1515 MB
[runlim] sample:		909.35 time, 910.22 real, 1531 MB
[runlim] sample:		919.35 time, 920.22 real, 1549 MB
[runlim] sample:		929.35 time, 930.22 real, 1565 MB
[runlim] sample:		939.35 time, 940.22 real, 1581 MB
[runlim] sample:		949.35 time, 950.22 real, 1598 MB
[runlim] sample:		959.35 time, 960.22 real, 1612 MB
[runlim] sample:		969.35 time, 970.22 real, 1626 MB
[runlim] sample:		979.35 time, 980.22 real, 1644 MB
[runlim] sample:		989.35 time, 990.22 real, 1661 MB
[runlim] sample:		999.35 time, 1000.22 real, 1678 MB
[runlim] sample:		1009.35 time, 1010.22 real, 1693 MB
[runlim] sample:		1019.35 time, 1020.22 real, 1707 MB
[runlim] sample:		1029.35 time, 1030.22 real, 1721 MB
[runlim] sample:		1039.36 time, 1040.22 real, 1735 MB
[runlim] sample:		1049.35 time, 1050.22 real, 1749 MB
[runlim] sample:		1059.36 time, 1060.22 real, 1762 MB
[runlim] sample:		1069.35 time, 1070.22 real, 1775 MB
[runlim] sample:		1079.35 time, 1080.22 real, 1787 MB
[runlim] sample:		1089.35 time, 1090.22 real, 1799 MB
[runlim] sample:		1099.35 time, 1100.22 real, 1810 MB
[runlim] sample:		1109.35 time, 1110.22 real, 1823 MB
[runlim] sample:		1119.35 time, 1120.22 real, 1835 MB
[runlim] sample:		1129.36 time, 1130.22 real, 1848 MB
[runlim] sample:		1139.35 time, 1140.22 real, 1862 MB
[runlim] sample:		1149.35 time, 1150.22 real, 1874 MB
[runlim] sample:		1159.35 time, 1160.22 real, 1887 MB
[runlim] sample:		1169.35 time, 1170.22 real, 1899 MB
[runlim] sample:		1179.35 time, 1180.22 real, 1911 MB
[runlim] sample:		1189.35 time, 1190.22 real, 1924 MB
[runlim] sample:		1199.35 time, 1200.22 real, 1936 MB
[runlim] sample:		1209.35 time, 1210.22 real, 1950 MB
[runlim] sample:		1219.35 time, 1220.22 real, 1963 MB
[runlim] sample:		1229.35 time, 1230.22 real, 1975 MB
[runlim] sample:		1239.35 time, 1240.22 real, 1989 MB
[runlim] sample:		1249.35 time, 1250.22 real, 2004 MB
[runlim] sample:		1259.35 time, 1260.22 real, 2018 MB
[runlim] sample:		1269.35 time, 1270.22 real, 2029 MB
[runlim] sample:		1279.35 time, 1280.22 real, 2042 MB
[runlim] sample:		1289.35 time, 1290.22 real, 2055 MB
[runlim] sample:		1299.35 time, 1300.22 real, 2066 MB
[runlim] sample:		1309.35 time, 1310.22 real, 2079 MB
[runlim] sample:		1319.35 time, 1320.22 real, 2090 MB
[runlim] sample:		1329.35 time, 1330.22 real, 2100 MB
[runlim] sample:		1339.35 time, 1340.22 real, 2109 MB
[runlim] sample:		1349.35 time, 1350.22 real, 2122 MB
[runlim] sample:		1359.35 time, 1360.22 real, 2135 MB
[runlim] sample:		1369.35 time, 1370.22 real, 2145 MB
[runlim] sample:		1379.35 time, 1380.22 real, 2159 MB
[runlim] sample:		1389.34 time, 1390.22 real, 2170 MB
[runlim] sample:		1399.35 time, 1400.22 real, 2182 MB
[runlim] sample:		1409.34 time, 1410.22 real, 2198 MB
[runlim] sample:		1419.35 time, 1420.22 real, 2209 MB
[runlim] sample:		1429.35 time, 1430.22 real, 2219 MB
[runlim] sample:		1439.35 time, 1440.22 real, 2229 MB
[runlim] sample:		1449.35 time, 1450.22 real, 2244 MB
[runlim] sample:		1459.34 time, 1460.22 real, 2258 MB
[runlim] sample:		1469.35 time, 1470.22 real, 2270 MB
[runlim] sample:		1479.35 time, 1480.22 real, 2285 MB
[runlim] sample:		1489.35 time, 1490.22 real, 2296 MB
[runlim] sample:		1499.35 time, 1500.22 real, 2311 MB
[runlim] sample:		1509.35 time, 1510.22 real, 2324 MB
[runlim] sample:		1519.35 time, 1520.22 real, 2338 MB
[runlim] sample:		1529.34 time, 1530.22 real, 2349 MB
[runlim] sample:		1539.34 time, 1540.22 real, 2361 MB
[runlim] sample:		1549.34 time, 1550.22 real, 2376 MB
[runlim] sample:		1559.35 time, 1560.22 real, 2388 MB
[runlim] sample:		1569.35 time, 1570.22 real, 2401 MB
[runlim] sample:		1579.34 time, 1580.22 real, 2414 MB
[runlim] sample:		1589.35 time, 1590.22 real, 2425 MB
[runlim] sample:		1599.35 time, 1600.22 real, 2437 MB
[runlim] sample:		1609.35 time, 1610.22 real, 2446 MB
[runlim] sample:		1619.34 time, 1620.22 real, 2462 MB
[runlim] sample:		1629.35 time, 1630.22 real, 2474 MB
[runlim] sample:		1639.34 time, 1640.22 real, 2488 MB
[runlim] sample:		1649.35 time, 1650.22 real, 2502 MB
[runlim] sample:		1659.35 time, 1660.22 real, 2514 MB
[runlim] sample:		1669.35 time, 1670.22 real, 2522 MB
[runlim] sample:		1679.34 time, 1680.22 real, 2534 MB
[runlim] sample:		1689.35 time, 1690.22 real, 2545 MB
[runlim] sample:		1699.35 time, 1700.22 real, 2556 MB
[runlim] sample:		1709.35 time, 1710.22 real, 2564 MB
[runlim] sample:		1719.34 time, 1720.22 real, 2574 MB
[runlim] sample:		1729.34 time, 1730.22 real, 2583 MB
[runlim] sample:		1739.35 time, 1740.22 real, 2593 MB
[runlim] sample:		1749.34 time, 1750.22 real, 2603 MB
[runlim] sample:		1759.35 time, 1760.22 real, 2611 MB
[runlim] sample:		1769.35 time, 1770.22 real, 2621 MB
[runlim] sample:		1779.35 time, 1780.22 real, 2630 MB
[runlim] sample:		1789.34 time, 1790.22 real, 2643 MB
[runlim] sample:		1799.35 time, 1800.22 real, 2650 MB
[runlim] sample:		1809.35 time, 1810.22 real, 2659 MB
[runlim] sample:		1819.35 time, 1820.22 real, 2672 MB
[runlim] sample:		1829.35 time, 1830.22 real, 2682 MB
[runlim] sample:		1839.34 time, 1840.22 real, 2690 MB
[runlim] sample:		1849.34 time, 1850.22 real, 2702 MB
[runlim] sample:		1859.34 time, 1860.22 real, 2714 MB
[runlim] sample:		1869.35 time, 1870.22 real, 2728 MB
[runlim] sample:		1879.34 time, 1880.22 real, 2743 MB
[runlim] sample:		1889.35 time, 1890.22 real, 2756 MB
[runlim] sample:		1899.35 time, 1900.22 real, 2764 MB
[runlim] sample:		1909.35 time, 1910.22 real, 2774 MB
[runlim] sample:		1919.34 time, 1920.22 real, 2782 MB
[runlim] sample:		1929.34 time, 1930.22 real, 2790 MB
[runlim] sample:		1939.34 time, 1940.22 real, 2799 MB
[runlim] sample:		1949.35 time, 1950.22 real, 2808 MB
[runlim] sample:		1959.34 time, 1960.22 real, 2817 MB
[runlim] sample:		1969.34 time, 1970.22 real, 2828 MB
[runlim] sample:		1979.35 time, 1980.22 real, 2838 MB
[runlim] sample:		1989.35 time, 1990.22 real, 2852 MB
[runlim] sample:		1999.35 time, 2000.22 real, 2864 MB
[runlim] sample:		2009.34 time, 2010.22 real, 2872 MB
[runlim] sample:		2019.35 time, 2020.22 real, 2879 MB
[runlim] sample:		2029.34 time, 2030.22 real, 2886 MB
[runlim] sample:		2039.35 time, 2040.22 real, 2894 MB
[runlim] sample:		2049.34 time, 2050.22 real, 2904 MB
[runlim] sample:		2059.34 time, 2060.22 real, 2915 MB
[runlim] sample:		2069.34 time, 2070.22 real, 2926 MB
[runlim] sample:		2079.34 time, 2080.22 real, 2934 MB
[runlim] sample:		2089.34 time, 2090.22 real, 2945 MB
[runlim] sample:		2099.35 time, 2100.22 real, 2961 MB
[runlim] sample:		2109.34 time, 2110.22 real, 2976 MB
[runlim] sample:		2119.34 time, 2120.22 real, 2991 MB
[runlim] sample:		2129.34 time, 2130.22 real, 3006 MB
[runlim] sample:		2139.34 time, 2140.22 real, 3020 MB
[runlim] sample:		2149.34 time, 2150.22 real, 3032 MB
[runlim] sample:		2159.34 time, 2160.22 real, 3042 MB
[runlim] sample:		2169.34 time, 2170.22 real, 3052 MB
[runlim] sample:		2179.34 time, 2180.22 real, 3062 MB
[runlim] sample:		2189.34 time, 2190.22 real, 3073 MB
[runlim] sample:		2199.34 time, 2200.22 real, 3087 MB
[runlim] sample:		2209.34 time, 2210.22 real, 3098 MB
[runlim] sample:		2219.34 time, 2220.22 real, 3109 MB
[runlim] sample:		2229.34 time, 2230.22 real, 3121 MB
[runlim] sample:		2239.34 time, 2240.22 real, 3134 MB
[runlim] sample:		2249.34 time, 2250.22 real, 3146 MB
[runlim] sample:		2259.35 time, 2260.22 real, 3153 MB
[runlim] sample:		2269.34 time, 2270.22 real, 3160 MB
[runlim] sample:		2279.35 time, 2280.22 real, 3166 MB
[runlim] sample:		2289.35 time, 2290.22 real, 3173 MB
[runlim] sample:		2299.34 time, 2300.22 real, 3180 MB
[runlim] sample:		2309.34 time, 2310.22 real, 3187 MB
[runlim] sample:		2319.34 time, 2320.22 real, 3195 MB
[runlim] sample:		2329.34 time, 2330.22 real, 3203 MB
[runlim] sample:		2339.34 time, 2340.22 real, 3216 MB
[runlim] sample:		2349.34 time, 2350.22 real, 3231 MB
[runlim] sample:		2359.33 time, 2360.22 real, 3243 MB
[runlim] sample:		2369.34 time, 2370.22 real, 3257 MB
[runlim] sample:		2379.34 time, 2380.22 real, 3266 MB
[runlim] sample:		2389.34 time, 2390.22 real, 3277 MB
[runlim] sample:		2399.34 time, 2400.22 real, 3289 MB
[runlim] sample:		2409.33 time, 2410.22 real, 3302 MB
[runlim] sample:		2419.34 time, 2420.22 real, 3313 MB
[runlim] sample:		2429.34 time, 2430.22 real, 3328 MB
[runlim] sample:		2439.34 time, 2440.22 real, 3340 MB
[runlim] sample:		2449.34 time, 2450.22 real, 3352 MB
[runlim] sample:		2459.33 time, 2460.22 real, 3366 MB
[runlim] sample:		2469.34 time, 2470.22 real, 3379 MB
[runlim] sample:		2479.33 time, 2480.22 real, 3392 MB
[runlim] sample:		2489.34 time, 2490.22 real, 3405 MB
[runlim] sample:		2499.34 time, 2500.22 real, 3415 MB
[runlim] sample:		2509.33 time, 2510.22 real, 3427 MB
[runlim] sample:		2519.33 time, 2520.22 real, 3439 MB
[runlim] sample:		2529.34 time, 2530.22 real, 3451 MB
[runlim] sample:		2539.33 time, 2540.22 real, 3464 MB
[runlim] sample:		2549.33 time, 2550.22 real, 3475 MB
[runlim] sample:		2559.33 time, 2560.22 real, 3492 MB
[runlim] sample:		2569.33 time, 2570.22 real, 3505 MB
[runlim] sample:		2579.34 time, 2580.22 real, 3517 MB
[runlim] sample:		2589.34 time, 2590.22 real, 3527 MB
[runlim] sample:		2599.33 time, 2600.22 real, 3536 MB
[runlim] sample:		2609.33 time, 2610.22 real, 3546 MB
[runlim] sample:		2619.34 time, 2620.22 real, 3556 MB
[runlim] sample:		2629.34 time, 2630.22 real, 3567 MB
[runlim] sample:		2639.33 time, 2640.22 real, 3577 MB
[runlim] sample:		2649.33 time, 2650.22 real, 3587 MB
[runlim] sample:		2659.33 time, 2660.22 real, 3599 MB
[runlim] sample:		2669.33 time, 2670.22 real, 3613 MB
[runlim] sample:		2679.34 time, 2680.22 real, 3627 MB
[runlim] sample:		2689.34 time, 2690.22 real, 3638 MB
[runlim] end:			Sat Feb 29 08:03:40 2020
[runlim] status:		out of time
[runlim] result:		2
[runlim] children:		1
[runlim] real:			2700.23 seconds
[runlim] time:			2699.14 seconds
[runlim] space:			3648 MB
[runlim] samples:		26998
