[runlim] version:		1.18
[runlim] host:			c3n17
[runlim] time limit:		2700 seconds
[runlim] real time limit:	2700 seconds
[runlim] space limit:		7000 MB
[runlim] argv[0]:		./binary
[runlim] argv[1]:		/data/cnf/ankit/E1-A1-Red/C6288.blif_0.10_0.20_0_0_inp_exact.dqbf
[runlim] start:			Sat Feb 29 07:18:42 2020
[runlim] child:			15863
[runlim] sample:		10.01 time, 10.12 real, 42 MB
[runlim] sample:		20.00 time, 20.12 real, 48 MB
[runlim] sample:		30.01 time, 30.12 real, 54 MB
[runlim] sample:		40.00 time, 40.12 real, 60 MB
[runlim] sample:		50.01 time, 50.12 real, 66 MB
[runlim] sample:		60.00 time, 60.12 real, 71 MB
[runlim] sample:		70.01 time, 70.12 real, 77 MB
[runlim] sample:		80.01 time, 80.12 real, 83 MB
[runlim] sample:		90.00 time, 90.12 real, 89 MB
[runlim] sample:		100.21 time, 100.32 real, 95 MB
[runlim] sample:		110.21 time, 110.32 real, 101 MB
[runlim] sample:		120.21 time, 120.32 real, 106 MB
[runlim] sample:		130.21 time, 130.32 real, 112 MB
[runlim] sample:		140.21 time, 140.32 real, 117 MB
[runlim] sample:		150.21 time, 150.32 real, 122 MB
[runlim] sample:		160.20 time, 160.32 real, 128 MB
[runlim] sample:		170.21 time, 170.32 real, 134 MB
[runlim] sample:		180.20 time, 180.32 real, 141 MB
[runlim] sample:		190.21 time, 190.32 real, 147 MB
[runlim] sample:		200.21 time, 200.32 real, 153 MB
[runlim] sample:		210.20 time, 210.32 real, 160 MB
[runlim] sample:		220.21 time, 220.32 real, 165 MB
[runlim] sample:		230.20 time, 230.32 real, 171 MB
[runlim] sample:		240.21 time, 240.32 real, 176 MB
[runlim] sample:		250.20 time, 250.32 real, 183 MB
[runlim] sample:		260.21 time, 260.32 real, 188 MB
[runlim] sample:		270.20 time, 270.32 real, 193 MB
[runlim] sample:		280.21 time, 280.32 real, 199 MB
[runlim] sample:		290.21 time, 290.32 real, 205 MB
[runlim] sample:		300.20 time, 300.32 real, 211 MB
[runlim] sample:		310.20 time, 310.32 real, 216 MB
[runlim] sample:		320.20 time, 320.32 real, 222 MB
[runlim] sample:		330.20 time, 330.32 real, 226 MB
[runlim] sample:		340.20 time, 340.32 real, 234 MB
[runlim] sample:		350.20 time, 350.32 real, 240 MB
[runlim] sample:		360.20 time, 360.32 real, 245 MB
[runlim] sample:		370.20 time, 370.32 real, 250 MB
[runlim] sample:		380.20 time, 380.32 real, 255 MB
[runlim] sample:		390.20 time, 390.32 real, 260 MB
[runlim] sample:		400.20 time, 400.32 real, 265 MB
[runlim] sample:		410.20 time, 410.32 real, 270 MB
[runlim] sample:		420.20 time, 420.32 real, 275 MB
[runlim] sample:		430.20 time, 430.32 real, 281 MB
[runlim] sample:		440.20 time, 440.32 real, 285 MB
[runlim] sample:		450.20 time, 450.32 real, 291 MB
[runlim] sample:		460.20 time, 460.32 real, 295 MB
[runlim] sample:		470.20 time, 470.32 real, 299 MB
[runlim] sample:		480.20 time, 480.32 real, 303 MB
[runlim] sample:		490.20 time, 490.32 real, 308 MB
[runlim] sample:		500.20 time, 500.32 real, 313 MB
[runlim] sample:		510.20 time, 510.32 real, 318 MB
[runlim] sample:		520.20 time, 520.32 real, 325 MB
[runlim] sample:		530.20 time, 530.32 real, 331 MB
[runlim] sample:		540.20 time, 540.32 real, 337 MB
[runlim] sample:		550.20 time, 550.32 real, 345 MB
[runlim] sample:		560.20 time, 560.32 real, 350 MB
[runlim] sample:		570.20 time, 570.32 real, 357 MB
[runlim] sample:		580.20 time, 580.32 real, 364 MB
[runlim] sample:		590.20 time, 590.32 real, 370 MB
[runlim] sample:		600.20 time, 600.32 real, 376 MB
[runlim] sample:		610.20 time, 610.32 real, 381 MB
[runlim] sample:		620.20 time, 620.32 real, 387 MB
[runlim] sample:		630.20 time, 630.32 real, 394 MB
[runlim] sample:		640.20 time, 640.32 real, 401 MB
[runlim] sample:		650.20 time, 650.32 real, 406 MB
[runlim] sample:		660.20 time, 660.32 real, 410 MB
[runlim] sample:		670.20 time, 670.32 real, 415 MB
[runlim] sample:		680.20 time, 680.32 real, 420 MB
[runlim] sample:		690.20 time, 690.32 real, 426 MB
[runlim] sample:		700.19 time, 700.32 real, 433 MB
[runlim] sample:		710.20 time, 710.32 real, 438 MB
[runlim] sample:		720.20 time, 720.32 real, 444 MB
[runlim] sample:		730.19 time, 730.32 real, 449 MB
[runlim] sample:		740.19 time, 740.32 real, 455 MB
[runlim] sample:		750.20 time, 750.32 real, 460 MB
[runlim] sample:		760.20 time, 760.32 real, 466 MB
[runlim] sample:		770.19 time, 770.32 real, 471 MB
[runlim] sample:		780.20 time, 780.32 real, 476 MB
[runlim] sample:		790.20 time, 790.32 real, 481 MB
[runlim] sample:		800.20 time, 800.32 real, 486 MB
[runlim] sample:		810.19 time, 810.32 real, 491 MB
[runlim] sample:		820.20 time, 820.32 real, 496 MB
[runlim] sample:		830.20 time, 830.32 real, 500 MB
[runlim] sample:		840.19 time, 840.32 real, 505 MB
[runlim] sample:		850.19 time, 850.32 real, 510 MB
[runlim] sample:		860.19 time, 860.32 real, 515 MB
[runlim] sample:		870.19 time, 870.32 real, 521 MB
[runlim] sample:		880.19 time, 880.32 real, 526 MB
[runlim] sample:		890.20 time, 890.32 real, 531 MB
[runlim] sample:		900.19 time, 900.32 real, 536 MB
[runlim] sample:		910.19 time, 910.32 real, 541 MB
[runlim] sample:		920.20 time, 920.32 real, 546 MB
[runlim] sample:		930.19 time, 930.32 real, 551 MB
[runlim] sample:		940.19 time, 940.32 real, 556 MB
[runlim] sample:		950.19 time, 950.32 real, 561 MB
[runlim] sample:		960.20 time, 960.32 real, 566 MB
[runlim] sample:		970.19 time, 970.32 real, 571 MB
[runlim] sample:		980.19 time, 980.32 real, 575 MB
[runlim] sample:		990.19 time, 990.32 real, 581 MB
[runlim] sample:		1000.19 time, 1000.32 real, 586 MB
[runlim] sample:		1010.19 time, 1010.32 real, 591 MB
[runlim] sample:		1020.19 time, 1020.32 real, 596 MB
[runlim] sample:		1030.19 time, 1030.32 real, 602 MB
[runlim] sample:		1040.19 time, 1040.32 real, 609 MB
[runlim] sample:		1050.19 time, 1050.32 real, 614 MB
[runlim] sample:		1060.19 time, 1060.32 real, 619 MB
[runlim] sample:		1070.19 time, 1070.32 real, 624 MB
[runlim] sample:		1080.19 time, 1080.32 real, 628 MB
[runlim] sample:		1090.19 time, 1090.32 real, 633 MB
[runlim] sample:		1100.19 time, 1100.32 real, 638 MB
[runlim] sample:		1110.19 time, 1110.32 real, 644 MB
[runlim] sample:		1120.19 time, 1120.32 real, 649 MB
[runlim] sample:		1130.19 time, 1130.32 real, 655 MB
[runlim] sample:		1140.19 time, 1140.32 real, 660 MB
[runlim] sample:		1150.19 time, 1150.32 real, 665 MB
[runlim] sample:		1160.19 time, 1160.32 real, 670 MB
[runlim] sample:		1170.19 time, 1170.32 real, 675 MB
[runlim] sample:		1180.19 time, 1180.32 real, 680 MB
[runlim] sample:		1190.19 time, 1190.32 real, 685 MB
[runlim] sample:		1200.19 time, 1200.32 real, 690 MB
[runlim] sample:		1210.19 time, 1210.32 real, 696 MB
[runlim] sample:		1220.19 time, 1220.32 real, 701 MB
[runlim] sample:		1230.19 time, 1230.32 real, 706 MB
[runlim] sample:		1240.19 time, 1240.32 real, 712 MB
[runlim] sample:		1250.18 time, 1250.32 real, 717 MB
[runlim] sample:		1260.18 time, 1260.32 real, 722 MB
[runlim] sample:		1270.19 time, 1270.32 real, 727 MB
[runlim] sample:		1280.19 time, 1280.32 real, 732 MB
[runlim] sample:		1290.19 time, 1290.32 real, 737 MB
[runlim] sample:		1300.19 time, 1300.32 real, 742 MB
[runlim] sample:		1310.19 time, 1310.32 real, 748 MB
[runlim] sample:		1320.18 time, 1320.32 real, 753 MB
[runlim] sample:		1330.19 time, 1330.32 real, 758 MB
[runlim] sample:		1340.19 time, 1340.32 real, 763 MB
[runlim] sample:		1350.18 time, 1350.32 real, 768 MB
[runlim] sample:		1360.18 time, 1360.32 real, 779 MB
[runlim] sample:		1370.19 time, 1370.32 real, 785 MB
[runlim] sample:		1380.19 time, 1380.32 real, 790 MB
[runlim] sample:		1390.19 time, 1390.32 real, 795 MB
[runlim] sample:		1400.19 time, 1400.32 real, 801 MB
[runlim] sample:		1410.18 time, 1410.32 real, 806 MB
[runlim] sample:		1420.18 time, 1420.32 real, 812 MB
[runlim] sample:		1430.19 time, 1430.32 real, 817 MB
[runlim] sample:		1440.19 time, 1440.32 real, 822 MB
[runlim] sample:		1450.19 time, 1450.32 real, 827 MB
[runlim] sample:		1460.19 time, 1460.32 real, 832 MB
[runlim] sample:		1470.18 time, 1470.32 real, 839 MB
[runlim] sample:		1480.18 time, 1480.32 real, 844 MB
[runlim] sample:		1490.19 time, 1490.32 real, 849 MB
[runlim] sample:		1500.18 time, 1500.32 real, 854 MB
[runlim] sample:		1510.19 time, 1510.32 real, 859 MB
[runlim] sample:		1520.19 time, 1520.32 real, 864 MB
[runlim] sample:		1530.18 time, 1530.32 real, 869 MB
[runlim] sample:		1540.18 time, 1540.32 real, 877 MB
[runlim] sample:		1550.19 time, 1550.32 real, 882 MB
[runlim] sample:		1560.19 time, 1560.32 real, 887 MB
[runlim] sample:		1570.18 time, 1570.32 real, 892 MB
[runlim] sample:		1580.18 time, 1580.32 real, 897 MB
[runlim] sample:		1590.18 time, 1590.32 real, 902 MB
[runlim] sample:		1600.18 time, 1600.32 real, 908 MB
[runlim] sample:		1610.18 time, 1610.32 real, 913 MB
[runlim] sample:		1620.19 time, 1620.32 real, 918 MB
[runlim] sample:		1630.19 time, 1630.32 real, 924 MB
[runlim] sample:		1640.18 time, 1640.32 real, 929 MB
[runlim] sample:		1650.18 time, 1650.32 real, 934 MB
[runlim] sample:		1660.19 time, 1660.32 real, 939 MB
[runlim] sample:		1670.18 time, 1670.32 real, 944 MB
[runlim] sample:		1680.19 time, 1680.32 real, 949 MB
[runlim] sample:		1690.18 time, 1690.32 real, 954 MB
[runlim] sample:		1700.18 time, 1700.32 real, 960 MB
[runlim] sample:		1710.18 time, 1710.32 real, 967 MB
[runlim] sample:		1720.18 time, 1720.32 real, 972 MB
[runlim] sample:		1730.18 time, 1730.32 real, 977 MB
[runlim] sample:		1740.19 time, 1740.32 real, 983 MB
[runlim] sample:		1750.18 time, 1750.32 real, 988 MB
[runlim] sample:		1760.18 time, 1760.32 real, 993 MB
[runlim] sample:		1770.19 time, 1770.32 real, 999 MB
[runlim] sample:		1780.18 time, 1780.32 real, 1004 MB
[runlim] sample:		1790.18 time, 1790.32 real, 1012 MB
[runlim] sample:		1800.18 time, 1800.32 real, 1018 MB
[runlim] sample:		1810.18 time, 1810.32 real, 1023 MB
[runlim] sample:		1820.18 time, 1820.32 real, 1028 MB
[runlim] sample:		1830.18 time, 1830.32 real, 1034 MB
[runlim] sample:		1840.18 time, 1840.32 real, 1039 MB
[runlim] sample:		1850.18 time, 1850.32 real, 1044 MB
[runlim] sample:		1860.18 time, 1860.32 real, 1049 MB
[runlim] sample:		1870.18 time, 1870.32 real, 1054 MB
[runlim] sample:		1880.18 time, 1880.32 real, 1059 MB
[runlim] sample:		1890.18 time, 1890.32 real, 1065 MB
[runlim] sample:		1900.18 time, 1900.32 real, 1070 MB
[runlim] sample:		1910.18 time, 1910.32 real, 1075 MB
[runlim] sample:		1920.18 time, 1920.32 real, 1081 MB
[runlim] sample:		1930.18 time, 1930.32 real, 1086 MB
[runlim] sample:		1940.18 time, 1940.32 real, 1091 MB
[runlim] sample:		1950.18 time, 1950.32 real, 1096 MB
[runlim] sample:		1960.18 time, 1960.32 real, 1101 MB
[runlim] sample:		1970.18 time, 1970.32 real, 1107 MB
[runlim] sample:		1980.17 time, 1980.32 real, 1112 MB
[runlim] sample:		1990.17 time, 1990.32 real, 1117 MB
[runlim] sample:		2000.18 time, 2000.32 real, 1122 MB
[runlim] sample:		2010.17 time, 2010.32 real, 1127 MB
[runlim] sample:		2020.18 time, 2020.32 real, 1132 MB
[runlim] sample:		2030.17 time, 2030.32 real, 1137 MB
[runlim] sample:		2040.18 time, 2040.32 real, 1143 MB
[runlim] sample:		2050.18 time, 2050.32 real, 1148 MB
[runlim] sample:		2060.18 time, 2060.32 real, 1153 MB
[runlim] sample:		2070.17 time, 2070.32 real, 1158 MB
[runlim] sample:		2080.18 time, 2080.32 real, 1163 MB
[runlim] sample:		2090.17 time, 2090.32 real, 1168 MB
[runlim] sample:		2100.18 time, 2100.32 real, 1172 MB
[runlim] sample:		2110.18 time, 2110.32 real, 1176 MB
[runlim] sample:		2120.18 time, 2120.32 real, 1180 MB
[runlim] sample:		2130.18 time, 2130.32 real, 1185 MB
[runlim] sample:		2140.18 time, 2140.32 real, 1189 MB
[runlim] sample:		2150.17 time, 2150.32 real, 1197 MB
[runlim] sample:		2160.18 time, 2160.32 real, 1203 MB
[runlim] sample:		2170.18 time, 2170.32 real, 1208 MB
[runlim] sample:		2180.18 time, 2180.32 real, 1212 MB
[runlim] sample:		2190.17 time, 2190.32 real, 1217 MB
[runlim] sample:		2200.18 time, 2200.32 real, 1223 MB
[runlim] sample:		2210.17 time, 2210.32 real, 1228 MB
[runlim] sample:		2220.18 time, 2220.32 real, 1233 MB
[runlim] sample:		2230.17 time, 2230.32 real, 1238 MB
[runlim] sample:		2240.18 time, 2240.32 real, 1243 MB
[runlim] sample:		2250.17 time, 2250.32 real, 1248 MB
[runlim] sample:		2260.18 time, 2260.32 real, 1253 MB
[runlim] sample:		2270.17 time, 2270.32 real, 1258 MB
[runlim] sample:		2280.18 time, 2280.32 real, 1263 MB
[runlim] sample:		2290.17 time, 2290.32 real, 1268 MB
[runlim] sample:		2300.18 time, 2300.32 real, 1273 MB
[runlim] sample:		2310.18 time, 2310.32 real, 1278 MB
[runlim] sample:		2320.17 time, 2320.32 real, 1284 MB
[runlim] sample:		2330.17 time, 2330.32 real, 1289 MB
[runlim] sample:		2340.17 time, 2340.32 real, 1294 MB
[runlim] sample:		2350.17 time, 2350.32 real, 1298 MB
[runlim] sample:		2360.16 time, 2360.32 real, 1304 MB
[runlim] sample:		2370.17 time, 2370.32 real, 1309 MB
[runlim] sample:		2380.17 time, 2380.32 real, 1314 MB
[runlim] sample:		2390.16 time, 2390.32 real, 1320 MB
[runlim] sample:		2400.17 time, 2400.32 real, 1325 MB
[runlim] sample:		2410.16 time, 2410.32 real, 1331 MB
[runlim] sample:		2420.16 time, 2420.32 real, 1336 MB
[runlim] sample:		2430.17 time, 2430.32 real, 1341 MB
[runlim] sample:		2440.17 time, 2440.32 real, 1346 MB
[runlim] sample:		2450.16 time, 2450.32 real, 1352 MB
[runlim] sample:		2460.17 time, 2460.32 real, 1357 MB
[runlim] sample:		2470.17 time, 2470.32 real, 1363 MB
[runlim] sample:		2480.17 time, 2480.32 real, 1368 MB
[runlim] sample:		2490.16 time, 2490.32 real, 1373 MB
[runlim] sample:		2500.17 time, 2500.32 real, 1381 MB
[runlim] sample:		2510.17 time, 2510.32 real, 1387 MB
[runlim] sample:		2520.16 time, 2520.32 real, 1392 MB
[runlim] sample:		2530.16 time, 2530.32 real, 1397 MB
[runlim] sample:		2540.17 time, 2540.32 real, 1402 MB
[runlim] sample:		2550.16 time, 2550.32 real, 1407 MB
[runlim] sample:		2560.17 time, 2560.32 real, 1413 MB
[runlim] sample:		2570.17 time, 2570.32 real, 1418 MB
[runlim] sample:		2580.16 time, 2580.32 real, 1423 MB
[runlim] sample:		2590.16 time, 2590.32 real, 1428 MB
[runlim] sample:		2600.16 time, 2600.32 real, 1433 MB
[runlim] sample:		2610.17 time, 2610.32 real, 1438 MB
[runlim] sample:		2620.17 time, 2620.32 real, 1443 MB
[runlim] sample:		2630.16 time, 2630.32 real, 1449 MB
[runlim] sample:		2640.17 time, 2640.32 real, 1454 MB
[runlim] sample:		2650.17 time, 2650.32 real, 1459 MB
[runlim] sample:		2660.17 time, 2660.32 real, 1464 MB
[runlim] sample:		2670.17 time, 2670.32 real, 1469 MB
[runlim] sample:		2680.17 time, 2680.32 real, 1475 MB
[runlim] sample:		2690.17 time, 2690.32 real, 1480 MB
[runlim] end:			Sat Feb 29 08:03:42 2020
[runlim] status:		out of time
[runlim] result:		2
[runlim] children:		1
[runlim] real:			2700.10 seconds
[runlim] time:			2699.87 seconds
[runlim] space:			1486 MB
[runlim] samples:		26997
