[runlim] version:		1.18
[runlim] host:			c3n16
[runlim] time limit:		2700 seconds
[runlim] real time limit:	2700 seconds
[runlim] space limit:		7000 MB
[runlim] argv[0]:		./binary
[runlim] argv[1]:		/data/cnf/ankit/E1-A1-Red/C880.blif_0.10_0.20_0_1_inp_exact.dqbf
[runlim] start:			Sat Feb 29 07:18:41 2020
[runlim] child:			21731
[runlim] sample:		10.01 time, 10.12 real, 29 MB
[runlim] sample:		20.02 time, 20.12 real, 35 MB
[runlim] sample:		30.01 time, 30.12 real, 43 MB
[runlim] sample:		40.02 time, 40.12 real, 48 MB
[runlim] sample:		50.01 time, 50.12 real, 53 MB
[runlim] sample:		60.02 time, 60.12 real, 58 MB
[runlim] sample:		70.02 time, 70.12 real, 64 MB
[runlim] sample:		80.02 time, 80.12 real, 87 MB
[runlim] sample:		90.02 time, 90.12 real, 92 MB
[runlim] sample:		100.21 time, 100.32 real, 98 MB
[runlim] sample:		110.21 time, 110.32 real, 108 MB
[runlim] sample:		120.21 time, 120.32 real, 113 MB
[runlim] sample:		130.21 time, 130.32 real, 119 MB
[runlim] sample:		140.21 time, 140.32 real, 126 MB
[runlim] sample:		150.21 time, 150.32 real, 131 MB
[runlim] sample:		160.21 time, 160.32 real, 136 MB
[runlim] sample:		170.21 time, 170.32 real, 140 MB
[runlim] sample:		180.21 time, 180.32 real, 148 MB
[runlim] sample:		190.21 time, 190.32 real, 153 MB
[runlim] sample:		200.21 time, 200.32 real, 160 MB
[runlim] sample:		210.21 time, 210.32 real, 163 MB
[runlim] sample:		220.21 time, 220.32 real, 170 MB
[runlim] sample:		230.22 time, 230.32 real, 176 MB
[runlim] sample:		240.21 time, 240.32 real, 180 MB
[runlim] sample:		250.26 time, 250.36 real, 184 MB
[runlim] sample:		260.21 time, 260.32 real, 188 MB
[runlim] sample:		270.21 time, 270.32 real, 195 MB
[runlim] sample:		280.21 time, 280.32 real, 205 MB
[runlim] sample:		290.21 time, 290.32 real, 211 MB
[runlim] sample:		300.21 time, 300.32 real, 214 MB
[runlim] sample:		310.21 time, 310.32 real, 218 MB
[runlim] sample:		320.21 time, 320.32 real, 222 MB
[runlim] sample:		330.21 time, 330.32 real, 226 MB
[runlim] sample:		340.21 time, 340.32 real, 229 MB
[runlim] sample:		350.21 time, 350.32 real, 233 MB
[runlim] sample:		360.21 time, 360.32 real, 237 MB
[runlim] sample:		370.21 time, 370.32 real, 240 MB
[runlim] sample:		380.21 time, 380.32 real, 245 MB
[runlim] sample:		390.21 time, 390.32 real, 248 MB
[runlim] sample:		400.21 time, 400.32 real, 252 MB
[runlim] sample:		410.21 time, 410.32 real, 256 MB
[runlim] sample:		420.21 time, 420.32 real, 261 MB
[runlim] sample:		430.21 time, 430.32 real, 264 MB
[runlim] sample:		440.21 time, 440.32 real, 268 MB
[runlim] sample:		450.21 time, 450.32 real, 271 MB
[runlim] sample:		460.21 time, 460.32 real, 277 MB
[runlim] sample:		470.21 time, 470.32 real, 284 MB
[runlim] sample:		480.21 time, 480.32 real, 287 MB
[runlim] sample:		490.21 time, 490.32 real, 292 MB
[runlim] sample:		500.21 time, 500.32 real, 296 MB
[runlim] sample:		510.21 time, 510.32 real, 299 MB
[runlim] sample:		520.21 time, 520.32 real, 303 MB
[runlim] sample:		530.21 time, 530.32 real, 306 MB
[runlim] sample:		540.21 time, 540.32 real, 311 MB
[runlim] sample:		550.21 time, 550.32 real, 315 MB
[runlim] sample:		560.21 time, 560.32 real, 320 MB
[runlim] sample:		570.21 time, 570.32 real, 324 MB
[runlim] sample:		580.21 time, 580.32 real, 331 MB
[runlim] sample:		590.21 time, 590.32 real, 335 MB
[runlim] sample:		600.21 time, 600.32 real, 341 MB
[runlim] sample:		610.21 time, 610.32 real, 348 MB
[runlim] sample:		620.21 time, 620.32 real, 354 MB
[runlim] sample:		630.21 time, 630.32 real, 359 MB
[runlim] sample:		640.21 time, 640.32 real, 365 MB
[runlim] sample:		650.21 time, 650.32 real, 369 MB
[runlim] sample:		660.21 time, 660.32 real, 374 MB
[runlim] sample:		670.21 time, 670.32 real, 381 MB
[runlim] sample:		680.21 time, 680.32 real, 385 MB
[runlim] sample:		690.21 time, 690.32 real, 388 MB
[runlim] sample:		700.21 time, 700.32 real, 392 MB
[runlim] sample:		710.21 time, 710.32 real, 395 MB
[runlim] sample:		720.21 time, 720.32 real, 398 MB
[runlim] sample:		730.21 time, 730.32 real, 401 MB
[runlim] sample:		740.21 time, 740.32 real, 404 MB
[runlim] sample:		750.21 time, 750.32 real, 407 MB
[runlim] sample:		760.21 time, 760.32 real, 410 MB
[runlim] sample:		770.20 time, 770.32 real, 411 MB
[runlim] sample:		780.21 time, 780.32 real, 416 MB
[runlim] sample:		790.21 time, 790.32 real, 421 MB
[runlim] sample:		800.20 time, 800.32 real, 424 MB
[runlim] sample:		810.21 time, 810.32 real, 427 MB
[runlim] sample:		820.21 time, 820.32 real, 430 MB
[runlim] sample:		830.20 time, 830.32 real, 435 MB
[runlim] sample:		840.21 time, 840.32 real, 439 MB
[runlim] sample:		850.21 time, 850.32 real, 442 MB
[runlim] sample:		860.20 time, 860.32 real, 446 MB
[runlim] sample:		870.20 time, 870.32 real, 449 MB
[runlim] sample:		880.21 time, 880.32 real, 450 MB
[runlim] sample:		890.21 time, 890.32 real, 454 MB
[runlim] sample:		900.21 time, 900.32 real, 458 MB
[runlim] sample:		910.21 time, 910.32 real, 461 MB
[runlim] sample:		920.21 time, 920.32 real, 465 MB
[runlim] sample:		930.21 time, 930.32 real, 468 MB
[runlim] sample:		940.21 time, 940.32 real, 471 MB
[runlim] sample:		950.21 time, 950.32 real, 474 MB
[runlim] sample:		960.20 time, 960.32 real, 478 MB
[runlim] sample:		970.21 time, 970.32 real, 481 MB
[runlim] sample:		980.20 time, 980.32 real, 484 MB
[runlim] sample:		990.20 time, 990.32 real, 487 MB
[runlim] sample:		1000.20 time, 1000.32 real, 489 MB
[runlim] sample:		1010.20 time, 1010.32 real, 491 MB
[runlim] sample:		1020.20 time, 1020.32 real, 494 MB
[runlim] sample:		1030.20 time, 1030.32 real, 496 MB
[runlim] sample:		1040.20 time, 1040.32 real, 502 MB
[runlim] sample:		1050.21 time, 1050.32 real, 515 MB
[runlim] sample:		1060.20 time, 1060.32 real, 519 MB
[runlim] sample:		1070.20 time, 1070.32 real, 525 MB
[runlim] sample:		1080.21 time, 1080.32 real, 530 MB
[runlim] sample:		1090.21 time, 1090.32 real, 534 MB
[runlim] sample:		1100.20 time, 1100.32 real, 538 MB
[runlim] sample:		1110.20 time, 1110.32 real, 542 MB
[runlim] sample:		1120.20 time, 1120.32 real, 549 MB
[runlim] sample:		1130.21 time, 1130.32 real, 553 MB
[runlim] sample:		1140.21 time, 1140.32 real, 557 MB
[runlim] sample:		1150.21 time, 1150.32 real, 561 MB
[runlim] sample:		1160.20 time, 1160.32 real, 565 MB
[runlim] sample:		1170.21 time, 1170.32 real, 573 MB
[runlim] sample:		1180.21 time, 1180.32 real, 577 MB
[runlim] sample:		1190.20 time, 1190.32 real, 580 MB
[runlim] sample:		1200.21 time, 1200.32 real, 578 MB
[runlim] sample:		1210.21 time, 1210.32 real, 581 MB
[runlim] sample:		1220.20 time, 1220.32 real, 599 MB
[runlim] sample:		1230.20 time, 1230.32 real, 602 MB
[runlim] sample:		1240.20 time, 1240.32 real, 605 MB
[runlim] sample:		1250.20 time, 1250.32 real, 609 MB
[runlim] sample:		1260.20 time, 1260.32 real, 612 MB
[runlim] sample:		1270.21 time, 1270.32 real, 615 MB
[runlim] sample:		1280.21 time, 1280.32 real, 618 MB
[runlim] sample:		1290.20 time, 1290.32 real, 621 MB
[runlim] sample:		1300.20 time, 1300.32 real, 625 MB
[runlim] sample:		1310.20 time, 1310.32 real, 628 MB
[runlim] sample:		1320.20 time, 1320.32 real, 631 MB
[runlim] sample:		1330.21 time, 1330.32 real, 634 MB
[runlim] sample:		1340.20 time, 1340.32 real, 637 MB
[runlim] sample:		1350.21 time, 1350.32 real, 640 MB
[runlim] sample:		1360.20 time, 1360.32 real, 643 MB
[runlim] sample:		1370.20 time, 1370.32 real, 647 MB
[runlim] sample:		1380.20 time, 1380.32 real, 650 MB
[runlim] sample:		1390.21 time, 1390.32 real, 654 MB
[runlim] sample:		1400.21 time, 1400.32 real, 657 MB
[runlim] sample:		1410.20 time, 1410.32 real, 660 MB
[runlim] sample:		1420.21 time, 1420.32 real, 663 MB
[runlim] sample:		1430.20 time, 1430.32 real, 666 MB
[runlim] sample:		1440.20 time, 1440.32 real, 668 MB
[runlim] sample:		1450.20 time, 1450.32 real, 671 MB
[runlim] sample:		1460.20 time, 1460.32 real, 674 MB
[runlim] sample:		1470.21 time, 1470.32 real, 677 MB
[runlim] sample:		1480.20 time, 1480.32 real, 681 MB
[runlim] sample:		1490.21 time, 1490.32 real, 684 MB
[runlim] sample:		1500.20 time, 1500.32 real, 687 MB
[runlim] sample:		1510.20 time, 1510.32 real, 691 MB
[runlim] sample:		1520.20 time, 1520.32 real, 694 MB
[runlim] sample:		1530.20 time, 1530.32 real, 697 MB
[runlim] sample:		1540.20 time, 1540.32 real, 701 MB
[runlim] sample:		1550.20 time, 1550.32 real, 704 MB
[runlim] sample:		1560.20 time, 1560.32 real, 707 MB
[runlim] sample:		1570.20 time, 1570.32 real, 710 MB
[runlim] sample:		1580.20 time, 1580.32 real, 713 MB
[runlim] sample:		1590.21 time, 1590.32 real, 717 MB
[runlim] sample:		1600.20 time, 1600.32 real, 720 MB
[runlim] sample:		1610.21 time, 1610.32 real, 722 MB
[runlim] sample:		1620.20 time, 1620.32 real, 725 MB
[runlim] sample:		1630.20 time, 1630.32 real, 729 MB
[runlim] sample:		1640.20 time, 1640.32 real, 733 MB
[runlim] sample:		1650.20 time, 1650.32 real, 736 MB
[runlim] sample:		1660.20 time, 1660.32 real, 739 MB
[runlim] sample:		1670.20 time, 1670.32 real, 742 MB
[runlim] sample:		1680.20 time, 1680.32 real, 740 MB
[runlim] sample:		1690.20 time, 1690.32 real, 743 MB
[runlim] sample:		1700.20 time, 1700.32 real, 747 MB
[runlim] sample:		1710.20 time, 1710.32 real, 753 MB
[runlim] sample:		1720.20 time, 1720.32 real, 757 MB
[runlim] sample:		1730.20 time, 1730.32 real, 761 MB
[runlim] sample:		1740.20 time, 1740.32 real, 766 MB
[runlim] sample:		1750.20 time, 1750.32 real, 772 MB
[runlim] sample:		1760.20 time, 1760.32 real, 778 MB
[runlim] sample:		1770.20 time, 1770.32 real, 789 MB
[runlim] sample:		1780.20 time, 1780.32 real, 793 MB
[runlim] sample:		1790.20 time, 1790.32 real, 796 MB
[runlim] sample:		1800.20 time, 1800.32 real, 800 MB
[runlim] sample:		1810.20 time, 1810.32 real, 803 MB
[runlim] sample:		1820.20 time, 1820.32 real, 811 MB
[runlim] sample:		1830.20 time, 1830.32 real, 823 MB
[runlim] sample:		1840.20 time, 1840.32 real, 827 MB
[runlim] sample:		1850.20 time, 1850.32 real, 830 MB
[runlim] sample:		1860.20 time, 1860.32 real, 834 MB
[runlim] sample:		1870.20 time, 1870.32 real, 848 MB
[runlim] sample:		1880.20 time, 1880.32 real, 852 MB
[runlim] sample:		1890.20 time, 1890.32 real, 856 MB
[runlim] sample:		1900.19 time, 1900.32 real, 859 MB
[runlim] sample:		1910.20 time, 1910.32 real, 863 MB
[runlim] sample:		1920.20 time, 1920.32 real, 870 MB
[runlim] sample:		1930.19 time, 1930.32 real, 873 MB
[runlim] sample:		1940.20 time, 1940.32 real, 877 MB
[runlim] sample:		1950.20 time, 1950.32 real, 880 MB
[runlim] sample:		1960.20 time, 1960.32 real, 883 MB
[runlim] sample:		1970.19 time, 1970.32 real, 887 MB
[runlim] sample:		1980.19 time, 1980.32 real, 890 MB
[runlim] sample:		1990.20 time, 1990.32 real, 893 MB
[runlim] sample:		2000.19 time, 2000.32 real, 896 MB
[runlim] sample:		2010.20 time, 2010.32 real, 900 MB
[runlim] sample:		2020.20 time, 2020.32 real, 903 MB
[runlim] sample:		2030.20 time, 2030.32 real, 906 MB
[runlim] sample:		2040.20 time, 2040.32 real, 909 MB
[runlim] sample:		2050.20 time, 2050.32 real, 913 MB
[runlim] sample:		2060.19 time, 2060.32 real, 916 MB
[runlim] sample:		2070.20 time, 2070.32 real, 920 MB
[runlim] sample:		2080.20 time, 2080.32 real, 923 MB
[runlim] sample:		2090.19 time, 2090.32 real, 927 MB
[runlim] sample:		2100.20 time, 2100.32 real, 930 MB
[runlim] sample:		2110.19 time, 2110.32 real, 933 MB
[runlim] sample:		2120.19 time, 2120.32 real, 936 MB
[runlim] sample:		2130.19 time, 2130.32 real, 940 MB
[runlim] sample:		2140.19 time, 2140.32 real, 944 MB
[runlim] sample:		2150.19 time, 2150.32 real, 948 MB
[runlim] sample:		2160.19 time, 2160.32 real, 951 MB
[runlim] sample:		2170.19 time, 2170.32 real, 954 MB
[runlim] sample:		2180.19 time, 2180.32 real, 958 MB
[runlim] sample:		2190.20 time, 2190.32 real, 961 MB
[runlim] sample:		2200.19 time, 2200.32 real, 964 MB
[runlim] sample:		2210.19 time, 2210.32 real, 968 MB
[runlim] sample:		2220.19 time, 2220.32 real, 971 MB
[runlim] sample:		2230.19 time, 2230.32 real, 973 MB
[runlim] sample:		2240.19 time, 2240.32 real, 999 MB
[runlim] sample:		2250.19 time, 2250.32 real, 1003 MB
[runlim] sample:		2260.19 time, 2260.32 real, 1017 MB
[runlim] sample:		2270.20 time, 2270.32 real, 1021 MB
[runlim] sample:		2280.19 time, 2280.32 real, 1025 MB
[runlim] sample:		2290.20 time, 2290.32 real, 1029 MB
[runlim] sample:		2300.20 time, 2300.32 real, 1033 MB
[runlim] sample:		2310.20 time, 2310.32 real, 1037 MB
[runlim] sample:		2320.19 time, 2320.32 real, 1041 MB
[runlim] sample:		2330.19 time, 2330.32 real, 1045 MB
[runlim] sample:		2340.19 time, 2340.32 real, 1049 MB
[runlim] sample:		2350.19 time, 2350.32 real, 1053 MB
[runlim] sample:		2360.19 time, 2360.32 real, 1056 MB
[runlim] sample:		2370.19 time, 2370.32 real, 1060 MB
[runlim] sample:		2380.19 time, 2380.32 real, 1065 MB
[runlim] sample:		2390.19 time, 2390.32 real, 1070 MB
[runlim] sample:		2400.19 time, 2400.32 real, 1075 MB
[runlim] sample:		2410.19 time, 2410.32 real, 1094 MB
[runlim] sample:		2420.19 time, 2420.32 real, 1098 MB
[runlim] sample:		2430.19 time, 2430.32 real, 1102 MB
[runlim] sample:		2440.19 time, 2440.32 real, 1106 MB
[runlim] sample:		2450.19 time, 2450.32 real, 1110 MB
[runlim] sample:		2460.19 time, 2460.32 real, 1116 MB
[runlim] sample:		2470.19 time, 2470.32 real, 1120 MB
[runlim] sample:		2480.19 time, 2480.32 real, 1124 MB
[runlim] sample:		2490.19 time, 2490.32 real, 1128 MB
[runlim] sample:		2500.19 time, 2500.32 real, 1132 MB
[runlim] sample:		2510.19 time, 2510.32 real, 1140 MB
[runlim] sample:		2520.19 time, 2520.32 real, 1144 MB
[runlim] sample:		2530.19 time, 2530.32 real, 1148 MB
[runlim] sample:		2540.19 time, 2540.32 real, 1151 MB
[runlim] sample:		2550.19 time, 2550.32 real, 1153 MB
[runlim] sample:		2560.19 time, 2560.32 real, 1158 MB
[runlim] sample:		2570.19 time, 2570.32 real, 1163 MB
[runlim] sample:		2580.19 time, 2580.32 real, 1168 MB
[runlim] sample:		2590.19 time, 2590.32 real, 1172 MB
[runlim] sample:		2600.19 time, 2600.32 real, 1176 MB
[runlim] sample:		2610.19 time, 2610.32 real, 1180 MB
[runlim] sample:		2620.19 time, 2620.32 real, 1183 MB
[runlim] sample:		2630.19 time, 2630.32 real, 1186 MB
[runlim] sample:		2640.19 time, 2640.32 real, 1190 MB
[runlim] sample:		2650.19 time, 2650.32 real, 1193 MB
[runlim] sample:		2660.19 time, 2660.32 real, 1196 MB
[runlim] sample:		2670.19 time, 2670.32 real, 1199 MB
[runlim] sample:		2680.19 time, 2680.32 real, 1202 MB
[runlim] sample:		2690.19 time, 2690.32 real, 1205 MB
[runlim] end:			Sat Feb 29 08:03:41 2020
[runlim] status:		out of time
[runlim] result:		2
[runlim] children:		1
[runlim] real:			2700.11 seconds
[runlim] time:			2699.88 seconds
[runlim] space:			1208 MB
[runlim] samples:		26997
