[runlim] version:		1.18
[runlim] host:			c3n16
[runlim] time limit:		2700 seconds
[runlim] real time limit:	2700 seconds
[runlim] space limit:		7000 MB
[runlim] argv[0]:		./binary
[runlim] argv[1]:		/data/cnf/ankit/E1-A1-Red/C880.blif_0.10_0.20_0_0_inp_exact.dqbf
[runlim] start:			Sat Feb 29 07:18:40 2020
[runlim] child:			21716
[runlim] sample:		9.86 time, 10.12 real, 29 MB
[runlim] sample:		19.87 time, 20.12 real, 35 MB
[runlim] sample:		29.87 time, 30.12 real, 43 MB
[runlim] sample:		39.87 time, 40.12 real, 48 MB
[runlim] sample:		49.87 time, 50.12 real, 54 MB
[runlim] sample:		59.86 time, 60.12 real, 59 MB
[runlim] sample:		69.86 time, 70.12 real, 65 MB
[runlim] sample:		79.87 time, 80.12 real, 74 MB
[runlim] sample:		89.86 time, 90.12 real, 81 MB
[runlim] sample:		100.06 time, 100.32 real, 88 MB
[runlim] sample:		110.07 time, 110.32 real, 92 MB
[runlim] sample:		120.06 time, 120.32 real, 118 MB
[runlim] sample:		130.06 time, 130.32 real, 137 MB
[runlim] sample:		140.06 time, 140.32 real, 143 MB
[runlim] sample:		150.07 time, 150.32 real, 153 MB
[runlim] sample:		160.07 time, 160.32 real, 157 MB
[runlim] sample:		170.06 time, 170.32 real, 160 MB
[runlim] sample:		180.07 time, 180.32 real, 164 MB
[runlim] sample:		190.07 time, 190.32 real, 168 MB
[runlim] sample:		200.06 time, 200.32 real, 173 MB
[runlim] sample:		210.06 time, 210.32 real, 177 MB
[runlim] sample:		220.06 time, 220.32 real, 180 MB
[runlim] sample:		230.07 time, 230.32 real, 187 MB
[runlim] sample:		240.07 time, 240.32 real, 191 MB
[runlim] sample:		250.14 time, 250.40 real, 194 MB
[runlim] sample:		260.07 time, 260.32 real, 198 MB
[runlim] sample:		270.07 time, 270.32 real, 201 MB
[runlim] sample:		280.06 time, 280.32 real, 205 MB
[runlim] sample:		290.07 time, 290.32 real, 209 MB
[runlim] sample:		300.07 time, 300.32 real, 212 MB
[runlim] sample:		310.06 time, 310.32 real, 217 MB
[runlim] sample:		320.06 time, 320.32 real, 221 MB
[runlim] sample:		330.07 time, 330.32 real, 225 MB
[runlim] sample:		340.07 time, 340.32 real, 232 MB
[runlim] sample:		350.07 time, 350.32 real, 236 MB
[runlim] sample:		360.06 time, 360.32 real, 239 MB
[runlim] sample:		370.07 time, 370.32 real, 242 MB
[runlim] sample:		380.07 time, 380.32 real, 246 MB
[runlim] sample:		390.07 time, 390.32 real, 249 MB
[runlim] sample:		400.07 time, 400.32 real, 253 MB
[runlim] sample:		410.06 time, 410.32 real, 259 MB
[runlim] sample:		420.07 time, 420.32 real, 264 MB
[runlim] sample:		430.07 time, 430.32 real, 267 MB
[runlim] sample:		440.06 time, 440.32 real, 271 MB
[runlim] sample:		450.06 time, 450.32 real, 274 MB
[runlim] sample:		460.06 time, 460.32 real, 277 MB
[runlim] sample:		470.06 time, 470.32 real, 280 MB
[runlim] sample:		480.06 time, 480.32 real, 285 MB
[runlim] sample:		490.06 time, 490.32 real, 288 MB
[runlim] sample:		500.06 time, 500.32 real, 292 MB
[runlim] sample:		510.06 time, 510.32 real, 297 MB
[runlim] sample:		520.06 time, 520.32 real, 303 MB
[runlim] sample:		530.06 time, 530.32 real, 307 MB
[runlim] sample:		540.06 time, 540.32 real, 309 MB
[runlim] sample:		550.06 time, 550.32 real, 313 MB
[runlim] sample:		560.06 time, 560.32 real, 318 MB
[runlim] sample:		570.06 time, 570.32 real, 323 MB
[runlim] sample:		580.06 time, 580.32 real, 327 MB
[runlim] sample:		590.06 time, 590.32 real, 330 MB
[runlim] sample:		600.06 time, 600.32 real, 334 MB
[runlim] sample:		610.06 time, 610.32 real, 338 MB
[runlim] sample:		620.06 time, 620.32 real, 346 MB
[runlim] sample:		630.06 time, 630.32 real, 350 MB
[runlim] sample:		640.06 time, 640.32 real, 357 MB
[runlim] sample:		650.06 time, 650.32 real, 361 MB
[runlim] sample:		660.06 time, 660.32 real, 364 MB
[runlim] sample:		670.06 time, 670.32 real, 368 MB
[runlim] sample:		680.06 time, 680.32 real, 374 MB
[runlim] sample:		690.06 time, 690.32 real, 379 MB
[runlim] sample:		700.06 time, 700.32 real, 382 MB
[runlim] sample:		710.06 time, 710.32 real, 387 MB
[runlim] sample:		720.06 time, 720.32 real, 392 MB
[runlim] sample:		730.06 time, 730.32 real, 397 MB
[runlim] sample:		740.05 time, 740.32 real, 403 MB
[runlim] sample:		750.06 time, 750.32 real, 408 MB
[runlim] sample:		760.05 time, 760.32 real, 411 MB
[runlim] sample:		770.06 time, 770.32 real, 416 MB
[runlim] sample:		780.06 time, 780.32 real, 420 MB
[runlim] sample:		790.06 time, 790.32 real, 420 MB
[runlim] sample:		800.06 time, 800.32 real, 424 MB
[runlim] sample:		810.06 time, 810.32 real, 424 MB
[runlim] sample:		820.06 time, 820.32 real, 428 MB
[runlim] sample:		830.05 time, 830.32 real, 431 MB
[runlim] sample:		840.05 time, 840.32 real, 435 MB
[runlim] sample:		850.06 time, 850.32 real, 438 MB
[runlim] sample:		860.06 time, 860.32 real, 442 MB
[runlim] sample:		870.05 time, 870.32 real, 445 MB
[runlim] sample:		880.05 time, 880.32 real, 449 MB
[runlim] sample:		890.06 time, 890.32 real, 452 MB
[runlim] sample:		900.05 time, 900.32 real, 455 MB
[runlim] sample:		910.06 time, 910.32 real, 458 MB
[runlim] sample:		920.06 time, 920.32 real, 463 MB
[runlim] sample:		930.06 time, 930.32 real, 466 MB
[runlim] sample:		940.06 time, 940.32 real, 469 MB
[runlim] sample:		950.05 time, 950.32 real, 478 MB
[runlim] sample:		960.06 time, 960.32 real, 482 MB
[runlim] sample:		970.06 time, 970.32 real, 487 MB
[runlim] sample:		980.05 time, 980.32 real, 496 MB
[runlim] sample:		990.06 time, 990.32 real, 502 MB
[runlim] sample:		1000.05 time, 1000.32 real, 506 MB
[runlim] sample:		1010.05 time, 1010.32 real, 508 MB
[runlim] sample:		1020.05 time, 1020.32 real, 511 MB
[runlim] sample:		1030.06 time, 1030.32 real, 513 MB
[runlim] sample:		1040.05 time, 1040.32 real, 517 MB
[runlim] sample:		1050.05 time, 1050.32 real, 515 MB
[runlim] sample:		1060.06 time, 1060.32 real, 517 MB
[runlim] sample:		1070.05 time, 1070.32 real, 521 MB
[runlim] sample:		1080.05 time, 1080.32 real, 523 MB
[runlim] sample:		1090.05 time, 1090.32 real, 527 MB
[runlim] sample:		1100.05 time, 1100.32 real, 532 MB
[runlim] sample:		1110.05 time, 1110.32 real, 536 MB
[runlim] sample:		1120.05 time, 1120.32 real, 555 MB
[runlim] sample:		1130.05 time, 1130.32 real, 560 MB
[runlim] sample:		1140.05 time, 1140.32 real, 564 MB
[runlim] sample:		1150.05 time, 1150.32 real, 568 MB
[runlim] sample:		1160.05 time, 1160.32 real, 571 MB
[runlim] sample:		1170.05 time, 1170.32 real, 574 MB
[runlim] sample:		1180.05 time, 1180.32 real, 578 MB
[runlim] sample:		1190.05 time, 1190.32 real, 581 MB
[runlim] sample:		1200.05 time, 1200.32 real, 584 MB
[runlim] sample:		1210.05 time, 1210.32 real, 587 MB
[runlim] sample:		1220.05 time, 1220.32 real, 590 MB
[runlim] sample:		1230.05 time, 1230.32 real, 593 MB
[runlim] sample:		1240.05 time, 1240.32 real, 597 MB
[runlim] sample:		1250.05 time, 1250.32 real, 600 MB
[runlim] sample:		1260.06 time, 1260.32 real, 604 MB
[runlim] sample:		1270.06 time, 1270.32 real, 607 MB
[runlim] sample:		1280.06 time, 1280.32 real, 610 MB
[runlim] sample:		1290.05 time, 1290.32 real, 613 MB
[runlim] sample:		1300.05 time, 1300.32 real, 616 MB
[runlim] sample:		1310.05 time, 1310.32 real, 619 MB
[runlim] sample:		1320.05 time, 1320.32 real, 623 MB
[runlim] sample:		1330.05 time, 1330.32 real, 626 MB
[runlim] sample:		1340.05 time, 1340.32 real, 629 MB
[runlim] sample:		1350.05 time, 1350.32 real, 632 MB
[runlim] sample:		1360.05 time, 1360.32 real, 636 MB
[runlim] sample:		1370.05 time, 1370.32 real, 639 MB
[runlim] sample:		1380.05 time, 1380.32 real, 641 MB
[runlim] sample:		1390.05 time, 1390.32 real, 644 MB
[runlim] sample:		1400.05 time, 1400.32 real, 647 MB
[runlim] sample:		1410.05 time, 1410.32 real, 650 MB
[runlim] sample:		1420.05 time, 1420.32 real, 654 MB
[runlim] sample:		1430.05 time, 1430.32 real, 657 MB
[runlim] sample:		1440.05 time, 1440.32 real, 661 MB
[runlim] sample:		1450.04 time, 1450.32 real, 664 MB
[runlim] sample:		1460.05 time, 1460.32 real, 668 MB
[runlim] sample:		1470.05 time, 1470.32 real, 671 MB
[runlim] sample:		1480.04 time, 1480.32 real, 674 MB
[runlim] sample:		1490.05 time, 1490.32 real, 677 MB
[runlim] sample:		1500.05 time, 1500.32 real, 680 MB
[runlim] sample:		1510.05 time, 1510.32 real, 683 MB
[runlim] sample:		1520.05 time, 1520.32 real, 686 MB
[runlim] sample:		1530.05 time, 1530.32 real, 689 MB
[runlim] sample:		1540.05 time, 1540.32 real, 692 MB
[runlim] sample:		1550.05 time, 1550.32 real, 695 MB
[runlim] sample:		1560.04 time, 1560.32 real, 698 MB
[runlim] sample:		1570.05 time, 1570.32 real, 700 MB
[runlim] sample:		1580.05 time, 1580.32 real, 705 MB
[runlim] sample:		1590.05 time, 1590.32 real, 720 MB
[runlim] sample:		1600.04 time, 1600.32 real, 724 MB
[runlim] sample:		1610.04 time, 1610.32 real, 728 MB
[runlim] sample:		1620.04 time, 1620.32 real, 732 MB
[runlim] sample:		1630.04 time, 1630.32 real, 736 MB
[runlim] sample:		1640.05 time, 1640.32 real, 739 MB
[runlim] sample:		1650.04 time, 1650.32 real, 743 MB
[runlim] sample:		1660.04 time, 1660.32 real, 747 MB
[runlim] sample:		1670.04 time, 1670.32 real, 751 MB
[runlim] sample:		1680.04 time, 1680.32 real, 754 MB
[runlim] sample:		1690.04 time, 1690.32 real, 758 MB
[runlim] sample:		1700.04 time, 1700.32 real, 762 MB
[runlim] sample:		1710.05 time, 1710.32 real, 765 MB
[runlim] sample:		1720.05 time, 1720.32 real, 769 MB
[runlim] sample:		1730.04 time, 1730.32 real, 772 MB
[runlim] sample:		1740.04 time, 1740.32 real, 776 MB
[runlim] sample:		1750.05 time, 1750.32 real, 780 MB
[runlim] sample:		1760.04 time, 1760.32 real, 783 MB
[runlim] sample:		1770.04 time, 1770.32 real, 786 MB
[runlim] sample:		1780.04 time, 1780.32 real, 789 MB
[runlim] sample:		1790.04 time, 1790.32 real, 793 MB
[runlim] sample:		1800.04 time, 1800.32 real, 796 MB
[runlim] sample:		1810.04 time, 1810.32 real, 799 MB
[runlim] sample:		1820.04 time, 1820.32 real, 801 MB
[runlim] sample:		1830.04 time, 1830.32 real, 804 MB
[runlim] sample:		1840.04 time, 1840.32 real, 807 MB
[runlim] sample:		1850.04 time, 1850.32 real, 809 MB
[runlim] sample:		1860.05 time, 1860.32 real, 811 MB
[runlim] sample:		1870.04 time, 1870.32 real, 814 MB
[runlim] sample:		1880.04 time, 1880.32 real, 817 MB
[runlim] sample:		1890.04 time, 1890.32 real, 820 MB
[runlim] sample:		1900.04 time, 1900.32 real, 823 MB
[runlim] sample:		1910.04 time, 1910.32 real, 826 MB
[runlim] sample:		1920.04 time, 1920.32 real, 829 MB
[runlim] sample:		1930.04 time, 1930.32 real, 832 MB
[runlim] sample:		1940.04 time, 1940.32 real, 835 MB
[runlim] sample:		1950.04 time, 1950.32 real, 839 MB
[runlim] sample:		1960.04 time, 1960.32 real, 842 MB
[runlim] sample:		1970.04 time, 1970.32 real, 845 MB
[runlim] sample:		1980.04 time, 1980.32 real, 851 MB
[runlim] sample:		1990.04 time, 1990.32 real, 854 MB
[runlim] sample:		2000.04 time, 2000.32 real, 859 MB
[runlim] sample:		2010.04 time, 2010.32 real, 861 MB
[runlim] sample:		2020.04 time, 2020.32 real, 864 MB
[runlim] sample:		2030.04 time, 2030.32 real, 868 MB
[runlim] sample:		2040.04 time, 2040.32 real, 870 MB
[runlim] sample:		2050.04 time, 2050.32 real, 873 MB
[runlim] sample:		2060.04 time, 2060.32 real, 877 MB
[runlim] sample:		2070.04 time, 2070.32 real, 881 MB
[runlim] sample:		2080.03 time, 2080.32 real, 884 MB
[runlim] sample:		2090.04 time, 2090.32 real, 893 MB
[runlim] sample:		2100.04 time, 2100.32 real, 903 MB
[runlim] sample:		2110.03 time, 2110.32 real, 908 MB
[runlim] sample:		2120.03 time, 2120.32 real, 910 MB
[runlim] sample:		2130.04 time, 2130.32 real, 912 MB
[runlim] sample:		2140.04 time, 2140.32 real, 916 MB
[runlim] sample:		2150.04 time, 2150.32 real, 919 MB
[runlim] sample:		2160.04 time, 2160.32 real, 930 MB
[runlim] sample:		2170.04 time, 2170.32 real, 937 MB
[runlim] sample:		2180.04 time, 2180.32 real, 939 MB
[runlim] sample:		2190.04 time, 2190.32 real, 942 MB
[runlim] sample:		2200.04 time, 2200.32 real, 946 MB
[runlim] sample:		2210.04 time, 2210.32 real, 951 MB
[runlim] sample:		2220.04 time, 2220.32 real, 955 MB
[runlim] sample:		2230.03 time, 2230.32 real, 958 MB
[runlim] sample:		2240.03 time, 2240.32 real, 961 MB
[runlim] sample:		2250.04 time, 2250.32 real, 965 MB
[runlim] sample:		2260.04 time, 2260.32 real, 989 MB
[runlim] sample:		2270.03 time, 2270.32 real, 992 MB
[runlim] sample:		2280.04 time, 2280.32 real, 995 MB
[runlim] sample:		2290.03 time, 2290.32 real, 997 MB
[runlim] sample:		2300.04 time, 2300.32 real, 1001 MB
[runlim] sample:		2310.04 time, 2310.32 real, 1004 MB
[runlim] sample:		2320.04 time, 2320.32 real, 1007 MB
[runlim] sample:		2330.04 time, 2330.32 real, 1009 MB
[runlim] sample:		2340.04 time, 2340.32 real, 1022 MB
[runlim] sample:		2350.04 time, 2350.32 real, 1025 MB
[runlim] sample:		2360.04 time, 2360.32 real, 1028 MB
[runlim] sample:		2370.03 time, 2370.32 real, 1031 MB
[runlim] sample:		2380.03 time, 2380.32 real, 1037 MB
[runlim] sample:		2390.03 time, 2390.32 real, 1040 MB
[runlim] sample:		2400.03 time, 2400.32 real, 1048 MB
[runlim] sample:		2410.03 time, 2410.32 real, 1055 MB
[runlim] sample:		2420.04 time, 2420.32 real, 1059 MB
[runlim] sample:		2430.04 time, 2430.32 real, 1062 MB
[runlim] sample:		2440.03 time, 2440.32 real, 1061 MB
[runlim] sample:		2450.03 time, 2450.32 real, 1065 MB
[runlim] sample:		2460.04 time, 2460.32 real, 1067 MB
[runlim] sample:		2470.03 time, 2470.32 real, 1071 MB
[runlim] sample:		2480.04 time, 2480.32 real, 1074 MB
[runlim] sample:		2490.03 time, 2490.32 real, 1077 MB
[runlim] sample:		2500.03 time, 2500.32 real, 1080 MB
[runlim] sample:		2510.03 time, 2510.32 real, 1084 MB
[runlim] sample:		2520.04 time, 2520.32 real, 1087 MB
[runlim] sample:		2530.03 time, 2530.32 real, 1090 MB
[runlim] sample:		2540.03 time, 2540.32 real, 1094 MB
[runlim] sample:		2550.04 time, 2550.32 real, 1097 MB
[runlim] sample:		2560.03 time, 2560.32 real, 1100 MB
[runlim] sample:		2570.03 time, 2570.32 real, 1103 MB
[runlim] sample:		2580.03 time, 2580.32 real, 1106 MB
[runlim] sample:		2590.03 time, 2590.32 real, 1109 MB
[runlim] sample:		2600.03 time, 2600.32 real, 1113 MB
[runlim] sample:		2610.03 time, 2610.32 real, 1116 MB
[runlim] sample:		2620.03 time, 2620.32 real, 1119 MB
[runlim] sample:		2630.03 time, 2630.32 real, 1122 MB
[runlim] sample:		2640.03 time, 2640.32 real, 1126 MB
[runlim] sample:		2650.03 time, 2650.32 real, 1129 MB
[runlim] sample:		2660.03 time, 2660.32 real, 1133 MB
[runlim] sample:		2670.03 time, 2670.32 real, 1136 MB
[runlim] sample:		2680.03 time, 2680.32 real, 1157 MB
[runlim] sample:		2690.03 time, 2690.32 real, 1160 MB
[runlim] end:			Sat Feb 29 08:03:41 2020
[runlim] status:		out of time
[runlim] result:		2
[runlim] children:		1
[runlim] real:			2700.11 seconds
[runlim] time:			2699.73 seconds
[runlim] space:			1163 MB
[runlim] samples:		26997
