[runlim] version:		1.18
[runlim] host:			c3n15
[runlim] time limit:		2700 seconds
[runlim] real time limit:	2700 seconds
[runlim] space limit:		7000 MB
[runlim] argv[0]:		./binary
[runlim] argv[1]:		/data/cnf/ankit/E1-A1-Red/decomposition256.dqbf
[runlim] start:			Sat Feb 29 07:18:40 2020
[runlim] child:			17888
[runlim] sample:		9.38 time, 10.22 real, 24 MB
[runlim] sample:		19.38 time, 20.22 real, 54 MB
[runlim] sample:		29.38 time, 30.22 real, 71 MB
[runlim] sample:		39.38 time, 40.22 real, 102 MB
[runlim] sample:		49.38 time, 50.22 real, 102 MB
[runlim] sample:		59.38 time, 60.22 real, 131 MB
[runlim] sample:		69.38 time, 70.22 real, 160 MB
[runlim] sample:		79.38 time, 80.22 real, 157 MB
[runlim] sample:		89.38 time, 90.22 real, 182 MB
[runlim] sample:		99.58 time, 100.42 real, 207 MB
[runlim] sample:		109.57 time, 110.42 real, 186 MB
[runlim] sample:		119.58 time, 120.42 real, 210 MB
[runlim] sample:		129.57 time, 130.42 real, 232 MB
[runlim] sample:		139.58 time, 140.42 real, 253 MB
[runlim] sample:		149.57 time, 150.42 real, 275 MB
[runlim] sample:		159.58 time, 160.42 real, 295 MB
[runlim] sample:		169.58 time, 170.42 real, 256 MB
[runlim] sample:		179.58 time, 180.42 real, 277 MB
[runlim] sample:		189.58 time, 190.42 real, 296 MB
[runlim] sample:		199.57 time, 200.42 real, 314 MB
[runlim] sample:		209.57 time, 210.42 real, 332 MB
[runlim] sample:		219.58 time, 220.42 real, 349 MB
[runlim] sample:		229.57 time, 230.42 real, 366 MB
[runlim] sample:		239.58 time, 240.42 real, 383 MB
[runlim] sample:		249.58 time, 250.42 real, 399 MB
[runlim] sample:		259.58 time, 260.42 real, 414 MB
[runlim] sample:		269.57 time, 270.42 real, 430 MB
[runlim] sample:		279.58 time, 280.42 real, 356 MB
[runlim] sample:		289.58 time, 290.42 real, 373 MB
[runlim] sample:		299.58 time, 300.42 real, 389 MB
[runlim] sample:		309.58 time, 310.42 real, 405 MB
[runlim] sample:		319.58 time, 320.42 real, 419 MB
[runlim] sample:		329.57 time, 330.42 real, 433 MB
[runlim] sample:		339.57 time, 340.42 real, 447 MB
[runlim] sample:		349.58 time, 350.42 real, 461 MB
[runlim] sample:		359.57 time, 360.42 real, 476 MB
[runlim] sample:		369.58 time, 370.42 real, 488 MB
[runlim] sample:		379.57 time, 380.42 real, 501 MB
[runlim] sample:		389.57 time, 390.42 real, 513 MB
[runlim] sample:		399.57 time, 400.42 real, 526 MB
[runlim] sample:		409.58 time, 410.42 real, 539 MB
[runlim] sample:		419.57 time, 420.42 real, 551 MB
[runlim] sample:		429.57 time, 430.42 real, 563 MB
[runlim] sample:		439.57 time, 440.42 real, 575 MB
[runlim] sample:		449.57 time, 450.42 real, 587 MB
[runlim] sample:		459.57 time, 460.42 real, 599 MB
[runlim] sample:		469.57 time, 470.42 real, 491 MB
[runlim] sample:		479.57 time, 480.42 real, 503 MB
[runlim] sample:		489.57 time, 490.42 real, 516 MB
[runlim] sample:		499.57 time, 500.42 real, 528 MB
[runlim] sample:		509.57 time, 510.42 real, 539 MB
[runlim] sample:		519.57 time, 520.42 real, 550 MB
[runlim] sample:		529.57 time, 530.42 real, 561 MB
[runlim] sample:		539.57 time, 540.42 real, 572 MB
[runlim] sample:		549.57 time, 550.42 real, 582 MB
[runlim] sample:		559.56 time, 560.42 real, 593 MB
[runlim] sample:		569.56 time, 570.42 real, 602 MB
[runlim] sample:		579.56 time, 580.42 real, 613 MB
[runlim] sample:		589.57 time, 590.42 real, 623 MB
[runlim] sample:		599.57 time, 600.42 real, 633 MB
[runlim] sample:		609.57 time, 610.42 real, 642 MB
[runlim] sample:		619.57 time, 620.42 real, 652 MB
[runlim] sample:		629.57 time, 630.42 real, 662 MB
[runlim] sample:		639.57 time, 640.42 real, 671 MB
[runlim] sample:		649.56 time, 650.42 real, 681 MB
[runlim] sample:		659.57 time, 660.42 real, 690 MB
[runlim] sample:		669.56 time, 670.42 real, 700 MB
[runlim] sample:		679.56 time, 680.42 real, 709 MB
[runlim] sample:		689.56 time, 690.42 real, 719 MB
[runlim] sample:		699.57 time, 700.42 real, 732 MB
[runlim] sample:		709.57 time, 710.42 real, 741 MB
[runlim] sample:		719.56 time, 720.42 real, 750 MB
[runlim] sample:		729.56 time, 730.42 real, 759 MB
[runlim] sample:		739.56 time, 740.42 real, 768 MB
[runlim] sample:		749.56 time, 750.42 real, 777 MB
[runlim] sample:		759.57 time, 760.42 real, 785 MB
[runlim] sample:		769.57 time, 770.42 real, 794 MB
[runlim] sample:		779.57 time, 780.42 real, 803 MB
[runlim] sample:		789.57 time, 790.42 real, 811 MB
[runlim] sample:		799.57 time, 800.42 real, 819 MB
[runlim] sample:		809.57 time, 810.42 real, 828 MB
[runlim] sample:		819.57 time, 820.42 real, 672 MB
[runlim] sample:		829.57 time, 830.42 real, 681 MB
[runlim] sample:		839.56 time, 840.42 real, 689 MB
[runlim] sample:		849.57 time, 850.42 real, 699 MB
[runlim] sample:		859.56 time, 860.42 real, 707 MB
[runlim] sample:		869.57 time, 870.42 real, 715 MB
[runlim] sample:		879.56 time, 880.42 real, 723 MB
[runlim] sample:		889.56 time, 890.42 real, 731 MB
[runlim] sample:		899.56 time, 900.42 real, 739 MB
[runlim] sample:		909.56 time, 910.42 real, 748 MB
[runlim] sample:		919.56 time, 920.42 real, 755 MB
[runlim] sample:		929.56 time, 930.42 real, 763 MB
[runlim] sample:		939.56 time, 940.42 real, 770 MB
[runlim] sample:		949.56 time, 950.42 real, 777 MB
[runlim] sample:		959.56 time, 960.42 real, 785 MB
[runlim] sample:		969.56 time, 970.42 real, 793 MB
[runlim] sample:		979.56 time, 980.42 real, 800 MB
[runlim] sample:		989.56 time, 990.42 real, 807 MB
[runlim] sample:		999.56 time, 1000.42 real, 814 MB
[runlim] sample:		1009.56 time, 1010.42 real, 821 MB
[runlim] sample:		1019.56 time, 1020.42 real, 828 MB
[runlim] sample:		1029.56 time, 1030.42 real, 835 MB
[runlim] sample:		1039.56 time, 1040.42 real, 842 MB
[runlim] sample:		1049.56 time, 1050.42 real, 849 MB
[runlim] sample:		1059.56 time, 1060.42 real, 857 MB
[runlim] sample:		1069.56 time, 1070.42 real, 864 MB
[runlim] sample:		1079.56 time, 1080.42 real, 871 MB
[runlim] sample:		1089.56 time, 1090.42 real, 878 MB
[runlim] sample:		1099.56 time, 1100.42 real, 885 MB
[runlim] sample:		1109.56 time, 1110.42 real, 891 MB
[runlim] sample:		1119.56 time, 1120.42 real, 901 MB
[runlim] sample:		1129.56 time, 1130.42 real, 908 MB
[runlim] sample:		1139.56 time, 1140.42 real, 915 MB
[runlim] sample:		1149.56 time, 1150.42 real, 922 MB
[runlim] sample:		1159.55 time, 1160.42 real, 928 MB
[runlim] sample:		1169.56 time, 1170.42 real, 934 MB
[runlim] sample:		1179.56 time, 1180.42 real, 941 MB
[runlim] sample:		1189.56 time, 1190.42 real, 947 MB
[runlim] sample:		1199.56 time, 1200.42 real, 954 MB
[runlim] sample:		1209.56 time, 1210.42 real, 960 MB
[runlim] sample:		1219.56 time, 1220.42 real, 967 MB
[runlim] sample:		1229.56 time, 1230.42 real, 974 MB
[runlim] sample:		1239.56 time, 1240.42 real, 980 MB
[runlim] sample:		1249.56 time, 1250.42 real, 986 MB
[runlim] sample:		1259.56 time, 1260.42 real, 992 MB
[runlim] sample:		1269.56 time, 1270.42 real, 999 MB
[runlim] sample:		1279.56 time, 1280.42 real, 1006 MB
[runlim] sample:		1289.56 time, 1290.42 real, 1013 MB
[runlim] sample:		1299.56 time, 1300.42 real, 1019 MB
[runlim] sample:		1309.56 time, 1310.42 real, 1025 MB
[runlim] sample:		1319.55 time, 1320.42 real, 1034 MB
[runlim] sample:		1329.56 time, 1330.42 real, 1040 MB
[runlim] sample:		1339.55 time, 1340.42 real, 1046 MB
[runlim] sample:		1349.56 time, 1350.42 real, 1052 MB
[runlim] sample:		1359.56 time, 1360.42 real, 1058 MB
[runlim] sample:		1369.56 time, 1370.42 real, 1064 MB
[runlim] sample:		1379.55 time, 1380.42 real, 1070 MB
[runlim] sample:		1389.56 time, 1390.42 real, 1076 MB
[runlim] sample:		1399.55 time, 1400.42 real, 1082 MB
[runlim] sample:		1409.55 time, 1410.42 real, 1087 MB
[runlim] sample:		1419.56 time, 1420.42 real, 1093 MB
[runlim] sample:		1429.56 time, 1430.42 real, 1098 MB
[runlim] sample:		1439.55 time, 1440.42 real, 1104 MB
[runlim] sample:		1449.55 time, 1450.42 real, 1110 MB
[runlim] sample:		1459.56 time, 1460.42 real, 1115 MB
[runlim] sample:		1469.55 time, 1470.42 real, 1121 MB
[runlim] sample:		1479.55 time, 1480.42 real, 1127 MB
[runlim] sample:		1489.55 time, 1490.42 real, 1132 MB
[runlim] sample:		1499.55 time, 1500.42 real, 1138 MB
[runlim] sample:		1509.55 time, 1510.42 real, 1143 MB
[runlim] sample:		1519.55 time, 1520.42 real, 1149 MB
[runlim] sample:		1529.55 time, 1530.42 real, 1155 MB
[runlim] sample:		1539.55 time, 1540.42 real, 938 MB
[runlim] sample:		1549.55 time, 1550.42 real, 944 MB
[runlim] sample:		1559.55 time, 1560.42 real, 950 MB
[runlim] sample:		1569.55 time, 1570.42 real, 956 MB
[runlim] sample:		1579.55 time, 1580.42 real, 963 MB
[runlim] sample:		1589.55 time, 1590.42 real, 969 MB
[runlim] sample:		1599.55 time, 1600.42 real, 975 MB
[runlim] sample:		1609.55 time, 1610.42 real, 980 MB
[runlim] sample:		1619.55 time, 1620.42 real, 985 MB
[runlim] sample:		1629.55 time, 1630.42 real, 991 MB
[runlim] sample:		1639.55 time, 1640.42 real, 997 MB
[runlim] sample:		1649.55 time, 1650.42 real, 1002 MB
[runlim] sample:		1659.55 time, 1660.42 real, 1008 MB
[runlim] sample:		1669.54 time, 1670.42 real, 1013 MB
[runlim] sample:		1679.55 time, 1680.42 real, 1019 MB
[runlim] sample:		1689.54 time, 1690.42 real, 1027 MB
[runlim] sample:		1699.55 time, 1700.42 real, 1032 MB
[runlim] sample:		1709.55 time, 1710.42 real, 1037 MB
[runlim] sample:		1719.55 time, 1720.42 real, 1043 MB
[runlim] sample:		1729.54 time, 1730.42 real, 1048 MB
[runlim] sample:		1739.54 time, 1740.42 real, 1054 MB
[runlim] sample:		1749.55 time, 1750.42 real, 1059 MB
[runlim] sample:		1759.54 time, 1760.42 real, 1064 MB
[runlim] sample:		1769.55 time, 1770.42 real, 1070 MB
[runlim] sample:		1779.55 time, 1780.42 real, 1075 MB
[runlim] sample:		1789.54 time, 1790.42 real, 1080 MB
[runlim] sample:		1799.54 time, 1800.42 real, 1085 MB
[runlim] sample:		1809.55 time, 1810.42 real, 1091 MB
[runlim] sample:		1819.55 time, 1820.42 real, 1096 MB
[runlim] sample:		1829.55 time, 1830.42 real, 1101 MB
[runlim] sample:		1839.54 time, 1840.42 real, 1106 MB
[runlim] sample:		1849.55 time, 1850.42 real, 1111 MB
[runlim] sample:		1859.54 time, 1860.42 real, 1116 MB
[runlim] sample:		1869.55 time, 1870.42 real, 1121 MB
[runlim] sample:		1879.55 time, 1880.42 real, 1126 MB
[runlim] sample:		1889.54 time, 1890.42 real, 1131 MB
[runlim] sample:		1899.55 time, 1900.42 real, 1137 MB
[runlim] sample:		1909.55 time, 1910.42 real, 1142 MB
[runlim] sample:		1919.55 time, 1920.42 real, 1147 MB
[runlim] sample:		1929.54 time, 1930.42 real, 1152 MB
[runlim] sample:		1939.55 time, 1940.42 real, 1157 MB
[runlim] sample:		1949.54 time, 1950.42 real, 1163 MB
[runlim] sample:		1959.55 time, 1960.42 real, 1169 MB
[runlim] sample:		1969.55 time, 1970.42 real, 1175 MB
[runlim] sample:		1979.55 time, 1980.42 real, 1180 MB
[runlim] sample:		1989.55 time, 1990.42 real, 1185 MB
[runlim] sample:		1999.54 time, 2000.42 real, 1191 MB
[runlim] sample:		2009.54 time, 2010.42 real, 1196 MB
[runlim] sample:		2019.54 time, 2020.42 real, 1201 MB
[runlim] sample:		2029.54 time, 2030.42 real, 1206 MB
[runlim] sample:		2039.54 time, 2040.42 real, 1211 MB
[runlim] sample:		2049.54 time, 2050.42 real, 1216 MB
[runlim] sample:		2059.54 time, 2060.42 real, 1221 MB
[runlim] sample:		2069.54 time, 2070.42 real, 1226 MB
[runlim] sample:		2079.54 time, 2080.42 real, 1231 MB
[runlim] sample:		2089.54 time, 2090.42 real, 1236 MB
[runlim] sample:		2099.54 time, 2100.42 real, 1242 MB
[runlim] sample:		2109.54 time, 2110.42 real, 1247 MB
[runlim] sample:		2119.54 time, 2120.42 real, 1252 MB
[runlim] sample:		2129.54 time, 2130.42 real, 1257 MB
[runlim] sample:		2139.54 time, 2140.42 real, 1262 MB
[runlim] sample:		2149.54 time, 2150.42 real, 1268 MB
[runlim] sample:		2159.54 time, 2160.42 real, 1273 MB
[runlim] sample:		2169.54 time, 2170.42 real, 1278 MB
[runlim] sample:		2179.54 time, 2180.42 real, 1283 MB
[runlim] sample:		2189.54 time, 2190.42 real, 1289 MB
[runlim] sample:		2199.54 time, 2200.42 real, 1294 MB
[runlim] sample:		2209.54 time, 2210.42 real, 1299 MB
[runlim] sample:		2219.54 time, 2220.42 real, 1306 MB
[runlim] sample:		2229.54 time, 2230.42 real, 1311 MB
[runlim] sample:		2239.54 time, 2240.42 real, 1316 MB
[runlim] sample:		2249.53 time, 2250.42 real, 1322 MB
[runlim] sample:		2259.54 time, 2260.42 real, 1327 MB
[runlim] sample:		2269.53 time, 2270.42 real, 1332 MB
[runlim] sample:		2279.54 time, 2280.42 real, 1337 MB
[runlim] sample:		2289.54 time, 2290.42 real, 1343 MB
[runlim] sample:		2299.54 time, 2300.42 real, 1347 MB
[runlim] sample:		2309.54 time, 2310.42 real, 1353 MB
[runlim] sample:		2319.53 time, 2320.42 real, 1358 MB
[runlim] sample:		2329.53 time, 2330.42 real, 1364 MB
[runlim] sample:		2339.54 time, 2340.42 real, 1369 MB
[runlim] sample:		2349.54 time, 2350.42 real, 1374 MB
[runlim] sample:		2359.53 time, 2360.42 real, 1380 MB
[runlim] sample:		2369.54 time, 2370.42 real, 1386 MB
[runlim] sample:		2379.54 time, 2380.42 real, 1391 MB
[runlim] sample:		2389.53 time, 2390.42 real, 1397 MB
[runlim] sample:		2399.54 time, 2400.42 real, 1403 MB
[runlim] sample:		2409.54 time, 2410.42 real, 1408 MB
[runlim] sample:		2419.53 time, 2420.42 real, 1413 MB
[runlim] sample:		2429.53 time, 2430.42 real, 1419 MB
[runlim] sample:		2439.54 time, 2440.42 real, 1424 MB
[runlim] sample:		2449.53 time, 2450.42 real, 1429 MB
[runlim] sample:		2459.53 time, 2460.42 real, 1435 MB
[runlim] sample:		2469.53 time, 2470.42 real, 1440 MB
[runlim] sample:		2479.53 time, 2480.42 real, 1447 MB
[runlim] sample:		2489.53 time, 2490.42 real, 1452 MB
[runlim] sample:		2499.54 time, 2500.42 real, 1457 MB
[runlim] sample:		2509.53 time, 2510.42 real, 1462 MB
[runlim] sample:		2519.53 time, 2520.42 real, 1467 MB
[runlim] sample:		2529.53 time, 2530.42 real, 1473 MB
[runlim] sample:		2539.54 time, 2540.42 real, 1478 MB
[runlim] sample:		2549.53 time, 2550.42 real, 1483 MB
[runlim] sample:		2559.53 time, 2560.42 real, 1488 MB
[runlim] sample:		2569.53 time, 2570.42 real, 1494 MB
[runlim] sample:		2579.53 time, 2580.42 real, 1499 MB
[runlim] sample:		2589.54 time, 2590.42 real, 1504 MB
[runlim] sample:		2599.53 time, 2600.42 real, 1509 MB
[runlim] sample:		2609.53 time, 2610.42 real, 1514 MB
[runlim] sample:		2619.53 time, 2620.42 real, 1519 MB
[runlim] sample:		2629.53 time, 2630.42 real, 1526 MB
[runlim] sample:		2639.53 time, 2640.42 real, 1531 MB
[runlim] sample:		2649.53 time, 2650.42 real, 1536 MB
[runlim] sample:		2659.53 time, 2660.42 real, 1541 MB
[runlim] sample:		2669.54 time, 2670.42 real, 1546 MB
[runlim] sample:		2679.53 time, 2680.42 real, 1551 MB
[runlim] sample:		2689.53 time, 2690.42 real, 1556 MB
[runlim] end:			Sat Feb 29 08:03:40 2020
[runlim] status:		out of time
[runlim] result:		2
[runlim] children:		1
[runlim] real:			2700.12 seconds
[runlim] time:			2699.13 seconds
[runlim] space:			2002 MB
[runlim] samples:		26996
