[runlim] version:		1.18
[runlim] host:			c3n22
[runlim] time limit:		2700 seconds
[runlim] real time limit:	2700 seconds
[runlim] space limit:		7000 MB
[runlim] argv[0]:		./binary
[runlim] argv[1]:		/data/cnf/ankit/E1-A1-Red/depots10_7.qdimacs
[runlim] start:			Sat Feb 29 07:18:42 2020
[runlim] child:			18519
[runlim] sample:		9.88 time, 10.12 real, 83 MB
[runlim] sample:		19.88 time, 20.12 real, 178 MB
[runlim] sample:		29.87 time, 30.12 real, 277 MB
[runlim] sample:		39.87 time, 40.12 real, 370 MB
[runlim] end:			Sat Feb 29 07:19:28 2020
[runlim] status:		ok
[runlim] result:		0
[runlim] children:		1
[runlim] real:			45.57 seconds
[runlim] time:			45.28 seconds
[runlim] space:			424 MB
[runlim] samples:		454
