[runlim] version:		1.18
[runlim] host:			c3n24
[runlim] time limit:		2700 seconds
[runlim] real time limit:	2700 seconds
[runlim] space limit:		7000 MB
[runlim] argv[0]:		./binary
[runlim] argv[1]:		/data/cnf/ankit/E1-A1-Red/dungeon_i25-m12-u3-v0.pddl_planlen=146.dqbf
[runlim] start:			Sat Feb 29 07:18:40 2020
[runlim] child:			18224
[runlim] sample:		6.75 time, 10.12 real, 74 MB
[runlim] sample:		16.75 time, 20.12 real, 74 MB
[runlim] sample:		26.75 time, 30.12 real, 74 MB
[runlim] sample:		36.75 time, 40.12 real, 74 MB
[runlim] sample:		46.75 time, 50.12 real, 74 MB
[runlim] sample:		56.75 time, 60.12 real, 81 MB
[runlim] sample:		66.75 time, 70.12 real, 81 MB
[runlim] sample:		76.75 time, 80.12 real, 81 MB
[runlim] sample:		86.75 time, 90.12 real, 81 MB
[runlim] sample:		96.95 time, 100.32 real, 81 MB
[runlim] sample:		106.95 time, 110.32 real, 81 MB
[runlim] sample:		116.95 time, 120.32 real, 81 MB
[runlim] sample:		126.95 time, 130.32 real, 81 MB
[runlim] sample:		136.95 time, 140.32 real, 81 MB
[runlim] sample:		146.95 time, 150.32 real, 81 MB
[runlim] sample:		156.95 time, 160.32 real, 81 MB
[runlim] sample:		166.95 time, 170.32 real, 81 MB
[runlim] sample:		176.95 time, 180.32 real, 81 MB
[runlim] sample:		186.95 time, 190.32 real, 81 MB
[runlim] sample:		196.96 time, 200.33 real, 81 MB
[runlim] sample:		206.95 time, 210.32 real, 81 MB
[runlim] sample:		216.95 time, 220.32 real, 81 MB
[runlim] sample:		226.95 time, 230.32 real, 81 MB
[runlim] sample:		236.95 time, 240.32 real, 81 MB
[runlim] sample:		246.95 time, 250.32 real, 81 MB
[runlim] sample:		256.95 time, 260.32 real, 81 MB
[runlim] sample:		266.95 time, 270.32 real, 81 MB
[runlim] sample:		276.95 time, 280.32 real, 81 MB
[runlim] sample:		286.95 time, 290.32 real, 81 MB
[runlim] sample:		296.95 time, 300.32 real, 81 MB
[runlim] sample:		306.95 time, 310.32 real, 81 MB
[runlim] sample:		316.95 time, 320.32 real, 81 MB
[runlim] sample:		326.95 time, 330.32 real, 81 MB
[runlim] sample:		336.95 time, 340.32 real, 81 MB
[runlim] sample:		346.95 time, 350.32 real, 81 MB
[runlim] sample:		356.95 time, 360.32 real, 81 MB
[runlim] sample:		366.95 time, 370.32 real, 81 MB
[runlim] sample:		376.95 time, 380.32 real, 81 MB
[runlim] sample:		386.95 time, 390.32 real, 81 MB
[runlim] sample:		396.95 time, 400.32 real, 81 MB
[runlim] sample:		406.95 time, 410.32 real, 81 MB
[runlim] sample:		416.95 time, 420.32 real, 81 MB
[runlim] sample:		426.95 time, 430.32 real, 81 MB
[runlim] sample:		436.95 time, 440.32 real, 81 MB
[runlim] sample:		446.95 time, 450.32 real, 81 MB
[runlim] sample:		456.95 time, 460.32 real, 81 MB
[runlim] sample:		466.95 time, 470.32 real, 81 MB
[runlim] sample:		476.95 time, 480.32 real, 81 MB
[runlim] sample:		486.95 time, 490.32 real, 81 MB
[runlim] sample:		496.95 time, 500.32 real, 81 MB
[runlim] sample:		506.96 time, 510.32 real, 86 MB
[runlim] sample:		516.96 time, 520.32 real, 86 MB
[runlim] sample:		526.96 time, 530.32 real, 86 MB
[runlim] sample:		536.96 time, 540.32 real, 86 MB
[runlim] sample:		546.96 time, 550.32 real, 86 MB
[runlim] sample:		556.96 time, 560.32 real, 86 MB
[runlim] sample:		566.96 time, 570.32 real, 86 MB
[runlim] sample:		576.96 time, 580.32 real, 86 MB
[runlim] sample:		586.96 time, 590.32 real, 86 MB
[runlim] sample:		596.96 time, 600.32 real, 86 MB
[runlim] sample:		606.96 time, 610.32 real, 86 MB
[runlim] sample:		616.96 time, 620.32 real, 86 MB
[runlim] sample:		626.96 time, 630.32 real, 86 MB
[runlim] sample:		636.96 time, 640.32 real, 86 MB
[runlim] sample:		646.96 time, 650.32 real, 86 MB
[runlim] sample:		656.96 time, 660.32 real, 86 MB
[runlim] sample:		666.96 time, 670.32 real, 86 MB
[runlim] sample:		676.96 time, 680.32 real, 86 MB
[runlim] sample:		686.96 time, 690.32 real, 87 MB
[runlim] sample:		696.96 time, 700.32 real, 87 MB
[runlim] sample:		706.96 time, 710.32 real, 87 MB
[runlim] sample:		716.96 time, 720.32 real, 87 MB
[runlim] sample:		726.96 time, 730.32 real, 87 MB
[runlim] sample:		736.96 time, 740.32 real, 87 MB
[runlim] sample:		746.96 time, 750.32 real, 87 MB
[runlim] sample:		756.96 time, 760.32 real, 87 MB
[runlim] sample:		766.96 time, 770.32 real, 87 MB
[runlim] sample:		776.96 time, 780.32 real, 87 MB
[runlim] sample:		786.96 time, 790.32 real, 135 MB
[runlim] sample:		796.96 time, 800.32 real, 248 MB
[runlim] sample:		806.95 time, 810.32 real, 361 MB
[runlim] sample:		816.96 time, 820.32 real, 475 MB
[runlim] sample:		826.96 time, 830.32 real, 589 MB
[runlim] sample:		836.96 time, 840.32 real, 702 MB
[runlim] sample:		846.95 time, 850.32 real, 816 MB
[runlim] sample:		856.96 time, 860.32 real, 929 MB
[runlim] sample:		866.96 time, 870.32 real, 1043 MB
[runlim] sample:		876.96 time, 880.32 real, 1157 MB
[runlim] sample:		886.96 time, 890.32 real, 1271 MB
[runlim] sample:		896.95 time, 900.32 real, 1384 MB
[runlim] sample:		906.96 time, 910.32 real, 1498 MB
[runlim] sample:		916.95 time, 920.32 real, 1611 MB
[runlim] sample:		926.96 time, 930.32 real, 1725 MB
[runlim] sample:		936.95 time, 940.32 real, 1838 MB
[runlim] sample:		946.96 time, 950.32 real, 1951 MB
[runlim] sample:		956.95 time, 960.32 real, 2065 MB
[runlim] sample:		966.95 time, 970.32 real, 2178 MB
[runlim] sample:		976.95 time, 980.32 real, 2292 MB
[runlim] sample:		986.95 time, 990.32 real, 2405 MB
[runlim] sample:		996.96 time, 1000.32 real, 2519 MB
[runlim] sample:		1006.95 time, 1010.32 real, 2633 MB
[runlim] sample:		1016.95 time, 1020.32 real, 2747 MB
[runlim] sample:		1026.95 time, 1030.32 real, 2860 MB
[runlim] sample:		1036.95 time, 1040.32 real, 2973 MB
[runlim] sample:		1046.96 time, 1050.32 real, 3087 MB
[runlim] sample:		1056.95 time, 1060.32 real, 3201 MB
[runlim] sample:		1066.96 time, 1070.32 real, 3314 MB
[runlim] sample:		1076.95 time, 1080.32 real, 3428 MB
[runlim] sample:		1086.96 time, 1090.32 real, 3542 MB
[runlim] sample:		1096.96 time, 1100.32 real, 3656 MB
[runlim] sample:		1106.95 time, 1110.32 real, 3769 MB
[runlim] sample:		1116.96 time, 1120.32 real, 3883 MB
[runlim] sample:		1126.96 time, 1130.32 real, 3997 MB
[runlim] sample:		1136.96 time, 1140.32 real, 4111 MB
[runlim] sample:		1146.95 time, 1150.32 real, 4224 MB
[runlim] sample:		1156.95 time, 1160.32 real, 4338 MB
[runlim] sample:		1166.96 time, 1170.32 real, 4452 MB
[runlim] sample:		1176.95 time, 1180.32 real, 4565 MB
[runlim] sample:		1186.95 time, 1190.32 real, 4679 MB
[runlim] sample:		1196.95 time, 1200.32 real, 4792 MB
[runlim] sample:		1206.95 time, 1210.32 real, 4906 MB
[runlim] sample:		1216.95 time, 1220.32 real, 5020 MB
[runlim] sample:		1226.96 time, 1230.32 real, 5133 MB
[runlim] sample:		1236.96 time, 1240.32 real, 5247 MB
[runlim] sample:		1246.96 time, 1250.32 real, 5361 MB
[runlim] sample:		1256.95 time, 1260.32 real, 5475 MB
[runlim] sample:		1266.95 time, 1270.32 real, 5588 MB
[runlim] sample:		1276.95 time, 1280.32 real, 5701 MB
[runlim] sample:		1286.95 time, 1290.32 real, 5814 MB
[runlim] sample:		1296.95 time, 1300.32 real, 5928 MB
[runlim] sample:		1306.96 time, 1310.32 real, 6042 MB
[runlim] sample:		1316.96 time, 1320.32 real, 6155 MB
[runlim] sample:		1326.96 time, 1330.32 real, 6269 MB
[runlim] sample:		1336.96 time, 1340.32 real, 6382 MB
[runlim] sample:		1346.96 time, 1350.32 real, 6496 MB
[runlim] sample:		1356.95 time, 1360.32 real, 6601 MB
[runlim] sample:		1366.96 time, 1370.32 real, 6708 MB
[runlim] sample:		1376.95 time, 1380.32 real, 6816 MB
[runlim] sample:		1386.95 time, 1390.32 real, 6925 MB
[runlim] end:			Sat Feb 29 07:41:58 2020
[runlim] status:		out of memory
[runlim] result:		3
[runlim] children:		1
[runlim] real:			1397.79 seconds
[runlim] time:			1393.96 seconds
[runlim] space:			7000 MB
[runlim] samples:		13970
