[runlim] version:		1.18
[runlim] host:			c3n24
[runlim] time limit:		2700 seconds
[runlim] real time limit:	2700 seconds
[runlim] space limit:		7000 MB
[runlim] argv[0]:		./binary
[runlim] argv[1]:		/data/cnf/ankit/E1-A1-Red/dungeon_i25-m12-u3-v0.pddl_planlen=165.dqbf
[runlim] start:			Sat Feb 29 07:18:40 2020
[runlim] child:			18222
[runlim] sample:		6.77 time, 10.12 real, 83 MB
[runlim] sample:		16.77 time, 20.12 real, 72 MB
[runlim] sample:		26.77 time, 30.12 real, 72 MB
[runlim] sample:		36.77 time, 40.12 real, 75 MB
[runlim] sample:		46.77 time, 50.12 real, 76 MB
[runlim] sample:		56.77 time, 60.12 real, 76 MB
[runlim] sample:		66.77 time, 70.12 real, 84 MB
[runlim] sample:		76.77 time, 80.12 real, 84 MB
[runlim] sample:		86.77 time, 90.12 real, 84 MB
[runlim] sample:		96.98 time, 100.32 real, 84 MB
[runlim] sample:		106.98 time, 110.32 real, 84 MB
[runlim] sample:		116.98 time, 120.32 real, 84 MB
[runlim] sample:		126.98 time, 130.32 real, 84 MB
[runlim] sample:		136.98 time, 140.32 real, 84 MB
[runlim] sample:		146.97 time, 150.32 real, 85 MB
[runlim] sample:		156.97 time, 160.32 real, 85 MB
[runlim] sample:		166.97 time, 170.32 real, 85 MB
[runlim] sample:		176.97 time, 180.32 real, 85 MB
[runlim] sample:		186.97 time, 190.32 real, 85 MB
[runlim] sample:		196.97 time, 200.32 real, 85 MB
[runlim] sample:		206.97 time, 210.32 real, 85 MB
[runlim] sample:		216.97 time, 220.32 real, 85 MB
[runlim] sample:		226.97 time, 230.32 real, 85 MB
[runlim] sample:		236.97 time, 240.32 real, 85 MB
[runlim] sample:		246.97 time, 250.32 real, 85 MB
[runlim] sample:		256.97 time, 260.32 real, 85 MB
[runlim] sample:		266.97 time, 270.32 real, 85 MB
[runlim] sample:		276.97 time, 280.32 real, 86 MB
[runlim] sample:		286.97 time, 290.32 real, 86 MB
[runlim] sample:		296.97 time, 300.32 real, 86 MB
[runlim] sample:		306.97 time, 310.32 real, 86 MB
[runlim] sample:		316.97 time, 320.32 real, 86 MB
[runlim] sample:		326.97 time, 330.32 real, 86 MB
[runlim] sample:		336.97 time, 340.32 real, 86 MB
[runlim] sample:		346.97 time, 350.32 real, 86 MB
[runlim] sample:		356.97 time, 360.32 real, 86 MB
[runlim] sample:		366.97 time, 370.32 real, 86 MB
[runlim] sample:		376.97 time, 380.32 real, 86 MB
[runlim] sample:		386.97 time, 390.32 real, 86 MB
[runlim] sample:		396.97 time, 400.32 real, 86 MB
[runlim] sample:		406.97 time, 410.32 real, 86 MB
[runlim] sample:		416.97 time, 420.32 real, 86 MB
[runlim] sample:		426.97 time, 430.32 real, 86 MB
[runlim] sample:		436.97 time, 440.32 real, 86 MB
[runlim] sample:		446.97 time, 450.32 real, 86 MB
[runlim] sample:		456.97 time, 460.32 real, 87 MB
[runlim] sample:		466.97 time, 470.32 real, 87 MB
[runlim] sample:		476.97 time, 480.32 real, 87 MB
[runlim] sample:		486.97 time, 490.32 real, 87 MB
[runlim] sample:		496.97 time, 500.32 real, 87 MB
[runlim] sample:		506.97 time, 510.32 real, 87 MB
[runlim] sample:		516.97 time, 520.32 real, 87 MB
[runlim] sample:		526.97 time, 530.32 real, 87 MB
[runlim] sample:		536.97 time, 540.32 real, 87 MB
[runlim] sample:		546.97 time, 550.32 real, 87 MB
[runlim] sample:		556.97 time, 560.32 real, 87 MB
[runlim] sample:		566.97 time, 570.32 real, 87 MB
[runlim] sample:		576.97 time, 580.32 real, 87 MB
[runlim] sample:		586.97 time, 590.32 real, 87 MB
[runlim] sample:		596.97 time, 600.32 real, 87 MB
[runlim] sample:		606.97 time, 610.32 real, 87 MB
[runlim] sample:		616.97 time, 620.32 real, 87 MB
[runlim] sample:		626.97 time, 630.32 real, 87 MB
[runlim] sample:		636.97 time, 640.32 real, 87 MB
[runlim] sample:		646.97 time, 650.32 real, 87 MB
[runlim] sample:		656.97 time, 660.32 real, 87 MB
[runlim] sample:		666.97 time, 670.32 real, 87 MB
[runlim] sample:		676.97 time, 680.32 real, 87 MB
[runlim] sample:		686.97 time, 690.32 real, 87 MB
[runlim] sample:		696.97 time, 700.32 real, 88 MB
[runlim] sample:		706.97 time, 710.32 real, 88 MB
[runlim] sample:		716.97 time, 720.32 real, 88 MB
[runlim] sample:		726.97 time, 730.32 real, 88 MB
[runlim] sample:		736.97 time, 740.32 real, 88 MB
[runlim] sample:		746.97 time, 750.32 real, 88 MB
[runlim] sample:		756.97 time, 760.32 real, 88 MB
[runlim] sample:		766.97 time, 770.32 real, 88 MB
[runlim] sample:		776.97 time, 780.32 real, 88 MB
[runlim] sample:		786.97 time, 790.32 real, 88 MB
[runlim] sample:		796.97 time, 800.32 real, 88 MB
[runlim] sample:		806.96 time, 810.32 real, 88 MB
[runlim] sample:		816.96 time, 820.32 real, 88 MB
[runlim] sample:		826.96 time, 830.32 real, 88 MB
[runlim] sample:		836.96 time, 840.32 real, 88 MB
[runlim] sample:		846.96 time, 850.32 real, 88 MB
[runlim] sample:		856.96 time, 860.32 real, 88 MB
[runlim] sample:		866.96 time, 870.32 real, 88 MB
[runlim] sample:		876.96 time, 880.32 real, 88 MB
[runlim] sample:		886.96 time, 890.32 real, 88 MB
[runlim] sample:		896.96 time, 900.32 real, 88 MB
[runlim] sample:		906.96 time, 910.32 real, 88 MB
[runlim] sample:		916.96 time, 920.32 real, 88 MB
[runlim] sample:		926.96 time, 930.32 real, 88 MB
[runlim] sample:		936.96 time, 940.32 real, 88 MB
[runlim] sample:		946.96 time, 950.32 real, 88 MB
[runlim] sample:		956.96 time, 960.32 real, 88 MB
[runlim] sample:		966.96 time, 970.32 real, 88 MB
[runlim] sample:		976.96 time, 980.32 real, 88 MB
[runlim] sample:		986.96 time, 990.32 real, 88 MB
[runlim] sample:		996.96 time, 1000.32 real, 88 MB
[runlim] sample:		1006.96 time, 1010.32 real, 88 MB
[runlim] sample:		1016.96 time, 1020.32 real, 88 MB
[runlim] sample:		1026.96 time, 1030.32 real, 88 MB
[runlim] sample:		1036.96 time, 1040.32 real, 88 MB
[runlim] sample:		1046.97 time, 1050.32 real, 190 MB
[runlim] sample:		1056.97 time, 1060.32 real, 295 MB
[runlim] sample:		1066.97 time, 1070.32 real, 399 MB
[runlim] sample:		1076.96 time, 1080.32 real, 504 MB
[runlim] sample:		1086.97 time, 1090.32 real, 610 MB
[runlim] sample:		1096.96 time, 1100.32 real, 714 MB
[runlim] sample:		1106.96 time, 1110.32 real, 821 MB
[runlim] sample:		1116.96 time, 1120.32 real, 924 MB
[runlim] sample:		1126.96 time, 1130.32 real, 1029 MB
[runlim] sample:		1136.97 time, 1140.32 real, 1137 MB
[runlim] sample:		1146.96 time, 1150.32 real, 1247 MB
[runlim] sample:		1156.96 time, 1160.32 real, 1356 MB
[runlim] sample:		1166.96 time, 1170.32 real, 1465 MB
[runlim] sample:		1176.96 time, 1180.32 real, 1575 MB
[runlim] sample:		1186.97 time, 1190.32 real, 1684 MB
[runlim] sample:		1196.97 time, 1200.32 real, 1794 MB
[runlim] sample:		1206.96 time, 1210.32 real, 1903 MB
[runlim] sample:		1216.96 time, 1220.32 real, 2012 MB
[runlim] sample:		1226.96 time, 1230.32 real, 2121 MB
[runlim] sample:		1236.96 time, 1240.32 real, 2231 MB
[runlim] sample:		1246.96 time, 1250.32 real, 2340 MB
[runlim] sample:		1256.96 time, 1260.32 real, 2450 MB
[runlim] sample:		1266.96 time, 1270.32 real, 2559 MB
[runlim] sample:		1276.96 time, 1280.32 real, 2668 MB
[runlim] sample:		1286.96 time, 1290.32 real, 2777 MB
[runlim] sample:		1296.96 time, 1300.32 real, 2887 MB
[runlim] sample:		1306.96 time, 1310.32 real, 2996 MB
[runlim] sample:		1316.96 time, 1320.32 real, 3105 MB
[runlim] sample:		1326.96 time, 1330.32 real, 3214 MB
[runlim] sample:		1336.97 time, 1340.32 real, 3324 MB
[runlim] sample:		1346.96 time, 1350.32 real, 3433 MB
[runlim] sample:		1356.97 time, 1360.32 real, 3543 MB
[runlim] sample:		1366.97 time, 1370.32 real, 3653 MB
[runlim] sample:		1376.96 time, 1380.32 real, 3763 MB
[runlim] sample:		1386.96 time, 1390.32 real, 3873 MB
[runlim] sample:		1396.96 time, 1400.32 real, 3983 MB
[runlim] sample:		1406.96 time, 1410.32 real, 4093 MB
[runlim] sample:		1416.96 time, 1420.32 real, 4202 MB
[runlim] sample:		1426.96 time, 1430.32 real, 4313 MB
[runlim] sample:		1436.96 time, 1440.32 real, 4423 MB
[runlim] sample:		1446.96 time, 1450.32 real, 4533 MB
[runlim] sample:		1456.96 time, 1460.32 real, 4643 MB
[runlim] sample:		1466.96 time, 1470.32 real, 4753 MB
[runlim] sample:		1476.96 time, 1480.32 real, 4862 MB
[runlim] sample:		1486.96 time, 1490.32 real, 4972 MB
[runlim] sample:		1496.96 time, 1500.32 real, 5082 MB
[runlim] sample:		1506.96 time, 1510.32 real, 5191 MB
[runlim] sample:		1516.96 time, 1520.32 real, 5301 MB
[runlim] sample:		1526.96 time, 1530.32 real, 5411 MB
[runlim] sample:		1536.96 time, 1540.32 real, 5521 MB
[runlim] sample:		1546.96 time, 1550.32 real, 5631 MB
[runlim] sample:		1556.96 time, 1560.32 real, 5760 MB
[runlim] sample:		1566.96 time, 1570.32 real, 5852 MB
[runlim] sample:		1576.96 time, 1580.32 real, 5961 MB
[runlim] sample:		1586.96 time, 1590.32 real, 6071 MB
[runlim] sample:		1596.96 time, 1600.32 real, 6180 MB
[runlim] sample:		1606.96 time, 1610.32 real, 6290 MB
[runlim] sample:		1616.96 time, 1620.32 real, 6400 MB
[runlim] sample:		1626.96 time, 1630.32 real, 6509 MB
[runlim] sample:		1636.96 time, 1640.32 real, 6619 MB
[runlim] sample:		1646.96 time, 1650.32 real, 6728 MB
[runlim] sample:		1656.96 time, 1660.32 real, 6837 MB
[runlim] sample:		1666.95 time, 1670.32 real, 6946 MB
[runlim] end:			Sat Feb 29 07:46:36 2020
[runlim] status:		out of memory
[runlim] result:		3
[runlim] children:		1
[runlim] real:			1675.63 seconds
[runlim] time:			1671.86 seconds
[runlim] space:			7000 MB
[runlim] samples:		16749
