[runlim] version:		1.18
[runlim] host:			c3n24
[runlim] time limit:		2700 seconds
[runlim] real time limit:	2700 seconds
[runlim] space limit:		7000 MB
[runlim] argv[0]:		./binary
[runlim] argv[1]:		/data/cnf/ankit/E1-A1-Red/dungeon_i25-m12-u5-v0.pddl_planlen=81.dqbf
[runlim] start:			Sat Feb 29 07:18:44 2020
[runlim] child:			18306
[runlim] sample:		9.84 time, 10.02 real, 52 MB
[runlim] sample:		19.84 time, 20.02 real, 52 MB
[runlim] sample:		29.84 time, 30.02 real, 52 MB
[runlim] sample:		39.84 time, 40.02 real, 52 MB
[runlim] sample:		49.84 time, 50.02 real, 52 MB
[runlim] sample:		59.84 time, 60.02 real, 52 MB
[runlim] sample:		69.84 time, 70.02 real, 52 MB
[runlim] sample:		79.84 time, 80.02 real, 52 MB
[runlim] sample:		89.84 time, 90.02 real, 52 MB
[runlim] sample:		99.94 time, 100.12 real, 52 MB
[runlim] sample:		109.94 time, 110.12 real, 54 MB
[runlim] sample:		119.94 time, 120.12 real, 54 MB
[runlim] sample:		129.94 time, 130.12 real, 54 MB
[runlim] sample:		139.94 time, 140.12 real, 54 MB
[runlim] sample:		149.94 time, 150.12 real, 54 MB
[runlim] sample:		159.94 time, 160.12 real, 55 MB
[runlim] sample:		169.94 time, 170.12 real, 55 MB
[runlim] sample:		179.94 time, 180.12 real, 55 MB
[runlim] sample:		189.94 time, 190.12 real, 55 MB
[runlim] sample:		199.94 time, 200.12 real, 55 MB
[runlim] sample:		209.94 time, 210.12 real, 55 MB
[runlim] sample:		219.94 time, 220.12 real, 55 MB
[runlim] sample:		229.94 time, 230.12 real, 55 MB
[runlim] sample:		239.94 time, 240.12 real, 55 MB
[runlim] sample:		249.94 time, 250.12 real, 55 MB
[runlim] sample:		259.94 time, 260.12 real, 55 MB
[runlim] sample:		269.94 time, 270.12 real, 69 MB
[runlim] sample:		279.94 time, 280.12 real, 204 MB
[runlim] sample:		289.94 time, 290.12 real, 338 MB
[runlim] sample:		299.94 time, 300.12 real, 473 MB
[runlim] sample:		309.93 time, 310.12 real, 608 MB
[runlim] sample:		319.94 time, 320.12 real, 743 MB
[runlim] sample:		329.94 time, 330.12 real, 878 MB
[runlim] sample:		339.93 time, 340.12 real, 1013 MB
[runlim] sample:		349.93 time, 350.12 real, 1147 MB
[runlim] sample:		359.94 time, 360.12 real, 1282 MB
[runlim] sample:		369.93 time, 370.12 real, 1416 MB
[runlim] sample:		379.94 time, 380.12 real, 1551 MB
[runlim] sample:		389.94 time, 390.12 real, 1685 MB
[runlim] sample:		399.94 time, 400.12 real, 1820 MB
[runlim] sample:		409.93 time, 410.12 real, 1955 MB
[runlim] sample:		419.94 time, 420.12 real, 2090 MB
[runlim] sample:		429.94 time, 430.12 real, 2224 MB
[runlim] sample:		439.94 time, 440.12 real, 2359 MB
[runlim] sample:		449.94 time, 450.12 real, 2494 MB
[runlim] sample:		459.93 time, 460.12 real, 2628 MB
[runlim] sample:		469.93 time, 470.12 real, 2763 MB
[runlim] sample:		479.93 time, 480.12 real, 2897 MB
[runlim] sample:		489.93 time, 490.12 real, 3032 MB
[runlim] sample:		499.94 time, 500.12 real, 3166 MB
[runlim] sample:		509.94 time, 510.12 real, 3300 MB
[runlim] sample:		519.94 time, 520.12 real, 3435 MB
[runlim] sample:		529.94 time, 530.12 real, 3570 MB
[runlim] sample:		539.93 time, 540.12 real, 3705 MB
[runlim] sample:		549.94 time, 550.12 real, 3839 MB
[runlim] sample:		559.93 time, 560.12 real, 3973 MB
[runlim] sample:		569.93 time, 570.12 real, 4107 MB
[runlim] sample:		579.93 time, 580.12 real, 4241 MB
[runlim] sample:		589.93 time, 590.12 real, 4376 MB
[runlim] sample:		599.93 time, 600.12 real, 4510 MB
[runlim] sample:		609.94 time, 610.12 real, 4644 MB
[runlim] sample:		619.93 time, 620.12 real, 4779 MB
[runlim] sample:		629.94 time, 630.12 real, 4913 MB
[runlim] sample:		639.93 time, 640.12 real, 5048 MB
[runlim] sample:		649.93 time, 650.12 real, 5182 MB
[runlim] sample:		659.94 time, 660.12 real, 5294 MB
[runlim] sample:		669.94 time, 670.12 real, 5302 MB
[runlim] sample:		679.93 time, 680.12 real, 5300 MB
[runlim] sample:		689.93 time, 690.12 real, 5343 MB
[runlim] sample:		699.94 time, 700.12 real, 5340 MB
[runlim] sample:		709.93 time, 710.12 real, 5338 MB
[runlim] sample:		719.93 time, 720.12 real, 5342 MB
[runlim] sample:		729.94 time, 730.12 real, 5344 MB
[runlim] sample:		739.93 time, 740.12 real, 5340 MB
[runlim] sample:		749.93 time, 750.12 real, 5340 MB
[runlim] sample:		759.94 time, 760.12 real, 5339 MB
[runlim] sample:		769.94 time, 770.12 real, 5326 MB
[runlim] sample:		779.93 time, 780.12 real, 5329 MB
[runlim] sample:		789.93 time, 790.12 real, 5323 MB
[runlim] sample:		799.93 time, 800.12 real, 5346 MB
[runlim] sample:		809.93 time, 810.12 real, 5359 MB
[runlim] sample:		819.94 time, 820.12 real, 5354 MB
[runlim] sample:		829.94 time, 830.12 real, 5342 MB
[runlim] sample:		839.93 time, 840.12 real, 5342 MB
[runlim] sample:		849.94 time, 850.12 real, 5332 MB
[runlim] sample:		859.94 time, 860.12 real, 5330 MB
[runlim] sample:		869.94 time, 870.12 real, 5333 MB
[runlim] sample:		879.93 time, 880.12 real, 5364 MB
[runlim] sample:		889.93 time, 890.12 real, 5341 MB
[runlim] sample:		899.93 time, 900.12 real, 5362 MB
[runlim] sample:		909.93 time, 910.12 real, 5352 MB
[runlim] sample:		919.94 time, 920.12 real, 5338 MB
[runlim] sample:		929.93 time, 930.12 real, 5335 MB
[runlim] sample:		939.93 time, 940.12 real, 5337 MB
[runlim] sample:		949.93 time, 950.12 real, 5354 MB
[runlim] sample:		959.93 time, 960.12 real, 5353 MB
[runlim] sample:		969.94 time, 970.12 real, 5344 MB
[runlim] sample:		979.93 time, 980.12 real, 5354 MB
[runlim] sample:		989.94 time, 990.12 real, 5357 MB
[runlim] sample:		999.93 time, 1000.12 real, 5380 MB
[runlim] sample:		1009.93 time, 1010.12 real, 5351 MB
[runlim] sample:		1019.93 time, 1020.12 real, 5360 MB
[runlim] sample:		1029.93 time, 1030.12 real, 5368 MB
[runlim] sample:		1039.94 time, 1040.12 real, 5368 MB
[runlim] sample:		1049.93 time, 1050.12 real, 5363 MB
[runlim] sample:		1059.93 time, 1060.12 real, 5370 MB
[runlim] sample:		1069.93 time, 1070.12 real, 5357 MB
[runlim] sample:		1079.93 time, 1080.12 real, 5366 MB
[runlim] sample:		1089.93 time, 1090.12 real, 5400 MB
[runlim] sample:		1099.93 time, 1100.12 real, 5398 MB
[runlim] sample:		1109.93 time, 1110.12 real, 5370 MB
[runlim] sample:		1119.93 time, 1120.12 real, 5373 MB
[runlim] sample:		1129.93 time, 1130.12 real, 5377 MB
[runlim] sample:		1139.93 time, 1140.12 real, 5394 MB
[runlim] sample:		1149.93 time, 1150.12 real, 5413 MB
[runlim] sample:		1159.93 time, 1160.12 real, 5405 MB
[runlim] sample:		1169.93 time, 1170.12 real, 5401 MB
[runlim] sample:		1179.93 time, 1180.12 real, 5378 MB
[runlim] sample:		1189.93 time, 1190.12 real, 5379 MB
[runlim] sample:		1199.93 time, 1200.12 real, 5371 MB
[runlim] sample:		1209.93 time, 1210.12 real, 5394 MB
[runlim] sample:		1219.93 time, 1220.12 real, 5395 MB
[runlim] sample:		1229.93 time, 1230.12 real, 5423 MB
[runlim] sample:		1239.93 time, 1240.12 real, 5403 MB
[runlim] sample:		1249.93 time, 1250.12 real, 5397 MB
[runlim] sample:		1259.93 time, 1260.12 real, 5397 MB
[runlim] sample:		1269.93 time, 1270.12 real, 5378 MB
[runlim] sample:		1279.93 time, 1280.12 real, 5382 MB
[runlim] sample:		1289.93 time, 1290.12 real, 5396 MB
[runlim] sample:		1299.93 time, 1300.12 real, 5406 MB
[runlim] sample:		1309.93 time, 1310.12 real, 5386 MB
[runlim] sample:		1319.93 time, 1320.12 real, 5396 MB
[runlim] sample:		1329.93 time, 1330.12 real, 5395 MB
[runlim] sample:		1339.93 time, 1340.12 real, 5375 MB
[runlim] sample:		1349.93 time, 1350.12 real, 5390 MB
[runlim] sample:		1359.93 time, 1360.12 real, 5393 MB
[runlim] sample:		1369.92 time, 1370.12 real, 5386 MB
[runlim] sample:		1379.93 time, 1380.12 real, 5395 MB
[runlim] sample:		1389.93 time, 1390.12 real, 5402 MB
[runlim] sample:		1399.93 time, 1400.12 real, 5391 MB
[runlim] sample:		1409.93 time, 1410.12 real, 5396 MB
[runlim] sample:		1419.93 time, 1420.12 real, 5406 MB
[runlim] sample:		1429.93 time, 1430.12 real, 5383 MB
[runlim] sample:		1439.92 time, 1440.12 real, 5394 MB
[runlim] sample:		1449.93 time, 1450.12 real, 5411 MB
[runlim] sample:		1459.93 time, 1460.12 real, 5424 MB
[runlim] sample:		1469.93 time, 1470.12 real, 5411 MB
[runlim] sample:		1479.92 time, 1480.12 real, 5404 MB
[runlim] sample:		1489.92 time, 1490.12 real, 5401 MB
[runlim] sample:		1499.93 time, 1500.12 real, 5404 MB
[runlim] sample:		1509.93 time, 1510.12 real, 5390 MB
[runlim] sample:		1519.93 time, 1520.12 real, 5404 MB
[runlim] sample:		1529.93 time, 1530.12 real, 5390 MB
[runlim] sample:		1539.93 time, 1540.12 real, 5398 MB
[runlim] sample:		1549.93 time, 1550.12 real, 5391 MB
[runlim] sample:		1559.92 time, 1560.12 real, 5397 MB
[runlim] sample:		1569.92 time, 1570.12 real, 5415 MB
[runlim] sample:		1579.92 time, 1580.12 real, 5420 MB
[runlim] sample:		1589.92 time, 1590.12 real, 5422 MB
[runlim] sample:		1599.93 time, 1600.12 real, 5420 MB
[runlim] sample:		1609.93 time, 1610.12 real, 5398 MB
[runlim] sample:		1619.93 time, 1620.12 real, 5411 MB
[runlim] sample:		1629.93 time, 1630.12 real, 5412 MB
[runlim] sample:		1639.92 time, 1640.12 real, 5398 MB
[runlim] sample:		1649.93 time, 1650.12 real, 5404 MB
[runlim] sample:		1659.92 time, 1660.12 real, 5426 MB
[runlim] sample:		1669.93 time, 1670.12 real, 5430 MB
[runlim] sample:		1679.93 time, 1680.12 real, 5432 MB
[runlim] sample:		1689.92 time, 1690.12 real, 5406 MB
[runlim] sample:		1699.92 time, 1700.12 real, 5393 MB
[runlim] sample:		1709.92 time, 1710.12 real, 5404 MB
[runlim] sample:		1719.92 time, 1720.12 real, 5415 MB
[runlim] sample:		1729.92 time, 1730.12 real, 5400 MB
[runlim] sample:		1739.93 time, 1740.12 real, 5412 MB
[runlim] sample:		1749.92 time, 1750.12 real, 5399 MB
[runlim] sample:		1759.93 time, 1760.12 real, 5413 MB
[runlim] sample:		1769.93 time, 1770.12 real, 5447 MB
[runlim] sample:		1779.92 time, 1780.12 real, 5437 MB
[runlim] sample:		1789.93 time, 1790.12 real, 5470 MB
[runlim] sample:		1799.93 time, 1800.12 real, 5446 MB
[runlim] sample:		1809.93 time, 1810.12 real, 5471 MB
[runlim] sample:		1819.93 time, 1820.12 real, 5452 MB
[runlim] sample:		1829.93 time, 1830.12 real, 5465 MB
[runlim] sample:		1839.92 time, 1840.12 real, 5406 MB
[runlim] sample:		1849.92 time, 1850.12 real, 5414 MB
[runlim] sample:		1859.92 time, 1860.12 real, 5400 MB
[runlim] sample:		1869.92 time, 1870.12 real, 5399 MB
[runlim] sample:		1879.92 time, 1880.12 real, 5415 MB
[runlim] sample:		1889.92 time, 1890.12 real, 5427 MB
[runlim] sample:		1899.93 time, 1900.12 real, 5410 MB
[runlim] sample:		1909.93 time, 1910.12 real, 5433 MB
[runlim] sample:		1919.92 time, 1920.12 real, 5415 MB
[runlim] sample:		1929.92 time, 1930.12 real, 5435 MB
[runlim] sample:		1939.92 time, 1940.12 real, 5447 MB
[runlim] sample:		1949.92 time, 1950.12 real, 5433 MB
[runlim] sample:		1959.92 time, 1960.12 real, 5430 MB
[runlim] sample:		1969.92 time, 1970.12 real, 5412 MB
[runlim] sample:		1979.92 time, 1980.12 real, 5406 MB
[runlim] sample:		1989.92 time, 1990.12 real, 5419 MB
[runlim] sample:		1999.92 time, 2000.12 real, 5408 MB
[runlim] sample:		2009.92 time, 2010.12 real, 5422 MB
[runlim] sample:		2019.92 time, 2020.12 real, 5414 MB
[runlim] sample:		2029.92 time, 2030.12 real, 5417 MB
[runlim] sample:		2039.92 time, 2040.12 real, 5428 MB
[runlim] sample:		2049.92 time, 2050.12 real, 5439 MB
[runlim] sample:		2059.92 time, 2060.12 real, 5449 MB
[runlim] sample:		2069.92 time, 2070.12 real, 5451 MB
[runlim] sample:		2079.92 time, 2080.12 real, 5427 MB
[runlim] sample:		2089.92 time, 2090.12 real, 5427 MB
[runlim] sample:		2099.92 time, 2100.12 real, 5427 MB
[runlim] sample:		2109.92 time, 2110.12 real, 5414 MB
[runlim] sample:		2119.92 time, 2120.12 real, 5429 MB
[runlim] sample:		2129.92 time, 2130.12 real, 5421 MB
[runlim] sample:		2139.92 time, 2140.12 real, 5416 MB
[runlim] sample:		2149.92 time, 2150.12 real, 5428 MB
[runlim] sample:		2159.92 time, 2160.12 real, 5421 MB
[runlim] sample:		2169.92 time, 2170.12 real, 5427 MB
[runlim] sample:		2179.92 time, 2180.12 real, 5438 MB
[runlim] sample:		2189.92 time, 2190.12 real, 5433 MB
[runlim] sample:		2199.92 time, 2200.12 real, 5468 MB
[runlim] sample:		2209.92 time, 2210.12 real, 5443 MB
[runlim] sample:		2219.92 time, 2220.12 real, 5423 MB
[runlim] sample:		2229.92 time, 2230.12 real, 5433 MB
[runlim] sample:		2239.92 time, 2240.12 real, 5419 MB
[runlim] sample:		2249.92 time, 2250.12 real, 5412 MB
[runlim] sample:		2259.92 time, 2260.12 real, 5422 MB
[runlim] sample:		2269.92 time, 2270.12 real, 5416 MB
[runlim] sample:		2279.92 time, 2280.12 real, 5431 MB
[runlim] sample:		2289.92 time, 2290.12 real, 5418 MB
[runlim] sample:		2299.92 time, 2300.12 real, 5412 MB
[runlim] sample:		2309.92 time, 2310.12 real, 5422 MB
[runlim] sample:		2319.92 time, 2320.12 real, 5427 MB
[runlim] sample:		2329.92 time, 2330.12 real, 5419 MB
[runlim] sample:		2339.92 time, 2340.12 real, 5432 MB
[runlim] sample:		2349.92 time, 2350.12 real, 5429 MB
[runlim] sample:		2359.92 time, 2360.12 real, 5435 MB
[runlim] sample:		2369.92 time, 2370.12 real, 5421 MB
[runlim] sample:		2379.92 time, 2380.12 real, 5432 MB
[runlim] sample:		2389.92 time, 2390.12 real, 5425 MB
[runlim] sample:		2399.92 time, 2400.12 real, 5417 MB
[runlim] sample:		2409.92 time, 2410.12 real, 5409 MB
[runlim] sample:		2419.92 time, 2420.12 real, 5425 MB
[runlim] sample:		2429.92 time, 2430.12 real, 5431 MB
[runlim] sample:		2439.92 time, 2440.12 real, 5405 MB
[runlim] sample:		2449.92 time, 2450.12 real, 5446 MB
[runlim] sample:		2459.92 time, 2460.12 real, 5467 MB
[runlim] sample:		2469.92 time, 2470.12 real, 5485 MB
[runlim] sample:		2479.92 time, 2480.12 real, 5471 MB
[runlim] sample:		2489.92 time, 2490.12 real, 5457 MB
[runlim] sample:		2499.92 time, 2500.12 real, 5450 MB
[runlim] sample:		2509.91 time, 2510.12 real, 5485 MB
[runlim] sample:		2519.92 time, 2520.12 real, 5480 MB
[runlim] sample:		2529.92 time, 2530.12 real, 5459 MB
[runlim] sample:		2539.91 time, 2540.12 real, 5460 MB
[runlim] sample:		2549.92 time, 2550.12 real, 5447 MB
[runlim] sample:		2559.92 time, 2560.12 real, 5438 MB
[runlim] sample:		2569.92 time, 2570.12 real, 5448 MB
[runlim] sample:		2579.92 time, 2580.12 real, 5435 MB
[runlim] sample:		2589.91 time, 2590.12 real, 5447 MB
[runlim] sample:		2599.92 time, 2600.12 real, 5438 MB
[runlim] sample:		2609.92 time, 2610.12 real, 5446 MB
[runlim] sample:		2619.92 time, 2620.12 real, 5440 MB
[runlim] sample:		2629.92 time, 2630.12 real, 5432 MB
[runlim] sample:		2639.92 time, 2640.12 real, 5445 MB
[runlim] sample:		2649.92 time, 2650.12 real, 5462 MB
[runlim] sample:		2659.92 time, 2660.12 real, 5485 MB
[runlim] sample:		2669.92 time, 2670.12 real, 5484 MB
[runlim] sample:		2679.92 time, 2680.12 real, 5471 MB
[runlim] sample:		2689.91 time, 2690.12 real, 5498 MB
[runlim] end:			Sat Feb 29 08:03:44 2020
[runlim] status:		out of time
[runlim] result:		2
[runlim] children:		1
[runlim] real:			2700.43 seconds
[runlim] time:			2699.82 seconds
[runlim] space:			5555 MB
[runlim] samples:		26999
