[runlim] version:		1.18
[runlim] host:			c3n24
[runlim] time limit:		2700 seconds
[runlim] real time limit:	2700 seconds
[runlim] space limit:		7000 MB
[runlim] argv[0]:		./binary
[runlim] argv[1]:		/data/cnf/ankit/E1-A1-Red/dungeon_i25-m12-u5-v0.pddl_planlen=198.dqbf
[runlim] start:			Sat Feb 29 07:18:41 2020
[runlim] child:			18269
[runlim] sample:		7.03 time, 10.12 real, 107 MB
[runlim] sample:		17.03 time, 20.12 real, 107 MB
[runlim] sample:		27.03 time, 30.12 real, 107 MB
[runlim] sample:		37.03 time, 40.12 real, 107 MB
[runlim] sample:		47.03 time, 50.12 real, 107 MB
[runlim] sample:		57.03 time, 60.12 real, 107 MB
[runlim] sample:		67.03 time, 70.12 real, 107 MB
[runlim] sample:		77.03 time, 80.12 real, 107 MB
[runlim] sample:		87.03 time, 90.12 real, 90 MB
[runlim] sample:		97.23 time, 100.32 real, 90 MB
[runlim] sample:		107.23 time, 110.32 real, 90 MB
[runlim] sample:		117.23 time, 120.32 real, 101 MB
[runlim] sample:		127.23 time, 130.32 real, 101 MB
[runlim] sample:		137.23 time, 140.32 real, 101 MB
[runlim] sample:		147.23 time, 150.32 real, 101 MB
[runlim] sample:		157.23 time, 160.32 real, 101 MB
[runlim] sample:		167.23 time, 170.32 real, 101 MB
[runlim] sample:		177.23 time, 180.32 real, 101 MB
[runlim] sample:		187.23 time, 190.32 real, 101 MB
[runlim] sample:		197.23 time, 200.32 real, 101 MB
[runlim] sample:		207.23 time, 210.32 real, 101 MB
[runlim] sample:		217.23 time, 220.32 real, 101 MB
[runlim] sample:		227.23 time, 230.32 real, 101 MB
[runlim] sample:		237.23 time, 240.32 real, 101 MB
[runlim] sample:		247.23 time, 250.32 real, 101 MB
[runlim] sample:		257.23 time, 260.32 real, 101 MB
[runlim] sample:		267.23 time, 270.32 real, 101 MB
[runlim] sample:		277.23 time, 280.32 real, 101 MB
[runlim] sample:		287.23 time, 290.32 real, 101 MB
[runlim] sample:		297.23 time, 300.32 real, 101 MB
[runlim] sample:		307.23 time, 310.32 real, 101 MB
[runlim] sample:		317.23 time, 320.32 real, 104 MB
[runlim] sample:		327.23 time, 330.32 real, 104 MB
[runlim] sample:		337.23 time, 340.32 real, 104 MB
[runlim] sample:		347.23 time, 350.32 real, 104 MB
[runlim] sample:		357.23 time, 360.32 real, 104 MB
[runlim] sample:		367.23 time, 370.32 real, 104 MB
[runlim] sample:		377.23 time, 380.32 real, 104 MB
[runlim] sample:		387.23 time, 390.32 real, 104 MB
[runlim] sample:		397.23 time, 400.32 real, 104 MB
[runlim] sample:		407.23 time, 410.32 real, 104 MB
[runlim] sample:		417.23 time, 420.32 real, 104 MB
[runlim] sample:		427.23 time, 430.32 real, 104 MB
[runlim] sample:		437.23 time, 440.32 real, 104 MB
[runlim] sample:		447.23 time, 450.32 real, 104 MB
[runlim] sample:		457.23 time, 460.32 real, 104 MB
[runlim] sample:		467.23 time, 470.32 real, 104 MB
[runlim] sample:		477.23 time, 480.32 real, 104 MB
[runlim] sample:		487.23 time, 490.32 real, 104 MB
[runlim] sample:		497.23 time, 500.32 real, 104 MB
[runlim] sample:		507.23 time, 510.32 real, 104 MB
[runlim] sample:		517.23 time, 520.32 real, 104 MB
[runlim] sample:		527.23 time, 530.32 real, 104 MB
[runlim] sample:		537.23 time, 540.32 real, 104 MB
[runlim] sample:		547.23 time, 550.32 real, 104 MB
[runlim] sample:		557.23 time, 560.32 real, 104 MB
[runlim] sample:		567.23 time, 570.32 real, 104 MB
[runlim] sample:		577.23 time, 580.32 real, 104 MB
[runlim] sample:		587.23 time, 590.32 real, 104 MB
[runlim] sample:		597.23 time, 600.32 real, 104 MB
[runlim] sample:		607.23 time, 610.32 real, 104 MB
[runlim] sample:		617.23 time, 620.32 real, 104 MB
[runlim] sample:		627.23 time, 630.32 real, 104 MB
[runlim] sample:		637.23 time, 640.32 real, 104 MB
[runlim] sample:		647.23 time, 650.32 real, 104 MB
[runlim] sample:		657.23 time, 660.32 real, 104 MB
[runlim] sample:		667.23 time, 670.32 real, 104 MB
[runlim] sample:		677.23 time, 680.32 real, 104 MB
[runlim] sample:		687.23 time, 690.32 real, 104 MB
[runlim] sample:		697.23 time, 700.32 real, 104 MB
[runlim] sample:		707.23 time, 710.32 real, 104 MB
[runlim] sample:		717.23 time, 720.32 real, 104 MB
[runlim] sample:		727.23 time, 730.32 real, 104 MB
[runlim] sample:		737.23 time, 740.32 real, 104 MB
[runlim] sample:		747.23 time, 750.32 real, 105 MB
[runlim] sample:		757.23 time, 760.32 real, 105 MB
[runlim] sample:		767.23 time, 770.32 real, 105 MB
[runlim] sample:		777.23 time, 780.32 real, 105 MB
[runlim] sample:		787.23 time, 790.32 real, 105 MB
[runlim] sample:		797.23 time, 800.32 real, 105 MB
[runlim] sample:		807.23 time, 810.32 real, 105 MB
[runlim] sample:		817.23 time, 820.32 real, 105 MB
[runlim] sample:		827.23 time, 830.32 real, 105 MB
[runlim] sample:		837.23 time, 840.32 real, 105 MB
[runlim] sample:		847.23 time, 850.32 real, 105 MB
[runlim] sample:		857.23 time, 860.32 real, 105 MB
[runlim] sample:		867.23 time, 870.32 real, 105 MB
[runlim] sample:		877.23 time, 880.32 real, 105 MB
[runlim] sample:		887.23 time, 890.32 real, 105 MB
[runlim] sample:		897.23 time, 900.32 real, 105 MB
[runlim] sample:		907.23 time, 910.32 real, 105 MB
[runlim] sample:		917.23 time, 920.32 real, 105 MB
[runlim] sample:		927.23 time, 930.32 real, 105 MB
[runlim] sample:		937.23 time, 940.32 real, 105 MB
[runlim] sample:		947.23 time, 950.32 real, 105 MB
[runlim] sample:		957.23 time, 960.32 real, 105 MB
[runlim] sample:		967.23 time, 970.32 real, 105 MB
[runlim] sample:		977.23 time, 980.32 real, 105 MB
[runlim] sample:		987.23 time, 990.32 real, 105 MB
[runlim] sample:		997.23 time, 1000.32 real, 105 MB
[runlim] sample:		1007.23 time, 1010.32 real, 105 MB
[runlim] sample:		1017.23 time, 1020.32 real, 105 MB
[runlim] sample:		1027.23 time, 1030.32 real, 105 MB
[runlim] sample:		1037.23 time, 1040.32 real, 105 MB
[runlim] sample:		1047.23 time, 1050.32 real, 105 MB
[runlim] sample:		1057.23 time, 1060.32 real, 105 MB
[runlim] sample:		1067.23 time, 1070.32 real, 105 MB
[runlim] sample:		1077.23 time, 1080.32 real, 105 MB
[runlim] sample:		1087.23 time, 1090.32 real, 105 MB
[runlim] sample:		1097.23 time, 1100.32 real, 105 MB
[runlim] sample:		1107.23 time, 1110.32 real, 105 MB
[runlim] sample:		1117.23 time, 1120.32 real, 105 MB
[runlim] sample:		1127.23 time, 1130.32 real, 105 MB
[runlim] sample:		1137.23 time, 1140.32 real, 105 MB
[runlim] sample:		1147.23 time, 1150.32 real, 105 MB
[runlim] sample:		1157.23 time, 1160.32 real, 105 MB
[runlim] sample:		1167.23 time, 1170.32 real, 105 MB
[runlim] sample:		1177.23 time, 1180.32 real, 105 MB
[runlim] sample:		1187.23 time, 1190.32 real, 105 MB
[runlim] sample:		1197.23 time, 1200.32 real, 105 MB
[runlim] sample:		1207.23 time, 1210.32 real, 105 MB
[runlim] sample:		1217.23 time, 1220.32 real, 106 MB
[runlim] sample:		1227.23 time, 1230.32 real, 106 MB
[runlim] sample:		1237.23 time, 1240.32 real, 106 MB
[runlim] sample:		1247.23 time, 1250.32 real, 106 MB
[runlim] sample:		1257.23 time, 1260.32 real, 106 MB
[runlim] sample:		1267.23 time, 1270.32 real, 106 MB
[runlim] sample:		1277.23 time, 1280.32 real, 106 MB
[runlim] sample:		1287.23 time, 1290.32 real, 106 MB
[runlim] sample:		1297.23 time, 1300.32 real, 106 MB
[runlim] sample:		1307.23 time, 1310.32 real, 106 MB
[runlim] sample:		1317.23 time, 1320.32 real, 106 MB
[runlim] sample:		1327.23 time, 1330.32 real, 106 MB
[runlim] sample:		1337.23 time, 1340.32 real, 106 MB
[runlim] sample:		1347.23 time, 1350.32 real, 106 MB
[runlim] sample:		1357.23 time, 1360.32 real, 106 MB
[runlim] sample:		1367.23 time, 1370.32 real, 106 MB
[runlim] sample:		1377.23 time, 1380.32 real, 106 MB
[runlim] sample:		1387.23 time, 1390.32 real, 106 MB
[runlim] sample:		1397.23 time, 1400.32 real, 106 MB
[runlim] sample:		1407.23 time, 1410.32 real, 106 MB
[runlim] sample:		1417.23 time, 1420.32 real, 106 MB
[runlim] sample:		1427.23 time, 1430.32 real, 106 MB
[runlim] sample:		1437.23 time, 1440.32 real, 106 MB
[runlim] sample:		1447.23 time, 1450.32 real, 106 MB
[runlim] sample:		1457.23 time, 1460.32 real, 106 MB
[runlim] sample:		1467.23 time, 1470.32 real, 106 MB
[runlim] sample:		1477.23 time, 1480.32 real, 106 MB
[runlim] sample:		1487.23 time, 1490.32 real, 106 MB
[runlim] sample:		1497.23 time, 1500.32 real, 106 MB
[runlim] sample:		1507.23 time, 1510.32 real, 106 MB
[runlim] sample:		1517.23 time, 1520.32 real, 106 MB
[runlim] sample:		1527.23 time, 1530.32 real, 106 MB
[runlim] sample:		1537.23 time, 1540.32 real, 106 MB
[runlim] sample:		1547.23 time, 1550.32 real, 106 MB
[runlim] sample:		1557.23 time, 1560.32 real, 106 MB
[runlim] sample:		1567.23 time, 1570.32 real, 106 MB
[runlim] sample:		1577.23 time, 1580.32 real, 106 MB
[runlim] sample:		1587.23 time, 1590.32 real, 106 MB
[runlim] sample:		1597.23 time, 1600.32 real, 106 MB
[runlim] sample:		1607.22 time, 1610.32 real, 106 MB
[runlim] sample:		1617.22 time, 1620.32 real, 106 MB
[runlim] sample:		1627.22 time, 1630.32 real, 186 MB
[runlim] sample:		1637.22 time, 1640.32 real, 290 MB
[runlim] sample:		1647.23 time, 1650.32 real, 395 MB
[runlim] sample:		1657.23 time, 1660.32 real, 501 MB
[runlim] sample:		1667.23 time, 1670.32 real, 606 MB
[runlim] sample:		1677.22 time, 1680.32 real, 712 MB
[runlim] sample:		1687.22 time, 1690.32 real, 818 MB
[runlim] sample:		1697.22 time, 1700.32 real, 924 MB
[runlim] sample:		1707.23 time, 1710.32 real, 1016 MB
[runlim] sample:		1717.23 time, 1720.32 real, 1122 MB
[runlim] sample:		1727.22 time, 1730.32 real, 1227 MB
[runlim] sample:		1737.22 time, 1740.32 real, 1333 MB
[runlim] sample:		1747.23 time, 1750.32 real, 1439 MB
[runlim] sample:		1757.23 time, 1760.32 real, 1545 MB
[runlim] sample:		1767.22 time, 1770.32 real, 1651 MB
[runlim] sample:		1777.22 time, 1780.32 real, 1757 MB
[runlim] sample:		1787.23 time, 1790.32 real, 1862 MB
[runlim] sample:		1797.23 time, 1800.32 real, 1968 MB
[runlim] sample:		1807.22 time, 1810.32 real, 2074 MB
[runlim] sample:		1817.23 time, 1820.32 real, 2180 MB
[runlim] sample:		1827.22 time, 1830.32 real, 2286 MB
[runlim] sample:		1837.23 time, 1840.32 real, 2392 MB
[runlim] sample:		1847.23 time, 1850.32 real, 2498 MB
[runlim] sample:		1857.22 time, 1860.32 real, 2603 MB
[runlim] sample:		1867.22 time, 1870.32 real, 2709 MB
[runlim] sample:		1877.23 time, 1880.32 real, 2815 MB
[runlim] sample:		1887.23 time, 1890.32 real, 2921 MB
[runlim] sample:		1897.23 time, 1900.32 real, 3027 MB
[runlim] sample:		1907.22 time, 1910.32 real, 3133 MB
[runlim] sample:		1917.23 time, 1920.32 real, 3239 MB
[runlim] sample:		1927.22 time, 1930.32 real, 3344 MB
[runlim] sample:		1937.23 time, 1940.32 real, 3450 MB
[runlim] sample:		1947.22 time, 1950.32 real, 3556 MB
[runlim] sample:		1957.23 time, 1960.32 real, 3661 MB
[runlim] sample:		1967.22 time, 1970.32 real, 3767 MB
[runlim] sample:		1977.22 time, 1980.32 real, 3873 MB
[runlim] sample:		1987.22 time, 1990.32 real, 3978 MB
[runlim] sample:		1997.22 time, 2000.32 real, 4084 MB
[runlim] sample:		2007.22 time, 2010.32 real, 4189 MB
[runlim] sample:		2017.23 time, 2020.32 real, 4295 MB
[runlim] sample:		2027.23 time, 2030.32 real, 4401 MB
[runlim] sample:		2037.23 time, 2040.32 real, 4507 MB
[runlim] sample:		2047.23 time, 2050.32 real, 4612 MB
[runlim] sample:		2057.23 time, 2060.32 real, 4718 MB
[runlim] sample:		2067.22 time, 2070.32 real, 4824 MB
[runlim] sample:		2077.22 time, 2080.32 real, 4930 MB
[runlim] sample:		2087.22 time, 2090.32 real, 5036 MB
[runlim] sample:		2097.23 time, 2100.32 real, 5142 MB
[runlim] sample:		2107.22 time, 2110.32 real, 5248 MB
[runlim] sample:		2117.22 time, 2120.32 real, 5354 MB
[runlim] sample:		2127.22 time, 2130.32 real, 5460 MB
[runlim] sample:		2137.22 time, 2140.32 real, 5566 MB
[runlim] sample:		2147.22 time, 2150.32 real, 5673 MB
[runlim] sample:		2157.22 time, 2160.32 real, 5779 MB
[runlim] sample:		2167.22 time, 2170.32 real, 5885 MB
[runlim] sample:		2177.23 time, 2180.32 real, 5991 MB
[runlim] sample:		2187.23 time, 2190.32 real, 6097 MB
[runlim] sample:		2197.22 time, 2200.32 real, 6203 MB
[runlim] sample:		2207.22 time, 2210.32 real, 6309 MB
[runlim] sample:		2217.22 time, 2220.32 real, 6415 MB
[runlim] sample:		2227.22 time, 2230.32 real, 6521 MB
[runlim] sample:		2237.22 time, 2240.32 real, 6647 MB
[runlim] sample:		2247.23 time, 2250.32 real, 6734 MB
[runlim] sample:		2257.22 time, 2260.32 real, 6840 MB
[runlim] sample:		2267.22 time, 2270.32 real, 6946 MB
[runlim] end:			Sat Feb 29 07:56:37 2020
[runlim] status:		out of memory
[runlim] result:		3
[runlim] children:		1
[runlim] real:			2275.92 seconds
[runlim] time:			2272.43 seconds
[runlim] space:			7001 MB
[runlim] samples:		22752
