[runlim] version:		1.18
[runlim] host:			c3n24
[runlim] time limit:		2700 seconds
[runlim] real time limit:	2700 seconds
[runlim] space limit:		7000 MB
[runlim] argv[0]:		./binary
[runlim] argv[1]:		/data/cnf/ankit/E1-A1-Red/eijkbs3330.R
[runlim] start:			Sat Feb 29 07:18:44 2020
[runlim] child:			18315
[runlim] sample:		9.82 time, 10.02 real, 35 MB
[runlim] sample:		19.82 time, 20.02 real, 58 MB
[runlim] sample:		29.82 time, 30.02 real, 81 MB
[runlim] sample:		39.82 time, 40.02 real, 103 MB
[runlim] sample:		49.82 time, 50.02 real, 124 MB
[runlim] sample:		59.82 time, 60.02 real, 145 MB
[runlim] sample:		69.82 time, 70.02 real, 168 MB
[runlim] sample:		79.82 time, 80.02 real, 189 MB
[runlim] sample:		89.82 time, 90.02 real, 211 MB
[runlim] sample:		100.01 time, 100.22 real, 232 MB
[runlim] sample:		110.01 time, 110.22 real, 253 MB
[runlim] sample:		120.01 time, 120.22 real, 271 MB
[runlim] sample:		130.02 time, 130.22 real, 289 MB
[runlim] sample:		140.01 time, 140.22 real, 308 MB
[runlim] sample:		150.01 time, 150.22 real, 327 MB
[runlim] sample:		160.01 time, 160.22 real, 345 MB
[runlim] sample:		170.01 time, 170.22 real, 362 MB
[runlim] sample:		180.01 time, 180.22 real, 381 MB
[runlim] sample:		190.02 time, 190.22 real, 399 MB
[runlim] sample:		200.01 time, 200.22 real, 417 MB
[runlim] sample:		210.01 time, 210.22 real, 434 MB
[runlim] sample:		220.01 time, 220.22 real, 451 MB
[runlim] sample:		230.01 time, 230.22 real, 468 MB
[runlim] sample:		240.01 time, 240.22 real, 484 MB
[runlim] sample:		250.01 time, 250.22 real, 501 MB
[runlim] sample:		260.01 time, 260.22 real, 519 MB
[runlim] sample:		270.01 time, 270.22 real, 537 MB
[runlim] sample:		280.01 time, 280.22 real, 554 MB
[runlim] sample:		290.01 time, 290.22 real, 570 MB
[runlim] sample:		300.01 time, 300.22 real, 586 MB
[runlim] sample:		310.01 time, 310.22 real, 603 MB
[runlim] sample:		320.01 time, 320.22 real, 620 MB
[runlim] sample:		330.01 time, 330.22 real, 638 MB
[runlim] sample:		340.01 time, 340.22 real, 657 MB
[runlim] sample:		350.01 time, 350.22 real, 672 MB
[runlim] sample:		360.01 time, 360.22 real, 688 MB
[runlim] sample:		370.01 time, 370.22 real, 702 MB
[runlim] sample:		380.01 time, 380.22 real, 721 MB
[runlim] sample:		390.01 time, 390.22 real, 736 MB
[runlim] sample:		400.01 time, 400.22 real, 753 MB
[runlim] sample:		410.01 time, 410.22 real, 768 MB
[runlim] sample:		420.01 time, 420.22 real, 783 MB
[runlim] sample:		430.01 time, 430.22 real, 797 MB
[runlim] sample:		440.00 time, 440.22 real, 812 MB
[runlim] sample:		450.01 time, 450.22 real, 826 MB
[runlim] sample:		460.01 time, 460.22 real, 842 MB
[runlim] sample:		470.01 time, 470.22 real, 856 MB
[runlim] sample:		480.01 time, 480.22 real, 870 MB
[runlim] sample:		490.01 time, 490.22 real, 883 MB
[runlim] sample:		500.01 time, 500.22 real, 897 MB
[runlim] sample:		510.01 time, 510.22 real, 912 MB
[runlim] sample:		520.01 time, 520.22 real, 928 MB
[runlim] sample:		530.01 time, 530.22 real, 942 MB
[runlim] sample:		540.01 time, 540.22 real, 956 MB
[runlim] sample:		550.00 time, 550.22 real, 971 MB
[runlim] sample:		560.01 time, 560.22 real, 987 MB
[runlim] sample:		570.01 time, 570.22 real, 1002 MB
[runlim] sample:		580.01 time, 580.22 real, 1015 MB
[runlim] sample:		590.01 time, 590.22 real, 1030 MB
[runlim] sample:		600.01 time, 600.22 real, 1045 MB
[runlim] sample:		610.01 time, 610.22 real, 1062 MB
[runlim] sample:		620.01 time, 620.22 real, 1078 MB
[runlim] sample:		630.00 time, 630.22 real, 1093 MB
[runlim] sample:		640.00 time, 640.22 real, 1107 MB
[runlim] sample:		650.00 time, 650.22 real, 1120 MB
[runlim] sample:		660.01 time, 660.22 real, 1136 MB
[runlim] sample:		670.00 time, 670.22 real, 1152 MB
[runlim] sample:		680.00 time, 680.22 real, 1167 MB
[runlim] sample:		690.01 time, 690.22 real, 1182 MB
[runlim] sample:		700.00 time, 700.22 real, 1196 MB
[runlim] sample:		710.01 time, 710.22 real, 1212 MB
[runlim] sample:		720.00 time, 720.22 real, 1228 MB
[runlim] sample:		730.01 time, 730.22 real, 1243 MB
[runlim] sample:		740.01 time, 740.22 real, 1256 MB
[runlim] sample:		750.00 time, 750.22 real, 1272 MB
[runlim] sample:		760.00 time, 760.22 real, 1285 MB
[runlim] sample:		770.01 time, 770.22 real, 1300 MB
[runlim] sample:		780.01 time, 780.22 real, 1312 MB
[runlim] sample:		790.01 time, 790.22 real, 1324 MB
[runlim] sample:		800.00 time, 800.22 real, 1338 MB
[runlim] sample:		810.00 time, 810.22 real, 1349 MB
[runlim] sample:		820.01 time, 820.22 real, 1361 MB
[runlim] sample:		830.00 time, 830.22 real, 1373 MB
[runlim] sample:		840.01 time, 840.22 real, 1386 MB
[runlim] sample:		850.01 time, 850.22 real, 1398 MB
[runlim] sample:		860.00 time, 860.22 real, 1410 MB
[runlim] sample:		870.01 time, 870.22 real, 1423 MB
[runlim] sample:		880.01 time, 880.22 real, 1436 MB
[runlim] sample:		890.00 time, 890.22 real, 1447 MB
[runlim] sample:		900.01 time, 900.22 real, 1459 MB
[runlim] sample:		910.00 time, 910.22 real, 1471 MB
[runlim] sample:		920.00 time, 920.22 real, 1484 MB
[runlim] sample:		930.00 time, 930.22 real, 1494 MB
[runlim] sample:		940.00 time, 940.22 real, 1506 MB
[runlim] sample:		950.01 time, 950.22 real, 1516 MB
[runlim] sample:		960.00 time, 960.22 real, 1527 MB
[runlim] sample:		970.00 time, 970.22 real, 1538 MB
[runlim] sample:		980.00 time, 980.22 real, 1549 MB
[runlim] sample:		990.01 time, 990.22 real, 1560 MB
[runlim] sample:		1000.01 time, 1000.22 real, 1572 MB
[runlim] sample:		1010.00 time, 1010.22 real, 1584 MB
[runlim] sample:		1020.00 time, 1020.22 real, 1595 MB
[runlim] sample:		1030.00 time, 1030.22 real, 1607 MB
[runlim] sample:		1040.01 time, 1040.22 real, 1619 MB
[runlim] sample:		1050.01 time, 1050.22 real, 1629 MB
[runlim] sample:		1060.00 time, 1060.22 real, 1639 MB
[runlim] sample:		1070.01 time, 1070.22 real, 1649 MB
[runlim] sample:		1080.01 time, 1080.22 real, 1658 MB
[runlim] sample:		1090.00 time, 1090.22 real, 1669 MB
[runlim] sample:		1100.00 time, 1100.22 real, 1679 MB
[runlim] sample:		1110.00 time, 1110.22 real, 1691 MB
[runlim] sample:		1120.00 time, 1120.22 real, 1702 MB
[runlim] sample:		1130.00 time, 1130.22 real, 1712 MB
[runlim] sample:		1140.00 time, 1140.22 real, 1723 MB
[runlim] sample:		1150.01 time, 1150.22 real, 1734 MB
[runlim] sample:		1160.00 time, 1160.22 real, 1744 MB
[runlim] sample:		1170.00 time, 1170.22 real, 1757 MB
[runlim] sample:		1180.00 time, 1180.22 real, 1768 MB
[runlim] sample:		1190.01 time, 1190.22 real, 1779 MB
[runlim] sample:		1200.00 time, 1200.22 real, 1790 MB
[runlim] sample:		1210.00 time, 1210.22 real, 1802 MB
[runlim] sample:		1220.00 time, 1220.22 real, 1814 MB
[runlim] sample:		1230.00 time, 1230.22 real, 1826 MB
[runlim] sample:		1240.00 time, 1240.22 real, 1837 MB
[runlim] sample:		1250.00 time, 1250.22 real, 1846 MB
[runlim] sample:		1260.00 time, 1260.22 real, 1858 MB
[runlim] sample:		1270.00 time, 1270.22 real, 1871 MB
[runlim] sample:		1280.00 time, 1280.22 real, 1883 MB
[runlim] sample:		1290.00 time, 1290.22 real, 1894 MB
[runlim] sample:		1300.00 time, 1300.22 real, 1907 MB
[runlim] sample:		1310.00 time, 1310.22 real, 1918 MB
[runlim] sample:		1320.00 time, 1320.22 real, 1929 MB
[runlim] sample:		1330.00 time, 1330.22 real, 1940 MB
[runlim] sample:		1340.00 time, 1340.22 real, 1951 MB
[runlim] sample:		1350.00 time, 1350.22 real, 1962 MB
[runlim] sample:		1360.00 time, 1360.22 real, 1973 MB
[runlim] sample:		1370.00 time, 1370.22 real, 1983 MB
[runlim] sample:		1380.00 time, 1380.22 real, 1993 MB
[runlim] sample:		1390.00 time, 1390.22 real, 2006 MB
[runlim] sample:		1400.00 time, 1400.22 real, 2015 MB
[runlim] sample:		1410.00 time, 1410.22 real, 2025 MB
[runlim] sample:		1420.00 time, 1420.22 real, 2035 MB
[runlim] sample:		1430.00 time, 1430.22 real, 2045 MB
[runlim] sample:		1440.00 time, 1440.22 real, 2056 MB
[runlim] sample:		1450.00 time, 1450.22 real, 2067 MB
[runlim] sample:		1460.00 time, 1460.22 real, 2076 MB
[runlim] sample:		1470.00 time, 1470.22 real, 2086 MB
[runlim] sample:		1479.99 time, 1480.22 real, 2096 MB
[runlim] sample:		1490.00 time, 1490.22 real, 2108 MB
[runlim] sample:		1499.99 time, 1500.22 real, 2118 MB
[runlim] sample:		1509.99 time, 1510.22 real, 2129 MB
[runlim] sample:		1520.00 time, 1520.22 real, 2140 MB
[runlim] sample:		1530.00 time, 1530.22 real, 2152 MB
[runlim] sample:		1540.00 time, 1540.22 real, 2162 MB
[runlim] sample:		1550.00 time, 1550.22 real, 2174 MB
[runlim] sample:		1560.00 time, 1560.22 real, 2188 MB
[runlim] sample:		1570.00 time, 1570.22 real, 2199 MB
[runlim] sample:		1580.00 time, 1580.22 real, 2210 MB
[runlim] sample:		1590.00 time, 1590.22 real, 2222 MB
[runlim] sample:		1600.00 time, 1600.22 real, 2233 MB
[runlim] sample:		1610.00 time, 1610.22 real, 2243 MB
[runlim] sample:		1619.99 time, 1620.22 real, 2254 MB
[runlim] sample:		1629.99 time, 1630.22 real, 2263 MB
[runlim] sample:		1639.99 time, 1640.22 real, 2273 MB
[runlim] sample:		1649.99 time, 1650.22 real, 2282 MB
[runlim] sample:		1659.99 time, 1660.22 real, 2293 MB
[runlim] sample:		1669.99 time, 1670.22 real, 2303 MB
[runlim] sample:		1679.99 time, 1680.22 real, 2312 MB
[runlim] sample:		1690.00 time, 1690.22 real, 2321 MB
[runlim] sample:		1699.99 time, 1700.22 real, 2330 MB
[runlim] sample:		1709.99 time, 1710.22 real, 2339 MB
[runlim] sample:		1719.99 time, 1720.22 real, 2349 MB
[runlim] sample:		1729.99 time, 1730.22 real, 2359 MB
[runlim] sample:		1740.00 time, 1740.22 real, 2369 MB
[runlim] sample:		1749.99 time, 1750.22 real, 2380 MB
[runlim] sample:		1760.00 time, 1760.22 real, 2389 MB
[runlim] sample:		1769.99 time, 1770.22 real, 2398 MB
[runlim] sample:		1779.99 time, 1780.22 real, 2408 MB
[runlim] sample:		1789.99 time, 1790.22 real, 2418 MB
[runlim] sample:		1799.99 time, 1800.22 real, 2429 MB
[runlim] sample:		1809.99 time, 1810.22 real, 2441 MB
[runlim] sample:		1819.99 time, 1820.22 real, 2451 MB
[runlim] sample:		1830.00 time, 1830.22 real, 2461 MB
[runlim] sample:		1839.99 time, 1840.22 real, 2471 MB
[runlim] sample:		1849.99 time, 1850.22 real, 2481 MB
[runlim] sample:		1859.99 time, 1860.22 real, 2490 MB
[runlim] sample:		1869.99 time, 1870.22 real, 2500 MB
[runlim] sample:		1879.99 time, 1880.22 real, 2510 MB
[runlim] sample:		1889.99 time, 1890.22 real, 2520 MB
[runlim] sample:		1899.99 time, 1900.22 real, 2531 MB
[runlim] sample:		1910.00 time, 1910.22 real, 2541 MB
[runlim] sample:		1919.99 time, 1920.22 real, 2552 MB
[runlim] sample:		1930.00 time, 1930.22 real, 2562 MB
[runlim] sample:		1940.00 time, 1940.22 real, 2573 MB
[runlim] sample:		1949.99 time, 1950.22 real, 2584 MB
[runlim] sample:		1960.00 time, 1960.22 real, 2594 MB
[runlim] sample:		1969.99 time, 1970.22 real, 2606 MB
[runlim] sample:		1979.99 time, 1980.22 real, 2616 MB
[runlim] sample:		1989.99 time, 1990.22 real, 2627 MB
[runlim] sample:		1999.99 time, 2000.22 real, 2639 MB
[runlim] sample:		2009.99 time, 2010.22 real, 2650 MB
[runlim] sample:		2020.00 time, 2020.22 real, 2661 MB
[runlim] sample:		2029.99 time, 2030.22 real, 2677 MB
[runlim] sample:		2039.99 time, 2040.22 real, 2692 MB
[runlim] sample:		2049.99 time, 2050.22 real, 2704 MB
[runlim] sample:		2059.99 time, 2060.22 real, 2715 MB
[runlim] sample:		2069.99 time, 2070.22 real, 2726 MB
[runlim] sample:		2079.99 time, 2080.22 real, 2737 MB
[runlim] sample:		2089.99 time, 2090.22 real, 2748 MB
[runlim] sample:		2099.99 time, 2100.22 real, 2759 MB
[runlim] sample:		2109.99 time, 2110.22 real, 2771 MB
[runlim] sample:		2119.99 time, 2120.22 real, 2785 MB
[runlim] sample:		2129.99 time, 2130.22 real, 2796 MB
[runlim] sample:		2139.99 time, 2140.22 real, 2806 MB
[runlim] sample:		2149.98 time, 2150.22 real, 2815 MB
[runlim] sample:		2159.99 time, 2160.22 real, 2823 MB
[runlim] sample:		2169.99 time, 2170.22 real, 2833 MB
[runlim] sample:		2179.99 time, 2180.22 real, 2842 MB
[runlim] sample:		2189.99 time, 2190.22 real, 2851 MB
[runlim] sample:		2199.98 time, 2200.22 real, 2861 MB
[runlim] sample:		2209.98 time, 2210.22 real, 2871 MB
[runlim] sample:		2219.99 time, 2220.22 real, 2878 MB
[runlim] sample:		2229.99 time, 2230.22 real, 2887 MB
[runlim] sample:		2239.99 time, 2240.22 real, 2894 MB
[runlim] sample:		2249.99 time, 2250.22 real, 2901 MB
[runlim] sample:		2259.99 time, 2260.22 real, 2908 MB
[runlim] sample:		2269.99 time, 2270.22 real, 2916 MB
[runlim] sample:		2279.99 time, 2280.22 real, 2923 MB
[runlim] sample:		2289.98 time, 2290.22 real, 2931 MB
[runlim] sample:		2299.99 time, 2300.22 real, 2938 MB
[runlim] sample:		2309.99 time, 2310.22 real, 2947 MB
[runlim] sample:		2319.99 time, 2320.22 real, 2955 MB
[runlim] sample:		2329.99 time, 2330.22 real, 2965 MB
[runlim] sample:		2339.98 time, 2340.22 real, 2977 MB
[runlim] sample:		2349.98 time, 2350.22 real, 2987 MB
[runlim] sample:		2359.98 time, 2360.22 real, 2997 MB
[runlim] sample:		2369.99 time, 2370.22 real, 3008 MB
[runlim] sample:		2379.99 time, 2380.22 real, 3019 MB
[runlim] sample:		2389.99 time, 2390.22 real, 3035 MB
[runlim] sample:		2399.98 time, 2400.22 real, 3051 MB
[runlim] sample:		2409.99 time, 2410.22 real, 3064 MB
[runlim] sample:		2419.99 time, 2420.22 real, 3076 MB
[runlim] sample:		2429.99 time, 2430.22 real, 3088 MB
[runlim] sample:		2439.99 time, 2440.22 real, 3099 MB
[runlim] sample:		2449.98 time, 2450.22 real, 3110 MB
[runlim] sample:		2459.99 time, 2460.22 real, 3121 MB
[runlim] sample:		2469.98 time, 2470.22 real, 3130 MB
[runlim] sample:		2479.99 time, 2480.22 real, 3139 MB
[runlim] sample:		2489.99 time, 2490.22 real, 3149 MB
[runlim] sample:		2499.99 time, 2500.22 real, 3157 MB
[runlim] sample:		2509.99 time, 2510.22 real, 3165 MB
[runlim] sample:		2519.99 time, 2520.22 real, 3172 MB
[runlim] sample:		2529.99 time, 2530.22 real, 3179 MB
[runlim] sample:		2539.99 time, 2540.22 real, 3186 MB
[runlim] sample:		2549.99 time, 2550.22 real, 3192 MB
[runlim] sample:		2559.98 time, 2560.22 real, 3199 MB
[runlim] sample:		2569.99 time, 2570.22 real, 3207 MB
[runlim] sample:		2579.98 time, 2580.22 real, 3214 MB
[runlim] sample:		2589.98 time, 2590.22 real, 3222 MB
[runlim] sample:		2599.99 time, 2600.22 real, 3233 MB
[runlim] sample:		2609.99 time, 2610.22 real, 3241 MB
[runlim] sample:		2619.99 time, 2620.22 real, 3248 MB
[runlim] sample:		2629.99 time, 2630.22 real, 3256 MB
[runlim] sample:		2639.98 time, 2640.22 real, 3265 MB
[runlim] sample:		2649.99 time, 2650.22 real, 3275 MB
[runlim] sample:		2659.98 time, 2660.22 real, 3290 MB
[runlim] sample:		2669.99 time, 2670.22 real, 3302 MB
[runlim] sample:		2679.98 time, 2680.22 real, 3315 MB
[runlim] sample:		2689.98 time, 2690.22 real, 3328 MB
[runlim] end:			Sat Feb 29 08:03:44 2020
[runlim] status:		out of time
[runlim] result:		2
[runlim] children:		1
[runlim] real:			2700.31 seconds
[runlim] time:			2699.79 seconds
[runlim] space:			3339 MB
[runlim] samples:		26998
