[runlim] version:		1.18
[runlim] host:			c3n25
[runlim] time limit:		2700 seconds
[runlim] real time limit:	2700 seconds
[runlim] space limit:		7000 MB
[runlim] argv[0]:		./binary
[runlim] argv[1]:		/data/cnf/ankit/E1-A1-Red/hex_rand_6x6-20m-6.dqbf
[runlim] start:			Sat Feb 29 07:18:41 2020
[runlim] child:			19496
[runlim] sample:		9.99 time, 10.12 real, 36 MB
[runlim] sample:		19.99 time, 20.12 real, 53 MB
[runlim] sample:		30.00 time, 30.12 real, 68 MB
[runlim] sample:		39.99 time, 40.12 real, 81 MB
[runlim] sample:		49.99 time, 50.12 real, 95 MB
[runlim] sample:		59.99 time, 60.12 real, 107 MB
[runlim] sample:		70.00 time, 70.12 real, 124 MB
[runlim] sample:		80.00 time, 80.12 real, 134 MB
[runlim] sample:		90.00 time, 90.12 real, 143 MB
[runlim] sample:		100.19 time, 100.32 real, 154 MB
[runlim] sample:		110.19 time, 110.32 real, 165 MB
[runlim] sample:		120.20 time, 120.32 real, 175 MB
[runlim] sample:		130.19 time, 130.32 real, 187 MB
[runlim] sample:		140.19 time, 140.32 real, 197 MB
[runlim] sample:		150.19 time, 150.32 real, 206 MB
[runlim] sample:		160.19 time, 160.32 real, 216 MB
[runlim] sample:		170.19 time, 170.32 real, 226 MB
[runlim] sample:		180.19 time, 180.32 real, 235 MB
[runlim] sample:		190.19 time, 190.32 real, 244 MB
[runlim] sample:		200.19 time, 200.32 real, 253 MB
[runlim] sample:		210.19 time, 210.32 real, 262 MB
[runlim] sample:		220.19 time, 220.32 real, 272 MB
[runlim] sample:		230.19 time, 230.32 real, 281 MB
[runlim] sample:		240.19 time, 240.32 real, 289 MB
[runlim] sample:		250.23 time, 250.36 real, 298 MB
[runlim] sample:		260.19 time, 260.32 real, 311 MB
[runlim] sample:		270.20 time, 270.32 real, 320 MB
[runlim] sample:		280.19 time, 280.32 real, 330 MB
[runlim] sample:		290.19 time, 290.32 real, 338 MB
[runlim] sample:		300.20 time, 300.32 real, 348 MB
[runlim] sample:		310.19 time, 310.32 real, 357 MB
[runlim] sample:		320.19 time, 320.32 real, 366 MB
[runlim] sample:		330.19 time, 330.32 real, 375 MB
[runlim] sample:		340.19 time, 340.32 real, 383 MB
[runlim] sample:		350.19 time, 350.32 real, 391 MB
[runlim] sample:		360.20 time, 360.32 real, 400 MB
[runlim] sample:		370.20 time, 370.32 real, 407 MB
[runlim] sample:		380.20 time, 380.32 real, 415 MB
[runlim] sample:		390.19 time, 390.32 real, 423 MB
[runlim] sample:		400.19 time, 400.32 real, 431 MB
[runlim] sample:		410.19 time, 410.32 real, 441 MB
[runlim] sample:		420.19 time, 420.32 real, 452 MB
[runlim] sample:		430.19 time, 430.32 real, 461 MB
[runlim] sample:		440.19 time, 440.32 real, 469 MB
[runlim] sample:		450.19 time, 450.32 real, 477 MB
[runlim] sample:		460.19 time, 460.32 real, 485 MB
[runlim] sample:		470.19 time, 470.32 real, 494 MB
[runlim] sample:		480.19 time, 480.32 real, 502 MB
[runlim] sample:		490.19 time, 490.32 real, 510 MB
[runlim] sample:		500.19 time, 500.32 real, 518 MB
[runlim] sample:		510.19 time, 510.32 real, 525 MB
[runlim] sample:		520.19 time, 520.32 real, 533 MB
[runlim] sample:		530.19 time, 530.32 real, 510 MB
[runlim] sample:		540.19 time, 540.32 real, 519 MB
[runlim] sample:		550.19 time, 550.32 real, 526 MB
[runlim] sample:		560.19 time, 560.32 real, 533 MB
[runlim] sample:		570.19 time, 570.32 real, 540 MB
[runlim] sample:		580.19 time, 580.32 real, 548 MB
[runlim] sample:		590.19 time, 590.32 real, 555 MB
[runlim] sample:		600.19 time, 600.32 real, 561 MB
[runlim] sample:		610.19 time, 610.32 real, 567 MB
[runlim] sample:		620.19 time, 620.32 real, 573 MB
[runlim] sample:		630.19 time, 630.32 real, 578 MB
[runlim] sample:		640.19 time, 640.32 real, 584 MB
[runlim] sample:		650.19 time, 650.32 real, 590 MB
[runlim] sample:		660.19 time, 660.32 real, 597 MB
[runlim] sample:		670.18 time, 670.32 real, 602 MB
[runlim] sample:		680.19 time, 680.32 real, 608 MB
[runlim] sample:		690.19 time, 690.32 real, 613 MB
[runlim] sample:		700.19 time, 700.32 real, 619 MB
[runlim] sample:		710.19 time, 710.32 real, 626 MB
[runlim] sample:		720.19 time, 720.32 real, 631 MB
[runlim] sample:		730.19 time, 730.32 real, 637 MB
[runlim] sample:		740.19 time, 740.32 real, 642 MB
[runlim] sample:		750.18 time, 750.32 real, 648 MB
[runlim] sample:		760.18 time, 760.32 real, 653 MB
[runlim] sample:		770.19 time, 770.32 real, 661 MB
[runlim] sample:		780.19 time, 780.32 real, 667 MB
[runlim] sample:		790.19 time, 790.32 real, 674 MB
[runlim] sample:		800.19 time, 800.32 real, 680 MB
[runlim] sample:		810.19 time, 810.32 real, 687 MB
[runlim] sample:		820.19 time, 820.32 real, 693 MB
[runlim] sample:		830.19 time, 830.32 real, 701 MB
[runlim] sample:		840.19 time, 840.32 real, 706 MB
[runlim] sample:		850.19 time, 850.32 real, 712 MB
[runlim] sample:		860.18 time, 860.32 real, 719 MB
[runlim] sample:		870.18 time, 870.32 real, 729 MB
[runlim] sample:		880.19 time, 880.32 real, 735 MB
[runlim] sample:		890.19 time, 890.32 real, 743 MB
[runlim] sample:		900.19 time, 900.32 real, 749 MB
[runlim] sample:		910.19 time, 910.32 real, 755 MB
[runlim] sample:		920.19 time, 920.32 real, 760 MB
[runlim] sample:		930.18 time, 930.32 real, 766 MB
[runlim] sample:		940.19 time, 940.32 real, 772 MB
[runlim] sample:		950.19 time, 950.32 real, 778 MB
[runlim] sample:		960.19 time, 960.32 real, 785 MB
[runlim] sample:		970.19 time, 970.32 real, 792 MB
[runlim] sample:		980.18 time, 980.32 real, 798 MB
[runlim] sample:		990.18 time, 990.32 real, 803 MB
[runlim] sample:		1000.19 time, 1000.32 real, 809 MB
[runlim] sample:		1010.18 time, 1010.32 real, 814 MB
[runlim] sample:		1020.19 time, 1020.32 real, 821 MB
[runlim] sample:		1030.18 time, 1030.32 real, 826 MB
[runlim] sample:		1040.18 time, 1040.32 real, 832 MB
[runlim] sample:		1050.19 time, 1050.32 real, 838 MB
[runlim] sample:		1060.18 time, 1060.32 real, 844 MB
[runlim] sample:		1070.18 time, 1070.32 real, 849 MB
[runlim] sample:		1080.18 time, 1080.32 real, 854 MB
[runlim] sample:		1090.18 time, 1090.32 real, 860 MB
[runlim] sample:		1100.19 time, 1100.32 real, 866 MB
[runlim] sample:		1110.19 time, 1110.32 real, 872 MB
[runlim] sample:		1120.18 time, 1120.32 real, 879 MB
[runlim] sample:		1130.19 time, 1130.32 real, 884 MB
[runlim] sample:		1140.19 time, 1140.32 real, 891 MB
[runlim] sample:		1150.18 time, 1150.32 real, 897 MB
[runlim] sample:		1160.19 time, 1160.32 real, 903 MB
[runlim] sample:		1170.19 time, 1170.32 real, 909 MB
[runlim] sample:		1180.18 time, 1180.32 real, 915 MB
[runlim] sample:		1190.19 time, 1190.32 real, 921 MB
[runlim] sample:		1200.19 time, 1200.32 real, 928 MB
[runlim] sample:		1210.18 time, 1210.32 real, 933 MB
[runlim] sample:		1220.19 time, 1220.32 real, 938 MB
[runlim] sample:		1230.19 time, 1230.32 real, 943 MB
[runlim] sample:		1240.18 time, 1240.32 real, 950 MB
[runlim] sample:		1250.19 time, 1250.32 real, 957 MB
[runlim] sample:		1260.18 time, 1260.32 real, 964 MB
[runlim] sample:		1270.18 time, 1270.32 real, 972 MB
[runlim] sample:		1280.19 time, 1280.32 real, 981 MB
[runlim] sample:		1290.18 time, 1290.32 real, 988 MB
[runlim] sample:		1300.18 time, 1300.32 real, 996 MB
[runlim] sample:		1310.19 time, 1310.32 real, 1003 MB
[runlim] sample:		1320.19 time, 1320.32 real, 1009 MB
[runlim] sample:		1330.18 time, 1330.32 real, 1017 MB
[runlim] sample:		1340.19 time, 1340.32 real, 1024 MB
[runlim] sample:		1350.19 time, 1350.32 real, 1030 MB
[runlim] sample:		1360.18 time, 1360.32 real, 1036 MB
[runlim] sample:		1370.19 time, 1370.32 real, 1041 MB
[runlim] sample:		1380.18 time, 1380.32 real, 1047 MB
[runlim] sample:		1390.18 time, 1390.32 real, 1052 MB
[runlim] sample:		1400.19 time, 1400.32 real, 1059 MB
[runlim] sample:		1410.19 time, 1410.32 real, 1065 MB
[runlim] sample:		1420.18 time, 1420.32 real, 1072 MB
[runlim] sample:		1430.18 time, 1430.32 real, 1077 MB
[runlim] sample:		1440.18 time, 1440.32 real, 1085 MB
[runlim] sample:		1450.18 time, 1450.32 real, 1092 MB
[runlim] sample:		1460.18 time, 1460.32 real, 1097 MB
[runlim] sample:		1470.18 time, 1470.32 real, 1106 MB
[runlim] sample:		1480.18 time, 1480.32 real, 1113 MB
[runlim] sample:		1490.19 time, 1490.32 real, 1119 MB
[runlim] sample:		1500.18 time, 1500.32 real, 1126 MB
[runlim] sample:		1510.18 time, 1510.32 real, 1133 MB
[runlim] sample:		1520.18 time, 1520.32 real, 1138 MB
[runlim] sample:		1530.18 time, 1530.32 real, 1146 MB
[runlim] sample:		1540.19 time, 1540.32 real, 1151 MB
[runlim] sample:		1550.18 time, 1550.32 real, 1156 MB
[runlim] sample:		1560.18 time, 1560.32 real, 1162 MB
[runlim] sample:		1570.18 time, 1570.32 real, 1167 MB
[runlim] sample:		1580.18 time, 1580.32 real, 1171 MB
[runlim] sample:		1590.18 time, 1590.32 real, 1177 MB
[runlim] sample:		1600.18 time, 1600.32 real, 1186 MB
[runlim] sample:		1610.18 time, 1610.32 real, 1194 MB
[runlim] sample:		1620.18 time, 1620.32 real, 1199 MB
[runlim] sample:		1630.18 time, 1630.32 real, 1205 MB
[runlim] sample:		1640.18 time, 1640.32 real, 1211 MB
[runlim] sample:		1650.18 time, 1650.32 real, 1217 MB
[runlim] sample:		1660.18 time, 1660.32 real, 1222 MB
[runlim] sample:		1670.18 time, 1670.32 real, 1228 MB
[runlim] sample:		1680.18 time, 1680.32 real, 1233 MB
[runlim] sample:		1690.18 time, 1690.32 real, 1238 MB
[runlim] sample:		1700.18 time, 1700.32 real, 1243 MB
[runlim] sample:		1710.18 time, 1710.32 real, 1247 MB
[runlim] sample:		1720.18 time, 1720.32 real, 1252 MB
[runlim] sample:		1730.18 time, 1730.32 real, 1257 MB
[runlim] sample:		1740.18 time, 1740.32 real, 1261 MB
[runlim] sample:		1750.18 time, 1750.32 real, 1267 MB
[runlim] sample:		1760.18 time, 1760.32 real, 1272 MB
[runlim] sample:		1770.18 time, 1770.32 real, 1277 MB
[runlim] sample:		1780.18 time, 1780.32 real, 1284 MB
[runlim] sample:		1790.18 time, 1790.32 real, 1291 MB
[runlim] sample:		1800.18 time, 1800.32 real, 1298 MB
[runlim] sample:		1810.18 time, 1810.32 real, 1304 MB
[runlim] sample:		1820.17 time, 1820.32 real, 1311 MB
[runlim] sample:		1830.18 time, 1830.32 real, 1317 MB
[runlim] sample:		1840.17 time, 1840.32 real, 1324 MB
[runlim] sample:		1850.17 time, 1850.32 real, 1331 MB
[runlim] sample:		1860.18 time, 1860.32 real, 1337 MB
[runlim] sample:		1870.18 time, 1870.32 real, 1344 MB
[runlim] sample:		1880.17 time, 1880.32 real, 1349 MB
[runlim] sample:		1890.18 time, 1890.32 real, 1327 MB
[runlim] sample:		1900.18 time, 1900.32 real, 1333 MB
[runlim] sample:		1910.18 time, 1910.32 real, 1342 MB
[runlim] sample:		1920.17 time, 1920.32 real, 1346 MB
[runlim] sample:		1930.18 time, 1930.32 real, 1352 MB
[runlim] sample:		1940.18 time, 1940.32 real, 1358 MB
[runlim] sample:		1950.17 time, 1950.32 real, 1363 MB
[runlim] sample:		1960.18 time, 1960.32 real, 1368 MB
[runlim] sample:		1970.18 time, 1970.32 real, 1373 MB
[runlim] sample:		1980.17 time, 1980.32 real, 1378 MB
[runlim] sample:		1990.18 time, 1990.32 real, 1383 MB
[runlim] sample:		2000.18 time, 2000.32 real, 1390 MB
[runlim] sample:		2010.18 time, 2010.32 real, 1396 MB
[runlim] sample:		2020.17 time, 2020.32 real, 1400 MB
[runlim] sample:		2030.17 time, 2030.32 real, 1405 MB
[runlim] sample:		2040.18 time, 2040.32 real, 1412 MB
[runlim] sample:		2050.18 time, 2050.32 real, 1419 MB
[runlim] sample:		2060.18 time, 2060.32 real, 1425 MB
[runlim] sample:		2070.17 time, 2070.32 real, 1430 MB
[runlim] sample:		2080.18 time, 2080.32 real, 1434 MB
[runlim] sample:		2090.18 time, 2090.32 real, 1439 MB
[runlim] sample:		2100.18 time, 2100.32 real, 1444 MB
[runlim] sample:		2110.18 time, 2110.32 real, 1450 MB
[runlim] sample:		2120.17 time, 2120.32 real, 1372 MB
[runlim] sample:		2130.18 time, 2130.32 real, 1378 MB
[runlim] sample:		2140.17 time, 2140.32 real, 1383 MB
[runlim] sample:		2150.18 time, 2150.32 real, 1388 MB
[runlim] sample:		2160.17 time, 2160.32 real, 1393 MB
[runlim] sample:		2170.18 time, 2170.32 real, 1398 MB
[runlim] sample:		2180.17 time, 2180.32 real, 1403 MB
[runlim] sample:		2190.17 time, 2190.32 real, 1409 MB
[runlim] sample:		2200.17 time, 2200.32 real, 1414 MB
[runlim] sample:		2210.17 time, 2210.32 real, 1425 MB
[runlim] sample:		2220.17 time, 2220.32 real, 1432 MB
[runlim] sample:		2230.17 time, 2230.32 real, 1437 MB
[runlim] sample:		2240.18 time, 2240.32 real, 1442 MB
[runlim] sample:		2250.17 time, 2250.32 real, 1447 MB
[runlim] sample:		2260.18 time, 2260.32 real, 1454 MB
[runlim] sample:		2270.18 time, 2270.32 real, 1460 MB
[runlim] sample:		2280.17 time, 2280.32 real, 1465 MB
[runlim] sample:		2290.18 time, 2290.32 real, 1471 MB
[runlim] sample:		2300.18 time, 2300.32 real, 1477 MB
[runlim] sample:		2310.17 time, 2310.32 real, 1482 MB
[runlim] sample:		2320.17 time, 2320.32 real, 1492 MB
[runlim] sample:		2330.17 time, 2330.32 real, 1499 MB
[runlim] sample:		2340.17 time, 2340.32 real, 1505 MB
[runlim] sample:		2350.18 time, 2350.32 real, 1510 MB
[runlim] sample:		2360.18 time, 2360.32 real, 1515 MB
[runlim] sample:		2370.17 time, 2370.32 real, 1519 MB
[runlim] sample:		2380.17 time, 2380.32 real, 1524 MB
[runlim] sample:		2390.17 time, 2390.32 real, 1528 MB
[runlim] sample:		2400.18 time, 2400.32 real, 1533 MB
[runlim] sample:		2410.17 time, 2410.32 real, 1538 MB
[runlim] sample:		2420.17 time, 2420.32 real, 1543 MB
[runlim] sample:		2430.17 time, 2430.32 real, 1549 MB
[runlim] end:			Sat Feb 29 07:59:16 2020
[runlim] status:		ok
[runlim] result:		0
[runlim] children:		1
[runlim] real:			2434.99 seconds
[runlim] time:			2434.77 seconds
[runlim] space:			1725 MB
[runlim] samples:		24346
