[runlim] version:		1.18
[runlim] host:			c3n25
[runlim] time limit:		2700 seconds
[runlim] real time limit:	2700 seconds
[runlim] space limit:		7000 MB
[runlim] argv[0]:		./binary
[runlim] argv[1]:		/data/cnf/ankit/E1-A1-Red/hex_rand_6x6-20m-0.dqbf
[runlim] start:			Sat Feb 29 07:18:40 2020
[runlim] child:			19433
[runlim] sample:		9.55 time, 10.22 real, 35 MB
[runlim] sample:		19.55 time, 20.22 real, 51 MB
[runlim] sample:		29.54 time, 30.22 real, 67 MB
[runlim] sample:		39.54 time, 40.22 real, 81 MB
[runlim] sample:		49.54 time, 50.22 real, 94 MB
[runlim] sample:		59.55 time, 60.22 real, 110 MB
[runlim] sample:		69.55 time, 70.22 real, 121 MB
[runlim] sample:		79.55 time, 80.22 real, 132 MB
[runlim] sample:		89.55 time, 90.22 real, 143 MB
[runlim] sample:		99.75 time, 100.42 real, 152 MB
[runlim] sample:		109.74 time, 110.42 real, 159 MB
[runlim] sample:		119.75 time, 120.42 real, 168 MB
[runlim] sample:		129.75 time, 130.42 real, 179 MB
[runlim] sample:		139.74 time, 140.42 real, 191 MB
[runlim] sample:		149.75 time, 150.42 real, 200 MB
[runlim] sample:		159.74 time, 160.42 real, 210 MB
[runlim] sample:		169.75 time, 170.42 real, 221 MB
[runlim] sample:		179.75 time, 180.42 real, 232 MB
[runlim] sample:		189.74 time, 190.42 real, 243 MB
[runlim] sample:		199.74 time, 200.42 real, 255 MB
[runlim] sample:		209.74 time, 210.42 real, 265 MB
[runlim] sample:		219.75 time, 220.42 real, 275 MB
[runlim] sample:		229.74 time, 230.42 real, 285 MB
[runlim] sample:		239.75 time, 240.42 real, 296 MB
[runlim] sample:		249.74 time, 250.42 real, 305 MB
[runlim] sample:		259.74 time, 260.42 real, 314 MB
[runlim] sample:		269.74 time, 270.42 real, 324 MB
[runlim] sample:		279.75 time, 280.42 real, 334 MB
[runlim] sample:		289.75 time, 290.42 real, 344 MB
[runlim] sample:		299.75 time, 300.42 real, 352 MB
[runlim] sample:		309.75 time, 310.42 real, 364 MB
[runlim] sample:		319.75 time, 320.42 real, 373 MB
[runlim] sample:		329.74 time, 330.42 real, 383 MB
[runlim] sample:		339.74 time, 340.42 real, 392 MB
[runlim] sample:		349.74 time, 350.42 real, 403 MB
[runlim] sample:		359.74 time, 360.42 real, 414 MB
[runlim] sample:		369.75 time, 370.42 real, 424 MB
[runlim] sample:		379.75 time, 380.42 real, 433 MB
[runlim] sample:		389.74 time, 390.42 real, 443 MB
[runlim] sample:		399.75 time, 400.42 real, 453 MB
[runlim] sample:		409.74 time, 410.42 real, 462 MB
[runlim] sample:		419.74 time, 420.42 real, 474 MB
[runlim] sample:		429.74 time, 430.42 real, 483 MB
[runlim] sample:		439.74 time, 440.42 real, 492 MB
[runlim] sample:		449.74 time, 450.42 real, 501 MB
[runlim] sample:		459.74 time, 460.42 real, 510 MB
[runlim] sample:		469.74 time, 470.42 real, 520 MB
[runlim] sample:		479.74 time, 480.42 real, 529 MB
[runlim] sample:		489.73 time, 490.42 real, 536 MB
[runlim] sample:		499.73 time, 500.42 real, 544 MB
[runlim] sample:		509.74 time, 510.42 real, 554 MB
[runlim] sample:		519.74 time, 520.42 real, 563 MB
[runlim] sample:		529.74 time, 530.42 real, 572 MB
[runlim] sample:		539.74 time, 540.42 real, 579 MB
[runlim] sample:		549.74 time, 550.42 real, 588 MB
[runlim] sample:		559.74 time, 560.42 real, 597 MB
[runlim] sample:		569.73 time, 570.42 real, 606 MB
[runlim] sample:		579.73 time, 580.42 real, 617 MB
[runlim] sample:		589.74 time, 590.42 real, 625 MB
[runlim] sample:		599.74 time, 600.42 real, 634 MB
[runlim] sample:		609.74 time, 610.42 real, 641 MB
[runlim] sample:		619.74 time, 620.42 real, 649 MB
[runlim] sample:		629.73 time, 630.42 real, 656 MB
[runlim] sample:		639.73 time, 640.42 real, 664 MB
[runlim] sample:		649.74 time, 650.42 real, 671 MB
[runlim] sample:		659.73 time, 660.42 real, 678 MB
[runlim] sample:		669.73 time, 670.42 real, 685 MB
[runlim] sample:		679.74 time, 680.42 real, 652 MB
[runlim] sample:		689.73 time, 690.42 real, 659 MB
[runlim] sample:		699.73 time, 700.42 real, 667 MB
[runlim] sample:		709.73 time, 710.42 real, 675 MB
[runlim] sample:		719.73 time, 720.42 real, 682 MB
[runlim] sample:		729.74 time, 730.42 real, 689 MB
[runlim] sample:		739.74 time, 740.42 real, 697 MB
[runlim] sample:		749.73 time, 750.42 real, 704 MB
[runlim] sample:		759.73 time, 760.42 real, 711 MB
[runlim] sample:		769.73 time, 770.42 real, 718 MB
[runlim] sample:		779.74 time, 780.42 real, 725 MB
[runlim] sample:		789.73 time, 790.42 real, 732 MB
[runlim] sample:		799.74 time, 800.42 real, 739 MB
[runlim] sample:		809.73 time, 810.42 real, 746 MB
[runlim] sample:		819.74 time, 820.42 real, 754 MB
[runlim] sample:		829.73 time, 830.42 real, 761 MB
[runlim] sample:		839.73 time, 840.42 real, 775 MB
[runlim] sample:		849.74 time, 850.42 real, 782 MB
[runlim] sample:		859.74 time, 860.42 real, 789 MB
[runlim] sample:		869.73 time, 870.42 real, 795 MB
[runlim] sample:		879.74 time, 880.42 real, 803 MB
[runlim] sample:		889.73 time, 890.42 real, 808 MB
[runlim] sample:		899.73 time, 900.42 real, 815 MB
[runlim] sample:		909.73 time, 910.42 real, 822 MB
[runlim] sample:		919.73 time, 920.42 real, 829 MB
[runlim] sample:		929.73 time, 930.42 real, 835 MB
[runlim] sample:		939.73 time, 940.42 real, 842 MB
[runlim] sample:		949.73 time, 950.42 real, 848 MB
[runlim] sample:		959.73 time, 960.42 real, 854 MB
[runlim] sample:		969.73 time, 970.42 real, 860 MB
[runlim] sample:		979.73 time, 980.42 real, 866 MB
[runlim] sample:		989.73 time, 990.42 real, 872 MB
[runlim] sample:		999.73 time, 1000.42 real, 879 MB
[runlim] sample:		1009.73 time, 1010.42 real, 887 MB
[runlim] sample:		1019.74 time, 1020.42 real, 894 MB
[runlim] sample:		1029.73 time, 1030.42 real, 902 MB
[runlim] sample:		1039.73 time, 1040.42 real, 908 MB
[runlim] sample:		1049.73 time, 1050.42 real, 915 MB
[runlim] sample:		1059.73 time, 1060.42 real, 922 MB
[runlim] sample:		1069.74 time, 1070.42 real, 929 MB
[runlim] sample:		1079.73 time, 1080.42 real, 935 MB
[runlim] sample:		1089.73 time, 1090.42 real, 942 MB
[runlim] sample:		1099.73 time, 1100.42 real, 949 MB
[runlim] sample:		1109.73 time, 1110.42 real, 957 MB
[runlim] sample:		1119.73 time, 1120.42 real, 966 MB
[runlim] sample:		1129.73 time, 1130.42 real, 973 MB
[runlim] sample:		1139.73 time, 1140.42 real, 980 MB
[runlim] sample:		1149.73 time, 1150.42 real, 988 MB
[runlim] sample:		1159.73 time, 1160.42 real, 994 MB
[runlim] sample:		1169.73 time, 1170.42 real, 1002 MB
[runlim] sample:		1179.73 time, 1180.42 real, 1009 MB
[runlim] sample:		1189.73 time, 1190.42 real, 1016 MB
[runlim] sample:		1199.73 time, 1200.42 real, 1024 MB
[runlim] sample:		1209.73 time, 1210.42 real, 1031 MB
[runlim] sample:		1219.73 time, 1220.42 real, 1038 MB
[runlim] sample:		1229.73 time, 1230.42 real, 1045 MB
[runlim] sample:		1239.73 time, 1240.42 real, 1053 MB
[runlim] sample:		1249.73 time, 1250.42 real, 1059 MB
[runlim] sample:		1259.73 time, 1260.42 real, 1065 MB
[runlim] sample:		1269.73 time, 1270.42 real, 1072 MB
[runlim] sample:		1279.73 time, 1280.42 real, 1079 MB
[runlim] sample:		1289.73 time, 1290.42 real, 1085 MB
[runlim] sample:		1299.73 time, 1300.42 real, 1091 MB
[runlim] sample:		1309.73 time, 1310.42 real, 1096 MB
[runlim] sample:		1319.73 time, 1320.42 real, 1102 MB
[runlim] sample:		1329.73 time, 1330.42 real, 1110 MB
[runlim] sample:		1339.73 time, 1340.42 real, 1117 MB
[runlim] sample:		1349.73 time, 1350.42 real, 1123 MB
[runlim] sample:		1359.73 time, 1360.42 real, 1142 MB
[runlim] sample:		1369.73 time, 1370.42 real, 1152 MB
[runlim] sample:		1379.73 time, 1380.42 real, 1158 MB
[runlim] sample:		1389.72 time, 1390.42 real, 1165 MB
[runlim] sample:		1399.73 time, 1400.42 real, 1171 MB
[runlim] sample:		1409.73 time, 1410.42 real, 1180 MB
[runlim] sample:		1419.73 time, 1420.42 real, 1186 MB
[runlim] sample:		1429.73 time, 1430.42 real, 1193 MB
[runlim] sample:		1439.73 time, 1440.42 real, 1199 MB
[runlim] sample:		1449.73 time, 1450.42 real, 1205 MB
[runlim] sample:		1459.72 time, 1460.42 real, 1212 MB
[runlim] sample:		1469.73 time, 1470.42 real, 1218 MB
[runlim] sample:		1479.73 time, 1480.42 real, 1225 MB
[runlim] sample:		1489.73 time, 1490.42 real, 1231 MB
[runlim] sample:		1499.73 time, 1500.42 real, 1238 MB
[runlim] sample:		1509.73 time, 1510.42 real, 1244 MB
[runlim] sample:		1519.73 time, 1520.42 real, 1251 MB
[runlim] sample:		1529.73 time, 1530.42 real, 1259 MB
[runlim] sample:		1539.73 time, 1540.42 real, 1265 MB
[runlim] sample:		1549.73 time, 1550.42 real, 1272 MB
[runlim] sample:		1559.73 time, 1560.42 real, 1278 MB
[runlim] sample:		1569.73 time, 1570.42 real, 1285 MB
[runlim] sample:		1579.73 time, 1580.42 real, 1292 MB
[runlim] sample:		1589.73 time, 1590.42 real, 1298 MB
[runlim] sample:		1599.72 time, 1600.42 real, 1305 MB
[runlim] sample:		1609.73 time, 1610.42 real, 1312 MB
[runlim] sample:		1619.72 time, 1620.42 real, 1319 MB
[runlim] sample:		1629.73 time, 1630.42 real, 1324 MB
[runlim] sample:		1639.73 time, 1640.42 real, 1330 MB
[runlim] sample:		1649.72 time, 1650.42 real, 1336 MB
[runlim] sample:		1659.72 time, 1660.42 real, 1340 MB
[runlim] sample:		1669.72 time, 1670.42 real, 1345 MB
[runlim] sample:		1679.72 time, 1680.42 real, 1350 MB
[runlim] sample:		1689.72 time, 1690.42 real, 1355 MB
[runlim] sample:		1699.73 time, 1700.42 real, 1360 MB
[runlim] sample:		1709.73 time, 1710.42 real, 1366 MB
[runlim] sample:		1719.73 time, 1720.42 real, 1372 MB
[runlim] sample:		1729.73 time, 1730.42 real, 1377 MB
[runlim] sample:		1739.73 time, 1740.42 real, 1384 MB
[runlim] sample:		1749.73 time, 1750.42 real, 1392 MB
[runlim] sample:		1759.72 time, 1760.42 real, 1397 MB
[runlim] sample:		1769.73 time, 1770.42 real, 1403 MB
[runlim] sample:		1779.72 time, 1780.42 real, 1409 MB
[runlim] sample:		1789.72 time, 1790.42 real, 1416 MB
[runlim] sample:		1799.73 time, 1800.42 real, 1423 MB
[runlim] sample:		1809.73 time, 1810.42 real, 1429 MB
[runlim] sample:		1819.73 time, 1820.42 real, 1408 MB
[runlim] sample:		1829.72 time, 1830.42 real, 1415 MB
[runlim] sample:		1839.73 time, 1840.42 real, 1421 MB
[runlim] sample:		1849.72 time, 1850.42 real, 1429 MB
[runlim] sample:		1859.72 time, 1860.42 real, 1436 MB
[runlim] sample:		1869.73 time, 1870.42 real, 1443 MB
[runlim] sample:		1879.72 time, 1880.42 real, 1449 MB
[runlim] sample:		1889.72 time, 1890.42 real, 1455 MB
[runlim] sample:		1899.72 time, 1900.42 real, 1461 MB
[runlim] sample:		1909.73 time, 1910.42 real, 1468 MB
[runlim] sample:		1919.72 time, 1920.42 real, 1474 MB
[runlim] sample:		1929.72 time, 1930.42 real, 1481 MB
[runlim] sample:		1939.73 time, 1940.42 real, 1486 MB
[runlim] sample:		1949.72 time, 1950.42 real, 1495 MB
[runlim] sample:		1959.72 time, 1960.42 real, 1503 MB
[runlim] sample:		1969.72 time, 1970.42 real, 1510 MB
[runlim] sample:		1979.73 time, 1980.42 real, 1516 MB
[runlim] sample:		1989.72 time, 1990.42 real, 1524 MB
[runlim] sample:		1999.73 time, 2000.42 real, 1532 MB
[runlim] sample:		2009.72 time, 2010.42 real, 1539 MB
[runlim] sample:		2019.72 time, 2020.42 real, 1546 MB
[runlim] sample:		2029.72 time, 2030.42 real, 1554 MB
[runlim] sample:		2039.72 time, 2040.42 real, 1562 MB
[runlim] sample:		2049.72 time, 2050.42 real, 1568 MB
[runlim] sample:		2059.72 time, 2060.42 real, 1575 MB
[runlim] sample:		2069.72 time, 2070.42 real, 1581 MB
[runlim] sample:		2079.73 time, 2080.42 real, 1588 MB
[runlim] sample:		2089.73 time, 2090.42 real, 1596 MB
[runlim] sample:		2099.73 time, 2100.42 real, 1603 MB
[runlim] sample:		2109.73 time, 2110.42 real, 1609 MB
[runlim] sample:		2119.72 time, 2120.42 real, 1616 MB
[runlim] sample:		2129.72 time, 2130.42 real, 1621 MB
[runlim] sample:		2139.72 time, 2140.42 real, 1627 MB
[runlim] sample:		2149.72 time, 2150.42 real, 1634 MB
[runlim] sample:		2159.72 time, 2160.42 real, 1641 MB
[runlim] sample:		2169.72 time, 2170.42 real, 1648 MB
[runlim] sample:		2179.73 time, 2180.42 real, 1653 MB
[runlim] sample:		2189.73 time, 2190.42 real, 1664 MB
[runlim] sample:		2199.72 time, 2200.42 real, 1673 MB
[runlim] sample:		2209.72 time, 2210.42 real, 1681 MB
[runlim] sample:		2219.72 time, 2220.42 real, 1688 MB
[runlim] sample:		2229.72 time, 2230.42 real, 1694 MB
[runlim] sample:		2239.72 time, 2240.42 real, 1702 MB
[runlim] sample:		2249.72 time, 2250.42 real, 1708 MB
[runlim] sample:		2259.72 time, 2260.42 real, 1714 MB
[runlim] sample:		2269.72 time, 2270.42 real, 1720 MB
[runlim] sample:		2279.72 time, 2280.42 real, 1726 MB
[runlim] sample:		2289.72 time, 2290.42 real, 1732 MB
[runlim] sample:		2299.72 time, 2300.42 real, 1739 MB
[runlim] sample:		2309.72 time, 2310.42 real, 1744 MB
[runlim] sample:		2319.72 time, 2320.42 real, 1750 MB
[runlim] sample:		2329.72 time, 2330.42 real, 1756 MB
[runlim] sample:		2339.72 time, 2340.42 real, 1762 MB
[runlim] sample:		2349.72 time, 2350.42 real, 1768 MB
[runlim] sample:		2359.72 time, 2360.42 real, 1775 MB
[runlim] sample:		2369.72 time, 2370.42 real, 1782 MB
[runlim] sample:		2379.72 time, 2380.42 real, 1789 MB
[runlim] sample:		2389.72 time, 2390.42 real, 1796 MB
[runlim] sample:		2399.72 time, 2400.42 real, 1802 MB
[runlim] sample:		2409.72 time, 2410.42 real, 1809 MB
[runlim] sample:		2419.72 time, 2420.42 real, 1817 MB
[runlim] sample:		2429.71 time, 2430.42 real, 1823 MB
[runlim] sample:		2439.72 time, 2440.42 real, 1829 MB
[runlim] sample:		2449.72 time, 2450.42 real, 1836 MB
[runlim] sample:		2459.71 time, 2460.42 real, 1843 MB
[runlim] sample:		2469.72 time, 2470.42 real, 1850 MB
[runlim] sample:		2479.72 time, 2480.42 real, 1857 MB
[runlim] sample:		2489.71 time, 2490.42 real, 1864 MB
[runlim] sample:		2499.72 time, 2500.42 real, 1870 MB
[runlim] sample:		2509.72 time, 2510.42 real, 1878 MB
[runlim] sample:		2519.72 time, 2520.42 real, 1884 MB
[runlim] sample:		2529.72 time, 2530.42 real, 1889 MB
[runlim] sample:		2539.71 time, 2540.42 real, 1895 MB
[runlim] sample:		2549.72 time, 2550.42 real, 1901 MB
[runlim] sample:		2559.72 time, 2560.42 real, 1907 MB
[runlim] sample:		2569.72 time, 2570.42 real, 1912 MB
[runlim] sample:		2579.72 time, 2580.42 real, 1918 MB
[runlim] sample:		2589.72 time, 2590.42 real, 1924 MB
[runlim] sample:		2599.71 time, 2600.42 real, 1930 MB
[runlim] sample:		2609.71 time, 2610.42 real, 1936 MB
[runlim] sample:		2619.72 time, 2620.42 real, 1941 MB
[runlim] sample:		2629.71 time, 2630.42 real, 1946 MB
[runlim] sample:		2639.72 time, 2640.42 real, 1951 MB
[runlim] sample:		2649.72 time, 2650.42 real, 1956 MB
[runlim] sample:		2659.71 time, 2660.42 real, 1961 MB
[runlim] sample:		2669.72 time, 2670.42 real, 1850 MB
[runlim] sample:		2679.72 time, 2680.42 real, 1855 MB
[runlim] sample:		2689.72 time, 2690.42 real, 1860 MB
[runlim] end:			Sat Feb 29 08:03:40 2020
[runlim] status:		out of time
[runlim] result:		2
[runlim] children:		1
[runlim] real:			2700.14 seconds
[runlim] time:			2699.31 seconds
[runlim] space:			2390 MB
[runlim] samples:		26996
