[runlim] version:		1.18
[runlim] host:			c3n25
[runlim] time limit:		2700 seconds
[runlim] real time limit:	2700 seconds
[runlim] space limit:		7000 MB
[runlim] argv[0]:		./binary
[runlim] argv[1]:		/data/cnf/ankit/E1-A1-Red/hex_rand_6x6-20m-1.dqbf
[runlim] start:			Sat Feb 29 07:18:41 2020
[runlim] child:			19476
[runlim] sample:		9.81 time, 10.12 real, 35 MB
[runlim] sample:		19.82 time, 20.12 real, 47 MB
[runlim] sample:		29.81 time, 30.12 real, 61 MB
[runlim] sample:		39.81 time, 40.12 real, 72 MB
[runlim] sample:		49.81 time, 50.12 real, 82 MB
[runlim] sample:		59.81 time, 60.12 real, 92 MB
[runlim] sample:		69.81 time, 70.12 real, 103 MB
[runlim] sample:		79.79 time, 80.12 real, 113 MB
[runlim] sample:		89.77 time, 90.12 real, 122 MB
[runlim] sample:		99.97 time, 100.32 real, 131 MB
[runlim] sample:		109.96 time, 110.32 real, 140 MB
[runlim] sample:		119.96 time, 120.32 real, 147 MB
[runlim] sample:		129.97 time, 130.32 real, 153 MB
[runlim] sample:		139.96 time, 140.32 real, 158 MB
[runlim] sample:		149.96 time, 150.32 real, 166 MB
[runlim] sample:		159.96 time, 160.32 real, 175 MB
[runlim] sample:		169.96 time, 170.32 real, 184 MB
[runlim] sample:		179.96 time, 180.32 real, 194 MB
[runlim] sample:		189.96 time, 190.32 real, 203 MB
[runlim] sample:		199.96 time, 200.32 real, 214 MB
[runlim] sample:		209.97 time, 210.32 real, 223 MB
[runlim] sample:		219.96 time, 220.32 real, 232 MB
[runlim] sample:		229.97 time, 230.32 real, 241 MB
[runlim] sample:		239.96 time, 240.32 real, 251 MB
[runlim] sample:		249.96 time, 250.32 real, 259 MB
[runlim] sample:		259.96 time, 260.32 real, 269 MB
[runlim] sample:		269.96 time, 270.32 real, 278 MB
[runlim] sample:		279.96 time, 280.32 real, 286 MB
[runlim] sample:		289.96 time, 290.32 real, 295 MB
[runlim] sample:		299.96 time, 300.32 real, 304 MB
[runlim] sample:		309.96 time, 310.32 real, 312 MB
[runlim] sample:		319.96 time, 320.32 real, 321 MB
[runlim] sample:		329.96 time, 330.32 real, 329 MB
[runlim] sample:		339.96 time, 340.32 real, 340 MB
[runlim] sample:		349.96 time, 350.32 real, 347 MB
[runlim] sample:		359.96 time, 360.32 real, 355 MB
[runlim] sample:		369.96 time, 370.32 real, 363 MB
[runlim] sample:		379.96 time, 380.32 real, 370 MB
[runlim] sample:		389.96 time, 390.32 real, 379 MB
[runlim] sample:		399.96 time, 400.32 real, 386 MB
[runlim] sample:		409.96 time, 410.32 real, 393 MB
[runlim] sample:		419.96 time, 420.32 real, 422 MB
[runlim] sample:		429.96 time, 430.32 real, 430 MB
[runlim] sample:		439.96 time, 440.32 real, 437 MB
[runlim] sample:		449.95 time, 450.32 real, 443 MB
[runlim] sample:		459.96 time, 460.32 real, 449 MB
[runlim] sample:		469.96 time, 470.32 real, 456 MB
[runlim] sample:		479.95 time, 480.32 real, 462 MB
[runlim] sample:		489.96 time, 490.32 real, 468 MB
[runlim] sample:		499.96 time, 500.32 real, 475 MB
[runlim] sample:		509.95 time, 510.32 real, 481 MB
[runlim] sample:		519.96 time, 520.32 real, 487 MB
[runlim] sample:		529.96 time, 530.32 real, 493 MB
[runlim] sample:		539.96 time, 540.32 real, 498 MB
[runlim] sample:		549.96 time, 550.32 real, 504 MB
[runlim] sample:		559.96 time, 560.32 real, 510 MB
[runlim] sample:		569.95 time, 570.32 real, 515 MB
[runlim] sample:		579.95 time, 580.32 real, 521 MB
[runlim] sample:		589.96 time, 590.32 real, 527 MB
[runlim] sample:		599.96 time, 600.32 real, 533 MB
[runlim] sample:		609.96 time, 610.32 real, 538 MB
[runlim] sample:		619.96 time, 620.32 real, 544 MB
[runlim] sample:		629.95 time, 630.32 real, 550 MB
[runlim] sample:		639.95 time, 640.32 real, 555 MB
[runlim] sample:		649.96 time, 650.32 real, 561 MB
[runlim] sample:		659.96 time, 660.32 real, 567 MB
[runlim] sample:		669.95 time, 670.32 real, 573 MB
[runlim] sample:		679.96 time, 680.32 real, 578 MB
[runlim] sample:		689.95 time, 690.32 real, 584 MB
[runlim] sample:		699.96 time, 700.32 real, 589 MB
[runlim] sample:		709.95 time, 710.32 real, 595 MB
[runlim] sample:		719.96 time, 720.32 real, 601 MB
[runlim] sample:		729.95 time, 730.32 real, 606 MB
[runlim] sample:		739.96 time, 740.32 real, 611 MB
[runlim] sample:		749.95 time, 750.32 real, 616 MB
[runlim] sample:		759.95 time, 760.32 real, 621 MB
[runlim] sample:		769.95 time, 770.32 real, 626 MB
[runlim] sample:		779.96 time, 780.32 real, 632 MB
[runlim] sample:		789.96 time, 790.32 real, 638 MB
[runlim] sample:		799.95 time, 800.32 real, 643 MB
[runlim] sample:		809.96 time, 810.32 real, 649 MB
[runlim] sample:		819.95 time, 820.32 real, 654 MB
[runlim] sample:		829.96 time, 830.32 real, 661 MB
[runlim] sample:		839.95 time, 840.32 real, 666 MB
[runlim] sample:		849.95 time, 850.32 real, 674 MB
[runlim] sample:		859.95 time, 860.32 real, 680 MB
[runlim] sample:		869.95 time, 870.32 real, 686 MB
[runlim] sample:		879.96 time, 880.32 real, 691 MB
[runlim] sample:		889.95 time, 890.32 real, 696 MB
[runlim] sample:		899.95 time, 900.32 real, 701 MB
[runlim] sample:		909.96 time, 910.32 real, 706 MB
[runlim] sample:		919.96 time, 920.32 real, 710 MB
[runlim] sample:		929.96 time, 930.32 real, 715 MB
[runlim] sample:		939.96 time, 940.32 real, 719 MB
[runlim] sample:		949.96 time, 950.32 real, 724 MB
[runlim] sample:		959.95 time, 960.32 real, 728 MB
[runlim] sample:		969.95 time, 970.32 real, 733 MB
[runlim] sample:		979.95 time, 980.32 real, 737 MB
[runlim] sample:		989.95 time, 990.32 real, 700 MB
[runlim] sample:		999.95 time, 1000.32 real, 705 MB
[runlim] sample:		1009.95 time, 1010.32 real, 710 MB
[runlim] sample:		1019.96 time, 1020.32 real, 716 MB
[runlim] sample:		1029.95 time, 1030.32 real, 721 MB
[runlim] sample:		1039.96 time, 1040.32 real, 725 MB
[runlim] sample:		1049.95 time, 1050.32 real, 730 MB
[runlim] sample:		1059.96 time, 1060.32 real, 736 MB
[runlim] sample:		1069.95 time, 1070.32 real, 740 MB
[runlim] sample:		1079.95 time, 1080.32 real, 745 MB
[runlim] sample:		1089.95 time, 1090.32 real, 750 MB
[runlim] sample:		1099.95 time, 1100.32 real, 754 MB
[runlim] sample:		1109.95 time, 1110.32 real, 758 MB
[runlim] sample:		1119.95 time, 1120.32 real, 762 MB
[runlim] sample:		1129.95 time, 1130.32 real, 767 MB
[runlim] sample:		1139.95 time, 1140.32 real, 772 MB
[runlim] sample:		1149.95 time, 1150.32 real, 776 MB
[runlim] sample:		1159.95 time, 1160.32 real, 781 MB
[runlim] sample:		1169.95 time, 1170.32 real, 785 MB
[runlim] sample:		1179.95 time, 1180.32 real, 789 MB
[runlim] sample:		1189.95 time, 1190.32 real, 794 MB
[runlim] sample:		1199.95 time, 1200.32 real, 799 MB
[runlim] sample:		1209.95 time, 1210.32 real, 806 MB
[runlim] sample:		1219.95 time, 1220.32 real, 812 MB
[runlim] sample:		1229.95 time, 1230.32 real, 817 MB
[runlim] sample:		1239.95 time, 1240.32 real, 822 MB
[runlim] sample:		1249.95 time, 1250.32 real, 827 MB
[runlim] sample:		1259.95 time, 1260.32 real, 833 MB
[runlim] sample:		1269.95 time, 1270.32 real, 837 MB
[runlim] sample:		1279.95 time, 1280.32 real, 841 MB
[runlim] sample:		1289.95 time, 1290.32 real, 846 MB
[runlim] sample:		1299.95 time, 1300.32 real, 850 MB
[runlim] sample:		1309.95 time, 1310.32 real, 856 MB
[runlim] sample:		1319.95 time, 1320.32 real, 860 MB
[runlim] sample:		1329.95 time, 1330.32 real, 865 MB
[runlim] sample:		1339.94 time, 1340.32 real, 870 MB
[runlim] sample:		1349.94 time, 1350.32 real, 875 MB
[runlim] sample:		1359.95 time, 1360.32 real, 879 MB
[runlim] sample:		1369.95 time, 1370.32 real, 884 MB
[runlim] sample:		1379.95 time, 1380.32 real, 889 MB
[runlim] sample:		1389.95 time, 1390.32 real, 894 MB
[runlim] sample:		1399.95 time, 1400.32 real, 899 MB
[runlim] sample:		1409.94 time, 1410.32 real, 904 MB
[runlim] sample:		1419.95 time, 1420.32 real, 908 MB
[runlim] sample:		1429.95 time, 1430.32 real, 914 MB
[runlim] sample:		1439.95 time, 1440.32 real, 918 MB
[runlim] sample:		1449.94 time, 1450.32 real, 924 MB
[runlim] sample:		1459.95 time, 1460.32 real, 929 MB
[runlim] sample:		1469.95 time, 1470.32 real, 933 MB
[runlim] sample:		1479.94 time, 1480.32 real, 939 MB
[runlim] sample:		1489.95 time, 1490.32 real, 944 MB
[runlim] sample:		1499.95 time, 1500.32 real, 948 MB
[runlim] sample:		1509.94 time, 1510.32 real, 955 MB
[runlim] sample:		1519.95 time, 1520.32 real, 963 MB
[runlim] sample:		1529.95 time, 1530.32 real, 969 MB
[runlim] sample:		1539.95 time, 1540.32 real, 974 MB
[runlim] sample:		1549.95 time, 1550.32 real, 978 MB
[runlim] sample:		1559.94 time, 1560.32 real, 983 MB
[runlim] sample:		1569.95 time, 1570.32 real, 989 MB
[runlim] sample:		1579.95 time, 1580.32 real, 993 MB
[runlim] sample:		1589.95 time, 1590.32 real, 1000 MB
[runlim] sample:		1599.94 time, 1600.32 real, 1005 MB
[runlim] sample:		1609.95 time, 1610.32 real, 1009 MB
[runlim] sample:		1619.95 time, 1620.32 real, 1014 MB
[runlim] sample:		1629.95 time, 1630.32 real, 1018 MB
[runlim] sample:		1639.95 time, 1640.32 real, 1023 MB
[runlim] sample:		1649.95 time, 1650.32 real, 1029 MB
[runlim] sample:		1659.95 time, 1660.32 real, 1034 MB
[runlim] sample:		1669.94 time, 1670.32 real, 1039 MB
[runlim] sample:		1679.95 time, 1680.32 real, 1044 MB
[runlim] sample:		1689.94 time, 1690.32 real, 1049 MB
[runlim] sample:		1699.95 time, 1700.32 real, 1054 MB
[runlim] sample:		1709.95 time, 1710.32 real, 1059 MB
[runlim] sample:		1719.94 time, 1720.32 real, 1064 MB
[runlim] sample:		1729.94 time, 1730.32 real, 1069 MB
[runlim] sample:		1739.95 time, 1740.32 real, 1074 MB
[runlim] sample:		1749.94 time, 1750.32 real, 1079 MB
[runlim] sample:		1759.94 time, 1760.32 real, 1084 MB
[runlim] sample:		1769.94 time, 1770.32 real, 1088 MB
[runlim] sample:		1779.94 time, 1780.32 real, 1093 MB
[runlim] sample:		1789.94 time, 1790.32 real, 1098 MB
[runlim] sample:		1799.95 time, 1800.32 real, 1103 MB
[runlim] sample:		1809.94 time, 1810.32 real, 1108 MB
[runlim] sample:		1819.95 time, 1820.32 real, 1114 MB
[runlim] sample:		1829.94 time, 1830.32 real, 1119 MB
[runlim] sample:		1839.94 time, 1840.32 real, 1125 MB
[runlim] sample:		1849.94 time, 1850.32 real, 1129 MB
[runlim] sample:		1859.94 time, 1860.32 real, 1134 MB
[runlim] sample:		1869.94 time, 1870.32 real, 1138 MB
[runlim] sample:		1879.94 time, 1880.32 real, 1143 MB
[runlim] sample:		1889.94 time, 1890.32 real, 1147 MB
[runlim] sample:		1899.94 time, 1900.32 real, 1151 MB
[runlim] sample:		1909.94 time, 1910.32 real, 1160 MB
[runlim] sample:		1919.95 time, 1920.32 real, 1164 MB
[runlim] sample:		1929.94 time, 1930.32 real, 1169 MB
[runlim] sample:		1939.94 time, 1940.32 real, 1174 MB
[runlim] sample:		1949.94 time, 1950.32 real, 1178 MB
[runlim] sample:		1959.94 time, 1960.32 real, 1183 MB
[runlim] sample:		1969.95 time, 1970.32 real, 1188 MB
[runlim] sample:		1979.94 time, 1980.32 real, 1193 MB
[runlim] sample:		1989.95 time, 1990.32 real, 1198 MB
[runlim] sample:		1999.94 time, 2000.32 real, 1201 MB
[runlim] sample:		2009.94 time, 2010.32 real, 1205 MB
[runlim] sample:		2019.94 time, 2020.32 real, 1208 MB
[runlim] sample:		2029.94 time, 2030.32 real, 1212 MB
[runlim] sample:		2039.95 time, 2040.32 real, 1216 MB
[runlim] sample:		2049.94 time, 2050.32 real, 1220 MB
[runlim] sample:		2059.94 time, 2060.32 real, 1224 MB
[runlim] sample:		2069.94 time, 2070.32 real, 1229 MB
[runlim] sample:		2079.94 time, 2080.32 real, 1234 MB
[runlim] sample:		2089.94 time, 2090.32 real, 1238 MB
[runlim] sample:		2099.94 time, 2100.32 real, 1242 MB
[runlim] sample:		2109.94 time, 2110.32 real, 1247 MB
[runlim] sample:		2119.94 time, 2120.32 real, 1252 MB
[runlim] sample:		2129.94 time, 2130.32 real, 1256 MB
[runlim] sample:		2139.94 time, 2140.32 real, 1261 MB
[runlim] sample:		2149.94 time, 2150.32 real, 1265 MB
[runlim] sample:		2159.94 time, 2160.32 real, 1271 MB
[runlim] sample:		2169.94 time, 2170.32 real, 1276 MB
[runlim] sample:		2179.94 time, 2180.32 real, 1280 MB
[runlim] sample:		2189.94 time, 2190.32 real, 1286 MB
[runlim] sample:		2199.93 time, 2200.32 real, 1290 MB
[runlim] sample:		2209.94 time, 2210.32 real, 1294 MB
[runlim] sample:		2219.93 time, 2220.32 real, 1299 MB
[runlim] sample:		2229.94 time, 2230.32 real, 1303 MB
[runlim] sample:		2239.93 time, 2240.32 real, 1308 MB
[runlim] sample:		2249.94 time, 2250.32 real, 1312 MB
[runlim] sample:		2259.93 time, 2260.32 real, 1317 MB
[runlim] sample:		2269.94 time, 2270.32 real, 1320 MB
[runlim] sample:		2279.94 time, 2280.32 real, 1326 MB
[runlim] sample:		2289.93 time, 2290.32 real, 1334 MB
[runlim] sample:		2299.94 time, 2300.32 real, 1338 MB
[runlim] sample:		2309.94 time, 2310.32 real, 1343 MB
[runlim] sample:		2319.94 time, 2320.32 real, 1347 MB
[runlim] sample:		2329.94 time, 2330.32 real, 1352 MB
[runlim] sample:		2339.94 time, 2340.32 real, 1357 MB
[runlim] sample:		2349.94 time, 2350.32 real, 1362 MB
[runlim] sample:		2359.93 time, 2360.32 real, 1366 MB
[runlim] sample:		2369.94 time, 2370.32 real, 1370 MB
[runlim] sample:		2379.94 time, 2380.32 real, 1374 MB
[runlim] sample:		2389.93 time, 2390.32 real, 1379 MB
[runlim] sample:		2399.94 time, 2400.32 real, 1386 MB
[runlim] sample:		2409.94 time, 2410.32 real, 1392 MB
[runlim] sample:		2419.94 time, 2420.32 real, 1397 MB
[runlim] sample:		2429.93 time, 2430.32 real, 1402 MB
[runlim] sample:		2439.93 time, 2440.32 real, 1408 MB
[runlim] sample:		2449.93 time, 2450.32 real, 1413 MB
[runlim] sample:		2459.93 time, 2460.32 real, 1418 MB
[runlim] sample:		2469.93 time, 2470.32 real, 1422 MB
[runlim] sample:		2479.93 time, 2480.32 real, 1426 MB
[runlim] sample:		2489.93 time, 2490.32 real, 1430 MB
[runlim] sample:		2499.93 time, 2500.32 real, 1434 MB
[runlim] sample:		2509.93 time, 2510.32 real, 1439 MB
[runlim] sample:		2519.93 time, 2520.32 real, 1444 MB
[runlim] sample:		2529.93 time, 2530.32 real, 1448 MB
[runlim] sample:		2539.93 time, 2540.32 real, 1452 MB
[runlim] sample:		2549.94 time, 2550.32 real, 1455 MB
[runlim] sample:		2559.93 time, 2560.32 real, 1458 MB
[runlim] sample:		2569.93 time, 2570.32 real, 1462 MB
[runlim] sample:		2579.93 time, 2580.32 real, 1465 MB
[runlim] sample:		2589.93 time, 2590.32 real, 1469 MB
[runlim] sample:		2599.93 time, 2600.32 real, 1473 MB
[runlim] sample:		2609.93 time, 2610.32 real, 1477 MB
[runlim] sample:		2619.93 time, 2620.32 real, 1481 MB
[runlim] sample:		2629.94 time, 2630.32 real, 1485 MB
[runlim] sample:		2639.93 time, 2640.32 real, 1490 MB
[runlim] sample:		2649.93 time, 2650.32 real, 1493 MB
[runlim] sample:		2659.93 time, 2660.32 real, 1498 MB
[runlim] sample:		2669.93 time, 2670.32 real, 1502 MB
[runlim] sample:		2679.93 time, 2680.32 real, 1505 MB
[runlim] sample:		2689.93 time, 2690.32 real, 1509 MB
[runlim] end:			Sat Feb 29 08:03:41 2020
[runlim] status:		out of time
[runlim] result:		2
[runlim] children:		1
[runlim] real:			2700.13 seconds
[runlim] time:			2699.63 seconds
[runlim] space:			1512 MB
[runlim] samples:		26997
