[runlim] version:		1.18
[runlim] host:			c3n25
[runlim] time limit:		2700 seconds
[runlim] real time limit:	2700 seconds
[runlim] space limit:		7000 MB
[runlim] argv[0]:		./binary
[runlim] argv[1]:		/data/cnf/ankit/E1-A1-Red/kenflashp02.R
[runlim] start:			Sat Feb 29 07:18:41 2020
[runlim] child:			19508
[runlim] sample:		9.89 time, 10.12 real, 30 MB
[runlim] sample:		19.90 time, 20.12 real, 45 MB
[runlim] sample:		29.90 time, 30.12 real, 59 MB
[runlim] sample:		39.90 time, 40.12 real, 59 MB
[runlim] sample:		49.90 time, 50.12 real, 69 MB
[runlim] sample:		59.90 time, 60.12 real, 79 MB
[runlim] sample:		69.90 time, 70.12 real, 89 MB
[runlim] sample:		79.90 time, 80.12 real, 99 MB
[runlim] sample:		89.90 time, 90.12 real, 107 MB
[runlim] sample:		100.10 time, 100.32 real, 115 MB
[runlim] sample:		110.10 time, 110.32 real, 122 MB
[runlim] sample:		120.10 time, 120.32 real, 129 MB
[runlim] sample:		130.10 time, 130.32 real, 137 MB
[runlim] sample:		140.10 time, 140.32 real, 144 MB
[runlim] sample:		150.10 time, 150.32 real, 151 MB
[runlim] sample:		160.10 time, 160.32 real, 157 MB
[runlim] sample:		170.10 time, 170.32 real, 163 MB
[runlim] sample:		180.10 time, 180.32 real, 170 MB
[runlim] sample:		190.10 time, 190.32 real, 175 MB
[runlim] sample:		200.10 time, 200.32 real, 181 MB
[runlim] sample:		210.10 time, 210.32 real, 188 MB
[runlim] sample:		220.10 time, 220.32 real, 193 MB
[runlim] sample:		230.09 time, 230.32 real, 199 MB
[runlim] sample:		240.10 time, 240.32 real, 204 MB
[runlim] sample:		250.19 time, 250.40 real, 209 MB
[runlim] sample:		260.10 time, 260.32 real, 174 MB
[runlim] sample:		270.09 time, 270.32 real, 180 MB
[runlim] sample:		280.10 time, 280.32 real, 185 MB
[runlim] sample:		290.10 time, 290.32 real, 191 MB
[runlim] sample:		300.10 time, 300.32 real, 195 MB
[runlim] sample:		310.10 time, 310.32 real, 199 MB
[runlim] sample:		320.10 time, 320.32 real, 204 MB
[runlim] sample:		330.10 time, 330.32 real, 210 MB
[runlim] sample:		340.10 time, 340.32 real, 215 MB
[runlim] sample:		350.10 time, 350.32 real, 218 MB
[runlim] sample:		360.09 time, 360.32 real, 223 MB
[runlim] sample:		370.09 time, 370.32 real, 228 MB
[runlim] sample:		380.09 time, 380.32 real, 234 MB
[runlim] sample:		390.09 time, 390.32 real, 237 MB
[runlim] sample:		400.10 time, 400.32 real, 241 MB
[runlim] sample:		410.10 time, 410.32 real, 246 MB
[runlim] sample:		420.10 time, 420.32 real, 249 MB
[runlim] sample:		430.10 time, 430.32 real, 252 MB
[runlim] sample:		440.10 time, 440.32 real, 257 MB
[runlim] sample:		450.10 time, 450.32 real, 260 MB
[runlim] sample:		460.10 time, 460.32 real, 264 MB
[runlim] sample:		470.10 time, 470.32 real, 269 MB
[runlim] sample:		480.10 time, 480.32 real, 272 MB
[runlim] sample:		490.10 time, 490.32 real, 276 MB
[runlim] sample:		500.10 time, 500.32 real, 281 MB
[runlim] sample:		510.10 time, 510.32 real, 285 MB
[runlim] sample:		520.09 time, 520.32 real, 288 MB
[runlim] sample:		530.10 time, 530.32 real, 291 MB
[runlim] sample:		540.09 time, 540.32 real, 296 MB
[runlim] sample:		550.09 time, 550.32 real, 299 MB
[runlim] sample:		560.09 time, 560.32 real, 302 MB
[runlim] sample:		570.10 time, 570.32 real, 304 MB
[runlim] sample:		580.09 time, 580.32 real, 307 MB
[runlim] sample:		590.10 time, 590.32 real, 310 MB
[runlim] sample:		600.09 time, 600.32 real, 313 MB
[runlim] sample:		610.10 time, 610.32 real, 316 MB
[runlim] sample:		620.10 time, 620.32 real, 319 MB
[runlim] sample:		630.09 time, 630.32 real, 323 MB
[runlim] sample:		640.10 time, 640.32 real, 325 MB
[runlim] sample:		650.09 time, 650.32 real, 327 MB
[runlim] sample:		660.10 time, 660.32 real, 330 MB
[runlim] sample:		670.09 time, 670.32 real, 332 MB
[runlim] sample:		680.10 time, 680.32 real, 334 MB
[runlim] sample:		690.10 time, 690.32 real, 337 MB
[runlim] sample:		700.10 time, 700.32 real, 340 MB
[runlim] sample:		710.09 time, 710.32 real, 343 MB
[runlim] sample:		720.10 time, 720.32 real, 345 MB
[runlim] sample:		730.10 time, 730.32 real, 348 MB
[runlim] sample:		740.09 time, 740.32 real, 353 MB
[runlim] sample:		750.09 time, 750.32 real, 355 MB
[runlim] sample:		760.09 time, 760.32 real, 358 MB
[runlim] sample:		770.10 time, 770.32 real, 362 MB
[runlim] sample:		780.09 time, 780.32 real, 366 MB
[runlim] sample:		790.09 time, 790.32 real, 368 MB
[runlim] sample:		800.09 time, 800.32 real, 371 MB
[runlim] sample:		810.10 time, 810.32 real, 373 MB
[runlim] sample:		820.09 time, 820.32 real, 376 MB
[runlim] sample:		830.09 time, 830.32 real, 380 MB
[runlim] sample:		840.10 time, 840.32 real, 382 MB
[runlim] sample:		850.10 time, 850.32 real, 385 MB
[runlim] sample:		860.10 time, 860.32 real, 387 MB
[runlim] sample:		870.10 time, 870.32 real, 390 MB
[runlim] sample:		880.09 time, 880.32 real, 392 MB
[runlim] sample:		890.10 time, 890.32 real, 396 MB
[runlim] sample:		900.09 time, 900.32 real, 399 MB
[runlim] sample:		910.10 time, 910.32 real, 401 MB
[runlim] sample:		920.09 time, 920.32 real, 404 MB
[runlim] sample:		930.10 time, 930.32 real, 406 MB
[runlim] sample:		940.10 time, 940.32 real, 409 MB
[runlim] sample:		950.09 time, 950.32 real, 413 MB
[runlim] sample:		960.10 time, 960.32 real, 415 MB
[runlim] sample:		970.09 time, 970.32 real, 418 MB
[runlim] sample:		980.09 time, 980.32 real, 419 MB
[runlim] sample:		990.09 time, 990.32 real, 421 MB
[runlim] sample:		1000.09 time, 1000.32 real, 424 MB
[runlim] sample:		1010.09 time, 1010.32 real, 426 MB
[runlim] sample:		1020.09 time, 1020.32 real, 428 MB
[runlim] sample:		1030.09 time, 1030.32 real, 431 MB
[runlim] sample:		1040.09 time, 1040.32 real, 434 MB
[runlim] sample:		1050.09 time, 1050.32 real, 437 MB
[runlim] sample:		1060.09 time, 1060.32 real, 440 MB
[runlim] sample:		1070.09 time, 1070.32 real, 442 MB
[runlim] sample:		1080.09 time, 1080.32 real, 443 MB
[runlim] sample:		1090.09 time, 1090.32 real, 445 MB
[runlim] sample:		1100.09 time, 1100.32 real, 447 MB
[runlim] sample:		1110.09 time, 1110.32 real, 449 MB
[runlim] sample:		1120.10 time, 1120.32 real, 452 MB
[runlim] sample:		1130.09 time, 1130.32 real, 454 MB
[runlim] sample:		1140.09 time, 1140.32 real, 457 MB
[runlim] sample:		1150.09 time, 1150.32 real, 459 MB
[runlim] sample:		1160.09 time, 1160.32 real, 461 MB
[runlim] sample:		1170.09 time, 1170.32 real, 463 MB
[runlim] sample:		1180.09 time, 1180.32 real, 465 MB
[runlim] sample:		1190.09 time, 1190.32 real, 467 MB
[runlim] sample:		1200.09 time, 1200.32 real, 472 MB
[runlim] sample:		1210.09 time, 1210.32 real, 473 MB
[runlim] sample:		1220.10 time, 1220.32 real, 476 MB
[runlim] sample:		1230.09 time, 1230.32 real, 478 MB
[runlim] sample:		1240.09 time, 1240.32 real, 480 MB
[runlim] sample:		1250.09 time, 1250.32 real, 483 MB
[runlim] sample:		1260.09 time, 1260.32 real, 486 MB
[runlim] sample:		1270.09 time, 1270.32 real, 488 MB
[runlim] sample:		1280.09 time, 1280.32 real, 490 MB
[runlim] sample:		1290.09 time, 1290.32 real, 492 MB
[runlim] sample:		1300.09 time, 1300.32 real, 495 MB
[runlim] sample:		1310.10 time, 1310.32 real, 498 MB
[runlim] sample:		1320.10 time, 1320.32 real, 499 MB
[runlim] sample:		1330.09 time, 1330.32 real, 503 MB
[runlim] sample:		1340.09 time, 1340.32 real, 505 MB
[runlim] sample:		1350.09 time, 1350.32 real, 506 MB
[runlim] sample:		1360.09 time, 1360.32 real, 508 MB
[runlim] sample:		1370.09 time, 1370.32 real, 510 MB
[runlim] sample:		1380.09 time, 1380.32 real, 512 MB
[runlim] sample:		1390.09 time, 1390.32 real, 514 MB
[runlim] sample:		1400.09 time, 1400.32 real, 516 MB
[runlim] sample:		1410.09 time, 1410.32 real, 518 MB
[runlim] sample:		1420.09 time, 1420.32 real, 520 MB
[runlim] sample:		1430.09 time, 1430.32 real, 523 MB
[runlim] sample:		1440.09 time, 1440.32 real, 524 MB
[runlim] sample:		1450.09 time, 1450.32 real, 527 MB
[runlim] sample:		1460.09 time, 1460.32 real, 528 MB
[runlim] sample:		1470.09 time, 1470.32 real, 530 MB
[runlim] sample:		1480.09 time, 1480.32 real, 531 MB
[runlim] sample:		1490.09 time, 1490.32 real, 533 MB
[runlim] sample:		1500.09 time, 1500.32 real, 534 MB
[runlim] sample:		1510.09 time, 1510.32 real, 536 MB
[runlim] sample:		1520.09 time, 1520.32 real, 538 MB
[runlim] sample:		1530.09 time, 1530.32 real, 543 MB
[runlim] sample:		1540.09 time, 1540.32 real, 545 MB
[runlim] sample:		1550.09 time, 1550.32 real, 547 MB
[runlim] sample:		1560.09 time, 1560.32 real, 548 MB
[runlim] sample:		1570.09 time, 1570.32 real, 550 MB
[runlim] sample:		1580.09 time, 1580.32 real, 552 MB
[runlim] sample:		1590.09 time, 1590.32 real, 554 MB
[runlim] sample:		1600.09 time, 1600.32 real, 556 MB
[runlim] sample:		1610.09 time, 1610.32 real, 557 MB
[runlim] sample:		1620.09 time, 1620.32 real, 559 MB
[runlim] sample:		1630.09 time, 1630.32 real, 561 MB
[runlim] sample:		1640.09 time, 1640.32 real, 563 MB
[runlim] sample:		1650.09 time, 1650.32 real, 564 MB
[runlim] sample:		1660.09 time, 1660.32 real, 565 MB
[runlim] sample:		1670.09 time, 1670.32 real, 567 MB
[runlim] sample:		1680.09 time, 1680.32 real, 570 MB
[runlim] sample:		1690.09 time, 1690.32 real, 572 MB
[runlim] sample:		1700.09 time, 1700.32 real, 573 MB
[runlim] sample:		1710.09 time, 1710.32 real, 574 MB
[runlim] sample:		1720.09 time, 1720.32 real, 576 MB
[runlim] sample:		1730.09 time, 1730.32 real, 577 MB
[runlim] sample:		1740.09 time, 1740.32 real, 580 MB
[runlim] sample:		1750.09 time, 1750.32 real, 581 MB
[runlim] sample:		1760.09 time, 1760.32 real, 582 MB
[runlim] sample:		1770.09 time, 1770.32 real, 584 MB
[runlim] sample:		1780.09 time, 1780.32 real, 586 MB
[runlim] sample:		1790.09 time, 1790.32 real, 587 MB
[runlim] sample:		1800.08 time, 1800.32 real, 589 MB
[runlim] sample:		1810.08 time, 1810.32 real, 590 MB
[runlim] sample:		1820.09 time, 1820.32 real, 591 MB
[runlim] sample:		1830.09 time, 1830.32 real, 593 MB
[runlim] sample:		1840.09 time, 1840.32 real, 594 MB
[runlim] sample:		1850.08 time, 1850.32 real, 597 MB
[runlim] sample:		1860.09 time, 1860.32 real, 598 MB
[runlim] sample:		1870.09 time, 1870.32 real, 600 MB
[runlim] sample:		1880.08 time, 1880.32 real, 602 MB
[runlim] sample:		1890.09 time, 1890.32 real, 603 MB
[runlim] sample:		1900.08 time, 1900.32 real, 604 MB
[runlim] sample:		1910.08 time, 1910.32 real, 606 MB
[runlim] sample:		1920.09 time, 1920.32 real, 607 MB
[runlim] sample:		1930.09 time, 1930.32 real, 610 MB
[runlim] sample:		1940.09 time, 1940.32 real, 612 MB
[runlim] sample:		1950.09 time, 1950.32 real, 496 MB
[runlim] sample:		1960.09 time, 1960.32 real, 499 MB
[runlim] sample:		1970.08 time, 1970.32 real, 501 MB
[runlim] sample:		1980.09 time, 1980.32 real, 502 MB
[runlim] sample:		1990.09 time, 1990.32 real, 504 MB
[runlim] sample:		2000.09 time, 2000.32 real, 505 MB
[runlim] sample:		2010.08 time, 2010.32 real, 507 MB
[runlim] sample:		2020.09 time, 2020.32 real, 509 MB
[runlim] sample:		2030.08 time, 2030.32 real, 511 MB
[runlim] sample:		2040.08 time, 2040.32 real, 514 MB
[runlim] sample:		2050.09 time, 2050.32 real, 517 MB
[runlim] sample:		2060.09 time, 2060.32 real, 522 MB
[runlim] sample:		2070.09 time, 2070.32 real, 523 MB
[runlim] sample:		2080.09 time, 2080.32 real, 525 MB
[runlim] sample:		2090.09 time, 2090.32 real, 527 MB
[runlim] sample:		2100.09 time, 2100.32 real, 528 MB
[runlim] sample:		2110.09 time, 2110.32 real, 529 MB
[runlim] sample:		2120.09 time, 2120.32 real, 533 MB
[runlim] sample:		2130.09 time, 2130.32 real, 534 MB
[runlim] sample:		2140.08 time, 2140.32 real, 535 MB
[runlim] sample:		2150.09 time, 2150.32 real, 537 MB
[runlim] sample:		2160.08 time, 2160.32 real, 539 MB
[runlim] sample:		2170.09 time, 2170.32 real, 540 MB
[runlim] sample:		2180.08 time, 2180.32 real, 541 MB
[runlim] sample:		2190.09 time, 2190.32 real, 543 MB
[runlim] sample:		2200.09 time, 2200.32 real, 544 MB
[runlim] sample:		2210.08 time, 2210.32 real, 546 MB
[runlim] sample:		2220.08 time, 2220.32 real, 549 MB
[runlim] sample:		2230.08 time, 2230.32 real, 553 MB
[runlim] sample:		2240.08 time, 2240.32 real, 556 MB
[runlim] sample:		2250.08 time, 2250.32 real, 557 MB
[runlim] sample:		2260.08 time, 2260.32 real, 558 MB
[runlim] sample:		2270.08 time, 2270.32 real, 559 MB
[runlim] sample:		2280.09 time, 2280.32 real, 560 MB
[runlim] sample:		2290.09 time, 2290.32 real, 562 MB
[runlim] sample:		2300.08 time, 2300.32 real, 563 MB
[runlim] sample:		2310.09 time, 2310.32 real, 565 MB
[runlim] sample:		2320.08 time, 2320.32 real, 566 MB
[runlim] sample:		2330.08 time, 2330.32 real, 567 MB
[runlim] sample:		2340.09 time, 2340.32 real, 568 MB
[runlim] sample:		2350.09 time, 2350.32 real, 569 MB
[runlim] sample:		2360.09 time, 2360.32 real, 571 MB
[runlim] sample:		2370.09 time, 2370.32 real, 573 MB
[runlim] sample:		2380.08 time, 2380.32 real, 574 MB
[runlim] sample:		2390.09 time, 2390.32 real, 576 MB
[runlim] sample:		2400.08 time, 2400.32 real, 578 MB
[runlim] sample:		2410.08 time, 2410.32 real, 579 MB
[runlim] sample:		2420.09 time, 2420.32 real, 580 MB
[runlim] sample:		2430.08 time, 2430.32 real, 581 MB
[runlim] sample:		2440.08 time, 2440.32 real, 583 MB
[runlim] sample:		2450.08 time, 2450.32 real, 585 MB
[runlim] sample:		2460.08 time, 2460.32 real, 588 MB
[runlim] sample:		2470.08 time, 2470.32 real, 590 MB
[runlim] sample:		2480.08 time, 2480.32 real, 592 MB
[runlim] sample:		2490.08 time, 2490.32 real, 593 MB
[runlim] sample:		2500.08 time, 2500.32 real, 595 MB
[runlim] sample:		2510.08 time, 2510.32 real, 596 MB
[runlim] sample:		2520.08 time, 2520.32 real, 597 MB
[runlim] sample:		2530.08 time, 2530.32 real, 598 MB
[runlim] sample:		2540.08 time, 2540.32 real, 599 MB
[runlim] sample:		2550.08 time, 2550.32 real, 601 MB
[runlim] sample:		2560.08 time, 2560.32 real, 603 MB
[runlim] sample:		2570.08 time, 2570.32 real, 604 MB
[runlim] sample:		2580.08 time, 2580.32 real, 606 MB
[runlim] sample:		2590.08 time, 2590.32 real, 607 MB
[runlim] sample:		2600.08 time, 2600.32 real, 610 MB
[runlim] sample:		2610.08 time, 2610.32 real, 611 MB
[runlim] sample:		2620.08 time, 2620.32 real, 612 MB
[runlim] sample:		2630.08 time, 2630.32 real, 613 MB
[runlim] sample:		2640.08 time, 2640.32 real, 616 MB
[runlim] sample:		2650.08 time, 2650.32 real, 618 MB
[runlim] sample:		2660.08 time, 2660.32 real, 619 MB
[runlim] sample:		2670.08 time, 2670.32 real, 620 MB
[runlim] sample:		2680.08 time, 2680.32 real, 621 MB
[runlim] sample:		2690.08 time, 2690.32 real, 623 MB
[runlim] end:			Sat Feb 29 08:03:41 2020
[runlim] status:		out of time
[runlim] result:		2
[runlim] children:		1
[runlim] real:			2700.11 seconds
[runlim] time:			2699.78 seconds
[runlim] space:			978 MB
[runlim] samples:		26997
