[runlim] version:		1.18
[runlim] host:			c3n25
[runlim] time limit:		2700 seconds
[runlim] real time limit:	2700 seconds
[runlim] space limit:		7000 MB
[runlim] argv[0]:		./binary
[runlim] argv[1]:		/data/cnf/ankit/E1-A1-Red/kenflashp04.R
[runlim] start:			Sat Feb 29 07:18:41 2020
[runlim] child:			19510
[runlim] sample:		10.05 time, 10.12 real, 36 MB
[runlim] sample:		20.05 time, 20.12 real, 56 MB
[runlim] sample:		30.05 time, 30.12 real, 74 MB
[runlim] sample:		40.05 time, 40.12 real, 94 MB
[runlim] sample:		50.05 time, 50.12 real, 110 MB
[runlim] sample:		60.05 time, 60.12 real, 123 MB
[runlim] sample:		70.05 time, 70.12 real, 138 MB
[runlim] sample:		80.05 time, 80.12 real, 152 MB
[runlim] sample:		90.05 time, 90.12 real, 161 MB
[runlim] sample:		100.25 time, 100.32 real, 174 MB
[runlim] sample:		110.25 time, 110.32 real, 186 MB
[runlim] sample:		120.24 time, 120.32 real, 197 MB
[runlim] sample:		130.25 time, 130.32 real, 210 MB
[runlim] sample:		140.25 time, 140.32 real, 220 MB
[runlim] sample:		150.24 time, 150.32 real, 233 MB
[runlim] sample:		160.25 time, 160.32 real, 244 MB
[runlim] sample:		170.25 time, 170.32 real, 255 MB
[runlim] sample:		180.25 time, 180.32 real, 267 MB
[runlim] sample:		190.24 time, 190.32 real, 278 MB
[runlim] sample:		200.25 time, 200.32 real, 289 MB
[runlim] sample:		210.25 time, 210.32 real, 296 MB
[runlim] sample:		220.25 time, 220.32 real, 306 MB
[runlim] sample:		230.25 time, 230.32 real, 315 MB
[runlim] sample:		240.25 time, 240.32 real, 324 MB
[runlim] sample:		250.32 time, 250.40 real, 332 MB
[runlim] sample:		260.24 time, 260.32 real, 341 MB
[runlim] sample:		270.25 time, 270.32 real, 347 MB
[runlim] sample:		280.24 time, 280.32 real, 355 MB
[runlim] sample:		290.25 time, 290.32 real, 361 MB
[runlim] sample:		300.25 time, 300.32 real, 368 MB
[runlim] sample:		310.25 time, 310.32 real, 375 MB
[runlim] sample:		320.25 time, 320.32 real, 384 MB
[runlim] sample:		330.25 time, 330.32 real, 389 MB
[runlim] sample:		340.25 time, 340.32 real, 395 MB
[runlim] sample:		350.25 time, 350.32 real, 402 MB
[runlim] sample:		360.25 time, 360.32 real, 407 MB
[runlim] sample:		370.24 time, 370.32 real, 415 MB
[runlim] sample:		380.24 time, 380.32 real, 422 MB
[runlim] sample:		390.25 time, 390.32 real, 428 MB
[runlim] sample:		400.25 time, 400.32 real, 434 MB
[runlim] sample:		410.25 time, 410.32 real, 440 MB
[runlim] sample:		420.25 time, 420.32 real, 448 MB
[runlim] sample:		430.25 time, 430.32 real, 351 MB
[runlim] sample:		440.25 time, 440.32 real, 358 MB
[runlim] sample:		450.24 time, 450.32 real, 363 MB
[runlim] sample:		460.24 time, 460.32 real, 369 MB
[runlim] sample:		470.25 time, 470.32 real, 374 MB
[runlim] sample:		480.24 time, 480.32 real, 380 MB
[runlim] sample:		490.24 time, 490.32 real, 387 MB
[runlim] sample:		500.24 time, 500.32 real, 392 MB
[runlim] sample:		510.24 time, 510.32 real, 400 MB
[runlim] sample:		520.25 time, 520.32 real, 407 MB
[runlim] sample:		530.24 time, 530.32 real, 413 MB
[runlim] sample:		540.24 time, 540.32 real, 420 MB
[runlim] sample:		550.25 time, 550.32 real, 427 MB
[runlim] sample:		560.25 time, 560.32 real, 433 MB
[runlim] sample:		570.25 time, 570.32 real, 441 MB
[runlim] sample:		580.24 time, 580.32 real, 447 MB
[runlim] sample:		590.24 time, 590.32 real, 451 MB
[runlim] sample:		600.24 time, 600.32 real, 457 MB
[runlim] sample:		610.25 time, 610.32 real, 463 MB
[runlim] sample:		620.25 time, 620.32 real, 470 MB
[runlim] sample:		630.25 time, 630.32 real, 475 MB
[runlim] sample:		640.25 time, 640.32 real, 479 MB
[runlim] sample:		650.24 time, 650.32 real, 486 MB
[runlim] sample:		660.24 time, 660.32 real, 491 MB
[runlim] sample:		670.24 time, 670.32 real, 499 MB
[runlim] sample:		680.25 time, 680.32 real, 504 MB
[runlim] sample:		690.24 time, 690.32 real, 511 MB
[runlim] sample:		700.24 time, 700.32 real, 518 MB
[runlim] sample:		710.24 time, 710.32 real, 522 MB
[runlim] sample:		720.24 time, 720.32 real, 526 MB
[runlim] sample:		730.24 time, 730.32 real, 531 MB
[runlim] sample:		740.24 time, 740.32 real, 535 MB
[runlim] sample:		750.25 time, 750.32 real, 540 MB
[runlim] sample:		760.24 time, 760.32 real, 545 MB
[runlim] sample:		770.24 time, 770.32 real, 549 MB
[runlim] sample:		780.25 time, 780.32 real, 554 MB
[runlim] sample:		790.24 time, 790.32 real, 558 MB
[runlim] sample:		800.24 time, 800.32 real, 565 MB
[runlim] sample:		810.24 time, 810.32 real, 569 MB
[runlim] sample:		820.24 time, 820.32 real, 574 MB
[runlim] sample:		830.25 time, 830.32 real, 578 MB
[runlim] sample:		840.24 time, 840.32 real, 582 MB
[runlim] sample:		850.25 time, 850.32 real, 586 MB
[runlim] sample:		860.24 time, 860.32 real, 590 MB
[runlim] sample:		870.24 time, 870.32 real, 597 MB
[runlim] sample:		880.24 time, 880.32 real, 602 MB
[runlim] sample:		890.24 time, 890.32 real, 606 MB
[runlim] sample:		900.24 time, 900.32 real, 611 MB
[runlim] sample:		910.24 time, 910.32 real, 616 MB
[runlim] sample:		920.25 time, 920.32 real, 621 MB
[runlim] sample:		930.24 time, 930.32 real, 625 MB
[runlim] sample:		940.24 time, 940.32 real, 630 MB
[runlim] sample:		950.24 time, 950.32 real, 636 MB
[runlim] sample:		960.24 time, 960.32 real, 640 MB
[runlim] sample:		970.24 time, 970.32 real, 644 MB
[runlim] sample:		980.25 time, 980.32 real, 647 MB
[runlim] sample:		990.24 time, 990.32 real, 652 MB
[runlim] sample:		1000.24 time, 1000.32 real, 659 MB
[runlim] sample:		1010.24 time, 1010.32 real, 662 MB
[runlim] sample:		1020.23 time, 1020.32 real, 665 MB
[runlim] sample:		1030.24 time, 1030.32 real, 669 MB
[runlim] sample:		1040.24 time, 1040.32 real, 674 MB
[runlim] sample:		1050.24 time, 1050.32 real, 679 MB
[runlim] sample:		1060.23 time, 1060.32 real, 682 MB
[runlim] sample:		1070.24 time, 1070.32 real, 686 MB
[runlim] sample:		1080.24 time, 1080.32 real, 690 MB
[runlim] sample:		1090.24 time, 1090.32 real, 693 MB
[runlim] sample:		1100.24 time, 1100.32 real, 696 MB
[runlim] sample:		1110.24 time, 1110.32 real, 699 MB
[runlim] sample:		1120.24 time, 1120.32 real, 704 MB
[runlim] sample:		1130.24 time, 1130.32 real, 708 MB
[runlim] sample:		1140.24 time, 1140.32 real, 713 MB
[runlim] sample:		1150.24 time, 1150.32 real, 721 MB
[runlim] sample:		1160.23 time, 1160.32 real, 727 MB
[runlim] sample:		1170.23 time, 1170.32 real, 732 MB
[runlim] sample:		1180.24 time, 1180.32 real, 735 MB
[runlim] sample:		1190.23 time, 1190.32 real, 737 MB
[runlim] sample:		1200.23 time, 1200.32 real, 741 MB
[runlim] sample:		1210.24 time, 1210.32 real, 746 MB
[runlim] sample:		1220.24 time, 1220.32 real, 748 MB
[runlim] sample:		1230.24 time, 1230.32 real, 751 MB
[runlim] sample:		1240.24 time, 1240.32 real, 753 MB
[runlim] sample:		1250.23 time, 1250.32 real, 756 MB
[runlim] sample:		1260.24 time, 1260.32 real, 759 MB
[runlim] sample:		1270.23 time, 1270.32 real, 762 MB
[runlim] sample:		1280.24 time, 1280.32 real, 765 MB
[runlim] sample:		1290.23 time, 1290.32 real, 769 MB
[runlim] sample:		1300.23 time, 1300.32 real, 772 MB
[runlim] sample:		1310.23 time, 1310.32 real, 775 MB
[runlim] sample:		1320.23 time, 1320.32 real, 780 MB
[runlim] sample:		1330.24 time, 1330.32 real, 783 MB
[runlim] sample:		1340.24 time, 1340.32 real, 786 MB
[runlim] sample:		1350.23 time, 1350.32 real, 789 MB
[runlim] sample:		1360.23 time, 1360.32 real, 794 MB
[runlim] sample:		1370.23 time, 1370.32 real, 797 MB
[runlim] sample:		1380.23 time, 1380.32 real, 801 MB
[runlim] sample:		1390.23 time, 1390.32 real, 805 MB
[runlim] sample:		1400.23 time, 1400.32 real, 809 MB
[runlim] sample:		1410.23 time, 1410.32 real, 815 MB
[runlim] sample:		1420.23 time, 1420.32 real, 818 MB
[runlim] sample:		1430.23 time, 1430.32 real, 821 MB
[runlim] sample:		1440.24 time, 1440.32 real, 824 MB
[runlim] sample:		1450.23 time, 1450.32 real, 827 MB
[runlim] sample:		1460.23 time, 1460.32 real, 830 MB
[runlim] sample:		1470.23 time, 1470.32 real, 832 MB
[runlim] sample:		1480.23 time, 1480.32 real, 834 MB
[runlim] sample:		1490.23 time, 1490.32 real, 837 MB
[runlim] sample:		1500.23 time, 1500.32 real, 841 MB
[runlim] sample:		1510.23 time, 1510.32 real, 844 MB
[runlim] sample:		1520.23 time, 1520.32 real, 848 MB
[runlim] sample:		1530.23 time, 1530.32 real, 851 MB
[runlim] sample:		1540.23 time, 1540.32 real, 854 MB
[runlim] sample:		1550.23 time, 1550.32 real, 858 MB
[runlim] sample:		1560.23 time, 1560.32 real, 862 MB
[runlim] sample:		1570.23 time, 1570.32 real, 865 MB
[runlim] sample:		1580.23 time, 1580.32 real, 868 MB
[runlim] sample:		1590.23 time, 1590.32 real, 875 MB
[runlim] sample:		1600.23 time, 1600.32 real, 878 MB
[runlim] sample:		1610.23 time, 1610.32 real, 880 MB
[runlim] sample:		1620.23 time, 1620.32 real, 883 MB
[runlim] sample:		1630.23 time, 1630.32 real, 887 MB
[runlim] sample:		1640.23 time, 1640.32 real, 891 MB
[runlim] sample:		1650.22 time, 1650.32 real, 894 MB
[runlim] sample:		1660.23 time, 1660.32 real, 897 MB
[runlim] sample:		1670.22 time, 1670.32 real, 899 MB
[runlim] sample:		1680.23 time, 1680.32 real, 902 MB
[runlim] sample:		1690.22 time, 1690.32 real, 905 MB
[runlim] sample:		1700.23 time, 1700.32 real, 910 MB
[runlim] sample:		1710.23 time, 1710.32 real, 914 MB
[runlim] sample:		1720.23 time, 1720.32 real, 917 MB
[runlim] sample:		1730.22 time, 1730.32 real, 924 MB
[runlim] sample:		1740.23 time, 1740.32 real, 929 MB
[runlim] sample:		1750.22 time, 1750.32 real, 934 MB
[runlim] sample:		1760.23 time, 1760.32 real, 937 MB
[runlim] sample:		1770.23 time, 1770.32 real, 940 MB
[runlim] sample:		1780.23 time, 1780.32 real, 944 MB
[runlim] sample:		1790.23 time, 1790.32 real, 946 MB
[runlim] sample:		1800.22 time, 1800.32 real, 949 MB
[runlim] sample:		1810.22 time, 1810.32 real, 952 MB
[runlim] sample:		1820.23 time, 1820.32 real, 956 MB
[runlim] sample:		1830.22 time, 1830.32 real, 960 MB
[runlim] sample:		1840.22 time, 1840.32 real, 963 MB
[runlim] sample:		1850.22 time, 1850.32 real, 965 MB
[runlim] sample:		1860.23 time, 1860.32 real, 968 MB
[runlim] sample:		1870.23 time, 1870.32 real, 971 MB
[runlim] sample:		1880.22 time, 1880.32 real, 974 MB
[runlim] sample:		1890.23 time, 1890.32 real, 976 MB
[runlim] sample:		1900.23 time, 1900.32 real, 980 MB
[runlim] sample:		1910.22 time, 1910.32 real, 983 MB
[runlim] sample:		1920.23 time, 1920.32 real, 986 MB
[runlim] sample:		1930.22 time, 1930.32 real, 990 MB
[runlim] sample:		1940.23 time, 1940.32 real, 993 MB
[runlim] sample:		1950.22 time, 1950.32 real, 996 MB
[runlim] sample:		1960.22 time, 1960.32 real, 998 MB
[runlim] sample:		1970.22 time, 1970.32 real, 1001 MB
[runlim] sample:		1980.23 time, 1980.32 real, 1005 MB
[runlim] sample:		1990.23 time, 1990.32 real, 1009 MB
[runlim] sample:		2000.22 time, 2000.32 real, 1013 MB
[runlim] sample:		2010.23 time, 2010.32 real, 1017 MB
[runlim] sample:		2020.23 time, 2020.32 real, 1020 MB
[runlim] sample:		2030.22 time, 2030.32 real, 1023 MB
[runlim] sample:		2040.22 time, 2040.32 real, 1025 MB
[runlim] sample:		2050.23 time, 2050.32 real, 1028 MB
[runlim] sample:		2060.22 time, 2060.32 real, 1030 MB
[runlim] sample:		2070.23 time, 2070.32 real, 1033 MB
[runlim] sample:		2080.23 time, 2080.32 real, 1036 MB
[runlim] sample:		2090.23 time, 2090.32 real, 1039 MB
[runlim] sample:		2100.22 time, 2100.32 real, 1042 MB
[runlim] sample:		2110.22 time, 2110.32 real, 1044 MB
[runlim] sample:		2120.22 time, 2120.32 real, 1048 MB
[runlim] sample:		2130.22 time, 2130.32 real, 1050 MB
[runlim] sample:		2140.22 time, 2140.32 real, 1052 MB
[runlim] sample:		2150.22 time, 2150.32 real, 1058 MB
[runlim] sample:		2160.22 time, 2160.32 real, 1063 MB
[runlim] sample:		2170.22 time, 2170.32 real, 1066 MB
[runlim] sample:		2180.22 time, 2180.32 real, 1070 MB
[runlim] sample:		2190.22 time, 2190.32 real, 1073 MB
[runlim] sample:		2200.22 time, 2200.32 real, 1076 MB
[runlim] sample:		2210.22 time, 2210.32 real, 1079 MB
[runlim] sample:		2220.22 time, 2220.32 real, 1082 MB
[runlim] sample:		2230.22 time, 2230.32 real, 1086 MB
[runlim] sample:		2240.22 time, 2240.32 real, 1088 MB
[runlim] sample:		2250.22 time, 2250.32 real, 1089 MB
[runlim] sample:		2260.22 time, 2260.32 real, 1092 MB
[runlim] sample:		2270.22 time, 2270.32 real, 1096 MB
[runlim] sample:		2280.22 time, 2280.32 real, 1099 MB
[runlim] sample:		2290.22 time, 2290.32 real, 1102 MB
[runlim] sample:		2300.22 time, 2300.32 real, 1105 MB
[runlim] sample:		2310.22 time, 2310.32 real, 1109 MB
[runlim] sample:		2320.22 time, 2320.32 real, 1112 MB
[runlim] sample:		2330.22 time, 2330.32 real, 1114 MB
[runlim] sample:		2340.22 time, 2340.32 real, 1117 MB
[runlim] sample:		2350.22 time, 2350.32 real, 1120 MB
[runlim] sample:		2360.22 time, 2360.32 real, 1123 MB
[runlim] sample:		2370.22 time, 2370.32 real, 1125 MB
[runlim] sample:		2380.22 time, 2380.32 real, 1128 MB
[runlim] sample:		2390.22 time, 2390.32 real, 1131 MB
[runlim] sample:		2400.22 time, 2400.32 real, 1134 MB
[runlim] sample:		2410.22 time, 2410.32 real, 1137 MB
[runlim] sample:		2420.21 time, 2420.32 real, 1140 MB
[runlim] sample:		2430.22 time, 2430.32 real, 1144 MB
[runlim] sample:		2440.22 time, 2440.32 real, 1148 MB
[runlim] sample:		2450.21 time, 2450.32 real, 1153 MB
[runlim] sample:		2460.22 time, 2460.32 real, 1156 MB
[runlim] sample:		2470.22 time, 2470.32 real, 1158 MB
[runlim] sample:		2480.22 time, 2480.32 real, 1160 MB
[runlim] sample:		2490.21 time, 2490.32 real, 1165 MB
[runlim] sample:		2500.22 time, 2500.32 real, 1168 MB
[runlim] sample:		2510.22 time, 2510.32 real, 1174 MB
[runlim] sample:		2520.22 time, 2520.32 real, 1176 MB
[runlim] sample:		2530.22 time, 2530.32 real, 1179 MB
[runlim] sample:		2540.22 time, 2540.32 real, 1181 MB
[runlim] sample:		2550.22 time, 2550.32 real, 1185 MB
[runlim] sample:		2560.21 time, 2560.32 real, 1190 MB
[runlim] sample:		2570.22 time, 2570.32 real, 1192 MB
[runlim] sample:		2580.22 time, 2580.32 real, 1195 MB
[runlim] sample:		2590.22 time, 2590.32 real, 1198 MB
[runlim] sample:		2600.22 time, 2600.32 real, 1201 MB
[runlim] sample:		2610.22 time, 2610.32 real, 1205 MB
[runlim] sample:		2620.22 time, 2620.32 real, 1208 MB
[runlim] sample:		2630.22 time, 2630.32 real, 1210 MB
[runlim] sample:		2640.22 time, 2640.32 real, 1213 MB
[runlim] sample:		2650.22 time, 2650.32 real, 1216 MB
[runlim] sample:		2660.21 time, 2660.32 real, 1219 MB
[runlim] sample:		2670.22 time, 2670.32 real, 1222 MB
[runlim] sample:		2680.22 time, 2680.32 real, 1225 MB
[runlim] sample:		2690.21 time, 2690.32 real, 1229 MB
[runlim] end:			Sat Feb 29 08:03:41 2020
[runlim] status:		out of time
[runlim] result:		2
[runlim] children:		1
[runlim] real:			2700.12 seconds
[runlim] time:			2699.91 seconds
[runlim] space:			1232 MB
[runlim] samples:		26997
