[runlim] version:		1.18
[runlim] host:			c3n26
[runlim] time limit:		2700 seconds
[runlim] real time limit:	2700 seconds
[runlim] space limit:		7000 MB
[runlim] argv[0]:		./binary
[runlim] argv[1]:		/data/cnf/ankit/E1-A1-Red/nreachq_query52_1344.dqbf
[runlim] start:			Sat Feb 29 07:18:41 2020
[runlim] child:			13992
[runlim] sample:		9.72 time, 10.01 real, 100 MB
[runlim] sample:		19.71 time, 20.01 real, 126 MB
[runlim] sample:		29.71 time, 30.01 real, 171 MB
[runlim] sample:		39.71 time, 40.01 real, 218 MB
[runlim] sample:		49.71 time, 50.01 real, 264 MB
[runlim] sample:		59.71 time, 60.01 real, 314 MB
[runlim] sample:		69.71 time, 70.01 real, 361 MB
[runlim] sample:		79.71 time, 80.01 real, 329 MB
[runlim] sample:		89.71 time, 90.01 real, 377 MB
[runlim] sample:		99.92 time, 100.22 real, 421 MB
[runlim] sample:		109.91 time, 110.22 real, 377 MB
[runlim] sample:		119.91 time, 120.22 real, 423 MB
[runlim] sample:		129.91 time, 130.21 real, 463 MB
[runlim] sample:		139.91 time, 140.21 real, 428 MB
[runlim] sample:		149.91 time, 150.21 real, 482 MB
[runlim] sample:		159.91 time, 160.22 real, 535 MB
[runlim] sample:		169.91 time, 170.21 real, 595 MB
[runlim] sample:		179.91 time, 180.21 real, 490 MB
[runlim] sample:		189.91 time, 190.21 real, 544 MB
[runlim] sample:		199.90 time, 200.22 real, 618 MB
[runlim] sample:		209.91 time, 210.21 real, 677 MB
[runlim] sample:		219.91 time, 220.22 real, 576 MB
[runlim] sample:		229.91 time, 230.21 real, 634 MB
[runlim] sample:		239.91 time, 240.21 real, 701 MB
[runlim] sample:		249.95 time, 250.26 real, 588 MB
[runlim] end:			Sat Feb 29 07:22:57 2020
[runlim] status:		ok
[runlim] result:		0
[runlim] children:		1
[runlim] real:			256.22 seconds
[runlim] time:			255.91 seconds
[runlim] space:			1134 MB
[runlim] samples:		2560
