[runlim] version:		1.18
[runlim] host:			c3n26
[runlim] time limit:		2700 seconds
[runlim] real time limit:	2700 seconds
[runlim] space limit:		7000 MB
[runlim] argv[0]:		./binary
[runlim] argv[1]:		/data/cnf/ankit/E1-A1-Red/pdtpmsgigamax.R
[runlim] start:			Sat Feb 29 07:18:41 2020
[runlim] child:			14013
[runlim] sample:		9.77 time, 10.11 real, 30 MB
[runlim] sample:		19.77 time, 20.11 real, 50 MB
[runlim] sample:		29.77 time, 30.11 real, 70 MB
[runlim] sample:		39.76 time, 40.11 real, 88 MB
[runlim] sample:		49.77 time, 50.11 real, 107 MB
[runlim] sample:		59.77 time, 60.11 real, 126 MB
[runlim] sample:		69.77 time, 70.11 real, 144 MB
[runlim] sample:		79.77 time, 80.11 real, 161 MB
[runlim] sample:		89.76 time, 90.11 real, 173 MB
[runlim] sample:		99.87 time, 100.22 real, 188 MB
[runlim] sample:		109.86 time, 110.22 real, 204 MB
[runlim] sample:		119.87 time, 120.22 real, 218 MB
[runlim] sample:		129.87 time, 130.22 real, 234 MB
[runlim] sample:		139.86 time, 140.22 real, 250 MB
[runlim] sample:		149.86 time, 150.22 real, 264 MB
[runlim] sample:		159.86 time, 160.22 real, 220 MB
[runlim] sample:		169.86 time, 170.22 real, 235 MB
[runlim] sample:		179.86 time, 180.22 real, 249 MB
[runlim] sample:		189.87 time, 190.22 real, 262 MB
[runlim] sample:		199.87 time, 200.22 real, 272 MB
[runlim] sample:		209.86 time, 210.22 real, 284 MB
[runlim] sample:		219.86 time, 220.22 real, 297 MB
[runlim] sample:		229.87 time, 230.22 real, 308 MB
[runlim] sample:		239.86 time, 240.22 real, 321 MB
[runlim] sample:		249.90 time, 250.25 real, 332 MB
[runlim] sample:		259.87 time, 260.22 real, 344 MB
[runlim] sample:		269.87 time, 270.22 real, 354 MB
[runlim] sample:		279.87 time, 280.22 real, 366 MB
[runlim] sample:		289.86 time, 290.22 real, 378 MB
[runlim] sample:		299.87 time, 300.22 real, 391 MB
[runlim] sample:		309.87 time, 310.22 real, 402 MB
[runlim] sample:		319.87 time, 320.22 real, 414 MB
[runlim] sample:		329.86 time, 330.22 real, 423 MB
[runlim] sample:		339.87 time, 340.22 real, 432 MB
[runlim] sample:		349.87 time, 350.22 real, 439 MB
[runlim] sample:		359.87 time, 360.22 real, 447 MB
[runlim] sample:		369.86 time, 370.22 real, 456 MB
[runlim] sample:		379.87 time, 380.22 real, 464 MB
[runlim] sample:		389.87 time, 390.22 real, 474 MB
[runlim] sample:		399.87 time, 400.22 real, 486 MB
[runlim] sample:		409.86 time, 410.22 real, 499 MB
[runlim] sample:		419.86 time, 420.22 real, 510 MB
[runlim] sample:		429.87 time, 430.22 real, 522 MB
[runlim] sample:		439.86 time, 440.22 real, 535 MB
[runlim] sample:		449.86 time, 450.22 real, 546 MB
[runlim] sample:		459.87 time, 460.22 real, 557 MB
[runlim] sample:		469.87 time, 470.22 real, 568 MB
[runlim] sample:		479.86 time, 480.22 real, 579 MB
[runlim] sample:		489.87 time, 490.22 real, 591 MB
[runlim] sample:		499.86 time, 500.22 real, 603 MB
[runlim] sample:		509.87 time, 510.22 real, 613 MB
[runlim] sample:		519.87 time, 520.22 real, 623 MB
[runlim] sample:		529.86 time, 530.22 real, 633 MB
[runlim] sample:		539.86 time, 540.22 real, 642 MB
[runlim] sample:		549.86 time, 550.22 real, 649 MB
[runlim] sample:		559.86 time, 560.22 real, 658 MB
[runlim] sample:		569.86 time, 570.22 real, 667 MB
[runlim] sample:		579.86 time, 580.22 real, 677 MB
[runlim] sample:		589.86 time, 590.22 real, 688 MB
[runlim] sample:		599.86 time, 600.22 real, 697 MB
[runlim] sample:		609.86 time, 610.22 real, 709 MB
[runlim] sample:		619.87 time, 620.22 real, 719 MB
[runlim] sample:		629.86 time, 630.22 real, 729 MB
[runlim] sample:		639.86 time, 640.22 real, 739 MB
[runlim] sample:		649.86 time, 650.22 real, 750 MB
[runlim] sample:		659.86 time, 660.22 real, 760 MB
[runlim] sample:		669.86 time, 670.22 real, 772 MB
[runlim] sample:		679.86 time, 680.22 real, 782 MB
[runlim] sample:		689.86 time, 690.22 real, 792 MB
[runlim] sample:		699.86 time, 700.22 real, 803 MB
[runlim] sample:		709.87 time, 710.22 real, 808 MB
[runlim] sample:		719.86 time, 720.22 real, 815 MB
[runlim] sample:		729.86 time, 730.22 real, 822 MB
[runlim] sample:		739.86 time, 740.22 real, 829 MB
[runlim] sample:		749.86 time, 750.22 real, 838 MB
[runlim] sample:		759.86 time, 760.22 real, 847 MB
[runlim] sample:		769.86 time, 770.22 real, 853 MB
[runlim] sample:		779.86 time, 780.22 real, 859 MB
[runlim] sample:		789.86 time, 790.22 real, 867 MB
[runlim] sample:		799.86 time, 800.22 real, 876 MB
[runlim] sample:		809.86 time, 810.22 real, 884 MB
[runlim] sample:		819.86 time, 820.22 real, 892 MB
[runlim] sample:		829.86 time, 830.22 real, 900 MB
[runlim] sample:		839.86 time, 840.22 real, 908 MB
[runlim] sample:		849.86 time, 850.22 real, 918 MB
[runlim] sample:		859.86 time, 860.22 real, 928 MB
[runlim] sample:		869.86 time, 870.22 real, 937 MB
[runlim] sample:		879.86 time, 880.22 real, 947 MB
[runlim] sample:		889.86 time, 890.22 real, 955 MB
[runlim] sample:		899.86 time, 900.22 real, 964 MB
[runlim] sample:		909.86 time, 910.22 real, 971 MB
[runlim] sample:		919.86 time, 920.22 real, 976 MB
[runlim] sample:		929.86 time, 930.22 real, 981 MB
[runlim] sample:		939.86 time, 940.22 real, 984 MB
[runlim] sample:		949.86 time, 950.22 real, 989 MB
[runlim] sample:		959.86 time, 960.22 real, 995 MB
[runlim] sample:		969.85 time, 970.22 real, 999 MB
[runlim] sample:		979.86 time, 980.22 real, 1005 MB
[runlim] sample:		989.86 time, 990.22 real, 1010 MB
[runlim] sample:		999.86 time, 1000.22 real, 1016 MB
[runlim] sample:		1009.86 time, 1010.22 real, 1022 MB
[runlim] sample:		1019.86 time, 1020.22 real, 1025 MB
[runlim] sample:		1029.86 time, 1030.22 real, 1028 MB
[runlim] sample:		1039.85 time, 1040.22 real, 1035 MB
[runlim] sample:		1049.86 time, 1050.22 real, 1038 MB
[runlim] sample:		1059.86 time, 1060.22 real, 1040 MB
[runlim] sample:		1069.86 time, 1070.22 real, 1043 MB
[runlim] sample:		1079.86 time, 1080.22 real, 1049 MB
[runlim] sample:		1089.86 time, 1090.22 real, 1055 MB
[runlim] sample:		1099.86 time, 1100.22 real, 1061 MB
[runlim] sample:		1109.86 time, 1110.22 real, 1068 MB
[runlim] sample:		1119.85 time, 1120.22 real, 1076 MB
[runlim] sample:		1129.86 time, 1130.22 real, 1084 MB
[runlim] sample:		1139.85 time, 1140.22 real, 1089 MB
[runlim] sample:		1149.85 time, 1150.22 real, 1094 MB
[runlim] sample:		1159.85 time, 1160.22 real, 1098 MB
[runlim] sample:		1169.85 time, 1170.22 real, 1105 MB
[runlim] sample:		1179.86 time, 1180.22 real, 1111 MB
[runlim] sample:		1189.85 time, 1190.22 real, 1117 MB
[runlim] sample:		1199.85 time, 1200.22 real, 1122 MB
[runlim] sample:		1209.86 time, 1210.22 real, 1128 MB
[runlim] sample:		1219.86 time, 1220.22 real, 1134 MB
[runlim] sample:		1229.85 time, 1230.22 real, 1140 MB
[runlim] sample:		1239.85 time, 1240.22 real, 1145 MB
[runlim] sample:		1249.85 time, 1250.22 real, 1153 MB
[runlim] sample:		1259.85 time, 1260.22 real, 1160 MB
[runlim] sample:		1269.85 time, 1270.22 real, 1166 MB
[runlim] sample:		1279.85 time, 1280.22 real, 1172 MB
[runlim] sample:		1289.85 time, 1290.22 real, 1176 MB
[runlim] sample:		1299.85 time, 1300.22 real, 1180 MB
[runlim] sample:		1309.85 time, 1310.22 real, 1183 MB
[runlim] sample:		1319.86 time, 1320.22 real, 1187 MB
[runlim] sample:		1329.85 time, 1330.22 real, 1190 MB
[runlim] sample:		1339.85 time, 1340.22 real, 1193 MB
[runlim] sample:		1349.85 time, 1350.22 real, 1195 MB
[runlim] sample:		1359.85 time, 1360.22 real, 1201 MB
[runlim] sample:		1369.85 time, 1370.22 real, 1208 MB
[runlim] sample:		1379.85 time, 1380.22 real, 1213 MB
[runlim] sample:		1389.85 time, 1390.22 real, 1217 MB
[runlim] sample:		1399.85 time, 1400.22 real, 1224 MB
[runlim] sample:		1409.85 time, 1410.22 real, 1229 MB
[runlim] sample:		1419.85 time, 1420.22 real, 1234 MB
[runlim] sample:		1429.85 time, 1430.22 real, 980 MB
[runlim] sample:		1439.85 time, 1440.22 real, 986 MB
[runlim] sample:		1449.85 time, 1450.22 real, 988 MB
[runlim] sample:		1459.85 time, 1460.22 real, 991 MB
[runlim] sample:		1469.85 time, 1470.22 real, 996 MB
[runlim] sample:		1479.85 time, 1480.22 real, 1001 MB
[runlim] sample:		1489.85 time, 1490.22 real, 1007 MB
[runlim] sample:		1499.85 time, 1500.22 real, 1012 MB
[runlim] sample:		1509.85 time, 1510.22 real, 1017 MB
[runlim] sample:		1519.85 time, 1520.22 real, 1024 MB
[runlim] sample:		1529.84 time, 1530.22 real, 1025 MB
[runlim] sample:		1539.85 time, 1540.22 real, 1026 MB
[runlim] sample:		1549.85 time, 1550.22 real, 1027 MB
[runlim] sample:		1559.85 time, 1560.22 real, 1028 MB
[runlim] sample:		1569.85 time, 1570.22 real, 1028 MB
[runlim] sample:		1579.85 time, 1580.22 real, 1034 MB
[runlim] sample:		1589.85 time, 1590.22 real, 1038 MB
[runlim] sample:		1599.85 time, 1600.22 real, 1040 MB
[runlim] sample:		1609.84 time, 1610.22 real, 1042 MB
[runlim] sample:		1619.84 time, 1620.22 real, 1045 MB
[runlim] sample:		1629.84 time, 1630.22 real, 1049 MB
[runlim] sample:		1639.85 time, 1640.22 real, 1054 MB
[runlim] sample:		1649.85 time, 1650.22 real, 1059 MB
[runlim] sample:		1659.85 time, 1660.22 real, 1064 MB
[runlim] sample:		1669.85 time, 1670.22 real, 1066 MB
[runlim] sample:		1679.84 time, 1680.22 real, 1069 MB
[runlim] sample:		1689.85 time, 1690.22 real, 1073 MB
[runlim] sample:		1699.85 time, 1700.22 real, 1078 MB
[runlim] sample:		1709.84 time, 1710.22 real, 1083 MB
[runlim] sample:		1719.85 time, 1720.22 real, 1089 MB
[runlim] sample:		1729.85 time, 1730.22 real, 1094 MB
[runlim] sample:		1739.84 time, 1740.22 real, 1099 MB
[runlim] sample:		1749.84 time, 1750.22 real, 1107 MB
[runlim] sample:		1759.84 time, 1760.22 real, 1113 MB
[runlim] sample:		1769.84 time, 1770.22 real, 1120 MB
[runlim] sample:		1779.84 time, 1780.22 real, 1124 MB
[runlim] sample:		1789.85 time, 1790.22 real, 1129 MB
[runlim] sample:		1799.84 time, 1800.22 real, 1137 MB
[runlim] sample:		1809.85 time, 1810.22 real, 1141 MB
[runlim] sample:		1819.84 time, 1820.22 real, 1145 MB
[runlim] sample:		1829.84 time, 1830.22 real, 1150 MB
[runlim] sample:		1839.84 time, 1840.22 real, 1154 MB
[runlim] sample:		1849.84 time, 1850.22 real, 1157 MB
[runlim] sample:		1859.84 time, 1860.22 real, 1160 MB
[runlim] sample:		1869.84 time, 1870.22 real, 1166 MB
[runlim] sample:		1879.85 time, 1880.22 real, 1170 MB
[runlim] sample:		1889.84 time, 1890.22 real, 1174 MB
[runlim] sample:		1899.84 time, 1900.22 real, 1178 MB
[runlim] sample:		1909.84 time, 1910.22 real, 1181 MB
[runlim] sample:		1919.84 time, 1920.22 real, 1185 MB
[runlim] sample:		1929.84 time, 1930.22 real, 1190 MB
[runlim] sample:		1939.85 time, 1940.22 real, 1194 MB
[runlim] sample:		1949.84 time, 1950.22 real, 1199 MB
[runlim] sample:		1959.84 time, 1960.22 real, 1202 MB
[runlim] sample:		1969.84 time, 1970.22 real, 1204 MB
[runlim] sample:		1979.84 time, 1980.22 real, 1207 MB
[runlim] sample:		1989.84 time, 1990.22 real, 1211 MB
[runlim] sample:		1999.84 time, 2000.22 real, 1214 MB
[runlim] sample:		2009.84 time, 2010.22 real, 1215 MB
[runlim] sample:		2019.84 time, 2020.22 real, 1216 MB
[runlim] sample:		2029.84 time, 2030.22 real, 1219 MB
[runlim] sample:		2039.84 time, 2040.22 real, 1222 MB
[runlim] sample:		2049.84 time, 2050.22 real, 1225 MB
[runlim] sample:		2059.84 time, 2060.22 real, 1227 MB
[runlim] sample:		2069.84 time, 2070.22 real, 1231 MB
[runlim] sample:		2079.84 time, 2080.22 real, 1234 MB
[runlim] sample:		2089.84 time, 2090.22 real, 1237 MB
[runlim] sample:		2099.84 time, 2100.22 real, 1240 MB
[runlim] sample:		2109.84 time, 2110.22 real, 1243 MB
[runlim] sample:		2119.84 time, 2120.22 real, 1245 MB
[runlim] sample:		2129.84 time, 2130.22 real, 1248 MB
[runlim] sample:		2139.84 time, 2140.22 real, 1252 MB
[runlim] sample:		2149.83 time, 2150.22 real, 1257 MB
[runlim] sample:		2159.84 time, 2160.22 real, 1263 MB
[runlim] sample:		2169.83 time, 2170.22 real, 1271 MB
[runlim] sample:		2179.83 time, 2180.22 real, 1275 MB
[runlim] sample:		2189.84 time, 2190.22 real, 1279 MB
[runlim] sample:		2199.83 time, 2200.22 real, 1285 MB
[runlim] sample:		2209.84 time, 2210.22 real, 1289 MB
[runlim] sample:		2219.83 time, 2220.22 real, 1293 MB
[runlim] sample:		2229.84 time, 2230.22 real, 1299 MB
[runlim] sample:		2239.84 time, 2240.22 real, 1302 MB
[runlim] sample:		2249.83 time, 2250.22 real, 1306 MB
[runlim] sample:		2259.83 time, 2260.22 real, 1309 MB
[runlim] sample:		2269.84 time, 2270.22 real, 1312 MB
[runlim] sample:		2279.83 time, 2280.22 real, 1316 MB
[runlim] sample:		2289.84 time, 2290.22 real, 1320 MB
[runlim] sample:		2299.83 time, 2300.22 real, 1324 MB
[runlim] sample:		2309.83 time, 2310.22 real, 1328 MB
[runlim] sample:		2319.83 time, 2320.22 real, 1333 MB
[runlim] sample:		2329.83 time, 2330.22 real, 1337 MB
[runlim] sample:		2339.83 time, 2340.22 real, 1343 MB
[runlim] sample:		2349.83 time, 2350.22 real, 1346 MB
[runlim] sample:		2359.83 time, 2360.22 real, 1350 MB
[runlim] sample:		2369.83 time, 2370.22 real, 1354 MB
[runlim] sample:		2379.83 time, 2380.22 real, 1358 MB
[runlim] sample:		2389.83 time, 2390.22 real, 1362 MB
[runlim] sample:		2399.83 time, 2400.22 real, 1366 MB
[runlim] sample:		2409.83 time, 2410.22 real, 1370 MB
[runlim] sample:		2419.84 time, 2420.22 real, 1374 MB
[runlim] sample:		2429.83 time, 2430.22 real, 1377 MB
[runlim] sample:		2439.83 time, 2440.22 real, 1381 MB
[runlim] sample:		2449.83 time, 2450.22 real, 1385 MB
[runlim] sample:		2459.83 time, 2460.22 real, 1391 MB
[runlim] sample:		2469.83 time, 2470.22 real, 1398 MB
[runlim] sample:		2479.83 time, 2480.22 real, 1402 MB
[runlim] sample:		2489.83 time, 2490.22 real, 1405 MB
[runlim] sample:		2499.83 time, 2500.22 real, 1409 MB
[runlim] sample:		2509.83 time, 2510.22 real, 1411 MB
[runlim] sample:		2519.83 time, 2520.22 real, 1418 MB
[runlim] sample:		2529.83 time, 2530.22 real, 1420 MB
[runlim] sample:		2539.83 time, 2540.22 real, 1423 MB
[runlim] sample:		2549.83 time, 2550.22 real, 1427 MB
[runlim] sample:		2559.83 time, 2560.22 real, 1431 MB
[runlim] sample:		2569.83 time, 2570.22 real, 1437 MB
[runlim] sample:		2579.83 time, 2580.22 real, 1443 MB
[runlim] sample:		2589.83 time, 2590.22 real, 1447 MB
[runlim] sample:		2599.83 time, 2600.22 real, 1453 MB
[runlim] sample:		2609.83 time, 2610.22 real, 1459 MB
[runlim] sample:		2619.82 time, 2620.22 real, 1465 MB
[runlim] sample:		2629.83 time, 2630.22 real, 1472 MB
[runlim] sample:		2639.83 time, 2640.22 real, 1479 MB
[runlim] sample:		2649.82 time, 2650.22 real, 1485 MB
[runlim] sample:		2659.82 time, 2660.22 real, 1491 MB
[runlim] sample:		2669.83 time, 2670.22 real, 1495 MB
[runlim] sample:		2679.83 time, 2680.22 real, 1498 MB
[runlim] sample:		2689.83 time, 2690.22 real, 1503 MB
[runlim] end:			Sat Feb 29 08:03:42 2020
[runlim] status:		out of time
[runlim] result:		2
[runlim] children:		1
[runlim] real:			2700.14 seconds
[runlim] time:			2699.63 seconds
[runlim] space:			2100 MB
[runlim] samples:		26998
