[runlim] version:		1.18
[runlim] host:			c3n26
[runlim] time limit:		2700 seconds
[runlim] real time limit:	2700 seconds
[runlim] space limit:		7000 MB
[runlim] argv[0]:		./binary
[runlim] argv[1]:		/data/cnf/ankit/E1-A1-Red/pdtpmsmiim.R
[runlim] start:			Sat Feb 29 07:18:41 2020
[runlim] child:			14010
[runlim] sample:		9.81 time, 10.01 real, 34 MB
[runlim] sample:		19.80 time, 20.01 real, 60 MB
[runlim] sample:		29.80 time, 30.01 real, 85 MB
[runlim] sample:		39.81 time, 40.01 real, 106 MB
[runlim] sample:		49.81 time, 50.01 real, 129 MB
[runlim] sample:		59.81 time, 60.01 real, 151 MB
[runlim] sample:		69.81 time, 70.01 real, 169 MB
[runlim] sample:		79.81 time, 80.01 real, 189 MB
[runlim] sample:		89.81 time, 90.01 real, 211 MB
[runlim] sample:		99.91 time, 100.12 real, 233 MB
[runlim] sample:		109.91 time, 110.12 real, 252 MB
[runlim] sample:		119.91 time, 120.12 real, 271 MB
[runlim] sample:		129.91 time, 130.12 real, 290 MB
[runlim] sample:		139.91 time, 140.12 real, 311 MB
[runlim] sample:		149.92 time, 150.12 real, 333 MB
[runlim] sample:		159.91 time, 160.12 real, 353 MB
[runlim] sample:		169.91 time, 170.12 real, 372 MB
[runlim] sample:		179.91 time, 180.12 real, 392 MB
[runlim] sample:		189.91 time, 190.12 real, 411 MB
[runlim] sample:		199.91 time, 200.12 real, 427 MB
[runlim] sample:		209.91 time, 210.12 real, 444 MB
[runlim] sample:		219.91 time, 220.12 real, 464 MB
[runlim] sample:		229.91 time, 230.12 real, 482 MB
[runlim] sample:		239.91 time, 240.12 real, 501 MB
[runlim] sample:		249.92 time, 250.13 real, 517 MB
[runlim] sample:		259.91 time, 260.12 real, 534 MB
[runlim] sample:		269.91 time, 270.12 real, 548 MB
[runlim] sample:		279.91 time, 280.12 real, 562 MB
[runlim] sample:		289.91 time, 290.12 real, 576 MB
[runlim] sample:		299.91 time, 300.12 real, 592 MB
[runlim] sample:		309.91 time, 310.12 real, 608 MB
[runlim] sample:		319.90 time, 320.12 real, 621 MB
[runlim] sample:		329.91 time, 330.12 real, 636 MB
[runlim] sample:		339.91 time, 340.12 real, 651 MB
[runlim] sample:		349.91 time, 350.12 real, 668 MB
[runlim] sample:		359.90 time, 360.12 real, 683 MB
[runlim] sample:		369.91 time, 370.12 real, 698 MB
[runlim] sample:		379.90 time, 380.12 real, 714 MB
[runlim] sample:		389.90 time, 390.12 real, 729 MB
[runlim] sample:		399.91 time, 400.12 real, 744 MB
[runlim] sample:		409.91 time, 410.12 real, 758 MB
[runlim] sample:		419.91 time, 420.12 real, 775 MB
[runlim] sample:		429.91 time, 430.12 real, 788 MB
[runlim] sample:		439.91 time, 440.12 real, 801 MB
[runlim] sample:		449.91 time, 450.12 real, 815 MB
[runlim] sample:		459.91 time, 460.12 real, 828 MB
[runlim] sample:		469.91 time, 470.12 real, 841 MB
[runlim] sample:		479.91 time, 480.12 real, 856 MB
[runlim] sample:		489.91 time, 490.12 real, 868 MB
[runlim] sample:		499.90 time, 500.12 real, 883 MB
[runlim] sample:		509.90 time, 510.12 real, 896 MB
[runlim] sample:		519.90 time, 520.12 real, 910 MB
[runlim] sample:		529.90 time, 530.12 real, 925 MB
[runlim] sample:		539.91 time, 540.12 real, 942 MB
[runlim] sample:		549.90 time, 550.12 real, 956 MB
[runlim] sample:		559.90 time, 560.12 real, 970 MB
[runlim] sample:		569.91 time, 570.12 real, 984 MB
[runlim] sample:		579.91 time, 580.12 real, 998 MB
[runlim] sample:		589.90 time, 590.12 real, 1012 MB
[runlim] sample:		599.90 time, 600.12 real, 1026 MB
[runlim] sample:		609.90 time, 610.12 real, 1041 MB
[runlim] sample:		619.90 time, 620.12 real, 1051 MB
[runlim] sample:		629.91 time, 630.12 real, 1064 MB
[runlim] sample:		639.90 time, 640.12 real, 1078 MB
[runlim] sample:		649.91 time, 650.12 real, 1090 MB
[runlim] sample:		659.91 time, 660.12 real, 1102 MB
[runlim] sample:		669.90 time, 670.12 real, 1113 MB
[runlim] sample:		679.90 time, 680.12 real, 1125 MB
[runlim] sample:		689.90 time, 690.12 real, 1136 MB
[runlim] sample:		699.90 time, 700.12 real, 1147 MB
[runlim] sample:		709.91 time, 710.12 real, 1158 MB
[runlim] sample:		719.90 time, 720.12 real, 1167 MB
[runlim] sample:		729.90 time, 730.12 real, 1181 MB
[runlim] sample:		739.90 time, 740.12 real, 1194 MB
[runlim] sample:		749.90 time, 750.12 real, 1206 MB
[runlim] sample:		759.90 time, 760.12 real, 1218 MB
[runlim] sample:		769.91 time, 770.12 real, 1230 MB
[runlim] sample:		779.91 time, 780.12 real, 1238 MB
[runlim] sample:		789.90 time, 790.12 real, 1250 MB
[runlim] sample:		799.90 time, 800.12 real, 1262 MB
[runlim] sample:		809.91 time, 810.12 real, 1273 MB
[runlim] sample:		819.90 time, 820.12 real, 1286 MB
[runlim] sample:		829.90 time, 830.12 real, 1296 MB
[runlim] sample:		839.90 time, 840.12 real, 1306 MB
[runlim] sample:		849.90 time, 850.12 real, 1318 MB
[runlim] sample:		859.90 time, 860.12 real, 1328 MB
[runlim] sample:		869.90 time, 870.12 real, 1337 MB
[runlim] sample:		879.90 time, 880.12 real, 1346 MB
[runlim] sample:		889.90 time, 890.12 real, 1356 MB
[runlim] sample:		899.90 time, 900.12 real, 1366 MB
[runlim] sample:		909.90 time, 910.12 real, 1376 MB
[runlim] sample:		919.90 time, 920.12 real, 1385 MB
[runlim] sample:		929.90 time, 930.12 real, 1394 MB
[runlim] sample:		939.90 time, 940.12 real, 1404 MB
[runlim] sample:		949.90 time, 950.12 real, 1414 MB
[runlim] sample:		959.90 time, 960.12 real, 1425 MB
[runlim] sample:		969.90 time, 970.12 real, 1436 MB
[runlim] sample:		979.90 time, 980.12 real, 1448 MB
[runlim] sample:		989.90 time, 990.12 real, 1460 MB
[runlim] sample:		999.90 time, 1000.12 real, 1467 MB
[runlim] sample:		1009.90 time, 1010.12 real, 1474 MB
[runlim] sample:		1019.90 time, 1020.12 real, 1482 MB
[runlim] sample:		1029.89 time, 1030.12 real, 1490 MB
[runlim] sample:		1039.90 time, 1040.12 real, 1497 MB
[runlim] sample:		1049.90 time, 1050.12 real, 1505 MB
[runlim] sample:		1059.89 time, 1060.12 real, 1516 MB
[runlim] sample:		1069.90 time, 1070.12 real, 1527 MB
[runlim] sample:		1079.89 time, 1080.12 real, 1538 MB
[runlim] sample:		1089.90 time, 1090.12 real, 1546 MB
[runlim] sample:		1099.89 time, 1100.12 real, 1556 MB
[runlim] sample:		1109.89 time, 1110.12 real, 1566 MB
[runlim] sample:		1119.89 time, 1120.12 real, 1575 MB
[runlim] sample:		1129.89 time, 1130.12 real, 1583 MB
[runlim] sample:		1139.90 time, 1140.12 real, 1593 MB
[runlim] sample:		1149.89 time, 1150.12 real, 1602 MB
[runlim] sample:		1159.89 time, 1160.12 real, 1613 MB
[runlim] sample:		1169.90 time, 1170.12 real, 1624 MB
[runlim] sample:		1179.90 time, 1180.12 real, 1631 MB
[runlim] sample:		1189.90 time, 1190.12 real, 1639 MB
[runlim] sample:		1199.90 time, 1200.12 real, 1647 MB
[runlim] sample:		1209.90 time, 1210.12 real, 1656 MB
[runlim] sample:		1219.90 time, 1220.12 real, 1664 MB
[runlim] sample:		1229.89 time, 1230.12 real, 1674 MB
[runlim] sample:		1239.89 time, 1240.12 real, 1686 MB
[runlim] sample:		1249.89 time, 1250.12 real, 1697 MB
[runlim] sample:		1259.89 time, 1260.12 real, 1707 MB
[runlim] sample:		1269.89 time, 1270.12 real, 1717 MB
[runlim] sample:		1279.89 time, 1280.12 real, 1726 MB
[runlim] sample:		1289.89 time, 1290.12 real, 1734 MB
[runlim] sample:		1299.89 time, 1300.12 real, 1743 MB
[runlim] sample:		1309.89 time, 1310.12 real, 1753 MB
[runlim] sample:		1319.89 time, 1320.12 real, 1761 MB
[runlim] sample:		1329.89 time, 1330.12 real, 1770 MB
[runlim] sample:		1339.89 time, 1340.12 real, 1776 MB
[runlim] sample:		1349.89 time, 1350.12 real, 1783 MB
[runlim] sample:		1359.89 time, 1360.12 real, 1791 MB
[runlim] sample:		1369.90 time, 1370.12 real, 1801 MB
[runlim] sample:		1379.89 time, 1380.12 real, 1811 MB
[runlim] sample:		1389.89 time, 1390.12 real, 1822 MB
[runlim] sample:		1399.90 time, 1400.12 real, 1830 MB
[runlim] sample:		1409.89 time, 1410.12 real, 1837 MB
[runlim] sample:		1419.89 time, 1420.12 real, 1844 MB
[runlim] sample:		1429.89 time, 1430.12 real, 1853 MB
[runlim] sample:		1439.89 time, 1440.12 real, 1860 MB
[runlim] sample:		1449.89 time, 1450.12 real, 1868 MB
[runlim] sample:		1459.89 time, 1460.12 real, 1876 MB
[runlim] sample:		1469.89 time, 1470.12 real, 1886 MB
[runlim] sample:		1479.89 time, 1480.12 real, 1896 MB
[runlim] sample:		1489.89 time, 1490.12 real, 1906 MB
[runlim] sample:		1499.89 time, 1500.12 real, 1914 MB
[runlim] sample:		1509.89 time, 1510.12 real, 1922 MB
[runlim] sample:		1519.89 time, 1520.12 real, 1931 MB
[runlim] sample:		1529.88 time, 1530.12 real, 1939 MB
[runlim] sample:		1539.89 time, 1540.12 real, 1946 MB
[runlim] sample:		1549.88 time, 1550.12 real, 1953 MB
[runlim] sample:		1559.88 time, 1560.12 real, 1962 MB
[runlim] sample:		1569.88 time, 1570.12 real, 1970 MB
[runlim] sample:		1579.89 time, 1580.12 real, 1978 MB
[runlim] sample:		1589.89 time, 1590.12 real, 1989 MB
[runlim] sample:		1599.89 time, 1600.12 real, 1995 MB
[runlim] sample:		1609.89 time, 1610.12 real, 2002 MB
[runlim] sample:		1619.88 time, 1620.12 real, 2009 MB
[runlim] sample:		1629.89 time, 1630.12 real, 2016 MB
[runlim] sample:		1639.89 time, 1640.12 real, 2025 MB
[runlim] sample:		1649.88 time, 1650.12 real, 2034 MB
[runlim] sample:		1659.89 time, 1660.12 real, 2041 MB
[runlim] sample:		1669.88 time, 1670.12 real, 2050 MB
[runlim] sample:		1679.89 time, 1680.12 real, 2059 MB
[runlim] sample:		1689.89 time, 1690.12 real, 2067 MB
[runlim] sample:		1699.88 time, 1700.12 real, 2075 MB
[runlim] sample:		1709.88 time, 1710.12 real, 2083 MB
[runlim] sample:		1719.89 time, 1720.12 real, 2089 MB
[runlim] sample:		1729.88 time, 1730.12 real, 2096 MB
[runlim] sample:		1739.89 time, 1740.12 real, 2104 MB
[runlim] sample:		1749.88 time, 1750.12 real, 2114 MB
[runlim] sample:		1759.88 time, 1760.12 real, 2123 MB
[runlim] sample:		1769.88 time, 1770.12 real, 2133 MB
[runlim] sample:		1779.88 time, 1780.12 real, 2141 MB
[runlim] sample:		1789.88 time, 1790.12 real, 2149 MB
[runlim] sample:		1799.88 time, 1800.12 real, 2158 MB
[runlim] sample:		1809.89 time, 1810.12 real, 2167 MB
[runlim] sample:		1819.88 time, 1820.12 real, 2175 MB
[runlim] sample:		1829.88 time, 1830.12 real, 2184 MB
[runlim] sample:		1839.88 time, 1840.12 real, 2194 MB
[runlim] sample:		1849.89 time, 1850.12 real, 2201 MB
[runlim] sample:		1859.88 time, 1860.12 real, 2208 MB
[runlim] sample:		1869.89 time, 1870.12 real, 2216 MB
[runlim] sample:		1879.88 time, 1880.12 real, 2224 MB
[runlim] sample:		1889.88 time, 1890.12 real, 2232 MB
[runlim] sample:		1899.89 time, 1900.12 real, 2240 MB
[runlim] sample:		1909.88 time, 1910.12 real, 2249 MB
[runlim] sample:		1919.88 time, 1920.12 real, 2257 MB
[runlim] sample:		1929.88 time, 1930.12 real, 2265 MB
[runlim] sample:		1939.89 time, 1940.12 real, 2272 MB
[runlim] sample:		1949.88 time, 1950.12 real, 2280 MB
[runlim] sample:		1959.88 time, 1960.12 real, 2287 MB
[runlim] sample:		1969.88 time, 1970.12 real, 2293 MB
[runlim] sample:		1979.88 time, 1980.12 real, 2299 MB
[runlim] sample:		1989.88 time, 1990.12 real, 2307 MB
[runlim] sample:		1999.89 time, 2000.12 real, 2315 MB
[runlim] sample:		2009.88 time, 2010.12 real, 2322 MB
[runlim] sample:		2019.88 time, 2020.12 real, 2330 MB
[runlim] sample:		2029.88 time, 2030.12 real, 2337 MB
[runlim] sample:		2039.88 time, 2040.12 real, 2345 MB
[runlim] sample:		2049.88 time, 2050.12 real, 2352 MB
[runlim] sample:		2059.88 time, 2060.12 real, 2359 MB
[runlim] sample:		2069.88 time, 2070.12 real, 2369 MB
[runlim] sample:		2079.88 time, 2080.12 real, 2378 MB
[runlim] sample:		2089.88 time, 2090.12 real, 2387 MB
[runlim] sample:		2099.88 time, 2100.12 real, 2394 MB
[runlim] sample:		2109.88 time, 2110.12 real, 2402 MB
[runlim] sample:		2119.88 time, 2120.12 real, 2411 MB
[runlim] sample:		2129.88 time, 2130.12 real, 2421 MB
[runlim] sample:		2139.88 time, 2140.12 real, 2430 MB
[runlim] sample:		2149.88 time, 2150.12 real, 2441 MB
[runlim] sample:		2159.88 time, 2160.12 real, 2449 MB
[runlim] sample:		2169.87 time, 2170.12 real, 2458 MB
[runlim] sample:		2179.88 time, 2180.12 real, 2466 MB
[runlim] sample:		2189.88 time, 2190.12 real, 2472 MB
[runlim] sample:		2199.88 time, 2200.12 real, 2476 MB
[runlim] sample:		2209.88 time, 2210.12 real, 2485 MB
[runlim] sample:		2219.88 time, 2220.12 real, 2489 MB
[runlim] sample:		2229.88 time, 2230.12 real, 2495 MB
[runlim] sample:		2239.88 time, 2240.12 real, 2501 MB
[runlim] sample:		2249.88 time, 2250.12 real, 2506 MB
[runlim] sample:		2259.88 time, 2260.12 real, 2512 MB
[runlim] sample:		2269.88 time, 2270.12 real, 2519 MB
[runlim] sample:		2279.88 time, 2280.12 real, 2526 MB
[runlim] sample:		2289.88 time, 2290.12 real, 2536 MB
[runlim] sample:		2299.87 time, 2300.12 real, 2543 MB
[runlim] sample:		2309.87 time, 2310.12 real, 2549 MB
[runlim] sample:		2319.88 time, 2320.12 real, 2555 MB
[runlim] sample:		2329.87 time, 2330.12 real, 2561 MB
[runlim] sample:		2339.88 time, 2340.12 real, 2568 MB
[runlim] sample:		2349.88 time, 2350.12 real, 2577 MB
[runlim] sample:		2359.87 time, 2360.12 real, 2585 MB
[runlim] sample:		2369.88 time, 2370.12 real, 2593 MB
[runlim] sample:		2379.87 time, 2380.12 real, 2602 MB
[runlim] sample:		2389.88 time, 2390.12 real, 2610 MB
[runlim] sample:		2399.87 time, 2400.12 real, 2618 MB
[runlim] sample:		2409.87 time, 2410.12 real, 2625 MB
[runlim] sample:		2419.87 time, 2420.12 real, 2635 MB
[runlim] sample:		2429.88 time, 2430.12 real, 2642 MB
[runlim] sample:		2439.88 time, 2440.12 real, 2648 MB
[runlim] sample:		2449.88 time, 2450.12 real, 2654 MB
[runlim] sample:		2459.87 time, 2460.12 real, 2660 MB
[runlim] sample:		2469.87 time, 2470.12 real, 2666 MB
[runlim] sample:		2479.88 time, 2480.12 real, 2672 MB
[runlim] sample:		2489.87 time, 2490.12 real, 2681 MB
[runlim] sample:		2499.87 time, 2500.12 real, 2690 MB
[runlim] sample:		2509.87 time, 2510.12 real, 2698 MB
[runlim] sample:		2519.87 time, 2520.12 real, 2704 MB
[runlim] sample:		2529.87 time, 2530.12 real, 2711 MB
[runlim] sample:		2539.87 time, 2540.12 real, 2718 MB
[runlim] sample:		2549.87 time, 2550.12 real, 2725 MB
[runlim] sample:		2559.87 time, 2560.12 real, 2734 MB
[runlim] sample:		2569.87 time, 2570.12 real, 2739 MB
[runlim] sample:		2579.87 time, 2580.12 real, 2744 MB
[runlim] sample:		2589.87 time, 2590.12 real, 2750 MB
[runlim] sample:		2599.87 time, 2600.12 real, 2755 MB
[runlim] sample:		2609.87 time, 2610.12 real, 2761 MB
[runlim] sample:		2619.87 time, 2620.12 real, 2766 MB
[runlim] sample:		2629.87 time, 2630.12 real, 2773 MB
[runlim] sample:		2639.87 time, 2640.12 real, 2780 MB
[runlim] sample:		2649.86 time, 2650.12 real, 2787 MB
[runlim] sample:		2659.86 time, 2660.12 real, 2794 MB
[runlim] sample:		2669.87 time, 2670.12 real, 2801 MB
[runlim] sample:		2679.87 time, 2680.12 real, 2811 MB
[runlim] sample:		2689.87 time, 2690.12 real, 2821 MB
[runlim] end:			Sat Feb 29 08:03:42 2020
[runlim] status:		out of time
[runlim] result:		2
[runlim] children:		1
[runlim] real:			2700.20 seconds
[runlim] time:			2699.76 seconds
[runlim] space:			2829 MB
[runlim] samples:		26999
