[runlim] version:		1.18
[runlim] host:			c3n30
[runlim] time limit:		2700 seconds
[runlim] real time limit:	2700 seconds
[runlim] space limit:		7000 MB
[runlim] argv[0]:		./binary
[runlim] argv[1]:		/data/cnf/ankit/E1-A1-Red/sortnetsort9.v.stepl.005.qdimacs
[runlim] start:			Sat Feb 29 07:18:44 2020
[runlim] child:			10551
[runlim] sample:		9.99 time, 10.01 real, 42 MB
[runlim] sample:		19.99 time, 20.01 real, 42 MB
[runlim] sample:		30.00 time, 30.01 real, 55 MB
[runlim] sample:		40.00 time, 40.01 real, 57 MB
[runlim] sample:		49.99 time, 50.01 real, 61 MB
[runlim] sample:		59.99 time, 60.01 real, 62 MB
[runlim] sample:		69.99 time, 70.01 real, 63 MB
[runlim] sample:		79.99 time, 80.01 real, 64 MB
[runlim] sample:		89.99 time, 90.01 real, 82 MB
[runlim] sample:		99.99 time, 100.01 real, 86 MB
[runlim] sample:		109.99 time, 110.01 real, 93 MB
[runlim] sample:		119.99 time, 120.01 real, 93 MB
[runlim] sample:		129.99 time, 130.01 real, 93 MB
[runlim] sample:		139.99 time, 140.01 real, 94 MB
[runlim] sample:		149.99 time, 150.01 real, 94 MB
[runlim] sample:		159.99 time, 160.01 real, 94 MB
[runlim] sample:		169.99 time, 170.01 real, 94 MB
[runlim] sample:		179.99 time, 180.01 real, 94 MB
[runlim] sample:		189.99 time, 190.01 real, 94 MB
[runlim] sample:		199.99 time, 200.01 real, 94 MB
[runlim] sample:		209.99 time, 210.01 real, 94 MB
[runlim] sample:		219.99 time, 220.01 real, 94 MB
[runlim] sample:		229.99 time, 230.01 real, 94 MB
[runlim] sample:		239.99 time, 240.01 real, 95 MB
[runlim] sample:		249.99 time, 250.02 real, 95 MB
[runlim] sample:		259.99 time, 260.02 real, 95 MB
[runlim] sample:		269.99 time, 270.02 real, 95 MB
[runlim] sample:		279.99 time, 280.02 real, 95 MB
[runlim] sample:		289.99 time, 290.02 real, 95 MB
[runlim] sample:		299.99 time, 300.02 real, 95 MB
[runlim] sample:		309.99 time, 310.02 real, 95 MB
[runlim] sample:		319.99 time, 320.02 real, 95 MB
[runlim] sample:		329.99 time, 330.02 real, 95 MB
[runlim] sample:		339.99 time, 340.02 real, 95 MB
[runlim] sample:		349.99 time, 350.02 real, 95 MB
[runlim] sample:		359.99 time, 360.02 real, 95 MB
[runlim] sample:		369.99 time, 370.02 real, 95 MB
[runlim] sample:		379.99 time, 380.02 real, 96 MB
[runlim] sample:		389.99 time, 390.02 real, 96 MB
[runlim] sample:		399.99 time, 400.02 real, 96 MB
[runlim] sample:		409.99 time, 410.02 real, 96 MB
[runlim] sample:		419.99 time, 420.02 real, 96 MB
[runlim] sample:		429.99 time, 430.02 real, 96 MB
[runlim] sample:		439.99 time, 440.02 real, 96 MB
[runlim] end:			Sat Feb 29 07:26:13 2020
[runlim] status:		ok
[runlim] result:		0
[runlim] children:		1
[runlim] real:			449.60 seconds
[runlim] time:			449.49 seconds
[runlim] space:			106 MB
[runlim] samples:		4495
