[runlim] version:		1.18
[runlim] host:			c3n30
[runlim] time limit:		2700 seconds
[runlim] real time limit:	2700 seconds
[runlim] space limit:		7000 MB
[runlim] argv[0]:		./binary
[runlim] argv[1]:		/data/cnf/ankit/E1-A1-Red/stmt39_285_335.dqbf
[runlim] start:			Sat Feb 29 07:18:44 2020
[runlim] child:			10623
[runlim] sample:		9.99 time, 10.02 real, 33 MB
[runlim] sample:		19.99 time, 20.02 real, 40 MB
[runlim] sample:		29.99 time, 30.02 real, 48 MB
[runlim] sample:		39.99 time, 40.02 real, 54 MB
[runlim] sample:		49.99 time, 50.02 real, 61 MB
[runlim] sample:		59.99 time, 60.02 real, 67 MB
[runlim] sample:		69.99 time, 70.02 real, 73 MB
[runlim] sample:		79.99 time, 80.02 real, 80 MB
[runlim] sample:		89.99 time, 90.02 real, 86 MB
[runlim] sample:		100.00 time, 100.02 real, 92 MB
[runlim] sample:		109.99 time, 110.02 real, 98 MB
[runlim] sample:		119.99 time, 120.02 real, 104 MB
[runlim] sample:		129.99 time, 130.02 real, 110 MB
[runlim] sample:		139.99 time, 140.02 real, 116 MB
[runlim] sample:		149.99 time, 150.02 real, 123 MB
[runlim] sample:		159.99 time, 160.02 real, 129 MB
[runlim] sample:		169.99 time, 170.02 real, 136 MB
[runlim] sample:		179.99 time, 180.02 real, 142 MB
[runlim] sample:		189.99 time, 190.02 real, 148 MB
[runlim] sample:		199.99 time, 200.02 real, 155 MB
[runlim] sample:		209.99 time, 210.02 real, 161 MB
[runlim] sample:		219.99 time, 220.02 real, 168 MB
[runlim] sample:		229.99 time, 230.02 real, 175 MB
[runlim] sample:		239.99 time, 240.02 real, 182 MB
[runlim] sample:		249.99 time, 250.02 real, 188 MB
[runlim] sample:		259.98 time, 260.02 real, 194 MB
[runlim] sample:		269.99 time, 270.02 real, 199 MB
[runlim] sample:		279.98 time, 280.02 real, 205 MB
[runlim] sample:		289.98 time, 290.02 real, 210 MB
[runlim] sample:		299.99 time, 300.02 real, 215 MB
[runlim] sample:		309.98 time, 310.02 real, 220 MB
[runlim] sample:		319.99 time, 320.02 real, 224 MB
[runlim] sample:		329.99 time, 330.02 real, 229 MB
[runlim] sample:		339.99 time, 340.02 real, 234 MB
[runlim] sample:		349.98 time, 350.02 real, 239 MB
[runlim] sample:		359.98 time, 360.02 real, 244 MB
[runlim] sample:		369.98 time, 370.02 real, 248 MB
[runlim] sample:		379.99 time, 380.02 real, 253 MB
[runlim] sample:		389.98 time, 390.02 real, 257 MB
[runlim] sample:		399.99 time, 400.02 real, 262 MB
[runlim] sample:		409.98 time, 410.02 real, 266 MB
[runlim] sample:		419.99 time, 420.02 real, 271 MB
[runlim] sample:		429.98 time, 430.02 real, 276 MB
[runlim] sample:		439.99 time, 440.02 real, 280 MB
[runlim] sample:		449.99 time, 450.02 real, 285 MB
[runlim] sample:		459.98 time, 460.02 real, 290 MB
[runlim] sample:		469.98 time, 470.02 real, 293 MB
[runlim] sample:		479.98 time, 480.02 real, 296 MB
[runlim] sample:		489.99 time, 490.02 real, 299 MB
[runlim] sample:		499.98 time, 500.02 real, 303 MB
[runlim] sample:		509.98 time, 510.02 real, 306 MB
[runlim] sample:		519.98 time, 520.02 real, 309 MB
[runlim] sample:		529.98 time, 530.02 real, 313 MB
[runlim] sample:		539.99 time, 540.02 real, 316 MB
[runlim] sample:		549.98 time, 550.02 real, 320 MB
[runlim] sample:		559.98 time, 560.02 real, 324 MB
[runlim] sample:		569.97 time, 570.02 real, 329 MB
[runlim] sample:		579.97 time, 580.02 real, 334 MB
[runlim] sample:		589.98 time, 590.02 real, 339 MB
[runlim] sample:		599.98 time, 600.02 real, 344 MB
[runlim] sample:		609.98 time, 610.02 real, 348 MB
[runlim] sample:		619.98 time, 620.02 real, 353 MB
[runlim] sample:		629.98 time, 630.02 real, 357 MB
[runlim] sample:		639.97 time, 640.02 real, 362 MB
[runlim] sample:		649.98 time, 650.02 real, 367 MB
[runlim] sample:		659.97 time, 660.02 real, 371 MB
[runlim] sample:		669.97 time, 670.02 real, 376 MB
[runlim] sample:		679.97 time, 680.02 real, 381 MB
[runlim] sample:		689.97 time, 690.02 real, 385 MB
[runlim] sample:		699.97 time, 700.02 real, 390 MB
[runlim] sample:		709.97 time, 710.02 real, 394 MB
[runlim] sample:		719.98 time, 720.02 real, 398 MB
[runlim] sample:		729.98 time, 730.02 real, 403 MB
[runlim] sample:		739.97 time, 740.02 real, 409 MB
[runlim] sample:		749.97 time, 750.02 real, 413 MB
[runlim] sample:		759.97 time, 760.02 real, 417 MB
[runlim] sample:		769.98 time, 770.02 real, 421 MB
[runlim] sample:		779.97 time, 780.02 real, 426 MB
[runlim] sample:		789.98 time, 790.02 real, 431 MB
[runlim] sample:		799.97 time, 800.02 real, 435 MB
[runlim] sample:		809.97 time, 810.02 real, 440 MB
[runlim] sample:		819.98 time, 820.02 real, 444 MB
[runlim] sample:		829.98 time, 830.02 real, 449 MB
[runlim] sample:		839.97 time, 840.02 real, 453 MB
[runlim] sample:		849.98 time, 850.02 real, 458 MB
[runlim] sample:		859.97 time, 860.02 real, 462 MB
[runlim] sample:		869.97 time, 870.02 real, 467 MB
[runlim] sample:		879.98 time, 880.02 real, 471 MB
[runlim] sample:		889.97 time, 890.02 real, 476 MB
[runlim] sample:		899.97 time, 900.02 real, 481 MB
[runlim] sample:		909.97 time, 910.02 real, 485 MB
[runlim] sample:		919.97 time, 920.02 real, 489 MB
[runlim] sample:		929.98 time, 930.02 real, 494 MB
[runlim] sample:		939.97 time, 940.02 real, 499 MB
[runlim] sample:		949.97 time, 950.02 real, 503 MB
[runlim] sample:		959.97 time, 960.02 real, 508 MB
[runlim] sample:		969.97 time, 970.02 real, 512 MB
[runlim] sample:		979.97 time, 980.02 real, 517 MB
[runlim] sample:		989.97 time, 990.02 real, 522 MB
[runlim] sample:		999.98 time, 1000.02 real, 526 MB
[runlim] sample:		1009.96 time, 1010.02 real, 530 MB
[runlim] sample:		1019.97 time, 1020.02 real, 534 MB
[runlim] sample:		1029.97 time, 1030.02 real, 539 MB
[runlim] sample:		1039.97 time, 1040.02 real, 543 MB
[runlim] sample:		1049.97 time, 1050.02 real, 547 MB
[runlim] sample:		1059.97 time, 1060.02 real, 552 MB
[runlim] sample:		1069.96 time, 1070.02 real, 557 MB
[runlim] sample:		1079.97 time, 1080.02 real, 562 MB
[runlim] sample:		1089.97 time, 1090.02 real, 568 MB
[runlim] sample:		1099.97 time, 1100.02 real, 572 MB
[runlim] sample:		1109.97 time, 1110.02 real, 576 MB
[runlim] sample:		1119.97 time, 1120.02 real, 580 MB
[runlim] sample:		1129.96 time, 1130.02 real, 585 MB
[runlim] sample:		1139.97 time, 1140.02 real, 589 MB
[runlim] sample:		1149.97 time, 1150.02 real, 593 MB
[runlim] sample:		1159.97 time, 1160.02 real, 597 MB
[runlim] sample:		1169.97 time, 1170.02 real, 602 MB
[runlim] sample:		1179.97 time, 1180.02 real, 605 MB
[runlim] sample:		1189.97 time, 1190.02 real, 610 MB
[runlim] sample:		1199.96 time, 1200.02 real, 614 MB
[runlim] sample:		1209.96 time, 1210.02 real, 618 MB
[runlim] sample:		1219.96 time, 1220.02 real, 622 MB
[runlim] sample:		1229.97 time, 1230.02 real, 626 MB
[runlim] sample:		1239.96 time, 1240.02 real, 631 MB
[runlim] sample:		1249.97 time, 1250.02 real, 636 MB
[runlim] sample:		1259.97 time, 1260.02 real, 640 MB
[runlim] sample:		1269.96 time, 1270.02 real, 644 MB
[runlim] sample:		1279.97 time, 1280.02 real, 649 MB
[runlim] sample:		1289.97 time, 1290.02 real, 653 MB
[runlim] sample:		1299.97 time, 1300.02 real, 658 MB
[runlim] sample:		1309.96 time, 1310.02 real, 662 MB
[runlim] sample:		1319.96 time, 1320.02 real, 667 MB
[runlim] sample:		1329.96 time, 1330.02 real, 671 MB
[runlim] sample:		1339.96 time, 1340.02 real, 675 MB
[runlim] sample:		1349.97 time, 1350.02 real, 679 MB
[runlim] sample:		1359.97 time, 1360.02 real, 683 MB
[runlim] sample:		1369.97 time, 1370.02 real, 688 MB
[runlim] sample:		1379.96 time, 1380.02 real, 692 MB
[runlim] sample:		1389.97 time, 1390.02 real, 696 MB
[runlim] sample:		1399.96 time, 1400.02 real, 700 MB
[runlim] sample:		1409.96 time, 1410.02 real, 704 MB
[runlim] sample:		1419.97 time, 1420.02 real, 710 MB
[runlim] sample:		1429.97 time, 1430.02 real, 714 MB
[runlim] sample:		1439.96 time, 1440.02 real, 718 MB
[runlim] sample:		1449.96 time, 1450.02 real, 722 MB
[runlim] sample:		1459.96 time, 1460.02 real, 726 MB
[runlim] sample:		1469.97 time, 1470.02 real, 730 MB
[runlim] sample:		1479.96 time, 1480.02 real, 734 MB
[runlim] sample:		1489.96 time, 1490.02 real, 738 MB
[runlim] sample:		1499.96 time, 1500.02 real, 742 MB
[runlim] sample:		1509.96 time, 1510.02 real, 746 MB
[runlim] sample:		1519.96 time, 1520.02 real, 750 MB
[runlim] sample:		1529.96 time, 1530.02 real, 754 MB
[runlim] sample:		1539.96 time, 1540.02 real, 760 MB
[runlim] sample:		1549.96 time, 1550.02 real, 764 MB
[runlim] sample:		1559.96 time, 1560.02 real, 768 MB
[runlim] sample:		1569.96 time, 1570.02 real, 771 MB
[runlim] sample:		1579.95 time, 1580.02 real, 775 MB
[runlim] sample:		1589.96 time, 1590.02 real, 780 MB
[runlim] sample:		1599.96 time, 1600.02 real, 783 MB
[runlim] sample:		1609.96 time, 1610.02 real, 787 MB
[runlim] sample:		1619.96 time, 1620.02 real, 791 MB
[runlim] sample:		1629.96 time, 1630.02 real, 795 MB
[runlim] sample:		1639.96 time, 1640.02 real, 799 MB
[runlim] sample:		1649.96 time, 1650.02 real, 803 MB
[runlim] sample:		1659.95 time, 1660.02 real, 807 MB
[runlim] sample:		1669.95 time, 1670.02 real, 811 MB
[runlim] sample:		1679.95 time, 1680.02 real, 815 MB
[runlim] sample:		1689.96 time, 1690.02 real, 819 MB
[runlim] sample:		1699.95 time, 1700.02 real, 824 MB
[runlim] sample:		1709.96 time, 1710.02 real, 828 MB
[runlim] sample:		1719.95 time, 1720.02 real, 832 MB
[runlim] sample:		1729.95 time, 1730.02 real, 836 MB
[runlim] sample:		1739.96 time, 1740.02 real, 840 MB
[runlim] sample:		1749.96 time, 1750.02 real, 845 MB
[runlim] sample:		1759.95 time, 1760.02 real, 849 MB
[runlim] sample:		1769.96 time, 1770.02 real, 853 MB
[runlim] sample:		1779.96 time, 1780.02 real, 857 MB
[runlim] sample:		1789.96 time, 1790.02 real, 861 MB
[runlim] sample:		1799.95 time, 1800.02 real, 867 MB
[runlim] sample:		1809.96 time, 1810.02 real, 871 MB
[runlim] sample:		1819.95 time, 1820.02 real, 875 MB
[runlim] sample:		1829.95 time, 1830.02 real, 879 MB
[runlim] sample:		1839.96 time, 1840.02 real, 883 MB
[runlim] sample:		1849.95 time, 1850.02 real, 887 MB
[runlim] sample:		1859.95 time, 1860.02 real, 892 MB
[runlim] sample:		1869.95 time, 1870.02 real, 896 MB
[runlim] sample:		1879.95 time, 1880.02 real, 900 MB
[runlim] sample:		1889.95 time, 1890.02 real, 904 MB
[runlim] sample:		1899.95 time, 1900.02 real, 908 MB
[runlim] sample:		1909.95 time, 1910.02 real, 911 MB
[runlim] sample:		1919.95 time, 1920.02 real, 915 MB
[runlim] sample:		1929.95 time, 1930.02 real, 918 MB
[runlim] sample:		1939.95 time, 1940.02 real, 922 MB
[runlim] sample:		1949.95 time, 1950.02 real, 926 MB
[runlim] sample:		1959.95 time, 1960.02 real, 929 MB
[runlim] sample:		1969.95 time, 1970.02 real, 933 MB
[runlim] sample:		1979.95 time, 1980.02 real, 936 MB
[runlim] sample:		1989.95 time, 1990.02 real, 940 MB
[runlim] sample:		1999.95 time, 2000.02 real, 943 MB
[runlim] sample:		2009.94 time, 2010.02 real, 947 MB
[runlim] sample:		2019.95 time, 2020.02 real, 950 MB
[runlim] sample:		2029.95 time, 2030.02 real, 955 MB
[runlim] sample:		2039.95 time, 2040.02 real, 960 MB
[runlim] sample:		2049.95 time, 2050.02 real, 964 MB
[runlim] sample:		2059.95 time, 2060.02 real, 968 MB
[runlim] sample:		2069.95 time, 2070.02 real, 972 MB
[runlim] sample:		2079.95 time, 2080.02 real, 976 MB
[runlim] sample:		2089.95 time, 2090.02 real, 980 MB
[runlim] sample:		2099.95 time, 2100.02 real, 983 MB
[runlim] sample:		2109.95 time, 2110.02 real, 987 MB
[runlim] sample:		2119.95 time, 2120.02 real, 992 MB
[runlim] sample:		2129.94 time, 2130.02 real, 997 MB
[runlim] sample:		2139.94 time, 2140.02 real, 1001 MB
[runlim] sample:		2149.95 time, 2150.02 real, 1005 MB
[runlim] sample:		2159.94 time, 2160.02 real, 1008 MB
[runlim] sample:		2169.95 time, 2170.02 real, 1013 MB
[runlim] sample:		2179.95 time, 2180.02 real, 1016 MB
[runlim] sample:		2189.94 time, 2190.02 real, 1020 MB
[runlim] sample:		2199.95 time, 2200.02 real, 1025 MB
[runlim] sample:		2209.95 time, 2210.02 real, 1029 MB
[runlim] sample:		2219.95 time, 2220.02 real, 1034 MB
[runlim] sample:		2229.94 time, 2230.02 real, 1038 MB
[runlim] sample:		2239.95 time, 2240.02 real, 1041 MB
[runlim] sample:		2249.94 time, 2250.02 real, 1045 MB
[runlim] sample:		2259.94 time, 2260.02 real, 1049 MB
[runlim] sample:		2269.95 time, 2270.02 real, 1052 MB
[runlim] sample:		2279.94 time, 2280.02 real, 1055 MB
[runlim] sample:		2289.94 time, 2290.02 real, 1059 MB
[runlim] sample:		2299.94 time, 2300.02 real, 1063 MB
[runlim] sample:		2309.95 time, 2310.02 real, 1066 MB
[runlim] sample:		2319.94 time, 2320.02 real, 1070 MB
[runlim] sample:		2329.94 time, 2330.02 real, 1074 MB
[runlim] sample:		2339.94 time, 2340.02 real, 1078 MB
[runlim] sample:		2349.94 time, 2350.02 real, 1082 MB
[runlim] sample:		2359.94 time, 2360.02 real, 1085 MB
[runlim] sample:		2369.94 time, 2370.02 real, 1089 MB
[runlim] sample:		2379.94 time, 2380.02 real, 1093 MB
[runlim] sample:		2389.94 time, 2390.02 real, 1096 MB
[runlim] sample:		2399.94 time, 2400.02 real, 1101 MB
[runlim] sample:		2409.94 time, 2410.02 real, 1104 MB
[runlim] sample:		2419.94 time, 2420.02 real, 1108 MB
[runlim] sample:		2429.94 time, 2430.02 real, 1111 MB
[runlim] sample:		2439.94 time, 2440.02 real, 1115 MB
[runlim] sample:		2449.94 time, 2450.02 real, 1118 MB
[runlim] sample:		2459.93 time, 2460.02 real, 1121 MB
[runlim] sample:		2469.94 time, 2470.02 real, 1124 MB
[runlim] sample:		2479.94 time, 2480.02 real, 1127 MB
[runlim] sample:		2489.94 time, 2490.02 real, 1131 MB
[runlim] sample:		2499.93 time, 2500.02 real, 1134 MB
[runlim] sample:		2509.94 time, 2510.02 real, 1137 MB
[runlim] sample:		2519.93 time, 2520.02 real, 1141 MB
[runlim] sample:		2529.94 time, 2530.02 real, 1144 MB
[runlim] sample:		2539.94 time, 2540.02 real, 1147 MB
[runlim] sample:		2549.94 time, 2550.02 real, 1151 MB
[runlim] sample:		2559.94 time, 2560.02 real, 1154 MB
[runlim] sample:		2569.93 time, 2570.02 real, 1157 MB
[runlim] sample:		2579.94 time, 2580.02 real, 1161 MB
[runlim] sample:		2589.94 time, 2590.02 real, 1164 MB
[runlim] sample:		2599.94 time, 2600.02 real, 1167 MB
[runlim] sample:		2609.94 time, 2610.02 real, 1171 MB
[runlim] sample:		2619.93 time, 2620.02 real, 1174 MB
[runlim] sample:		2629.94 time, 2630.02 real, 1178 MB
[runlim] sample:		2639.94 time, 2640.02 real, 1181 MB
[runlim] sample:		2649.93 time, 2650.02 real, 1185 MB
[runlim] sample:		2659.93 time, 2660.02 real, 1188 MB
[runlim] sample:		2669.93 time, 2670.02 real, 1193 MB
[runlim] sample:		2679.94 time, 2680.02 real, 1197 MB
[runlim] sample:		2689.93 time, 2690.02 real, 1201 MB
[runlim] sample:		2699.93 time, 2700.02 real, 1205 MB
[runlim] end:			Sat Feb 29 08:03:44 2020
[runlim] status:		out of time
[runlim] result:		2
[runlim] children:		1
[runlim] real:			2700.15 seconds
[runlim] time:			2699.93 seconds
[runlim] space:			1205 MB
[runlim] samples:		27000
