[runlim] version:		1.18
[runlim] host:			c3n31
[runlim] time limit:		2700 seconds
[runlim] real time limit:	2700 seconds
[runlim] space limit:		7000 MB
[runlim] argv[0]:		./binary
[runlim] argv[1]:		/data/cnf/ankit/E1-A1-Red/term1.blif_0.10_0.20_0_0_inp_exact.dqbf
[runlim] start:			Sat Feb 29 07:18:42 2020
[runlim] child:			13809
[runlim] sample:		9.13 time, 10.02 real, 31 MB
[runlim] sample:		19.13 time, 20.02 real, 42 MB
[runlim] sample:		29.12 time, 30.02 real, 52 MB
[runlim] sample:		39.12 time, 40.02 real, 61 MB
[runlim] end:			Sat Feb 29 07:19:30 2020
[runlim] status:		ok
[runlim] result:		0
[runlim] children:		1
[runlim] real:			48.45 seconds
[runlim] time:			47.52 seconds
[runlim] space:			68 MB
[runlim] samples:		484
