[runlim] version:		1.18
[runlim] host:			c3n32
[runlim] time limit:		2700 seconds
[runlim] real time limit:	2700 seconds
[runlim] space limit:		7000 MB
[runlim] argv[0]:		./binary
[runlim] argv[1]:		/data/cnf/ankit/E1-A1-Red/ttt_5x5-shape-1-GTTT-1-2-torus-0.dqbf
[runlim] start:			Sat Feb 29 07:18:44 2020
[runlim] child:			11146
[runlim] sample:		9.98 time, 10.02 real, 81 MB
[runlim] sample:		19.98 time, 20.02 real, 116 MB
[runlim] sample:		29.98 time, 30.02 real, 151 MB
[runlim] sample:		39.98 time, 40.02 real, 185 MB
[runlim] sample:		49.97 time, 50.02 real, 221 MB
[runlim] sample:		59.98 time, 60.02 real, 256 MB
[runlim] sample:		69.98 time, 70.02 real, 291 MB
[runlim] sample:		79.98 time, 80.02 real, 326 MB
[runlim] sample:		89.98 time, 90.02 real, 361 MB
[runlim] sample:		100.08 time, 100.12 real, 394 MB
[runlim] sample:		110.08 time, 110.12 real, 426 MB
[runlim] sample:		120.08 time, 120.12 real, 461 MB
[runlim] sample:		130.08 time, 130.12 real, 494 MB
[runlim] sample:		140.08 time, 140.12 real, 529 MB
[runlim] sample:		150.08 time, 150.12 real, 563 MB
[runlim] sample:		160.08 time, 160.12 real, 596 MB
[runlim] sample:		170.08 time, 170.12 real, 630 MB
[runlim] sample:		180.08 time, 180.12 real, 608 MB
[runlim] sample:		190.08 time, 190.12 real, 640 MB
[runlim] sample:		200.08 time, 200.12 real, 674 MB
[runlim] sample:		210.08 time, 210.12 real, 707 MB
[runlim] sample:		220.08 time, 220.12 real, 742 MB
[runlim] sample:		230.07 time, 230.12 real, 778 MB
[runlim] sample:		240.08 time, 240.12 real, 813 MB
[runlim] sample:		250.08 time, 250.12 real, 847 MB
[runlim] sample:		260.08 time, 260.12 real, 876 MB
[runlim] sample:		270.07 time, 270.12 real, 905 MB
[runlim] sample:		280.08 time, 280.12 real, 934 MB
[runlim] sample:		290.08 time, 290.12 real, 961 MB
[runlim] sample:		300.08 time, 300.12 real, 986 MB
[runlim] sample:		310.08 time, 310.12 real, 1016 MB
[runlim] sample:		320.08 time, 320.12 real, 1043 MB
[runlim] sample:		330.08 time, 330.12 real, 1070 MB
[runlim] sample:		340.08 time, 340.12 real, 1099 MB
[runlim] sample:		350.08 time, 350.12 real, 1127 MB
[runlim] sample:		360.08 time, 360.12 real, 1156 MB
[runlim] sample:		370.08 time, 370.12 real, 1083 MB
[runlim] sample:		380.08 time, 380.12 real, 1113 MB
[runlim] sample:		390.08 time, 390.12 real, 1142 MB
[runlim] sample:		400.08 time, 400.12 real, 1171 MB
[runlim] sample:		410.07 time, 410.12 real, 1201 MB
[runlim] sample:		420.08 time, 420.12 real, 1232 MB
[runlim] sample:		430.07 time, 430.12 real, 1262 MB
[runlim] sample:		440.08 time, 440.12 real, 1291 MB
[runlim] sample:		450.08 time, 450.12 real, 1321 MB
[runlim] sample:		460.08 time, 460.12 real, 1350 MB
[runlim] sample:		470.07 time, 470.12 real, 1381 MB
[runlim] sample:		480.07 time, 480.12 real, 1411 MB
[runlim] sample:		490.08 time, 490.12 real, 1441 MB
[runlim] sample:		500.08 time, 500.12 real, 1470 MB
[runlim] sample:		510.07 time, 510.12 real, 1498 MB
[runlim] sample:		520.08 time, 520.12 real, 1528 MB
[runlim] sample:		530.08 time, 530.12 real, 1558 MB
[runlim] sample:		540.08 time, 540.12 real, 1587 MB
[runlim] sample:		550.08 time, 550.12 real, 1616 MB
[runlim] sample:		560.08 time, 560.12 real, 1644 MB
[runlim] sample:		570.08 time, 570.12 real, 1674 MB
[runlim] sample:		580.08 time, 580.12 real, 1704 MB
[runlim] sample:		590.07 time, 590.12 real, 1733 MB
[runlim] sample:		600.08 time, 600.12 real, 1761 MB
[runlim] sample:		610.07 time, 610.12 real, 1790 MB
[runlim] sample:		620.08 time, 620.12 real, 1818 MB
[runlim] sample:		630.08 time, 630.12 real, 1847 MB
[runlim] sample:		640.07 time, 640.12 real, 1875 MB
[runlim] sample:		650.07 time, 650.12 real, 1904 MB
[runlim] sample:		660.08 time, 660.12 real, 1934 MB
[runlim] sample:		670.07 time, 670.12 real, 1963 MB
[runlim] sample:		680.07 time, 680.12 real, 1991 MB
[runlim] sample:		690.08 time, 690.12 real, 2019 MB
[runlim] sample:		700.07 time, 700.12 real, 2047 MB
[runlim] sample:		710.07 time, 710.12 real, 1919 MB
[runlim] sample:		720.07 time, 720.12 real, 1949 MB
[runlim] sample:		730.08 time, 730.12 real, 1978 MB
[runlim] sample:		740.07 time, 740.12 real, 2008 MB
[runlim] sample:		750.07 time, 750.12 real, 2036 MB
[runlim] sample:		760.08 time, 760.12 real, 2065 MB
[runlim] sample:		770.07 time, 770.12 real, 2094 MB
[runlim] sample:		780.07 time, 780.12 real, 2122 MB
[runlim] sample:		790.07 time, 790.12 real, 2149 MB
[runlim] sample:		800.07 time, 800.12 real, 2177 MB
[runlim] sample:		810.08 time, 810.12 real, 2205 MB
[runlim] sample:		820.08 time, 820.12 real, 2234 MB
[runlim] sample:		830.07 time, 830.12 real, 2261 MB
[runlim] sample:		840.07 time, 840.12 real, 2289 MB
[runlim] sample:		850.08 time, 850.12 real, 2315 MB
[runlim] sample:		860.08 time, 860.12 real, 2339 MB
[runlim] sample:		870.07 time, 870.12 real, 2365 MB
[runlim] sample:		880.07 time, 880.12 real, 2386 MB
[runlim] sample:		890.07 time, 890.12 real, 2410 MB
[runlim] sample:		900.08 time, 900.12 real, 2438 MB
[runlim] sample:		910.08 time, 910.12 real, 2464 MB
[runlim] sample:		920.07 time, 920.12 real, 2490 MB
[runlim] sample:		930.07 time, 930.12 real, 2513 MB
[runlim] sample:		940.08 time, 940.12 real, 2538 MB
[runlim] sample:		950.08 time, 950.12 real, 2561 MB
[runlim] sample:		960.08 time, 960.12 real, 2586 MB
[runlim] sample:		970.07 time, 970.12 real, 2610 MB
[runlim] sample:		980.08 time, 980.12 real, 2636 MB
[runlim] sample:		990.07 time, 990.12 real, 2662 MB
[runlim] sample:		1000.07 time, 1000.12 real, 2687 MB
[runlim] sample:		1010.07 time, 1010.12 real, 2712 MB
[runlim] sample:		1020.07 time, 1020.12 real, 2739 MB
[runlim] sample:		1030.07 time, 1030.12 real, 2765 MB
[runlim] sample:		1040.07 time, 1040.12 real, 2784 MB
[runlim] sample:		1050.07 time, 1050.12 real, 2805 MB
[runlim] sample:		1060.07 time, 1060.12 real, 2823 MB
[runlim] sample:		1070.07 time, 1070.12 real, 2848 MB
[runlim] sample:		1080.08 time, 1080.12 real, 2895 MB
[runlim] sample:		1090.07 time, 1090.12 real, 2919 MB
[runlim] sample:		1100.07 time, 1100.12 real, 2940 MB
[runlim] sample:		1110.07 time, 1110.12 real, 2963 MB
[runlim] sample:		1120.07 time, 1120.12 real, 2990 MB
[runlim] sample:		1130.08 time, 1130.12 real, 3012 MB
[runlim] sample:		1140.07 time, 1140.12 real, 3035 MB
[runlim] sample:		1150.07 time, 1150.12 real, 3062 MB
[runlim] sample:		1160.08 time, 1160.12 real, 3088 MB
[runlim] sample:		1170.07 time, 1170.12 real, 3114 MB
[runlim] sample:		1180.08 time, 1180.12 real, 3139 MB
[runlim] sample:		1190.07 time, 1190.12 real, 3165 MB
[runlim] sample:		1200.07 time, 1200.12 real, 3191 MB
[runlim] sample:		1210.08 time, 1210.12 real, 3210 MB
[runlim] sample:		1220.07 time, 1220.12 real, 2974 MB
[runlim] sample:		1230.07 time, 1230.12 real, 3001 MB
[runlim] sample:		1240.08 time, 1240.12 real, 3025 MB
[runlim] sample:		1250.07 time, 1250.12 real, 3044 MB
[runlim] sample:		1260.07 time, 1260.12 real, 3066 MB
[runlim] sample:		1270.08 time, 1270.12 real, 3086 MB
[runlim] sample:		1280.07 time, 1280.12 real, 3106 MB
[runlim] sample:		1290.08 time, 1290.12 real, 3131 MB
[runlim] sample:		1300.07 time, 1300.12 real, 3158 MB
[runlim] sample:		1310.08 time, 1310.12 real, 3183 MB
[runlim] sample:		1320.07 time, 1320.12 real, 3202 MB
[runlim] sample:		1330.07 time, 1330.12 real, 3224 MB
[runlim] sample:		1340.07 time, 1340.12 real, 3248 MB
[runlim] sample:		1350.07 time, 1350.12 real, 3276 MB
[runlim] sample:		1360.07 time, 1360.12 real, 3306 MB
[runlim] sample:		1370.07 time, 1370.12 real, 3333 MB
[runlim] sample:		1380.07 time, 1380.12 real, 3360 MB
[runlim] sample:		1390.07 time, 1390.12 real, 3388 MB
[runlim] sample:		1400.07 time, 1400.12 real, 3412 MB
[runlim] sample:		1410.07 time, 1410.12 real, 3429 MB
[runlim] sample:		1420.07 time, 1420.12 real, 3447 MB
[runlim] sample:		1430.07 time, 1430.12 real, 3468 MB
[runlim] sample:		1440.07 time, 1440.12 real, 3489 MB
[runlim] sample:		1450.07 time, 1450.12 real, 3511 MB
[runlim] sample:		1460.07 time, 1460.12 real, 3535 MB
[runlim] sample:		1470.07 time, 1470.12 real, 3560 MB
[runlim] sample:		1480.07 time, 1480.12 real, 3584 MB
[runlim] sample:		1490.07 time, 1490.12 real, 3604 MB
[runlim] sample:		1500.07 time, 1500.12 real, 3626 MB
[runlim] sample:		1510.07 time, 1510.12 real, 3643 MB
[runlim] sample:		1520.07 time, 1520.12 real, 3666 MB
[runlim] sample:		1530.07 time, 1530.12 real, 3689 MB
[runlim] sample:		1540.07 time, 1540.12 real, 3710 MB
[runlim] sample:		1550.07 time, 1550.12 real, 3733 MB
[runlim] sample:		1560.07 time, 1560.12 real, 3757 MB
[runlim] sample:		1570.07 time, 1570.12 real, 3781 MB
[runlim] sample:		1580.07 time, 1580.12 real, 3805 MB
[runlim] sample:		1590.07 time, 1590.12 real, 3827 MB
[runlim] sample:		1600.07 time, 1600.12 real, 3849 MB
[runlim] sample:		1610.07 time, 1610.12 real, 3875 MB
[runlim] sample:		1620.07 time, 1620.12 real, 3898 MB
[runlim] sample:		1630.07 time, 1630.12 real, 3919 MB
[runlim] sample:		1640.07 time, 1640.12 real, 3940 MB
[runlim] sample:		1650.07 time, 1650.12 real, 3963 MB
[runlim] sample:		1660.07 time, 1660.12 real, 3986 MB
[runlim] sample:		1670.07 time, 1670.12 real, 4006 MB
[runlim] sample:		1680.07 time, 1680.12 real, 4027 MB
[runlim] sample:		1690.07 time, 1690.12 real, 4048 MB
[runlim] sample:		1700.07 time, 1700.12 real, 4067 MB
[runlim] sample:		1710.07 time, 1710.12 real, 4085 MB
[runlim] sample:		1720.07 time, 1720.12 real, 4103 MB
[runlim] sample:		1730.07 time, 1730.12 real, 4122 MB
[runlim] sample:		1740.07 time, 1740.12 real, 4141 MB
[runlim] sample:		1750.07 time, 1750.12 real, 4164 MB
[runlim] sample:		1760.07 time, 1760.12 real, 4186 MB
[runlim] sample:		1770.07 time, 1770.12 real, 4210 MB
[runlim] sample:		1780.07 time, 1780.12 real, 4233 MB
[runlim] sample:		1790.07 time, 1790.12 real, 4257 MB
[runlim] sample:		1800.07 time, 1800.12 real, 4282 MB
[runlim] sample:		1810.07 time, 1810.12 real, 4307 MB
[runlim] sample:		1820.07 time, 1820.12 real, 4331 MB
[runlim] sample:		1830.07 time, 1830.12 real, 4348 MB
[runlim] sample:		1840.07 time, 1840.12 real, 4364 MB
[runlim] sample:		1850.07 time, 1850.12 real, 4381 MB
[runlim] sample:		1860.07 time, 1860.12 real, 4398 MB
[runlim] sample:		1870.07 time, 1870.12 real, 4416 MB
[runlim] sample:		1880.07 time, 1880.12 real, 4431 MB
[runlim] sample:		1890.07 time, 1890.12 real, 4449 MB
[runlim] sample:		1900.07 time, 1900.12 real, 4470 MB
[runlim] sample:		1910.06 time, 1910.12 real, 4493 MB
[runlim] sample:		1920.07 time, 1920.12 real, 4512 MB
[runlim] sample:		1930.06 time, 1930.12 real, 4531 MB
[runlim] sample:		1940.06 time, 1940.12 real, 4552 MB
[runlim] sample:		1950.07 time, 1950.12 real, 4569 MB
[runlim] sample:		1960.06 time, 1960.12 real, 4590 MB
[runlim] sample:		1970.07 time, 1970.12 real, 4607 MB
[runlim] sample:		1980.06 time, 1980.12 real, 4627 MB
[runlim] sample:		1990.07 time, 1990.12 real, 4643 MB
[runlim] sample:		2000.07 time, 2000.12 real, 4662 MB
[runlim] sample:		2010.06 time, 2010.12 real, 4678 MB
[runlim] sample:		2020.06 time, 2020.12 real, 4693 MB
[runlim] sample:		2030.06 time, 2030.12 real, 4713 MB
[runlim] sample:		2040.06 time, 2040.12 real, 4730 MB
[runlim] sample:		2050.07 time, 2050.12 real, 4745 MB
[runlim] sample:		2060.06 time, 2060.12 real, 4762 MB
[runlim] sample:		2070.07 time, 2070.12 real, 4778 MB
[runlim] sample:		2080.06 time, 2080.12 real, 4796 MB
[runlim] sample:		2090.06 time, 2090.12 real, 4813 MB
[runlim] sample:		2100.06 time, 2100.12 real, 4827 MB
[runlim] sample:		2110.06 time, 2110.12 real, 4846 MB
[runlim] sample:		2120.07 time, 2120.12 real, 4870 MB
[runlim] sample:		2130.06 time, 2130.12 real, 4895 MB
[runlim] sample:		2140.06 time, 2140.12 real, 4546 MB
[runlim] sample:		2150.06 time, 2150.12 real, 4570 MB
[runlim] sample:		2160.07 time, 2160.12 real, 4594 MB
[runlim] sample:		2170.06 time, 2170.12 real, 4619 MB
[runlim] sample:		2180.07 time, 2180.12 real, 4644 MB
[runlim] sample:		2190.06 time, 2190.12 real, 4668 MB
[runlim] sample:		2200.06 time, 2200.12 real, 4692 MB
[runlim] sample:		2210.06 time, 2210.12 real, 4717 MB
[runlim] sample:		2220.06 time, 2220.12 real, 4741 MB
[runlim] sample:		2230.07 time, 2230.12 real, 4764 MB
[runlim] sample:		2240.07 time, 2240.12 real, 4786 MB
[runlim] sample:		2250.06 time, 2250.12 real, 4799 MB
[runlim] sample:		2260.07 time, 2260.12 real, 4820 MB
[runlim] sample:		2270.07 time, 2270.12 real, 4843 MB
[runlim] sample:		2280.07 time, 2280.12 real, 4862 MB
[runlim] sample:		2290.06 time, 2290.12 real, 4878 MB
[runlim] sample:		2300.06 time, 2300.12 real, 4889 MB
[runlim] sample:		2310.06 time, 2310.12 real, 4908 MB
[runlim] sample:		2320.07 time, 2320.12 real, 4926 MB
[runlim] sample:		2330.06 time, 2330.12 real, 4941 MB
[runlim] sample:		2340.06 time, 2340.12 real, 4959 MB
[runlim] sample:		2350.06 time, 2350.12 real, 4974 MB
[runlim] sample:		2360.06 time, 2360.12 real, 4989 MB
[runlim] sample:		2370.06 time, 2370.12 real, 5005 MB
[runlim] sample:		2380.07 time, 2380.12 real, 5024 MB
[runlim] sample:		2390.06 time, 2390.12 real, 5037 MB
[runlim] sample:		2400.06 time, 2400.12 real, 5056 MB
[runlim] sample:		2410.06 time, 2410.12 real, 5074 MB
[runlim] sample:		2420.06 time, 2420.12 real, 5092 MB
[runlim] sample:		2430.06 time, 2430.12 real, 5102 MB
[runlim] sample:		2440.07 time, 2440.12 real, 5116 MB
[runlim] sample:		2450.06 time, 2450.12 real, 5131 MB
[runlim] sample:		2460.07 time, 2460.12 real, 5142 MB
[runlim] sample:		2470.06 time, 2470.12 real, 5158 MB
[runlim] sample:		2480.06 time, 2480.12 real, 5180 MB
[runlim] sample:		2490.06 time, 2490.12 real, 5196 MB
[runlim] sample:		2500.06 time, 2500.12 real, 5215 MB
[runlim] sample:		2510.06 time, 2510.12 real, 5233 MB
[runlim] sample:		2520.06 time, 2520.12 real, 5245 MB
[runlim] sample:		2530.06 time, 2530.12 real, 5265 MB
[runlim] sample:		2540.06 time, 2540.12 real, 5285 MB
[runlim] sample:		2550.06 time, 2550.12 real, 5304 MB
[runlim] sample:		2560.06 time, 2560.12 real, 5321 MB
[runlim] sample:		2570.06 time, 2570.12 real, 5343 MB
[runlim] sample:		2580.06 time, 2580.12 real, 5367 MB
[runlim] sample:		2590.06 time, 2590.12 real, 5389 MB
[runlim] sample:		2600.06 time, 2600.12 real, 5413 MB
[runlim] sample:		2610.06 time, 2610.12 real, 5435 MB
[runlim] sample:		2620.06 time, 2620.12 real, 5453 MB
[runlim] sample:		2630.06 time, 2630.12 real, 5471 MB
[runlim] sample:		2640.06 time, 2640.12 real, 5490 MB
[runlim] sample:		2650.06 time, 2650.12 real, 5508 MB
[runlim] sample:		2660.06 time, 2660.12 real, 5525 MB
[runlim] sample:		2670.06 time, 2670.12 real, 5549 MB
[runlim] sample:		2680.06 time, 2680.12 real, 5569 MB
[runlim] sample:		2690.06 time, 2690.12 real, 5592 MB
[runlim] end:			Sat Feb 29 08:03:44 2020
[runlim] status:		out of time
[runlim] result:		2
[runlim] children:		1
[runlim] real:			2700.46 seconds
[runlim] time:			2699.96 seconds
[runlim] space:			6291 MB
[runlim] samples:		26999
