[runlim] version:		1.18
[runlim] host:			c3n31
[runlim] time limit:		2700 seconds
[runlim] real time limit:	2700 seconds
[runlim] space limit:		7000 MB
[runlim] argv[0]:		./binary
[runlim] argv[1]:		/data/cnf/ankit/E1-A1-Red/ttt_5x5-shape-0-GTTT-2-1-torus-1.dqbf
[runlim] start:			Sat Feb 29 07:18:44 2020
[runlim] child:			13989
[runlim] sample:		10.00 time, 10.02 real, 65 MB
[runlim] sample:		20.00 time, 20.02 real, 91 MB
[runlim] sample:		30.00 time, 30.02 real, 118 MB
[runlim] sample:		39.99 time, 40.02 real, 145 MB
[runlim] sample:		49.99 time, 50.02 real, 171 MB
[runlim] sample:		59.99 time, 60.02 real, 197 MB
[runlim] sample:		70.00 time, 70.02 real, 224 MB
[runlim] sample:		80.00 time, 80.02 real, 251 MB
[runlim] sample:		90.03 time, 90.06 real, 277 MB
[runlim] sample:		100.00 time, 100.02 real, 302 MB
[runlim] sample:		109.99 time, 110.02 real, 324 MB
[runlim] sample:		119.99 time, 120.02 real, 348 MB
[runlim] sample:		129.99 time, 130.02 real, 371 MB
[runlim] sample:		139.99 time, 140.02 real, 395 MB
[runlim] sample:		149.99 time, 150.02 real, 418 MB
[runlim] sample:		159.99 time, 160.02 real, 441 MB
[runlim] sample:		169.99 time, 170.02 real, 463 MB
[runlim] sample:		179.99 time, 180.02 real, 486 MB
[runlim] sample:		189.99 time, 190.02 real, 509 MB
[runlim] sample:		199.99 time, 200.02 real, 531 MB
[runlim] sample:		209.99 time, 210.02 real, 518 MB
[runlim] sample:		219.99 time, 220.02 real, 541 MB
[runlim] sample:		229.99 time, 230.02 real, 564 MB
[runlim] sample:		239.99 time, 240.02 real, 587 MB
[runlim] sample:		249.98 time, 250.02 real, 609 MB
[runlim] sample:		259.99 time, 260.02 real, 631 MB
[runlim] sample:		269.98 time, 270.02 real, 652 MB
[runlim] sample:		279.99 time, 280.02 real, 674 MB
[runlim] sample:		289.98 time, 290.02 real, 694 MB
[runlim] sample:		299.98 time, 300.02 real, 716 MB
[runlim] sample:		309.99 time, 310.02 real, 736 MB
[runlim] sample:		319.98 time, 320.02 real, 757 MB
[runlim] sample:		329.99 time, 330.02 real, 778 MB
[runlim] sample:		339.99 time, 340.02 real, 799 MB
[runlim] sample:		349.98 time, 350.02 real, 820 MB
[runlim] sample:		359.98 time, 360.02 real, 840 MB
[runlim] sample:		369.99 time, 370.02 real, 861 MB
[runlim] sample:		379.98 time, 380.02 real, 882 MB
[runlim] sample:		389.98 time, 390.02 real, 903 MB
[runlim] sample:		399.98 time, 400.02 real, 924 MB
[runlim] sample:		409.99 time, 410.02 real, 944 MB
[runlim] sample:		419.98 time, 420.02 real, 970 MB
[runlim] sample:		429.98 time, 430.02 real, 990 MB
[runlim] sample:		439.99 time, 440.02 real, 939 MB
[runlim] sample:		449.98 time, 450.02 real, 959 MB
[runlim] sample:		459.98 time, 460.02 real, 979 MB
[runlim] sample:		469.99 time, 470.02 real, 999 MB
[runlim] sample:		479.98 time, 480.02 real, 1020 MB
[runlim] sample:		489.99 time, 490.02 real, 1040 MB
[runlim] sample:		499.99 time, 500.02 real, 1061 MB
[runlim] sample:		509.98 time, 510.02 real, 1081 MB
[runlim] sample:		519.98 time, 520.02 real, 1102 MB
[runlim] sample:		529.98 time, 530.02 real, 1123 MB
[runlim] sample:		539.98 time, 540.02 real, 1143 MB
[runlim] sample:		549.98 time, 550.02 real, 1163 MB
[runlim] sample:		559.99 time, 560.02 real, 1184 MB
[runlim] sample:		569.99 time, 570.02 real, 1205 MB
[runlim] sample:		579.98 time, 580.02 real, 1225 MB
[runlim] sample:		589.98 time, 590.02 real, 1245 MB
[runlim] sample:		599.99 time, 600.02 real, 1265 MB
[runlim] sample:		609.98 time, 610.02 real, 1286 MB
[runlim] sample:		619.98 time, 620.02 real, 1307 MB
[runlim] sample:		629.99 time, 630.02 real, 1327 MB
[runlim] sample:		639.98 time, 640.02 real, 1347 MB
[runlim] sample:		649.98 time, 650.02 real, 1367 MB
[runlim] sample:		659.98 time, 660.02 real, 1387 MB
[runlim] sample:		669.98 time, 670.02 real, 1408 MB
[runlim] sample:		679.98 time, 680.02 real, 1356 MB
[runlim] sample:		689.99 time, 690.02 real, 1377 MB
[runlim] sample:		699.98 time, 700.02 real, 1398 MB
[runlim] sample:		709.98 time, 710.02 real, 1419 MB
[runlim] sample:		719.98 time, 720.02 real, 1440 MB
[runlim] sample:		729.98 time, 730.02 real, 1463 MB
[runlim] sample:		739.98 time, 740.02 real, 1485 MB
[runlim] sample:		749.98 time, 750.02 real, 1509 MB
[runlim] sample:		759.98 time, 760.02 real, 1532 MB
[runlim] sample:		769.97 time, 770.02 real, 1554 MB
[runlim] sample:		779.98 time, 780.02 real, 1577 MB
[runlim] sample:		789.98 time, 790.02 real, 1600 MB
[runlim] sample:		799.97 time, 800.02 real, 1621 MB
[runlim] sample:		809.98 time, 810.02 real, 1643 MB
[runlim] sample:		819.97 time, 820.02 real, 1666 MB
[runlim] sample:		829.98 time, 830.02 real, 1688 MB
[runlim] sample:		839.97 time, 840.02 real, 1710 MB
[runlim] sample:		849.97 time, 850.02 real, 1732 MB
[runlim] sample:		859.97 time, 860.02 real, 1754 MB
[runlim] sample:		869.98 time, 870.02 real, 1778 MB
[runlim] sample:		879.97 time, 880.02 real, 1799 MB
[runlim] sample:		889.97 time, 890.02 real, 1820 MB
[runlim] sample:		899.97 time, 900.02 real, 1842 MB
[runlim] sample:		909.98 time, 910.02 real, 1866 MB
[runlim] sample:		919.97 time, 920.02 real, 1887 MB
[runlim] sample:		929.97 time, 930.02 real, 1909 MB
[runlim] sample:		939.98 time, 940.02 real, 1931 MB
[runlim] sample:		949.97 time, 950.02 real, 1951 MB
[runlim] sample:		959.97 time, 960.02 real, 1972 MB
[runlim] sample:		969.97 time, 970.02 real, 1992 MB
[runlim] sample:		979.97 time, 980.02 real, 2013 MB
[runlim] sample:		989.98 time, 990.02 real, 2034 MB
[runlim] sample:		999.97 time, 1000.02 real, 2056 MB
[runlim] sample:		1009.97 time, 1010.02 real, 1968 MB
[runlim] sample:		1019.97 time, 1020.02 real, 1989 MB
[runlim] sample:		1029.98 time, 1030.02 real, 2010 MB
[runlim] sample:		1039.97 time, 1040.02 real, 2032 MB
[runlim] sample:		1049.97 time, 1050.02 real, 2052 MB
[runlim] sample:		1059.97 time, 1060.02 real, 2073 MB
[runlim] sample:		1069.97 time, 1070.02 real, 2093 MB
[runlim] sample:		1079.97 time, 1080.02 real, 2114 MB
[runlim] sample:		1089.97 time, 1090.02 real, 2134 MB
[runlim] sample:		1099.97 time, 1100.02 real, 2155 MB
[runlim] sample:		1109.97 time, 1110.02 real, 2176 MB
[runlim] sample:		1119.97 time, 1120.02 real, 2197 MB
[runlim] sample:		1129.97 time, 1130.02 real, 2217 MB
[runlim] sample:		1139.97 time, 1140.02 real, 2239 MB
[runlim] sample:		1149.97 time, 1150.02 real, 2258 MB
[runlim] sample:		1159.97 time, 1160.02 real, 2279 MB
[runlim] sample:		1169.97 time, 1170.02 real, 2300 MB
[runlim] sample:		1179.97 time, 1180.02 real, 2322 MB
[runlim] sample:		1189.97 time, 1190.02 real, 2344 MB
[runlim] sample:		1199.97 time, 1200.02 real, 2365 MB
[runlim] sample:		1209.97 time, 1210.02 real, 2386 MB
[runlim] sample:		1219.97 time, 1220.02 real, 2407 MB
[runlim] sample:		1229.97 time, 1230.02 real, 2429 MB
[runlim] sample:		1239.97 time, 1240.02 real, 2451 MB
[runlim] sample:		1249.97 time, 1250.02 real, 2471 MB
[runlim] sample:		1259.97 time, 1260.02 real, 2491 MB
[runlim] sample:		1269.96 time, 1270.02 real, 2511 MB
[runlim] sample:		1279.97 time, 1280.02 real, 2533 MB
[runlim] sample:		1289.96 time, 1290.02 real, 2553 MB
[runlim] sample:		1299.96 time, 1300.02 real, 2573 MB
[runlim] sample:		1309.96 time, 1310.02 real, 2593 MB
[runlim] sample:		1319.96 time, 1320.02 real, 2614 MB
[runlim] sample:		1329.96 time, 1330.02 real, 2635 MB
[runlim] sample:		1339.96 time, 1340.02 real, 2657 MB
[runlim] sample:		1349.97 time, 1350.02 real, 2679 MB
[runlim] sample:		1359.96 time, 1360.02 real, 2699 MB
[runlim] sample:		1369.96 time, 1370.02 real, 2719 MB
[runlim] sample:		1379.96 time, 1380.02 real, 2740 MB
[runlim] sample:		1389.97 time, 1390.02 real, 2760 MB
[runlim] sample:		1399.97 time, 1400.02 real, 2782 MB
[runlim] sample:		1409.96 time, 1410.02 real, 2802 MB
[runlim] sample:		1419.97 time, 1420.02 real, 2825 MB
[runlim] sample:		1429.96 time, 1430.02 real, 2846 MB
[runlim] sample:		1439.96 time, 1440.02 real, 2867 MB
[runlim] sample:		1449.96 time, 1450.02 real, 2888 MB
[runlim] sample:		1459.96 time, 1460.02 real, 2908 MB
[runlim] sample:		1469.96 time, 1470.02 real, 2929 MB
[runlim] sample:		1479.96 time, 1480.02 real, 2804 MB
[runlim] sample:		1489.97 time, 1490.02 real, 2824 MB
[runlim] sample:		1499.97 time, 1500.02 real, 2844 MB
[runlim] sample:		1509.97 time, 1510.02 real, 2865 MB
[runlim] sample:		1519.97 time, 1520.02 real, 2885 MB
[runlim] sample:		1529.96 time, 1530.02 real, 2906 MB
[runlim] sample:		1539.96 time, 1540.02 real, 2927 MB
[runlim] sample:		1549.96 time, 1550.02 real, 2946 MB
[runlim] sample:		1559.96 time, 1560.02 real, 2967 MB
[runlim] sample:		1569.96 time, 1570.02 real, 2987 MB
[runlim] sample:		1579.96 time, 1580.02 real, 3007 MB
[runlim] sample:		1589.96 time, 1590.02 real, 3027 MB
[runlim] sample:		1599.96 time, 1600.02 real, 3047 MB
[runlim] sample:		1609.97 time, 1610.02 real, 3066 MB
[runlim] sample:		1619.96 time, 1620.02 real, 3086 MB
[runlim] sample:		1629.96 time, 1630.02 real, 3105 MB
[runlim] sample:		1639.96 time, 1640.02 real, 3126 MB
[runlim] sample:		1649.96 time, 1650.02 real, 3145 MB
[runlim] sample:		1659.96 time, 1660.02 real, 3165 MB
[runlim] sample:		1669.96 time, 1670.02 real, 3184 MB
[runlim] sample:		1679.96 time, 1680.02 real, 3203 MB
[runlim] sample:		1689.96 time, 1690.02 real, 3222 MB
[runlim] sample:		1699.96 time, 1700.02 real, 3241 MB
[runlim] sample:		1709.96 time, 1710.02 real, 3261 MB
[runlim] sample:		1719.96 time, 1720.02 real, 3282 MB
[runlim] sample:		1729.96 time, 1730.02 real, 3301 MB
[runlim] sample:		1739.96 time, 1740.02 real, 3322 MB
[runlim] sample:		1749.96 time, 1750.02 real, 3342 MB
[runlim] sample:		1759.96 time, 1760.02 real, 3362 MB
[runlim] sample:		1769.96 time, 1770.02 real, 3382 MB
[runlim] sample:		1779.96 time, 1780.02 real, 3401 MB
[runlim] sample:		1789.96 time, 1790.02 real, 3421 MB
[runlim] sample:		1799.95 time, 1800.02 real, 3442 MB
[runlim] sample:		1809.96 time, 1810.02 real, 3462 MB
[runlim] sample:		1819.96 time, 1820.02 real, 3482 MB
[runlim] sample:		1829.96 time, 1830.02 real, 3501 MB
[runlim] sample:		1839.96 time, 1840.02 real, 3521 MB
[runlim] sample:		1849.95 time, 1850.02 real, 3542 MB
[runlim] sample:		1859.96 time, 1860.02 real, 3561 MB
[runlim] sample:		1869.96 time, 1870.02 real, 3581 MB
[runlim] sample:		1879.96 time, 1880.02 real, 3601 MB
[runlim] sample:		1889.96 time, 1890.02 real, 3619 MB
[runlim] sample:		1899.96 time, 1900.02 real, 3638 MB
[runlim] sample:		1909.96 time, 1910.02 real, 3657 MB
[runlim] sample:		1919.95 time, 1920.02 real, 3675 MB
[runlim] sample:		1929.95 time, 1930.02 real, 3697 MB
[runlim] sample:		1939.95 time, 1940.02 real, 3717 MB
[runlim] sample:		1949.95 time, 1950.02 real, 3734 MB
[runlim] sample:		1959.96 time, 1960.02 real, 3753 MB
[runlim] sample:		1969.96 time, 1970.02 real, 3772 MB
[runlim] sample:		1979.96 time, 1980.02 real, 3792 MB
[runlim] sample:		1989.95 time, 1990.02 real, 3811 MB
[runlim] sample:		1999.96 time, 2000.02 real, 3831 MB
[runlim] sample:		2009.95 time, 2010.02 real, 3850 MB
[runlim] sample:		2019.95 time, 2020.02 real, 3870 MB
[runlim] sample:		2029.96 time, 2030.02 real, 3889 MB
[runlim] sample:		2039.95 time, 2040.02 real, 3910 MB
[runlim] sample:		2049.95 time, 2050.02 real, 3929 MB
[runlim] sample:		2059.95 time, 2060.02 real, 3949 MB
[runlim] sample:		2069.96 time, 2070.02 real, 3969 MB
[runlim] sample:		2079.95 time, 2080.02 real, 3987 MB
[runlim] sample:		2089.96 time, 2090.02 real, 4009 MB
[runlim] sample:		2099.96 time, 2100.02 real, 4027 MB
[runlim] sample:		2109.95 time, 2110.02 real, 4044 MB
[runlim] sample:		2119.95 time, 2120.02 real, 4063 MB
[runlim] sample:		2129.95 time, 2130.02 real, 4081 MB
[runlim] sample:		2139.95 time, 2140.02 real, 4098 MB
[runlim] sample:		2149.95 time, 2150.02 real, 4118 MB
[runlim] sample:		2159.95 time, 2160.02 real, 4137 MB
[runlim] sample:		2169.95 time, 2170.02 real, 4156 MB
[runlim] sample:		2179.96 time, 2180.02 real, 4173 MB
[runlim] sample:		2189.95 time, 2190.02 real, 4192 MB
[runlim] sample:		2199.95 time, 2200.02 real, 4212 MB
[runlim] sample:		2209.95 time, 2210.02 real, 4013 MB
[runlim] sample:		2219.95 time, 2220.02 real, 4033 MB
[runlim] sample:		2229.95 time, 2230.02 real, 4052 MB
[runlim] sample:		2239.95 time, 2240.02 real, 4072 MB
[runlim] sample:		2249.95 time, 2250.02 real, 4093 MB
[runlim] sample:		2259.96 time, 2260.02 real, 4113 MB
[runlim] sample:		2269.95 time, 2270.02 real, 4133 MB
[runlim] sample:		2279.95 time, 2280.02 real, 4153 MB
[runlim] sample:		2289.95 time, 2290.02 real, 4173 MB
[runlim] sample:		2299.95 time, 2300.02 real, 4194 MB
[runlim] sample:		2309.95 time, 2310.02 real, 4213 MB
[runlim] sample:		2319.95 time, 2320.02 real, 4233 MB
[runlim] sample:		2329.95 time, 2330.02 real, 4252 MB
[runlim] sample:		2339.95 time, 2340.02 real, 4273 MB
[runlim] sample:		2349.95 time, 2350.02 real, 4291 MB
[runlim] sample:		2359.95 time, 2360.02 real, 4309 MB
[runlim] sample:		2369.95 time, 2370.02 real, 4328 MB
[runlim] sample:		2379.95 time, 2380.02 real, 4347 MB
[runlim] sample:		2389.95 time, 2390.02 real, 4367 MB
[runlim] sample:		2399.95 time, 2400.02 real, 4387 MB
[runlim] sample:		2409.95 time, 2410.02 real, 4406 MB
[runlim] sample:		2419.95 time, 2420.02 real, 4427 MB
[runlim] sample:		2429.95 time, 2430.02 real, 4448 MB
[runlim] sample:		2439.94 time, 2440.02 real, 4468 MB
[runlim] sample:		2449.95 time, 2450.02 real, 4488 MB
[runlim] sample:		2459.95 time, 2460.02 real, 4509 MB
[runlim] sample:		2469.94 time, 2470.02 real, 4531 MB
[runlim] sample:		2479.95 time, 2480.02 real, 4552 MB
[runlim] sample:		2489.95 time, 2490.02 real, 4573 MB
[runlim] sample:		2499.94 time, 2500.02 real, 4594 MB
[runlim] sample:		2509.95 time, 2510.02 real, 4615 MB
[runlim] sample:		2519.94 time, 2520.02 real, 4636 MB
[runlim] sample:		2529.94 time, 2530.02 real, 4657 MB
[runlim] sample:		2539.95 time, 2540.02 real, 4678 MB
[runlim] sample:		2549.95 time, 2550.02 real, 4701 MB
[runlim] sample:		2559.95 time, 2560.02 real, 4722 MB
[runlim] sample:		2569.95 time, 2570.02 real, 4742 MB
[runlim] sample:		2579.95 time, 2580.02 real, 4763 MB
[runlim] sample:		2589.95 time, 2590.02 real, 4785 MB
[runlim] sample:		2599.94 time, 2600.02 real, 4804 MB
[runlim] sample:		2609.95 time, 2610.02 real, 4824 MB
[runlim] sample:		2619.94 time, 2620.02 real, 4843 MB
[runlim] sample:		2629.95 time, 2630.02 real, 4863 MB
[runlim] sample:		2639.94 time, 2640.02 real, 4884 MB
[runlim] sample:		2649.95 time, 2650.02 real, 4904 MB
[runlim] sample:		2659.94 time, 2660.02 real, 4926 MB
[runlim] sample:		2669.95 time, 2670.02 real, 4947 MB
[runlim] sample:		2679.95 time, 2680.02 real, 4969 MB
[runlim] sample:		2689.94 time, 2690.02 real, 4989 MB
[runlim] sample:		2699.94 time, 2700.02 real, 5009 MB
[runlim] end:			Sat Feb 29 08:03:45 2020
[runlim] status:		out of time
[runlim] result:		2
[runlim] children:		1
[runlim] real:			2700.61 seconds
[runlim] time:			2699.94 seconds
[runlim] space:			5009 MB
[runlim] samples:		27000
