[runlim] version:		1.18
[runlim] host:			c3n31
[runlim] time limit:		2700 seconds
[runlim] real time limit:	2700 seconds
[runlim] space limit:		7000 MB
[runlim] argv[0]:		./binary
[runlim] argv[1]:		/data/cnf/ankit/E1-A1-Red/ttt_5x5-shape-0-GTTT-2-2-torus-1.dqbf
[runlim] start:			Sat Feb 29 07:18:44 2020
[runlim] child:			13973
[runlim] sample:		10.00 time, 10.02 real, 63 MB
[runlim] sample:		20.00 time, 20.02 real, 90 MB
[runlim] sample:		30.00 time, 30.02 real, 117 MB
[runlim] sample:		40.00 time, 40.02 real, 143 MB
[runlim] sample:		50.00 time, 50.02 real, 170 MB
[runlim] sample:		60.00 time, 60.02 real, 198 MB
[runlim] sample:		70.00 time, 70.02 real, 224 MB
[runlim] sample:		80.00 time, 80.02 real, 250 MB
[runlim] sample:		90.02 time, 90.03 real, 277 MB
[runlim] sample:		99.98 time, 100.02 real, 302 MB
[runlim] sample:		109.99 time, 110.02 real, 325 MB
[runlim] sample:		119.98 time, 120.02 real, 347 MB
[runlim] sample:		129.98 time, 130.02 real, 370 MB
[runlim] sample:		139.98 time, 140.02 real, 392 MB
[runlim] sample:		149.98 time, 150.02 real, 414 MB
[runlim] sample:		159.98 time, 160.02 real, 437 MB
[runlim] sample:		169.98 time, 170.02 real, 459 MB
[runlim] sample:		179.98 time, 180.02 real, 481 MB
[runlim] sample:		189.98 time, 190.02 real, 503 MB
[runlim] sample:		199.98 time, 200.02 real, 524 MB
[runlim] sample:		209.98 time, 210.02 real, 546 MB
[runlim] sample:		219.97 time, 220.02 real, 568 MB
[runlim] sample:		229.98 time, 230.02 real, 590 MB
[runlim] sample:		239.98 time, 240.02 real, 611 MB
[runlim] sample:		249.98 time, 250.02 real, 632 MB
[runlim] sample:		259.98 time, 260.02 real, 622 MB
[runlim] sample:		269.98 time, 270.02 real, 643 MB
[runlim] sample:		279.98 time, 280.02 real, 668 MB
[runlim] sample:		289.97 time, 290.02 real, 690 MB
[runlim] sample:		299.98 time, 300.02 real, 711 MB
[runlim] sample:		309.98 time, 310.02 real, 733 MB
[runlim] sample:		319.97 time, 320.02 real, 754 MB
[runlim] sample:		329.98 time, 330.02 real, 776 MB
[runlim] sample:		339.98 time, 340.02 real, 798 MB
[runlim] sample:		349.98 time, 350.02 real, 819 MB
[runlim] sample:		359.97 time, 360.02 real, 840 MB
[runlim] sample:		369.97 time, 370.02 real, 871 MB
[runlim] sample:		379.98 time, 380.02 real, 892 MB
[runlim] sample:		389.98 time, 390.02 real, 914 MB
[runlim] sample:		399.97 time, 400.02 real, 936 MB
[runlim] sample:		409.97 time, 410.02 real, 957 MB
[runlim] sample:		419.97 time, 420.02 real, 979 MB
[runlim] sample:		429.97 time, 430.02 real, 1002 MB
[runlim] sample:		439.98 time, 440.02 real, 1024 MB
[runlim] sample:		449.97 time, 450.02 real, 1045 MB
[runlim] sample:		459.98 time, 460.02 real, 1065 MB
[runlim] sample:		469.97 time, 470.02 real, 1086 MB
[runlim] sample:		479.97 time, 480.02 real, 1107 MB
[runlim] sample:		489.97 time, 490.02 real, 1127 MB
[runlim] sample:		499.97 time, 500.02 real, 1148 MB
[runlim] sample:		509.97 time, 510.02 real, 1167 MB
[runlim] sample:		519.97 time, 520.02 real, 1187 MB
[runlim] sample:		529.96 time, 530.02 real, 1211 MB
[runlim] sample:		539.96 time, 540.02 real, 1161 MB
[runlim] sample:		549.97 time, 550.02 real, 1228 MB
[runlim] sample:		559.97 time, 560.02 real, 1241 MB
[runlim] sample:		569.97 time, 570.02 real, 1260 MB
[runlim] sample:		579.97 time, 580.02 real, 1281 MB
[runlim] sample:		589.97 time, 590.02 real, 1300 MB
[runlim] sample:		599.97 time, 600.02 real, 1319 MB
[runlim] sample:		609.97 time, 610.02 real, 1339 MB
[runlim] sample:		619.96 time, 620.02 real, 1358 MB
[runlim] sample:		629.97 time, 630.02 real, 1378 MB
[runlim] sample:		639.97 time, 640.02 real, 1399 MB
[runlim] sample:		649.97 time, 650.02 real, 1420 MB
[runlim] sample:		659.96 time, 660.02 real, 1441 MB
[runlim] sample:		669.97 time, 670.02 real, 1463 MB
[runlim] sample:		679.96 time, 680.02 real, 1484 MB
[runlim] sample:		689.97 time, 690.02 real, 1506 MB
[runlim] sample:		699.96 time, 700.02 real, 1529 MB
[runlim] sample:		709.97 time, 710.02 real, 1551 MB
[runlim] sample:		719.96 time, 720.02 real, 1573 MB
[runlim] sample:		729.96 time, 730.02 real, 1596 MB
[runlim] sample:		739.97 time, 740.02 real, 1617 MB
[runlim] sample:		749.96 time, 750.02 real, 1640 MB
[runlim] sample:		759.96 time, 760.02 real, 1662 MB
[runlim] sample:		769.96 time, 770.02 real, 1684 MB
[runlim] sample:		779.96 time, 780.02 real, 1705 MB
[runlim] sample:		789.96 time, 790.02 real, 1727 MB
[runlim] sample:		799.96 time, 800.02 real, 1749 MB
[runlim] sample:		809.96 time, 810.02 real, 1771 MB
[runlim] sample:		819.96 time, 820.02 real, 1793 MB
[runlim] sample:		829.96 time, 830.02 real, 1814 MB
[runlim] sample:		839.96 time, 840.02 real, 1836 MB
[runlim] sample:		849.96 time, 850.02 real, 1857 MB
[runlim] sample:		859.95 time, 860.02 real, 1878 MB
[runlim] sample:		869.96 time, 870.02 real, 1900 MB
[runlim] sample:		879.96 time, 880.02 real, 1921 MB
[runlim] sample:		889.96 time, 890.02 real, 1943 MB
[runlim] sample:		899.96 time, 900.02 real, 1966 MB
[runlim] sample:		909.95 time, 910.02 real, 1989 MB
[runlim] sample:		919.96 time, 920.02 real, 2011 MB
[runlim] sample:		929.95 time, 930.02 real, 2033 MB
[runlim] sample:		939.96 time, 940.02 real, 2053 MB
[runlim] sample:		949.96 time, 950.02 real, 2074 MB
[runlim] sample:		959.96 time, 960.02 real, 2095 MB
[runlim] sample:		969.95 time, 970.02 real, 2119 MB
[runlim] sample:		979.96 time, 980.02 real, 2142 MB
[runlim] sample:		989.96 time, 990.02 real, 2166 MB
[runlim] sample:		999.95 time, 1000.02 real, 2189 MB
[runlim] sample:		1009.96 time, 1010.02 real, 2213 MB
[runlim] sample:		1019.95 time, 1020.02 real, 2120 MB
[runlim] sample:		1029.95 time, 1030.02 real, 2144 MB
[runlim] sample:		1039.96 time, 1040.02 real, 2167 MB
[runlim] sample:		1049.95 time, 1050.02 real, 2191 MB
[runlim] sample:		1059.96 time, 1060.02 real, 2214 MB
[runlim] sample:		1069.95 time, 1070.02 real, 2237 MB
[runlim] sample:		1079.96 time, 1080.02 real, 2261 MB
[runlim] sample:		1089.96 time, 1090.02 real, 2283 MB
[runlim] sample:		1099.95 time, 1100.02 real, 2306 MB
[runlim] sample:		1109.95 time, 1110.02 real, 2329 MB
[runlim] sample:		1119.96 time, 1120.02 real, 2352 MB
[runlim] sample:		1129.95 time, 1130.02 real, 2376 MB
[runlim] sample:		1139.96 time, 1140.02 real, 2399 MB
[runlim] sample:		1149.95 time, 1150.02 real, 2422 MB
[runlim] sample:		1159.95 time, 1160.02 real, 2445 MB
[runlim] sample:		1169.96 time, 1170.02 real, 2468 MB
[runlim] sample:		1179.95 time, 1180.02 real, 2492 MB
[runlim] sample:		1189.96 time, 1190.02 real, 2515 MB
[runlim] sample:		1199.96 time, 1200.02 real, 2537 MB
[runlim] sample:		1209.95 time, 1210.02 real, 2558 MB
[runlim] sample:		1219.95 time, 1220.02 real, 2581 MB
[runlim] sample:		1229.95 time, 1230.02 real, 2604 MB
[runlim] sample:		1239.96 time, 1240.02 real, 2628 MB
[runlim] sample:		1249.95 time, 1250.02 real, 2651 MB
[runlim] sample:		1259.95 time, 1260.02 real, 2676 MB
[runlim] sample:		1269.95 time, 1270.02 real, 2699 MB
[runlim] sample:		1279.95 time, 1280.02 real, 2722 MB
[runlim] sample:		1289.95 time, 1290.02 real, 2745 MB
[runlim] sample:		1299.95 time, 1300.02 real, 2766 MB
[runlim] sample:		1309.95 time, 1310.02 real, 2788 MB
[runlim] sample:		1319.95 time, 1320.02 real, 2810 MB
[runlim] sample:		1329.95 time, 1330.02 real, 2831 MB
[runlim] sample:		1339.95 time, 1340.02 real, 2852 MB
[runlim] sample:		1349.95 time, 1350.02 real, 2873 MB
[runlim] sample:		1359.95 time, 1360.02 real, 2895 MB
[runlim] sample:		1369.95 time, 1370.02 real, 2917 MB
[runlim] sample:		1379.95 time, 1380.02 real, 2941 MB
[runlim] sample:		1389.95 time, 1390.02 real, 2964 MB
[runlim] sample:		1399.95 time, 1400.02 real, 2987 MB
[runlim] sample:		1409.94 time, 1410.02 real, 3009 MB
[runlim] sample:		1419.95 time, 1420.02 real, 3032 MB
[runlim] sample:		1429.95 time, 1430.02 real, 3053 MB
[runlim] sample:		1439.94 time, 1440.02 real, 3078 MB
[runlim] sample:		1449.95 time, 1450.02 real, 3097 MB
[runlim] sample:		1459.95 time, 1460.02 real, 3119 MB
[runlim] sample:		1469.94 time, 1470.02 real, 2983 MB
[runlim] sample:		1479.94 time, 1480.02 real, 3005 MB
[runlim] sample:		1489.94 time, 1490.02 real, 3026 MB
[runlim] sample:		1499.95 time, 1500.02 real, 3049 MB
[runlim] sample:		1509.95 time, 1510.02 real, 3072 MB
[runlim] sample:		1519.94 time, 1520.02 real, 3095 MB
[runlim] sample:		1529.94 time, 1530.02 real, 3116 MB
[runlim] sample:		1539.95 time, 1540.02 real, 3136 MB
[runlim] sample:		1549.95 time, 1550.02 real, 3158 MB
[runlim] sample:		1559.94 time, 1560.02 real, 3179 MB
[runlim] sample:		1569.95 time, 1570.02 real, 3200 MB
[runlim] sample:		1579.95 time, 1580.02 real, 3220 MB
[runlim] sample:		1589.95 time, 1590.02 real, 3241 MB
[runlim] sample:		1599.95 time, 1600.02 real, 3261 MB
[runlim] sample:		1609.95 time, 1610.02 real, 3281 MB
[runlim] sample:		1619.94 time, 1620.02 real, 3302 MB
[runlim] sample:		1629.94 time, 1630.02 real, 3324 MB
[runlim] sample:		1639.94 time, 1640.02 real, 3346 MB
[runlim] sample:		1649.94 time, 1650.02 real, 3367 MB
[runlim] sample:		1659.95 time, 1660.02 real, 3389 MB
[runlim] sample:		1669.94 time, 1670.02 real, 3410 MB
[runlim] sample:		1679.94 time, 1680.02 real, 3433 MB
[runlim] sample:		1689.94 time, 1690.02 real, 3454 MB
[runlim] sample:		1699.94 time, 1700.02 real, 3476 MB
[runlim] sample:		1709.94 time, 1710.02 real, 3497 MB
[runlim] sample:		1719.94 time, 1720.02 real, 3518 MB
[runlim] sample:		1729.94 time, 1730.02 real, 3540 MB
[runlim] sample:		1739.94 time, 1740.02 real, 3561 MB
[runlim] sample:		1749.94 time, 1750.02 real, 3582 MB
[runlim] sample:		1759.94 time, 1760.02 real, 3603 MB
[runlim] sample:		1769.94 time, 1770.02 real, 3622 MB
[runlim] sample:		1779.94 time, 1780.02 real, 3643 MB
[runlim] sample:		1789.94 time, 1790.02 real, 3662 MB
[runlim] sample:		1799.94 time, 1800.02 real, 3683 MB
[runlim] sample:		1809.94 time, 1810.02 real, 3703 MB
[runlim] sample:		1819.94 time, 1820.02 real, 3724 MB
[runlim] sample:		1829.94 time, 1830.02 real, 3746 MB
[runlim] sample:		1839.94 time, 1840.02 real, 3766 MB
[runlim] sample:		1849.94 time, 1850.02 real, 3785 MB
[runlim] sample:		1859.94 time, 1860.02 real, 3806 MB
[runlim] sample:		1869.94 time, 1870.02 real, 3828 MB
[runlim] sample:		1879.94 time, 1880.02 real, 3849 MB
[runlim] sample:		1889.94 time, 1890.02 real, 3870 MB
[runlim] sample:		1899.94 time, 1900.02 real, 3892 MB
[runlim] sample:		1909.94 time, 1910.02 real, 3911 MB
[runlim] sample:		1919.94 time, 1920.02 real, 3931 MB
[runlim] sample:		1929.93 time, 1930.02 real, 3953 MB
[runlim] sample:		1939.94 time, 1940.02 real, 3973 MB
[runlim] sample:		1949.93 time, 1950.02 real, 3994 MB
[runlim] sample:		1959.93 time, 1960.02 real, 4016 MB
[runlim] sample:		1969.94 time, 1970.02 real, 4038 MB
[runlim] sample:		1979.94 time, 1980.02 real, 4059 MB
[runlim] sample:		1989.93 time, 1990.02 real, 4080 MB
[runlim] sample:		1999.93 time, 2000.02 real, 4101 MB
[runlim] sample:		2009.94 time, 2010.02 real, 4121 MB
[runlim] sample:		2019.94 time, 2020.02 real, 4141 MB
[runlim] sample:		2029.93 time, 2030.02 real, 4160 MB
[runlim] sample:		2039.93 time, 2040.02 real, 4179 MB
[runlim] sample:		2049.94 time, 2050.02 real, 4005 MB
[runlim] sample:		2059.93 time, 2060.02 real, 4025 MB
[runlim] sample:		2069.93 time, 2070.02 real, 4045 MB
[runlim] sample:		2079.93 time, 2080.02 real, 4066 MB
[runlim] sample:		2089.93 time, 2090.02 real, 4087 MB
[runlim] sample:		2099.94 time, 2100.02 real, 4109 MB
[runlim] sample:		2109.93 time, 2110.02 real, 4131 MB
[runlim] sample:		2119.94 time, 2120.02 real, 4153 MB
[runlim] sample:		2129.93 time, 2130.02 real, 4175 MB
[runlim] sample:		2139.93 time, 2140.02 real, 4197 MB
[runlim] sample:		2149.94 time, 2150.02 real, 4221 MB
[runlim] sample:		2159.93 time, 2160.02 real, 4244 MB
[runlim] sample:		2169.94 time, 2170.02 real, 4266 MB
[runlim] sample:		2179.94 time, 2180.02 real, 4289 MB
[runlim] sample:		2189.93 time, 2190.02 real, 4311 MB
[runlim] sample:		2199.94 time, 2200.02 real, 4334 MB
[runlim] sample:		2209.93 time, 2210.02 real, 4356 MB
[runlim] sample:		2219.93 time, 2220.02 real, 4378 MB
[runlim] sample:		2229.93 time, 2230.02 real, 4401 MB
[runlim] sample:		2239.94 time, 2240.02 real, 4422 MB
[runlim] sample:		2249.93 time, 2250.02 real, 4445 MB
[runlim] sample:		2259.93 time, 2260.02 real, 4468 MB
[runlim] sample:		2269.93 time, 2270.02 real, 4489 MB
[runlim] sample:		2279.93 time, 2280.02 real, 4510 MB
[runlim] sample:		2289.93 time, 2290.02 real, 4530 MB
[runlim] sample:		2299.93 time, 2300.02 real, 4550 MB
[runlim] sample:		2309.93 time, 2310.02 real, 4571 MB
[runlim] sample:		2319.93 time, 2320.02 real, 4592 MB
[runlim] sample:		2329.93 time, 2330.02 real, 4614 MB
[runlim] sample:		2339.93 time, 2340.02 real, 4635 MB
[runlim] sample:		2349.94 time, 2350.02 real, 4657 MB
[runlim] sample:		2359.93 time, 2360.02 real, 4679 MB
[runlim] sample:		2369.94 time, 2370.02 real, 4702 MB
[runlim] sample:		2379.93 time, 2380.02 real, 4724 MB
[runlim] sample:		2389.93 time, 2390.02 real, 4748 MB
[runlim] sample:		2399.93 time, 2400.02 real, 4771 MB
[runlim] sample:		2409.93 time, 2410.02 real, 4792 MB
[runlim] sample:		2419.93 time, 2420.02 real, 4812 MB
[runlim] sample:		2429.93 time, 2430.02 real, 4834 MB
[runlim] sample:		2439.93 time, 2440.02 real, 4855 MB
[runlim] sample:		2449.93 time, 2450.02 real, 4875 MB
[runlim] sample:		2459.93 time, 2460.02 real, 4898 MB
[runlim] sample:		2469.93 time, 2470.02 real, 4917 MB
[runlim] sample:		2479.93 time, 2480.02 real, 4937 MB
[runlim] sample:		2489.93 time, 2490.02 real, 4959 MB
[runlim] sample:		2499.93 time, 2500.02 real, 4982 MB
[runlim] sample:		2509.93 time, 2510.02 real, 5002 MB
[runlim] sample:		2519.93 time, 2520.02 real, 5022 MB
[runlim] sample:		2529.93 time, 2530.02 real, 5041 MB
[runlim] sample:		2539.93 time, 2540.02 real, 5059 MB
[runlim] sample:		2549.93 time, 2550.02 real, 5079 MB
[runlim] sample:		2559.93 time, 2560.02 real, 5099 MB
[runlim] sample:		2569.93 time, 2570.02 real, 5120 MB
[runlim] sample:		2579.93 time, 2580.02 real, 5140 MB
[runlim] sample:		2589.92 time, 2590.02 real, 5163 MB
[runlim] sample:		2599.92 time, 2600.02 real, 5185 MB
[runlim] sample:		2609.93 time, 2610.02 real, 5208 MB
[runlim] sample:		2619.93 time, 2620.02 real, 5229 MB
[runlim] sample:		2629.93 time, 2630.02 real, 5251 MB
[runlim] sample:		2639.93 time, 2640.02 real, 5269 MB
[runlim] sample:		2649.93 time, 2650.02 real, 5290 MB
[runlim] sample:		2659.93 time, 2660.02 real, 5309 MB
[runlim] sample:		2669.93 time, 2670.02 real, 5327 MB
[runlim] sample:		2679.93 time, 2680.02 real, 5347 MB
[runlim] sample:		2689.92 time, 2690.02 real, 5367 MB
[runlim] sample:		2699.93 time, 2700.02 real, 5388 MB
[runlim] end:			Sat Feb 29 08:03:45 2020
[runlim] status:		out of time
[runlim] result:		2
[runlim] children:		1
[runlim] real:			2700.58 seconds
[runlim] time:			2699.93 seconds
[runlim] space:			5388 MB
[runlim] samples:		27000
