[runlim] version:		1.18
[runlim] host:			c3n31
[runlim] time limit:		2700 seconds
[runlim] real time limit:	2700 seconds
[runlim] space limit:		7000 MB
[runlim] argv[0]:		./binary
[runlim] argv[1]:		/data/cnf/ankit/E1-A1-Red/ttt_5x5-shape-0-GTTT-1-1-torus-0.dqbf
[runlim] start:			Sat Feb 29 07:18:44 2020
[runlim] child:			13959
[runlim] sample:		10.00 time, 10.02 real, 86 MB
[runlim] sample:		20.00 time, 20.02 real, 117 MB
[runlim] sample:		30.00 time, 30.02 real, 147 MB
[runlim] sample:		40.00 time, 40.02 real, 176 MB
[runlim] sample:		50.00 time, 50.02 real, 206 MB
[runlim] sample:		60.00 time, 60.02 real, 236 MB
[runlim] sample:		70.00 time, 70.02 real, 266 MB
[runlim] sample:		80.00 time, 80.02 real, 295 MB
[runlim] sample:		90.03 time, 90.04 real, 324 MB
[runlim] sample:		100.00 time, 100.02 real, 350 MB
[runlim] sample:		110.00 time, 110.02 real, 374 MB
[runlim] sample:		120.00 time, 120.02 real, 398 MB
[runlim] sample:		130.00 time, 130.02 real, 422 MB
[runlim] sample:		140.00 time, 140.02 real, 445 MB
[runlim] sample:		150.00 time, 150.02 real, 469 MB
[runlim] sample:		160.00 time, 160.02 real, 493 MB
[runlim] sample:		170.00 time, 170.02 real, 516 MB
[runlim] sample:		180.00 time, 180.02 real, 539 MB
[runlim] sample:		190.00 time, 190.02 real, 562 MB
[runlim] sample:		200.00 time, 200.02 real, 586 MB
[runlim] sample:		210.00 time, 210.02 real, 610 MB
[runlim] sample:		219.99 time, 220.02 real, 634 MB
[runlim] sample:		230.00 time, 230.02 real, 657 MB
[runlim] sample:		240.00 time, 240.02 real, 680 MB
[runlim] sample:		250.00 time, 250.02 real, 705 MB
[runlim] sample:		260.00 time, 260.02 real, 732 MB
[runlim] sample:		269.99 time, 270.02 real, 757 MB
[runlim] sample:		280.00 time, 280.02 real, 782 MB
[runlim] sample:		290.00 time, 290.02 real, 809 MB
[runlim] sample:		300.00 time, 300.02 real, 836 MB
[runlim] sample:		310.00 time, 310.02 real, 861 MB
[runlim] sample:		319.99 time, 320.02 real, 887 MB
[runlim] sample:		329.99 time, 330.02 real, 913 MB
[runlim] sample:		340.00 time, 340.02 real, 938 MB
[runlim] sample:		349.99 time, 350.02 real, 963 MB
[runlim] sample:		360.00 time, 360.02 real, 988 MB
[runlim] sample:		370.00 time, 370.02 real, 1013 MB
[runlim] sample:		379.99 time, 380.02 real, 1040 MB
[runlim] sample:		390.00 time, 390.02 real, 1066 MB
[runlim] sample:		400.00 time, 400.02 real, 1092 MB
[runlim] sample:		410.00 time, 410.02 real, 1118 MB
[runlim] sample:		420.00 time, 420.02 real, 1144 MB
[runlim] sample:		430.00 time, 430.02 real, 1169 MB
[runlim] sample:		440.00 time, 440.02 real, 1195 MB
[runlim] sample:		449.99 time, 450.02 real, 1221 MB
[runlim] sample:		460.00 time, 460.02 real, 1248 MB
[runlim] sample:		470.00 time, 470.02 real, 1273 MB
[runlim] sample:		480.00 time, 480.02 real, 1299 MB
[runlim] sample:		489.99 time, 490.02 real, 1324 MB
[runlim] sample:		499.99 time, 500.02 real, 1352 MB
[runlim] sample:		509.99 time, 510.02 real, 1378 MB
[runlim] sample:		519.99 time, 520.02 real, 1405 MB
[runlim] sample:		530.00 time, 530.02 real, 1433 MB
[runlim] sample:		539.99 time, 540.02 real, 1459 MB
[runlim] sample:		550.00 time, 550.02 real, 1486 MB
[runlim] sample:		560.00 time, 560.02 real, 1511 MB
[runlim] sample:		570.00 time, 570.02 real, 1537 MB
[runlim] sample:		579.99 time, 580.02 real, 1564 MB
[runlim] sample:		589.99 time, 590.02 real, 1499 MB
[runlim] sample:		599.99 time, 600.02 real, 1525 MB
[runlim] sample:		609.99 time, 610.02 real, 1550 MB
[runlim] sample:		619.99 time, 620.02 real, 1575 MB
[runlim] sample:		629.99 time, 630.02 real, 1600 MB
[runlim] sample:		639.99 time, 640.02 real, 1633 MB
[runlim] sample:		649.99 time, 650.02 real, 1656 MB
[runlim] sample:		659.99 time, 660.02 real, 1678 MB
[runlim] sample:		669.99 time, 670.02 real, 1701 MB
[runlim] sample:		679.99 time, 680.02 real, 1725 MB
[runlim] sample:		689.99 time, 690.02 real, 1750 MB
[runlim] sample:		699.99 time, 700.02 real, 1773 MB
[runlim] sample:		709.99 time, 710.02 real, 1796 MB
[runlim] sample:		719.99 time, 720.02 real, 1818 MB
[runlim] sample:		729.99 time, 730.02 real, 1839 MB
[runlim] sample:		739.99 time, 740.02 real, 1862 MB
[runlim] sample:		749.99 time, 750.02 real, 1884 MB
[runlim] sample:		759.99 time, 760.02 real, 1907 MB
[runlim] sample:		769.99 time, 770.02 real, 1929 MB
[runlim] sample:		779.99 time, 780.02 real, 1952 MB
[runlim] sample:		789.99 time, 790.02 real, 1974 MB
[runlim] sample:		799.99 time, 800.02 real, 1995 MB
[runlim] sample:		809.99 time, 810.02 real, 2019 MB
[runlim] sample:		819.99 time, 820.02 real, 2041 MB
[runlim] sample:		829.99 time, 830.02 real, 2065 MB
[runlim] sample:		839.99 time, 840.02 real, 2087 MB
[runlim] sample:		849.99 time, 850.02 real, 2108 MB
[runlim] sample:		859.98 time, 860.02 real, 2130 MB
[runlim] sample:		869.99 time, 870.02 real, 2153 MB
[runlim] sample:		879.98 time, 880.02 real, 2176 MB
[runlim] sample:		889.98 time, 890.02 real, 2201 MB
[runlim] sample:		899.99 time, 900.02 real, 2225 MB
[runlim] sample:		909.99 time, 910.02 real, 2249 MB
[runlim] sample:		919.99 time, 920.02 real, 2274 MB
[runlim] sample:		929.99 time, 930.02 real, 2299 MB
[runlim] sample:		939.99 time, 940.02 real, 2323 MB
[runlim] sample:		949.99 time, 950.02 real, 2348 MB
[runlim] sample:		959.99 time, 960.02 real, 2372 MB
[runlim] sample:		969.99 time, 970.02 real, 2397 MB
[runlim] sample:		979.99 time, 980.02 real, 2420 MB
[runlim] sample:		989.99 time, 990.02 real, 2445 MB
[runlim] sample:		999.98 time, 1000.02 real, 2470 MB
[runlim] sample:		1009.99 time, 1010.02 real, 2493 MB
[runlim] sample:		1019.98 time, 1020.02 real, 2519 MB
[runlim] sample:		1029.99 time, 1030.02 real, 2543 MB
[runlim] sample:		1039.99 time, 1040.02 real, 2567 MB
[runlim] sample:		1049.98 time, 1050.02 real, 2592 MB
[runlim] sample:		1059.99 time, 1060.02 real, 2616 MB
[runlim] sample:		1069.98 time, 1070.02 real, 2641 MB
[runlim] sample:		1079.98 time, 1080.02 real, 2664 MB
[runlim] sample:		1089.99 time, 1090.02 real, 2689 MB
[runlim] sample:		1099.99 time, 1100.02 real, 2715 MB
[runlim] sample:		1109.98 time, 1110.02 real, 2737 MB
[runlim] sample:		1119.99 time, 1120.02 real, 2758 MB
[runlim] sample:		1129.99 time, 1130.02 real, 2780 MB
[runlim] sample:		1139.98 time, 1140.02 real, 2803 MB
[runlim] sample:		1149.98 time, 1150.02 real, 2682 MB
[runlim] sample:		1159.99 time, 1160.02 real, 2704 MB
[runlim] sample:		1169.99 time, 1170.02 real, 2729 MB
[runlim] sample:		1179.98 time, 1180.02 real, 2752 MB
[runlim] sample:		1189.99 time, 1190.02 real, 2776 MB
[runlim] sample:		1199.99 time, 1200.02 real, 2795 MB
[runlim] sample:		1209.98 time, 1210.02 real, 2818 MB
[runlim] sample:		1219.98 time, 1220.02 real, 2839 MB
[runlim] sample:		1229.98 time, 1230.02 real, 2861 MB
[runlim] sample:		1239.98 time, 1240.02 real, 2882 MB
[runlim] sample:		1249.98 time, 1250.02 real, 2902 MB
[runlim] sample:		1259.98 time, 1260.02 real, 2922 MB
[runlim] sample:		1269.98 time, 1270.02 real, 2946 MB
[runlim] sample:		1279.98 time, 1280.02 real, 2971 MB
[runlim] sample:		1289.98 time, 1290.02 real, 2996 MB
[runlim] sample:		1299.98 time, 1300.02 real, 3022 MB
[runlim] sample:		1309.98 time, 1310.02 real, 3039 MB
[runlim] sample:		1319.99 time, 1320.02 real, 3064 MB
[runlim] sample:		1329.98 time, 1330.02 real, 3090 MB
[runlim] sample:		1339.98 time, 1340.02 real, 3114 MB
[runlim] sample:		1349.98 time, 1350.02 real, 3137 MB
[runlim] sample:		1359.98 time, 1360.02 real, 3161 MB
[runlim] sample:		1369.98 time, 1370.02 real, 3181 MB
[runlim] sample:		1379.98 time, 1380.02 real, 3204 MB
[runlim] sample:		1389.98 time, 1390.02 real, 3227 MB
[runlim] sample:		1399.98 time, 1400.02 real, 3250 MB
[runlim] sample:		1409.98 time, 1410.02 real, 3273 MB
[runlim] sample:		1419.98 time, 1420.02 real, 3295 MB
[runlim] sample:		1429.98 time, 1430.02 real, 3321 MB
[runlim] sample:		1439.98 time, 1440.02 real, 3347 MB
[runlim] sample:		1449.98 time, 1450.02 real, 3372 MB
[runlim] sample:		1459.98 time, 1460.02 real, 3398 MB
[runlim] sample:		1469.98 time, 1470.02 real, 3424 MB
[runlim] sample:		1479.98 time, 1480.02 real, 3449 MB
[runlim] sample:		1489.98 time, 1490.02 real, 3474 MB
[runlim] sample:		1499.98 time, 1500.02 real, 3494 MB
[runlim] sample:		1509.98 time, 1510.02 real, 3516 MB
[runlim] sample:		1519.98 time, 1520.02 real, 3533 MB
[runlim] sample:		1529.98 time, 1530.02 real, 3552 MB
[runlim] sample:		1539.98 time, 1540.02 real, 3571 MB
[runlim] sample:		1549.98 time, 1550.02 real, 3595 MB
[runlim] sample:		1559.98 time, 1560.02 real, 3616 MB
[runlim] sample:		1569.98 time, 1570.02 real, 3638 MB
[runlim] sample:		1579.98 time, 1580.02 real, 3663 MB
[runlim] sample:		1589.98 time, 1590.02 real, 3686 MB
[runlim] sample:		1599.98 time, 1600.02 real, 3709 MB
[runlim] sample:		1609.97 time, 1610.02 real, 3733 MB
[runlim] sample:		1619.98 time, 1620.02 real, 3759 MB
[runlim] sample:		1629.97 time, 1630.02 real, 3783 MB
[runlim] sample:		1639.98 time, 1640.02 real, 3807 MB
[runlim] sample:		1649.97 time, 1650.02 real, 3832 MB
[runlim] sample:		1659.97 time, 1660.02 real, 3857 MB
[runlim] sample:		1669.98 time, 1670.02 real, 3881 MB
[runlim] sample:		1679.98 time, 1680.02 real, 3906 MB
[runlim] sample:		1689.98 time, 1690.02 real, 3931 MB
[runlim] sample:		1699.97 time, 1700.02 real, 3956 MB
[runlim] sample:		1709.98 time, 1710.02 real, 3979 MB
[runlim] sample:		1719.98 time, 1720.02 real, 4004 MB
[runlim] sample:		1729.98 time, 1730.02 real, 4028 MB
[runlim] sample:		1739.97 time, 1740.02 real, 4055 MB
[runlim] sample:		1749.97 time, 1750.02 real, 4078 MB
[runlim] sample:		1759.98 time, 1760.02 real, 4102 MB
[runlim] sample:		1769.98 time, 1770.02 real, 4127 MB
[runlim] sample:		1779.97 time, 1780.02 real, 4151 MB
[runlim] sample:		1789.97 time, 1790.02 real, 4176 MB
[runlim] sample:		1799.98 time, 1800.02 real, 4199 MB
[runlim] sample:		1809.98 time, 1810.02 real, 4223 MB
[runlim] sample:		1819.98 time, 1820.02 real, 4248 MB
[runlim] sample:		1829.97 time, 1830.02 real, 4273 MB
[runlim] sample:		1839.97 time, 1840.02 real, 4297 MB
[runlim] sample:		1849.98 time, 1850.02 real, 4317 MB
[runlim] sample:		1859.98 time, 1860.02 real, 4336 MB
[runlim] sample:		1869.97 time, 1870.02 real, 4356 MB
[runlim] sample:		1879.97 time, 1880.02 real, 4376 MB
[runlim] sample:		1889.97 time, 1890.02 real, 4397 MB
[runlim] sample:		1899.98 time, 1900.02 real, 4419 MB
[runlim] sample:		1909.97 time, 1910.02 real, 4439 MB
[runlim] sample:		1919.98 time, 1920.02 real, 4460 MB
[runlim] sample:		1929.97 time, 1930.02 real, 4481 MB
[runlim] sample:		1939.98 time, 1940.02 real, 4502 MB
[runlim] sample:		1949.97 time, 1950.02 real, 4520 MB
[runlim] sample:		1959.98 time, 1960.02 real, 4542 MB
[runlim] sample:		1969.98 time, 1970.02 real, 4564 MB
[runlim] sample:		1979.97 time, 1980.02 real, 4586 MB
[runlim] sample:		1989.97 time, 1990.02 real, 4606 MB
[runlim] sample:		1999.97 time, 2000.02 real, 4625 MB
[runlim] sample:		2009.97 time, 2010.02 real, 4642 MB
[runlim] sample:		2019.97 time, 2020.02 real, 4656 MB
[runlim] sample:		2029.97 time, 2030.02 real, 4672 MB
[runlim] sample:		2039.97 time, 2040.02 real, 4691 MB
[runlim] sample:		2049.97 time, 2050.02 real, 4710 MB
[runlim] sample:		2059.97 time, 2060.02 real, 4725 MB
[runlim] sample:		2069.97 time, 2070.02 real, 4746 MB
[runlim] sample:		2079.97 time, 2080.02 real, 4762 MB
[runlim] sample:		2089.97 time, 2090.02 real, 4778 MB
[runlim] sample:		2099.97 time, 2100.02 real, 4794 MB
[runlim] sample:		2109.98 time, 2110.02 real, 4812 MB
[runlim] sample:		2119.97 time, 2120.02 real, 4829 MB
[runlim] sample:		2129.97 time, 2130.02 real, 4849 MB
[runlim] sample:		2139.97 time, 2140.02 real, 4632 MB
[runlim] sample:		2149.97 time, 2150.02 real, 4655 MB
[runlim] sample:		2159.97 time, 2160.02 real, 4677 MB
[runlim] sample:		2169.97 time, 2170.02 real, 4696 MB
[runlim] sample:		2179.97 time, 2180.02 real, 4714 MB
[runlim] sample:		2189.97 time, 2190.02 real, 4733 MB
[runlim] sample:		2199.97 time, 2200.02 real, 4753 MB
[runlim] sample:		2209.97 time, 2210.02 real, 4773 MB
[runlim] sample:		2219.97 time, 2220.02 real, 4792 MB
[runlim] sample:		2229.97 time, 2230.02 real, 4809 MB
[runlim] sample:		2239.97 time, 2240.02 real, 4829 MB
[runlim] sample:		2249.97 time, 2250.02 real, 4844 MB
[runlim] sample:		2259.97 time, 2260.02 real, 4864 MB
[runlim] sample:		2269.96 time, 2270.02 real, 4882 MB
[runlim] sample:		2279.97 time, 2280.02 real, 4895 MB
[runlim] sample:		2289.97 time, 2290.02 real, 4911 MB
[runlim] sample:		2299.97 time, 2300.02 real, 4928 MB
[runlim] sample:		2309.97 time, 2310.02 real, 4942 MB
[runlim] sample:		2319.97 time, 2320.02 real, 4954 MB
[runlim] sample:		2329.96 time, 2330.02 real, 4970 MB
[runlim] sample:		2339.97 time, 2340.02 real, 4987 MB
[runlim] sample:		2349.97 time, 2350.02 real, 5001 MB
[runlim] sample:		2359.97 time, 2360.02 real, 5019 MB
[runlim] sample:		2369.97 time, 2370.02 real, 5038 MB
[runlim] sample:		2379.97 time, 2380.02 real, 5057 MB
[runlim] sample:		2389.97 time, 2390.02 real, 5079 MB
[runlim] sample:		2399.96 time, 2400.02 real, 5102 MB
[runlim] sample:		2409.97 time, 2410.02 real, 5126 MB
[runlim] sample:		2419.97 time, 2420.02 real, 5146 MB
[runlim] sample:		2429.96 time, 2430.02 real, 5166 MB
[runlim] sample:		2439.96 time, 2440.02 real, 5184 MB
[runlim] sample:		2449.96 time, 2450.02 real, 5200 MB
[runlim] sample:		2459.96 time, 2460.02 real, 5217 MB
[runlim] sample:		2469.97 time, 2470.02 real, 5239 MB
[runlim] sample:		2479.97 time, 2480.02 real, 5256 MB
[runlim] sample:		2489.97 time, 2490.02 real, 5269 MB
[runlim] sample:		2499.96 time, 2500.02 real, 5287 MB
[runlim] sample:		2509.97 time, 2510.02 real, 5306 MB
[runlim] sample:		2519.97 time, 2520.02 real, 5328 MB
[runlim] sample:		2529.97 time, 2530.02 real, 5344 MB
[runlim] sample:		2539.96 time, 2540.02 real, 5363 MB
[runlim] sample:		2549.96 time, 2550.02 real, 5386 MB
[runlim] sample:		2559.96 time, 2560.02 real, 5408 MB
[runlim] sample:		2569.96 time, 2570.02 real, 5425 MB
[runlim] sample:		2579.96 time, 2580.02 real, 5441 MB
[runlim] sample:		2589.97 time, 2590.02 real, 5456 MB
[runlim] sample:		2599.97 time, 2600.02 real, 5475 MB
[runlim] sample:		2609.96 time, 2610.02 real, 5488 MB
[runlim] sample:		2619.96 time, 2620.02 real, 5507 MB
[runlim] sample:		2629.96 time, 2630.02 real, 5526 MB
[runlim] sample:		2639.96 time, 2640.02 real, 5544 MB
[runlim] sample:		2649.97 time, 2650.02 real, 5562 MB
[runlim] sample:		2659.96 time, 2660.02 real, 5581 MB
[runlim] sample:		2669.96 time, 2670.02 real, 5600 MB
[runlim] sample:		2679.96 time, 2680.02 real, 5620 MB
[runlim] sample:		2689.96 time, 2690.02 real, 5643 MB
[runlim] sample:		2699.96 time, 2700.02 real, 5663 MB
[runlim] end:			Sat Feb 29 08:03:45 2020
[runlim] status:		out of time
[runlim] result:		2
[runlim] children:		1
[runlim] real:			2700.68 seconds
[runlim] time:			2699.96 seconds
[runlim] space:			5663 MB
[runlim] samples:		27000
