[runlim] version:		1.18
[runlim] host:			c3n32
[runlim] time limit:		2700 seconds
[runlim] real time limit:	2700 seconds
[runlim] space limit:		7000 MB
[runlim] argv[0]:		./binary
[runlim] argv[1]:		/data/cnf/ankit/E1-A1-Red/ttt_5x5-shape-1-GTTT-2-1-torus-0.dqbf
[runlim] start:			Sat Feb 29 07:18:44 2020
[runlim] child:			11156
[runlim] sample:		9.99 time, 10.02 real, 59 MB
[runlim] sample:		19.99 time, 20.02 real, 80 MB
[runlim] sample:		29.99 time, 30.02 real, 100 MB
[runlim] sample:		39.99 time, 40.02 real, 120 MB
[runlim] sample:		49.99 time, 50.02 real, 139 MB
[runlim] sample:		59.99 time, 60.02 real, 158 MB
[runlim] sample:		70.00 time, 70.02 real, 177 MB
[runlim] sample:		79.99 time, 80.02 real, 197 MB
[runlim] sample:		90.00 time, 90.02 real, 217 MB
[runlim] sample:		100.10 time, 100.12 real, 235 MB
[runlim] sample:		110.10 time, 110.12 real, 254 MB
[runlim] sample:		120.09 time, 120.12 real, 272 MB
[runlim] sample:		130.10 time, 130.12 real, 291 MB
[runlim] sample:		140.09 time, 140.12 real, 309 MB
[runlim] sample:		150.09 time, 150.12 real, 331 MB
[runlim] sample:		160.09 time, 160.12 real, 353 MB
[runlim] sample:		170.09 time, 170.12 real, 374 MB
[runlim] sample:		180.09 time, 180.12 real, 394 MB
[runlim] sample:		190.09 time, 190.12 real, 414 MB
[runlim] sample:		200.09 time, 200.12 real, 435 MB
[runlim] sample:		210.09 time, 210.12 real, 454 MB
[runlim] sample:		220.09 time, 220.12 real, 474 MB
[runlim] sample:		230.09 time, 230.12 real, 493 MB
[runlim] sample:		240.09 time, 240.12 real, 514 MB
[runlim] sample:		250.09 time, 250.12 real, 533 MB
[runlim] sample:		260.09 time, 260.12 real, 552 MB
[runlim] sample:		270.09 time, 270.12 real, 570 MB
[runlim] sample:		280.09 time, 280.12 real, 588 MB
[runlim] sample:		290.10 time, 290.12 real, 606 MB
[runlim] sample:		300.10 time, 300.12 real, 624 MB
[runlim] sample:		310.09 time, 310.12 real, 642 MB
[runlim] sample:		320.10 time, 320.12 real, 637 MB
[runlim] sample:		330.09 time, 330.12 real, 655 MB
[runlim] sample:		340.09 time, 340.12 real, 674 MB
[runlim] sample:		350.09 time, 350.12 real, 693 MB
[runlim] sample:		360.09 time, 360.12 real, 712 MB
[runlim] sample:		370.09 time, 370.12 real, 729 MB
[runlim] sample:		380.10 time, 380.12 real, 747 MB
[runlim] sample:		390.09 time, 390.12 real, 766 MB
[runlim] sample:		400.09 time, 400.12 real, 783 MB
[runlim] sample:		410.09 time, 410.12 real, 799 MB
[runlim] sample:		420.09 time, 420.12 real, 816 MB
[runlim] sample:		430.10 time, 430.12 real, 835 MB
[runlim] sample:		440.09 time, 440.12 real, 853 MB
[runlim] sample:		450.09 time, 450.12 real, 871 MB
[runlim] sample:		460.09 time, 460.12 real, 888 MB
[runlim] sample:		470.09 time, 470.12 real, 907 MB
[runlim] sample:		480.09 time, 480.12 real, 924 MB
[runlim] sample:		490.09 time, 490.12 real, 942 MB
[runlim] sample:		500.09 time, 500.12 real, 959 MB
[runlim] sample:		510.09 time, 510.12 real, 976 MB
[runlim] sample:		520.09 time, 520.12 real, 993 MB
[runlim] sample:		530.09 time, 530.12 real, 1009 MB
[runlim] sample:		540.09 time, 540.12 real, 1028 MB
[runlim] sample:		550.09 time, 550.12 real, 1045 MB
[runlim] sample:		560.09 time, 560.12 real, 1060 MB
[runlim] sample:		570.09 time, 570.12 real, 1077 MB
[runlim] sample:		580.09 time, 580.12 real, 1091 MB
[runlim] sample:		590.09 time, 590.12 real, 1106 MB
[runlim] sample:		600.09 time, 600.12 real, 1122 MB
[runlim] sample:		610.09 time, 610.12 real, 1138 MB
[runlim] sample:		620.09 time, 620.12 real, 1154 MB
[runlim] sample:		630.08 time, 630.12 real, 1170 MB
[runlim] sample:		640.09 time, 640.12 real, 1185 MB
[runlim] sample:		650.09 time, 650.12 real, 1200 MB
[runlim] sample:		660.09 time, 660.12 real, 1215 MB
[runlim] sample:		670.08 time, 670.12 real, 1229 MB
[runlim] sample:		680.09 time, 680.12 real, 1244 MB
[runlim] sample:		690.09 time, 690.12 real, 1259 MB
[runlim] sample:		700.09 time, 700.12 real, 1273 MB
[runlim] sample:		710.09 time, 710.12 real, 1287 MB
[runlim] sample:		720.09 time, 720.12 real, 1301 MB
[runlim] sample:		730.09 time, 730.12 real, 1314 MB
[runlim] sample:		740.08 time, 740.12 real, 1328 MB
[runlim] sample:		750.09 time, 750.12 real, 1343 MB
[runlim] sample:		760.09 time, 760.12 real, 1362 MB
[runlim] sample:		770.09 time, 770.12 real, 1381 MB
[runlim] sample:		780.08 time, 780.12 real, 1398 MB
[runlim] sample:		790.09 time, 790.12 real, 1412 MB
[runlim] sample:		800.08 time, 800.12 real, 1425 MB
[runlim] sample:		810.09 time, 810.12 real, 1438 MB
[runlim] sample:		820.08 time, 820.12 real, 1451 MB
[runlim] sample:		830.09 time, 830.12 real, 1417 MB
[runlim] sample:		840.08 time, 840.12 real, 1430 MB
[runlim] sample:		850.08 time, 850.12 real, 1443 MB
[runlim] sample:		860.08 time, 860.12 real, 1455 MB
[runlim] sample:		870.08 time, 870.12 real, 1468 MB
[runlim] sample:		880.08 time, 880.12 real, 1481 MB
[runlim] sample:		890.09 time, 890.12 real, 1493 MB
[runlim] sample:		900.09 time, 900.12 real, 1505 MB
[runlim] sample:		910.08 time, 910.12 real, 1518 MB
[runlim] sample:		920.08 time, 920.12 real, 1530 MB
[runlim] sample:		930.08 time, 930.12 real, 1542 MB
[runlim] sample:		940.08 time, 940.12 real, 1554 MB
[runlim] sample:		950.08 time, 950.12 real, 1565 MB
[runlim] sample:		960.09 time, 960.12 real, 1578 MB
[runlim] sample:		970.09 time, 970.12 real, 1589 MB
[runlim] sample:		980.08 time, 980.12 real, 1600 MB
[runlim] sample:		990.08 time, 990.12 real, 1611 MB
[runlim] sample:		1000.08 time, 1000.12 real, 1623 MB
[runlim] sample:		1010.08 time, 1010.12 real, 1634 MB
[runlim] sample:		1020.08 time, 1020.12 real, 1646 MB
[runlim] sample:		1030.08 time, 1030.12 real, 1657 MB
[runlim] sample:		1040.08 time, 1040.12 real, 1667 MB
[runlim] sample:		1050.09 time, 1050.12 real, 1678 MB
[runlim] sample:		1060.09 time, 1060.12 real, 1688 MB
[runlim] sample:		1070.09 time, 1070.12 real, 1698 MB
[runlim] sample:		1080.08 time, 1080.12 real, 1709 MB
[runlim] sample:		1090.08 time, 1090.12 real, 1719 MB
[runlim] sample:		1100.08 time, 1100.12 real, 1730 MB
[runlim] sample:		1110.08 time, 1110.12 real, 1743 MB
[runlim] sample:		1120.09 time, 1120.12 real, 1762 MB
[runlim] sample:		1130.09 time, 1130.12 real, 1780 MB
[runlim] sample:		1140.08 time, 1140.12 real, 1798 MB
[runlim] sample:		1150.08 time, 1150.12 real, 1814 MB
[runlim] sample:		1160.08 time, 1160.12 real, 1831 MB
[runlim] sample:		1170.08 time, 1170.12 real, 1844 MB
[runlim] sample:		1180.08 time, 1180.12 real, 1861 MB
[runlim] sample:		1190.08 time, 1190.12 real, 1878 MB
[runlim] sample:		1200.08 time, 1200.12 real, 1894 MB
[runlim] sample:		1210.09 time, 1210.12 real, 1909 MB
[runlim] sample:		1220.09 time, 1220.12 real, 1919 MB
[runlim] sample:		1230.09 time, 1230.12 real, 1931 MB
[runlim] sample:		1240.08 time, 1240.12 real, 1943 MB
[runlim] sample:		1250.08 time, 1250.12 real, 1961 MB
[runlim] sample:		1260.08 time, 1260.12 real, 1971 MB
[runlim] sample:		1270.08 time, 1270.12 real, 1984 MB
[runlim] sample:		1280.08 time, 1280.12 real, 1993 MB
[runlim] sample:		1290.08 time, 1290.12 real, 2005 MB
[runlim] sample:		1300.08 time, 1300.12 real, 2017 MB
[runlim] sample:		1310.08 time, 1310.12 real, 2028 MB
[runlim] sample:		1320.08 time, 1320.12 real, 2039 MB
[runlim] sample:		1330.09 time, 1330.12 real, 2051 MB
[runlim] sample:		1340.08 time, 1340.12 real, 2062 MB
[runlim] sample:		1350.08 time, 1350.12 real, 2073 MB
[runlim] sample:		1360.08 time, 1360.12 real, 2084 MB
[runlim] sample:		1370.08 time, 1370.12 real, 2095 MB
[runlim] sample:		1380.08 time, 1380.12 real, 2105 MB
[runlim] sample:		1390.08 time, 1390.12 real, 2117 MB
[runlim] sample:		1400.08 time, 1400.12 real, 2128 MB
[runlim] sample:		1410.08 time, 1410.12 real, 2138 MB
[runlim] sample:		1420.08 time, 1420.12 real, 2147 MB
[runlim] sample:		1430.08 time, 1430.12 real, 2157 MB
[runlim] sample:		1440.08 time, 1440.12 real, 2167 MB
[runlim] sample:		1450.08 time, 1450.12 real, 2176 MB
[runlim] sample:		1460.08 time, 1460.12 real, 2186 MB
[runlim] sample:		1470.08 time, 1470.12 real, 2196 MB
[runlim] sample:		1480.08 time, 1480.12 real, 2206 MB
[runlim] sample:		1490.08 time, 1490.12 real, 2216 MB
[runlim] sample:		1500.08 time, 1500.12 real, 2227 MB
[runlim] sample:		1510.08 time, 1510.12 real, 2238 MB
[runlim] sample:		1520.08 time, 1520.12 real, 2249 MB
[runlim] sample:		1530.08 time, 1530.12 real, 2259 MB
[runlim] sample:		1540.08 time, 1540.12 real, 2270 MB
[runlim] sample:		1550.08 time, 1550.12 real, 2280 MB
[runlim] sample:		1560.08 time, 1560.12 real, 2290 MB
[runlim] sample:		1570.08 time, 1570.12 real, 2300 MB
[runlim] sample:		1580.07 time, 1580.12 real, 2313 MB
[runlim] sample:		1590.08 time, 1590.12 real, 2324 MB
[runlim] sample:		1600.08 time, 1600.12 real, 2339 MB
[runlim] sample:		1610.07 time, 1610.12 real, 2350 MB
[runlim] sample:		1620.08 time, 1620.12 real, 2368 MB
[runlim] sample:		1630.08 time, 1630.12 real, 2387 MB
[runlim] sample:		1640.08 time, 1640.12 real, 2404 MB
[runlim] sample:		1650.08 time, 1650.12 real, 2422 MB
[runlim] sample:		1660.08 time, 1660.12 real, 2440 MB
[runlim] sample:		1670.08 time, 1670.12 real, 2458 MB
[runlim] sample:		1680.08 time, 1680.12 real, 2475 MB
[runlim] sample:		1690.08 time, 1690.12 real, 2492 MB
[runlim] sample:		1700.07 time, 1700.12 real, 2508 MB
[runlim] sample:		1710.08 time, 1710.12 real, 2526 MB
[runlim] sample:		1720.07 time, 1720.12 real, 2543 MB
[runlim] sample:		1730.08 time, 1730.12 real, 2559 MB
[runlim] sample:		1740.07 time, 1740.12 real, 2576 MB
[runlim] sample:		1750.07 time, 1750.12 real, 2592 MB
[runlim] sample:		1760.08 time, 1760.12 real, 2609 MB
[runlim] sample:		1770.08 time, 1770.12 real, 2626 MB
[runlim] sample:		1780.07 time, 1780.12 real, 2644 MB
[runlim] sample:		1790.08 time, 1790.12 real, 2656 MB
[runlim] sample:		1800.08 time, 1800.12 real, 2669 MB
[runlim] sample:		1810.08 time, 1810.12 real, 2681 MB
[runlim] sample:		1820.08 time, 1820.12 real, 2599 MB
[runlim] sample:		1830.08 time, 1830.12 real, 2617 MB
[runlim] sample:		1840.08 time, 1840.12 real, 2634 MB
[runlim] sample:		1850.07 time, 1850.12 real, 2652 MB
[runlim] sample:		1860.08 time, 1860.12 real, 2668 MB
[runlim] sample:		1870.08 time, 1870.12 real, 2680 MB
[runlim] sample:		1880.07 time, 1880.12 real, 2695 MB
[runlim] sample:		1890.07 time, 1890.12 real, 2712 MB
[runlim] sample:		1900.07 time, 1900.12 real, 2729 MB
[runlim] sample:		1910.07 time, 1910.12 real, 2746 MB
[runlim] sample:		1920.07 time, 1920.12 real, 2762 MB
[runlim] sample:		1930.08 time, 1930.12 real, 2780 MB
[runlim] sample:		1940.08 time, 1940.12 real, 2795 MB
[runlim] sample:		1950.08 time, 1950.12 real, 2806 MB
[runlim] sample:		1960.07 time, 1960.12 real, 2813 MB
[runlim] sample:		1970.08 time, 1970.12 real, 2827 MB
[runlim] sample:		1980.07 time, 1980.12 real, 2839 MB
[runlim] sample:		1990.08 time, 1990.12 real, 2853 MB
[runlim] sample:		2000.07 time, 2000.12 real, 2863 MB
[runlim] sample:		2010.07 time, 2010.12 real, 2877 MB
[runlim] sample:		2020.08 time, 2020.12 real, 2893 MB
[runlim] sample:		2030.08 time, 2030.12 real, 2907 MB
[runlim] sample:		2040.08 time, 2040.12 real, 2916 MB
[runlim] sample:		2050.08 time, 2050.12 real, 2925 MB
[runlim] sample:		2060.07 time, 2060.12 real, 2936 MB
[runlim] sample:		2070.07 time, 2070.12 real, 2946 MB
[runlim] sample:		2080.08 time, 2080.12 real, 2959 MB
[runlim] sample:		2090.08 time, 2090.12 real, 2966 MB
[runlim] sample:		2100.08 time, 2100.12 real, 2977 MB
[runlim] sample:		2110.08 time, 2110.12 real, 2988 MB
[runlim] sample:		2120.07 time, 2120.12 real, 2998 MB
[runlim] sample:		2130.08 time, 2130.12 real, 3008 MB
[runlim] sample:		2140.07 time, 2140.12 real, 3018 MB
[runlim] sample:		2150.07 time, 2150.12 real, 3027 MB
[runlim] sample:		2160.07 time, 2160.12 real, 3037 MB
[runlim] sample:		2170.07 time, 2170.12 real, 3047 MB
[runlim] sample:		2180.07 time, 2180.12 real, 3057 MB
[runlim] sample:		2190.07 time, 2190.12 real, 3066 MB
[runlim] sample:		2200.07 time, 2200.12 real, 3074 MB
[runlim] sample:		2210.07 time, 2210.12 real, 3083 MB
[runlim] sample:		2220.08 time, 2220.12 real, 3099 MB
[runlim] sample:		2230.07 time, 2230.12 real, 3109 MB
[runlim] sample:		2240.07 time, 2240.12 real, 3115 MB
[runlim] sample:		2250.07 time, 2250.12 real, 3123 MB
[runlim] sample:		2260.07 time, 2260.12 real, 3131 MB
[runlim] sample:		2270.07 time, 2270.12 real, 3139 MB
[runlim] sample:		2280.07 time, 2280.12 real, 3149 MB
[runlim] sample:		2290.07 time, 2290.12 real, 3158 MB
[runlim] sample:		2300.07 time, 2300.12 real, 3167 MB
[runlim] sample:		2310.07 time, 2310.12 real, 3177 MB
[runlim] sample:		2320.07 time, 2320.12 real, 3185 MB
[runlim] sample:		2330.07 time, 2330.12 real, 3202 MB
[runlim] sample:		2340.07 time, 2340.12 real, 3216 MB
[runlim] sample:		2350.07 time, 2350.12 real, 3233 MB
[runlim] sample:		2360.07 time, 2360.12 real, 3244 MB
[runlim] sample:		2370.07 time, 2370.12 real, 3255 MB
[runlim] sample:		2380.07 time, 2380.12 real, 3263 MB
[runlim] sample:		2390.07 time, 2390.12 real, 3272 MB
[runlim] sample:		2400.07 time, 2400.12 real, 3286 MB
[runlim] sample:		2410.07 time, 2410.12 real, 3296 MB
[runlim] sample:		2420.07 time, 2420.12 real, 3315 MB
[runlim] sample:		2430.07 time, 2430.12 real, 3332 MB
[runlim] sample:		2440.07 time, 2440.12 real, 3349 MB
[runlim] sample:		2450.07 time, 2450.12 real, 3365 MB
[runlim] sample:		2460.07 time, 2460.12 real, 3377 MB
[runlim] sample:		2470.07 time, 2470.12 real, 3391 MB
[runlim] sample:		2480.07 time, 2480.12 real, 3403 MB
[runlim] sample:		2490.07 time, 2490.12 real, 3417 MB
[runlim] sample:		2500.07 time, 2500.12 real, 3425 MB
[runlim] sample:		2510.07 time, 2510.12 real, 3429 MB
[runlim] sample:		2520.07 time, 2520.12 real, 3435 MB
[runlim] sample:		2530.07 time, 2530.12 real, 3443 MB
[runlim] sample:		2540.07 time, 2540.12 real, 3448 MB
[runlim] sample:		2550.06 time, 2550.12 real, 3459 MB
[runlim] sample:		2560.06 time, 2560.12 real, 3476 MB
[runlim] sample:		2570.07 time, 2570.12 real, 3486 MB
[runlim] sample:		2580.07 time, 2580.12 real, 3494 MB
[runlim] sample:		2590.07 time, 2590.12 real, 3500 MB
[runlim] sample:		2600.06 time, 2600.12 real, 3507 MB
[runlim] sample:		2610.07 time, 2610.12 real, 3515 MB
[runlim] sample:		2620.07 time, 2620.12 real, 3522 MB
[runlim] sample:		2630.07 time, 2630.12 real, 3528 MB
[runlim] sample:		2640.07 time, 2640.12 real, 3540 MB
[runlim] sample:		2650.07 time, 2650.12 real, 3547 MB
[runlim] sample:		2660.07 time, 2660.12 real, 3558 MB
[runlim] sample:		2670.07 time, 2670.12 real, 3574 MB
[runlim] sample:		2680.07 time, 2680.12 real, 3581 MB
[runlim] sample:		2690.07 time, 2690.12 real, 3594 MB
[runlim] end:			Sat Feb 29 08:03:44 2020
[runlim] status:		out of time
[runlim] result:		2
[runlim] children:		1
[runlim] real:			2700.49 seconds
[runlim] time:			2699.97 seconds
[runlim] space:			3607 MB
[runlim] samples:		26999
