[runlim] version:		1.18
[runlim] host:			c3n04
[runlim] time limit:		2700 seconds
[runlim] real time limit:	2700 seconds
[runlim] space limit:		7000 MB
[runlim] argv[0]:		./binary
[runlim] argv[1]:		/data/cnf/ankit/E1-A1-instances/BLOCKS4ii.7.2.qdimacs
[runlim] start:			Sat Feb 29 07:09:08 2020
[runlim] child:			22423
[runlim] sample:		9.98 time, 10.02 real, 50 MB
[runlim] sample:		19.98 time, 20.02 real, 53 MB
[runlim] sample:		29.98 time, 30.01 real, 54 MB
[runlim] sample:		39.98 time, 40.01 real, 56 MB
[runlim] sample:		49.98 time, 50.02 real, 59 MB
[runlim] sample:		59.97 time, 60.01 real, 62 MB
[runlim] sample:		69.98 time, 70.01 real, 63 MB
[runlim] sample:		79.98 time, 80.02 real, 65 MB
[runlim] sample:		89.98 time, 90.02 real, 67 MB
[runlim] sample:		99.98 time, 100.02 real, 68 MB
[runlim] sample:		109.98 time, 110.02 real, 68 MB
[runlim] sample:		119.98 time, 120.01 real, 69 MB
[runlim] sample:		129.98 time, 130.02 real, 70 MB
[runlim] end:			Sat Feb 29 07:11:27 2020
[runlim] status:		ok
[runlim] result:		0
[runlim] children:		1
[runlim] real:			138.44 seconds
[runlim] time:			138.37 seconds
[runlim] space:			71 MB
[runlim] samples:		1384
