[runlim] version:		1.18
[runlim] host:			c3n04
[runlim] time limit:		2700 seconds
[runlim] real time limit:	2700 seconds
[runlim] space limit:		7000 MB
[runlim] argv[0]:		./binary
[runlim] argv[1]:		/data/cnf/ankit/E1-A1-instances/BLOCKS4iii.7.qdimacs
[runlim] start:			Sat Feb 29 07:09:08 2020
[runlim] child:			22456
[runlim] sample:		10.00 time, 10.02 real, 24 MB
[runlim] sample:		20.00 time, 20.02 real, 24 MB
[runlim] sample:		30.00 time, 30.02 real, 27 MB
[runlim] sample:		40.00 time, 40.02 real, 29 MB
[runlim] sample:		50.00 time, 50.02 real, 29 MB
[runlim] sample:		60.00 time, 60.02 real, 31 MB
[runlim] sample:		70.00 time, 70.02 real, 31 MB
[runlim] sample:		80.00 time, 80.02 real, 32 MB
[runlim] sample:		90.00 time, 90.02 real, 34 MB
[runlim] sample:		100.00 time, 100.02 real, 35 MB
[runlim] sample:		109.99 time, 110.02 real, 37 MB
[runlim] sample:		120.00 time, 120.02 real, 42 MB
[runlim] sample:		130.00 time, 130.02 real, 43 MB
[runlim] sample:		139.99 time, 140.02 real, 44 MB
[runlim] sample:		149.99 time, 150.02 real, 45 MB
[runlim] sample:		160.00 time, 160.02 real, 46 MB
[runlim] sample:		170.00 time, 170.02 real, 47 MB
[runlim] sample:		179.99 time, 180.02 real, 48 MB
[runlim] sample:		189.99 time, 190.02 real, 50 MB
[runlim] sample:		199.99 time, 200.02 real, 52 MB
[runlim] sample:		209.99 time, 210.02 real, 56 MB
[runlim] sample:		219.99 time, 220.02 real, 57 MB
[runlim] sample:		230.08 time, 230.12 real, 57 MB
[runlim] sample:		240.08 time, 240.12 real, 58 MB
[runlim] sample:		250.08 time, 250.12 real, 59 MB
[runlim] sample:		260.09 time, 260.12 real, 60 MB
[runlim] sample:		270.09 time, 270.12 real, 60 MB
[runlim] sample:		280.09 time, 280.12 real, 61 MB
[runlim] sample:		290.09 time, 290.12 real, 61 MB
[runlim] sample:		300.09 time, 300.12 real, 61 MB
[runlim] sample:		310.09 time, 310.12 real, 63 MB
[runlim] sample:		320.08 time, 320.12 real, 64 MB
[runlim] sample:		330.08 time, 330.12 real, 64 MB
[runlim] sample:		340.07 time, 340.12 real, 65 MB
[runlim] sample:		350.08 time, 350.12 real, 66 MB
[runlim] sample:		360.07 time, 360.12 real, 68 MB
[runlim] sample:		370.08 time, 370.12 real, 68 MB
[runlim] sample:		380.08 time, 380.12 real, 70 MB
[runlim] sample:		390.07 time, 390.12 real, 71 MB
[runlim] sample:		400.07 time, 400.12 real, 71 MB
[runlim] sample:		410.07 time, 410.12 real, 71 MB
[runlim] sample:		420.07 time, 420.12 real, 71 MB
[runlim] sample:		430.08 time, 430.12 real, 71 MB
[runlim] sample:		440.08 time, 440.12 real, 73 MB
[runlim] sample:		450.07 time, 450.12 real, 74 MB
[runlim] sample:		460.08 time, 460.12 real, 76 MB
[runlim] sample:		470.07 time, 470.12 real, 77 MB
[runlim] sample:		480.07 time, 480.12 real, 77 MB
[runlim] sample:		490.07 time, 490.12 real, 78 MB
[runlim] sample:		500.07 time, 500.12 real, 79 MB
[runlim] sample:		510.03 time, 510.12 real, 80 MB
[runlim] sample:		520.01 time, 520.12 real, 80 MB
[runlim] sample:		529.98 time, 530.12 real, 81 MB
[runlim] sample:		539.95 time, 540.12 real, 83 MB
[runlim] sample:		549.92 time, 550.12 real, 83 MB
[runlim] sample:		559.90 time, 560.12 real, 83 MB
[runlim] sample:		569.88 time, 570.12 real, 84 MB
[runlim] sample:		579.99 time, 580.22 real, 84 MB
[runlim] sample:		589.99 time, 590.22 real, 84 MB
[runlim] sample:		599.99 time, 600.22 real, 85 MB
[runlim] sample:		609.99 time, 610.22 real, 85 MB
[runlim] sample:		619.99 time, 620.22 real, 85 MB
[runlim] sample:		629.98 time, 630.22 real, 86 MB
[runlim] sample:		639.99 time, 640.22 real, 88 MB
[runlim] sample:		649.99 time, 650.22 real, 88 MB
[runlim] sample:		659.98 time, 660.22 real, 88 MB
[runlim] sample:		670.19 time, 670.42 real, 88 MB
[runlim] sample:		680.19 time, 680.42 real, 89 MB
[runlim] sample:		690.19 time, 690.42 real, 89 MB
[runlim] sample:		700.19 time, 700.42 real, 89 MB
[runlim] sample:		710.19 time, 710.42 real, 89 MB
[runlim] sample:		720.19 time, 720.42 real, 90 MB
[runlim] sample:		730.19 time, 730.42 real, 90 MB
[runlim] sample:		740.19 time, 740.42 real, 93 MB
[runlim] sample:		750.18 time, 750.42 real, 93 MB
[runlim] sample:		760.19 time, 760.42 real, 93 MB
[runlim] sample:		770.19 time, 770.42 real, 93 MB
[runlim] sample:		780.18 time, 780.42 real, 93 MB
[runlim] sample:		790.19 time, 790.42 real, 93 MB
[runlim] sample:		800.19 time, 800.42 real, 94 MB
[runlim] end:			Sat Feb 29 07:22:36 2020
[runlim] status:		ok
[runlim] result:		0
[runlim] children:		1
[runlim] real:			807.44 seconds
[runlim] time:			807.19 seconds
[runlim] space:			94 MB
[runlim] samples:		8070
