[runlim] version:		1.18
[runlim] host:			c3n05
[runlim] time limit:		2700 seconds
[runlim] real time limit:	2700 seconds
[runlim] space limit:		7000 MB
[runlim] argv[0]:		./binary
[runlim] argv[1]:		/data/cnf/ankit/E1-A1-instances/bobsmhdlc1.qdimacs
[runlim] start:			Sat Feb 29 07:09:08 2020
[runlim] child:			18366
[runlim] sample:		10.01 time, 10.02 real, 11 MB
[runlim] sample:		20.01 time, 20.02 real, 11 MB
[runlim] sample:		30.01 time, 30.02 real, 12 MB
[runlim] sample:		40.01 time, 40.02 real, 12 MB
[runlim] sample:		50.01 time, 50.02 real, 13 MB
[runlim] sample:		60.00 time, 60.02 real, 13 MB
[runlim] sample:		70.00 time, 70.02 real, 13 MB
[runlim] sample:		80.00 time, 80.02 real, 13 MB
[runlim] sample:		90.00 time, 90.02 real, 14 MB
[runlim] sample:		100.00 time, 100.02 real, 14 MB
[runlim] sample:		110.00 time, 110.02 real, 14 MB
[runlim] sample:		120.00 time, 120.02 real, 14 MB
[runlim] sample:		130.00 time, 130.02 real, 15 MB
[runlim] sample:		140.00 time, 140.02 real, 15 MB
[runlim] sample:		150.00 time, 150.02 real, 15 MB
[runlim] sample:		160.00 time, 160.02 real, 15 MB
[runlim] sample:		170.00 time, 170.02 real, 15 MB
[runlim] sample:		180.00 time, 180.02 real, 16 MB
[runlim] sample:		190.00 time, 190.02 real, 16 MB
[runlim] sample:		200.00 time, 200.02 real, 16 MB
[runlim] sample:		210.00 time, 210.02 real, 16 MB
[runlim] sample:		220.00 time, 220.02 real, 16 MB
[runlim] sample:		230.10 time, 230.12 real, 16 MB
[runlim] sample:		240.10 time, 240.12 real, 17 MB
[runlim] sample:		250.10 time, 250.12 real, 17 MB
[runlim] sample:		260.10 time, 260.12 real, 17 MB
[runlim] sample:		270.10 time, 270.12 real, 17 MB
[runlim] sample:		280.10 time, 280.12 real, 17 MB
[runlim] sample:		290.11 time, 290.12 real, 17 MB
[runlim] sample:		300.11 time, 300.12 real, 17 MB
[runlim] sample:		310.11 time, 310.12 real, 17 MB
[runlim] sample:		320.11 time, 320.12 real, 18 MB
[runlim] sample:		330.11 time, 330.12 real, 18 MB
[runlim] sample:		340.11 time, 340.12 real, 18 MB
[runlim] sample:		350.11 time, 350.12 real, 18 MB
[runlim] sample:		360.11 time, 360.12 real, 18 MB
[runlim] sample:		370.11 time, 370.12 real, 18 MB
[runlim] sample:		380.11 time, 380.12 real, 18 MB
[runlim] sample:		390.11 time, 390.12 real, 18 MB
[runlim] sample:		400.11 time, 400.12 real, 18 MB
[runlim] sample:		410.11 time, 410.12 real, 19 MB
[runlim] sample:		420.11 time, 420.12 real, 19 MB
[runlim] sample:		430.11 time, 430.12 real, 19 MB
[runlim] sample:		440.11 time, 440.12 real, 19 MB
[runlim] sample:		450.11 time, 450.12 real, 19 MB
[runlim] sample:		460.11 time, 460.12 real, 19 MB
[runlim] sample:		470.11 time, 470.12 real, 19 MB
[runlim] sample:		480.10 time, 480.12 real, 19 MB
[runlim] sample:		490.10 time, 490.12 real, 19 MB
[runlim] sample:		500.10 time, 500.12 real, 19 MB
[runlim] sample:		510.10 time, 510.12 real, 19 MB
[runlim] sample:		520.10 time, 520.12 real, 20 MB
[runlim] sample:		530.11 time, 530.12 real, 20 MB
[runlim] sample:		540.11 time, 540.12 real, 20 MB
[runlim] sample:		550.11 time, 550.12 real, 20 MB
[runlim] sample:		560.11 time, 560.12 real, 20 MB
[runlim] sample:		570.11 time, 570.12 real, 20 MB
[runlim] sample:		580.21 time, 580.22 real, 22 MB
[runlim] sample:		590.21 time, 590.22 real, 28 MB
[runlim] sample:		600.21 time, 600.22 real, 29 MB
[runlim] sample:		610.21 time, 610.22 real, 29 MB
[runlim] sample:		620.21 time, 620.22 real, 30 MB
[runlim] sample:		630.21 time, 630.22 real, 30 MB
[runlim] sample:		640.21 time, 640.22 real, 30 MB
[runlim] sample:		650.21 time, 650.22 real, 30 MB
[runlim] sample:		660.21 time, 660.22 real, 31 MB
[runlim] sample:		670.41 time, 670.42 real, 31 MB
[runlim] sample:		680.41 time, 680.42 real, 31 MB
[runlim] sample:		690.41 time, 690.42 real, 31 MB
[runlim] sample:		700.41 time, 700.42 real, 32 MB
[runlim] sample:		710.41 time, 710.42 real, 32 MB
[runlim] sample:		720.41 time, 720.42 real, 32 MB
[runlim] sample:		730.41 time, 730.42 real, 32 MB
[runlim] sample:		740.41 time, 740.42 real, 32 MB
[runlim] sample:		750.41 time, 750.42 real, 32 MB
[runlim] sample:		760.41 time, 760.42 real, 33 MB
[runlim] sample:		770.41 time, 770.42 real, 33 MB
[runlim] sample:		780.41 time, 780.42 real, 33 MB
[runlim] sample:		790.41 time, 790.42 real, 33 MB
[runlim] sample:		800.41 time, 800.42 real, 33 MB
[runlim] sample:		810.41 time, 810.42 real, 34 MB
[runlim] sample:		820.41 time, 820.42 real, 34 MB
[runlim] sample:		830.41 time, 830.42 real, 34 MB
[runlim] sample:		840.41 time, 840.42 real, 34 MB
[runlim] sample:		850.41 time, 850.42 real, 34 MB
[runlim] sample:		860.41 time, 860.42 real, 34 MB
[runlim] sample:		870.41 time, 870.42 real, 35 MB
[runlim] sample:		880.41 time, 880.42 real, 35 MB
[runlim] sample:		890.41 time, 890.42 real, 35 MB
[runlim] sample:		900.41 time, 900.42 real, 35 MB
[runlim] sample:		910.41 time, 910.42 real, 35 MB
[runlim] sample:		920.41 time, 920.42 real, 36 MB
[runlim] sample:		930.41 time, 930.42 real, 36 MB
[runlim] sample:		940.41 time, 940.42 real, 36 MB
[runlim] sample:		950.41 time, 950.42 real, 36 MB
[runlim] sample:		960.41 time, 960.42 real, 36 MB
[runlim] sample:		970.41 time, 970.42 real, 36 MB
[runlim] sample:		980.41 time, 980.42 real, 36 MB
[runlim] sample:		990.41 time, 990.42 real, 37 MB
[runlim] sample:		1000.41 time, 1000.42 real, 37 MB
[runlim] sample:		1010.41 time, 1010.42 real, 37 MB
[runlim] sample:		1020.41 time, 1020.42 real, 37 MB
[runlim] sample:		1030.42 time, 1030.42 real, 37 MB
[runlim] sample:		1040.42 time, 1040.42 real, 37 MB
[runlim] sample:		1050.42 time, 1050.42 real, 38 MB
[runlim] sample:		1060.42 time, 1060.42 real, 38 MB
[runlim] sample:		1070.42 time, 1070.42 real, 38 MB
[runlim] sample:		1080.42 time, 1080.42 real, 38 MB
[runlim] sample:		1090.42 time, 1090.42 real, 38 MB
[runlim] sample:		1100.42 time, 1100.42 real, 39 MB
[runlim] sample:		1110.42 time, 1110.42 real, 39 MB
[runlim] sample:		1120.41 time, 1120.42 real, 39 MB
[runlim] sample:		1130.41 time, 1130.42 real, 39 MB
[runlim] sample:		1140.41 time, 1140.42 real, 39 MB
[runlim] sample:		1150.41 time, 1150.42 real, 40 MB
[runlim] sample:		1160.41 time, 1160.42 real, 40 MB
[runlim] sample:		1170.41 time, 1170.42 real, 40 MB
[runlim] sample:		1180.41 time, 1180.42 real, 40 MB
[runlim] sample:		1190.41 time, 1190.42 real, 40 MB
[runlim] sample:		1200.42 time, 1200.42 real, 40 MB
[runlim] sample:		1210.42 time, 1210.42 real, 40 MB
[runlim] sample:		1220.42 time, 1220.42 real, 40 MB
[runlim] sample:		1230.42 time, 1230.42 real, 41 MB
[runlim] sample:		1240.41 time, 1240.42 real, 41 MB
[runlim] sample:		1250.41 time, 1250.42 real, 41 MB
[runlim] sample:		1260.41 time, 1260.42 real, 41 MB
[runlim] sample:		1270.41 time, 1270.42 real, 41 MB
[runlim] sample:		1280.41 time, 1280.42 real, 42 MB
[runlim] sample:		1290.42 time, 1290.42 real, 42 MB
[runlim] sample:		1300.42 time, 1300.42 real, 42 MB
[runlim] sample:		1310.42 time, 1310.42 real, 42 MB
[runlim] sample:		1320.41 time, 1320.42 real, 42 MB
[runlim] sample:		1330.41 time, 1330.42 real, 42 MB
[runlim] sample:		1340.41 time, 1340.42 real, 42 MB
[runlim] sample:		1350.41 time, 1350.42 real, 42 MB
[runlim] sample:		1360.41 time, 1360.42 real, 43 MB
[runlim] sample:		1370.41 time, 1370.42 real, 43 MB
[runlim] sample:		1380.41 time, 1380.42 real, 43 MB
[runlim] sample:		1390.42 time, 1390.42 real, 43 MB
[runlim] sample:		1400.42 time, 1400.42 real, 43 MB
[runlim] sample:		1410.42 time, 1410.42 real, 43 MB
[runlim] sample:		1420.42 time, 1420.42 real, 43 MB
[runlim] sample:		1430.42 time, 1430.42 real, 44 MB
[runlim] sample:		1440.41 time, 1440.42 real, 44 MB
[runlim] sample:		1450.41 time, 1450.42 real, 44 MB
[runlim] sample:		1460.41 time, 1460.42 real, 44 MB
[runlim] sample:		1470.41 time, 1470.42 real, 44 MB
[runlim] sample:		1480.41 time, 1480.42 real, 44 MB
[runlim] sample:		1490.41 time, 1490.42 real, 44 MB
[runlim] sample:		1500.41 time, 1500.42 real, 45 MB
[runlim] sample:		1510.41 time, 1510.42 real, 45 MB
[runlim] sample:		1520.41 time, 1520.42 real, 45 MB
[runlim] sample:		1530.41 time, 1530.42 real, 45 MB
[runlim] sample:		1540.41 time, 1540.42 real, 45 MB
[runlim] sample:		1550.41 time, 1550.42 real, 45 MB
[runlim] sample:		1560.41 time, 1560.42 real, 45 MB
[runlim] sample:		1570.41 time, 1570.42 real, 45 MB
[runlim] sample:		1580.41 time, 1580.42 real, 46 MB
[runlim] sample:		1590.41 time, 1590.42 real, 46 MB
[runlim] sample:		1600.41 time, 1600.42 real, 46 MB
[runlim] sample:		1610.41 time, 1610.42 real, 46 MB
[runlim] sample:		1620.41 time, 1620.42 real, 46 MB
[runlim] sample:		1630.42 time, 1630.42 real, 46 MB
[runlim] sample:		1640.42 time, 1640.42 real, 46 MB
[runlim] sample:		1650.42 time, 1650.42 real, 46 MB
[runlim] sample:		1660.42 time, 1660.42 real, 46 MB
[runlim] sample:		1670.42 time, 1670.42 real, 47 MB
[runlim] sample:		1680.42 time, 1680.42 real, 47 MB
[runlim] sample:		1690.42 time, 1690.42 real, 47 MB
[runlim] sample:		1700.42 time, 1700.42 real, 47 MB
[runlim] sample:		1710.42 time, 1710.42 real, 47 MB
[runlim] sample:		1720.42 time, 1720.42 real, 47 MB
[runlim] sample:		1730.42 time, 1730.42 real, 47 MB
[runlim] sample:		1740.42 time, 1740.42 real, 47 MB
[runlim] sample:		1750.42 time, 1750.42 real, 48 MB
[runlim] sample:		1760.42 time, 1760.42 real, 48 MB
[runlim] sample:		1770.42 time, 1770.42 real, 48 MB
[runlim] sample:		1780.42 time, 1780.42 real, 48 MB
[runlim] sample:		1790.42 time, 1790.42 real, 48 MB
[runlim] sample:		1800.42 time, 1800.42 real, 48 MB
[runlim] sample:		1810.42 time, 1810.42 real, 48 MB
[runlim] sample:		1820.42 time, 1820.42 real, 48 MB
[runlim] sample:		1830.42 time, 1830.42 real, 48 MB
[runlim] sample:		1840.42 time, 1840.42 real, 48 MB
[runlim] sample:		1850.42 time, 1850.42 real, 49 MB
[runlim] sample:		1860.42 time, 1860.42 real, 49 MB
[runlim] sample:		1870.42 time, 1870.42 real, 49 MB
[runlim] sample:		1880.42 time, 1880.42 real, 49 MB
[runlim] sample:		1890.42 time, 1890.42 real, 49 MB
[runlim] sample:		1900.42 time, 1900.42 real, 49 MB
[runlim] sample:		1910.42 time, 1910.42 real, 49 MB
[runlim] sample:		1920.42 time, 1920.42 real, 49 MB
[runlim] sample:		1930.42 time, 1930.42 real, 49 MB
[runlim] sample:		1940.42 time, 1940.42 real, 49 MB
[runlim] sample:		1950.42 time, 1950.42 real, 50 MB
[runlim] sample:		1960.42 time, 1960.42 real, 50 MB
[runlim] sample:		1970.42 time, 1970.42 real, 50 MB
[runlim] sample:		1980.42 time, 1980.42 real, 50 MB
[runlim] sample:		1990.43 time, 1990.42 real, 50 MB
[runlim] sample:		2000.43 time, 2000.42 real, 50 MB
[runlim] sample:		2010.43 time, 2010.42 real, 50 MB
[runlim] sample:		2020.43 time, 2020.42 real, 50 MB
[runlim] sample:		2030.43 time, 2030.42 real, 50 MB
[runlim] sample:		2040.43 time, 2040.42 real, 50 MB
[runlim] sample:		2050.43 time, 2050.42 real, 50 MB
[runlim] sample:		2060.42 time, 2060.42 real, 51 MB
[runlim] sample:		2070.42 time, 2070.42 real, 51 MB
[runlim] sample:		2080.42 time, 2080.42 real, 51 MB
[runlim] sample:		2090.42 time, 2090.42 real, 51 MB
[runlim] sample:		2100.42 time, 2100.42 real, 51 MB
[runlim] sample:		2110.42 time, 2110.42 real, 51 MB
[runlim] sample:		2120.42 time, 2120.42 real, 51 MB
[runlim] sample:		2130.42 time, 2130.42 real, 51 MB
[runlim] sample:		2140.42 time, 2140.42 real, 51 MB
[runlim] sample:		2150.42 time, 2150.42 real, 51 MB
[runlim] sample:		2160.42 time, 2160.42 real, 51 MB
[runlim] sample:		2170.42 time, 2170.42 real, 51 MB
[runlim] sample:		2180.42 time, 2180.42 real, 52 MB
[runlim] sample:		2190.42 time, 2190.42 real, 52 MB
[runlim] sample:		2200.43 time, 2200.42 real, 52 MB
[runlim] sample:		2210.43 time, 2210.42 real, 52 MB
[runlim] sample:		2220.43 time, 2220.42 real, 52 MB
[runlim] sample:		2230.43 time, 2230.42 real, 52 MB
[runlim] sample:		2240.43 time, 2240.42 real, 52 MB
[runlim] sample:		2250.43 time, 2250.42 real, 53 MB
[runlim] sample:		2260.43 time, 2260.42 real, 53 MB
[runlim] sample:		2270.43 time, 2270.42 real, 53 MB
[runlim] sample:		2280.43 time, 2280.42 real, 53 MB
[runlim] sample:		2290.43 time, 2290.42 real, 53 MB
[runlim] sample:		2300.43 time, 2300.42 real, 53 MB
[runlim] sample:		2310.43 time, 2310.42 real, 53 MB
[runlim] sample:		2320.43 time, 2320.42 real, 53 MB
[runlim] sample:		2330.42 time, 2330.42 real, 53 MB
[runlim] sample:		2340.42 time, 2340.42 real, 53 MB
[runlim] sample:		2350.42 time, 2350.42 real, 53 MB
[runlim] sample:		2360.42 time, 2360.42 real, 53 MB
[runlim] sample:		2370.42 time, 2370.42 real, 53 MB
[runlim] sample:		2380.42 time, 2380.42 real, 54 MB
[runlim] sample:		2390.43 time, 2390.42 real, 54 MB
[runlim] sample:		2400.43 time, 2400.42 real, 54 MB
[runlim] sample:		2410.43 time, 2410.42 real, 54 MB
[runlim] sample:		2420.43 time, 2420.42 real, 54 MB
[runlim] sample:		2430.43 time, 2430.42 real, 54 MB
[runlim] sample:		2440.43 time, 2440.42 real, 54 MB
[runlim] sample:		2450.43 time, 2450.42 real, 54 MB
[runlim] sample:		2460.43 time, 2460.42 real, 54 MB
[runlim] sample:		2470.43 time, 2470.42 real, 54 MB
[runlim] sample:		2480.43 time, 2480.42 real, 55 MB
[runlim] sample:		2490.43 time, 2490.42 real, 55 MB
[runlim] sample:		2500.43 time, 2500.42 real, 55 MB
[runlim] sample:		2510.43 time, 2510.42 real, 55 MB
[runlim] sample:		2520.43 time, 2520.42 real, 55 MB
[runlim] sample:		2530.43 time, 2530.42 real, 55 MB
[runlim] sample:		2540.43 time, 2540.42 real, 55 MB
[runlim] sample:		2550.43 time, 2550.42 real, 55 MB
[runlim] sample:		2560.43 time, 2560.42 real, 55 MB
[runlim] sample:		2570.43 time, 2570.42 real, 55 MB
[runlim] sample:		2580.43 time, 2580.42 real, 55 MB
[runlim] sample:		2590.43 time, 2590.42 real, 55 MB
[runlim] sample:		2600.43 time, 2600.42 real, 55 MB
[runlim] sample:		2610.43 time, 2610.42 real, 55 MB
[runlim] sample:		2620.42 time, 2620.42 real, 56 MB
[runlim] sample:		2630.42 time, 2630.42 real, 56 MB
[runlim] sample:		2640.42 time, 2640.42 real, 56 MB
[runlim] sample:		2650.42 time, 2650.42 real, 56 MB
[runlim] sample:		2660.42 time, 2660.42 real, 56 MB
[runlim] sample:		2670.42 time, 2670.42 real, 56 MB
[runlim] sample:		2680.42 time, 2680.42 real, 56 MB
[runlim] sample:		2690.42 time, 2690.42 real, 56 MB


 SIG RECEIVED

[runlim] end:			Sat Feb 29 07:54:08 2020
[runlim] status:		out of time
[runlim] result:		2
[runlim] children:		1
[runlim] real:			2700.12 seconds
[runlim] time:			2700.02 seconds
[runlim] space:			56 MB
[runlim] samples:		26996
