[runlim] version:		1.18
[runlim] host:			c3n05
[runlim] time limit:		2700 seconds
[runlim] real time limit:	2700 seconds
[runlim] space limit:		7000 MB
[runlim] argv[0]:		./binary
[runlim] argv[1]:		/data/cnf/ankit/E1-A1-instances/C6288.blif_0.10_0.20_0_0_inp_exact.qdimacs
[runlim] start:			Sat Feb 29 07:09:08 2020
[runlim] child:			18523
[runlim] sample:		9.98 time, 10.02 real, 55 MB
[runlim] sample:		19.98 time, 20.02 real, 55 MB
[runlim] sample:		29.98 time, 30.02 real, 55 MB
[runlim] sample:		39.98 time, 40.02 real, 55 MB
[runlim] sample:		49.98 time, 50.02 real, 55 MB
[runlim] sample:		59.98 time, 60.02 real, 55 MB
[runlim] sample:		69.98 time, 70.02 real, 55 MB
[runlim] sample:		79.99 time, 80.02 real, 55 MB
[runlim] sample:		89.98 time, 90.02 real, 55 MB
[runlim] sample:		99.98 time, 100.02 real, 55 MB
[runlim] sample:		109.98 time, 110.02 real, 55 MB
[runlim] sample:		119.98 time, 120.02 real, 55 MB
[runlim] sample:		129.98 time, 130.02 real, 55 MB
[runlim] sample:		139.98 time, 140.02 real, 55 MB
[runlim] sample:		149.98 time, 150.02 real, 55 MB
[runlim] sample:		159.98 time, 160.02 real, 55 MB
[runlim] sample:		169.98 time, 170.02 real, 55 MB
[runlim] sample:		179.98 time, 180.02 real, 55 MB
[runlim] sample:		189.98 time, 190.02 real, 55 MB
[runlim] sample:		199.98 time, 200.02 real, 55 MB
[runlim] sample:		209.98 time, 210.02 real, 55 MB
[runlim] sample:		219.98 time, 220.02 real, 55 MB
[runlim] sample:		230.08 time, 230.12 real, 55 MB
[runlim] sample:		240.09 time, 240.12 real, 55 MB
[runlim] sample:		250.09 time, 250.12 real, 55 MB
[runlim] sample:		260.09 time, 260.12 real, 55 MB
[runlim] sample:		270.09 time, 270.12 real, 55 MB
[runlim] sample:		280.09 time, 280.12 real, 55 MB
[runlim] sample:		290.09 time, 290.12 real, 55 MB
[runlim] sample:		300.09 time, 300.12 real, 55 MB
[runlim] sample:		310.09 time, 310.12 real, 55 MB
[runlim] sample:		320.09 time, 320.12 real, 55 MB
[runlim] sample:		330.09 time, 330.12 real, 55 MB
[runlim] sample:		340.09 time, 340.12 real, 55 MB
[runlim] sample:		350.09 time, 350.12 real, 55 MB
[runlim] sample:		360.09 time, 360.12 real, 55 MB
[runlim] sample:		370.09 time, 370.12 real, 55 MB
[runlim] sample:		380.09 time, 380.12 real, 55 MB
[runlim] sample:		390.09 time, 390.12 real, 55 MB
[runlim] sample:		400.09 time, 400.12 real, 55 MB
[runlim] sample:		410.09 time, 410.12 real, 55 MB
[runlim] sample:		420.09 time, 420.12 real, 55 MB
[runlim] sample:		430.09 time, 430.12 real, 55 MB
[runlim] sample:		440.09 time, 440.12 real, 55 MB
[runlim] sample:		450.09 time, 450.12 real, 55 MB
[runlim] sample:		460.09 time, 460.12 real, 55 MB
[runlim] sample:		470.09 time, 470.12 real, 55 MB
[runlim] sample:		480.09 time, 480.12 real, 55 MB
[runlim] sample:		490.09 time, 490.12 real, 55 MB
[runlim] sample:		500.09 time, 500.12 real, 55 MB
[runlim] sample:		510.09 time, 510.12 real, 55 MB
[runlim] sample:		520.09 time, 520.12 real, 55 MB
[runlim] sample:		530.09 time, 530.12 real, 55 MB
[runlim] sample:		540.09 time, 540.12 real, 55 MB
[runlim] sample:		550.09 time, 550.12 real, 55 MB
[runlim] sample:		560.09 time, 560.12 real, 55 MB
[runlim] sample:		570.09 time, 570.12 real, 55 MB
[runlim] sample:		580.19 time, 580.22 real, 55 MB
[runlim] sample:		590.19 time, 590.22 real, 55 MB
[runlim] sample:		600.19 time, 600.22 real, 55 MB
[runlim] sample:		610.19 time, 610.22 real, 55 MB
[runlim] sample:		620.19 time, 620.22 real, 55 MB
[runlim] sample:		630.19 time, 630.22 real, 55 MB
[runlim] sample:		640.19 time, 640.22 real, 55 MB
[runlim] sample:		650.19 time, 650.22 real, 55 MB
[runlim] sample:		660.20 time, 660.22 real, 55 MB
[runlim] sample:		670.40 time, 670.42 real, 55 MB
[runlim] sample:		680.40 time, 680.42 real, 55 MB
[runlim] sample:		690.40 time, 690.42 real, 55 MB
[runlim] sample:		700.40 time, 700.42 real, 55 MB
[runlim] sample:		710.40 time, 710.42 real, 55 MB
[runlim] sample:		720.40 time, 720.42 real, 55 MB
[runlim] sample:		730.40 time, 730.42 real, 55 MB
[runlim] sample:		740.40 time, 740.42 real, 55 MB
[runlim] sample:		750.40 time, 750.42 real, 55 MB
[runlim] sample:		760.40 time, 760.42 real, 55 MB
[runlim] sample:		770.40 time, 770.42 real, 55 MB
[runlim] sample:		780.40 time, 780.42 real, 55 MB
[runlim] sample:		790.40 time, 790.42 real, 55 MB
[runlim] sample:		800.40 time, 800.42 real, 55 MB
[runlim] sample:		810.40 time, 810.42 real, 55 MB
[runlim] sample:		820.40 time, 820.42 real, 55 MB
[runlim] sample:		830.40 time, 830.42 real, 55 MB
[runlim] sample:		840.40 time, 840.42 real, 55 MB
[runlim] sample:		850.40 time, 850.42 real, 55 MB
[runlim] sample:		860.40 time, 860.42 real, 55 MB
[runlim] sample:		870.40 time, 870.42 real, 55 MB
[runlim] sample:		880.40 time, 880.42 real, 55 MB
[runlim] sample:		890.39 time, 890.42 real, 55 MB
[runlim] sample:		900.39 time, 900.42 real, 55 MB
[runlim] sample:		910.39 time, 910.42 real, 55 MB
[runlim] sample:		920.39 time, 920.42 real, 55 MB
[runlim] sample:		930.39 time, 930.42 real, 55 MB
[runlim] sample:		940.39 time, 940.42 real, 55 MB
[runlim] sample:		950.39 time, 950.42 real, 55 MB
[runlim] sample:		960.39 time, 960.42 real, 55 MB
[runlim] sample:		970.39 time, 970.42 real, 55 MB
[runlim] sample:		980.40 time, 980.42 real, 55 MB
[runlim] sample:		990.40 time, 990.42 real, 55 MB
[runlim] sample:		1000.40 time, 1000.42 real, 55 MB
[runlim] sample:		1010.40 time, 1010.42 real, 55 MB
[runlim] sample:		1020.40 time, 1020.42 real, 55 MB
[runlim] sample:		1030.40 time, 1030.42 real, 55 MB
[runlim] sample:		1040.40 time, 1040.42 real, 55 MB
[runlim] sample:		1050.40 time, 1050.42 real, 55 MB
[runlim] sample:		1060.40 time, 1060.42 real, 55 MB
[runlim] sample:		1070.39 time, 1070.42 real, 55 MB
[runlim] sample:		1080.39 time, 1080.42 real, 55 MB
[runlim] sample:		1090.40 time, 1090.42 real, 55 MB
[runlim] sample:		1100.40 time, 1100.42 real, 55 MB
[runlim] sample:		1110.40 time, 1110.42 real, 55 MB
[runlim] sample:		1120.40 time, 1120.42 real, 55 MB
[runlim] sample:		1130.40 time, 1130.42 real, 55 MB
[runlim] sample:		1140.40 time, 1140.42 real, 55 MB
[runlim] sample:		1150.40 time, 1150.42 real, 55 MB
[runlim] sample:		1160.40 time, 1160.42 real, 55 MB
[runlim] sample:		1170.40 time, 1170.42 real, 55 MB
[runlim] sample:		1180.40 time, 1180.42 real, 55 MB
[runlim] sample:		1190.40 time, 1190.42 real, 55 MB
[runlim] sample:		1200.40 time, 1200.42 real, 55 MB
[runlim] sample:		1210.40 time, 1210.42 real, 55 MB
[runlim] sample:		1220.40 time, 1220.42 real, 55 MB
[runlim] sample:		1230.40 time, 1230.42 real, 55 MB
[runlim] sample:		1240.40 time, 1240.42 real, 55 MB
[runlim] sample:		1250.40 time, 1250.42 real, 55 MB
[runlim] sample:		1260.40 time, 1260.42 real, 55 MB
[runlim] sample:		1270.40 time, 1270.42 real, 55 MB
[runlim] sample:		1280.40 time, 1280.42 real, 55 MB
[runlim] sample:		1290.40 time, 1290.42 real, 55 MB
[runlim] sample:		1300.40 time, 1300.42 real, 55 MB
[runlim] sample:		1310.40 time, 1310.42 real, 55 MB
[runlim] sample:		1320.40 time, 1320.42 real, 55 MB
[runlim] sample:		1330.41 time, 1330.42 real, 55 MB
[runlim] sample:		1340.41 time, 1340.42 real, 55 MB
[runlim] sample:		1350.41 time, 1350.42 real, 55 MB
[runlim] sample:		1360.40 time, 1360.42 real, 55 MB
[runlim] sample:		1370.40 time, 1370.42 real, 55 MB
[runlim] sample:		1380.40 time, 1380.42 real, 56 MB
[runlim] sample:		1390.40 time, 1390.42 real, 56 MB
[runlim] sample:		1400.40 time, 1400.42 real, 56 MB
[runlim] sample:		1410.40 time, 1410.42 real, 56 MB
[runlim] sample:		1420.40 time, 1420.42 real, 56 MB
[runlim] sample:		1430.40 time, 1430.42 real, 56 MB
[runlim] sample:		1440.40 time, 1440.42 real, 56 MB
[runlim] sample:		1450.41 time, 1450.42 real, 56 MB
[runlim] sample:		1460.41 time, 1460.42 real, 56 MB
[runlim] sample:		1470.41 time, 1470.42 real, 56 MB
[runlim] sample:		1480.41 time, 1480.42 real, 56 MB
[runlim] sample:		1490.41 time, 1490.42 real, 57 MB
[runlim] sample:		1500.41 time, 1500.42 real, 57 MB
[runlim] sample:		1510.41 time, 1510.42 real, 57 MB
[runlim] sample:		1520.41 time, 1520.42 real, 57 MB
[runlim] sample:		1530.41 time, 1530.42 real, 57 MB
[runlim] sample:		1540.40 time, 1540.42 real, 58 MB
[runlim] sample:		1550.40 time, 1550.42 real, 58 MB
[runlim] sample:		1560.40 time, 1560.42 real, 58 MB
[runlim] sample:		1570.40 time, 1570.42 real, 58 MB
[runlim] sample:		1580.41 time, 1580.42 real, 58 MB
[runlim] sample:		1590.41 time, 1590.42 real, 58 MB
[runlim] sample:		1600.41 time, 1600.42 real, 58 MB
[runlim] sample:		1610.40 time, 1610.42 real, 58 MB
[runlim] sample:		1620.40 time, 1620.42 real, 58 MB
[runlim] sample:		1630.41 time, 1630.42 real, 58 MB
[runlim] sample:		1640.41 time, 1640.42 real, 58 MB
[runlim] sample:		1650.41 time, 1650.42 real, 58 MB
[runlim] sample:		1660.41 time, 1660.42 real, 58 MB
[runlim] sample:		1670.41 time, 1670.42 real, 58 MB
[runlim] sample:		1680.41 time, 1680.42 real, 58 MB
[runlim] sample:		1690.41 time, 1690.42 real, 59 MB
[runlim] sample:		1700.41 time, 1700.42 real, 59 MB
[runlim] sample:		1710.41 time, 1710.42 real, 59 MB
[runlim] sample:		1720.41 time, 1720.42 real, 59 MB
[runlim] sample:		1730.40 time, 1730.42 real, 59 MB
[runlim] sample:		1740.41 time, 1740.42 real, 59 MB
[runlim] sample:		1750.41 time, 1750.42 real, 59 MB
[runlim] sample:		1760.41 time, 1760.42 real, 59 MB
[runlim] sample:		1770.40 time, 1770.42 real, 59 MB
[runlim] sample:		1780.40 time, 1780.42 real, 59 MB
[runlim] sample:		1790.41 time, 1790.42 real, 59 MB
[runlim] sample:		1800.41 time, 1800.42 real, 59 MB
[runlim] sample:		1810.40 time, 1810.42 real, 59 MB
[runlim] sample:		1820.41 time, 1820.42 real, 59 MB
[runlim] sample:		1830.41 time, 1830.42 real, 59 MB
[runlim] sample:		1840.41 time, 1840.42 real, 59 MB
[runlim] sample:		1850.41 time, 1850.42 real, 60 MB
[runlim] sample:		1860.41 time, 1860.42 real, 60 MB
[runlim] sample:		1870.41 time, 1870.42 real, 60 MB
[runlim] sample:		1880.41 time, 1880.42 real, 60 MB
[runlim] sample:		1890.41 time, 1890.42 real, 60 MB
[runlim] sample:		1900.41 time, 1900.42 real, 60 MB
[runlim] sample:		1910.41 time, 1910.42 real, 60 MB
[runlim] sample:		1920.41 time, 1920.42 real, 60 MB
[runlim] sample:		1930.41 time, 1930.42 real, 60 MB
[runlim] sample:		1940.40 time, 1940.42 real, 60 MB
[runlim] sample:		1950.40 time, 1950.42 real, 60 MB
[runlim] sample:		1960.40 time, 1960.42 real, 61 MB
[runlim] sample:		1970.40 time, 1970.42 real, 61 MB
[runlim] sample:		1980.40 time, 1980.42 real, 61 MB
[runlim] sample:		1990.40 time, 1990.42 real, 61 MB
[runlim] sample:		2000.41 time, 2000.42 real, 61 MB
[runlim] sample:		2010.41 time, 2010.42 real, 61 MB
[runlim] sample:		2020.41 time, 2020.42 real, 61 MB
[runlim] sample:		2030.41 time, 2030.42 real, 61 MB
[runlim] sample:		2040.41 time, 2040.42 real, 61 MB
[runlim] sample:		2050.41 time, 2050.42 real, 61 MB
[runlim] sample:		2060.41 time, 2060.42 real, 61 MB
[runlim] sample:		2070.41 time, 2070.42 real, 61 MB
[runlim] sample:		2080.41 time, 2080.42 real, 61 MB
[runlim] sample:		2090.41 time, 2090.42 real, 61 MB
[runlim] sample:		2100.41 time, 2100.42 real, 61 MB
[runlim] sample:		2110.41 time, 2110.42 real, 61 MB
[runlim] sample:		2120.41 time, 2120.42 real, 62 MB
[runlim] sample:		2130.41 time, 2130.42 real, 62 MB
[runlim] sample:		2140.41 time, 2140.42 real, 62 MB
[runlim] sample:		2150.41 time, 2150.42 real, 62 MB
[runlim] sample:		2160.41 time, 2160.42 real, 62 MB
[runlim] sample:		2170.41 time, 2170.42 real, 62 MB
[runlim] sample:		2180.41 time, 2180.42 real, 62 MB
[runlim] sample:		2190.41 time, 2190.42 real, 62 MB
[runlim] sample:		2200.41 time, 2200.42 real, 62 MB
[runlim] sample:		2210.41 time, 2210.42 real, 62 MB
[runlim] sample:		2220.41 time, 2220.42 real, 62 MB
[runlim] sample:		2230.40 time, 2230.42 real, 63 MB
[runlim] sample:		2240.41 time, 2240.42 real, 63 MB
[runlim] sample:		2250.41 time, 2250.42 real, 63 MB
[runlim] sample:		2260.41 time, 2260.42 real, 63 MB
[runlim] sample:		2270.41 time, 2270.42 real, 63 MB
[runlim] sample:		2280.41 time, 2280.42 real, 63 MB
[runlim] sample:		2290.41 time, 2290.42 real, 63 MB
[runlim] sample:		2300.41 time, 2300.42 real, 63 MB
[runlim] sample:		2310.41 time, 2310.42 real, 63 MB
[runlim] sample:		2320.41 time, 2320.42 real, 63 MB
[runlim] sample:		2330.41 time, 2330.42 real, 63 MB
[runlim] sample:		2340.41 time, 2340.42 real, 64 MB
[runlim] sample:		2350.41 time, 2350.42 real, 64 MB
[runlim] sample:		2360.41 time, 2360.42 real, 64 MB
[runlim] sample:		2370.41 time, 2370.42 real, 64 MB
[runlim] sample:		2380.41 time, 2380.42 real, 64 MB
[runlim] sample:		2390.41 time, 2390.42 real, 64 MB
[runlim] sample:		2400.41 time, 2400.42 real, 64 MB
[runlim] sample:		2410.41 time, 2410.42 real, 63 MB
[runlim] sample:		2420.41 time, 2420.42 real, 63 MB
[runlim] sample:		2430.41 time, 2430.42 real, 63 MB
[runlim] sample:		2440.41 time, 2440.42 real, 63 MB
[runlim] sample:		2450.41 time, 2450.42 real, 63 MB
[runlim] sample:		2460.41 time, 2460.42 real, 64 MB
[runlim] sample:		2470.41 time, 2470.42 real, 64 MB
[runlim] sample:		2480.41 time, 2480.42 real, 64 MB
[runlim] sample:		2490.41 time, 2490.42 real, 64 MB
[runlim] sample:		2500.41 time, 2500.42 real, 64 MB
[runlim] sample:		2510.41 time, 2510.42 real, 64 MB
[runlim] sample:		2520.41 time, 2520.42 real, 64 MB
[runlim] sample:		2530.41 time, 2530.42 real, 64 MB
[runlim] sample:		2540.41 time, 2540.42 real, 64 MB
[runlim] sample:		2550.41 time, 2550.42 real, 64 MB
[runlim] sample:		2560.41 time, 2560.42 real, 64 MB
[runlim] sample:		2570.41 time, 2570.42 real, 64 MB
[runlim] sample:		2580.41 time, 2580.42 real, 65 MB
[runlim] sample:		2590.41 time, 2590.42 real, 65 MB
[runlim] sample:		2600.41 time, 2600.42 real, 65 MB
[runlim] sample:		2610.42 time, 2610.42 real, 65 MB
[runlim] sample:		2620.42 time, 2620.42 real, 65 MB
[runlim] sample:		2630.42 time, 2630.42 real, 66 MB
[runlim] sample:		2640.42 time, 2640.42 real, 66 MB
[runlim] sample:		2650.42 time, 2650.42 real, 66 MB
[runlim] sample:		2660.42 time, 2660.42 real, 66 MB
[runlim] sample:		2670.42 time, 2670.42 real, 66 MB
[runlim] sample:		2680.41 time, 2680.42 real, 66 MB
[runlim] sample:		2690.42 time, 2690.42 real, 66 MB


 SIG RECEIVED

[runlim] end:			Sat Feb 29 07:54:09 2020
[runlim] status:		out of time
[runlim] result:		2
[runlim] children:		1
[runlim] real:			2700.11 seconds
[runlim] time:			2700.02 seconds
[runlim] space:			66 MB
[runlim] samples:		26996
