[runlim] version:		1.18
[runlim] host:			c3n05
[runlim] time limit:		2700 seconds
[runlim] real time limit:	2700 seconds
[runlim] space limit:		7000 MB
[runlim] argv[0]:		./binary
[runlim] argv[1]:		/data/cnf/ankit/E1-A1-instances/C880.blif_0.10_0.20_0_0_inp_exact.qdimacs
[runlim] start:			Sat Feb 29 07:09:08 2020
[runlim] child:			18522
[runlim] sample:		9.98 time, 10.02 real, 13 MB
[runlim] sample:		19.99 time, 20.02 real, 16 MB
[runlim] sample:		29.99 time, 30.02 real, 16 MB
[runlim] sample:		39.99 time, 40.02 real, 16 MB
[runlim] sample:		49.99 time, 50.02 real, 18 MB
[runlim] sample:		59.99 time, 60.02 real, 18 MB
[runlim] sample:		69.99 time, 70.02 real, 18 MB
[runlim] sample:		79.99 time, 80.02 real, 20 MB
[runlim] sample:		89.99 time, 90.02 real, 20 MB
[runlim] sample:		99.99 time, 100.02 real, 20 MB
[runlim] sample:		109.99 time, 110.02 real, 20 MB
[runlim] sample:		119.99 time, 120.02 real, 21 MB
[runlim] sample:		129.99 time, 130.02 real, 22 MB
[runlim] sample:		139.99 time, 140.02 real, 22 MB
[runlim] sample:		149.99 time, 150.02 real, 22 MB
[runlim] sample:		160.00 time, 160.02 real, 22 MB
[runlim] sample:		169.99 time, 170.02 real, 23 MB
[runlim] sample:		179.99 time, 180.02 real, 23 MB
[runlim] sample:		189.99 time, 190.02 real, 23 MB
[runlim] sample:		199.98 time, 200.02 real, 24 MB
[runlim] sample:		209.99 time, 210.02 real, 25 MB
[runlim] sample:		219.99 time, 220.02 real, 25 MB
[runlim] sample:		230.09 time, 230.12 real, 25 MB
[runlim] sample:		240.08 time, 240.12 real, 25 MB
[runlim] sample:		250.09 time, 250.12 real, 25 MB
[runlim] sample:		260.09 time, 260.12 real, 26 MB
[runlim] sample:		270.09 time, 270.12 real, 26 MB
[runlim] sample:		280.08 time, 280.12 real, 26 MB
[runlim] sample:		290.09 time, 290.12 real, 27 MB
[runlim] sample:		300.08 time, 300.12 real, 27 MB
[runlim] sample:		310.08 time, 310.12 real, 27 MB
[runlim] sample:		320.08 time, 320.12 real, 27 MB
[runlim] sample:		330.08 time, 330.12 real, 29 MB
[runlim] sample:		340.07 time, 340.12 real, 29 MB
[runlim] sample:		350.07 time, 350.12 real, 29 MB
[runlim] sample:		360.07 time, 360.12 real, 29 MB
[runlim] sample:		370.07 time, 370.12 real, 29 MB
[runlim] sample:		380.08 time, 380.12 real, 30 MB
[runlim] sample:		390.08 time, 390.12 real, 30 MB
[runlim] sample:		400.08 time, 400.12 real, 30 MB
[runlim] sample:		410.08 time, 410.12 real, 30 MB
[runlim] sample:		420.07 time, 420.12 real, 30 MB
[runlim] sample:		430.07 time, 430.12 real, 30 MB
[runlim] sample:		440.07 time, 440.12 real, 30 MB
[runlim] sample:		450.07 time, 450.12 real, 31 MB
[runlim] sample:		460.07 time, 460.12 real, 31 MB
[runlim] sample:		470.07 time, 470.12 real, 31 MB
[runlim] sample:		480.07 time, 480.12 real, 31 MB
[runlim] sample:		490.07 time, 490.12 real, 31 MB
[runlim] sample:		500.07 time, 500.12 real, 31 MB
[runlim] sample:		510.06 time, 510.12 real, 31 MB
[runlim] sample:		520.06 time, 520.12 real, 33 MB
[runlim] sample:		530.07 time, 530.12 real, 33 MB
[runlim] sample:		540.07 time, 540.12 real, 33 MB
[runlim] sample:		550.07 time, 550.12 real, 33 MB
[runlim] sample:		560.07 time, 560.12 real, 33 MB
[runlim] sample:		570.07 time, 570.12 real, 33 MB
[runlim] sample:		580.17 time, 580.22 real, 33 MB
[runlim] sample:		590.16 time, 590.22 real, 33 MB
[runlim] sample:		600.16 time, 600.22 real, 34 MB
[runlim] sample:		610.16 time, 610.22 real, 34 MB
[runlim] sample:		620.16 time, 620.22 real, 34 MB
[runlim] sample:		630.16 time, 630.22 real, 34 MB
[runlim] sample:		640.16 time, 640.22 real, 34 MB
[runlim] sample:		650.16 time, 650.22 real, 34 MB
[runlim] sample:		660.16 time, 660.22 real, 34 MB
[runlim] sample:		670.36 time, 670.42 real, 35 MB
[runlim] sample:		680.35 time, 680.42 real, 35 MB
[runlim] sample:		690.35 time, 690.42 real, 35 MB
[runlim] sample:		700.36 time, 700.42 real, 35 MB
[runlim] sample:		710.36 time, 710.42 real, 35 MB
[runlim] sample:		720.36 time, 720.42 real, 35 MB
[runlim] sample:		730.36 time, 730.42 real, 35 MB
[runlim] sample:		740.36 time, 740.42 real, 35 MB
[runlim] sample:		750.36 time, 750.42 real, 36 MB
[runlim] sample:		760.36 time, 760.42 real, 37 MB
[runlim] sample:		770.35 time, 770.42 real, 37 MB
[runlim] sample:		780.36 time, 780.42 real, 37 MB
[runlim] sample:		790.36 time, 790.42 real, 37 MB
[runlim] sample:		800.35 time, 800.42 real, 38 MB
[runlim] sample:		810.36 time, 810.42 real, 38 MB
[runlim] sample:		820.36 time, 820.42 real, 38 MB
[runlim] sample:		830.35 time, 830.42 real, 38 MB
[runlim] sample:		840.35 time, 840.42 real, 38 MB
[runlim] sample:		850.36 time, 850.42 real, 39 MB
[runlim] sample:		860.36 time, 860.42 real, 39 MB
[runlim] sample:		870.35 time, 870.42 real, 39 MB
[runlim] sample:		880.36 time, 880.42 real, 39 MB
[runlim] sample:		890.36 time, 890.42 real, 39 MB
[runlim] sample:		900.36 time, 900.42 real, 39 MB
[runlim] sample:		910.36 time, 910.42 real, 39 MB
[runlim] sample:		920.36 time, 920.42 real, 39 MB
[runlim] sample:		930.36 time, 930.42 real, 39 MB
[runlim] sample:		940.36 time, 940.42 real, 39 MB
[runlim] sample:		950.36 time, 950.42 real, 39 MB
[runlim] sample:		960.36 time, 960.42 real, 39 MB
[runlim] sample:		970.36 time, 970.42 real, 39 MB
[runlim] sample:		980.36 time, 980.42 real, 39 MB
[runlim] sample:		990.36 time, 990.42 real, 39 MB
[runlim] sample:		1000.36 time, 1000.42 real, 40 MB
[runlim] sample:		1010.36 time, 1010.42 real, 40 MB
[runlim] sample:		1020.36 time, 1020.42 real, 40 MB
[runlim] sample:		1030.36 time, 1030.42 real, 40 MB
[runlim] sample:		1040.36 time, 1040.42 real, 41 MB
[runlim] sample:		1050.36 time, 1050.42 real, 41 MB
[runlim] sample:		1060.36 time, 1060.42 real, 41 MB
[runlim] sample:		1070.36 time, 1070.42 real, 42 MB
[runlim] sample:		1080.36 time, 1080.42 real, 42 MB
[runlim] sample:		1090.35 time, 1090.42 real, 42 MB
[runlim] sample:		1100.35 time, 1100.42 real, 42 MB
[runlim] sample:		1110.35 time, 1110.42 real, 42 MB
[runlim] sample:		1120.35 time, 1120.42 real, 42 MB
[runlim] sample:		1130.36 time, 1130.42 real, 42 MB
[runlim] sample:		1140.36 time, 1140.42 real, 42 MB
[runlim] sample:		1150.36 time, 1150.42 real, 42 MB
[runlim] sample:		1160.36 time, 1160.42 real, 42 MB
[runlim] sample:		1170.36 time, 1170.42 real, 42 MB
[runlim] sample:		1180.36 time, 1180.42 real, 43 MB
[runlim] sample:		1190.36 time, 1190.42 real, 43 MB
[runlim] sample:		1200.36 time, 1200.42 real, 43 MB
[runlim] sample:		1210.36 time, 1210.42 real, 43 MB
[runlim] sample:		1220.36 time, 1220.42 real, 43 MB
[runlim] sample:		1230.36 time, 1230.42 real, 43 MB
[runlim] sample:		1240.36 time, 1240.42 real, 43 MB
[runlim] sample:		1250.36 time, 1250.42 real, 43 MB
[runlim] sample:		1260.36 time, 1260.42 real, 43 MB
[runlim] sample:		1270.36 time, 1270.42 real, 43 MB
[runlim] sample:		1280.36 time, 1280.42 real, 43 MB
[runlim] sample:		1290.36 time, 1290.42 real, 43 MB
[runlim] sample:		1300.36 time, 1300.42 real, 44 MB
[runlim] sample:		1310.36 time, 1310.42 real, 44 MB
[runlim] sample:		1320.36 time, 1320.42 real, 44 MB
[runlim] sample:		1330.36 time, 1330.42 real, 44 MB
[runlim] sample:		1340.36 time, 1340.42 real, 44 MB
[runlim] sample:		1350.36 time, 1350.42 real, 46 MB
[runlim] sample:		1360.36 time, 1360.42 real, 46 MB
[runlim] sample:		1370.36 time, 1370.42 real, 46 MB
[runlim] sample:		1380.36 time, 1380.42 real, 46 MB
[runlim] sample:		1390.36 time, 1390.42 real, 46 MB
[runlim] sample:		1400.36 time, 1400.42 real, 46 MB
[runlim] sample:		1410.36 time, 1410.42 real, 46 MB
[runlim] sample:		1420.36 time, 1420.42 real, 46 MB
[runlim] sample:		1430.36 time, 1430.42 real, 46 MB
[runlim] sample:		1440.36 time, 1440.42 real, 46 MB
[runlim] sample:		1450.36 time, 1450.42 real, 46 MB
[runlim] sample:		1460.36 time, 1460.42 real, 46 MB
[runlim] sample:		1470.36 time, 1470.42 real, 46 MB
[runlim] sample:		1480.36 time, 1480.42 real, 46 MB
[runlim] sample:		1490.36 time, 1490.42 real, 47 MB
[runlim] sample:		1500.36 time, 1500.42 real, 47 MB
[runlim] sample:		1510.36 time, 1510.42 real, 47 MB
[runlim] sample:		1520.36 time, 1520.42 real, 47 MB
[runlim] sample:		1530.36 time, 1530.42 real, 47 MB
[runlim] sample:		1540.36 time, 1540.42 real, 47 MB
[runlim] sample:		1550.36 time, 1550.42 real, 48 MB
[runlim] sample:		1560.36 time, 1560.42 real, 48 MB
[runlim] sample:		1570.36 time, 1570.42 real, 48 MB
[runlim] sample:		1580.36 time, 1580.42 real, 48 MB
[runlim] sample:		1590.36 time, 1590.42 real, 48 MB
[runlim] sample:		1600.36 time, 1600.42 real, 48 MB
[runlim] sample:		1610.36 time, 1610.42 real, 48 MB
[runlim] sample:		1620.36 time, 1620.42 real, 48 MB
[runlim] sample:		1630.36 time, 1630.42 real, 48 MB
[runlim] sample:		1640.36 time, 1640.42 real, 48 MB
[runlim] sample:		1650.36 time, 1650.42 real, 48 MB
[runlim] sample:		1660.36 time, 1660.42 real, 48 MB
[runlim] sample:		1670.36 time, 1670.42 real, 48 MB
[runlim] sample:		1680.36 time, 1680.42 real, 48 MB
[runlim] sample:		1690.36 time, 1690.42 real, 48 MB
[runlim] sample:		1700.36 time, 1700.42 real, 48 MB
[runlim] sample:		1710.36 time, 1710.42 real, 48 MB
[runlim] sample:		1720.36 time, 1720.42 real, 48 MB
[runlim] sample:		1730.36 time, 1730.42 real, 48 MB
[runlim] sample:		1740.36 time, 1740.42 real, 48 MB
[runlim] sample:		1750.36 time, 1750.42 real, 48 MB
[runlim] sample:		1760.36 time, 1760.42 real, 48 MB
[runlim] sample:		1770.36 time, 1770.42 real, 48 MB
[runlim] sample:		1780.36 time, 1780.42 real, 48 MB
[runlim] sample:		1790.36 time, 1790.42 real, 48 MB
[runlim] sample:		1800.37 time, 1800.42 real, 48 MB
[runlim] sample:		1810.37 time, 1810.42 real, 48 MB
[runlim] sample:		1820.37 time, 1820.42 real, 49 MB
[runlim] sample:		1830.37 time, 1830.42 real, 49 MB
[runlim] sample:		1840.37 time, 1840.42 real, 50 MB
[runlim] sample:		1850.37 time, 1850.42 real, 52 MB
[runlim] sample:		1860.37 time, 1860.42 real, 52 MB
[runlim] sample:		1870.37 time, 1870.42 real, 52 MB
[runlim] sample:		1880.37 time, 1880.42 real, 52 MB
[runlim] sample:		1890.37 time, 1890.42 real, 52 MB
[runlim] sample:		1900.37 time, 1900.42 real, 52 MB
[runlim] sample:		1910.37 time, 1910.42 real, 52 MB
[runlim] sample:		1920.37 time, 1920.42 real, 52 MB
[runlim] sample:		1930.37 time, 1930.42 real, 52 MB
[runlim] sample:		1940.37 time, 1940.42 real, 52 MB
[runlim] sample:		1950.37 time, 1950.42 real, 52 MB
[runlim] sample:		1960.37 time, 1960.42 real, 52 MB
[runlim] sample:		1970.37 time, 1970.42 real, 52 MB
[runlim] sample:		1980.37 time, 1980.42 real, 52 MB
[runlim] sample:		1990.37 time, 1990.42 real, 52 MB
[runlim] sample:		2000.37 time, 2000.42 real, 52 MB
[runlim] sample:		2010.37 time, 2010.42 real, 52 MB
[runlim] sample:		2020.37 time, 2020.42 real, 52 MB
[runlim] sample:		2030.37 time, 2030.42 real, 52 MB
[runlim] sample:		2040.37 time, 2040.42 real, 52 MB
[runlim] sample:		2050.37 time, 2050.42 real, 52 MB
[runlim] sample:		2060.37 time, 2060.42 real, 52 MB
[runlim] sample:		2070.37 time, 2070.42 real, 52 MB
[runlim] sample:		2080.37 time, 2080.42 real, 52 MB
[runlim] sample:		2090.37 time, 2090.42 real, 52 MB
[runlim] sample:		2100.37 time, 2100.42 real, 52 MB
[runlim] sample:		2110.37 time, 2110.42 real, 52 MB
[runlim] sample:		2120.37 time, 2120.42 real, 52 MB
[runlim] sample:		2130.37 time, 2130.42 real, 52 MB
[runlim] sample:		2140.38 time, 2140.42 real, 52 MB
[runlim] sample:		2150.37 time, 2150.42 real, 52 MB
[runlim] sample:		2160.37 time, 2160.42 real, 52 MB
[runlim] sample:		2170.37 time, 2170.42 real, 52 MB
[runlim] sample:		2180.37 time, 2180.42 real, 52 MB
[runlim] sample:		2190.37 time, 2190.42 real, 52 MB
[runlim] sample:		2200.37 time, 2200.42 real, 52 MB
[runlim] sample:		2210.37 time, 2210.42 real, 52 MB
[runlim] sample:		2220.38 time, 2220.42 real, 52 MB
[runlim] sample:		2230.38 time, 2230.42 real, 52 MB
[runlim] sample:		2240.38 time, 2240.42 real, 52 MB
[runlim] sample:		2250.38 time, 2250.42 real, 52 MB
[runlim] sample:		2260.37 time, 2260.42 real, 52 MB
[runlim] sample:		2270.37 time, 2270.42 real, 52 MB
[runlim] sample:		2280.37 time, 2280.42 real, 52 MB
[runlim] sample:		2290.37 time, 2290.42 real, 52 MB
[runlim] sample:		2300.37 time, 2300.42 real, 52 MB
[runlim] sample:		2310.37 time, 2310.42 real, 52 MB
[runlim] sample:		2320.37 time, 2320.42 real, 52 MB
[runlim] sample:		2330.37 time, 2330.42 real, 52 MB
[runlim] sample:		2340.37 time, 2340.42 real, 52 MB
[runlim] sample:		2350.38 time, 2350.42 real, 52 MB
[runlim] sample:		2360.38 time, 2360.42 real, 52 MB
[runlim] sample:		2370.37 time, 2370.42 real, 56 MB
[runlim] sample:		2380.37 time, 2380.42 real, 56 MB
[runlim] sample:		2390.37 time, 2390.42 real, 56 MB
[runlim] sample:		2400.37 time, 2400.42 real, 56 MB
[runlim] sample:		2410.37 time, 2410.42 real, 56 MB
[runlim] sample:		2420.38 time, 2420.42 real, 56 MB
[runlim] sample:		2430.38 time, 2430.42 real, 56 MB
[runlim] sample:		2440.38 time, 2440.42 real, 56 MB
[runlim] sample:		2450.38 time, 2450.42 real, 56 MB
[runlim] sample:		2460.38 time, 2460.42 real, 56 MB
[runlim] sample:		2470.38 time, 2470.42 real, 56 MB
[runlim] sample:		2480.38 time, 2480.42 real, 56 MB
[runlim] sample:		2490.38 time, 2490.42 real, 56 MB
[runlim] sample:		2500.38 time, 2500.42 real, 56 MB
[runlim] sample:		2510.38 time, 2510.42 real, 56 MB
[runlim] sample:		2520.38 time, 2520.42 real, 56 MB
[runlim] sample:		2530.38 time, 2530.42 real, 56 MB
[runlim] sample:		2540.38 time, 2540.42 real, 55 MB
[runlim] sample:		2550.37 time, 2550.42 real, 55 MB
[runlim] sample:		2560.37 time, 2560.42 real, 55 MB
[runlim] sample:		2570.37 time, 2570.42 real, 55 MB
[runlim] sample:		2580.37 time, 2580.42 real, 55 MB
[runlim] sample:		2590.37 time, 2590.42 real, 55 MB
[runlim] sample:		2600.37 time, 2600.42 real, 55 MB
[runlim] sample:		2610.37 time, 2610.42 real, 55 MB
[runlim] sample:		2620.38 time, 2620.42 real, 55 MB
[runlim] sample:		2630.38 time, 2630.42 real, 55 MB
[runlim] sample:		2640.38 time, 2640.42 real, 55 MB
[runlim] sample:		2650.38 time, 2650.42 real, 55 MB
[runlim] sample:		2660.38 time, 2660.42 real, 55 MB
[runlim] sample:		2670.38 time, 2670.42 real, 55 MB
[runlim] sample:		2680.38 time, 2680.42 real, 55 MB
[runlim] sample:		2690.37 time, 2690.42 real, 55 MB


 SIG RECEIVED

[runlim] end:			Sat Feb 29 07:54:09 2020
[runlim] status:		out of time
[runlim] result:		2
[runlim] children:		1
[runlim] real:			2700.14 seconds
[runlim] time:			2699.98 seconds
[runlim] space:			56 MB
[runlim] samples:		26996
