[runlim] version:		1.18
[runlim] host:			c3n06
[runlim] time limit:		2700 seconds
[runlim] real time limit:	2700 seconds
[runlim] space limit:		7000 MB
[runlim] argv[0]:		./binary
[runlim] argv[1]:		/data/cnf/ankit/E1-A1-instances/depots08_6.qdimacs
[runlim] start:			Sat Feb 29 07:09:08 2020
[runlim] child:			19849
[runlim] sample:		9.88 time, 10.02 real, 652 MB
[runlim] sample:		19.89 time, 20.02 real, 772 MB
[runlim] sample:		29.89 time, 30.02 real, 789 MB
[runlim] sample:		39.89 time, 40.02 real, 811 MB
[runlim] sample:		49.89 time, 50.02 real, 811 MB
[runlim] sample:		59.89 time, 60.02 real, 811 MB
[runlim] sample:		69.89 time, 70.02 real, 812 MB
[runlim] sample:		79.89 time, 80.02 real, 812 MB
[runlim] sample:		89.89 time, 90.02 real, 812 MB
[runlim] sample:		99.89 time, 100.02 real, 812 MB
[runlim] sample:		109.90 time, 110.02 real, 812 MB
[runlim] sample:		119.89 time, 120.02 real, 812 MB
[runlim] sample:		129.89 time, 130.02 real, 812 MB
[runlim] sample:		139.89 time, 140.02 real, 812 MB
[runlim] sample:		149.89 time, 150.02 real, 812 MB
[runlim] sample:		159.89 time, 160.02 real, 812 MB
[runlim] sample:		169.89 time, 170.02 real, 812 MB
[runlim] sample:		179.89 time, 180.02 real, 812 MB
[runlim] sample:		189.89 time, 190.02 real, 812 MB
[runlim] sample:		199.89 time, 200.02 real, 812 MB
[runlim] sample:		209.90 time, 210.02 real, 812 MB
[runlim] sample:		219.89 time, 220.02 real, 812 MB
[runlim] sample:		229.89 time, 230.02 real, 812 MB
[runlim] sample:		239.89 time, 240.02 real, 812 MB
[runlim] sample:		249.89 time, 250.02 real, 812 MB
[runlim] sample:		259.89 time, 260.02 real, 812 MB
[runlim] sample:		269.89 time, 270.02 real, 812 MB
[runlim] sample:		279.89 time, 280.02 real, 812 MB
[runlim] sample:		289.90 time, 290.02 real, 812 MB
[runlim] sample:		299.89 time, 300.02 real, 812 MB
[runlim] sample:		309.90 time, 310.02 real, 812 MB
[runlim] sample:		319.89 time, 320.02 real, 812 MB
[runlim] sample:		329.89 time, 330.02 real, 812 MB
[runlim] sample:		339.90 time, 340.02 real, 812 MB
[runlim] sample:		349.90 time, 350.02 real, 812 MB
[runlim] sample:		359.90 time, 360.02 real, 812 MB
[runlim] sample:		369.89 time, 370.02 real, 812 MB
[runlim] sample:		379.89 time, 380.02 real, 812 MB
[runlim] sample:		389.90 time, 390.02 real, 812 MB
[runlim] sample:		399.89 time, 400.02 real, 812 MB
[runlim] sample:		409.90 time, 410.02 real, 812 MB
[runlim] sample:		419.89 time, 420.02 real, 812 MB
[runlim] sample:		429.90 time, 430.02 real, 812 MB
[runlim] sample:		439.90 time, 440.02 real, 812 MB
[runlim] sample:		449.89 time, 450.02 real, 812 MB
[runlim] sample:		459.89 time, 460.02 real, 812 MB
[runlim] sample:		469.89 time, 470.02 real, 812 MB
[runlim] sample:		479.90 time, 480.02 real, 812 MB
[runlim] sample:		489.90 time, 490.02 real, 812 MB
[runlim] sample:		499.89 time, 500.02 real, 812 MB
[runlim] sample:		509.89 time, 510.02 real, 812 MB
[runlim] sample:		519.89 time, 520.02 real, 812 MB
[runlim] sample:		529.90 time, 530.02 real, 812 MB
[runlim] sample:		539.89 time, 540.02 real, 812 MB
[runlim] sample:		549.90 time, 550.02 real, 812 MB
[runlim] sample:		559.90 time, 560.02 real, 812 MB
[runlim] sample:		569.89 time, 570.02 real, 812 MB
[runlim] sample:		580.00 time, 580.12 real, 812 MB
[runlim] sample:		589.99 time, 590.12 real, 812 MB
[runlim] sample:		599.99 time, 600.12 real, 812 MB
[runlim] sample:		609.99 time, 610.12 real, 812 MB
[runlim] sample:		620.00 time, 620.12 real, 812 MB
[runlim] sample:		630.00 time, 630.12 real, 812 MB
[runlim] sample:		640.00 time, 640.12 real, 812 MB
[runlim] sample:		649.99 time, 650.12 real, 812 MB
[runlim] sample:		660.00 time, 660.12 real, 812 MB
[runlim] sample:		670.10 time, 670.22 real, 812 MB
[runlim] sample:		680.09 time, 680.22 real, 812 MB
[runlim] sample:		690.10 time, 690.22 real, 812 MB
[runlim] sample:		700.10 time, 700.22 real, 812 MB
[runlim] sample:		710.10 time, 710.22 real, 812 MB
[runlim] sample:		720.10 time, 720.22 real, 812 MB
[runlim] sample:		730.10 time, 730.22 real, 812 MB
[runlim] sample:		740.10 time, 740.22 real, 812 MB
[runlim] sample:		750.10 time, 750.22 real, 812 MB
[runlim] sample:		760.10 time, 760.22 real, 812 MB
[runlim] sample:		770.10 time, 770.22 real, 812 MB
[runlim] sample:		780.10 time, 780.22 real, 812 MB
[runlim] sample:		790.10 time, 790.22 real, 812 MB
[runlim] sample:		800.09 time, 800.22 real, 812 MB
[runlim] sample:		810.10 time, 810.22 real, 812 MB
[runlim] sample:		820.10 time, 820.22 real, 812 MB
[runlim] sample:		830.10 time, 830.22 real, 812 MB
[runlim] sample:		840.10 time, 840.22 real, 812 MB
[runlim] sample:		850.10 time, 850.22 real, 812 MB
[runlim] sample:		860.10 time, 860.22 real, 812 MB
[runlim] sample:		870.10 time, 870.22 real, 812 MB
[runlim] sample:		880.10 time, 880.22 real, 812 MB
[runlim] sample:		890.10 time, 890.22 real, 812 MB
[runlim] sample:		900.10 time, 900.22 real, 812 MB
[runlim] sample:		910.10 time, 910.22 real, 812 MB
[runlim] sample:		920.10 time, 920.22 real, 812 MB
[runlim] sample:		930.10 time, 930.22 real, 812 MB
[runlim] sample:		940.10 time, 940.22 real, 812 MB
[runlim] sample:		950.10 time, 950.22 real, 812 MB
[runlim] sample:		960.10 time, 960.22 real, 812 MB
[runlim] sample:		970.10 time, 970.22 real, 812 MB
[runlim] sample:		980.10 time, 980.22 real, 812 MB
[runlim] sample:		990.10 time, 990.22 real, 812 MB
[runlim] sample:		1000.10 time, 1000.22 real, 812 MB
[runlim] sample:		1010.11 time, 1010.22 real, 812 MB
[runlim] sample:		1020.11 time, 1020.22 real, 812 MB
[runlim] sample:		1030.11 time, 1030.22 real, 812 MB
[runlim] sample:		1040.10 time, 1040.22 real, 812 MB
[runlim] sample:		1050.10 time, 1050.22 real, 812 MB
[runlim] sample:		1060.10 time, 1060.22 real, 812 MB
[runlim] sample:		1070.10 time, 1070.22 real, 812 MB
[runlim] sample:		1080.10 time, 1080.22 real, 812 MB
[runlim] sample:		1090.10 time, 1090.22 real, 812 MB
[runlim] sample:		1100.10 time, 1100.22 real, 812 MB
[runlim] sample:		1110.10 time, 1110.22 real, 812 MB
[runlim] sample:		1120.11 time, 1120.22 real, 812 MB
[runlim] sample:		1130.11 time, 1130.22 real, 812 MB
[runlim] sample:		1140.10 time, 1140.22 real, 812 MB
[runlim] sample:		1150.11 time, 1150.22 real, 812 MB
[runlim] sample:		1160.10 time, 1160.22 real, 812 MB
[runlim] sample:		1170.10 time, 1170.22 real, 812 MB
[runlim] sample:		1180.10 time, 1180.22 real, 812 MB
[runlim] sample:		1190.10 time, 1190.22 real, 812 MB
[runlim] sample:		1200.11 time, 1200.22 real, 812 MB
[runlim] sample:		1210.10 time, 1210.22 real, 812 MB
[runlim] sample:		1220.11 time, 1220.22 real, 812 MB
[runlim] sample:		1230.11 time, 1230.22 real, 812 MB
[runlim] sample:		1240.10 time, 1240.22 real, 812 MB
[runlim] sample:		1250.10 time, 1250.22 real, 812 MB
[runlim] sample:		1260.10 time, 1260.22 real, 812 MB
[runlim] sample:		1270.11 time, 1270.22 real, 812 MB
[runlim] sample:		1280.11 time, 1280.22 real, 812 MB
[runlim] sample:		1290.10 time, 1290.22 real, 812 MB
[runlim] sample:		1300.10 time, 1300.22 real, 812 MB
[runlim] sample:		1310.11 time, 1310.22 real, 812 MB
[runlim] sample:		1320.11 time, 1320.22 real, 812 MB
[runlim] sample:		1330.10 time, 1330.22 real, 812 MB
[runlim] sample:		1340.10 time, 1340.22 real, 812 MB
[runlim] sample:		1350.11 time, 1350.22 real, 812 MB
[runlim] sample:		1360.11 time, 1360.22 real, 812 MB
[runlim] sample:		1370.10 time, 1370.22 real, 812 MB
[runlim] sample:		1380.11 time, 1380.22 real, 812 MB
[runlim] sample:		1390.10 time, 1390.22 real, 812 MB
[runlim] sample:		1400.10 time, 1400.22 real, 812 MB
[runlim] sample:		1410.10 time, 1410.22 real, 812 MB
[runlim] sample:		1420.11 time, 1420.22 real, 812 MB
[runlim] sample:		1430.11 time, 1430.22 real, 812 MB
[runlim] sample:		1440.10 time, 1440.22 real, 812 MB
[runlim] sample:		1450.11 time, 1450.22 real, 812 MB
[runlim] sample:		1460.10 time, 1460.22 real, 812 MB
[runlim] sample:		1470.10 time, 1470.22 real, 812 MB
[runlim] sample:		1480.11 time, 1480.22 real, 812 MB
[runlim] sample:		1490.10 time, 1490.22 real, 812 MB
[runlim] sample:		1500.11 time, 1500.22 real, 812 MB
[runlim] sample:		1510.11 time, 1510.22 real, 812 MB
[runlim] sample:		1520.10 time, 1520.22 real, 812 MB
[runlim] sample:		1530.10 time, 1530.22 real, 812 MB
[runlim] sample:		1540.10 time, 1540.22 real, 812 MB
[runlim] sample:		1550.11 time, 1550.22 real, 812 MB
[runlim] sample:		1560.11 time, 1560.22 real, 812 MB
[runlim] sample:		1570.11 time, 1570.22 real, 812 MB
[runlim] sample:		1580.10 time, 1580.22 real, 812 MB
[runlim] sample:		1590.10 time, 1590.22 real, 812 MB
[runlim] sample:		1600.11 time, 1600.22 real, 812 MB
[runlim] sample:		1610.10 time, 1610.22 real, 812 MB
[runlim] sample:		1620.10 time, 1620.22 real, 812 MB
[runlim] sample:		1630.11 time, 1630.22 real, 812 MB
[runlim] sample:		1640.11 time, 1640.22 real, 812 MB
[runlim] sample:		1650.11 time, 1650.22 real, 812 MB
[runlim] sample:		1660.11 time, 1660.22 real, 812 MB
[runlim] sample:		1670.11 time, 1670.22 real, 812 MB
[runlim] sample:		1680.11 time, 1680.22 real, 812 MB
[runlim] sample:		1690.11 time, 1690.22 real, 812 MB
[runlim] sample:		1700.11 time, 1700.22 real, 812 MB
[runlim] sample:		1710.11 time, 1710.22 real, 812 MB
[runlim] sample:		1720.11 time, 1720.22 real, 812 MB
[runlim] sample:		1730.11 time, 1730.22 real, 812 MB
[runlim] sample:		1740.11 time, 1740.22 real, 812 MB
[runlim] sample:		1750.11 time, 1750.22 real, 812 MB
[runlim] sample:		1760.11 time, 1760.22 real, 812 MB
[runlim] sample:		1770.11 time, 1770.22 real, 812 MB
[runlim] sample:		1780.11 time, 1780.22 real, 812 MB
[runlim] sample:		1790.11 time, 1790.22 real, 812 MB
[runlim] sample:		1800.11 time, 1800.22 real, 812 MB
[runlim] sample:		1810.11 time, 1810.22 real, 812 MB
[runlim] sample:		1820.11 time, 1820.22 real, 812 MB
[runlim] sample:		1830.11 time, 1830.22 real, 812 MB
[runlim] sample:		1840.11 time, 1840.22 real, 812 MB
[runlim] sample:		1850.11 time, 1850.22 real, 812 MB
[runlim] sample:		1860.11 time, 1860.22 real, 812 MB
[runlim] sample:		1870.11 time, 1870.22 real, 812 MB
[runlim] sample:		1880.11 time, 1880.22 real, 812 MB
[runlim] sample:		1890.11 time, 1890.22 real, 812 MB
[runlim] sample:		1900.11 time, 1900.22 real, 812 MB
[runlim] sample:		1910.11 time, 1910.22 real, 812 MB
[runlim] sample:		1920.11 time, 1920.22 real, 812 MB
[runlim] sample:		1930.11 time, 1930.22 real, 812 MB
[runlim] sample:		1940.11 time, 1940.22 real, 812 MB
[runlim] sample:		1950.11 time, 1950.22 real, 812 MB
[runlim] sample:		1960.11 time, 1960.22 real, 812 MB
[runlim] sample:		1970.11 time, 1970.22 real, 812 MB
[runlim] sample:		1980.11 time, 1980.22 real, 812 MB
[runlim] sample:		1990.11 time, 1990.22 real, 812 MB
[runlim] sample:		2000.11 time, 2000.22 real, 812 MB
[runlim] sample:		2010.11 time, 2010.22 real, 812 MB
[runlim] sample:		2020.11 time, 2020.22 real, 812 MB
[runlim] sample:		2030.11 time, 2030.22 real, 812 MB
[runlim] sample:		2040.11 time, 2040.22 real, 812 MB
[runlim] sample:		2050.11 time, 2050.22 real, 812 MB
[runlim] sample:		2060.11 time, 2060.22 real, 812 MB
[runlim] sample:		2070.11 time, 2070.22 real, 812 MB
[runlim] sample:		2080.11 time, 2080.22 real, 812 MB
[runlim] sample:		2090.11 time, 2090.22 real, 812 MB
[runlim] sample:		2100.11 time, 2100.22 real, 812 MB
[runlim] sample:		2110.11 time, 2110.22 real, 812 MB
[runlim] sample:		2120.11 time, 2120.22 real, 812 MB
[runlim] sample:		2130.11 time, 2130.22 real, 812 MB
[runlim] sample:		2140.11 time, 2140.22 real, 812 MB
[runlim] sample:		2150.11 time, 2150.22 real, 812 MB
[runlim] sample:		2160.11 time, 2160.22 real, 812 MB
[runlim] sample:		2170.11 time, 2170.22 real, 812 MB
[runlim] sample:		2180.11 time, 2180.22 real, 812 MB
[runlim] sample:		2190.11 time, 2190.22 real, 812 MB
[runlim] sample:		2200.11 time, 2200.22 real, 812 MB
[runlim] sample:		2210.12 time, 2210.22 real, 812 MB
[runlim] sample:		2220.11 time, 2220.22 real, 812 MB
[runlim] sample:		2230.11 time, 2230.22 real, 812 MB
[runlim] sample:		2240.11 time, 2240.22 real, 812 MB
[runlim] sample:		2250.11 time, 2250.22 real, 812 MB
[runlim] sample:		2260.12 time, 2260.22 real, 812 MB
[runlim] sample:		2270.11 time, 2270.22 real, 812 MB
[runlim] sample:		2280.11 time, 2280.22 real, 812 MB
[runlim] sample:		2290.11 time, 2290.22 real, 812 MB
[runlim] sample:		2300.12 time, 2300.22 real, 812 MB
[runlim] sample:		2310.12 time, 2310.22 real, 812 MB
[runlim] sample:		2320.12 time, 2320.22 real, 812 MB
[runlim] sample:		2330.11 time, 2330.22 real, 812 MB
[runlim] sample:		2340.12 time, 2340.22 real, 812 MB
[runlim] sample:		2350.11 time, 2350.22 real, 812 MB
[runlim] sample:		2360.11 time, 2360.22 real, 812 MB
[runlim] sample:		2370.11 time, 2370.22 real, 812 MB
[runlim] sample:		2380.11 time, 2380.22 real, 812 MB
[runlim] sample:		2390.12 time, 2390.22 real, 812 MB
[runlim] sample:		2400.11 time, 2400.22 real, 812 MB
[runlim] sample:		2410.12 time, 2410.22 real, 812 MB
[runlim] sample:		2420.12 time, 2420.22 real, 812 MB
[runlim] sample:		2430.11 time, 2430.22 real, 812 MB
[runlim] sample:		2440.11 time, 2440.22 real, 812 MB
[runlim] sample:		2450.12 time, 2450.22 real, 812 MB
[runlim] sample:		2460.12 time, 2460.22 real, 812 MB
[runlim] sample:		2470.12 time, 2470.22 real, 812 MB
[runlim] sample:		2480.12 time, 2480.22 real, 812 MB
[runlim] sample:		2490.12 time, 2490.22 real, 812 MB
[runlim] sample:		2500.12 time, 2500.22 real, 812 MB
[runlim] sample:		2510.11 time, 2510.22 real, 812 MB
[runlim] sample:		2520.11 time, 2520.22 real, 812 MB
[runlim] sample:		2530.12 time, 2530.22 real, 812 MB
[runlim] sample:		2540.12 time, 2540.22 real, 812 MB
[runlim] sample:		2550.11 time, 2550.22 real, 812 MB
[runlim] sample:		2560.12 time, 2560.22 real, 812 MB
[runlim] sample:		2570.11 time, 2570.22 real, 812 MB
[runlim] sample:		2580.11 time, 2580.22 real, 812 MB
[runlim] sample:		2590.12 time, 2590.22 real, 812 MB
[runlim] sample:		2600.12 time, 2600.22 real, 812 MB
[runlim] sample:		2610.12 time, 2610.22 real, 812 MB
[runlim] sample:		2620.11 time, 2620.22 real, 812 MB
[runlim] sample:		2630.11 time, 2630.22 real, 812 MB
[runlim] sample:		2640.12 time, 2640.22 real, 812 MB
[runlim] sample:		2650.11 time, 2650.22 real, 812 MB
[runlim] sample:		2660.11 time, 2660.22 real, 812 MB
[runlim] sample:		2670.12 time, 2670.22 real, 812 MB
[runlim] sample:		2680.12 time, 2680.22 real, 812 MB
[runlim] sample:		2690.12 time, 2690.22 real, 812 MB


 SIG RECEIVED

[runlim] end:			Sat Feb 29 07:54:09 2020
[runlim] status:		out of time
[runlim] result:		2
[runlim] children:		1
[runlim] real:			2700.13 seconds
[runlim] time:			2699.92 seconds
[runlim] space:			871 MB
[runlim] samples:		26998
