[runlim] version:		1.18
[runlim] host:			c3n06
[runlim] time limit:		2700 seconds
[runlim] real time limit:	2700 seconds
[runlim] space limit:		7000 MB
[runlim] argv[0]:		./binary
[runlim] argv[1]:		/data/cnf/ankit/E1-A1-instances/depots04_8.qdimacs
[runlim] start:			Sat Feb 29 07:09:08 2020
[runlim] child:			19853
[runlim] sample:		9.37 time, 10.02 real, 311 MB
[runlim] sample:		19.37 time, 20.02 real, 311 MB
[runlim] sample:		29.38 time, 30.02 real, 311 MB
[runlim] sample:		39.37 time, 40.01 real, 311 MB
[runlim] sample:		49.38 time, 50.01 real, 311 MB
[runlim] sample:		59.38 time, 60.02 real, 311 MB
[runlim] sample:		69.37 time, 70.01 real, 311 MB
[runlim] sample:		79.37 time, 80.01 real, 311 MB
[runlim] sample:		89.37 time, 90.01 real, 311 MB
[runlim] sample:		99.37 time, 100.01 real, 311 MB
[runlim] sample:		109.38 time, 110.01 real, 311 MB
[runlim] sample:		119.37 time, 120.01 real, 311 MB
[runlim] sample:		129.38 time, 130.01 real, 311 MB
[runlim] sample:		139.38 time, 140.01 real, 311 MB
[runlim] sample:		149.38 time, 150.01 real, 311 MB
[runlim] sample:		159.38 time, 160.02 real, 311 MB
[runlim] sample:		169.38 time, 170.02 real, 311 MB
[runlim] sample:		179.38 time, 180.01 real, 311 MB
[runlim] sample:		189.37 time, 190.01 real, 311 MB
[runlim] sample:		199.38 time, 200.01 real, 311 MB
[runlim] sample:		209.38 time, 210.01 real, 311 MB
[runlim] sample:		219.37 time, 220.01 real, 311 MB
[runlim] sample:		229.37 time, 230.02 real, 311 MB
[runlim] sample:		239.37 time, 240.02 real, 311 MB
[runlim] sample:		249.38 time, 250.02 real, 311 MB
[runlim] sample:		259.38 time, 260.02 real, 311 MB
[runlim] sample:		269.37 time, 270.02 real, 311 MB
[runlim] sample:		279.38 time, 280.02 real, 311 MB
[runlim] sample:		289.38 time, 290.02 real, 311 MB
[runlim] sample:		299.37 time, 300.02 real, 311 MB
[runlim] sample:		309.38 time, 310.02 real, 311 MB
[runlim] sample:		319.38 time, 320.02 real, 311 MB
[runlim] sample:		329.38 time, 330.02 real, 311 MB
[runlim] sample:		339.38 time, 340.02 real, 311 MB
[runlim] sample:		349.38 time, 350.02 real, 311 MB
[runlim] sample:		359.38 time, 360.02 real, 311 MB
[runlim] sample:		369.38 time, 370.02 real, 311 MB
[runlim] sample:		379.37 time, 380.02 real, 311 MB
[runlim] sample:		389.38 time, 390.02 real, 311 MB
[runlim] sample:		399.38 time, 400.02 real, 311 MB
[runlim] sample:		409.38 time, 410.02 real, 311 MB
[runlim] sample:		419.38 time, 420.02 real, 311 MB
[runlim] sample:		429.38 time, 430.02 real, 311 MB
[runlim] sample:		439.38 time, 440.02 real, 311 MB
[runlim] sample:		449.38 time, 450.02 real, 311 MB
[runlim] sample:		459.38 time, 460.02 real, 311 MB
[runlim] sample:		469.38 time, 470.02 real, 311 MB
[runlim] sample:		479.38 time, 480.02 real, 311 MB
[runlim] sample:		489.38 time, 490.02 real, 311 MB
[runlim] sample:		499.38 time, 500.02 real, 311 MB
[runlim] sample:		509.38 time, 510.02 real, 311 MB
[runlim] sample:		519.38 time, 520.02 real, 311 MB
[runlim] sample:		529.38 time, 530.02 real, 311 MB
[runlim] sample:		539.38 time, 540.02 real, 311 MB
[runlim] sample:		549.38 time, 550.02 real, 311 MB
[runlim] sample:		559.38 time, 560.02 real, 311 MB
[runlim] sample:		569.38 time, 570.02 real, 311 MB
[runlim] sample:		579.48 time, 580.12 real, 311 MB
[runlim] sample:		589.48 time, 590.12 real, 311 MB
[runlim] sample:		599.48 time, 600.12 real, 311 MB
[runlim] sample:		609.48 time, 610.12 real, 311 MB
[runlim] sample:		619.48 time, 620.12 real, 311 MB
[runlim] sample:		629.48 time, 630.12 real, 311 MB
[runlim] sample:		639.48 time, 640.12 real, 311 MB
[runlim] sample:		649.48 time, 650.12 real, 311 MB
[runlim] sample:		659.48 time, 660.12 real, 311 MB
[runlim] sample:		669.59 time, 670.22 real, 311 MB
[runlim] sample:		679.58 time, 680.22 real, 311 MB
[runlim] sample:		689.58 time, 690.22 real, 311 MB
[runlim] sample:		699.58 time, 700.22 real, 311 MB
[runlim] sample:		709.58 time, 710.22 real, 311 MB
[runlim] sample:		719.59 time, 720.22 real, 311 MB
[runlim] sample:		729.58 time, 730.22 real, 311 MB
[runlim] sample:		739.58 time, 740.22 real, 311 MB
[runlim] sample:		749.58 time, 750.22 real, 311 MB
[runlim] sample:		759.58 time, 760.22 real, 311 MB
[runlim] sample:		769.59 time, 770.22 real, 311 MB
[runlim] sample:		779.59 time, 780.22 real, 311 MB
[runlim] sample:		789.58 time, 790.22 real, 311 MB
[runlim] sample:		799.58 time, 800.22 real, 311 MB
[runlim] sample:		809.58 time, 810.22 real, 311 MB
[runlim] sample:		819.58 time, 820.22 real, 311 MB
[runlim] sample:		829.59 time, 830.22 real, 311 MB
[runlim] sample:		839.59 time, 840.22 real, 311 MB
[runlim] sample:		849.59 time, 850.22 real, 311 MB
[runlim] sample:		859.59 time, 860.22 real, 311 MB
[runlim] sample:		869.59 time, 870.22 real, 311 MB
[runlim] sample:		879.58 time, 880.22 real, 311 MB
[runlim] sample:		889.59 time, 890.22 real, 311 MB
[runlim] sample:		899.59 time, 900.22 real, 311 MB
[runlim] sample:		909.58 time, 910.22 real, 311 MB
[runlim] sample:		919.58 time, 920.22 real, 311 MB
[runlim] sample:		929.58 time, 930.22 real, 311 MB
[runlim] sample:		939.57 time, 940.22 real, 311 MB
[runlim] sample:		949.56 time, 950.22 real, 311 MB
[runlim] sample:		959.57 time, 960.22 real, 311 MB
[runlim] sample:		969.57 time, 970.22 real, 311 MB
[runlim] sample:		979.57 time, 980.22 real, 311 MB
[runlim] sample:		989.57 time, 990.22 real, 311 MB
[runlim] sample:		999.57 time, 1000.22 real, 311 MB
[runlim] sample:		1009.57 time, 1010.22 real, 311 MB
[runlim] sample:		1019.57 time, 1020.22 real, 311 MB
[runlim] sample:		1029.57 time, 1030.22 real, 311 MB
[runlim] sample:		1039.57 time, 1040.22 real, 311 MB
[runlim] sample:		1049.56 time, 1050.22 real, 311 MB
[runlim] sample:		1059.56 time, 1060.22 real, 311 MB
[runlim] sample:		1069.56 time, 1070.22 real, 311 MB
[runlim] sample:		1079.57 time, 1080.22 real, 311 MB
[runlim] sample:		1089.57 time, 1090.22 real, 311 MB
[runlim] sample:		1099.56 time, 1100.22 real, 311 MB
[runlim] sample:		1109.57 time, 1110.22 real, 311 MB
[runlim] sample:		1119.57 time, 1120.22 real, 311 MB
[runlim] sample:		1129.56 time, 1130.22 real, 311 MB
[runlim] sample:		1139.57 time, 1140.22 real, 311 MB
[runlim] sample:		1149.56 time, 1150.22 real, 311 MB
[runlim] sample:		1159.56 time, 1160.22 real, 311 MB
[runlim] sample:		1169.57 time, 1170.22 real, 311 MB
[runlim] sample:		1179.57 time, 1180.22 real, 311 MB
[runlim] sample:		1189.57 time, 1190.22 real, 311 MB
[runlim] sample:		1199.58 time, 1200.22 real, 311 MB
[runlim] sample:		1209.57 time, 1210.22 real, 311 MB
[runlim] sample:		1219.57 time, 1220.22 real, 311 MB
[runlim] sample:		1229.57 time, 1230.22 real, 311 MB
[runlim] sample:		1239.58 time, 1240.22 real, 311 MB
[runlim] sample:		1249.57 time, 1250.22 real, 311 MB
[runlim] sample:		1259.57 time, 1260.22 real, 311 MB
[runlim] sample:		1269.57 time, 1270.22 real, 311 MB
[runlim] sample:		1279.57 time, 1280.22 real, 311 MB
[runlim] sample:		1289.57 time, 1290.22 real, 311 MB
[runlim] sample:		1299.57 time, 1300.22 real, 311 MB
[runlim] sample:		1309.57 time, 1310.22 real, 311 MB
[runlim] sample:		1319.57 time, 1320.22 real, 312 MB
[runlim] sample:		1329.56 time, 1330.22 real, 312 MB
[runlim] sample:		1339.56 time, 1340.22 real, 312 MB
[runlim] sample:		1349.58 time, 1350.22 real, 312 MB
[runlim] sample:		1359.57 time, 1360.22 real, 312 MB
[runlim] sample:		1369.57 time, 1370.22 real, 312 MB
[runlim] sample:		1379.58 time, 1380.22 real, 312 MB
[runlim] sample:		1389.57 time, 1390.22 real, 312 MB
[runlim] sample:		1399.58 time, 1400.22 real, 312 MB
[runlim] sample:		1409.57 time, 1410.22 real, 317 MB
[runlim] sample:		1419.58 time, 1420.22 real, 318 MB
[runlim] sample:		1429.57 time, 1430.22 real, 318 MB
[runlim] sample:		1439.57 time, 1440.22 real, 318 MB
[runlim] sample:		1449.58 time, 1450.22 real, 318 MB
[runlim] sample:		1459.57 time, 1460.22 real, 319 MB
[runlim] sample:		1469.57 time, 1470.22 real, 320 MB
[runlim] sample:		1479.57 time, 1480.22 real, 320 MB
[runlim] sample:		1489.58 time, 1490.22 real, 320 MB
[runlim] sample:		1499.57 time, 1500.22 real, 320 MB
[runlim] sample:		1509.57 time, 1510.22 real, 320 MB
[runlim] sample:		1519.58 time, 1520.22 real, 321 MB
[runlim] sample:		1529.57 time, 1530.22 real, 322 MB
[runlim] sample:		1539.57 time, 1540.22 real, 322 MB
[runlim] sample:		1549.57 time, 1550.22 real, 322 MB
[runlim] sample:		1559.58 time, 1560.22 real, 322 MB
[runlim] sample:		1569.57 time, 1570.22 real, 323 MB
[runlim] sample:		1579.57 time, 1580.22 real, 324 MB
[runlim] sample:		1589.57 time, 1590.22 real, 324 MB
[runlim] sample:		1599.57 time, 1600.22 real, 325 MB
[runlim] sample:		1609.57 time, 1610.22 real, 325 MB
[runlim] sample:		1619.58 time, 1620.22 real, 326 MB
[runlim] sample:		1629.58 time, 1630.22 real, 326 MB
[runlim] sample:		1639.58 time, 1640.22 real, 331 MB
[runlim] sample:		1649.57 time, 1650.22 real, 331 MB
[runlim] sample:		1659.58 time, 1660.22 real, 331 MB
[runlim] sample:		1669.58 time, 1670.22 real, 331 MB
[runlim] sample:		1679.57 time, 1680.22 real, 331 MB
[runlim] sample:		1689.57 time, 1690.22 real, 331 MB
[runlim] sample:		1699.58 time, 1700.22 real, 332 MB
[runlim] sample:		1709.57 time, 1710.22 real, 332 MB
[runlim] sample:		1719.57 time, 1720.22 real, 333 MB
[runlim] sample:		1729.57 time, 1730.22 real, 334 MB
[runlim] sample:		1739.58 time, 1740.22 real, 334 MB
[runlim] sample:		1749.58 time, 1750.22 real, 334 MB
[runlim] sample:		1759.58 time, 1760.22 real, 334 MB
[runlim] sample:		1769.58 time, 1770.22 real, 334 MB
[runlim] sample:		1779.58 time, 1780.22 real, 334 MB
[runlim] sample:		1789.57 time, 1790.22 real, 334 MB
[runlim] sample:		1799.57 time, 1800.22 real, 334 MB
[runlim] sample:		1809.58 time, 1810.22 real, 334 MB
[runlim] sample:		1819.58 time, 1820.22 real, 334 MB
[runlim] sample:		1829.57 time, 1830.22 real, 335 MB
[runlim] sample:		1839.58 time, 1840.22 real, 336 MB
[runlim] sample:		1849.58 time, 1850.22 real, 336 MB
[runlim] sample:		1859.57 time, 1860.22 real, 336 MB
[runlim] sample:		1869.57 time, 1870.22 real, 337 MB
[runlim] sample:		1879.58 time, 1880.22 real, 337 MB
[runlim] sample:		1889.58 time, 1890.22 real, 338 MB
[runlim] sample:		1899.58 time, 1900.22 real, 338 MB
[runlim] sample:		1909.58 time, 1910.22 real, 339 MB
[runlim] sample:		1919.58 time, 1920.22 real, 342 MB
[runlim] sample:		1929.58 time, 1930.22 real, 342 MB
[runlim] sample:		1939.58 time, 1940.22 real, 342 MB
[runlim] sample:		1949.58 time, 1950.22 real, 342 MB
[runlim] sample:		1959.58 time, 1960.22 real, 342 MB
[runlim] sample:		1969.58 time, 1970.22 real, 344 MB
[runlim] sample:		1979.58 time, 1980.22 real, 345 MB
[runlim] sample:		1989.57 time, 1990.22 real, 345 MB
[runlim] sample:		1999.58 time, 2000.22 real, 345 MB
[runlim] sample:		2009.58 time, 2010.22 real, 345 MB
[runlim] sample:		2019.57 time, 2020.22 real, 345 MB
[runlim] sample:		2029.58 time, 2030.22 real, 345 MB
[runlim] sample:		2039.58 time, 2040.22 real, 345 MB
[runlim] sample:		2049.58 time, 2050.22 real, 345 MB
[runlim] sample:		2059.58 time, 2060.22 real, 345 MB
[runlim] sample:		2069.58 time, 2070.22 real, 347 MB
[runlim] sample:		2079.58 time, 2080.22 real, 347 MB
[runlim] sample:		2089.57 time, 2090.22 real, 348 MB
[runlim] sample:		2099.58 time, 2100.22 real, 348 MB
[runlim] sample:		2109.58 time, 2110.22 real, 348 MB
[runlim] sample:		2119.58 time, 2120.22 real, 349 MB
[runlim] sample:		2129.58 time, 2130.22 real, 351 MB
[runlim] sample:		2139.58 time, 2140.22 real, 351 MB
[runlim] sample:		2149.58 time, 2150.22 real, 351 MB
[runlim] sample:		2159.58 time, 2160.22 real, 351 MB
[runlim] sample:		2169.58 time, 2170.22 real, 356 MB
[runlim] sample:		2179.58 time, 2180.22 real, 359 MB
[runlim] sample:		2189.58 time, 2190.22 real, 359 MB
[runlim] sample:		2199.58 time, 2200.22 real, 360 MB
[runlim] sample:		2209.58 time, 2210.22 real, 362 MB
[runlim] sample:		2219.58 time, 2220.22 real, 364 MB
[runlim] sample:		2229.58 time, 2230.22 real, 364 MB
[runlim] sample:		2239.57 time, 2240.22 real, 368 MB
[runlim] sample:		2249.57 time, 2250.22 real, 370 MB
[runlim] sample:		2259.59 time, 2260.22 real, 374 MB
[runlim] sample:		2269.58 time, 2270.22 real, 380 MB
[runlim] sample:		2279.58 time, 2280.22 real, 383 MB
[runlim] sample:		2289.58 time, 2290.22 real, 387 MB
[runlim] sample:		2299.58 time, 2300.22 real, 388 MB
[runlim] sample:		2309.57 time, 2310.22 real, 388 MB
[runlim] sample:		2319.58 time, 2320.22 real, 388 MB
[runlim] sample:		2329.58 time, 2330.22 real, 388 MB
[runlim] sample:		2339.59 time, 2340.22 real, 388 MB
[runlim] sample:		2349.57 time, 2350.22 real, 388 MB
[runlim] sample:		2359.58 time, 2360.22 real, 388 MB
[runlim] sample:		2369.58 time, 2370.22 real, 388 MB
[runlim] sample:		2379.58 time, 2380.22 real, 388 MB
[runlim] sample:		2389.58 time, 2390.22 real, 388 MB
[runlim] sample:		2399.58 time, 2400.22 real, 388 MB
[runlim] sample:		2409.58 time, 2410.22 real, 388 MB
[runlim] sample:		2419.57 time, 2420.22 real, 388 MB
[runlim] sample:		2429.58 time, 2430.22 real, 388 MB
[runlim] sample:		2439.58 time, 2440.22 real, 388 MB
[runlim] sample:		2449.58 time, 2450.22 real, 388 MB
[runlim] sample:		2459.58 time, 2460.22 real, 388 MB
[runlim] sample:		2469.58 time, 2470.22 real, 388 MB
[runlim] sample:		2479.58 time, 2480.22 real, 388 MB
[runlim] sample:		2489.58 time, 2490.22 real, 388 MB
[runlim] sample:		2499.58 time, 2500.22 real, 388 MB
[runlim] sample:		2509.58 time, 2510.22 real, 388 MB
[runlim] sample:		2519.58 time, 2520.22 real, 388 MB
[runlim] sample:		2529.58 time, 2530.22 real, 388 MB
[runlim] sample:		2539.58 time, 2540.22 real, 388 MB
[runlim] sample:		2549.58 time, 2550.22 real, 388 MB
[runlim] sample:		2559.58 time, 2560.22 real, 388 MB
[runlim] sample:		2569.58 time, 2570.22 real, 388 MB
[runlim] sample:		2579.58 time, 2580.22 real, 388 MB
[runlim] sample:		2589.58 time, 2590.22 real, 388 MB
[runlim] sample:		2599.58 time, 2600.22 real, 388 MB
[runlim] sample:		2609.59 time, 2610.22 real, 388 MB
[runlim] sample:		2619.58 time, 2620.22 real, 388 MB
[runlim] sample:		2629.59 time, 2630.22 real, 388 MB
[runlim] sample:		2639.58 time, 2640.22 real, 388 MB
[runlim] sample:		2649.58 time, 2650.22 real, 388 MB
[runlim] sample:		2659.59 time, 2660.22 real, 388 MB
[runlim] sample:		2669.59 time, 2670.22 real, 389 MB
[runlim] sample:		2679.58 time, 2680.22 real, 389 MB
[runlim] sample:		2689.59 time, 2690.22 real, 389 MB


 SIG RECEIVED

[runlim] end:			Sat Feb 29 07:54:09 2020
[runlim] status:		out of time
[runlim] result:		2
[runlim] children:		1
[runlim] real:			2700.13 seconds
[runlim] time:			2699.38 seconds
[runlim] space:			390 MB
[runlim] samples:		26998
