[runlim] version:		1.18
[runlim] host:			c3n06
[runlim] time limit:		2700 seconds
[runlim] real time limit:	2700 seconds
[runlim] space limit:		7000 MB
[runlim] argv[0]:		./binary
[runlim] argv[1]:		/data/cnf/ankit/E1-A1-instances/depots04_7.qdimacs
[runlim] start:			Sat Feb 29 07:09:08 2020
[runlim] child:			19778
[runlim] sample:		9.91 time, 10.02 real, 311 MB
[runlim] sample:		19.91 time, 20.02 real, 311 MB
[runlim] sample:		29.91 time, 30.02 real, 311 MB
[runlim] sample:		39.91 time, 40.02 real, 311 MB
[runlim] sample:		49.91 time, 50.02 real, 311 MB
[runlim] sample:		59.91 time, 60.02 real, 311 MB
[runlim] sample:		69.91 time, 70.02 real, 311 MB
[runlim] sample:		79.91 time, 80.02 real, 311 MB
[runlim] sample:		89.91 time, 90.02 real, 311 MB
[runlim] sample:		99.91 time, 100.02 real, 311 MB
[runlim] sample:		109.91 time, 110.02 real, 311 MB
[runlim] sample:		119.91 time, 120.02 real, 311 MB
[runlim] sample:		129.91 time, 130.02 real, 311 MB
[runlim] sample:		139.91 time, 140.02 real, 311 MB
[runlim] sample:		149.91 time, 150.02 real, 311 MB
[runlim] sample:		159.91 time, 160.02 real, 311 MB
[runlim] sample:		169.91 time, 170.02 real, 311 MB
[runlim] sample:		179.91 time, 180.02 real, 311 MB
[runlim] sample:		189.92 time, 190.02 real, 311 MB
[runlim] sample:		199.92 time, 200.02 real, 311 MB
[runlim] sample:		209.91 time, 210.02 real, 311 MB
[runlim] sample:		219.91 time, 220.02 real, 311 MB
[runlim] sample:		229.91 time, 230.02 real, 311 MB
[runlim] sample:		239.92 time, 240.02 real, 311 MB
[runlim] sample:		249.91 time, 250.02 real, 311 MB
[runlim] sample:		259.91 time, 260.02 real, 311 MB
[runlim] sample:		269.91 time, 270.02 real, 311 MB
[runlim] sample:		279.91 time, 280.02 real, 311 MB
[runlim] sample:		289.91 time, 290.02 real, 311 MB
[runlim] sample:		299.91 time, 300.02 real, 311 MB
[runlim] sample:		309.91 time, 310.02 real, 311 MB
[runlim] sample:		319.92 time, 320.02 real, 311 MB
[runlim] sample:		329.92 time, 330.02 real, 311 MB
[runlim] sample:		339.91 time, 340.02 real, 311 MB
[runlim] sample:		349.91 time, 350.02 real, 311 MB
[runlim] sample:		359.91 time, 360.02 real, 311 MB
[runlim] sample:		369.91 time, 370.02 real, 311 MB
[runlim] sample:		379.92 time, 380.02 real, 311 MB
[runlim] sample:		389.91 time, 390.02 real, 311 MB
[runlim] sample:		399.91 time, 400.02 real, 311 MB
[runlim] sample:		409.92 time, 410.02 real, 311 MB
[runlim] sample:		419.92 time, 420.02 real, 311 MB
[runlim] sample:		429.92 time, 430.02 real, 311 MB
[runlim] sample:		439.92 time, 440.02 real, 311 MB
[runlim] sample:		449.92 time, 450.02 real, 311 MB
[runlim] sample:		459.91 time, 460.02 real, 311 MB
[runlim] sample:		469.91 time, 470.02 real, 311 MB
[runlim] sample:		479.91 time, 480.02 real, 311 MB
[runlim] sample:		489.92 time, 490.02 real, 311 MB
[runlim] sample:		499.92 time, 500.02 real, 311 MB
[runlim] sample:		509.92 time, 510.02 real, 311 MB
[runlim] sample:		519.92 time, 520.02 real, 311 MB
[runlim] sample:		529.91 time, 530.02 real, 311 MB
[runlim] sample:		539.92 time, 540.02 real, 311 MB
[runlim] sample:		549.92 time, 550.02 real, 311 MB
[runlim] sample:		559.91 time, 560.02 real, 311 MB
[runlim] sample:		569.92 time, 570.02 real, 311 MB
[runlim] sample:		579.91 time, 580.02 real, 311 MB
[runlim] sample:		589.92 time, 590.02 real, 311 MB
[runlim] sample:		599.91 time, 600.02 real, 311 MB
[runlim] sample:		609.92 time, 610.02 real, 311 MB
[runlim] sample:		619.92 time, 620.02 real, 311 MB
[runlim] sample:		629.92 time, 630.02 real, 311 MB
[runlim] sample:		639.92 time, 640.02 real, 311 MB
[runlim] sample:		649.92 time, 650.02 real, 311 MB
[runlim] sample:		659.92 time, 660.02 real, 311 MB
[runlim] sample:		670.12 time, 670.22 real, 311 MB
[runlim] sample:		680.12 time, 680.22 real, 311 MB
[runlim] sample:		690.12 time, 690.22 real, 311 MB
[runlim] sample:		700.12 time, 700.22 real, 311 MB
[runlim] sample:		710.11 time, 710.22 real, 311 MB
[runlim] sample:		720.12 time, 720.22 real, 311 MB
[runlim] sample:		730.12 time, 730.22 real, 311 MB
[runlim] sample:		740.12 time, 740.22 real, 311 MB
[runlim] sample:		750.12 time, 750.22 real, 311 MB
[runlim] sample:		760.11 time, 760.22 real, 311 MB
[runlim] sample:		770.11 time, 770.22 real, 311 MB
[runlim] sample:		780.12 time, 780.22 real, 311 MB
[runlim] sample:		790.11 time, 790.22 real, 311 MB
[runlim] sample:		800.12 time, 800.22 real, 311 MB
[runlim] sample:		810.12 time, 810.22 real, 311 MB
[runlim] sample:		820.12 time, 820.22 real, 311 MB
[runlim] sample:		830.12 time, 830.22 real, 311 MB
[runlim] sample:		840.12 time, 840.22 real, 311 MB
[runlim] sample:		850.12 time, 850.22 real, 311 MB
[runlim] sample:		860.12 time, 860.22 real, 311 MB
[runlim] sample:		870.12 time, 870.22 real, 311 MB
[runlim] sample:		880.11 time, 880.22 real, 311 MB
[runlim] sample:		890.12 time, 890.22 real, 311 MB
[runlim] sample:		900.12 time, 900.22 real, 311 MB
[runlim] sample:		910.12 time, 910.22 real, 311 MB
[runlim] sample:		920.12 time, 920.22 real, 311 MB
[runlim] sample:		930.12 time, 930.22 real, 311 MB
[runlim] sample:		940.12 time, 940.22 real, 311 MB
[runlim] sample:		950.12 time, 950.22 real, 311 MB
[runlim] sample:		960.11 time, 960.22 real, 311 MB
[runlim] sample:		970.12 time, 970.22 real, 311 MB
[runlim] sample:		980.12 time, 980.22 real, 311 MB
[runlim] sample:		990.12 time, 990.22 real, 311 MB
[runlim] sample:		1000.12 time, 1000.22 real, 311 MB
[runlim] sample:		1010.12 time, 1010.22 real, 311 MB
[runlim] sample:		1020.12 time, 1020.22 real, 311 MB
[runlim] sample:		1030.12 time, 1030.22 real, 311 MB
[runlim] sample:		1040.12 time, 1040.22 real, 311 MB
[runlim] sample:		1050.13 time, 1050.22 real, 311 MB
[runlim] sample:		1060.12 time, 1060.22 real, 311 MB
[runlim] sample:		1070.12 time, 1070.22 real, 311 MB
[runlim] sample:		1080.12 time, 1080.22 real, 311 MB
[runlim] sample:		1090.12 time, 1090.22 real, 311 MB
[runlim] sample:		1100.12 time, 1100.22 real, 311 MB
[runlim] sample:		1110.12 time, 1110.22 real, 311 MB
[runlim] sample:		1120.12 time, 1120.22 real, 311 MB
[runlim] sample:		1130.12 time, 1130.22 real, 311 MB
[runlim] sample:		1140.12 time, 1140.22 real, 311 MB
[runlim] sample:		1150.13 time, 1150.22 real, 311 MB
[runlim] sample:		1160.12 time, 1160.22 real, 311 MB
[runlim] sample:		1170.12 time, 1170.22 real, 311 MB
[runlim] sample:		1180.13 time, 1180.22 real, 311 MB
[runlim] sample:		1190.13 time, 1190.22 real, 311 MB
[runlim] sample:		1200.12 time, 1200.22 real, 311 MB
[runlim] sample:		1210.12 time, 1210.22 real, 311 MB
[runlim] sample:		1220.12 time, 1220.22 real, 311 MB
[runlim] sample:		1230.12 time, 1230.22 real, 311 MB
[runlim] sample:		1240.12 time, 1240.22 real, 311 MB
[runlim] sample:		1250.12 time, 1250.22 real, 311 MB
[runlim] sample:		1260.12 time, 1260.22 real, 311 MB
[runlim] sample:		1270.12 time, 1270.22 real, 311 MB
[runlim] sample:		1280.13 time, 1280.22 real, 311 MB
[runlim] sample:		1290.13 time, 1290.22 real, 311 MB
[runlim] sample:		1300.12 time, 1300.22 real, 311 MB
[runlim] sample:		1310.12 time, 1310.22 real, 311 MB
[runlim] sample:		1320.12 time, 1320.22 real, 311 MB
[runlim] sample:		1330.12 time, 1330.22 real, 311 MB
[runlim] sample:		1340.12 time, 1340.22 real, 311 MB
[runlim] sample:		1350.12 time, 1350.22 real, 311 MB
[runlim] sample:		1360.12 time, 1360.22 real, 311 MB
[runlim] sample:		1370.12 time, 1370.22 real, 311 MB
[runlim] sample:		1380.12 time, 1380.22 real, 311 MB
[runlim] sample:		1390.12 time, 1390.22 real, 311 MB
[runlim] sample:		1400.12 time, 1400.22 real, 311 MB
[runlim] sample:		1410.13 time, 1410.22 real, 311 MB
[runlim] sample:		1420.13 time, 1420.22 real, 311 MB
[runlim] sample:		1430.12 time, 1430.22 real, 311 MB
[runlim] sample:		1440.12 time, 1440.22 real, 311 MB
[runlim] sample:		1450.13 time, 1450.22 real, 311 MB
[runlim] sample:		1460.12 time, 1460.22 real, 311 MB
[runlim] sample:		1470.12 time, 1470.22 real, 312 MB
[runlim] sample:		1480.13 time, 1480.22 real, 312 MB
[runlim] sample:		1490.12 time, 1490.22 real, 312 MB
[runlim] sample:		1500.12 time, 1500.22 real, 312 MB
[runlim] sample:		1510.13 time, 1510.22 real, 312 MB
[runlim] sample:		1520.13 time, 1520.22 real, 314 MB
[runlim] sample:		1530.12 time, 1530.22 real, 314 MB
[runlim] sample:		1540.13 time, 1540.22 real, 314 MB
[runlim] sample:		1550.12 time, 1550.22 real, 320 MB
[runlim] sample:		1560.13 time, 1560.22 real, 323 MB
[runlim] sample:		1570.13 time, 1570.22 real, 323 MB
[runlim] sample:		1580.13 time, 1580.22 real, 323 MB
[runlim] sample:		1590.12 time, 1590.22 real, 323 MB
[runlim] sample:		1600.12 time, 1600.22 real, 324 MB
[runlim] sample:		1610.13 time, 1610.22 real, 324 MB
[runlim] sample:		1620.12 time, 1620.22 real, 325 MB
[runlim] sample:		1630.13 time, 1630.22 real, 325 MB
[runlim] sample:		1640.13 time, 1640.22 real, 325 MB
[runlim] sample:		1650.13 time, 1650.22 real, 325 MB
[runlim] sample:		1660.12 time, 1660.22 real, 325 MB
[runlim] sample:		1670.13 time, 1670.22 real, 325 MB
[runlim] sample:		1680.13 time, 1680.22 real, 325 MB
[runlim] sample:		1690.13 time, 1690.22 real, 325 MB
[runlim] sample:		1700.12 time, 1700.22 real, 325 MB
[runlim] sample:		1710.13 time, 1710.22 real, 325 MB
[runlim] sample:		1720.13 time, 1720.22 real, 325 MB
[runlim] sample:		1730.12 time, 1730.22 real, 325 MB
[runlim] sample:		1740.13 time, 1740.22 real, 325 MB
[runlim] sample:		1750.13 time, 1750.22 real, 325 MB
[runlim] sample:		1760.13 time, 1760.22 real, 325 MB
[runlim] sample:		1770.13 time, 1770.22 real, 333 MB
[runlim] sample:		1780.12 time, 1780.22 real, 333 MB
[runlim] sample:		1790.13 time, 1790.22 real, 333 MB
[runlim] sample:		1800.12 time, 1800.22 real, 333 MB
[runlim] sample:		1810.12 time, 1810.22 real, 333 MB
[runlim] sample:		1820.13 time, 1820.22 real, 333 MB
[runlim] sample:		1830.13 time, 1830.22 real, 333 MB
[runlim] sample:		1840.12 time, 1840.22 real, 333 MB
[runlim] sample:		1850.12 time, 1850.22 real, 333 MB
[runlim] sample:		1860.13 time, 1860.22 real, 333 MB
[runlim] sample:		1870.13 time, 1870.22 real, 333 MB
[runlim] sample:		1880.13 time, 1880.22 real, 333 MB
[runlim] sample:		1890.13 time, 1890.22 real, 333 MB
[runlim] sample:		1900.12 time, 1900.22 real, 333 MB
[runlim] sample:		1910.13 time, 1910.22 real, 335 MB
[runlim] sample:		1920.13 time, 1920.22 real, 337 MB
[runlim] sample:		1930.13 time, 1930.22 real, 338 MB
[runlim] sample:		1940.13 time, 1940.22 real, 338 MB
[runlim] sample:		1950.13 time, 1950.22 real, 338 MB
[runlim] sample:		1960.13 time, 1960.22 real, 338 MB
[runlim] sample:		1970.13 time, 1970.22 real, 338 MB
[runlim] sample:		1980.12 time, 1980.22 real, 338 MB
[runlim] sample:		1990.13 time, 1990.22 real, 338 MB
[runlim] sample:		2000.13 time, 2000.22 real, 338 MB
[runlim] sample:		2010.13 time, 2010.22 real, 339 MB
[runlim] sample:		2020.13 time, 2020.22 real, 339 MB
[runlim] sample:		2030.13 time, 2030.22 real, 340 MB
[runlim] sample:		2040.13 time, 2040.22 real, 340 MB
[runlim] sample:		2050.13 time, 2050.22 real, 341 MB
[runlim] sample:		2060.13 time, 2060.22 real, 341 MB
[runlim] sample:		2070.13 time, 2070.22 real, 341 MB
[runlim] sample:		2080.13 time, 2080.22 real, 342 MB
[runlim] sample:		2090.13 time, 2090.22 real, 342 MB
[runlim] sample:		2100.13 time, 2100.22 real, 342 MB
[runlim] sample:		2110.13 time, 2110.22 real, 342 MB
[runlim] sample:		2120.13 time, 2120.22 real, 343 MB
[runlim] sample:		2130.13 time, 2130.22 real, 343 MB
[runlim] sample:		2140.13 time, 2140.22 real, 343 MB
[runlim] sample:		2150.13 time, 2150.22 real, 343 MB
[runlim] sample:		2160.13 time, 2160.22 real, 343 MB
[runlim] sample:		2170.13 time, 2170.22 real, 343 MB
[runlim] sample:		2180.13 time, 2180.22 real, 343 MB
[runlim] sample:		2190.13 time, 2190.22 real, 344 MB
[runlim] sample:		2200.13 time, 2200.22 real, 346 MB
[runlim] sample:		2210.13 time, 2210.22 real, 347 MB
[runlim] sample:		2220.13 time, 2220.22 real, 347 MB
[runlim] sample:		2230.13 time, 2230.22 real, 347 MB
[runlim] sample:		2240.13 time, 2240.22 real, 348 MB
[runlim] sample:		2250.13 time, 2250.22 real, 348 MB
[runlim] sample:		2260.13 time, 2260.22 real, 348 MB
[runlim] sample:		2270.13 time, 2270.22 real, 348 MB
[runlim] sample:		2280.13 time, 2280.22 real, 349 MB
[runlim] sample:		2290.13 time, 2290.22 real, 349 MB
[runlim] sample:		2300.13 time, 2300.22 real, 349 MB
[runlim] sample:		2310.13 time, 2310.22 real, 349 MB
[runlim] sample:		2320.13 time, 2320.22 real, 349 MB
[runlim] sample:		2330.13 time, 2330.22 real, 352 MB
[runlim] sample:		2340.13 time, 2340.22 real, 352 MB
[runlim] sample:		2350.13 time, 2350.22 real, 352 MB
[runlim] sample:		2360.13 time, 2360.22 real, 352 MB
[runlim] sample:		2370.13 time, 2370.22 real, 352 MB
[runlim] sample:		2380.13 time, 2380.22 real, 352 MB
[runlim] sample:		2390.13 time, 2390.22 real, 352 MB
[runlim] sample:		2400.13 time, 2400.22 real, 352 MB
[runlim] sample:		2410.13 time, 2410.22 real, 353 MB
[runlim] sample:		2420.13 time, 2420.22 real, 353 MB
[runlim] sample:		2430.13 time, 2430.22 real, 353 MB
[runlim] sample:		2440.13 time, 2440.22 real, 353 MB
[runlim] sample:		2450.13 time, 2450.22 real, 353 MB
[runlim] sample:		2460.13 time, 2460.22 real, 353 MB
[runlim] sample:		2470.13 time, 2470.22 real, 353 MB
[runlim] sample:		2480.13 time, 2480.22 real, 353 MB
[runlim] sample:		2490.13 time, 2490.22 real, 353 MB
[runlim] sample:		2500.13 time, 2500.22 real, 353 MB
[runlim] sample:		2510.13 time, 2510.22 real, 353 MB
[runlim] sample:		2520.13 time, 2520.22 real, 353 MB
[runlim] sample:		2530.13 time, 2530.22 real, 353 MB
[runlim] sample:		2540.14 time, 2540.22 real, 353 MB
[runlim] sample:		2550.14 time, 2550.22 real, 353 MB
[runlim] sample:		2560.13 time, 2560.22 real, 354 MB
[runlim] sample:		2570.14 time, 2570.22 real, 354 MB
[runlim] sample:		2580.14 time, 2580.22 real, 354 MB
[runlim] sample:		2590.14 time, 2590.22 real, 354 MB
[runlim] sample:		2600.13 time, 2600.22 real, 354 MB
[runlim] sample:		2610.13 time, 2610.22 real, 354 MB
[runlim] sample:		2620.13 time, 2620.22 real, 354 MB
[runlim] sample:		2630.13 time, 2630.22 real, 354 MB
[runlim] sample:		2640.13 time, 2640.22 real, 354 MB
[runlim] sample:		2650.13 time, 2650.22 real, 355 MB
[runlim] sample:		2660.13 time, 2660.22 real, 355 MB
[runlim] sample:		2670.13 time, 2670.22 real, 355 MB
[runlim] sample:		2680.13 time, 2680.22 real, 355 MB
[runlim] sample:		2690.13 time, 2690.22 real, 355 MB


 SIG RECEIVED

[runlim] end:			Sat Feb 29 07:54:08 2020
[runlim] status:		out of time
[runlim] result:		2
[runlim] children:		1
[runlim] real:			2700.13 seconds
[runlim] time:			2699.94 seconds
[runlim] space:			355 MB
[runlim] samples:		26998
