[runlim] version:		1.18
[runlim] host:			c3n06
[runlim] time limit:		2700 seconds
[runlim] real time limit:	2700 seconds
[runlim] space limit:		7000 MB
[runlim] argv[0]:		./binary
[runlim] argv[1]:		/data/cnf/ankit/E1-A1-instances/depots08_7.qdimacs
[runlim] start:			Sat Feb 29 07:09:08 2020
[runlim] child:			19854
[runlim] sample:		9.33 time, 10.02 real, 652 MB
[runlim] sample:		19.33 time, 20.02 real, 772 MB
[runlim] sample:		29.33 time, 30.02 real, 789 MB
[runlim] sample:		39.33 time, 40.02 real, 811 MB
[runlim] sample:		49.33 time, 50.02 real, 811 MB
[runlim] sample:		59.33 time, 60.02 real, 811 MB
[runlim] sample:		69.33 time, 70.02 real, 812 MB
[runlim] sample:		79.33 time, 80.02 real, 812 MB
[runlim] sample:		89.33 time, 90.02 real, 812 MB
[runlim] sample:		99.33 time, 100.02 real, 812 MB
[runlim] sample:		109.34 time, 110.02 real, 812 MB
[runlim] sample:		119.33 time, 120.02 real, 812 MB
[runlim] sample:		129.33 time, 130.02 real, 812 MB
[runlim] sample:		139.33 time, 140.02 real, 812 MB
[runlim] sample:		149.33 time, 150.02 real, 812 MB
[runlim] sample:		159.33 time, 160.02 real, 812 MB
[runlim] sample:		169.33 time, 170.02 real, 812 MB
[runlim] sample:		179.33 time, 180.02 real, 812 MB
[runlim] sample:		189.33 time, 190.02 real, 812 MB
[runlim] sample:		199.33 time, 200.02 real, 812 MB
[runlim] sample:		209.33 time, 210.02 real, 812 MB
[runlim] sample:		219.33 time, 220.02 real, 812 MB
[runlim] sample:		229.33 time, 230.02 real, 812 MB
[runlim] sample:		239.34 time, 240.02 real, 812 MB
[runlim] sample:		249.33 time, 250.02 real, 812 MB
[runlim] sample:		259.33 time, 260.02 real, 812 MB
[runlim] sample:		269.33 time, 270.02 real, 812 MB
[runlim] sample:		279.33 time, 280.02 real, 812 MB
[runlim] sample:		289.33 time, 290.02 real, 812 MB
[runlim] sample:		299.33 time, 300.02 real, 812 MB
[runlim] sample:		309.33 time, 310.02 real, 812 MB
[runlim] sample:		319.34 time, 320.02 real, 812 MB
[runlim] sample:		329.33 time, 330.02 real, 812 MB
[runlim] sample:		339.33 time, 340.02 real, 812 MB
[runlim] sample:		349.33 time, 350.02 real, 812 MB
[runlim] sample:		359.33 time, 360.02 real, 812 MB
[runlim] sample:		369.33 time, 370.02 real, 812 MB
[runlim] sample:		379.33 time, 380.02 real, 812 MB
[runlim] sample:		389.33 time, 390.02 real, 812 MB
[runlim] sample:		399.34 time, 400.02 real, 812 MB
[runlim] sample:		409.33 time, 410.02 real, 812 MB
[runlim] sample:		419.33 time, 420.02 real, 812 MB
[runlim] sample:		429.33 time, 430.02 real, 812 MB
[runlim] sample:		439.33 time, 440.02 real, 812 MB
[runlim] sample:		449.34 time, 450.02 real, 812 MB
[runlim] sample:		459.33 time, 460.02 real, 812 MB
[runlim] sample:		469.33 time, 470.02 real, 812 MB
[runlim] sample:		479.33 time, 480.02 real, 812 MB
[runlim] sample:		489.33 time, 490.02 real, 812 MB
[runlim] sample:		499.34 time, 500.02 real, 812 MB
[runlim] sample:		509.34 time, 510.02 real, 812 MB
[runlim] sample:		519.33 time, 520.02 real, 812 MB
[runlim] sample:		529.33 time, 530.02 real, 812 MB
[runlim] sample:		539.34 time, 540.02 real, 812 MB
[runlim] sample:		549.34 time, 550.02 real, 812 MB
[runlim] sample:		559.34 time, 560.02 real, 812 MB
[runlim] sample:		569.33 time, 570.02 real, 812 MB
[runlim] sample:		579.43 time, 580.12 real, 812 MB
[runlim] sample:		589.43 time, 590.12 real, 812 MB
[runlim] sample:		599.44 time, 600.12 real, 812 MB
[runlim] sample:		609.43 time, 610.12 real, 812 MB
[runlim] sample:		619.43 time, 620.12 real, 812 MB
[runlim] sample:		629.44 time, 630.12 real, 812 MB
[runlim] sample:		639.44 time, 640.12 real, 812 MB
[runlim] sample:		649.44 time, 650.12 real, 812 MB
[runlim] sample:		659.44 time, 660.12 real, 812 MB
[runlim] sample:		669.64 time, 670.32 real, 812 MB
[runlim] sample:		679.64 time, 680.32 real, 812 MB
[runlim] sample:		689.64 time, 690.32 real, 812 MB
[runlim] sample:		699.64 time, 700.32 real, 812 MB
[runlim] sample:		709.64 time, 710.32 real, 812 MB
[runlim] sample:		719.64 time, 720.32 real, 812 MB
[runlim] sample:		729.63 time, 730.32 real, 812 MB
[runlim] sample:		739.64 time, 740.32 real, 812 MB
[runlim] sample:		749.63 time, 750.32 real, 812 MB
[runlim] sample:		759.63 time, 760.32 real, 812 MB
[runlim] sample:		769.63 time, 770.32 real, 812 MB
[runlim] sample:		779.64 time, 780.32 real, 812 MB
[runlim] sample:		789.63 time, 790.32 real, 812 MB
[runlim] sample:		799.64 time, 800.32 real, 812 MB
[runlim] sample:		809.63 time, 810.32 real, 812 MB
[runlim] sample:		819.64 time, 820.32 real, 812 MB
[runlim] sample:		829.64 time, 830.32 real, 812 MB
[runlim] sample:		839.64 time, 840.32 real, 812 MB
[runlim] sample:		849.64 time, 850.32 real, 812 MB
[runlim] sample:		859.64 time, 860.32 real, 812 MB
[runlim] sample:		869.64 time, 870.32 real, 812 MB
[runlim] sample:		879.64 time, 880.32 real, 812 MB
[runlim] sample:		889.64 time, 890.32 real, 812 MB
[runlim] sample:		899.64 time, 900.32 real, 812 MB
[runlim] sample:		909.64 time, 910.32 real, 812 MB
[runlim] sample:		919.64 time, 920.32 real, 812 MB
[runlim] sample:		929.65 time, 930.32 real, 812 MB
[runlim] sample:		939.64 time, 940.32 real, 812 MB
[runlim] sample:		949.65 time, 950.32 real, 812 MB
[runlim] sample:		959.64 time, 960.32 real, 812 MB
[runlim] sample:		969.65 time, 970.32 real, 812 MB
[runlim] sample:		979.65 time, 980.32 real, 812 MB
[runlim] sample:		989.64 time, 990.32 real, 812 MB
[runlim] sample:		999.65 time, 1000.32 real, 812 MB
[runlim] sample:		1009.65 time, 1010.32 real, 812 MB
[runlim] sample:		1019.65 time, 1020.32 real, 812 MB
[runlim] sample:		1029.64 time, 1030.32 real, 812 MB
[runlim] sample:		1039.64 time, 1040.32 real, 812 MB
[runlim] sample:		1049.65 time, 1050.32 real, 812 MB
[runlim] sample:		1059.64 time, 1060.32 real, 812 MB
[runlim] sample:		1069.64 time, 1070.32 real, 812 MB
[runlim] sample:		1079.64 time, 1080.32 real, 812 MB
[runlim] sample:		1089.64 time, 1090.32 real, 812 MB
[runlim] sample:		1099.65 time, 1100.32 real, 812 MB
[runlim] sample:		1109.64 time, 1110.32 real, 812 MB
[runlim] sample:		1119.65 time, 1120.32 real, 812 MB
[runlim] sample:		1129.64 time, 1130.32 real, 812 MB
[runlim] sample:		1139.64 time, 1140.32 real, 812 MB
[runlim] sample:		1149.64 time, 1150.32 real, 812 MB
[runlim] sample:		1159.65 time, 1160.32 real, 812 MB
[runlim] sample:		1169.64 time, 1170.32 real, 812 MB
[runlim] sample:		1179.64 time, 1180.32 real, 812 MB
[runlim] sample:		1189.64 time, 1190.32 real, 812 MB
[runlim] sample:		1199.65 time, 1200.32 real, 812 MB
[runlim] sample:		1209.65 time, 1210.32 real, 812 MB
[runlim] sample:		1219.65 time, 1220.32 real, 812 MB
[runlim] sample:		1229.65 time, 1230.32 real, 812 MB
[runlim] sample:		1239.64 time, 1240.32 real, 812 MB
[runlim] sample:		1249.65 time, 1250.32 real, 812 MB
[runlim] sample:		1259.65 time, 1260.32 real, 812 MB
[runlim] sample:		1269.65 time, 1270.32 real, 812 MB
[runlim] sample:		1279.64 time, 1280.32 real, 812 MB
[runlim] sample:		1289.64 time, 1290.32 real, 812 MB
[runlim] sample:		1299.64 time, 1300.32 real, 812 MB
[runlim] sample:		1309.64 time, 1310.32 real, 812 MB
[runlim] sample:		1319.64 time, 1320.32 real, 812 MB
[runlim] sample:		1329.64 time, 1330.32 real, 812 MB
[runlim] sample:		1339.65 time, 1340.32 real, 812 MB
[runlim] sample:		1349.65 time, 1350.32 real, 812 MB
[runlim] sample:		1359.65 time, 1360.32 real, 812 MB
[runlim] sample:		1369.65 time, 1370.32 real, 812 MB
[runlim] sample:		1379.64 time, 1380.32 real, 812 MB
[runlim] sample:		1389.65 time, 1390.32 real, 812 MB
[runlim] sample:		1399.65 time, 1400.32 real, 812 MB
[runlim] sample:		1409.64 time, 1410.32 real, 812 MB
[runlim] sample:		1419.65 time, 1420.32 real, 812 MB
[runlim] sample:		1429.65 time, 1430.32 real, 812 MB
[runlim] sample:		1439.65 time, 1440.32 real, 812 MB
[runlim] sample:		1449.65 time, 1450.32 real, 812 MB
[runlim] sample:		1459.65 time, 1460.32 real, 812 MB
[runlim] sample:		1469.65 time, 1470.32 real, 812 MB
[runlim] sample:		1479.65 time, 1480.32 real, 812 MB
[runlim] sample:		1489.64 time, 1490.32 real, 812 MB
[runlim] sample:		1499.65 time, 1500.32 real, 812 MB
[runlim] sample:		1509.64 time, 1510.32 real, 812 MB
[runlim] sample:		1519.65 time, 1520.32 real, 812 MB
[runlim] sample:		1529.65 time, 1530.32 real, 812 MB
[runlim] sample:		1539.65 time, 1540.32 real, 812 MB
[runlim] sample:		1549.65 time, 1550.32 real, 812 MB
[runlim] sample:		1559.65 time, 1560.32 real, 812 MB
[runlim] sample:		1569.65 time, 1570.32 real, 812 MB
[runlim] sample:		1579.65 time, 1580.32 real, 812 MB
[runlim] sample:		1589.65 time, 1590.32 real, 812 MB
[runlim] sample:		1599.65 time, 1600.32 real, 812 MB
[runlim] sample:		1609.65 time, 1610.32 real, 812 MB
[runlim] sample:		1619.65 time, 1620.32 real, 812 MB
[runlim] sample:		1629.65 time, 1630.32 real, 812 MB
[runlim] sample:		1639.65 time, 1640.32 real, 812 MB
[runlim] sample:		1649.65 time, 1650.32 real, 812 MB
[runlim] sample:		1659.65 time, 1660.32 real, 812 MB
[runlim] sample:		1669.65 time, 1670.32 real, 812 MB
[runlim] sample:		1679.65 time, 1680.32 real, 812 MB
[runlim] sample:		1689.65 time, 1690.32 real, 812 MB
[runlim] sample:		1699.65 time, 1700.32 real, 812 MB
[runlim] sample:		1709.65 time, 1710.32 real, 812 MB
[runlim] sample:		1719.66 time, 1720.32 real, 812 MB
[runlim] sample:		1729.65 time, 1730.32 real, 812 MB
[runlim] sample:		1739.65 time, 1740.32 real, 812 MB
[runlim] sample:		1749.66 time, 1750.32 real, 812 MB
[runlim] sample:		1759.65 time, 1760.32 real, 812 MB
[runlim] sample:		1769.65 time, 1770.32 real, 812 MB
[runlim] sample:		1779.65 time, 1780.32 real, 812 MB
[runlim] sample:		1789.65 time, 1790.32 real, 812 MB
[runlim] sample:		1799.65 time, 1800.32 real, 812 MB
[runlim] sample:		1809.65 time, 1810.32 real, 812 MB
[runlim] sample:		1819.65 time, 1820.32 real, 812 MB
[runlim] sample:		1829.66 time, 1830.32 real, 812 MB
[runlim] sample:		1839.66 time, 1840.32 real, 812 MB
[runlim] sample:		1849.65 time, 1850.32 real, 812 MB
[runlim] sample:		1859.65 time, 1860.32 real, 812 MB
[runlim] sample:		1869.65 time, 1870.32 real, 812 MB
[runlim] sample:		1879.65 time, 1880.32 real, 812 MB
[runlim] sample:		1889.65 time, 1890.32 real, 812 MB
[runlim] sample:		1899.65 time, 1900.32 real, 812 MB
[runlim] sample:		1909.65 time, 1910.32 real, 812 MB
[runlim] sample:		1919.65 time, 1920.32 real, 812 MB
[runlim] sample:		1929.66 time, 1930.32 real, 812 MB
[runlim] sample:		1939.66 time, 1940.32 real, 812 MB
[runlim] sample:		1949.65 time, 1950.32 real, 812 MB
[runlim] sample:		1959.65 time, 1960.32 real, 812 MB
[runlim] sample:		1969.65 time, 1970.32 real, 812 MB
[runlim] sample:		1979.65 time, 1980.32 real, 812 MB
[runlim] sample:		1989.66 time, 1990.32 real, 812 MB
[runlim] sample:		1999.66 time, 2000.32 real, 812 MB
[runlim] sample:		2009.66 time, 2010.32 real, 812 MB
[runlim] sample:		2019.66 time, 2020.32 real, 812 MB
[runlim] sample:		2029.65 time, 2030.32 real, 812 MB
[runlim] sample:		2039.65 time, 2040.32 real, 812 MB
[runlim] sample:		2049.65 time, 2050.32 real, 812 MB
[runlim] sample:		2059.65 time, 2060.32 real, 812 MB
[runlim] sample:		2069.66 time, 2070.32 real, 812 MB
[runlim] sample:		2079.65 time, 2080.32 real, 812 MB
[runlim] sample:		2089.65 time, 2090.32 real, 812 MB
[runlim] sample:		2099.65 time, 2100.32 real, 812 MB
[runlim] sample:		2109.65 time, 2110.32 real, 812 MB
[runlim] sample:		2119.65 time, 2120.32 real, 812 MB
[runlim] sample:		2129.65 time, 2130.32 real, 812 MB
[runlim] sample:		2139.65 time, 2140.32 real, 812 MB
[runlim] sample:		2149.65 time, 2150.32 real, 812 MB
[runlim] sample:		2159.66 time, 2160.32 real, 812 MB
[runlim] sample:		2169.65 time, 2170.32 real, 812 MB
[runlim] sample:		2179.65 time, 2180.32 real, 812 MB
[runlim] sample:		2189.65 time, 2190.32 real, 812 MB
[runlim] sample:		2199.66 time, 2200.32 real, 812 MB
[runlim] sample:		2209.66 time, 2210.32 real, 812 MB
[runlim] sample:		2219.65 time, 2220.32 real, 812 MB
[runlim] sample:		2229.65 time, 2230.32 real, 812 MB
[runlim] sample:		2239.65 time, 2240.32 real, 812 MB
[runlim] sample:		2249.66 time, 2250.32 real, 812 MB
[runlim] sample:		2259.66 time, 2260.32 real, 812 MB
[runlim] sample:		2269.66 time, 2270.32 real, 812 MB
[runlim] sample:		2279.65 time, 2280.32 real, 812 MB
[runlim] sample:		2289.66 time, 2290.32 real, 812 MB
[runlim] sample:		2299.66 time, 2300.32 real, 812 MB
[runlim] sample:		2309.66 time, 2310.32 real, 812 MB
[runlim] sample:		2319.66 time, 2320.32 real, 812 MB
[runlim] sample:		2329.66 time, 2330.32 real, 812 MB
[runlim] sample:		2339.66 time, 2340.32 real, 812 MB
[runlim] sample:		2349.66 time, 2350.32 real, 812 MB
[runlim] sample:		2359.65 time, 2360.32 real, 812 MB
[runlim] sample:		2369.66 time, 2370.32 real, 812 MB
[runlim] sample:		2379.66 time, 2380.32 real, 812 MB
[runlim] sample:		2389.66 time, 2390.32 real, 812 MB
[runlim] sample:		2399.66 time, 2400.32 real, 812 MB
[runlim] sample:		2409.65 time, 2410.32 real, 812 MB
[runlim] sample:		2419.66 time, 2420.32 real, 812 MB
[runlim] sample:		2429.66 time, 2430.32 real, 812 MB
[runlim] sample:		2439.66 time, 2440.32 real, 812 MB
[runlim] sample:		2449.66 time, 2450.32 real, 812 MB
[runlim] sample:		2459.65 time, 2460.32 real, 812 MB
[runlim] sample:		2469.66 time, 2470.32 real, 812 MB
[runlim] sample:		2479.66 time, 2480.32 real, 812 MB
[runlim] sample:		2489.65 time, 2490.32 real, 812 MB
[runlim] sample:		2499.65 time, 2500.32 real, 812 MB
[runlim] sample:		2509.66 time, 2510.32 real, 812 MB
[runlim] sample:		2519.66 time, 2520.32 real, 812 MB
[runlim] sample:		2529.66 time, 2530.32 real, 812 MB
[runlim] sample:		2539.65 time, 2540.32 real, 812 MB
[runlim] sample:		2549.66 time, 2550.32 real, 812 MB
[runlim] sample:		2559.66 time, 2560.32 real, 812 MB
[runlim] sample:		2569.66 time, 2570.32 real, 812 MB
[runlim] sample:		2579.65 time, 2580.32 real, 812 MB
[runlim] sample:		2589.66 time, 2590.32 real, 812 MB
[runlim] sample:		2599.66 time, 2600.32 real, 812 MB
[runlim] sample:		2609.66 time, 2610.32 real, 812 MB
[runlim] sample:		2619.66 time, 2620.32 real, 812 MB
[runlim] sample:		2629.66 time, 2630.32 real, 812 MB
[runlim] sample:		2639.66 time, 2640.32 real, 812 MB
[runlim] sample:		2649.66 time, 2650.32 real, 812 MB
[runlim] sample:		2659.66 time, 2660.32 real, 812 MB
[runlim] sample:		2669.66 time, 2670.32 real, 812 MB
[runlim] sample:		2679.66 time, 2680.32 real, 812 MB
[runlim] sample:		2689.66 time, 2690.32 real, 812 MB


 SIG RECEIVED

[runlim] end:			Sat Feb 29 07:54:09 2020
[runlim] status:		out of time
[runlim] result:		2
[runlim] children:		1
[runlim] real:			2700.11 seconds
[runlim] time:			2699.36 seconds
[runlim] space:			871 MB
[runlim] samples:		26997
