[runlim] version:		1.18
[runlim] host:			c3n08
[runlim] time limit:		2700 seconds
[runlim] real time limit:	2700 seconds
[runlim] space limit:		7000 MB
[runlim] argv[0]:		./binary
[runlim] argv[1]:		/data/cnf/ankit/E1-A1-instances/driverlog11_9.qdimacs
[runlim] start:			Sat Feb 29 07:09:08 2020
[runlim] child:			23831
[runlim] sample:		9.98 time, 10.02 real, 89 MB
[runlim] sample:		19.98 time, 20.02 real, 89 MB
[runlim] sample:		29.98 time, 30.02 real, 89 MB
[runlim] sample:		39.98 time, 40.02 real, 89 MB
[runlim] sample:		49.98 time, 50.02 real, 89 MB
[runlim] sample:		59.98 time, 60.02 real, 89 MB
[runlim] sample:		69.98 time, 70.02 real, 89 MB
[runlim] sample:		79.98 time, 80.02 real, 89 MB
[runlim] sample:		89.98 time, 90.02 real, 89 MB
[runlim] sample:		99.98 time, 100.02 real, 89 MB
[runlim] sample:		109.99 time, 110.02 real, 89 MB
[runlim] sample:		119.98 time, 120.02 real, 89 MB
[runlim] sample:		129.98 time, 130.02 real, 89 MB
[runlim] sample:		139.98 time, 140.02 real, 89 MB
[runlim] sample:		149.99 time, 150.02 real, 89 MB
[runlim] sample:		159.98 time, 160.02 real, 89 MB
[runlim] sample:		169.98 time, 170.02 real, 89 MB
[runlim] sample:		179.98 time, 180.02 real, 89 MB
[runlim] sample:		189.98 time, 190.02 real, 89 MB
[runlim] sample:		199.98 time, 200.02 real, 89 MB
[runlim] sample:		209.98 time, 210.02 real, 89 MB
[runlim] sample:		219.98 time, 220.02 real, 89 MB
[runlim] sample:		230.08 time, 230.12 real, 89 MB
[runlim] sample:		240.09 time, 240.12 real, 89 MB
[runlim] sample:		250.08 time, 250.12 real, 89 MB
[runlim] sample:		260.08 time, 260.12 real, 89 MB
[runlim] sample:		270.08 time, 270.12 real, 89 MB
[runlim] sample:		280.08 time, 280.12 real, 89 MB
[runlim] sample:		290.08 time, 290.12 real, 89 MB
[runlim] sample:		300.08 time, 300.12 real, 89 MB
[runlim] sample:		310.08 time, 310.12 real, 89 MB
[runlim] sample:		320.08 time, 320.12 real, 89 MB
[runlim] sample:		330.08 time, 330.12 real, 89 MB
[runlim] sample:		340.08 time, 340.12 real, 90 MB
[runlim] sample:		350.09 time, 350.12 real, 92 MB
[runlim] sample:		360.08 time, 360.12 real, 93 MB
[runlim] sample:		370.08 time, 370.12 real, 93 MB
[runlim] sample:		380.09 time, 380.12 real, 96 MB
[runlim] sample:		390.08 time, 390.12 real, 102 MB
[runlim] sample:		400.08 time, 400.12 real, 105 MB
[runlim] sample:		410.08 time, 410.12 real, 113 MB
[runlim] sample:		420.08 time, 420.12 real, 113 MB
[runlim] sample:		430.08 time, 430.12 real, 115 MB
[runlim] sample:		440.08 time, 440.12 real, 116 MB
[runlim] sample:		450.08 time, 450.12 real, 116 MB
[runlim] sample:		460.08 time, 460.12 real, 116 MB
[runlim] sample:		470.08 time, 470.12 real, 116 MB
[runlim] sample:		480.08 time, 480.12 real, 116 MB
[runlim] sample:		490.09 time, 490.12 real, 116 MB
[runlim] sample:		500.08 time, 500.12 real, 116 MB
[runlim] sample:		510.08 time, 510.12 real, 116 MB
[runlim] sample:		520.08 time, 520.12 real, 116 MB
[runlim] sample:		530.08 time, 530.12 real, 117 MB
[runlim] sample:		540.08 time, 540.12 real, 118 MB
[runlim] sample:		550.08 time, 550.12 real, 119 MB
[runlim] sample:		560.08 time, 560.12 real, 120 MB
[runlim] sample:		570.08 time, 570.12 real, 123 MB
[runlim] sample:		580.17 time, 580.22 real, 124 MB
[runlim] sample:		590.17 time, 590.22 real, 126 MB
[runlim] sample:		600.17 time, 600.22 real, 126 MB
[runlim] sample:		610.17 time, 610.22 real, 126 MB
[runlim] sample:		620.18 time, 620.22 real, 126 MB
[runlim] sample:		630.18 time, 630.22 real, 126 MB
[runlim] sample:		640.18 time, 640.22 real, 126 MB
[runlim] sample:		650.18 time, 650.22 real, 126 MB
[runlim] sample:		660.18 time, 660.22 real, 126 MB
[runlim] sample:		670.38 time, 670.42 real, 126 MB
[runlim] sample:		680.38 time, 680.42 real, 126 MB
[runlim] sample:		690.38 time, 690.42 real, 126 MB
[runlim] sample:		700.38 time, 700.42 real, 126 MB
[runlim] sample:		710.38 time, 710.42 real, 126 MB
[runlim] sample:		720.38 time, 720.42 real, 126 MB
[runlim] sample:		730.38 time, 730.42 real, 126 MB
[runlim] sample:		740.38 time, 740.42 real, 126 MB
[runlim] sample:		750.38 time, 750.42 real, 128 MB
[runlim] sample:		760.38 time, 760.42 real, 128 MB
[runlim] sample:		770.38 time, 770.42 real, 130 MB
[runlim] sample:		780.38 time, 780.42 real, 131 MB
[runlim] sample:		790.38 time, 790.42 real, 131 MB
[runlim] sample:		800.38 time, 800.42 real, 134 MB
[runlim] sample:		810.38 time, 810.42 real, 134 MB
[runlim] sample:		820.38 time, 820.42 real, 134 MB
[runlim] sample:		830.38 time, 830.42 real, 136 MB
[runlim] sample:		840.38 time, 840.42 real, 137 MB
[runlim] sample:		850.38 time, 850.42 real, 137 MB
[runlim] sample:		860.38 time, 860.42 real, 137 MB
[runlim] sample:		870.38 time, 870.42 real, 137 MB
[runlim] sample:		880.38 time, 880.42 real, 137 MB
[runlim] sample:		890.38 time, 890.42 real, 137 MB
[runlim] sample:		900.38 time, 900.42 real, 137 MB
[runlim] sample:		910.38 time, 910.42 real, 137 MB
[runlim] sample:		920.38 time, 920.42 real, 137 MB
[runlim] sample:		930.38 time, 930.42 real, 137 MB
[runlim] sample:		940.38 time, 940.42 real, 137 MB
[runlim] sample:		950.38 time, 950.42 real, 137 MB
[runlim] sample:		960.38 time, 960.42 real, 137 MB
[runlim] sample:		970.39 time, 970.42 real, 137 MB
[runlim] sample:		980.38 time, 980.42 real, 137 MB
[runlim] sample:		990.38 time, 990.42 real, 138 MB
[runlim] sample:		1000.38 time, 1000.42 real, 138 MB
[runlim] sample:		1010.38 time, 1010.42 real, 138 MB
[runlim] sample:		1020.38 time, 1020.42 real, 138 MB
[runlim] sample:		1030.38 time, 1030.42 real, 138 MB
[runlim] sample:		1040.38 time, 1040.42 real, 138 MB
[runlim] sample:		1050.38 time, 1050.42 real, 138 MB
[runlim] sample:		1060.38 time, 1060.42 real, 138 MB
[runlim] sample:		1070.38 time, 1070.42 real, 138 MB
[runlim] sample:		1080.38 time, 1080.42 real, 138 MB
[runlim] sample:		1090.38 time, 1090.42 real, 138 MB
[runlim] sample:		1100.38 time, 1100.42 real, 138 MB
[runlim] sample:		1110.38 time, 1110.42 real, 138 MB
[runlim] sample:		1120.38 time, 1120.42 real, 138 MB
[runlim] sample:		1130.38 time, 1130.42 real, 138 MB
[runlim] sample:		1140.38 time, 1140.42 real, 138 MB
[runlim] sample:		1150.38 time, 1150.42 real, 138 MB
[runlim] sample:		1160.39 time, 1160.42 real, 139 MB
[runlim] sample:		1170.38 time, 1170.42 real, 141 MB
[runlim] sample:		1180.38 time, 1180.42 real, 141 MB
[runlim] sample:		1190.39 time, 1190.42 real, 141 MB
[runlim] sample:		1200.38 time, 1200.42 real, 143 MB
[runlim] sample:		1210.38 time, 1210.42 real, 143 MB
[runlim] sample:		1220.38 time, 1220.42 real, 143 MB
[runlim] sample:		1230.38 time, 1230.42 real, 143 MB
[runlim] sample:		1240.39 time, 1240.42 real, 143 MB
[runlim] sample:		1250.38 time, 1250.42 real, 144 MB
[runlim] sample:		1260.38 time, 1260.42 real, 144 MB
[runlim] sample:		1270.38 time, 1270.42 real, 144 MB
[runlim] sample:		1280.39 time, 1280.42 real, 144 MB
[runlim] sample:		1290.38 time, 1290.42 real, 144 MB
[runlim] sample:		1300.38 time, 1300.42 real, 144 MB
[runlim] sample:		1310.38 time, 1310.42 real, 144 MB
[runlim] sample:		1320.38 time, 1320.42 real, 144 MB
[runlim] sample:		1330.38 time, 1330.42 real, 144 MB
[runlim] sample:		1340.38 time, 1340.42 real, 144 MB
[runlim] sample:		1350.38 time, 1350.42 real, 144 MB
[runlim] sample:		1360.38 time, 1360.42 real, 144 MB
[runlim] sample:		1370.38 time, 1370.42 real, 144 MB
[runlim] sample:		1380.38 time, 1380.42 real, 144 MB
[runlim] sample:		1390.38 time, 1390.42 real, 144 MB
[runlim] sample:		1400.39 time, 1400.42 real, 144 MB
[runlim] sample:		1410.38 time, 1410.42 real, 144 MB
[runlim] sample:		1420.38 time, 1420.42 real, 144 MB
[runlim] sample:		1430.38 time, 1430.42 real, 144 MB
[runlim] sample:		1440.38 time, 1440.42 real, 144 MB
[runlim] sample:		1450.38 time, 1450.42 real, 144 MB
[runlim] sample:		1460.38 time, 1460.42 real, 144 MB
[runlim] sample:		1470.38 time, 1470.42 real, 145 MB
[runlim] sample:		1480.38 time, 1480.42 real, 145 MB
[runlim] sample:		1490.39 time, 1490.42 real, 145 MB
[runlim] sample:		1500.38 time, 1500.42 real, 145 MB
[runlim] sample:		1510.38 time, 1510.42 real, 145 MB
[runlim] sample:		1520.38 time, 1520.42 real, 145 MB
[runlim] sample:		1530.38 time, 1530.42 real, 147 MB
[runlim] sample:		1540.38 time, 1540.42 real, 148 MB
[runlim] sample:		1550.38 time, 1550.42 real, 148 MB
[runlim] sample:		1560.38 time, 1560.42 real, 148 MB
[runlim] sample:		1570.38 time, 1570.42 real, 148 MB
[runlim] sample:		1580.39 time, 1580.42 real, 148 MB
[runlim] sample:		1590.38 time, 1590.42 real, 148 MB
[runlim] sample:		1600.38 time, 1600.42 real, 148 MB
[runlim] sample:		1610.38 time, 1610.42 real, 149 MB
[runlim] sample:		1620.38 time, 1620.42 real, 150 MB
[runlim] sample:		1630.38 time, 1630.42 real, 150 MB
[runlim] sample:		1640.38 time, 1640.42 real, 150 MB
[runlim] sample:		1650.38 time, 1650.42 real, 150 MB
[runlim] sample:		1660.38 time, 1660.42 real, 150 MB
[runlim] sample:		1670.39 time, 1670.42 real, 150 MB
[runlim] sample:		1680.39 time, 1680.42 real, 150 MB
[runlim] sample:		1690.38 time, 1690.42 real, 150 MB
[runlim] sample:		1700.38 time, 1700.42 real, 150 MB
[runlim] sample:		1710.38 time, 1710.42 real, 151 MB
[runlim] sample:		1720.38 time, 1720.42 real, 151 MB
[runlim] sample:		1730.38 time, 1730.42 real, 151 MB
[runlim] sample:		1740.38 time, 1740.42 real, 151 MB
[runlim] sample:		1750.38 time, 1750.42 real, 151 MB
[runlim] sample:		1760.39 time, 1760.42 real, 151 MB
[runlim] sample:		1770.38 time, 1770.42 real, 151 MB
[runlim] sample:		1780.38 time, 1780.42 real, 152 MB
[runlim] sample:		1790.38 time, 1790.42 real, 152 MB
[runlim] sample:		1800.38 time, 1800.42 real, 152 MB
[runlim] sample:		1810.39 time, 1810.42 real, 152 MB
[runlim] sample:		1820.39 time, 1820.42 real, 152 MB
[runlim] sample:		1830.39 time, 1830.42 real, 152 MB
[runlim] sample:		1840.38 time, 1840.42 real, 152 MB
[runlim] sample:		1850.39 time, 1850.42 real, 152 MB
[runlim] sample:		1860.38 time, 1860.42 real, 152 MB
[runlim] sample:		1870.38 time, 1870.42 real, 152 MB
[runlim] sample:		1880.38 time, 1880.42 real, 152 MB
[runlim] sample:		1890.38 time, 1890.42 real, 152 MB
[runlim] sample:		1900.38 time, 1900.42 real, 153 MB
[runlim] sample:		1910.38 time, 1910.42 real, 153 MB
[runlim] sample:		1920.39 time, 1920.42 real, 153 MB
[runlim] sample:		1930.39 time, 1930.42 real, 153 MB
[runlim] sample:		1940.38 time, 1940.42 real, 153 MB
[runlim] sample:		1950.38 time, 1950.42 real, 153 MB
[runlim] sample:		1960.38 time, 1960.42 real, 153 MB
[runlim] sample:		1970.38 time, 1970.42 real, 153 MB
[runlim] sample:		1980.38 time, 1980.42 real, 153 MB
[runlim] sample:		1990.38 time, 1990.42 real, 153 MB
[runlim] sample:		2000.38 time, 2000.42 real, 153 MB
[runlim] sample:		2010.38 time, 2010.42 real, 153 MB
[runlim] sample:		2020.38 time, 2020.42 real, 153 MB
[runlim] sample:		2030.38 time, 2030.42 real, 153 MB
[runlim] sample:		2040.38 time, 2040.42 real, 154 MB
[runlim] sample:		2050.38 time, 2050.42 real, 154 MB
[runlim] sample:		2060.38 time, 2060.42 real, 156 MB
[runlim] sample:		2070.38 time, 2070.42 real, 156 MB
[runlim] sample:		2080.38 time, 2080.42 real, 156 MB
[runlim] sample:		2090.38 time, 2090.42 real, 156 MB
[runlim] sample:		2100.38 time, 2100.42 real, 156 MB
[runlim] sample:		2110.39 time, 2110.42 real, 156 MB
[runlim] sample:		2120.38 time, 2120.42 real, 158 MB
[runlim] sample:		2130.38 time, 2130.42 real, 158 MB
[runlim] sample:		2140.38 time, 2140.42 real, 158 MB
[runlim] sample:		2150.38 time, 2150.42 real, 158 MB
[runlim] sample:		2160.38 time, 2160.42 real, 159 MB
[runlim] sample:		2170.38 time, 2170.42 real, 159 MB
[runlim] sample:		2180.38 time, 2180.42 real, 162 MB
[runlim] sample:		2190.38 time, 2190.42 real, 162 MB
[runlim] sample:		2200.38 time, 2200.42 real, 162 MB
[runlim] sample:		2210.38 time, 2210.42 real, 162 MB
[runlim] sample:		2220.38 time, 2220.42 real, 162 MB
[runlim] sample:		2230.38 time, 2230.42 real, 162 MB
[runlim] sample:		2240.38 time, 2240.42 real, 162 MB
[runlim] sample:		2250.38 time, 2250.42 real, 162 MB
[runlim] sample:		2260.38 time, 2260.42 real, 162 MB
[runlim] sample:		2270.38 time, 2270.42 real, 162 MB
[runlim] sample:		2280.38 time, 2280.42 real, 163 MB
[runlim] sample:		2290.38 time, 2290.42 real, 163 MB
[runlim] sample:		2300.38 time, 2300.42 real, 163 MB
[runlim] sample:		2310.38 time, 2310.42 real, 163 MB
[runlim] sample:		2320.38 time, 2320.42 real, 163 MB
[runlim] sample:		2330.39 time, 2330.42 real, 163 MB
[runlim] sample:		2340.38 time, 2340.42 real, 164 MB
[runlim] sample:		2350.38 time, 2350.42 real, 164 MB
[runlim] sample:		2360.38 time, 2360.42 real, 164 MB
[runlim] sample:		2370.38 time, 2370.42 real, 164 MB
[runlim] sample:		2380.38 time, 2380.42 real, 164 MB
[runlim] sample:		2390.39 time, 2390.42 real, 164 MB
[runlim] sample:		2400.38 time, 2400.42 real, 164 MB
[runlim] sample:		2410.38 time, 2410.42 real, 164 MB
[runlim] sample:		2420.38 time, 2420.42 real, 164 MB
[runlim] sample:		2430.38 time, 2430.42 real, 165 MB
[runlim] sample:		2440.38 time, 2440.42 real, 165 MB
[runlim] sample:		2450.38 time, 2450.42 real, 165 MB
[runlim] sample:		2460.38 time, 2460.42 real, 165 MB
[runlim] sample:		2470.39 time, 2470.42 real, 165 MB
[runlim] sample:		2480.38 time, 2480.42 real, 165 MB
[runlim] sample:		2490.38 time, 2490.42 real, 165 MB
[runlim] sample:		2500.39 time, 2500.42 real, 165 MB
[runlim] sample:		2510.38 time, 2510.42 real, 165 MB
[runlim] sample:		2520.38 time, 2520.42 real, 165 MB
[runlim] sample:		2530.38 time, 2530.42 real, 165 MB
[runlim] sample:		2540.39 time, 2540.42 real, 167 MB
[runlim] sample:		2550.38 time, 2550.42 real, 167 MB
[runlim] sample:		2560.38 time, 2560.42 real, 167 MB
[runlim] sample:		2570.39 time, 2570.42 real, 167 MB
[runlim] sample:		2580.38 time, 2580.42 real, 167 MB
[runlim] sample:		2590.39 time, 2590.42 real, 167 MB
[runlim] sample:		2600.38 time, 2600.42 real, 168 MB
[runlim] sample:		2610.38 time, 2610.42 real, 168 MB
[runlim] sample:		2620.38 time, 2620.42 real, 168 MB
[runlim] sample:		2630.39 time, 2630.42 real, 168 MB
[runlim] sample:		2640.38 time, 2640.42 real, 168 MB
[runlim] sample:		2650.38 time, 2650.42 real, 168 MB
[runlim] sample:		2660.38 time, 2660.42 real, 168 MB
[runlim] sample:		2670.38 time, 2670.42 real, 168 MB
[runlim] sample:		2680.39 time, 2680.42 real, 168 MB
[runlim] sample:		2690.38 time, 2690.42 real, 168 MB


 SIG RECEIVED

[runlim] end:			Sat Feb 29 07:54:08 2020
[runlim] status:		out of time
[runlim] result:		2
[runlim] children:		1
[runlim] real:			2700.13 seconds
[runlim] time:			2699.99 seconds
[runlim] space:			168 MB
[runlim] samples:		26996
