[runlim] version:		1.18
[runlim] host:			c3n07
[runlim] time limit:		2700 seconds
[runlim] real time limit:	2700 seconds
[runlim] space limit:		7000 MB
[runlim] argv[0]:		./binary
[runlim] argv[1]:		/data/cnf/ankit/E1-A1-instances/driverlog10_5.qdimacs
[runlim] start:			Sat Feb 29 07:09:08 2020
[runlim] child:			20710
[runlim] sample:		9.98 time, 10.02 real, 88 MB
[runlim] sample:		19.98 time, 20.02 real, 88 MB
[runlim] sample:		29.98 time, 30.02 real, 88 MB
[runlim] sample:		39.97 time, 40.02 real, 88 MB
[runlim] sample:		49.98 time, 50.02 real, 88 MB
[runlim] sample:		59.98 time, 60.02 real, 88 MB
[runlim] sample:		69.98 time, 70.02 real, 88 MB
[runlim] sample:		79.98 time, 80.02 real, 88 MB
[runlim] sample:		89.97 time, 90.02 real, 88 MB
[runlim] sample:		99.97 time, 100.02 real, 88 MB
[runlim] sample:		109.97 time, 110.02 real, 88 MB
[runlim] sample:		119.97 time, 120.02 real, 88 MB
[runlim] sample:		129.97 time, 130.02 real, 88 MB
[runlim] sample:		139.97 time, 140.02 real, 88 MB
[runlim] sample:		149.97 time, 150.02 real, 88 MB
[runlim] sample:		159.97 time, 160.02 real, 88 MB
[runlim] sample:		169.97 time, 170.02 real, 88 MB
[runlim] sample:		179.97 time, 180.02 real, 88 MB
[runlim] sample:		189.97 time, 190.02 real, 88 MB
[runlim] sample:		199.96 time, 200.02 real, 88 MB
[runlim] sample:		209.96 time, 210.02 real, 88 MB
[runlim] sample:		219.97 time, 220.02 real, 88 MB
[runlim] sample:		229.97 time, 230.02 real, 88 MB
[runlim] sample:		239.97 time, 240.02 real, 88 MB
[runlim] sample:		249.97 time, 250.02 real, 88 MB
[runlim] sample:		259.97 time, 260.02 real, 89 MB
[runlim] sample:		269.97 time, 270.02 real, 89 MB
[runlim] sample:		279.97 time, 280.02 real, 89 MB
[runlim] sample:		289.97 time, 290.02 real, 89 MB
[runlim] end:			Sat Feb 29 07:14:05 2020
[runlim] status:		ok
[runlim] result:		0
[runlim] children:		1
[runlim] real:			296.86 seconds
[runlim] time:			296.77 seconds
[runlim] space:			89 MB
[runlim] samples:		2968
