[runlim] version:		1.18
[runlim] host:			c3n08
[runlim] time limit:		2700 seconds
[runlim] real time limit:	2700 seconds
[runlim] space limit:		7000 MB
[runlim] argv[0]:		./binary
[runlim] argv[1]:		/data/cnf/ankit/E1-A1-instances/dungeon_i25-m12-u3-v0.pddl_planlen=165.qdimacs
[runlim] start:			Sat Feb 29 07:09:08 2020
[runlim] child:			23917
[runlim] sample:		9.87 time, 10.02 real, 569 MB
[runlim] sample:		19.87 time, 20.02 real, 613 MB
[runlim] sample:		29.87 time, 30.02 real, 633 MB
[runlim] sample:		39.87 time, 40.02 real, 644 MB
[runlim] sample:		49.87 time, 50.02 real, 656 MB
[runlim] sample:		59.87 time, 60.02 real, 663 MB
[runlim] sample:		69.86 time, 70.02 real, 671 MB
[runlim] sample:		79.87 time, 80.02 real, 679 MB
[runlim] sample:		89.86 time, 90.02 real, 692 MB
[runlim] sample:		99.86 time, 100.02 real, 706 MB
[runlim] sample:		109.86 time, 110.02 real, 710 MB
[runlim] sample:		119.86 time, 120.02 real, 711 MB
[runlim] sample:		129.87 time, 130.02 real, 714 MB
[runlim] sample:		139.87 time, 140.02 real, 722 MB
[runlim] sample:		149.86 time, 150.02 real, 731 MB
[runlim] sample:		159.87 time, 160.02 real, 736 MB
[runlim] sample:		169.86 time, 170.02 real, 754 MB
[runlim] sample:		179.87 time, 180.02 real, 757 MB
[runlim] sample:		189.87 time, 190.02 real, 760 MB
[runlim] sample:		199.87 time, 200.02 real, 761 MB
[runlim] sample:		209.87 time, 210.02 real, 764 MB
[runlim] sample:		219.86 time, 220.02 real, 772 MB
[runlim] sample:		229.97 time, 230.12 real, 772 MB
[runlim] sample:		239.96 time, 240.12 real, 773 MB
[runlim] sample:		249.97 time, 250.12 real, 778 MB
[runlim] sample:		259.96 time, 260.12 real, 783 MB
[runlim] sample:		269.97 time, 270.12 real, 787 MB
[runlim] sample:		279.97 time, 280.12 real, 789 MB
[runlim] sample:		289.96 time, 290.12 real, 794 MB
[runlim] sample:		299.97 time, 300.12 real, 794 MB
[runlim] sample:		309.96 time, 310.12 real, 798 MB
[runlim] sample:		319.97 time, 320.12 real, 799 MB
[runlim] sample:		329.96 time, 330.12 real, 806 MB
[runlim] sample:		339.96 time, 340.12 real, 809 MB
[runlim] sample:		349.96 time, 350.12 real, 809 MB
[runlim] sample:		359.96 time, 360.12 real, 809 MB
[runlim] sample:		369.96 time, 370.12 real, 814 MB
[runlim] sample:		379.97 time, 380.12 real, 817 MB
[runlim] sample:		389.96 time, 390.12 real, 821 MB
[runlim] sample:		399.96 time, 400.12 real, 821 MB
[runlim] sample:		409.97 time, 410.12 real, 821 MB
[runlim] sample:		419.96 time, 420.12 real, 821 MB
[runlim] sample:		429.97 time, 430.12 real, 828 MB
[runlim] sample:		439.97 time, 440.12 real, 830 MB
[runlim] sample:		449.97 time, 450.12 real, 846 MB
[runlim] sample:		459.97 time, 460.12 real, 847 MB
[runlim] sample:		469.97 time, 470.12 real, 848 MB
[runlim] sample:		479.97 time, 480.12 real, 857 MB
[runlim] sample:		489.97 time, 490.12 real, 857 MB
[runlim] sample:		499.97 time, 500.12 real, 857 MB
[runlim] sample:		509.97 time, 510.12 real, 857 MB
[runlim] sample:		519.97 time, 520.12 real, 859 MB
[runlim] sample:		529.97 time, 530.12 real, 866 MB
[runlim] sample:		539.96 time, 540.12 real, 868 MB
[runlim] sample:		549.96 time, 550.12 real, 873 MB
[runlim] sample:		559.96 time, 560.12 real, 873 MB
[runlim] sample:		569.96 time, 570.12 real, 873 MB
[runlim] sample:		580.06 time, 580.22 real, 873 MB
[runlim] sample:		590.07 time, 590.22 real, 873 MB
[runlim] sample:		600.07 time, 600.22 real, 875 MB
[runlim] sample:		610.07 time, 610.22 real, 875 MB
[runlim] sample:		620.07 time, 620.22 real, 883 MB
[runlim] sample:		630.06 time, 630.22 real, 884 MB
[runlim] sample:		640.06 time, 640.22 real, 885 MB
[runlim] sample:		650.07 time, 650.22 real, 885 MB
[runlim] sample:		660.07 time, 660.22 real, 885 MB
[runlim] sample:		670.27 time, 670.42 real, 885 MB
[runlim] sample:		680.26 time, 680.42 real, 885 MB
[runlim] sample:		690.26 time, 690.42 real, 886 MB
[runlim] sample:		700.26 time, 700.42 real, 886 MB
[runlim] sample:		710.27 time, 710.42 real, 886 MB
[runlim] sample:		720.26 time, 720.42 real, 887 MB
[runlim] sample:		730.26 time, 730.42 real, 887 MB
[runlim] sample:		740.26 time, 740.42 real, 887 MB
[runlim] sample:		750.26 time, 750.42 real, 888 MB
[runlim] sample:		760.26 time, 760.42 real, 896 MB
[runlim] sample:		770.26 time, 770.42 real, 909 MB
[runlim] sample:		780.26 time, 780.42 real, 931 MB
[runlim] sample:		790.27 time, 790.42 real, 942 MB
[runlim] sample:		800.27 time, 800.42 real, 942 MB
[runlim] sample:		810.26 time, 810.42 real, 942 MB
[runlim] sample:		820.26 time, 820.42 real, 942 MB
[runlim] sample:		830.26 time, 830.42 real, 942 MB
[runlim] sample:		840.26 time, 840.42 real, 942 MB
[runlim] sample:		850.26 time, 850.42 real, 942 MB
[runlim] sample:		860.27 time, 860.42 real, 942 MB
[runlim] sample:		870.27 time, 870.42 real, 942 MB
[runlim] sample:		880.26 time, 880.42 real, 945 MB
[runlim] sample:		890.26 time, 890.42 real, 947 MB
[runlim] sample:		900.26 time, 900.42 real, 947 MB
[runlim] sample:		910.27 time, 910.42 real, 954 MB
[runlim] sample:		920.26 time, 920.42 real, 959 MB
[runlim] sample:		930.26 time, 930.42 real, 959 MB
[runlim] sample:		940.27 time, 940.42 real, 959 MB
[runlim] sample:		950.27 time, 950.42 real, 959 MB
[runlim] sample:		960.27 time, 960.42 real, 959 MB
[runlim] sample:		970.27 time, 970.42 real, 959 MB
[runlim] sample:		980.27 time, 980.42 real, 959 MB
[runlim] sample:		990.27 time, 990.42 real, 964 MB
[runlim] sample:		1000.26 time, 1000.42 real, 964 MB
[runlim] sample:		1010.26 time, 1010.42 real, 964 MB
[runlim] sample:		1020.26 time, 1020.42 real, 964 MB
[runlim] sample:		1030.26 time, 1030.42 real, 964 MB
[runlim] sample:		1040.27 time, 1040.42 real, 964 MB
[runlim] sample:		1050.27 time, 1050.42 real, 964 MB
[runlim] sample:		1060.27 time, 1060.42 real, 964 MB
[runlim] sample:		1070.27 time, 1070.42 real, 964 MB
[runlim] sample:		1080.27 time, 1080.42 real, 964 MB
[runlim] sample:		1090.27 time, 1090.42 real, 964 MB
[runlim] sample:		1100.26 time, 1100.42 real, 964 MB
[runlim] sample:		1110.26 time, 1110.42 real, 964 MB
[runlim] sample:		1120.27 time, 1120.42 real, 987 MB
[runlim] sample:		1130.27 time, 1130.42 real, 991 MB
[runlim] sample:		1140.27 time, 1140.42 real, 992 MB
[runlim] sample:		1150.26 time, 1150.42 real, 996 MB
[runlim] sample:		1160.26 time, 1160.42 real, 1012 MB
[runlim] sample:		1170.26 time, 1170.42 real, 1012 MB
[runlim] sample:		1180.27 time, 1180.42 real, 1012 MB
[runlim] sample:		1190.27 time, 1190.42 real, 1012 MB
[runlim] sample:		1200.27 time, 1200.42 real, 1012 MB
[runlim] sample:		1210.27 time, 1210.42 real, 1012 MB
[runlim] sample:		1220.27 time, 1220.42 real, 1012 MB
[runlim] sample:		1230.27 time, 1230.42 real, 1012 MB
[runlim] sample:		1240.26 time, 1240.42 real, 1012 MB
[runlim] sample:		1250.27 time, 1250.42 real, 1012 MB
[runlim] sample:		1260.27 time, 1260.42 real, 1012 MB
[runlim] sample:		1270.27 time, 1270.42 real, 1012 MB
[runlim] sample:		1280.26 time, 1280.42 real, 1013 MB
[runlim] sample:		1290.26 time, 1290.42 real, 1013 MB
[runlim] sample:		1300.26 time, 1300.42 real, 1013 MB
[runlim] sample:		1310.27 time, 1310.42 real, 1018 MB
[runlim] sample:		1320.27 time, 1320.42 real, 1018 MB
[runlim] sample:		1330.27 time, 1330.42 real, 1018 MB
[runlim] sample:		1340.27 time, 1340.42 real, 1018 MB
[runlim] sample:		1350.27 time, 1350.42 real, 1018 MB
[runlim] sample:		1360.26 time, 1360.42 real, 1018 MB
[runlim] sample:		1370.27 time, 1370.42 real, 1018 MB
[runlim] sample:		1380.27 time, 1380.42 real, 1018 MB
[runlim] sample:		1390.27 time, 1390.42 real, 1018 MB
[runlim] sample:		1400.27 time, 1400.42 real, 1018 MB
[runlim] sample:		1410.27 time, 1410.42 real, 1019 MB
[runlim] sample:		1420.27 time, 1420.42 real, 1020 MB
[runlim] sample:		1430.26 time, 1430.42 real, 1022 MB
[runlim] sample:		1440.27 time, 1440.42 real, 1035 MB
[runlim] sample:		1450.26 time, 1450.42 real, 1037 MB
[runlim] sample:		1460.26 time, 1460.42 real, 1038 MB
[runlim] sample:		1470.26 time, 1470.42 real, 1039 MB
[runlim] sample:		1480.26 time, 1480.42 real, 1042 MB
[runlim] sample:		1490.26 time, 1490.42 real, 1053 MB
[runlim] sample:		1500.26 time, 1500.42 real, 1053 MB
[runlim] sample:		1510.27 time, 1510.42 real, 1053 MB
[runlim] sample:		1520.27 time, 1520.42 real, 1055 MB
[runlim] sample:		1530.27 time, 1530.42 real, 1076 MB
[runlim] sample:		1540.26 time, 1540.42 real, 1083 MB
[runlim] sample:		1550.26 time, 1550.42 real, 1083 MB
[runlim] sample:		1560.27 time, 1560.42 real, 1083 MB
[runlim] sample:		1570.27 time, 1570.42 real, 1083 MB
[runlim] sample:		1580.27 time, 1580.42 real, 1083 MB
[runlim] sample:		1590.26 time, 1590.42 real, 1083 MB
[runlim] sample:		1600.27 time, 1600.42 real, 1083 MB
[runlim] sample:		1610.27 time, 1610.42 real, 1083 MB
[runlim] sample:		1620.26 time, 1620.42 real, 1085 MB
[runlim] sample:		1630.26 time, 1630.42 real, 1105 MB
[runlim] sample:		1640.26 time, 1640.42 real, 1108 MB
[runlim] sample:		1650.27 time, 1650.42 real, 1108 MB
[runlim] sample:		1660.27 time, 1660.42 real, 1108 MB
[runlim] sample:		1670.27 time, 1670.42 real, 1108 MB
[runlim] sample:		1680.27 time, 1680.42 real, 1108 MB
[runlim] sample:		1690.26 time, 1690.42 real, 1108 MB
[runlim] sample:		1700.27 time, 1700.42 real, 1108 MB
[runlim] sample:		1710.27 time, 1710.42 real, 1108 MB
[runlim] sample:		1720.27 time, 1720.42 real, 1108 MB
[runlim] sample:		1730.27 time, 1730.42 real, 1108 MB
[runlim] sample:		1740.27 time, 1740.42 real, 1108 MB
[runlim] sample:		1750.26 time, 1750.42 real, 1108 MB
[runlim] sample:		1760.27 time, 1760.42 real, 1108 MB
[runlim] sample:		1770.26 time, 1770.42 real, 1109 MB
[runlim] sample:		1780.26 time, 1780.42 real, 1128 MB
[runlim] sample:		1790.27 time, 1790.42 real, 1128 MB
[runlim] sample:		1800.27 time, 1800.42 real, 1128 MB
[runlim] sample:		1810.27 time, 1810.42 real, 1128 MB
[runlim] sample:		1820.27 time, 1820.42 real, 1128 MB
[runlim] sample:		1830.27 time, 1830.42 real, 1146 MB
[runlim] sample:		1840.27 time, 1840.42 real, 1166 MB
[runlim] sample:		1850.27 time, 1850.42 real, 1166 MB
[runlim] sample:		1860.26 time, 1860.42 real, 1166 MB
[runlim] sample:		1870.26 time, 1870.42 real, 1166 MB
[runlim] sample:		1880.27 time, 1880.42 real, 1166 MB
[runlim] sample:		1890.27 time, 1890.42 real, 1166 MB
[runlim] sample:		1900.27 time, 1900.42 real, 1186 MB
[runlim] sample:		1910.27 time, 1910.42 real, 1188 MB
[runlim] sample:		1920.26 time, 1920.42 real, 1188 MB
[runlim] sample:		1930.27 time, 1930.42 real, 1188 MB
[runlim] sample:		1940.27 time, 1940.42 real, 1188 MB
[runlim] sample:		1950.27 time, 1950.42 real, 1188 MB
[runlim] sample:		1960.26 time, 1960.42 real, 1188 MB
[runlim] sample:		1970.27 time, 1970.42 real, 1188 MB
[runlim] sample:		1980.27 time, 1980.42 real, 1188 MB
[runlim] sample:		1990.27 time, 1990.42 real, 1188 MB
[runlim] sample:		2000.26 time, 2000.42 real, 1188 MB
[runlim] sample:		2010.26 time, 2010.42 real, 1188 MB
[runlim] sample:		2020.27 time, 2020.42 real, 1188 MB
[runlim] sample:		2030.27 time, 2030.42 real, 1188 MB
[runlim] sample:		2040.27 time, 2040.42 real, 1188 MB
[runlim] sample:		2050.27 time, 2050.42 real, 1188 MB
[runlim] sample:		2060.27 time, 2060.42 real, 1188 MB
[runlim] sample:		2070.26 time, 2070.42 real, 1188 MB
[runlim] sample:		2080.27 time, 2080.42 real, 1188 MB
[runlim] sample:		2090.27 time, 2090.42 real, 1188 MB
[runlim] sample:		2100.27 time, 2100.42 real, 1188 MB
[runlim] sample:		2110.27 time, 2110.42 real, 1188 MB
[runlim] sample:		2120.27 time, 2120.42 real, 1188 MB
[runlim] sample:		2130.27 time, 2130.42 real, 1188 MB
[runlim] sample:		2140.27 time, 2140.42 real, 1188 MB
[runlim] sample:		2150.27 time, 2150.42 real, 1188 MB
[runlim] sample:		2160.26 time, 2160.42 real, 1188 MB
[runlim] sample:		2170.27 time, 2170.42 real, 1188 MB
[runlim] sample:		2180.27 time, 2180.42 real, 1188 MB
[runlim] sample:		2190.27 time, 2190.42 real, 1188 MB
[runlim] sample:		2200.27 time, 2200.42 real, 1188 MB
[runlim] sample:		2210.27 time, 2210.42 real, 1188 MB
[runlim] sample:		2220.27 time, 2220.42 real, 1188 MB
[runlim] sample:		2230.26 time, 2230.42 real, 1188 MB
[runlim] sample:		2240.27 time, 2240.42 real, 1188 MB
[runlim] sample:		2250.27 time, 2250.42 real, 1188 MB
[runlim] sample:		2260.27 time, 2260.42 real, 1188 MB
[runlim] sample:		2270.27 time, 2270.42 real, 1188 MB
[runlim] sample:		2280.27 time, 2280.42 real, 1188 MB
[runlim] sample:		2290.26 time, 2290.42 real, 1188 MB
[runlim] sample:		2300.27 time, 2300.42 real, 1188 MB
[runlim] sample:		2310.27 time, 2310.42 real, 1188 MB
[runlim] sample:		2320.27 time, 2320.42 real, 1188 MB
[runlim] sample:		2330.27 time, 2330.42 real, 1188 MB
[runlim] sample:		2340.27 time, 2340.42 real, 1188 MB
[runlim] sample:		2350.27 time, 2350.42 real, 1188 MB
[runlim] sample:		2360.26 time, 2360.42 real, 1188 MB
[runlim] sample:		2370.27 time, 2370.42 real, 1205 MB
[runlim] sample:		2380.27 time, 2380.42 real, 1207 MB
[runlim] sample:		2390.27 time, 2390.42 real, 1207 MB
[runlim] sample:		2400.27 time, 2400.42 real, 1207 MB
[runlim] sample:		2410.27 time, 2410.42 real, 1207 MB
[runlim] sample:		2420.27 time, 2420.42 real, 1207 MB
[runlim] sample:		2430.26 time, 2430.42 real, 1207 MB
[runlim] sample:		2440.27 time, 2440.42 real, 1207 MB
[runlim] sample:		2450.27 time, 2450.42 real, 1207 MB
[runlim] sample:		2460.27 time, 2460.42 real, 1207 MB
[runlim] sample:		2470.27 time, 2470.42 real, 1207 MB
[runlim] sample:		2480.27 time, 2480.42 real, 1207 MB
[runlim] sample:		2490.27 time, 2490.42 real, 1207 MB
[runlim] sample:		2500.27 time, 2500.42 real, 1207 MB
[runlim] sample:		2510.27 time, 2510.42 real, 1207 MB
[runlim] sample:		2520.27 time, 2520.42 real, 1207 MB
[runlim] sample:		2530.27 time, 2530.42 real, 1207 MB
[runlim] sample:		2540.27 time, 2540.42 real, 1207 MB
[runlim] sample:		2550.27 time, 2550.42 real, 1212 MB
[runlim] sample:		2560.27 time, 2560.42 real, 1218 MB
[runlim] sample:		2570.27 time, 2570.42 real, 1218 MB
[runlim] sample:		2580.27 time, 2580.42 real, 1218 MB
[runlim] sample:		2590.27 time, 2590.42 real, 1218 MB
[runlim] sample:		2600.27 time, 2600.42 real, 1218 MB
[runlim] sample:		2610.27 time, 2610.42 real, 1225 MB
[runlim] sample:		2620.26 time, 2620.42 real, 1235 MB
[runlim] sample:		2630.26 time, 2630.42 real, 1235 MB
[runlim] sample:		2640.26 time, 2640.42 real, 1235 MB
[runlim] sample:		2650.27 time, 2650.42 real, 1235 MB
[runlim] sample:		2660.27 time, 2660.42 real, 1235 MB
[runlim] sample:		2670.26 time, 2670.42 real, 1235 MB
[runlim] sample:		2680.27 time, 2680.42 real, 1241 MB
[runlim] sample:		2690.27 time, 2690.42 real, 1241 MB


 SIG RECEIVED

[runlim] end:			Sat Feb 29 07:54:09 2020
[runlim] status:		out of time
[runlim] result:		2
[runlim] children:		1
[runlim] real:			2700.11 seconds
[runlim] time:			2699.86 seconds
[runlim] space:			1241 MB
[runlim] samples:		26996
