[runlim] version:		1.18
[runlim] host:			c3n08
[runlim] time limit:		2700 seconds
[runlim] real time limit:	2700 seconds
[runlim] space limit:		7000 MB
[runlim] argv[0]:		./binary
[runlim] argv[1]:		/data/cnf/ankit/E1-A1-instances/dungeon_i25-m12-u3-v0.pddl_planlen=146.qdimacs
[runlim] start:			Sat Feb 29 07:09:08 2020
[runlim] child:			23906
[runlim] sample:		9.97 time, 10.02 real, 471 MB
[runlim] sample:		19.97 time, 20.02 real, 507 MB
[runlim] sample:		29.97 time, 30.02 real, 528 MB
[runlim] sample:		39.96 time, 40.02 real, 544 MB
[runlim] sample:		49.96 time, 50.02 real, 557 MB
[runlim] sample:		59.96 time, 60.02 real, 570 MB
[runlim] sample:		69.97 time, 70.02 real, 580 MB
[runlim] sample:		79.96 time, 80.02 real, 589 MB
[runlim] sample:		89.96 time, 90.02 real, 598 MB
[runlim] sample:		99.96 time, 100.02 real, 602 MB
[runlim] sample:		109.96 time, 110.02 real, 603 MB
[runlim] sample:		119.96 time, 120.02 real, 613 MB
[runlim] sample:		129.96 time, 130.02 real, 616 MB
[runlim] sample:		139.96 time, 140.02 real, 616 MB
[runlim] sample:		149.97 time, 150.02 real, 627 MB
[runlim] sample:		159.96 time, 160.02 real, 628 MB
[runlim] sample:		169.96 time, 170.02 real, 636 MB
[runlim] sample:		179.96 time, 180.02 real, 638 MB
[runlim] sample:		189.96 time, 190.02 real, 642 MB
[runlim] sample:		199.96 time, 200.02 real, 643 MB
[runlim] sample:		209.96 time, 210.02 real, 650 MB
[runlim] sample:		219.96 time, 220.02 real, 657 MB
[runlim] sample:		229.96 time, 230.02 real, 666 MB
[runlim] sample:		239.96 time, 240.02 real, 675 MB
[runlim] sample:		249.96 time, 250.02 real, 676 MB
[runlim] sample:		259.97 time, 260.02 real, 677 MB
[runlim] sample:		269.97 time, 270.02 real, 681 MB
[runlim] sample:		279.96 time, 280.02 real, 687 MB
[runlim] sample:		289.96 time, 290.02 real, 696 MB
[runlim] sample:		299.96 time, 300.02 real, 701 MB
[runlim] sample:		309.96 time, 310.02 real, 701 MB
[runlim] sample:		319.96 time, 320.02 real, 701 MB
[runlim] sample:		329.96 time, 330.02 real, 701 MB
[runlim] sample:		339.96 time, 340.02 real, 701 MB
[runlim] sample:		349.96 time, 350.02 real, 701 MB
[runlim] sample:		359.96 time, 360.02 real, 701 MB
[runlim] sample:		369.96 time, 370.02 real, 702 MB
[runlim] sample:		379.96 time, 380.02 real, 702 MB
[runlim] sample:		389.97 time, 390.02 real, 707 MB
[runlim] sample:		399.96 time, 400.02 real, 708 MB
[runlim] sample:		409.95 time, 410.02 real, 716 MB
[runlim] sample:		419.96 time, 420.02 real, 717 MB
[runlim] sample:		429.95 time, 430.02 real, 718 MB
[runlim] sample:		439.95 time, 440.02 real, 718 MB
[runlim] sample:		449.96 time, 450.02 real, 721 MB
[runlim] sample:		459.96 time, 460.02 real, 721 MB
[runlim] sample:		469.96 time, 470.02 real, 728 MB
[runlim] sample:		479.96 time, 480.02 real, 729 MB
[runlim] sample:		489.96 time, 490.02 real, 729 MB
[runlim] sample:		499.95 time, 500.02 real, 735 MB
[runlim] sample:		509.96 time, 510.02 real, 736 MB
[runlim] sample:		519.96 time, 520.02 real, 736 MB
[runlim] sample:		529.96 time, 530.02 real, 737 MB
[runlim] sample:		539.97 time, 540.02 real, 746 MB
[runlim] sample:		549.96 time, 550.02 real, 746 MB
[runlim] sample:		559.97 time, 560.02 real, 747 MB
[runlim] sample:		569.96 time, 570.02 real, 755 MB
[runlim] sample:		580.06 time, 580.12 real, 755 MB
[runlim] sample:		590.06 time, 590.12 real, 755 MB
[runlim] sample:		600.06 time, 600.12 real, 755 MB
[runlim] sample:		610.06 time, 610.12 real, 755 MB
[runlim] sample:		620.06 time, 620.12 real, 757 MB
[runlim] sample:		630.06 time, 630.12 real, 757 MB
[runlim] sample:		640.06 time, 640.12 real, 771 MB
[runlim] sample:		650.07 time, 650.12 real, 776 MB
[runlim] sample:		660.07 time, 660.12 real, 776 MB
[runlim] sample:		670.26 time, 670.32 real, 782 MB
[runlim] sample:		680.26 time, 680.32 real, 782 MB
[runlim] sample:		690.26 time, 690.32 real, 782 MB
[runlim] sample:		700.26 time, 700.32 real, 782 MB
[runlim] sample:		710.26 time, 710.32 real, 782 MB
[runlim] sample:		720.26 time, 720.32 real, 782 MB
[runlim] sample:		730.26 time, 730.32 real, 782 MB
[runlim] sample:		740.26 time, 740.32 real, 782 MB
[runlim] sample:		750.27 time, 750.32 real, 788 MB
[runlim] sample:		760.26 time, 760.32 real, 789 MB
[runlim] sample:		770.26 time, 770.32 real, 789 MB
[runlim] sample:		780.27 time, 780.32 real, 807 MB
[runlim] sample:		790.27 time, 790.32 real, 807 MB
[runlim] sample:		800.27 time, 800.32 real, 807 MB
[runlim] sample:		810.27 time, 810.32 real, 813 MB
[runlim] sample:		820.27 time, 820.32 real, 813 MB
[runlim] sample:		830.27 time, 830.32 real, 813 MB
[runlim] sample:		840.26 time, 840.32 real, 815 MB
[runlim] sample:		850.26 time, 850.32 real, 815 MB
[runlim] sample:		860.26 time, 860.32 real, 815 MB
[runlim] sample:		870.26 time, 870.32 real, 820 MB
[runlim] sample:		880.26 time, 880.32 real, 820 MB
[runlim] sample:		890.26 time, 890.32 real, 821 MB
[runlim] sample:		900.26 time, 900.32 real, 834 MB
[runlim] sample:		910.26 time, 910.32 real, 834 MB
[runlim] sample:		920.26 time, 920.32 real, 834 MB
[runlim] sample:		930.26 time, 930.32 real, 834 MB
[runlim] sample:		940.26 time, 940.32 real, 834 MB
[runlim] sample:		950.26 time, 950.32 real, 834 MB
[runlim] sample:		960.27 time, 960.32 real, 836 MB
[runlim] sample:		970.26 time, 970.32 real, 843 MB
[runlim] sample:		980.26 time, 980.32 real, 843 MB
[runlim] sample:		990.26 time, 990.32 real, 843 MB
[runlim] sample:		1000.26 time, 1000.32 real, 847 MB
[runlim] sample:		1010.26 time, 1010.32 real, 847 MB
[runlim] sample:		1020.26 time, 1020.32 real, 847 MB
[runlim] sample:		1030.27 time, 1030.32 real, 852 MB
[runlim] sample:		1040.27 time, 1040.32 real, 852 MB
[runlim] sample:		1050.27 time, 1050.32 real, 852 MB
[runlim] sample:		1060.27 time, 1060.32 real, 852 MB
[runlim] sample:		1070.27 time, 1070.32 real, 852 MB
[runlim] sample:		1080.27 time, 1080.32 real, 852 MB
[runlim] sample:		1090.26 time, 1090.32 real, 853 MB
[runlim] sample:		1100.26 time, 1100.32 real, 856 MB
[runlim] sample:		1110.26 time, 1110.32 real, 857 MB
[runlim] sample:		1120.26 time, 1120.32 real, 858 MB
[runlim] sample:		1130.26 time, 1130.32 real, 867 MB
[runlim] sample:		1140.26 time, 1140.32 real, 867 MB
[runlim] sample:		1150.26 time, 1150.32 real, 867 MB
[runlim] sample:		1160.26 time, 1160.32 real, 872 MB
[runlim] sample:		1170.26 time, 1170.32 real, 881 MB
[runlim] sample:		1180.26 time, 1180.32 real, 881 MB
[runlim] sample:		1190.26 time, 1190.32 real, 881 MB
[runlim] sample:		1200.26 time, 1200.32 real, 881 MB
[runlim] sample:		1210.26 time, 1210.32 real, 891 MB
[runlim] sample:		1220.26 time, 1220.32 real, 891 MB
[runlim] sample:		1230.26 time, 1230.32 real, 891 MB
[runlim] sample:		1240.26 time, 1240.32 real, 891 MB
[runlim] sample:		1250.26 time, 1250.32 real, 891 MB
[runlim] sample:		1260.26 time, 1260.32 real, 891 MB
[runlim] sample:		1270.26 time, 1270.32 real, 891 MB
[runlim] sample:		1280.26 time, 1280.32 real, 891 MB
[runlim] sample:		1290.27 time, 1290.32 real, 897 MB
[runlim] sample:		1300.27 time, 1300.32 real, 897 MB
[runlim] sample:		1310.27 time, 1310.32 real, 897 MB
[runlim] sample:		1320.27 time, 1320.32 real, 897 MB
[runlim] sample:		1330.26 time, 1330.32 real, 913 MB
[runlim] sample:		1340.26 time, 1340.32 real, 913 MB
[runlim] sample:		1350.26 time, 1350.32 real, 913 MB
[runlim] sample:		1360.26 time, 1360.32 real, 913 MB
[runlim] sample:		1370.26 time, 1370.32 real, 913 MB
[runlim] sample:		1380.26 time, 1380.32 real, 913 MB
[runlim] sample:		1390.26 time, 1390.32 real, 913 MB
[runlim] sample:		1400.26 time, 1400.32 real, 913 MB
[runlim] sample:		1410.26 time, 1410.32 real, 913 MB
[runlim] sample:		1420.26 time, 1420.32 real, 913 MB
[runlim] sample:		1430.26 time, 1430.32 real, 913 MB
[runlim] sample:		1440.26 time, 1440.32 real, 913 MB
[runlim] sample:		1450.26 time, 1450.32 real, 914 MB
[runlim] sample:		1460.26 time, 1460.32 real, 914 MB
[runlim] sample:		1470.26 time, 1470.32 real, 914 MB
[runlim] sample:		1480.26 time, 1480.32 real, 914 MB
[runlim] sample:		1490.26 time, 1490.32 real, 914 MB
[runlim] sample:		1500.26 time, 1500.32 real, 917 MB
[runlim] sample:		1510.26 time, 1510.32 real, 917 MB
[runlim] sample:		1520.26 time, 1520.32 real, 917 MB
[runlim] sample:		1530.26 time, 1530.32 real, 917 MB
[runlim] sample:		1540.26 time, 1540.32 real, 920 MB
[runlim] sample:		1550.26 time, 1550.32 real, 920 MB
[runlim] sample:		1560.26 time, 1560.32 real, 920 MB
[runlim] sample:		1570.26 time, 1570.32 real, 920 MB
[runlim] sample:		1580.26 time, 1580.32 real, 920 MB
[runlim] sample:		1590.26 time, 1590.32 real, 920 MB
[runlim] sample:		1600.26 time, 1600.32 real, 920 MB
[runlim] sample:		1610.26 time, 1610.32 real, 920 MB
[runlim] sample:		1620.27 time, 1620.32 real, 920 MB
[runlim] sample:		1630.27 time, 1630.32 real, 920 MB
[runlim] sample:		1640.27 time, 1640.32 real, 920 MB
[runlim] sample:		1650.26 time, 1650.32 real, 920 MB
[runlim] sample:		1660.26 time, 1660.32 real, 920 MB
[runlim] sample:		1670.26 time, 1670.32 real, 920 MB
[runlim] sample:		1680.26 time, 1680.32 real, 920 MB
[runlim] sample:		1690.26 time, 1690.32 real, 920 MB
[runlim] sample:		1700.26 time, 1700.32 real, 920 MB
[runlim] sample:		1710.26 time, 1710.32 real, 920 MB
[runlim] sample:		1720.26 time, 1720.32 real, 930 MB
[runlim] sample:		1730.26 time, 1730.32 real, 930 MB
[runlim] sample:		1740.26 time, 1740.32 real, 931 MB
[runlim] sample:		1750.26 time, 1750.32 real, 931 MB
[runlim] sample:		1760.27 time, 1760.32 real, 932 MB
[runlim] sample:		1770.26 time, 1770.32 real, 938 MB
[runlim] sample:		1780.26 time, 1780.32 real, 938 MB
[runlim] sample:		1790.26 time, 1790.32 real, 938 MB
[runlim] sample:		1800.26 time, 1800.32 real, 938 MB
[runlim] sample:		1810.26 time, 1810.32 real, 938 MB
[runlim] sample:		1820.26 time, 1820.32 real, 938 MB
[runlim] sample:		1830.26 time, 1830.32 real, 938 MB
[runlim] sample:		1840.26 time, 1840.32 real, 938 MB
[runlim] sample:		1850.26 time, 1850.32 real, 938 MB
[runlim] sample:		1860.26 time, 1860.32 real, 938 MB
[runlim] sample:		1870.26 time, 1870.32 real, 938 MB
[runlim] sample:		1880.26 time, 1880.32 real, 938 MB
[runlim] sample:		1890.26 time, 1890.32 real, 938 MB
[runlim] sample:		1900.26 time, 1900.32 real, 938 MB
[runlim] sample:		1910.26 time, 1910.32 real, 948 MB
[runlim] sample:		1920.26 time, 1920.32 real, 949 MB
[runlim] sample:		1930.26 time, 1930.32 real, 949 MB
[runlim] sample:		1940.26 time, 1940.32 real, 949 MB
[runlim] sample:		1950.26 time, 1950.32 real, 949 MB
[runlim] sample:		1960.26 time, 1960.32 real, 960 MB
[runlim] sample:		1970.27 time, 1970.32 real, 970 MB
[runlim] sample:		1980.27 time, 1980.32 real, 970 MB
[runlim] sample:		1990.27 time, 1990.32 real, 970 MB
[runlim] sample:		2000.27 time, 2000.32 real, 970 MB
[runlim] sample:		2010.26 time, 2010.32 real, 970 MB
[runlim] sample:		2020.26 time, 2020.32 real, 970 MB
[runlim] sample:		2030.26 time, 2030.32 real, 970 MB
[runlim] sample:		2040.26 time, 2040.32 real, 970 MB
[runlim] sample:		2050.26 time, 2050.32 real, 970 MB
[runlim] sample:		2060.26 time, 2060.32 real, 970 MB
[runlim] sample:		2070.26 time, 2070.32 real, 970 MB
[runlim] sample:		2080.26 time, 2080.32 real, 970 MB
[runlim] sample:		2090.26 time, 2090.32 real, 970 MB
[runlim] sample:		2100.26 time, 2100.32 real, 970 MB
[runlim] sample:		2110.26 time, 2110.32 real, 970 MB
[runlim] sample:		2120.26 time, 2120.32 real, 981 MB
[runlim] sample:		2130.26 time, 2130.32 real, 993 MB
[runlim] sample:		2140.26 time, 2140.32 real, 993 MB
[runlim] sample:		2150.26 time, 2150.32 real, 993 MB
[runlim] sample:		2160.26 time, 2160.32 real, 993 MB
[runlim] sample:		2170.26 time, 2170.32 real, 993 MB
[runlim] sample:		2180.26 time, 2180.32 real, 993 MB
[runlim] sample:		2190.26 time, 2190.32 real, 993 MB
[runlim] sample:		2200.26 time, 2200.32 real, 993 MB
[runlim] sample:		2210.26 time, 2210.32 real, 993 MB
[runlim] sample:		2220.26 time, 2220.32 real, 993 MB
[runlim] sample:		2230.26 time, 2230.32 real, 993 MB
[runlim] sample:		2240.26 time, 2240.32 real, 993 MB
[runlim] sample:		2250.26 time, 2250.32 real, 993 MB
[runlim] sample:		2260.26 time, 2260.32 real, 993 MB
[runlim] sample:		2270.26 time, 2270.32 real, 993 MB
[runlim] sample:		2280.26 time, 2280.32 real, 993 MB
[runlim] sample:		2290.26 time, 2290.32 real, 993 MB
[runlim] sample:		2300.26 time, 2300.32 real, 993 MB
[runlim] sample:		2310.26 time, 2310.32 real, 993 MB
[runlim] sample:		2320.26 time, 2320.32 real, 993 MB
[runlim] sample:		2330.26 time, 2330.32 real, 993 MB
[runlim] sample:		2340.26 time, 2340.32 real, 993 MB
[runlim] sample:		2350.26 time, 2350.32 real, 993 MB
[runlim] sample:		2360.26 time, 2360.32 real, 993 MB
[runlim] sample:		2370.26 time, 2370.32 real, 993 MB
[runlim] sample:		2380.26 time, 2380.32 real, 993 MB
[runlim] sample:		2390.26 time, 2390.32 real, 993 MB
[runlim] sample:		2400.26 time, 2400.32 real, 993 MB
[runlim] sample:		2410.26 time, 2410.32 real, 993 MB
[runlim] sample:		2420.26 time, 2420.32 real, 993 MB
[runlim] sample:		2430.26 time, 2430.32 real, 1009 MB
[runlim] sample:		2440.26 time, 2440.32 real, 1013 MB
[runlim] sample:		2450.26 time, 2450.32 real, 1013 MB
[runlim] sample:		2460.26 time, 2460.32 real, 1013 MB
[runlim] sample:		2470.26 time, 2470.32 real, 1013 MB
[runlim] sample:		2480.26 time, 2480.32 real, 1013 MB
[runlim] sample:		2490.26 time, 2490.32 real, 1014 MB
[runlim] sample:		2500.26 time, 2500.32 real, 1015 MB
[runlim] sample:		2510.26 time, 2510.32 real, 1015 MB
[runlim] sample:		2520.26 time, 2520.32 real, 1015 MB
[runlim] sample:		2530.26 time, 2530.32 real, 1015 MB
[runlim] sample:		2540.26 time, 2540.32 real, 1015 MB
[runlim] sample:		2550.26 time, 2550.32 real, 1015 MB
[runlim] sample:		2560.26 time, 2560.32 real, 1015 MB
[runlim] sample:		2570.26 time, 2570.32 real, 1015 MB
[runlim] sample:		2580.26 time, 2580.32 real, 1015 MB
[runlim] sample:		2590.26 time, 2590.32 real, 1015 MB
[runlim] sample:		2600.26 time, 2600.32 real, 1015 MB
[runlim] sample:		2610.26 time, 2610.32 real, 1015 MB
[runlim] sample:		2620.26 time, 2620.32 real, 1015 MB
[runlim] sample:		2630.26 time, 2630.32 real, 1015 MB
[runlim] sample:		2640.26 time, 2640.32 real, 1015 MB
[runlim] sample:		2650.26 time, 2650.32 real, 1015 MB
[runlim] sample:		2660.26 time, 2660.32 real, 1015 MB
[runlim] sample:		2670.26 time, 2670.32 real, 1015 MB
[runlim] sample:		2680.26 time, 2680.32 real, 1015 MB
[runlim] sample:		2690.26 time, 2690.32 real, 1015 MB


 SIG RECEIVED

[runlim] end:			Sat Feb 29 07:54:08 2020
[runlim] status:		out of time
[runlim] result:		2
[runlim] children:		1
[runlim] real:			2700.12 seconds
[runlim] time:			2699.96 seconds
[runlim] space:			1015 MB
[runlim] samples:		26997
