[runlim] version:		1.18
[runlim] host:			c3n08
[runlim] time limit:		2700 seconds
[runlim] real time limit:	2700 seconds
[runlim] space limit:		7000 MB
[runlim] argv[0]:		./binary
[runlim] argv[1]:		/data/cnf/ankit/E1-A1-instances/dungeon_i25-m12-u5-v0.pddl_planlen=198.qdimacs
[runlim] start:			Sat Feb 29 07:09:09 2020
[runlim] child:			23947
[runlim] sample:		9.92 time, 10.02 real, 673 MB
[runlim] sample:		19.91 time, 20.02 real, 716 MB
[runlim] sample:		29.92 time, 30.02 real, 757 MB
[runlim] sample:		39.92 time, 40.02 real, 764 MB
[runlim] sample:		49.92 time, 50.02 real, 813 MB
[runlim] sample:		59.92 time, 60.02 real, 819 MB
[runlim] sample:		69.92 time, 70.02 real, 820 MB
[runlim] sample:		79.92 time, 80.02 real, 823 MB
[runlim] sample:		89.92 time, 90.02 real, 823 MB
[runlim] sample:		99.92 time, 100.02 real, 826 MB
[runlim] sample:		109.92 time, 110.02 real, 832 MB
[runlim] sample:		119.92 time, 120.02 real, 836 MB
[runlim] sample:		129.92 time, 130.02 real, 840 MB
[runlim] sample:		139.92 time, 140.02 real, 846 MB
[runlim] sample:		149.91 time, 150.02 real, 852 MB
[runlim] sample:		159.91 time, 160.02 real, 858 MB
[runlim] sample:		169.91 time, 170.02 real, 865 MB
[runlim] sample:		179.92 time, 180.02 real, 878 MB
[runlim] sample:		189.91 time, 190.02 real, 884 MB
[runlim] sample:		199.92 time, 200.02 real, 896 MB
[runlim] sample:		209.92 time, 210.02 real, 899 MB
[runlim] sample:		219.91 time, 220.02 real, 910 MB
[runlim] sample:		229.91 time, 230.02 real, 939 MB
[runlim] sample:		239.91 time, 240.02 real, 943 MB
[runlim] sample:		249.91 time, 250.02 real, 944 MB
[runlim] sample:		259.91 time, 260.02 real, 948 MB
[runlim] sample:		269.91 time, 270.02 real, 948 MB
[runlim] sample:		279.91 time, 280.02 real, 948 MB
[runlim] sample:		289.91 time, 290.02 real, 948 MB
[runlim] sample:		299.91 time, 300.02 real, 948 MB
[runlim] sample:		309.91 time, 310.02 real, 948 MB
[runlim] sample:		319.92 time, 320.02 real, 950 MB
[runlim] sample:		329.92 time, 330.02 real, 964 MB
[runlim] sample:		339.91 time, 340.02 real, 970 MB
[runlim] sample:		349.91 time, 350.02 real, 970 MB
[runlim] sample:		359.91 time, 360.02 real, 970 MB
[runlim] sample:		369.91 time, 370.02 real, 978 MB
[runlim] sample:		379.91 time, 380.02 real, 978 MB
[runlim] sample:		389.91 time, 390.02 real, 978 MB
[runlim] sample:		399.92 time, 400.02 real, 983 MB
[runlim] sample:		409.91 time, 410.02 real, 994 MB
[runlim] sample:		419.91 time, 420.02 real, 1000 MB
[runlim] sample:		429.91 time, 430.02 real, 1000 MB
[runlim] sample:		439.91 time, 440.02 real, 1000 MB
[runlim] sample:		449.91 time, 450.02 real, 1000 MB
[runlim] sample:		459.91 time, 460.02 real, 1000 MB
[runlim] sample:		469.91 time, 470.02 real, 1000 MB
[runlim] sample:		479.91 time, 480.02 real, 1000 MB
[runlim] sample:		489.91 time, 490.02 real, 1001 MB
[runlim] sample:		499.92 time, 500.02 real, 1001 MB
[runlim] sample:		509.91 time, 510.02 real, 1001 MB
[runlim] sample:		519.91 time, 520.02 real, 1001 MB
[runlim] sample:		529.91 time, 530.02 real, 1001 MB
[runlim] sample:		539.91 time, 540.02 real, 1001 MB
[runlim] sample:		549.91 time, 550.02 real, 1001 MB
[runlim] sample:		559.91 time, 560.02 real, 1001 MB
[runlim] sample:		569.91 time, 570.02 real, 1001 MB
[runlim] sample:		580.01 time, 580.12 real, 1001 MB
[runlim] sample:		590.01 time, 590.12 real, 1001 MB
[runlim] sample:		600.01 time, 600.12 real, 1001 MB
[runlim] sample:		610.01 time, 610.12 real, 1001 MB
[runlim] sample:		620.01 time, 620.12 real, 1001 MB
[runlim] sample:		630.01 time, 630.12 real, 1001 MB
[runlim] sample:		640.01 time, 640.12 real, 1001 MB
[runlim] sample:		650.02 time, 650.12 real, 1002 MB
[runlim] sample:		660.01 time, 660.12 real, 1002 MB
[runlim] sample:		670.21 time, 670.32 real, 1002 MB
[runlim] sample:		680.21 time, 680.32 real, 1002 MB
[runlim] sample:		690.21 time, 690.32 real, 1002 MB
[runlim] sample:		700.21 time, 700.32 real, 1002 MB
[runlim] sample:		710.21 time, 710.32 real, 1004 MB
[runlim] sample:		720.21 time, 720.32 real, 1008 MB
[runlim] sample:		730.22 time, 730.32 real, 1012 MB
[runlim] sample:		740.21 time, 740.32 real, 1016 MB
[runlim] sample:		750.21 time, 750.32 real, 1043 MB
[runlim] sample:		760.21 time, 760.32 real, 1045 MB
[runlim] sample:		770.21 time, 770.32 real, 1045 MB
[runlim] sample:		780.21 time, 780.32 real, 1045 MB
[runlim] sample:		790.21 time, 790.32 real, 1045 MB
[runlim] sample:		800.21 time, 800.32 real, 1046 MB
[runlim] sample:		810.21 time, 810.32 real, 1046 MB
[runlim] sample:		820.21 time, 820.32 real, 1046 MB
[runlim] sample:		830.21 time, 830.32 real, 1046 MB
[runlim] sample:		840.21 time, 840.32 real, 1046 MB
[runlim] sample:		850.21 time, 850.32 real, 1046 MB
[runlim] sample:		860.21 time, 860.32 real, 1046 MB
[runlim] sample:		870.21 time, 870.32 real, 1046 MB
[runlim] sample:		880.21 time, 880.32 real, 1046 MB
[runlim] sample:		890.21 time, 890.32 real, 1048 MB
[runlim] sample:		900.22 time, 900.32 real, 1049 MB
[runlim] sample:		910.21 time, 910.32 real, 1056 MB
[runlim] sample:		920.21 time, 920.32 real, 1071 MB
[runlim] sample:		930.21 time, 930.32 real, 1080 MB
[runlim] sample:		940.21 time, 940.32 real, 1096 MB
[runlim] sample:		950.21 time, 950.32 real, 1100 MB
[runlim] sample:		960.21 time, 960.32 real, 1111 MB
[runlim] sample:		970.22 time, 970.32 real, 1115 MB
[runlim] sample:		980.22 time, 980.32 real, 1124 MB
[runlim] sample:		990.22 time, 990.32 real, 1128 MB
[runlim] sample:		1000.21 time, 1000.32 real, 1130 MB
[runlim] sample:		1010.21 time, 1010.32 real, 1132 MB
[runlim] sample:		1020.21 time, 1020.32 real, 1143 MB
[runlim] sample:		1030.22 time, 1030.32 real, 1145 MB
[runlim] sample:		1040.21 time, 1040.32 real, 1148 MB
[runlim] sample:		1050.21 time, 1050.32 real, 1155 MB
[runlim] sample:		1060.21 time, 1060.32 real, 1165 MB
[runlim] sample:		1070.21 time, 1070.32 real, 1170 MB
[runlim] sample:		1080.21 time, 1080.32 real, 1170 MB
[runlim] sample:		1090.22 time, 1090.32 real, 1172 MB
[runlim] sample:		1100.21 time, 1100.32 real, 1175 MB
[runlim] sample:		1110.21 time, 1110.32 real, 1178 MB
[runlim] sample:		1120.21 time, 1120.32 real, 1187 MB
[runlim] sample:		1130.21 time, 1130.32 real, 1192 MB
[runlim] sample:		1140.21 time, 1140.32 real, 1192 MB
[runlim] sample:		1150.22 time, 1150.32 real, 1192 MB
[runlim] sample:		1160.21 time, 1160.32 real, 1192 MB
[runlim] sample:		1170.21 time, 1170.32 real, 1192 MB
[runlim] sample:		1180.21 time, 1180.32 real, 1192 MB
[runlim] sample:		1190.21 time, 1190.32 real, 1192 MB
[runlim] sample:		1200.21 time, 1200.32 real, 1192 MB
[runlim] sample:		1210.21 time, 1210.32 real, 1192 MB
[runlim] sample:		1220.21 time, 1220.32 real, 1192 MB
[runlim] sample:		1230.21 time, 1230.32 real, 1192 MB
[runlim] sample:		1240.21 time, 1240.32 real, 1192 MB
[runlim] sample:		1250.21 time, 1250.32 real, 1192 MB
[runlim] sample:		1260.22 time, 1260.32 real, 1192 MB
[runlim] sample:		1270.21 time, 1270.32 real, 1192 MB
[runlim] sample:		1280.21 time, 1280.32 real, 1192 MB
[runlim] sample:		1290.21 time, 1290.32 real, 1192 MB
[runlim] sample:		1300.21 time, 1300.32 real, 1192 MB
[runlim] sample:		1310.21 time, 1310.32 real, 1192 MB
[runlim] sample:		1320.21 time, 1320.32 real, 1192 MB
[runlim] sample:		1330.21 time, 1330.32 real, 1192 MB
[runlim] sample:		1340.21 time, 1340.32 real, 1210 MB
[runlim] sample:		1350.21 time, 1350.32 real, 1221 MB
[runlim] sample:		1360.21 time, 1360.32 real, 1222 MB
[runlim] sample:		1370.22 time, 1370.32 real, 1229 MB
[runlim] sample:		1380.22 time, 1380.32 real, 1229 MB
[runlim] sample:		1390.22 time, 1390.32 real, 1229 MB
[runlim] sample:		1400.21 time, 1400.32 real, 1229 MB
[runlim] sample:		1410.21 time, 1410.32 real, 1229 MB
[runlim] sample:		1420.21 time, 1420.32 real, 1229 MB
[runlim] sample:		1430.21 time, 1430.32 real, 1229 MB
[runlim] sample:		1440.22 time, 1440.32 real, 1229 MB
[runlim] sample:		1450.21 time, 1450.32 real, 1229 MB
[runlim] sample:		1460.21 time, 1460.32 real, 1229 MB
[runlim] sample:		1470.21 time, 1470.32 real, 1229 MB
[runlim] sample:		1480.21 time, 1480.32 real, 1230 MB
[runlim] sample:		1490.21 time, 1490.32 real, 1230 MB
[runlim] sample:		1500.22 time, 1500.32 real, 1230 MB
[runlim] sample:		1510.21 time, 1510.32 real, 1252 MB
[runlim] sample:		1520.21 time, 1520.32 real, 1253 MB
[runlim] sample:		1530.21 time, 1530.32 real, 1253 MB
[runlim] sample:		1540.21 time, 1540.32 real, 1253 MB
[runlim] sample:		1550.21 time, 1550.32 real, 1253 MB
[runlim] sample:		1560.22 time, 1560.32 real, 1253 MB
[runlim] sample:		1570.21 time, 1570.32 real, 1253 MB
[runlim] sample:		1580.21 time, 1580.32 real, 1253 MB
[runlim] sample:		1590.21 time, 1590.32 real, 1253 MB
[runlim] sample:		1600.21 time, 1600.32 real, 1253 MB
[runlim] sample:		1610.21 time, 1610.32 real, 1253 MB
[runlim] sample:		1620.21 time, 1620.32 real, 1253 MB
[runlim] sample:		1630.21 time, 1630.32 real, 1253 MB
[runlim] sample:		1640.21 time, 1640.32 real, 1253 MB
[runlim] sample:		1650.22 time, 1650.32 real, 1253 MB
[runlim] sample:		1660.21 time, 1660.32 real, 1253 MB
[runlim] sample:		1670.21 time, 1670.32 real, 1253 MB
[runlim] sample:		1680.21 time, 1680.32 real, 1253 MB
[runlim] sample:		1690.21 time, 1690.32 real, 1253 MB
[runlim] sample:		1700.21 time, 1700.32 real, 1253 MB
[runlim] sample:		1710.21 time, 1710.32 real, 1253 MB
[runlim] sample:		1720.21 time, 1720.32 real, 1254 MB
[runlim] sample:		1730.22 time, 1730.32 real, 1254 MB
[runlim] sample:		1740.21 time, 1740.32 real, 1254 MB
[runlim] sample:		1750.21 time, 1750.32 real, 1254 MB
[runlim] sample:		1760.22 time, 1760.32 real, 1254 MB
[runlim] sample:		1770.22 time, 1770.32 real, 1255 MB
[runlim] sample:		1780.22 time, 1780.32 real, 1255 MB
[runlim] sample:		1790.21 time, 1790.32 real, 1255 MB
[runlim] sample:		1800.21 time, 1800.32 real, 1255 MB
[runlim] sample:		1810.21 time, 1810.32 real, 1255 MB
[runlim] sample:		1820.21 time, 1820.32 real, 1255 MB
[runlim] sample:		1830.22 time, 1830.32 real, 1255 MB
[runlim] sample:		1840.22 time, 1840.32 real, 1255 MB
[runlim] sample:		1850.22 time, 1850.32 real, 1255 MB
[runlim] sample:		1860.22 time, 1860.32 real, 1255 MB
[runlim] sample:		1870.22 time, 1870.32 real, 1255 MB
[runlim] sample:		1880.21 time, 1880.32 real, 1255 MB
[runlim] sample:		1890.22 time, 1890.32 real, 1255 MB
[runlim] sample:		1900.22 time, 1900.32 real, 1255 MB
[runlim] sample:		1910.22 time, 1910.32 real, 1255 MB
[runlim] sample:		1920.22 time, 1920.32 real, 1255 MB
[runlim] sample:		1930.21 time, 1930.32 real, 1255 MB
[runlim] sample:		1940.22 time, 1940.32 real, 1255 MB
[runlim] sample:		1950.21 time, 1950.32 real, 1255 MB
[runlim] sample:		1960.22 time, 1960.32 real, 1255 MB
[runlim] sample:		1970.22 time, 1970.32 real, 1255 MB
[runlim] sample:		1980.22 time, 1980.32 real, 1255 MB
[runlim] sample:		1990.22 time, 1990.32 real, 1255 MB
[runlim] sample:		2000.22 time, 2000.32 real, 1255 MB
[runlim] sample:		2010.21 time, 2010.32 real, 1255 MB
[runlim] sample:		2020.21 time, 2020.32 real, 1255 MB
[runlim] sample:		2030.21 time, 2030.32 real, 1255 MB
[runlim] sample:		2040.21 time, 2040.32 real, 1255 MB
[runlim] sample:		2050.22 time, 2050.32 real, 1255 MB
[runlim] sample:		2060.21 time, 2060.32 real, 1255 MB
[runlim] sample:		2070.22 time, 2070.32 real, 1255 MB
[runlim] sample:		2080.22 time, 2080.32 real, 1255 MB
[runlim] sample:		2090.22 time, 2090.32 real, 1255 MB
[runlim] sample:		2100.22 time, 2100.32 real, 1255 MB
[runlim] sample:		2110.22 time, 2110.32 real, 1256 MB
[runlim] sample:		2120.21 time, 2120.32 real, 1264 MB
[runlim] sample:		2130.21 time, 2130.32 real, 1267 MB
[runlim] sample:		2140.22 time, 2140.32 real, 1267 MB
[runlim] sample:		2150.21 time, 2150.32 real, 1267 MB
[runlim] sample:		2160.21 time, 2160.32 real, 1267 MB
[runlim] sample:		2170.22 time, 2170.32 real, 1267 MB
[runlim] sample:		2180.22 time, 2180.32 real, 1267 MB
[runlim] sample:		2190.22 time, 2190.32 real, 1267 MB
[runlim] sample:		2200.22 time, 2200.32 real, 1267 MB
[runlim] sample:		2210.22 time, 2210.32 real, 1267 MB
[runlim] sample:		2220.21 time, 2220.32 real, 1267 MB
[runlim] sample:		2230.22 time, 2230.32 real, 1267 MB
[runlim] sample:		2240.21 time, 2240.32 real, 1267 MB
[runlim] sample:		2250.21 time, 2250.32 real, 1267 MB
[runlim] sample:		2260.22 time, 2260.32 real, 1267 MB
[runlim] sample:		2270.22 time, 2270.32 real, 1267 MB
[runlim] sample:		2280.22 time, 2280.32 real, 1267 MB
[runlim] sample:		2290.22 time, 2290.32 real, 1267 MB
[runlim] sample:		2300.22 time, 2300.32 real, 1267 MB
[runlim] sample:		2310.22 time, 2310.32 real, 1267 MB
[runlim] sample:		2320.21 time, 2320.32 real, 1268 MB
[runlim] sample:		2330.22 time, 2330.32 real, 1278 MB
[runlim] sample:		2340.21 time, 2340.32 real, 1281 MB
[runlim] sample:		2350.21 time, 2350.32 real, 1281 MB
[runlim] sample:		2360.21 time, 2360.32 real, 1281 MB
[runlim] sample:		2370.22 time, 2370.32 real, 1281 MB
[runlim] sample:		2380.22 time, 2380.32 real, 1281 MB
[runlim] sample:		2390.21 time, 2390.32 real, 1281 MB
[runlim] sample:		2400.22 time, 2400.32 real, 1281 MB
[runlim] sample:		2410.22 time, 2410.32 real, 1281 MB
[runlim] sample:		2420.21 time, 2420.32 real, 1281 MB
[runlim] sample:		2430.21 time, 2430.32 real, 1281 MB
[runlim] sample:		2440.21 time, 2440.32 real, 1281 MB
[runlim] sample:		2450.21 time, 2450.32 real, 1281 MB
[runlim] sample:		2460.21 time, 2460.32 real, 1281 MB
[runlim] sample:		2470.21 time, 2470.32 real, 1281 MB
[runlim] sample:		2480.21 time, 2480.32 real, 1281 MB
[runlim] sample:		2490.22 time, 2490.32 real, 1281 MB
[runlim] sample:		2500.21 time, 2500.32 real, 1281 MB
[runlim] sample:		2510.21 time, 2510.32 real, 1281 MB
[runlim] sample:		2520.21 time, 2520.32 real, 1281 MB
[runlim] sample:		2530.22 time, 2530.32 real, 1281 MB
[runlim] sample:		2540.21 time, 2540.32 real, 1281 MB
[runlim] sample:		2550.21 time, 2550.32 real, 1321 MB
[runlim] sample:		2560.22 time, 2560.32 real, 1334 MB
[runlim] sample:		2570.22 time, 2570.32 real, 1343 MB
[runlim] sample:		2580.21 time, 2580.32 real, 1343 MB
[runlim] sample:		2590.22 time, 2590.32 real, 1343 MB
[runlim] sample:		2600.22 time, 2600.32 real, 1343 MB
[runlim] sample:		2610.22 time, 2610.32 real, 1344 MB
[runlim] sample:		2620.22 time, 2620.32 real, 1344 MB
[runlim] sample:		2630.21 time, 2630.32 real, 1344 MB
[runlim] sample:		2640.21 time, 2640.32 real, 1344 MB
[runlim] sample:		2650.21 time, 2650.32 real, 1344 MB
[runlim] sample:		2660.21 time, 2660.32 real, 1345 MB
[runlim] sample:		2670.21 time, 2670.32 real, 1346 MB
[runlim] sample:		2680.21 time, 2680.32 real, 1346 MB
[runlim] sample:		2690.22 time, 2690.32 real, 1346 MB


 SIG RECEIVED

[runlim] end:			Sat Feb 29 07:54:09 2020
[runlim] status:		out of time
[runlim] result:		2
[runlim] children:		1
[runlim] real:			2700.13 seconds
[runlim] time:			2699.91 seconds
[runlim] space:			1346 MB
[runlim] samples:		26997
