[runlim] version:		1.18
[runlim] host:			c3n09
[runlim] time limit:		2700 seconds
[runlim] real time limit:	2700 seconds
[runlim] space limit:		7000 MB
[runlim] argv[0]:		./binary
[runlim] argv[1]:		/data/cnf/ankit/E1-A1-instances/eijkbs1512.qdimacs
[runlim] start:			Sat Feb 29 07:09:08 2020
[runlim] child:			17229
[runlim] sample:		9.51 time, 10.02 real, 9 MB
[runlim] sample:		19.51 time, 20.02 real, 10 MB
[runlim] sample:		29.51 time, 30.02 real, 11 MB
[runlim] sample:		39.51 time, 40.02 real, 12 MB
[runlim] sample:		49.51 time, 50.02 real, 12 MB
[runlim] sample:		59.51 time, 60.02 real, 13 MB
[runlim] sample:		69.51 time, 70.02 real, 13 MB
[runlim] sample:		79.51 time, 80.02 real, 14 MB
[runlim] sample:		89.51 time, 90.02 real, 14 MB
[runlim] sample:		99.51 time, 100.02 real, 15 MB
[runlim] sample:		109.51 time, 110.02 real, 15 MB
[runlim] sample:		119.51 time, 120.02 real, 16 MB
[runlim] sample:		129.51 time, 130.02 real, 16 MB
[runlim] sample:		139.51 time, 140.02 real, 17 MB
[runlim] sample:		149.51 time, 150.02 real, 17 MB
[runlim] sample:		159.51 time, 160.02 real, 18 MB
[runlim] sample:		169.51 time, 170.02 real, 18 MB
[runlim] sample:		179.51 time, 180.02 real, 18 MB
[runlim] sample:		189.51 time, 190.02 real, 18 MB
[runlim] sample:		199.51 time, 200.02 real, 19 MB
[runlim] sample:		209.51 time, 210.02 real, 19 MB
[runlim] sample:		219.51 time, 220.02 real, 19 MB
[runlim] sample:		229.50 time, 230.02 real, 19 MB
[runlim] sample:		239.50 time, 240.02 real, 20 MB
[runlim] sample:		249.51 time, 250.02 real, 20 MB
[runlim] sample:		259.51 time, 260.02 real, 20 MB
[runlim] sample:		269.51 time, 270.02 real, 21 MB
[runlim] sample:		279.51 time, 280.02 real, 21 MB
[runlim] sample:		289.51 time, 290.02 real, 21 MB
[runlim] sample:		299.51 time, 300.02 real, 22 MB
[runlim] sample:		309.52 time, 310.02 real, 22 MB
[runlim] sample:		319.52 time, 320.02 real, 22 MB
[runlim] sample:		329.51 time, 330.02 real, 22 MB
[runlim] sample:		339.52 time, 340.02 real, 23 MB
[runlim] sample:		349.52 time, 350.02 real, 23 MB
[runlim] sample:		359.51 time, 360.02 real, 23 MB
[runlim] sample:		369.51 time, 370.02 real, 23 MB
[runlim] sample:		379.52 time, 380.02 real, 24 MB
[runlim] sample:		389.52 time, 390.02 real, 24 MB
[runlim] sample:		399.52 time, 400.02 real, 24 MB
[runlim] sample:		409.52 time, 410.02 real, 24 MB
[runlim] sample:		419.51 time, 420.02 real, 24 MB
[runlim] sample:		429.51 time, 430.02 real, 25 MB
[runlim] sample:		439.52 time, 440.02 real, 25 MB
[runlim] sample:		449.52 time, 450.02 real, 25 MB
[runlim] sample:		459.51 time, 460.02 real, 25 MB
[runlim] sample:		469.51 time, 470.02 real, 25 MB
[runlim] sample:		479.51 time, 480.02 real, 26 MB
[runlim] sample:		489.52 time, 490.02 real, 26 MB
[runlim] sample:		499.52 time, 500.02 real, 26 MB
[runlim] sample:		509.52 time, 510.02 real, 26 MB
[runlim] sample:		519.51 time, 520.02 real, 26 MB
[runlim] sample:		529.51 time, 530.02 real, 27 MB
[runlim] sample:		539.51 time, 540.02 real, 27 MB
[runlim] sample:		549.51 time, 550.02 real, 28 MB
[runlim] sample:		559.51 time, 560.02 real, 28 MB
[runlim] sample:		569.51 time, 570.02 real, 28 MB
[runlim] sample:		579.61 time, 580.12 real, 28 MB
[runlim] sample:		589.61 time, 590.12 real, 28 MB
[runlim] sample:		599.61 time, 600.12 real, 29 MB
[runlim] sample:		609.62 time, 610.12 real, 29 MB
[runlim] sample:		619.62 time, 620.12 real, 29 MB
[runlim] sample:		629.62 time, 630.12 real, 29 MB
[runlim] sample:		639.62 time, 640.12 real, 29 MB
[runlim] sample:		649.62 time, 650.12 real, 29 MB
[runlim] sample:		659.62 time, 660.12 real, 29 MB
[runlim] sample:		669.82 time, 670.32 real, 29 MB
[runlim] sample:		679.82 time, 680.32 real, 29 MB
[runlim] sample:		689.82 time, 690.32 real, 30 MB
[runlim] sample:		699.82 time, 700.32 real, 30 MB
[runlim] sample:		709.82 time, 710.32 real, 30 MB
[runlim] sample:		719.82 time, 720.32 real, 30 MB
[runlim] sample:		729.82 time, 730.32 real, 30 MB
[runlim] sample:		739.82 time, 740.32 real, 30 MB
[runlim] sample:		749.81 time, 750.32 real, 31 MB
[runlim] sample:		759.81 time, 760.32 real, 31 MB
[runlim] sample:		769.81 time, 770.32 real, 31 MB
[runlim] sample:		779.81 time, 780.32 real, 31 MB
[runlim] sample:		789.81 time, 790.32 real, 31 MB
[runlim] sample:		799.81 time, 800.32 real, 31 MB
[runlim] sample:		809.81 time, 810.32 real, 31 MB
[runlim] sample:		819.82 time, 820.32 real, 31 MB
[runlim] sample:		829.82 time, 830.32 real, 31 MB
[runlim] sample:		839.82 time, 840.32 real, 32 MB
[runlim] sample:		849.82 time, 850.32 real, 32 MB
[runlim] sample:		859.82 time, 860.32 real, 32 MB
[runlim] sample:		869.82 time, 870.32 real, 33 MB
[runlim] sample:		879.82 time, 880.32 real, 33 MB
[runlim] sample:		889.82 time, 890.32 real, 33 MB
[runlim] sample:		899.82 time, 900.32 real, 33 MB
[runlim] sample:		909.82 time, 910.32 real, 33 MB
[runlim] sample:		919.82 time, 920.32 real, 33 MB
[runlim] sample:		929.82 time, 930.32 real, 33 MB
[runlim] sample:		939.82 time, 940.32 real, 33 MB
[runlim] sample:		949.82 time, 950.32 real, 33 MB
[runlim] sample:		959.82 time, 960.32 real, 33 MB
[runlim] sample:		969.82 time, 970.32 real, 34 MB
[runlim] sample:		979.82 time, 980.32 real, 34 MB
[runlim] sample:		989.82 time, 990.32 real, 34 MB
[runlim] sample:		999.83 time, 1000.32 real, 34 MB
[runlim] sample:		1009.83 time, 1010.32 real, 34 MB
[runlim] sample:		1019.83 time, 1020.32 real, 34 MB
[runlim] sample:		1029.83 time, 1030.32 real, 34 MB
[runlim] sample:		1039.83 time, 1040.32 real, 34 MB
[runlim] sample:		1049.83 time, 1050.32 real, 34 MB
[runlim] sample:		1059.83 time, 1060.32 real, 35 MB
[runlim] sample:		1069.83 time, 1070.32 real, 35 MB
[runlim] sample:		1079.83 time, 1080.32 real, 35 MB
[runlim] sample:		1089.82 time, 1090.32 real, 35 MB
[runlim] sample:		1099.82 time, 1100.32 real, 35 MB
[runlim] sample:		1109.82 time, 1110.32 real, 35 MB
[runlim] sample:		1119.82 time, 1120.32 real, 35 MB
[runlim] sample:		1129.82 time, 1130.32 real, 35 MB
[runlim] sample:		1139.82 time, 1140.32 real, 35 MB
[runlim] sample:		1149.82 time, 1150.32 real, 36 MB
[runlim] sample:		1159.82 time, 1160.32 real, 36 MB
[runlim] sample:		1169.82 time, 1170.32 real, 36 MB
[runlim] sample:		1179.82 time, 1180.32 real, 36 MB
[runlim] sample:		1189.82 time, 1190.32 real, 36 MB
[runlim] sample:		1199.82 time, 1200.32 real, 36 MB
[runlim] sample:		1209.82 time, 1210.32 real, 36 MB
[runlim] sample:		1219.82 time, 1220.32 real, 37 MB
[runlim] sample:		1229.82 time, 1230.32 real, 37 MB
[runlim] sample:		1239.82 time, 1240.32 real, 37 MB
[runlim] sample:		1249.82 time, 1250.32 real, 37 MB
[runlim] sample:		1259.82 time, 1260.32 real, 38 MB
[runlim] sample:		1269.83 time, 1270.32 real, 38 MB
[runlim] sample:		1279.83 time, 1280.32 real, 38 MB
[runlim] sample:		1289.83 time, 1290.32 real, 38 MB
[runlim] sample:		1299.83 time, 1300.32 real, 39 MB
[runlim] sample:		1309.83 time, 1310.32 real, 39 MB
[runlim] sample:		1319.82 time, 1320.32 real, 38 MB
[runlim] sample:		1329.82 time, 1330.32 real, 38 MB
[runlim] sample:		1339.82 time, 1340.32 real, 39 MB
[runlim] sample:		1349.82 time, 1350.32 real, 39 MB
[runlim] sample:		1359.82 time, 1360.32 real, 39 MB
[runlim] sample:		1369.83 time, 1370.32 real, 39 MB
[runlim] sample:		1379.83 time, 1380.32 real, 39 MB
[runlim] sample:		1389.83 time, 1390.32 real, 39 MB
[runlim] sample:		1399.83 time, 1400.32 real, 40 MB
[runlim] sample:		1409.83 time, 1410.32 real, 40 MB
[runlim] sample:		1419.83 time, 1420.32 real, 39 MB
[runlim] sample:		1429.83 time, 1430.32 real, 39 MB
[runlim] sample:		1439.83 time, 1440.32 real, 39 MB
[runlim] sample:		1449.83 time, 1450.32 real, 39 MB
[runlim] sample:		1459.83 time, 1460.32 real, 40 MB
[runlim] sample:		1469.83 time, 1470.32 real, 40 MB
[runlim] sample:		1479.83 time, 1480.32 real, 40 MB
[runlim] sample:		1489.83 time, 1490.32 real, 40 MB
[runlim] sample:		1499.83 time, 1500.32 real, 40 MB
[runlim] sample:		1509.83 time, 1510.32 real, 40 MB
[runlim] sample:		1519.83 time, 1520.32 real, 40 MB
[runlim] sample:		1529.83 time, 1530.32 real, 40 MB
[runlim] sample:		1539.83 time, 1540.32 real, 40 MB
[runlim] sample:		1549.83 time, 1550.32 real, 40 MB
[runlim] sample:		1559.83 time, 1560.32 real, 40 MB
[runlim] sample:		1569.83 time, 1570.32 real, 41 MB
[runlim] sample:		1579.83 time, 1580.32 real, 41 MB
[runlim] sample:		1589.83 time, 1590.32 real, 41 MB
[runlim] sample:		1599.83 time, 1600.32 real, 41 MB
[runlim] sample:		1609.83 time, 1610.32 real, 41 MB
[runlim] sample:		1619.83 time, 1620.32 real, 41 MB
[runlim] sample:		1629.83 time, 1630.32 real, 41 MB
[runlim] sample:		1639.83 time, 1640.32 real, 42 MB
[runlim] sample:		1649.83 time, 1650.32 real, 42 MB
[runlim] sample:		1659.83 time, 1660.32 real, 42 MB
[runlim] sample:		1669.83 time, 1670.32 real, 42 MB
[runlim] sample:		1679.83 time, 1680.32 real, 42 MB
[runlim] sample:		1689.83 time, 1690.32 real, 42 MB
[runlim] sample:		1699.83 time, 1700.32 real, 43 MB
[runlim] sample:		1709.83 time, 1710.32 real, 42 MB
[runlim] sample:		1719.83 time, 1720.32 real, 42 MB
[runlim] sample:		1729.83 time, 1730.32 real, 42 MB
[runlim] sample:		1739.83 time, 1740.32 real, 42 MB
[runlim] sample:		1749.83 time, 1750.32 real, 43 MB
[runlim] sample:		1759.83 time, 1760.32 real, 43 MB
[runlim] sample:		1769.83 time, 1770.32 real, 43 MB
[runlim] sample:		1779.83 time, 1780.32 real, 43 MB
[runlim] sample:		1789.83 time, 1790.32 real, 43 MB
[runlim] sample:		1799.83 time, 1800.32 real, 43 MB
[runlim] sample:		1809.83 time, 1810.32 real, 43 MB
[runlim] sample:		1819.83 time, 1820.32 real, 44 MB
[runlim] sample:		1829.83 time, 1830.32 real, 44 MB
[runlim] sample:		1839.83 time, 1840.32 real, 44 MB
[runlim] sample:		1849.83 time, 1850.32 real, 44 MB
[runlim] sample:		1859.83 time, 1860.32 real, 44 MB
[runlim] sample:		1869.83 time, 1870.32 real, 44 MB
[runlim] sample:		1879.83 time, 1880.32 real, 44 MB
[runlim] sample:		1889.83 time, 1890.32 real, 44 MB
[runlim] sample:		1899.83 time, 1900.32 real, 44 MB
[runlim] sample:		1909.83 time, 1910.32 real, 44 MB
[runlim] sample:		1919.83 time, 1920.32 real, 44 MB
[runlim] sample:		1929.83 time, 1930.32 real, 44 MB
[runlim] sample:		1939.83 time, 1940.32 real, 44 MB
[runlim] sample:		1949.83 time, 1950.32 real, 44 MB
[runlim] sample:		1959.83 time, 1960.32 real, 44 MB
[runlim] sample:		1969.83 time, 1970.32 real, 44 MB
[runlim] sample:		1979.83 time, 1980.32 real, 44 MB
[runlim] sample:		1989.83 time, 1990.32 real, 45 MB
[runlim] sample:		1999.83 time, 2000.32 real, 45 MB
[runlim] sample:		2009.83 time, 2010.32 real, 45 MB
[runlim] sample:		2019.83 time, 2020.32 real, 45 MB
[runlim] sample:		2029.83 time, 2030.32 real, 45 MB
[runlim] sample:		2039.83 time, 2040.32 real, 45 MB
[runlim] sample:		2049.83 time, 2050.32 real, 45 MB
[runlim] sample:		2059.83 time, 2060.32 real, 45 MB
[runlim] sample:		2069.83 time, 2070.32 real, 45 MB
[runlim] sample:		2079.83 time, 2080.32 real, 45 MB
[runlim] sample:		2089.84 time, 2090.32 real, 45 MB
[runlim] sample:		2099.84 time, 2100.32 real, 45 MB
[runlim] sample:		2109.84 time, 2110.32 real, 46 MB
[runlim] sample:		2119.84 time, 2120.32 real, 46 MB
[runlim] sample:		2129.84 time, 2130.32 real, 46 MB
[runlim] sample:		2139.84 time, 2140.32 real, 46 MB
[runlim] sample:		2149.84 time, 2150.32 real, 46 MB
[runlim] sample:		2159.84 time, 2160.32 real, 46 MB
[runlim] sample:		2169.84 time, 2170.32 real, 46 MB
[runlim] sample:		2179.84 time, 2180.32 real, 46 MB
[runlim] sample:		2189.84 time, 2190.32 real, 47 MB
[runlim] sample:		2199.84 time, 2200.32 real, 47 MB
[runlim] sample:		2209.84 time, 2210.32 real, 47 MB
[runlim] sample:		2219.84 time, 2220.32 real, 48 MB
[runlim] sample:		2229.84 time, 2230.32 real, 48 MB
[runlim] sample:		2239.83 time, 2240.32 real, 48 MB
[runlim] sample:		2249.83 time, 2250.32 real, 48 MB
[runlim] sample:		2259.83 time, 2260.32 real, 48 MB
[runlim] sample:		2269.83 time, 2270.32 real, 49 MB
[runlim] sample:		2279.83 time, 2280.32 real, 49 MB
[runlim] sample:		2289.83 time, 2290.32 real, 49 MB
[runlim] sample:		2299.83 time, 2300.32 real, 49 MB
[runlim] sample:		2309.83 time, 2310.32 real, 49 MB
[runlim] sample:		2319.83 time, 2320.32 real, 49 MB
[runlim] sample:		2329.83 time, 2330.32 real, 49 MB
[runlim] sample:		2339.83 time, 2340.32 real, 49 MB
[runlim] sample:		2349.83 time, 2350.32 real, 49 MB
[runlim] sample:		2359.83 time, 2360.32 real, 49 MB
[runlim] sample:		2369.83 time, 2370.32 real, 49 MB
[runlim] sample:		2379.83 time, 2380.32 real, 49 MB
[runlim] sample:		2389.83 time, 2390.32 real, 49 MB
[runlim] sample:		2399.83 time, 2400.32 real, 49 MB
[runlim] sample:		2409.83 time, 2410.32 real, 49 MB
[runlim] sample:		2419.83 time, 2420.32 real, 49 MB
[runlim] sample:		2429.83 time, 2430.32 real, 49 MB
[runlim] sample:		2439.84 time, 2440.32 real, 49 MB
[runlim] sample:		2449.84 time, 2450.32 real, 50 MB
[runlim] sample:		2459.84 time, 2460.32 real, 50 MB
[runlim] sample:		2469.84 time, 2470.32 real, 50 MB
[runlim] sample:		2479.84 time, 2480.32 real, 50 MB
[runlim] sample:		2489.84 time, 2490.32 real, 50 MB
[runlim] sample:		2499.84 time, 2500.32 real, 50 MB
[runlim] sample:		2509.84 time, 2510.32 real, 50 MB
[runlim] sample:		2519.84 time, 2520.32 real, 50 MB
[runlim] sample:		2529.84 time, 2530.32 real, 50 MB
[runlim] sample:		2539.84 time, 2540.32 real, 50 MB
[runlim] sample:		2549.84 time, 2550.32 real, 50 MB
[runlim] sample:		2559.84 time, 2560.32 real, 50 MB
[runlim] sample:		2569.84 time, 2570.32 real, 50 MB
[runlim] sample:		2579.84 time, 2580.32 real, 50 MB
[runlim] sample:		2589.84 time, 2590.32 real, 50 MB
[runlim] sample:		2599.84 time, 2600.32 real, 51 MB
[runlim] sample:		2609.84 time, 2610.32 real, 51 MB
[runlim] sample:		2619.84 time, 2620.32 real, 51 MB
[runlim] sample:		2629.84 time, 2630.32 real, 51 MB
[runlim] sample:		2639.84 time, 2640.32 real, 51 MB
[runlim] sample:		2649.84 time, 2650.32 real, 51 MB
[runlim] sample:		2659.84 time, 2660.32 real, 52 MB
[runlim] sample:		2669.84 time, 2670.32 real, 52 MB
[runlim] sample:		2679.84 time, 2680.32 real, 52 MB
[runlim] sample:		2689.84 time, 2690.32 real, 51 MB


 SIG RECEIVED

[runlim] end:			Sat Feb 29 07:54:08 2020
[runlim] status:		out of time
[runlim] result:		2
[runlim] children:		1
[runlim] real:			2700.15 seconds
[runlim] time:			2699.54 seconds
[runlim] space:			52 MB
[runlim] samples:		26997
