[runlim] version:		1.18
[runlim] host:			c3n09
[runlim] time limit:		2700 seconds
[runlim] real time limit:	2700 seconds
[runlim] space limit:		7000 MB
[runlim] argv[0]:		./binary
[runlim] argv[1]:		/data/cnf/ankit/E1-A1-instances/eijkbs4863.qdimacs
[runlim] start:			Sat Feb 29 07:09:08 2020
[runlim] child:			17271
[runlim] sample:		9.98 time, 10.02 real, 28 MB
[runlim] sample:		19.98 time, 20.02 real, 28 MB
[runlim] sample:		29.98 time, 30.02 real, 29 MB
[runlim] sample:		39.98 time, 40.02 real, 30 MB
[runlim] sample:		49.98 time, 50.02 real, 30 MB
[runlim] sample:		59.98 time, 60.02 real, 32 MB
[runlim] sample:		69.98 time, 70.02 real, 33 MB
[runlim] sample:		79.98 time, 80.02 real, 33 MB
[runlim] sample:		89.99 time, 90.02 real, 34 MB
[runlim] sample:		99.99 time, 100.02 real, 34 MB
[runlim] sample:		109.99 time, 110.02 real, 35 MB
[runlim] sample:		119.99 time, 120.02 real, 36 MB
[runlim] sample:		129.98 time, 130.02 real, 36 MB
[runlim] sample:		139.98 time, 140.02 real, 36 MB
[runlim] sample:		149.99 time, 150.02 real, 36 MB
[runlim] sample:		159.99 time, 160.02 real, 37 MB
[runlim] sample:		169.99 time, 170.02 real, 37 MB
[runlim] sample:		179.99 time, 180.02 real, 37 MB
[runlim] sample:		189.99 time, 190.02 real, 38 MB
[runlim] sample:		199.99 time, 200.01 real, 39 MB
[runlim] sample:		209.98 time, 210.02 real, 40 MB
[runlim] sample:		219.98 time, 220.02 real, 40 MB
[runlim] sample:		229.98 time, 230.02 real, 40 MB
[runlim] sample:		239.98 time, 240.02 real, 41 MB
[runlim] sample:		249.98 time, 250.02 real, 41 MB
[runlim] sample:		259.98 time, 260.02 real, 41 MB
[runlim] sample:		269.98 time, 270.02 real, 42 MB
[runlim] sample:		279.98 time, 280.02 real, 42 MB
[runlim] sample:		289.99 time, 290.02 real, 42 MB
[runlim] sample:		299.99 time, 300.02 real, 42 MB
[runlim] sample:		309.99 time, 310.02 real, 42 MB
[runlim] sample:		319.99 time, 320.02 real, 43 MB
[runlim] sample:		329.99 time, 330.02 real, 43 MB
[runlim] sample:		339.99 time, 340.02 real, 44 MB
[runlim] sample:		349.99 time, 350.02 real, 44 MB
[runlim] sample:		359.99 time, 360.02 real, 45 MB
[runlim] sample:		369.99 time, 370.02 real, 45 MB
[runlim] sample:		379.99 time, 380.02 real, 45 MB
[runlim] sample:		389.99 time, 390.02 real, 45 MB
[runlim] sample:		399.99 time, 400.02 real, 46 MB
[runlim] sample:		409.99 time, 410.02 real, 46 MB
[runlim] sample:		419.99 time, 420.02 real, 47 MB
[runlim] sample:		429.98 time, 430.02 real, 47 MB
[runlim] sample:		439.98 time, 440.02 real, 46 MB
[runlim] sample:		449.98 time, 450.02 real, 46 MB
[runlim] sample:		459.98 time, 460.02 real, 47 MB
[runlim] sample:		469.98 time, 470.02 real, 47 MB
[runlim] sample:		479.98 time, 480.02 real, 48 MB
[runlim] sample:		489.98 time, 490.02 real, 48 MB
[runlim] sample:		499.98 time, 500.02 real, 48 MB
[runlim] sample:		509.98 time, 510.02 real, 49 MB
[runlim] sample:		519.98 time, 520.02 real, 49 MB
[runlim] sample:		529.98 time, 530.02 real, 49 MB
[runlim] sample:		539.98 time, 540.02 real, 49 MB
[runlim] sample:		549.98 time, 550.02 real, 50 MB
[runlim] sample:		559.98 time, 560.02 real, 50 MB
[runlim] sample:		569.98 time, 570.02 real, 50 MB
[runlim] sample:		580.08 time, 580.12 real, 50 MB
[runlim] sample:		590.08 time, 590.12 real, 51 MB
[runlim] sample:		600.09 time, 600.12 real, 51 MB
[runlim] sample:		610.09 time, 610.12 real, 51 MB
[runlim] sample:		620.09 time, 620.12 real, 51 MB
[runlim] sample:		630.09 time, 630.12 real, 51 MB
[runlim] sample:		640.09 time, 640.12 real, 51 MB
[runlim] sample:		650.09 time, 650.12 real, 51 MB
[runlim] sample:		660.09 time, 660.12 real, 51 MB
[runlim] sample:		670.29 time, 670.32 real, 52 MB
[runlim] sample:		680.29 time, 680.32 real, 52 MB
[runlim] sample:		690.29 time, 690.32 real, 52 MB
[runlim] sample:		700.29 time, 700.32 real, 53 MB
[runlim] sample:		710.29 time, 710.32 real, 53 MB
[runlim] sample:		720.29 time, 720.32 real, 53 MB
[runlim] sample:		730.30 time, 730.32 real, 53 MB
[runlim] sample:		740.29 time, 740.32 real, 53 MB
[runlim] sample:		750.29 time, 750.32 real, 53 MB
[runlim] sample:		760.29 time, 760.32 real, 54 MB
[runlim] sample:		770.30 time, 770.32 real, 54 MB
[runlim] sample:		780.30 time, 780.32 real, 54 MB
[runlim] sample:		790.30 time, 790.32 real, 54 MB
[runlim] sample:		800.30 time, 800.32 real, 54 MB
[runlim] sample:		810.30 time, 810.32 real, 55 MB
[runlim] sample:		820.30 time, 820.32 real, 55 MB
[runlim] sample:		830.30 time, 830.32 real, 55 MB
[runlim] sample:		840.30 time, 840.32 real, 56 MB
[runlim] sample:		850.29 time, 850.32 real, 56 MB
[runlim] sample:		860.29 time, 860.32 real, 56 MB
[runlim] sample:		870.29 time, 870.32 real, 56 MB
[runlim] sample:		880.29 time, 880.32 real, 56 MB
[runlim] sample:		890.29 time, 890.32 real, 56 MB
[runlim] sample:		900.29 time, 900.32 real, 57 MB
[runlim] sample:		910.29 time, 910.32 real, 57 MB
[runlim] sample:		920.29 time, 920.32 real, 57 MB
[runlim] sample:		930.29 time, 930.32 real, 57 MB
[runlim] sample:		940.29 time, 940.32 real, 57 MB
[runlim] sample:		950.30 time, 950.32 real, 57 MB
[runlim] sample:		960.30 time, 960.32 real, 57 MB
[runlim] sample:		970.30 time, 970.32 real, 58 MB
[runlim] sample:		980.30 time, 980.32 real, 58 MB
[runlim] sample:		990.30 time, 990.32 real, 58 MB
[runlim] sample:		1000.30 time, 1000.32 real, 58 MB
[runlim] sample:		1010.30 time, 1010.32 real, 59 MB
[runlim] sample:		1020.30 time, 1020.32 real, 59 MB
[runlim] sample:		1030.29 time, 1030.32 real, 59 MB
[runlim] sample:		1040.29 time, 1040.32 real, 59 MB
[runlim] sample:		1050.29 time, 1050.32 real, 59 MB
[runlim] sample:		1060.28 time, 1060.32 real, 59 MB
[runlim] sample:		1070.27 time, 1070.32 real, 59 MB
[runlim] sample:		1080.27 time, 1080.32 real, 59 MB
[runlim] sample:		1090.27 time, 1090.32 real, 59 MB
[runlim] sample:		1100.28 time, 1100.32 real, 60 MB
[runlim] sample:		1110.28 time, 1110.32 real, 60 MB
[runlim] sample:		1120.28 time, 1120.32 real, 60 MB
[runlim] sample:		1130.26 time, 1130.32 real, 60 MB
[runlim] sample:		1140.24 time, 1140.32 real, 61 MB
[runlim] sample:		1150.22 time, 1150.32 real, 61 MB
[runlim] sample:		1160.20 time, 1160.32 real, 61 MB
[runlim] sample:		1170.17 time, 1170.32 real, 61 MB
[runlim] sample:		1180.15 time, 1180.32 real, 61 MB
[runlim] sample:		1190.13 time, 1190.32 real, 61 MB
[runlim] sample:		1200.10 time, 1200.32 real, 61 MB
[runlim] sample:		1210.08 time, 1210.32 real, 61 MB
[runlim] sample:		1220.07 time, 1220.32 real, 61 MB
[runlim] sample:		1230.04 time, 1230.32 real, 61 MB
[runlim] sample:		1240.02 time, 1240.32 real, 61 MB
[runlim] sample:		1250.00 time, 1250.32 real, 61 MB
[runlim] sample:		1259.98 time, 1260.32 real, 62 MB
[runlim] sample:		1269.98 time, 1270.32 real, 62 MB
[runlim] sample:		1279.98 time, 1280.32 real, 62 MB
[runlim] sample:		1289.95 time, 1290.32 real, 62 MB
[runlim] sample:		1299.93 time, 1300.32 real, 62 MB
[runlim] sample:		1309.90 time, 1310.32 real, 63 MB
[runlim] sample:		1319.88 time, 1320.32 real, 63 MB
[runlim] sample:		1329.86 time, 1330.32 real, 63 MB
[runlim] sample:		1339.84 time, 1340.32 real, 63 MB
[runlim] sample:		1349.81 time, 1350.32 real, 63 MB
[runlim] sample:		1359.79 time, 1360.32 real, 63 MB
[runlim] sample:		1369.77 time, 1370.32 real, 63 MB
[runlim] sample:		1379.74 time, 1380.32 real, 63 MB
[runlim] sample:		1389.72 time, 1390.32 real, 64 MB
[runlim] sample:		1399.70 time, 1400.32 real, 64 MB
[runlim] sample:		1409.67 time, 1410.32 real, 64 MB
[runlim] sample:		1419.65 time, 1420.32 real, 64 MB
[runlim] sample:		1429.63 time, 1430.32 real, 64 MB
[runlim] sample:		1439.61 time, 1440.32 real, 64 MB
[runlim] sample:		1449.58 time, 1450.32 real, 64 MB
[runlim] sample:		1459.56 time, 1460.32 real, 64 MB
[runlim] sample:		1469.54 time, 1470.32 real, 65 MB
[runlim] sample:		1479.51 time, 1480.32 real, 65 MB
[runlim] sample:		1489.49 time, 1490.32 real, 65 MB
[runlim] sample:		1499.47 time, 1500.32 real, 65 MB
[runlim] sample:		1509.44 time, 1510.32 real, 66 MB
[runlim] sample:		1519.42 time, 1520.32 real, 66 MB
[runlim] sample:		1529.40 time, 1530.32 real, 66 MB
[runlim] sample:		1539.37 time, 1540.32 real, 66 MB
[runlim] sample:		1549.35 time, 1550.32 real, 66 MB
[runlim] sample:		1559.32 time, 1560.32 real, 66 MB
[runlim] sample:		1569.30 time, 1570.32 real, 66 MB
[runlim] sample:		1579.27 time, 1580.32 real, 66 MB
[runlim] sample:		1589.24 time, 1590.32 real, 66 MB
[runlim] sample:		1599.21 time, 1600.32 real, 66 MB
[runlim] sample:		1609.18 time, 1610.32 real, 66 MB
[runlim] sample:		1619.16 time, 1620.32 real, 66 MB
[runlim] sample:		1629.13 time, 1630.32 real, 66 MB
[runlim] sample:		1639.10 time, 1640.32 real, 68 MB
[runlim] sample:		1649.08 time, 1650.32 real, 68 MB
[runlim] sample:		1659.05 time, 1660.32 real, 68 MB
[runlim] sample:		1669.03 time, 1670.32 real, 68 MB
[runlim] sample:		1679.00 time, 1680.32 real, 68 MB
[runlim] sample:		1688.97 time, 1690.32 real, 68 MB
[runlim] sample:		1698.95 time, 1700.32 real, 68 MB
[runlim] sample:		1708.92 time, 1710.32 real, 68 MB
[runlim] sample:		1718.89 time, 1720.32 real, 68 MB
[runlim] sample:		1728.86 time, 1730.32 real, 69 MB
[runlim] sample:		1738.84 time, 1740.32 real, 69 MB
[runlim] sample:		1748.81 time, 1750.32 real, 69 MB
[runlim] sample:		1758.78 time, 1760.32 real, 69 MB
[runlim] sample:		1768.76 time, 1770.32 real, 69 MB
[runlim] sample:		1778.73 time, 1780.32 real, 69 MB
[runlim] sample:		1788.70 time, 1790.32 real, 69 MB
[runlim] sample:		1798.67 time, 1800.32 real, 69 MB
[runlim] sample:		1808.65 time, 1810.32 real, 69 MB
[runlim] sample:		1818.63 time, 1820.32 real, 69 MB
[runlim] sample:		1828.59 time, 1830.32 real, 70 MB
[runlim] sample:		1838.57 time, 1840.32 real, 70 MB
[runlim] sample:		1848.54 time, 1850.32 real, 70 MB
[runlim] sample:		1858.52 time, 1860.32 real, 70 MB
[runlim] sample:		1868.49 time, 1870.32 real, 71 MB
[runlim] sample:		1878.46 time, 1880.32 real, 71 MB
[runlim] sample:		1888.43 time, 1890.32 real, 71 MB
[runlim] sample:		1898.41 time, 1900.32 real, 71 MB
[runlim] sample:		1908.38 time, 1910.32 real, 71 MB
[runlim] sample:		1918.35 time, 1920.32 real, 71 MB
[runlim] sample:		1928.32 time, 1930.32 real, 71 MB
[runlim] sample:		1938.29 time, 1940.32 real, 71 MB
[runlim] sample:		1948.27 time, 1950.32 real, 71 MB
[runlim] sample:		1958.24 time, 1960.32 real, 71 MB
[runlim] sample:		1968.21 time, 1970.32 real, 71 MB
[runlim] sample:		1978.18 time, 1980.32 real, 71 MB
[runlim] sample:		1988.16 time, 1990.32 real, 71 MB
[runlim] sample:		1998.13 time, 2000.32 real, 71 MB
[runlim] sample:		2008.10 time, 2010.32 real, 72 MB
[runlim] sample:		2018.08 time, 2020.32 real, 72 MB
[runlim] sample:		2028.05 time, 2030.32 real, 72 MB
[runlim] sample:		2038.02 time, 2040.32 real, 72 MB
[runlim] sample:		2047.99 time, 2050.32 real, 72 MB
[runlim] sample:		2057.96 time, 2060.32 real, 71 MB
[runlim] sample:		2067.94 time, 2070.32 real, 71 MB
[runlim] sample:		2077.91 time, 2080.32 real, 71 MB
[runlim] sample:		2087.88 time, 2090.32 real, 71 MB
[runlim] sample:		2097.85 time, 2100.32 real, 71 MB
[runlim] sample:		2107.82 time, 2110.32 real, 72 MB
[runlim] sample:		2117.80 time, 2120.32 real, 73 MB
[runlim] sample:		2127.77 time, 2130.32 real, 73 MB
[runlim] sample:		2137.75 time, 2140.32 real, 73 MB
[runlim] sample:		2147.72 time, 2150.32 real, 73 MB
[runlim] sample:		2157.69 time, 2160.32 real, 73 MB
[runlim] sample:		2167.66 time, 2170.32 real, 74 MB
[runlim] sample:		2177.64 time, 2180.32 real, 74 MB
[runlim] sample:		2187.61 time, 2190.32 real, 74 MB
[runlim] sample:		2197.58 time, 2200.32 real, 74 MB
[runlim] sample:		2207.56 time, 2210.32 real, 74 MB
[runlim] sample:		2217.53 time, 2220.32 real, 74 MB
[runlim] sample:		2227.50 time, 2230.32 real, 74 MB
[runlim] sample:		2237.48 time, 2240.32 real, 74 MB
[runlim] sample:		2247.45 time, 2250.32 real, 74 MB
[runlim] sample:		2257.42 time, 2260.32 real, 74 MB
[runlim] sample:		2267.39 time, 2270.32 real, 74 MB
[runlim] sample:		2277.36 time, 2280.32 real, 74 MB
[runlim] sample:		2287.33 time, 2290.32 real, 74 MB
[runlim] sample:		2297.30 time, 2300.32 real, 74 MB
[runlim] sample:		2307.27 time, 2310.32 real, 74 MB
[runlim] sample:		2317.25 time, 2320.32 real, 75 MB
[runlim] sample:		2327.22 time, 2330.32 real, 76 MB
[runlim] sample:		2337.20 time, 2340.32 real, 76 MB
[runlim] sample:		2347.17 time, 2350.32 real, 76 MB
[runlim] sample:		2357.14 time, 2360.32 real, 76 MB
[runlim] sample:		2367.12 time, 2370.32 real, 76 MB
[runlim] sample:		2377.09 time, 2380.32 real, 76 MB
[runlim] sample:		2387.06 time, 2390.32 real, 76 MB
[runlim] sample:		2397.04 time, 2400.32 real, 76 MB
[runlim] sample:		2407.01 time, 2410.32 real, 76 MB
[runlim] sample:		2416.99 time, 2420.32 real, 76 MB
[runlim] sample:		2426.96 time, 2430.32 real, 76 MB
[runlim] sample:		2436.93 time, 2440.32 real, 76 MB
[runlim] sample:		2446.91 time, 2450.32 real, 76 MB
[runlim] sample:		2456.89 time, 2460.32 real, 76 MB
[runlim] sample:		2466.86 time, 2470.32 real, 76 MB
[runlim] sample:		2476.83 time, 2480.32 real, 77 MB
[runlim] sample:		2486.81 time, 2490.32 real, 77 MB
[runlim] sample:		2496.78 time, 2500.32 real, 77 MB
[runlim] sample:		2506.75 time, 2510.32 real, 77 MB
[runlim] sample:		2516.73 time, 2520.32 real, 77 MB
[runlim] sample:		2526.70 time, 2530.32 real, 77 MB
[runlim] sample:		2536.68 time, 2540.32 real, 77 MB
[runlim] sample:		2546.66 time, 2550.32 real, 77 MB
[runlim] sample:		2556.64 time, 2560.32 real, 77 MB
[runlim] sample:		2566.61 time, 2570.32 real, 77 MB
[runlim] sample:		2576.59 time, 2580.32 real, 77 MB
[runlim] sample:		2586.57 time, 2590.32 real, 78 MB
[runlim] sample:		2596.55 time, 2600.32 real, 78 MB
[runlim] sample:		2606.54 time, 2610.32 real, 78 MB
[runlim] sample:		2616.52 time, 2620.32 real, 78 MB
[runlim] sample:		2626.50 time, 2630.32 real, 79 MB
[runlim] sample:		2636.48 time, 2640.32 real, 79 MB
[runlim] sample:		2646.46 time, 2650.32 real, 79 MB
[runlim] sample:		2656.44 time, 2660.32 real, 79 MB
[runlim] sample:		2666.42 time, 2670.32 real, 79 MB
[runlim] sample:		2676.40 time, 2680.32 real, 79 MB
[runlim] sample:		2686.38 time, 2690.32 real, 79 MB


 SIG RECEIVED

[runlim] end:			Sat Feb 29 07:54:08 2020
[runlim] status:		out of time
[runlim] result:		2
[runlim] children:		1
[runlim] real:			2700.12 seconds
[runlim] time:			2696.07 seconds
[runlim] space:			80 MB
[runlim] samples:		26997
