[runlim] version:		1.18
[runlim] host:			c3n09
[runlim] time limit:		2700 seconds
[runlim] real time limit:	2700 seconds
[runlim] space limit:		7000 MB
[runlim] argv[0]:		./binary
[runlim] argv[1]:		/data/cnf/ankit/E1-A1-instances/eijkbs3330.qdimacs
[runlim] start:			Sat Feb 29 07:09:08 2020
[runlim] child:			17272
[runlim] sample:		9.97 time, 10.01 real, 14 MB
[runlim] sample:		19.97 time, 20.01 real, 15 MB
[runlim] sample:		29.97 time, 30.01 real, 16 MB
[runlim] sample:		39.97 time, 40.02 real, 16 MB
[runlim] sample:		49.97 time, 50.02 real, 16 MB
[runlim] sample:		59.97 time, 60.02 real, 17 MB
[runlim] sample:		69.97 time, 70.02 real, 18 MB
[runlim] sample:		79.97 time, 80.02 real, 18 MB
[runlim] sample:		89.97 time, 90.01 real, 19 MB
[runlim] sample:		99.97 time, 100.02 real, 19 MB
[runlim] sample:		109.97 time, 110.02 real, 19 MB
[runlim] sample:		119.97 time, 120.02 real, 19 MB
[runlim] sample:		129.97 time, 130.02 real, 20 MB
[runlim] sample:		139.97 time, 140.01 real, 20 MB
[runlim] sample:		149.97 time, 150.02 real, 20 MB
[runlim] sample:		159.97 time, 160.02 real, 21 MB
[runlim] sample:		169.97 time, 170.02 real, 21 MB
[runlim] sample:		179.97 time, 180.02 real, 21 MB
[runlim] sample:		189.97 time, 190.02 real, 21 MB
[runlim] sample:		199.97 time, 200.02 real, 21 MB
[runlim] sample:		209.97 time, 210.02 real, 21 MB
[runlim] sample:		219.97 time, 220.02 real, 22 MB
[runlim] sample:		229.97 time, 230.02 real, 22 MB
[runlim] sample:		239.97 time, 240.02 real, 23 MB
[runlim] sample:		249.97 time, 250.02 real, 23 MB
[runlim] sample:		259.97 time, 260.02 real, 23 MB
[runlim] sample:		269.97 time, 270.02 real, 23 MB
[runlim] sample:		279.97 time, 280.02 real, 23 MB
[runlim] sample:		289.97 time, 290.02 real, 24 MB
[runlim] sample:		299.97 time, 300.02 real, 24 MB
[runlim] sample:		309.97 time, 310.02 real, 24 MB
[runlim] sample:		319.97 time, 320.02 real, 24 MB
[runlim] sample:		329.97 time, 330.02 real, 24 MB
[runlim] sample:		339.97 time, 340.02 real, 25 MB
[runlim] sample:		349.97 time, 350.02 real, 25 MB
[runlim] sample:		359.97 time, 360.02 real, 24 MB
[runlim] sample:		369.97 time, 370.02 real, 25 MB
[runlim] sample:		379.97 time, 380.02 real, 25 MB
[runlim] sample:		389.97 time, 390.02 real, 25 MB
[runlim] sample:		399.97 time, 400.02 real, 25 MB
[runlim] sample:		409.97 time, 410.02 real, 25 MB
[runlim] sample:		419.97 time, 420.02 real, 26 MB
[runlim] sample:		429.97 time, 430.02 real, 26 MB
[runlim] sample:		439.97 time, 440.02 real, 26 MB
[runlim] sample:		449.97 time, 450.02 real, 26 MB
[runlim] sample:		459.97 time, 460.02 real, 26 MB
[runlim] sample:		469.97 time, 470.02 real, 27 MB
[runlim] sample:		479.97 time, 480.02 real, 27 MB
[runlim] sample:		489.97 time, 490.02 real, 27 MB
[runlim] sample:		499.97 time, 500.02 real, 27 MB
[runlim] sample:		509.97 time, 510.02 real, 27 MB
[runlim] sample:		519.97 time, 520.02 real, 28 MB
[runlim] sample:		529.97 time, 530.02 real, 28 MB
[runlim] sample:		539.97 time, 540.02 real, 28 MB
[runlim] sample:		549.97 time, 550.02 real, 28 MB
[runlim] sample:		559.97 time, 560.02 real, 28 MB
[runlim] sample:		569.97 time, 570.02 real, 28 MB
[runlim] sample:		580.08 time, 580.12 real, 28 MB
[runlim] sample:		590.08 time, 590.12 real, 29 MB
[runlim] sample:		600.07 time, 600.12 real, 29 MB
[runlim] sample:		610.07 time, 610.12 real, 29 MB
[runlim] sample:		620.07 time, 620.12 real, 29 MB
[runlim] sample:		630.07 time, 630.12 real, 29 MB
[runlim] sample:		640.07 time, 640.12 real, 29 MB
[runlim] sample:		650.08 time, 650.12 real, 29 MB
[runlim] sample:		660.08 time, 660.12 real, 29 MB
[runlim] sample:		670.28 time, 670.32 real, 30 MB
[runlim] sample:		680.28 time, 680.32 real, 30 MB
[runlim] sample:		690.28 time, 690.32 real, 30 MB
[runlim] sample:		700.28 time, 700.32 real, 30 MB
[runlim] sample:		710.28 time, 710.32 real, 30 MB
[runlim] sample:		720.28 time, 720.32 real, 30 MB
[runlim] sample:		730.28 time, 730.32 real, 30 MB
[runlim] sample:		740.28 time, 740.32 real, 30 MB
[runlim] sample:		750.27 time, 750.32 real, 30 MB
[runlim] sample:		760.28 time, 760.32 real, 30 MB
[runlim] sample:		770.28 time, 770.32 real, 30 MB
[runlim] sample:		780.28 time, 780.32 real, 31 MB
[runlim] sample:		790.27 time, 790.32 real, 31 MB
[runlim] sample:		800.27 time, 800.32 real, 31 MB
[runlim] sample:		810.27 time, 810.32 real, 31 MB
[runlim] sample:		820.27 time, 820.32 real, 31 MB
[runlim] sample:		830.28 time, 830.32 real, 31 MB
[runlim] sample:		840.28 time, 840.32 real, 31 MB
[runlim] sample:		850.28 time, 850.32 real, 32 MB
[runlim] sample:		860.28 time, 860.32 real, 32 MB
[runlim] sample:		870.28 time, 870.32 real, 32 MB
[runlim] sample:		880.28 time, 880.32 real, 32 MB
[runlim] sample:		890.28 time, 890.32 real, 33 MB
[runlim] sample:		900.28 time, 900.32 real, 33 MB
[runlim] sample:		910.28 time, 910.32 real, 33 MB
[runlim] sample:		920.27 time, 920.32 real, 33 MB
[runlim] sample:		930.27 time, 930.32 real, 33 MB
[runlim] sample:		940.27 time, 940.32 real, 33 MB
[runlim] sample:		950.28 time, 950.32 real, 33 MB
[runlim] sample:		960.28 time, 960.32 real, 33 MB
[runlim] sample:		970.28 time, 970.32 real, 34 MB
[runlim] sample:		980.27 time, 980.32 real, 34 MB
[runlim] sample:		990.27 time, 990.32 real, 34 MB
[runlim] sample:		1000.27 time, 1000.32 real, 34 MB
[runlim] sample:		1010.27 time, 1010.32 real, 34 MB
[runlim] sample:		1020.27 time, 1020.32 real, 34 MB
[runlim] sample:		1030.27 time, 1030.32 real, 34 MB
[runlim] sample:		1040.26 time, 1040.32 real, 34 MB
[runlim] sample:		1050.26 time, 1050.32 real, 35 MB
[runlim] sample:		1060.26 time, 1060.32 real, 35 MB
[runlim] sample:		1070.26 time, 1070.32 real, 35 MB
[runlim] sample:		1080.26 time, 1080.32 real, 35 MB
[runlim] sample:		1090.26 time, 1090.32 real, 35 MB
[runlim] sample:		1100.26 time, 1100.32 real, 35 MB
[runlim] sample:		1110.26 time, 1110.32 real, 35 MB
[runlim] sample:		1120.26 time, 1120.32 real, 35 MB
[runlim] sample:		1130.27 time, 1130.32 real, 35 MB
[runlim] sample:		1140.27 time, 1140.32 real, 35 MB
[runlim] sample:		1150.27 time, 1150.32 real, 35 MB
[runlim] sample:		1160.27 time, 1160.32 real, 35 MB
[runlim] sample:		1170.27 time, 1170.32 real, 35 MB
[runlim] sample:		1180.27 time, 1180.32 real, 35 MB
[runlim] sample:		1190.27 time, 1190.32 real, 36 MB
[runlim] sample:		1200.27 time, 1200.32 real, 36 MB
[runlim] sample:		1210.27 time, 1210.32 real, 36 MB
[runlim] sample:		1220.27 time, 1220.32 real, 36 MB
[runlim] sample:		1230.27 time, 1230.32 real, 36 MB
[runlim] sample:		1240.27 time, 1240.32 real, 36 MB
[runlim] sample:		1250.27 time, 1250.32 real, 36 MB
[runlim] sample:		1260.27 time, 1260.32 real, 36 MB
[runlim] sample:		1270.25 time, 1270.32 real, 36 MB
[runlim] sample:		1280.22 time, 1280.32 real, 36 MB
[runlim] sample:		1290.22 time, 1290.32 real, 36 MB
[runlim] sample:		1300.22 time, 1300.32 real, 36 MB
[runlim] sample:		1310.22 time, 1310.32 real, 37 MB
[runlim] sample:		1320.22 time, 1320.32 real, 37 MB
[runlim] sample:		1330.22 time, 1330.32 real, 37 MB
[runlim] sample:		1340.22 time, 1340.32 real, 37 MB
[runlim] sample:		1350.22 time, 1350.32 real, 37 MB
[runlim] sample:		1360.22 time, 1360.32 real, 37 MB
[runlim] sample:		1370.22 time, 1370.32 real, 37 MB
[runlim] sample:		1380.22 time, 1380.32 real, 37 MB
[runlim] sample:		1390.21 time, 1390.32 real, 37 MB
[runlim] sample:		1400.21 time, 1400.32 real, 37 MB
[runlim] sample:		1410.21 time, 1410.32 real, 37 MB
[runlim] sample:		1420.21 time, 1420.32 real, 37 MB
[runlim] sample:		1430.21 time, 1430.32 real, 37 MB
[runlim] sample:		1440.21 time, 1440.32 real, 37 MB
[runlim] sample:		1450.21 time, 1450.32 real, 38 MB
[runlim] sample:		1460.21 time, 1460.32 real, 38 MB
[runlim] sample:		1470.21 time, 1470.32 real, 38 MB
[runlim] sample:		1480.21 time, 1480.32 real, 38 MB
[runlim] sample:		1490.21 time, 1490.32 real, 38 MB
[runlim] sample:		1500.21 time, 1500.32 real, 38 MB
[runlim] sample:		1510.21 time, 1510.32 real, 38 MB
[runlim] sample:		1520.20 time, 1520.32 real, 38 MB
[runlim] sample:		1530.20 time, 1530.32 real, 38 MB
[runlim] sample:		1540.20 time, 1540.32 real, 39 MB
[runlim] sample:		1550.20 time, 1550.32 real, 39 MB
[runlim] sample:		1560.20 time, 1560.32 real, 39 MB
[runlim] sample:		1570.20 time, 1570.32 real, 39 MB
[runlim] sample:		1580.20 time, 1580.32 real, 39 MB
[runlim] sample:		1590.20 time, 1590.32 real, 39 MB
[runlim] sample:		1600.20 time, 1600.32 real, 39 MB
[runlim] sample:		1610.20 time, 1610.32 real, 39 MB
[runlim] sample:		1620.20 time, 1620.32 real, 39 MB
[runlim] sample:		1630.20 time, 1630.32 real, 39 MB
[runlim] sample:		1640.20 time, 1640.32 real, 40 MB
[runlim] sample:		1650.20 time, 1650.32 real, 40 MB
[runlim] sample:		1660.20 time, 1660.32 real, 40 MB
[runlim] sample:		1670.20 time, 1670.32 real, 40 MB
[runlim] sample:		1680.19 time, 1680.32 real, 40 MB
[runlim] sample:		1690.19 time, 1690.32 real, 40 MB
[runlim] sample:		1700.19 time, 1700.32 real, 40 MB
[runlim] sample:		1710.19 time, 1710.32 real, 40 MB
[runlim] sample:		1720.19 time, 1720.32 real, 40 MB
[runlim] sample:		1730.19 time, 1730.32 real, 40 MB
[runlim] sample:		1740.19 time, 1740.32 real, 40 MB
[runlim] sample:		1750.19 time, 1750.32 real, 40 MB
[runlim] sample:		1760.19 time, 1760.32 real, 40 MB
[runlim] sample:		1770.19 time, 1770.32 real, 41 MB
[runlim] sample:		1780.19 time, 1780.32 real, 41 MB
[runlim] sample:		1790.19 time, 1790.32 real, 41 MB
[runlim] sample:		1800.18 time, 1800.32 real, 41 MB
[runlim] sample:		1810.18 time, 1810.32 real, 41 MB
[runlim] sample:		1820.18 time, 1820.32 real, 41 MB
[runlim] sample:		1830.18 time, 1830.32 real, 41 MB
[runlim] sample:		1840.18 time, 1840.32 real, 41 MB
[runlim] sample:		1850.18 time, 1850.32 real, 41 MB
[runlim] sample:		1860.18 time, 1860.32 real, 41 MB
[runlim] sample:		1870.18 time, 1870.32 real, 41 MB
[runlim] sample:		1880.18 time, 1880.32 real, 41 MB
[runlim] sample:		1890.18 time, 1890.32 real, 41 MB
[runlim] sample:		1900.18 time, 1900.32 real, 41 MB
[runlim] sample:		1910.18 time, 1910.32 real, 42 MB
[runlim] sample:		1920.18 time, 1920.32 real, 42 MB
[runlim] sample:		1930.18 time, 1930.32 real, 42 MB
[runlim] sample:		1940.17 time, 1940.32 real, 42 MB
[runlim] sample:		1950.17 time, 1950.32 real, 42 MB
[runlim] sample:		1960.18 time, 1960.32 real, 42 MB
[runlim] sample:		1970.18 time, 1970.32 real, 42 MB
[runlim] sample:		1980.18 time, 1980.32 real, 42 MB
[runlim] sample:		1990.18 time, 1990.32 real, 42 MB
[runlim] sample:		2000.18 time, 2000.32 real, 42 MB
[runlim] sample:		2010.18 time, 2010.32 real, 42 MB
[runlim] sample:		2020.18 time, 2020.32 real, 42 MB
[runlim] sample:		2030.18 time, 2030.32 real, 42 MB
[runlim] sample:		2040.17 time, 2040.32 real, 42 MB
[runlim] sample:		2050.17 time, 2050.32 real, 42 MB
[runlim] sample:		2060.17 time, 2060.32 real, 42 MB
[runlim] sample:		2070.17 time, 2070.32 real, 42 MB
[runlim] sample:		2080.17 time, 2080.32 real, 43 MB
[runlim] sample:		2090.17 time, 2090.32 real, 43 MB
[runlim] sample:		2100.17 time, 2100.32 real, 43 MB
[runlim] sample:		2110.17 time, 2110.32 real, 43 MB
[runlim] sample:		2120.17 time, 2120.32 real, 43 MB
[runlim] sample:		2130.17 time, 2130.32 real, 43 MB
[runlim] sample:		2140.16 time, 2140.32 real, 43 MB
[runlim] sample:		2150.16 time, 2150.32 real, 43 MB
[runlim] sample:		2160.16 time, 2160.32 real, 43 MB
[runlim] sample:		2170.16 time, 2170.32 real, 43 MB
[runlim] sample:		2180.16 time, 2180.32 real, 43 MB
[runlim] sample:		2190.16 time, 2190.32 real, 44 MB
[runlim] sample:		2200.16 time, 2200.32 real, 44 MB
[runlim] sample:		2210.16 time, 2210.32 real, 44 MB
[runlim] sample:		2220.16 time, 2220.32 real, 44 MB
[runlim] sample:		2230.16 time, 2230.32 real, 44 MB
[runlim] sample:		2240.16 time, 2240.32 real, 44 MB
[runlim] sample:		2250.16 time, 2250.32 real, 44 MB
[runlim] sample:		2260.16 time, 2260.32 real, 44 MB
[runlim] sample:		2270.16 time, 2270.32 real, 44 MB
[runlim] sample:		2280.16 time, 2280.32 real, 44 MB
[runlim] sample:		2290.16 time, 2290.32 real, 44 MB
[runlim] sample:		2300.15 time, 2300.32 real, 44 MB
[runlim] sample:		2310.15 time, 2310.32 real, 44 MB
[runlim] sample:		2320.15 time, 2320.32 real, 44 MB
[runlim] sample:		2330.15 time, 2330.32 real, 44 MB
[runlim] sample:		2340.15 time, 2340.32 real, 44 MB
[runlim] sample:		2350.15 time, 2350.32 real, 44 MB
[runlim] sample:		2360.15 time, 2360.32 real, 44 MB
[runlim] sample:		2370.15 time, 2370.32 real, 44 MB
[runlim] sample:		2380.15 time, 2380.32 real, 44 MB
[runlim] sample:		2390.15 time, 2390.32 real, 45 MB
[runlim] sample:		2400.15 time, 2400.32 real, 45 MB
[runlim] sample:		2410.15 time, 2410.32 real, 45 MB
[runlim] sample:		2420.15 time, 2420.32 real, 45 MB
[runlim] sample:		2430.15 time, 2430.32 real, 45 MB
[runlim] sample:		2440.15 time, 2440.32 real, 45 MB
[runlim] sample:		2450.15 time, 2450.32 real, 45 MB
[runlim] sample:		2460.15 time, 2460.32 real, 46 MB
[runlim] sample:		2470.15 time, 2470.32 real, 46 MB
[runlim] sample:		2480.15 time, 2480.32 real, 46 MB
[runlim] sample:		2490.15 time, 2490.32 real, 46 MB
[runlim] sample:		2500.15 time, 2500.32 real, 46 MB
[runlim] sample:		2510.15 time, 2510.32 real, 46 MB
[runlim] sample:		2520.15 time, 2520.32 real, 46 MB
[runlim] sample:		2530.15 time, 2530.32 real, 46 MB
[runlim] sample:		2540.15 time, 2540.32 real, 46 MB
[runlim] sample:		2550.14 time, 2550.32 real, 46 MB
[runlim] sample:		2560.14 time, 2560.32 real, 46 MB
[runlim] sample:		2570.14 time, 2570.32 real, 46 MB
[runlim] sample:		2580.14 time, 2580.32 real, 46 MB
[runlim] sample:		2590.15 time, 2590.32 real, 46 MB
[runlim] sample:		2600.15 time, 2600.32 real, 46 MB
[runlim] sample:		2610.15 time, 2610.32 real, 46 MB
[runlim] sample:		2620.15 time, 2620.32 real, 46 MB
[runlim] sample:		2630.15 time, 2630.32 real, 47 MB
[runlim] sample:		2640.15 time, 2640.32 real, 47 MB
[runlim] sample:		2650.15 time, 2650.32 real, 47 MB
[runlim] sample:		2660.15 time, 2660.32 real, 47 MB
[runlim] sample:		2670.14 time, 2670.32 real, 47 MB
[runlim] sample:		2680.14 time, 2680.32 real, 47 MB
[runlim] sample:		2690.14 time, 2690.32 real, 47 MB


 SIG RECEIVED

[runlim] end:			Sat Feb 29 07:54:08 2020
[runlim] status:		out of time
[runlim] result:		2
[runlim] children:		1
[runlim] real:			2700.11 seconds
[runlim] time:			2699.84 seconds
[runlim] space:			47 MB
[runlim] samples:		26997
