[runlim] version:		1.18
[runlim] host:			c3n10
[runlim] time limit:		2700 seconds
[runlim] real time limit:	2700 seconds
[runlim] space limit:		7000 MB
[runlim] argv[0]:		./binary
[runlim] argv[1]:		/data/cnf/ankit/E1-A1-instances/hex_rand_6x6-20m-8.qdimacs
[runlim] start:			Sat Feb 29 07:09:08 2020
[runlim] child:			20324
[runlim] sample:		9.97 time, 10.02 real, 13 MB
[runlim] sample:		19.97 time, 20.02 real, 16 MB
[runlim] sample:		29.97 time, 30.02 real, 18 MB
[runlim] sample:		39.97 time, 40.02 real, 20 MB
[runlim] sample:		49.97 time, 50.02 real, 22 MB
[runlim] sample:		59.97 time, 60.01 real, 23 MB
[runlim] sample:		69.97 time, 70.01 real, 25 MB
[runlim] sample:		79.97 time, 80.01 real, 26 MB
[runlim] sample:		89.97 time, 90.02 real, 27 MB
[runlim] sample:		99.97 time, 100.01 real, 28 MB
[runlim] sample:		109.97 time, 110.01 real, 30 MB
[runlim] sample:		119.97 time, 120.01 real, 30 MB
[runlim] sample:		129.97 time, 130.01 real, 31 MB
[runlim] sample:		139.96 time, 140.01 real, 32 MB
[runlim] sample:		149.97 time, 150.01 real, 33 MB
[runlim] sample:		159.97 time, 160.01 real, 33 MB
[runlim] sample:		169.97 time, 170.01 real, 35 MB
[runlim] sample:		179.97 time, 180.01 real, 35 MB
[runlim] sample:		189.97 time, 190.01 real, 36 MB
[runlim] sample:		199.97 time, 200.01 real, 37 MB
[runlim] sample:		209.96 time, 210.01 real, 38 MB
[runlim] sample:		219.96 time, 220.01 real, 39 MB
[runlim] sample:		229.96 time, 230.02 real, 40 MB
[runlim] sample:		239.96 time, 240.02 real, 40 MB
[runlim] sample:		249.97 time, 250.02 real, 40 MB
[runlim] sample:		259.97 time, 260.02 real, 40 MB
[runlim] sample:		269.97 time, 270.02 real, 41 MB
[runlim] sample:		279.97 time, 280.02 real, 41 MB
[runlim] sample:		289.97 time, 290.02 real, 42 MB
[runlim] sample:		299.97 time, 300.02 real, 42 MB
[runlim] sample:		309.97 time, 310.02 real, 43 MB
[runlim] sample:		319.97 time, 320.02 real, 44 MB
[runlim] end:			Sat Feb 29 07:14:29 2020
[runlim] status:		ok
[runlim] result:		0
[runlim] children:		1
[runlim] real:			321.19 seconds
[runlim] time:			321.07 seconds
[runlim] space:			44 MB
[runlim] samples:		3211
