[runlim] version:		1.18
[runlim] host:			c3n09
[runlim] time limit:		2700 seconds
[runlim] real time limit:	2700 seconds
[runlim] space limit:		7000 MB
[runlim] argv[0]:		./binary
[runlim] argv[1]:		/data/cnf/ankit/E1-A1-instances/hex_rand_6x6-20m-6.qdimacs
[runlim] start:			Sat Feb 29 07:09:09 2020
[runlim] child:			17370
[runlim] sample:		9.85 time, 10.02 real, 12 MB
[runlim] sample:		19.85 time, 20.02 real, 14 MB
[runlim] sample:		29.85 time, 30.02 real, 16 MB
[runlim] sample:		39.85 time, 40.02 real, 18 MB
[runlim] sample:		49.85 time, 50.02 real, 20 MB
[runlim] sample:		59.85 time, 60.02 real, 21 MB
[runlim] sample:		69.85 time, 70.02 real, 22 MB
[runlim] sample:		79.85 time, 80.02 real, 23 MB
[runlim] sample:		89.85 time, 90.02 real, 25 MB
[runlim] sample:		99.85 time, 100.02 real, 25 MB
[runlim] sample:		109.85 time, 110.02 real, 26 MB
[runlim] sample:		119.85 time, 120.02 real, 27 MB
[runlim] sample:		129.85 time, 130.02 real, 28 MB
[runlim] sample:		139.85 time, 140.02 real, 30 MB
[runlim] sample:		149.85 time, 150.02 real, 30 MB
[runlim] sample:		159.85 time, 160.02 real, 31 MB
[runlim] sample:		169.85 time, 170.02 real, 31 MB
[runlim] sample:		179.85 time, 180.02 real, 32 MB
[runlim] sample:		189.85 time, 190.01 real, 32 MB
[runlim] sample:		199.85 time, 200.02 real, 33 MB
[runlim] sample:		209.85 time, 210.02 real, 35 MB
[runlim] sample:		219.85 time, 220.02 real, 35 MB
[runlim] sample:		229.85 time, 230.02 real, 36 MB
[runlim] sample:		239.85 time, 240.02 real, 36 MB
[runlim] sample:		249.85 time, 250.02 real, 37 MB
[runlim] sample:		259.85 time, 260.02 real, 38 MB
[runlim] sample:		269.85 time, 270.02 real, 38 MB
[runlim] sample:		279.85 time, 280.02 real, 38 MB
[runlim] sample:		289.86 time, 290.02 real, 39 MB
[runlim] sample:		299.85 time, 300.02 real, 40 MB
[runlim] sample:		309.85 time, 310.02 real, 40 MB
[runlim] sample:		319.85 time, 320.02 real, 41 MB
[runlim] sample:		329.85 time, 330.02 real, 41 MB
[runlim] sample:		339.86 time, 340.02 real, 42 MB
[runlim] sample:		349.86 time, 350.02 real, 43 MB
[runlim] sample:		359.85 time, 360.02 real, 43 MB
[runlim] sample:		369.85 time, 370.02 real, 43 MB
[runlim] sample:		379.86 time, 380.02 real, 44 MB
[runlim] sample:		389.85 time, 390.02 real, 45 MB
[runlim] sample:		399.85 time, 400.02 real, 45 MB
[runlim] sample:		409.85 time, 410.02 real, 45 MB
[runlim] sample:		419.85 time, 420.02 real, 46 MB
[runlim] sample:		429.85 time, 430.02 real, 46 MB
[runlim] sample:		439.85 time, 440.02 real, 47 MB
[runlim] sample:		449.86 time, 450.02 real, 48 MB
[runlim] sample:		459.86 time, 460.02 real, 48 MB
[runlim] sample:		469.86 time, 470.02 real, 48 MB
[runlim] sample:		479.86 time, 480.02 real, 48 MB
[runlim] sample:		489.86 time, 490.02 real, 49 MB
[runlim] sample:		499.86 time, 500.02 real, 49 MB
[runlim] sample:		509.86 time, 510.02 real, 49 MB
[runlim] sample:		519.86 time, 520.02 real, 50 MB
[runlim] sample:		529.86 time, 530.02 real, 50 MB
[runlim] sample:		539.86 time, 540.02 real, 51 MB
[runlim] sample:		549.86 time, 550.02 real, 53 MB
[runlim] sample:		559.86 time, 560.02 real, 53 MB
[runlim] sample:		569.86 time, 570.02 real, 53 MB
[runlim] sample:		579.97 time, 580.12 real, 53 MB
[runlim] sample:		589.97 time, 590.12 real, 53 MB
[runlim] sample:		599.96 time, 600.12 real, 53 MB
[runlim] sample:		609.96 time, 610.12 real, 53 MB
[runlim] sample:		619.96 time, 620.12 real, 54 MB
[runlim] sample:		629.96 time, 630.12 real, 54 MB
[runlim] sample:		639.96 time, 640.12 real, 54 MB
[runlim] sample:		649.96 time, 650.12 real, 55 MB
[runlim] sample:		659.96 time, 660.12 real, 55 MB
[runlim] sample:		670.16 time, 670.32 real, 56 MB
[runlim] sample:		680.16 time, 680.32 real, 56 MB
[runlim] sample:		690.16 time, 690.32 real, 56 MB
[runlim] sample:		700.16 time, 700.32 real, 56 MB
[runlim] sample:		710.16 time, 710.32 real, 56 MB
[runlim] sample:		720.16 time, 720.32 real, 57 MB
[runlim] sample:		730.16 time, 730.32 real, 57 MB
[runlim] sample:		740.16 time, 740.32 real, 57 MB
[runlim] sample:		750.17 time, 750.32 real, 57 MB
[runlim] sample:		760.17 time, 760.32 real, 58 MB
[runlim] sample:		770.17 time, 770.32 real, 58 MB
[runlim] sample:		780.17 time, 780.32 real, 58 MB
[runlim] sample:		790.16 time, 790.32 real, 59 MB
[runlim] sample:		800.16 time, 800.32 real, 59 MB
[runlim] sample:		810.16 time, 810.32 real, 59 MB
[runlim] sample:		820.16 time, 820.32 real, 59 MB
[runlim] sample:		830.17 time, 830.32 real, 60 MB
[runlim] sample:		840.16 time, 840.32 real, 60 MB
[runlim] sample:		850.16 time, 850.32 real, 60 MB
[runlim] sample:		860.16 time, 860.32 real, 61 MB
[runlim] sample:		870.16 time, 870.32 real, 61 MB
[runlim] sample:		880.16 time, 880.32 real, 62 MB
[runlim] sample:		890.16 time, 890.32 real, 62 MB
[runlim] sample:		900.16 time, 900.32 real, 62 MB
[runlim] sample:		910.17 time, 910.32 real, 62 MB
[runlim] sample:		920.16 time, 920.32 real, 62 MB
[runlim] sample:		930.16 time, 930.32 real, 62 MB
[runlim] sample:		940.16 time, 940.32 real, 62 MB
[runlim] sample:		950.16 time, 950.32 real, 62 MB
[runlim] sample:		960.16 time, 960.32 real, 63 MB
[runlim] sample:		970.16 time, 970.32 real, 63 MB
[runlim] sample:		980.16 time, 980.32 real, 63 MB
[runlim] sample:		990.16 time, 990.32 real, 64 MB
[runlim] sample:		1000.16 time, 1000.32 real, 64 MB
[runlim] sample:		1010.16 time, 1010.32 real, 64 MB
[runlim] sample:		1020.16 time, 1020.32 real, 65 MB
[runlim] sample:		1030.16 time, 1030.32 real, 65 MB
[runlim] sample:		1040.16 time, 1040.32 real, 66 MB
[runlim] sample:		1050.16 time, 1050.32 real, 66 MB
[runlim] sample:		1060.17 time, 1060.32 real, 66 MB
[runlim] sample:		1070.16 time, 1070.32 real, 66 MB
[runlim] sample:		1080.17 time, 1080.32 real, 66 MB
[runlim] sample:		1090.17 time, 1090.32 real, 66 MB
[runlim] sample:		1100.17 time, 1100.32 real, 66 MB
[runlim] sample:		1110.17 time, 1110.32 real, 68 MB
[runlim] sample:		1120.16 time, 1120.32 real, 68 MB
[runlim] sample:		1130.17 time, 1130.32 real, 68 MB
[runlim] sample:		1140.17 time, 1140.32 real, 68 MB
[runlim] sample:		1150.17 time, 1150.32 real, 68 MB
[runlim] sample:		1160.17 time, 1160.32 real, 68 MB
[runlim] sample:		1170.17 time, 1170.32 real, 68 MB
[runlim] sample:		1180.17 time, 1180.32 real, 68 MB
[runlim] sample:		1190.16 time, 1190.32 real, 69 MB
[runlim] sample:		1200.17 time, 1200.32 real, 69 MB
[runlim] sample:		1210.17 time, 1210.32 real, 70 MB
[runlim] sample:		1220.17 time, 1220.32 real, 70 MB
[runlim] sample:		1230.17 time, 1230.32 real, 70 MB
[runlim] sample:		1240.17 time, 1240.32 real, 70 MB
[runlim] sample:		1250.17 time, 1250.32 real, 71 MB
[runlim] sample:		1260.17 time, 1260.32 real, 71 MB
[runlim] sample:		1270.17 time, 1270.32 real, 71 MB
[runlim] sample:		1280.17 time, 1280.32 real, 71 MB
[runlim] sample:		1290.17 time, 1290.32 real, 71 MB
[runlim] sample:		1300.17 time, 1300.32 real, 71 MB
[runlim] sample:		1310.17 time, 1310.32 real, 71 MB
[runlim] sample:		1320.17 time, 1320.32 real, 71 MB
[runlim] sample:		1330.17 time, 1330.32 real, 71 MB
[runlim] sample:		1340.17 time, 1340.32 real, 71 MB
[runlim] sample:		1350.17 time, 1350.32 real, 71 MB
[runlim] sample:		1360.17 time, 1360.32 real, 72 MB
[runlim] sample:		1370.17 time, 1370.32 real, 72 MB
[runlim] sample:		1380.17 time, 1380.32 real, 72 MB
[runlim] sample:		1390.17 time, 1390.32 real, 72 MB
[runlim] sample:		1400.17 time, 1400.32 real, 73 MB
[runlim] sample:		1410.17 time, 1410.32 real, 73 MB
[runlim] sample:		1420.17 time, 1420.32 real, 73 MB
[runlim] sample:		1430.17 time, 1430.32 real, 73 MB
[runlim] sample:		1440.17 time, 1440.32 real, 74 MB
[runlim] sample:		1450.17 time, 1450.32 real, 74 MB
[runlim] sample:		1460.17 time, 1460.32 real, 74 MB
[runlim] sample:		1470.17 time, 1470.32 real, 74 MB
[runlim] sample:		1480.17 time, 1480.32 real, 75 MB
[runlim] sample:		1490.17 time, 1490.32 real, 75 MB
[runlim] sample:		1500.17 time, 1500.32 real, 75 MB
[runlim] sample:		1510.17 time, 1510.32 real, 75 MB
[runlim] sample:		1520.17 time, 1520.32 real, 76 MB
[runlim] sample:		1530.18 time, 1530.32 real, 76 MB
[runlim] sample:		1540.17 time, 1540.32 real, 77 MB
[runlim] sample:		1550.17 time, 1550.32 real, 77 MB
[runlim] sample:		1560.17 time, 1560.32 real, 77 MB
[runlim] sample:		1570.17 time, 1570.32 real, 77 MB
[runlim] sample:		1580.17 time, 1580.32 real, 77 MB
[runlim] sample:		1590.17 time, 1590.32 real, 78 MB
[runlim] sample:		1600.17 time, 1600.32 real, 78 MB
[runlim] sample:		1610.17 time, 1610.32 real, 78 MB
[runlim] sample:		1620.17 time, 1620.32 real, 78 MB
[runlim] sample:		1630.17 time, 1630.32 real, 79 MB
[runlim] sample:		1640.18 time, 1640.32 real, 79 MB
[runlim] sample:		1650.18 time, 1650.32 real, 79 MB
[runlim] sample:		1660.18 time, 1660.32 real, 79 MB
[runlim] sample:		1670.17 time, 1670.32 real, 80 MB
[runlim] sample:		1680.17 time, 1680.32 real, 80 MB
[runlim] sample:		1690.17 time, 1690.32 real, 80 MB
[runlim] sample:		1700.17 time, 1700.32 real, 80 MB
[runlim] sample:		1710.17 time, 1710.32 real, 80 MB
[runlim] sample:		1720.17 time, 1720.32 real, 80 MB
[runlim] sample:		1730.17 time, 1730.32 real, 80 MB
[runlim] sample:		1740.17 time, 1740.32 real, 80 MB
[runlim] sample:		1750.17 time, 1750.32 real, 80 MB
[runlim] sample:		1760.18 time, 1760.32 real, 80 MB
[runlim] end:			Sat Feb 29 07:38:34 2020
[runlim] status:		ok
[runlim] result:		0
[runlim] children:		1
[runlim] real:			1764.02 seconds
[runlim] time:			1763.88 seconds
[runlim] space:			81 MB
[runlim] samples:		17637
