[runlim] version:		1.18
[runlim] host:			c3n10
[runlim] time limit:		2700 seconds
[runlim] real time limit:	2700 seconds
[runlim] space limit:		7000 MB
[runlim] argv[0]:		./binary
[runlim] argv[1]:		/data/cnf/ankit/E1-A1-instances/lognBWLARGEB1.qdimacs
[runlim] start:			Sat Feb 29 07:09:10 2020
[runlim] child:			20486
[runlim] sample:		9.99 time, 10.02 real, 556 MB
[runlim] sample:		19.99 time, 20.01 real, 556 MB
[runlim] sample:		29.99 time, 30.02 real, 557 MB
[runlim] sample:		39.99 time, 40.01 real, 557 MB
[runlim] end:			Sat Feb 29 07:09:51 2020
[runlim] status:		ok
[runlim] result:		0
[runlim] children:		1
[runlim] real:			40.96 seconds
[runlim] time:			40.89 seconds
[runlim] space:			557 MB
[runlim] samples:		409
