[runlim] version:		1.18
[runlim] host:			c3n11
[runlim] time limit:		2700 seconds
[runlim] real time limit:	2700 seconds
[runlim] space limit:		7000 MB
[runlim] argv[0]:		./binary
[runlim] argv[1]:		/data/cnf/ankit/E1-A1-instances/pdtpmsmiim.qdimacs
[runlim] start:			Sat Feb 29 07:09:08 2020
[runlim] child:			19028
[runlim] sample:		9.94 time, 10.02 real, 9 MB
[runlim] sample:		19.94 time, 20.02 real, 11 MB
[runlim] sample:		29.94 time, 30.02 real, 12 MB
[runlim] sample:		39.94 time, 40.02 real, 13 MB
[runlim] sample:		49.94 time, 50.02 real, 14 MB
[runlim] sample:		59.94 time, 60.02 real, 15 MB
[runlim] sample:		69.94 time, 70.02 real, 16 MB
[runlim] sample:		79.94 time, 80.02 real, 16 MB
[runlim] sample:		89.94 time, 90.02 real, 17 MB
[runlim] sample:		99.94 time, 100.02 real, 17 MB
[runlim] sample:		109.94 time, 110.02 real, 17 MB
[runlim] sample:		119.94 time, 120.02 real, 18 MB
[runlim] sample:		129.94 time, 130.02 real, 18 MB
[runlim] sample:		139.94 time, 140.02 real, 19 MB
[runlim] sample:		149.94 time, 150.02 real, 19 MB
[runlim] sample:		159.94 time, 160.02 real, 20 MB
[runlim] sample:		169.94 time, 170.02 real, 20 MB
[runlim] sample:		179.94 time, 180.02 real, 21 MB
[runlim] sample:		189.94 time, 190.02 real, 21 MB
[runlim] sample:		199.94 time, 200.02 real, 21 MB
[runlim] sample:		209.94 time, 210.02 real, 22 MB
[runlim] sample:		219.94 time, 220.02 real, 22 MB
[runlim] sample:		230.04 time, 230.12 real, 23 MB
[runlim] sample:		240.04 time, 240.12 real, 24 MB
[runlim] sample:		250.04 time, 250.12 real, 23 MB
[runlim] sample:		260.03 time, 260.12 real, 23 MB
[runlim] sample:		270.03 time, 270.12 real, 24 MB
[runlim] sample:		280.03 time, 280.12 real, 24 MB
[runlim] sample:		290.04 time, 290.12 real, 25 MB
[runlim] sample:		300.04 time, 300.12 real, 25 MB
[runlim] sample:		310.04 time, 310.12 real, 25 MB
[runlim] sample:		320.04 time, 320.12 real, 25 MB
[runlim] sample:		330.04 time, 330.12 real, 25 MB
[runlim] sample:		340.04 time, 340.12 real, 25 MB
[runlim] sample:		350.04 time, 350.12 real, 26 MB
[runlim] sample:		360.04 time, 360.12 real, 26 MB
[runlim] sample:		370.04 time, 370.12 real, 26 MB
[runlim] sample:		380.04 time, 380.12 real, 27 MB
[runlim] sample:		390.04 time, 390.12 real, 27 MB
[runlim] sample:		400.03 time, 400.12 real, 27 MB
[runlim] sample:		410.03 time, 410.12 real, 28 MB
[runlim] sample:		420.03 time, 420.12 real, 28 MB
[runlim] sample:		430.03 time, 430.12 real, 28 MB
[runlim] sample:		440.03 time, 440.12 real, 28 MB
[runlim] sample:		450.03 time, 450.12 real, 29 MB
[runlim] sample:		460.03 time, 460.12 real, 29 MB
[runlim] sample:		470.03 time, 470.12 real, 29 MB
[runlim] sample:		480.03 time, 480.12 real, 29 MB
[runlim] sample:		490.03 time, 490.12 real, 30 MB
[runlim] sample:		500.04 time, 500.12 real, 29 MB
[runlim] sample:		510.04 time, 510.12 real, 30 MB
[runlim] sample:		520.04 time, 520.12 real, 30 MB
[runlim] sample:		530.04 time, 530.12 real, 30 MB
[runlim] sample:		540.04 time, 540.12 real, 31 MB
[runlim] sample:		550.04 time, 550.12 real, 31 MB
[runlim] sample:		560.04 time, 560.12 real, 31 MB
[runlim] sample:		570.04 time, 570.12 real, 31 MB
[runlim] sample:		580.24 time, 580.32 real, 32 MB
[runlim] sample:		590.23 time, 590.32 real, 32 MB
[runlim] sample:		600.23 time, 600.32 real, 32 MB
[runlim] sample:		610.24 time, 610.32 real, 32 MB
[runlim] sample:		620.24 time, 620.32 real, 32 MB
[runlim] sample:		630.24 time, 630.32 real, 33 MB
[runlim] sample:		640.24 time, 640.32 real, 33 MB
[runlim] sample:		650.24 time, 650.32 real, 33 MB
[runlim] sample:		660.24 time, 660.32 real, 33 MB
[runlim] sample:		670.54 time, 670.62 real, 33 MB
[runlim] sample:		680.54 time, 680.62 real, 33 MB
[runlim] sample:		690.54 time, 690.62 real, 33 MB
[runlim] sample:		700.54 time, 700.62 real, 34 MB
[runlim] sample:		710.54 time, 710.62 real, 34 MB
[runlim] sample:		720.54 time, 720.62 real, 34 MB
[runlim] sample:		730.54 time, 730.62 real, 35 MB
[runlim] sample:		740.54 time, 740.62 real, 35 MB
[runlim] sample:		750.54 time, 750.62 real, 35 MB
[runlim] sample:		760.54 time, 760.62 real, 35 MB
[runlim] sample:		770.54 time, 770.62 real, 35 MB
[runlim] sample:		780.54 time, 780.62 real, 35 MB
[runlim] sample:		790.54 time, 790.62 real, 36 MB
[runlim] sample:		800.54 time, 800.62 real, 36 MB
[runlim] sample:		810.54 time, 810.62 real, 36 MB
[runlim] sample:		820.54 time, 820.62 real, 36 MB
[runlim] sample:		830.54 time, 830.62 real, 36 MB
[runlim] sample:		840.54 time, 840.62 real, 36 MB
[runlim] sample:		850.54 time, 850.62 real, 37 MB
[runlim] sample:		860.54 time, 860.62 real, 37 MB
[runlim] sample:		870.54 time, 870.62 real, 37 MB
[runlim] sample:		880.54 time, 880.62 real, 37 MB
[runlim] sample:		890.54 time, 890.62 real, 37 MB
[runlim] sample:		900.54 time, 900.62 real, 37 MB
[runlim] sample:		910.54 time, 910.62 real, 38 MB
[runlim] sample:		920.54 time, 920.62 real, 38 MB
[runlim] sample:		930.54 time, 930.62 real, 38 MB
[runlim] sample:		940.54 time, 940.62 real, 38 MB
[runlim] sample:		950.54 time, 950.62 real, 38 MB
[runlim] sample:		960.54 time, 960.62 real, 38 MB
[runlim] sample:		970.54 time, 970.62 real, 38 MB
[runlim] sample:		980.54 time, 980.62 real, 38 MB
[runlim] sample:		990.54 time, 990.62 real, 38 MB
[runlim] sample:		1000.54 time, 1000.62 real, 38 MB
[runlim] sample:		1010.54 time, 1010.62 real, 38 MB
[runlim] sample:		1020.54 time, 1020.62 real, 39 MB
[runlim] sample:		1030.54 time, 1030.62 real, 39 MB
[runlim] sample:		1040.54 time, 1040.62 real, 39 MB
[runlim] sample:		1050.54 time, 1050.62 real, 39 MB
[runlim] sample:		1060.54 time, 1060.62 real, 39 MB
[runlim] sample:		1070.54 time, 1070.62 real, 40 MB
[runlim] sample:		1080.54 time, 1080.62 real, 40 MB
[runlim] sample:		1090.54 time, 1090.62 real, 40 MB
[runlim] sample:		1100.54 time, 1100.62 real, 40 MB
[runlim] sample:		1110.54 time, 1110.62 real, 40 MB
[runlim] sample:		1120.54 time, 1120.62 real, 40 MB
[runlim] sample:		1130.54 time, 1130.62 real, 41 MB
[runlim] sample:		1140.54 time, 1140.62 real, 41 MB
[runlim] sample:		1150.54 time, 1150.62 real, 41 MB
[runlim] sample:		1160.54 time, 1160.62 real, 41 MB
[runlim] sample:		1170.54 time, 1170.62 real, 41 MB
[runlim] sample:		1180.54 time, 1180.62 real, 41 MB
[runlim] sample:		1190.54 time, 1190.62 real, 41 MB
[runlim] sample:		1200.54 time, 1200.62 real, 41 MB
[runlim] sample:		1210.54 time, 1210.62 real, 41 MB
[runlim] sample:		1220.54 time, 1220.62 real, 41 MB
[runlim] sample:		1230.54 time, 1230.62 real, 41 MB
[runlim] sample:		1240.54 time, 1240.62 real, 42 MB
[runlim] sample:		1250.54 time, 1250.62 real, 42 MB
[runlim] sample:		1260.54 time, 1260.62 real, 42 MB
[runlim] sample:		1270.54 time, 1270.62 real, 42 MB
[runlim] sample:		1280.54 time, 1280.62 real, 42 MB
[runlim] sample:		1290.54 time, 1290.62 real, 42 MB
[runlim] sample:		1300.54 time, 1300.62 real, 43 MB
[runlim] sample:		1310.54 time, 1310.62 real, 43 MB
[runlim] sample:		1320.54 time, 1320.62 real, 44 MB
[runlim] sample:		1330.54 time, 1330.62 real, 44 MB
[runlim] sample:		1340.54 time, 1340.62 real, 44 MB
[runlim] sample:		1350.54 time, 1350.62 real, 44 MB
[runlim] sample:		1360.54 time, 1360.62 real, 44 MB
[runlim] sample:		1370.54 time, 1370.62 real, 45 MB
[runlim] sample:		1380.54 time, 1380.62 real, 44 MB
[runlim] sample:		1390.54 time, 1390.62 real, 44 MB
[runlim] sample:		1400.54 time, 1400.62 real, 44 MB
[runlim] sample:		1410.54 time, 1410.62 real, 44 MB
[runlim] sample:		1420.54 time, 1420.62 real, 44 MB
[runlim] sample:		1430.54 time, 1430.62 real, 44 MB
[runlim] sample:		1440.54 time, 1440.62 real, 45 MB
[runlim] sample:		1450.54 time, 1450.62 real, 45 MB
[runlim] sample:		1460.54 time, 1460.62 real, 45 MB
[runlim] sample:		1470.54 time, 1470.62 real, 45 MB
[runlim] sample:		1480.54 time, 1480.62 real, 45 MB
[runlim] sample:		1490.54 time, 1490.62 real, 45 MB
[runlim] sample:		1500.54 time, 1500.62 real, 46 MB
[runlim] sample:		1510.54 time, 1510.62 real, 46 MB
[runlim] sample:		1520.54 time, 1520.62 real, 46 MB
[runlim] sample:		1530.54 time, 1530.62 real, 46 MB
[runlim] sample:		1540.54 time, 1540.62 real, 45 MB
[runlim] sample:		1550.54 time, 1550.62 real, 45 MB
[runlim] sample:		1560.54 time, 1560.62 real, 46 MB
[runlim] sample:		1570.54 time, 1570.62 real, 46 MB
[runlim] sample:		1580.54 time, 1580.62 real, 46 MB
[runlim] sample:		1590.54 time, 1590.62 real, 46 MB
[runlim] sample:		1600.54 time, 1600.62 real, 46 MB
[runlim] sample:		1610.54 time, 1610.62 real, 47 MB
[runlim] sample:		1620.54 time, 1620.62 real, 47 MB
[runlim] sample:		1630.54 time, 1630.62 real, 47 MB
[runlim] sample:		1640.54 time, 1640.62 real, 47 MB
[runlim] sample:		1650.54 time, 1650.62 real, 47 MB
[runlim] sample:		1660.54 time, 1660.62 real, 47 MB
[runlim] sample:		1670.54 time, 1670.62 real, 47 MB
[runlim] sample:		1680.54 time, 1680.62 real, 47 MB
[runlim] sample:		1690.54 time, 1690.62 real, 47 MB
[runlim] sample:		1700.54 time, 1700.62 real, 47 MB
[runlim] sample:		1710.54 time, 1710.62 real, 47 MB
[runlim] sample:		1720.54 time, 1720.62 real, 48 MB
[runlim] sample:		1730.54 time, 1730.62 real, 48 MB
[runlim] sample:		1740.54 time, 1740.62 real, 48 MB
[runlim] sample:		1750.54 time, 1750.62 real, 48 MB
[runlim] sample:		1760.54 time, 1760.62 real, 48 MB
[runlim] sample:		1770.54 time, 1770.62 real, 48 MB
[runlim] sample:		1780.54 time, 1780.62 real, 48 MB
[runlim] sample:		1790.54 time, 1790.62 real, 50 MB
[runlim] sample:		1800.54 time, 1800.62 real, 50 MB
[runlim] sample:		1810.54 time, 1810.62 real, 50 MB
[runlim] sample:		1820.54 time, 1820.62 real, 50 MB
[runlim] sample:		1830.54 time, 1830.62 real, 50 MB
[runlim] sample:		1840.54 time, 1840.62 real, 50 MB
[runlim] sample:		1850.54 time, 1850.62 real, 50 MB
[runlim] sample:		1860.54 time, 1860.62 real, 50 MB
[runlim] sample:		1870.54 time, 1870.62 real, 50 MB
[runlim] sample:		1880.54 time, 1880.62 real, 50 MB
[runlim] sample:		1890.54 time, 1890.62 real, 50 MB
[runlim] sample:		1900.54 time, 1900.62 real, 50 MB
[runlim] sample:		1910.54 time, 1910.62 real, 50 MB
[runlim] sample:		1920.54 time, 1920.62 real, 50 MB
[runlim] sample:		1930.54 time, 1930.62 real, 50 MB
[runlim] sample:		1940.54 time, 1940.62 real, 51 MB
[runlim] sample:		1950.54 time, 1950.62 real, 51 MB
[runlim] sample:		1960.54 time, 1960.62 real, 51 MB
[runlim] sample:		1970.54 time, 1970.62 real, 51 MB
[runlim] sample:		1980.54 time, 1980.62 real, 51 MB
[runlim] sample:		1990.54 time, 1990.62 real, 51 MB
[runlim] sample:		2000.54 time, 2000.62 real, 51 MB
[runlim] sample:		2010.54 time, 2010.62 real, 52 MB
[runlim] sample:		2020.54 time, 2020.62 real, 52 MB
[runlim] sample:		2030.54 time, 2030.62 real, 52 MB
[runlim] sample:		2040.54 time, 2040.62 real, 52 MB
[runlim] sample:		2050.54 time, 2050.62 real, 52 MB
[runlim] sample:		2060.54 time, 2060.62 real, 52 MB
[runlim] sample:		2070.54 time, 2070.62 real, 52 MB
[runlim] sample:		2080.54 time, 2080.62 real, 52 MB
[runlim] sample:		2090.54 time, 2090.62 real, 53 MB
[runlim] sample:		2100.54 time, 2100.62 real, 53 MB
[runlim] sample:		2110.54 time, 2110.62 real, 53 MB
[runlim] sample:		2120.54 time, 2120.62 real, 53 MB
[runlim] sample:		2130.54 time, 2130.62 real, 53 MB
[runlim] sample:		2140.54 time, 2140.62 real, 53 MB
[runlim] sample:		2150.54 time, 2150.62 real, 53 MB
[runlim] sample:		2160.54 time, 2160.62 real, 53 MB
[runlim] sample:		2170.54 time, 2170.62 real, 53 MB
[runlim] sample:		2180.54 time, 2180.62 real, 53 MB
[runlim] sample:		2190.54 time, 2190.62 real, 53 MB
[runlim] sample:		2200.53 time, 2200.62 real, 53 MB
[runlim] sample:		2210.53 time, 2210.62 real, 53 MB
[runlim] sample:		2220.54 time, 2220.62 real, 53 MB
[runlim] sample:		2230.54 time, 2230.62 real, 54 MB
[runlim] sample:		2240.54 time, 2240.62 real, 54 MB
[runlim] sample:		2250.54 time, 2250.62 real, 54 MB
[runlim] sample:		2260.54 time, 2260.62 real, 54 MB
[runlim] sample:		2270.53 time, 2270.62 real, 54 MB
[runlim] sample:		2280.53 time, 2280.62 real, 54 MB
[runlim] sample:		2290.53 time, 2290.62 real, 54 MB
[runlim] sample:		2300.53 time, 2300.62 real, 54 MB
[runlim] sample:		2310.53 time, 2310.62 real, 54 MB
[runlim] sample:		2320.53 time, 2320.62 real, 54 MB
[runlim] sample:		2330.53 time, 2330.62 real, 54 MB
[runlim] sample:		2340.53 time, 2340.62 real, 54 MB
[runlim] sample:		2350.54 time, 2350.62 real, 54 MB
[runlim] sample:		2360.53 time, 2360.62 real, 54 MB
[runlim] sample:		2370.54 time, 2370.62 real, 55 MB
[runlim] sample:		2380.54 time, 2380.62 real, 55 MB
[runlim] sample:		2390.54 time, 2390.62 real, 55 MB
[runlim] sample:		2400.53 time, 2400.62 real, 55 MB
[runlim] sample:		2410.53 time, 2410.62 real, 55 MB
[runlim] sample:		2420.54 time, 2420.62 real, 55 MB
[runlim] sample:		2430.54 time, 2430.62 real, 55 MB
[runlim] sample:		2440.54 time, 2440.62 real, 55 MB
[runlim] sample:		2450.54 time, 2450.62 real, 55 MB
[runlim] sample:		2460.53 time, 2460.62 real, 55 MB
[runlim] sample:		2470.53 time, 2470.62 real, 55 MB
[runlim] sample:		2480.53 time, 2480.62 real, 56 MB
[runlim] sample:		2490.53 time, 2490.62 real, 56 MB
[runlim] sample:		2500.53 time, 2500.62 real, 56 MB
[runlim] sample:		2510.54 time, 2510.62 real, 56 MB
[runlim] sample:		2520.54 time, 2520.62 real, 56 MB
[runlim] sample:		2530.53 time, 2530.62 real, 56 MB
[runlim] sample:		2540.53 time, 2540.62 real, 56 MB
[runlim] sample:		2550.54 time, 2550.62 real, 56 MB
[runlim] sample:		2560.54 time, 2560.62 real, 56 MB
[runlim] sample:		2570.53 time, 2570.62 real, 57 MB
[runlim] sample:		2580.54 time, 2580.62 real, 57 MB
[runlim] sample:		2590.53 time, 2590.62 real, 57 MB
[runlim] sample:		2600.53 time, 2600.62 real, 57 MB
[runlim] sample:		2610.53 time, 2610.62 real, 57 MB
[runlim] sample:		2620.54 time, 2620.62 real, 57 MB
[runlim] sample:		2630.53 time, 2630.62 real, 58 MB
[runlim] sample:		2640.53 time, 2640.62 real, 58 MB
[runlim] sample:		2650.53 time, 2650.62 real, 58 MB
[runlim] sample:		2660.53 time, 2660.62 real, 58 MB
[runlim] sample:		2670.53 time, 2670.62 real, 58 MB
[runlim] sample:		2680.54 time, 2680.62 real, 58 MB
[runlim] sample:		2690.53 time, 2690.62 real, 58 MB


 SIG RECEIVED

[runlim] end:			Sat Feb 29 07:54:08 2020
[runlim] status:		out of time
[runlim] result:		2
[runlim] children:		1
[runlim] real:			2700.13 seconds
[runlim] time:			2699.93 seconds
[runlim] space:			58 MB
[runlim] samples:		26994
