[runlim] version:		1.18
[runlim] host:			c3n14
[runlim] time limit:		2700 seconds
[runlim] real time limit:	2700 seconds
[runlim] space limit:		7000 MB
[runlim] argv[0]:		./binary
[runlim] argv[1]:		/data/cnf/ankit/E1-A1-instances/sortnetsort8.v.stepl.007.qdimacs
[runlim] start:			Sat Feb 29 07:09:09 2020
[runlim] child:			19223
[runlim] sample:		10.00 time, 10.02 real, 21 MB
[runlim] sample:		20.00 time, 20.02 real, 26 MB
[runlim] sample:		30.00 time, 30.02 real, 29 MB
[runlim] sample:		40.01 time, 40.02 real, 34 MB
[runlim] sample:		50.00 time, 50.02 real, 36 MB
[runlim] sample:		60.00 time, 60.02 real, 39 MB
[runlim] sample:		70.00 time, 70.02 real, 43 MB
[runlim] sample:		80.00 time, 80.02 real, 43 MB
[runlim] sample:		90.00 time, 90.02 real, 46 MB
[runlim] end:			Sat Feb 29 07:10:42 2020
[runlim] status:		ok
[runlim] result:		0
[runlim] children:		1
[runlim] real:			92.68 seconds
[runlim] time:			92.60 seconds
[runlim] space:			47 MB
[runlim] samples:		926
