[runlim] version:		1.18
[runlim] host:			c3n14
[runlim] time limit:		2700 seconds
[runlim] real time limit:	2700 seconds
[runlim] space limit:		7000 MB
[runlim] argv[0]:		./binary
[runlim] argv[1]:		/data/cnf/ankit/E1-A1-instances/sortnetsort9.v.stepl.008.qdimacs
[runlim] start:			Sat Feb 29 07:09:10 2020
[runlim] child:			19288
[runlim] sample:		10.01 time, 10.02 real, 25 MB
[runlim] sample:		20.01 time, 20.02 real, 29 MB
[runlim] sample:		30.01 time, 30.02 real, 35 MB
[runlim] sample:		40.01 time, 40.02 real, 38 MB
[runlim] sample:		50.00 time, 50.02 real, 44 MB
[runlim] sample:		60.01 time, 60.02 real, 46 MB
[runlim] sample:		70.00 time, 70.02 real, 48 MB
[runlim] sample:		80.00 time, 80.02 real, 52 MB
[runlim] sample:		90.00 time, 90.02 real, 56 MB
[runlim] sample:		100.00 time, 100.02 real, 57 MB
[runlim] sample:		110.00 time, 110.02 real, 60 MB
[runlim] sample:		120.00 time, 120.02 real, 62 MB
[runlim] sample:		130.00 time, 130.02 real, 64 MB
[runlim] sample:		140.00 time, 140.02 real, 64 MB
[runlim] sample:		150.00 time, 150.02 real, 66 MB
[runlim] sample:		160.00 time, 160.02 real, 70 MB
[runlim] sample:		170.00 time, 170.02 real, 75 MB
[runlim] sample:		180.00 time, 180.02 real, 75 MB
[runlim] sample:		190.00 time, 190.02 real, 75 MB
[runlim] sample:		200.00 time, 200.02 real, 78 MB
[runlim] sample:		210.00 time, 210.02 real, 80 MB
[runlim] sample:		220.00 time, 220.02 real, 81 MB
[runlim] sample:		230.10 time, 230.12 real, 83 MB
[runlim] sample:		240.10 time, 240.12 real, 83 MB
[runlim] sample:		250.10 time, 250.12 real, 83 MB
[runlim] sample:		260.10 time, 260.12 real, 84 MB
[runlim] sample:		270.10 time, 270.12 real, 85 MB
[runlim] sample:		280.10 time, 280.12 real, 86 MB
[runlim] sample:		290.11 time, 290.12 real, 88 MB
[runlim] sample:		300.10 time, 300.12 real, 89 MB
[runlim] sample:		310.10 time, 310.12 real, 90 MB
[runlim] sample:		320.11 time, 320.12 real, 91 MB
[runlim] sample:		330.11 time, 330.12 real, 92 MB
[runlim] sample:		340.11 time, 340.12 real, 93 MB
[runlim] sample:		350.11 time, 350.12 real, 93 MB
[runlim] sample:		360.10 time, 360.12 real, 96 MB
[runlim] sample:		370.10 time, 370.12 real, 97 MB
[runlim] sample:		380.10 time, 380.12 real, 98 MB
[runlim] sample:		390.10 time, 390.12 real, 98 MB
[runlim] sample:		400.10 time, 400.12 real, 98 MB
[runlim] sample:		410.10 time, 410.12 real, 100 MB
[runlim] sample:		420.10 time, 420.12 real, 103 MB
[runlim] sample:		430.10 time, 430.12 real, 103 MB
[runlim] sample:		440.10 time, 440.12 real, 104 MB
[runlim] sample:		450.10 time, 450.12 real, 105 MB
[runlim] sample:		460.10 time, 460.12 real, 105 MB
[runlim] sample:		470.11 time, 470.12 real, 106 MB
[runlim] sample:		480.10 time, 480.12 real, 108 MB
[runlim] sample:		490.10 time, 490.12 real, 110 MB
[runlim] sample:		500.10 time, 500.12 real, 110 MB
[runlim] sample:		510.10 time, 510.12 real, 111 MB
[runlim] sample:		520.10 time, 520.12 real, 112 MB
[runlim] sample:		530.10 time, 530.12 real, 112 MB
[runlim] sample:		540.10 time, 540.12 real, 115 MB
[runlim] sample:		550.10 time, 550.12 real, 115 MB
[runlim] sample:		560.10 time, 560.12 real, 116 MB
[runlim] sample:		570.16 time, 570.17 real, 117 MB
[runlim] sample:		580.20 time, 580.22 real, 119 MB
[runlim] sample:		590.20 time, 590.22 real, 119 MB
[runlim] sample:		600.20 time, 600.22 real, 120 MB
[runlim] sample:		610.20 time, 610.22 real, 120 MB
[runlim] sample:		620.21 time, 620.22 real, 120 MB
[runlim] sample:		630.20 time, 630.22 real, 120 MB
[runlim] sample:		640.20 time, 640.22 real, 121 MB
[runlim] sample:		650.21 time, 650.22 real, 122 MB
[runlim] sample:		660.21 time, 660.22 real, 125 MB
[runlim] sample:		670.40 time, 670.42 real, 125 MB
[runlim] sample:		680.40 time, 680.42 real, 128 MB
[runlim] sample:		690.40 time, 690.42 real, 128 MB
[runlim] sample:		700.40 time, 700.42 real, 129 MB
[runlim] sample:		710.41 time, 710.42 real, 132 MB
[runlim] sample:		720.41 time, 720.42 real, 133 MB
[runlim] sample:		730.41 time, 730.42 real, 133 MB
[runlim] sample:		740.40 time, 740.42 real, 133 MB
[runlim] sample:		750.41 time, 750.42 real, 133 MB
[runlim] sample:		760.40 time, 760.42 real, 134 MB
[runlim] sample:		770.40 time, 770.42 real, 135 MB
[runlim] sample:		780.40 time, 780.42 real, 136 MB
[runlim] sample:		790.40 time, 790.42 real, 136 MB
[runlim] sample:		800.40 time, 800.42 real, 137 MB
[runlim] sample:		810.40 time, 810.42 real, 138 MB
[runlim] sample:		820.40 time, 820.42 real, 138 MB
[runlim] sample:		830.40 time, 830.42 real, 139 MB
[runlim] sample:		840.40 time, 840.42 real, 141 MB
[runlim] sample:		850.40 time, 850.42 real, 141 MB
[runlim] sample:		860.40 time, 860.42 real, 141 MB
[runlim] sample:		870.40 time, 870.42 real, 141 MB
[runlim] sample:		880.40 time, 880.42 real, 142 MB
[runlim] sample:		890.40 time, 890.42 real, 142 MB
[runlim] sample:		900.40 time, 900.42 real, 143 MB
[runlim] sample:		910.40 time, 910.42 real, 146 MB
[runlim] sample:		920.40 time, 920.42 real, 146 MB
[runlim] sample:		930.40 time, 930.42 real, 146 MB
[runlim] sample:		940.40 time, 940.42 real, 146 MB
[runlim] sample:		950.40 time, 950.42 real, 148 MB
[runlim] sample:		960.40 time, 960.42 real, 150 MB
[runlim] sample:		970.40 time, 970.42 real, 151 MB
[runlim] sample:		980.40 time, 980.42 real, 151 MB
[runlim] sample:		990.40 time, 990.42 real, 152 MB
[runlim] sample:		1000.40 time, 1000.42 real, 152 MB
[runlim] sample:		1010.40 time, 1010.42 real, 152 MB
[runlim] sample:		1020.40 time, 1020.42 real, 155 MB
[runlim] sample:		1030.40 time, 1030.42 real, 155 MB
[runlim] sample:		1040.40 time, 1040.42 real, 156 MB
[runlim] sample:		1050.40 time, 1050.42 real, 157 MB
[runlim] sample:		1060.40 time, 1060.42 real, 157 MB
[runlim] sample:		1070.40 time, 1070.42 real, 158 MB
[runlim] sample:		1080.40 time, 1080.42 real, 163 MB
[runlim] sample:		1090.40 time, 1090.42 real, 165 MB
[runlim] sample:		1100.40 time, 1100.42 real, 167 MB
[runlim] sample:		1110.40 time, 1110.42 real, 168 MB
[runlim] sample:		1120.40 time, 1120.42 real, 168 MB
[runlim] sample:		1130.40 time, 1130.42 real, 168 MB
[runlim] sample:		1140.40 time, 1140.42 real, 169 MB
[runlim] sample:		1150.40 time, 1150.42 real, 169 MB
[runlim] sample:		1160.40 time, 1160.42 real, 169 MB
[runlim] sample:		1170.41 time, 1170.42 real, 170 MB
[runlim] sample:		1180.41 time, 1180.42 real, 170 MB
[runlim] sample:		1190.40 time, 1190.42 real, 170 MB
[runlim] sample:		1200.40 time, 1200.42 real, 170 MB
[runlim] sample:		1210.40 time, 1210.42 real, 170 MB
[runlim] sample:		1220.40 time, 1220.42 real, 170 MB
[runlim] sample:		1230.40 time, 1230.42 real, 171 MB
[runlim] sample:		1240.40 time, 1240.42 real, 171 MB
[runlim] sample:		1250.40 time, 1250.42 real, 171 MB
[runlim] sample:		1260.40 time, 1260.42 real, 172 MB
[runlim] sample:		1270.41 time, 1270.42 real, 172 MB
[runlim] sample:		1280.41 time, 1280.42 real, 172 MB
[runlim] sample:		1290.40 time, 1290.42 real, 172 MB
[runlim] sample:		1300.40 time, 1300.42 real, 172 MB
[runlim] sample:		1310.40 time, 1310.42 real, 172 MB
[runlim] sample:		1320.40 time, 1320.42 real, 173 MB
[runlim] sample:		1330.40 time, 1330.42 real, 173 MB
[runlim] sample:		1340.41 time, 1340.42 real, 175 MB
[runlim] sample:		1350.41 time, 1350.42 real, 176 MB
[runlim] sample:		1360.40 time, 1360.42 real, 176 MB
[runlim] sample:		1370.40 time, 1370.42 real, 177 MB
[runlim] sample:		1380.40 time, 1380.42 real, 177 MB
[runlim] sample:		1390.40 time, 1390.42 real, 177 MB
[runlim] sample:		1400.40 time, 1400.42 real, 177 MB
[runlim] sample:		1410.41 time, 1410.42 real, 179 MB
[runlim] sample:		1420.41 time, 1420.42 real, 180 MB
[runlim] sample:		1430.40 time, 1430.42 real, 181 MB
[runlim] sample:		1440.40 time, 1440.42 real, 187 MB
[runlim] sample:		1450.40 time, 1450.42 real, 187 MB
[runlim] sample:		1460.40 time, 1460.42 real, 188 MB
[runlim] sample:		1470.40 time, 1470.42 real, 188 MB
[runlim] sample:		1480.39 time, 1480.42 real, 189 MB
[runlim] sample:		1490.39 time, 1490.42 real, 189 MB
[runlim] sample:		1500.39 time, 1500.42 real, 189 MB
[runlim] sample:		1510.39 time, 1510.42 real, 189 MB
[runlim] sample:		1520.39 time, 1520.42 real, 190 MB
[runlim] sample:		1530.39 time, 1530.42 real, 190 MB
[runlim] sample:		1540.40 time, 1540.42 real, 190 MB
[runlim] sample:		1550.40 time, 1550.42 real, 190 MB
[runlim] sample:		1560.40 time, 1560.42 real, 190 MB
[runlim] sample:		1570.40 time, 1570.42 real, 190 MB
[runlim] sample:		1580.40 time, 1580.42 real, 190 MB
[runlim] sample:		1590.40 time, 1590.42 real, 190 MB
[runlim] sample:		1600.39 time, 1600.42 real, 190 MB
[runlim] sample:		1610.39 time, 1610.42 real, 190 MB
[runlim] sample:		1620.39 time, 1620.42 real, 190 MB
[runlim] sample:		1630.40 time, 1630.42 real, 190 MB
[runlim] sample:		1640.40 time, 1640.42 real, 191 MB
[runlim] sample:		1650.39 time, 1650.42 real, 193 MB
[runlim] sample:		1660.40 time, 1660.42 real, 193 MB
[runlim] sample:		1670.40 time, 1670.42 real, 193 MB
[runlim] sample:		1680.40 time, 1680.42 real, 194 MB
[runlim] sample:		1690.40 time, 1690.42 real, 195 MB
[runlim] sample:		1700.40 time, 1700.42 real, 195 MB
[runlim] sample:		1710.40 time, 1710.42 real, 196 MB
[runlim] sample:		1720.39 time, 1720.42 real, 196 MB
[runlim] sample:		1730.40 time, 1730.42 real, 196 MB
[runlim] sample:		1740.39 time, 1740.42 real, 196 MB
[runlim] sample:		1750.40 time, 1750.42 real, 197 MB
[runlim] sample:		1760.40 time, 1760.42 real, 199 MB
[runlim] sample:		1770.40 time, 1770.42 real, 199 MB
[runlim] sample:		1780.40 time, 1780.42 real, 199 MB
[runlim] sample:		1790.40 time, 1790.42 real, 199 MB
[runlim] sample:		1800.39 time, 1800.42 real, 201 MB
[runlim] sample:		1810.40 time, 1810.42 real, 201 MB
[runlim] sample:		1820.40 time, 1820.42 real, 201 MB
[runlim] sample:		1830.39 time, 1830.42 real, 203 MB
[runlim] sample:		1840.40 time, 1840.42 real, 203 MB
[runlim] sample:		1850.40 time, 1850.42 real, 203 MB
[runlim] sample:		1860.40 time, 1860.42 real, 203 MB
[runlim] sample:		1870.40 time, 1870.42 real, 203 MB
[runlim] sample:		1880.39 time, 1880.42 real, 204 MB
[runlim] sample:		1890.39 time, 1890.42 real, 204 MB
[runlim] sample:		1900.40 time, 1900.42 real, 204 MB
[runlim] sample:		1910.40 time, 1910.42 real, 204 MB
[runlim] sample:		1920.40 time, 1920.42 real, 205 MB
[runlim] sample:		1930.39 time, 1930.42 real, 205 MB
[runlim] sample:		1940.40 time, 1940.42 real, 205 MB
[runlim] sample:		1950.40 time, 1950.42 real, 205 MB
[runlim] sample:		1960.40 time, 1960.42 real, 205 MB
[runlim] sample:		1970.40 time, 1970.42 real, 206 MB
[runlim] sample:		1980.39 time, 1980.42 real, 206 MB
[runlim] sample:		1990.40 time, 1990.42 real, 206 MB
[runlim] sample:		2000.40 time, 2000.42 real, 206 MB
[runlim] sample:		2010.40 time, 2010.42 real, 206 MB
[runlim] sample:		2020.40 time, 2020.42 real, 207 MB
[runlim] sample:		2030.40 time, 2030.42 real, 207 MB
[runlim] sample:		2040.40 time, 2040.42 real, 207 MB
[runlim] sample:		2050.40 time, 2050.42 real, 207 MB
[runlim] sample:		2060.40 time, 2060.42 real, 209 MB
[runlim] sample:		2070.40 time, 2070.42 real, 209 MB
[runlim] sample:		2080.40 time, 2080.42 real, 209 MB
[runlim] sample:		2090.40 time, 2090.42 real, 209 MB
[runlim] sample:		2100.40 time, 2100.42 real, 210 MB
[runlim] sample:		2110.40 time, 2110.42 real, 210 MB
[runlim] sample:		2120.40 time, 2120.42 real, 210 MB
[runlim] sample:		2130.39 time, 2130.42 real, 210 MB
[runlim] sample:		2140.40 time, 2140.42 real, 210 MB
[runlim] sample:		2150.39 time, 2150.42 real, 210 MB
[runlim] sample:		2160.40 time, 2160.42 real, 210 MB
[runlim] end:			Sat Feb 29 07:45:13 2020
[runlim] status:		ok
[runlim] result:		0
[runlim] children:		1
[runlim] real:			2162.47 seconds
[runlim] time:			2162.40 seconds
[runlim] space:			210 MB
[runlim] samples:		21620
