[runlim] version:		1.18
[runlim] host:			c3n15
[runlim] time limit:		2700 seconds
[runlim] real time limit:	2700 seconds
[runlim] space limit:		7000 MB
[runlim] argv[0]:		./binary
[runlim] argv[1]:		/data/cnf/ankit/E1-A1-instances/sortnetsort9.v.stepl.010.qdimacs
[runlim] start:			Sat Feb 29 07:09:08 2020
[runlim] child:			17339
[runlim] sample:		9.88 time, 10.02 real, 27 MB
[runlim] sample:		19.88 time, 20.02 real, 39 MB
[runlim] sample:		29.88 time, 30.02 real, 39 MB
[runlim] sample:		39.88 time, 40.02 real, 49 MB
[runlim] sample:		49.88 time, 50.02 real, 49 MB
[runlim] sample:		59.88 time, 60.02 real, 57 MB
[runlim] sample:		69.88 time, 70.02 real, 57 MB
[runlim] sample:		79.88 time, 80.02 real, 58 MB
[runlim] sample:		89.88 time, 90.02 real, 61 MB
[runlim] sample:		99.88 time, 100.02 real, 65 MB
[runlim] sample:		109.87 time, 110.02 real, 67 MB
[runlim] sample:		119.88 time, 120.02 real, 73 MB
[runlim] sample:		129.88 time, 130.02 real, 73 MB
[runlim] sample:		139.88 time, 140.02 real, 82 MB
[runlim] sample:		149.88 time, 150.02 real, 82 MB
[runlim] sample:		159.88 time, 160.02 real, 82 MB
[runlim] sample:		169.88 time, 170.02 real, 82 MB
[runlim] end:			Sat Feb 29 07:12:03 2020
[runlim] status:		ok
[runlim] result:		0
[runlim] children:		1
[runlim] real:			175.30 seconds
[runlim] time:			175.08 seconds
[runlim] space:			82 MB
[runlim] samples:		1752
