[runlim] version:		1.18
[runlim] host:			c3n14
[runlim] time limit:		2700 seconds
[runlim] real time limit:	2700 seconds
[runlim] space limit:		7000 MB
[runlim] argv[0]:		./binary
[runlim] argv[1]:		/data/cnf/ankit/E1-A1-instances/sortnetsort9.v.stepl.004.qdimacs
[runlim] start:			Sat Feb 29 07:09:10 2020
[runlim] child:			19259
[runlim] sample:		9.88 time, 10.02 real, 16 MB
[runlim] sample:		19.87 time, 20.02 real, 21 MB
[runlim] sample:		29.88 time, 30.02 real, 24 MB
[runlim] sample:		39.88 time, 40.02 real, 26 MB
[runlim] sample:		49.88 time, 50.02 real, 29 MB
[runlim] sample:		59.88 time, 60.02 real, 34 MB
[runlim] sample:		69.88 time, 70.02 real, 34 MB
[runlim] sample:		79.88 time, 80.02 real, 35 MB
[runlim] sample:		89.88 time, 90.02 real, 36 MB
[runlim] sample:		99.88 time, 100.02 real, 38 MB
[runlim] sample:		109.88 time, 110.02 real, 39 MB
[runlim] sample:		119.88 time, 120.02 real, 40 MB
[runlim] sample:		129.88 time, 130.02 real, 40 MB
[runlim] sample:		139.87 time, 140.02 real, 41 MB
[runlim] sample:		149.87 time, 150.02 real, 41 MB
[runlim] sample:		159.88 time, 160.02 real, 45 MB
[runlim] sample:		169.87 time, 170.01 real, 45 MB
[runlim] sample:		179.87 time, 180.01 real, 45 MB
[runlim] sample:		189.87 time, 190.02 real, 45 MB
[runlim] sample:		199.87 time, 200.01 real, 45 MB
[runlim] sample:		209.87 time, 210.01 real, 46 MB
[runlim] sample:		219.88 time, 220.02 real, 47 MB
[runlim] sample:		229.88 time, 230.02 real, 47 MB
[runlim] sample:		239.87 time, 240.02 real, 47 MB
[runlim] sample:		249.87 time, 250.02 real, 48 MB
[runlim] sample:		259.87 time, 260.02 real, 49 MB
[runlim] sample:		269.87 time, 270.02 real, 49 MB
[runlim] sample:		279.88 time, 280.02 real, 52 MB
[runlim] sample:		289.88 time, 290.02 real, 52 MB
[runlim] sample:		299.88 time, 300.02 real, 52 MB
[runlim] sample:		309.88 time, 310.02 real, 52 MB
[runlim] sample:		319.88 time, 320.02 real, 53 MB
[runlim] sample:		329.87 time, 330.02 real, 53 MB
[runlim] sample:		339.87 time, 340.02 real, 54 MB
[runlim] sample:		349.87 time, 350.02 real, 54 MB
[runlim] sample:		359.87 time, 360.02 real, 54 MB
[runlim] sample:		369.87 time, 370.02 real, 54 MB
[runlim] sample:		379.87 time, 380.02 real, 55 MB
[runlim] sample:		389.87 time, 390.02 real, 55 MB
[runlim] sample:		399.87 time, 400.02 real, 55 MB
[runlim] sample:		409.87 time, 410.02 real, 55 MB
[runlim] sample:		419.87 time, 420.02 real, 56 MB
[runlim] sample:		429.87 time, 430.02 real, 56 MB
[runlim] sample:		439.87 time, 440.02 real, 56 MB
[runlim] sample:		449.87 time, 450.02 real, 58 MB
[runlim] sample:		459.87 time, 460.02 real, 59 MB
[runlim] sample:		469.87 time, 470.02 real, 59 MB
[runlim] sample:		479.87 time, 480.02 real, 59 MB
[runlim] sample:		489.87 time, 490.02 real, 59 MB
[runlim] sample:		499.87 time, 500.02 real, 59 MB
[runlim] sample:		509.87 time, 510.02 real, 60 MB
[runlim] sample:		519.87 time, 520.02 real, 60 MB
[runlim] sample:		529.87 time, 530.02 real, 60 MB
[runlim] sample:		539.87 time, 540.02 real, 60 MB
[runlim] sample:		549.87 time, 550.02 real, 61 MB
[runlim] sample:		559.86 time, 560.02 real, 61 MB
[runlim] sample:		569.87 time, 570.02 real, 61 MB
[runlim] sample:		579.96 time, 580.12 real, 61 MB
[runlim] sample:		589.96 time, 590.12 real, 62 MB
[runlim] sample:		599.96 time, 600.12 real, 62 MB
[runlim] sample:		609.97 time, 610.12 real, 62 MB
[runlim] sample:		619.97 time, 620.12 real, 65 MB
[runlim] sample:		629.97 time, 630.12 real, 65 MB
[runlim] sample:		639.97 time, 640.12 real, 65 MB
[runlim] sample:		649.97 time, 650.12 real, 65 MB
[runlim] sample:		659.97 time, 660.12 real, 65 MB
[runlim] sample:		670.17 time, 670.32 real, 65 MB
[runlim] sample:		680.17 time, 680.32 real, 65 MB
[runlim] sample:		690.17 time, 690.32 real, 65 MB
[runlim] sample:		700.17 time, 700.32 real, 65 MB
[runlim] sample:		710.17 time, 710.32 real, 65 MB
[runlim] sample:		720.17 time, 720.32 real, 65 MB
[runlim] sample:		730.17 time, 730.32 real, 65 MB
[runlim] sample:		740.17 time, 740.32 real, 65 MB
[runlim] sample:		750.17 time, 750.32 real, 65 MB
[runlim] sample:		760.17 time, 760.32 real, 65 MB
[runlim] sample:		770.17 time, 770.32 real, 65 MB
[runlim] sample:		780.17 time, 780.32 real, 66 MB
[runlim] sample:		790.17 time, 790.32 real, 66 MB
[runlim] sample:		800.17 time, 800.32 real, 66 MB
[runlim] sample:		810.17 time, 810.32 real, 66 MB
[runlim] sample:		820.17 time, 820.32 real, 67 MB
[runlim] sample:		830.17 time, 830.32 real, 67 MB
[runlim] sample:		840.16 time, 840.32 real, 68 MB
[runlim] sample:		850.16 time, 850.32 real, 69 MB
[runlim] sample:		860.16 time, 860.32 real, 69 MB
[runlim] sample:		870.16 time, 870.32 real, 70 MB
[runlim] sample:		880.16 time, 880.32 real, 70 MB
[runlim] sample:		890.17 time, 890.32 real, 70 MB
[runlim] sample:		900.17 time, 900.32 real, 70 MB
[runlim] sample:		910.17 time, 910.32 real, 70 MB
[runlim] sample:		920.17 time, 920.32 real, 70 MB
[runlim] sample:		930.17 time, 930.32 real, 70 MB
[runlim] sample:		940.17 time, 940.32 real, 70 MB
[runlim] sample:		950.16 time, 950.32 real, 70 MB
[runlim] sample:		960.16 time, 960.32 real, 71 MB
[runlim] sample:		970.16 time, 970.32 real, 71 MB
[runlim] sample:		980.16 time, 980.32 real, 71 MB
[runlim] sample:		990.16 time, 990.32 real, 71 MB
[runlim] sample:		1000.16 time, 1000.32 real, 71 MB
[runlim] sample:		1010.16 time, 1010.32 real, 71 MB
[runlim] sample:		1020.16 time, 1020.32 real, 71 MB
[runlim] sample:		1030.16 time, 1030.32 real, 71 MB
[runlim] sample:		1040.17 time, 1040.32 real, 71 MB
[runlim] sample:		1050.17 time, 1050.32 real, 72 MB
[runlim] sample:		1060.17 time, 1060.32 real, 72 MB
[runlim] sample:		1070.17 time, 1070.32 real, 73 MB
[runlim] sample:		1080.17 time, 1080.32 real, 74 MB
[runlim] sample:		1090.17 time, 1090.32 real, 74 MB
[runlim] sample:		1100.17 time, 1100.32 real, 74 MB
[runlim] sample:		1110.17 time, 1110.32 real, 75 MB
[runlim] sample:		1120.17 time, 1120.32 real, 75 MB
[runlim] sample:		1130.17 time, 1130.32 real, 75 MB
[runlim] sample:		1140.17 time, 1140.32 real, 77 MB
[runlim] sample:		1150.17 time, 1150.32 real, 77 MB
[runlim] sample:		1160.17 time, 1160.32 real, 77 MB
[runlim] sample:		1170.17 time, 1170.32 real, 77 MB
[runlim] sample:		1180.17 time, 1180.32 real, 77 MB
[runlim] sample:		1190.17 time, 1190.32 real, 77 MB
[runlim] sample:		1200.17 time, 1200.32 real, 77 MB
[runlim] sample:		1210.17 time, 1210.32 real, 77 MB
[runlim] sample:		1220.17 time, 1220.32 real, 77 MB
[runlim] sample:		1230.17 time, 1230.32 real, 77 MB
[runlim] sample:		1240.17 time, 1240.32 real, 77 MB
[runlim] sample:		1250.17 time, 1250.32 real, 78 MB
[runlim] sample:		1260.17 time, 1260.32 real, 78 MB
[runlim] sample:		1270.17 time, 1270.32 real, 78 MB
[runlim] sample:		1280.16 time, 1280.32 real, 77 MB
[runlim] sample:		1290.16 time, 1290.32 real, 78 MB
[runlim] sample:		1300.16 time, 1300.32 real, 79 MB
[runlim] sample:		1310.16 time, 1310.32 real, 79 MB
[runlim] sample:		1320.16 time, 1320.32 real, 79 MB
[runlim] sample:		1330.17 time, 1330.32 real, 79 MB
[runlim] sample:		1340.17 time, 1340.32 real, 79 MB
[runlim] sample:		1350.17 time, 1350.32 real, 79 MB
[runlim] sample:		1360.17 time, 1360.32 real, 79 MB
[runlim] sample:		1370.17 time, 1370.32 real, 80 MB
[runlim] sample:		1380.17 time, 1380.32 real, 80 MB
[runlim] sample:		1390.17 time, 1390.32 real, 80 MB
[runlim] sample:		1400.17 time, 1400.32 real, 80 MB
[runlim] sample:		1410.17 time, 1410.32 real, 80 MB
[runlim] sample:		1420.17 time, 1420.32 real, 80 MB
[runlim] sample:		1430.17 time, 1430.32 real, 80 MB
[runlim] sample:		1440.17 time, 1440.32 real, 80 MB
[runlim] sample:		1450.17 time, 1450.32 real, 80 MB
[runlim] sample:		1460.17 time, 1460.32 real, 80 MB
[runlim] sample:		1470.17 time, 1470.32 real, 80 MB
[runlim] sample:		1480.17 time, 1480.32 real, 80 MB
[runlim] sample:		1490.17 time, 1490.32 real, 80 MB
[runlim] sample:		1500.17 time, 1500.32 real, 80 MB
[runlim] sample:		1510.17 time, 1510.32 real, 83 MB
[runlim] sample:		1520.17 time, 1520.32 real, 83 MB
[runlim] sample:		1530.17 time, 1530.32 real, 83 MB
[runlim] sample:		1540.17 time, 1540.32 real, 83 MB
[runlim] sample:		1550.17 time, 1550.32 real, 83 MB
[runlim] sample:		1560.17 time, 1560.32 real, 83 MB
[runlim] sample:		1570.17 time, 1570.32 real, 83 MB
[runlim] sample:		1580.17 time, 1580.32 real, 83 MB
[runlim] sample:		1590.17 time, 1590.32 real, 83 MB
[runlim] sample:		1600.17 time, 1600.32 real, 83 MB
[runlim] sample:		1610.17 time, 1610.32 real, 83 MB
[runlim] sample:		1620.17 time, 1620.32 real, 83 MB
[runlim] sample:		1630.17 time, 1630.32 real, 83 MB
[runlim] sample:		1640.17 time, 1640.32 real, 83 MB
[runlim] sample:		1650.17 time, 1650.32 real, 83 MB
[runlim] sample:		1660.17 time, 1660.32 real, 83 MB
[runlim] sample:		1670.17 time, 1670.32 real, 83 MB
[runlim] sample:		1680.17 time, 1680.32 real, 83 MB
[runlim] sample:		1690.17 time, 1690.32 real, 83 MB
[runlim] sample:		1700.17 time, 1700.32 real, 84 MB
[runlim] sample:		1710.16 time, 1710.32 real, 84 MB
[runlim] sample:		1720.16 time, 1720.32 real, 84 MB
[runlim] sample:		1730.16 time, 1730.32 real, 84 MB
[runlim] sample:		1740.16 time, 1740.32 real, 84 MB
[runlim] sample:		1750.16 time, 1750.32 real, 84 MB
[runlim] sample:		1760.16 time, 1760.32 real, 84 MB
[runlim] sample:		1770.16 time, 1770.32 real, 84 MB
[runlim] sample:		1780.16 time, 1780.32 real, 84 MB
[runlim] sample:		1790.16 time, 1790.32 real, 84 MB
[runlim] sample:		1800.16 time, 1800.32 real, 84 MB
[runlim] sample:		1810.16 time, 1810.32 real, 85 MB
[runlim] sample:		1820.16 time, 1820.32 real, 85 MB
[runlim] sample:		1830.16 time, 1830.32 real, 85 MB
[runlim] sample:		1840.16 time, 1840.32 real, 85 MB
[runlim] sample:		1850.16 time, 1850.32 real, 85 MB
[runlim] sample:		1860.16 time, 1860.32 real, 85 MB
[runlim] sample:		1870.16 time, 1870.32 real, 85 MB
[runlim] sample:		1880.16 time, 1880.32 real, 85 MB
[runlim] sample:		1890.16 time, 1890.32 real, 86 MB
[runlim] sample:		1900.16 time, 1900.32 real, 86 MB
[runlim] sample:		1910.17 time, 1910.32 real, 86 MB
[runlim] sample:		1920.17 time, 1920.32 real, 86 MB
[runlim] sample:		1930.17 time, 1930.32 real, 86 MB
[runlim] sample:		1940.17 time, 1940.32 real, 86 MB
[runlim] sample:		1950.17 time, 1950.32 real, 86 MB
[runlim] sample:		1960.17 time, 1960.32 real, 86 MB
[runlim] sample:		1970.17 time, 1970.32 real, 86 MB
[runlim] sample:		1980.17 time, 1980.32 real, 86 MB
[runlim] sample:		1990.17 time, 1990.32 real, 86 MB
[runlim] sample:		2000.17 time, 2000.32 real, 86 MB
[runlim] sample:		2010.17 time, 2010.32 real, 86 MB
[runlim] sample:		2020.16 time, 2020.32 real, 86 MB
[runlim] sample:		2030.16 time, 2030.32 real, 86 MB
[runlim] sample:		2040.16 time, 2040.32 real, 86 MB
[runlim] sample:		2050.16 time, 2050.32 real, 86 MB
[runlim] sample:		2060.16 time, 2060.32 real, 87 MB
[runlim] sample:		2070.16 time, 2070.32 real, 87 MB
[runlim] sample:		2080.16 time, 2080.32 real, 87 MB
[runlim] sample:		2090.16 time, 2090.32 real, 87 MB
[runlim] sample:		2100.16 time, 2100.32 real, 87 MB
[runlim] sample:		2110.16 time, 2110.32 real, 87 MB
[runlim] sample:		2120.16 time, 2120.32 real, 87 MB
[runlim] sample:		2130.17 time, 2130.32 real, 88 MB
[runlim] sample:		2140.17 time, 2140.32 real, 88 MB
[runlim] sample:		2150.17 time, 2150.32 real, 88 MB
[runlim] sample:		2160.17 time, 2160.32 real, 88 MB
[runlim] sample:		2170.17 time, 2170.32 real, 88 MB
[runlim] sample:		2180.17 time, 2180.32 real, 88 MB
[runlim] sample:		2190.17 time, 2190.32 real, 88 MB
[runlim] sample:		2200.17 time, 2200.32 real, 88 MB
[runlim] sample:		2210.17 time, 2210.32 real, 89 MB
[runlim] sample:		2220.17 time, 2220.32 real, 90 MB
[runlim] sample:		2230.17 time, 2230.32 real, 90 MB
[runlim] sample:		2240.17 time, 2240.32 real, 90 MB
[runlim] sample:		2250.17 time, 2250.32 real, 90 MB
[runlim] sample:		2260.17 time, 2260.32 real, 90 MB
[runlim] sample:		2270.17 time, 2270.32 real, 91 MB
[runlim] sample:		2280.17 time, 2280.32 real, 91 MB
[runlim] sample:		2290.17 time, 2290.32 real, 91 MB
[runlim] sample:		2300.16 time, 2300.32 real, 92 MB
[runlim] sample:		2310.16 time, 2310.32 real, 92 MB
[runlim] sample:		2320.17 time, 2320.32 real, 93 MB
[runlim] sample:		2330.17 time, 2330.32 real, 93 MB
[runlim] sample:		2340.17 time, 2340.32 real, 93 MB
[runlim] sample:		2350.17 time, 2350.32 real, 93 MB
[runlim] sample:		2360.17 time, 2360.32 real, 93 MB
[runlim] sample:		2370.16 time, 2370.32 real, 93 MB
[runlim] sample:		2380.16 time, 2380.32 real, 93 MB
[runlim] sample:		2390.16 time, 2390.32 real, 93 MB
[runlim] sample:		2400.16 time, 2400.32 real, 93 MB
[runlim] sample:		2410.16 time, 2410.32 real, 93 MB
[runlim] sample:		2420.16 time, 2420.32 real, 93 MB
[runlim] sample:		2430.16 time, 2430.32 real, 93 MB
[runlim] sample:		2440.16 time, 2440.32 real, 93 MB
[runlim] sample:		2450.16 time, 2450.32 real, 93 MB
[runlim] sample:		2460.16 time, 2460.32 real, 93 MB
[runlim] sample:		2470.16 time, 2470.32 real, 93 MB
[runlim] sample:		2480.16 time, 2480.32 real, 93 MB
[runlim] sample:		2490.16 time, 2490.32 real, 93 MB
[runlim] sample:		2500.16 time, 2500.32 real, 93 MB
[runlim] sample:		2510.16 time, 2510.32 real, 93 MB
[runlim] sample:		2520.16 time, 2520.32 real, 93 MB
[runlim] sample:		2530.13 time, 2530.32 real, 93 MB
[runlim] sample:		2540.10 time, 2540.32 real, 93 MB
[runlim] sample:		2550.07 time, 2550.32 real, 93 MB
[runlim] sample:		2560.04 time, 2560.32 real, 93 MB
[runlim] sample:		2570.02 time, 2570.32 real, 93 MB
[runlim] sample:		2580.00 time, 2580.32 real, 94 MB
[runlim] sample:		2589.97 time, 2590.32 real, 94 MB
[runlim] sample:		2599.94 time, 2600.32 real, 94 MB
[runlim] sample:		2609.91 time, 2610.32 real, 94 MB
[runlim] sample:		2619.88 time, 2620.32 real, 94 MB
[runlim] sample:		2629.85 time, 2630.32 real, 94 MB
[runlim] sample:		2639.83 time, 2640.32 real, 94 MB
[runlim] sample:		2649.80 time, 2650.32 real, 94 MB
[runlim] sample:		2659.76 time, 2660.32 real, 94 MB
[runlim] sample:		2669.74 time, 2670.32 real, 95 MB
[runlim] sample:		2679.71 time, 2680.32 real, 95 MB
[runlim] sample:		2689.69 time, 2690.32 real, 96 MB


 SIG RECEIVED

[runlim] end:			Sat Feb 29 07:54:10 2020
[runlim] status:		out of time
[runlim] result:		2
[runlim] children:		1
[runlim] real:			2700.12 seconds
[runlim] time:			2699.35 seconds
[runlim] space:			96 MB
[runlim] samples:		26997
