[runlim] version:		1.18
[runlim] host:			c3n14
[runlim] time limit:		2700 seconds
[runlim] real time limit:	2700 seconds
[runlim] space limit:		7000 MB
[runlim] argv[0]:		./binary
[runlim] argv[1]:		/data/cnf/ankit/E1-A1-instances/sortnetsort9.v.stepl.006.qdimacs
[runlim] start:			Sat Feb 29 07:09:10 2020
[runlim] child:			19303
[runlim] sample:		10.01 time, 10.02 real, 21 MB
[runlim] sample:		20.00 time, 20.02 real, 26 MB
[runlim] sample:		30.00 time, 30.02 real, 31 MB
[runlim] sample:		40.01 time, 40.02 real, 37 MB
[runlim] sample:		50.01 time, 50.02 real, 38 MB
[runlim] sample:		60.01 time, 60.02 real, 40 MB
[runlim] sample:		70.00 time, 70.02 real, 44 MB
[runlim] sample:		80.00 time, 80.02 real, 46 MB
[runlim] sample:		90.00 time, 90.02 real, 48 MB
[runlim] sample:		100.00 time, 100.02 real, 50 MB
[runlim] sample:		110.01 time, 110.02 real, 53 MB
[runlim] sample:		120.01 time, 120.02 real, 54 MB
[runlim] sample:		130.01 time, 130.02 real, 55 MB
[runlim] sample:		140.01 time, 140.02 real, 56 MB
[runlim] sample:		150.00 time, 150.01 real, 58 MB
[runlim] sample:		160.00 time, 160.02 real, 60 MB
[runlim] sample:		170.00 time, 170.02 real, 62 MB
[runlim] sample:		180.00 time, 180.02 real, 63 MB
[runlim] sample:		190.00 time, 190.01 real, 63 MB
[runlim] sample:		200.00 time, 200.01 real, 64 MB
[runlim] sample:		210.00 time, 210.01 real, 65 MB
[runlim] sample:		220.00 time, 220.01 real, 67 MB
[runlim] sample:		230.00 time, 230.02 real, 67 MB
[runlim] sample:		240.00 time, 240.02 real, 70 MB
[runlim] sample:		250.00 time, 250.02 real, 71 MB
[runlim] sample:		260.00 time, 260.02 real, 73 MB
[runlim] sample:		270.01 time, 270.02 real, 74 MB
[runlim] sample:		280.00 time, 280.02 real, 75 MB
[runlim] sample:		290.01 time, 290.02 real, 75 MB
[runlim] sample:		300.00 time, 300.02 real, 76 MB
[runlim] sample:		310.01 time, 310.02 real, 76 MB
[runlim] sample:		320.01 time, 320.02 real, 76 MB
[runlim] sample:		330.00 time, 330.02 real, 77 MB
[runlim] sample:		340.00 time, 340.02 real, 78 MB
[runlim] sample:		350.00 time, 350.02 real, 81 MB
[runlim] sample:		360.01 time, 360.02 real, 81 MB
[runlim] sample:		370.00 time, 370.02 real, 83 MB
[runlim] sample:		380.00 time, 380.02 real, 84 MB
[runlim] sample:		390.00 time, 390.02 real, 88 MB
[runlim] sample:		400.00 time, 400.02 real, 89 MB
[runlim] sample:		410.00 time, 410.02 real, 89 MB
[runlim] sample:		420.00 time, 420.02 real, 90 MB
[runlim] sample:		430.00 time, 430.02 real, 90 MB
[runlim] sample:		440.00 time, 440.02 real, 90 MB
[runlim] sample:		450.00 time, 450.02 real, 90 MB
[runlim] sample:		460.00 time, 460.02 real, 90 MB
[runlim] sample:		470.00 time, 470.02 real, 91 MB
[runlim] sample:		480.00 time, 480.02 real, 91 MB
[runlim] sample:		490.00 time, 490.02 real, 92 MB
[runlim] sample:		500.00 time, 500.02 real, 92 MB
[runlim] sample:		510.00 time, 510.02 real, 93 MB
[runlim] sample:		520.00 time, 520.02 real, 94 MB
[runlim] sample:		530.00 time, 530.02 real, 95 MB
[runlim] sample:		540.00 time, 540.02 real, 96 MB
[runlim] sample:		550.00 time, 550.02 real, 96 MB
[runlim] sample:		560.00 time, 560.02 real, 96 MB
[runlim] sample:		570.10 time, 570.11 real, 96 MB
[runlim] sample:		580.10 time, 580.12 real, 98 MB
[runlim] sample:		590.10 time, 590.12 real, 98 MB
[runlim] sample:		600.10 time, 600.12 real, 98 MB
[runlim] sample:		610.10 time, 610.12 real, 99 MB
[runlim] sample:		620.10 time, 620.12 real, 101 MB
[runlim] sample:		630.10 time, 630.12 real, 101 MB
[runlim] sample:		640.10 time, 640.12 real, 101 MB
[runlim] sample:		650.10 time, 650.12 real, 102 MB
[runlim] sample:		660.10 time, 660.12 real, 102 MB
[runlim] sample:		670.30 time, 670.32 real, 102 MB
[runlim] sample:		680.30 time, 680.32 real, 102 MB
[runlim] sample:		690.30 time, 690.32 real, 102 MB
[runlim] sample:		700.30 time, 700.32 real, 102 MB
[runlim] sample:		710.30 time, 710.32 real, 102 MB
[runlim] sample:		720.30 time, 720.32 real, 103 MB
[runlim] sample:		730.30 time, 730.32 real, 103 MB
[runlim] sample:		740.30 time, 740.32 real, 105 MB
[runlim] sample:		750.30 time, 750.32 real, 108 MB
[runlim] sample:		760.30 time, 760.32 real, 111 MB
[runlim] sample:		770.30 time, 770.32 real, 113 MB
[runlim] sample:		780.30 time, 780.32 real, 113 MB
[runlim] sample:		790.30 time, 790.32 real, 113 MB
[runlim] sample:		800.30 time, 800.32 real, 114 MB
[runlim] sample:		810.30 time, 810.32 real, 114 MB
[runlim] sample:		820.30 time, 820.33 real, 115 MB
[runlim] sample:		830.30 time, 830.32 real, 115 MB
[runlim] sample:		840.30 time, 840.32 real, 115 MB
[runlim] sample:		850.30 time, 850.32 real, 116 MB
[runlim] sample:		860.30 time, 860.32 real, 117 MB
[runlim] sample:		870.30 time, 870.32 real, 118 MB
[runlim] sample:		880.30 time, 880.32 real, 118 MB
[runlim] sample:		890.30 time, 890.32 real, 119 MB
[runlim] sample:		900.30 time, 900.32 real, 119 MB
[runlim] sample:		910.30 time, 910.32 real, 119 MB
[runlim] sample:		920.30 time, 920.32 real, 120 MB
[runlim] sample:		930.30 time, 930.32 real, 120 MB
[runlim] sample:		940.30 time, 940.32 real, 120 MB
[runlim] sample:		950.30 time, 950.32 real, 121 MB
[runlim] sample:		960.30 time, 960.32 real, 121 MB
[runlim] sample:		970.30 time, 970.32 real, 121 MB
[runlim] sample:		980.30 time, 980.32 real, 121 MB
[runlim] sample:		990.29 time, 990.32 real, 122 MB
[runlim] sample:		1000.29 time, 1000.32 real, 122 MB
[runlim] sample:		1010.30 time, 1010.32 real, 124 MB
[runlim] sample:		1020.29 time, 1020.32 real, 124 MB
[runlim] sample:		1030.30 time, 1030.32 real, 127 MB
[runlim] sample:		1040.30 time, 1040.32 real, 127 MB
[runlim] sample:		1050.30 time, 1050.32 real, 127 MB
[runlim] sample:		1060.30 time, 1060.32 real, 128 MB
[runlim] sample:		1070.30 time, 1070.32 real, 129 MB
[runlim] sample:		1080.30 time, 1080.32 real, 130 MB
[runlim] sample:		1090.30 time, 1090.32 real, 130 MB
[runlim] sample:		1100.30 time, 1100.32 real, 131 MB
[runlim] sample:		1110.30 time, 1110.32 real, 131 MB
[runlim] sample:		1120.30 time, 1120.32 real, 131 MB
[runlim] sample:		1130.30 time, 1130.32 real, 132 MB
[runlim] sample:		1140.30 time, 1140.32 real, 133 MB
[runlim] sample:		1150.29 time, 1150.32 real, 135 MB
[runlim] sample:		1160.30 time, 1160.32 real, 135 MB
[runlim] sample:		1170.30 time, 1170.32 real, 136 MB
[runlim] sample:		1180.30 time, 1180.32 real, 137 MB
[runlim] sample:		1190.30 time, 1190.32 real, 137 MB
[runlim] sample:		1200.30 time, 1200.32 real, 137 MB
[runlim] sample:		1210.30 time, 1210.32 real, 138 MB
[runlim] sample:		1220.30 time, 1220.32 real, 138 MB
[runlim] sample:		1230.30 time, 1230.32 real, 138 MB
[runlim] sample:		1240.30 time, 1240.32 real, 138 MB
[runlim] sample:		1250.30 time, 1250.32 real, 138 MB
[runlim] sample:		1260.30 time, 1260.32 real, 138 MB
[runlim] sample:		1270.30 time, 1270.32 real, 138 MB
[runlim] sample:		1280.30 time, 1280.32 real, 139 MB
[runlim] sample:		1290.30 time, 1290.32 real, 139 MB
[runlim] sample:		1300.30 time, 1300.32 real, 139 MB
[runlim] sample:		1310.30 time, 1310.32 real, 139 MB
[runlim] sample:		1320.30 time, 1320.32 real, 139 MB
[runlim] sample:		1330.29 time, 1330.32 real, 139 MB
[runlim] sample:		1340.29 time, 1340.32 real, 140 MB
[runlim] sample:		1350.29 time, 1350.32 real, 140 MB
[runlim] sample:		1360.30 time, 1360.32 real, 140 MB
[runlim] sample:		1370.30 time, 1370.32 real, 140 MB
[runlim] sample:		1380.30 time, 1380.32 real, 141 MB
[runlim] sample:		1390.30 time, 1390.32 real, 141 MB
[runlim] sample:		1400.30 time, 1400.32 real, 141 MB
[runlim] sample:		1410.30 time, 1410.32 real, 141 MB
[runlim] sample:		1420.30 time, 1420.32 real, 141 MB
[runlim] sample:		1430.30 time, 1430.32 real, 141 MB
[runlim] sample:		1440.29 time, 1440.32 real, 141 MB
[runlim] sample:		1450.29 time, 1450.32 real, 142 MB
[runlim] sample:		1460.30 time, 1460.32 real, 143 MB
[runlim] sample:		1470.30 time, 1470.32 real, 143 MB
[runlim] sample:		1480.30 time, 1480.32 real, 143 MB
[runlim] sample:		1490.30 time, 1490.32 real, 143 MB
[runlim] sample:		1500.30 time, 1500.32 real, 143 MB
[runlim] sample:		1510.30 time, 1510.32 real, 143 MB
[runlim] sample:		1520.30 time, 1520.32 real, 145 MB
[runlim] sample:		1530.30 time, 1530.32 real, 145 MB
[runlim] sample:		1540.30 time, 1540.32 real, 145 MB
[runlim] sample:		1550.30 time, 1550.32 real, 145 MB
[runlim] sample:		1560.30 time, 1560.32 real, 145 MB
[runlim] sample:		1570.29 time, 1570.32 real, 145 MB
[runlim] sample:		1580.30 time, 1580.32 real, 147 MB
[runlim] sample:		1590.30 time, 1590.32 real, 147 MB
[runlim] sample:		1600.30 time, 1600.32 real, 147 MB
[runlim] sample:		1610.30 time, 1610.32 real, 147 MB
[runlim] sample:		1620.30 time, 1620.32 real, 149 MB
[runlim] sample:		1630.30 time, 1630.32 real, 150 MB
[runlim] sample:		1640.30 time, 1640.32 real, 150 MB
[runlim] sample:		1650.30 time, 1650.32 real, 151 MB
[runlim] sample:		1660.29 time, 1660.32 real, 151 MB
[runlim] sample:		1670.29 time, 1670.32 real, 151 MB
[runlim] sample:		1680.29 time, 1680.32 real, 151 MB
[runlim] sample:		1690.29 time, 1690.32 real, 151 MB
[runlim] sample:		1700.29 time, 1700.32 real, 151 MB
[runlim] sample:		1710.29 time, 1710.32 real, 151 MB
[runlim] sample:		1720.29 time, 1720.32 real, 151 MB
[runlim] sample:		1730.29 time, 1730.32 real, 152 MB
[runlim] sample:		1740.29 time, 1740.32 real, 152 MB
[runlim] sample:		1750.30 time, 1750.32 real, 152 MB
[runlim] sample:		1760.30 time, 1760.32 real, 153 MB
[runlim] sample:		1770.30 time, 1770.32 real, 154 MB
[runlim] sample:		1780.30 time, 1780.32 real, 155 MB
[runlim] sample:		1790.30 time, 1790.32 real, 155 MB
[runlim] sample:		1800.30 time, 1800.32 real, 155 MB
[runlim] sample:		1810.30 time, 1810.32 real, 155 MB
[runlim] sample:		1820.30 time, 1820.32 real, 156 MB
[runlim] sample:		1830.30 time, 1830.32 real, 156 MB
[runlim] sample:		1840.30 time, 1840.32 real, 156 MB
[runlim] sample:		1850.30 time, 1850.32 real, 156 MB
[runlim] sample:		1860.30 time, 1860.32 real, 158 MB
[runlim] sample:		1870.29 time, 1870.32 real, 158 MB
[runlim] sample:		1880.29 time, 1880.32 real, 158 MB
[runlim] sample:		1890.29 time, 1890.32 real, 158 MB
[runlim] sample:		1900.29 time, 1900.32 real, 158 MB
[runlim] sample:		1910.29 time, 1910.32 real, 158 MB
[runlim] sample:		1920.30 time, 1920.32 real, 158 MB
[runlim] sample:		1930.29 time, 1930.32 real, 158 MB
[runlim] sample:		1940.29 time, 1940.32 real, 158 MB
[runlim] sample:		1950.29 time, 1950.32 real, 158 MB
[runlim] sample:		1960.30 time, 1960.32 real, 158 MB
[runlim] sample:		1970.30 time, 1970.32 real, 159 MB
[runlim] sample:		1980.30 time, 1980.32 real, 159 MB
[runlim] sample:		1990.30 time, 1990.32 real, 159 MB
[runlim] sample:		2000.29 time, 2000.32 real, 159 MB
[runlim] sample:		2010.29 time, 2010.32 real, 160 MB
[runlim] sample:		2020.29 time, 2020.32 real, 160 MB
[runlim] sample:		2030.29 time, 2030.32 real, 160 MB
[runlim] sample:		2040.29 time, 2040.32 real, 160 MB
[runlim] sample:		2050.29 time, 2050.32 real, 161 MB
[runlim] sample:		2060.29 time, 2060.32 real, 161 MB
[runlim] sample:		2070.30 time, 2070.32 real, 162 MB
[runlim] sample:		2080.30 time, 2080.32 real, 163 MB
[runlim] sample:		2090.30 time, 2090.32 real, 165 MB
[runlim] sample:		2100.30 time, 2100.32 real, 165 MB
[runlim] sample:		2110.30 time, 2110.32 real, 166 MB
[runlim] sample:		2120.30 time, 2120.32 real, 166 MB
[runlim] sample:		2130.30 time, 2130.32 real, 167 MB
[runlim] sample:		2140.30 time, 2140.32 real, 167 MB
[runlim] sample:		2150.30 time, 2150.32 real, 167 MB
[runlim] sample:		2160.30 time, 2160.32 real, 167 MB
[runlim] sample:		2170.30 time, 2170.32 real, 167 MB
[runlim] sample:		2180.30 time, 2180.32 real, 167 MB
[runlim] sample:		2190.29 time, 2190.32 real, 167 MB
[runlim] sample:		2200.29 time, 2200.32 real, 167 MB
[runlim] sample:		2210.29 time, 2210.32 real, 167 MB
[runlim] sample:		2220.29 time, 2220.32 real, 167 MB
[runlim] sample:		2230.29 time, 2230.32 real, 168 MB
[runlim] sample:		2240.30 time, 2240.32 real, 168 MB
[runlim] sample:		2250.30 time, 2250.32 real, 168 MB
[runlim] sample:		2260.29 time, 2260.32 real, 169 MB
[runlim] sample:		2270.30 time, 2270.32 real, 169 MB
[runlim] sample:		2280.30 time, 2280.32 real, 169 MB
[runlim] sample:		2290.29 time, 2290.32 real, 169 MB
[runlim] sample:		2300.30 time, 2300.32 real, 169 MB
[runlim] sample:		2310.30 time, 2310.32 real, 170 MB
[runlim] sample:		2320.30 time, 2320.32 real, 171 MB
[runlim] sample:		2330.30 time, 2330.32 real, 171 MB
[runlim] sample:		2340.30 time, 2340.32 real, 172 MB
[runlim] sample:		2350.30 time, 2350.32 real, 172 MB
[runlim] sample:		2360.29 time, 2360.32 real, 172 MB
[runlim] sample:		2370.30 time, 2370.32 real, 172 MB
[runlim] sample:		2380.30 time, 2380.32 real, 172 MB
[runlim] sample:		2390.30 time, 2390.32 real, 172 MB
[runlim] sample:		2400.29 time, 2400.32 real, 173 MB
[runlim] sample:		2410.29 time, 2410.32 real, 173 MB
[runlim] sample:		2420.30 time, 2420.32 real, 173 MB
[runlim] sample:		2430.30 time, 2430.32 real, 174 MB
[runlim] sample:		2440.30 time, 2440.32 real, 174 MB
[runlim] sample:		2450.30 time, 2450.32 real, 174 MB
[runlim] sample:		2460.30 time, 2460.32 real, 174 MB
[runlim] sample:		2470.30 time, 2470.32 real, 174 MB
[runlim] sample:		2480.30 time, 2480.32 real, 175 MB
[runlim] sample:		2490.30 time, 2490.32 real, 175 MB
[runlim] sample:		2500.30 time, 2500.32 real, 175 MB
[runlim] sample:		2510.30 time, 2510.32 real, 176 MB
[runlim] sample:		2520.30 time, 2520.32 real, 176 MB
[runlim] sample:		2530.30 time, 2530.32 real, 176 MB
[runlim] sample:		2540.30 time, 2540.32 real, 176 MB
[runlim] sample:		2550.30 time, 2550.32 real, 176 MB
[runlim] sample:		2560.30 time, 2560.32 real, 179 MB
[runlim] sample:		2570.30 time, 2570.32 real, 180 MB
[runlim] sample:		2580.30 time, 2580.32 real, 180 MB
[runlim] sample:		2590.30 time, 2590.32 real, 180 MB
[runlim] sample:		2600.30 time, 2600.32 real, 180 MB
[runlim] sample:		2610.30 time, 2610.32 real, 181 MB
[runlim] sample:		2620.29 time, 2620.32 real, 182 MB
[runlim] sample:		2630.30 time, 2630.32 real, 184 MB
[runlim] sample:		2640.30 time, 2640.32 real, 184 MB
[runlim] sample:		2650.30 time, 2650.32 real, 185 MB
[runlim] sample:		2660.30 time, 2660.32 real, 187 MB
[runlim] sample:		2670.30 time, 2670.32 real, 187 MB
[runlim] sample:		2680.30 time, 2680.32 real, 187 MB
[runlim] sample:		2690.29 time, 2690.32 real, 187 MB


 SIG RECEIVED

[runlim] end:			Sat Feb 29 07:54:10 2020
[runlim] status:		out of time
[runlim] result:		2
[runlim] children:		1
[runlim] real:			2700.12 seconds
[runlim] time:			2699.99 seconds
[runlim] space:			188 MB
[runlim] samples:		26997
