[runlim] version:		1.18
[runlim] host:			c3n16
[runlim] time limit:		2700 seconds
[runlim] real time limit:	2700 seconds
[runlim] space limit:		7000 MB
[runlim] argv[0]:		./binary
[runlim] argv[1]:		/data/cnf/ankit/E1-A1-instances/ttt_5x5-shape-1-GTTT-1-2-torus-1.qdimacs
[runlim] start:			Sat Feb 29 07:09:08 2020
[runlim] child:			21424
[runlim] sample:		10.00 time, 10.02 real, 36 MB
[runlim] sample:		20.00 time, 20.02 real, 39 MB
[runlim] sample:		30.00 time, 30.02 real, 44 MB
[runlim] sample:		40.00 time, 40.02 real, 46 MB
[runlim] sample:		49.99 time, 50.02 real, 49 MB
[runlim] sample:		60.00 time, 60.02 real, 52 MB
[runlim] sample:		69.99 time, 70.02 real, 54 MB
[runlim] sample:		79.99 time, 80.02 real, 57 MB
[runlim] sample:		89.99 time, 90.02 real, 60 MB
[runlim] sample:		99.99 time, 100.02 real, 60 MB
[runlim] sample:		109.99 time, 110.01 real, 63 MB
[runlim] sample:		119.99 time, 120.02 real, 69 MB
[runlim] sample:		129.99 time, 130.01 real, 69 MB
[runlim] sample:		139.99 time, 140.01 real, 69 MB
[runlim] sample:		149.98 time, 150.01 real, 72 MB
[runlim] sample:		159.98 time, 160.02 real, 73 MB
[runlim] sample:		169.99 time, 170.02 real, 75 MB
[runlim] sample:		179.98 time, 180.02 real, 75 MB
[runlim] sample:		189.98 time, 190.02 real, 77 MB
[runlim] sample:		199.98 time, 200.02 real, 78 MB
[runlim] sample:		209.98 time, 210.01 real, 80 MB
[runlim] sample:		219.98 time, 220.02 real, 82 MB
[runlim] sample:		229.98 time, 230.02 real, 83 MB
[runlim] sample:		239.98 time, 240.02 real, 84 MB
[runlim] sample:		249.98 time, 250.02 real, 86 MB
[runlim] sample:		259.98 time, 260.02 real, 86 MB
[runlim] sample:		269.98 time, 270.02 real, 87 MB
[runlim] sample:		279.98 time, 280.02 real, 88 MB
[runlim] sample:		289.98 time, 290.02 real, 91 MB
[runlim] sample:		299.98 time, 300.02 real, 94 MB
[runlim] sample:		309.98 time, 310.02 real, 94 MB
[runlim] sample:		319.98 time, 320.02 real, 94 MB
[runlim] sample:		329.98 time, 330.02 real, 95 MB
[runlim] sample:		339.98 time, 340.02 real, 95 MB
[runlim] sample:		349.98 time, 350.02 real, 97 MB
[runlim] sample:		359.98 time, 360.02 real, 97 MB
[runlim] sample:		369.98 time, 370.02 real, 100 MB
[runlim] sample:		379.98 time, 380.02 real, 100 MB
[runlim] sample:		389.98 time, 390.02 real, 101 MB
[runlim] sample:		399.98 time, 400.02 real, 101 MB
[runlim] sample:		409.98 time, 410.02 real, 102 MB
[runlim] sample:		419.98 time, 420.02 real, 103 MB
[runlim] sample:		429.98 time, 430.02 real, 103 MB
[runlim] sample:		439.98 time, 440.02 real, 105 MB
[runlim] sample:		449.98 time, 450.02 real, 105 MB
[runlim] sample:		459.98 time, 460.02 real, 106 MB
[runlim] sample:		469.97 time, 470.02 real, 108 MB
[runlim] sample:		479.97 time, 480.02 real, 108 MB
[runlim] sample:		489.97 time, 490.02 real, 110 MB
[runlim] sample:		499.97 time, 500.02 real, 110 MB
[runlim] sample:		509.98 time, 510.02 real, 111 MB
[runlim] sample:		519.98 time, 520.02 real, 111 MB
[runlim] sample:		529.98 time, 530.02 real, 114 MB
[runlim] sample:		539.98 time, 540.02 real, 114 MB
[runlim] sample:		549.98 time, 550.02 real, 115 MB
[runlim] sample:		559.98 time, 560.02 real, 115 MB
[runlim] sample:		569.98 time, 570.02 real, 116 MB
[runlim] sample:		580.08 time, 580.12 real, 116 MB
[runlim] sample:		590.08 time, 590.12 real, 117 MB
[runlim] sample:		600.08 time, 600.12 real, 117 MB
[runlim] sample:		610.09 time, 610.12 real, 119 MB
[runlim] sample:		620.09 time, 620.12 real, 119 MB
[runlim] sample:		630.09 time, 630.12 real, 118 MB
[runlim] sample:		640.09 time, 640.12 real, 118 MB
[runlim] sample:		650.09 time, 650.12 real, 119 MB
[runlim] sample:		660.09 time, 660.12 real, 119 MB
[runlim] sample:		670.29 time, 670.33 real, 119 MB
[runlim] sample:		680.28 time, 680.32 real, 121 MB
[runlim] sample:		690.28 time, 690.32 real, 121 MB
[runlim] sample:		700.28 time, 700.32 real, 122 MB
[runlim] sample:		710.28 time, 710.32 real, 122 MB
[runlim] sample:		720.28 time, 720.32 real, 122 MB
[runlim] sample:		730.28 time, 730.32 real, 123 MB
[runlim] sample:		740.28 time, 740.32 real, 123 MB
[runlim] sample:		750.28 time, 750.32 real, 125 MB
[runlim] sample:		760.28 time, 760.32 real, 125 MB
[runlim] sample:		770.28 time, 770.32 real, 125 MB
[runlim] sample:		780.28 time, 780.32 real, 125 MB
[runlim] sample:		790.28 time, 790.32 real, 125 MB
[runlim] sample:		800.28 time, 800.32 real, 126 MB
[runlim] sample:		810.28 time, 810.32 real, 126 MB
[runlim] sample:		820.28 time, 820.32 real, 126 MB
[runlim] sample:		830.28 time, 830.32 real, 128 MB
[runlim] sample:		840.28 time, 840.32 real, 128 MB
[runlim] sample:		850.28 time, 850.32 real, 128 MB
[runlim] sample:		860.28 time, 860.32 real, 130 MB
[runlim] sample:		870.28 time, 870.32 real, 130 MB
[runlim] sample:		880.28 time, 880.32 real, 130 MB
[runlim] sample:		890.29 time, 890.32 real, 132 MB
[runlim] sample:		900.28 time, 900.32 real, 132 MB
[runlim] sample:		910.28 time, 910.32 real, 132 MB
[runlim] sample:		920.28 time, 920.32 real, 133 MB
[runlim] sample:		930.28 time, 930.32 real, 133 MB
[runlim] sample:		940.28 time, 940.32 real, 133 MB
[runlim] sample:		950.28 time, 950.32 real, 134 MB
[runlim] sample:		960.28 time, 960.32 real, 134 MB
[runlim] sample:		970.28 time, 970.32 real, 134 MB
[runlim] sample:		980.28 time, 980.32 real, 136 MB
[runlim] sample:		990.28 time, 990.32 real, 136 MB
[runlim] sample:		1000.28 time, 1000.32 real, 136 MB
[runlim] sample:		1010.28 time, 1010.32 real, 138 MB
[runlim] sample:		1020.28 time, 1020.32 real, 138 MB
[runlim] sample:		1030.28 time, 1030.32 real, 138 MB
[runlim] sample:		1040.28 time, 1040.32 real, 140 MB
[runlim] sample:		1050.28 time, 1050.32 real, 141 MB
[runlim] sample:		1060.28 time, 1060.32 real, 141 MB
[runlim] sample:		1070.28 time, 1070.32 real, 141 MB
[runlim] sample:		1080.28 time, 1080.32 real, 142 MB
[runlim] sample:		1090.28 time, 1090.32 real, 142 MB
[runlim] sample:		1100.28 time, 1100.32 real, 142 MB
[runlim] sample:		1110.28 time, 1110.32 real, 143 MB
[runlim] sample:		1120.28 time, 1120.32 real, 143 MB
[runlim] sample:		1130.28 time, 1130.32 real, 143 MB
[runlim] sample:		1140.28 time, 1140.32 real, 143 MB
[runlim] sample:		1150.28 time, 1150.32 real, 142 MB
[runlim] sample:		1160.28 time, 1160.32 real, 142 MB
[runlim] sample:		1170.28 time, 1170.32 real, 142 MB
[runlim] sample:		1180.28 time, 1180.32 real, 142 MB
[runlim] sample:		1190.28 time, 1190.32 real, 142 MB
[runlim] sample:		1200.28 time, 1200.32 real, 142 MB
[runlim] sample:		1210.28 time, 1210.32 real, 143 MB
[runlim] sample:		1220.28 time, 1220.32 real, 143 MB
[runlim] sample:		1230.28 time, 1230.32 real, 143 MB
[runlim] sample:		1240.28 time, 1240.32 real, 143 MB
[runlim] sample:		1250.28 time, 1250.32 real, 145 MB
[runlim] sample:		1260.28 time, 1260.32 real, 145 MB
[runlim] sample:		1270.28 time, 1270.32 real, 145 MB
[runlim] sample:		1280.28 time, 1280.32 real, 146 MB
[runlim] sample:		1290.28 time, 1290.32 real, 146 MB
[runlim] sample:		1300.28 time, 1300.32 real, 146 MB
[runlim] sample:		1310.28 time, 1310.32 real, 146 MB
[runlim] sample:		1320.27 time, 1320.32 real, 147 MB
[runlim] sample:		1330.27 time, 1330.32 real, 147 MB
[runlim] sample:		1340.27 time, 1340.32 real, 147 MB
[runlim] sample:		1350.27 time, 1350.32 real, 147 MB
[runlim] sample:		1360.27 time, 1360.32 real, 149 MB
[runlim] sample:		1370.27 time, 1370.32 real, 149 MB
[runlim] sample:		1380.27 time, 1380.32 real, 149 MB
[runlim] sample:		1390.27 time, 1390.32 real, 149 MB
[runlim] sample:		1400.27 time, 1400.32 real, 151 MB
[runlim] sample:		1410.27 time, 1410.32 real, 151 MB
[runlim] sample:		1420.27 time, 1420.32 real, 151 MB
[runlim] sample:		1430.27 time, 1430.32 real, 151 MB
[runlim] sample:		1440.27 time, 1440.32 real, 151 MB
[runlim] sample:		1450.27 time, 1450.32 real, 153 MB
[runlim] sample:		1460.27 time, 1460.32 real, 153 MB
[runlim] sample:		1470.27 time, 1470.32 real, 153 MB
[runlim] sample:		1480.27 time, 1480.32 real, 153 MB
[runlim] sample:		1490.27 time, 1490.32 real, 153 MB
[runlim] sample:		1500.27 time, 1500.32 real, 154 MB
[runlim] sample:		1510.27 time, 1510.32 real, 154 MB
[runlim] sample:		1520.27 time, 1520.32 real, 154 MB
[runlim] sample:		1530.27 time, 1530.32 real, 154 MB
[runlim] sample:		1540.28 time, 1540.32 real, 156 MB
[runlim] sample:		1550.28 time, 1550.32 real, 156 MB
[runlim] sample:		1560.28 time, 1560.32 real, 156 MB
[runlim] sample:		1570.28 time, 1570.32 real, 156 MB
[runlim] sample:		1580.28 time, 1580.32 real, 157 MB
[runlim] sample:		1590.27 time, 1590.32 real, 158 MB
[runlim] sample:		1600.27 time, 1600.32 real, 158 MB
[runlim] sample:		1610.27 time, 1610.32 real, 158 MB
[runlim] sample:		1620.27 time, 1620.32 real, 158 MB
[runlim] sample:		1630.27 time, 1630.32 real, 158 MB
[runlim] sample:		1640.27 time, 1640.32 real, 158 MB
[runlim] sample:		1650.27 time, 1650.32 real, 158 MB
[runlim] sample:		1660.27 time, 1660.32 real, 158 MB
[runlim] sample:		1670.27 time, 1670.32 real, 161 MB
[runlim] sample:		1680.27 time, 1680.32 real, 161 MB
[runlim] sample:		1690.27 time, 1690.32 real, 161 MB
[runlim] sample:		1700.27 time, 1700.32 real, 161 MB
[runlim] sample:		1710.27 time, 1710.32 real, 163 MB
[runlim] sample:		1720.27 time, 1720.32 real, 163 MB
[runlim] sample:		1730.27 time, 1730.32 real, 163 MB
[runlim] sample:		1740.27 time, 1740.32 real, 163 MB
[runlim] sample:		1750.28 time, 1750.32 real, 164 MB
[runlim] sample:		1760.28 time, 1760.32 real, 164 MB
[runlim] sample:		1770.28 time, 1770.32 real, 164 MB
[runlim] sample:		1780.28 time, 1780.32 real, 164 MB
[runlim] sample:		1790.28 time, 1790.32 real, 164 MB
[runlim] sample:		1800.28 time, 1800.32 real, 163 MB
[runlim] sample:		1810.28 time, 1810.32 real, 163 MB
[runlim] sample:		1820.28 time, 1820.32 real, 163 MB
[runlim] sample:		1830.28 time, 1830.32 real, 163 MB
[runlim] sample:		1840.28 time, 1840.32 real, 163 MB
[runlim] sample:		1850.28 time, 1850.32 real, 163 MB
[runlim] sample:		1860.28 time, 1860.32 real, 163 MB
[runlim] sample:		1870.28 time, 1870.32 real, 163 MB
[runlim] sample:		1880.28 time, 1880.32 real, 164 MB
[runlim] sample:		1890.28 time, 1890.32 real, 164 MB
[runlim] sample:		1900.28 time, 1900.32 real, 164 MB
[runlim] sample:		1910.28 time, 1910.32 real, 164 MB
[runlim] sample:		1920.28 time, 1920.32 real, 164 MB
[runlim] sample:		1930.27 time, 1930.32 real, 166 MB
[runlim] sample:		1940.27 time, 1940.32 real, 166 MB
[runlim] sample:		1950.27 time, 1950.32 real, 166 MB
[runlim] sample:		1960.27 time, 1960.32 real, 166 MB
[runlim] sample:		1970.27 time, 1970.32 real, 167 MB
[runlim] sample:		1980.27 time, 1980.32 real, 168 MB
[runlim] sample:		1990.27 time, 1990.32 real, 168 MB
[runlim] sample:		2000.27 time, 2000.32 real, 168 MB
[runlim] sample:		2010.28 time, 2010.32 real, 168 MB
[runlim] sample:		2020.28 time, 2020.32 real, 169 MB
[runlim] sample:		2030.28 time, 2030.32 real, 169 MB
[runlim] sample:		2040.28 time, 2040.32 real, 169 MB
[runlim] sample:		2050.28 time, 2050.32 real, 169 MB
[runlim] sample:		2060.28 time, 2060.32 real, 169 MB
[runlim] sample:		2070.28 time, 2070.32 real, 170 MB
[runlim] sample:		2080.28 time, 2080.32 real, 170 MB
[runlim] sample:		2090.28 time, 2090.32 real, 170 MB
[runlim] sample:		2100.28 time, 2100.32 real, 170 MB
[runlim] sample:		2110.28 time, 2110.32 real, 171 MB
[runlim] sample:		2120.28 time, 2120.32 real, 171 MB
[runlim] sample:		2130.28 time, 2130.32 real, 171 MB
[runlim] sample:		2140.28 time, 2140.32 real, 171 MB
[runlim] sample:		2150.28 time, 2150.32 real, 171 MB
[runlim] sample:		2160.27 time, 2160.32 real, 173 MB
[runlim] sample:		2170.27 time, 2170.32 real, 173 MB
[runlim] sample:		2180.27 time, 2180.32 real, 173 MB
[runlim] sample:		2190.27 time, 2190.32 real, 173 MB
[runlim] sample:		2200.27 time, 2200.32 real, 174 MB
[runlim] sample:		2210.27 time, 2210.32 real, 175 MB
[runlim] sample:		2220.27 time, 2220.32 real, 175 MB
[runlim] sample:		2230.27 time, 2230.32 real, 175 MB
[runlim] sample:		2240.27 time, 2240.32 real, 175 MB
[runlim] sample:		2250.27 time, 2250.32 real, 175 MB
[runlim] sample:		2260.27 time, 2260.32 real, 176 MB
[runlim] sample:		2270.27 time, 2270.32 real, 176 MB
[runlim] sample:		2280.27 time, 2280.32 real, 176 MB
[runlim] sample:		2290.28 time, 2290.32 real, 176 MB
[runlim] sample:		2300.28 time, 2300.32 real, 176 MB
[runlim] sample:		2310.27 time, 2310.32 real, 177 MB
[runlim] sample:		2320.27 time, 2320.32 real, 177 MB
[runlim] sample:		2330.27 time, 2330.32 real, 177 MB
[runlim] sample:		2340.27 time, 2340.32 real, 177 MB
[runlim] sample:		2350.27 time, 2350.32 real, 177 MB
[runlim] sample:		2360.28 time, 2360.32 real, 179 MB
[runlim] sample:		2370.28 time, 2370.32 real, 179 MB
[runlim] sample:		2380.28 time, 2380.32 real, 179 MB
[runlim] sample:		2390.28 time, 2390.32 real, 179 MB
[runlim] sample:		2400.28 time, 2400.32 real, 179 MB
[runlim] sample:		2410.28 time, 2410.32 real, 181 MB
[runlim] sample:		2420.28 time, 2420.32 real, 181 MB
[runlim] sample:		2430.28 time, 2430.32 real, 181 MB
[runlim] sample:		2440.28 time, 2440.32 real, 181 MB
[runlim] sample:		2450.28 time, 2450.32 real, 181 MB
[runlim] sample:		2460.28 time, 2460.32 real, 180 MB
[runlim] sample:		2470.28 time, 2470.32 real, 180 MB
[runlim] sample:		2480.28 time, 2480.32 real, 180 MB
[runlim] sample:		2490.28 time, 2490.32 real, 180 MB
[runlim] sample:		2500.28 time, 2500.32 real, 180 MB
[runlim] sample:		2510.28 time, 2510.32 real, 180 MB
[runlim] sample:		2520.28 time, 2520.32 real, 180 MB
[runlim] sample:		2530.28 time, 2530.32 real, 180 MB
[runlim] sample:		2540.28 time, 2540.32 real, 180 MB
[runlim] sample:		2550.28 time, 2550.32 real, 180 MB
[runlim] sample:		2560.28 time, 2560.32 real, 180 MB
[runlim] sample:		2570.27 time, 2570.32 real, 181 MB
[runlim] sample:		2580.27 time, 2580.32 real, 181 MB
[runlim] sample:		2590.27 time, 2590.32 real, 181 MB
[runlim] sample:		2600.27 time, 2600.32 real, 181 MB
[runlim] sample:		2610.27 time, 2610.32 real, 181 MB
[runlim] sample:		2620.27 time, 2620.32 real, 182 MB
[runlim] sample:		2630.27 time, 2630.32 real, 182 MB
[runlim] sample:		2640.27 time, 2640.32 real, 182 MB
[runlim] sample:		2650.28 time, 2650.32 real, 182 MB
[runlim] sample:		2660.28 time, 2660.32 real, 182 MB
[runlim] sample:		2670.28 time, 2670.32 real, 184 MB
[runlim] sample:		2680.28 time, 2680.32 real, 184 MB
[runlim] sample:		2690.28 time, 2690.32 real, 184 MB


 SIG RECEIVED

[runlim] end:			Sat Feb 29 07:54:08 2020
[runlim] status:		out of time
[runlim] result:		2
[runlim] children:		1
[runlim] real:			2700.13 seconds
[runlim] time:			2699.98 seconds
[runlim] space:			184 MB
[runlim] samples:		26997
