[runlim] version:		1.18
[runlim] host:			c3n16
[runlim] time limit:		2700 seconds
[runlim] real time limit:	2700 seconds
[runlim] space limit:		7000 MB
[runlim] argv[0]:		./binary
[runlim] argv[1]:		/data/cnf/ankit/E1-A1-instances/ttt_5x5-shape-1-GTTT-1-2-torus-0.qdimacs
[runlim] start:			Sat Feb 29 07:09:08 2020
[runlim] child:			21358
[runlim] sample:		10.00 time, 10.02 real, 35 MB
[runlim] sample:		20.00 time, 20.02 real, 38 MB
[runlim] sample:		30.00 time, 30.02 real, 42 MB
[runlim] sample:		40.00 time, 40.02 real, 45 MB
[runlim] sample:		50.00 time, 50.02 real, 48 MB
[runlim] sample:		60.00 time, 60.02 real, 50 MB
[runlim] sample:		70.00 time, 70.02 real, 52 MB
[runlim] sample:		80.00 time, 80.01 real, 56 MB
[runlim] sample:		90.00 time, 90.02 real, 58 MB
[runlim] sample:		100.00 time, 100.02 real, 60 MB
[runlim] sample:		109.99 time, 110.02 real, 63 MB
[runlim] sample:		120.00 time, 120.02 real, 64 MB
[runlim] sample:		130.00 time, 130.02 real, 65 MB
[runlim] sample:		140.00 time, 140.02 real, 67 MB
[runlim] sample:		150.00 time, 150.02 real, 70 MB
[runlim] sample:		160.00 time, 160.02 real, 73 MB
[runlim] sample:		170.00 time, 170.02 real, 73 MB
[runlim] sample:		180.00 time, 180.02 real, 75 MB
[runlim] sample:		190.00 time, 190.02 real, 76 MB
[runlim] sample:		200.00 time, 200.02 real, 77 MB
[runlim] sample:		210.00 time, 210.02 real, 78 MB
[runlim] sample:		220.00 time, 220.02 real, 79 MB
[runlim] sample:		230.00 time, 230.02 real, 82 MB
[runlim] sample:		240.00 time, 240.02 real, 83 MB
[runlim] sample:		249.99 time, 250.02 real, 84 MB
[runlim] sample:		259.99 time, 260.02 real, 85 MB
[runlim] sample:		269.99 time, 270.02 real, 86 MB
[runlim] sample:		279.99 time, 280.02 real, 86 MB
[runlim] sample:		289.99 time, 290.02 real, 88 MB
[runlim] sample:		299.99 time, 300.02 real, 90 MB
[runlim] sample:		309.99 time, 310.02 real, 92 MB
[runlim] sample:		319.99 time, 320.02 real, 92 MB
[runlim] sample:		329.99 time, 330.02 real, 93 MB
[runlim] sample:		339.99 time, 340.02 real, 95 MB
[runlim] sample:		349.99 time, 350.02 real, 95 MB
[runlim] sample:		359.99 time, 360.02 real, 96 MB
[runlim] sample:		369.99 time, 370.02 real, 97 MB
[runlim] sample:		379.99 time, 380.02 real, 97 MB
[runlim] sample:		389.99 time, 390.02 real, 99 MB
[runlim] sample:		399.99 time, 400.02 real, 101 MB
[runlim] sample:		409.99 time, 410.02 real, 101 MB
[runlim] sample:		419.98 time, 420.02 real, 102 MB
[runlim] sample:		429.98 time, 430.02 real, 103 MB
[runlim] sample:		439.98 time, 440.02 real, 103 MB
[runlim] sample:		449.98 time, 450.02 real, 105 MB
[runlim] sample:		459.98 time, 460.02 real, 105 MB
[runlim] sample:		469.99 time, 470.02 real, 107 MB
[runlim] sample:		479.99 time, 480.02 real, 107 MB
[runlim] sample:		489.99 time, 490.02 real, 109 MB
[runlim] sample:		499.99 time, 500.02 real, 110 MB
[runlim] sample:		509.99 time, 510.02 real, 110 MB
[runlim] sample:		519.99 time, 520.02 real, 111 MB
[runlim] sample:		529.99 time, 530.02 real, 111 MB
[runlim] sample:		539.99 time, 540.02 real, 112 MB
[runlim] sample:		549.99 time, 550.02 real, 112 MB
[runlim] sample:		559.99 time, 560.02 real, 114 MB
[runlim] sample:		569.99 time, 570.02 real, 114 MB
[runlim] sample:		580.08 time, 580.12 real, 115 MB
[runlim] sample:		590.08 time, 590.12 real, 115 MB
[runlim] sample:		600.08 time, 600.12 real, 117 MB
[runlim] sample:		610.08 time, 610.12 real, 117 MB
[runlim] sample:		620.08 time, 620.12 real, 117 MB
[runlim] sample:		630.08 time, 630.12 real, 118 MB
[runlim] sample:		640.08 time, 640.12 real, 118 MB
[runlim] sample:		650.08 time, 650.12 real, 118 MB
[runlim] sample:		660.08 time, 660.12 real, 118 MB
[runlim] sample:		670.28 time, 670.32 real, 118 MB
[runlim] sample:		680.28 time, 680.32 real, 118 MB
[runlim] sample:		690.28 time, 690.32 real, 118 MB
[runlim] sample:		700.28 time, 700.32 real, 118 MB
[runlim] sample:		710.28 time, 710.32 real, 118 MB
[runlim] sample:		720.28 time, 720.32 real, 121 MB
[runlim] sample:		730.28 time, 730.32 real, 121 MB
[runlim] sample:		740.28 time, 740.32 real, 122 MB
[runlim] sample:		750.28 time, 750.32 real, 122 MB
[runlim] sample:		760.28 time, 760.32 real, 122 MB
[runlim] sample:		770.28 time, 770.32 real, 123 MB
[runlim] sample:		780.28 time, 780.32 real, 123 MB
[runlim] sample:		790.28 time, 790.32 real, 125 MB
[runlim] sample:		800.28 time, 800.32 real, 125 MB
[runlim] sample:		810.28 time, 810.32 real, 126 MB
[runlim] sample:		820.28 time, 820.32 real, 126 MB
[runlim] sample:		830.28 time, 830.32 real, 126 MB
[runlim] sample:		840.29 time, 840.32 real, 127 MB
[runlim] sample:		850.29 time, 850.32 real, 127 MB
[runlim] sample:		860.29 time, 860.32 real, 127 MB
[runlim] sample:		870.29 time, 870.32 real, 128 MB
[runlim] sample:		880.29 time, 880.32 real, 128 MB
[runlim] sample:		890.29 time, 890.32 real, 128 MB
[runlim] sample:		900.29 time, 900.32 real, 130 MB
[runlim] sample:		910.29 time, 910.32 real, 130 MB
[runlim] sample:		920.29 time, 920.32 real, 131 MB
[runlim] sample:		930.29 time, 930.32 real, 131 MB
[runlim] sample:		940.29 time, 940.32 real, 131 MB
[runlim] sample:		950.29 time, 950.32 real, 133 MB
[runlim] sample:		960.29 time, 960.32 real, 133 MB
[runlim] sample:		970.29 time, 970.32 real, 133 MB
[runlim] sample:		980.28 time, 980.32 real, 134 MB
[runlim] sample:		990.28 time, 990.32 real, 134 MB
[runlim] sample:		1000.28 time, 1000.32 real, 134 MB
[runlim] sample:		1010.29 time, 1010.32 real, 136 MB
[runlim] sample:		1020.29 time, 1020.32 real, 136 MB
[runlim] sample:		1030.29 time, 1030.32 real, 136 MB
[runlim] sample:		1040.28 time, 1040.32 real, 136 MB
[runlim] sample:		1050.28 time, 1050.32 real, 136 MB
[runlim] sample:		1060.28 time, 1060.32 real, 136 MB
[runlim] sample:		1070.28 time, 1070.32 real, 136 MB
[runlim] sample:		1080.28 time, 1080.32 real, 136 MB
[runlim] sample:		1090.29 time, 1090.32 real, 136 MB
[runlim] sample:		1100.29 time, 1100.32 real, 136 MB
[runlim] sample:		1110.28 time, 1110.32 real, 136 MB
[runlim] sample:		1120.28 time, 1120.32 real, 136 MB
[runlim] sample:		1130.28 time, 1130.32 real, 137 MB
[runlim] sample:		1140.28 time, 1140.32 real, 139 MB
[runlim] sample:		1150.28 time, 1150.32 real, 139 MB
[runlim] sample:		1160.28 time, 1160.32 real, 139 MB
[runlim] sample:		1170.28 time, 1170.32 real, 139 MB
[runlim] sample:		1180.28 time, 1180.32 real, 139 MB
[runlim] sample:		1190.29 time, 1190.32 real, 139 MB
[runlim] sample:		1200.28 time, 1200.32 real, 143 MB
[runlim] sample:		1210.28 time, 1210.32 real, 143 MB
[runlim] sample:		1220.29 time, 1220.32 real, 143 MB
[runlim] sample:		1230.29 time, 1230.32 real, 143 MB
[runlim] sample:		1240.29 time, 1240.32 real, 145 MB
[runlim] sample:		1250.29 time, 1250.32 real, 145 MB
[runlim] sample:		1260.29 time, 1260.32 real, 145 MB
[runlim] sample:		1270.28 time, 1270.32 real, 146 MB
[runlim] sample:		1280.28 time, 1280.32 real, 146 MB
[runlim] sample:		1290.28 time, 1290.32 real, 146 MB
[runlim] sample:		1300.28 time, 1300.32 real, 146 MB
[runlim] sample:		1310.28 time, 1310.32 real, 148 MB
[runlim] sample:		1320.28 time, 1320.32 real, 148 MB
[runlim] sample:		1330.28 time, 1330.32 real, 148 MB
[runlim] sample:		1340.28 time, 1340.32 real, 147 MB
[runlim] sample:		1350.29 time, 1350.32 real, 147 MB
[runlim] sample:		1360.29 time, 1360.32 real, 147 MB
[runlim] sample:		1370.29 time, 1370.32 real, 148 MB
[runlim] sample:		1380.29 time, 1380.32 real, 148 MB
[runlim] sample:		1390.29 time, 1390.32 real, 148 MB
[runlim] sample:		1400.29 time, 1400.32 real, 148 MB
[runlim] sample:		1410.29 time, 1410.32 real, 150 MB
[runlim] sample:		1420.29 time, 1420.32 real, 150 MB
[runlim] sample:		1430.29 time, 1430.32 real, 150 MB
[runlim] sample:		1440.29 time, 1440.32 real, 150 MB
[runlim] sample:		1450.29 time, 1450.32 real, 151 MB
[runlim] sample:		1460.29 time, 1460.32 real, 151 MB
[runlim] sample:		1470.29 time, 1470.32 real, 151 MB
[runlim] sample:		1480.29 time, 1480.32 real, 151 MB
[runlim] sample:		1490.29 time, 1490.32 real, 152 MB
[runlim] sample:		1500.29 time, 1500.32 real, 152 MB
[runlim] sample:		1510.29 time, 1510.32 real, 152 MB
[runlim] sample:		1520.29 time, 1520.32 real, 152 MB
[runlim] sample:		1530.29 time, 1530.32 real, 152 MB
[runlim] sample:		1540.29 time, 1540.32 real, 152 MB
[runlim] sample:		1550.29 time, 1550.32 real, 153 MB
[runlim] sample:		1560.29 time, 1560.32 real, 153 MB
[runlim] sample:		1570.29 time, 1570.32 real, 153 MB
[runlim] sample:		1580.29 time, 1580.32 real, 153 MB
[runlim] sample:		1590.29 time, 1590.32 real, 153 MB
[runlim] sample:		1600.29 time, 1600.32 real, 153 MB
[runlim] sample:		1610.28 time, 1610.32 real, 154 MB
[runlim] sample:		1620.28 time, 1620.32 real, 154 MB
[runlim] sample:		1630.28 time, 1630.32 real, 154 MB
[runlim] sample:		1640.28 time, 1640.32 real, 154 MB
[runlim] sample:		1650.28 time, 1650.32 real, 154 MB
[runlim] sample:		1660.28 time, 1660.32 real, 154 MB
[runlim] sample:		1670.28 time, 1670.32 real, 156 MB
[runlim] sample:		1680.28 time, 1680.32 real, 156 MB
[runlim] sample:		1690.28 time, 1690.32 real, 156 MB
[runlim] sample:		1700.28 time, 1700.32 real, 156 MB
[runlim] sample:		1710.28 time, 1710.32 real, 156 MB
[runlim] sample:		1720.29 time, 1720.32 real, 158 MB
[runlim] sample:		1730.29 time, 1730.32 real, 158 MB
[runlim] sample:		1740.29 time, 1740.32 real, 158 MB
[runlim] sample:		1750.29 time, 1750.32 real, 158 MB
[runlim] sample:		1760.28 time, 1760.32 real, 159 MB
[runlim] sample:		1770.28 time, 1770.32 real, 159 MB
[runlim] sample:		1780.28 time, 1780.32 real, 159 MB
[runlim] sample:		1790.28 time, 1790.32 real, 159 MB
[runlim] sample:		1800.28 time, 1800.32 real, 159 MB
[runlim] sample:		1810.29 time, 1810.32 real, 159 MB
[runlim] sample:		1820.29 time, 1820.32 real, 159 MB
[runlim] sample:		1830.29 time, 1830.32 real, 159 MB
[runlim] sample:		1840.29 time, 1840.32 real, 160 MB
[runlim] sample:		1850.29 time, 1850.32 real, 160 MB
[runlim] sample:		1860.29 time, 1860.32 real, 160 MB
[runlim] sample:		1870.29 time, 1870.32 real, 163 MB
[runlim] sample:		1880.29 time, 1880.32 real, 163 MB
[runlim] sample:		1890.29 time, 1890.32 real, 163 MB
[runlim] sample:		1900.29 time, 1900.32 real, 163 MB
[runlim] sample:		1910.29 time, 1910.32 real, 163 MB
[runlim] sample:		1920.29 time, 1920.32 real, 163 MB
[runlim] sample:		1930.29 time, 1930.32 real, 163 MB
[runlim] sample:		1940.29 time, 1940.32 real, 163 MB
[runlim] sample:		1950.28 time, 1950.32 real, 163 MB
[runlim] sample:		1960.28 time, 1960.32 real, 163 MB
[runlim] sample:		1970.28 time, 1970.32 real, 163 MB
[runlim] sample:		1980.28 time, 1980.32 real, 163 MB
[runlim] sample:		1990.28 time, 1990.32 real, 164 MB
[runlim] sample:		2000.28 time, 2000.32 real, 164 MB
[runlim] sample:		2010.28 time, 2010.32 real, 164 MB
[runlim] sample:		2020.28 time, 2020.32 real, 164 MB
[runlim] sample:		2030.28 time, 2030.32 real, 165 MB
[runlim] sample:		2040.28 time, 2040.32 real, 165 MB
[runlim] sample:		2050.28 time, 2050.32 real, 165 MB
[runlim] sample:		2060.28 time, 2060.32 real, 165 MB
[runlim] sample:		2070.28 time, 2070.32 real, 165 MB
[runlim] sample:		2080.29 time, 2080.32 real, 166 MB
[runlim] sample:		2090.29 time, 2090.32 real, 166 MB
[runlim] sample:		2100.29 time, 2100.32 real, 166 MB
[runlim] sample:		2110.29 time, 2110.32 real, 166 MB
[runlim] sample:		2120.29 time, 2120.32 real, 167 MB
[runlim] sample:		2130.29 time, 2130.32 real, 167 MB
[runlim] sample:		2140.29 time, 2140.32 real, 167 MB
[runlim] sample:		2150.29 time, 2150.32 real, 167 MB
[runlim] sample:		2160.29 time, 2160.32 real, 169 MB
[runlim] sample:		2170.29 time, 2170.32 real, 169 MB
[runlim] sample:		2180.29 time, 2180.32 real, 169 MB
[runlim] sample:		2190.29 time, 2190.32 real, 169 MB
[runlim] sample:		2200.29 time, 2200.32 real, 169 MB
[runlim] sample:		2210.29 time, 2210.32 real, 172 MB
[runlim] sample:		2220.29 time, 2220.32 real, 172 MB
[runlim] sample:		2230.29 time, 2230.32 real, 172 MB
[runlim] sample:		2240.28 time, 2240.32 real, 172 MB
[runlim] sample:		2250.28 time, 2250.32 real, 174 MB
[runlim] sample:		2260.28 time, 2260.32 real, 174 MB
[runlim] sample:		2270.28 time, 2270.32 real, 174 MB
[runlim] sample:		2280.28 time, 2280.32 real, 174 MB
[runlim] sample:		2290.28 time, 2290.32 real, 176 MB
[runlim] sample:		2300.28 time, 2300.32 real, 176 MB
[runlim] sample:		2310.28 time, 2310.32 real, 176 MB
[runlim] sample:		2320.28 time, 2320.32 real, 176 MB
[runlim] sample:		2330.28 time, 2330.32 real, 176 MB
[runlim] sample:		2340.28 time, 2340.32 real, 174 MB
[runlim] sample:		2350.28 time, 2350.32 real, 174 MB
[runlim] sample:		2360.28 time, 2360.32 real, 174 MB
[runlim] sample:		2370.28 time, 2370.32 real, 174 MB
[runlim] sample:		2380.28 time, 2380.32 real, 174 MB
[runlim] sample:		2390.28 time, 2390.32 real, 178 MB
[runlim] sample:		2400.28 time, 2400.32 real, 178 MB
[runlim] sample:		2410.28 time, 2410.32 real, 178 MB
[runlim] sample:		2420.28 time, 2420.32 real, 178 MB
[runlim] sample:		2430.28 time, 2430.32 real, 178 MB
[runlim] sample:		2440.28 time, 2440.32 real, 180 MB
[runlim] sample:		2450.29 time, 2450.32 real, 180 MB
[runlim] sample:		2460.29 time, 2460.32 real, 180 MB
[runlim] sample:		2470.29 time, 2470.32 real, 180 MB
[runlim] sample:		2480.29 time, 2480.32 real, 180 MB
[runlim] sample:		2490.29 time, 2490.32 real, 182 MB
[runlim] sample:		2500.29 time, 2500.32 real, 182 MB
[runlim] sample:		2510.29 time, 2510.32 real, 182 MB
[runlim] sample:		2520.29 time, 2520.32 real, 182 MB
[runlim] sample:		2530.29 time, 2530.32 real, 182 MB
[runlim] sample:		2540.29 time, 2540.32 real, 184 MB
[runlim] sample:		2550.29 time, 2550.32 real, 184 MB
[runlim] sample:		2560.29 time, 2560.32 real, 184 MB
[runlim] sample:		2570.29 time, 2570.32 real, 184 MB
[runlim] sample:		2580.29 time, 2580.32 real, 184 MB
[runlim] sample:		2590.29 time, 2590.32 real, 184 MB
[runlim] sample:		2600.29 time, 2600.32 real, 184 MB
[runlim] sample:		2610.29 time, 2610.32 real, 184 MB
[runlim] sample:		2620.29 time, 2620.32 real, 184 MB
[runlim] sample:		2630.29 time, 2630.32 real, 184 MB
[runlim] sample:		2640.29 time, 2640.32 real, 185 MB
[runlim] sample:		2650.29 time, 2650.32 real, 185 MB
[runlim] sample:		2660.29 time, 2660.32 real, 185 MB
[runlim] sample:		2670.29 time, 2670.32 real, 185 MB
[runlim] sample:		2680.29 time, 2680.32 real, 185 MB
[runlim] sample:		2690.29 time, 2690.32 real, 188 MB


 SIG RECEIVED

[runlim] end:			Sat Feb 29 07:54:08 2020
[runlim] status:		out of time
[runlim] result:		2
[runlim] children:		1
[runlim] real:			2700.13 seconds
[runlim] time:			2699.99 seconds
[runlim] space:			188 MB
[runlim] samples:		26997
