[runlim] version:		1.18
[runlim] host:			c3n16
[runlim] time limit:		2700 seconds
[runlim] real time limit:	2700 seconds
[runlim] space limit:		7000 MB
[runlim] argv[0]:		./binary
[runlim] argv[1]:		/data/cnf/ankit/E1-A1-instances/W5-Umbrella_tbm_26.tex.moduleQ3.7S.000003.qdimacs
[runlim] start:			Sat Feb 29 07:09:08 2020
[runlim] child:			21398
[runlim] sample:		10.01 time, 10.02 real, 30 MB
[runlim] sample:		20.01 time, 20.02 real, 33 MB
[runlim] sample:		30.00 time, 30.02 real, 35 MB
[runlim] sample:		40.00 time, 40.02 real, 36 MB
[runlim] sample:		50.00 time, 50.02 real, 39 MB
[runlim] sample:		60.00 time, 60.02 real, 40 MB
[runlim] sample:		70.01 time, 70.02 real, 41 MB
[runlim] sample:		80.00 time, 80.02 real, 41 MB
[runlim] end:			Sat Feb 29 07:10:29 2020
[runlim] status:		ok
[runlim] result:		0
[runlim] children:		1
[runlim] real:			80.48 seconds
[runlim] time:			80.40 seconds
[runlim] space:			41 MB
[runlim] samples:		804
