[runlim] version:		1.18
[runlim] host:			c3n03
[runlim] time limit:		2700 seconds
[runlim] real time limit:	2700 seconds
[runlim] space limit:		7000 MB
[runlim] argv[0]:		./binary
[runlim] argv[1]:		/data/cnf/ankit/Set1/4qbf-5cnf-100var-800cl.2.qdimacs
[runlim] start:			Thu Feb 27 10:03:53 2020
[runlim] child:			9717
[runlim] sample:		9.80 time, 10.02 real, 46 MB
[runlim] sample:		19.78 time, 20.02 real, 58 MB
[runlim] sample:		29.77 time, 30.02 real, 67 MB
[runlim] sample:		39.76 time, 40.02 real, 75 MB
[runlim] sample:		49.75 time, 50.02 real, 86 MB
[runlim] sample:		59.74 time, 60.02 real, 90 MB
[runlim] sample:		69.73 time, 70.02 real, 95 MB
[runlim] sample:		79.73 time, 80.02 real, 100 MB
[runlim] sample:		89.72 time, 90.02 real, 105 MB
[runlim] sample:		99.71 time, 100.02 real, 108 MB
[runlim] sample:		109.71 time, 110.02 real, 112 MB
[runlim] sample:		119.70 time, 120.02 real, 117 MB
[runlim] sample:		129.69 time, 130.02 real, 121 MB
[runlim] sample:		139.69 time, 140.02 real, 125 MB
[runlim] sample:		149.68 time, 150.02 real, 129 MB
[runlim] sample:		159.67 time, 160.02 real, 132 MB
[runlim] sample:		169.67 time, 170.02 real, 135 MB
[runlim] sample:		179.66 time, 180.02 real, 140 MB
[runlim] sample:		189.66 time, 190.02 real, 144 MB
[runlim] sample:		199.64 time, 200.02 real, 146 MB
[runlim] sample:		209.64 time, 210.02 real, 149 MB
[runlim] sample:		219.63 time, 220.02 real, 152 MB
[runlim] sample:		229.62 time, 230.02 real, 158 MB
[runlim] sample:		239.61 time, 240.02 real, 161 MB
[runlim] sample:		249.61 time, 250.02 real, 164 MB
[runlim] sample:		259.61 time, 260.02 real, 168 MB
[runlim] sample:		269.59 time, 270.02 real, 182 MB
[runlim] sample:		279.59 time, 280.02 real, 179 MB
[runlim] sample:		289.58 time, 290.02 real, 183 MB
[runlim] sample:		299.57 time, 300.02 real, 184 MB
[runlim] sample:		309.56 time, 310.02 real, 187 MB
[runlim] sample:		319.55 time, 320.02 real, 190 MB
[runlim] sample:		329.55 time, 330.02 real, 193 MB
[runlim] sample:		339.54 time, 340.02 real, 196 MB
[runlim] sample:		349.53 time, 350.02 real, 198 MB
[runlim] sample:		359.53 time, 360.02 real, 201 MB
[runlim] sample:		369.52 time, 370.02 real, 203 MB
[runlim] sample:		379.51 time, 380.02 real, 204 MB
[runlim] sample:		389.50 time, 390.02 real, 206 MB
[runlim] sample:		399.49 time, 400.02 real, 207 MB
[runlim] sample:		409.49 time, 410.02 real, 211 MB
[runlim] sample:		419.48 time, 420.02 real, 212 MB
[runlim] sample:		429.47 time, 430.02 real, 214 MB
[runlim] sample:		439.46 time, 440.02 real, 216 MB
[runlim] sample:		449.45 time, 450.02 real, 219 MB
[runlim] sample:		459.45 time, 460.02 real, 220 MB
[runlim] sample:		469.44 time, 470.02 real, 223 MB
[runlim] sample:		479.43 time, 480.02 real, 225 MB
[runlim] sample:		489.43 time, 490.02 real, 227 MB
[runlim] sample:		499.43 time, 500.02 real, 228 MB
[runlim] sample:		509.43 time, 510.02 real, 230 MB
[runlim] sample:		519.42 time, 520.02 real, 232 MB
[runlim] sample:		529.42 time, 530.02 real, 233 MB
[runlim] sample:		539.42 time, 540.02 real, 235 MB
[runlim] sample:		549.43 time, 550.02 real, 235 MB
[runlim] sample:		559.43 time, 560.02 real, 236 MB
[runlim] sample:		569.42 time, 570.02 real, 239 MB
[runlim] sample:		579.43 time, 580.02 real, 240 MB
[runlim] sample:		589.42 time, 590.02 real, 241 MB
[runlim] sample:		599.43 time, 600.02 real, 242 MB
[runlim] sample:		609.43 time, 610.02 real, 245 MB
[runlim] sample:		619.43 time, 620.02 real, 246 MB
[runlim] sample:		629.42 time, 630.02 real, 247 MB
[runlim] sample:		639.42 time, 640.02 real, 248 MB
[runlim] sample:		649.43 time, 650.02 real, 250 MB
[runlim] sample:		659.42 time, 660.02 real, 252 MB
[runlim] sample:		669.42 time, 670.02 real, 254 MB
[runlim] sample:		679.43 time, 680.02 real, 256 MB
[runlim] sample:		689.42 time, 690.02 real, 258 MB
[runlim] sample:		699.42 time, 700.02 real, 259 MB
[runlim] sample:		709.43 time, 710.02 real, 260 MB
[runlim] sample:		719.43 time, 720.02 real, 261 MB
[runlim] sample:		729.42 time, 730.02 real, 263 MB
[runlim] sample:		739.42 time, 740.02 real, 265 MB
[runlim] sample:		749.43 time, 750.02 real, 267 MB
[runlim] sample:		759.43 time, 760.02 real, 269 MB
[runlim] sample:		769.42 time, 770.02 real, 270 MB
[runlim] sample:		779.43 time, 780.02 real, 270 MB
[runlim] sample:		789.42 time, 790.02 real, 270 MB
[runlim] sample:		799.42 time, 800.02 real, 271 MB
[runlim] sample:		809.42 time, 810.02 real, 273 MB
[runlim] sample:		819.43 time, 820.02 real, 275 MB
[runlim] sample:		829.43 time, 830.02 real, 276 MB
[runlim] sample:		839.42 time, 840.02 real, 278 MB
[runlim] sample:		849.42 time, 850.02 real, 281 MB
[runlim] sample:		859.42 time, 860.02 real, 282 MB
[runlim] sample:		869.43 time, 870.02 real, 283 MB
[runlim] sample:		879.42 time, 880.02 real, 285 MB
[runlim] sample:		889.43 time, 890.02 real, 287 MB
[runlim] sample:		899.43 time, 900.02 real, 287 MB
[runlim] sample:		909.42 time, 910.02 real, 288 MB
[runlim] sample:		919.42 time, 920.02 real, 289 MB
[runlim] sample:		929.42 time, 930.02 real, 291 MB
[runlim] sample:		939.42 time, 940.02 real, 292 MB
[runlim] sample:		949.43 time, 950.02 real, 292 MB
[runlim] sample:		959.43 time, 960.02 real, 293 MB
[runlim] sample:		969.42 time, 970.02 real, 293 MB
[runlim] sample:		979.42 time, 980.02 real, 297 MB
[runlim] sample:		989.42 time, 990.02 real, 297 MB
[runlim] sample:		999.42 time, 1000.02 real, 298 MB
[runlim] sample:		1009.42 time, 1010.02 real, 299 MB
[runlim] sample:		1019.42 time, 1020.02 real, 300 MB
[runlim] sample:		1029.42 time, 1030.02 real, 303 MB
[runlim] sample:		1039.42 time, 1040.02 real, 304 MB
[runlim] sample:		1049.42 time, 1050.02 real, 305 MB
[runlim] sample:		1059.42 time, 1060.02 real, 306 MB
[runlim] sample:		1069.42 time, 1070.02 real, 308 MB
[runlim] sample:		1079.42 time, 1080.02 real, 309 MB
[runlim] sample:		1089.42 time, 1090.02 real, 310 MB
[runlim] sample:		1099.42 time, 1100.02 real, 311 MB
[runlim] sample:		1109.42 time, 1110.02 real, 312 MB
[runlim] sample:		1119.41 time, 1120.02 real, 313 MB
[runlim] sample:		1129.42 time, 1130.02 real, 314 MB
[runlim] sample:		1139.42 time, 1140.02 real, 314 MB
[runlim] sample:		1149.42 time, 1150.02 real, 315 MB
[runlim] sample:		1159.42 time, 1160.02 real, 318 MB
[runlim] sample:		1169.42 time, 1170.02 real, 319 MB
[runlim] sample:		1179.41 time, 1180.02 real, 320 MB
[runlim] sample:		1189.41 time, 1190.02 real, 320 MB
[runlim] sample:		1199.42 time, 1200.02 real, 321 MB
[runlim] sample:		1209.42 time, 1210.02 real, 322 MB
[runlim] sample:		1219.42 time, 1220.02 real, 323 MB
[runlim] sample:		1229.42 time, 1230.02 real, 324 MB
[runlim] sample:		1239.42 time, 1240.02 real, 324 MB
[runlim] sample:		1249.42 time, 1250.02 real, 325 MB
[runlim] sample:		1259.41 time, 1260.02 real, 325 MB
[runlim] sample:		1269.41 time, 1270.02 real, 326 MB
[runlim] sample:		1279.42 time, 1280.02 real, 327 MB
[runlim] sample:		1289.42 time, 1290.02 real, 328 MB
[runlim] sample:		1299.42 time, 1300.02 real, 328 MB
[runlim] sample:		1309.41 time, 1310.02 real, 329 MB
[runlim] sample:		1319.42 time, 1320.02 real, 330 MB
[runlim] sample:		1329.42 time, 1330.02 real, 333 MB
[runlim] sample:		1339.42 time, 1340.02 real, 334 MB
[runlim] sample:		1349.41 time, 1350.02 real, 335 MB
[runlim] sample:		1359.41 time, 1360.02 real, 335 MB
[runlim] sample:		1369.41 time, 1370.02 real, 336 MB
[runlim] sample:		1379.42 time, 1380.02 real, 336 MB
[runlim] sample:		1389.42 time, 1390.02 real, 337 MB
[runlim] sample:		1399.42 time, 1400.02 real, 341 MB
[runlim] sample:		1409.41 time, 1410.02 real, 342 MB
[runlim] sample:		1419.41 time, 1420.02 real, 347 MB
[runlim] sample:		1429.41 time, 1430.02 real, 349 MB
[runlim] sample:		1439.41 time, 1440.02 real, 349 MB
[runlim] sample:		1449.41 time, 1450.02 real, 351 MB
[runlim] sample:		1459.42 time, 1460.02 real, 351 MB
[runlim] sample:		1469.41 time, 1470.02 real, 352 MB
[runlim] sample:		1479.41 time, 1480.02 real, 353 MB
[runlim] sample:		1489.41 time, 1490.02 real, 354 MB
[runlim] sample:		1499.42 time, 1500.02 real, 355 MB
[runlim] sample:		1509.42 time, 1510.02 real, 355 MB
[runlim] sample:		1519.42 time, 1520.02 real, 355 MB
[runlim] sample:		1529.42 time, 1530.02 real, 356 MB
[runlim] sample:		1539.42 time, 1540.02 real, 357 MB
[runlim] sample:		1549.42 time, 1550.02 real, 357 MB
[runlim] sample:		1559.41 time, 1560.02 real, 358 MB
[runlim] sample:		1569.41 time, 1570.02 real, 361 MB
[runlim] sample:		1579.42 time, 1580.02 real, 361 MB
[runlim] sample:		1589.41 time, 1590.02 real, 362 MB
[runlim] sample:		1599.41 time, 1600.02 real, 362 MB
[runlim] sample:		1609.41 time, 1610.02 real, 363 MB
[runlim] sample:		1619.41 time, 1620.02 real, 363 MB
[runlim] sample:		1629.41 time, 1630.02 real, 364 MB
[runlim] sample:		1639.41 time, 1640.02 real, 365 MB
[runlim] sample:		1649.42 time, 1650.02 real, 365 MB
[runlim] sample:		1659.41 time, 1660.02 real, 366 MB
[runlim] sample:		1669.41 time, 1670.02 real, 366 MB
[runlim] sample:		1679.41 time, 1680.02 real, 368 MB
[runlim] sample:		1689.41 time, 1690.02 real, 368 MB
[runlim] sample:		1699.41 time, 1700.02 real, 369 MB
[runlim] sample:		1709.41 time, 1710.02 real, 369 MB
[runlim] sample:		1719.41 time, 1720.02 real, 372 MB
[runlim] sample:		1729.41 time, 1730.02 real, 372 MB
[runlim] sample:		1739.41 time, 1740.02 real, 372 MB
[runlim] sample:		1749.41 time, 1750.02 real, 374 MB
[runlim] sample:		1759.41 time, 1760.02 real, 374 MB
[runlim] sample:		1769.41 time, 1770.02 real, 375 MB
[runlim] sample:		1779.41 time, 1780.02 real, 375 MB
[runlim] sample:		1789.41 time, 1790.02 real, 375 MB
[runlim] sample:		1799.41 time, 1800.02 real, 376 MB
[runlim] sample:		1809.41 time, 1810.02 real, 376 MB
[runlim] sample:		1819.41 time, 1820.02 real, 377 MB
[runlim] sample:		1829.41 time, 1830.02 real, 377 MB
[runlim] sample:		1839.41 time, 1840.02 real, 378 MB
[runlim] sample:		1849.40 time, 1850.02 real, 378 MB
[runlim] sample:		1859.40 time, 1860.02 real, 378 MB
[runlim] sample:		1869.41 time, 1870.02 real, 379 MB
[runlim] sample:		1879.41 time, 1880.02 real, 381 MB
[runlim] sample:		1889.41 time, 1890.02 real, 382 MB
[runlim] sample:		1899.40 time, 1900.02 real, 382 MB
[runlim] sample:		1909.40 time, 1910.02 real, 383 MB
[runlim] sample:		1919.41 time, 1920.02 real, 383 MB
[runlim] sample:		1929.41 time, 1930.02 real, 384 MB
[runlim] sample:		1939.41 time, 1940.02 real, 385 MB
[runlim] sample:		1949.40 time, 1950.02 real, 386 MB
[runlim] sample:		1959.41 time, 1960.02 real, 410 MB
[runlim] sample:		1969.41 time, 1970.02 real, 400 MB
[runlim] sample:		1979.41 time, 1980.02 real, 401 MB
[runlim] sample:		1989.40 time, 1990.02 real, 402 MB
[runlim] sample:		1999.40 time, 2000.02 real, 405 MB
[runlim] sample:		2009.41 time, 2010.02 real, 405 MB
[runlim] sample:		2019.41 time, 2020.02 real, 406 MB
[runlim] sample:		2029.41 time, 2030.02 real, 406 MB
[runlim] sample:		2039.40 time, 2040.02 real, 407 MB
[runlim] sample:		2049.40 time, 2050.02 real, 407 MB
[runlim] sample:		2059.40 time, 2060.02 real, 408 MB
[runlim] sample:		2069.40 time, 2070.02 real, 408 MB
[runlim] sample:		2079.40 time, 2080.02 real, 408 MB
[runlim] sample:		2089.40 time, 2090.02 real, 409 MB
[runlim] sample:		2099.40 time, 2100.02 real, 410 MB
[runlim] sample:		2109.40 time, 2110.02 real, 411 MB
[runlim] sample:		2119.40 time, 2120.02 real, 411 MB
[runlim] sample:		2129.40 time, 2130.02 real, 414 MB
[runlim] sample:		2139.40 time, 2140.02 real, 415 MB
[runlim] sample:		2149.40 time, 2150.02 real, 415 MB
[runlim] sample:		2159.40 time, 2160.02 real, 415 MB
[runlim] sample:		2169.40 time, 2170.02 real, 416 MB
[runlim] sample:		2179.40 time, 2180.02 real, 417 MB
[runlim] sample:		2189.41 time, 2190.02 real, 417 MB
[runlim] sample:		2199.41 time, 2200.02 real, 417 MB
[runlim] sample:		2209.41 time, 2210.02 real, 418 MB
[runlim] sample:		2219.41 time, 2220.02 real, 421 MB
[runlim] sample:		2229.41 time, 2230.02 real, 421 MB
[runlim] sample:		2239.41 time, 2240.02 real, 424 MB
[runlim] sample:		2249.40 time, 2250.02 real, 424 MB
[runlim] sample:		2259.40 time, 2260.02 real, 424 MB
[runlim] sample:		2269.40 time, 2270.02 real, 425 MB
[runlim] sample:		2279.40 time, 2280.02 real, 426 MB
[runlim] sample:		2289.40 time, 2290.02 real, 426 MB
[runlim] sample:		2299.40 time, 2300.02 real, 427 MB
[runlim] sample:		2309.40 time, 2310.02 real, 428 MB
[runlim] sample:		2319.40 time, 2320.02 real, 428 MB
[runlim] sample:		2329.40 time, 2330.02 real, 428 MB
[runlim] sample:		2339.40 time, 2340.02 real, 429 MB
[runlim] sample:		2349.40 time, 2350.02 real, 430 MB
[runlim] sample:		2359.40 time, 2360.02 real, 430 MB
[runlim] sample:		2369.40 time, 2370.02 real, 431 MB
[runlim] sample:		2379.40 time, 2380.02 real, 431 MB
[runlim] sample:		2389.40 time, 2390.02 real, 434 MB
[runlim] sample:		2399.40 time, 2400.02 real, 435 MB
[runlim] sample:		2409.40 time, 2410.02 real, 435 MB
[runlim] sample:		2419.41 time, 2420.02 real, 435 MB
[runlim] sample:		2429.40 time, 2430.02 real, 436 MB
[runlim] sample:		2439.40 time, 2440.02 real, 436 MB
[runlim] sample:		2449.40 time, 2450.02 real, 436 MB
[runlim] sample:		2459.40 time, 2460.02 real, 437 MB
[runlim] sample:		2469.40 time, 2470.02 real, 438 MB
[runlim] sample:		2479.40 time, 2480.02 real, 439 MB
[runlim] sample:		2489.40 time, 2490.02 real, 439 MB
[runlim] sample:		2499.40 time, 2500.02 real, 440 MB
[runlim] sample:		2509.40 time, 2510.02 real, 440 MB
[runlim] sample:		2519.40 time, 2520.02 real, 441 MB
[runlim] sample:		2529.40 time, 2530.02 real, 441 MB
[runlim] sample:		2539.40 time, 2540.02 real, 442 MB
[runlim] sample:		2549.40 time, 2550.02 real, 442 MB
[runlim] sample:		2559.40 time, 2560.02 real, 444 MB
[runlim] sample:		2569.40 time, 2570.02 real, 444 MB
[runlim] sample:		2579.40 time, 2580.02 real, 445 MB
[runlim] sample:		2589.40 time, 2590.02 real, 446 MB
[runlim] sample:		2599.40 time, 2600.02 real, 446 MB
[runlim] sample:		2609.39 time, 2610.02 real, 447 MB
[runlim] sample:		2619.40 time, 2620.02 real, 447 MB
[runlim] sample:		2629.40 time, 2630.02 real, 448 MB
[runlim] sample:		2639.40 time, 2640.02 real, 449 MB
[runlim] sample:		2649.40 time, 2650.02 real, 451 MB
[runlim] sample:		2659.40 time, 2660.02 real, 451 MB
[runlim] sample:		2669.40 time, 2670.02 real, 452 MB
[runlim] sample:		2679.40 time, 2680.02 real, 452 MB
[runlim] sample:		2689.40 time, 2690.02 real, 453 MB
[runlim] sample:		2699.40 time, 2700.02 real, 454 MB
[runlim] end:			Thu Feb 27 10:48:53 2020
[runlim] status:		out of time
[runlim] result:		2
[runlim] children:		1
[runlim] real:			2700.10 seconds
[runlim] time:			2699.40 seconds
[runlim] space:			454 MB
[runlim] samples:		27000
