[runlim] version:		1.18
[runlim] host:			c3n01
[runlim] time limit:		2700 seconds
[runlim] real time limit:	2700 seconds
[runlim] space limit:		7000 MB
[runlim] argv[0]:		./binary
[runlim] argv[1]:		/data/cnf/ankit/Set1/5qbf-5cnf-100var-1000cl.2.qdimacs
[runlim] start:			Thu Feb 27 10:03:53 2020
[runlim] child:			26779
[runlim] sample:		10.00 time, 10.01 real, 66 MB
[runlim] sample:		20.00 time, 20.01 real, 92 MB
[runlim] sample:		30.00 time, 30.01 real, 111 MB
[runlim] sample:		40.00 time, 40.01 real, 123 MB
[runlim] sample:		50.00 time, 50.02 real, 133 MB
[runlim] sample:		60.00 time, 60.02 real, 139 MB
[runlim] sample:		70.00 time, 70.02 real, 147 MB
[runlim] sample:		80.00 time, 80.01 real, 156 MB
[runlim] sample:		90.00 time, 90.02 real, 162 MB
[runlim] sample:		100.00 time, 100.01 real, 167 MB
[runlim] sample:		110.00 time, 110.02 real, 172 MB
[runlim] sample:		120.00 time, 120.02 real, 179 MB
[runlim] sample:		130.00 time, 130.02 real, 184 MB
[runlim] sample:		140.00 time, 140.01 real, 188 MB
[runlim] sample:		150.00 time, 150.02 real, 195 MB
[runlim] sample:		160.00 time, 160.02 real, 201 MB
[runlim] sample:		170.00 time, 170.02 real, 203 MB
[runlim] sample:		180.00 time, 180.02 real, 212 MB
[runlim] end:			Thu Feb 27 10:07:00 2020
[runlim] status:		ok
[runlim] result:		0
[runlim] children:		1
[runlim] real:			186.52 seconds
[runlim] time:			186.50 seconds
[runlim] space:			214 MB
[runlim] samples:		1865
