[runlim] version:		1.18
[runlim] host:			c3n09
[runlim] time limit:		2700 seconds
[runlim] real time limit:	2700 seconds
[runlim] space limit:		7000 MB
[runlim] argv[0]:		./binary
[runlim] argv[1]:		/data/cnf/ankit/Set1/arbiter-08-comp-error02-qbf-hardness-depth-9.qdimacs
[runlim] start:			Thu Feb 27 10:03:54 2020
[runlim] child:			7461
[runlim] sample:		9.99 time, 10.02 real, 26 MB
[runlim] sample:		19.99 time, 20.02 real, 34 MB
[runlim] sample:		30.00 time, 30.02 real, 41 MB
[runlim] sample:		39.99 time, 40.02 real, 48 MB
[runlim] sample:		50.00 time, 50.02 real, 55 MB
[runlim] sample:		59.99 time, 60.02 real, 61 MB
[runlim] sample:		69.99 time, 70.02 real, 68 MB
[runlim] sample:		80.00 time, 80.02 real, 75 MB
[runlim] sample:		89.99 time, 90.02 real, 81 MB
[runlim] sample:		99.99 time, 100.02 real, 88 MB
[runlim] sample:		109.99 time, 110.02 real, 94 MB
[runlim] sample:		119.99 time, 120.02 real, 103 MB
[runlim] sample:		130.00 time, 130.02 real, 110 MB
[runlim] sample:		139.99 time, 140.02 real, 117 MB
[runlim] sample:		149.99 time, 150.02 real, 124 MB
[runlim] end:			Thu Feb 27 10:06:26 2020
[runlim] status:		ok
[runlim] result:		0
[runlim] children:		1
[runlim] real:			152.44 seconds
[runlim] time:			152.40 seconds
[runlim] space:			127 MB
[runlim] samples:		1524
