[runlim] version:		1.18
[runlim] host:			c3n06
[runlim] time limit:		2700 seconds
[runlim] real time limit:	2700 seconds
[runlim] space limit:		7000 MB
[runlim] argv[0]:		./binary
[runlim] argv[1]:		/data/cnf/ankit/Set1/bobsm9234.qdimacs
[runlim] start:			Thu Feb 27 10:03:54 2020
[runlim] child:			8988
[runlim] sample:		9.63 time, 10.02 real, 37 MB
[runlim] sample:		19.63 time, 20.02 real, 67 MB
[runlim] sample:		29.64 time, 30.02 real, 92 MB
[runlim] sample:		39.63 time, 40.02 real, 116 MB
[runlim] sample:		49.64 time, 50.02 real, 144 MB
[runlim] sample:		59.63 time, 60.02 real, 170 MB
[runlim] sample:		69.63 time, 70.02 real, 196 MB
[runlim] sample:		79.64 time, 80.02 real, 176 MB
[runlim] sample:		89.63 time, 90.02 real, 201 MB
[runlim] sample:		99.64 time, 100.02 real, 223 MB
[runlim] sample:		109.63 time, 110.02 real, 247 MB
[runlim] sample:		119.63 time, 120.02 real, 272 MB
[runlim] sample:		129.63 time, 130.02 real, 300 MB
[runlim] sample:		139.63 time, 140.02 real, 326 MB
[runlim] sample:		149.63 time, 150.02 real, 351 MB
[runlim] sample:		159.63 time, 160.02 real, 375 MB
[runlim] sample:		169.64 time, 170.02 real, 396 MB
[runlim] sample:		179.63 time, 180.02 real, 417 MB
[runlim] sample:		189.63 time, 190.02 real, 440 MB
[runlim] sample:		199.64 time, 200.02 real, 462 MB
[runlim] sample:		209.63 time, 210.02 real, 384 MB
[runlim] sample:		219.63 time, 220.02 real, 406 MB
[runlim] sample:		229.63 time, 230.02 real, 428 MB
[runlim] sample:		239.63 time, 240.02 real, 450 MB
[runlim] sample:		249.63 time, 250.02 real, 474 MB
[runlim] sample:		259.64 time, 260.02 real, 495 MB
[runlim] sample:		269.63 time, 270.02 real, 518 MB
[runlim] sample:		279.63 time, 280.02 real, 541 MB
[runlim] sample:		289.63 time, 290.02 real, 563 MB
[runlim] sample:		299.64 time, 300.02 real, 586 MB
[runlim] sample:		309.64 time, 310.02 real, 609 MB
[runlim] sample:		319.63 time, 320.02 real, 633 MB
[runlim] sample:		329.63 time, 330.02 real, 657 MB
[runlim] sample:		339.63 time, 340.02 real, 679 MB
[runlim] sample:		349.63 time, 350.02 real, 702 MB
[runlim] sample:		359.63 time, 360.02 real, 725 MB
[runlim] sample:		369.63 time, 370.02 real, 748 MB
[runlim] sample:		379.63 time, 380.02 real, 772 MB
[runlim] sample:		389.63 time, 390.02 real, 796 MB
[runlim] sample:		399.63 time, 400.02 real, 817 MB
[runlim] sample:		409.63 time, 410.02 real, 836 MB
[runlim] sample:		419.63 time, 420.02 real, 859 MB
[runlim] sample:		429.63 time, 430.02 real, 879 MB
[runlim] sample:		439.63 time, 440.02 real, 900 MB
[runlim] sample:		449.63 time, 450.02 real, 921 MB
[runlim] sample:		459.63 time, 460.02 real, 945 MB
[runlim] sample:		469.64 time, 470.02 real, 970 MB
[runlim] sample:		479.63 time, 480.02 real, 995 MB
[runlim] sample:		489.64 time, 490.02 real, 1018 MB
[runlim] sample:		499.63 time, 500.02 real, 1039 MB
[runlim] sample:		509.63 time, 510.02 real, 1061 MB
[runlim] sample:		519.63 time, 520.02 real, 1083 MB
[runlim] sample:		529.63 time, 530.02 real, 1105 MB
[runlim] sample:		539.63 time, 540.02 real, 1125 MB
[runlim] sample:		549.63 time, 550.02 real, 1143 MB
[runlim] sample:		559.63 time, 560.02 real, 1163 MB
[runlim] sample:		569.63 time, 570.02 real, 1184 MB
[runlim] sample:		579.63 time, 580.02 real, 1205 MB
[runlim] sample:		589.63 time, 590.02 real, 1226 MB
[runlim] sample:		599.63 time, 600.02 real, 1248 MB
[runlim] sample:		609.62 time, 610.02 real, 1267 MB
[runlim] sample:		619.63 time, 620.02 real, 1288 MB
[runlim] sample:		629.63 time, 630.02 real, 1307 MB
[runlim] sample:		639.63 time, 640.02 real, 1327 MB
[runlim] sample:		649.63 time, 650.02 real, 1347 MB
[runlim] sample:		659.63 time, 660.02 real, 1364 MB
[runlim] sample:		669.63 time, 670.02 real, 1381 MB
[runlim] sample:		679.63 time, 680.02 real, 1400 MB
[runlim] sample:		689.63 time, 690.02 real, 1418 MB
[runlim] sample:		699.63 time, 700.02 real, 1115 MB
[runlim] sample:		709.63 time, 710.02 real, 1133 MB
[runlim] sample:		719.63 time, 720.02 real, 1148 MB
[runlim] sample:		729.63 time, 730.02 real, 1163 MB
[runlim] sample:		739.63 time, 740.02 real, 1180 MB
[runlim] sample:		749.63 time, 750.02 real, 1198 MB
[runlim] sample:		759.63 time, 760.02 real, 1216 MB
[runlim] sample:		769.63 time, 770.02 real, 1231 MB
[runlim] sample:		779.63 time, 780.02 real, 1247 MB
[runlim] sample:		789.62 time, 790.02 real, 1263 MB
[runlim] sample:		799.63 time, 800.02 real, 1281 MB
[runlim] sample:		809.62 time, 810.02 real, 1299 MB
[runlim] sample:		819.63 time, 820.02 real, 1318 MB
[runlim] sample:		829.62 time, 830.02 real, 1335 MB
[runlim] sample:		839.63 time, 840.02 real, 1353 MB
[runlim] sample:		849.63 time, 850.02 real, 1369 MB
[runlim] sample:		859.63 time, 860.02 real, 1388 MB
[runlim] sample:		869.62 time, 870.02 real, 1406 MB
[runlim] sample:		879.63 time, 880.02 real, 1425 MB
[runlim] sample:		889.62 time, 890.02 real, 1443 MB
[runlim] sample:		899.63 time, 900.02 real, 1463 MB
[runlim] sample:		909.63 time, 910.02 real, 1484 MB
[runlim] sample:		919.63 time, 920.02 real, 1502 MB
[runlim] sample:		929.63 time, 930.02 real, 1521 MB
[runlim] sample:		939.63 time, 940.02 real, 1541 MB
[runlim] sample:		949.63 time, 950.02 real, 1560 MB
[runlim] sample:		959.63 time, 960.02 real, 1580 MB
[runlim] sample:		969.63 time, 970.02 real, 1597 MB
[runlim] sample:		979.63 time, 980.02 real, 1618 MB
[runlim] sample:		989.63 time, 990.02 real, 1637 MB
[runlim] sample:		999.63 time, 1000.02 real, 1656 MB
[runlim] sample:		1009.63 time, 1010.02 real, 1674 MB
[runlim] sample:		1019.63 time, 1020.02 real, 1694 MB
[runlim] sample:		1029.63 time, 1030.02 real, 1713 MB
[runlim] sample:		1039.63 time, 1040.02 real, 1732 MB
[runlim] sample:		1049.63 time, 1050.02 real, 1751 MB
[runlim] sample:		1059.63 time, 1060.02 real, 1770 MB
[runlim] sample:		1069.63 time, 1070.02 real, 1790 MB
[runlim] sample:		1079.62 time, 1080.02 real, 1809 MB
[runlim] sample:		1089.63 time, 1090.02 real, 1828 MB
[runlim] sample:		1099.62 time, 1100.02 real, 1851 MB
[runlim] sample:		1109.63 time, 1110.02 real, 1871 MB
[runlim] sample:		1119.62 time, 1120.02 real, 1890 MB
[runlim] sample:		1129.63 time, 1130.02 real, 1910 MB
[runlim] sample:		1139.62 time, 1140.02 real, 1929 MB
[runlim] sample:		1149.63 time, 1150.02 real, 1947 MB
[runlim] sample:		1159.63 time, 1160.02 real, 1964 MB
[runlim] sample:		1169.62 time, 1170.02 real, 1982 MB
[runlim] sample:		1179.63 time, 1180.02 real, 2003 MB
[runlim] sample:		1189.62 time, 1190.02 real, 2025 MB
[runlim] sample:		1199.62 time, 1200.02 real, 2046 MB
[runlim] sample:		1209.62 time, 1210.02 real, 2066 MB
[runlim] sample:		1219.63 time, 1220.02 real, 2084 MB
[runlim] sample:		1229.62 time, 1230.02 real, 2105 MB
[runlim] sample:		1239.63 time, 1240.02 real, 2123 MB
[runlim] sample:		1249.63 time, 1250.02 real, 2141 MB
[runlim] sample:		1259.63 time, 1260.02 real, 2157 MB
[runlim] sample:		1269.62 time, 1270.02 real, 2175 MB
[runlim] sample:		1279.62 time, 1280.02 real, 2193 MB
[runlim] sample:		1289.63 time, 1290.02 real, 2209 MB
[runlim] sample:		1299.63 time, 1300.02 real, 2229 MB
[runlim] sample:		1309.62 time, 1310.02 real, 2246 MB
[runlim] sample:		1319.63 time, 1320.02 real, 2259 MB
[runlim] sample:		1329.62 time, 1330.02 real, 2275 MB
[runlim] sample:		1339.62 time, 1340.02 real, 2292 MB
[runlim] sample:		1349.63 time, 1350.02 real, 2312 MB
[runlim] sample:		1359.63 time, 1360.02 real, 2331 MB
[runlim] sample:		1369.63 time, 1370.02 real, 2349 MB
[runlim] sample:		1379.63 time, 1380.02 real, 2365 MB
[runlim] sample:		1389.62 time, 1390.02 real, 2381 MB
[runlim] sample:		1399.63 time, 1400.02 real, 2399 MB
[runlim] sample:		1409.63 time, 1410.02 real, 2419 MB
[runlim] sample:		1419.62 time, 1420.02 real, 2435 MB
[runlim] sample:		1429.62 time, 1430.02 real, 2453 MB
[runlim] sample:		1439.63 time, 1440.02 real, 2475 MB
[runlim] sample:		1449.62 time, 1450.02 real, 2491 MB
[runlim] sample:		1459.63 time, 1460.02 real, 2508 MB
[runlim] sample:		1469.63 time, 1470.02 real, 2527 MB
[runlim] sample:		1479.62 time, 1480.02 real, 2544 MB
[runlim] sample:		1489.63 time, 1490.02 real, 2562 MB
[runlim] sample:		1499.62 time, 1500.02 real, 2581 MB
[runlim] sample:		1509.63 time, 1510.02 real, 2599 MB
[runlim] sample:		1519.63 time, 1520.02 real, 2615 MB
[runlim] sample:		1529.62 time, 1530.02 real, 2631 MB
[runlim] sample:		1539.62 time, 1540.02 real, 2648 MB
[runlim] sample:		1549.62 time, 1550.02 real, 2664 MB
[runlim] sample:		1559.63 time, 1560.02 real, 2681 MB
[runlim] sample:		1569.62 time, 1570.02 real, 2698 MB
[runlim] sample:		1579.62 time, 1580.02 real, 2714 MB
[runlim] sample:		1589.62 time, 1590.02 real, 2733 MB
[runlim] sample:		1599.62 time, 1600.02 real, 2751 MB
[runlim] sample:		1609.62 time, 1610.02 real, 2770 MB
[runlim] sample:		1619.62 time, 1620.02 real, 2784 MB
[runlim] sample:		1629.63 time, 1630.02 real, 2802 MB
[runlim] sample:		1639.62 time, 1640.02 real, 2819 MB
[runlim] sample:		1649.62 time, 1650.02 real, 2837 MB
[runlim] sample:		1659.62 time, 1660.02 real, 2855 MB
[runlim] sample:		1669.62 time, 1670.02 real, 2870 MB
[runlim] sample:		1679.63 time, 1680.02 real, 2884 MB
[runlim] sample:		1689.62 time, 1690.02 real, 2897 MB
[runlim] sample:		1699.62 time, 1700.02 real, 2914 MB
[runlim] sample:		1709.63 time, 1710.02 real, 2932 MB
[runlim] sample:		1719.63 time, 1720.02 real, 2414 MB
[runlim] sample:		1729.62 time, 1730.02 real, 2327 MB
[runlim] sample:		1739.63 time, 1740.02 real, 2345 MB
[runlim] sample:		1749.63 time, 1750.02 real, 2361 MB
[runlim] sample:		1759.63 time, 1760.02 real, 2381 MB
[runlim] sample:		1769.62 time, 1770.02 real, 2399 MB
[runlim] sample:		1779.62 time, 1780.02 real, 2414 MB
[runlim] sample:		1789.62 time, 1790.02 real, 2431 MB
[runlim] sample:		1799.63 time, 1800.02 real, 2449 MB
[runlim] sample:		1809.63 time, 1810.02 real, 2468 MB
[runlim] sample:		1819.63 time, 1820.02 real, 2488 MB
[runlim] sample:		1829.62 time, 1830.02 real, 2507 MB
[runlim] sample:		1839.63 time, 1840.02 real, 2525 MB
[runlim] sample:		1849.63 time, 1850.02 real, 2545 MB
[runlim] sample:		1859.63 time, 1860.02 real, 2561 MB
[runlim] sample:		1869.62 time, 1870.02 real, 2579 MB
[runlim] sample:		1879.62 time, 1880.02 real, 2598 MB
[runlim] sample:		1889.63 time, 1890.02 real, 2615 MB
[runlim] sample:		1899.63 time, 1900.02 real, 2630 MB
[runlim] sample:		1909.63 time, 1910.02 real, 2648 MB
[runlim] sample:		1919.62 time, 1920.02 real, 2666 MB
[runlim] sample:		1929.62 time, 1930.02 real, 2683 MB
[runlim] sample:		1939.62 time, 1940.02 real, 2700 MB
[runlim] sample:		1949.62 time, 1950.02 real, 2718 MB
[runlim] sample:		1959.63 time, 1960.02 real, 2737 MB
[runlim] sample:		1969.62 time, 1970.02 real, 2754 MB
[runlim] sample:		1979.62 time, 1980.02 real, 2770 MB
[runlim] sample:		1989.62 time, 1990.02 real, 2787 MB
[runlim] sample:		1999.62 time, 2000.02 real, 2803 MB
[runlim] sample:		2009.62 time, 2010.02 real, 2816 MB
[runlim] sample:		2019.62 time, 2020.02 real, 2830 MB
[runlim] sample:		2029.62 time, 2030.02 real, 2847 MB
[runlim] sample:		2039.62 time, 2040.02 real, 2862 MB
[runlim] sample:		2049.62 time, 2050.02 real, 2879 MB
[runlim] sample:		2059.62 time, 2060.02 real, 2898 MB
[runlim] sample:		2069.62 time, 2070.02 real, 2917 MB
[runlim] sample:		2079.62 time, 2080.02 real, 2934 MB
[runlim] sample:		2089.62 time, 2090.02 real, 2952 MB
[runlim] sample:		2099.62 time, 2100.02 real, 2970 MB
[runlim] sample:		2109.62 time, 2110.02 real, 2988 MB
[runlim] sample:		2119.62 time, 2120.02 real, 3004 MB
[runlim] sample:		2129.62 time, 2130.02 real, 3022 MB
[runlim] sample:		2139.62 time, 2140.02 real, 3038 MB
[runlim] sample:		2149.62 time, 2150.02 real, 3054 MB
[runlim] sample:		2159.62 time, 2160.02 real, 3067 MB
[runlim] sample:		2169.62 time, 2170.02 real, 3079 MB
[runlim] sample:		2179.62 time, 2180.02 real, 3093 MB
[runlim] sample:		2189.62 time, 2190.02 real, 3107 MB
[runlim] sample:		2199.63 time, 2200.02 real, 3120 MB
[runlim] sample:		2209.62 time, 2210.02 real, 3132 MB
[runlim] sample:		2219.62 time, 2220.02 real, 3147 MB
[runlim] sample:		2229.62 time, 2230.02 real, 3159 MB
[runlim] sample:		2239.63 time, 2240.02 real, 3172 MB
[runlim] sample:		2249.62 time, 2250.02 real, 3187 MB
[runlim] sample:		2259.62 time, 2260.02 real, 3201 MB
[runlim] sample:		2269.63 time, 2270.02 real, 3216 MB
[runlim] sample:		2279.62 time, 2280.02 real, 3231 MB
[runlim] sample:		2289.63 time, 2290.02 real, 3246 MB
[runlim] sample:		2299.62 time, 2300.02 real, 3261 MB
[runlim] sample:		2309.62 time, 2310.02 real, 3277 MB
[runlim] sample:		2319.62 time, 2320.02 real, 3291 MB
[runlim] sample:		2329.63 time, 2330.02 real, 3306 MB
[runlim] sample:		2339.62 time, 2340.02 real, 3320 MB
[runlim] sample:		2349.62 time, 2350.02 real, 3335 MB
[runlim] sample:		2359.62 time, 2360.02 real, 3349 MB
[runlim] sample:		2369.62 time, 2370.02 real, 3363 MB
[runlim] sample:		2379.62 time, 2380.02 real, 3374 MB
[runlim] sample:		2389.62 time, 2390.02 real, 3387 MB
[runlim] sample:		2399.62 time, 2400.02 real, 3400 MB
[runlim] sample:		2409.62 time, 2410.02 real, 3412 MB
[runlim] sample:		2419.62 time, 2420.02 real, 3424 MB
[runlim] sample:		2429.62 time, 2430.02 real, 3435 MB
[runlim] sample:		2439.62 time, 2440.02 real, 3448 MB
[runlim] sample:		2449.62 time, 2450.02 real, 3461 MB
[runlim] sample:		2459.62 time, 2460.02 real, 3473 MB
[runlim] sample:		2469.62 time, 2470.02 real, 3487 MB
[runlim] sample:		2479.62 time, 2480.02 real, 3497 MB
[runlim] sample:		2489.62 time, 2490.02 real, 3511 MB
[runlim] sample:		2499.62 time, 2500.02 real, 3523 MB
[runlim] sample:		2509.62 time, 2510.02 real, 3534 MB
[runlim] sample:		2519.62 time, 2520.02 real, 3547 MB
[runlim] sample:		2529.62 time, 2530.02 real, 3556 MB
[runlim] sample:		2539.62 time, 2540.02 real, 3570 MB
[runlim] sample:		2549.62 time, 2550.02 real, 3585 MB
[runlim] sample:		2559.62 time, 2560.02 real, 3598 MB
[runlim] sample:		2569.62 time, 2570.02 real, 3609 MB
[runlim] sample:		2579.62 time, 2580.02 real, 3623 MB
[runlim] sample:		2589.62 time, 2590.02 real, 3638 MB
[runlim] sample:		2599.62 time, 2600.02 real, 3653 MB
[runlim] sample:		2609.62 time, 2610.01 real, 3669 MB
[runlim] sample:		2619.62 time, 2620.01 real, 3686 MB
[runlim] sample:		2629.61 time, 2630.02 real, 3702 MB
[runlim] sample:		2639.62 time, 2640.01 real, 3719 MB
[runlim] sample:		2649.62 time, 2650.01 real, 3736 MB
[runlim] sample:		2659.62 time, 2660.02 real, 3752 MB
[runlim] sample:		2669.62 time, 2670.01 real, 3767 MB
[runlim] sample:		2679.62 time, 2680.01 real, 3780 MB
[runlim] sample:		2689.62 time, 2690.01 real, 3794 MB
[runlim] sample:		2699.61 time, 2700.01 real, 3810 MB
[runlim] end:			Thu Feb 27 10:48:54 2020
[runlim] status:		out of time
[runlim] result:		2
[runlim] children:		1
[runlim] real:			2700.19 seconds
[runlim] time:			2699.61 seconds
[runlim] space:			5131 MB
[runlim] samples:		27000
