[runlim] version:		1.18
[runlim] host:			c3n08
[runlim] time limit:		2700 seconds
[runlim] real time limit:	2700 seconds
[runlim] space limit:		7000 MB
[runlim] argv[0]:		./binary
[runlim] argv[1]:		/data/cnf/ankit/Set1/ceiling128.qdimacs
[runlim] start:			Thu Feb 27 10:03:55 2020
[runlim] child:			13187
[runlim] sample:		9.93 time, 10.02 real, 45 MB
[runlim] sample:		19.93 time, 20.02 real, 79 MB
[runlim] sample:		29.93 time, 30.02 real, 111 MB
[runlim] sample:		39.93 time, 40.02 real, 143 MB
[runlim] sample:		49.93 time, 50.02 real, 172 MB
[runlim] sample:		59.93 time, 60.02 real, 165 MB
[runlim] sample:		69.92 time, 70.02 real, 194 MB
[runlim] sample:		79.92 time, 80.02 real, 223 MB
[runlim] sample:		89.93 time, 90.02 real, 250 MB
[runlim] sample:		99.93 time, 100.02 real, 277 MB
[runlim] sample:		109.92 time, 110.02 real, 305 MB
[runlim] sample:		119.93 time, 120.02 real, 333 MB
[runlim] sample:		129.93 time, 130.02 real, 362 MB
[runlim] sample:		139.93 time, 140.02 real, 389 MB
[runlim] sample:		149.92 time, 150.02 real, 418 MB
[runlim] sample:		159.93 time, 160.02 real, 362 MB
[runlim] sample:		169.93 time, 170.02 real, 388 MB
[runlim] sample:		179.93 time, 180.02 real, 416 MB
[runlim] sample:		189.92 time, 190.02 real, 445 MB
[runlim] sample:		199.92 time, 200.02 real, 473 MB
[runlim] sample:		209.92 time, 210.02 real, 500 MB
[runlim] sample:		219.92 time, 220.02 real, 526 MB
[runlim] sample:		229.92 time, 230.02 real, 553 MB
[runlim] sample:		239.93 time, 240.02 real, 579 MB
[runlim] sample:		249.92 time, 250.02 real, 606 MB
[runlim] sample:		259.92 time, 260.02 real, 632 MB
[runlim] sample:		269.93 time, 270.02 real, 656 MB
[runlim] sample:		279.93 time, 280.02 real, 677 MB
[runlim] sample:		289.93 time, 290.02 real, 702 MB
[runlim] sample:		299.93 time, 300.02 real, 728 MB
[runlim] sample:		309.93 time, 310.02 real, 751 MB
[runlim] sample:		319.92 time, 320.02 real, 775 MB
[runlim] sample:		329.93 time, 330.02 real, 801 MB
[runlim] sample:		339.92 time, 340.02 real, 824 MB
[runlim] sample:		349.92 time, 350.02 real, 849 MB
[runlim] sample:		359.93 time, 360.02 real, 876 MB
[runlim] sample:		369.93 time, 370.02 real, 901 MB
[runlim] sample:		379.92 time, 380.02 real, 928 MB
[runlim] sample:		389.92 time, 390.02 real, 953 MB
[runlim] sample:		399.92 time, 400.02 real, 979 MB
[runlim] sample:		409.92 time, 410.02 real, 1005 MB
[runlim] sample:		419.92 time, 420.02 real, 832 MB
[runlim] sample:		429.92 time, 430.02 real, 858 MB
[runlim] sample:		439.92 time, 440.02 real, 883 MB
[runlim] sample:		449.92 time, 450.02 real, 909 MB
[runlim] sample:		459.92 time, 460.02 real, 935 MB
[runlim] sample:		469.92 time, 470.02 real, 962 MB
[runlim] sample:		479.92 time, 480.02 real, 989 MB
[runlim] sample:		489.92 time, 490.02 real, 1014 MB
[runlim] sample:		499.92 time, 500.02 real, 1039 MB
[runlim] sample:		509.92 time, 510.02 real, 1064 MB
[runlim] sample:		519.92 time, 520.02 real, 1088 MB
[runlim] sample:		529.92 time, 530.02 real, 1112 MB
[runlim] sample:		539.92 time, 540.02 real, 1136 MB
[runlim] sample:		549.92 time, 550.02 real, 1162 MB
[runlim] sample:		559.91 time, 560.02 real, 1187 MB
[runlim] sample:		569.92 time, 570.02 real, 1214 MB
[runlim] sample:		579.92 time, 580.02 real, 1240 MB
[runlim] sample:		589.92 time, 590.02 real, 1264 MB
[runlim] sample:		599.92 time, 600.02 real, 1283 MB
[runlim] sample:		609.92 time, 610.02 real, 1305 MB
[runlim] sample:		619.92 time, 620.02 real, 1329 MB
[runlim] sample:		629.92 time, 630.02 real, 1352 MB
[runlim] sample:		639.92 time, 640.02 real, 1375 MB
[runlim] sample:		649.92 time, 650.02 real, 1398 MB
[runlim] sample:		659.91 time, 660.02 real, 1421 MB
[runlim] sample:		669.92 time, 670.02 real, 1443 MB
[runlim] sample:		679.92 time, 680.02 real, 1467 MB
[runlim] sample:		689.92 time, 690.02 real, 1490 MB
[runlim] sample:		699.92 time, 700.02 real, 1515 MB
[runlim] sample:		709.92 time, 710.02 real, 1543 MB
[runlim] sample:		719.91 time, 720.02 real, 1569 MB
[runlim] sample:		729.92 time, 730.02 real, 1594 MB
[runlim] sample:		739.91 time, 740.02 real, 1618 MB
[runlim] sample:		749.92 time, 750.02 real, 1645 MB
[runlim] sample:		759.92 time, 760.02 real, 1668 MB
[runlim] sample:		769.91 time, 770.02 real, 1688 MB
[runlim] sample:		779.92 time, 780.02 real, 1708 MB
[runlim] sample:		789.92 time, 790.02 real, 1731 MB
[runlim] sample:		799.91 time, 800.02 real, 1753 MB
[runlim] sample:		809.92 time, 810.02 real, 1775 MB
[runlim] sample:		819.92 time, 820.02 real, 1799 MB
[runlim] sample:		829.89 time, 830.02 real, 1818 MB
[runlim] sample:		839.88 time, 840.02 real, 1842 MB
[runlim] sample:		849.89 time, 850.02 real, 1866 MB
[runlim] sample:		859.89 time, 860.02 real, 1888 MB
[runlim] sample:		869.89 time, 870.02 real, 1912 MB
[runlim] sample:		879.89 time, 880.02 real, 1935 MB
[runlim] sample:		889.89 time, 890.02 real, 1956 MB
[runlim] sample:		899.88 time, 900.02 real, 1975 MB
[runlim] sample:		909.88 time, 910.02 real, 1995 MB
[runlim] sample:		919.88 time, 920.02 real, 2017 MB
[runlim] sample:		929.88 time, 930.02 real, 2035 MB
[runlim] sample:		939.88 time, 940.02 real, 2055 MB
[runlim] sample:		949.89 time, 950.02 real, 2075 MB
[runlim] sample:		959.88 time, 960.02 real, 2096 MB
[runlim] sample:		969.88 time, 970.02 real, 2117 MB
[runlim] sample:		979.88 time, 980.02 real, 2143 MB
[runlim] sample:		989.89 time, 990.02 real, 2164 MB
[runlim] sample:		999.88 time, 1000.02 real, 2188 MB
[runlim] sample:		1009.89 time, 1010.02 real, 2214 MB
[runlim] sample:		1019.88 time, 1020.02 real, 2234 MB
[runlim] sample:		1029.88 time, 1030.02 real, 2255 MB
[runlim] sample:		1039.89 time, 1040.02 real, 2277 MB
[runlim] sample:		1049.88 time, 1050.02 real, 2296 MB
[runlim] sample:		1059.88 time, 1060.02 real, 2314 MB
[runlim] sample:		1069.89 time, 1070.02 real, 2329 MB
[runlim] sample:		1079.88 time, 1080.02 real, 2349 MB
[runlim] sample:		1089.88 time, 1090.02 real, 2367 MB
[runlim] sample:		1099.88 time, 1100.02 real, 2384 MB
[runlim] sample:		1109.88 time, 1110.02 real, 2402 MB
[runlim] sample:		1119.88 time, 1120.02 real, 2421 MB
[runlim] sample:		1129.88 time, 1130.02 real, 1956 MB
[runlim] sample:		1139.88 time, 1140.02 real, 1973 MB
[runlim] sample:		1149.88 time, 1150.02 real, 1990 MB
[runlim] sample:		1159.88 time, 1160.02 real, 2008 MB
[runlim] sample:		1169.88 time, 1170.02 real, 2028 MB
[runlim] sample:		1179.88 time, 1180.02 real, 2053 MB
[runlim] sample:		1189.88 time, 1190.02 real, 2076 MB
[runlim] sample:		1199.88 time, 1200.02 real, 2100 MB
[runlim] sample:		1209.88 time, 1210.02 real, 2121 MB
[runlim] sample:		1219.88 time, 1220.02 real, 2143 MB
[runlim] sample:		1229.88 time, 1230.02 real, 2164 MB
[runlim] sample:		1239.88 time, 1240.02 real, 2184 MB
[runlim] sample:		1249.88 time, 1250.02 real, 2205 MB
[runlim] sample:		1259.88 time, 1260.02 real, 2223 MB
[runlim] sample:		1269.88 time, 1270.02 real, 2239 MB
[runlim] sample:		1279.88 time, 1280.02 real, 2258 MB
[runlim] sample:		1289.88 time, 1290.02 real, 2277 MB
[runlim] sample:		1299.87 time, 1300.02 real, 2296 MB
[runlim] sample:		1309.88 time, 1310.02 real, 2314 MB
[runlim] sample:		1319.87 time, 1320.02 real, 2335 MB
[runlim] sample:		1329.88 time, 1330.02 real, 2355 MB
[runlim] sample:		1339.88 time, 1340.02 real, 2371 MB
[runlim] sample:		1349.88 time, 1350.02 real, 2390 MB
[runlim] sample:		1359.88 time, 1360.02 real, 2408 MB
[runlim] sample:		1369.87 time, 1370.02 real, 2428 MB
[runlim] sample:		1379.88 time, 1380.02 real, 2446 MB
[runlim] sample:		1389.88 time, 1390.02 real, 2464 MB
[runlim] sample:		1399.87 time, 1400.02 real, 2481 MB
[runlim] sample:		1409.88 time, 1410.02 real, 2497 MB
[runlim] sample:		1419.88 time, 1420.02 real, 2515 MB
[runlim] sample:		1429.88 time, 1430.02 real, 2531 MB
[runlim] sample:		1439.88 time, 1440.02 real, 2545 MB
[runlim] sample:		1449.88 time, 1450.02 real, 2561 MB
[runlim] sample:		1459.88 time, 1460.02 real, 2576 MB
[runlim] sample:		1469.88 time, 1470.02 real, 2594 MB
[runlim] sample:		1479.88 time, 1480.02 real, 2610 MB
[runlim] sample:		1489.88 time, 1490.02 real, 2630 MB
[runlim] sample:		1499.88 time, 1500.02 real, 2647 MB
[runlim] sample:		1509.87 time, 1510.02 real, 2667 MB
[runlim] sample:		1519.87 time, 1520.02 real, 2684 MB
[runlim] sample:		1529.88 time, 1530.02 real, 2699 MB
[runlim] sample:		1539.88 time, 1540.02 real, 2715 MB
[runlim] sample:		1549.88 time, 1550.02 real, 2731 MB
[runlim] sample:		1559.87 time, 1560.02 real, 2747 MB
[runlim] sample:		1569.87 time, 1570.02 real, 2763 MB
[runlim] sample:		1579.88 time, 1580.02 real, 2778 MB
[runlim] sample:		1589.88 time, 1590.02 real, 2795 MB
[runlim] sample:		1599.87 time, 1600.02 real, 2812 MB
[runlim] sample:		1609.88 time, 1610.02 real, 2829 MB
[runlim] sample:		1619.88 time, 1620.02 real, 2845 MB
[runlim] sample:		1629.88 time, 1630.02 real, 2861 MB
[runlim] sample:		1639.88 time, 1640.02 real, 2880 MB
[runlim] sample:		1649.88 time, 1650.02 real, 2900 MB
[runlim] sample:		1659.87 time, 1660.02 real, 2918 MB
[runlim] sample:		1669.87 time, 1670.02 real, 2937 MB
[runlim] sample:		1679.87 time, 1680.02 real, 2955 MB
[runlim] sample:		1689.88 time, 1690.02 real, 2974 MB
[runlim] sample:		1699.87 time, 1700.02 real, 2993 MB
[runlim] sample:		1709.87 time, 1710.02 real, 3009 MB
[runlim] sample:		1719.87 time, 1720.02 real, 3026 MB
[runlim] sample:		1729.88 time, 1730.02 real, 3040 MB
[runlim] sample:		1739.87 time, 1740.02 real, 3053 MB
[runlim] sample:		1749.88 time, 1750.02 real, 3067 MB
[runlim] sample:		1759.88 time, 1760.02 real, 3086 MB
[runlim] sample:		1769.88 time, 1770.02 real, 3101 MB
[runlim] sample:		1779.87 time, 1780.02 real, 3118 MB
[runlim] sample:		1789.88 time, 1790.02 real, 3132 MB
[runlim] sample:		1799.88 time, 1800.02 real, 3150 MB
[runlim] sample:		1809.87 time, 1810.02 real, 3170 MB
[runlim] sample:		1819.87 time, 1820.02 real, 3191 MB
[runlim] sample:		1829.87 time, 1830.02 real, 3213 MB
[runlim] sample:		1839.87 time, 1840.02 real, 3233 MB
[runlim] sample:		1849.87 time, 1850.02 real, 3253 MB
[runlim] sample:		1859.87 time, 1860.02 real, 3272 MB
[runlim] sample:		1869.87 time, 1870.02 real, 3287 MB
[runlim] sample:		1879.87 time, 1880.02 real, 3301 MB
[runlim] sample:		1889.88 time, 1890.02 real, 3315 MB
[runlim] sample:		1899.87 time, 1900.02 real, 3326 MB
[runlim] sample:		1909.87 time, 1910.02 real, 3341 MB
[runlim] sample:		1919.87 time, 1920.02 real, 3356 MB
[runlim] sample:		1929.87 time, 1930.02 real, 3373 MB
[runlim] sample:		1939.87 time, 1940.02 real, 3389 MB
[runlim] sample:		1949.87 time, 1950.02 real, 3406 MB
[runlim] sample:		1959.87 time, 1960.02 real, 3422 MB
[runlim] sample:		1969.87 time, 1970.02 real, 3440 MB
[runlim] sample:		1979.87 time, 1980.02 real, 3458 MB
[runlim] sample:		1989.88 time, 1990.02 real, 3476 MB
[runlim] sample:		1999.87 time, 2000.02 real, 3493 MB
[runlim] sample:		2009.87 time, 2010.02 real, 3509 MB
[runlim] sample:		2019.87 time, 2020.02 real, 3525 MB
[runlim] sample:		2029.87 time, 2030.02 real, 3541 MB
[runlim] sample:		2039.87 time, 2040.02 real, 3559 MB
[runlim] sample:		2049.87 time, 2050.02 real, 3581 MB
[runlim] sample:		2059.87 time, 2060.02 real, 3599 MB
[runlim] sample:		2069.87 time, 2070.02 real, 3617 MB
[runlim] sample:		2079.87 time, 2080.02 real, 3633 MB
[runlim] sample:		2089.87 time, 2090.02 real, 3649 MB
[runlim] sample:		2099.87 time, 2100.02 real, 3665 MB
[runlim] sample:		2109.87 time, 2110.02 real, 3680 MB
[runlim] sample:		2119.87 time, 2120.02 real, 3692 MB
[runlim] sample:		2129.87 time, 2130.02 real, 3708 MB
[runlim] sample:		2139.87 time, 2140.02 real, 3722 MB
[runlim] sample:		2149.87 time, 2150.02 real, 3733 MB
[runlim] sample:		2159.87 time, 2160.02 real, 3748 MB
[runlim] sample:		2169.87 time, 2170.02 real, 3762 MB
[runlim] sample:		2179.87 time, 2180.02 real, 3777 MB
[runlim] sample:		2189.87 time, 2190.02 real, 3790 MB
[runlim] sample:		2199.87 time, 2200.02 real, 3805 MB
[runlim] sample:		2209.86 time, 2210.02 real, 3819 MB
[runlim] sample:		2219.87 time, 2220.02 real, 3833 MB
[runlim] sample:		2229.86 time, 2230.02 real, 3844 MB
[runlim] sample:		2239.87 time, 2240.02 real, 3859 MB
[runlim] sample:		2249.87 time, 2250.02 real, 3874 MB
[runlim] sample:		2259.86 time, 2260.02 real, 3887 MB
[runlim] sample:		2269.87 time, 2270.02 real, 3905 MB
[runlim] sample:		2279.87 time, 2280.02 real, 3922 MB
[runlim] sample:		2289.87 time, 2290.02 real, 3939 MB
[runlim] sample:		2299.87 time, 2300.02 real, 3955 MB
[runlim] sample:		2309.87 time, 2310.02 real, 3971 MB
[runlim] sample:		2319.87 time, 2320.02 real, 3989 MB
[runlim] sample:		2329.87 time, 2330.02 real, 4004 MB
[runlim] sample:		2339.87 time, 2340.02 real, 4019 MB
[runlim] sample:		2349.87 time, 2350.02 real, 4034 MB
[runlim] sample:		2359.87 time, 2360.02 real, 4049 MB
[runlim] sample:		2369.87 time, 2370.02 real, 4067 MB
[runlim] sample:		2379.86 time, 2380.02 real, 4086 MB
[runlim] sample:		2389.86 time, 2390.02 real, 4103 MB
[runlim] sample:		2399.86 time, 2400.02 real, 4121 MB
[runlim] sample:		2409.87 time, 2410.02 real, 4142 MB
[runlim] sample:		2419.87 time, 2420.02 real, 4157 MB
[runlim] sample:		2429.87 time, 2430.02 real, 4172 MB
[runlim] sample:		2439.87 time, 2440.02 real, 4190 MB
[runlim] sample:		2449.87 time, 2450.02 real, 4204 MB
[runlim] sample:		2459.87 time, 2460.02 real, 4215 MB
[runlim] sample:		2469.87 time, 2470.02 real, 4226 MB
[runlim] sample:		2479.87 time, 2480.02 real, 4240 MB
[runlim] sample:		2489.87 time, 2490.02 real, 4253 MB
[runlim] sample:		2499.87 time, 2500.02 real, 4266 MB
[runlim] sample:		2509.86 time, 2510.02 real, 4277 MB
[runlim] sample:		2519.87 time, 2520.02 real, 4292 MB
ERROR: memory manager can't handle the load size: 1073741618 needed: 288 newcapacity: 1073741823
ERROR: exception thrown past FFI boundary
[runlim] end:			Thu Feb 27 10:46:04 2020
[runlim] status:		ok
[runlim] result:		0
[runlim] children:		1
[runlim] real:			2528.59 seconds
[runlim] time:			2528.37 seconds
[runlim] space:			4302 MB
[runlim] samples:		25285
