[runlim] version:		1.18
[runlim] host:			c3n07
[runlim] time limit:		2700 seconds
[runlim] real time limit:	2700 seconds
[runlim] space limit:		7000 MB
[runlim] argv[0]:		./binary
[runlim] argv[1]:		/data/cnf/ankit/Set1/decomposition128.qdimacs
[runlim] start:			Thu Feb 27 10:03:54 2020
[runlim] child:			10098
[runlim] sample:		9.56 time, 10.02 real, 36 MB
[runlim] sample:		19.57 time, 20.02 real, 56 MB
[runlim] sample:		29.56 time, 30.02 real, 65 MB
[runlim] sample:		39.57 time, 40.02 real, 86 MB
[runlim] sample:		49.56 time, 50.02 real, 82 MB
[runlim] sample:		59.56 time, 60.02 real, 94 MB
[runlim] sample:		69.56 time, 70.02 real, 110 MB
[runlim] sample:		79.56 time, 80.02 real, 101 MB
[runlim] sample:		89.54 time, 90.02 real, 116 MB
[runlim] sample:		99.52 time, 100.02 real, 128 MB
[runlim] sample:		109.50 time, 110.02 real, 140 MB
[runlim] sample:		119.47 time, 120.02 real, 151 MB
[runlim] sample:		129.45 time, 130.02 real, 163 MB
[runlim] sample:		139.42 time, 140.02 real, 144 MB
[runlim] sample:		149.40 time, 150.02 real, 154 MB
[runlim] sample:		159.38 time, 160.02 real, 164 MB
[runlim] sample:		169.36 time, 170.02 real, 174 MB
[runlim] sample:		179.33 time, 180.02 real, 183 MB
[runlim] sample:		189.32 time, 190.02 real, 192 MB
[runlim] sample:		199.32 time, 200.02 real, 200 MB
[runlim] sample:		209.32 time, 210.02 real, 208 MB
[runlim] sample:		219.32 time, 220.02 real, 217 MB
[runlim] sample:		229.32 time, 230.02 real, 226 MB
[runlim] sample:		239.32 time, 240.02 real, 233 MB
[runlim] sample:		249.32 time, 250.02 real, 239 MB
[runlim] sample:		259.32 time, 260.02 real, 202 MB
[runlim] sample:		269.32 time, 270.02 real, 210 MB
[runlim] sample:		279.32 time, 280.02 real, 218 MB
[runlim] sample:		289.32 time, 290.02 real, 226 MB
[runlim] sample:		299.32 time, 300.02 real, 233 MB
[runlim] sample:		309.32 time, 310.02 real, 240 MB
[runlim] sample:		319.32 time, 320.02 real, 248 MB
[runlim] sample:		329.32 time, 330.02 real, 255 MB
[runlim] sample:		339.32 time, 340.02 real, 261 MB
[runlim] sample:		349.32 time, 350.02 real, 267 MB
[runlim] sample:		359.32 time, 360.02 real, 274 MB
[runlim] sample:		369.32 time, 370.02 real, 279 MB
[runlim] sample:		379.32 time, 380.02 real, 285 MB
[runlim] sample:		389.32 time, 390.02 real, 291 MB
[runlim] sample:		399.32 time, 400.02 real, 296 MB
[runlim] sample:		409.32 time, 410.02 real, 301 MB
[runlim] sample:		419.32 time, 420.02 real, 307 MB
[runlim] sample:		429.32 time, 430.02 real, 313 MB
[runlim] sample:		439.32 time, 440.02 real, 318 MB
[runlim] sample:		449.32 time, 450.02 real, 324 MB
[runlim] sample:		459.31 time, 460.02 real, 329 MB
[runlim] sample:		469.31 time, 470.02 real, 275 MB
[runlim] sample:		479.31 time, 480.02 real, 282 MB
[runlim] sample:		489.31 time, 490.02 real, 287 MB
[runlim] sample:		499.31 time, 500.02 real, 292 MB
[runlim] sample:		509.31 time, 510.02 real, 297 MB
[runlim] sample:		519.32 time, 520.02 real, 302 MB
[runlim] sample:		529.32 time, 530.02 real, 306 MB
[runlim] sample:		539.32 time, 540.02 real, 311 MB
[runlim] sample:		549.32 time, 550.02 real, 317 MB
[runlim] sample:		559.32 time, 560.02 real, 324 MB
[runlim] sample:		569.31 time, 570.02 real, 328 MB
[runlim] sample:		579.32 time, 580.02 real, 333 MB
[runlim] sample:		589.32 time, 590.02 real, 337 MB
[runlim] sample:		599.32 time, 600.02 real, 342 MB
[runlim] sample:		609.32 time, 610.02 real, 347 MB
[runlim] sample:		619.32 time, 620.02 real, 351 MB
[runlim] sample:		629.32 time, 630.02 real, 355 MB
[runlim] sample:		639.31 time, 640.02 real, 359 MB
[runlim] sample:		649.32 time, 650.02 real, 364 MB
[runlim] sample:		659.32 time, 660.02 real, 368 MB
[runlim] sample:		669.32 time, 670.02 real, 372 MB
[runlim] sample:		679.32 time, 680.02 real, 376 MB
[runlim] sample:		689.31 time, 690.02 real, 380 MB
[runlim] sample:		699.32 time, 700.02 real, 384 MB
[runlim] sample:		709.31 time, 710.02 real, 391 MB
[runlim] sample:		719.31 time, 720.02 real, 395 MB
[runlim] sample:		729.31 time, 730.02 real, 399 MB
[runlim] sample:		739.32 time, 740.02 real, 406 MB
[runlim] sample:		749.32 time, 750.02 real, 410 MB
[runlim] sample:		759.32 time, 760.02 real, 414 MB
[runlim] sample:		769.32 time, 770.02 real, 418 MB
[runlim] sample:		779.31 time, 780.02 real, 421 MB
[runlim] sample:		789.31 time, 790.02 real, 426 MB
[runlim] sample:		799.32 time, 800.02 real, 431 MB
[runlim] sample:		809.32 time, 810.02 real, 434 MB
[runlim] sample:		819.31 time, 820.02 real, 438 MB
[runlim] sample:		829.32 time, 830.02 real, 442 MB
[runlim] sample:		839.31 time, 840.02 real, 445 MB
[runlim] sample:		849.31 time, 850.02 real, 450 MB
[runlim] sample:		859.32 time, 860.02 real, 453 MB
[runlim] sample:		869.31 time, 870.02 real, 459 MB
[runlim] sample:		879.31 time, 880.02 real, 382 MB
[runlim] sample:		889.31 time, 890.02 real, 386 MB
[runlim] sample:		899.32 time, 900.02 real, 390 MB
[runlim] sample:		909.32 time, 910.02 real, 395 MB
[runlim] sample:		919.32 time, 920.02 real, 398 MB
[runlim] sample:		929.31 time, 930.02 real, 402 MB
[runlim] sample:		939.32 time, 940.02 real, 405 MB
[runlim] sample:		949.30 time, 950.02 real, 408 MB
[runlim] sample:		959.28 time, 960.02 real, 412 MB
[runlim] sample:		969.26 time, 970.02 real, 416 MB
[runlim] sample:		979.23 time, 980.02 real, 419 MB
[runlim] sample:		989.21 time, 990.02 real, 422 MB
[runlim] sample:		999.18 time, 1000.02 real, 425 MB
[runlim] sample:		1009.17 time, 1010.02 real, 429 MB
[runlim] sample:		1019.14 time, 1020.02 real, 431 MB
[runlim] sample:		1029.13 time, 1030.02 real, 435 MB
[runlim] sample:		1039.10 time, 1040.02 real, 442 MB
[runlim] sample:		1049.10 time, 1050.02 real, 445 MB
[runlim] sample:		1059.10 time, 1060.02 real, 448 MB
[runlim] sample:		1069.10 time, 1070.02 real, 451 MB
[runlim] sample:		1079.10 time, 1080.02 real, 455 MB
[runlim] sample:		1089.11 time, 1090.02 real, 458 MB
[runlim] sample:		1099.11 time, 1100.02 real, 461 MB
[runlim] sample:		1109.11 time, 1110.02 real, 464 MB
[runlim] sample:		1119.11 time, 1120.02 real, 467 MB
[runlim] sample:		1129.11 time, 1130.02 real, 470 MB
[runlim] sample:		1139.10 time, 1140.02 real, 473 MB
[runlim] sample:		1149.10 time, 1150.02 real, 476 MB
[runlim] sample:		1159.10 time, 1160.02 real, 480 MB
[runlim] sample:		1169.10 time, 1170.02 real, 483 MB
[runlim] sample:		1179.10 time, 1180.02 real, 487 MB
[runlim] sample:		1189.10 time, 1190.02 real, 490 MB
[runlim] sample:		1199.09 time, 1200.02 real, 493 MB
[runlim] sample:		1209.09 time, 1210.02 real, 499 MB
[runlim] sample:		1219.09 time, 1220.02 real, 502 MB
[runlim] sample:		1229.09 time, 1230.02 real, 505 MB
[runlim] sample:		1239.09 time, 1240.02 real, 508 MB
[runlim] sample:		1249.09 time, 1250.02 real, 511 MB
[runlim] sample:		1259.09 time, 1260.02 real, 515 MB
[runlim] sample:		1269.09 time, 1270.02 real, 518 MB
[runlim] sample:		1279.09 time, 1280.02 real, 521 MB
[runlim] sample:		1289.08 time, 1290.02 real, 525 MB
[runlim] sample:		1299.09 time, 1300.02 real, 528 MB
[runlim] sample:		1309.09 time, 1310.02 real, 530 MB
[runlim] sample:		1319.08 time, 1320.02 real, 533 MB
[runlim] sample:		1329.09 time, 1330.02 real, 536 MB
[runlim] sample:		1339.09 time, 1340.02 real, 538 MB
[runlim] sample:		1349.09 time, 1350.02 real, 541 MB
[runlim] sample:		1359.09 time, 1360.02 real, 544 MB
[runlim] sample:		1369.09 time, 1370.02 real, 546 MB
[runlim] sample:		1379.09 time, 1380.02 real, 549 MB
[runlim] sample:		1389.09 time, 1390.02 real, 552 MB
[runlim] sample:		1399.09 time, 1400.02 real, 555 MB
[runlim] sample:		1409.09 time, 1410.02 real, 560 MB
[runlim] sample:		1419.09 time, 1420.02 real, 562 MB
[runlim] sample:		1429.09 time, 1430.02 real, 565 MB
[runlim] sample:		1439.09 time, 1440.02 real, 569 MB
[runlim] sample:		1449.08 time, 1450.02 real, 571 MB
[runlim] sample:		1459.08 time, 1460.02 real, 574 MB
[runlim] sample:		1469.09 time, 1470.02 real, 578 MB
[runlim] sample:		1479.08 time, 1480.02 real, 581 MB
[runlim] sample:		1489.08 time, 1490.02 real, 583 MB
[runlim] sample:		1499.09 time, 1500.02 real, 586 MB
[runlim] sample:		1509.08 time, 1510.02 real, 589 MB
[runlim] sample:		1519.08 time, 1520.02 real, 591 MB
[runlim] sample:		1529.09 time, 1530.02 real, 594 MB
[runlim] sample:		1539.08 time, 1540.02 real, 596 MB
[runlim] sample:		1549.09 time, 1550.02 real, 601 MB
[runlim] sample:		1559.09 time, 1560.02 real, 606 MB
[runlim] sample:		1569.08 time, 1570.02 real, 608 MB
[runlim] sample:		1579.08 time, 1580.02 real, 611 MB
[runlim] sample:		1589.08 time, 1590.02 real, 613 MB
[runlim] sample:		1599.09 time, 1600.02 real, 616 MB
[runlim] sample:		1609.09 time, 1610.02 real, 618 MB
[runlim] sample:		1619.08 time, 1620.02 real, 621 MB
[runlim] sample:		1629.08 time, 1630.02 real, 623 MB
[runlim] sample:		1639.08 time, 1640.02 real, 626 MB
[runlim] sample:		1649.08 time, 1650.02 real, 628 MB
[runlim] sample:		1659.08 time, 1660.02 real, 631 MB
[runlim] sample:		1669.08 time, 1670.02 real, 633 MB
[runlim] sample:		1679.08 time, 1680.02 real, 636 MB
[runlim] sample:		1689.08 time, 1690.02 real, 639 MB
[runlim] sample:		1699.08 time, 1700.02 real, 641 MB
[runlim] sample:		1709.08 time, 1710.02 real, 644 MB
[runlim] sample:		1719.08 time, 1720.02 real, 646 MB
[runlim] sample:		1729.08 time, 1730.02 real, 649 MB
[runlim] sample:		1739.08 time, 1740.02 real, 652 MB
[runlim] sample:		1749.08 time, 1750.02 real, 654 MB
[runlim] sample:		1759.08 time, 1760.02 real, 656 MB
[runlim] sample:		1769.08 time, 1770.02 real, 659 MB
[runlim] sample:		1779.08 time, 1780.02 real, 662 MB
[runlim] sample:		1789.08 time, 1790.02 real, 664 MB
[runlim] sample:		1799.08 time, 1800.02 real, 667 MB
[runlim] sample:		1809.08 time, 1810.02 real, 548 MB
[runlim] sample:		1819.08 time, 1820.02 real, 552 MB
[runlim] sample:		1829.08 time, 1830.02 real, 555 MB
[runlim] sample:		1839.08 time, 1840.02 real, 557 MB
[runlim] sample:		1849.07 time, 1850.02 real, 560 MB
[runlim] sample:		1859.08 time, 1860.02 real, 562 MB
[runlim] sample:		1869.08 time, 1870.02 real, 565 MB
[runlim] sample:		1879.08 time, 1880.02 real, 567 MB
[runlim] sample:		1889.08 time, 1890.02 real, 570 MB
[runlim] sample:		1899.07 time, 1900.02 real, 573 MB
[runlim] sample:		1909.08 time, 1910.02 real, 576 MB
[runlim] sample:		1919.07 time, 1920.02 real, 578 MB
[runlim] sample:		1929.07 time, 1930.02 real, 581 MB
[runlim] sample:		1939.08 time, 1940.02 real, 583 MB
[runlim] sample:		1949.08 time, 1950.02 real, 585 MB
[runlim] sample:		1959.08 time, 1960.02 real, 588 MB
[runlim] sample:		1969.07 time, 1970.02 real, 590 MB
[runlim] sample:		1979.08 time, 1980.02 real, 593 MB
[runlim] sample:		1989.07 time, 1990.02 real, 595 MB
[runlim] sample:		1999.07 time, 2000.02 real, 597 MB
[runlim] sample:		2009.07 time, 2010.02 real, 599 MB
[runlim] sample:		2019.07 time, 2020.02 real, 602 MB
[runlim] sample:		2029.08 time, 2030.02 real, 604 MB
[runlim] sample:		2039.07 time, 2040.02 real, 606 MB
[runlim] sample:		2049.07 time, 2050.02 real, 608 MB
[runlim] sample:		2059.07 time, 2060.02 real, 610 MB
[runlim] sample:		2069.07 time, 2070.02 real, 612 MB
[runlim] sample:		2079.07 time, 2080.02 real, 615 MB
[runlim] sample:		2089.07 time, 2090.02 real, 617 MB
[runlim] sample:		2099.07 time, 2100.02 real, 619 MB
[runlim] sample:		2109.07 time, 2110.02 real, 621 MB
[runlim] sample:		2119.07 time, 2120.02 real, 623 MB
[runlim] sample:		2129.07 time, 2130.02 real, 625 MB
[runlim] sample:		2139.07 time, 2140.02 real, 627 MB
[runlim] sample:		2149.07 time, 2150.02 real, 629 MB
[runlim] sample:		2159.07 time, 2160.02 real, 632 MB
[runlim] sample:		2169.07 time, 2170.02 real, 635 MB
[runlim] sample:		2179.07 time, 2180.02 real, 637 MB
[runlim] sample:		2189.07 time, 2190.02 real, 640 MB
[runlim] sample:		2199.06 time, 2200.02 real, 642 MB
[runlim] sample:		2209.07 time, 2210.02 real, 644 MB
[runlim] sample:		2219.07 time, 2220.02 real, 646 MB
[runlim] sample:		2229.07 time, 2230.02 real, 648 MB
[runlim] sample:		2239.07 time, 2240.02 real, 650 MB
[runlim] sample:		2249.07 time, 2250.02 real, 652 MB
[runlim] sample:		2259.07 time, 2260.02 real, 654 MB
[runlim] sample:		2269.06 time, 2270.02 real, 656 MB
[runlim] sample:		2279.07 time, 2280.02 real, 658 MB
[runlim] sample:		2289.07 time, 2290.02 real, 660 MB
[runlim] sample:		2299.06 time, 2300.02 real, 662 MB
[runlim] sample:		2309.07 time, 2310.02 real, 665 MB
[runlim] sample:		2319.07 time, 2320.02 real, 667 MB
[runlim] sample:		2329.06 time, 2330.02 real, 669 MB
[runlim] sample:		2339.06 time, 2340.02 real, 671 MB
[runlim] sample:		2349.06 time, 2350.02 real, 673 MB
[runlim] sample:		2359.06 time, 2360.02 real, 675 MB
[runlim] sample:		2369.06 time, 2370.02 real, 677 MB
[runlim] sample:		2379.07 time, 2380.02 real, 679 MB
[runlim] sample:		2389.06 time, 2390.02 real, 681 MB
[runlim] sample:		2399.06 time, 2400.02 real, 684 MB
[runlim] sample:		2409.07 time, 2410.02 real, 686 MB
[runlim] sample:		2419.06 time, 2420.02 real, 688 MB
[runlim] sample:		2429.06 time, 2430.02 real, 690 MB
[runlim] sample:		2439.06 time, 2440.02 real, 691 MB
[runlim] sample:		2449.07 time, 2450.02 real, 693 MB
[runlim] sample:		2459.07 time, 2460.02 real, 695 MB
[runlim] sample:		2469.07 time, 2470.02 real, 697 MB
[runlim] sample:		2479.07 time, 2480.02 real, 699 MB
[runlim] sample:		2489.07 time, 2490.02 real, 701 MB
[runlim] sample:		2499.06 time, 2500.02 real, 702 MB
[runlim] sample:		2509.07 time, 2510.02 real, 704 MB
[runlim] sample:		2519.06 time, 2520.02 real, 706 MB
[runlim] sample:		2529.07 time, 2530.02 real, 708 MB
[runlim] sample:		2539.07 time, 2540.02 real, 710 MB
[runlim] sample:		2549.07 time, 2550.02 real, 711 MB
[runlim] sample:		2559.06 time, 2560.02 real, 713 MB
[runlim] sample:		2569.07 time, 2570.02 real, 715 MB
[runlim] sample:		2579.06 time, 2580.02 real, 717 MB
[runlim] sample:		2589.06 time, 2590.02 real, 719 MB
[runlim] sample:		2599.06 time, 2600.02 real, 720 MB
[runlim] sample:		2609.06 time, 2610.02 real, 722 MB
[runlim] sample:		2619.06 time, 2620.02 real, 726 MB
[runlim] sample:		2629.06 time, 2630.02 real, 728 MB
[runlim] sample:		2639.05 time, 2640.02 real, 730 MB
[runlim] sample:		2649.06 time, 2650.02 real, 732 MB
[runlim] sample:		2659.06 time, 2660.02 real, 734 MB
[runlim] sample:		2669.06 time, 2670.02 real, 736 MB
[runlim] sample:		2679.05 time, 2680.02 real, 738 MB
[runlim] sample:		2689.05 time, 2690.02 real, 740 MB
[runlim] sample:		2699.05 time, 2700.02 real, 742 MB
[runlim] end:			Thu Feb 27 10:48:54 2020
[runlim] status:		out of time
[runlim] result:		2
[runlim] children:		1
[runlim] real:			2700.11 seconds
[runlim] time:			2699.05 seconds
[runlim] space:			1108 MB
[runlim] samples:		27000
