[runlim] version:		1.18
[runlim] host:			c3n07
[runlim] time limit:		2700 seconds
[runlim] real time limit:	2700 seconds
[runlim] space limit:		7000 MB
[runlim] argv[0]:		./binary
[runlim] argv[1]:		/data/cnf/ankit/Set1/eijkbs4863.qdimacs
[runlim] start:			Thu Feb 27 10:03:54 2020
[runlim] child:			10152
[runlim] sample:		10.00 time, 10.02 real, 27 MB
[runlim] sample:		20.00 time, 20.02 real, 43 MB
[runlim] sample:		30.00 time, 30.02 real, 60 MB
[runlim] sample:		40.00 time, 40.02 real, 75 MB
[runlim] sample:		50.00 time, 50.02 real, 91 MB
[runlim] sample:		60.01 time, 60.02 real, 106 MB
[runlim] sample:		70.00 time, 70.02 real, 121 MB
[runlim] sample:		80.01 time, 80.02 real, 136 MB
[runlim] sample:		90.00 time, 90.02 real, 150 MB
[runlim] sample:		100.00 time, 100.02 real, 165 MB
[runlim] sample:		110.00 time, 110.02 real, 179 MB
[runlim] sample:		120.00 time, 120.02 real, 193 MB
[runlim] sample:		130.00 time, 130.02 real, 207 MB
[runlim] sample:		140.00 time, 140.02 real, 221 MB
[runlim] sample:		150.00 time, 150.02 real, 234 MB
[runlim] sample:		160.00 time, 160.02 real, 247 MB
[runlim] sample:		170.00 time, 170.02 real, 260 MB
[runlim] sample:		180.00 time, 180.02 real, 275 MB
[runlim] sample:		190.00 time, 190.02 real, 288 MB
[runlim] sample:		200.00 time, 200.02 real, 301 MB
[runlim] sample:		210.00 time, 210.02 real, 314 MB
[runlim] sample:		220.00 time, 220.02 real, 327 MB
[runlim] sample:		230.00 time, 230.02 real, 340 MB
[runlim] sample:		240.00 time, 240.02 real, 352 MB
[runlim] sample:		250.00 time, 250.02 real, 365 MB
[runlim] sample:		260.00 time, 260.02 real, 378 MB
[runlim] sample:		270.00 time, 270.02 real, 389 MB
[runlim] sample:		279.99 time, 280.02 real, 400 MB
[runlim] sample:		289.99 time, 290.02 real, 412 MB
[runlim] sample:		300.00 time, 300.02 real, 422 MB
[runlim] sample:		310.00 time, 310.02 real, 432 MB
[runlim] sample:		319.99 time, 320.02 real, 442 MB
[runlim] sample:		330.00 time, 330.02 real, 452 MB
[runlim] sample:		340.00 time, 340.02 real, 462 MB
[runlim] sample:		350.00 time, 350.02 real, 472 MB
[runlim] sample:		360.00 time, 360.02 real, 481 MB
[runlim] sample:		370.00 time, 370.02 real, 491 MB
[runlim] sample:		380.00 time, 380.02 real, 501 MB
[runlim] sample:		390.00 time, 390.02 real, 511 MB
[runlim] sample:		400.00 time, 400.02 real, 520 MB
[runlim] sample:		410.00 time, 410.02 real, 530 MB
[runlim] sample:		419.99 time, 420.02 real, 541 MB
[runlim] sample:		430.00 time, 430.02 real, 551 MB
[runlim] sample:		439.99 time, 440.02 real, 561 MB
[runlim] sample:		449.99 time, 450.02 real, 571 MB
[runlim] sample:		460.00 time, 460.02 real, 582 MB
[runlim] sample:		470.00 time, 470.02 real, 591 MB
[runlim] sample:		480.00 time, 480.02 real, 601 MB
[runlim] sample:		489.99 time, 490.02 real, 610 MB
[runlim] sample:		499.99 time, 500.02 real, 618 MB
[runlim] sample:		509.99 time, 510.02 real, 627 MB
[runlim] sample:		519.99 time, 520.02 real, 636 MB
[runlim] sample:		529.99 time, 530.02 real, 644 MB
[runlim] sample:		539.99 time, 540.02 real, 653 MB
[runlim] sample:		549.99 time, 550.02 real, 663 MB
[runlim] sample:		559.99 time, 560.02 real, 672 MB
[runlim] sample:		569.99 time, 570.02 real, 681 MB
[runlim] sample:		579.99 time, 580.02 real, 690 MB
[runlim] sample:		589.99 time, 590.02 real, 699 MB
[runlim] sample:		599.99 time, 600.02 real, 708 MB
[runlim] sample:		609.99 time, 610.02 real, 716 MB
[runlim] sample:		619.99 time, 620.02 real, 725 MB
[runlim] sample:		629.99 time, 630.02 real, 734 MB
[runlim] sample:		639.99 time, 640.02 real, 744 MB
[runlim] sample:		649.99 time, 650.02 real, 754 MB
[runlim] sample:		660.00 time, 660.02 real, 762 MB
[runlim] sample:		669.99 time, 670.02 real, 771 MB
[runlim] sample:		679.99 time, 680.02 real, 781 MB
[runlim] sample:		689.99 time, 690.02 real, 790 MB
[runlim] sample:		699.99 time, 700.02 real, 800 MB
[runlim] sample:		709.99 time, 710.02 real, 811 MB
[runlim] sample:		719.99 time, 720.02 real, 820 MB
[runlim] sample:		729.99 time, 730.02 real, 829 MB
[runlim] sample:		740.00 time, 740.02 real, 838 MB
[runlim] sample:		749.99 time, 750.02 real, 848 MB
[runlim] sample:		759.99 time, 760.02 real, 857 MB
[runlim] sample:		769.99 time, 770.02 real, 866 MB
[runlim] sample:		779.99 time, 780.02 real, 876 MB
[runlim] sample:		789.99 time, 790.02 real, 885 MB
[runlim] sample:		799.99 time, 800.02 real, 894 MB
[runlim] sample:		810.00 time, 810.02 real, 904 MB
[runlim] sample:		819.99 time, 820.02 real, 914 MB
[runlim] sample:		829.99 time, 830.02 real, 924 MB
[runlim] sample:		839.99 time, 840.02 real, 936 MB
[runlim] sample:		849.99 time, 850.02 real, 948 MB
[runlim] sample:		859.99 time, 860.02 real, 956 MB
[runlim] sample:		869.99 time, 870.02 real, 964 MB
[runlim] sample:		879.99 time, 880.02 real, 973 MB
[runlim] sample:		889.99 time, 890.02 real, 983 MB
[runlim] sample:		899.99 time, 900.02 real, 993 MB
[runlim] sample:		909.99 time, 910.02 real, 1003 MB
[runlim] sample:		919.99 time, 920.02 real, 1013 MB
[runlim] sample:		929.99 time, 930.02 real, 1022 MB
[runlim] sample:		939.99 time, 940.02 real, 1031 MB
[runlim] sample:		949.99 time, 950.02 real, 1041 MB
[runlim] sample:		959.99 time, 960.02 real, 1050 MB
[runlim] sample:		969.99 time, 970.02 real, 1059 MB
[runlim] sample:		979.99 time, 980.02 real, 1069 MB
[runlim] sample:		989.99 time, 990.02 real, 1078 MB
[runlim] sample:		999.99 time, 1000.02 real, 1086 MB
[runlim] sample:		1009.99 time, 1010.02 real, 1095 MB
[runlim] sample:		1019.99 time, 1020.02 real, 1104 MB
[runlim] sample:		1029.99 time, 1030.02 real, 1113 MB
[runlim] sample:		1039.99 time, 1040.02 real, 1123 MB
[runlim] sample:		1049.99 time, 1050.02 real, 1132 MB
[runlim] sample:		1059.98 time, 1060.02 real, 1141 MB
[runlim] sample:		1069.99 time, 1070.02 real, 1150 MB
[runlim] sample:		1079.99 time, 1080.02 real, 1159 MB
[runlim] sample:		1089.99 time, 1090.02 real, 1167 MB
[runlim] sample:		1099.98 time, 1100.02 real, 1177 MB
[runlim] sample:		1109.98 time, 1110.02 real, 1185 MB
[runlim] sample:		1119.99 time, 1120.02 real, 1193 MB
[runlim] sample:		1129.99 time, 1130.02 real, 1201 MB
[runlim] sample:		1139.98 time, 1140.02 real, 1210 MB
[runlim] sample:		1149.99 time, 1150.02 real, 1219 MB
[runlim] sample:		1159.99 time, 1160.02 real, 1229 MB
[runlim] sample:		1169.98 time, 1170.02 real, 1238 MB
[runlim] sample:		1179.98 time, 1180.02 real, 1248 MB
[runlim] sample:		1189.99 time, 1190.02 real, 1256 MB
[runlim] sample:		1199.98 time, 1200.02 real, 1264 MB
[runlim] sample:		1209.99 time, 1210.02 real, 1274 MB
[runlim] sample:		1219.98 time, 1220.02 real, 1282 MB
[runlim] sample:		1229.98 time, 1230.02 real, 1292 MB
[runlim] sample:		1239.98 time, 1240.02 real, 1301 MB
[runlim] sample:		1249.98 time, 1250.02 real, 1309 MB
[runlim] sample:		1259.98 time, 1260.02 real, 1318 MB
[runlim] sample:		1269.99 time, 1270.02 real, 1328 MB
[runlim] sample:		1279.98 time, 1280.02 real, 1337 MB
[runlim] sample:		1289.98 time, 1290.02 real, 1345 MB
[runlim] sample:		1299.98 time, 1300.02 real, 1353 MB
[runlim] sample:		1309.99 time, 1310.02 real, 1362 MB
[runlim] sample:		1319.98 time, 1320.02 real, 1371 MB
[runlim] sample:		1329.98 time, 1330.02 real, 1383 MB
[runlim] sample:		1339.98 time, 1340.02 real, 1391 MB
[runlim] sample:		1349.98 time, 1350.02 real, 1399 MB
[runlim] sample:		1359.98 time, 1360.02 real, 1408 MB
[runlim] sample:		1369.98 time, 1370.02 real, 1415 MB
[runlim] sample:		1379.98 time, 1380.02 real, 1424 MB
[runlim] sample:		1389.98 time, 1390.02 real, 1432 MB
[runlim] sample:		1399.98 time, 1400.02 real, 1439 MB
[runlim] sample:		1409.98 time, 1410.02 real, 1447 MB
[runlim] sample:		1419.99 time, 1420.02 real, 1454 MB
[runlim] sample:		1429.99 time, 1430.02 real, 1462 MB
[runlim] sample:		1439.98 time, 1440.02 real, 1470 MB
[runlim] sample:		1449.98 time, 1450.02 real, 1479 MB
[runlim] sample:		1459.98 time, 1460.02 real, 1487 MB
[runlim] sample:		1469.98 time, 1470.02 real, 1496 MB
[runlim] sample:		1479.98 time, 1480.02 real, 1504 MB
[runlim] sample:		1489.98 time, 1490.02 real, 1513 MB
[runlim] sample:		1499.98 time, 1500.02 real, 1520 MB
[runlim] sample:		1509.98 time, 1510.02 real, 1527 MB
[runlim] sample:		1519.99 time, 1520.02 real, 1535 MB
[runlim] sample:		1529.99 time, 1530.02 real, 1545 MB
[runlim] sample:		1539.98 time, 1540.02 real, 1552 MB
[runlim] sample:		1549.98 time, 1550.02 real, 1559 MB
[runlim] sample:		1559.98 time, 1560.02 real, 1567 MB
[runlim] sample:		1569.99 time, 1570.02 real, 1574 MB
[runlim] sample:		1579.98 time, 1580.02 real, 1582 MB
[runlim] sample:		1589.98 time, 1590.02 real, 1589 MB
[runlim] sample:		1599.98 time, 1600.02 real, 1597 MB
[runlim] sample:		1609.98 time, 1610.02 real, 1603 MB
[runlim] sample:		1619.99 time, 1620.02 real, 1610 MB
[runlim] sample:		1629.98 time, 1630.02 real, 1617 MB
[runlim] sample:		1639.98 time, 1640.02 real, 1624 MB
[runlim] sample:		1649.98 time, 1650.02 real, 1632 MB
[runlim] sample:		1659.98 time, 1660.02 real, 1638 MB
[runlim] sample:		1669.98 time, 1670.02 real, 1644 MB
[runlim] sample:		1679.98 time, 1680.02 real, 1651 MB
[runlim] sample:		1689.98 time, 1690.02 real, 1659 MB
[runlim] sample:		1699.98 time, 1700.02 real, 1665 MB
[runlim] sample:		1709.98 time, 1710.02 real, 1672 MB
[runlim] sample:		1719.98 time, 1720.02 real, 1679 MB
[runlim] sample:		1729.98 time, 1730.02 real, 1686 MB
[runlim] sample:		1739.98 time, 1740.02 real, 1694 MB
[runlim] sample:		1749.98 time, 1750.02 real, 1701 MB
[runlim] sample:		1759.98 time, 1760.02 real, 1709 MB
[runlim] sample:		1769.98 time, 1770.02 real, 1716 MB
[runlim] sample:		1779.98 time, 1780.02 real, 1723 MB
[runlim] sample:		1789.98 time, 1790.02 real, 1730 MB
[runlim] sample:		1799.98 time, 1800.02 real, 1738 MB
[runlim] sample:		1809.98 time, 1810.02 real, 1746 MB
[runlim] sample:		1819.98 time, 1820.02 real, 1752 MB
[runlim] sample:		1829.98 time, 1830.02 real, 1759 MB
[runlim] sample:		1839.98 time, 1840.02 real, 1767 MB
[runlim] sample:		1849.98 time, 1850.02 real, 1773 MB
[runlim] sample:		1859.98 time, 1860.02 real, 1782 MB
[runlim] sample:		1869.98 time, 1870.02 real, 1789 MB
[runlim] sample:		1879.98 time, 1880.02 real, 1795 MB
[runlim] sample:		1889.98 time, 1890.02 real, 1801 MB
[runlim] sample:		1899.98 time, 1900.02 real, 1807 MB
[runlim] sample:		1909.98 time, 1910.02 real, 1814 MB
[runlim] sample:		1919.98 time, 1920.02 real, 1821 MB
[runlim] sample:		1929.98 time, 1930.02 real, 1827 MB
[runlim] sample:		1939.98 time, 1940.02 real, 1832 MB
[runlim] sample:		1949.97 time, 1950.02 real, 1838 MB
[runlim] sample:		1959.98 time, 1960.02 real, 1844 MB
[runlim] sample:		1969.98 time, 1970.02 real, 1850 MB
[runlim] sample:		1979.98 time, 1980.02 real, 1856 MB
[runlim] sample:		1989.98 time, 1990.02 real, 1861 MB
[runlim] sample:		1999.98 time, 2000.02 real, 1867 MB
[runlim] sample:		2009.98 time, 2010.02 real, 1873 MB
[runlim] sample:		2019.97 time, 2020.02 real, 1878 MB
[runlim] sample:		2029.98 time, 2030.02 real, 1885 MB
[runlim] sample:		2039.98 time, 2040.02 real, 1891 MB
[runlim] sample:		2049.97 time, 2050.02 real, 1898 MB
[runlim] sample:		2059.98 time, 2060.02 real, 1904 MB
[runlim] sample:		2069.98 time, 2070.02 real, 1912 MB
[runlim] sample:		2079.97 time, 2080.02 real, 1919 MB
[runlim] sample:		2089.97 time, 2090.02 real, 1925 MB
[runlim] sample:		2099.97 time, 2100.02 real, 1932 MB
[runlim] sample:		2109.97 time, 2110.02 real, 1938 MB
[runlim] sample:		2119.97 time, 2120.02 real, 1946 MB
[runlim] sample:		2129.98 time, 2130.02 real, 1953 MB
[runlim] sample:		2139.98 time, 2140.02 real, 1959 MB
[runlim] sample:		2149.98 time, 2150.02 real, 1966 MB
[runlim] sample:		2159.98 time, 2160.02 real, 1972 MB
[runlim] sample:		2169.97 time, 2170.02 real, 1978 MB
[runlim] sample:		2179.98 time, 2180.02 real, 1984 MB
[runlim] sample:		2189.97 time, 2190.02 real, 1990 MB
[runlim] sample:		2199.97 time, 2200.02 real, 1996 MB
[runlim] sample:		2209.97 time, 2210.02 real, 2002 MB
[runlim] sample:		2219.97 time, 2220.02 real, 2007 MB
[runlim] sample:		2229.97 time, 2230.02 real, 2014 MB
[runlim] sample:		2239.97 time, 2240.02 real, 2020 MB
[runlim] sample:		2249.97 time, 2250.02 real, 2027 MB
[runlim] sample:		2259.97 time, 2260.02 real, 2033 MB
[runlim] sample:		2269.97 time, 2270.02 real, 2040 MB
[runlim] sample:		2279.97 time, 2280.02 real, 2047 MB
[runlim] sample:		2289.97 time, 2290.02 real, 2053 MB
[runlim] sample:		2299.97 time, 2300.02 real, 2059 MB
[runlim] sample:		2309.98 time, 2310.02 real, 2066 MB
[runlim] sample:		2319.97 time, 2320.02 real, 2072 MB
[runlim] sample:		2329.97 time, 2330.02 real, 2079 MB
[runlim] sample:		2339.97 time, 2340.02 real, 2087 MB
[runlim] sample:		2349.97 time, 2350.02 real, 2095 MB
[runlim] sample:		2359.97 time, 2360.02 real, 2102 MB
[runlim] sample:		2369.97 time, 2370.02 real, 2109 MB
[runlim] sample:		2379.98 time, 2380.02 real, 2117 MB
[runlim] sample:		2389.97 time, 2390.02 real, 2124 MB
[runlim] sample:		2399.97 time, 2400.02 real, 2132 MB
[runlim] sample:		2409.97 time, 2410.02 real, 2140 MB
[runlim] sample:		2419.97 time, 2420.02 real, 2149 MB
[runlim] sample:		2429.97 time, 2430.02 real, 2159 MB
[runlim] sample:		2439.97 time, 2440.02 real, 2167 MB
[runlim] sample:		2449.97 time, 2450.02 real, 2174 MB
[runlim] sample:		2459.97 time, 2460.02 real, 2181 MB
[runlim] sample:		2469.97 time, 2470.02 real, 2188 MB
[runlim] sample:		2479.97 time, 2480.02 real, 2195 MB
[runlim] sample:		2489.97 time, 2490.02 real, 2200 MB
[runlim] sample:		2499.97 time, 2500.02 real, 2206 MB
[runlim] sample:		2509.97 time, 2510.02 real, 2211 MB
[runlim] sample:		2519.97 time, 2520.02 real, 2217 MB
[runlim] sample:		2529.97 time, 2530.02 real, 2222 MB
[runlim] sample:		2539.97 time, 2540.02 real, 2228 MB
[runlim] sample:		2549.97 time, 2550.02 real, 2234 MB
[runlim] sample:		2559.97 time, 2560.02 real, 2239 MB
[runlim] sample:		2569.97 time, 2570.02 real, 2246 MB
[runlim] sample:		2579.97 time, 2580.02 real, 2252 MB
[runlim] sample:		2589.97 time, 2590.02 real, 2258 MB
[runlim] sample:		2599.96 time, 2600.02 real, 2263 MB
[runlim] sample:		2609.96 time, 2610.02 real, 2270 MB
[runlim] sample:		2619.96 time, 2620.02 real, 2276 MB
[runlim] sample:		2629.97 time, 2630.02 real, 2283 MB
[runlim] sample:		2639.97 time, 2640.02 real, 2289 MB
[runlim] sample:		2649.96 time, 2650.02 real, 2296 MB
[runlim] sample:		2659.96 time, 2660.02 real, 2303 MB
[runlim] sample:		2669.96 time, 2670.02 real, 2309 MB
[runlim] sample:		2679.96 time, 2680.02 real, 2316 MB
[runlim] sample:		2689.97 time, 2690.02 real, 2323 MB
[runlim] sample:		2699.96 time, 2700.02 real, 2328 MB
[runlim] end:			Thu Feb 27 10:48:54 2020
[runlim] status:		out of time
[runlim] result:		2
[runlim] children:		1
[runlim] real:			2700.16 seconds
[runlim] time:			2699.96 seconds
[runlim] space:			2328 MB
[runlim] samples:		27000
