[runlim] version:		1.18
[runlim] host:			c3n07
[runlim] time limit:		2700 seconds
[runlim] real time limit:	2700 seconds
[runlim] space limit:		7000 MB
[runlim] argv[0]:		./binary
[runlim] argv[1]:		/data/cnf/ankit/Set1/filesys_smbmrx_midatlas.c.qdimacs
[runlim] start:			Thu Feb 27 10:03:54 2020
[runlim] child:			10156
[runlim] sample:		10.00 time, 10.02 real, 29 MB
[runlim] sample:		20.01 time, 20.02 real, 36 MB
[runlim] sample:		30.00 time, 30.02 real, 44 MB
[runlim] sample:		40.00 time, 40.02 real, 51 MB
[runlim] sample:		50.00 time, 50.02 real, 58 MB
[runlim] sample:		60.00 time, 60.02 real, 65 MB
[runlim] sample:		70.00 time, 70.02 real, 71 MB
[runlim] sample:		80.00 time, 80.02 real, 80 MB
[runlim] sample:		90.00 time, 90.02 real, 89 MB
[runlim] sample:		100.00 time, 100.02 real, 97 MB
[runlim] sample:		110.00 time, 110.02 real, 106 MB
[runlim] sample:		120.00 time, 120.02 real, 115 MB
[runlim] sample:		130.00 time, 130.02 real, 123 MB
[runlim] sample:		140.00 time, 140.02 real, 132 MB
[runlim] sample:		150.00 time, 150.02 real, 140 MB
[runlim] sample:		159.99 time, 160.02 real, 147 MB
[runlim] sample:		169.99 time, 170.02 real, 155 MB
[runlim] sample:		180.00 time, 180.02 real, 163 MB
[runlim] sample:		189.99 time, 190.02 real, 172 MB
[runlim] sample:		200.00 time, 200.02 real, 180 MB
[runlim] sample:		210.00 time, 210.02 real, 188 MB
[runlim] sample:		220.00 time, 220.02 real, 197 MB
[runlim] sample:		229.99 time, 230.02 real, 206 MB
[runlim] sample:		239.99 time, 240.02 real, 214 MB
[runlim] sample:		249.99 time, 250.02 real, 223 MB
[runlim] sample:		260.00 time, 260.02 real, 231 MB
[runlim] sample:		269.99 time, 270.02 real, 239 MB
[runlim] sample:		279.99 time, 280.02 real, 248 MB
[runlim] sample:		289.99 time, 290.02 real, 256 MB
[runlim] sample:		299.99 time, 300.02 real, 265 MB
[runlim] sample:		310.00 time, 310.02 real, 274 MB
[runlim] sample:		319.99 time, 320.02 real, 282 MB
[runlim] sample:		330.00 time, 330.02 real, 291 MB
[runlim] sample:		339.99 time, 340.02 real, 300 MB
[runlim] sample:		349.99 time, 350.02 real, 312 MB
[runlim] sample:		360.00 time, 360.02 real, 321 MB
[runlim] sample:		369.99 time, 370.02 real, 330 MB
[runlim] sample:		379.99 time, 380.02 real, 339 MB
[runlim] sample:		389.99 time, 390.02 real, 347 MB
[runlim] sample:		400.00 time, 400.02 real, 355 MB
[runlim] sample:		409.99 time, 410.02 real, 366 MB
[runlim] sample:		419.99 time, 420.02 real, 374 MB
[runlim] sample:		430.00 time, 430.02 real, 382 MB
[runlim] sample:		439.99 time, 440.02 real, 392 MB
[runlim] sample:		450.00 time, 450.02 real, 400 MB
[runlim] sample:		459.99 time, 460.02 real, 409 MB
[runlim] sample:		469.99 time, 470.02 real, 420 MB
[runlim] sample:		479.99 time, 480.02 real, 430 MB
[runlim] sample:		489.99 time, 490.02 real, 440 MB
[runlim] sample:		499.99 time, 500.02 real, 448 MB
[runlim] sample:		509.99 time, 510.02 real, 457 MB
[runlim] sample:		519.99 time, 520.02 real, 467 MB
[runlim] sample:		529.98 time, 530.02 real, 476 MB
[runlim] sample:		539.99 time, 540.02 real, 485 MB
[runlim] sample:		549.99 time, 550.02 real, 494 MB
[runlim] sample:		559.98 time, 560.02 real, 504 MB
[runlim] sample:		569.98 time, 570.02 real, 513 MB
[runlim] sample:		579.98 time, 580.02 real, 522 MB
[runlim] sample:		589.99 time, 590.02 real, 531 MB
[runlim] sample:		599.98 time, 600.02 real, 539 MB
[runlim] sample:		609.99 time, 610.02 real, 547 MB
[runlim] sample:		619.99 time, 620.02 real, 555 MB
[runlim] sample:		629.99 time, 630.02 real, 564 MB
[runlim] sample:		639.99 time, 640.02 real, 572 MB
[runlim] sample:		649.98 time, 650.02 real, 581 MB
[runlim] sample:		659.99 time, 660.02 real, 590 MB
[runlim] sample:		669.98 time, 670.02 real, 599 MB
[runlim] sample:		679.98 time, 680.02 real, 607 MB
[runlim] sample:		689.99 time, 690.02 real, 616 MB
[runlim] sample:		699.99 time, 700.02 real, 625 MB
[runlim] sample:		709.99 time, 710.02 real, 635 MB
[runlim] sample:		719.99 time, 720.02 real, 645 MB
[runlim] sample:		729.99 time, 730.02 real, 655 MB
[runlim] sample:		739.98 time, 740.02 real, 665 MB
[runlim] sample:		749.99 time, 750.02 real, 674 MB
[runlim] sample:		759.99 time, 760.02 real, 683 MB
[runlim] sample:		769.99 time, 770.02 real, 692 MB
[runlim] sample:		779.98 time, 780.02 real, 702 MB
[runlim] sample:		789.98 time, 790.02 real, 711 MB
[runlim] sample:		799.98 time, 800.02 real, 720 MB
[runlim] sample:		809.98 time, 810.02 real, 729 MB
[runlim] sample:		819.99 time, 820.02 real, 740 MB
[runlim] sample:		829.99 time, 830.02 real, 748 MB
[runlim] sample:		839.99 time, 840.02 real, 756 MB
[runlim] sample:		849.98 time, 850.02 real, 765 MB
[runlim] sample:		859.99 time, 860.02 real, 773 MB
[runlim] sample:		869.98 time, 870.02 real, 782 MB
[runlim] sample:		879.98 time, 880.02 real, 790 MB
[runlim] sample:		889.99 time, 890.02 real, 797 MB
[runlim] sample:		899.99 time, 900.02 real, 804 MB
[runlim] sample:		909.98 time, 910.02 real, 812 MB
[runlim] sample:		919.98 time, 920.02 real, 819 MB
[runlim] sample:		929.98 time, 930.02 real, 828 MB
[runlim] sample:		939.98 time, 940.02 real, 838 MB
[runlim] sample:		949.99 time, 950.02 real, 848 MB
[runlim] sample:		959.99 time, 960.02 real, 857 MB
[runlim] sample:		969.98 time, 970.02 real, 866 MB
[runlim] sample:		979.98 time, 980.02 real, 875 MB
[runlim] sample:		989.98 time, 990.02 real, 883 MB
[runlim] sample:		999.98 time, 1000.02 real, 890 MB
[runlim] sample:		1009.98 time, 1010.02 real, 899 MB
[runlim] sample:		1019.99 time, 1020.02 real, 908 MB
[runlim] sample:		1029.98 time, 1030.02 real, 916 MB
[runlim] sample:		1039.99 time, 1040.02 real, 923 MB
[runlim] sample:		1049.98 time, 1050.02 real, 930 MB
[runlim] sample:		1059.98 time, 1060.02 real, 938 MB
[runlim] sample:		1069.98 time, 1070.02 real, 945 MB
[runlim] sample:		1079.98 time, 1080.02 real, 953 MB
[runlim] sample:		1089.98 time, 1090.02 real, 961 MB
[runlim] sample:		1099.98 time, 1100.02 real, 969 MB
[runlim] sample:		1109.98 time, 1110.02 real, 976 MB
[runlim] sample:		1119.98 time, 1120.02 real, 985 MB
[runlim] sample:		1129.98 time, 1130.02 real, 993 MB
[runlim] sample:		1139.99 time, 1140.02 real, 1001 MB
[runlim] sample:		1149.98 time, 1150.02 real, 1008 MB
[runlim] sample:		1159.98 time, 1160.02 real, 1014 MB
[runlim] sample:		1169.98 time, 1170.02 real, 1021 MB
[runlim] sample:		1179.98 time, 1180.02 real, 1028 MB
[runlim] sample:		1189.98 time, 1190.02 real, 1036 MB
[runlim] sample:		1199.98 time, 1200.02 real, 1044 MB
[runlim] sample:		1209.98 time, 1210.02 real, 1052 MB
[runlim] sample:		1219.98 time, 1220.02 real, 1060 MB
[runlim] sample:		1229.98 time, 1230.02 real, 1070 MB
[runlim] sample:		1239.98 time, 1240.02 real, 1078 MB
[runlim] sample:		1249.98 time, 1250.02 real, 1086 MB
[runlim] sample:		1259.97 time, 1260.02 real, 1095 MB
[runlim] sample:		1269.98 time, 1270.02 real, 1103 MB
[runlim] sample:		1279.97 time, 1280.02 real, 1110 MB
[runlim] sample:		1289.98 time, 1290.02 real, 1118 MB
[runlim] sample:		1299.98 time, 1300.02 real, 1127 MB
[runlim] sample:		1309.97 time, 1310.02 real, 1135 MB
[runlim] sample:		1319.97 time, 1320.02 real, 1144 MB
[runlim] sample:		1329.98 time, 1330.02 real, 1151 MB
[runlim] sample:		1339.97 time, 1340.02 real, 1157 MB
[runlim] sample:		1349.98 time, 1350.02 real, 1164 MB
[runlim] sample:		1359.97 time, 1360.02 real, 1172 MB
[runlim] sample:		1369.97 time, 1370.02 real, 1180 MB
[runlim] sample:		1379.98 time, 1380.02 real, 1186 MB
[runlim] sample:		1389.98 time, 1390.02 real, 1193 MB
[runlim] sample:		1399.97 time, 1400.02 real, 1200 MB
[runlim] sample:		1409.98 time, 1410.02 real, 1207 MB
[runlim] sample:		1419.98 time, 1420.02 real, 1214 MB
[runlim] sample:		1429.97 time, 1430.02 real, 1221 MB
[runlim] sample:		1439.98 time, 1440.02 real, 1228 MB
[runlim] sample:		1449.98 time, 1450.02 real, 1235 MB
[runlim] sample:		1459.98 time, 1460.02 real, 1242 MB
[runlim] sample:		1469.98 time, 1470.02 real, 1248 MB
[runlim] sample:		1479.98 time, 1480.02 real, 1255 MB
[runlim] sample:		1489.98 time, 1490.02 real, 1262 MB
[runlim] sample:		1499.97 time, 1500.02 real, 1269 MB
[runlim] sample:		1509.97 time, 1510.02 real, 1278 MB
[runlim] sample:		1519.97 time, 1520.02 real, 1285 MB
[runlim] sample:		1529.97 time, 1530.02 real, 1292 MB
[runlim] sample:		1539.97 time, 1540.02 real, 1298 MB
[runlim] sample:		1549.98 time, 1550.02 real, 1304 MB
[runlim] sample:		1559.97 time, 1560.02 real, 1310 MB
[runlim] sample:		1569.97 time, 1570.02 real, 1317 MB
[runlim] sample:		1579.98 time, 1580.02 real, 1324 MB
[runlim] sample:		1589.98 time, 1590.02 real, 1331 MB
[runlim] sample:		1599.97 time, 1600.02 real, 1339 MB
[runlim] sample:		1609.98 time, 1610.02 real, 1346 MB
[runlim] sample:		1619.97 time, 1620.02 real, 1354 MB
[runlim] sample:		1629.97 time, 1630.02 real, 1362 MB
[runlim] sample:		1639.97 time, 1640.02 real, 1369 MB
[runlim] sample:		1649.98 time, 1650.02 real, 1375 MB
[runlim] sample:		1659.97 time, 1660.02 real, 1386 MB
[runlim] sample:		1669.97 time, 1670.02 real, 1393 MB
[runlim] sample:		1679.97 time, 1680.02 real, 1400 MB
[runlim] sample:		1689.98 time, 1690.02 real, 1408 MB
[runlim] sample:		1699.98 time, 1700.02 real, 1415 MB
[runlim] sample:		1709.97 time, 1710.02 real, 1422 MB
[runlim] sample:		1719.97 time, 1720.02 real, 1429 MB
[runlim] sample:		1729.97 time, 1730.02 real, 1437 MB
[runlim] sample:		1739.97 time, 1740.02 real, 1444 MB
[runlim] sample:		1749.97 time, 1750.02 real, 1452 MB
[runlim] sample:		1759.97 time, 1760.02 real, 1459 MB
[runlim] sample:		1769.97 time, 1770.02 real, 1465 MB
[runlim] sample:		1779.97 time, 1780.02 real, 1472 MB
[runlim] sample:		1789.97 time, 1790.02 real, 1479 MB
[runlim] sample:		1799.97 time, 1800.02 real, 1486 MB
[runlim] sample:		1809.97 time, 1810.02 real, 1493 MB
[runlim] sample:		1819.97 time, 1820.02 real, 1500 MB
[runlim] sample:		1829.97 time, 1830.02 real, 1507 MB
[runlim] sample:		1839.97 time, 1840.02 real, 1514 MB
[runlim] sample:		1849.97 time, 1850.02 real, 1522 MB
[runlim] sample:		1859.97 time, 1860.02 real, 1528 MB
[runlim] sample:		1869.97 time, 1870.02 real, 1534 MB
[runlim] sample:		1879.97 time, 1880.02 real, 1541 MB
[runlim] sample:		1889.97 time, 1890.02 real, 1550 MB
[runlim] sample:		1899.97 time, 1900.02 real, 1557 MB
[runlim] sample:		1909.97 time, 1910.02 real, 1563 MB
[runlim] sample:		1919.96 time, 1920.02 real, 1569 MB
[runlim] sample:		1929.97 time, 1930.02 real, 1575 MB
[runlim] sample:		1939.97 time, 1940.02 real, 1581 MB
[runlim] sample:		1949.97 time, 1950.02 real, 1586 MB
[runlim] sample:		1959.96 time, 1960.02 real, 1592 MB
[runlim] sample:		1969.97 time, 1970.02 real, 1598 MB
[runlim] sample:		1979.96 time, 1980.02 real, 1604 MB
[runlim] sample:		1989.96 time, 1990.02 real, 1610 MB
[runlim] sample:		1999.97 time, 2000.02 real, 1616 MB
[runlim] sample:		2009.97 time, 2010.02 real, 1623 MB
[runlim] sample:		2019.96 time, 2020.02 real, 1629 MB
[runlim] sample:		2029.97 time, 2030.02 real, 1636 MB
[runlim] sample:		2039.97 time, 2040.02 real, 1643 MB
[runlim] sample:		2049.96 time, 2050.02 real, 1650 MB
[runlim] sample:		2059.96 time, 2060.02 real, 1656 MB
[runlim] sample:		2069.97 time, 2070.02 real, 1662 MB
[runlim] sample:		2079.96 time, 2080.02 real, 1668 MB
[runlim] sample:		2089.96 time, 2090.02 real, 1675 MB
[runlim] sample:		2099.97 time, 2100.02 real, 1683 MB
[runlim] sample:		2109.96 time, 2110.02 real, 1692 MB
[runlim] sample:		2119.96 time, 2120.02 real, 1699 MB
[runlim] sample:		2129.96 time, 2130.02 real, 1706 MB
[runlim] sample:		2139.97 time, 2140.02 real, 1713 MB
[runlim] sample:		2149.96 time, 2150.02 real, 1720 MB
[runlim] sample:		2159.97 time, 2160.02 real, 1726 MB
[runlim] sample:		2169.96 time, 2170.02 real, 1733 MB
[runlim] sample:		2179.97 time, 2180.02 real, 1739 MB
[runlim] sample:		2189.96 time, 2190.02 real, 1746 MB
[runlim] sample:		2199.96 time, 2200.02 real, 1753 MB
[runlim] sample:		2209.96 time, 2210.02 real, 1759 MB
[runlim] sample:		2219.96 time, 2220.02 real, 1766 MB
[runlim] sample:		2229.96 time, 2230.02 real, 1772 MB
[runlim] sample:		2239.96 time, 2240.02 real, 1780 MB
[runlim] sample:		2249.97 time, 2250.02 real, 1788 MB
[runlim] sample:		2259.96 time, 2260.02 real, 1794 MB
[runlim] sample:		2269.96 time, 2270.02 real, 1800 MB
[runlim] sample:		2279.96 time, 2280.02 real, 1806 MB
[runlim] sample:		2289.96 time, 2290.02 real, 1813 MB
[runlim] sample:		2299.96 time, 2300.02 real, 1821 MB
[runlim] sample:		2309.96 time, 2310.02 real, 1827 MB
[runlim] sample:		2319.96 time, 2320.02 real, 1834 MB
[runlim] sample:		2329.96 time, 2330.02 real, 1842 MB
[runlim] sample:		2339.96 time, 2340.02 real, 1849 MB
[runlim] sample:		2349.96 time, 2350.02 real, 1855 MB
[runlim] sample:		2359.96 time, 2360.02 real, 1861 MB
[runlim] sample:		2369.96 time, 2370.02 real, 1867 MB
[runlim] sample:		2379.96 time, 2380.02 real, 1873 MB
[runlim] sample:		2389.96 time, 2390.02 real, 1879 MB
[runlim] sample:		2399.96 time, 2400.02 real, 1886 MB
[runlim] sample:		2409.96 time, 2410.02 real, 1895 MB
[runlim] sample:		2419.96 time, 2420.02 real, 1903 MB
[runlim] sample:		2429.96 time, 2430.02 real, 1912 MB
[runlim] sample:		2439.96 time, 2440.02 real, 1919 MB
[runlim] sample:		2449.96 time, 2450.02 real, 1928 MB
[runlim] sample:		2459.95 time, 2460.02 real, 1935 MB
[runlim] sample:		2469.95 time, 2470.02 real, 1942 MB
[runlim] sample:		2479.96 time, 2480.02 real, 1949 MB
[runlim] sample:		2489.95 time, 2490.02 real, 1957 MB
[runlim] sample:		2499.96 time, 2500.02 real, 1966 MB
[runlim] sample:		2509.95 time, 2510.02 real, 1973 MB
[runlim] sample:		2519.95 time, 2520.02 real, 1979 MB
[runlim] sample:		2529.95 time, 2530.02 real, 1986 MB
[runlim] sample:		2539.95 time, 2540.02 real, 1991 MB
[runlim] sample:		2549.95 time, 2550.02 real, 1998 MB
[runlim] sample:		2559.95 time, 2560.02 real, 2005 MB
[runlim] sample:		2569.95 time, 2570.02 real, 2012 MB
[runlim] sample:		2579.96 time, 2580.02 real, 2018 MB
[runlim] sample:		2589.96 time, 2590.02 real, 2026 MB
[runlim] sample:		2599.96 time, 2600.02 real, 2033 MB
[runlim] sample:		2609.95 time, 2610.02 real, 2039 MB
[runlim] sample:		2619.95 time, 2620.02 real, 2047 MB
[runlim] sample:		2629.95 time, 2630.02 real, 2055 MB
[runlim] sample:		2639.96 time, 2640.02 real, 2063 MB
[runlim] sample:		2649.95 time, 2650.02 real, 2071 MB
[runlim] sample:		2659.95 time, 2660.02 real, 2079 MB
[runlim] sample:		2669.95 time, 2670.02 real, 2086 MB
[runlim] sample:		2679.95 time, 2680.02 real, 2094 MB
[runlim] sample:		2689.95 time, 2690.02 real, 2101 MB
[runlim] sample:		2699.95 time, 2700.01 real, 2109 MB
[runlim] end:			Thu Feb 27 10:48:54 2020
[runlim] status:		out of time
[runlim] result:		2
[runlim] children:		1
[runlim] real:			2700.13 seconds
[runlim] time:			2699.95 seconds
[runlim] space:			2109 MB
[runlim] samples:		27000
