[runlim] version:		1.18
[runlim] host:			c3n12
[runlim] time limit:		2700 seconds
[runlim] real time limit:	2700 seconds
[runlim] space limit:		7000 MB
[runlim] argv[0]:		./binary
[runlim] argv[1]:		/data/cnf/ankit/Set1/floor128.qdimacs
[runlim] start:			Thu Feb 27 10:03:54 2020
[runlim] child:			8457
[runlim] sample:		9.84 time, 10.02 real, 48 MB
[runlim] sample:		19.83 time, 20.02 real, 85 MB
[runlim] sample:		29.83 time, 30.02 real, 120 MB
[runlim] sample:		39.83 time, 40.02 real, 153 MB
[runlim] sample:		49.83 time, 50.02 real, 185 MB
[runlim] sample:		59.83 time, 60.02 real, 178 MB
[runlim] sample:		69.83 time, 70.02 real, 210 MB
[runlim] sample:		79.82 time, 80.02 real, 241 MB
[runlim] sample:		89.83 time, 90.02 real, 271 MB
[runlim] sample:		99.83 time, 100.02 real, 304 MB
[runlim] sample:		109.83 time, 110.02 real, 335 MB
[runlim] sample:		119.83 time, 120.02 real, 364 MB
[runlim] sample:		129.83 time, 130.02 real, 390 MB
[runlim] sample:		139.83 time, 140.02 real, 420 MB
[runlim] sample:		149.83 time, 150.02 real, 451 MB
[runlim] sample:		159.83 time, 160.02 real, 482 MB
[runlim] sample:		169.83 time, 170.02 real, 407 MB
[runlim] sample:		179.83 time, 180.02 real, 440 MB
[runlim] sample:		189.83 time, 190.02 real, 473 MB
[runlim] sample:		199.83 time, 200.02 real, 505 MB
[runlim] sample:		209.83 time, 210.02 real, 537 MB
[runlim] sample:		219.83 time, 220.02 real, 569 MB
[runlim] sample:		229.83 time, 230.02 real, 598 MB
[runlim] sample:		239.82 time, 240.02 real, 629 MB
[runlim] sample:		249.83 time, 250.02 real, 659 MB
[runlim] sample:		259.83 time, 260.02 real, 689 MB
[runlim] sample:		269.82 time, 270.02 real, 719 MB
[runlim] sample:		279.83 time, 280.02 real, 750 MB
[runlim] sample:		289.82 time, 290.02 real, 778 MB
[runlim] sample:		299.83 time, 300.02 real, 807 MB
[runlim] sample:		309.83 time, 310.02 real, 836 MB
[runlim] sample:		319.82 time, 320.02 real, 864 MB
[runlim] sample:		329.83 time, 330.02 real, 890 MB
[runlim] sample:		339.82 time, 340.02 real, 920 MB
[runlim] sample:		349.82 time, 350.02 real, 948 MB
[runlim] sample:		359.82 time, 360.02 real, 978 MB
[runlim] sample:		369.82 time, 370.02 real, 1007 MB
[runlim] sample:		379.83 time, 380.02 real, 1038 MB
[runlim] sample:		389.82 time, 390.02 real, 1068 MB
[runlim] sample:		399.83 time, 400.02 real, 1096 MB
[runlim] sample:		409.82 time, 410.02 real, 1125 MB
[runlim] sample:		419.83 time, 420.02 real, 1151 MB
[runlim] sample:		429.83 time, 430.02 real, 1178 MB
[runlim] sample:		439.82 time, 440.02 real, 967 MB
[runlim] sample:		449.82 time, 450.02 real, 999 MB
[runlim] sample:		459.82 time, 460.02 real, 1031 MB
[runlim] sample:		469.82 time, 470.02 real, 1061 MB
[runlim] sample:		479.83 time, 480.02 real, 1089 MB
[runlim] sample:		489.82 time, 490.02 real, 1112 MB
[runlim] sample:		499.82 time, 500.02 real, 1134 MB
[runlim] sample:		509.82 time, 510.02 real, 1160 MB
[runlim] sample:		519.82 time, 520.02 real, 1190 MB
[runlim] sample:		529.82 time, 530.02 real, 1217 MB
[runlim] sample:		539.82 time, 540.02 real, 1245 MB
[runlim] sample:		549.82 time, 550.02 real, 1272 MB
[runlim] sample:		559.82 time, 560.02 real, 1296 MB
[runlim] sample:		569.82 time, 570.02 real, 1327 MB
[runlim] sample:		579.82 time, 580.02 real, 1358 MB
[runlim] sample:		589.82 time, 590.02 real, 1381 MB
[runlim] sample:		599.82 time, 600.02 real, 1405 MB
[runlim] sample:		609.82 time, 610.02 real, 1433 MB
[runlim] sample:		619.82 time, 620.02 real, 1456 MB
[runlim] sample:		629.82 time, 630.02 real, 1483 MB
[runlim] sample:		639.82 time, 640.02 real, 1514 MB
[runlim] sample:		649.82 time, 650.02 real, 1543 MB
[runlim] sample:		659.82 time, 660.02 real, 1575 MB
[runlim] sample:		669.82 time, 670.02 real, 1597 MB
[runlim] sample:		679.82 time, 680.02 real, 1617 MB
[runlim] sample:		689.82 time, 690.02 real, 1644 MB
[runlim] sample:		699.82 time, 700.02 real, 1672 MB
[runlim] sample:		709.82 time, 710.02 real, 1701 MB
[runlim] sample:		719.82 time, 720.02 real, 1732 MB
[runlim] sample:		729.82 time, 730.02 real, 1763 MB
[runlim] sample:		739.82 time, 740.02 real, 1788 MB
[runlim] sample:		749.81 time, 750.02 real, 1813 MB
[runlim] sample:		759.82 time, 760.02 real, 1839 MB
[runlim] sample:		769.82 time, 770.02 real, 1867 MB
[runlim] sample:		779.81 time, 780.02 real, 1894 MB
[runlim] sample:		789.82 time, 790.02 real, 1923 MB
[runlim] sample:		799.82 time, 800.02 real, 1949 MB
[runlim] sample:		809.81 time, 810.02 real, 1976 MB
[runlim] sample:		819.82 time, 820.02 real, 2006 MB
[runlim] sample:		829.81 time, 830.02 real, 2037 MB
[runlim] sample:		839.81 time, 840.02 real, 2065 MB
[runlim] sample:		849.82 time, 850.02 real, 2090 MB
[runlim] sample:		859.82 time, 860.02 real, 2118 MB
[runlim] sample:		869.82 time, 870.02 real, 2144 MB
[runlim] sample:		879.81 time, 880.02 real, 2173 MB
[runlim] sample:		889.82 time, 890.02 real, 2201 MB
[runlim] sample:		899.82 time, 900.02 real, 2227 MB
[runlim] sample:		909.82 time, 910.02 real, 2254 MB
[runlim] sample:		919.81 time, 920.02 real, 2278 MB
[runlim] sample:		929.81 time, 930.02 real, 2297 MB
[runlim] sample:		939.81 time, 940.02 real, 2324 MB
[runlim] sample:		949.82 time, 950.02 real, 2353 MB
[runlim] sample:		959.82 time, 960.02 real, 2380 MB
[runlim] sample:		969.82 time, 970.02 real, 2404 MB
[runlim] sample:		979.81 time, 980.02 real, 2427 MB
[runlim] sample:		989.81 time, 990.02 real, 2451 MB
[runlim] sample:		999.81 time, 1000.02 real, 2475 MB
[runlim] sample:		1009.81 time, 1010.02 real, 2499 MB
[runlim] sample:		1019.81 time, 1020.02 real, 2524 MB
[runlim] sample:		1029.82 time, 1030.02 real, 2551 MB
[runlim] sample:		1039.82 time, 1040.02 real, 2579 MB
[runlim] sample:		1049.81 time, 1050.02 real, 2607 MB
[runlim] sample:		1059.81 time, 1060.02 real, 2628 MB
[runlim] sample:		1069.81 time, 1070.02 real, 2656 MB
[runlim] sample:		1079.81 time, 1080.02 real, 2683 MB
[runlim] sample:		1089.82 time, 1090.02 real, 2710 MB
[runlim] sample:		1099.81 time, 1100.02 real, 2738 MB
[runlim] sample:		1109.81 time, 1110.02 real, 2765 MB
[runlim] sample:		1119.81 time, 1120.02 real, 2792 MB
[runlim] sample:		1129.81 time, 1130.02 real, 2819 MB
[runlim] sample:		1139.81 time, 1140.02 real, 2843 MB
[runlim] sample:		1149.81 time, 1150.02 real, 2868 MB
[runlim] sample:		1159.81 time, 1160.02 real, 2320 MB
[runlim] sample:		1169.81 time, 1170.02 real, 2346 MB
[runlim] sample:		1179.81 time, 1180.02 real, 2374 MB
[runlim] sample:		1189.81 time, 1190.02 real, 2401 MB
[runlim] sample:		1199.81 time, 1200.02 real, 2429 MB
[runlim] sample:		1209.81 time, 1210.02 real, 2456 MB
[runlim] sample:		1219.81 time, 1220.02 real, 2479 MB
[runlim] sample:		1229.81 time, 1230.02 real, 2502 MB
[runlim] sample:		1239.80 time, 1240.02 real, 2527 MB
[runlim] sample:		1249.80 time, 1250.02 real, 2555 MB
[runlim] sample:		1259.81 time, 1260.02 real, 2584 MB
[runlim] sample:		1269.80 time, 1270.02 real, 2610 MB
[runlim] sample:		1279.81 time, 1280.02 real, 2635 MB
[runlim] sample:		1289.81 time, 1290.02 real, 2657 MB
[runlim] sample:		1299.81 time, 1300.02 real, 2684 MB
[runlim] sample:		1309.81 time, 1310.02 real, 2711 MB
[runlim] sample:		1319.80 time, 1320.02 real, 2737 MB
[runlim] sample:		1329.80 time, 1330.02 real, 2760 MB
[runlim] sample:		1339.81 time, 1340.02 real, 2776 MB
[runlim] sample:		1349.80 time, 1350.02 real, 2797 MB
[runlim] sample:		1359.81 time, 1360.02 real, 2821 MB
[runlim] sample:		1369.81 time, 1370.02 real, 2846 MB
[runlim] sample:		1379.81 time, 1380.02 real, 2871 MB
[runlim] sample:		1389.80 time, 1390.02 real, 2898 MB
[runlim] sample:		1399.80 time, 1400.02 real, 2922 MB
[runlim] sample:		1409.80 time, 1410.02 real, 2948 MB
[runlim] sample:		1419.80 time, 1420.02 real, 2973 MB
[runlim] sample:		1429.81 time, 1430.02 real, 2999 MB
[runlim] sample:		1439.80 time, 1440.02 real, 3024 MB
[runlim] sample:		1449.80 time, 1450.02 real, 3048 MB
[runlim] sample:		1459.81 time, 1460.02 real, 3074 MB
[runlim] sample:		1469.81 time, 1470.02 real, 3096 MB
[runlim] sample:		1479.80 time, 1480.02 real, 3119 MB
[runlim] sample:		1489.81 time, 1490.02 real, 3140 MB
[runlim] sample:		1499.81 time, 1500.02 real, 3167 MB
[runlim] sample:		1509.80 time, 1510.02 real, 3194 MB
[runlim] sample:		1519.80 time, 1520.02 real, 3219 MB
[runlim] sample:		1529.80 time, 1530.02 real, 3242 MB
[runlim] sample:		1539.81 time, 1540.02 real, 3259 MB
[runlim] sample:		1549.80 time, 1550.02 real, 3282 MB
[runlim] sample:		1559.80 time, 1560.02 real, 3303 MB
[runlim] sample:		1569.80 time, 1570.02 real, 3331 MB
[runlim] sample:		1579.80 time, 1580.02 real, 3358 MB
[runlim] sample:		1589.80 time, 1590.02 real, 3380 MB
[runlim] sample:		1599.80 time, 1600.02 real, 3400 MB
[runlim] sample:		1609.79 time, 1610.02 real, 3423 MB
[runlim] sample:		1619.80 time, 1620.02 real, 3447 MB
[runlim] sample:		1629.80 time, 1630.02 real, 3470 MB
[runlim] sample:		1639.80 time, 1640.02 real, 3493 MB
[runlim] sample:		1649.80 time, 1650.02 real, 3510 MB
[runlim] sample:		1659.80 time, 1660.02 real, 3534 MB
[runlim] sample:		1669.80 time, 1670.02 real, 3561 MB
[runlim] sample:		1679.80 time, 1680.02 real, 3586 MB
[runlim] sample:		1689.80 time, 1690.02 real, 3610 MB
[runlim] sample:		1699.79 time, 1700.02 real, 3631 MB
[runlim] sample:		1709.80 time, 1710.02 real, 3649 MB
[runlim] sample:		1719.80 time, 1720.02 real, 3666 MB
[runlim] sample:		1729.79 time, 1730.02 real, 3689 MB
[runlim] sample:		1739.79 time, 1740.02 real, 3713 MB
[runlim] sample:		1749.80 time, 1750.02 real, 3735 MB
[runlim] sample:		1759.80 time, 1760.02 real, 3760 MB
[runlim] sample:		1769.80 time, 1770.02 real, 3780 MB
[runlim] sample:		1779.80 time, 1780.02 real, 3803 MB
[runlim] sample:		1789.80 time, 1790.02 real, 3827 MB
[runlim] sample:		1799.79 time, 1800.02 real, 3853 MB
[runlim] sample:		1809.80 time, 1810.02 real, 3875 MB
[runlim] sample:		1819.80 time, 1820.02 real, 3895 MB
[runlim] sample:		1829.80 time, 1830.02 real, 3907 MB
[runlim] sample:		1839.80 time, 1840.02 real, 3924 MB
[runlim] sample:		1849.79 time, 1850.02 real, 3941 MB
[runlim] sample:		1859.80 time, 1860.02 real, 3962 MB
[runlim] sample:		1869.80 time, 1870.02 real, 3985 MB
[runlim] sample:		1879.80 time, 1880.02 real, 4007 MB
[runlim] sample:		1889.80 time, 1890.02 real, 4026 MB
[runlim] sample:		1899.80 time, 1900.02 real, 4049 MB
[runlim] sample:		1909.80 time, 1910.02 real, 4073 MB
[runlim] sample:		1919.79 time, 1920.02 real, 4093 MB
[runlim] sample:		1929.79 time, 1930.02 real, 4120 MB
[runlim] sample:		1939.80 time, 1940.02 real, 4134 MB
[runlim] sample:		1949.80 time, 1950.02 real, 4146 MB
[runlim] sample:		1959.79 time, 1960.02 real, 4163 MB
[runlim] sample:		1969.80 time, 1970.02 real, 4188 MB
[runlim] sample:		1979.79 time, 1980.02 real, 4206 MB
[runlim] sample:		1989.80 time, 1990.02 real, 4228 MB
[runlim] sample:		1999.79 time, 2000.02 real, 4243 MB
[runlim] sample:		2009.79 time, 2010.02 real, 4259 MB
[runlim] sample:		2019.80 time, 2020.02 real, 4275 MB
[runlim] sample:		2029.79 time, 2030.02 real, 4299 MB
ERROR: memory manager can't handle the load size: 1073741745 needed: 303 newcapacity: 1073741823
ERROR: exception thrown past FFI boundary
[runlim] end:			Thu Feb 27 10:37:52 2020
[runlim] status:		ok
[runlim] result:		0
[runlim] children:		1
[runlim] real:			2037.77 seconds
[runlim] time:			2037.49 seconds
[runlim] space:			5010 MB
[runlim] samples:		20377
