[runlim] version:		1.18
[runlim] host:			c3n11
[runlim] time limit:		2700 seconds
[runlim] real time limit:	2700 seconds
[runlim] space limit:		7000 MB
[runlim] argv[0]:		./binary
[runlim] argv[1]:		/data/cnf/ankit/Set1/intermediate128.qdimacs
[runlim] start:			Thu Feb 27 10:03:54 2020
[runlim] child:			9054
[runlim] sample:		9.54 time, 10.02 real, 25 MB
[runlim] sample:		19.54 time, 20.02 real, 36 MB
[runlim] sample:		29.54 time, 30.02 real, 45 MB
[runlim] sample:		39.54 time, 40.02 real, 52 MB
[runlim] sample:		49.54 time, 50.02 real, 59 MB
[runlim] sample:		59.54 time, 60.02 real, 64 MB
[runlim] sample:		69.53 time, 70.02 real, 69 MB
[runlim] sample:		79.53 time, 80.02 real, 72 MB
[runlim] sample:		89.54 time, 90.02 real, 76 MB
[runlim] sample:		99.53 time, 100.02 real, 79 MB
[runlim] sample:		109.54 time, 110.02 real, 83 MB
[runlim] sample:		119.54 time, 120.02 real, 98 MB
[runlim] sample:		129.54 time, 130.02 real, 113 MB
[runlim] sample:		139.54 time, 140.02 real, 127 MB
[runlim] sample:		149.54 time, 150.02 real, 142 MB
[runlim] sample:		159.53 time, 160.02 real, 157 MB
[runlim] sample:		169.54 time, 170.02 real, 171 MB
[runlim] sample:		179.54 time, 180.02 real, 184 MB
[runlim] sample:		189.54 time, 190.02 real, 197 MB
[runlim] sample:		199.54 time, 200.02 real, 208 MB
[runlim] sample:		209.54 time, 210.02 real, 217 MB
[runlim] sample:		219.54 time, 220.02 real, 225 MB
[runlim] sample:		229.53 time, 230.02 real, 232 MB
[runlim] sample:		239.54 time, 240.02 real, 239 MB
[runlim] sample:		249.53 time, 250.02 real, 252 MB
[runlim] sample:		259.54 time, 260.02 real, 265 MB
[runlim] sample:		269.53 time, 270.02 real, 278 MB
[runlim] sample:		279.53 time, 280.02 real, 291 MB
[runlim] sample:		289.53 time, 290.02 real, 306 MB
[runlim] sample:		299.54 time, 300.02 real, 320 MB
[runlim] sample:		309.53 time, 310.02 real, 333 MB
[runlim] sample:		319.54 time, 320.02 real, 344 MB
[runlim] sample:		329.54 time, 330.02 real, 357 MB
[runlim] sample:		339.54 time, 340.02 real, 370 MB
[runlim] sample:		349.54 time, 350.02 real, 384 MB
[runlim] sample:		359.53 time, 360.02 real, 399 MB
[runlim] sample:		369.53 time, 370.02 real, 412 MB
[runlim] sample:		379.53 time, 380.02 real, 425 MB
[runlim] sample:		389.53 time, 390.02 real, 435 MB
[runlim] sample:		399.53 time, 400.02 real, 445 MB
[runlim] sample:		409.53 time, 410.02 real, 459 MB
[runlim] sample:		419.53 time, 420.02 real, 474 MB
[runlim] sample:		429.53 time, 430.02 real, 487 MB
[runlim] sample:		439.54 time, 440.02 real, 498 MB
[runlim] sample:		449.53 time, 450.02 real, 509 MB
[runlim] sample:		459.53 time, 460.02 real, 519 MB
[runlim] sample:		469.54 time, 470.02 real, 529 MB
[runlim] sample:		479.53 time, 480.02 real, 541 MB
[runlim] sample:		489.53 time, 490.02 real, 551 MB
[runlim] sample:		499.53 time, 500.02 real, 563 MB
[runlim] sample:		509.53 time, 510.02 real, 574 MB
[runlim] sample:		519.53 time, 520.02 real, 584 MB
[runlim] sample:		529.54 time, 530.02 real, 597 MB
[runlim] sample:		539.54 time, 540.02 real, 609 MB
[runlim] sample:		549.53 time, 550.02 real, 621 MB
[runlim] sample:		559.53 time, 560.02 real, 631 MB
[runlim] sample:		569.53 time, 570.02 real, 641 MB
[runlim] sample:		579.53 time, 580.02 real, 655 MB
[runlim] sample:		589.53 time, 590.02 real, 669 MB
[runlim] sample:		599.53 time, 600.02 real, 678 MB
[runlim] sample:		609.53 time, 610.02 real, 687 MB
[runlim] sample:		619.53 time, 620.02 real, 699 MB
[runlim] sample:		629.53 time, 630.02 real, 710 MB
[runlim] sample:		639.53 time, 640.02 real, 719 MB
[runlim] sample:		649.53 time, 650.02 real, 726 MB
[runlim] sample:		659.53 time, 660.02 real, 733 MB
[runlim] sample:		669.53 time, 670.02 real, 744 MB
[runlim] sample:		679.53 time, 680.02 real, 755 MB
[runlim] sample:		689.53 time, 690.02 real, 766 MB
[runlim] sample:		699.53 time, 700.02 real, 775 MB
[runlim] sample:		709.53 time, 710.02 real, 783 MB
[runlim] sample:		719.53 time, 720.02 real, 794 MB
[runlim] sample:		729.53 time, 730.02 real, 804 MB
[runlim] sample:		739.53 time, 740.02 real, 816 MB
[runlim] sample:		749.53 time, 750.02 real, 827 MB
[runlim] sample:		759.53 time, 760.02 real, 835 MB
[runlim] sample:		769.53 time, 770.02 real, 845 MB
[runlim] sample:		779.53 time, 780.02 real, 853 MB
[runlim] sample:		789.53 time, 790.02 real, 862 MB
[runlim] sample:		799.53 time, 800.02 real, 872 MB
[runlim] sample:		809.53 time, 810.02 real, 883 MB
[runlim] sample:		819.53 time, 820.02 real, 891 MB
[runlim] sample:		829.53 time, 830.02 real, 901 MB
[runlim] sample:		839.53 time, 840.02 real, 910 MB
[runlim] sample:		849.53 time, 850.02 real, 918 MB
[runlim] sample:		859.53 time, 860.02 real, 927 MB
[runlim] sample:		869.53 time, 870.02 real, 936 MB
[runlim] sample:		879.53 time, 880.02 real, 949 MB
[runlim] sample:		889.53 time, 890.02 real, 960 MB
[runlim] sample:		899.53 time, 900.02 real, 972 MB
[runlim] sample:		909.53 time, 910.02 real, 982 MB
[runlim] sample:		919.53 time, 920.02 real, 992 MB
[runlim] sample:		929.53 time, 930.02 real, 1003 MB
[runlim] sample:		939.52 time, 940.02 real, 1013 MB
[runlim] sample:		949.53 time, 950.02 real, 1022 MB
[runlim] sample:		959.52 time, 960.02 real, 1032 MB
[runlim] sample:		969.52 time, 970.02 real, 1041 MB
[runlim] sample:		979.53 time, 980.02 real, 1051 MB
[runlim] sample:		989.53 time, 990.02 real, 1060 MB
[runlim] sample:		999.53 time, 1000.02 real, 1067 MB
[runlim] sample:		1009.53 time, 1010.02 real, 1073 MB
[runlim] sample:		1019.53 time, 1020.02 real, 1079 MB
[runlim] sample:		1029.53 time, 1030.02 real, 1085 MB
[runlim] sample:		1039.53 time, 1040.02 real, 1096 MB
[runlim] sample:		1049.53 time, 1050.02 real, 1105 MB
[runlim] sample:		1059.53 time, 1060.02 real, 1114 MB
[runlim] sample:		1069.53 time, 1070.02 real, 1123 MB
[runlim] sample:		1079.52 time, 1080.02 real, 1132 MB
[runlim] sample:		1089.53 time, 1090.02 real, 1141 MB
[runlim] sample:		1099.52 time, 1100.02 real, 1150 MB
[runlim] sample:		1109.53 time, 1110.02 real, 1159 MB
[runlim] sample:		1119.53 time, 1120.02 real, 1168 MB
[runlim] sample:		1129.53 time, 1130.02 real, 1177 MB
[runlim] sample:		1139.53 time, 1140.02 real, 1187 MB
[runlim] sample:		1149.52 time, 1150.02 real, 1195 MB
[runlim] sample:		1159.53 time, 1160.02 real, 1207 MB
[runlim] sample:		1169.53 time, 1170.02 real, 1216 MB
[runlim] sample:		1179.53 time, 1180.02 real, 1225 MB
[runlim] sample:		1189.52 time, 1190.02 real, 1234 MB
[runlim] sample:		1199.52 time, 1200.02 real, 1241 MB
[runlim] sample:		1209.53 time, 1210.02 real, 1249 MB
[runlim] sample:		1219.52 time, 1220.02 real, 1256 MB
[runlim] sample:		1229.53 time, 1230.02 real, 1264 MB
[runlim] sample:		1239.53 time, 1240.02 real, 1271 MB
[runlim] sample:		1249.52 time, 1250.02 real, 1280 MB
[runlim] sample:		1259.53 time, 1260.02 real, 1290 MB
[runlim] sample:		1269.52 time, 1270.02 real, 1296 MB
[runlim] sample:		1279.53 time, 1280.02 real, 1303 MB
[runlim] sample:		1289.52 time, 1290.02 real, 1313 MB
[runlim] sample:		1299.53 time, 1300.02 real, 1322 MB
[runlim] sample:		1309.53 time, 1310.02 real, 1330 MB
[runlim] sample:		1319.53 time, 1320.02 real, 1339 MB
[runlim] sample:		1329.52 time, 1330.02 real, 1345 MB
[runlim] sample:		1339.52 time, 1340.02 real, 1351 MB
[runlim] sample:		1349.53 time, 1350.02 real, 1357 MB
[runlim] sample:		1359.52 time, 1360.02 real, 1363 MB
[runlim] sample:		1369.52 time, 1370.02 real, 1373 MB
[runlim] sample:		1379.53 time, 1380.02 real, 1382 MB
[runlim] sample:		1389.52 time, 1390.02 real, 1391 MB
[runlim] sample:		1399.52 time, 1400.02 real, 1398 MB
[runlim] sample:		1409.53 time, 1410.02 real, 1406 MB
[runlim] sample:		1419.52 time, 1420.02 real, 1413 MB
[runlim] sample:		1429.52 time, 1430.02 real, 1418 MB
[runlim] sample:		1439.52 time, 1440.02 real, 1424 MB
[runlim] sample:		1449.52 time, 1450.02 real, 1432 MB
[runlim] sample:		1459.52 time, 1460.02 real, 1438 MB
[runlim] sample:		1469.52 time, 1470.02 real, 1443 MB
[runlim] sample:		1479.52 time, 1480.02 real, 1450 MB
[runlim] sample:		1489.52 time, 1490.02 real, 1456 MB
[runlim] sample:		1499.53 time, 1500.02 real, 1462 MB
[runlim] sample:		1509.53 time, 1510.02 real, 1471 MB
[runlim] sample:		1519.52 time, 1520.02 real, 1477 MB
[runlim] sample:		1529.52 time, 1530.02 real, 1485 MB
[runlim] sample:		1539.52 time, 1540.02 real, 1492 MB
[runlim] sample:		1549.52 time, 1550.02 real, 1498 MB
[runlim] sample:		1559.52 time, 1560.02 real, 1505 MB
[runlim] sample:		1569.52 time, 1570.02 real, 1514 MB
[runlim] sample:		1579.52 time, 1580.02 real, 1522 MB
[runlim] sample:		1589.52 time, 1590.02 real, 1530 MB
[runlim] sample:		1599.52 time, 1600.02 real, 1538 MB
[runlim] sample:		1609.53 time, 1610.02 real, 1545 MB
[runlim] sample:		1619.53 time, 1620.02 real, 1551 MB
[runlim] sample:		1629.53 time, 1630.02 real, 1559 MB
[runlim] sample:		1639.52 time, 1640.02 real, 1566 MB
[runlim] sample:		1649.53 time, 1650.02 real, 1574 MB
[runlim] sample:		1659.53 time, 1660.02 real, 1581 MB
[runlim] sample:		1669.52 time, 1670.02 real, 1588 MB
[runlim] sample:		1679.52 time, 1680.02 real, 1593 MB
[runlim] sample:		1689.52 time, 1690.02 real, 1597 MB
[runlim] sample:		1699.52 time, 1700.02 real, 1604 MB
[runlim] sample:		1709.52 time, 1710.02 real, 1613 MB
[runlim] sample:		1719.52 time, 1720.02 real, 1621 MB
[runlim] sample:		1729.52 time, 1730.02 real, 1630 MB
[runlim] sample:		1739.53 time, 1740.02 real, 1636 MB
[runlim] sample:		1749.52 time, 1750.02 real, 1640 MB
[runlim] sample:		1759.52 time, 1760.02 real, 1645 MB
[runlim] sample:		1769.52 time, 1770.02 real, 1651 MB
[runlim] sample:		1779.52 time, 1780.02 real, 1661 MB
[runlim] sample:		1789.52 time, 1790.02 real, 1670 MB
[runlim] sample:		1799.53 time, 1800.02 real, 1677 MB
[runlim] sample:		1809.52 time, 1810.02 real, 1687 MB
[runlim] sample:		1819.52 time, 1820.02 real, 1694 MB
[runlim] sample:		1829.52 time, 1830.02 real, 1704 MB
[runlim] sample:		1839.53 time, 1840.02 real, 1712 MB
[runlim] sample:		1849.52 time, 1850.02 real, 1718 MB
[runlim] sample:		1859.52 time, 1860.02 real, 1727 MB
[runlim] sample:		1869.52 time, 1870.02 real, 1735 MB
[runlim] sample:		1879.52 time, 1880.02 real, 1738 MB
[runlim] sample:		1889.52 time, 1890.02 real, 1745 MB
[runlim] sample:		1899.52 time, 1900.02 real, 1754 MB
[runlim] sample:		1909.52 time, 1910.02 real, 1761 MB
[runlim] sample:		1919.52 time, 1920.02 real, 1772 MB
[runlim] sample:		1929.52 time, 1930.02 real, 1780 MB
[runlim] sample:		1939.52 time, 1940.02 real, 1789 MB
[runlim] sample:		1949.52 time, 1950.02 real, 1797 MB
[runlim] sample:		1959.52 time, 1960.02 real, 1805 MB
[runlim] sample:		1969.52 time, 1970.02 real, 1813 MB
[runlim] sample:		1979.52 time, 1980.02 real, 1820 MB
[runlim] sample:		1989.52 time, 1990.02 real, 1827 MB
[runlim] sample:		1999.52 time, 2000.02 real, 1834 MB
[runlim] sample:		2009.52 time, 2010.02 real, 1840 MB
[runlim] sample:		2019.52 time, 2020.02 real, 1847 MB
[runlim] sample:		2029.52 time, 2030.02 real, 1853 MB
[runlim] sample:		2039.52 time, 2040.02 real, 1858 MB
[runlim] sample:		2049.52 time, 2050.02 real, 1863 MB
[runlim] sample:		2059.52 time, 2060.02 real, 1867 MB
[runlim] sample:		2069.52 time, 2070.02 real, 1872 MB
[runlim] sample:		2079.52 time, 2080.02 real, 1876 MB
[runlim] sample:		2089.51 time, 2090.02 real, 1881 MB
[runlim] sample:		2099.52 time, 2100.02 real, 1886 MB
[runlim] sample:		2109.51 time, 2110.02 real, 1891 MB
[runlim] sample:		2119.52 time, 2120.02 real, 1896 MB
[runlim] sample:		2129.52 time, 2130.02 real, 1900 MB
[runlim] sample:		2139.52 time, 2140.02 real, 1904 MB
[runlim] sample:		2149.51 time, 2150.02 real, 1907 MB
[runlim] sample:		2159.51 time, 2160.02 real, 1911 MB
[runlim] sample:		2169.51 time, 2170.02 real, 1915 MB
[runlim] sample:		2179.51 time, 2180.02 real, 1918 MB
[runlim] sample:		2189.52 time, 2190.02 real, 1922 MB
[runlim] sample:		2199.52 time, 2200.02 real, 1927 MB
[runlim] sample:		2209.51 time, 2210.02 real, 1935 MB
[runlim] sample:		2219.51 time, 2220.02 real, 1940 MB
[runlim] sample:		2229.51 time, 2230.02 real, 1946 MB
[runlim] sample:		2239.52 time, 2240.02 real, 1951 MB
[runlim] sample:		2249.52 time, 2250.02 real, 1957 MB
[runlim] sample:		2259.51 time, 2260.02 real, 1964 MB
[runlim] sample:		2269.52 time, 2270.02 real, 1967 MB
[runlim] sample:		2279.51 time, 2280.02 real, 1972 MB
[runlim] sample:		2289.51 time, 2290.02 real, 1978 MB
[runlim] sample:		2299.52 time, 2300.02 real, 1984 MB
[runlim] sample:		2309.51 time, 2310.02 real, 1989 MB
[runlim] sample:		2319.51 time, 2320.02 real, 1994 MB
[runlim] sample:		2329.51 time, 2330.02 real, 1999 MB
[runlim] sample:		2339.51 time, 2340.02 real, 2004 MB
[runlim] sample:		2349.51 time, 2350.02 real, 2010 MB
[runlim] sample:		2359.51 time, 2360.02 real, 2015 MB
[runlim] sample:		2369.51 time, 2370.02 real, 2021 MB
[runlim] sample:		2379.51 time, 2380.02 real, 2028 MB
[runlim] sample:		2389.51 time, 2390.02 real, 2034 MB
[runlim] sample:		2399.51 time, 2400.02 real, 2038 MB
[runlim] sample:		2409.51 time, 2410.02 real, 2043 MB
[runlim] sample:		2419.51 time, 2420.02 real, 2047 MB
[runlim] sample:		2429.51 time, 2430.02 real, 2053 MB
[runlim] sample:		2439.51 time, 2440.02 real, 2061 MB
[runlim] sample:		2449.51 time, 2450.02 real, 2066 MB
[runlim] sample:		2459.51 time, 2460.02 real, 2072 MB
[runlim] sample:		2469.51 time, 2470.02 real, 2078 MB
[runlim] sample:		2479.51 time, 2480.02 real, 2083 MB
[runlim] sample:		2489.51 time, 2490.02 real, 2091 MB
[runlim] sample:		2499.51 time, 2500.02 real, 2096 MB
[runlim] sample:		2509.51 time, 2510.02 real, 2101 MB
[runlim] sample:		2519.51 time, 2520.02 real, 2105 MB
[runlim] sample:		2529.51 time, 2530.02 real, 2112 MB
[runlim] sample:		2539.51 time, 2540.02 real, 2116 MB
[runlim] sample:		2549.51 time, 2550.02 real, 2121 MB
[runlim] sample:		2559.51 time, 2560.02 real, 2127 MB
[runlim] sample:		2569.51 time, 2570.02 real, 2132 MB
[runlim] sample:		2579.51 time, 2580.02 real, 2137 MB
[runlim] sample:		2589.51 time, 2590.02 real, 2142 MB
[runlim] sample:		2599.51 time, 2600.02 real, 2148 MB
[runlim] sample:		2609.51 time, 2610.01 real, 2154 MB
[runlim] sample:		2619.51 time, 2620.02 real, 2159 MB
[runlim] sample:		2629.51 time, 2630.01 real, 2166 MB
[runlim] sample:		2639.51 time, 2640.02 real, 2172 MB
[runlim] sample:		2649.51 time, 2650.02 real, 2178 MB
[runlim] sample:		2659.51 time, 2660.01 real, 2184 MB
[runlim] sample:		2669.51 time, 2670.02 real, 2190 MB
[runlim] sample:		2679.51 time, 2680.02 real, 2196 MB
[runlim] sample:		2689.51 time, 2690.02 real, 2203 MB
[runlim] sample:		2699.51 time, 2700.01 real, 2208 MB
[runlim] end:			Thu Feb 27 10:48:54 2020
[runlim] status:		out of time
[runlim] result:		2
[runlim] children:		1
[runlim] real:			2700.12 seconds
[runlim] time:			2699.51 seconds
[runlim] space:			2208 MB
[runlim] samples:		27000
