[runlim] version:		1.18
[runlim] host:			c3n13
[runlim] time limit:		2700 seconds
[runlim] real time limit:	2700 seconds
[runlim] space limit:		7000 MB
[runlim] argv[0]:		./binary
[runlim] argv[1]:		/data/cnf/ankit/Set1/kmdf_pcidrv_sys_hw_physet.c.qdimacs
[runlim] start:			Thu Feb 27 10:03:54 2020
[runlim] child:			7421
[runlim] sample:		9.98 time, 10.02 real, 41 MB
[runlim] sample:		19.98 time, 20.02 real, 57 MB
[runlim] sample:		29.98 time, 30.02 real, 72 MB
[runlim] sample:		39.98 time, 40.02 real, 99 MB
[runlim] sample:		49.98 time, 50.02 real, 99 MB
[runlim] sample:		59.98 time, 60.02 real, 125 MB
[runlim] sample:		69.98 time, 70.02 real, 123 MB
[runlim] sample:		79.97 time, 80.02 real, 147 MB
[runlim] sample:		89.97 time, 90.02 real, 172 MB
[runlim] sample:		99.98 time, 100.02 real, 156 MB
[runlim] sample:		109.98 time, 110.02 real, 181 MB
[runlim] sample:		119.98 time, 120.02 real, 204 MB
[runlim] sample:		129.97 time, 130.02 real, 225 MB
[runlim] sample:		139.98 time, 140.02 real, 247 MB
[runlim] sample:		149.98 time, 150.02 real, 214 MB
[runlim] sample:		159.98 time, 160.02 real, 236 MB
[runlim] sample:		169.98 time, 170.02 real, 256 MB
[runlim] sample:		179.98 time, 180.02 real, 277 MB
[runlim] sample:		189.97 time, 190.02 real, 298 MB
[runlim] sample:		199.98 time, 200.02 real, 317 MB
[runlim] sample:		209.97 time, 210.02 real, 270 MB
[runlim] sample:		219.98 time, 220.02 real, 291 MB
[runlim] sample:		229.98 time, 230.02 real, 309 MB
[runlim] sample:		239.98 time, 240.02 real, 327 MB
[runlim] sample:		249.98 time, 250.02 real, 346 MB
[runlim] sample:		259.98 time, 260.02 real, 365 MB
[runlim] sample:		269.98 time, 270.02 real, 383 MB
[runlim] sample:		279.97 time, 280.02 real, 401 MB
[runlim] sample:		289.97 time, 290.02 real, 418 MB
[runlim] sample:		299.97 time, 300.02 real, 355 MB
[runlim] sample:		309.98 time, 310.02 real, 372 MB
[runlim] sample:		319.97 time, 320.02 real, 389 MB
[runlim] sample:		329.98 time, 330.02 real, 407 MB
[runlim] sample:		339.98 time, 340.02 real, 424 MB
[runlim] sample:		349.98 time, 350.02 real, 441 MB
[runlim] sample:		359.98 time, 360.02 real, 459 MB
[runlim] sample:		369.98 time, 370.02 real, 476 MB
[runlim] sample:		379.98 time, 380.02 real, 492 MB
[runlim] sample:		389.98 time, 390.02 real, 508 MB
[runlim] sample:		399.97 time, 400.02 real, 524 MB
[runlim] sample:		409.97 time, 410.02 real, 540 MB
[runlim] sample:		419.97 time, 420.02 real, 449 MB
[runlim] sample:		429.98 time, 430.02 real, 464 MB
[runlim] sample:		439.98 time, 440.02 real, 480 MB
[runlim] sample:		449.97 time, 450.02 real, 496 MB
[runlim] sample:		459.97 time, 460.02 real, 512 MB
[runlim] sample:		469.98 time, 470.02 real, 527 MB
[runlim] sample:		479.97 time, 480.02 real, 542 MB
[runlim] sample:		489.97 time, 490.02 real, 557 MB
[runlim] sample:		499.97 time, 500.02 real, 571 MB
[runlim] sample:		509.97 time, 510.02 real, 585 MB
[runlim] sample:		519.97 time, 520.02 real, 600 MB
[runlim] sample:		529.98 time, 530.02 real, 613 MB
[runlim] sample:		539.97 time, 540.02 real, 626 MB
[runlim] sample:		549.97 time, 550.02 real, 640 MB
[runlim] sample:		559.98 time, 560.02 real, 652 MB
[runlim] sample:		569.98 time, 570.02 real, 665 MB
[runlim] sample:		579.97 time, 580.02 real, 677 MB
[runlim] sample:		589.97 time, 590.02 real, 690 MB
[runlim] sample:		599.97 time, 600.02 real, 569 MB
[runlim] sample:		609.97 time, 610.02 real, 581 MB
[runlim] sample:		619.97 time, 620.02 real, 594 MB
[runlim] sample:		629.97 time, 630.02 real, 608 MB
[runlim] sample:		639.97 time, 640.02 real, 620 MB
[runlim] sample:		649.97 time, 650.02 real, 633 MB
[runlim] sample:		659.97 time, 660.02 real, 645 MB
[runlim] sample:		669.97 time, 670.02 real, 656 MB
[runlim] sample:		679.98 time, 680.02 real, 668 MB
[runlim] sample:		689.98 time, 690.02 real, 681 MB
[runlim] sample:		699.97 time, 700.02 real, 692 MB
[runlim] sample:		709.97 time, 710.02 real, 705 MB
[runlim] sample:		719.97 time, 720.02 real, 716 MB
[runlim] sample:		729.97 time, 730.02 real, 728 MB
[runlim] sample:		739.97 time, 740.02 real, 738 MB
[runlim] sample:		749.97 time, 750.02 real, 749 MB
[runlim] sample:		759.97 time, 760.02 real, 761 MB
[runlim] sample:		769.97 time, 770.02 real, 772 MB
[runlim] sample:		779.97 time, 780.02 real, 782 MB
[runlim] sample:		789.97 time, 790.02 real, 795 MB
[runlim] sample:		799.97 time, 800.02 real, 805 MB
[runlim] sample:		809.97 time, 810.02 real, 816 MB
[runlim] sample:		819.97 time, 820.02 real, 827 MB
[runlim] sample:		829.97 time, 830.02 real, 838 MB
[runlim] sample:		839.97 time, 840.02 real, 848 MB
[runlim] sample:		849.97 time, 850.02 real, 859 MB
[runlim] sample:		859.97 time, 860.02 real, 870 MB
[runlim] sample:		869.97 time, 870.02 real, 881 MB
[runlim] sample:		879.97 time, 880.02 real, 890 MB
[runlim] sample:		889.97 time, 890.02 real, 727 MB
[runlim] sample:		899.97 time, 900.02 real, 737 MB
[runlim] sample:		909.96 time, 910.02 real, 748 MB
[runlim] sample:		919.97 time, 920.02 real, 759 MB
[runlim] sample:		929.97 time, 930.02 real, 770 MB
[runlim] sample:		939.97 time, 940.02 real, 780 MB
[runlim] sample:		949.97 time, 950.02 real, 791 MB
[runlim] sample:		959.97 time, 960.02 real, 803 MB
[runlim] sample:		969.97 time, 970.02 real, 814 MB
[runlim] sample:		979.96 time, 980.02 real, 823 MB
[runlim] sample:		989.96 time, 990.02 real, 832 MB
[runlim] sample:		999.97 time, 1000.02 real, 841 MB
[runlim] sample:		1009.97 time, 1010.02 real, 852 MB
[runlim] sample:		1019.97 time, 1020.02 real, 863 MB
[runlim] sample:		1029.97 time, 1030.02 real, 873 MB
[runlim] sample:		1039.97 time, 1040.02 real, 883 MB
[runlim] sample:		1049.96 time, 1050.02 real, 893 MB
[runlim] sample:		1059.96 time, 1060.02 real, 905 MB
[runlim] sample:		1069.97 time, 1070.02 real, 914 MB
[runlim] sample:		1079.97 time, 1080.02 real, 926 MB
[runlim] sample:		1089.97 time, 1090.02 real, 936 MB
[runlim] sample:		1099.97 time, 1100.02 real, 946 MB
[runlim] sample:		1109.97 time, 1110.02 real, 955 MB
[runlim] sample:		1119.96 time, 1120.02 real, 965 MB
[runlim] sample:		1129.96 time, 1130.02 real, 975 MB
[runlim] sample:		1139.97 time, 1140.02 real, 986 MB
[runlim] sample:		1149.96 time, 1150.02 real, 996 MB
[runlim] sample:		1159.96 time, 1160.02 real, 1006 MB
[runlim] sample:		1169.96 time, 1170.02 real, 1015 MB
[runlim] sample:		1179.96 time, 1180.02 real, 1024 MB
[runlim] sample:		1189.96 time, 1190.02 real, 1032 MB
[runlim] sample:		1199.97 time, 1200.02 real, 1042 MB
[runlim] sample:		1209.96 time, 1210.02 real, 1050 MB
[runlim] sample:		1219.96 time, 1220.02 real, 1059 MB
[runlim] sample:		1229.96 time, 1230.02 real, 1068 MB
[runlim] sample:		1239.97 time, 1240.02 real, 1077 MB
[runlim] sample:		1249.96 time, 1250.02 real, 1086 MB
[runlim] sample:		1259.97 time, 1260.02 real, 1095 MB
[runlim] sample:		1269.97 time, 1270.02 real, 1104 MB
[runlim] sample:		1279.97 time, 1280.02 real, 1114 MB
[runlim] sample:		1289.97 time, 1290.02 real, 1122 MB
[runlim] sample:		1299.96 time, 1300.02 real, 917 MB
[runlim] sample:		1309.97 time, 1310.02 real, 926 MB
[runlim] sample:		1319.96 time, 1320.02 real, 934 MB
[runlim] sample:		1329.97 time, 1330.02 real, 942 MB
[runlim] sample:		1339.96 time, 1340.02 real, 949 MB
[runlim] sample:		1349.96 time, 1350.02 real, 958 MB
[runlim] sample:		1359.96 time, 1360.02 real, 966 MB
[runlim] sample:		1369.96 time, 1370.02 real, 975 MB
[runlim] sample:		1379.97 time, 1380.02 real, 983 MB
[runlim] sample:		1389.96 time, 1390.02 real, 992 MB
[runlim] sample:		1399.96 time, 1400.02 real, 1000 MB
[runlim] sample:		1409.96 time, 1410.02 real, 1010 MB
[runlim] sample:		1419.96 time, 1420.02 real, 1019 MB
[runlim] sample:		1429.96 time, 1430.02 real, 1028 MB
[runlim] sample:		1439.96 time, 1440.02 real, 1036 MB
[runlim] sample:		1449.96 time, 1450.02 real, 1043 MB
[runlim] sample:		1459.97 time, 1460.02 real, 1051 MB
[runlim] sample:		1469.96 time, 1470.02 real, 1059 MB
[runlim] sample:		1479.96 time, 1480.02 real, 1067 MB
[runlim] sample:		1489.96 time, 1490.02 real, 1076 MB
[runlim] sample:		1499.96 time, 1500.02 real, 1086 MB
[runlim] sample:		1509.96 time, 1510.02 real, 1095 MB
[runlim] sample:		1519.96 time, 1520.02 real, 1103 MB
[runlim] sample:		1529.96 time, 1530.02 real, 1111 MB
[runlim] sample:		1539.96 time, 1540.02 real, 1116 MB
[runlim] sample:		1549.96 time, 1550.02 real, 1123 MB
[runlim] sample:		1559.96 time, 1560.02 real, 1132 MB
[runlim] sample:		1569.96 time, 1570.02 real, 1139 MB
[runlim] sample:		1579.96 time, 1580.02 real, 1146 MB
[runlim] sample:		1589.96 time, 1590.02 real, 1156 MB
[runlim] sample:		1599.96 time, 1600.02 real, 1163 MB
[runlim] sample:		1609.96 time, 1610.02 real, 1171 MB
[runlim] sample:		1619.96 time, 1620.02 real, 1183 MB
[runlim] sample:		1629.96 time, 1630.02 real, 1191 MB
[runlim] sample:		1639.96 time, 1640.02 real, 1198 MB
[runlim] sample:		1649.96 time, 1650.02 real, 1206 MB
[runlim] sample:		1659.96 time, 1660.02 real, 1214 MB
[runlim] sample:		1669.96 time, 1670.02 real, 1221 MB
[runlim] sample:		1679.96 time, 1680.02 real, 1229 MB
[runlim] sample:		1689.96 time, 1690.02 real, 1237 MB
[runlim] sample:		1699.96 time, 1700.02 real, 1245 MB
[runlim] sample:		1709.96 time, 1710.02 real, 1253 MB
[runlim] sample:		1719.96 time, 1720.02 real, 1261 MB
[runlim] sample:		1729.95 time, 1730.02 real, 1268 MB
[runlim] sample:		1739.96 time, 1740.02 real, 1275 MB
[runlim] sample:		1749.96 time, 1750.02 real, 1284 MB
[runlim] sample:		1759.96 time, 1760.02 real, 1291 MB
[runlim] sample:		1769.95 time, 1770.02 real, 1300 MB
[runlim] sample:		1779.95 time, 1780.02 real, 1304 MB
[runlim] sample:		1789.96 time, 1790.02 real, 1312 MB
[runlim] sample:		1799.96 time, 1800.02 real, 1320 MB
[runlim] sample:		1809.95 time, 1810.02 real, 1328 MB
[runlim] sample:		1819.96 time, 1820.02 real, 1335 MB
[runlim] sample:		1829.96 time, 1830.02 real, 1343 MB
[runlim] sample:		1839.95 time, 1840.02 real, 1350 MB
[runlim] sample:		1849.95 time, 1850.02 real, 1358 MB
[runlim] sample:		1859.96 time, 1860.02 real, 1366 MB
[runlim] sample:		1869.95 time, 1870.02 real, 1374 MB
[runlim] sample:		1879.95 time, 1880.02 real, 1382 MB
[runlim] sample:		1889.96 time, 1890.02 real, 1389 MB
[runlim] sample:		1899.96 time, 1900.02 real, 1397 MB
[runlim] sample:		1909.95 time, 1910.02 real, 1404 MB
[runlim] sample:		1919.96 time, 1920.02 real, 1410 MB
[runlim] sample:		1929.96 time, 1930.02 real, 1151 MB
[runlim] sample:		1939.95 time, 1940.02 real, 1159 MB
[runlim] sample:		1949.95 time, 1950.02 real, 1167 MB
[runlim] sample:		1959.96 time, 1960.02 real, 1175 MB
[runlim] sample:		1969.95 time, 1970.02 real, 1182 MB
[runlim] sample:		1979.95 time, 1980.02 real, 1190 MB
[runlim] sample:		1989.96 time, 1990.02 real, 1197 MB
[runlim] sample:		1999.95 time, 2000.02 real, 1204 MB
[runlim] sample:		2009.95 time, 2010.02 real, 1211 MB
[runlim] sample:		2019.95 time, 2020.02 real, 1218 MB
[runlim] sample:		2029.96 time, 2030.02 real, 1225 MB
[runlim] sample:		2039.95 time, 2040.02 real, 1232 MB
[runlim] sample:		2049.95 time, 2050.02 real, 1239 MB
[runlim] sample:		2059.96 time, 2060.02 real, 1247 MB
[runlim] sample:		2069.96 time, 2070.02 real, 1255 MB
[runlim] sample:		2079.95 time, 2080.02 real, 1262 MB
[runlim] sample:		2089.95 time, 2090.02 real, 1268 MB
[runlim] sample:		2099.96 time, 2100.02 real, 1274 MB
[runlim] sample:		2109.95 time, 2110.02 real, 1283 MB
[runlim] sample:		2119.95 time, 2120.02 real, 1289 MB
[runlim] sample:		2129.96 time, 2130.02 real, 1297 MB
[runlim] sample:		2139.96 time, 2140.02 real, 1304 MB
[runlim] sample:		2149.95 time, 2150.02 real, 1312 MB
[runlim] sample:		2159.95 time, 2160.02 real, 1319 MB
[runlim] sample:		2169.95 time, 2170.02 real, 1326 MB
[runlim] sample:		2179.95 time, 2180.02 real, 1333 MB
[runlim] sample:		2189.95 time, 2190.02 real, 1340 MB
[runlim] sample:		2199.95 time, 2200.02 real, 1345 MB
[runlim] sample:		2209.95 time, 2210.02 real, 1352 MB
[runlim] sample:		2219.96 time, 2220.02 real, 1359 MB
[runlim] sample:		2229.95 time, 2230.02 real, 1365 MB
[runlim] sample:		2239.95 time, 2240.02 real, 1374 MB
[runlim] sample:		2249.95 time, 2250.02 real, 1380 MB
[runlim] sample:		2259.95 time, 2260.02 real, 1389 MB
[runlim] sample:		2269.95 time, 2270.02 real, 1395 MB
[runlim] sample:		2279.95 time, 2280.02 real, 1402 MB
[runlim] sample:		2289.95 time, 2290.02 real, 1410 MB
[runlim] sample:		2299.95 time, 2300.02 real, 1417 MB
[runlim] sample:		2309.95 time, 2310.02 real, 1424 MB
[runlim] sample:		2319.95 time, 2320.02 real, 1432 MB
[runlim] sample:		2329.95 time, 2330.02 real, 1437 MB
[runlim] sample:		2339.95 time, 2340.02 real, 1444 MB
[runlim] sample:		2349.95 time, 2350.02 real, 1451 MB
[runlim] sample:		2359.95 time, 2360.02 real, 1457 MB
[runlim] sample:		2369.95 time, 2370.02 real, 1464 MB
[runlim] sample:		2379.95 time, 2380.02 real, 1471 MB
[runlim] sample:		2389.94 time, 2390.02 real, 1477 MB
[runlim] sample:		2399.95 time, 2400.02 real, 1483 MB
[runlim] sample:		2409.95 time, 2410.02 real, 1490 MB
[runlim] sample:		2419.95 time, 2420.02 real, 1496 MB
[runlim] sample:		2429.95 time, 2430.02 real, 1502 MB
[runlim] sample:		2439.94 time, 2440.02 real, 1508 MB
[runlim] sample:		2449.95 time, 2450.02 real, 1515 MB
[runlim] sample:		2459.94 time, 2460.02 real, 1524 MB
[runlim] sample:		2469.95 time, 2470.02 real, 1532 MB
[runlim] sample:		2479.95 time, 2480.02 real, 1539 MB
[runlim] sample:		2489.95 time, 2490.02 real, 1545 MB
[runlim] sample:		2499.95 time, 2500.02 real, 1552 MB
[runlim] sample:		2509.95 time, 2510.02 real, 1558 MB
[runlim] sample:		2519.95 time, 2520.02 real, 1565 MB
[runlim] sample:		2529.94 time, 2530.02 real, 1572 MB
[runlim] sample:		2539.95 time, 2540.02 real, 1577 MB
[runlim] sample:		2549.94 time, 2550.02 real, 1584 MB
[runlim] sample:		2559.95 time, 2560.02 real, 1590 MB
[runlim] sample:		2569.95 time, 2570.02 real, 1596 MB
[runlim] sample:		2579.95 time, 2580.02 real, 1603 MB
[runlim] sample:		2589.95 time, 2590.02 real, 1610 MB
[runlim] sample:		2599.94 time, 2600.02 real, 1616 MB
[runlim] sample:		2609.94 time, 2610.02 real, 1621 MB
[runlim] sample:		2619.95 time, 2620.02 real, 1627 MB
[runlim] sample:		2629.94 time, 2630.02 real, 1635 MB
[runlim] sample:		2639.95 time, 2640.02 real, 1641 MB
[runlim] sample:		2649.94 time, 2650.02 real, 1647 MB
[runlim] sample:		2659.94 time, 2660.02 real, 1651 MB
[runlim] sample:		2669.94 time, 2670.02 real, 1656 MB
[runlim] sample:		2679.95 time, 2680.02 real, 1663 MB
[runlim] sample:		2689.94 time, 2690.02 real, 1669 MB
[runlim] sample:		2699.95 time, 2700.02 real, 1676 MB
[runlim] end:			Thu Feb 27 10:48:54 2020
[runlim] status:		out of time
[runlim] result:		2
[runlim] children:		1
[runlim] real:			2700.10 seconds
[runlim] time:			2699.95 seconds
[runlim] space:			2464 MB
[runlim] samples:		27000
