[runlim] version:		1.18
[runlim] host:			c3n16
[runlim] time limit:		2700 seconds
[runlim] real time limit:	2700 seconds
[runlim] space limit:		7000 MB
[runlim] argv[0]:		./binary
[runlim] argv[1]:		/data/cnf/ankit/Set1/pdtpmsrotate32.qdimacs
[runlim] start:			Thu Feb 27 10:03:54 2020
[runlim] child:			10539
[runlim] sample:		9.47 time, 10.02 real, 27 MB
[runlim] sample:		19.47 time, 20.02 real, 48 MB
[runlim] sample:		29.47 time, 30.02 real, 67 MB
[runlim] sample:		39.47 time, 40.02 real, 84 MB
[runlim] sample:		49.47 time, 50.02 real, 101 MB
[runlim] sample:		59.47 time, 60.02 real, 117 MB
[runlim] sample:		69.47 time, 70.02 real, 132 MB
[runlim] sample:		79.46 time, 80.02 real, 145 MB
[runlim] sample:		89.46 time, 90.02 real, 159 MB
[runlim] sample:		99.46 time, 100.02 real, 171 MB
[runlim] sample:		109.46 time, 110.02 real, 185 MB
[runlim] sample:		119.46 time, 120.02 real, 198 MB
[runlim] sample:		129.46 time, 130.02 real, 208 MB
[runlim] sample:		139.46 time, 140.02 real, 219 MB
[runlim] sample:		149.46 time, 150.02 real, 228 MB
[runlim] sample:		159.45 time, 160.02 real, 239 MB
[runlim] sample:		169.45 time, 170.02 real, 253 MB
[runlim] sample:		179.45 time, 180.02 real, 265 MB
[runlim] sample:		189.45 time, 190.02 real, 278 MB
[runlim] sample:		199.45 time, 200.02 real, 292 MB
[runlim] sample:		209.45 time, 210.02 real, 240 MB
[runlim] sample:		219.45 time, 220.02 real, 252 MB
[runlim] sample:		229.45 time, 230.02 real, 262 MB
[runlim] sample:		239.45 time, 240.02 real, 270 MB
[runlim] sample:		249.45 time, 250.02 real, 279 MB
[runlim] sample:		259.45 time, 260.02 real, 291 MB
[runlim] sample:		269.45 time, 270.02 real, 301 MB
[runlim] sample:		279.45 time, 280.02 real, 310 MB
[runlim] sample:		289.44 time, 290.02 real, 317 MB
[runlim] sample:		299.44 time, 300.02 real, 325 MB
[runlim] sample:		309.44 time, 310.02 real, 334 MB
[runlim] sample:		319.44 time, 320.02 real, 345 MB
[runlim] sample:		329.44 time, 330.02 real, 353 MB
[runlim] sample:		339.44 time, 340.02 real, 360 MB
[runlim] sample:		349.44 time, 350.02 real, 369 MB
[runlim] sample:		359.44 time, 360.02 real, 379 MB
[runlim] sample:		369.44 time, 370.02 real, 388 MB
[runlim] sample:		379.44 time, 380.02 real, 398 MB
[runlim] sample:		389.44 time, 390.02 real, 408 MB
[runlim] sample:		399.43 time, 400.02 real, 416 MB
[runlim] sample:		409.44 time, 410.02 real, 423 MB
[runlim] sample:		419.43 time, 420.02 real, 431 MB
[runlim] sample:		429.44 time, 430.02 real, 437 MB
[runlim] sample:		439.44 time, 440.02 real, 448 MB
[runlim] sample:		449.43 time, 450.02 real, 457 MB
[runlim] sample:		459.43 time, 460.02 real, 465 MB
[runlim] sample:		469.43 time, 470.02 real, 475 MB
[runlim] sample:		479.42 time, 480.02 real, 484 MB
[runlim] sample:		489.42 time, 490.02 real, 494 MB
[runlim] sample:		499.43 time, 500.02 real, 503 MB
[runlim] sample:		509.42 time, 510.02 real, 511 MB
[runlim] sample:		519.42 time, 520.02 real, 518 MB
[runlim] sample:		529.42 time, 530.02 real, 525 MB
[runlim] sample:		539.42 time, 540.02 real, 534 MB
[runlim] sample:		549.43 time, 550.02 real, 540 MB
[runlim] sample:		559.42 time, 560.02 real, 546 MB
[runlim] sample:		569.42 time, 570.02 real, 554 MB
[runlim] sample:		579.42 time, 580.02 real, 562 MB
[runlim] sample:		589.42 time, 590.02 real, 571 MB
[runlim] sample:		599.41 time, 600.02 real, 580 MB
[runlim] sample:		609.42 time, 610.02 real, 587 MB
[runlim] sample:		619.41 time, 620.02 real, 595 MB
[runlim] sample:		629.42 time, 630.02 real, 601 MB
[runlim] sample:		639.42 time, 640.02 real, 607 MB
[runlim] sample:		649.41 time, 650.02 real, 613 MB
[runlim] sample:		659.41 time, 660.02 real, 621 MB
[runlim] sample:		669.41 time, 670.02 real, 628 MB
[runlim] sample:		679.41 time, 680.02 real, 634 MB
[runlim] sample:		689.41 time, 690.02 real, 640 MB
[runlim] sample:		699.41 time, 700.02 real, 647 MB
[runlim] sample:		709.40 time, 710.02 real, 652 MB
[runlim] sample:		719.41 time, 720.02 real, 657 MB
[runlim] sample:		729.41 time, 730.02 real, 663 MB
[runlim] sample:		739.41 time, 740.02 real, 672 MB
[runlim] sample:		749.40 time, 750.02 real, 680 MB
[runlim] sample:		759.40 time, 760.02 real, 686 MB
[runlim] sample:		769.40 time, 770.02 real, 693 MB
[runlim] sample:		779.40 time, 780.02 real, 700 MB
[runlim] sample:		789.40 time, 790.02 real, 707 MB
[runlim] sample:		799.40 time, 800.02 real, 714 MB
[runlim] sample:		809.39 time, 810.02 real, 720 MB
[runlim] sample:		819.40 time, 820.02 real, 726 MB
[runlim] sample:		829.39 time, 830.02 real, 731 MB
[runlim] sample:		839.39 time, 840.02 real, 737 MB
[runlim] sample:		849.39 time, 850.02 real, 745 MB
[runlim] sample:		859.39 time, 860.02 real, 751 MB
[runlim] sample:		869.39 time, 870.02 real, 756 MB
[runlim] sample:		879.39 time, 880.02 real, 760 MB
[runlim] sample:		889.39 time, 890.02 real, 766 MB
[runlim] sample:		899.39 time, 900.02 real, 773 MB
[runlim] sample:		909.39 time, 910.02 real, 780 MB
[runlim] sample:		919.38 time, 920.02 real, 790 MB
[runlim] sample:		929.39 time, 930.02 real, 794 MB
[runlim] sample:		939.38 time, 940.02 real, 799 MB
[runlim] sample:		949.39 time, 950.02 real, 803 MB
[runlim] sample:		959.38 time, 960.02 real, 809 MB
[runlim] sample:		969.38 time, 970.02 real, 815 MB
[runlim] sample:		979.38 time, 980.02 real, 821 MB
[runlim] sample:		989.38 time, 990.02 real, 828 MB
[runlim] sample:		999.38 time, 1000.02 real, 834 MB
[runlim] sample:		1009.38 time, 1010.02 real, 841 MB
[runlim] sample:		1019.38 time, 1020.02 real, 847 MB
[runlim] sample:		1029.37 time, 1030.02 real, 852 MB
[runlim] sample:		1039.38 time, 1040.02 real, 856 MB
[runlim] sample:		1049.37 time, 1050.02 real, 860 MB
[runlim] sample:		1059.37 time, 1060.02 real, 864 MB
[runlim] sample:		1069.37 time, 1070.02 real, 869 MB
[runlim] sample:		1079.37 time, 1080.01 real, 875 MB
[runlim] sample:		1089.37 time, 1090.02 real, 882 MB
[runlim] sample:		1099.37 time, 1100.01 real, 887 MB
[runlim] sample:		1109.37 time, 1110.02 real, 893 MB
[runlim] sample:		1119.37 time, 1120.01 real, 899 MB
[runlim] sample:		1129.37 time, 1130.01 real, 904 MB
[runlim] sample:		1139.36 time, 1140.01 real, 909 MB
[runlim] sample:		1149.36 time, 1150.02 real, 915 MB
[runlim] sample:		1159.36 time, 1160.01 real, 920 MB
[runlim] sample:		1169.37 time, 1170.01 real, 926 MB
[runlim] sample:		1179.36 time, 1180.02 real, 932 MB
[runlim] sample:		1189.36 time, 1190.02 real, 936 MB
[runlim] sample:		1199.36 time, 1200.02 real, 940 MB
[runlim] sample:		1209.37 time, 1210.02 real, 945 MB
[runlim] sample:		1219.36 time, 1220.02 real, 949 MB
[runlim] sample:		1229.36 time, 1230.02 real, 953 MB
[runlim] sample:		1239.36 time, 1240.02 real, 959 MB
[runlim] sample:		1249.35 time, 1250.01 real, 964 MB
[runlim] sample:		1259.36 time, 1260.01 real, 970 MB
[runlim] sample:		1269.36 time, 1270.02 real, 974 MB
[runlim] sample:		1279.35 time, 1280.02 real, 979 MB
[runlim] sample:		1289.35 time, 1290.01 real, 984 MB
[runlim] sample:		1299.36 time, 1300.02 real, 990 MB
[runlim] sample:		1309.36 time, 1310.01 real, 996 MB
[runlim] sample:		1319.35 time, 1320.02 real, 1003 MB
[runlim] sample:		1329.35 time, 1330.02 real, 1009 MB
[runlim] sample:		1339.35 time, 1340.02 real, 1015 MB
[runlim] sample:		1349.35 time, 1350.02 real, 1020 MB
[runlim] sample:		1359.35 time, 1360.02 real, 1026 MB
[runlim] sample:		1369.35 time, 1370.02 real, 1031 MB
[runlim] sample:		1379.34 time, 1380.02 real, 1038 MB
[runlim] sample:		1389.34 time, 1390.02 real, 1043 MB
[runlim] sample:		1399.35 time, 1400.02 real, 1049 MB
[runlim] sample:		1409.35 time, 1410.02 real, 1055 MB
[runlim] sample:		1419.35 time, 1420.02 real, 1059 MB
[runlim] sample:		1429.34 time, 1430.02 real, 1063 MB
[runlim] sample:		1439.34 time, 1440.02 real, 1066 MB
[runlim] sample:		1449.34 time, 1450.02 real, 1069 MB
[runlim] sample:		1459.34 time, 1460.02 real, 1073 MB
[runlim] sample:		1469.34 time, 1470.02 real, 1077 MB
[runlim] sample:		1479.34 time, 1480.02 real, 1082 MB
[runlim] sample:		1489.33 time, 1490.02 real, 1086 MB
[runlim] sample:		1499.34 time, 1500.02 real, 1089 MB
[runlim] sample:		1509.34 time, 1510.02 real, 1093 MB
[runlim] sample:		1519.33 time, 1520.02 real, 1096 MB
[runlim] sample:		1529.33 time, 1530.02 real, 1100 MB
[runlim] sample:		1539.33 time, 1540.01 real, 1105 MB
[runlim] sample:		1549.33 time, 1550.02 real, 1108 MB
[runlim] sample:		1559.33 time, 1560.02 real, 1111 MB
[runlim] sample:		1569.33 time, 1570.01 real, 1114 MB
[runlim] sample:		1579.33 time, 1580.01 real, 1118 MB
[runlim] sample:		1589.33 time, 1590.02 real, 1122 MB
[runlim] sample:		1599.33 time, 1600.02 real, 1127 MB
[runlim] sample:		1609.33 time, 1610.02 real, 1133 MB
[runlim] sample:		1619.32 time, 1620.02 real, 1138 MB
[runlim] sample:		1629.32 time, 1630.02 real, 1141 MB
[runlim] sample:		1639.33 time, 1640.02 real, 1145 MB
[runlim] sample:		1649.32 time, 1650.01 real, 1149 MB
[runlim] sample:		1659.32 time, 1660.02 real, 1153 MB
[runlim] sample:		1669.33 time, 1670.01 real, 1156 MB
[runlim] sample:		1679.32 time, 1680.02 real, 1160 MB
[runlim] sample:		1689.32 time, 1690.02 real, 1163 MB
[runlim] sample:		1699.32 time, 1700.01 real, 1166 MB
[runlim] sample:		1709.32 time, 1710.02 real, 1169 MB
[runlim] sample:		1719.32 time, 1720.02 real, 1172 MB
[runlim] sample:		1729.31 time, 1730.02 real, 1176 MB
[runlim] sample:		1739.32 time, 1740.01 real, 1179 MB
[runlim] sample:		1749.32 time, 1750.02 real, 1181 MB
[runlim] sample:		1759.31 time, 1760.02 real, 1184 MB
[runlim] sample:		1769.31 time, 1770.02 real, 1189 MB
[runlim] sample:		1779.31 time, 1780.02 real, 1194 MB
[runlim] sample:		1789.31 time, 1790.02 real, 1199 MB
[runlim] sample:		1799.31 time, 1800.02 real, 1204 MB
[runlim] sample:		1809.31 time, 1810.02 real, 1209 MB
[runlim] sample:		1819.30 time, 1820.02 real, 1214 MB
[runlim] sample:		1829.31 time, 1830.02 real, 1218 MB
[runlim] sample:		1839.30 time, 1840.02 real, 1225 MB
[runlim] sample:		1849.31 time, 1850.02 real, 1230 MB
[runlim] sample:		1859.31 time, 1860.02 real, 1235 MB
[runlim] sample:		1869.30 time, 1870.02 real, 1239 MB
[runlim] sample:		1879.30 time, 1880.02 real, 1244 MB
[runlim] sample:		1889.30 time, 1890.02 real, 1247 MB
[runlim] sample:		1899.30 time, 1900.02 real, 1252 MB
[runlim] sample:		1909.30 time, 1910.02 real, 1257 MB
[runlim] sample:		1919.30 time, 1920.02 real, 1261 MB
[runlim] sample:		1929.30 time, 1930.02 real, 1264 MB
[runlim] sample:		1939.30 time, 1940.02 real, 1271 MB
[runlim] sample:		1949.30 time, 1950.02 real, 1276 MB
[runlim] sample:		1959.30 time, 1960.02 real, 1281 MB
[runlim] sample:		1969.29 time, 1970.02 real, 1285 MB
[runlim] sample:		1979.30 time, 1980.02 real, 1289 MB
[runlim] sample:		1989.29 time, 1990.02 real, 1292 MB
[runlim] sample:		1999.29 time, 2000.02 real, 1298 MB
[runlim] sample:		2009.29 time, 2010.01 real, 1301 MB
[runlim] sample:		2019.29 time, 2020.02 real, 1304 MB
[runlim] sample:		2029.29 time, 2030.02 real, 1308 MB
[runlim] sample:		2039.29 time, 2040.02 real, 1313 MB
[runlim] sample:		2049.29 time, 2050.02 real, 1317 MB
[runlim] sample:		2059.28 time, 2060.02 real, 1324 MB
[runlim] sample:		2069.29 time, 2070.02 real, 1329 MB
[runlim] sample:		2079.29 time, 2080.02 real, 1333 MB
[runlim] sample:		2089.29 time, 2090.02 real, 1338 MB
[runlim] sample:		2099.29 time, 2100.02 real, 1342 MB
[runlim] sample:		2109.28 time, 2110.02 real, 1345 MB
[runlim] sample:		2119.28 time, 2120.02 real, 1350 MB
[runlim] sample:		2129.28 time, 2130.02 real, 1355 MB
[runlim] sample:		2139.28 time, 2140.02 real, 1359 MB
[runlim] sample:		2149.28 time, 2150.02 real, 1362 MB
[runlim] sample:		2159.28 time, 2160.02 real, 1365 MB
[runlim] sample:		2169.28 time, 2170.02 real, 1368 MB
[runlim] sample:		2179.28 time, 2180.02 real, 1371 MB
[runlim] sample:		2189.28 time, 2190.02 real, 1373 MB
[runlim] sample:		2199.28 time, 2200.02 real, 1376 MB
[runlim] sample:		2209.28 time, 2210.02 real, 1378 MB
[runlim] sample:		2219.27 time, 2220.02 real, 1384 MB
[runlim] sample:		2229.27 time, 2230.02 real, 1387 MB
[runlim] sample:		2239.27 time, 2240.02 real, 1389 MB
[runlim] sample:		2249.28 time, 2250.02 real, 1393 MB
[runlim] sample:		2259.27 time, 2260.02 real, 1396 MB
[runlim] sample:		2269.27 time, 2270.02 real, 1401 MB
[runlim] sample:		2279.26 time, 2280.02 real, 1406 MB
[runlim] sample:		2289.27 time, 2290.02 real, 1410 MB
[runlim] sample:		2299.27 time, 2300.02 real, 1414 MB
[runlim] sample:		2309.27 time, 2310.02 real, 1417 MB
[runlim] sample:		2319.27 time, 2320.02 real, 1420 MB
[runlim] sample:		2329.26 time, 2330.02 real, 1425 MB
[runlim] sample:		2339.27 time, 2340.02 real, 1430 MB
[runlim] sample:		2349.26 time, 2350.02 real, 1437 MB
[runlim] sample:		2359.26 time, 2360.02 real, 1441 MB
[runlim] sample:		2369.26 time, 2370.02 real, 1445 MB
[runlim] sample:		2379.26 time, 2380.02 real, 1450 MB
[runlim] sample:		2389.26 time, 2390.02 real, 1455 MB
[runlim] sample:		2399.26 time, 2400.02 real, 1460 MB
[runlim] sample:		2409.26 time, 2410.02 real, 1464 MB
[runlim] sample:		2419.25 time, 2420.02 real, 1468 MB
[runlim] sample:		2429.25 time, 2430.02 real, 1472 MB
[runlim] sample:		2439.25 time, 2440.02 real, 1476 MB
[runlim] sample:		2449.26 time, 2450.02 real, 1479 MB
[runlim] sample:		2459.25 time, 2460.02 real, 1484 MB
[runlim] sample:		2469.25 time, 2470.02 real, 1489 MB
[runlim] sample:		2479.25 time, 2480.02 real, 1494 MB
[runlim] sample:		2489.25 time, 2490.02 real, 1497 MB
[runlim] sample:		2499.25 time, 2500.02 real, 1501 MB
[runlim] sample:		2509.25 time, 2510.02 real, 1506 MB
[runlim] sample:		2519.25 time, 2520.02 real, 1510 MB
[runlim] sample:		2529.24 time, 2530.02 real, 1515 MB
[runlim] sample:		2539.24 time, 2540.01 real, 1519 MB
[runlim] sample:		2549.24 time, 2550.02 real, 1522 MB
[runlim] sample:		2559.24 time, 2560.02 real, 1526 MB
[runlim] sample:		2569.25 time, 2570.02 real, 1529 MB
[runlim] sample:		2579.24 time, 2580.02 real, 1534 MB
[runlim] sample:		2589.24 time, 2590.02 real, 1537 MB
[runlim] sample:		2599.24 time, 2600.02 real, 1540 MB
[runlim] sample:		2609.24 time, 2610.01 real, 1544 MB
[runlim] sample:		2619.24 time, 2620.01 real, 1548 MB
[runlim] sample:		2629.24 time, 2630.01 real, 1552 MB
[runlim] sample:		2639.23 time, 2640.01 real, 1554 MB
[runlim] sample:		2649.24 time, 2650.01 real, 1557 MB
[runlim] sample:		2659.24 time, 2660.01 real, 1560 MB
[runlim] sample:		2669.23 time, 2670.01 real, 1563 MB
[runlim] sample:		2679.24 time, 2680.01 real, 1567 MB
[runlim] sample:		2689.23 time, 2690.01 real, 1570 MB
[runlim] sample:		2699.23 time, 2700.01 real, 1574 MB
[runlim] end:			Thu Feb 27 10:48:54 2020
[runlim] status:		out of time
[runlim] result:		2
[runlim] children:		1
[runlim] real:			2700.11 seconds
[runlim] time:			2699.23 seconds
[runlim] space:			1574 MB
[runlim] samples:		27000
