[runlim] version:		1.18
[runlim] host:			c3n16
[runlim] time limit:		2700 seconds
[runlim] real time limit:	2700 seconds
[runlim] space limit:		7000 MB
[runlim] argv[0]:		./binary
[runlim] argv[1]:		/data/cnf/ankit/Set1/s38584_3_238.qdimacs
[runlim] start:			Thu Feb 27 10:03:54 2020
[runlim] child:			10638
[runlim] sample:		9.98 time, 10.02 real, 93 MB
[runlim] sample:		19.98 time, 20.02 real, 179 MB
[runlim] sample:		29.99 time, 30.02 real, 262 MB
[runlim] sample:		39.99 time, 40.02 real, 262 MB
[runlim] sample:		49.99 time, 50.02 real, 347 MB
[runlim] sample:		59.98 time, 60.02 real, 353 MB
[runlim] sample:		69.99 time, 70.02 real, 362 MB
[runlim] sample:		79.98 time, 80.02 real, 457 MB
[runlim] sample:		89.98 time, 90.02 real, 546 MB
[runlim] sample:		99.98 time, 100.02 real, 467 MB
[runlim] sample:		109.98 time, 110.02 real, 557 MB
[runlim] sample:		119.98 time, 120.02 real, 636 MB
[runlim] sample:		129.98 time, 130.02 real, 721 MB
[runlim] sample:		139.98 time, 140.02 real, 639 MB
[runlim] sample:		149.98 time, 150.02 real, 721 MB
[runlim] sample:		159.98 time, 160.02 real, 806 MB
[runlim] sample:		169.98 time, 170.02 real, 896 MB
[runlim] sample:		179.98 time, 180.02 real, 970 MB
[runlim] sample:		189.98 time, 190.02 real, 794 MB
[runlim] sample:		199.98 time, 200.02 real, 862 MB
[runlim] sample:		209.98 time, 210.02 real, 938 MB
[runlim] sample:		219.98 time, 220.02 real, 1025 MB
[runlim] sample:		229.98 time, 230.02 real, 1114 MB
[runlim] sample:		239.98 time, 240.02 real, 1193 MB
[runlim] sample:		249.98 time, 250.02 real, 1020 MB
[runlim] sample:		259.98 time, 260.02 real, 1092 MB
[runlim] sample:		269.98 time, 270.02 real, 1168 MB
[runlim] sample:		279.98 time, 280.02 real, 1253 MB
[runlim] sample:		289.98 time, 290.02 real, 1329 MB
[runlim] sample:		299.98 time, 300.02 real, 1405 MB
[runlim] sample:		309.98 time, 310.02 real, 1487 MB
[runlim] sample:		319.98 time, 320.02 real, 1711 MB
[runlim] sample:		329.98 time, 330.02 real, 1265 MB
[runlim] sample:		339.98 time, 340.02 real, 1346 MB
[runlim] sample:		349.98 time, 350.02 real, 1426 MB
[runlim] sample:		359.97 time, 360.02 real, 1509 MB
[runlim] sample:		369.97 time, 370.02 real, 1579 MB
[runlim] sample:		379.98 time, 380.02 real, 1655 MB
[runlim] sample:		389.97 time, 390.02 real, 1732 MB
[runlim] sample:		399.98 time, 400.02 real, 1810 MB
[runlim] sample:		409.97 time, 410.02 real, 1896 MB
[runlim] sample:		419.98 time, 420.02 real, 1559 MB
[runlim] sample:		429.98 time, 430.02 real, 1632 MB
[runlim] sample:		439.97 time, 440.02 real, 1712 MB
[runlim] sample:		449.98 time, 450.02 real, 1792 MB
[runlim] sample:		459.97 time, 460.02 real, 1870 MB
[runlim] sample:		469.97 time, 470.02 real, 1953 MB
[runlim] sample:		479.98 time, 480.02 real, 2032 MB
[runlim] sample:		489.98 time, 490.02 real, 2119 MB
[runlim] sample:		499.98 time, 500.02 real, 2193 MB
[runlim] sample:		509.98 time, 510.02 real, 2266 MB
[runlim] sample:		519.98 time, 520.02 real, 2339 MB
[runlim] sample:		529.98 time, 530.02 real, 1911 MB
[runlim] sample:		539.98 time, 540.02 real, 1991 MB
[runlim] sample:		549.98 time, 550.02 real, 2071 MB
[runlim] sample:		559.98 time, 560.02 real, 2151 MB
[runlim] sample:		569.98 time, 570.02 real, 2216 MB
[runlim] sample:		579.98 time, 580.02 real, 2283 MB
[runlim] sample:		589.98 time, 590.02 real, 2347 MB
[runlim] sample:		599.98 time, 600.02 real, 2409 MB
[runlim] sample:		609.98 time, 610.02 real, 2484 MB
[runlim] sample:		619.97 time, 620.02 real, 2564 MB
[runlim] sample:		629.97 time, 630.02 real, 2646 MB
[runlim] sample:		639.98 time, 640.02 real, 2723 MB
[runlim] sample:		649.98 time, 650.02 real, 2799 MB
[runlim] sample:		659.98 time, 660.02 real, 2883 MB
[runlim] sample:		669.97 time, 670.02 real, 2370 MB
[runlim] sample:		679.97 time, 680.02 real, 2447 MB
[runlim] sample:		689.98 time, 690.02 real, 2533 MB
[runlim] sample:		699.98 time, 700.02 real, 2613 MB
[runlim] sample:		709.98 time, 710.02 real, 2694 MB
[runlim] sample:		719.98 time, 720.02 real, 2767 MB
[runlim] sample:		729.97 time, 730.02 real, 2838 MB
[runlim] sample:		739.98 time, 740.02 real, 2902 MB
[runlim] sample:		749.97 time, 750.02 real, 2978 MB
[runlim] sample:		759.97 time, 760.02 real, 3061 MB
[runlim] sample:		769.98 time, 770.02 real, 3138 MB
[runlim] sample:		779.98 time, 780.02 real, 3196 MB
[runlim] sample:		789.98 time, 790.02 real, 3275 MB
[runlim] sample:		799.97 time, 800.02 real, 3353 MB
[runlim] sample:		809.97 time, 810.02 real, 3432 MB
[runlim] sample:		819.98 time, 820.02 real, 3516 MB
[runlim] sample:		829.98 time, 830.02 real, 3598 MB
[runlim] sample:		839.98 time, 840.02 real, 5676 MB
[runlim] sample:		849.98 time, 850.02 real, 2975 MB
[runlim] sample:		859.97 time, 860.02 real, 3051 MB
[runlim] sample:		869.98 time, 870.02 real, 3119 MB
[runlim] sample:		879.98 time, 880.02 real, 3183 MB
[runlim] sample:		889.97 time, 890.02 real, 3248 MB
[runlim] sample:		899.97 time, 900.02 real, 3303 MB
[runlim] sample:		909.97 time, 910.02 real, 3366 MB
[runlim] sample:		919.97 time, 920.02 real, 3436 MB
[runlim] sample:		929.97 time, 930.02 real, 3502 MB
[runlim] sample:		939.98 time, 940.02 real, 3569 MB
[runlim] sample:		949.97 time, 950.02 real, 3640 MB
[runlim] sample:		959.98 time, 960.02 real, 3711 MB
[runlim] sample:		969.97 time, 970.02 real, 3781 MB
[runlim] sample:		979.97 time, 980.02 real, 3854 MB
[runlim] sample:		989.97 time, 990.02 real, 3917 MB
[runlim] sample:		999.97 time, 1000.02 real, 3974 MB
[runlim] sample:		1009.97 time, 1010.02 real, 4028 MB
[runlim] sample:		1019.98 time, 1020.02 real, 4081 MB
[runlim] sample:		1029.98 time, 1030.02 real, 4128 MB
ERROR: memory manager can't handle the load size: 1073741270 needed: 1258 newcapacity: 1073741823
ERROR: exception thrown past FFI boundary
[runlim] end:			Thu Feb 27 10:21:11 2020
[runlim] status:		ok
[runlim] result:		0
[runlim] children:		1
[runlim] real:			1036.17 seconds
[runlim] time:			1036.07 seconds
[runlim] space:			6435 MB
[runlim] samples:		10361
