[runlim] version:		1.18
[runlim] host:			c3n16
[runlim] time limit:		2700 seconds
[runlim] real time limit:	2700 seconds
[runlim] space limit:		7000 MB
[runlim] argv[0]:		./binary
[runlim] argv[1]:		/data/cnf/ankit/Set1/s5378_1_0.qdimacs
[runlim] start:			Thu Feb 27 10:03:54 2020
[runlim] child:			10623
[runlim] sample:		9.99 time, 10.02 real, 92 MB
[runlim] sample:		19.99 time, 20.02 real, 123 MB
[runlim] sample:		30.00 time, 30.02 real, 191 MB
[runlim] sample:		39.99 time, 40.02 real, 213 MB
[runlim] sample:		49.99 time, 50.02 real, 277 MB
[runlim] sample:		59.99 time, 60.02 real, 251 MB
[runlim] sample:		69.99 time, 70.02 real, 310 MB
[runlim] sample:		79.99 time, 80.02 real, 371 MB
[runlim] sample:		90.00 time, 90.02 real, 349 MB
[runlim] sample:		99.99 time, 100.02 real, 522 MB
[runlim] sample:		109.99 time, 110.02 real, 404 MB
[runlim] sample:		119.99 time, 120.02 real, 398 MB
[runlim] sample:		129.99 time, 130.02 real, 400 MB
[runlim] sample:		139.99 time, 140.02 real, 498 MB
[runlim] sample:		149.99 time, 150.02 real, 488 MB
[runlim] sample:		159.99 time, 160.02 real, 478 MB
[runlim] sample:		169.99 time, 170.02 real, 496 MB
[runlim] sample:		179.99 time, 180.02 real, 481 MB
[runlim] sample:		189.99 time, 190.02 real, 460 MB
[runlim] sample:		200.00 time, 200.02 real, 456 MB
[runlim] sample:		209.99 time, 210.02 real, 417 MB
[runlim] sample:		219.99 time, 220.02 real, 440 MB
[runlim] sample:		229.99 time, 230.02 real, 539 MB
[runlim] sample:		239.99 time, 240.02 real, 541 MB
[runlim] end:			Thu Feb 27 10:08:02 2020
[runlim] status:		ok
[runlim] result:		0
[runlim] children:		1
[runlim] real:			247.70 seconds
[runlim] time:			247.59 seconds
[runlim] space:			905 MB
[runlim] samples:		2476
