[runlim] version:		1.18
[runlim] host:			c3n16
[runlim] time limit:		2700 seconds
[runlim] real time limit:	2700 seconds
[runlim] space limit:		7000 MB
[runlim] argv[0]:		./binary
[runlim] argv[1]:		/data/cnf/ankit/Set1/sortnetsort9.v.stepl.005.qdimacs
[runlim] start:			Thu Feb 27 10:03:54 2020
[runlim] child:			10650
[runlim] sample:		10.00 time, 10.02 real, 30 MB
[runlim] sample:		19.99 time, 20.02 real, 45 MB
[runlim] sample:		30.00 time, 30.02 real, 45 MB
[runlim] sample:		39.99 time, 40.02 real, 45 MB
[runlim] sample:		50.00 time, 50.02 real, 46 MB
[runlim] sample:		60.00 time, 60.02 real, 60 MB
[runlim] sample:		70.00 time, 70.02 real, 59 MB
[runlim] end:			Thu Feb 27 10:05:09 2020
[runlim] status:		ok
[runlim] result:		0
[runlim] children:		1
[runlim] real:			74.96 seconds
[runlim] time:			74.90 seconds
[runlim] space:			61 MB
[runlim] samples:		749
