[runlim] version:		1.18
[runlim] host:			c3n17
[runlim] time limit:		2700 seconds
[runlim] real time limit:	2700 seconds
[runlim] space limit:		7000 MB
[runlim] argv[0]:		./binary
[runlim] argv[1]:		/data/cnf/ankit/Set1/stmt41_118_131.qdimacs
[runlim] start:			Thu Feb 27 10:03:55 2020
[runlim] child:			6775
[runlim] sample:		10.00 time, 10.02 real, 31 MB
[runlim] sample:		20.00 time, 20.02 real, 56 MB
[runlim] sample:		30.00 time, 30.02 real, 64 MB
[runlim] sample:		39.99 time, 40.02 real, 85 MB
[runlim] sample:		50.00 time, 50.02 real, 107 MB
[runlim] sample:		59.99 time, 60.02 real, 127 MB
[runlim] sample:		69.99 time, 70.02 real, 146 MB
[runlim] sample:		79.99 time, 80.02 real, 164 MB
[runlim] sample:		89.99 time, 90.02 real, 150 MB
[runlim] sample:		99.99 time, 100.02 real, 166 MB
[runlim] sample:		109.99 time, 110.02 real, 180 MB
[runlim] sample:		119.99 time, 120.02 real, 194 MB
[runlim] sample:		129.99 time, 130.02 real, 211 MB
[runlim] sample:		139.99 time, 140.02 real, 223 MB
[runlim] sample:		149.99 time, 150.02 real, 237 MB
[runlim] sample:		159.99 time, 160.02 real, 252 MB
[runlim] sample:		169.99 time, 170.02 real, 265 MB
[runlim] sample:		180.00 time, 180.02 real, 278 MB
[runlim] sample:		189.99 time, 190.02 real, 292 MB
[runlim] sample:		200.00 time, 200.02 real, 304 MB
[runlim] sample:		209.99 time, 210.02 real, 313 MB
[runlim] sample:		219.99 time, 220.02 real, 325 MB
[runlim] sample:		229.99 time, 230.02 real, 338 MB
[runlim] sample:		239.99 time, 240.02 real, 350 MB
[runlim] sample:		249.99 time, 250.02 real, 363 MB
[runlim] sample:		259.99 time, 260.02 real, 371 MB
[runlim] sample:		269.99 time, 270.02 real, 380 MB
[runlim] sample:		279.99 time, 280.02 real, 390 MB
[runlim] sample:		289.99 time, 290.02 real, 402 MB
[runlim] sample:		299.99 time, 300.02 real, 413 MB
[runlim] sample:		309.99 time, 310.02 real, 342 MB
[runlim] sample:		319.99 time, 320.02 real, 356 MB
[runlim] sample:		329.99 time, 330.02 real, 364 MB
[runlim] sample:		339.99 time, 340.02 real, 373 MB
[runlim] sample:		349.99 time, 350.02 real, 383 MB
[runlim] sample:		359.99 time, 360.02 real, 391 MB
[runlim] sample:		369.99 time, 370.02 real, 398 MB
[runlim] sample:		379.99 time, 380.02 real, 407 MB
[runlim] sample:		389.99 time, 390.02 real, 416 MB
[runlim] sample:		399.99 time, 400.02 real, 426 MB
[runlim] sample:		409.99 time, 410.02 real, 436 MB
[runlim] sample:		419.99 time, 420.02 real, 446 MB
[runlim] sample:		429.99 time, 430.02 real, 453 MB
[runlim] sample:		439.99 time, 440.02 real, 464 MB
[runlim] sample:		449.99 time, 450.02 real, 475 MB
[runlim] sample:		459.99 time, 460.02 real, 489 MB
[runlim] sample:		469.98 time, 470.02 real, 498 MB
[runlim] sample:		479.98 time, 480.02 real, 508 MB
[runlim] sample:		489.99 time, 490.02 real, 513 MB
[runlim] sample:		499.98 time, 500.02 real, 518 MB
[runlim] sample:		509.98 time, 510.02 real, 525 MB
[runlim] sample:		519.98 time, 520.02 real, 534 MB
[runlim] sample:		529.99 time, 530.02 real, 540 MB
[runlim] sample:		539.98 time, 540.02 real, 543 MB
[runlim] sample:		549.98 time, 550.02 real, 546 MB
[runlim] sample:		559.98 time, 560.02 real, 549 MB
[runlim] sample:		569.98 time, 570.02 real, 551 MB
[runlim] sample:		579.98 time, 580.02 real, 554 MB
[runlim] sample:		589.98 time, 590.02 real, 556 MB
[runlim] sample:		599.98 time, 600.02 real, 563 MB
[runlim] sample:		609.98 time, 610.02 real, 572 MB
[runlim] sample:		619.98 time, 620.02 real, 586 MB
[runlim] sample:		629.98 time, 630.02 real, 591 MB
[runlim] sample:		639.98 time, 640.02 real, 598 MB
[runlim] sample:		649.98 time, 650.02 real, 604 MB
[runlim] sample:		659.98 time, 660.02 real, 611 MB
[runlim] sample:		669.98 time, 670.02 real, 620 MB
[runlim] sample:		679.98 time, 680.02 real, 627 MB
[runlim] sample:		689.98 time, 690.02 real, 635 MB
[runlim] sample:		699.98 time, 700.02 real, 641 MB
[runlim] sample:		709.98 time, 710.02 real, 648 MB
[runlim] sample:		719.98 time, 720.02 real, 658 MB
[runlim] sample:		729.98 time, 730.02 real, 665 MB
[runlim] sample:		739.98 time, 740.02 real, 670 MB
[runlim] sample:		749.98 time, 750.02 real, 676 MB
[runlim] sample:		759.98 time, 760.02 real, 683 MB
[runlim] sample:		769.98 time, 770.02 real, 692 MB
[runlim] sample:		779.98 time, 780.02 real, 699 MB
[runlim] sample:		789.97 time, 790.02 real, 706 MB
[runlim] sample:		799.98 time, 800.02 real, 711 MB
[runlim] sample:		809.98 time, 810.02 real, 712 MB
[runlim] sample:		819.97 time, 820.02 real, 716 MB
[runlim] sample:		829.98 time, 830.02 real, 724 MB
[runlim] sample:		839.98 time, 840.02 real, 726 MB
[runlim] sample:		849.97 time, 850.02 real, 732 MB
[runlim] sample:		859.98 time, 860.02 real, 735 MB
[runlim] sample:		869.98 time, 870.02 real, 739 MB
[runlim] sample:		879.98 time, 880.02 real, 743 MB
[runlim] sample:		889.98 time, 890.02 real, 748 MB
[runlim] sample:		899.97 time, 900.02 real, 753 MB
[runlim] sample:		909.97 time, 910.02 real, 757 MB
[runlim] sample:		919.98 time, 920.02 real, 762 MB
[runlim] sample:		929.97 time, 930.02 real, 767 MB
[runlim] sample:		939.97 time, 940.02 real, 772 MB
[runlim] sample:		949.98 time, 950.02 real, 779 MB
[runlim] sample:		959.97 time, 960.02 real, 785 MB
[runlim] sample:		969.98 time, 970.02 real, 789 MB
[runlim] sample:		979.98 time, 980.02 real, 793 MB
[runlim] sample:		989.97 time, 990.02 real, 797 MB
[runlim] sample:		999.97 time, 1000.02 real, 801 MB
[runlim] sample:		1009.98 time, 1010.02 real, 806 MB
[runlim] sample:		1019.97 time, 1020.02 real, 814 MB
[runlim] sample:		1029.97 time, 1030.02 real, 821 MB
[runlim] sample:		1039.97 time, 1040.02 real, 829 MB
[runlim] sample:		1049.97 time, 1050.02 real, 831 MB
[runlim] sample:		1059.97 time, 1060.02 real, 835 MB
[runlim] sample:		1069.97 time, 1070.02 real, 841 MB
[runlim] sample:		1079.97 time, 1080.02 real, 848 MB
[runlim] sample:		1089.97 time, 1090.02 real, 854 MB
[runlim] sample:		1099.97 time, 1100.02 real, 864 MB
[runlim] sample:		1109.97 time, 1110.02 real, 874 MB
[runlim] sample:		1119.97 time, 1120.02 real, 880 MB
[runlim] sample:		1129.97 time, 1130.02 real, 888 MB
[runlim] sample:		1139.97 time, 1140.02 real, 892 MB
[runlim] sample:		1149.97 time, 1150.02 real, 893 MB
[runlim] sample:		1159.97 time, 1160.02 real, 896 MB
[runlim] sample:		1169.96 time, 1170.02 real, 899 MB
[runlim] sample:		1179.96 time, 1180.02 real, 903 MB
[runlim] sample:		1189.97 time, 1190.02 real, 907 MB
[runlim] sample:		1199.97 time, 1200.02 real, 912 MB
[runlim] sample:		1209.96 time, 1210.02 real, 917 MB
[runlim] sample:		1219.97 time, 1220.02 real, 920 MB
[runlim] sample:		1229.96 time, 1230.02 real, 926 MB
[runlim] sample:		1239.96 time, 1240.02 real, 930 MB
[runlim] sample:		1249.96 time, 1250.02 real, 933 MB
[runlim] sample:		1259.97 time, 1260.02 real, 937 MB
[runlim] sample:		1269.97 time, 1270.02 real, 942 MB
[runlim] sample:		1279.97 time, 1280.02 real, 948 MB
[runlim] sample:		1289.97 time, 1290.02 real, 954 MB
[runlim] sample:		1299.97 time, 1300.02 real, 957 MB
[runlim] sample:		1309.96 time, 1310.02 real, 961 MB
[runlim] sample:		1319.96 time, 1320.02 real, 968 MB
[runlim] sample:		1329.96 time, 1330.02 real, 973 MB
[runlim] sample:		1339.96 time, 1340.02 real, 980 MB
[runlim] sample:		1349.96 time, 1350.02 real, 984 MB
[runlim] sample:		1359.96 time, 1360.02 real, 801 MB
[runlim] sample:		1369.96 time, 1370.02 real, 808 MB
[runlim] sample:		1379.97 time, 1380.02 real, 810 MB
[runlim] sample:		1389.96 time, 1390.02 real, 816 MB
[runlim] sample:		1399.96 time, 1400.02 real, 824 MB
[runlim] sample:		1409.96 time, 1410.02 real, 828 MB
[runlim] sample:		1419.96 time, 1420.02 real, 830 MB
[runlim] sample:		1429.96 time, 1430.02 real, 833 MB
[runlim] sample:		1439.96 time, 1440.02 real, 836 MB
[runlim] sample:		1449.96 time, 1450.02 real, 839 MB
[runlim] sample:		1459.97 time, 1460.02 real, 842 MB
[runlim] sample:		1469.96 time, 1470.02 real, 848 MB
[runlim] sample:		1479.96 time, 1480.02 real, 851 MB
[runlim] sample:		1489.96 time, 1490.02 real, 853 MB
[runlim] sample:		1499.96 time, 1500.02 real, 855 MB
[runlim] sample:		1509.96 time, 1510.02 real, 857 MB
[runlim] sample:		1519.96 time, 1520.02 real, 859 MB
[runlim] sample:		1529.96 time, 1530.02 real, 862 MB
[runlim] sample:		1539.96 time, 1540.02 real, 864 MB
[runlim] sample:		1549.96 time, 1550.02 real, 869 MB
[runlim] sample:		1559.96 time, 1560.02 real, 876 MB
[runlim] sample:		1569.95 time, 1570.02 real, 880 MB
[runlim] sample:		1579.96 time, 1580.02 real, 886 MB
[runlim] sample:		1589.95 time, 1590.02 real, 889 MB
[runlim] sample:		1599.96 time, 1600.02 real, 891 MB
[runlim] sample:		1609.95 time, 1610.02 real, 897 MB
[runlim] sample:		1619.95 time, 1620.02 real, 904 MB
[runlim] sample:		1629.96 time, 1630.02 real, 908 MB
[runlim] sample:		1639.96 time, 1640.02 real, 910 MB
[runlim] sample:		1649.96 time, 1650.02 real, 914 MB
[runlim] sample:		1659.96 time, 1660.02 real, 919 MB
[runlim] sample:		1669.96 time, 1670.02 real, 926 MB
[runlim] sample:		1679.96 time, 1680.02 real, 932 MB
[runlim] sample:		1689.95 time, 1690.02 real, 939 MB
[runlim] sample:		1699.96 time, 1700.02 real, 947 MB
[runlim] sample:		1709.96 time, 1710.02 real, 950 MB
[runlim] sample:		1719.96 time, 1720.02 real, 953 MB
[runlim] sample:		1729.95 time, 1730.02 real, 955 MB
[runlim] sample:		1739.96 time, 1740.02 real, 957 MB
[runlim] sample:		1749.95 time, 1750.02 real, 958 MB
[runlim] sample:		1759.96 time, 1760.02 real, 961 MB
[runlim] sample:		1769.96 time, 1770.02 real, 966 MB
[runlim] sample:		1779.95 time, 1780.02 real, 971 MB
[runlim] sample:		1789.96 time, 1790.02 real, 975 MB
[runlim] sample:		1799.95 time, 1800.02 real, 977 MB
[runlim] sample:		1809.95 time, 1810.02 real, 980 MB
[runlim] sample:		1819.95 time, 1820.02 real, 985 MB
[runlim] sample:		1829.95 time, 1830.02 real, 987 MB
[runlim] sample:		1839.95 time, 1840.02 real, 988 MB
[runlim] sample:		1849.95 time, 1850.02 real, 990 MB
[runlim] sample:		1859.95 time, 1860.02 real, 995 MB
[runlim] sample:		1869.96 time, 1870.02 real, 1001 MB
[runlim] sample:		1879.95 time, 1880.02 real, 1005 MB
[runlim] sample:		1889.95 time, 1890.02 real, 1009 MB
[runlim] sample:		1899.96 time, 1900.02 real, 1014 MB
[runlim] sample:		1909.95 time, 1910.02 real, 1018 MB
[runlim] sample:		1919.95 time, 1920.02 real, 1023 MB
[runlim] sample:		1929.95 time, 1930.02 real, 1029 MB
[runlim] sample:		1939.95 time, 1940.02 real, 1032 MB
[runlim] sample:		1949.95 time, 1950.02 real, 1036 MB
[runlim] sample:		1959.95 time, 1960.02 real, 1039 MB
[runlim] sample:		1969.95 time, 1970.02 real, 1041 MB
[runlim] sample:		1979.95 time, 1980.02 real, 1042 MB
[runlim] sample:		1989.94 time, 1990.02 real, 1043 MB
[runlim] sample:		1999.95 time, 2000.02 real, 1044 MB
[runlim] sample:		2009.95 time, 2010.02 real, 1045 MB
[runlim] sample:		2019.95 time, 2020.02 real, 1047 MB
[runlim] sample:		2029.95 time, 2030.02 real, 1052 MB
[runlim] sample:		2039.95 time, 2040.02 real, 1059 MB
[runlim] sample:		2049.95 time, 2050.02 real, 1066 MB
[runlim] sample:		2059.95 time, 2060.02 real, 1071 MB
[runlim] sample:		2069.94 time, 2070.02 real, 1073 MB
[runlim] sample:		2079.95 time, 2080.02 real, 1077 MB
[runlim] sample:		2089.95 time, 2090.02 real, 1084 MB
[runlim] sample:		2099.95 time, 2100.02 real, 1087 MB
[runlim] sample:		2109.94 time, 2110.02 real, 1089 MB
[runlim] sample:		2119.94 time, 2120.02 real, 1091 MB
[runlim] sample:		2129.95 time, 2130.02 real, 1093 MB
[runlim] sample:		2139.95 time, 2140.02 real, 1096 MB
[runlim] sample:		2149.95 time, 2150.02 real, 1097 MB
[runlim] sample:		2159.94 time, 2160.02 real, 1100 MB
[runlim] sample:		2169.94 time, 2170.02 real, 1102 MB
[runlim] sample:		2179.95 time, 2180.02 real, 1104 MB
[runlim] sample:		2189.95 time, 2190.02 real, 1106 MB
[runlim] sample:		2199.94 time, 2200.02 real, 1109 MB
[runlim] sample:		2209.95 time, 2210.02 real, 1111 MB
[runlim] sample:		2219.94 time, 2220.02 real, 1113 MB
[runlim] sample:		2229.94 time, 2230.02 real, 1116 MB
[runlim] sample:		2239.95 time, 2240.02 real, 1119 MB
[runlim] sample:		2249.94 time, 2250.02 real, 1122 MB
[runlim] sample:		2259.94 time, 2260.02 real, 1125 MB
[runlim] sample:		2269.94 time, 2270.02 real, 1129 MB
[runlim] sample:		2279.95 time, 2280.02 real, 1131 MB
[runlim] sample:		2289.94 time, 2290.02 real, 1132 MB
[runlim] sample:		2299.94 time, 2300.02 real, 1134 MB
[runlim] sample:		2309.94 time, 2310.02 real, 1135 MB
[runlim] sample:		2319.95 time, 2320.02 real, 1136 MB
[runlim] sample:		2329.94 time, 2330.02 real, 1138 MB
[runlim] sample:		2339.94 time, 2340.02 real, 1139 MB
[runlim] sample:		2349.94 time, 2350.02 real, 1141 MB
[runlim] sample:		2359.94 time, 2360.02 real, 1143 MB
[runlim] sample:		2369.94 time, 2370.02 real, 1144 MB
[runlim] sample:		2379.94 time, 2380.02 real, 1145 MB
[runlim] sample:		2389.94 time, 2390.02 real, 1147 MB
[runlim] sample:		2399.94 time, 2400.02 real, 1149 MB
[runlim] sample:		2409.93 time, 2410.02 real, 1152 MB
[runlim] sample:		2419.93 time, 2420.02 real, 1154 MB
[runlim] sample:		2429.94 time, 2430.02 real, 1157 MB
[runlim] sample:		2439.93 time, 2440.02 real, 1159 MB
[runlim] sample:		2449.93 time, 2450.02 real, 1161 MB
[runlim] sample:		2459.93 time, 2460.02 real, 1165 MB
[runlim] sample:		2469.94 time, 2470.02 real, 1168 MB
[runlim] sample:		2479.93 time, 2480.02 real, 1171 MB
[runlim] sample:		2489.94 time, 2490.02 real, 1174 MB
[runlim] sample:		2499.93 time, 2500.02 real, 1177 MB
[runlim] sample:		2509.93 time, 2510.02 real, 1181 MB
[runlim] sample:		2519.93 time, 2520.02 real, 1183 MB
[runlim] sample:		2529.94 time, 2530.02 real, 1186 MB
[runlim] sample:		2539.94 time, 2540.02 real, 1189 MB
[runlim] sample:		2549.94 time, 2550.02 real, 1191 MB
[runlim] sample:		2559.94 time, 2560.02 real, 1194 MB
[runlim] sample:		2569.94 time, 2570.02 real, 1197 MB
[runlim] sample:		2579.94 time, 2580.02 real, 1199 MB
[runlim] sample:		2589.94 time, 2590.02 real, 1202 MB
[runlim] sample:		2599.93 time, 2600.02 real, 1205 MB
[runlim] sample:		2609.94 time, 2610.02 real, 1210 MB
[runlim] sample:		2619.93 time, 2620.02 real, 1214 MB
[runlim] sample:		2629.94 time, 2630.02 real, 1217 MB
[runlim] sample:		2639.93 time, 2640.02 real, 1218 MB
[runlim] sample:		2649.93 time, 2650.02 real, 1221 MB
[runlim] sample:		2659.93 time, 2660.02 real, 1226 MB
[runlim] sample:		2669.93 time, 2670.02 real, 1231 MB
[runlim] sample:		2679.93 time, 2680.02 real, 1239 MB
[runlim] sample:		2689.93 time, 2690.02 real, 1245 MB
[runlim] sample:		2699.93 time, 2700.02 real, 1251 MB
[runlim] end:			Thu Feb 27 10:48:55 2020
[runlim] status:		out of time
[runlim] result:		2
[runlim] children:		1
[runlim] real:			2700.12 seconds
[runlim] time:			2699.93 seconds
[runlim] space:			1672 MB
[runlim] samples:		27000
