[runlim] version:		1.18
[runlim] host:			c3n14
[runlim] time limit:		2700 seconds
[runlim] real time limit:	2700 seconds
[runlim] space limit:		7000 MB
[runlim] argv[0]:		./binary
[runlim] argv[1]:		/data/cnf/ankit/Set1/stmt137_542_543.qdimacs
[runlim] start:			Thu Feb 27 10:03:55 2020
[runlim] child:			9827
[runlim] sample:		9.93 time, 10.02 real, 20 MB
[runlim] sample:		19.93 time, 20.02 real, 30 MB
[runlim] sample:		29.93 time, 30.02 real, 41 MB
[runlim] sample:		39.93 time, 40.02 real, 49 MB
[runlim] sample:		49.93 time, 50.02 real, 59 MB
[runlim] sample:		59.92 time, 60.02 real, 67 MB
[runlim] sample:		69.93 time, 70.02 real, 75 MB
[runlim] sample:		79.93 time, 80.02 real, 82 MB
[runlim] sample:		89.92 time, 90.02 real, 88 MB
[runlim] sample:		99.93 time, 100.02 real, 95 MB
[runlim] sample:		109.92 time, 110.02 real, 103 MB
[runlim] sample:		119.93 time, 120.02 real, 108 MB
[runlim] sample:		129.93 time, 130.02 real, 115 MB
[runlim] sample:		139.93 time, 140.02 real, 122 MB
[runlim] sample:		149.92 time, 150.02 real, 129 MB
[runlim] sample:		159.92 time, 160.02 real, 137 MB
[runlim] sample:		169.93 time, 170.02 real, 142 MB
[runlim] sample:		179.92 time, 180.02 real, 149 MB
[runlim] sample:		189.92 time, 190.02 real, 155 MB
[runlim] sample:		199.93 time, 200.02 real, 161 MB
[runlim] sample:		209.93 time, 210.02 real, 167 MB
[runlim] sample:		219.92 time, 220.02 real, 173 MB
[runlim] sample:		229.93 time, 230.02 real, 178 MB
[runlim] sample:		239.93 time, 240.02 real, 183 MB
[runlim] sample:		249.92 time, 250.02 real, 189 MB
[runlim] sample:		259.93 time, 260.02 real, 194 MB
[runlim] sample:		269.92 time, 270.02 real, 201 MB
[runlim] sample:		279.92 time, 280.02 real, 207 MB
[runlim] sample:		289.93 time, 290.02 real, 211 MB
[runlim] sample:		299.93 time, 300.02 real, 217 MB
[runlim] sample:		309.93 time, 310.02 real, 221 MB
[runlim] sample:		319.93 time, 320.02 real, 226 MB
[runlim] sample:		329.92 time, 330.02 real, 231 MB
[runlim] sample:		339.93 time, 340.02 real, 237 MB
[runlim] sample:		349.92 time, 350.02 real, 241 MB
[runlim] sample:		359.92 time, 360.02 real, 246 MB
[runlim] sample:		369.92 time, 370.02 real, 250 MB
[runlim] sample:		379.93 time, 380.02 real, 254 MB
[runlim] sample:		389.92 time, 390.02 real, 259 MB
[runlim] sample:		399.92 time, 400.02 real, 263 MB
[runlim] sample:		409.92 time, 410.02 real, 267 MB
[runlim] sample:		419.93 time, 420.02 real, 272 MB
[runlim] sample:		429.92 time, 430.02 real, 275 MB
[runlim] sample:		439.92 time, 440.02 real, 279 MB
[runlim] sample:		449.92 time, 450.02 real, 283 MB
[runlim] sample:		459.92 time, 460.02 real, 288 MB
[runlim] sample:		469.92 time, 470.02 real, 292 MB
[runlim] sample:		479.92 time, 480.02 real, 296 MB
[runlim] sample:		489.92 time, 490.02 real, 300 MB
[runlim] sample:		499.92 time, 500.02 real, 304 MB
[runlim] sample:		509.92 time, 510.02 real, 307 MB
[runlim] sample:		519.92 time, 520.02 real, 310 MB
[runlim] sample:		529.92 time, 530.02 real, 313 MB
[runlim] sample:		539.92 time, 540.02 real, 316 MB
[runlim] sample:		549.92 time, 550.02 real, 320 MB
[runlim] sample:		559.92 time, 560.02 real, 323 MB
[runlim] sample:		569.92 time, 570.02 real, 327 MB
[runlim] sample:		579.92 time, 580.02 real, 331 MB
[runlim] sample:		589.92 time, 590.02 real, 336 MB
[runlim] sample:		599.92 time, 600.02 real, 340 MB
[runlim] sample:		609.92 time, 610.02 real, 343 MB
[runlim] sample:		619.92 time, 620.02 real, 346 MB
[runlim] sample:		629.92 time, 630.02 real, 349 MB
[runlim] sample:		639.92 time, 640.02 real, 352 MB
[runlim] sample:		649.92 time, 650.02 real, 355 MB
[runlim] sample:		659.92 time, 660.02 real, 359 MB
[runlim] sample:		669.92 time, 670.02 real, 362 MB
[runlim] sample:		679.92 time, 680.02 real, 366 MB
[runlim] sample:		689.92 time, 690.02 real, 369 MB
[runlim] sample:		699.91 time, 700.02 real, 371 MB
[runlim] sample:		709.92 time, 710.02 real, 374 MB
[runlim] sample:		719.92 time, 720.02 real, 378 MB
[runlim] sample:		729.92 time, 730.02 real, 382 MB
[runlim] sample:		739.92 time, 740.02 real, 384 MB
[runlim] sample:		749.92 time, 750.02 real, 387 MB
[runlim] sample:		759.92 time, 760.02 real, 390 MB
[runlim] sample:		769.91 time, 770.02 real, 394 MB
[runlim] sample:		779.92 time, 780.02 real, 397 MB
[runlim] sample:		789.92 time, 790.02 real, 400 MB
[runlim] sample:		799.92 time, 800.02 real, 403 MB
[runlim] sample:		809.92 time, 810.02 real, 406 MB
[runlim] sample:		819.91 time, 820.02 real, 410 MB
[runlim] sample:		829.92 time, 830.02 real, 412 MB
[runlim] sample:		839.91 time, 840.02 real, 416 MB
[runlim] sample:		849.91 time, 850.02 real, 419 MB
[runlim] sample:		859.91 time, 860.02 real, 421 MB
[runlim] sample:		869.92 time, 870.02 real, 424 MB
[runlim] sample:		879.92 time, 880.02 real, 427 MB
[runlim] sample:		889.92 time, 890.02 real, 430 MB
[runlim] sample:		899.92 time, 900.02 real, 435 MB
[runlim] sample:		909.92 time, 910.02 real, 438 MB
[runlim] sample:		919.91 time, 920.02 real, 441 MB
[runlim] sample:		929.92 time, 930.02 real, 444 MB
[runlim] sample:		939.91 time, 940.02 real, 447 MB
[runlim] sample:		949.92 time, 950.02 real, 449 MB
[runlim] sample:		959.92 time, 960.02 real, 452 MB
[runlim] sample:		969.92 time, 970.02 real, 454 MB
[runlim] sample:		979.91 time, 980.02 real, 458 MB
[runlim] sample:		989.91 time, 990.02 real, 460 MB
[runlim] sample:		999.91 time, 1000.02 real, 462 MB
[runlim] sample:		1009.92 time, 1010.02 real, 464 MB
[runlim] sample:		1019.91 time, 1020.02 real, 467 MB
[runlim] sample:		1029.92 time, 1030.02 real, 470 MB
[runlim] sample:		1039.92 time, 1040.02 real, 473 MB
[runlim] sample:		1049.91 time, 1050.02 real, 476 MB
[runlim] sample:		1059.91 time, 1060.02 real, 479 MB
[runlim] sample:		1069.91 time, 1070.02 real, 482 MB
[runlim] sample:		1079.91 time, 1080.02 real, 484 MB
[runlim] sample:		1089.91 time, 1090.02 real, 487 MB
[runlim] sample:		1099.92 time, 1100.02 real, 489 MB
[runlim] sample:		1109.91 time, 1110.02 real, 492 MB
[runlim] sample:		1119.91 time, 1120.02 real, 495 MB
[runlim] sample:		1129.91 time, 1130.02 real, 497 MB
[runlim] sample:		1139.91 time, 1140.02 real, 499 MB
[runlim] sample:		1149.92 time, 1150.02 real, 501 MB
[runlim] sample:		1159.91 time, 1160.02 real, 503 MB
[runlim] sample:		1169.91 time, 1170.02 real, 506 MB
[runlim] sample:		1179.91 time, 1180.02 real, 510 MB
[runlim] sample:		1189.92 time, 1190.02 real, 512 MB
[runlim] sample:		1199.92 time, 1200.02 real, 514 MB
[runlim] sample:		1209.91 time, 1210.02 real, 516 MB
[runlim] sample:		1219.91 time, 1220.02 real, 518 MB
[runlim] sample:		1229.91 time, 1230.02 real, 521 MB
[runlim] sample:		1239.91 time, 1240.02 real, 523 MB
[runlim] sample:		1249.91 time, 1250.02 real, 525 MB
[runlim] sample:		1259.91 time, 1260.02 real, 527 MB
[runlim] sample:		1269.91 time, 1270.02 real, 529 MB
[runlim] sample:		1279.91 time, 1280.02 real, 531 MB
[runlim] sample:		1289.91 time, 1290.02 real, 532 MB
[runlim] sample:		1299.91 time, 1300.02 real, 534 MB
[runlim] sample:		1309.91 time, 1310.02 real, 536 MB
[runlim] sample:		1319.91 time, 1320.02 real, 538 MB
[runlim] sample:		1329.91 time, 1330.02 real, 541 MB
[runlim] sample:		1339.91 time, 1340.02 real, 543 MB
[runlim] sample:		1349.91 time, 1350.02 real, 546 MB
[runlim] sample:		1359.91 time, 1360.02 real, 547 MB
[runlim] sample:		1369.90 time, 1370.02 real, 549 MB
[runlim] sample:		1379.91 time, 1380.02 real, 551 MB
[runlim] sample:		1389.91 time, 1390.02 real, 553 MB
[runlim] sample:		1399.91 time, 1400.02 real, 555 MB
[runlim] sample:		1409.91 time, 1410.02 real, 557 MB
[runlim] sample:		1419.91 time, 1420.02 real, 559 MB
[runlim] sample:		1429.90 time, 1430.02 real, 561 MB
[runlim] sample:		1439.91 time, 1440.02 real, 563 MB
[runlim] sample:		1449.90 time, 1450.02 real, 565 MB
[runlim] sample:		1459.91 time, 1460.02 real, 567 MB
[runlim] sample:		1469.90 time, 1470.02 real, 569 MB
[runlim] sample:		1479.91 time, 1480.02 real, 571 MB
[runlim] sample:		1489.91 time, 1490.02 real, 574 MB
[runlim] sample:		1499.90 time, 1500.02 real, 576 MB
[runlim] sample:		1509.91 time, 1510.02 real, 578 MB
[runlim] sample:		1519.90 time, 1520.02 real, 581 MB
[runlim] sample:		1529.91 time, 1530.02 real, 583 MB
[runlim] sample:		1539.91 time, 1540.02 real, 586 MB
[runlim] sample:		1549.91 time, 1550.02 real, 588 MB
[runlim] sample:		1559.91 time, 1560.02 real, 590 MB
[runlim] sample:		1569.90 time, 1570.02 real, 592 MB
[runlim] sample:		1579.90 time, 1580.02 real, 595 MB
[runlim] sample:		1589.90 time, 1590.02 real, 597 MB
[runlim] sample:		1599.90 time, 1600.02 real, 598 MB
[runlim] sample:		1609.91 time, 1610.02 real, 600 MB
[runlim] sample:		1619.90 time, 1620.02 real, 604 MB
[runlim] sample:		1629.90 time, 1630.02 real, 605 MB
[runlim] sample:		1639.91 time, 1640.02 real, 608 MB
[runlim] sample:		1649.90 time, 1650.02 real, 610 MB
[runlim] sample:		1659.90 time, 1660.02 real, 612 MB
[runlim] sample:		1669.91 time, 1670.02 real, 613 MB
[runlim] sample:		1679.90 time, 1680.02 real, 615 MB
[runlim] sample:		1689.91 time, 1690.02 real, 617 MB
[runlim] sample:		1699.90 time, 1700.02 real, 618 MB
[runlim] sample:		1709.90 time, 1710.02 real, 620 MB
[runlim] sample:		1719.90 time, 1720.02 real, 623 MB
[runlim] sample:		1729.91 time, 1730.02 real, 626 MB
[runlim] sample:		1739.90 time, 1740.02 real, 627 MB
[runlim] sample:		1749.90 time, 1750.02 real, 628 MB
[runlim] sample:		1759.91 time, 1760.02 real, 630 MB
[runlim] sample:		1769.90 time, 1770.02 real, 633 MB
[runlim] sample:		1779.90 time, 1780.02 real, 634 MB
[runlim] sample:		1789.90 time, 1790.02 real, 635 MB
[runlim] sample:		1799.90 time, 1800.02 real, 637 MB
[runlim] sample:		1809.90 time, 1810.02 real, 638 MB
[runlim] sample:		1819.90 time, 1820.02 real, 640 MB
[runlim] sample:		1829.90 time, 1830.02 real, 641 MB
[runlim] sample:		1839.90 time, 1840.02 real, 644 MB
[runlim] sample:		1849.91 time, 1850.02 real, 645 MB
[runlim] sample:		1859.90 time, 1860.02 real, 648 MB
[runlim] sample:		1869.90 time, 1870.02 real, 650 MB
[runlim] sample:		1879.90 time, 1880.02 real, 652 MB
[runlim] sample:		1889.90 time, 1890.02 real, 653 MB
[runlim] sample:		1899.90 time, 1900.02 real, 654 MB
[runlim] sample:		1909.90 time, 1910.02 real, 656 MB
[runlim] sample:		1919.90 time, 1920.02 real, 658 MB
[runlim] sample:		1929.90 time, 1930.02 real, 661 MB
[runlim] sample:		1939.90 time, 1940.02 real, 662 MB
[runlim] sample:		1949.90 time, 1950.02 real, 664 MB
[runlim] sample:		1959.90 time, 1960.02 real, 666 MB
[runlim] sample:		1969.90 time, 1970.02 real, 667 MB
[runlim] sample:		1979.90 time, 1980.02 real, 668 MB
[runlim] sample:		1989.90 time, 1990.02 real, 671 MB
[runlim] sample:		1999.90 time, 2000.02 real, 673 MB
[runlim] sample:		2009.90 time, 2010.02 real, 674 MB
[runlim] sample:		2019.90 time, 2020.02 real, 677 MB
[runlim] sample:		2029.90 time, 2030.02 real, 679 MB
[runlim] sample:		2039.90 time, 2040.02 real, 681 MB
[runlim] sample:		2049.90 time, 2050.02 real, 684 MB
[runlim] sample:		2059.90 time, 2060.02 real, 685 MB
[runlim] sample:		2069.89 time, 2070.02 real, 686 MB
[runlim] sample:		2079.90 time, 2080.02 real, 688 MB
[runlim] sample:		2089.89 time, 2090.02 real, 690 MB
[runlim] sample:		2099.89 time, 2100.02 real, 692 MB
[runlim] sample:		2109.90 time, 2110.02 real, 695 MB
[runlim] sample:		2119.90 time, 2120.02 real, 697 MB
[runlim] sample:		2129.90 time, 2130.02 real, 698 MB
[runlim] sample:		2139.89 time, 2140.02 real, 699 MB
[runlim] sample:		2149.89 time, 2150.02 real, 701 MB
[runlim] sample:		2159.89 time, 2160.02 real, 702 MB
[runlim] sample:		2169.89 time, 2170.02 real, 704 MB
[runlim] sample:		2179.90 time, 2180.02 real, 705 MB
[runlim] sample:		2189.90 time, 2190.02 real, 706 MB
[runlim] sample:		2199.90 time, 2200.02 real, 709 MB
[runlim] sample:		2209.90 time, 2210.02 real, 711 MB
[runlim] sample:		2219.90 time, 2220.02 real, 713 MB
[runlim] sample:		2229.90 time, 2230.02 real, 714 MB
[runlim] sample:		2239.89 time, 2240.02 real, 716 MB
[runlim] sample:		2249.90 time, 2250.02 real, 720 MB
[runlim] sample:		2259.89 time, 2260.02 real, 722 MB
[runlim] sample:		2269.89 time, 2270.02 real, 723 MB
[runlim] sample:		2279.90 time, 2280.02 real, 725 MB
[runlim] sample:		2289.90 time, 2290.02 real, 727 MB
[runlim] sample:		2299.89 time, 2300.02 real, 729 MB
[runlim] sample:		2309.89 time, 2310.02 real, 730 MB
[runlim] sample:		2319.89 time, 2320.02 real, 732 MB
[runlim] sample:		2329.89 time, 2330.02 real, 733 MB
[runlim] sample:		2339.90 time, 2340.02 real, 735 MB
[runlim] sample:		2349.89 time, 2350.02 real, 737 MB
[runlim] sample:		2359.90 time, 2360.02 real, 738 MB
[runlim] sample:		2369.89 time, 2370.02 real, 740 MB
[runlim] sample:		2379.89 time, 2380.02 real, 741 MB
[runlim] sample:		2389.89 time, 2390.02 real, 742 MB
[runlim] sample:		2399.89 time, 2400.02 real, 744 MB
[runlim] sample:		2409.89 time, 2410.02 real, 745 MB
[runlim] sample:		2419.89 time, 2420.02 real, 747 MB
[runlim] sample:		2429.89 time, 2430.02 real, 749 MB
[runlim] sample:		2439.89 time, 2440.02 real, 750 MB
[runlim] sample:		2449.89 time, 2450.02 real, 751 MB
[runlim] sample:		2459.89 time, 2460.02 real, 753 MB
[runlim] sample:		2469.90 time, 2470.02 real, 755 MB
[runlim] sample:		2479.89 time, 2480.02 real, 756 MB
[runlim] sample:		2489.90 time, 2490.02 real, 758 MB
[runlim] sample:		2499.89 time, 2500.02 real, 759 MB
[runlim] sample:		2509.89 time, 2510.02 real, 761 MB
[runlim] sample:		2519.89 time, 2520.02 real, 762 MB
[runlim] sample:		2529.89 time, 2530.02 real, 764 MB
[runlim] sample:		2539.89 time, 2540.02 real, 766 MB
[runlim] sample:		2549.89 time, 2550.02 real, 768 MB
[runlim] sample:		2559.89 time, 2560.02 real, 769 MB
[runlim] sample:		2569.89 time, 2570.02 real, 770 MB
[runlim] sample:		2579.89 time, 2580.02 real, 772 MB
[runlim] sample:		2589.89 time, 2590.02 real, 774 MB
[runlim] sample:		2599.89 time, 2600.02 real, 775 MB
[runlim] sample:		2609.89 time, 2610.02 real, 776 MB
[runlim] sample:		2619.89 time, 2620.02 real, 777 MB
[runlim] sample:		2629.89 time, 2630.02 real, 779 MB
[runlim] sample:		2639.89 time, 2640.02 real, 781 MB
[runlim] sample:		2649.89 time, 2650.02 real, 782 MB
[runlim] sample:		2659.89 time, 2660.02 real, 784 MB
[runlim] sample:		2669.89 time, 2670.02 real, 785 MB
[runlim] sample:		2679.88 time, 2680.02 real, 787 MB
[runlim] sample:		2689.88 time, 2690.02 real, 789 MB
[runlim] sample:		2699.89 time, 2700.02 real, 790 MB
[runlim] end:			Thu Feb 27 10:48:55 2020
[runlim] status:		out of time
[runlim] result:		2
[runlim] children:		1
[runlim] real:			2700.12 seconds
[runlim] time:			2699.89 seconds
[runlim] space:			790 MB
[runlim] samples:		27000
