[runlim] version:		1.18
[runlim] host:			c3n14
[runlim] time limit:		2700 seconds
[runlim] real time limit:	2700 seconds
[runlim] space limit:		7000 MB
[runlim] argv[0]:		./binary
[runlim] argv[1]:		/data/cnf/ankit/Set1/stmt137_903_911.qdimacs
[runlim] start:			Thu Feb 27 10:03:55 2020
[runlim] child:			9844
[runlim] sample:		9.96 time, 10.02 real, 20 MB
[runlim] sample:		19.96 time, 20.02 real, 32 MB
[runlim] sample:		29.96 time, 30.02 real, 42 MB
[runlim] sample:		39.96 time, 40.02 real, 53 MB
[runlim] sample:		49.96 time, 50.02 real, 62 MB
[runlim] sample:		59.96 time, 60.02 real, 71 MB
[runlim] sample:		69.96 time, 70.02 real, 78 MB
[runlim] sample:		79.95 time, 80.02 real, 86 MB
[runlim] sample:		89.96 time, 90.02 real, 94 MB
[runlim] sample:		99.96 time, 100.02 real, 101 MB
[runlim] sample:		109.96 time, 110.02 real, 107 MB
[runlim] sample:		119.96 time, 120.02 real, 115 MB
[runlim] sample:		129.96 time, 130.02 real, 121 MB
[runlim] sample:		139.96 time, 140.02 real, 127 MB
[runlim] sample:		149.96 time, 150.02 real, 134 MB
[runlim] sample:		159.96 time, 160.02 real, 140 MB
[runlim] sample:		169.96 time, 170.02 real, 146 MB
[runlim] sample:		179.96 time, 180.02 real, 152 MB
[runlim] sample:		189.95 time, 190.02 real, 158 MB
[runlim] sample:		199.96 time, 200.02 real, 164 MB
[runlim] sample:		209.96 time, 210.02 real, 169 MB
[runlim] sample:		219.96 time, 220.02 real, 174 MB
[runlim] sample:		229.96 time, 230.02 real, 180 MB
[runlim] sample:		239.96 time, 240.02 real, 185 MB
[runlim] sample:		249.96 time, 250.02 real, 190 MB
[runlim] sample:		259.96 time, 260.02 real, 195 MB
[runlim] sample:		269.96 time, 270.02 real, 200 MB
[runlim] sample:		279.95 time, 280.02 real, 205 MB
[runlim] sample:		289.96 time, 290.02 real, 209 MB
[runlim] sample:		299.96 time, 300.02 real, 214 MB
[runlim] sample:		309.96 time, 310.02 real, 218 MB
[runlim] sample:		319.96 time, 320.02 real, 224 MB
[runlim] sample:		329.96 time, 330.02 real, 227 MB
[runlim] sample:		339.96 time, 340.02 real, 233 MB
[runlim] sample:		349.95 time, 350.02 real, 237 MB
[runlim] sample:		359.96 time, 360.02 real, 241 MB
[runlim] sample:		369.96 time, 370.02 real, 245 MB
[runlim] sample:		379.95 time, 380.02 real, 249 MB
[runlim] sample:		389.96 time, 390.02 real, 253 MB
[runlim] sample:		399.96 time, 400.02 real, 256 MB
[runlim] sample:		409.96 time, 410.02 real, 260 MB
[runlim] sample:		419.96 time, 420.02 real, 264 MB
[runlim] sample:		429.96 time, 430.02 real, 268 MB
[runlim] sample:		439.96 time, 440.02 real, 271 MB
[runlim] sample:		449.96 time, 450.02 real, 275 MB
[runlim] sample:		459.96 time, 460.02 real, 279 MB
[runlim] sample:		469.95 time, 470.02 real, 282 MB
[runlim] sample:		479.95 time, 480.02 real, 286 MB
[runlim] sample:		489.96 time, 490.02 real, 289 MB
[runlim] sample:		499.96 time, 500.02 real, 293 MB
[runlim] sample:		509.96 time, 510.02 real, 298 MB
[runlim] sample:		519.96 time, 520.02 real, 302 MB
[runlim] sample:		529.96 time, 530.02 real, 305 MB
[runlim] sample:		539.95 time, 540.02 real, 308 MB
[runlim] sample:		549.96 time, 550.02 real, 311 MB
[runlim] sample:		559.95 time, 560.02 real, 314 MB
[runlim] sample:		569.95 time, 570.02 real, 318 MB
[runlim] sample:		579.96 time, 580.02 real, 321 MB
[runlim] sample:		589.96 time, 590.02 real, 324 MB
[runlim] sample:		599.96 time, 600.02 real, 327 MB
[runlim] sample:		609.95 time, 610.02 real, 330 MB
[runlim] sample:		619.95 time, 620.02 real, 336 MB
[runlim] sample:		629.96 time, 630.02 real, 339 MB
[runlim] sample:		639.96 time, 640.02 real, 341 MB
[runlim] sample:		649.96 time, 650.02 real, 344 MB
[runlim] sample:		659.95 time, 660.02 real, 348 MB
[runlim] sample:		669.95 time, 670.02 real, 350 MB
[runlim] sample:		679.95 time, 680.02 real, 353 MB
[runlim] sample:		689.95 time, 690.02 real, 356 MB
[runlim] sample:		699.95 time, 700.02 real, 359 MB
[runlim] sample:		709.96 time, 710.02 real, 361 MB
[runlim] sample:		719.96 time, 720.02 real, 364 MB
[runlim] sample:		729.95 time, 730.02 real, 367 MB
[runlim] sample:		739.96 time, 740.02 real, 369 MB
[runlim] sample:		749.95 time, 750.02 real, 373 MB
[runlim] sample:		759.95 time, 760.02 real, 375 MB
[runlim] sample:		769.95 time, 770.02 real, 378 MB
[runlim] sample:		779.95 time, 780.02 real, 380 MB
[runlim] sample:		789.96 time, 790.02 real, 383 MB
[runlim] sample:		799.96 time, 800.02 real, 387 MB
[runlim] sample:		809.96 time, 810.02 real, 390 MB
[runlim] sample:		819.96 time, 820.02 real, 392 MB
[runlim] sample:		829.96 time, 830.02 real, 395 MB
[runlim] sample:		839.95 time, 840.02 real, 399 MB
[runlim] sample:		849.95 time, 850.02 real, 402 MB
[runlim] sample:		859.95 time, 860.02 real, 405 MB
[runlim] sample:		869.95 time, 870.02 real, 407 MB
[runlim] sample:		879.95 time, 880.02 real, 409 MB
[runlim] sample:		889.95 time, 890.02 real, 412 MB
[runlim] sample:		899.95 time, 900.02 real, 415 MB
[runlim] sample:		909.95 time, 910.02 real, 418 MB
[runlim] sample:		919.95 time, 920.02 real, 421 MB
[runlim] sample:		929.95 time, 930.02 real, 423 MB
[runlim] sample:		939.95 time, 940.02 real, 426 MB
[runlim] sample:		949.96 time, 950.02 real, 428 MB
[runlim] sample:		959.95 time, 960.02 real, 430 MB
[runlim] sample:		969.95 time, 970.02 real, 432 MB
[runlim] sample:		979.95 time, 980.02 real, 434 MB
[runlim] sample:		989.95 time, 990.02 real, 437 MB
[runlim] sample:		999.95 time, 1000.02 real, 439 MB
[runlim] sample:		1009.96 time, 1010.02 real, 441 MB
[runlim] sample:		1019.95 time, 1020.02 real, 444 MB
[runlim] sample:		1029.95 time, 1030.02 real, 446 MB
[runlim] sample:		1039.95 time, 1040.02 real, 448 MB
[runlim] sample:		1049.95 time, 1050.02 real, 451 MB
[runlim] sample:		1059.95 time, 1060.02 real, 453 MB
[runlim] sample:		1069.95 time, 1070.02 real, 456 MB
[runlim] sample:		1079.95 time, 1080.02 real, 459 MB
[runlim] sample:		1089.95 time, 1090.02 real, 461 MB
[runlim] sample:		1099.95 time, 1100.02 real, 463 MB
[runlim] sample:		1109.95 time, 1110.02 real, 465 MB
[runlim] sample:		1119.95 time, 1120.02 real, 467 MB
[runlim] sample:		1129.95 time, 1130.02 real, 469 MB
[runlim] sample:		1139.95 time, 1140.02 real, 471 MB
[runlim] sample:		1149.95 time, 1150.02 real, 474 MB
[runlim] sample:		1159.95 time, 1160.02 real, 475 MB
[runlim] sample:		1169.95 time, 1170.02 real, 477 MB
[runlim] sample:		1179.95 time, 1180.02 real, 479 MB
[runlim] sample:		1189.95 time, 1190.02 real, 481 MB
[runlim] sample:		1199.95 time, 1200.02 real, 483 MB
[runlim] sample:		1209.95 time, 1210.02 real, 485 MB
[runlim] sample:		1219.95 time, 1220.02 real, 487 MB
[runlim] sample:		1229.95 time, 1230.02 real, 489 MB
[runlim] sample:		1239.95 time, 1240.02 real, 492 MB
[runlim] sample:		1249.95 time, 1250.02 real, 494 MB
[runlim] sample:		1259.95 time, 1260.02 real, 497 MB
[runlim] sample:		1269.95 time, 1270.02 real, 500 MB
[runlim] sample:		1279.95 time, 1280.02 real, 503 MB
[runlim] sample:		1289.95 time, 1290.02 real, 505 MB
[runlim] sample:		1299.95 time, 1300.02 real, 507 MB
[runlim] sample:		1309.94 time, 1310.02 real, 509 MB
[runlim] sample:		1319.95 time, 1320.02 real, 510 MB
[runlim] sample:		1329.94 time, 1330.02 real, 512 MB
[runlim] sample:		1339.95 time, 1340.02 real, 514 MB
[runlim] sample:		1349.95 time, 1350.02 real, 515 MB
[runlim] sample:		1359.95 time, 1360.02 real, 517 MB
[runlim] sample:		1369.95 time, 1370.02 real, 518 MB
[runlim] sample:		1379.95 time, 1380.02 real, 521 MB
[runlim] sample:		1389.95 time, 1390.02 real, 522 MB
[runlim] sample:		1399.95 time, 1400.02 real, 524 MB
[runlim] sample:		1409.95 time, 1410.02 real, 525 MB
[runlim] sample:		1419.95 time, 1420.02 real, 527 MB
[runlim] sample:		1429.94 time, 1430.02 real, 529 MB
[runlim] sample:		1439.94 time, 1440.02 real, 533 MB
[runlim] sample:		1449.95 time, 1450.02 real, 535 MB
[runlim] sample:		1459.95 time, 1460.02 real, 537 MB
[runlim] sample:		1469.95 time, 1470.02 real, 538 MB
[runlim] sample:		1479.94 time, 1480.02 real, 540 MB
[runlim] sample:		1489.95 time, 1490.02 real, 541 MB
[runlim] sample:		1499.94 time, 1500.02 real, 543 MB
[runlim] sample:		1509.94 time, 1510.02 real, 545 MB
[runlim] sample:		1519.95 time, 1520.02 real, 547 MB
[runlim] sample:		1529.95 time, 1530.02 real, 549 MB
[runlim] sample:		1539.95 time, 1540.02 real, 551 MB
[runlim] sample:		1549.94 time, 1550.02 real, 553 MB
[runlim] sample:		1559.94 time, 1560.02 real, 555 MB
[runlim] sample:		1569.95 time, 1570.02 real, 558 MB
[runlim] sample:		1579.94 time, 1580.02 real, 560 MB
[runlim] sample:		1589.95 time, 1590.02 real, 561 MB
[runlim] sample:		1599.94 time, 1600.02 real, 562 MB
[runlim] sample:		1609.94 time, 1610.02 real, 564 MB
[runlim] sample:		1619.94 time, 1620.02 real, 565 MB
[runlim] sample:		1629.95 time, 1630.02 real, 567 MB
[runlim] sample:		1639.95 time, 1640.02 real, 568 MB
[runlim] sample:		1649.95 time, 1650.02 real, 570 MB
[runlim] sample:		1659.95 time, 1660.02 real, 571 MB
[runlim] sample:		1669.95 time, 1670.02 real, 573 MB
[runlim] sample:		1679.94 time, 1680.02 real, 575 MB
[runlim] sample:		1689.94 time, 1690.02 real, 577 MB
[runlim] sample:		1699.94 time, 1700.02 real, 578 MB
[runlim] sample:		1709.95 time, 1710.02 real, 580 MB
[runlim] sample:		1719.95 time, 1720.02 real, 581 MB
[runlim] sample:		1729.95 time, 1730.02 real, 583 MB
[runlim] sample:		1739.94 time, 1740.02 real, 584 MB
[runlim] sample:		1749.95 time, 1750.02 real, 586 MB
[runlim] sample:		1759.94 time, 1760.02 real, 589 MB
[runlim] sample:		1769.94 time, 1770.02 real, 590 MB
[runlim] sample:		1779.95 time, 1780.02 real, 592 MB
[runlim] sample:		1789.94 time, 1790.02 real, 593 MB
[runlim] sample:		1799.94 time, 1800.02 real, 595 MB
[runlim] sample:		1809.94 time, 1810.02 real, 598 MB
[runlim] sample:		1819.95 time, 1820.02 real, 599 MB
[runlim] sample:		1829.94 time, 1830.02 real, 601 MB
[runlim] sample:		1839.94 time, 1840.02 real, 602 MB
[runlim] sample:		1849.94 time, 1850.02 real, 603 MB
[runlim] sample:		1859.94 time, 1860.02 real, 605 MB
[runlim] sample:		1869.94 time, 1870.02 real, 606 MB
[runlim] sample:		1879.94 time, 1880.02 real, 608 MB
[runlim] sample:		1889.94 time, 1890.02 real, 609 MB
[runlim] sample:		1899.95 time, 1900.02 real, 611 MB
[runlim] sample:		1909.94 time, 1910.02 real, 612 MB
[runlim] sample:		1919.94 time, 1920.02 real, 613 MB
[runlim] sample:		1929.94 time, 1930.02 real, 615 MB
[runlim] sample:		1939.94 time, 1940.02 real, 618 MB
[runlim] sample:		1949.94 time, 1950.02 real, 620 MB
[runlim] sample:		1959.94 time, 1960.02 real, 623 MB
[runlim] sample:		1969.94 time, 1970.02 real, 624 MB
[runlim] sample:		1979.94 time, 1980.02 real, 625 MB
[runlim] sample:		1989.94 time, 1990.02 real, 627 MB
[runlim] sample:		1999.94 time, 2000.02 real, 628 MB
[runlim] sample:		2009.94 time, 2010.02 real, 629 MB
[runlim] sample:		2019.94 time, 2020.02 real, 631 MB
[runlim] sample:		2029.94 time, 2030.02 real, 632 MB
[runlim] sample:		2039.94 time, 2040.02 real, 633 MB
[runlim] sample:		2049.94 time, 2050.02 real, 635 MB
[runlim] sample:		2059.94 time, 2060.02 real, 637 MB
[runlim] sample:		2069.94 time, 2070.02 real, 638 MB
[runlim] sample:		2079.94 time, 2080.02 real, 639 MB
[runlim] sample:		2089.94 time, 2090.02 real, 640 MB
[runlim] sample:		2099.94 time, 2100.02 real, 642 MB
[runlim] sample:		2109.94 time, 2110.02 real, 644 MB
[runlim] sample:		2119.94 time, 2120.02 real, 645 MB
[runlim] sample:		2129.93 time, 2130.02 real, 647 MB
[runlim] sample:		2139.93 time, 2140.02 real, 649 MB
[runlim] sample:		2149.94 time, 2150.02 real, 651 MB
[runlim] sample:		2159.94 time, 2160.02 real, 652 MB
[runlim] sample:		2169.94 time, 2170.02 real, 655 MB
[runlim] sample:		2179.94 time, 2180.02 real, 659 MB
[runlim] sample:		2189.94 time, 2190.02 real, 661 MB
[runlim] sample:		2199.94 time, 2200.02 real, 662 MB
[runlim] sample:		2209.94 time, 2210.02 real, 663 MB
[runlim] sample:		2219.94 time, 2220.02 real, 665 MB
[runlim] sample:		2229.94 time, 2230.02 real, 667 MB
[runlim] sample:		2239.93 time, 2240.02 real, 668 MB
[runlim] sample:		2249.94 time, 2250.02 real, 669 MB
[runlim] sample:		2259.94 time, 2260.02 real, 670 MB
[runlim] sample:		2269.93 time, 2270.02 real, 672 MB
[runlim] sample:		2279.93 time, 2280.02 real, 673 MB
[runlim] sample:		2289.94 time, 2290.02 real, 675 MB
[runlim] sample:		2299.94 time, 2300.02 real, 677 MB
[runlim] sample:		2309.93 time, 2310.02 real, 678 MB
[runlim] sample:		2319.94 time, 2320.02 real, 680 MB
[runlim] sample:		2329.94 time, 2330.02 real, 680 MB
[runlim] sample:		2339.94 time, 2340.02 real, 684 MB
[runlim] sample:		2349.94 time, 2350.02 real, 685 MB
[runlim] sample:		2359.93 time, 2360.02 real, 687 MB
[runlim] sample:		2369.93 time, 2370.02 real, 688 MB
[runlim] sample:		2379.93 time, 2380.02 real, 690 MB
[runlim] sample:		2389.94 time, 2390.02 real, 691 MB
[runlim] sample:		2399.94 time, 2400.02 real, 693 MB
[runlim] sample:		2409.94 time, 2410.02 real, 694 MB
[runlim] sample:		2419.93 time, 2420.02 real, 695 MB
[runlim] sample:		2429.93 time, 2430.02 real, 697 MB
[runlim] sample:		2439.93 time, 2440.02 real, 698 MB
[runlim] sample:		2449.94 time, 2450.02 real, 699 MB
[runlim] sample:		2459.94 time, 2460.02 real, 700 MB
[runlim] sample:		2469.93 time, 2470.02 real, 702 MB
[runlim] sample:		2479.94 time, 2480.02 real, 703 MB
[runlim] sample:		2489.93 time, 2490.02 real, 705 MB
[runlim] sample:		2499.93 time, 2500.02 real, 707 MB
[runlim] sample:		2509.94 time, 2510.02 real, 708 MB
[runlim] sample:		2519.94 time, 2520.02 real, 710 MB
[runlim] sample:		2529.93 time, 2530.02 real, 712 MB
[runlim] sample:		2539.93 time, 2540.02 real, 713 MB
[runlim] sample:		2549.93 time, 2550.02 real, 714 MB
[runlim] sample:		2559.93 time, 2560.02 real, 715 MB
[runlim] sample:		2569.93 time, 2570.02 real, 716 MB
[runlim] sample:		2579.93 time, 2580.02 real, 717 MB
[runlim] sample:		2589.93 time, 2590.02 real, 719 MB
[runlim] sample:		2599.93 time, 2600.02 real, 720 MB
[runlim] sample:		2609.93 time, 2610.02 real, 721 MB
[runlim] sample:		2619.93 time, 2620.02 real, 723 MB
[runlim] sample:		2629.93 time, 2630.02 real, 724 MB
[runlim] sample:		2639.93 time, 2640.02 real, 725 MB
[runlim] sample:		2649.93 time, 2650.02 real, 726 MB
[runlim] sample:		2659.93 time, 2660.02 real, 728 MB
[runlim] sample:		2669.93 time, 2670.02 real, 729 MB
[runlim] sample:		2679.94 time, 2680.02 real, 730 MB
[runlim] sample:		2689.93 time, 2690.02 real, 731 MB
[runlim] sample:		2699.93 time, 2700.02 real, 731 MB
[runlim] end:			Thu Feb 27 10:48:56 2020
[runlim] status:		out of time
[runlim] result:		2
[runlim] children:		1
[runlim] real:			2700.12 seconds
[runlim] time:			2699.93 seconds
[runlim] space:			731 MB
[runlim] samples:		27000
