[runlim] version:		1.18
[runlim] host:			c3n18
[runlim] time limit:		2700 seconds
[runlim] real time limit:	2700 seconds
[runlim] space limit:		7000 MB
[runlim] argv[0]:		./binary
[runlim] argv[1]:		/data/cnf/ankit/Set1/stmt5_731_730.qdimacs
[runlim] start:			Thu Feb 27 10:03:55 2020
[runlim] child:			7775
[runlim] sample:		9.03 time, 10.02 real, 19 MB
[runlim] sample:		19.04 time, 20.02 real, 30 MB
[runlim] sample:		29.03 time, 30.02 real, 40 MB
[runlim] sample:		39.03 time, 40.02 real, 49 MB
[runlim] sample:		49.04 time, 50.02 real, 57 MB
[runlim] sample:		59.03 time, 60.02 real, 65 MB
[runlim] sample:		69.04 time, 70.02 real, 72 MB
[runlim] sample:		79.03 time, 80.02 real, 79 MB
[runlim] sample:		89.03 time, 90.02 real, 85 MB
[runlim] sample:		99.04 time, 100.02 real, 92 MB
[runlim] sample:		109.03 time, 110.02 real, 97 MB
[runlim] sample:		119.04 time, 120.02 real, 104 MB
[runlim] sample:		129.03 time, 130.02 real, 109 MB
[runlim] sample:		139.03 time, 140.02 real, 115 MB
[runlim] sample:		149.04 time, 150.02 real, 122 MB
[runlim] sample:		159.04 time, 160.02 real, 127 MB
[runlim] sample:		169.03 time, 170.02 real, 131 MB
[runlim] sample:		179.04 time, 180.02 real, 135 MB
[runlim] sample:		189.03 time, 190.02 real, 140 MB
[runlim] sample:		199.03 time, 200.02 real, 145 MB
[runlim] sample:		209.03 time, 210.02 real, 149 MB
[runlim] sample:		219.03 time, 220.02 real, 154 MB
[runlim] sample:		229.04 time, 230.02 real, 158 MB
[runlim] sample:		239.04 time, 240.02 real, 162 MB
[runlim] sample:		249.03 time, 250.02 real, 167 MB
[runlim] sample:		259.03 time, 260.02 real, 171 MB
[runlim] sample:		269.03 time, 270.02 real, 175 MB
[runlim] sample:		279.03 time, 280.02 real, 178 MB
[runlim] sample:		289.03 time, 290.02 real, 183 MB
[runlim] sample:		299.03 time, 300.02 real, 187 MB
[runlim] sample:		309.03 time, 310.02 real, 190 MB
[runlim] sample:		319.03 time, 320.02 real, 195 MB
[runlim] sample:		329.04 time, 330.02 real, 199 MB
[runlim] sample:		339.03 time, 340.02 real, 202 MB
[runlim] sample:		349.04 time, 350.02 real, 206 MB
[runlim] sample:		359.04 time, 360.02 real, 210 MB
[runlim] sample:		369.04 time, 370.02 real, 213 MB
[runlim] sample:		379.04 time, 380.02 real, 216 MB
[runlim] sample:		389.04 time, 390.02 real, 219 MB
[runlim] sample:		399.04 time, 400.02 real, 223 MB
[runlim] sample:		409.04 time, 410.02 real, 226 MB
[runlim] sample:		419.03 time, 420.02 real, 229 MB
[runlim] sample:		429.03 time, 430.02 real, 231 MB
[runlim] sample:		439.04 time, 440.02 real, 234 MB
[runlim] sample:		449.04 time, 450.02 real, 237 MB
[runlim] sample:		459.04 time, 460.02 real, 240 MB
[runlim] sample:		469.04 time, 470.02 real, 243 MB
[runlim] sample:		479.03 time, 480.02 real, 245 MB
[runlim] sample:		489.03 time, 490.02 real, 248 MB
[runlim] sample:		499.04 time, 500.02 real, 250 MB
[runlim] sample:		509.04 time, 510.02 real, 253 MB
[runlim] sample:		519.03 time, 520.02 real, 256 MB
[runlim] sample:		529.04 time, 530.02 real, 258 MB
[runlim] sample:		539.03 time, 540.02 real, 262 MB
[runlim] sample:		549.04 time, 550.02 real, 265 MB
[runlim] sample:		559.03 time, 560.02 real, 268 MB
[runlim] sample:		569.04 time, 570.02 real, 270 MB
[runlim] sample:		579.04 time, 580.02 real, 273 MB
[runlim] sample:		589.03 time, 590.02 real, 276 MB
[runlim] sample:		599.04 time, 600.02 real, 280 MB
[runlim] sample:		609.03 time, 610.02 real, 282 MB
[runlim] sample:		619.03 time, 620.02 real, 285 MB
[runlim] sample:		629.03 time, 630.02 real, 288 MB
[runlim] sample:		639.03 time, 640.02 real, 290 MB
[runlim] sample:		649.04 time, 650.02 real, 293 MB
[runlim] sample:		659.03 time, 660.02 real, 296 MB
[runlim] sample:		669.04 time, 670.02 real, 299 MB
[runlim] sample:		679.03 time, 680.02 real, 301 MB
[runlim] sample:		689.04 time, 690.02 real, 305 MB
[runlim] sample:		699.03 time, 700.02 real, 307 MB
[runlim] sample:		709.03 time, 710.02 real, 309 MB
[runlim] sample:		719.03 time, 720.02 real, 312 MB
[runlim] sample:		729.03 time, 730.02 real, 315 MB
[runlim] sample:		739.03 time, 740.02 real, 317 MB
[runlim] sample:		749.03 time, 750.02 real, 319 MB
[runlim] sample:		759.03 time, 760.02 real, 321 MB
[runlim] sample:		769.03 time, 770.02 real, 323 MB
[runlim] sample:		779.03 time, 780.02 real, 326 MB
[runlim] sample:		789.04 time, 790.02 real, 328 MB
[runlim] sample:		799.04 time, 800.02 real, 330 MB
[runlim] sample:		809.03 time, 810.02 real, 332 MB
[runlim] sample:		819.03 time, 820.02 real, 334 MB
[runlim] sample:		829.03 time, 830.02 real, 336 MB
[runlim] sample:		839.03 time, 840.02 real, 337 MB
[runlim] sample:		849.03 time, 850.02 real, 340 MB
[runlim] sample:		859.04 time, 860.02 real, 341 MB
[runlim] sample:		869.03 time, 870.02 real, 344 MB
[runlim] sample:		879.03 time, 880.02 real, 347 MB
[runlim] sample:		889.03 time, 890.02 real, 348 MB
[runlim] sample:		899.03 time, 900.02 real, 350 MB
[runlim] sample:		909.03 time, 910.02 real, 352 MB
[runlim] sample:		919.03 time, 920.02 real, 354 MB
[runlim] sample:		929.03 time, 930.02 real, 356 MB
[runlim] sample:		939.03 time, 940.02 real, 358 MB
[runlim] sample:		949.03 time, 950.02 real, 362 MB
[runlim] sample:		959.03 time, 960.02 real, 364 MB
[runlim] sample:		969.03 time, 970.02 real, 366 MB
[runlim] sample:		979.03 time, 980.02 real, 367 MB
[runlim] sample:		989.03 time, 990.02 real, 369 MB
[runlim] sample:		999.03 time, 1000.02 real, 371 MB
[runlim] sample:		1009.04 time, 1010.02 real, 374 MB
[runlim] sample:		1019.03 time, 1020.02 real, 375 MB
[runlim] sample:		1029.03 time, 1030.02 real, 378 MB
[runlim] sample:		1039.04 time, 1040.02 real, 379 MB
[runlim] sample:		1049.03 time, 1050.02 real, 383 MB
[runlim] sample:		1059.03 time, 1060.02 real, 385 MB
[runlim] sample:		1069.03 time, 1070.02 real, 386 MB
[runlim] sample:		1079.03 time, 1080.02 real, 388 MB
[runlim] sample:		1089.03 time, 1090.02 real, 390 MB
[runlim] sample:		1099.03 time, 1100.02 real, 391 MB
[runlim] sample:		1109.03 time, 1110.02 real, 394 MB
[runlim] sample:		1119.03 time, 1120.02 real, 396 MB
[runlim] sample:		1129.03 time, 1130.02 real, 398 MB
[runlim] sample:		1139.03 time, 1140.02 real, 400 MB
[runlim] sample:		1149.03 time, 1150.02 real, 402 MB
[runlim] sample:		1159.03 time, 1160.02 real, 404 MB
[runlim] sample:		1169.03 time, 1170.02 real, 406 MB
[runlim] sample:		1179.03 time, 1180.02 real, 407 MB
[runlim] sample:		1189.04 time, 1190.02 real, 409 MB
[runlim] sample:		1199.03 time, 1200.02 real, 410 MB
[runlim] sample:		1209.03 time, 1210.02 real, 412 MB
[runlim] sample:		1219.03 time, 1220.02 real, 415 MB
[runlim] sample:		1229.03 time, 1230.02 real, 417 MB
[runlim] sample:		1239.03 time, 1240.02 real, 419 MB
[runlim] sample:		1249.03 time, 1250.02 real, 421 MB
[runlim] sample:		1259.03 time, 1260.02 real, 423 MB
[runlim] sample:		1269.03 time, 1270.02 real, 426 MB
[runlim] sample:		1279.04 time, 1280.02 real, 428 MB
[runlim] sample:		1289.04 time, 1290.02 real, 430 MB
[runlim] sample:		1299.03 time, 1300.02 real, 431 MB
[runlim] sample:		1309.03 time, 1310.02 real, 432 MB
[runlim] sample:		1319.03 time, 1320.02 real, 434 MB
[runlim] sample:		1329.03 time, 1330.02 real, 436 MB
[runlim] sample:		1339.03 time, 1340.02 real, 439 MB
[runlim] sample:		1349.03 time, 1350.02 real, 440 MB
[runlim] sample:		1359.03 time, 1360.02 real, 442 MB
[runlim] sample:		1369.03 time, 1370.02 real, 443 MB
[runlim] sample:		1379.03 time, 1380.02 real, 445 MB
[runlim] sample:		1389.03 time, 1390.02 real, 446 MB
[runlim] sample:		1399.03 time, 1400.02 real, 447 MB
[runlim] sample:		1409.03 time, 1410.02 real, 449 MB
[runlim] sample:		1419.03 time, 1420.02 real, 450 MB
[runlim] sample:		1429.03 time, 1430.02 real, 452 MB
[runlim] sample:		1439.03 time, 1440.02 real, 454 MB
[runlim] sample:		1449.03 time, 1450.02 real, 456 MB
[runlim] sample:		1459.03 time, 1460.02 real, 457 MB
[runlim] sample:		1469.03 time, 1470.02 real, 460 MB
[runlim] sample:		1479.03 time, 1480.02 real, 462 MB
[runlim] sample:		1489.03 time, 1490.02 real, 463 MB
[runlim] sample:		1499.03 time, 1500.02 real, 465 MB
[runlim] sample:		1509.03 time, 1510.02 real, 466 MB
[runlim] sample:		1519.03 time, 1520.02 real, 467 MB
[runlim] sample:		1529.03 time, 1530.02 real, 469 MB
[runlim] sample:		1539.03 time, 1540.02 real, 470 MB
[runlim] sample:		1549.03 time, 1550.02 real, 472 MB
[runlim] sample:		1559.03 time, 1560.02 real, 473 MB
[runlim] sample:		1569.03 time, 1570.02 real, 475 MB
[runlim] sample:		1579.03 time, 1580.02 real, 476 MB
[runlim] sample:		1589.03 time, 1590.02 real, 478 MB
[runlim] sample:		1599.03 time, 1600.02 real, 479 MB
[runlim] sample:		1609.03 time, 1610.02 real, 480 MB
[runlim] sample:		1619.03 time, 1620.02 real, 481 MB
[runlim] sample:		1629.03 time, 1630.02 real, 483 MB
[runlim] sample:		1639.03 time, 1640.02 real, 485 MB
[runlim] sample:		1649.03 time, 1650.02 real, 487 MB
[runlim] sample:		1659.03 time, 1660.02 real, 488 MB
[runlim] sample:		1669.03 time, 1670.02 real, 489 MB
[runlim] sample:		1679.03 time, 1680.02 real, 490 MB
[runlim] sample:		1689.03 time, 1690.02 real, 492 MB
[runlim] sample:		1699.03 time, 1700.02 real, 493 MB
[runlim] sample:		1709.03 time, 1710.02 real, 495 MB
[runlim] sample:		1719.03 time, 1720.02 real, 496 MB
[runlim] sample:		1729.03 time, 1730.02 real, 498 MB
[runlim] sample:		1739.03 time, 1740.02 real, 500 MB
[runlim] sample:		1749.03 time, 1750.02 real, 501 MB
[runlim] sample:		1759.03 time, 1760.02 real, 502 MB
[runlim] sample:		1769.03 time, 1770.02 real, 504 MB
[runlim] sample:		1779.03 time, 1780.02 real, 505 MB
[runlim] sample:		1789.03 time, 1790.02 real, 506 MB
[runlim] sample:		1799.03 time, 1800.02 real, 508 MB
[runlim] sample:		1809.03 time, 1810.02 real, 509 MB
[runlim] sample:		1819.03 time, 1820.02 real, 510 MB
[runlim] sample:		1829.03 time, 1830.02 real, 512 MB
[runlim] sample:		1839.03 time, 1840.02 real, 514 MB
[runlim] sample:		1849.02 time, 1850.02 real, 516 MB
[runlim] sample:		1859.03 time, 1860.02 real, 517 MB
[runlim] sample:		1869.03 time, 1870.02 real, 520 MB
[runlim] sample:		1879.02 time, 1880.02 real, 521 MB
[runlim] sample:		1889.03 time, 1890.02 real, 522 MB
[runlim] sample:		1899.02 time, 1900.02 real, 523 MB
[runlim] sample:		1909.03 time, 1910.02 real, 525 MB
[runlim] sample:		1919.03 time, 1920.02 real, 526 MB
[runlim] sample:		1929.03 time, 1930.02 real, 527 MB
[runlim] sample:		1939.02 time, 1940.02 real, 528 MB
[runlim] sample:		1949.02 time, 1950.02 real, 530 MB
[runlim] sample:		1959.03 time, 1960.02 real, 531 MB
[runlim] sample:		1969.03 time, 1970.02 real, 532 MB
[runlim] sample:		1979.03 time, 1980.02 real, 533 MB
[runlim] sample:		1989.03 time, 1990.02 real, 535 MB
[runlim] sample:		1999.03 time, 2000.02 real, 536 MB
[runlim] sample:		2009.02 time, 2010.02 real, 538 MB
[runlim] sample:		2019.03 time, 2020.02 real, 539 MB
[runlim] sample:		2029.02 time, 2030.02 real, 541 MB
[runlim] sample:		2039.03 time, 2040.02 real, 542 MB
[runlim] sample:		2049.03 time, 2050.02 real, 544 MB
[runlim] sample:		2059.03 time, 2060.02 real, 546 MB
[runlim] sample:		2069.03 time, 2070.02 real, 547 MB
[runlim] sample:		2079.03 time, 2080.02 real, 548 MB
[runlim] sample:		2089.03 time, 2090.02 real, 549 MB
[runlim] sample:		2099.02 time, 2100.02 real, 551 MB
[runlim] sample:		2109.03 time, 2110.02 real, 554 MB
[runlim] sample:		2119.03 time, 2120.02 real, 555 MB
[runlim] sample:		2129.03 time, 2130.02 real, 556 MB
[runlim] sample:		2139.02 time, 2140.02 real, 558 MB
[runlim] sample:		2149.03 time, 2150.02 real, 559 MB
[runlim] sample:		2159.02 time, 2160.02 real, 560 MB
[runlim] sample:		2169.03 time, 2170.02 real, 562 MB
[runlim] sample:		2179.02 time, 2180.02 real, 563 MB
[runlim] sample:		2189.03 time, 2190.02 real, 565 MB
[runlim] sample:		2199.03 time, 2200.02 real, 566 MB
[runlim] sample:		2209.03 time, 2210.02 real, 567 MB
[runlim] sample:		2219.02 time, 2220.02 real, 569 MB
[runlim] sample:		2229.02 time, 2230.02 real, 570 MB
[runlim] sample:		2239.03 time, 2240.02 real, 571 MB
[runlim] sample:		2249.02 time, 2250.02 real, 572 MB
[runlim] sample:		2259.03 time, 2260.02 real, 573 MB
[runlim] sample:		2269.03 time, 2270.02 real, 575 MB
[runlim] sample:		2279.02 time, 2280.02 real, 576 MB
[runlim] sample:		2289.03 time, 2290.02 real, 577 MB
[runlim] sample:		2299.02 time, 2300.02 real, 579 MB
[runlim] sample:		2309.03 time, 2310.02 real, 579 MB
[runlim] sample:		2319.03 time, 2320.02 real, 583 MB
[runlim] sample:		2329.03 time, 2330.02 real, 584 MB
[runlim] sample:		2339.03 time, 2340.02 real, 585 MB
[runlim] sample:		2349.03 time, 2350.02 real, 586 MB
[runlim] sample:		2359.02 time, 2360.02 real, 588 MB
[runlim] sample:		2369.02 time, 2370.02 real, 589 MB
[runlim] sample:		2379.03 time, 2380.02 real, 590 MB
[runlim] sample:		2389.03 time, 2390.02 real, 592 MB
[runlim] sample:		2399.03 time, 2400.02 real, 593 MB
[runlim] sample:		2409.02 time, 2410.02 real, 594 MB
[runlim] sample:		2419.03 time, 2420.02 real, 595 MB
[runlim] sample:		2429.03 time, 2430.02 real, 596 MB
[runlim] sample:		2439.03 time, 2440.02 real, 597 MB
[runlim] sample:		2449.02 time, 2450.02 real, 599 MB
[runlim] sample:		2459.03 time, 2460.02 real, 599 MB
[runlim] sample:		2469.02 time, 2470.02 real, 600 MB
[runlim] sample:		2479.03 time, 2480.02 real, 601 MB
[runlim] sample:		2489.03 time, 2490.02 real, 602 MB
[runlim] sample:		2499.02 time, 2500.02 real, 604 MB
[runlim] sample:		2509.03 time, 2510.02 real, 605 MB
[runlim] sample:		2519.03 time, 2520.02 real, 607 MB
[runlim] sample:		2529.03 time, 2530.02 real, 609 MB
[runlim] sample:		2539.03 time, 2540.02 real, 612 MB
[runlim] sample:		2549.03 time, 2550.02 real, 613 MB
[runlim] sample:		2559.02 time, 2560.02 real, 614 MB
[runlim] sample:		2569.03 time, 2570.02 real, 615 MB
[runlim] sample:		2579.03 time, 2580.02 real, 616 MB
[runlim] sample:		2589.03 time, 2590.02 real, 617 MB
[runlim] sample:		2599.03 time, 2600.02 real, 618 MB
[runlim] sample:		2609.03 time, 2610.02 real, 620 MB
[runlim] sample:		2619.03 time, 2620.02 real, 621 MB
[runlim] sample:		2629.02 time, 2630.02 real, 622 MB
[runlim] sample:		2639.02 time, 2640.02 real, 623 MB
[runlim] sample:		2649.03 time, 2650.02 real, 624 MB
[runlim] sample:		2659.03 time, 2660.02 real, 626 MB
[runlim] sample:		2669.02 time, 2670.02 real, 627 MB
[runlim] sample:		2679.03 time, 2680.02 real, 627 MB
[runlim] sample:		2689.02 time, 2690.02 real, 629 MB
[runlim] sample:		2699.03 time, 2700.02 real, 630 MB
[runlim] end:			Thu Feb 27 10:48:55 2020
[runlim] status:		out of time
[runlim] result:		2
[runlim] children:		1
[runlim] real:			2700.13 seconds
[runlim] time:			2699.03 seconds
[runlim] space:			630 MB
[runlim] samples:		27000
