[runlim] version:		1.18
[runlim] host:			c3n17
[runlim] time limit:		2700 seconds
[runlim] real time limit:	2700 seconds
[runlim] space limit:		7000 MB
[runlim] argv[0]:		./binary
[runlim] argv[1]:		/data/cnf/ankit/Set1/stmt44_554_555.qdimacs
[runlim] start:			Thu Feb 27 10:03:55 2020
[runlim] child:			6892
[runlim] sample:		9.93 time, 10.02 real, 19 MB
[runlim] sample:		19.94 time, 20.02 real, 30 MB
[runlim] sample:		29.93 time, 30.02 real, 41 MB
[runlim] sample:		39.93 time, 40.02 real, 50 MB
[runlim] sample:		49.93 time, 50.02 real, 57 MB
[runlim] sample:		59.94 time, 60.02 real, 66 MB
[runlim] sample:		69.93 time, 70.02 real, 74 MB
[runlim] sample:		79.92 time, 80.02 real, 81 MB
[runlim] sample:		89.93 time, 90.02 real, 89 MB
[runlim] sample:		99.93 time, 100.02 real, 96 MB
[runlim] sample:		109.93 time, 110.02 real, 102 MB
[runlim] sample:		119.93 time, 120.02 real, 109 MB
[runlim] sample:		129.93 time, 130.02 real, 115 MB
[runlim] sample:		139.93 time, 140.02 real, 122 MB
[runlim] sample:		149.93 time, 150.02 real, 128 MB
[runlim] sample:		159.93 time, 160.02 real, 134 MB
[runlim] sample:		169.93 time, 170.02 real, 140 MB
[runlim] sample:		179.93 time, 180.02 real, 145 MB
[runlim] sample:		189.92 time, 190.02 real, 151 MB
[runlim] sample:		199.93 time, 200.02 real, 156 MB
[runlim] sample:		209.92 time, 210.02 real, 162 MB
[runlim] sample:		219.93 time, 220.02 real, 169 MB
[runlim] sample:		229.93 time, 230.02 real, 174 MB
[runlim] sample:		239.92 time, 240.02 real, 180 MB
[runlim] sample:		249.93 time, 250.02 real, 184 MB
[runlim] sample:		259.93 time, 260.02 real, 189 MB
[runlim] sample:		269.93 time, 270.02 real, 194 MB
[runlim] sample:		279.92 time, 280.02 real, 200 MB
[runlim] sample:		289.92 time, 290.02 real, 205 MB
[runlim] sample:		299.93 time, 300.02 real, 209 MB
[runlim] sample:		309.93 time, 310.02 real, 213 MB
[runlim] sample:		319.92 time, 320.02 real, 217 MB
[runlim] sample:		329.92 time, 330.02 real, 222 MB
[runlim] sample:		339.93 time, 340.02 real, 226 MB
[runlim] sample:		349.93 time, 350.02 real, 230 MB
[runlim] sample:		359.93 time, 360.02 real, 233 MB
[runlim] sample:		369.92 time, 370.02 real, 237 MB
[runlim] sample:		379.92 time, 380.02 real, 242 MB
[runlim] sample:		389.92 time, 390.02 real, 246 MB
[runlim] sample:		399.92 time, 400.02 real, 249 MB
[runlim] sample:		409.92 time, 410.02 real, 254 MB
[runlim] sample:		419.92 time, 420.02 real, 257 MB
[runlim] sample:		429.92 time, 430.02 real, 260 MB
[runlim] sample:		439.92 time, 440.02 real, 264 MB
[runlim] sample:		449.92 time, 450.02 real, 268 MB
[runlim] sample:		459.92 time, 460.02 real, 271 MB
[runlim] sample:		469.93 time, 470.02 real, 274 MB
[runlim] sample:		479.92 time, 480.02 real, 279 MB
[runlim] sample:		489.92 time, 490.02 real, 285 MB
[runlim] sample:		499.92 time, 500.02 real, 288 MB
[runlim] sample:		509.93 time, 510.02 real, 291 MB
[runlim] sample:		519.93 time, 520.02 real, 294 MB
[runlim] sample:		529.92 time, 530.02 real, 297 MB
[runlim] sample:		539.92 time, 540.02 real, 302 MB
[runlim] sample:		549.92 time, 550.02 real, 305 MB
[runlim] sample:		559.92 time, 560.02 real, 308 MB
[runlim] sample:		569.92 time, 570.02 real, 311 MB
[runlim] sample:		579.93 time, 580.02 real, 315 MB
[runlim] sample:		589.92 time, 590.02 real, 317 MB
[runlim] sample:		599.92 time, 600.02 real, 321 MB
[runlim] sample:		609.92 time, 610.02 real, 324 MB
[runlim] sample:		619.93 time, 620.02 real, 327 MB
[runlim] sample:		629.92 time, 630.02 real, 331 MB
[runlim] sample:		639.92 time, 640.02 real, 334 MB
[runlim] sample:		649.92 time, 650.02 real, 337 MB
[runlim] sample:		659.92 time, 660.02 real, 340 MB
[runlim] sample:		669.92 time, 670.02 real, 342 MB
[runlim] sample:		679.92 time, 680.02 real, 345 MB
[runlim] sample:		689.92 time, 690.02 real, 348 MB
[runlim] sample:		699.93 time, 700.02 real, 352 MB
[runlim] sample:		709.92 time, 710.02 real, 355 MB
[runlim] sample:		719.92 time, 720.02 real, 357 MB
[runlim] sample:		729.93 time, 730.02 real, 361 MB
[runlim] sample:		739.93 time, 740.02 real, 365 MB
[runlim] sample:		749.92 time, 750.02 real, 368 MB
[runlim] sample:		759.92 time, 760.02 real, 370 MB
[runlim] sample:		769.92 time, 770.02 real, 372 MB
[runlim] sample:		779.92 time, 780.02 real, 375 MB
[runlim] sample:		789.92 time, 790.02 real, 379 MB
[runlim] sample:		799.92 time, 800.02 real, 381 MB
[runlim] sample:		809.92 time, 810.02 real, 384 MB
[runlim] sample:		819.92 time, 820.02 real, 388 MB
[runlim] sample:		829.92 time, 830.02 real, 390 MB
[runlim] sample:		839.92 time, 840.02 real, 394 MB
[runlim] sample:		849.92 time, 850.02 real, 397 MB
[runlim] sample:		859.92 time, 860.02 real, 399 MB
[runlim] sample:		869.92 time, 870.02 real, 403 MB
[runlim] sample:		879.92 time, 880.02 real, 405 MB
[runlim] sample:		889.92 time, 890.02 real, 408 MB
[runlim] sample:		899.92 time, 900.02 real, 411 MB
[runlim] sample:		909.92 time, 910.02 real, 413 MB
[runlim] sample:		919.92 time, 920.02 real, 416 MB
[runlim] sample:		929.92 time, 930.02 real, 419 MB
[runlim] sample:		939.92 time, 940.02 real, 421 MB
[runlim] sample:		949.92 time, 950.02 real, 424 MB
[runlim] sample:		959.92 time, 960.02 real, 426 MB
[runlim] sample:		969.92 time, 970.02 real, 428 MB
[runlim] sample:		979.92 time, 980.02 real, 431 MB
[runlim] sample:		989.92 time, 990.02 real, 434 MB
[runlim] sample:		999.91 time, 1000.02 real, 435 MB
[runlim] sample:		1009.92 time, 1010.02 real, 437 MB
[runlim] sample:		1019.92 time, 1020.02 real, 440 MB
[runlim] sample:		1029.92 time, 1030.02 real, 444 MB
[runlim] sample:		1039.91 time, 1040.02 real, 446 MB
[runlim] sample:		1049.92 time, 1050.02 real, 449 MB
[runlim] sample:		1059.91 time, 1060.02 real, 452 MB
[runlim] sample:		1069.92 time, 1070.02 real, 454 MB
[runlim] sample:		1079.92 time, 1080.02 real, 456 MB
[runlim] sample:		1089.91 time, 1090.02 real, 458 MB
[runlim] sample:		1099.92 time, 1100.02 real, 461 MB
[runlim] sample:		1109.92 time, 1110.02 real, 463 MB
[runlim] sample:		1119.92 time, 1120.02 real, 465 MB
[runlim] sample:		1129.91 time, 1130.02 real, 467 MB
[runlim] sample:		1139.91 time, 1140.02 real, 469 MB
[runlim] sample:		1149.91 time, 1150.02 real, 471 MB
[runlim] sample:		1159.91 time, 1160.02 real, 474 MB
[runlim] sample:		1169.92 time, 1170.02 real, 476 MB
[runlim] sample:		1179.92 time, 1180.02 real, 478 MB
[runlim] sample:		1189.92 time, 1190.02 real, 480 MB
[runlim] sample:		1199.92 time, 1200.02 real, 482 MB
[runlim] sample:		1209.91 time, 1210.02 real, 484 MB
[runlim] sample:		1219.92 time, 1220.02 real, 486 MB
[runlim] sample:		1229.91 time, 1230.02 real, 488 MB
[runlim] sample:		1239.91 time, 1240.02 real, 490 MB
[runlim] sample:		1249.91 time, 1250.02 real, 492 MB
[runlim] sample:		1259.91 time, 1260.02 real, 494 MB
[runlim] sample:		1269.92 time, 1270.02 real, 496 MB
[runlim] sample:		1279.91 time, 1280.02 real, 498 MB
[runlim] sample:		1289.92 time, 1290.02 real, 502 MB
[runlim] sample:		1299.91 time, 1300.02 real, 504 MB
[runlim] sample:		1309.91 time, 1310.02 real, 507 MB
[runlim] sample:		1319.91 time, 1320.02 real, 509 MB
[runlim] sample:		1329.92 time, 1330.02 real, 510 MB
[runlim] sample:		1339.91 time, 1340.02 real, 513 MB
[runlim] sample:		1349.91 time, 1350.02 real, 515 MB
[runlim] sample:		1359.91 time, 1360.02 real, 517 MB
[runlim] sample:		1369.91 time, 1370.02 real, 519 MB
[runlim] sample:		1379.91 time, 1380.02 real, 521 MB
[runlim] sample:		1389.92 time, 1390.02 real, 523 MB
[runlim] sample:		1399.91 time, 1400.02 real, 525 MB
[runlim] sample:		1409.91 time, 1410.02 real, 527 MB
[runlim] sample:		1419.91 time, 1420.02 real, 528 MB
[runlim] sample:		1429.91 time, 1430.02 real, 531 MB
[runlim] sample:		1439.91 time, 1440.02 real, 532 MB
[runlim] sample:		1449.91 time, 1450.02 real, 534 MB
[runlim] sample:		1459.91 time, 1460.02 real, 536 MB
[runlim] sample:		1469.91 time, 1470.02 real, 538 MB
[runlim] sample:		1479.91 time, 1480.02 real, 540 MB
[runlim] sample:		1489.90 time, 1490.02 real, 542 MB
[runlim] sample:		1499.87 time, 1500.02 real, 543 MB
[runlim] sample:		1509.85 time, 1510.02 real, 548 MB
[runlim] sample:		1519.83 time, 1520.02 real, 549 MB
[runlim] sample:		1529.84 time, 1530.02 real, 550 MB
[runlim] sample:		1539.83 time, 1540.02 real, 552 MB
[runlim] sample:		1549.83 time, 1550.02 real, 553 MB
[runlim] sample:		1559.84 time, 1560.02 real, 555 MB
[runlim] sample:		1569.83 time, 1570.02 real, 557 MB
[runlim] sample:		1579.83 time, 1580.02 real, 558 MB
[runlim] sample:		1589.83 time, 1590.02 real, 560 MB
[runlim] sample:		1599.83 time, 1600.02 real, 562 MB
[runlim] sample:		1609.83 time, 1610.02 real, 564 MB
[runlim] sample:		1619.83 time, 1620.02 real, 565 MB
[runlim] sample:		1629.83 time, 1630.02 real, 567 MB
[runlim] sample:		1639.83 time, 1640.02 real, 569 MB
[runlim] sample:		1649.83 time, 1650.02 real, 570 MB
[runlim] sample:		1659.83 time, 1660.02 real, 572 MB
[runlim] sample:		1669.83 time, 1670.02 real, 575 MB
[runlim] sample:		1679.83 time, 1680.02 real, 577 MB
[runlim] sample:		1689.83 time, 1690.02 real, 578 MB
[runlim] sample:		1699.83 time, 1700.02 real, 579 MB
[runlim] sample:		1709.83 time, 1710.02 real, 581 MB
[runlim] sample:		1719.82 time, 1720.02 real, 583 MB
[runlim] sample:		1729.83 time, 1730.02 real, 585 MB
[runlim] sample:		1739.83 time, 1740.02 real, 586 MB
[runlim] sample:		1749.83 time, 1750.02 real, 588 MB
[runlim] sample:		1759.83 time, 1760.02 real, 590 MB
[runlim] sample:		1769.83 time, 1770.02 real, 592 MB
[runlim] sample:		1779.83 time, 1780.02 real, 593 MB
[runlim] sample:		1789.83 time, 1790.02 real, 597 MB
[runlim] sample:		1799.83 time, 1800.02 real, 599 MB
[runlim] sample:		1809.83 time, 1810.02 real, 602 MB
[runlim] sample:		1819.83 time, 1820.02 real, 604 MB
[runlim] sample:		1829.83 time, 1830.02 real, 605 MB
[runlim] sample:		1839.83 time, 1840.02 real, 607 MB
[runlim] sample:		1849.83 time, 1850.02 real, 609 MB
[runlim] sample:		1859.83 time, 1860.02 real, 611 MB
[runlim] sample:		1869.83 time, 1870.02 real, 613 MB
[runlim] sample:		1879.83 time, 1880.02 real, 614 MB
[runlim] sample:		1889.82 time, 1890.02 real, 616 MB
[runlim] sample:		1899.83 time, 1900.02 real, 618 MB
[runlim] sample:		1909.82 time, 1910.02 real, 620 MB
[runlim] sample:		1919.82 time, 1920.02 real, 621 MB
[runlim] sample:		1929.82 time, 1930.02 real, 623 MB
[runlim] sample:		1939.82 time, 1940.02 real, 625 MB
[runlim] sample:		1949.82 time, 1950.02 real, 626 MB
[runlim] sample:		1959.83 time, 1960.02 real, 627 MB
[runlim] sample:		1969.82 time, 1970.02 real, 630 MB
[runlim] sample:		1979.83 time, 1980.02 real, 632 MB
[runlim] sample:		1989.83 time, 1990.02 real, 634 MB
[runlim] sample:		1999.82 time, 2000.02 real, 635 MB
[runlim] sample:		2009.82 time, 2010.02 real, 636 MB
[runlim] sample:		2019.83 time, 2020.02 real, 638 MB
[runlim] sample:		2029.82 time, 2030.02 real, 638 MB
[runlim] sample:		2039.82 time, 2040.02 real, 640 MB
[runlim] sample:		2049.82 time, 2050.02 real, 643 MB
[runlim] sample:		2059.82 time, 2060.02 real, 644 MB
[runlim] sample:		2069.83 time, 2070.02 real, 646 MB
[runlim] sample:		2079.82 time, 2080.02 real, 648 MB
[runlim] sample:		2089.82 time, 2090.02 real, 649 MB
[runlim] sample:		2099.83 time, 2100.02 real, 651 MB
[runlim] sample:		2109.82 time, 2110.02 real, 652 MB
[runlim] sample:		2119.82 time, 2120.02 real, 653 MB
[runlim] sample:		2129.83 time, 2130.02 real, 654 MB
[runlim] sample:		2139.83 time, 2140.02 real, 656 MB
[runlim] sample:		2149.82 time, 2150.02 real, 658 MB
[runlim] sample:		2159.82 time, 2160.02 real, 659 MB
[runlim] sample:		2169.82 time, 2170.02 real, 661 MB
[runlim] sample:		2179.82 time, 2180.02 real, 662 MB
[runlim] sample:		2189.82 time, 2190.02 real, 664 MB
[runlim] sample:		2199.82 time, 2200.02 real, 667 MB
[runlim] sample:		2209.82 time, 2210.02 real, 669 MB
[runlim] sample:		2219.82 time, 2220.02 real, 670 MB
[runlim] sample:		2229.82 time, 2230.02 real, 672 MB
[runlim] sample:		2239.82 time, 2240.02 real, 674 MB
[runlim] sample:		2249.82 time, 2250.02 real, 675 MB
[runlim] sample:		2259.82 time, 2260.02 real, 677 MB
[runlim] sample:		2269.82 time, 2270.02 real, 681 MB
[runlim] sample:		2279.83 time, 2280.02 real, 683 MB
[runlim] sample:		2289.82 time, 2290.02 real, 684 MB
[runlim] sample:		2299.82 time, 2300.02 real, 685 MB
[runlim] sample:		2309.82 time, 2310.02 real, 687 MB
[runlim] sample:		2319.82 time, 2320.02 real, 688 MB
[runlim] sample:		2329.82 time, 2330.02 real, 689 MB
[runlim] sample:		2339.82 time, 2340.02 real, 690 MB
[runlim] sample:		2349.82 time, 2350.02 real, 692 MB
[runlim] sample:		2359.82 time, 2360.02 real, 694 MB
[runlim] sample:		2369.82 time, 2370.02 real, 695 MB
[runlim] sample:		2379.80 time, 2380.02 real, 697 MB
[runlim] sample:		2389.77 time, 2390.02 real, 697 MB
[runlim] sample:		2399.74 time, 2400.02 real, 699 MB
[runlim] sample:		2409.72 time, 2410.02 real, 700 MB
[runlim] sample:		2419.69 time, 2420.02 real, 703 MB
[runlim] sample:		2429.67 time, 2430.02 real, 704 MB
[runlim] sample:		2439.64 time, 2440.02 real, 705 MB
[runlim] sample:		2449.61 time, 2450.02 real, 706 MB
[runlim] sample:		2459.58 time, 2460.02 real, 707 MB
[runlim] sample:		2469.55 time, 2470.02 real, 709 MB
[runlim] sample:		2479.52 time, 2480.02 real, 710 MB
[runlim] sample:		2489.50 time, 2490.02 real, 711 MB
[runlim] sample:		2499.48 time, 2500.02 real, 713 MB
[runlim] sample:		2509.45 time, 2510.02 real, 715 MB
[runlim] sample:		2519.42 time, 2520.02 real, 716 MB
[runlim] sample:		2529.40 time, 2530.02 real, 717 MB
[runlim] sample:		2539.37 time, 2540.02 real, 719 MB
[runlim] sample:		2549.34 time, 2550.02 real, 720 MB
[runlim] sample:		2559.31 time, 2560.02 real, 721 MB
[runlim] sample:		2569.28 time, 2570.02 real, 722 MB
[runlim] sample:		2579.26 time, 2580.02 real, 724 MB
[runlim] sample:		2589.23 time, 2590.02 real, 725 MB
[runlim] sample:		2599.21 time, 2600.02 real, 727 MB
[runlim] sample:		2609.17 time, 2610.02 real, 728 MB
[runlim] sample:		2619.15 time, 2620.02 real, 729 MB
[runlim] sample:		2629.12 time, 2630.02 real, 731 MB
[runlim] sample:		2639.10 time, 2640.02 real, 732 MB
[runlim] sample:		2649.06 time, 2650.02 real, 733 MB
[runlim] sample:		2659.04 time, 2660.02 real, 734 MB
[runlim] sample:		2669.01 time, 2670.02 real, 735 MB
[runlim] sample:		2678.99 time, 2680.02 real, 736 MB
[runlim] sample:		2688.96 time, 2690.02 real, 738 MB
[runlim] sample:		2698.93 time, 2700.02 real, 740 MB
[runlim] end:			Thu Feb 27 10:48:55 2020
[runlim] status:		out of time
[runlim] result:		2
[runlim] children:		1
[runlim] real:			2700.11 seconds
[runlim] time:			2698.93 seconds
[runlim] space:			740 MB
[runlim] samples:		27000
