[runlim] version:		1.18
[runlim] host:			c3n15
[runlim] time limit:		2700 seconds
[runlim] real time limit:	2700 seconds
[runlim] space limit:		7000 MB
[runlim] argv[0]:		./binary
[runlim] argv[1]:		/data/cnf/ankit/Set1/stmt1_953_954.qdimacs
[runlim] start:			Thu Feb 27 10:03:54 2020
[runlim] child:			7271
[runlim] sample:		9.78 time, 10.02 real, 21 MB
[runlim] sample:		19.78 time, 20.02 real, 33 MB
[runlim] sample:		29.78 time, 30.02 real, 43 MB
[runlim] sample:		39.78 time, 40.02 real, 52 MB
[runlim] sample:		49.78 time, 50.02 real, 61 MB
[runlim] sample:		59.78 time, 60.02 real, 70 MB
[runlim] sample:		69.78 time, 70.02 real, 79 MB
[runlim] sample:		79.78 time, 80.02 real, 86 MB
[runlim] sample:		89.78 time, 90.02 real, 94 MB
[runlim] sample:		99.78 time, 100.02 real, 102 MB
[runlim] sample:		109.78 time, 110.02 real, 109 MB
[runlim] sample:		119.78 time, 120.02 real, 116 MB
[runlim] sample:		129.77 time, 130.02 real, 122 MB
[runlim] sample:		139.78 time, 140.02 real, 129 MB
[runlim] sample:		149.78 time, 150.02 real, 135 MB
[runlim] sample:		159.78 time, 160.02 real, 140 MB
[runlim] sample:		169.78 time, 170.02 real, 146 MB
[runlim] sample:		179.78 time, 180.02 real, 152 MB
[runlim] sample:		189.78 time, 190.02 real, 158 MB
[runlim] sample:		199.79 time, 200.02 real, 164 MB
[runlim] sample:		209.79 time, 210.02 real, 170 MB
[runlim] sample:		219.78 time, 220.02 real, 175 MB
[runlim] sample:		229.77 time, 230.02 real, 180 MB
[runlim] sample:		239.78 time, 240.02 real, 185 MB
[runlim] sample:		249.78 time, 250.02 real, 189 MB
[runlim] sample:		259.77 time, 260.02 real, 194 MB
[runlim] sample:		269.77 time, 270.02 real, 199 MB
[runlim] sample:		279.77 time, 280.02 real, 205 MB
[runlim] sample:		289.78 time, 290.02 real, 209 MB
[runlim] sample:		299.78 time, 300.02 real, 213 MB
[runlim] sample:		309.77 time, 310.02 real, 218 MB
[runlim] sample:		319.77 time, 320.02 real, 223 MB
[runlim] sample:		329.77 time, 330.02 real, 227 MB
[runlim] sample:		339.77 time, 340.02 real, 231 MB
[runlim] sample:		349.78 time, 350.02 real, 234 MB
[runlim] sample:		359.77 time, 360.02 real, 238 MB
[runlim] sample:		369.77 time, 370.02 real, 242 MB
[runlim] sample:		379.78 time, 380.02 real, 245 MB
[runlim] sample:		389.78 time, 390.02 real, 249 MB
[runlim] sample:		399.77 time, 400.02 real, 254 MB
[runlim] sample:		409.78 time, 410.02 real, 258 MB
[runlim] sample:		419.77 time, 420.02 real, 262 MB
[runlim] sample:		429.77 time, 430.02 real, 265 MB
[runlim] sample:		439.77 time, 440.02 real, 269 MB
[runlim] sample:		449.77 time, 450.02 real, 273 MB
[runlim] sample:		459.77 time, 460.02 real, 276 MB
[runlim] sample:		469.77 time, 470.02 real, 280 MB
[runlim] sample:		479.77 time, 480.02 real, 284 MB
[runlim] sample:		489.77 time, 490.02 real, 287 MB
[runlim] sample:		499.78 time, 500.02 real, 291 MB
[runlim] sample:		509.78 time, 510.02 real, 294 MB
[runlim] sample:		519.78 time, 520.02 real, 297 MB
[runlim] sample:		529.78 time, 530.02 real, 299 MB
[runlim] sample:		539.77 time, 540.02 real, 304 MB
[runlim] sample:		549.78 time, 550.02 real, 306 MB
[runlim] sample:		559.77 time, 560.02 real, 309 MB
[runlim] sample:		569.78 time, 570.02 real, 313 MB
[runlim] sample:		579.78 time, 580.02 real, 316 MB
[runlim] sample:		589.77 time, 590.02 real, 319 MB
[runlim] sample:		599.77 time, 600.02 real, 321 MB
[runlim] sample:		609.78 time, 610.02 real, 325 MB
[runlim] sample:		619.78 time, 620.02 real, 329 MB
[runlim] sample:		629.78 time, 630.02 real, 332 MB
[runlim] sample:		639.78 time, 640.02 real, 335 MB
[runlim] sample:		649.78 time, 650.02 real, 338 MB
[runlim] sample:		659.77 time, 660.02 real, 342 MB
[runlim] sample:		669.77 time, 670.02 real, 344 MB
[runlim] sample:		679.77 time, 680.02 real, 347 MB
[runlim] sample:		689.78 time, 690.02 real, 350 MB
[runlim] sample:		699.77 time, 700.02 real, 353 MB
[runlim] sample:		709.77 time, 710.02 real, 356 MB
[runlim] sample:		719.77 time, 720.02 real, 359 MB
[runlim] sample:		729.77 time, 730.02 real, 363 MB
[runlim] sample:		739.78 time, 740.02 real, 366 MB
[runlim] sample:		749.78 time, 750.02 real, 368 MB
[runlim] sample:		759.77 time, 760.02 real, 371 MB
[runlim] sample:		769.77 time, 770.02 real, 374 MB
[runlim] sample:		779.77 time, 780.02 real, 376 MB
[runlim] sample:		789.77 time, 790.02 real, 378 MB
[runlim] sample:		799.77 time, 800.02 real, 382 MB
[runlim] sample:		809.77 time, 810.02 real, 384 MB
[runlim] sample:		819.77 time, 820.02 real, 387 MB
[runlim] sample:		829.77 time, 830.02 real, 390 MB
[runlim] sample:		839.77 time, 840.02 real, 392 MB
[runlim] sample:		849.77 time, 850.02 real, 395 MB
[runlim] sample:		859.77 time, 860.02 real, 398 MB
[runlim] sample:		869.76 time, 870.02 real, 400 MB
[runlim] sample:		879.77 time, 880.02 real, 403 MB
[runlim] sample:		889.77 time, 890.02 real, 406 MB
[runlim] sample:		899.77 time, 900.02 real, 408 MB
[runlim] sample:		909.76 time, 910.02 real, 411 MB
[runlim] sample:		919.77 time, 920.02 real, 414 MB
[runlim] sample:		929.76 time, 930.02 real, 417 MB
[runlim] sample:		939.77 time, 940.02 real, 421 MB
[runlim] sample:		949.76 time, 950.02 real, 424 MB
[runlim] sample:		959.76 time, 960.02 real, 425 MB
[runlim] sample:		969.76 time, 970.02 real, 428 MB
[runlim] sample:		979.76 time, 980.02 real, 429 MB
[runlim] sample:		989.76 time, 990.02 real, 431 MB
[runlim] sample:		999.76 time, 1000.02 real, 433 MB
[runlim] sample:		1009.76 time, 1010.02 real, 435 MB
[runlim] sample:		1019.76 time, 1020.02 real, 437 MB
[runlim] sample:		1029.76 time, 1030.02 real, 439 MB
[runlim] sample:		1039.76 time, 1040.02 real, 441 MB
[runlim] sample:		1049.76 time, 1050.02 real, 444 MB
[runlim] sample:		1059.76 time, 1060.02 real, 445 MB
[runlim] sample:		1069.76 time, 1070.02 real, 446 MB
[runlim] sample:		1079.76 time, 1080.02 real, 449 MB
[runlim] sample:		1089.76 time, 1090.02 real, 452 MB
[runlim] sample:		1099.76 time, 1100.02 real, 454 MB
[runlim] sample:		1109.76 time, 1110.02 real, 456 MB
[runlim] sample:		1119.76 time, 1120.02 real, 458 MB
[runlim] sample:		1129.76 time, 1130.02 real, 461 MB
[runlim] sample:		1139.76 time, 1140.02 real, 462 MB
[runlim] sample:		1149.76 time, 1150.02 real, 465 MB
[runlim] sample:		1159.76 time, 1160.02 real, 468 MB
[runlim] sample:		1169.76 time, 1170.02 real, 472 MB
[runlim] sample:		1179.76 time, 1180.02 real, 474 MB
[runlim] sample:		1189.75 time, 1190.02 real, 476 MB
[runlim] sample:		1199.75 time, 1200.02 real, 478 MB
[runlim] sample:		1209.76 time, 1210.02 real, 479 MB
[runlim] sample:		1219.76 time, 1220.02 real, 482 MB
[runlim] sample:		1229.75 time, 1230.02 real, 486 MB
[runlim] sample:		1239.76 time, 1240.02 real, 488 MB
[runlim] sample:		1249.76 time, 1250.02 real, 490 MB
[runlim] sample:		1259.75 time, 1260.02 real, 492 MB
[runlim] sample:		1269.75 time, 1270.02 real, 494 MB
[runlim] sample:		1279.75 time, 1280.02 real, 496 MB
[runlim] sample:		1289.76 time, 1290.02 real, 498 MB
[runlim] sample:		1299.75 time, 1300.02 real, 500 MB
[runlim] sample:		1309.75 time, 1310.02 real, 502 MB
[runlim] sample:		1319.75 time, 1320.02 real, 503 MB
[runlim] sample:		1329.76 time, 1330.02 real, 505 MB
[runlim] sample:		1339.75 time, 1340.02 real, 507 MB
[runlim] sample:		1349.76 time, 1350.02 real, 509 MB
[runlim] sample:		1359.76 time, 1360.02 real, 511 MB
[runlim] sample:		1369.75 time, 1370.02 real, 515 MB
[runlim] sample:		1379.76 time, 1380.02 real, 517 MB
[runlim] sample:		1389.76 time, 1390.02 real, 519 MB
[runlim] sample:		1399.75 time, 1400.02 real, 521 MB
[runlim] sample:		1409.75 time, 1410.02 real, 524 MB
[runlim] sample:		1419.76 time, 1420.02 real, 525 MB
[runlim] sample:		1429.75 time, 1430.02 real, 526 MB
[runlim] sample:		1439.75 time, 1440.02 real, 528 MB
[runlim] sample:		1449.75 time, 1450.02 real, 530 MB
[runlim] sample:		1459.75 time, 1460.02 real, 532 MB
[runlim] sample:		1469.75 time, 1470.02 real, 534 MB
[runlim] sample:		1479.75 time, 1480.02 real, 536 MB
[runlim] sample:		1489.75 time, 1490.02 real, 538 MB
[runlim] sample:		1499.76 time, 1500.02 real, 539 MB
[runlim] sample:		1509.75 time, 1510.02 real, 542 MB
[runlim] sample:		1519.75 time, 1520.02 real, 544 MB
[runlim] sample:		1529.76 time, 1530.02 real, 547 MB
[runlim] sample:		1539.75 time, 1540.02 real, 549 MB
[runlim] sample:		1549.75 time, 1550.02 real, 551 MB
[runlim] sample:		1559.75 time, 1560.02 real, 553 MB
[runlim] sample:		1569.75 time, 1570.02 real, 554 MB
[runlim] sample:		1579.75 time, 1580.02 real, 556 MB
[runlim] sample:		1589.75 time, 1590.02 real, 558 MB
[runlim] sample:		1599.75 time, 1600.02 real, 560 MB
[runlim] sample:		1609.75 time, 1610.02 real, 561 MB
[runlim] sample:		1619.75 time, 1620.02 real, 563 MB
[runlim] sample:		1629.75 time, 1630.02 real, 564 MB
[runlim] sample:		1639.75 time, 1640.02 real, 566 MB
[runlim] sample:		1649.75 time, 1650.02 real, 568 MB
[runlim] sample:		1659.75 time, 1660.02 real, 570 MB
[runlim] sample:		1669.75 time, 1670.02 real, 572 MB
[runlim] sample:		1679.75 time, 1680.02 real, 573 MB
[runlim] sample:		1689.75 time, 1690.02 real, 575 MB
[runlim] sample:		1699.74 time, 1700.02 real, 577 MB
[runlim] sample:		1709.75 time, 1710.02 real, 579 MB
[runlim] sample:		1719.75 time, 1720.02 real, 580 MB
[runlim] sample:		1729.75 time, 1730.02 real, 581 MB
[runlim] sample:		1739.75 time, 1740.02 real, 582 MB
[runlim] sample:		1749.74 time, 1750.02 real, 584 MB
[runlim] sample:		1759.75 time, 1760.02 real, 585 MB
[runlim] sample:		1769.75 time, 1770.02 real, 588 MB
[runlim] sample:		1779.75 time, 1780.02 real, 590 MB
[runlim] sample:		1789.74 time, 1790.02 real, 592 MB
[runlim] sample:		1799.75 time, 1800.02 real, 593 MB
[runlim] sample:		1809.75 time, 1810.02 real, 595 MB
[runlim] sample:		1819.75 time, 1820.02 real, 596 MB
[runlim] sample:		1829.75 time, 1830.02 real, 598 MB
[runlim] sample:		1839.75 time, 1840.02 real, 600 MB
[runlim] sample:		1849.74 time, 1850.02 real, 602 MB
[runlim] sample:		1859.75 time, 1860.02 real, 603 MB
[runlim] sample:		1869.75 time, 1870.02 real, 605 MB
[runlim] sample:		1879.75 time, 1880.02 real, 606 MB
[runlim] sample:		1889.75 time, 1890.02 real, 607 MB
[runlim] sample:		1899.74 time, 1900.02 real, 609 MB
[runlim] sample:		1909.74 time, 1910.02 real, 610 MB
[runlim] sample:		1919.74 time, 1920.02 real, 611 MB
[runlim] sample:		1929.74 time, 1930.02 real, 613 MB
[runlim] sample:		1939.74 time, 1940.02 real, 615 MB
[runlim] sample:		1949.74 time, 1950.02 real, 618 MB
[runlim] sample:		1959.74 time, 1960.02 real, 619 MB
[runlim] sample:		1969.74 time, 1970.02 real, 620 MB
[runlim] sample:		1979.74 time, 1980.02 real, 621 MB
[runlim] sample:		1989.74 time, 1990.02 real, 623 MB
[runlim] sample:		1999.74 time, 2000.02 real, 625 MB
[runlim] sample:		2009.74 time, 2010.02 real, 626 MB
[runlim] sample:		2019.74 time, 2020.02 real, 628 MB
[runlim] sample:		2029.75 time, 2030.02 real, 630 MB
[runlim] sample:		2039.74 time, 2040.02 real, 632 MB
[runlim] sample:		2049.74 time, 2050.02 real, 634 MB
[runlim] sample:		2059.74 time, 2060.02 real, 636 MB
[runlim] sample:		2069.74 time, 2070.02 real, 637 MB
[runlim] sample:		2079.74 time, 2080.02 real, 638 MB
[runlim] sample:		2089.74 time, 2090.02 real, 639 MB
[runlim] sample:		2099.74 time, 2100.02 real, 641 MB
[runlim] sample:		2109.74 time, 2110.02 real, 643 MB
[runlim] sample:		2119.74 time, 2120.02 real, 644 MB
[runlim] sample:		2129.74 time, 2130.02 real, 646 MB
[runlim] sample:		2139.74 time, 2140.02 real, 649 MB
[runlim] sample:		2149.74 time, 2150.02 real, 652 MB
[runlim] sample:		2159.74 time, 2160.02 real, 653 MB
[runlim] sample:		2169.74 time, 2170.02 real, 655 MB
[runlim] sample:		2179.74 time, 2180.02 real, 656 MB
[runlim] sample:		2189.74 time, 2190.02 real, 657 MB
[runlim] sample:		2199.74 time, 2200.02 real, 658 MB
[runlim] sample:		2209.74 time, 2210.02 real, 660 MB
[runlim] sample:		2219.74 time, 2220.02 real, 662 MB
[runlim] sample:		2229.74 time, 2230.02 real, 663 MB
[runlim] sample:		2239.73 time, 2240.02 real, 665 MB
[runlim] sample:		2249.74 time, 2250.02 real, 666 MB
[runlim] sample:		2259.74 time, 2260.02 real, 667 MB
[runlim] sample:		2269.74 time, 2270.02 real, 669 MB
[runlim] sample:		2279.74 time, 2280.02 real, 670 MB
[runlim] sample:		2289.74 time, 2290.02 real, 672 MB
[runlim] sample:		2299.73 time, 2300.02 real, 675 MB
[runlim] sample:		2309.73 time, 2310.02 real, 677 MB
[runlim] sample:		2319.73 time, 2320.02 real, 678 MB
[runlim] sample:		2329.73 time, 2330.02 real, 681 MB
[runlim] sample:		2339.74 time, 2340.02 real, 682 MB
[runlim] sample:		2349.74 time, 2350.02 real, 684 MB
[runlim] sample:		2359.74 time, 2360.02 real, 687 MB
[runlim] sample:		2369.74 time, 2370.02 real, 688 MB
[runlim] sample:		2379.74 time, 2380.02 real, 690 MB
[runlim] sample:		2389.74 time, 2390.02 real, 691 MB
[runlim] sample:		2399.74 time, 2400.02 real, 693 MB
[runlim] sample:		2409.74 time, 2410.02 real, 695 MB
[runlim] sample:		2419.74 time, 2420.02 real, 696 MB
[runlim] sample:		2429.73 time, 2430.02 real, 697 MB
[runlim] sample:		2439.74 time, 2440.02 real, 699 MB
[runlim] sample:		2449.74 time, 2450.02 real, 700 MB
[runlim] sample:		2459.74 time, 2460.02 real, 701 MB
[runlim] sample:		2469.73 time, 2470.02 real, 701 MB
[runlim] sample:		2479.74 time, 2480.02 real, 703 MB
[runlim] sample:		2489.73 time, 2490.02 real, 705 MB
[runlim] sample:		2499.74 time, 2500.02 real, 706 MB
[runlim] sample:		2509.74 time, 2510.02 real, 708 MB
[runlim] sample:		2519.74 time, 2520.02 real, 709 MB
[runlim] sample:		2529.73 time, 2530.02 real, 711 MB
[runlim] sample:		2539.74 time, 2540.02 real, 713 MB
[runlim] sample:		2549.74 time, 2550.02 real, 714 MB
[runlim] sample:		2559.74 time, 2560.02 real, 715 MB
[runlim] sample:		2569.73 time, 2570.02 real, 717 MB
[runlim] sample:		2579.73 time, 2580.02 real, 718 MB
[runlim] sample:		2589.73 time, 2590.02 real, 720 MB
[runlim] sample:		2599.73 time, 2600.02 real, 721 MB
[runlim] sample:		2609.73 time, 2610.02 real, 722 MB
[runlim] sample:		2619.73 time, 2620.02 real, 724 MB
[runlim] sample:		2629.73 time, 2630.02 real, 725 MB
[runlim] sample:		2639.73 time, 2640.02 real, 726 MB
[runlim] sample:		2649.73 time, 2650.02 real, 727 MB
[runlim] sample:		2659.73 time, 2660.02 real, 729 MB
[runlim] sample:		2669.73 time, 2670.02 real, 730 MB
[runlim] sample:		2679.73 time, 2680.02 real, 732 MB
[runlim] sample:		2689.74 time, 2690.02 real, 733 MB
[runlim] sample:		2699.73 time, 2700.02 real, 735 MB
[runlim] end:			Thu Feb 27 10:48:54 2020
[runlim] status:		out of time
[runlim] result:		2
[runlim] children:		1
[runlim] real:			2700.15 seconds
[runlim] time:			2699.73 seconds
[runlim] space:			735 MB
[runlim] samples:		27000
