[runlim] version:		1.18
[runlim] host:			c3n14
[runlim] time limit:		2700 seconds
[runlim] real time limit:	2700 seconds
[runlim] space limit:		7000 MB
[runlim] argv[0]:		./binary
[runlim] argv[1]:		/data/cnf/ankit/Set1/stmt16_76_77.qdimacs
[runlim] start:			Thu Feb 27 10:03:56 2020
[runlim] child:			9949
[runlim] sample:		10.00 time, 10.02 real, 30 MB
[runlim] sample:		20.00 time, 20.02 real, 44 MB
[runlim] sample:		30.00 time, 30.02 real, 59 MB
[runlim] sample:		40.00 time, 40.02 real, 71 MB
[runlim] sample:		50.00 time, 50.02 real, 85 MB
[runlim] sample:		60.00 time, 60.02 real, 97 MB
[runlim] sample:		70.00 time, 70.02 real, 111 MB
[runlim] sample:		80.00 time, 80.02 real, 124 MB
[runlim] sample:		90.00 time, 90.02 real, 137 MB
[runlim] sample:		100.00 time, 100.02 real, 151 MB
[runlim] sample:		110.00 time, 110.02 real, 164 MB
[runlim] sample:		120.00 time, 120.02 real, 177 MB
[runlim] sample:		130.00 time, 130.02 real, 188 MB
[runlim] sample:		140.00 time, 140.02 real, 201 MB
[runlim] sample:		150.00 time, 150.02 real, 214 MB
[runlim] sample:		160.00 time, 160.02 real, 227 MB
[runlim] sample:		170.00 time, 170.02 real, 238 MB
[runlim] sample:		180.00 time, 180.02 real, 252 MB
[runlim] sample:		190.00 time, 190.02 real, 265 MB
[runlim] sample:		200.00 time, 200.02 real, 278 MB
[runlim] sample:		210.00 time, 210.02 real, 289 MB
[runlim] sample:		220.00 time, 220.02 real, 300 MB
[runlim] sample:		230.00 time, 230.02 real, 312 MB
[runlim] sample:		240.00 time, 240.02 real, 324 MB
[runlim] sample:		250.00 time, 250.02 real, 336 MB
[runlim] sample:		259.99 time, 260.02 real, 347 MB
[runlim] sample:		270.00 time, 270.02 real, 359 MB
[runlim] sample:		280.00 time, 280.02 real, 371 MB
[runlim] sample:		290.00 time, 290.02 real, 382 MB
[runlim] sample:		300.00 time, 300.02 real, 395 MB
[runlim] sample:		309.99 time, 310.02 real, 405 MB
[runlim] sample:		320.00 time, 320.02 real, 416 MB
[runlim] sample:		330.00 time, 330.02 real, 427 MB
[runlim] sample:		340.00 time, 340.02 real, 437 MB
[runlim] sample:		350.00 time, 350.02 real, 447 MB
[runlim] sample:		360.00 time, 360.02 real, 456 MB
[runlim] sample:		369.99 time, 370.02 real, 467 MB
[runlim] sample:		380.00 time, 380.02 real, 479 MB
[runlim] sample:		389.99 time, 390.02 real, 490 MB
[runlim] sample:		400.00 time, 400.02 real, 502 MB
[runlim] sample:		410.00 time, 410.02 real, 513 MB
[runlim] sample:		419.99 time, 420.02 real, 523 MB
[runlim] sample:		429.99 time, 430.02 real, 533 MB
[runlim] sample:		440.00 time, 440.02 real, 543 MB
[runlim] sample:		449.99 time, 450.02 real, 554 MB
[runlim] sample:		460.00 time, 460.02 real, 565 MB
[runlim] sample:		469.99 time, 470.02 real, 576 MB
[runlim] sample:		479.99 time, 480.02 real, 585 MB
[runlim] sample:		489.99 time, 490.02 real, 596 MB
[runlim] sample:		499.99 time, 500.02 real, 607 MB
[runlim] sample:		509.99 time, 510.02 real, 618 MB
[runlim] sample:		520.00 time, 520.02 real, 628 MB
[runlim] sample:		529.99 time, 530.02 real, 639 MB
[runlim] sample:		540.00 time, 540.02 real, 649 MB
[runlim] sample:		550.00 time, 550.02 real, 659 MB
[runlim] sample:		559.99 time, 560.02 real, 670 MB
[runlim] sample:		569.99 time, 570.02 real, 679 MB
[runlim] sample:		579.99 time, 580.02 real, 687 MB
[runlim] sample:		589.99 time, 590.02 real, 698 MB
[runlim] sample:		599.99 time, 600.02 real, 708 MB
[runlim] sample:		609.99 time, 610.02 real, 716 MB
[runlim] sample:		619.99 time, 620.02 real, 724 MB
[runlim] sample:		629.99 time, 630.02 real, 733 MB
[runlim] sample:		640.00 time, 640.02 real, 742 MB
[runlim] sample:		649.99 time, 650.02 real, 750 MB
[runlim] sample:		660.00 time, 660.02 real, 758 MB
[runlim] sample:		669.99 time, 670.02 real, 766 MB
[runlim] sample:		680.00 time, 680.02 real, 775 MB
[runlim] sample:		689.99 time, 690.02 real, 784 MB
[runlim] sample:		699.99 time, 700.02 real, 793 MB
[runlim] sample:		709.99 time, 710.02 real, 803 MB
[runlim] sample:		720.00 time, 720.02 real, 812 MB
[runlim] sample:		729.99 time, 730.02 real, 820 MB
[runlim] sample:		739.99 time, 740.02 real, 828 MB
[runlim] sample:		750.00 time, 750.02 real, 837 MB
[runlim] sample:		760.00 time, 760.02 real, 845 MB
[runlim] sample:		769.99 time, 770.02 real, 854 MB
[runlim] sample:		779.99 time, 780.02 real, 862 MB
[runlim] sample:		789.99 time, 790.02 real, 870 MB
[runlim] sample:		799.99 time, 800.02 real, 878 MB
[runlim] sample:		809.99 time, 810.02 real, 886 MB
[runlim] sample:		819.99 time, 820.02 real, 894 MB
[runlim] sample:		830.00 time, 830.02 real, 901 MB
[runlim] sample:		839.99 time, 840.02 real, 910 MB
[runlim] sample:		849.99 time, 850.02 real, 918 MB
[runlim] sample:		859.99 time, 860.02 real, 926 MB
[runlim] sample:		869.99 time, 870.02 real, 933 MB
[runlim] sample:		879.99 time, 880.02 real, 940 MB
[runlim] sample:		889.99 time, 890.02 real, 948 MB
[runlim] sample:		899.99 time, 900.02 real, 955 MB
[runlim] sample:		909.99 time, 910.02 real, 963 MB
[runlim] sample:		919.99 time, 920.02 real, 971 MB
[runlim] sample:		929.99 time, 930.02 real, 979 MB
[runlim] sample:		939.99 time, 940.02 real, 987 MB
[runlim] sample:		949.99 time, 950.02 real, 995 MB
[runlim] sample:		959.99 time, 960.02 real, 1003 MB
[runlim] sample:		969.99 time, 970.02 real, 1011 MB
[runlim] sample:		979.99 time, 980.02 real, 1020 MB
[runlim] sample:		989.98 time, 990.02 real, 1027 MB
[runlim] sample:		999.99 time, 1000.02 real, 1034 MB
[runlim] sample:		1009.99 time, 1010.02 real, 1041 MB
[runlim] sample:		1019.99 time, 1020.02 real, 1048 MB
[runlim] sample:		1029.99 time, 1030.02 real, 1054 MB
[runlim] sample:		1039.98 time, 1040.02 real, 1062 MB
[runlim] sample:		1049.99 time, 1050.02 real, 1068 MB
[runlim] sample:		1059.99 time, 1060.02 real, 1076 MB
[runlim] sample:		1069.99 time, 1070.02 real, 1084 MB
[runlim] sample:		1079.99 time, 1080.02 real, 1095 MB
[runlim] sample:		1089.99 time, 1090.02 real, 1102 MB
[runlim] sample:		1099.99 time, 1100.02 real, 1109 MB
[runlim] sample:		1109.98 time, 1110.02 real, 1116 MB
[runlim] sample:		1119.98 time, 1120.02 real, 1123 MB
[runlim] sample:		1129.98 time, 1130.02 real, 1132 MB
[runlim] sample:		1139.98 time, 1140.02 real, 1140 MB
[runlim] sample:		1149.99 time, 1150.02 real, 1148 MB
[runlim] sample:		1159.98 time, 1160.02 real, 1155 MB
[runlim] sample:		1169.98 time, 1170.02 real, 1162 MB
[runlim] sample:		1179.98 time, 1180.02 real, 1169 MB
[runlim] sample:		1189.99 time, 1190.02 real, 1175 MB
[runlim] sample:		1199.98 time, 1200.02 real, 1181 MB
[runlim] sample:		1209.99 time, 1210.02 real, 1188 MB
[runlim] sample:		1219.99 time, 1220.02 real, 1196 MB
[runlim] sample:		1229.99 time, 1230.02 real, 1205 MB
[runlim] sample:		1239.98 time, 1240.02 real, 1213 MB
[runlim] sample:		1249.99 time, 1250.02 real, 1220 MB
[runlim] sample:		1259.99 time, 1260.02 real, 1227 MB
[runlim] sample:		1269.98 time, 1270.02 real, 1234 MB
[runlim] sample:		1279.98 time, 1280.02 real, 1240 MB
[runlim] sample:		1289.99 time, 1290.02 real, 1246 MB
[runlim] sample:		1299.99 time, 1300.02 real, 1252 MB
[runlim] sample:		1309.99 time, 1310.02 real, 1262 MB
[runlim] sample:		1319.98 time, 1320.02 real, 1269 MB
[runlim] sample:		1329.98 time, 1330.02 real, 1276 MB
[runlim] sample:		1339.98 time, 1340.02 real, 1283 MB
[runlim] sample:		1349.98 time, 1350.02 real, 1291 MB
[runlim] sample:		1359.98 time, 1360.02 real, 1298 MB
[runlim] sample:		1369.98 time, 1370.02 real, 1305 MB
[runlim] sample:		1379.98 time, 1380.02 real, 1313 MB
[runlim] sample:		1389.98 time, 1390.02 real, 1321 MB
[runlim] sample:		1399.99 time, 1400.02 real, 1328 MB
[runlim] sample:		1409.98 time, 1410.02 real, 1336 MB
[runlim] sample:		1419.98 time, 1420.02 real, 1343 MB
[runlim] sample:		1429.98 time, 1430.02 real, 1349 MB
[runlim] sample:		1439.98 time, 1440.02 real, 1355 MB
[runlim] sample:		1449.98 time, 1450.02 real, 1361 MB
[runlim] sample:		1459.98 time, 1460.02 real, 1365 MB
[runlim] sample:		1469.98 time, 1470.02 real, 1372 MB
[runlim] sample:		1479.98 time, 1480.02 real, 1379 MB
[runlim] sample:		1489.98 time, 1490.02 real, 1386 MB
[runlim] sample:		1499.98 time, 1500.02 real, 1393 MB
[runlim] sample:		1509.98 time, 1510.02 real, 1400 MB
[runlim] sample:		1519.98 time, 1520.02 real, 1405 MB
[runlim] sample:		1529.98 time, 1530.02 real, 1412 MB
[runlim] sample:		1539.98 time, 1540.02 real, 1418 MB
[runlim] sample:		1549.98 time, 1550.02 real, 1425 MB
[runlim] sample:		1559.98 time, 1560.02 real, 1432 MB
[runlim] sample:		1569.98 time, 1570.02 real, 1439 MB
[runlim] sample:		1579.97 time, 1580.02 real, 1446 MB
[runlim] sample:		1589.98 time, 1590.02 real, 1453 MB
[runlim] sample:		1599.98 time, 1600.02 real, 1459 MB
[runlim] sample:		1609.98 time, 1610.02 real, 1465 MB
[runlim] sample:		1619.98 time, 1620.02 real, 1471 MB
[runlim] sample:		1629.98 time, 1630.02 real, 1478 MB
[runlim] sample:		1639.98 time, 1640.02 real, 1485 MB
[runlim] sample:		1649.98 time, 1650.02 real, 1490 MB
[runlim] sample:		1659.98 time, 1660.02 real, 1495 MB
[runlim] sample:		1669.98 time, 1670.02 real, 1501 MB
[runlim] sample:		1679.98 time, 1680.02 real, 1507 MB
[runlim] sample:		1689.97 time, 1690.02 real, 1516 MB
[runlim] sample:		1699.97 time, 1700.02 real, 1521 MB
[runlim] sample:		1709.98 time, 1710.02 real, 1528 MB
[runlim] sample:		1719.98 time, 1720.02 real, 1534 MB
[runlim] sample:		1729.98 time, 1730.02 real, 1540 MB
[runlim] sample:		1739.98 time, 1740.02 real, 1546 MB
[runlim] sample:		1749.97 time, 1750.02 real, 1551 MB
[runlim] sample:		1759.98 time, 1760.02 real, 1558 MB
[runlim] sample:		1769.97 time, 1770.02 real, 1565 MB
[runlim] sample:		1779.98 time, 1780.02 real, 1571 MB
[runlim] sample:		1789.97 time, 1790.02 real, 1578 MB
[runlim] sample:		1799.98 time, 1800.02 real, 1584 MB
[runlim] sample:		1809.98 time, 1810.02 real, 1590 MB
[runlim] sample:		1819.98 time, 1820.02 real, 1597 MB
[runlim] sample:		1829.97 time, 1830.02 real, 1603 MB
[runlim] sample:		1839.97 time, 1840.02 real, 1608 MB
[runlim] sample:		1849.97 time, 1850.02 real, 1615 MB
[runlim] sample:		1859.98 time, 1860.02 real, 1620 MB
[runlim] sample:		1869.97 time, 1870.02 real, 1626 MB
[runlim] sample:		1879.97 time, 1880.02 real, 1632 MB
[runlim] sample:		1889.98 time, 1890.02 real, 1637 MB
[runlim] sample:		1899.97 time, 1900.02 real, 1643 MB
[runlim] sample:		1909.98 time, 1910.02 real, 1649 MB
[runlim] sample:		1919.98 time, 1920.02 real, 1654 MB
[runlim] sample:		1929.98 time, 1930.02 real, 1660 MB
[runlim] sample:		1939.97 time, 1940.02 real, 1668 MB
[runlim] sample:		1949.97 time, 1950.02 real, 1674 MB
[runlim] sample:		1959.97 time, 1960.02 real, 1680 MB
[runlim] sample:		1969.98 time, 1970.02 real, 1685 MB
[runlim] sample:		1979.97 time, 1980.02 real, 1691 MB
[runlim] sample:		1989.98 time, 1990.02 real, 1697 MB
[runlim] sample:		1999.97 time, 2000.02 real, 1704 MB
[runlim] sample:		2009.97 time, 2010.02 real, 1710 MB
[runlim] sample:		2019.98 time, 2020.02 real, 1716 MB
[runlim] sample:		2029.97 time, 2030.02 real, 1721 MB
[runlim] sample:		2039.97 time, 2040.02 real, 1730 MB
[runlim] sample:		2049.97 time, 2050.02 real, 1738 MB
[runlim] sample:		2059.98 time, 2060.02 real, 1743 MB
[runlim] sample:		2069.97 time, 2070.02 real, 1749 MB
[runlim] sample:		2079.97 time, 2080.02 real, 1755 MB
[runlim] sample:		2089.97 time, 2090.02 real, 1761 MB
[runlim] sample:		2099.97 time, 2100.02 real, 1766 MB
[runlim] sample:		2109.97 time, 2110.02 real, 1773 MB
[runlim] sample:		2119.97 time, 2120.02 real, 1778 MB
[runlim] sample:		2129.97 time, 2130.02 real, 1783 MB
[runlim] sample:		2139.97 time, 2140.02 real, 1788 MB
[runlim] sample:		2149.97 time, 2150.02 real, 1793 MB
[runlim] sample:		2159.97 time, 2160.02 real, 1800 MB
[runlim] sample:		2169.97 time, 2170.02 real, 1807 MB
[runlim] sample:		2179.97 time, 2180.02 real, 1812 MB
[runlim] sample:		2189.97 time, 2190.02 real, 1817 MB
[runlim] sample:		2199.97 time, 2200.02 real, 1822 MB
[runlim] sample:		2209.97 time, 2210.02 real, 1827 MB
[runlim] sample:		2219.97 time, 2220.02 real, 1833 MB
[runlim] sample:		2229.96 time, 2230.02 real, 1839 MB
[runlim] sample:		2239.97 time, 2240.02 real, 1844 MB
[runlim] sample:		2249.97 time, 2250.02 real, 1850 MB
[runlim] sample:		2259.96 time, 2260.02 real, 1855 MB
[runlim] sample:		2269.96 time, 2270.02 real, 1861 MB
[runlim] sample:		2279.97 time, 2280.02 real, 1866 MB
[runlim] sample:		2289.96 time, 2290.02 real, 1872 MB
[runlim] sample:		2299.97 time, 2300.02 real, 1877 MB
[runlim] sample:		2309.97 time, 2310.02 real, 1883 MB
[runlim] sample:		2319.97 time, 2320.02 real, 1890 MB
[runlim] sample:		2329.97 time, 2330.02 real, 1895 MB
[runlim] sample:		2339.97 time, 2340.02 real, 1900 MB
[runlim] sample:		2349.97 time, 2350.02 real, 1905 MB
[runlim] sample:		2359.97 time, 2360.02 real, 1910 MB
[runlim] sample:		2369.97 time, 2370.02 real, 1915 MB
[runlim] sample:		2379.97 time, 2380.02 real, 1921 MB
[runlim] sample:		2389.97 time, 2390.02 real, 1926 MB
[runlim] sample:		2399.97 time, 2400.02 real, 1932 MB
[runlim] sample:		2409.97 time, 2410.02 real, 1938 MB
[runlim] sample:		2419.96 time, 2420.02 real, 1944 MB
[runlim] sample:		2429.96 time, 2430.02 real, 1950 MB
[runlim] sample:		2439.96 time, 2440.02 real, 1955 MB
[runlim] sample:		2449.96 time, 2450.02 real, 1961 MB
[runlim] sample:		2459.96 time, 2460.02 real, 1966 MB
[runlim] sample:		2469.96 time, 2470.02 real, 1971 MB
[runlim] sample:		2479.96 time, 2480.02 real, 1977 MB
[runlim] sample:		2489.96 time, 2490.02 real, 1981 MB
[runlim] sample:		2499.97 time, 2500.02 real, 1986 MB
[runlim] sample:		2509.96 time, 2510.02 real, 1992 MB
[runlim] sample:		2519.97 time, 2520.02 real, 1998 MB
[runlim] sample:		2529.96 time, 2530.02 real, 2004 MB
[runlim] sample:		2539.96 time, 2540.02 real, 2011 MB
[runlim] sample:		2549.96 time, 2550.02 real, 2018 MB
[runlim] sample:		2559.96 time, 2560.02 real, 2024 MB
[runlim] sample:		2569.97 time, 2570.02 real, 2030 MB
[runlim] sample:		2579.96 time, 2580.02 real, 2035 MB
[runlim] sample:		2589.96 time, 2590.02 real, 2044 MB
[runlim] sample:		2599.96 time, 2600.02 real, 2050 MB
[runlim] sample:		2609.96 time, 2610.02 real, 2057 MB
[runlim] sample:		2619.96 time, 2620.02 real, 2063 MB
[runlim] sample:		2629.96 time, 2630.02 real, 2069 MB
[runlim] sample:		2639.96 time, 2640.02 real, 2075 MB
[runlim] sample:		2649.96 time, 2650.02 real, 2080 MB
[runlim] sample:		2659.96 time, 2660.02 real, 2085 MB
[runlim] sample:		2669.97 time, 2670.02 real, 2090 MB
[runlim] sample:		2679.96 time, 2680.02 real, 2095 MB
[runlim] sample:		2689.96 time, 2690.02 real, 2100 MB
[runlim] sample:		2699.96 time, 2700.02 real, 2104 MB
[runlim] end:			Thu Feb 27 10:48:56 2020
[runlim] status:		out of time
[runlim] result:		2
[runlim] children:		1
[runlim] real:			2700.15 seconds
[runlim] time:			2699.96 seconds
[runlim] space:			2104 MB
[runlim] samples:		27000
