[runlim] version:		1.18
[runlim] host:			c3n14
[runlim] time limit:		2700 seconds
[runlim] real time limit:	2700 seconds
[runlim] space limit:		7000 MB
[runlim] argv[0]:		./binary
[runlim] argv[1]:		/data/cnf/ankit/Set1/stmt16_818_819.qdimacs
[runlim] start:			Thu Feb 27 10:03:56 2020
[runlim] child:			9922
[runlim] sample:		10.00 time, 10.02 real, 26 MB
[runlim] sample:		20.00 time, 20.02 real, 40 MB
[runlim] sample:		30.00 time, 30.02 real, 46 MB
[runlim] sample:		40.00 time, 40.02 real, 58 MB
[runlim] sample:		50.00 time, 50.02 real, 70 MB
[runlim] sample:		60.00 time, 60.02 real, 80 MB
[runlim] sample:		69.99 time, 70.02 real, 90 MB
[runlim] sample:		79.99 time, 80.02 real, 99 MB
[runlim] sample:		89.99 time, 90.02 real, 108 MB
[runlim] sample:		99.99 time, 100.02 real, 117 MB
[runlim] sample:		109.99 time, 110.02 real, 104 MB
[runlim] sample:		119.99 time, 120.02 real, 112 MB
[runlim] sample:		129.99 time, 130.02 real, 120 MB
[runlim] sample:		139.99 time, 140.02 real, 126 MB
[runlim] sample:		149.99 time, 150.02 real, 133 MB
[runlim] sample:		159.98 time, 160.02 real, 140 MB
[runlim] sample:		169.99 time, 170.02 real, 147 MB
[runlim] sample:		179.98 time, 180.02 real, 153 MB
[runlim] sample:		189.99 time, 190.02 real, 161 MB
[runlim] sample:		199.99 time, 200.02 real, 167 MB
[runlim] sample:		209.99 time, 210.02 real, 172 MB
[runlim] sample:		219.99 time, 220.02 real, 179 MB
[runlim] sample:		229.99 time, 230.02 real, 184 MB
[runlim] sample:		239.99 time, 240.02 real, 188 MB
[runlim] sample:		249.99 time, 250.02 real, 194 MB
[runlim] sample:		259.99 time, 260.02 real, 200 MB
[runlim] sample:		269.98 time, 270.02 real, 205 MB
[runlim] sample:		279.98 time, 280.02 real, 209 MB
[runlim] sample:		289.98 time, 290.02 real, 215 MB
[runlim] sample:		299.98 time, 300.02 real, 220 MB
[runlim] sample:		309.98 time, 310.02 real, 224 MB
[runlim] sample:		319.98 time, 320.02 real, 229 MB
[runlim] sample:		329.98 time, 330.02 real, 233 MB
[runlim] sample:		339.98 time, 340.02 real, 237 MB
[runlim] sample:		349.97 time, 350.02 real, 241 MB
[runlim] sample:		359.98 time, 360.02 real, 247 MB
[runlim] sample:		369.97 time, 370.02 real, 250 MB
[runlim] sample:		379.97 time, 380.02 real, 254 MB
[runlim] sample:		389.98 time, 390.02 real, 258 MB
[runlim] sample:		399.97 time, 400.02 real, 262 MB
[runlim] sample:		409.98 time, 410.02 real, 267 MB
[runlim] sample:		419.97 time, 420.02 real, 270 MB
[runlim] sample:		429.97 time, 430.02 real, 273 MB
[runlim] sample:		439.97 time, 440.02 real, 277 MB
[runlim] sample:		449.97 time, 450.02 real, 280 MB
[runlim] sample:		459.98 time, 460.02 real, 283 MB
[runlim] sample:		469.97 time, 470.02 real, 285 MB
[runlim] sample:		479.97 time, 480.02 real, 288 MB
[runlim] sample:		489.97 time, 490.02 real, 291 MB
[runlim] sample:		499.97 time, 500.02 real, 295 MB
[runlim] sample:		509.97 time, 510.02 real, 299 MB
[runlim] sample:		519.97 time, 520.02 real, 302 MB
[runlim] sample:		529.97 time, 530.02 real, 305 MB
[runlim] sample:		539.97 time, 540.02 real, 310 MB
[runlim] sample:		549.97 time, 550.02 real, 314 MB
[runlim] sample:		559.97 time, 560.02 real, 316 MB
[runlim] sample:		569.97 time, 570.02 real, 319 MB
[runlim] sample:		579.97 time, 580.02 real, 322 MB
[runlim] sample:		589.97 time, 590.02 real, 326 MB
[runlim] sample:		599.97 time, 600.02 real, 330 MB
[runlim] sample:		609.97 time, 610.02 real, 333 MB
[runlim] sample:		619.97 time, 620.02 real, 336 MB
[runlim] sample:		629.97 time, 630.02 real, 339 MB
[runlim] sample:		639.97 time, 640.02 real, 282 MB
[runlim] sample:		649.97 time, 650.02 real, 285 MB
[runlim] sample:		659.96 time, 660.02 real, 288 MB
[runlim] sample:		669.97 time, 670.02 real, 291 MB
[runlim] sample:		679.96 time, 680.02 real, 294 MB
[runlim] sample:		689.97 time, 690.02 real, 296 MB
[runlim] sample:		699.96 time, 700.02 real, 298 MB
[runlim] sample:		709.97 time, 710.02 real, 301 MB
[runlim] sample:		719.96 time, 720.02 real, 304 MB
[runlim] sample:		729.96 time, 730.02 real, 306 MB
[runlim] sample:		739.96 time, 740.02 real, 309 MB
[runlim] sample:		749.96 time, 750.02 real, 313 MB
[runlim] sample:		759.96 time, 760.02 real, 316 MB
[runlim] sample:		769.96 time, 770.02 real, 318 MB
[runlim] sample:		779.97 time, 780.02 real, 320 MB
[runlim] sample:		789.97 time, 790.02 real, 323 MB
[runlim] sample:		799.96 time, 800.02 real, 325 MB
[runlim] sample:		809.97 time, 810.02 real, 328 MB
[runlim] sample:		819.97 time, 820.02 real, 330 MB
[runlim] sample:		829.96 time, 830.02 real, 332 MB
[runlim] sample:		839.96 time, 840.02 real, 334 MB
[runlim] sample:		849.96 time, 850.02 real, 337 MB
[runlim] sample:		859.96 time, 860.02 real, 339 MB
[runlim] sample:		869.96 time, 870.02 real, 341 MB
[runlim] sample:		879.96 time, 880.02 real, 343 MB
[runlim] sample:		889.97 time, 890.02 real, 346 MB
[runlim] sample:		899.96 time, 900.02 real, 347 MB
[runlim] sample:		909.96 time, 910.02 real, 350 MB
[runlim] sample:		919.96 time, 920.02 real, 353 MB
[runlim] sample:		929.96 time, 930.02 real, 356 MB
[runlim] sample:		939.96 time, 940.02 real, 359 MB
[runlim] sample:		949.96 time, 950.02 real, 362 MB
[runlim] sample:		959.97 time, 960.02 real, 364 MB
[runlim] sample:		969.96 time, 970.02 real, 366 MB
[runlim] sample:		979.96 time, 980.02 real, 370 MB
[runlim] sample:		989.96 time, 990.02 real, 373 MB
[runlim] sample:		999.96 time, 1000.02 real, 376 MB
[runlim] sample:		1009.96 time, 1010.02 real, 379 MB
[runlim] sample:		1019.97 time, 1020.02 real, 380 MB
[runlim] sample:		1029.96 time, 1030.02 real, 381 MB
[runlim] sample:		1039.97 time, 1040.02 real, 384 MB
[runlim] sample:		1049.96 time, 1050.02 real, 386 MB
[runlim] sample:		1059.96 time, 1060.02 real, 388 MB
[runlim] sample:		1069.96 time, 1070.02 real, 391 MB
[runlim] sample:		1079.96 time, 1080.02 real, 393 MB
[runlim] sample:		1089.97 time, 1090.02 real, 394 MB
[runlim] sample:		1099.96 time, 1100.02 real, 397 MB
[runlim] sample:		1109.96 time, 1110.02 real, 399 MB
[runlim] sample:		1119.96 time, 1120.02 real, 401 MB
[runlim] sample:		1129.96 time, 1130.02 real, 403 MB
[runlim] sample:		1139.95 time, 1140.02 real, 407 MB
[runlim] sample:		1149.96 time, 1150.02 real, 409 MB
[runlim] sample:		1159.96 time, 1160.02 real, 412 MB
[runlim] sample:		1169.96 time, 1170.02 real, 413 MB
[runlim] sample:		1179.96 time, 1180.02 real, 415 MB
[runlim] sample:		1189.96 time, 1190.02 real, 418 MB
[runlim] sample:		1199.96 time, 1200.02 real, 420 MB
[runlim] sample:		1209.96 time, 1210.02 real, 421 MB
[runlim] sample:		1219.96 time, 1220.02 real, 423 MB
[runlim] sample:		1229.96 time, 1230.02 real, 426 MB
[runlim] sample:		1239.96 time, 1240.02 real, 428 MB
[runlim] sample:		1249.96 time, 1250.02 real, 429 MB
[runlim] sample:		1259.96 time, 1260.02 real, 431 MB
[runlim] sample:		1269.96 time, 1270.02 real, 433 MB
[runlim] sample:		1279.96 time, 1280.02 real, 435 MB
[runlim] sample:		1289.96 time, 1290.02 real, 436 MB
[runlim] sample:		1299.96 time, 1300.02 real, 438 MB
[runlim] sample:		1309.96 time, 1310.02 real, 440 MB
[runlim] sample:		1319.96 time, 1320.02 real, 441 MB
[runlim] sample:		1329.96 time, 1330.02 real, 443 MB
[runlim] sample:		1339.96 time, 1340.02 real, 445 MB
[runlim] sample:		1349.96 time, 1350.02 real, 446 MB
[runlim] sample:		1359.96 time, 1360.02 real, 448 MB
[runlim] sample:		1369.96 time, 1370.02 real, 449 MB
[runlim] sample:		1379.96 time, 1380.02 real, 451 MB
[runlim] sample:		1389.96 time, 1390.02 real, 453 MB
[runlim] sample:		1399.96 time, 1400.02 real, 454 MB
[runlim] sample:		1409.96 time, 1410.02 real, 455 MB
[runlim] sample:		1419.95 time, 1420.02 real, 457 MB
[runlim] sample:		1429.95 time, 1430.02 real, 458 MB
[runlim] sample:		1439.95 time, 1440.02 real, 460 MB
[runlim] sample:		1449.96 time, 1450.02 real, 462 MB
[runlim] sample:		1459.96 time, 1460.02 real, 464 MB
[runlim] sample:		1469.96 time, 1470.02 real, 466 MB
[runlim] sample:		1479.96 time, 1480.02 real, 468 MB
[runlim] sample:		1489.95 time, 1490.02 real, 469 MB
[runlim] sample:		1499.95 time, 1500.02 real, 471 MB
[runlim] sample:		1509.95 time, 1510.02 real, 473 MB
[runlim] sample:		1519.95 time, 1520.02 real, 475 MB
[runlim] sample:		1529.96 time, 1530.02 real, 476 MB
[runlim] sample:		1539.95 time, 1540.02 real, 477 MB
[runlim] sample:		1549.96 time, 1550.02 real, 478 MB
[runlim] sample:		1559.96 time, 1560.02 real, 479 MB
[runlim] sample:		1569.96 time, 1570.02 real, 481 MB
[runlim] sample:		1579.96 time, 1580.02 real, 482 MB
[runlim] sample:		1589.95 time, 1590.02 real, 483 MB
[runlim] sample:		1599.96 time, 1600.02 real, 485 MB
[runlim] sample:		1609.96 time, 1610.02 real, 487 MB
[runlim] sample:		1619.95 time, 1620.02 real, 488 MB
[runlim] sample:		1629.95 time, 1630.02 real, 490 MB
[runlim] sample:		1639.96 time, 1640.02 real, 492 MB
[runlim] sample:		1649.95 time, 1650.02 real, 495 MB
[runlim] sample:		1659.96 time, 1660.02 real, 497 MB
[runlim] sample:		1669.96 time, 1670.02 real, 499 MB
[runlim] sample:		1679.95 time, 1680.02 real, 501 MB
[runlim] sample:		1689.95 time, 1690.02 real, 502 MB
[runlim] sample:		1699.96 time, 1700.02 real, 504 MB
[runlim] sample:		1709.96 time, 1710.02 real, 506 MB
[runlim] sample:		1719.96 time, 1720.02 real, 508 MB
[runlim] sample:		1729.96 time, 1730.02 real, 510 MB
[runlim] sample:		1739.95 time, 1740.02 real, 511 MB
[runlim] sample:		1749.96 time, 1750.02 real, 513 MB
[runlim] sample:		1759.95 time, 1760.02 real, 514 MB
[runlim] sample:		1769.96 time, 1770.02 real, 515 MB
[runlim] sample:		1779.96 time, 1780.02 real, 517 MB
[runlim] sample:		1789.96 time, 1790.02 real, 519 MB
[runlim] sample:		1799.95 time, 1800.02 real, 521 MB
[runlim] sample:		1809.95 time, 1810.02 real, 522 MB
[runlim] sample:		1819.95 time, 1820.02 real, 524 MB
[runlim] sample:		1829.95 time, 1830.02 real, 525 MB
[runlim] sample:		1839.95 time, 1840.02 real, 527 MB
[runlim] sample:		1849.95 time, 1850.02 real, 531 MB
[runlim] sample:		1859.95 time, 1860.02 real, 532 MB
[runlim] sample:		1869.95 time, 1870.02 real, 534 MB
[runlim] sample:		1879.96 time, 1880.02 real, 535 MB
[runlim] sample:		1889.95 time, 1890.02 real, 537 MB
[runlim] sample:		1899.96 time, 1900.02 real, 538 MB
[runlim] sample:		1909.96 time, 1910.02 real, 540 MB
[runlim] sample:		1919.95 time, 1920.02 real, 542 MB
[runlim] sample:		1929.95 time, 1930.02 real, 544 MB
[runlim] sample:		1939.95 time, 1940.02 real, 546 MB
[runlim] sample:		1949.95 time, 1950.02 real, 547 MB
[runlim] sample:		1959.95 time, 1960.02 real, 548 MB
[runlim] sample:		1969.95 time, 1970.02 real, 550 MB
[runlim] sample:		1979.95 time, 1980.02 real, 551 MB
[runlim] sample:		1989.95 time, 1990.02 real, 553 MB
[runlim] sample:		1999.95 time, 2000.02 real, 555 MB
[runlim] sample:		2009.95 time, 2010.02 real, 556 MB
[runlim] sample:		2019.96 time, 2020.02 real, 557 MB
[runlim] sample:		2029.95 time, 2030.02 real, 559 MB
[runlim] sample:		2039.96 time, 2040.02 real, 561 MB
[runlim] sample:		2049.94 time, 2050.02 real, 562 MB
[runlim] sample:		2059.95 time, 2060.02 real, 563 MB
[runlim] sample:		2069.96 time, 2070.02 real, 565 MB
[runlim] sample:		2079.95 time, 2080.02 real, 566 MB
[runlim] sample:		2089.95 time, 2090.02 real, 568 MB
[runlim] sample:		2099.95 time, 2100.02 real, 569 MB
[runlim] sample:		2109.95 time, 2110.02 real, 571 MB
[runlim] sample:		2119.95 time, 2120.02 real, 571 MB
[runlim] sample:		2129.95 time, 2130.02 real, 572 MB
[runlim] sample:		2139.95 time, 2140.02 real, 574 MB
[runlim] sample:		2149.95 time, 2150.02 real, 575 MB
[runlim] sample:		2159.95 time, 2160.02 real, 577 MB
[runlim] sample:		2169.95 time, 2170.02 real, 578 MB
[runlim] sample:		2179.95 time, 2180.02 real, 579 MB
[runlim] sample:		2189.95 time, 2190.02 real, 580 MB
[runlim] sample:		2199.95 time, 2200.02 real, 582 MB
[runlim] sample:		2209.95 time, 2210.02 real, 584 MB
[runlim] sample:		2219.95 time, 2220.02 real, 586 MB
[runlim] sample:		2229.95 time, 2230.02 real, 587 MB
[runlim] sample:		2239.95 time, 2240.02 real, 589 MB
[runlim] sample:		2249.94 time, 2250.02 real, 591 MB
[runlim] sample:		2259.95 time, 2260.02 real, 593 MB
[runlim] sample:		2269.95 time, 2270.02 real, 595 MB
[runlim] sample:		2279.95 time, 2280.02 real, 596 MB
[runlim] sample:		2289.95 time, 2290.02 real, 598 MB
[runlim] sample:		2299.95 time, 2300.02 real, 599 MB
[runlim] sample:		2309.95 time, 2310.02 real, 600 MB
[runlim] sample:		2319.94 time, 2320.02 real, 602 MB
[runlim] sample:		2329.95 time, 2330.02 real, 603 MB
[runlim] sample:		2339.95 time, 2340.02 real, 605 MB
[runlim] sample:		2349.94 time, 2350.02 real, 606 MB
[runlim] sample:		2359.95 time, 2360.02 real, 609 MB
[runlim] sample:		2369.95 time, 2370.02 real, 611 MB
[runlim] sample:		2379.94 time, 2380.02 real, 612 MB
[runlim] sample:		2389.95 time, 2390.02 real, 614 MB
[runlim] sample:		2399.95 time, 2400.02 real, 615 MB
[runlim] sample:		2409.95 time, 2410.02 real, 617 MB
[runlim] sample:		2419.95 time, 2420.02 real, 619 MB
[runlim] sample:		2429.95 time, 2430.02 real, 620 MB
[runlim] sample:		2439.94 time, 2440.02 real, 621 MB
[runlim] sample:		2449.95 time, 2450.02 real, 623 MB
[runlim] sample:		2459.94 time, 2460.02 real, 627 MB
[runlim] sample:		2469.94 time, 2470.02 real, 628 MB
[runlim] sample:		2479.94 time, 2480.02 real, 629 MB
[runlim] sample:		2489.94 time, 2490.02 real, 630 MB
[runlim] sample:		2499.94 time, 2500.02 real, 631 MB
[runlim] sample:		2509.95 time, 2510.02 real, 633 MB
[runlim] sample:		2519.94 time, 2520.02 real, 634 MB
[runlim] sample:		2529.94 time, 2530.02 real, 635 MB
[runlim] sample:		2539.95 time, 2540.02 real, 637 MB
[runlim] sample:		2549.94 time, 2550.02 real, 639 MB
[runlim] sample:		2559.94 time, 2560.02 real, 640 MB
[runlim] sample:		2569.94 time, 2570.02 real, 641 MB
[runlim] sample:		2579.94 time, 2580.02 real, 643 MB
[runlim] sample:		2589.94 time, 2590.02 real, 645 MB
[runlim] sample:		2599.94 time, 2600.02 real, 646 MB
[runlim] sample:		2609.94 time, 2610.02 real, 647 MB
[runlim] sample:		2619.94 time, 2620.02 real, 648 MB
[runlim] sample:		2629.94 time, 2630.02 real, 650 MB
[runlim] sample:		2639.94 time, 2640.02 real, 651 MB
[runlim] sample:		2649.94 time, 2650.02 real, 653 MB
[runlim] sample:		2659.95 time, 2660.02 real, 654 MB
[runlim] sample:		2669.94 time, 2670.02 real, 655 MB
[runlim] sample:		2679.94 time, 2680.02 real, 657 MB
[runlim] sample:		2689.94 time, 2690.02 real, 658 MB
[runlim] sample:		2699.94 time, 2700.02 real, 659 MB
[runlim] end:			Thu Feb 27 10:48:56 2020
[runlim] status:		out of time
[runlim] result:		2
[runlim] children:		1
[runlim] real:			2700.12 seconds
[runlim] time:			2699.94 seconds
[runlim] space:			659 MB
[runlim] samples:		27000
