[runlim] version:		1.18
[runlim] host:			c3n20
[runlim] time limit:		2700 seconds
[runlim] real time limit:	2700 seconds
[runlim] space limit:		7000 MB
[runlim] argv[0]:		./binary
[runlim] argv[1]:		/data/cnf/ankit/Set1/stmt2_480_551.qdimacs
[runlim] start:			Thu Feb 27 10:03:54 2020
[runlim] child:			9967
[runlim] sample:		9.88 time, 10.02 real, 22 MB
[runlim] sample:		19.87 time, 20.02 real, 33 MB
[runlim] sample:		29.88 time, 30.02 real, 44 MB
[runlim] sample:		39.87 time, 40.02 real, 54 MB
[runlim] sample:		49.88 time, 50.02 real, 64 MB
[runlim] sample:		59.88 time, 60.02 real, 73 MB
[runlim] sample:		69.87 time, 70.02 real, 81 MB
[runlim] sample:		79.87 time, 80.02 real, 89 MB
[runlim] sample:		89.88 time, 90.02 real, 97 MB
[runlim] sample:		99.87 time, 100.02 real, 104 MB
[runlim] sample:		109.87 time, 110.02 real, 110 MB
[runlim] sample:		119.87 time, 120.02 real, 118 MB
[runlim] sample:		129.88 time, 130.02 real, 126 MB
[runlim] sample:		139.88 time, 140.02 real, 134 MB
[runlim] sample:		149.87 time, 150.02 real, 140 MB
[runlim] sample:		159.88 time, 160.02 real, 148 MB
[runlim] sample:		169.88 time, 170.02 real, 155 MB
[runlim] sample:		179.87 time, 180.02 real, 161 MB
[runlim] sample:		189.87 time, 190.02 real, 168 MB
[runlim] sample:		199.87 time, 200.02 real, 173 MB
[runlim] sample:		209.87 time, 210.02 real, 179 MB
[runlim] sample:		219.88 time, 220.02 real, 184 MB
[runlim] sample:		229.87 time, 230.02 real, 190 MB
[runlim] sample:		239.87 time, 240.02 real, 197 MB
[runlim] sample:		249.87 time, 250.02 real, 203 MB
[runlim] sample:		259.87 time, 260.02 real, 209 MB
[runlim] sample:		269.87 time, 270.02 real, 214 MB
[runlim] sample:		279.87 time, 280.02 real, 219 MB
[runlim] sample:		289.87 time, 290.02 real, 224 MB
[runlim] sample:		299.87 time, 300.02 real, 228 MB
[runlim] sample:		309.87 time, 310.02 real, 234 MB
[runlim] sample:		319.87 time, 320.02 real, 239 MB
[runlim] sample:		329.87 time, 330.02 real, 244 MB
[runlim] sample:		339.87 time, 340.02 real, 249 MB
[runlim] sample:		349.87 time, 350.02 real, 253 MB
[runlim] sample:		359.87 time, 360.02 real, 258 MB
[runlim] sample:		369.86 time, 370.02 real, 262 MB
[runlim] sample:		379.86 time, 380.02 real, 266 MB
[runlim] sample:		389.86 time, 390.02 real, 271 MB
[runlim] sample:		399.87 time, 400.02 real, 275 MB
[runlim] sample:		409.86 time, 410.02 real, 278 MB
[runlim] sample:		419.86 time, 420.02 real, 282 MB
[runlim] sample:		429.87 time, 430.02 real, 288 MB
[runlim] sample:		439.87 time, 440.02 real, 291 MB
[runlim] sample:		449.87 time, 450.02 real, 297 MB
[runlim] sample:		459.87 time, 460.02 real, 301 MB
[runlim] sample:		469.87 time, 470.02 real, 304 MB
[runlim] sample:		479.87 time, 480.02 real, 307 MB
[runlim] sample:		489.87 time, 490.02 real, 311 MB
[runlim] sample:		499.87 time, 500.02 real, 314 MB
[runlim] sample:		509.87 time, 510.02 real, 318 MB
[runlim] sample:		519.87 time, 520.02 real, 321 MB
[runlim] sample:		529.87 time, 530.02 real, 326 MB
[runlim] sample:		539.87 time, 540.02 real, 330 MB
[runlim] sample:		549.87 time, 550.02 real, 335 MB
[runlim] sample:		559.87 time, 560.02 real, 339 MB
[runlim] sample:		569.86 time, 570.02 real, 343 MB
[runlim] sample:		579.86 time, 580.02 real, 346 MB
[runlim] sample:		589.86 time, 590.02 real, 349 MB
[runlim] sample:		599.87 time, 600.02 real, 352 MB
[runlim] sample:		609.87 time, 610.02 real, 356 MB
[runlim] sample:		619.87 time, 620.02 real, 360 MB
[runlim] sample:		629.86 time, 630.02 real, 363 MB
[runlim] sample:		639.86 time, 640.02 real, 366 MB
[runlim] sample:		649.87 time, 650.02 real, 370 MB
[runlim] sample:		659.87 time, 660.02 real, 373 MB
[runlim] sample:		669.86 time, 670.02 real, 376 MB
[runlim] sample:		679.87 time, 680.02 real, 380 MB
[runlim] sample:		689.87 time, 690.02 real, 383 MB
[runlim] sample:		699.87 time, 700.02 real, 386 MB
[runlim] sample:		709.86 time, 710.02 real, 389 MB
[runlim] sample:		719.86 time, 720.02 real, 393 MB
[runlim] sample:		729.87 time, 730.02 real, 397 MB
[runlim] sample:		739.86 time, 740.02 real, 399 MB
[runlim] sample:		749.87 time, 750.02 real, 402 MB
[runlim] sample:		759.86 time, 760.02 real, 405 MB
[runlim] sample:		769.86 time, 770.02 real, 408 MB
[runlim] sample:		779.86 time, 780.02 real, 411 MB
[runlim] sample:		789.86 time, 790.02 real, 415 MB
[runlim] sample:		799.87 time, 800.02 real, 418 MB
[runlim] sample:		809.87 time, 810.02 real, 420 MB
[runlim] sample:		819.86 time, 820.02 real, 424 MB
[runlim] sample:		829.86 time, 830.02 real, 427 MB
[runlim] sample:		839.86 time, 840.02 real, 430 MB
[runlim] sample:		849.86 time, 850.02 real, 435 MB
[runlim] sample:		859.86 time, 860.02 real, 438 MB
[runlim] sample:		869.86 time, 870.02 real, 441 MB
[runlim] sample:		879.86 time, 880.02 real, 444 MB
[runlim] sample:		889.86 time, 890.02 real, 447 MB
[runlim] sample:		899.86 time, 900.02 real, 450 MB
[runlim] sample:		909.87 time, 910.02 real, 452 MB
[runlim] sample:		919.86 time, 920.02 real, 455 MB
[runlim] sample:		929.86 time, 930.02 real, 459 MB
[runlim] sample:		939.86 time, 940.02 real, 461 MB
[runlim] sample:		949.86 time, 950.02 real, 463 MB
[runlim] sample:		959.86 time, 960.02 real, 465 MB
[runlim] sample:		969.86 time, 970.02 real, 468 MB
[runlim] sample:		979.86 time, 980.02 real, 471 MB
[runlim] sample:		989.86 time, 990.02 real, 474 MB
[runlim] sample:		999.86 time, 1000.02 real, 478 MB
[runlim] sample:		1009.86 time, 1010.02 real, 480 MB
[runlim] sample:		1019.86 time, 1020.02 real, 484 MB
[runlim] sample:		1029.86 time, 1030.02 real, 486 MB
[runlim] sample:		1039.86 time, 1040.02 real, 488 MB
[runlim] sample:		1049.86 time, 1050.02 real, 491 MB
[runlim] sample:		1059.86 time, 1060.02 real, 494 MB
[runlim] sample:		1069.86 time, 1070.02 real, 496 MB
[runlim] sample:		1079.85 time, 1080.02 real, 499 MB
[runlim] sample:		1089.86 time, 1090.02 real, 501 MB
[runlim] sample:		1099.85 time, 1100.02 real, 503 MB
[runlim] sample:		1109.86 time, 1110.02 real, 506 MB
[runlim] sample:		1119.86 time, 1120.02 real, 510 MB
[runlim] sample:		1129.85 time, 1130.02 real, 512 MB
[runlim] sample:		1139.86 time, 1140.02 real, 514 MB
[runlim] sample:		1149.86 time, 1150.02 real, 516 MB
[runlim] sample:		1159.85 time, 1160.02 real, 518 MB
[runlim] sample:		1169.85 time, 1170.02 real, 521 MB
[runlim] sample:		1179.86 time, 1180.02 real, 523 MB
[runlim] sample:		1189.86 time, 1190.02 real, 525 MB
[runlim] sample:		1199.86 time, 1200.02 real, 528 MB
[runlim] sample:		1209.85 time, 1210.02 real, 529 MB
[runlim] sample:		1219.86 time, 1220.02 real, 531 MB
[runlim] sample:		1229.86 time, 1230.02 real, 533 MB
[runlim] sample:		1239.86 time, 1240.02 real, 535 MB
[runlim] sample:		1249.86 time, 1250.02 real, 537 MB
[runlim] sample:		1259.86 time, 1260.02 real, 539 MB
[runlim] sample:		1269.85 time, 1270.02 real, 542 MB
[runlim] sample:		1279.86 time, 1280.02 real, 544 MB
[runlim] sample:		1289.85 time, 1290.02 real, 546 MB
[runlim] sample:		1299.86 time, 1300.02 real, 548 MB
[runlim] sample:		1309.86 time, 1310.02 real, 550 MB
[runlim] sample:		1319.86 time, 1320.02 real, 552 MB
[runlim] sample:		1329.85 time, 1330.02 real, 554 MB
[runlim] sample:		1339.85 time, 1340.02 real, 556 MB
[runlim] sample:		1349.86 time, 1350.02 real, 558 MB
[runlim] sample:		1359.85 time, 1360.02 real, 560 MB
[runlim] sample:		1369.86 time, 1370.02 real, 562 MB
[runlim] sample:		1379.86 time, 1380.02 real, 564 MB
[runlim] sample:		1389.85 time, 1390.02 real, 567 MB
[runlim] sample:		1399.86 time, 1400.02 real, 569 MB
[runlim] sample:		1409.85 time, 1410.02 real, 571 MB
[runlim] sample:		1419.85 time, 1420.02 real, 573 MB
[runlim] sample:		1429.85 time, 1430.02 real, 575 MB
[runlim] sample:		1439.86 time, 1440.02 real, 577 MB
[runlim] sample:		1449.85 time, 1450.02 real, 580 MB
[runlim] sample:		1459.86 time, 1460.02 real, 583 MB
[runlim] sample:		1469.85 time, 1470.02 real, 585 MB
[runlim] sample:		1479.85 time, 1480.02 real, 588 MB
[runlim] sample:		1489.86 time, 1490.02 real, 590 MB
[runlim] sample:		1499.85 time, 1500.02 real, 592 MB
[runlim] sample:		1509.85 time, 1510.02 real, 595 MB
[runlim] sample:		1519.85 time, 1520.02 real, 597 MB
[runlim] sample:		1529.85 time, 1530.02 real, 599 MB
[runlim] sample:		1539.85 time, 1540.02 real, 601 MB
[runlim] sample:		1549.85 time, 1550.02 real, 604 MB
[runlim] sample:		1559.85 time, 1560.02 real, 606 MB
[runlim] sample:		1569.85 time, 1570.02 real, 609 MB
[runlim] sample:		1579.85 time, 1580.02 real, 611 MB
[runlim] sample:		1589.85 time, 1590.02 real, 612 MB
[runlim] sample:		1599.85 time, 1600.02 real, 614 MB
[runlim] sample:		1609.85 time, 1610.02 real, 616 MB
[runlim] sample:		1619.85 time, 1620.02 real, 617 MB
[runlim] sample:		1629.85 time, 1630.02 real, 619 MB
[runlim] sample:		1639.85 time, 1640.02 real, 621 MB
[runlim] sample:		1649.85 time, 1650.02 real, 625 MB
[runlim] sample:		1659.85 time, 1660.02 real, 627 MB
[runlim] sample:		1669.85 time, 1670.02 real, 628 MB
[runlim] sample:		1679.84 time, 1680.02 real, 629 MB
[runlim] sample:		1689.84 time, 1690.02 real, 632 MB
[runlim] sample:		1699.84 time, 1700.02 real, 633 MB
[runlim] sample:		1709.85 time, 1710.02 real, 635 MB
[runlim] sample:		1719.85 time, 1720.02 real, 637 MB
[runlim] sample:		1729.85 time, 1730.02 real, 638 MB
[runlim] sample:		1739.85 time, 1740.02 real, 640 MB
[runlim] sample:		1749.85 time, 1750.02 real, 641 MB
[runlim] sample:		1759.85 time, 1760.02 real, 643 MB
[runlim] sample:		1769.85 time, 1770.02 real, 645 MB
[runlim] sample:		1779.85 time, 1780.02 real, 648 MB
[runlim] sample:		1789.85 time, 1790.02 real, 650 MB
[runlim] sample:		1799.85 time, 1800.02 real, 652 MB
[runlim] sample:		1809.85 time, 1810.02 real, 653 MB
[runlim] sample:		1819.85 time, 1820.02 real, 655 MB
[runlim] sample:		1829.85 time, 1830.02 real, 656 MB
[runlim] sample:		1839.85 time, 1840.02 real, 658 MB
[runlim] sample:		1849.85 time, 1850.02 real, 660 MB
[runlim] sample:		1859.84 time, 1860.02 real, 662 MB
[runlim] sample:		1869.84 time, 1870.02 real, 664 MB
[runlim] sample:		1879.84 time, 1880.02 real, 665 MB
[runlim] sample:		1889.85 time, 1890.02 real, 666 MB
[runlim] sample:		1899.84 time, 1900.02 real, 669 MB
[runlim] sample:		1909.84 time, 1910.02 real, 671 MB
[runlim] sample:		1919.85 time, 1920.02 real, 673 MB
[runlim] sample:		1929.84 time, 1930.02 real, 674 MB
[runlim] sample:		1939.84 time, 1940.02 real, 677 MB
[runlim] sample:		1949.84 time, 1950.02 real, 679 MB
[runlim] sample:		1959.84 time, 1960.02 real, 682 MB
[runlim] sample:		1969.84 time, 1970.02 real, 684 MB
[runlim] sample:		1979.85 time, 1980.02 real, 685 MB
[runlim] sample:		1989.84 time, 1990.02 real, 687 MB
[runlim] sample:		1999.84 time, 2000.02 real, 689 MB
[runlim] sample:		2009.84 time, 2010.02 real, 692 MB
[runlim] sample:		2019.84 time, 2020.02 real, 694 MB
[runlim] sample:		2029.84 time, 2030.02 real, 695 MB
[runlim] sample:		2039.85 time, 2040.02 real, 697 MB
[runlim] sample:		2049.85 time, 2050.02 real, 697 MB
[runlim] sample:		2059.84 time, 2060.02 real, 699 MB
[runlim] sample:		2069.84 time, 2070.02 real, 701 MB
[runlim] sample:		2079.85 time, 2080.02 real, 702 MB
[runlim] sample:		2089.85 time, 2090.02 real, 704 MB
[runlim] sample:		2099.84 time, 2100.02 real, 705 MB
[runlim] sample:		2109.85 time, 2110.02 real, 708 MB
[runlim] sample:		2119.84 time, 2120.02 real, 709 MB
[runlim] sample:		2129.84 time, 2130.02 real, 711 MB
[runlim] sample:		2139.84 time, 2140.02 real, 712 MB
[runlim] sample:		2149.84 time, 2150.02 real, 714 MB
[runlim] sample:		2159.84 time, 2160.02 real, 719 MB
[runlim] sample:		2169.84 time, 2170.02 real, 721 MB
[runlim] sample:		2179.84 time, 2180.02 real, 722 MB
[runlim] sample:		2189.84 time, 2190.02 real, 725 MB
[runlim] sample:		2199.84 time, 2200.02 real, 728 MB
[runlim] sample:		2209.84 time, 2210.02 real, 729 MB
[runlim] sample:		2219.84 time, 2220.02 real, 731 MB
[runlim] sample:		2229.84 time, 2230.02 real, 733 MB
[runlim] sample:		2239.84 time, 2240.02 real, 735 MB
[runlim] sample:		2249.84 time, 2250.02 real, 737 MB
[runlim] sample:		2259.84 time, 2260.02 real, 738 MB
[runlim] sample:		2269.84 time, 2270.02 real, 739 MB
[runlim] sample:		2279.84 time, 2280.02 real, 741 MB
[runlim] sample:		2289.84 time, 2290.02 real, 742 MB
[runlim] sample:		2299.84 time, 2300.02 real, 744 MB
[runlim] sample:		2309.84 time, 2310.02 real, 746 MB
[runlim] sample:		2319.84 time, 2320.02 real, 748 MB
[runlim] sample:		2329.84 time, 2330.02 real, 749 MB
[runlim] sample:		2339.84 time, 2340.02 real, 750 MB
[runlim] sample:		2349.83 time, 2350.02 real, 752 MB
[runlim] sample:		2359.84 time, 2360.02 real, 754 MB
[runlim] sample:		2369.84 time, 2370.02 real, 756 MB
[runlim] sample:		2379.84 time, 2380.02 real, 757 MB
[runlim] sample:		2389.84 time, 2390.02 real, 759 MB
[runlim] sample:		2399.84 time, 2400.02 real, 761 MB
[runlim] sample:		2409.84 time, 2410.02 real, 762 MB
[runlim] sample:		2419.83 time, 2420.02 real, 765 MB
[runlim] sample:		2429.83 time, 2430.02 real, 767 MB
[runlim] sample:		2439.84 time, 2440.02 real, 769 MB
[runlim] sample:		2449.84 time, 2450.02 real, 770 MB
[runlim] sample:		2459.84 time, 2460.02 real, 772 MB
[runlim] sample:		2469.84 time, 2470.02 real, 774 MB
[runlim] sample:		2479.84 time, 2480.02 real, 775 MB
[runlim] sample:		2489.84 time, 2490.02 real, 776 MB
[runlim] sample:		2499.84 time, 2500.02 real, 777 MB
[runlim] sample:		2509.83 time, 2510.02 real, 779 MB
[runlim] sample:		2519.83 time, 2520.02 real, 781 MB
[runlim] sample:		2529.83 time, 2530.02 real, 782 MB
[runlim] sample:		2539.84 time, 2540.02 real, 784 MB
[runlim] sample:		2549.84 time, 2550.02 real, 786 MB
[runlim] sample:		2559.84 time, 2560.02 real, 788 MB
[runlim] sample:		2569.83 time, 2570.02 real, 789 MB
[runlim] sample:		2579.83 time, 2580.02 real, 791 MB
[runlim] sample:		2589.83 time, 2590.02 real, 793 MB
[runlim] sample:		2599.83 time, 2600.02 real, 795 MB
[runlim] sample:		2609.83 time, 2610.02 real, 797 MB
[runlim] sample:		2619.83 time, 2620.02 real, 798 MB
[runlim] sample:		2629.83 time, 2630.02 real, 799 MB
[runlim] sample:		2639.83 time, 2640.02 real, 801 MB
[runlim] sample:		2649.83 time, 2650.02 real, 803 MB
[runlim] sample:		2659.84 time, 2660.02 real, 804 MB
[runlim] sample:		2669.84 time, 2670.02 real, 806 MB
[runlim] sample:		2679.83 time, 2680.02 real, 808 MB
[runlim] sample:		2689.83 time, 2690.02 real, 810 MB
[runlim] sample:		2699.83 time, 2700.02 real, 811 MB
[runlim] end:			Thu Feb 27 10:48:54 2020
[runlim] status:		out of time
[runlim] result:		2
[runlim] children:		1
[runlim] real:			2700.12 seconds
[runlim] time:			2699.83 seconds
[runlim] space:			811 MB
[runlim] samples:		27000
