[runlim] version:		1.18
[runlim] host:			c3n15
[runlim] time limit:		2700 seconds
[runlim] real time limit:	2700 seconds
[runlim] space limit:		7000 MB
[runlim] argv[0]:		./binary
[runlim] argv[1]:		/data/cnf/ankit/Set1/stmt17_143_144.qdimacs
[runlim] start:			Thu Feb 27 10:03:54 2020
[runlim] child:			7253
[runlim] sample:		9.29 time, 10.02 real, 26 MB
[runlim] sample:		19.29 time, 20.02 real, 35 MB
[runlim] sample:		29.28 time, 30.02 real, 48 MB
[runlim] sample:		39.28 time, 40.02 real, 56 MB
[runlim] sample:		49.28 time, 50.02 real, 57 MB
[runlim] sample:		59.28 time, 60.02 real, 64 MB
[runlim] sample:		69.28 time, 70.02 real, 72 MB
[runlim] sample:		79.28 time, 80.02 real, 77 MB
[runlim] sample:		89.28 time, 90.02 real, 84 MB
[runlim] sample:		99.28 time, 100.02 real, 91 MB
[runlim] sample:		109.28 time, 110.02 real, 82 MB
[runlim] sample:		119.28 time, 120.02 real, 88 MB
[runlim] sample:		129.28 time, 130.02 real, 94 MB
[runlim] sample:		139.28 time, 140.02 real, 98 MB
[runlim] sample:		149.28 time, 150.02 real, 103 MB
[runlim] sample:		159.28 time, 160.02 real, 109 MB
[runlim] sample:		169.28 time, 170.02 real, 113 MB
[runlim] sample:		179.28 time, 180.02 real, 117 MB
[runlim] sample:		189.27 time, 190.02 real, 121 MB
[runlim] sample:		199.27 time, 200.02 real, 125 MB
[runlim] sample:		209.28 time, 210.02 real, 130 MB
[runlim] sample:		219.28 time, 220.02 real, 133 MB
[runlim] sample:		229.27 time, 230.02 real, 137 MB
[runlim] sample:		239.27 time, 240.02 real, 118 MB
[runlim] sample:		249.27 time, 250.02 real, 122 MB
[runlim] sample:		259.28 time, 260.02 real, 126 MB
[runlim] sample:		269.27 time, 270.02 real, 130 MB
[runlim] sample:		279.28 time, 280.02 real, 133 MB
[runlim] sample:		289.27 time, 290.02 real, 138 MB
[runlim] sample:		299.28 time, 300.02 real, 141 MB
[runlim] sample:		309.28 time, 310.02 real, 144 MB
[runlim] sample:		319.27 time, 320.02 real, 147 MB
[runlim] sample:		329.28 time, 330.02 real, 151 MB
[runlim] sample:		339.27 time, 340.02 real, 153 MB
[runlim] sample:		349.28 time, 350.02 real, 156 MB
[runlim] sample:		359.28 time, 360.02 real, 161 MB
[runlim] sample:		369.28 time, 370.02 real, 164 MB
[runlim] sample:		379.27 time, 380.02 real, 167 MB
[runlim] sample:		389.27 time, 390.02 real, 171 MB
[runlim] sample:		399.27 time, 400.02 real, 174 MB
[runlim] sample:		409.27 time, 410.02 real, 176 MB
[runlim] sample:		419.27 time, 420.02 real, 151 MB
[runlim] sample:		429.28 time, 430.02 real, 154 MB
[runlim] sample:		439.28 time, 440.02 real, 156 MB
[runlim] sample:		449.27 time, 450.02 real, 158 MB
[runlim] sample:		459.27 time, 460.02 real, 161 MB
[runlim] sample:		469.27 time, 470.02 real, 164 MB
[runlim] sample:		479.27 time, 480.02 real, 168 MB
[runlim] sample:		489.27 time, 490.02 real, 170 MB
[runlim] sample:		499.27 time, 500.02 real, 173 MB
[runlim] sample:		509.27 time, 510.02 real, 175 MB
[runlim] sample:		519.27 time, 520.02 real, 177 MB
[runlim] sample:		529.27 time, 530.02 real, 180 MB
[runlim] sample:		539.27 time, 540.02 real, 182 MB
[runlim] sample:		549.27 time, 550.02 real, 185 MB
[runlim] sample:		559.27 time, 560.02 real, 187 MB
[runlim] sample:		569.26 time, 570.02 real, 189 MB
[runlim] sample:		579.27 time, 580.02 real, 191 MB
[runlim] sample:		589.27 time, 590.02 real, 192 MB
[runlim] sample:		599.27 time, 600.02 real, 194 MB
[runlim] sample:		609.27 time, 610.02 real, 196 MB
[runlim] sample:		619.26 time, 620.02 real, 198 MB
[runlim] sample:		629.27 time, 630.02 real, 200 MB
[runlim] sample:		639.26 time, 640.02 real, 202 MB
[runlim] sample:		649.26 time, 650.02 real, 204 MB
[runlim] sample:		659.27 time, 660.02 real, 207 MB
[runlim] sample:		669.26 time, 670.02 real, 209 MB
[runlim] sample:		679.27 time, 680.02 real, 210 MB
[runlim] sample:		689.26 time, 690.02 real, 213 MB
[runlim] sample:		699.26 time, 700.02 real, 215 MB
[runlim] sample:		709.26 time, 710.02 real, 217 MB
[runlim] sample:		719.27 time, 720.02 real, 219 MB
[runlim] sample:		729.26 time, 730.02 real, 221 MB
[runlim] sample:		739.26 time, 740.02 real, 222 MB
[runlim] sample:		749.26 time, 750.02 real, 224 MB
[runlim] sample:		759.26 time, 760.02 real, 226 MB
[runlim] sample:		769.26 time, 770.02 real, 227 MB
[runlim] sample:		779.27 time, 780.02 real, 229 MB
[runlim] sample:		789.26 time, 790.02 real, 231 MB
[runlim] sample:		799.26 time, 800.02 real, 196 MB
[runlim] sample:		809.26 time, 810.02 real, 198 MB
[runlim] sample:		819.26 time, 820.02 real, 200 MB
[runlim] sample:		829.27 time, 830.02 real, 202 MB
[runlim] sample:		839.26 time, 840.02 real, 204 MB
[runlim] sample:		849.26 time, 850.02 real, 208 MB
[runlim] sample:		859.27 time, 860.02 real, 209 MB
[runlim] sample:		869.27 time, 870.02 real, 211 MB
[runlim] sample:		879.26 time, 880.02 real, 213 MB
[runlim] sample:		889.26 time, 890.02 real, 214 MB
[runlim] sample:		899.26 time, 900.02 real, 217 MB
[runlim] sample:		909.26 time, 910.02 real, 218 MB
[runlim] sample:		919.26 time, 920.02 real, 221 MB
[runlim] sample:		929.26 time, 930.02 real, 224 MB
[runlim] sample:		939.26 time, 940.02 real, 226 MB
[runlim] sample:		949.26 time, 950.02 real, 227 MB
[runlim] sample:		959.26 time, 960.02 real, 231 MB
[runlim] sample:		969.26 time, 970.02 real, 232 MB
[runlim] sample:		979.26 time, 980.02 real, 234 MB
[runlim] sample:		989.26 time, 990.02 real, 235 MB
[runlim] sample:		999.26 time, 1000.02 real, 237 MB
[runlim] sample:		1009.26 time, 1010.02 real, 239 MB
[runlim] sample:		1019.26 time, 1020.02 real, 241 MB
[runlim] sample:		1029.26 time, 1030.02 real, 242 MB
[runlim] sample:		1039.26 time, 1040.02 real, 244 MB
[runlim] sample:		1049.26 time, 1050.02 real, 245 MB
[runlim] sample:		1059.25 time, 1060.02 real, 247 MB
[runlim] sample:		1069.26 time, 1070.02 real, 249 MB
[runlim] sample:		1079.26 time, 1080.02 real, 250 MB
[runlim] sample:		1089.26 time, 1090.02 real, 251 MB
[runlim] sample:		1099.25 time, 1100.02 real, 253 MB
[runlim] sample:		1109.26 time, 1110.02 real, 254 MB
[runlim] sample:		1119.26 time, 1120.02 real, 255 MB
[runlim] sample:		1129.26 time, 1130.02 real, 257 MB
[runlim] sample:		1139.26 time, 1140.02 real, 259 MB
[runlim] sample:		1149.25 time, 1150.02 real, 260 MB
[runlim] sample:		1159.26 time, 1160.02 real, 262 MB
[runlim] sample:		1169.25 time, 1170.02 real, 263 MB
[runlim] sample:		1179.25 time, 1180.02 real, 266 MB
[runlim] sample:		1189.26 time, 1190.02 real, 267 MB
[runlim] sample:		1199.25 time, 1200.02 real, 269 MB
[runlim] sample:		1209.25 time, 1210.02 real, 270 MB
[runlim] sample:		1219.25 time, 1220.02 real, 271 MB
[runlim] sample:		1229.25 time, 1230.02 real, 273 MB
[runlim] sample:		1239.25 time, 1240.02 real, 275 MB
[runlim] sample:		1249.25 time, 1250.02 real, 277 MB
[runlim] sample:		1259.25 time, 1260.02 real, 279 MB
[runlim] sample:		1269.25 time, 1270.02 real, 280 MB
[runlim] sample:		1279.25 time, 1280.02 real, 282 MB
[runlim] sample:		1289.25 time, 1290.02 real, 283 MB
[runlim] sample:		1299.25 time, 1300.02 real, 285 MB
[runlim] sample:		1309.25 time, 1310.02 real, 286 MB
[runlim] sample:		1319.25 time, 1320.02 real, 287 MB
[runlim] sample:		1329.25 time, 1330.02 real, 289 MB
[runlim] sample:		1339.25 time, 1340.02 real, 291 MB
[runlim] sample:		1349.25 time, 1350.02 real, 292 MB
[runlim] sample:		1359.25 time, 1360.02 real, 295 MB
[runlim] sample:		1369.25 time, 1370.02 real, 296 MB
[runlim] sample:		1379.24 time, 1380.02 real, 299 MB
[runlim] sample:		1389.25 time, 1390.02 real, 303 MB
[runlim] sample:		1399.25 time, 1400.02 real, 304 MB
[runlim] sample:		1409.25 time, 1410.02 real, 308 MB
[runlim] sample:		1419.25 time, 1420.02 real, 309 MB
[runlim] sample:		1429.25 time, 1430.02 real, 311 MB
[runlim] sample:		1439.25 time, 1440.02 real, 312 MB
[runlim] sample:		1449.25 time, 1450.02 real, 314 MB
[runlim] sample:		1459.25 time, 1460.02 real, 315 MB
[runlim] sample:		1469.24 time, 1470.02 real, 317 MB
[runlim] sample:		1479.25 time, 1480.02 real, 318 MB
[runlim] sample:		1489.24 time, 1490.02 real, 268 MB
[runlim] sample:		1499.24 time, 1500.02 real, 270 MB
[runlim] sample:		1509.24 time, 1510.02 real, 271 MB
[runlim] sample:		1519.24 time, 1520.02 real, 273 MB
[runlim] sample:		1529.24 time, 1530.02 real, 261 MB
[runlim] sample:		1539.25 time, 1540.02 real, 264 MB
[runlim] sample:		1549.24 time, 1550.02 real, 266 MB
[runlim] sample:		1559.24 time, 1560.02 real, 269 MB
[runlim] sample:		1569.24 time, 1570.02 real, 274 MB
[runlim] sample:		1579.25 time, 1580.02 real, 275 MB
[runlim] sample:		1589.24 time, 1590.02 real, 278 MB
[runlim] sample:		1599.25 time, 1600.02 real, 281 MB
[runlim] sample:		1609.24 time, 1610.02 real, 284 MB
[runlim] sample:		1619.24 time, 1620.02 real, 286 MB
[runlim] sample:		1629.24 time, 1630.02 real, 288 MB
[runlim] sample:		1639.24 time, 1640.02 real, 291 MB
[runlim] sample:		1649.24 time, 1650.02 real, 292 MB
[runlim] sample:		1659.24 time, 1660.02 real, 294 MB
[runlim] sample:		1669.24 time, 1670.02 real, 295 MB
[runlim] sample:		1679.24 time, 1680.02 real, 296 MB
[runlim] sample:		1689.24 time, 1690.02 real, 297 MB
[runlim] sample:		1699.24 time, 1700.02 real, 299 MB
[runlim] sample:		1709.24 time, 1710.02 real, 300 MB
[runlim] sample:		1719.24 time, 1720.02 real, 301 MB
[runlim] sample:		1729.24 time, 1730.02 real, 303 MB
[runlim] sample:		1739.24 time, 1740.02 real, 305 MB
[runlim] sample:		1749.24 time, 1750.02 real, 306 MB
[runlim] sample:		1759.24 time, 1760.02 real, 307 MB
[runlim] sample:		1769.24 time, 1770.02 real, 309 MB
[runlim] sample:		1779.24 time, 1780.02 real, 310 MB
[runlim] sample:		1789.24 time, 1790.02 real, 311 MB
[runlim] sample:		1799.23 time, 1800.02 real, 312 MB
[runlim] sample:		1809.24 time, 1810.02 real, 314 MB
[runlim] sample:		1819.24 time, 1820.02 real, 319 MB
[runlim] sample:		1829.23 time, 1830.02 real, 320 MB
[runlim] sample:		1839.24 time, 1840.02 real, 322 MB
[runlim] sample:		1849.23 time, 1850.02 real, 271 MB
[runlim] sample:		1859.24 time, 1860.02 real, 272 MB
[runlim] sample:		1869.24 time, 1870.02 real, 274 MB
[runlim] sample:		1879.24 time, 1880.02 real, 275 MB
[runlim] sample:		1889.24 time, 1890.02 real, 276 MB
[runlim] sample:		1899.23 time, 1900.02 real, 278 MB
[runlim] sample:		1909.23 time, 1910.02 real, 279 MB
[runlim] sample:		1919.24 time, 1920.02 real, 281 MB
[runlim] sample:		1929.24 time, 1930.02 real, 282 MB
[runlim] sample:		1939.24 time, 1940.02 real, 283 MB
[runlim] sample:		1949.23 time, 1950.02 real, 284 MB
[runlim] sample:		1959.23 time, 1960.02 real, 285 MB
[runlim] sample:		1969.24 time, 1970.02 real, 287 MB
[runlim] sample:		1979.24 time, 1980.02 real, 288 MB
[runlim] sample:		1989.23 time, 1990.02 real, 289 MB
[runlim] sample:		1999.23 time, 2000.02 real, 290 MB
[runlim] sample:		2009.23 time, 2010.02 real, 291 MB
[runlim] sample:		2019.24 time, 2020.02 real, 297 MB
[runlim] sample:		2029.23 time, 2030.02 real, 298 MB
[runlim] sample:		2039.24 time, 2040.02 real, 299 MB
[runlim] sample:		2049.23 time, 2050.02 real, 301 MB
[runlim] sample:		2059.23 time, 2060.02 real, 302 MB
[runlim] sample:		2069.23 time, 2070.02 real, 303 MB
[runlim] sample:		2079.23 time, 2080.02 real, 304 MB
[runlim] sample:		2089.23 time, 2090.02 real, 305 MB
[runlim] sample:		2099.23 time, 2100.02 real, 307 MB
[runlim] sample:		2109.23 time, 2110.02 real, 308 MB
[runlim] sample:		2119.23 time, 2120.02 real, 309 MB
[runlim] sample:		2129.23 time, 2130.02 real, 310 MB
[runlim] sample:		2139.23 time, 2140.02 real, 311 MB
[runlim] sample:		2149.23 time, 2150.02 real, 313 MB
[runlim] sample:		2159.23 time, 2160.02 real, 314 MB
[runlim] sample:		2169.22 time, 2170.02 real, 315 MB
[runlim] sample:		2179.22 time, 2180.02 real, 316 MB
[runlim] sample:		2189.23 time, 2190.02 real, 318 MB
[runlim] sample:		2199.23 time, 2200.02 real, 320 MB
[runlim] sample:		2209.23 time, 2210.02 real, 321 MB
[runlim] sample:		2219.23 time, 2220.02 real, 322 MB
[runlim] sample:		2229.23 time, 2230.02 real, 323 MB
[runlim] sample:		2239.23 time, 2240.02 real, 324 MB
[runlim] sample:		2249.23 time, 2250.02 real, 325 MB
[runlim] sample:		2259.22 time, 2260.02 real, 326 MB
[runlim] sample:		2269.23 time, 2270.02 real, 327 MB
[runlim] sample:		2279.22 time, 2280.02 real, 328 MB
[runlim] sample:		2289.22 time, 2290.02 real, 329 MB
[runlim] sample:		2299.23 time, 2300.02 real, 330 MB
[runlim] sample:		2309.23 time, 2310.02 real, 332 MB
[runlim] sample:		2319.23 time, 2320.02 real, 333 MB
[runlim] sample:		2329.22 time, 2330.02 real, 334 MB
[runlim] sample:		2339.23 time, 2340.02 real, 335 MB
[runlim] sample:		2349.23 time, 2350.02 real, 336 MB
[runlim] sample:		2359.22 time, 2360.02 real, 337 MB
[runlim] sample:		2369.23 time, 2370.02 real, 341 MB
[runlim] sample:		2379.22 time, 2380.02 real, 342 MB
[runlim] sample:		2389.23 time, 2390.02 real, 343 MB
[runlim] sample:		2399.22 time, 2400.02 real, 345 MB
[runlim] sample:		2409.22 time, 2410.02 real, 346 MB
[runlim] sample:		2419.22 time, 2420.02 real, 347 MB
[runlim] sample:		2429.22 time, 2430.02 real, 348 MB
[runlim] sample:		2439.22 time, 2440.02 real, 349 MB
[runlim] sample:		2449.23 time, 2450.02 real, 354 MB
[runlim] sample:		2459.22 time, 2460.02 real, 355 MB
[runlim] sample:		2469.22 time, 2470.02 real, 356 MB
[runlim] sample:		2479.22 time, 2480.02 real, 357 MB
[runlim] sample:		2489.22 time, 2490.02 real, 358 MB
[runlim] sample:		2499.22 time, 2500.02 real, 304 MB
[runlim] sample:		2509.22 time, 2510.02 real, 306 MB
[runlim] sample:		2519.22 time, 2520.02 real, 307 MB
[runlim] sample:		2529.22 time, 2530.02 real, 308 MB
[runlim] sample:		2539.22 time, 2540.02 real, 309 MB
[runlim] sample:		2549.22 time, 2550.02 real, 311 MB
[runlim] sample:		2559.22 time, 2560.02 real, 312 MB
[runlim] sample:		2569.22 time, 2570.02 real, 313 MB
[runlim] sample:		2579.22 time, 2580.02 real, 314 MB
[runlim] sample:		2589.21 time, 2590.02 real, 315 MB
[runlim] sample:		2599.22 time, 2600.02 real, 317 MB
[runlim] sample:		2609.22 time, 2610.02 real, 318 MB
[runlim] sample:		2619.22 time, 2620.02 real, 319 MB
[runlim] sample:		2629.22 time, 2630.02 real, 320 MB
[runlim] sample:		2639.22 time, 2640.02 real, 322 MB
[runlim] sample:		2649.22 time, 2650.02 real, 323 MB
[runlim] sample:		2659.22 time, 2660.02 real, 324 MB
[runlim] sample:		2669.22 time, 2670.02 real, 325 MB
[runlim] sample:		2679.21 time, 2680.02 real, 326 MB
[runlim] sample:		2689.21 time, 2690.02 real, 328 MB
[runlim] sample:		2699.21 time, 2700.02 real, 329 MB
[runlim] end:			Thu Feb 27 10:48:54 2020
[runlim] status:		out of time
[runlim] result:		2
[runlim] children:		1
[runlim] real:			2700.12 seconds
[runlim] time:			2699.21 seconds
[runlim] space:			562 MB
[runlim] samples:		27000
