[runlim] version:		1.18
[runlim] host:			c3n15
[runlim] time limit:		2700 seconds
[runlim] real time limit:	2700 seconds
[runlim] space limit:		7000 MB
[runlim] argv[0]:		./binary
[runlim] argv[1]:		/data/cnf/ankit/Set1/stmt16_950_951.qdimacs
[runlim] start:			Thu Feb 27 10:03:54 2020
[runlim] child:			7255
[runlim] sample:		9.30 time, 10.02 real, 22 MB
[runlim] sample:		19.29 time, 20.02 real, 35 MB
[runlim] sample:		29.29 time, 30.02 real, 47 MB
[runlim] sample:		39.29 time, 40.02 real, 58 MB
[runlim] sample:		49.29 time, 50.02 real, 70 MB
[runlim] sample:		59.29 time, 60.02 real, 81 MB
[runlim] sample:		69.29 time, 70.02 real, 91 MB
[runlim] sample:		79.29 time, 80.02 real, 102 MB
[runlim] sample:		89.29 time, 90.02 real, 111 MB
[runlim] sample:		99.29 time, 100.02 real, 98 MB
[runlim] sample:		109.29 time, 110.02 real, 108 MB
[runlim] sample:		119.29 time, 120.02 real, 117 MB
[runlim] sample:		129.29 time, 130.02 real, 125 MB
[runlim] sample:		139.29 time, 140.02 real, 134 MB
[runlim] sample:		149.29 time, 150.02 real, 142 MB
[runlim] sample:		159.29 time, 160.02 real, 150 MB
[runlim] sample:		169.28 time, 170.02 real, 157 MB
[runlim] sample:		179.28 time, 180.02 real, 165 MB
[runlim] sample:		189.29 time, 190.02 real, 171 MB
[runlim] sample:		199.28 time, 200.02 real, 179 MB
[runlim] sample:		209.28 time, 210.02 real, 185 MB
[runlim] sample:		219.29 time, 220.02 real, 193 MB
[runlim] sample:		229.29 time, 230.02 real, 200 MB
[runlim] sample:		239.29 time, 240.02 real, 207 MB
[runlim] sample:		249.29 time, 250.02 real, 215 MB
[runlim] sample:		259.28 time, 260.02 real, 221 MB
[runlim] sample:		269.28 time, 270.02 real, 228 MB
[runlim] sample:		279.29 time, 280.02 real, 233 MB
[runlim] sample:		289.28 time, 290.02 real, 240 MB
[runlim] sample:		299.29 time, 300.02 real, 246 MB
[runlim] sample:		309.29 time, 310.02 real, 252 MB
[runlim] sample:		319.29 time, 320.02 real, 258 MB
[runlim] sample:		329.28 time, 330.02 real, 265 MB
[runlim] sample:		339.29 time, 340.02 real, 271 MB
[runlim] sample:		349.29 time, 350.02 real, 278 MB
[runlim] sample:		359.28 time, 360.02 real, 283 MB
[runlim] sample:		369.29 time, 370.02 real, 289 MB
[runlim] sample:		379.29 time, 380.02 real, 294 MB
[runlim] sample:		389.29 time, 390.02 real, 300 MB
[runlim] sample:		399.29 time, 400.02 real, 306 MB
[runlim] sample:		409.29 time, 410.02 real, 311 MB
[runlim] sample:		419.28 time, 420.02 real, 316 MB
[runlim] sample:		429.29 time, 430.02 real, 322 MB
[runlim] sample:		439.28 time, 440.02 real, 328 MB
[runlim] sample:		449.28 time, 450.02 real, 334 MB
[runlim] sample:		459.28 time, 460.02 real, 339 MB
[runlim] sample:		469.29 time, 470.02 real, 344 MB
[runlim] sample:		479.28 time, 480.02 real, 348 MB
[runlim] sample:		489.28 time, 490.02 real, 352 MB
[runlim] sample:		499.28 time, 500.02 real, 357 MB
[runlim] sample:		509.28 time, 510.02 real, 361 MB
[runlim] sample:		519.28 time, 520.02 real, 366 MB
[runlim] sample:		529.28 time, 530.02 real, 370 MB
[runlim] sample:		539.28 time, 540.02 real, 375 MB
[runlim] sample:		549.28 time, 550.02 real, 380 MB
[runlim] sample:		559.28 time, 560.02 real, 385 MB
[runlim] sample:		569.29 time, 570.02 real, 390 MB
[runlim] sample:		579.29 time, 580.02 real, 394 MB
[runlim] sample:		589.28 time, 590.02 real, 399 MB
[runlim] sample:		599.28 time, 600.02 real, 404 MB
[runlim] sample:		609.28 time, 610.02 real, 408 MB
[runlim] sample:		619.28 time, 620.02 real, 411 MB
[runlim] sample:		629.28 time, 630.02 real, 417 MB
[runlim] sample:		639.28 time, 640.02 real, 421 MB
[runlim] sample:		649.28 time, 650.02 real, 426 MB
[runlim] sample:		659.28 time, 660.02 real, 430 MB
[runlim] sample:		669.28 time, 670.02 real, 434 MB
[runlim] sample:		679.28 time, 680.02 real, 438 MB
[runlim] sample:		689.28 time, 690.02 real, 442 MB
[runlim] sample:		699.28 time, 700.02 real, 445 MB
[runlim] sample:		709.28 time, 710.02 real, 449 MB
[runlim] sample:		719.28 time, 720.02 real, 453 MB
[runlim] sample:		729.27 time, 730.02 real, 456 MB
[runlim] sample:		739.29 time, 740.02 real, 461 MB
[runlim] sample:		749.28 time, 750.02 real, 465 MB
[runlim] sample:		759.27 time, 760.02 real, 470 MB
[runlim] sample:		769.28 time, 770.02 real, 474 MB
[runlim] sample:		779.28 time, 780.02 real, 478 MB
[runlim] sample:		789.28 time, 790.02 real, 482 MB
[runlim] sample:		799.28 time, 800.02 real, 486 MB
[runlim] sample:		809.28 time, 810.02 real, 492 MB
[runlim] sample:		819.28 time, 820.02 real, 495 MB
[runlim] sample:		829.28 time, 830.02 real, 499 MB
[runlim] sample:		839.28 time, 840.02 real, 502 MB
[runlim] sample:		849.27 time, 850.02 real, 507 MB
[runlim] sample:		859.27 time, 860.02 real, 512 MB
[runlim] sample:		869.28 time, 870.02 real, 516 MB
[runlim] sample:		879.28 time, 880.02 real, 521 MB
[runlim] sample:		889.27 time, 890.02 real, 525 MB
[runlim] sample:		899.27 time, 900.02 real, 528 MB
[runlim] sample:		909.28 time, 910.02 real, 531 MB
[runlim] sample:		919.27 time, 920.02 real, 533 MB
[runlim] sample:		929.28 time, 930.02 real, 537 MB
[runlim] sample:		939.28 time, 940.02 real, 540 MB
[runlim] sample:		949.27 time, 950.02 real, 543 MB
[runlim] sample:		959.27 time, 960.02 real, 546 MB
[runlim] sample:		969.28 time, 970.02 real, 548 MB
[runlim] sample:		979.28 time, 980.02 real, 551 MB
[runlim] sample:		989.27 time, 990.02 real, 554 MB
[runlim] sample:		999.28 time, 1000.02 real, 557 MB
[runlim] sample:		1009.28 time, 1010.02 real, 559 MB
[runlim] sample:		1019.27 time, 1020.02 real, 563 MB
[runlim] sample:		1029.28 time, 1030.02 real, 567 MB
[runlim] sample:		1039.28 time, 1040.02 real, 570 MB
[runlim] sample:		1049.28 time, 1050.02 real, 572 MB
[runlim] sample:		1059.27 time, 1060.02 real, 577 MB
[runlim] sample:		1069.28 time, 1070.02 real, 580 MB
[runlim] sample:		1079.27 time, 1080.02 real, 583 MB
[runlim] sample:		1089.27 time, 1090.02 real, 586 MB
[runlim] sample:		1099.27 time, 1100.02 real, 589 MB
[runlim] sample:		1109.27 time, 1110.02 real, 592 MB
[runlim] sample:		1119.27 time, 1120.02 real, 595 MB
[runlim] sample:		1129.27 time, 1130.02 real, 599 MB
[runlim] sample:		1139.27 time, 1140.02 real, 601 MB
[runlim] sample:		1149.27 time, 1150.02 real, 604 MB
[runlim] sample:		1159.27 time, 1160.02 real, 607 MB
[runlim] sample:		1169.27 time, 1170.02 real, 612 MB
[runlim] sample:		1179.27 time, 1180.02 real, 617 MB
[runlim] sample:		1189.27 time, 1190.02 real, 621 MB
[runlim] sample:		1199.27 time, 1200.02 real, 623 MB
[runlim] sample:		1209.28 time, 1210.02 real, 626 MB
[runlim] sample:		1219.27 time, 1220.02 real, 629 MB
[runlim] sample:		1229.27 time, 1230.02 real, 633 MB
[runlim] sample:		1239.27 time, 1240.02 real, 636 MB
[runlim] sample:		1249.27 time, 1250.02 real, 639 MB
[runlim] sample:		1259.27 time, 1260.02 real, 642 MB
[runlim] sample:		1269.27 time, 1270.02 real, 645 MB
[runlim] sample:		1279.26 time, 1280.02 real, 650 MB
[runlim] sample:		1289.27 time, 1290.02 real, 653 MB
[runlim] sample:		1299.27 time, 1300.02 real, 656 MB
[runlim] sample:		1309.27 time, 1310.02 real, 660 MB
[runlim] sample:		1319.27 time, 1320.02 real, 662 MB
[runlim] sample:		1329.27 time, 1330.02 real, 664 MB
[runlim] sample:		1339.26 time, 1340.02 real, 667 MB
[runlim] sample:		1349.26 time, 1350.02 real, 669 MB
[runlim] sample:		1359.26 time, 1360.02 real, 535 MB
[runlim] sample:		1369.27 time, 1370.02 real, 540 MB
[runlim] sample:		1379.26 time, 1380.02 real, 543 MB
[runlim] sample:		1389.26 time, 1390.02 real, 546 MB
[runlim] sample:		1399.27 time, 1400.02 real, 549 MB
[runlim] sample:		1409.26 time, 1410.02 real, 553 MB
[runlim] sample:		1419.27 time, 1420.02 real, 556 MB
[runlim] sample:		1429.26 time, 1430.02 real, 559 MB
[runlim] sample:		1439.27 time, 1440.02 real, 560 MB
[runlim] sample:		1449.26 time, 1450.02 real, 562 MB
[runlim] sample:		1459.26 time, 1460.02 real, 564 MB
[runlim] sample:		1469.26 time, 1470.02 real, 567 MB
[runlim] sample:		1479.26 time, 1480.02 real, 570 MB
[runlim] sample:		1489.26 time, 1490.02 real, 573 MB
[runlim] sample:		1499.26 time, 1500.02 real, 576 MB
[runlim] sample:		1509.26 time, 1510.02 real, 578 MB
[runlim] sample:		1519.27 time, 1520.02 real, 581 MB
[runlim] sample:		1529.26 time, 1530.02 real, 585 MB
[runlim] sample:		1539.27 time, 1540.02 real, 589 MB
[runlim] sample:		1549.26 time, 1550.02 real, 592 MB
[runlim] sample:		1559.27 time, 1560.02 real, 597 MB
[runlim] sample:		1569.26 time, 1570.02 real, 600 MB
[runlim] sample:		1579.26 time, 1580.02 real, 603 MB
[runlim] sample:		1589.27 time, 1590.02 real, 607 MB
[runlim] sample:		1599.26 time, 1600.02 real, 609 MB
[runlim] sample:		1609.26 time, 1610.02 real, 611 MB
[runlim] sample:		1619.26 time, 1620.02 real, 614 MB
[runlim] sample:		1629.26 time, 1630.02 real, 617 MB
[runlim] sample:		1639.26 time, 1640.02 real, 619 MB
[runlim] sample:		1649.26 time, 1650.02 real, 623 MB
[runlim] sample:		1659.26 time, 1660.02 real, 625 MB
[runlim] sample:		1669.26 time, 1670.02 real, 628 MB
[runlim] sample:		1679.26 time, 1680.02 real, 631 MB
[runlim] sample:		1689.26 time, 1690.02 real, 633 MB
[runlim] sample:		1699.26 time, 1700.02 real, 636 MB
[runlim] sample:		1709.26 time, 1710.02 real, 638 MB
[runlim] sample:		1719.26 time, 1720.02 real, 640 MB
[runlim] sample:		1729.26 time, 1730.02 real, 642 MB
[runlim] sample:		1739.26 time, 1740.02 real, 644 MB
[runlim] sample:		1749.26 time, 1750.02 real, 646 MB
[runlim] sample:		1759.26 time, 1760.02 real, 648 MB
[runlim] sample:		1769.26 time, 1770.02 real, 651 MB
[runlim] sample:		1779.26 time, 1780.02 real, 653 MB
[runlim] sample:		1789.26 time, 1790.02 real, 656 MB
[runlim] sample:		1799.26 time, 1800.02 real, 659 MB
[runlim] sample:		1809.26 time, 1810.02 real, 661 MB
[runlim] sample:		1819.26 time, 1820.02 real, 663 MB
[runlim] sample:		1829.26 time, 1830.02 real, 665 MB
[runlim] sample:		1839.26 time, 1840.02 real, 667 MB
[runlim] sample:		1849.26 time, 1850.02 real, 671 MB
[runlim] sample:		1859.26 time, 1860.02 real, 673 MB
[runlim] sample:		1869.26 time, 1870.02 real, 676 MB
[runlim] sample:		1879.26 time, 1880.02 real, 678 MB
[runlim] sample:		1889.26 time, 1890.02 real, 682 MB
[runlim] sample:		1899.26 time, 1900.02 real, 684 MB
[runlim] sample:		1909.26 time, 1910.02 real, 688 MB
[runlim] sample:		1919.26 time, 1920.02 real, 690 MB
[runlim] sample:		1929.26 time, 1930.02 real, 693 MB
[runlim] sample:		1939.26 time, 1940.02 real, 696 MB
[runlim] sample:		1949.26 time, 1950.02 real, 697 MB
[runlim] sample:		1959.26 time, 1960.02 real, 699 MB
[runlim] sample:		1969.26 time, 1970.02 real, 702 MB
[runlim] sample:		1979.26 time, 1980.02 real, 706 MB
[runlim] sample:		1989.25 time, 1990.02 real, 711 MB
[runlim] sample:		1999.26 time, 2000.02 real, 714 MB
[runlim] sample:		2009.26 time, 2010.02 real, 717 MB
[runlim] sample:		2019.25 time, 2020.02 real, 718 MB
[runlim] sample:		2029.26 time, 2030.02 real, 720 MB
[runlim] sample:		2039.25 time, 2040.02 real, 722 MB
[runlim] sample:		2049.25 time, 2050.02 real, 725 MB
[runlim] sample:		2059.26 time, 2060.02 real, 727 MB
[runlim] sample:		2069.26 time, 2070.02 real, 730 MB
[runlim] sample:		2079.25 time, 2080.02 real, 732 MB
[runlim] sample:		2089.26 time, 2090.02 real, 734 MB
[runlim] sample:		2099.26 time, 2100.02 real, 735 MB
[runlim] sample:		2109.26 time, 2110.02 real, 737 MB
[runlim] sample:		2119.26 time, 2120.02 real, 741 MB
[runlim] sample:		2129.25 time, 2130.02 real, 743 MB
[runlim] sample:		2139.25 time, 2140.02 real, 748 MB
[runlim] sample:		2149.25 time, 2150.02 real, 750 MB
[runlim] sample:		2159.25 time, 2160.02 real, 752 MB
[runlim] sample:		2169.25 time, 2170.02 real, 753 MB
[runlim] sample:		2179.25 time, 2180.02 real, 754 MB
[runlim] sample:		2189.25 time, 2190.02 real, 757 MB
[runlim] sample:		2199.25 time, 2200.02 real, 760 MB
[runlim] sample:		2209.25 time, 2210.02 real, 762 MB
[runlim] sample:		2219.26 time, 2220.02 real, 764 MB
[runlim] sample:		2229.26 time, 2230.02 real, 766 MB
[runlim] sample:		2239.25 time, 2240.02 real, 769 MB
[runlim] sample:		2249.25 time, 2250.02 real, 771 MB
[runlim] sample:		2259.25 time, 2260.02 real, 773 MB
[runlim] sample:		2269.25 time, 2270.02 real, 775 MB
[runlim] sample:		2279.25 time, 2280.02 real, 778 MB
[runlim] sample:		2289.25 time, 2290.02 real, 782 MB
[runlim] sample:		2299.25 time, 2300.02 real, 784 MB
[runlim] sample:		2309.25 time, 2310.02 real, 786 MB
[runlim] sample:		2319.25 time, 2320.02 real, 788 MB
[runlim] sample:		2329.25 time, 2330.02 real, 791 MB
[runlim] sample:		2339.25 time, 2340.02 real, 793 MB
[runlim] sample:		2349.25 time, 2350.02 real, 798 MB
[runlim] sample:		2359.25 time, 2360.02 real, 800 MB
[runlim] sample:		2369.25 time, 2370.02 real, 803 MB
[runlim] sample:		2379.25 time, 2380.02 real, 805 MB
[runlim] sample:		2389.25 time, 2390.02 real, 806 MB
[runlim] sample:		2399.25 time, 2400.02 real, 809 MB
[runlim] sample:		2409.25 time, 2410.02 real, 811 MB
[runlim] sample:		2419.25 time, 2420.02 real, 813 MB
[runlim] sample:		2429.25 time, 2430.02 real, 815 MB
[runlim] sample:		2439.25 time, 2440.02 real, 817 MB
[runlim] sample:		2449.25 time, 2450.02 real, 819 MB
[runlim] sample:		2459.25 time, 2460.02 real, 820 MB
[runlim] sample:		2469.24 time, 2470.02 real, 822 MB
[runlim] sample:		2479.25 time, 2480.02 real, 823 MB
[runlim] sample:		2489.24 time, 2490.02 real, 826 MB
[runlim] sample:		2499.25 time, 2500.02 real, 828 MB
[runlim] sample:		2509.24 time, 2510.02 real, 830 MB
[runlim] sample:		2519.24 time, 2520.02 real, 832 MB
[runlim] sample:		2529.24 time, 2530.02 real, 834 MB
[runlim] sample:		2539.24 time, 2540.02 real, 836 MB
[runlim] sample:		2549.24 time, 2550.02 real, 840 MB
[runlim] sample:		2559.25 time, 2560.02 real, 842 MB
[runlim] sample:		2569.24 time, 2570.02 real, 843 MB
[runlim] sample:		2579.25 time, 2580.02 real, 845 MB
[runlim] sample:		2589.24 time, 2590.02 real, 847 MB
[runlim] sample:		2599.24 time, 2600.02 real, 849 MB
[runlim] sample:		2609.24 time, 2610.02 real, 851 MB
[runlim] sample:		2619.24 time, 2620.02 real, 854 MB
[runlim] sample:		2629.25 time, 2630.02 real, 856 MB
[runlim] sample:		2639.24 time, 2640.02 real, 860 MB
[runlim] sample:		2649.25 time, 2650.02 real, 862 MB
[runlim] sample:		2659.24 time, 2660.02 real, 864 MB
[runlim] sample:		2669.24 time, 2670.02 real, 867 MB
[runlim] sample:		2679.24 time, 2680.02 real, 869 MB
[runlim] sample:		2689.24 time, 2690.02 real, 871 MB
[runlim] sample:		2699.25 time, 2700.02 real, 873 MB
[runlim] end:			Thu Feb 27 10:48:54 2020
[runlim] status:		out of time
[runlim] result:		2
[runlim] children:		1
[runlim] real:			2700.13 seconds
[runlim] time:			2699.25 seconds
[runlim] space:			1119 MB
[runlim] samples:		27000
