[runlim] version:		1.18
[runlim] host:			c3n17
[runlim] time limit:		2700 seconds
[runlim] real time limit:	2700 seconds
[runlim] space limit:		7000 MB
[runlim] argv[0]:		./binary
[runlim] argv[1]:		/data/cnf/ankit/Set1/stmt37_941_942.qdimacs
[runlim] start:			Thu Feb 27 10:03:55 2020
[runlim] child:			6750
[runlim] sample:		9.95 time, 10.02 real, 22 MB
[runlim] sample:		19.95 time, 20.02 real, 33 MB
[runlim] sample:		29.95 time, 30.02 real, 43 MB
[runlim] sample:		39.95 time, 40.02 real, 52 MB
[runlim] sample:		49.95 time, 50.02 real, 62 MB
[runlim] sample:		59.95 time, 60.02 real, 71 MB
[runlim] sample:		69.95 time, 70.02 real, 82 MB
[runlim] sample:		79.94 time, 80.02 real, 91 MB
[runlim] sample:		89.95 time, 90.02 real, 100 MB
[runlim] sample:		99.95 time, 100.02 real, 109 MB
[runlim] sample:		109.94 time, 110.02 real, 117 MB
[runlim] sample:		119.95 time, 120.02 real, 124 MB
[runlim] sample:		129.95 time, 130.02 real, 133 MB
[runlim] sample:		139.95 time, 140.02 real, 140 MB
[runlim] sample:		149.94 time, 150.02 real, 147 MB
[runlim] sample:		159.94 time, 160.02 real, 155 MB
[runlim] sample:		169.95 time, 170.02 real, 163 MB
[runlim] sample:		179.95 time, 180.02 real, 170 MB
[runlim] sample:		189.94 time, 190.02 real, 178 MB
[runlim] sample:		199.95 time, 200.02 real, 185 MB
[runlim] sample:		209.95 time, 210.02 real, 192 MB
[runlim] sample:		219.95 time, 220.02 real, 201 MB
[runlim] sample:		229.95 time, 230.02 real, 211 MB
[runlim] sample:		239.94 time, 240.02 real, 221 MB
[runlim] sample:		249.94 time, 250.02 real, 233 MB
[runlim] sample:		259.94 time, 260.02 real, 242 MB
[runlim] sample:		269.95 time, 270.02 real, 250 MB
[runlim] sample:		279.94 time, 280.02 real, 256 MB
[runlim] sample:		289.95 time, 290.02 real, 208 MB
[runlim] sample:		299.94 time, 300.02 real, 215 MB
[runlim] sample:		309.95 time, 310.02 real, 223 MB
[runlim] sample:		319.95 time, 320.02 real, 230 MB
[runlim] sample:		329.94 time, 330.02 real, 236 MB
[runlim] sample:		339.94 time, 340.02 real, 242 MB
[runlim] sample:		349.94 time, 350.02 real, 248 MB
[runlim] sample:		359.95 time, 360.02 real, 254 MB
[runlim] sample:		369.94 time, 370.02 real, 261 MB
[runlim] sample:		379.94 time, 380.02 real, 269 MB
[runlim] sample:		389.95 time, 390.02 real, 277 MB
[runlim] sample:		399.95 time, 400.02 real, 283 MB
[runlim] sample:		409.95 time, 410.02 real, 289 MB
[runlim] sample:		419.94 time, 420.02 real, 296 MB
[runlim] sample:		429.95 time, 430.02 real, 301 MB
[runlim] sample:		439.94 time, 440.02 real, 307 MB
[runlim] sample:		449.94 time, 450.02 real, 312 MB
[runlim] sample:		459.94 time, 460.02 real, 317 MB
[runlim] sample:		469.95 time, 470.02 real, 322 MB
[runlim] sample:		479.94 time, 480.02 real, 328 MB
[runlim] sample:		489.94 time, 490.02 real, 333 MB
[runlim] sample:		499.94 time, 500.02 real, 338 MB
[runlim] sample:		509.94 time, 510.02 real, 343 MB
[runlim] sample:		519.94 time, 520.02 real, 348 MB
[runlim] sample:		529.95 time, 530.02 real, 353 MB
[runlim] sample:		539.94 time, 540.02 real, 359 MB
[runlim] sample:		549.94 time, 550.02 real, 364 MB
[runlim] sample:		559.94 time, 560.02 real, 370 MB
[runlim] sample:		569.94 time, 570.02 real, 375 MB
[runlim] sample:		579.94 time, 580.02 real, 384 MB
[runlim] sample:		589.94 time, 590.02 real, 388 MB
[runlim] sample:		599.94 time, 600.02 real, 394 MB
[runlim] sample:		609.94 time, 610.02 real, 399 MB
[runlim] sample:		619.94 time, 620.02 real, 404 MB
[runlim] sample:		629.94 time, 630.02 real, 408 MB
[runlim] sample:		639.94 time, 640.02 real, 411 MB
[runlim] sample:		649.94 time, 650.02 real, 416 MB
[runlim] sample:		659.94 time, 660.02 real, 420 MB
[runlim] sample:		669.94 time, 670.02 real, 423 MB
[runlim] sample:		679.94 time, 680.02 real, 426 MB
[runlim] sample:		689.94 time, 690.02 real, 429 MB
[runlim] sample:		699.94 time, 700.02 real, 432 MB
[runlim] sample:		709.93 time, 710.02 real, 435 MB
[runlim] sample:		719.94 time, 720.02 real, 438 MB
[runlim] sample:		729.94 time, 730.02 real, 441 MB
[runlim] sample:		739.94 time, 740.02 real, 443 MB
[runlim] sample:		749.93 time, 750.02 real, 446 MB
[runlim] sample:		759.94 time, 760.02 real, 449 MB
[runlim] sample:		769.94 time, 770.02 real, 452 MB
[runlim] sample:		779.94 time, 780.02 real, 457 MB
[runlim] sample:		789.94 time, 790.02 real, 461 MB
[runlim] sample:		799.94 time, 800.02 real, 464 MB
[runlim] sample:		809.94 time, 810.02 real, 469 MB
[runlim] sample:		819.94 time, 820.02 real, 474 MB
[runlim] sample:		829.94 time, 830.02 real, 480 MB
[runlim] sample:		839.94 time, 840.02 real, 485 MB
[runlim] sample:		849.94 time, 850.02 real, 489 MB
[runlim] sample:		859.94 time, 860.02 real, 493 MB
[runlim] sample:		869.93 time, 870.02 real, 497 MB
[runlim] sample:		879.93 time, 880.02 real, 502 MB
[runlim] sample:		889.94 time, 890.02 real, 506 MB
[runlim] sample:		899.93 time, 900.02 real, 509 MB
[runlim] sample:		909.94 time, 910.02 real, 512 MB
[runlim] sample:		919.94 time, 920.02 real, 517 MB
[runlim] sample:		929.93 time, 930.02 real, 520 MB
[runlim] sample:		939.93 time, 940.02 real, 523 MB
[runlim] sample:		949.93 time, 950.02 real, 526 MB
[runlim] sample:		959.93 time, 960.02 real, 530 MB
[runlim] sample:		969.94 time, 970.02 real, 534 MB
[runlim] sample:		979.94 time, 980.02 real, 536 MB
[runlim] sample:		989.93 time, 990.02 real, 540 MB
[runlim] sample:		999.94 time, 1000.02 real, 543 MB
[runlim] sample:		1009.93 time, 1010.02 real, 546 MB
[runlim] sample:		1019.93 time, 1020.02 real, 549 MB
[runlim] sample:		1029.94 time, 1030.02 real, 552 MB
[runlim] sample:		1039.93 time, 1040.02 real, 556 MB
[runlim] sample:		1049.94 time, 1050.02 real, 559 MB
[runlim] sample:		1059.93 time, 1060.02 real, 562 MB
[runlim] sample:		1069.94 time, 1070.02 real, 566 MB
[runlim] sample:		1079.93 time, 1080.02 real, 569 MB
[runlim] sample:		1089.93 time, 1090.02 real, 573 MB
[runlim] sample:		1099.94 time, 1100.02 real, 575 MB
[runlim] sample:		1109.93 time, 1110.02 real, 579 MB
[runlim] sample:		1119.94 time, 1120.02 real, 584 MB
[runlim] sample:		1129.94 time, 1130.02 real, 588 MB
[runlim] sample:		1139.93 time, 1140.02 real, 592 MB
[runlim] sample:		1149.93 time, 1150.02 real, 596 MB
[runlim] sample:		1159.93 time, 1160.02 real, 599 MB
[runlim] sample:		1169.93 time, 1170.02 real, 604 MB
[runlim] sample:		1179.94 time, 1180.02 real, 607 MB
[runlim] sample:		1189.93 time, 1190.02 real, 612 MB
[runlim] sample:		1199.93 time, 1200.02 real, 615 MB
[runlim] sample:		1209.94 time, 1210.02 real, 619 MB
[runlim] sample:		1219.94 time, 1220.02 real, 623 MB
[runlim] sample:		1229.93 time, 1230.02 real, 626 MB
[runlim] sample:		1239.93 time, 1240.02 real, 629 MB
[runlim] sample:		1249.93 time, 1250.02 real, 631 MB
[runlim] sample:		1259.93 time, 1260.02 real, 634 MB
[runlim] sample:		1269.93 time, 1270.02 real, 637 MB
[runlim] sample:		1279.94 time, 1280.02 real, 640 MB
[runlim] sample:		1289.93 time, 1290.02 real, 643 MB
[runlim] sample:		1299.93 time, 1300.02 real, 646 MB
[runlim] sample:		1309.93 time, 1310.02 real, 649 MB
[runlim] sample:		1319.93 time, 1320.02 real, 652 MB
[runlim] sample:		1329.93 time, 1330.02 real, 656 MB
[runlim] sample:		1339.93 time, 1340.02 real, 659 MB
[runlim] sample:		1349.93 time, 1350.02 real, 662 MB
[runlim] sample:		1359.93 time, 1360.02 real, 664 MB
[runlim] sample:		1369.93 time, 1370.02 real, 668 MB
[runlim] sample:		1379.93 time, 1380.02 real, 671 MB
[runlim] sample:		1389.93 time, 1390.02 real, 674 MB
[runlim] sample:		1399.93 time, 1400.02 real, 677 MB
[runlim] sample:		1409.93 time, 1410.02 real, 682 MB
[runlim] sample:		1419.93 time, 1420.02 real, 685 MB
[runlim] sample:		1429.93 time, 1430.02 real, 688 MB
[runlim] sample:		1439.93 time, 1440.02 real, 691 MB
[runlim] sample:		1449.93 time, 1450.02 real, 694 MB
[runlim] sample:		1459.93 time, 1460.02 real, 698 MB
[runlim] sample:		1469.93 time, 1470.02 real, 707 MB
[runlim] sample:		1479.93 time, 1480.02 real, 714 MB
[runlim] sample:		1489.93 time, 1490.02 real, 719 MB
[runlim] sample:		1499.93 time, 1500.02 real, 724 MB
[runlim] sample:		1509.92 time, 1510.02 real, 728 MB
[runlim] sample:		1519.93 time, 1520.02 real, 731 MB
[runlim] sample:		1529.93 time, 1530.02 real, 734 MB
[runlim] sample:		1539.93 time, 1540.02 real, 737 MB
[runlim] sample:		1549.93 time, 1550.02 real, 740 MB
[runlim] sample:		1559.92 time, 1560.02 real, 743 MB
[runlim] sample:		1569.93 time, 1570.02 real, 745 MB
[runlim] sample:		1579.92 time, 1580.02 real, 748 MB
[runlim] sample:		1589.92 time, 1590.02 real, 751 MB
[runlim] sample:		1599.93 time, 1600.02 real, 753 MB
[runlim] sample:		1609.92 time, 1610.02 real, 756 MB
[runlim] sample:		1619.92 time, 1620.02 real, 758 MB
[runlim] sample:		1629.93 time, 1630.02 real, 760 MB
[runlim] sample:		1639.93 time, 1640.02 real, 762 MB
[runlim] sample:		1649.93 time, 1650.02 real, 765 MB
[runlim] sample:		1659.93 time, 1660.02 real, 769 MB
[runlim] sample:		1669.93 time, 1670.02 real, 772 MB
[runlim] sample:		1679.93 time, 1680.02 real, 776 MB
[runlim] sample:		1689.93 time, 1690.02 real, 779 MB
[runlim] sample:		1699.93 time, 1700.02 real, 783 MB
[runlim] sample:		1709.92 time, 1710.02 real, 785 MB
[runlim] sample:		1719.93 time, 1720.02 real, 789 MB
[runlim] sample:		1729.92 time, 1730.02 real, 792 MB
[runlim] sample:		1739.93 time, 1740.02 real, 794 MB
[runlim] sample:		1749.93 time, 1750.02 real, 797 MB
[runlim] sample:		1759.93 time, 1760.02 real, 800 MB
[runlim] sample:		1769.92 time, 1770.02 real, 804 MB
[runlim] sample:		1779.92 time, 1780.02 real, 806 MB
[runlim] sample:		1789.93 time, 1790.02 real, 809 MB
[runlim] sample:		1799.92 time, 1800.02 real, 812 MB
[runlim] sample:		1809.92 time, 1810.02 real, 815 MB
[runlim] sample:		1819.92 time, 1820.02 real, 818 MB
[runlim] sample:		1829.92 time, 1830.02 real, 821 MB
[runlim] sample:		1839.93 time, 1840.02 real, 824 MB
[runlim] sample:		1849.93 time, 1850.02 real, 826 MB
[runlim] sample:		1859.92 time, 1860.02 real, 829 MB
[runlim] sample:		1869.93 time, 1870.02 real, 832 MB
[runlim] sample:		1879.92 time, 1880.02 real, 836 MB
[runlim] sample:		1889.92 time, 1890.02 real, 840 MB
[runlim] sample:		1899.93 time, 1900.02 real, 842 MB
[runlim] sample:		1909.93 time, 1910.02 real, 845 MB
[runlim] sample:		1919.93 time, 1920.02 real, 848 MB
[runlim] sample:		1929.92 time, 1930.02 real, 852 MB
[runlim] sample:		1939.92 time, 1940.02 real, 854 MB
[runlim] sample:		1949.92 time, 1950.02 real, 857 MB
[runlim] sample:		1959.92 time, 1960.02 real, 859 MB
[runlim] sample:		1969.92 time, 1970.02 real, 862 MB
[runlim] sample:		1979.92 time, 1980.02 real, 865 MB
[runlim] sample:		1989.92 time, 1990.02 real, 868 MB
[runlim] sample:		1999.92 time, 2000.02 real, 871 MB
[runlim] sample:		2009.92 time, 2010.02 real, 873 MB
[runlim] sample:		2019.92 time, 2020.02 real, 876 MB
[runlim] sample:		2029.92 time, 2030.02 real, 878 MB
[runlim] sample:		2039.92 time, 2040.02 real, 883 MB
[runlim] sample:		2049.92 time, 2050.02 real, 889 MB
[runlim] sample:		2059.92 time, 2060.02 real, 897 MB
[runlim] sample:		2069.92 time, 2070.02 real, 899 MB
[runlim] sample:		2079.92 time, 2080.02 real, 901 MB
[runlim] sample:		2089.92 time, 2090.02 real, 905 MB
[runlim] sample:		2099.92 time, 2100.02 real, 907 MB
[runlim] sample:		2109.92 time, 2110.02 real, 909 MB
[runlim] sample:		2119.92 time, 2120.02 real, 911 MB
[runlim] sample:		2129.92 time, 2130.02 real, 913 MB
[runlim] sample:		2139.92 time, 2140.02 real, 914 MB
[runlim] sample:		2149.92 time, 2150.02 real, 919 MB
[runlim] sample:		2159.92 time, 2160.02 real, 923 MB
[runlim] sample:		2169.91 time, 2170.02 real, 926 MB
[runlim] sample:		2179.92 time, 2180.02 real, 929 MB
[runlim] sample:		2189.92 time, 2190.02 real, 932 MB
[runlim] sample:		2199.92 time, 2200.02 real, 935 MB
[runlim] sample:		2209.92 time, 2210.02 real, 939 MB
[runlim] sample:		2219.92 time, 2220.02 real, 943 MB
[runlim] sample:		2229.91 time, 2230.02 real, 946 MB
[runlim] sample:		2239.91 time, 2240.02 real, 950 MB
[runlim] sample:		2249.92 time, 2250.02 real, 952 MB
[runlim] sample:		2259.91 time, 2260.02 real, 955 MB
[runlim] sample:		2269.92 time, 2270.02 real, 956 MB
[runlim] sample:		2279.92 time, 2280.02 real, 958 MB
[runlim] sample:		2289.91 time, 2290.02 real, 959 MB
[runlim] sample:		2299.92 time, 2300.02 real, 961 MB
[runlim] sample:		2309.92 time, 2310.02 real, 963 MB
[runlim] sample:		2319.92 time, 2320.02 real, 964 MB
[runlim] sample:		2329.91 time, 2330.02 real, 966 MB
[runlim] sample:		2339.91 time, 2340.02 real, 969 MB
[runlim] sample:		2349.92 time, 2350.02 real, 972 MB
[runlim] sample:		2359.91 time, 2360.02 real, 975 MB
[runlim] sample:		2369.92 time, 2370.02 real, 978 MB
[runlim] sample:		2379.92 time, 2380.02 real, 982 MB
[runlim] sample:		2389.91 time, 2390.02 real, 988 MB
[runlim] sample:		2399.92 time, 2400.02 real, 994 MB
[runlim] sample:		2409.92 time, 2410.02 real, 1001 MB
[runlim] sample:		2419.91 time, 2420.02 real, 1005 MB
[runlim] sample:		2429.91 time, 2430.02 real, 1008 MB
[runlim] sample:		2439.92 time, 2440.02 real, 1011 MB
[runlim] sample:		2449.92 time, 2450.02 real, 1013 MB
[runlim] sample:		2459.91 time, 2460.02 real, 1016 MB
[runlim] sample:		2469.91 time, 2470.02 real, 1018 MB
[runlim] sample:		2479.91 time, 2480.02 real, 1021 MB
[runlim] sample:		2489.92 time, 2490.02 real, 1024 MB
[runlim] sample:		2499.91 time, 2500.02 real, 1027 MB
[runlim] sample:		2509.91 time, 2510.02 real, 1031 MB
[runlim] sample:		2519.91 time, 2520.02 real, 1033 MB
[runlim] sample:		2529.91 time, 2530.02 real, 1034 MB
[runlim] sample:		2539.91 time, 2540.02 real, 1036 MB
[runlim] sample:		2549.92 time, 2550.02 real, 1039 MB
[runlim] sample:		2559.91 time, 2560.02 real, 1041 MB
[runlim] sample:		2569.91 time, 2570.02 real, 1044 MB
[runlim] sample:		2579.92 time, 2580.02 real, 1047 MB
[runlim] sample:		2589.91 time, 2590.02 real, 1051 MB
[runlim] sample:		2599.92 time, 2600.02 real, 1055 MB
[runlim] sample:		2609.91 time, 2610.02 real, 1059 MB
[runlim] sample:		2619.91 time, 2620.02 real, 1063 MB
[runlim] sample:		2629.92 time, 2630.02 real, 1066 MB
[runlim] sample:		2639.91 time, 2640.02 real, 1068 MB
[runlim] sample:		2649.92 time, 2650.02 real, 1070 MB
[runlim] sample:		2659.91 time, 2660.02 real, 1072 MB
[runlim] sample:		2669.91 time, 2670.02 real, 1075 MB
[runlim] sample:		2679.91 time, 2680.02 real, 1077 MB
[runlim] sample:		2689.91 time, 2690.02 real, 1080 MB
[runlim] sample:		2699.91 time, 2700.02 real, 1083 MB
[runlim] end:			Thu Feb 27 10:48:55 2020
[runlim] status:		out of time
[runlim] result:		2
[runlim] children:		1
[runlim] real:			2700.13 seconds
[runlim] time:			2699.91 seconds
[runlim] space:			1083 MB
[runlim] samples:		27000
