[runlim] version:		1.18
[runlim] host:			c3n15
[runlim] time limit:		2700 seconds
[runlim] real time limit:	2700 seconds
[runlim] space limit:		7000 MB
[runlim] argv[0]:		./binary
[runlim] argv[1]:		/data/cnf/ankit/Set1/stmt21_181_369.qdimacs
[runlim] start:			Thu Feb 27 10:03:55 2020
[runlim] child:			7347
[runlim] sample:		9.96 time, 10.02 real, 30 MB
[runlim] sample:		19.96 time, 20.02 real, 37 MB
[runlim] sample:		29.95 time, 30.02 real, 44 MB
[runlim] sample:		39.95 time, 40.02 real, 51 MB
[runlim] sample:		49.95 time, 50.02 real, 58 MB
[runlim] sample:		59.95 time, 60.02 real, 65 MB
[runlim] sample:		69.95 time, 70.02 real, 71 MB
[runlim] sample:		79.95 time, 80.02 real, 78 MB
[runlim] sample:		89.95 time, 90.02 real, 84 MB
[runlim] sample:		99.95 time, 100.02 real, 91 MB
[runlim] sample:		109.95 time, 110.02 real, 97 MB
[runlim] sample:		119.95 time, 120.02 real, 103 MB
[runlim] sample:		129.95 time, 130.02 real, 109 MB
[runlim] sample:		139.95 time, 140.02 real, 116 MB
[runlim] sample:		149.95 time, 150.02 real, 122 MB
[runlim] sample:		159.95 time, 160.02 real, 128 MB
[runlim] sample:		169.95 time, 170.02 real, 135 MB
[runlim] sample:		179.95 time, 180.02 real, 141 MB
[runlim] sample:		189.95 time, 190.02 real, 147 MB
[runlim] sample:		199.95 time, 200.02 real, 154 MB
[runlim] sample:		209.95 time, 210.02 real, 160 MB
[runlim] sample:		219.94 time, 220.02 real, 167 MB
[runlim] sample:		229.95 time, 230.02 real, 173 MB
[runlim] sample:		239.95 time, 240.02 real, 179 MB
[runlim] sample:		249.95 time, 250.02 real, 186 MB
[runlim] sample:		259.94 time, 260.02 real, 192 MB
[runlim] sample:		269.95 time, 270.02 real, 198 MB
[runlim] sample:		279.94 time, 280.02 real, 204 MB
[runlim] sample:		289.95 time, 290.02 real, 211 MB
[runlim] sample:		299.94 time, 300.02 real, 216 MB
[runlim] sample:		309.94 time, 310.02 real, 222 MB
[runlim] sample:		319.95 time, 320.02 real, 228 MB
[runlim] sample:		329.95 time, 330.02 real, 233 MB
[runlim] sample:		339.94 time, 340.02 real, 239 MB
[runlim] sample:		349.95 time, 350.02 real, 244 MB
[runlim] sample:		359.94 time, 360.02 real, 250 MB
[runlim] sample:		369.94 time, 370.02 real, 257 MB
[runlim] sample:		379.95 time, 380.02 real, 262 MB
[runlim] sample:		389.95 time, 390.02 real, 268 MB
[runlim] sample:		399.94 time, 400.02 real, 274 MB
[runlim] sample:		409.94 time, 410.02 real, 279 MB
[runlim] sample:		419.94 time, 420.02 real, 284 MB
[runlim] sample:		429.94 time, 430.02 real, 290 MB
[runlim] sample:		439.94 time, 440.02 real, 296 MB
[runlim] sample:		449.94 time, 450.02 real, 302 MB
[runlim] sample:		459.94 time, 460.02 real, 308 MB
[runlim] sample:		469.94 time, 470.02 real, 313 MB
[runlim] sample:		479.94 time, 480.02 real, 319 MB
[runlim] sample:		489.94 time, 490.02 real, 324 MB
[runlim] sample:		499.95 time, 500.02 real, 329 MB
[runlim] sample:		509.95 time, 510.02 real, 335 MB
[runlim] sample:		519.95 time, 520.02 real, 340 MB
[runlim] sample:		529.94 time, 530.02 real, 345 MB
[runlim] sample:		539.94 time, 540.02 real, 351 MB
[runlim] sample:		549.95 time, 550.02 real, 356 MB
[runlim] sample:		559.95 time, 560.02 real, 362 MB
[runlim] sample:		569.94 time, 570.02 real, 367 MB
[runlim] sample:		579.94 time, 580.02 real, 373 MB
[runlim] sample:		589.94 time, 590.02 real, 378 MB
[runlim] sample:		599.94 time, 600.02 real, 383 MB
[runlim] sample:		609.94 time, 610.02 real, 387 MB
[runlim] sample:		619.94 time, 620.02 real, 393 MB
[runlim] sample:		629.94 time, 630.02 real, 398 MB
[runlim] sample:		639.94 time, 640.02 real, 403 MB
[runlim] sample:		649.94 time, 650.02 real, 408 MB
[runlim] sample:		659.94 time, 660.02 real, 413 MB
[runlim] sample:		669.94 time, 670.02 real, 418 MB
[runlim] sample:		679.94 time, 680.02 real, 422 MB
[runlim] sample:		689.94 time, 690.02 real, 427 MB
[runlim] sample:		699.94 time, 700.02 real, 432 MB
[runlim] sample:		709.94 time, 710.02 real, 438 MB
[runlim] sample:		719.94 time, 720.02 real, 443 MB
[runlim] sample:		729.94 time, 730.02 real, 447 MB
[runlim] sample:		739.94 time, 740.02 real, 453 MB
[runlim] sample:		749.94 time, 750.02 real, 457 MB
[runlim] sample:		759.94 time, 760.02 real, 462 MB
[runlim] sample:		769.94 time, 770.02 real, 466 MB
[runlim] sample:		779.94 time, 780.02 real, 471 MB
[runlim] sample:		789.94 time, 790.02 real, 476 MB
[runlim] sample:		799.94 time, 800.02 real, 481 MB
[runlim] sample:		809.94 time, 810.02 real, 486 MB
[runlim] sample:		819.94 time, 820.02 real, 490 MB
[runlim] sample:		829.93 time, 830.02 real, 496 MB
[runlim] sample:		839.93 time, 840.02 real, 501 MB
[runlim] sample:		849.93 time, 850.02 real, 505 MB
[runlim] sample:		859.94 time, 860.02 real, 511 MB
[runlim] sample:		869.94 time, 870.02 real, 516 MB
[runlim] sample:		879.94 time, 880.02 real, 521 MB
[runlim] sample:		889.93 time, 890.02 real, 525 MB
[runlim] sample:		899.94 time, 900.02 real, 531 MB
[runlim] sample:		909.94 time, 910.02 real, 535 MB
[runlim] sample:		919.93 time, 920.02 real, 540 MB
[runlim] sample:		929.93 time, 930.02 real, 546 MB
[runlim] sample:		939.94 time, 940.02 real, 550 MB
[runlim] sample:		949.94 time, 950.02 real, 555 MB
[runlim] sample:		959.93 time, 960.02 real, 560 MB
[runlim] sample:		969.93 time, 970.02 real, 564 MB
[runlim] sample:		979.93 time, 980.02 real, 570 MB
[runlim] sample:		989.93 time, 990.02 real, 575 MB
[runlim] sample:		999.93 time, 1000.02 real, 580 MB
[runlim] sample:		1009.94 time, 1010.02 real, 585 MB
[runlim] sample:		1019.93 time, 1020.02 real, 589 MB
[runlim] sample:		1029.93 time, 1030.02 real, 594 MB
[runlim] sample:		1039.93 time, 1040.02 real, 600 MB
[runlim] sample:		1049.94 time, 1050.02 real, 604 MB
[runlim] sample:		1059.93 time, 1060.02 real, 609 MB
[runlim] sample:		1069.93 time, 1070.02 real, 613 MB
[runlim] sample:		1079.93 time, 1080.02 real, 619 MB
[runlim] sample:		1089.93 time, 1090.02 real, 623 MB
[runlim] sample:		1099.93 time, 1100.02 real, 628 MB
[runlim] sample:		1109.94 time, 1110.02 real, 632 MB
[runlim] sample:		1119.93 time, 1120.02 real, 637 MB
[runlim] sample:		1129.93 time, 1130.02 real, 641 MB
[runlim] sample:		1139.93 time, 1140.02 real, 647 MB
[runlim] sample:		1149.93 time, 1150.02 real, 651 MB
[runlim] sample:		1159.93 time, 1160.02 real, 656 MB
[runlim] sample:		1169.93 time, 1170.02 real, 661 MB
[runlim] sample:		1179.93 time, 1180.02 real, 666 MB
[runlim] sample:		1189.93 time, 1190.02 real, 673 MB
[runlim] sample:		1199.93 time, 1200.02 real, 678 MB
[runlim] sample:		1209.93 time, 1210.02 real, 683 MB
[runlim] sample:		1219.93 time, 1220.02 real, 687 MB
[runlim] sample:		1229.93 time, 1230.02 real, 692 MB
[runlim] sample:		1239.93 time, 1240.02 real, 698 MB
[runlim] sample:		1249.93 time, 1250.02 real, 703 MB
[runlim] sample:		1259.93 time, 1260.02 real, 709 MB
[runlim] sample:		1269.93 time, 1270.02 real, 715 MB
[runlim] sample:		1279.93 time, 1280.02 real, 720 MB
[runlim] sample:		1289.93 time, 1290.02 real, 726 MB
[runlim] sample:		1299.93 time, 1300.02 real, 731 MB
[runlim] sample:		1309.92 time, 1310.02 real, 735 MB
[runlim] sample:		1319.93 time, 1320.02 real, 740 MB
[runlim] sample:		1329.93 time, 1330.02 real, 745 MB
[runlim] sample:		1339.93 time, 1340.02 real, 751 MB
[runlim] sample:		1349.93 time, 1350.02 real, 756 MB
[runlim] sample:		1359.92 time, 1360.02 real, 761 MB
[runlim] sample:		1369.93 time, 1370.02 real, 766 MB
[runlim] sample:		1379.93 time, 1380.02 real, 771 MB
[runlim] sample:		1389.93 time, 1390.02 real, 776 MB
[runlim] sample:		1399.92 time, 1400.02 real, 781 MB
[runlim] sample:		1409.92 time, 1410.02 real, 785 MB
[runlim] sample:		1419.93 time, 1420.02 real, 790 MB
[runlim] sample:		1429.92 time, 1430.02 real, 794 MB
[runlim] sample:		1439.92 time, 1440.02 real, 799 MB
[runlim] sample:		1449.92 time, 1450.02 real, 803 MB
[runlim] sample:		1459.93 time, 1460.02 real, 808 MB
[runlim] sample:		1469.93 time, 1470.02 real, 812 MB
[runlim] sample:		1479.93 time, 1480.02 real, 817 MB
[runlim] sample:		1489.92 time, 1490.02 real, 821 MB
[runlim] sample:		1499.93 time, 1500.02 real, 825 MB
[runlim] sample:		1509.93 time, 1510.02 real, 829 MB
[runlim] sample:		1519.93 time, 1520.02 real, 833 MB
[runlim] sample:		1529.92 time, 1530.02 real, 838 MB
[runlim] sample:		1539.92 time, 1540.02 real, 843 MB
[runlim] sample:		1549.92 time, 1550.02 real, 848 MB
[runlim] sample:		1559.92 time, 1560.02 real, 852 MB
[runlim] sample:		1569.92 time, 1570.02 real, 856 MB
[runlim] sample:		1579.92 time, 1580.02 real, 860 MB
[runlim] sample:		1589.92 time, 1590.02 real, 865 MB
[runlim] sample:		1599.92 time, 1600.02 real, 870 MB
[runlim] sample:		1609.93 time, 1610.02 real, 875 MB
[runlim] sample:		1619.93 time, 1620.02 real, 879 MB
[runlim] sample:		1629.92 time, 1630.02 real, 885 MB
[runlim] sample:		1639.92 time, 1640.02 real, 889 MB
[runlim] sample:		1649.92 time, 1650.02 real, 894 MB
[runlim] sample:		1659.92 time, 1660.02 real, 898 MB
[runlim] sample:		1669.92 time, 1670.02 real, 902 MB
[runlim] sample:		1679.92 time, 1680.02 real, 907 MB
[runlim] sample:		1689.92 time, 1690.02 real, 911 MB
[runlim] sample:		1699.93 time, 1700.02 real, 915 MB
[runlim] sample:		1709.92 time, 1710.02 real, 919 MB
[runlim] sample:		1719.92 time, 1720.02 real, 923 MB
[runlim] sample:		1729.93 time, 1730.02 real, 927 MB
[runlim] sample:		1739.92 time, 1740.02 real, 931 MB
[runlim] sample:		1749.92 time, 1750.02 real, 935 MB
[runlim] sample:		1759.92 time, 1760.02 real, 940 MB
[runlim] sample:		1769.92 time, 1770.02 real, 944 MB
[runlim] sample:		1779.92 time, 1780.02 real, 948 MB
[runlim] sample:		1789.92 time, 1790.02 real, 953 MB
[runlim] sample:		1799.92 time, 1800.02 real, 956 MB
[runlim] sample:		1809.92 time, 1810.02 real, 961 MB
[runlim] sample:		1819.92 time, 1820.02 real, 965 MB
[runlim] sample:		1829.92 time, 1830.02 real, 969 MB
[runlim] sample:		1839.92 time, 1840.02 real, 973 MB
[runlim] sample:		1849.92 time, 1850.02 real, 977 MB
[runlim] sample:		1859.92 time, 1860.02 real, 981 MB
[runlim] sample:		1869.92 time, 1870.02 real, 986 MB
[runlim] sample:		1879.92 time, 1880.02 real, 990 MB
[runlim] sample:		1889.92 time, 1890.02 real, 994 MB
[runlim] sample:		1899.92 time, 1900.02 real, 999 MB
[runlim] sample:		1909.91 time, 1910.02 real, 1003 MB
[runlim] sample:		1919.92 time, 1920.02 real, 1009 MB
[runlim] sample:		1929.92 time, 1930.02 real, 1014 MB
[runlim] sample:		1939.92 time, 1940.02 real, 1020 MB
[runlim] sample:		1949.91 time, 1950.02 real, 1024 MB
[runlim] sample:		1959.92 time, 1960.02 real, 1028 MB
[runlim] sample:		1969.92 time, 1970.02 real, 1032 MB
[runlim] sample:		1979.92 time, 1980.02 real, 1037 MB
[runlim] sample:		1989.91 time, 1990.02 real, 1041 MB
[runlim] sample:		1999.92 time, 2000.02 real, 1046 MB
[runlim] sample:		2009.92 time, 2010.02 real, 1050 MB
[runlim] sample:		2019.91 time, 2020.02 real, 1055 MB
[runlim] sample:		2029.91 time, 2030.02 real, 1059 MB
[runlim] sample:		2039.92 time, 2040.02 real, 1063 MB
[runlim] sample:		2049.91 time, 2050.02 real, 1067 MB
[runlim] sample:		2059.92 time, 2060.02 real, 1071 MB
[runlim] sample:		2069.91 time, 2070.02 real, 1075 MB
[runlim] sample:		2079.92 time, 2080.02 real, 1079 MB
[runlim] sample:		2089.91 time, 2090.02 real, 1083 MB
[runlim] sample:		2099.91 time, 2100.02 real, 1087 MB
[runlim] sample:		2109.91 time, 2110.02 real, 1090 MB
[runlim] sample:		2119.92 time, 2120.02 real, 1094 MB
[runlim] sample:		2129.91 time, 2130.02 real, 1099 MB
[runlim] sample:		2139.92 time, 2140.02 real, 1102 MB
[runlim] sample:		2149.92 time, 2150.02 real, 1106 MB
[runlim] sample:		2159.91 time, 2160.02 real, 1111 MB
[runlim] sample:		2169.92 time, 2170.02 real, 1115 MB
[runlim] sample:		2179.91 time, 2180.02 real, 1120 MB
[runlim] sample:		2189.92 time, 2190.02 real, 1125 MB
[runlim] sample:		2199.91 time, 2200.02 real, 1131 MB
[runlim] sample:		2209.91 time, 2210.02 real, 1136 MB
[runlim] sample:		2219.92 time, 2220.02 real, 1141 MB
[runlim] sample:		2229.91 time, 2230.02 real, 1145 MB
[runlim] sample:		2239.91 time, 2240.02 real, 1150 MB
[runlim] sample:		2249.92 time, 2250.02 real, 1155 MB
[runlim] sample:		2259.92 time, 2260.02 real, 1161 MB
[runlim] sample:		2269.91 time, 2270.02 real, 1165 MB
[runlim] sample:		2279.92 time, 2280.02 real, 1168 MB
[runlim] sample:		2289.91 time, 2290.02 real, 1172 MB
[runlim] sample:		2299.91 time, 2300.02 real, 1176 MB
[runlim] sample:		2309.91 time, 2310.02 real, 1179 MB
[runlim] sample:		2319.91 time, 2320.02 real, 1182 MB
[runlim] sample:		2329.91 time, 2330.02 real, 1187 MB
[runlim] sample:		2339.91 time, 2340.02 real, 1190 MB
[runlim] sample:		2349.91 time, 2350.02 real, 1195 MB
[runlim] sample:		2359.91 time, 2360.02 real, 1199 MB
[runlim] sample:		2369.91 time, 2370.02 real, 1203 MB
[runlim] sample:		2379.91 time, 2380.02 real, 1207 MB
[runlim] sample:		2389.91 time, 2390.02 real, 1211 MB
[runlim] sample:		2399.91 time, 2400.02 real, 1215 MB
[runlim] sample:		2409.91 time, 2410.02 real, 1219 MB
[runlim] sample:		2419.91 time, 2420.02 real, 1222 MB
[runlim] sample:		2429.91 time, 2430.02 real, 1226 MB
[runlim] sample:		2439.91 time, 2440.02 real, 1231 MB
[runlim] sample:		2449.91 time, 2450.02 real, 1235 MB
[runlim] sample:		2459.90 time, 2460.02 real, 1239 MB
[runlim] sample:		2469.90 time, 2470.02 real, 1244 MB
[runlim] sample:		2479.91 time, 2480.02 real, 1248 MB
[runlim] sample:		2489.91 time, 2490.02 real, 1252 MB
[runlim] sample:		2499.91 time, 2500.02 real, 1255 MB
[runlim] sample:		2509.91 time, 2510.02 real, 1259 MB
[runlim] sample:		2519.91 time, 2520.02 real, 1264 MB
[runlim] sample:		2529.91 time, 2530.02 real, 1267 MB
[runlim] sample:		2539.91 time, 2540.02 real, 1271 MB
[runlim] sample:		2549.91 time, 2550.02 real, 1275 MB
[runlim] sample:		2559.91 time, 2560.02 real, 1279 MB
[runlim] sample:		2569.91 time, 2570.02 real, 1284 MB
[runlim] sample:		2579.91 time, 2580.02 real, 1288 MB
[runlim] sample:		2589.91 time, 2590.02 real, 1292 MB
[runlim] sample:		2599.90 time, 2600.02 real, 1296 MB
[runlim] sample:		2609.91 time, 2610.02 real, 1300 MB
[runlim] sample:		2619.91 time, 2620.02 real, 1306 MB
[runlim] sample:		2629.91 time, 2630.02 real, 1310 MB
[runlim] sample:		2639.91 time, 2640.02 real, 1314 MB
[runlim] sample:		2649.91 time, 2650.02 real, 1318 MB
[runlim] sample:		2659.91 time, 2660.02 real, 1322 MB
[runlim] sample:		2669.91 time, 2670.02 real, 1327 MB
[runlim] sample:		2679.90 time, 2680.02 real, 1331 MB
[runlim] sample:		2689.90 time, 2690.02 real, 1337 MB
[runlim] sample:		2699.91 time, 2700.02 real, 1341 MB
[runlim] end:			Thu Feb 27 10:48:55 2020
[runlim] status:		out of time
[runlim] result:		2
[runlim] children:		1
[runlim] real:			2700.11 seconds
[runlim] time:			2699.91 seconds
[runlim] space:			1341 MB
[runlim] samples:		27000
