[runlim] version:		1.18
[runlim] host:			c3n20
[runlim] time limit:		2700 seconds
[runlim] real time limit:	2700 seconds
[runlim] space limit:		7000 MB
[runlim] argv[0]:		./binary
[runlim] argv[1]:		/data/cnf/ankit/Set1/stmt27_93_98.qdimacs
[runlim] start:			Thu Feb 27 10:03:55 2020
[runlim] child:			10079
[runlim] sample:		9.98 time, 10.02 real, 28 MB
[runlim] sample:		19.95 time, 20.02 real, 41 MB
[runlim] sample:		29.92 time, 30.02 real, 55 MB
[runlim] sample:		39.90 time, 40.02 real, 67 MB
[runlim] sample:		49.88 time, 50.02 real, 80 MB
[runlim] sample:		59.86 time, 60.02 real, 92 MB
[runlim] sample:		69.84 time, 70.02 real, 105 MB
[runlim] sample:		79.81 time, 80.02 real, 118 MB
[runlim] sample:		89.80 time, 90.02 real, 131 MB
[runlim] sample:		99.80 time, 100.02 real, 144 MB
[runlim] sample:		109.80 time, 110.02 real, 156 MB
[runlim] sample:		119.80 time, 120.02 real, 167 MB
[runlim] sample:		129.80 time, 130.02 real, 179 MB
[runlim] sample:		139.80 time, 140.02 real, 190 MB
[runlim] sample:		149.80 time, 150.02 real, 201 MB
[runlim] sample:		159.80 time, 160.02 real, 213 MB
[runlim] sample:		169.80 time, 170.02 real, 225 MB
[runlim] sample:		179.81 time, 180.02 real, 236 MB
[runlim] sample:		189.80 time, 190.02 real, 247 MB
[runlim] sample:		199.80 time, 200.02 real, 258 MB
[runlim] sample:		209.80 time, 210.02 real, 269 MB
[runlim] sample:		219.80 time, 220.02 real, 280 MB
[runlim] sample:		229.80 time, 230.02 real, 291 MB
[runlim] sample:		239.80 time, 240.02 real, 302 MB
[runlim] sample:		249.79 time, 250.02 real, 314 MB
[runlim] sample:		259.80 time, 260.02 real, 325 MB
[runlim] sample:		269.80 time, 270.02 real, 335 MB
[runlim] sample:		279.80 time, 280.02 real, 346 MB
[runlim] sample:		289.80 time, 290.02 real, 356 MB
[runlim] sample:		299.80 time, 300.02 real, 366 MB
[runlim] sample:		309.80 time, 310.02 real, 377 MB
[runlim] sample:		319.80 time, 320.02 real, 388 MB
[runlim] sample:		329.79 time, 330.02 real, 398 MB
[runlim] sample:		339.79 time, 340.02 real, 408 MB
[runlim] sample:		349.80 time, 350.02 real, 419 MB
[runlim] sample:		359.80 time, 360.02 real, 430 MB
[runlim] sample:		369.80 time, 370.02 real, 440 MB
[runlim] sample:		379.80 time, 380.02 real, 450 MB
[runlim] sample:		389.80 time, 390.02 real, 459 MB
[runlim] sample:		399.80 time, 400.02 real, 469 MB
[runlim] sample:		409.80 time, 410.02 real, 479 MB
[runlim] sample:		419.80 time, 420.02 real, 488 MB
[runlim] sample:		429.80 time, 430.02 real, 498 MB
[runlim] sample:		439.80 time, 440.02 real, 508 MB
[runlim] sample:		449.80 time, 450.02 real, 518 MB
[runlim] sample:		459.80 time, 460.02 real, 528 MB
[runlim] sample:		469.80 time, 470.02 real, 538 MB
[runlim] sample:		479.80 time, 480.02 real, 546 MB
[runlim] sample:		489.79 time, 490.02 real, 555 MB
[runlim] sample:		499.80 time, 500.02 real, 564 MB
[runlim] sample:		509.80 time, 510.02 real, 574 MB
[runlim] sample:		519.80 time, 520.02 real, 582 MB
[runlim] sample:		529.80 time, 530.02 real, 591 MB
[runlim] sample:		539.79 time, 540.02 real, 599 MB
[runlim] sample:		549.80 time, 550.02 real, 608 MB
[runlim] sample:		559.80 time, 560.02 real, 616 MB
[runlim] sample:		569.80 time, 570.02 real, 626 MB
[runlim] sample:		579.79 time, 580.02 real, 634 MB
[runlim] sample:		589.79 time, 590.02 real, 644 MB
[runlim] sample:		599.80 time, 600.02 real, 653 MB
[runlim] sample:		609.80 time, 610.02 real, 661 MB
[runlim] sample:		619.80 time, 620.02 real, 670 MB
[runlim] sample:		629.80 time, 630.02 real, 678 MB
[runlim] sample:		639.79 time, 640.02 real, 687 MB
[runlim] sample:		649.79 time, 650.02 real, 695 MB
[runlim] sample:		659.79 time, 660.02 real, 704 MB
[runlim] sample:		669.79 time, 670.02 real, 713 MB
[runlim] sample:		679.79 time, 680.02 real, 723 MB
[runlim] sample:		689.79 time, 690.02 real, 732 MB
[runlim] sample:		699.80 time, 700.02 real, 739 MB
[runlim] sample:		709.80 time, 710.02 real, 748 MB
[runlim] sample:		719.79 time, 720.02 real, 756 MB
[runlim] sample:		729.80 time, 730.02 real, 764 MB
[runlim] sample:		739.80 time, 740.02 real, 772 MB
[runlim] sample:		749.79 time, 750.02 real, 779 MB
[runlim] sample:		759.80 time, 760.02 real, 787 MB
[runlim] sample:		769.80 time, 770.02 real, 795 MB
[runlim] sample:		779.80 time, 780.02 real, 802 MB
[runlim] sample:		789.79 time, 790.02 real, 811 MB
[runlim] sample:		799.79 time, 800.02 real, 819 MB
[runlim] sample:		809.79 time, 810.02 real, 827 MB
[runlim] sample:		819.79 time, 820.02 real, 834 MB
[runlim] sample:		829.79 time, 830.02 real, 843 MB
[runlim] sample:		839.79 time, 840.02 real, 851 MB
[runlim] sample:		849.79 time, 850.02 real, 859 MB
[runlim] sample:		859.80 time, 860.02 real, 867 MB
[runlim] sample:		869.79 time, 870.02 real, 875 MB
[runlim] sample:		879.80 time, 880.02 real, 882 MB
[runlim] sample:		889.79 time, 890.02 real, 889 MB
[runlim] sample:		899.79 time, 900.02 real, 896 MB
[runlim] sample:		909.79 time, 910.02 real, 903 MB
[runlim] sample:		919.79 time, 920.02 real, 911 MB
[runlim] sample:		929.79 time, 930.02 real, 919 MB
[runlim] sample:		939.79 time, 940.02 real, 927 MB
[runlim] sample:		949.79 time, 950.02 real, 934 MB
[runlim] sample:		959.79 time, 960.02 real, 942 MB
[runlim] sample:		969.79 time, 970.02 real, 949 MB
[runlim] sample:		979.79 time, 980.02 real, 958 MB
[runlim] sample:		989.79 time, 990.02 real, 966 MB
[runlim] sample:		999.79 time, 1000.02 real, 974 MB
[runlim] sample:		1009.79 time, 1010.02 real, 981 MB
[runlim] sample:		1019.79 time, 1020.02 real, 989 MB
[runlim] sample:		1029.79 time, 1030.02 real, 996 MB
[runlim] sample:		1039.79 time, 1040.02 real, 1002 MB
[runlim] sample:		1049.79 time, 1050.02 real, 1009 MB
[runlim] sample:		1059.79 time, 1060.02 real, 1015 MB
[runlim] sample:		1069.79 time, 1070.02 real, 1022 MB
[runlim] sample:		1079.78 time, 1080.02 real, 1029 MB
[runlim] sample:		1089.78 time, 1090.02 real, 1036 MB
[runlim] sample:		1099.78 time, 1100.02 real, 1043 MB
[runlim] sample:		1109.79 time, 1110.02 real, 1050 MB
[runlim] sample:		1119.79 time, 1120.02 real, 1057 MB
[runlim] sample:		1129.79 time, 1130.02 real, 1065 MB
[runlim] sample:		1139.78 time, 1140.02 real, 1072 MB
[runlim] sample:		1149.79 time, 1150.02 real, 1079 MB
[runlim] sample:		1159.78 time, 1160.02 real, 1086 MB
[runlim] sample:		1169.79 time, 1170.02 real, 1093 MB
[runlim] sample:		1179.79 time, 1180.02 real, 1100 MB
[runlim] sample:		1189.79 time, 1190.02 real, 1107 MB
[runlim] sample:		1199.78 time, 1200.02 real, 1114 MB
[runlim] sample:		1209.79 time, 1210.02 real, 1122 MB
[runlim] sample:		1219.79 time, 1220.02 real, 1128 MB
[runlim] sample:		1229.78 time, 1230.02 real, 1134 MB
[runlim] sample:		1239.79 time, 1240.02 real, 1140 MB
[runlim] sample:		1249.78 time, 1250.02 real, 1148 MB
[runlim] sample:		1259.78 time, 1260.02 real, 1155 MB
[runlim] sample:		1269.78 time, 1270.02 real, 1161 MB
[runlim] sample:		1279.79 time, 1280.02 real, 1169 MB
[runlim] sample:		1289.78 time, 1290.02 real, 1176 MB
[runlim] sample:		1299.78 time, 1300.02 real, 1183 MB
[runlim] sample:		1309.79 time, 1310.02 real, 1190 MB
[runlim] sample:		1319.79 time, 1320.02 real, 1197 MB
[runlim] sample:		1329.78 time, 1330.02 real, 1202 MB
[runlim] sample:		1339.79 time, 1340.02 real, 1208 MB
[runlim] sample:		1349.78 time, 1350.02 real, 1214 MB
[runlim] sample:		1359.78 time, 1360.02 real, 1220 MB
[runlim] sample:		1369.78 time, 1370.02 real, 1228 MB
[runlim] sample:		1379.78 time, 1380.02 real, 1235 MB
[runlim] sample:		1389.78 time, 1390.02 real, 1242 MB
[runlim] sample:		1399.79 time, 1400.02 real, 1249 MB
[runlim] sample:		1409.78 time, 1410.02 real, 1255 MB
[runlim] sample:		1419.79 time, 1420.02 real, 1261 MB
[runlim] sample:		1429.78 time, 1430.02 real, 1268 MB
[runlim] sample:		1439.78 time, 1440.02 real, 1274 MB
[runlim] sample:		1449.78 time, 1450.02 real, 1282 MB
[runlim] sample:		1459.78 time, 1460.02 real, 1288 MB
[runlim] sample:		1469.78 time, 1470.02 real, 1295 MB
[runlim] sample:		1479.78 time, 1480.02 real, 1301 MB
[runlim] sample:		1489.78 time, 1490.02 real, 1308 MB
[runlim] sample:		1499.78 time, 1500.02 real, 1315 MB
[runlim] sample:		1509.78 time, 1510.02 real, 1321 MB
[runlim] sample:		1519.78 time, 1520.02 real, 1327 MB
[runlim] sample:		1529.78 time, 1530.02 real, 1335 MB
[runlim] sample:		1539.78 time, 1540.02 real, 1342 MB
[runlim] sample:		1549.78 time, 1550.02 real, 1349 MB
[runlim] sample:		1559.78 time, 1560.02 real, 1355 MB
[runlim] sample:		1569.78 time, 1570.02 real, 1361 MB
[runlim] sample:		1579.78 time, 1580.02 real, 1368 MB
[runlim] sample:		1589.78 time, 1590.02 real, 1376 MB
[runlim] sample:		1599.78 time, 1600.02 real, 1384 MB
[runlim] sample:		1609.78 time, 1610.02 real, 1390 MB
[runlim] sample:		1619.78 time, 1620.02 real, 1397 MB
[runlim] sample:		1629.78 time, 1630.02 real, 1403 MB
[runlim] sample:		1639.78 time, 1640.02 real, 1409 MB
[runlim] sample:		1649.78 time, 1650.02 real, 1415 MB
[runlim] sample:		1659.77 time, 1660.02 real, 1421 MB
[runlim] sample:		1669.78 time, 1670.02 real, 1427 MB
[runlim] sample:		1679.77 time, 1680.02 real, 1433 MB
[runlim] sample:		1689.78 time, 1690.02 real, 1440 MB
[runlim] sample:		1699.77 time, 1700.02 real, 1446 MB
[runlim] sample:		1709.78 time, 1710.02 real, 1452 MB
[runlim] sample:		1719.78 time, 1720.02 real, 1458 MB
[runlim] sample:		1729.77 time, 1730.02 real, 1464 MB
[runlim] sample:		1739.78 time, 1740.02 real, 1469 MB
[runlim] sample:		1749.78 time, 1750.02 real, 1474 MB
[runlim] sample:		1759.78 time, 1760.02 real, 1480 MB
[runlim] sample:		1769.78 time, 1770.02 real, 1486 MB
[runlim] sample:		1779.78 time, 1780.02 real, 1493 MB
[runlim] sample:		1789.77 time, 1790.02 real, 1499 MB
[runlim] sample:		1799.78 time, 1800.02 real, 1505 MB
[runlim] sample:		1809.78 time, 1810.02 real, 1511 MB
[runlim] sample:		1819.78 time, 1820.02 real, 1518 MB
[runlim] sample:		1829.77 time, 1830.02 real, 1523 MB
[runlim] sample:		1839.78 time, 1840.02 real, 1530 MB
[runlim] sample:		1849.77 time, 1850.02 real, 1537 MB
[runlim] sample:		1859.78 time, 1860.02 real, 1542 MB
[runlim] sample:		1869.77 time, 1870.02 real, 1548 MB
[runlim] sample:		1879.78 time, 1880.02 real, 1554 MB
[runlim] sample:		1889.77 time, 1890.02 real, 1560 MB
[runlim] sample:		1899.78 time, 1900.02 real, 1566 MB
[runlim] sample:		1909.77 time, 1910.02 real, 1573 MB
[runlim] sample:		1919.78 time, 1920.02 real, 1579 MB
[runlim] sample:		1929.77 time, 1930.02 real, 1584 MB
[runlim] sample:		1939.78 time, 1940.02 real, 1591 MB
[runlim] sample:		1949.77 time, 1950.02 real, 1597 MB
[runlim] sample:		1959.78 time, 1960.02 real, 1603 MB
[runlim] sample:		1969.77 time, 1970.02 real, 1608 MB
[runlim] sample:		1979.77 time, 1980.02 real, 1613 MB
[runlim] sample:		1989.77 time, 1990.02 real, 1618 MB
[runlim] sample:		1999.77 time, 2000.02 real, 1622 MB
[runlim] sample:		2009.77 time, 2010.02 real, 1629 MB
[runlim] sample:		2019.78 time, 2020.02 real, 1635 MB
[runlim] sample:		2029.77 time, 2030.02 real, 1640 MB
[runlim] sample:		2039.77 time, 2040.02 real, 1645 MB
[runlim] sample:		2049.77 time, 2050.02 real, 1651 MB
[runlim] sample:		2059.77 time, 2060.02 real, 1656 MB
[runlim] sample:		2069.77 time, 2070.02 real, 1662 MB
[runlim] sample:		2079.77 time, 2080.02 real, 1668 MB
[runlim] sample:		2089.77 time, 2090.02 real, 1673 MB
[runlim] sample:		2099.77 time, 2100.02 real, 1678 MB
[runlim] sample:		2109.77 time, 2110.02 real, 1683 MB
[runlim] sample:		2119.77 time, 2120.02 real, 1688 MB
[runlim] sample:		2129.77 time, 2130.02 real, 1693 MB
[runlim] sample:		2139.77 time, 2140.02 real, 1697 MB
[runlim] sample:		2149.77 time, 2150.02 real, 1702 MB
[runlim] sample:		2159.76 time, 2160.02 real, 1707 MB
[runlim] sample:		2169.77 time, 2170.02 real, 1711 MB
[runlim] sample:		2179.77 time, 2180.02 real, 1716 MB
[runlim] sample:		2189.77 time, 2190.02 real, 1721 MB
[runlim] sample:		2199.77 time, 2200.02 real, 1727 MB
[runlim] sample:		2209.77 time, 2210.02 real, 1732 MB
[runlim] sample:		2219.77 time, 2220.02 real, 1737 MB
[runlim] sample:		2229.77 time, 2230.02 real, 1743 MB
[runlim] sample:		2239.77 time, 2240.02 real, 1748 MB
[runlim] sample:		2249.77 time, 2250.02 real, 1753 MB
[runlim] sample:		2259.77 time, 2260.02 real, 1759 MB
[runlim] sample:		2269.77 time, 2270.02 real, 1764 MB
[runlim] sample:		2279.77 time, 2280.02 real, 1769 MB
[runlim] sample:		2289.77 time, 2290.02 real, 1776 MB
[runlim] sample:		2299.77 time, 2300.02 real, 1782 MB
[runlim] sample:		2309.77 time, 2310.02 real, 1789 MB
[runlim] sample:		2319.76 time, 2320.02 real, 1796 MB
[runlim] sample:		2329.76 time, 2330.02 real, 1801 MB
[runlim] sample:		2339.77 time, 2340.02 real, 1807 MB
[runlim] sample:		2349.76 time, 2350.02 real, 1813 MB
[runlim] sample:		2359.76 time, 2360.02 real, 1818 MB
[runlim] sample:		2369.77 time, 2370.02 real, 1824 MB
[runlim] sample:		2379.76 time, 2380.02 real, 1829 MB
[runlim] sample:		2389.76 time, 2390.02 real, 1835 MB
[runlim] sample:		2399.76 time, 2400.02 real, 1840 MB
[runlim] sample:		2409.76 time, 2410.02 real, 1844 MB
[runlim] sample:		2419.77 time, 2420.02 real, 1849 MB
[runlim] sample:		2429.77 time, 2430.02 real, 1855 MB
[runlim] sample:		2439.76 time, 2440.02 real, 1860 MB
[runlim] sample:		2449.76 time, 2450.02 real, 1865 MB
[runlim] sample:		2459.76 time, 2460.02 real, 1870 MB
[runlim] sample:		2469.77 time, 2470.02 real, 1875 MB
[runlim] sample:		2479.76 time, 2480.02 real, 1880 MB
[runlim] sample:		2489.76 time, 2490.02 real, 1886 MB
[runlim] sample:		2499.76 time, 2500.02 real, 1891 MB
[runlim] sample:		2509.76 time, 2510.02 real, 1896 MB
[runlim] sample:		2519.76 time, 2520.02 real, 1901 MB
[runlim] sample:		2529.76 time, 2530.02 real, 1906 MB
[runlim] sample:		2539.76 time, 2540.02 real, 1913 MB
[runlim] sample:		2549.77 time, 2550.02 real, 1919 MB
[runlim] sample:		2559.76 time, 2560.02 real, 1924 MB
[runlim] sample:		2569.77 time, 2570.02 real, 1929 MB
[runlim] sample:		2579.76 time, 2580.02 real, 1934 MB
[runlim] sample:		2589.77 time, 2590.02 real, 1940 MB
[runlim] sample:		2599.76 time, 2600.02 real, 1946 MB
[runlim] sample:		2609.75 time, 2610.02 real, 1951 MB
[runlim] sample:		2619.75 time, 2620.02 real, 1956 MB
[runlim] sample:		2629.75 time, 2630.02 real, 1962 MB
[runlim] sample:		2639.76 time, 2640.02 real, 1969 MB
[runlim] sample:		2649.76 time, 2650.02 real, 1974 MB
[runlim] sample:		2659.76 time, 2660.02 real, 1979 MB
[runlim] sample:		2669.76 time, 2670.02 real, 1985 MB
[runlim] sample:		2679.76 time, 2680.02 real, 1990 MB
[runlim] sample:		2689.76 time, 2690.02 real, 1995 MB
[runlim] sample:		2699.76 time, 2700.01 real, 2000 MB
[runlim] end:			Thu Feb 27 10:48:55 2020
[runlim] status:		out of time
[runlim] result:		2
[runlim] children:		1
[runlim] real:			2700.18 seconds
[runlim] time:			2699.76 seconds
[runlim] space:			2000 MB
[runlim] samples:		27000
