[runlim] version:		1.18
[runlim] host:			c3n20
[runlim] time limit:		2700 seconds
[runlim] real time limit:	2700 seconds
[runlim] space limit:		7000 MB
[runlim] argv[0]:		./binary
[runlim] argv[1]:		/data/cnf/ankit/Set1/stmt2_649_776.qdimacs
[runlim] start:			Thu Feb 27 10:03:55 2020
[runlim] child:			10031
[runlim] sample:		9.98 time, 10.02 real, 23 MB
[runlim] sample:		19.98 time, 20.02 real, 38 MB
[runlim] sample:		29.99 time, 30.02 real, 50 MB
[runlim] sample:		39.99 time, 40.02 real, 62 MB
[runlim] sample:		49.99 time, 50.02 real, 72 MB
[runlim] sample:		59.99 time, 60.02 real, 84 MB
[runlim] sample:		69.98 time, 70.02 real, 95 MB
[runlim] sample:		79.99 time, 80.02 real, 103 MB
[runlim] sample:		89.99 time, 90.02 real, 113 MB
[runlim] sample:		99.99 time, 100.02 real, 123 MB
[runlim] sample:		109.99 time, 110.02 real, 133 MB
[runlim] sample:		119.98 time, 120.02 real, 142 MB
[runlim] sample:		129.98 time, 130.02 real, 150 MB
[runlim] sample:		139.99 time, 140.02 real, 158 MB
[runlim] sample:		149.98 time, 150.02 real, 167 MB
[runlim] sample:		159.99 time, 160.02 real, 174 MB
[runlim] sample:		169.98 time, 170.02 real, 182 MB
[runlim] sample:		179.98 time, 180.02 real, 189 MB
[runlim] sample:		189.99 time, 190.02 real, 197 MB
[runlim] sample:		199.98 time, 200.02 real, 205 MB
[runlim] sample:		209.98 time, 210.02 real, 212 MB
[runlim] sample:		219.98 time, 220.02 real, 221 MB
[runlim] sample:		229.98 time, 230.02 real, 228 MB
[runlim] sample:		239.98 time, 240.02 real, 233 MB
[runlim] sample:		249.99 time, 250.02 real, 240 MB
[runlim] sample:		259.98 time, 260.02 real, 246 MB
[runlim] sample:		269.98 time, 270.02 real, 253 MB
[runlim] sample:		279.98 time, 280.02 real, 260 MB
[runlim] sample:		289.98 time, 290.02 real, 265 MB
[runlim] sample:		299.98 time, 300.02 real, 272 MB
[runlim] sample:		309.98 time, 310.02 real, 278 MB
[runlim] sample:		319.98 time, 320.02 real, 286 MB
[runlim] sample:		329.98 time, 330.02 real, 292 MB
[runlim] sample:		339.98 time, 340.02 real, 298 MB
[runlim] sample:		349.98 time, 350.02 real, 305 MB
[runlim] sample:		359.98 time, 360.02 real, 312 MB
[runlim] sample:		369.97 time, 370.02 real, 318 MB
[runlim] sample:		379.97 time, 380.02 real, 324 MB
[runlim] sample:		389.97 time, 390.02 real, 329 MB
[runlim] sample:		399.98 time, 400.02 real, 336 MB
[runlim] sample:		409.98 time, 410.02 real, 340 MB
[runlim] sample:		419.97 time, 420.02 real, 346 MB
[runlim] sample:		429.98 time, 430.02 real, 352 MB
[runlim] sample:		439.97 time, 440.02 real, 358 MB
[runlim] sample:		449.97 time, 450.02 real, 364 MB
[runlim] sample:		459.97 time, 460.02 real, 369 MB
[runlim] sample:		469.97 time, 470.02 real, 375 MB
[runlim] sample:		479.98 time, 480.02 real, 380 MB
[runlim] sample:		489.97 time, 490.02 real, 385 MB
[runlim] sample:		499.97 time, 500.02 real, 389 MB
[runlim] sample:		509.97 time, 510.02 real, 397 MB
[runlim] sample:		519.97 time, 520.02 real, 401 MB
[runlim] sample:		529.97 time, 530.02 real, 406 MB
[runlim] sample:		539.97 time, 540.02 real, 412 MB
[runlim] sample:		549.97 time, 550.02 real, 416 MB
[runlim] sample:		559.97 time, 560.02 real, 421 MB
[runlim] sample:		569.97 time, 570.02 real, 426 MB
[runlim] sample:		579.97 time, 580.02 real, 431 MB
[runlim] sample:		589.97 time, 590.02 real, 435 MB
[runlim] sample:		599.97 time, 600.02 real, 439 MB
[runlim] sample:		609.96 time, 610.02 real, 443 MB
[runlim] sample:		619.97 time, 620.02 real, 447 MB
[runlim] sample:		629.97 time, 630.02 real, 453 MB
[runlim] sample:		639.96 time, 640.02 real, 457 MB
[runlim] sample:		649.96 time, 650.02 real, 459 MB
[runlim] sample:		659.97 time, 660.02 real, 463 MB
[runlim] sample:		669.96 time, 670.02 real, 466 MB
[runlim] sample:		679.96 time, 680.02 real, 470 MB
[runlim] sample:		689.97 time, 690.02 real, 474 MB
[runlim] sample:		699.96 time, 700.02 real, 479 MB
[runlim] sample:		709.96 time, 710.02 real, 484 MB
[runlim] sample:		719.97 time, 720.02 real, 488 MB
[runlim] sample:		729.97 time, 730.02 real, 492 MB
[runlim] sample:		739.97 time, 740.02 real, 495 MB
[runlim] sample:		749.97 time, 750.02 real, 498 MB
[runlim] sample:		759.96 time, 760.02 real, 501 MB
[runlim] sample:		769.97 time, 770.02 real, 504 MB
[runlim] sample:		779.96 time, 780.02 real, 508 MB
[runlim] sample:		789.97 time, 790.02 real, 512 MB
[runlim] sample:		799.97 time, 800.02 real, 517 MB
[runlim] sample:		809.97 time, 810.02 real, 521 MB
[runlim] sample:		819.97 time, 820.02 real, 525 MB
[runlim] sample:		829.97 time, 830.02 real, 529 MB
[runlim] sample:		839.96 time, 840.02 real, 533 MB
[runlim] sample:		849.96 time, 850.02 real, 534 MB
[runlim] sample:		859.96 time, 860.02 real, 537 MB
[runlim] sample:		869.96 time, 870.02 real, 540 MB
[runlim] sample:		879.96 time, 880.02 real, 543 MB
[runlim] sample:		889.96 time, 890.02 real, 547 MB
[runlim] sample:		899.96 time, 900.02 real, 552 MB
[runlim] sample:		909.96 time, 910.02 real, 555 MB
[runlim] sample:		919.96 time, 920.02 real, 559 MB
[runlim] sample:		929.96 time, 930.02 real, 563 MB
[runlim] sample:		939.96 time, 940.02 real, 568 MB
[runlim] sample:		949.96 time, 950.02 real, 573 MB
[runlim] sample:		959.96 time, 960.02 real, 577 MB
[runlim] sample:		969.96 time, 970.02 real, 579 MB
[runlim] sample:		979.96 time, 980.02 real, 583 MB
[runlim] sample:		989.96 time, 990.02 real, 587 MB
[runlim] sample:		999.96 time, 1000.02 real, 590 MB
[runlim] sample:		1009.96 time, 1010.02 real, 592 MB
[runlim] sample:		1019.96 time, 1020.02 real, 595 MB
[runlim] sample:		1029.96 time, 1030.02 real, 597 MB
[runlim] sample:		1039.96 time, 1040.02 real, 601 MB
[runlim] sample:		1049.96 time, 1050.02 real, 603 MB
[runlim] sample:		1059.96 time, 1060.02 real, 607 MB
[runlim] sample:		1069.97 time, 1070.02 real, 611 MB
[runlim] sample:		1079.96 time, 1080.02 real, 614 MB
[runlim] sample:		1089.96 time, 1090.02 real, 617 MB
[runlim] sample:		1099.96 time, 1100.02 real, 620 MB
[runlim] sample:		1109.96 time, 1110.02 real, 625 MB
[runlim] sample:		1119.96 time, 1120.02 real, 629 MB
[runlim] sample:		1129.96 time, 1130.02 real, 632 MB
[runlim] sample:		1139.96 time, 1140.02 real, 637 MB
[runlim] sample:		1149.96 time, 1150.02 real, 640 MB
[runlim] sample:		1159.95 time, 1160.02 real, 643 MB
[runlim] sample:		1169.95 time, 1170.02 real, 645 MB
[runlim] sample:		1179.96 time, 1180.02 real, 650 MB
[runlim] sample:		1189.95 time, 1190.02 real, 655 MB
[runlim] sample:		1199.96 time, 1200.02 real, 657 MB
[runlim] sample:		1209.95 time, 1210.02 real, 661 MB
[runlim] sample:		1219.95 time, 1220.02 real, 664 MB
[runlim] sample:		1229.95 time, 1230.02 real, 667 MB
[runlim] sample:		1239.95 time, 1240.02 real, 671 MB
[runlim] sample:		1249.95 time, 1250.02 real, 674 MB
[runlim] sample:		1259.95 time, 1260.02 real, 677 MB
[runlim] sample:		1269.95 time, 1270.02 real, 680 MB
[runlim] sample:		1279.95 time, 1280.02 real, 683 MB
[runlim] sample:		1289.95 time, 1290.02 real, 686 MB
[runlim] sample:		1299.95 time, 1300.02 real, 689 MB
[runlim] sample:		1309.96 time, 1310.02 real, 691 MB
[runlim] sample:		1319.95 time, 1320.02 real, 694 MB
[runlim] sample:		1329.95 time, 1330.02 real, 697 MB
[runlim] sample:		1339.95 time, 1340.02 real, 699 MB
[runlim] sample:		1349.95 time, 1350.02 real, 702 MB
[runlim] sample:		1359.95 time, 1360.02 real, 707 MB
[runlim] sample:		1369.95 time, 1370.02 real, 711 MB
[runlim] sample:		1379.95 time, 1380.02 real, 714 MB
[runlim] sample:		1389.95 time, 1390.02 real, 716 MB
[runlim] sample:		1399.95 time, 1400.02 real, 719 MB
[runlim] sample:		1409.95 time, 1410.02 real, 722 MB
[runlim] sample:		1419.95 time, 1420.02 real, 725 MB
[runlim] sample:		1429.94 time, 1430.02 real, 727 MB
[runlim] sample:		1439.95 time, 1440.02 real, 730 MB
[runlim] sample:		1449.95 time, 1450.02 real, 733 MB
[runlim] sample:		1459.95 time, 1460.02 real, 735 MB
[runlim] sample:		1469.95 time, 1470.02 real, 737 MB
[runlim] sample:		1479.94 time, 1480.02 real, 740 MB
[runlim] sample:		1489.94 time, 1490.02 real, 742 MB
[runlim] sample:		1499.94 time, 1500.02 real, 745 MB
[runlim] sample:		1509.95 time, 1510.02 real, 750 MB
[runlim] sample:		1519.94 time, 1520.02 real, 753 MB
[runlim] sample:		1529.95 time, 1530.02 real, 754 MB
[runlim] sample:		1539.95 time, 1540.02 real, 757 MB
[runlim] sample:		1549.94 time, 1550.02 real, 760 MB
[runlim] sample:		1559.95 time, 1560.02 real, 763 MB
[runlim] sample:		1569.94 time, 1570.02 real, 766 MB
[runlim] sample:		1579.94 time, 1580.02 real, 771 MB
[runlim] sample:		1589.94 time, 1590.02 real, 774 MB
[runlim] sample:		1599.95 time, 1600.02 real, 776 MB
[runlim] sample:		1609.94 time, 1610.02 real, 778 MB
[runlim] sample:		1619.94 time, 1620.02 real, 781 MB
[runlim] sample:		1629.94 time, 1630.02 real, 783 MB
[runlim] sample:		1639.94 time, 1640.02 real, 788 MB
[runlim] sample:		1649.94 time, 1650.02 real, 790 MB
[runlim] sample:		1659.94 time, 1660.02 real, 792 MB
[runlim] sample:		1669.94 time, 1670.02 real, 795 MB
[runlim] sample:		1679.95 time, 1680.02 real, 798 MB
[runlim] sample:		1689.94 time, 1690.02 real, 801 MB
[runlim] sample:		1699.94 time, 1700.02 real, 803 MB
[runlim] sample:		1709.94 time, 1710.02 real, 805 MB
[runlim] sample:		1719.94 time, 1720.02 real, 807 MB
[runlim] sample:		1729.94 time, 1730.02 real, 809 MB
[runlim] sample:		1739.94 time, 1740.02 real, 812 MB
[runlim] sample:		1749.94 time, 1750.02 real, 814 MB
[runlim] sample:		1759.94 time, 1760.02 real, 816 MB
[runlim] sample:		1769.94 time, 1770.02 real, 818 MB
[runlim] sample:		1779.94 time, 1780.02 real, 820 MB
[runlim] sample:		1789.93 time, 1790.02 real, 823 MB
[runlim] sample:		1799.94 time, 1800.02 real, 825 MB
[runlim] sample:		1809.94 time, 1810.02 real, 829 MB
[runlim] sample:		1819.93 time, 1820.02 real, 831 MB
[runlim] sample:		1829.94 time, 1830.02 real, 832 MB
[runlim] sample:		1839.93 time, 1840.02 real, 834 MB
[runlim] sample:		1849.94 time, 1850.02 real, 836 MB
[runlim] sample:		1859.94 time, 1860.02 real, 839 MB
[runlim] sample:		1869.93 time, 1870.02 real, 841 MB
[runlim] sample:		1879.93 time, 1880.02 real, 843 MB
[runlim] sample:		1889.94 time, 1890.02 real, 845 MB
[runlim] sample:		1899.93 time, 1900.02 real, 847 MB
[runlim] sample:		1909.94 time, 1910.02 real, 849 MB
[runlim] sample:		1919.93 time, 1920.02 real, 852 MB
[runlim] sample:		1929.93 time, 1930.02 real, 855 MB
[runlim] sample:		1939.94 time, 1940.02 real, 856 MB
[runlim] sample:		1949.93 time, 1950.02 real, 859 MB
[runlim] sample:		1959.93 time, 1960.02 real, 861 MB
[runlim] sample:		1969.94 time, 1970.02 real, 864 MB
[runlim] sample:		1979.93 time, 1980.02 real, 865 MB
[runlim] sample:		1989.93 time, 1990.02 real, 867 MB
[runlim] sample:		1999.94 time, 2000.02 real, 869 MB
[runlim] sample:		2009.93 time, 2010.02 real, 871 MB
[runlim] sample:		2019.94 time, 2020.02 real, 873 MB
[runlim] sample:		2029.93 time, 2030.02 real, 876 MB
[runlim] sample:		2039.93 time, 2040.02 real, 879 MB
[runlim] sample:		2049.93 time, 2050.02 real, 881 MB
[runlim] sample:		2059.93 time, 2060.02 real, 884 MB
[runlim] sample:		2069.93 time, 2070.02 real, 887 MB
[runlim] sample:		2079.93 time, 2080.02 real, 889 MB
[runlim] sample:		2089.93 time, 2090.02 real, 894 MB
[runlim] sample:		2099.93 time, 2100.02 real, 896 MB
[runlim] sample:		2109.93 time, 2110.02 real, 898 MB
[runlim] sample:		2119.93 time, 2120.02 real, 900 MB
[runlim] sample:		2129.93 time, 2130.02 real, 904 MB
[runlim] sample:		2139.93 time, 2140.02 real, 906 MB
[runlim] sample:		2149.93 time, 2150.02 real, 908 MB
[runlim] sample:		2159.93 time, 2160.02 real, 909 MB
[runlim] sample:		2169.93 time, 2170.02 real, 912 MB
[runlim] sample:		2179.93 time, 2180.02 real, 914 MB
[runlim] sample:		2189.92 time, 2190.02 real, 917 MB
[runlim] sample:		2199.93 time, 2200.02 real, 919 MB
[runlim] sample:		2209.93 time, 2210.02 real, 922 MB
[runlim] sample:		2219.92 time, 2220.02 real, 926 MB
[runlim] sample:		2229.93 time, 2230.02 real, 928 MB
[runlim] sample:		2239.93 time, 2240.02 real, 932 MB
[runlim] sample:		2249.93 time, 2250.02 real, 934 MB
[runlim] sample:		2259.93 time, 2260.02 real, 937 MB
[runlim] sample:		2269.93 time, 2270.02 real, 939 MB
[runlim] sample:		2279.92 time, 2280.02 real, 940 MB
[runlim] sample:		2289.92 time, 2290.02 real, 943 MB
[runlim] sample:		2299.92 time, 2300.02 real, 947 MB
[runlim] sample:		2309.93 time, 2310.02 real, 949 MB
[runlim] sample:		2319.92 time, 2320.02 real, 951 MB
[runlim] sample:		2329.92 time, 2330.02 real, 953 MB
[runlim] sample:		2339.93 time, 2340.02 real, 955 MB
[runlim] sample:		2349.92 time, 2350.02 real, 956 MB
[runlim] sample:		2359.92 time, 2360.02 real, 957 MB
[runlim] sample:		2369.92 time, 2370.02 real, 960 MB
[runlim] sample:		2379.93 time, 2380.02 real, 962 MB
[runlim] sample:		2389.92 time, 2390.02 real, 964 MB
[runlim] sample:		2399.93 time, 2400.02 real, 966 MB
[runlim] sample:		2409.93 time, 2410.02 real, 967 MB
[runlim] sample:		2419.92 time, 2420.02 real, 970 MB
[runlim] sample:		2429.92 time, 2430.02 real, 972 MB
[runlim] sample:		2439.92 time, 2440.02 real, 974 MB
[runlim] sample:		2449.92 time, 2450.02 real, 978 MB
[runlim] sample:		2459.93 time, 2460.02 real, 981 MB
[runlim] sample:		2469.92 time, 2470.02 real, 984 MB
[runlim] sample:		2479.92 time, 2480.02 real, 985 MB
[runlim] sample:		2489.92 time, 2490.02 real, 988 MB
[runlim] sample:		2499.93 time, 2500.02 real, 991 MB
[runlim] sample:		2509.92 time, 2510.02 real, 992 MB
[runlim] sample:		2519.92 time, 2520.02 real, 993 MB
[runlim] sample:		2529.92 time, 2530.02 real, 993 MB
[runlim] sample:		2539.92 time, 2540.02 real, 995 MB
[runlim] sample:		2549.93 time, 2550.02 real, 997 MB
[runlim] sample:		2559.92 time, 2560.02 real, 1000 MB
[runlim] sample:		2569.92 time, 2570.02 real, 1002 MB
[runlim] sample:		2579.92 time, 2580.02 real, 1003 MB
[runlim] sample:		2589.92 time, 2590.02 real, 1004 MB
[runlim] sample:		2599.92 time, 2600.02 real, 1006 MB
[runlim] sample:		2609.92 time, 2610.02 real, 1008 MB
[runlim] sample:		2619.92 time, 2620.02 real, 1009 MB
[runlim] sample:		2629.92 time, 2630.02 real, 1012 MB
[runlim] sample:		2639.93 time, 2640.02 real, 1015 MB
[runlim] sample:		2649.93 time, 2650.02 real, 1017 MB
[runlim] sample:		2659.92 time, 2660.02 real, 1018 MB
[runlim] sample:		2669.92 time, 2670.02 real, 1020 MB
[runlim] sample:		2679.92 time, 2680.02 real, 1022 MB
[runlim] sample:		2689.93 time, 2690.02 real, 1024 MB
[runlim] sample:		2699.92 time, 2700.02 real, 1025 MB
[runlim] end:			Thu Feb 27 10:48:55 2020
[runlim] status:		out of time
[runlim] result:		2
[runlim] children:		1
[runlim] real:			2700.11 seconds
[runlim] time:			2699.92 seconds
[runlim] space:			1025 MB
[runlim] samples:		27000
