[runlim] version:		1.18
[runlim] host:			c3n17
[runlim] time limit:		2700 seconds
[runlim] real time limit:	2700 seconds
[runlim] space limit:		7000 MB
[runlim] argv[0]:		./binary
[runlim] argv[1]:		/data/cnf/ankit/Set1/stmt41_738_749.qdimacs
[runlim] start:			Thu Feb 27 10:03:55 2020
[runlim] child:			6864
[runlim] sample:		9.99 time, 10.02 real, 28 MB
[runlim] sample:		20.00 time, 20.02 real, 43 MB
[runlim] sample:		30.00 time, 30.02 real, 57 MB
[runlim] sample:		39.99 time, 40.02 real, 70 MB
[runlim] sample:		50.00 time, 50.02 real, 84 MB
[runlim] sample:		60.00 time, 60.02 real, 97 MB
[runlim] sample:		70.00 time, 70.02 real, 108 MB
[runlim] sample:		79.99 time, 80.02 real, 119 MB
[runlim] sample:		90.00 time, 90.02 real, 130 MB
[runlim] sample:		100.00 time, 100.02 real, 141 MB
[runlim] sample:		109.99 time, 110.02 real, 153 MB
[runlim] sample:		120.00 time, 120.02 real, 163 MB
[runlim] sample:		130.00 time, 130.02 real, 173 MB
[runlim] sample:		139.99 time, 140.02 real, 183 MB
[runlim] sample:		149.99 time, 150.02 real, 194 MB
[runlim] sample:		160.00 time, 160.02 real, 204 MB
[runlim] sample:		169.99 time, 170.02 real, 215 MB
[runlim] sample:		179.99 time, 180.02 real, 224 MB
[runlim] sample:		189.99 time, 190.02 real, 233 MB
[runlim] sample:		200.00 time, 200.02 real, 243 MB
[runlim] sample:		210.00 time, 210.02 real, 253 MB
[runlim] sample:		219.99 time, 220.02 real, 261 MB
[runlim] sample:		229.99 time, 230.02 real, 269 MB
[runlim] sample:		239.99 time, 240.02 real, 278 MB
[runlim] sample:		250.00 time, 250.02 real, 286 MB
[runlim] sample:		259.99 time, 260.02 real, 293 MB
[runlim] sample:		270.00 time, 270.02 real, 302 MB
[runlim] sample:		280.00 time, 280.02 real, 309 MB
[runlim] sample:		289.99 time, 290.02 real, 318 MB
[runlim] sample:		299.99 time, 300.02 real, 328 MB
[runlim] sample:		309.99 time, 310.02 real, 335 MB
[runlim] sample:		319.99 time, 320.02 real, 342 MB
[runlim] sample:		329.99 time, 330.02 real, 349 MB
[runlim] sample:		339.99 time, 340.02 real, 356 MB
[runlim] sample:		350.00 time, 350.02 real, 363 MB
[runlim] sample:		359.99 time, 360.02 real, 369 MB
[runlim] sample:		369.99 time, 370.02 real, 376 MB
[runlim] sample:		379.99 time, 380.02 real, 382 MB
[runlim] sample:		390.00 time, 390.02 real, 389 MB
[runlim] sample:		399.99 time, 400.02 real, 396 MB
[runlim] sample:		410.00 time, 410.02 real, 402 MB
[runlim] sample:		419.99 time, 420.02 real, 409 MB
[runlim] sample:		429.99 time, 430.02 real, 415 MB
[runlim] sample:		439.99 time, 440.02 real, 424 MB
[runlim] sample:		449.99 time, 450.02 real, 432 MB
[runlim] sample:		459.99 time, 460.02 real, 439 MB
[runlim] sample:		469.99 time, 470.02 real, 446 MB
[runlim] sample:		479.99 time, 480.02 real, 452 MB
[runlim] sample:		489.99 time, 490.02 real, 458 MB
[runlim] sample:		499.99 time, 500.02 real, 465 MB
[runlim] sample:		509.99 time, 510.02 real, 473 MB
[runlim] sample:		519.99 time, 520.02 real, 480 MB
[runlim] sample:		529.99 time, 530.02 real, 487 MB
[runlim] sample:		539.99 time, 540.02 real, 493 MB
[runlim] sample:		549.99 time, 550.02 real, 500 MB
[runlim] sample:		559.99 time, 560.02 real, 507 MB
[runlim] sample:		569.99 time, 570.02 real, 513 MB
[runlim] sample:		579.99 time, 580.02 real, 519 MB
[runlim] sample:		589.99 time, 590.02 real, 524 MB
[runlim] sample:		599.98 time, 600.02 real, 529 MB
[runlim] sample:		609.99 time, 610.02 real, 535 MB
[runlim] sample:		619.99 time, 620.02 real, 541 MB
[runlim] sample:		629.98 time, 630.02 real, 547 MB
[runlim] sample:		639.98 time, 640.02 real, 553 MB
[runlim] sample:		649.99 time, 650.02 real, 561 MB
[runlim] sample:		659.99 time, 660.02 real, 567 MB
[runlim] sample:		669.98 time, 670.02 real, 451 MB
[runlim] sample:		679.98 time, 680.02 real, 456 MB
[runlim] sample:		689.99 time, 690.02 real, 461 MB
[runlim] sample:		699.99 time, 700.02 real, 466 MB
[runlim] sample:		709.99 time, 710.02 real, 471 MB
[runlim] sample:		719.99 time, 720.02 real, 475 MB
[runlim] sample:		729.99 time, 730.02 real, 480 MB
[runlim] sample:		739.99 time, 740.02 real, 486 MB
[runlim] sample:		749.99 time, 750.02 real, 491 MB
[runlim] sample:		759.99 time, 760.02 real, 496 MB
[runlim] sample:		769.99 time, 770.02 real, 501 MB
[runlim] sample:		779.99 time, 780.02 real, 505 MB
[runlim] sample:		789.99 time, 790.02 real, 510 MB
[runlim] sample:		799.99 time, 800.02 real, 517 MB
[runlim] sample:		809.99 time, 810.02 real, 523 MB
[runlim] sample:		819.99 time, 820.02 real, 531 MB
[runlim] sample:		829.99 time, 830.02 real, 537 MB
[runlim] sample:		839.99 time, 840.02 real, 542 MB
[runlim] sample:		849.99 time, 850.02 real, 547 MB
[runlim] sample:		859.99 time, 860.02 real, 553 MB
[runlim] sample:		869.99 time, 870.02 real, 557 MB
[runlim] sample:		879.99 time, 880.02 real, 562 MB
[runlim] sample:		889.99 time, 890.02 real, 567 MB
[runlim] sample:		899.99 time, 900.02 real, 573 MB
[runlim] sample:		909.99 time, 910.02 real, 580 MB
[runlim] sample:		919.99 time, 920.02 real, 589 MB
[runlim] sample:		929.99 time, 930.02 real, 591 MB
[runlim] sample:		939.99 time, 940.02 real, 595 MB
[runlim] sample:		949.98 time, 950.02 real, 599 MB
[runlim] sample:		959.99 time, 960.02 real, 604 MB
[runlim] sample:		969.99 time, 970.02 real, 609 MB
[runlim] sample:		979.99 time, 980.02 real, 614 MB
[runlim] sample:		989.99 time, 990.02 real, 620 MB
[runlim] sample:		999.99 time, 1000.02 real, 625 MB
[runlim] sample:		1009.98 time, 1010.02 real, 630 MB
[runlim] sample:		1019.99 time, 1020.02 real, 635 MB
[runlim] sample:		1029.99 time, 1030.02 real, 641 MB
[runlim] sample:		1039.99 time, 1040.02 real, 645 MB
[runlim] sample:		1049.99 time, 1050.02 real, 650 MB
[runlim] sample:		1059.98 time, 1060.02 real, 654 MB
[runlim] sample:		1069.99 time, 1070.02 real, 658 MB
[runlim] sample:		1079.99 time, 1080.02 real, 663 MB
[runlim] sample:		1089.98 time, 1090.02 real, 666 MB
[runlim] sample:		1099.99 time, 1100.02 real, 672 MB
[runlim] sample:		1109.98 time, 1110.02 real, 676 MB
[runlim] sample:		1119.98 time, 1120.02 real, 680 MB
[runlim] sample:		1129.99 time, 1130.02 real, 683 MB
[runlim] sample:		1139.98 time, 1140.02 real, 688 MB
[runlim] sample:		1149.99 time, 1150.02 real, 692 MB
[runlim] sample:		1159.99 time, 1160.02 real, 700 MB
[runlim] sample:		1169.98 time, 1170.02 real, 712 MB
[runlim] sample:		1179.98 time, 1180.02 real, 720 MB
[runlim] sample:		1189.99 time, 1190.02 real, 725 MB
[runlim] sample:		1199.99 time, 1200.02 real, 728 MB
[runlim] sample:		1209.98 time, 1210.02 real, 731 MB
[runlim] sample:		1219.98 time, 1220.02 real, 736 MB
[runlim] sample:		1229.98 time, 1230.02 real, 743 MB
[runlim] sample:		1239.99 time, 1240.02 real, 748 MB
[runlim] sample:		1249.99 time, 1250.02 real, 753 MB
[runlim] sample:		1259.98 time, 1260.02 real, 758 MB
[runlim] sample:		1269.98 time, 1270.02 real, 762 MB
[runlim] sample:		1279.98 time, 1280.02 real, 768 MB
[runlim] sample:		1289.99 time, 1290.02 real, 775 MB
[runlim] sample:		1299.98 time, 1300.02 real, 784 MB
[runlim] sample:		1309.98 time, 1310.02 real, 788 MB
[runlim] sample:		1319.98 time, 1320.02 real, 792 MB
[runlim] sample:		1329.98 time, 1330.02 real, 794 MB
[runlim] sample:		1339.98 time, 1340.02 real, 797 MB
[runlim] sample:		1349.98 time, 1350.02 real, 801 MB
[runlim] sample:		1359.98 time, 1360.02 real, 806 MB
[runlim] sample:		1369.98 time, 1370.02 real, 809 MB
[runlim] sample:		1379.99 time, 1380.02 real, 812 MB
[runlim] sample:		1389.98 time, 1390.02 real, 815 MB
[runlim] sample:		1399.98 time, 1400.02 real, 819 MB
[runlim] sample:		1409.98 time, 1410.02 real, 822 MB
[runlim] sample:		1419.98 time, 1420.02 real, 824 MB
[runlim] sample:		1429.98 time, 1430.02 real, 829 MB
[runlim] sample:		1439.98 time, 1440.02 real, 832 MB
[runlim] sample:		1449.98 time, 1450.02 real, 835 MB
[runlim] sample:		1459.97 time, 1460.02 real, 839 MB
[runlim] sample:		1469.98 time, 1470.02 real, 842 MB
[runlim] sample:		1479.97 time, 1480.02 real, 847 MB
[runlim] sample:		1489.98 time, 1490.02 real, 850 MB
[runlim] sample:		1499.98 time, 1500.02 real, 854 MB
[runlim] sample:		1509.98 time, 1510.02 real, 857 MB
[runlim] sample:		1519.98 time, 1520.02 real, 860 MB
[runlim] sample:		1529.98 time, 1530.02 real, 864 MB
[runlim] sample:		1539.97 time, 1540.02 real, 867 MB
[runlim] sample:		1549.98 time, 1550.02 real, 870 MB
[runlim] sample:		1559.97 time, 1560.02 real, 875 MB
[runlim] sample:		1569.97 time, 1570.02 real, 878 MB
[runlim] sample:		1579.97 time, 1580.02 real, 882 MB
[runlim] sample:		1589.98 time, 1590.02 real, 886 MB
[runlim] sample:		1599.97 time, 1600.02 real, 890 MB
[runlim] sample:		1609.97 time, 1610.02 real, 894 MB
[runlim] sample:		1619.98 time, 1620.02 real, 897 MB
[runlim] sample:		1629.97 time, 1630.02 real, 901 MB
[runlim] sample:		1639.98 time, 1640.02 real, 904 MB
[runlim] sample:		1649.97 time, 1650.02 real, 907 MB
[runlim] sample:		1659.98 time, 1660.02 real, 911 MB
[runlim] sample:		1669.97 time, 1670.02 real, 915 MB
[runlim] sample:		1679.98 time, 1680.02 real, 918 MB
[runlim] sample:		1689.97 time, 1690.02 real, 921 MB
[runlim] sample:		1699.97 time, 1700.02 real, 924 MB
[runlim] sample:		1709.97 time, 1710.02 real, 927 MB
[runlim] sample:		1719.97 time, 1720.02 real, 929 MB
[runlim] sample:		1729.97 time, 1730.02 real, 932 MB
[runlim] sample:		1739.97 time, 1740.02 real, 935 MB
[runlim] sample:		1749.97 time, 1750.02 real, 938 MB
[runlim] sample:		1759.98 time, 1760.02 real, 940 MB
[runlim] sample:		1769.98 time, 1770.02 real, 943 MB
[runlim] sample:		1779.98 time, 1780.02 real, 945 MB
[runlim] sample:		1789.97 time, 1790.02 real, 947 MB
[runlim] sample:		1799.98 time, 1800.02 real, 950 MB
[runlim] sample:		1809.97 time, 1810.02 real, 953 MB
[runlim] sample:		1819.97 time, 1820.02 real, 955 MB
[runlim] sample:		1829.97 time, 1830.02 real, 958 MB
[runlim] sample:		1839.97 time, 1840.02 real, 961 MB
[runlim] sample:		1849.97 time, 1850.02 real, 965 MB
[runlim] sample:		1859.97 time, 1860.02 real, 968 MB
[runlim] sample:		1869.97 time, 1870.02 real, 971 MB
[runlim] sample:		1879.97 time, 1880.02 real, 975 MB
[runlim] sample:		1889.97 time, 1890.02 real, 977 MB
[runlim] sample:		1899.97 time, 1900.02 real, 980 MB
[runlim] sample:		1909.97 time, 1910.02 real, 983 MB
[runlim] sample:		1919.97 time, 1920.02 real, 987 MB
[runlim] sample:		1929.97 time, 1930.02 real, 991 MB
[runlim] sample:		1939.97 time, 1940.02 real, 995 MB
[runlim] sample:		1949.97 time, 1950.02 real, 998 MB
[runlim] sample:		1959.96 time, 1960.02 real, 1001 MB
[runlim] sample:		1969.97 time, 1970.02 real, 1003 MB
[runlim] sample:		1979.96 time, 1980.02 real, 1008 MB
[runlim] sample:		1989.97 time, 1990.02 real, 1011 MB
[runlim] sample:		1999.97 time, 2000.02 real, 1013 MB
[runlim] sample:		2009.97 time, 2010.02 real, 1016 MB
[runlim] sample:		2019.97 time, 2020.02 real, 1019 MB
[runlim] sample:		2029.97 time, 2030.02 real, 1021 MB
[runlim] sample:		2039.97 time, 2040.02 real, 1024 MB
[runlim] sample:		2049.96 time, 2050.02 real, 1027 MB
[runlim] sample:		2059.97 time, 2060.02 real, 1030 MB
[runlim] sample:		2069.97 time, 2070.02 real, 1033 MB
[runlim] sample:		2079.96 time, 2080.02 real, 1036 MB
[runlim] sample:		2089.97 time, 2090.02 real, 1038 MB
[runlim] sample:		2099.96 time, 2100.02 real, 1041 MB
[runlim] sample:		2109.96 time, 2110.02 real, 1044 MB
[runlim] sample:		2119.97 time, 2120.02 real, 1047 MB
[runlim] sample:		2129.97 time, 2130.02 real, 1049 MB
[runlim] sample:		2139.97 time, 2140.02 real, 1051 MB
[runlim] sample:		2149.97 time, 2150.02 real, 1053 MB
[runlim] sample:		2159.96 time, 2160.02 real, 1056 MB
[runlim] sample:		2169.96 time, 2170.02 real, 1059 MB
[runlim] sample:		2179.96 time, 2180.02 real, 1062 MB
[runlim] sample:		2189.96 time, 2190.02 real, 1068 MB
[runlim] sample:		2199.97 time, 2200.02 real, 1074 MB
[runlim] sample:		2209.97 time, 2210.02 real, 1076 MB
[runlim] sample:		2219.97 time, 2220.02 real, 1078 MB
[runlim] sample:		2229.97 time, 2230.02 real, 1080 MB
[runlim] sample:		2239.96 time, 2240.02 real, 1082 MB
[runlim] sample:		2249.97 time, 2250.02 real, 1086 MB
[runlim] sample:		2259.97 time, 2260.02 real, 1090 MB
[runlim] sample:		2269.97 time, 2270.02 real, 1093 MB
[runlim] sample:		2279.96 time, 2280.02 real, 1095 MB
[runlim] sample:		2289.96 time, 2290.02 real, 1098 MB
[runlim] sample:		2299.96 time, 2300.02 real, 1100 MB
[runlim] sample:		2309.96 time, 2310.02 real, 1101 MB
[runlim] sample:		2319.97 time, 2320.02 real, 1103 MB
[runlim] sample:		2329.97 time, 2330.02 real, 1106 MB
[runlim] sample:		2339.97 time, 2340.02 real, 1109 MB
[runlim] sample:		2349.97 time, 2350.02 real, 1112 MB
[runlim] sample:		2359.96 time, 2360.02 real, 1116 MB
[runlim] sample:		2369.96 time, 2370.02 real, 1118 MB
[runlim] sample:		2379.96 time, 2380.02 real, 1122 MB
[runlim] sample:		2389.96 time, 2390.02 real, 1124 MB
[runlim] sample:		2399.96 time, 2400.02 real, 1127 MB
[runlim] sample:		2409.96 time, 2410.02 real, 1129 MB
[runlim] sample:		2419.96 time, 2420.02 real, 1132 MB
[runlim] sample:		2429.96 time, 2430.02 real, 1134 MB
[runlim] sample:		2439.96 time, 2440.02 real, 1137 MB
[runlim] sample:		2449.96 time, 2450.02 real, 1140 MB
[runlim] sample:		2459.96 time, 2460.02 real, 1143 MB
[runlim] sample:		2469.96 time, 2470.02 real, 1147 MB
[runlim] sample:		2479.96 time, 2480.02 real, 1150 MB
[runlim] sample:		2489.96 time, 2490.02 real, 1153 MB
[runlim] sample:		2499.96 time, 2500.02 real, 1156 MB
[runlim] sample:		2509.96 time, 2510.02 real, 1159 MB
[runlim] sample:		2519.96 time, 2520.02 real, 1162 MB
[runlim] sample:		2529.96 time, 2530.02 real, 1168 MB
[runlim] sample:		2539.96 time, 2540.02 real, 1174 MB
[runlim] sample:		2549.96 time, 2550.02 real, 1180 MB
[runlim] sample:		2559.96 time, 2560.02 real, 1184 MB
[runlim] sample:		2569.96 time, 2570.02 real, 1187 MB
[runlim] sample:		2579.96 time, 2580.02 real, 1190 MB
[runlim] sample:		2589.96 time, 2590.02 real, 1192 MB
[runlim] sample:		2599.96 time, 2600.02 real, 1195 MB
[runlim] sample:		2609.96 time, 2610.02 real, 1198 MB
[runlim] sample:		2619.96 time, 2620.02 real, 1200 MB
[runlim] sample:		2629.96 time, 2630.02 real, 1202 MB
[runlim] sample:		2639.96 time, 2640.02 real, 1205 MB
[runlim] sample:		2649.96 time, 2650.02 real, 1207 MB
[runlim] sample:		2659.96 time, 2660.02 real, 1210 MB
[runlim] sample:		2669.95 time, 2670.02 real, 1212 MB
[runlim] sample:		2679.95 time, 2680.02 real, 1215 MB
[runlim] sample:		2689.96 time, 2690.02 real, 1216 MB
[runlim] sample:		2699.95 time, 2700.02 real, 1218 MB
[runlim] end:			Thu Feb 27 10:48:55 2020
[runlim] status:		out of time
[runlim] result:		2
[runlim] children:		1
[runlim] real:			2700.11 seconds
[runlim] time:			2699.95 seconds
[runlim] space:			1218 MB
[runlim] samples:		27000
