[runlim] version:		1.18
[runlim] host:			c3n17
[runlim] time limit:		2700 seconds
[runlim] real time limit:	2700 seconds
[runlim] space limit:		7000 MB
[runlim] argv[0]:		./binary
[runlim] argv[1]:		/data/cnf/ankit/Set1/stmt41_262_275.qdimacs
[runlim] start:			Thu Feb 27 10:03:55 2020
[runlim] child:			6787
[runlim] sample:		9.92 time, 10.02 real, 29 MB
[runlim] sample:		19.92 time, 20.02 real, 50 MB
[runlim] sample:		29.91 time, 30.02 real, 69 MB
[runlim] sample:		39.91 time, 40.02 real, 86 MB
[runlim] sample:		49.91 time, 50.02 real, 79 MB
[runlim] sample:		59.91 time, 60.02 real, 93 MB
[runlim] sample:		69.91 time, 70.02 real, 110 MB
[runlim] sample:		79.91 time, 80.02 real, 128 MB
[runlim] sample:		89.92 time, 90.02 real, 145 MB
[runlim] sample:		99.91 time, 100.02 real, 161 MB
[runlim] sample:		109.91 time, 110.02 real, 176 MB
[runlim] sample:		119.91 time, 120.02 real, 194 MB
[runlim] sample:		129.91 time, 130.02 real, 210 MB
[runlim] sample:		139.91 time, 140.02 real, 223 MB
[runlim] sample:		149.91 time, 150.02 real, 238 MB
[runlim] sample:		159.91 time, 160.02 real, 253 MB
[runlim] sample:		169.91 time, 170.02 real, 269 MB
[runlim] sample:		179.91 time, 180.02 real, 284 MB
[runlim] sample:		189.90 time, 190.02 real, 298 MB
[runlim] sample:		199.90 time, 200.02 real, 245 MB
[runlim] sample:		209.91 time, 210.02 real, 253 MB
[runlim] sample:		219.91 time, 220.02 real, 261 MB
[runlim] sample:		229.90 time, 230.02 real, 274 MB
[runlim] sample:		239.90 time, 240.02 real, 288 MB
[runlim] sample:		249.90 time, 250.02 real, 301 MB
[runlim] sample:		259.90 time, 260.02 real, 316 MB
[runlim] sample:		269.90 time, 270.02 real, 328 MB
[runlim] sample:		279.90 time, 280.02 real, 342 MB
[runlim] sample:		289.90 time, 290.02 real, 355 MB
[runlim] sample:		299.89 time, 300.02 real, 369 MB
[runlim] sample:		309.90 time, 310.02 real, 382 MB
[runlim] sample:		319.90 time, 320.02 real, 396 MB
[runlim] sample:		329.90 time, 330.02 real, 408 MB
[runlim] sample:		339.90 time, 340.02 real, 417 MB
[runlim] sample:		349.90 time, 350.02 real, 426 MB
[runlim] sample:		359.89 time, 360.02 real, 437 MB
[runlim] sample:		369.89 time, 370.02 real, 444 MB
[runlim] sample:		379.88 time, 380.02 real, 450 MB
[runlim] sample:		389.89 time, 390.02 real, 458 MB
[runlim] sample:		399.89 time, 400.02 real, 471 MB
[runlim] sample:		409.89 time, 410.02 real, 482 MB
[runlim] sample:		419.88 time, 420.02 real, 491 MB
[runlim] sample:		429.88 time, 430.02 real, 504 MB
[runlim] sample:		439.88 time, 440.02 real, 516 MB
[runlim] sample:		449.89 time, 450.02 real, 529 MB
[runlim] sample:		459.88 time, 460.02 real, 541 MB
[runlim] sample:		469.88 time, 470.02 real, 553 MB
[runlim] sample:		479.88 time, 480.02 real, 567 MB
[runlim] sample:		489.88 time, 490.02 real, 577 MB
[runlim] sample:		499.88 time, 500.02 real, 585 MB
[runlim] sample:		509.87 time, 510.02 real, 596 MB
[runlim] sample:		519.88 time, 520.02 real, 606 MB
[runlim] sample:		529.88 time, 530.02 real, 617 MB
[runlim] sample:		539.88 time, 540.02 real, 630 MB
[runlim] sample:		549.88 time, 550.02 real, 641 MB
[runlim] sample:		559.88 time, 560.02 real, 650 MB
[runlim] sample:		569.87 time, 570.02 real, 661 MB
[runlim] sample:		579.87 time, 580.02 real, 675 MB
[runlim] sample:		589.87 time, 590.02 real, 686 MB
[runlim] sample:		599.87 time, 600.02 real, 695 MB
[runlim] sample:		609.87 time, 610.02 real, 705 MB
[runlim] sample:		619.87 time, 620.02 real, 717 MB
[runlim] sample:		629.87 time, 630.02 real, 725 MB
[runlim] sample:		639.87 time, 640.02 real, 731 MB
[runlim] sample:		649.87 time, 650.02 real, 742 MB
[runlim] sample:		659.87 time, 660.02 real, 752 MB
[runlim] sample:		669.87 time, 670.02 real, 764 MB
[runlim] sample:		679.87 time, 680.02 real, 773 MB
[runlim] sample:		689.87 time, 690.02 real, 781 MB
[runlim] sample:		699.87 time, 700.02 real, 792 MB
[runlim] sample:		709.87 time, 710.02 real, 802 MB
[runlim] sample:		719.86 time, 720.02 real, 811 MB
[runlim] sample:		729.87 time, 730.02 real, 818 MB
[runlim] sample:		739.87 time, 740.02 real, 826 MB
[runlim] sample:		749.87 time, 750.02 real, 835 MB
[runlim] sample:		759.87 time, 760.02 real, 843 MB
[runlim] sample:		769.86 time, 770.02 real, 850 MB
[runlim] sample:		779.86 time, 780.02 real, 855 MB
[runlim] sample:		789.87 time, 790.02 real, 860 MB
[runlim] sample:		799.87 time, 800.02 real, 864 MB
[runlim] sample:		809.87 time, 810.02 real, 869 MB
[runlim] sample:		819.87 time, 820.02 real, 873 MB
[runlim] sample:		829.86 time, 830.02 real, 876 MB
[runlim] sample:		839.87 time, 840.02 real, 881 MB
[runlim] sample:		849.87 time, 850.02 real, 887 MB
[runlim] sample:		859.87 time, 860.02 real, 890 MB
[runlim] sample:		869.87 time, 870.02 real, 714 MB
[runlim] sample:		879.86 time, 880.02 real, 719 MB
[runlim] sample:		889.87 time, 890.02 real, 723 MB
[runlim] sample:		899.86 time, 900.02 real, 727 MB
[runlim] sample:		909.86 time, 910.02 real, 732 MB
[runlim] sample:		919.87 time, 920.02 real, 737 MB
[runlim] sample:		929.87 time, 930.02 real, 742 MB
[runlim] sample:		939.87 time, 940.02 real, 746 MB
[runlim] sample:		949.86 time, 950.02 real, 751 MB
[runlim] sample:		959.87 time, 960.02 real, 755 MB
[runlim] sample:		969.87 time, 970.02 real, 760 MB
[runlim] sample:		979.86 time, 980.02 real, 767 MB
[runlim] sample:		989.86 time, 990.02 real, 777 MB
[runlim] sample:		999.87 time, 1000.02 real, 786 MB
[runlim] sample:		1009.87 time, 1010.02 real, 794 MB
[runlim] sample:		1019.87 time, 1020.02 real, 803 MB
[runlim] sample:		1029.86 time, 1030.02 real, 812 MB
[runlim] sample:		1039.87 time, 1040.02 real, 822 MB
[runlim] sample:		1049.87 time, 1050.02 real, 832 MB
[runlim] sample:		1059.86 time, 1060.02 real, 840 MB
[runlim] sample:		1069.86 time, 1070.02 real, 847 MB
[runlim] sample:		1079.87 time, 1080.02 real, 854 MB
[runlim] sample:		1089.87 time, 1090.02 real, 859 MB
[runlim] sample:		1099.86 time, 1100.02 real, 867 MB
[runlim] sample:		1109.86 time, 1110.02 real, 874 MB
[runlim] sample:		1119.87 time, 1120.02 real, 878 MB
[runlim] sample:		1129.86 time, 1130.02 real, 882 MB
[runlim] sample:		1139.87 time, 1140.02 real, 886 MB
[runlim] sample:		1149.86 time, 1150.02 real, 889 MB
[runlim] sample:		1159.87 time, 1160.02 real, 894 MB
[runlim] sample:		1169.87 time, 1170.02 real, 896 MB
[runlim] sample:		1179.87 time, 1180.02 real, 901 MB
[runlim] sample:		1189.86 time, 1190.02 real, 906 MB
[runlim] sample:		1199.86 time, 1200.02 real, 910 MB
[runlim] sample:		1209.86 time, 1210.02 real, 914 MB
[runlim] sample:		1219.87 time, 1220.02 real, 918 MB
[runlim] sample:		1229.86 time, 1230.02 real, 922 MB
[runlim] sample:		1239.87 time, 1240.02 real, 929 MB
[runlim] sample:		1249.86 time, 1250.02 real, 939 MB
[runlim] sample:		1259.86 time, 1260.02 real, 950 MB
[runlim] sample:		1269.87 time, 1270.02 real, 960 MB
[runlim] sample:		1279.86 time, 1280.02 real, 966 MB
[runlim] sample:		1289.87 time, 1290.02 real, 973 MB
[runlim] sample:		1299.86 time, 1300.02 real, 982 MB
[runlim] sample:		1309.87 time, 1310.02 real, 989 MB
[runlim] sample:		1319.87 time, 1320.02 real, 996 MB
[runlim] sample:		1329.86 time, 1330.02 real, 1004 MB
[runlim] sample:		1339.87 time, 1340.02 real, 1013 MB
[runlim] sample:		1349.86 time, 1350.02 real, 1017 MB
[runlim] sample:		1359.86 time, 1360.02 real, 1020 MB
[runlim] sample:		1369.86 time, 1370.02 real, 1023 MB
[runlim] sample:		1379.86 time, 1380.02 real, 1027 MB
[runlim] sample:		1389.86 time, 1390.02 real, 1033 MB
[runlim] sample:		1399.86 time, 1400.02 real, 1040 MB
[runlim] sample:		1409.86 time, 1410.02 real, 1049 MB
[runlim] sample:		1419.86 time, 1420.02 real, 1057 MB
[runlim] sample:		1429.86 time, 1430.02 real, 1066 MB
[runlim] sample:		1439.86 time, 1440.02 real, 1073 MB
[runlim] sample:		1449.86 time, 1450.02 real, 1080 MB
[runlim] sample:		1459.86 time, 1460.02 real, 1086 MB
[runlim] sample:		1469.86 time, 1470.02 real, 1095 MB
[runlim] sample:		1479.86 time, 1480.02 real, 1102 MB
[runlim] sample:		1489.86 time, 1490.02 real, 1110 MB
[runlim] sample:		1499.86 time, 1500.02 real, 1118 MB
[runlim] sample:		1509.86 time, 1510.02 real, 1127 MB
[runlim] sample:		1519.86 time, 1520.02 real, 1136 MB
[runlim] sample:		1529.85 time, 1530.02 real, 1145 MB
[runlim] sample:		1539.86 time, 1540.02 real, 1151 MB
[runlim] sample:		1549.86 time, 1550.02 real, 1158 MB
[runlim] sample:		1559.85 time, 1560.02 real, 1165 MB
[runlim] sample:		1569.85 time, 1570.02 real, 1171 MB
[runlim] sample:		1579.86 time, 1580.02 real, 1178 MB
[runlim] sample:		1589.86 time, 1590.02 real, 1185 MB
[runlim] sample:		1599.86 time, 1600.02 real, 1191 MB
[runlim] sample:		1609.86 time, 1610.02 real, 1196 MB
[runlim] sample:		1619.86 time, 1620.02 real, 1203 MB
[runlim] sample:		1629.86 time, 1630.02 real, 1210 MB
[runlim] sample:		1639.86 time, 1640.02 real, 1215 MB
[runlim] sample:		1649.86 time, 1650.02 real, 1224 MB
[runlim] sample:		1659.86 time, 1660.02 real, 1230 MB
[runlim] sample:		1669.86 time, 1670.02 real, 1237 MB
[runlim] sample:		1679.85 time, 1680.02 real, 1245 MB
[runlim] sample:		1689.85 time, 1690.02 real, 1252 MB
[runlim] sample:		1699.86 time, 1700.02 real, 1261 MB
[runlim] sample:		1709.86 time, 1710.02 real, 1269 MB
[runlim] sample:		1719.86 time, 1720.02 real, 1276 MB
[runlim] sample:		1729.85 time, 1730.02 real, 1283 MB
[runlim] sample:		1739.86 time, 1740.02 real, 1290 MB
[runlim] sample:		1749.85 time, 1750.02 real, 1296 MB
[runlim] sample:		1759.86 time, 1760.02 real, 1302 MB
[runlim] sample:		1769.86 time, 1770.02 real, 1308 MB
[runlim] sample:		1779.85 time, 1780.02 real, 1313 MB
[runlim] sample:		1789.86 time, 1790.02 real, 1317 MB
[runlim] sample:		1799.85 time, 1800.02 real, 1324 MB
[runlim] sample:		1809.86 time, 1810.02 real, 1333 MB
[runlim] sample:		1819.85 time, 1820.02 real, 1339 MB
[runlim] sample:		1829.86 time, 1830.02 real, 1345 MB
[runlim] sample:		1839.86 time, 1840.02 real, 1352 MB
[runlim] sample:		1849.86 time, 1850.02 real, 1358 MB
[runlim] sample:		1859.86 time, 1860.02 real, 1364 MB
[runlim] sample:		1869.86 time, 1870.02 real, 1372 MB
[runlim] sample:		1879.85 time, 1880.02 real, 1378 MB
[runlim] sample:		1889.86 time, 1890.02 real, 1386 MB
[runlim] sample:		1899.86 time, 1900.02 real, 1392 MB
[runlim] sample:		1909.86 time, 1910.02 real, 1396 MB
[runlim] sample:		1919.85 time, 1920.02 real, 1399 MB
[runlim] sample:		1929.86 time, 1930.02 real, 1403 MB
[runlim] sample:		1939.86 time, 1940.02 real, 1409 MB
[runlim] sample:		1949.85 time, 1950.02 real, 1414 MB
[runlim] sample:		1959.85 time, 1960.02 real, 1422 MB
[runlim] sample:		1969.85 time, 1970.02 real, 1428 MB
[runlim] sample:		1979.86 time, 1980.02 real, 1433 MB
[runlim] sample:		1989.85 time, 1990.02 real, 1439 MB
[runlim] sample:		1999.85 time, 2000.02 real, 1445 MB
[runlim] sample:		2009.86 time, 2010.02 real, 1449 MB
[runlim] sample:		2019.86 time, 2020.02 real, 1453 MB
[runlim] sample:		2029.85 time, 2030.02 real, 1457 MB
[runlim] sample:		2039.85 time, 2040.02 real, 1459 MB
[runlim] sample:		2049.85 time, 2050.02 real, 1461 MB
[runlim] sample:		2059.85 time, 2060.02 real, 1462 MB
[runlim] sample:		2069.85 time, 2070.02 real, 1463 MB
[runlim] sample:		2079.85 time, 2080.02 real, 1465 MB
[runlim] sample:		2089.86 time, 2090.02 real, 1469 MB
[runlim] sample:		2099.85 time, 2100.02 real, 1475 MB
[runlim] sample:		2109.85 time, 2110.02 real, 1480 MB
[runlim] sample:		2119.85 time, 2120.02 real, 1486 MB
[runlim] sample:		2129.85 time, 2130.02 real, 1493 MB
[runlim] sample:		2139.85 time, 2140.02 real, 1495 MB
[runlim] sample:		2149.85 time, 2150.02 real, 1499 MB
[runlim] sample:		2159.85 time, 2160.02 real, 1505 MB
[runlim] sample:		2169.86 time, 2170.02 real, 1513 MB
[runlim] sample:		2179.85 time, 2180.02 real, 1519 MB
[runlim] sample:		2189.85 time, 2190.02 real, 1526 MB
[runlim] sample:		2199.85 time, 2200.02 real, 1532 MB
[runlim] sample:		2209.85 time, 2210.02 real, 1538 MB
[runlim] sample:		2219.85 time, 2220.02 real, 1542 MB
[runlim] sample:		2229.85 time, 2230.02 real, 1549 MB
[runlim] sample:		2239.85 time, 2240.02 real, 1554 MB
[runlim] sample:		2249.85 time, 2250.02 real, 1558 MB
[runlim] sample:		2259.85 time, 2260.02 real, 1561 MB
[runlim] sample:		2269.85 time, 2270.02 real, 1565 MB
[runlim] sample:		2279.85 time, 2280.02 real, 1570 MB
[runlim] sample:		2289.85 time, 2290.02 real, 1577 MB
[runlim] sample:		2299.85 time, 2300.02 real, 1582 MB
[runlim] sample:		2309.85 time, 2310.02 real, 1586 MB
[runlim] sample:		2319.85 time, 2320.02 real, 1590 MB
[runlim] sample:		2329.85 time, 2330.02 real, 1593 MB
[runlim] sample:		2339.85 time, 2340.02 real, 1596 MB
[runlim] sample:		2349.85 time, 2350.02 real, 1599 MB
[runlim] sample:		2359.84 time, 2360.02 real, 1601 MB
[runlim] sample:		2369.85 time, 2370.02 real, 1604 MB
[runlim] sample:		2379.85 time, 2380.02 real, 1608 MB
[runlim] sample:		2389.85 time, 2390.02 real, 1612 MB
[runlim] sample:		2399.85 time, 2400.02 real, 1617 MB
[runlim] sample:		2409.85 time, 2410.02 real, 1622 MB
[runlim] sample:		2419.85 time, 2420.02 real, 1626 MB
[runlim] sample:		2429.85 time, 2430.02 real, 1632 MB
[runlim] sample:		2439.85 time, 2440.02 real, 1637 MB
[runlim] sample:		2449.85 time, 2450.02 real, 1642 MB
[runlim] sample:		2459.85 time, 2460.02 real, 1649 MB
[runlim] sample:		2469.85 time, 2470.02 real, 1656 MB
[runlim] sample:		2479.85 time, 2480.02 real, 1662 MB
[runlim] sample:		2489.85 time, 2490.02 real, 1667 MB
[runlim] sample:		2499.85 time, 2500.02 real, 1673 MB
[runlim] sample:		2509.84 time, 2510.02 real, 1677 MB
[runlim] sample:		2519.85 time, 2520.02 real, 1683 MB
[runlim] sample:		2529.84 time, 2530.02 real, 1688 MB
[runlim] sample:		2539.85 time, 2540.02 real, 1694 MB
[runlim] sample:		2549.85 time, 2550.02 real, 1701 MB
[runlim] sample:		2559.85 time, 2560.02 real, 1708 MB
[runlim] sample:		2569.84 time, 2570.02 real, 1712 MB
[runlim] sample:		2579.85 time, 2580.02 real, 1720 MB
[runlim] sample:		2589.85 time, 2590.02 real, 1725 MB
[runlim] sample:		2599.84 time, 2600.02 real, 1732 MB
[runlim] sample:		2609.85 time, 2610.02 real, 1738 MB
[runlim] sample:		2619.84 time, 2620.02 real, 1743 MB
[runlim] sample:		2629.84 time, 2630.02 real, 1748 MB
[runlim] sample:		2639.84 time, 2640.02 real, 1754 MB
[runlim] sample:		2649.84 time, 2650.02 real, 1760 MB
[runlim] sample:		2659.84 time, 2660.02 real, 1765 MB
[runlim] sample:		2669.84 time, 2670.02 real, 1770 MB
[runlim] sample:		2679.84 time, 2680.02 real, 1777 MB
[runlim] sample:		2689.84 time, 2690.02 real, 1782 MB
[runlim] sample:		2699.84 time, 2700.02 real, 1787 MB
[runlim] end:			Thu Feb 27 10:48:55 2020
[runlim] status:		out of time
[runlim] result:		2
[runlim] children:		1
[runlim] real:			2700.12 seconds
[runlim] time:			2699.84 seconds
[runlim] space:			1787 MB
[runlim] samples:		27000
