[runlim] version:		1.18
[runlim] host:			c3n15
[runlim] time limit:		2700 seconds
[runlim] real time limit:	2700 seconds
[runlim] space limit:		7000 MB
[runlim] argv[0]:		./binary
[runlim] argv[1]:		/data/cnf/ankit/Set1/stmt21_326_327.qdimacs
[runlim] start:			Thu Feb 27 10:03:55 2020
[runlim] child:			7362
[runlim] sample:		9.98 time, 10.02 real, 17 MB
[runlim] sample:		19.98 time, 20.02 real, 28 MB
[runlim] sample:		29.98 time, 30.02 real, 35 MB
[runlim] sample:		39.98 time, 40.02 real, 43 MB
[runlim] sample:		49.97 time, 50.02 real, 50 MB
[runlim] sample:		59.97 time, 60.02 real, 58 MB
[runlim] sample:		69.97 time, 70.02 real, 64 MB
[runlim] sample:		79.97 time, 80.02 real, 68 MB
[runlim] sample:		89.97 time, 90.02 real, 73 MB
[runlim] sample:		99.97 time, 100.02 real, 78 MB
[runlim] sample:		109.97 time, 110.02 real, 85 MB
[runlim] sample:		119.97 time, 120.02 real, 91 MB
[runlim] sample:		129.97 time, 130.02 real, 96 MB
[runlim] sample:		139.97 time, 140.02 real, 102 MB
[runlim] sample:		149.97 time, 150.02 real, 107 MB
[runlim] sample:		159.97 time, 160.02 real, 111 MB
[runlim] sample:		169.97 time, 170.02 real, 114 MB
[runlim] sample:		179.97 time, 180.02 real, 117 MB
[runlim] sample:		189.96 time, 190.02 real, 119 MB
[runlim] sample:		199.97 time, 200.02 real, 121 MB
[runlim] sample:		209.97 time, 210.02 real, 125 MB
[runlim] sample:		219.96 time, 220.02 real, 131 MB
[runlim] sample:		229.97 time, 230.02 real, 136 MB
[runlim] sample:		239.96 time, 240.02 real, 140 MB
[runlim] sample:		249.97 time, 250.02 real, 144 MB
[runlim] sample:		259.97 time, 260.02 real, 149 MB
[runlim] sample:		269.96 time, 270.02 real, 154 MB
[runlim] sample:		279.97 time, 280.02 real, 157 MB
[runlim] sample:		289.97 time, 290.02 real, 160 MB
[runlim] sample:		299.96 time, 300.02 real, 164 MB
[runlim] sample:		309.96 time, 310.02 real, 167 MB
[runlim] sample:		319.97 time, 320.02 real, 171 MB
[runlim] sample:		329.97 time, 330.02 real, 174 MB
[runlim] sample:		339.97 time, 340.02 real, 178 MB
[runlim] sample:		349.96 time, 350.02 real, 182 MB
[runlim] sample:		359.96 time, 360.02 real, 187 MB
[runlim] sample:		369.97 time, 370.02 real, 191 MB
[runlim] sample:		379.96 time, 380.02 real, 195 MB
[runlim] sample:		389.97 time, 390.02 real, 198 MB
[runlim] sample:		399.97 time, 400.02 real, 202 MB
[runlim] sample:		409.96 time, 410.02 real, 204 MB
[runlim] sample:		419.96 time, 420.02 real, 206 MB
[runlim] sample:		429.97 time, 430.02 real, 209 MB
[runlim] sample:		439.97 time, 440.02 real, 211 MB
[runlim] sample:		449.97 time, 450.02 real, 214 MB
[runlim] sample:		459.97 time, 460.02 real, 216 MB
[runlim] sample:		469.96 time, 470.02 real, 218 MB
[runlim] sample:		479.96 time, 480.02 real, 220 MB
[runlim] sample:		489.96 time, 490.02 real, 221 MB
[runlim] sample:		499.96 time, 500.02 real, 223 MB
[runlim] sample:		509.96 time, 510.02 real, 225 MB
[runlim] sample:		519.96 time, 520.02 real, 227 MB
[runlim] sample:		529.96 time, 530.02 real, 228 MB
[runlim] sample:		539.96 time, 540.02 real, 229 MB
[runlim] sample:		549.96 time, 550.02 real, 231 MB
[runlim] sample:		559.96 time, 560.02 real, 232 MB
[runlim] sample:		569.96 time, 570.02 real, 233 MB
[runlim] sample:		579.96 time, 580.02 real, 235 MB
[runlim] sample:		589.96 time, 590.02 real, 236 MB
[runlim] sample:		599.96 time, 600.02 real, 237 MB
[runlim] sample:		609.96 time, 610.02 real, 240 MB
[runlim] sample:		619.96 time, 620.02 real, 243 MB
[runlim] sample:		629.96 time, 630.02 real, 246 MB
[runlim] sample:		639.96 time, 640.02 real, 248 MB
[runlim] sample:		649.96 time, 650.02 real, 251 MB
[runlim] sample:		659.96 time, 660.02 real, 253 MB
[runlim] sample:		669.96 time, 670.02 real, 255 MB
[runlim] sample:		679.96 time, 680.02 real, 256 MB
[runlim] sample:		689.96 time, 690.02 real, 258 MB
[runlim] sample:		699.96 time, 700.02 real, 260 MB
[runlim] sample:		709.96 time, 710.02 real, 261 MB
[runlim] sample:		719.96 time, 720.02 real, 263 MB
[runlim] sample:		729.96 time, 730.02 real, 265 MB
[runlim] sample:		739.96 time, 740.02 real, 270 MB
[runlim] sample:		749.96 time, 750.02 real, 272 MB
[runlim] sample:		759.96 time, 760.02 real, 274 MB
[runlim] sample:		769.96 time, 770.02 real, 277 MB
[runlim] sample:		779.95 time, 780.02 real, 279 MB
[runlim] sample:		789.96 time, 790.02 real, 282 MB
[runlim] sample:		799.96 time, 800.02 real, 284 MB
[runlim] sample:		809.96 time, 810.02 real, 287 MB
[runlim] sample:		819.95 time, 820.02 real, 291 MB
[runlim] sample:		829.95 time, 830.02 real, 295 MB
[runlim] sample:		839.96 time, 840.02 real, 296 MB
[runlim] sample:		849.95 time, 850.02 real, 299 MB
[runlim] sample:		859.96 time, 860.02 real, 301 MB
[runlim] sample:		869.96 time, 870.02 real, 303 MB
[runlim] sample:		879.95 time, 880.02 real, 305 MB
[runlim] sample:		889.96 time, 890.02 real, 307 MB
[runlim] sample:		899.96 time, 900.02 real, 309 MB
[runlim] sample:		909.95 time, 910.02 real, 312 MB
[runlim] sample:		919.96 time, 920.02 real, 314 MB
[runlim] sample:		929.95 time, 930.02 real, 316 MB
[runlim] sample:		939.96 time, 940.02 real, 318 MB
[runlim] sample:		949.95 time, 950.02 real, 320 MB
[runlim] sample:		959.95 time, 960.02 real, 322 MB
[runlim] sample:		969.96 time, 970.02 real, 324 MB
[runlim] sample:		979.96 time, 980.02 real, 327 MB
[runlim] sample:		989.96 time, 990.02 real, 329 MB
[runlim] sample:		999.96 time, 1000.02 real, 331 MB
[runlim] sample:		1009.96 time, 1010.02 real, 334 MB
[runlim] sample:		1019.95 time, 1020.02 real, 335 MB
[runlim] sample:		1029.96 time, 1030.02 real, 337 MB
[runlim] sample:		1039.95 time, 1040.02 real, 338 MB
[runlim] sample:		1049.96 time, 1050.02 real, 341 MB
[runlim] sample:		1059.95 time, 1060.02 real, 344 MB
[runlim] sample:		1069.96 time, 1070.02 real, 345 MB
[runlim] sample:		1079.95 time, 1080.02 real, 347 MB
[runlim] sample:		1089.96 time, 1090.02 real, 348 MB
[runlim] sample:		1099.95 time, 1100.02 real, 351 MB
[runlim] sample:		1109.96 time, 1110.02 real, 352 MB
[runlim] sample:		1119.96 time, 1120.02 real, 354 MB
[runlim] sample:		1129.96 time, 1130.02 real, 355 MB
[runlim] sample:		1139.96 time, 1140.02 real, 357 MB
[runlim] sample:		1149.95 time, 1150.02 real, 359 MB
[runlim] sample:		1159.96 time, 1160.02 real, 361 MB
[runlim] sample:		1169.96 time, 1170.02 real, 363 MB
[runlim] sample:		1179.95 time, 1180.02 real, 365 MB
[runlim] sample:		1189.96 time, 1190.02 real, 366 MB
[runlim] sample:		1199.95 time, 1200.02 real, 367 MB
[runlim] sample:		1209.95 time, 1210.02 real, 369 MB
[runlim] sample:		1219.96 time, 1220.02 real, 371 MB
[runlim] sample:		1229.95 time, 1230.02 real, 374 MB
[runlim] sample:		1239.96 time, 1240.02 real, 376 MB
[runlim] sample:		1249.95 time, 1250.02 real, 378 MB
[runlim] sample:		1259.95 time, 1260.02 real, 379 MB
[runlim] sample:		1269.95 time, 1270.02 real, 380 MB
[runlim] sample:		1279.95 time, 1280.02 real, 381 MB
[runlim] sample:		1289.96 time, 1290.02 real, 383 MB
[runlim] sample:		1299.95 time, 1300.02 real, 385 MB
[runlim] sample:		1309.95 time, 1310.02 real, 386 MB
[runlim] sample:		1319.96 time, 1320.02 real, 388 MB
[runlim] sample:		1329.95 time, 1330.02 real, 390 MB
[runlim] sample:		1339.95 time, 1340.02 real, 393 MB
[runlim] sample:		1349.95 time, 1350.02 real, 395 MB
[runlim] sample:		1359.96 time, 1360.02 real, 396 MB
[runlim] sample:		1369.95 time, 1370.02 real, 397 MB
[runlim] sample:		1379.95 time, 1380.02 real, 398 MB
[runlim] sample:		1389.96 time, 1390.02 real, 400 MB
[runlim] sample:		1399.95 time, 1400.02 real, 402 MB
[runlim] sample:		1409.95 time, 1410.02 real, 404 MB
[runlim] sample:		1419.95 time, 1420.02 real, 406 MB
[runlim] sample:		1429.95 time, 1430.02 real, 407 MB
[runlim] sample:		1439.95 time, 1440.02 real, 409 MB
[runlim] sample:		1449.95 time, 1450.02 real, 410 MB
[runlim] sample:		1459.96 time, 1460.02 real, 412 MB
[runlim] sample:		1469.95 time, 1470.02 real, 414 MB
[runlim] sample:		1479.95 time, 1480.02 real, 416 MB
[runlim] sample:		1489.95 time, 1490.02 real, 418 MB
[runlim] sample:		1499.95 time, 1500.02 real, 419 MB
[runlim] sample:		1509.95 time, 1510.02 real, 421 MB
[runlim] sample:		1519.95 time, 1520.02 real, 423 MB
[runlim] sample:		1529.95 time, 1530.02 real, 424 MB
[runlim] sample:		1539.95 time, 1540.02 real, 425 MB
[runlim] sample:		1549.95 time, 1550.02 real, 426 MB
[runlim] sample:		1559.95 time, 1560.02 real, 427 MB
[runlim] sample:		1569.95 time, 1570.02 real, 429 MB
[runlim] sample:		1579.95 time, 1580.02 real, 430 MB
[runlim] sample:		1589.95 time, 1590.02 real, 432 MB
[runlim] sample:		1599.95 time, 1600.02 real, 433 MB
[runlim] sample:		1609.95 time, 1610.02 real, 434 MB
[runlim] sample:		1619.95 time, 1620.02 real, 436 MB
[runlim] sample:		1629.94 time, 1630.02 real, 438 MB
[runlim] sample:		1639.94 time, 1640.02 real, 439 MB
[runlim] sample:		1649.94 time, 1650.02 real, 439 MB
[runlim] sample:		1659.95 time, 1660.02 real, 441 MB
[runlim] sample:		1669.95 time, 1670.02 real, 444 MB
[runlim] sample:		1679.95 time, 1680.02 real, 445 MB
[runlim] sample:		1689.95 time, 1690.02 real, 448 MB
[runlim] sample:		1699.95 time, 1700.02 real, 450 MB
[runlim] sample:		1709.95 time, 1710.02 real, 451 MB
[runlim] sample:		1719.95 time, 1720.02 real, 453 MB
[runlim] sample:		1729.95 time, 1730.02 real, 454 MB
[runlim] sample:		1739.95 time, 1740.02 real, 456 MB
[runlim] sample:		1749.94 time, 1750.02 real, 459 MB
[runlim] sample:		1759.94 time, 1760.02 real, 460 MB
[runlim] sample:		1769.95 time, 1770.02 real, 462 MB
[runlim] sample:		1779.94 time, 1780.02 real, 463 MB
[runlim] sample:		1789.95 time, 1790.02 real, 465 MB
[runlim] sample:		1799.94 time, 1800.02 real, 466 MB
[runlim] sample:		1809.94 time, 1810.02 real, 468 MB
[runlim] sample:		1819.95 time, 1820.02 real, 469 MB
[runlim] sample:		1829.94 time, 1830.02 real, 470 MB
[runlim] sample:		1839.94 time, 1840.02 real, 472 MB
[runlim] sample:		1849.95 time, 1850.02 real, 473 MB
[runlim] sample:		1859.94 time, 1860.02 real, 475 MB
[runlim] sample:		1869.95 time, 1870.02 real, 476 MB
[runlim] sample:		1879.94 time, 1880.02 real, 477 MB
[runlim] sample:		1889.94 time, 1890.02 real, 478 MB
[runlim] sample:		1899.94 time, 1900.02 real, 480 MB
[runlim] sample:		1909.95 time, 1910.02 real, 481 MB
[runlim] sample:		1919.94 time, 1920.02 real, 483 MB
[runlim] sample:		1929.95 time, 1930.02 real, 484 MB
[runlim] sample:		1939.95 time, 1940.02 real, 485 MB
[runlim] sample:		1949.94 time, 1950.02 real, 486 MB
[runlim] sample:		1959.95 time, 1960.02 real, 487 MB
[runlim] sample:		1969.95 time, 1970.02 real, 489 MB
[runlim] sample:		1979.94 time, 1980.02 real, 490 MB
[runlim] sample:		1989.95 time, 1990.02 real, 493 MB
[runlim] sample:		1999.95 time, 2000.02 real, 494 MB
[runlim] sample:		2009.94 time, 2010.02 real, 495 MB
[runlim] sample:		2019.94 time, 2020.02 real, 496 MB
[runlim] sample:		2029.94 time, 2030.02 real, 497 MB
[runlim] sample:		2039.94 time, 2040.02 real, 500 MB
[runlim] sample:		2049.94 time, 2050.02 real, 501 MB
[runlim] sample:		2059.94 time, 2060.02 real, 502 MB
[runlim] sample:		2069.94 time, 2070.02 real, 503 MB
[runlim] sample:		2079.94 time, 2080.02 real, 504 MB
[runlim] sample:		2089.94 time, 2090.02 real, 504 MB
[runlim] sample:		2099.94 time, 2100.02 real, 506 MB
[runlim] sample:		2109.94 time, 2110.02 real, 506 MB
[runlim] sample:		2119.94 time, 2120.02 real, 507 MB
[runlim] sample:		2129.94 time, 2130.02 real, 508 MB
[runlim] sample:		2139.94 time, 2140.02 real, 509 MB
[runlim] sample:		2149.94 time, 2150.02 real, 510 MB
[runlim] sample:		2159.94 time, 2160.02 real, 510 MB
[runlim] sample:		2169.94 time, 2170.02 real, 511 MB
[runlim] sample:		2179.94 time, 2180.02 real, 512 MB
[runlim] sample:		2189.94 time, 2190.02 real, 513 MB
[runlim] sample:		2199.93 time, 2200.02 real, 514 MB
[runlim] sample:		2209.94 time, 2210.02 real, 514 MB
[runlim] sample:		2219.94 time, 2220.02 real, 515 MB
[runlim] sample:		2229.94 time, 2230.02 real, 516 MB
[runlim] sample:		2239.93 time, 2240.02 real, 516 MB
[runlim] sample:		2249.94 time, 2250.02 real, 517 MB
[runlim] sample:		2259.93 time, 2260.02 real, 518 MB
[runlim] sample:		2269.93 time, 2270.02 real, 518 MB
[runlim] sample:		2279.94 time, 2280.02 real, 519 MB
[runlim] sample:		2289.93 time, 2290.02 real, 520 MB
[runlim] sample:		2299.94 time, 2300.02 real, 520 MB
[runlim] sample:		2309.93 time, 2310.02 real, 521 MB
[runlim] sample:		2319.93 time, 2320.02 real, 522 MB
[runlim] sample:		2329.93 time, 2330.02 real, 522 MB
[runlim] sample:		2339.93 time, 2340.02 real, 524 MB
[runlim] sample:		2349.94 time, 2350.02 real, 525 MB
[runlim] sample:		2359.93 time, 2360.02 real, 526 MB
[runlim] sample:		2369.93 time, 2370.02 real, 528 MB
[runlim] sample:		2379.93 time, 2380.02 real, 529 MB
[runlim] sample:		2389.93 time, 2390.02 real, 530 MB
[runlim] sample:		2399.93 time, 2400.02 real, 531 MB
[runlim] sample:		2409.93 time, 2410.02 real, 532 MB
[runlim] sample:		2419.93 time, 2420.02 real, 534 MB
[runlim] sample:		2429.93 time, 2430.02 real, 535 MB
[runlim] sample:		2439.94 time, 2440.02 real, 537 MB
[runlim] sample:		2449.94 time, 2450.02 real, 538 MB
[runlim] sample:		2459.94 time, 2460.02 real, 539 MB
[runlim] sample:		2469.93 time, 2470.02 real, 540 MB
[runlim] sample:		2479.93 time, 2480.02 real, 541 MB
[runlim] sample:		2489.93 time, 2490.02 real, 543 MB
[runlim] sample:		2499.93 time, 2500.02 real, 544 MB
[runlim] sample:		2509.93 time, 2510.02 real, 546 MB
[runlim] sample:		2519.93 time, 2520.02 real, 549 MB
[runlim] sample:		2529.93 time, 2530.02 real, 550 MB
[runlim] sample:		2539.93 time, 2540.02 real, 551 MB
[runlim] sample:		2549.93 time, 2550.02 real, 552 MB
[runlim] sample:		2559.93 time, 2560.02 real, 552 MB
[runlim] sample:		2569.93 time, 2570.02 real, 553 MB
[runlim] sample:		2579.93 time, 2580.02 real, 554 MB
[runlim] sample:		2589.93 time, 2590.02 real, 556 MB
[runlim] sample:		2599.93 time, 2600.02 real, 557 MB
[runlim] sample:		2609.93 time, 2610.02 real, 559 MB
[runlim] sample:		2619.93 time, 2620.02 real, 561 MB
[runlim] sample:		2629.94 time, 2630.02 real, 563 MB
[runlim] sample:		2639.93 time, 2640.02 real, 564 MB
[runlim] sample:		2649.93 time, 2650.02 real, 566 MB
[runlim] sample:		2659.93 time, 2660.02 real, 567 MB
[runlim] sample:		2669.93 time, 2670.02 real, 569 MB
[runlim] sample:		2679.93 time, 2680.02 real, 570 MB
[runlim] sample:		2689.93 time, 2690.02 real, 571 MB
[runlim] sample:		2699.93 time, 2700.02 real, 573 MB
[runlim] end:			Thu Feb 27 10:48:55 2020
[runlim] status:		out of time
[runlim] result:		2
[runlim] children:		1
[runlim] real:			2700.11 seconds
[runlim] time:			2699.93 seconds
[runlim] space:			573 MB
[runlim] samples:		27000
