[runlim] version:		1.18
[runlim] host:			c3n15
[runlim] time limit:		2700 seconds
[runlim] real time limit:	2700 seconds
[runlim] space limit:		7000 MB
[runlim] argv[0]:		./binary
[runlim] argv[1]:		/data/cnf/ankit/Set1/stmt17_99_98.qdimacs
[runlim] start:			Thu Feb 27 10:03:54 2020
[runlim] child:			7270
[runlim] sample:		9.78 time, 10.02 real, 29 MB
[runlim] sample:		19.78 time, 20.02 real, 43 MB
[runlim] sample:		29.78 time, 30.02 real, 57 MB
[runlim] sample:		39.78 time, 40.02 real, 71 MB
[runlim] sample:		49.77 time, 50.02 real, 83 MB
[runlim] sample:		59.77 time, 60.02 real, 97 MB
[runlim] sample:		69.78 time, 70.02 real, 109 MB
[runlim] sample:		79.77 time, 80.02 real, 122 MB
[runlim] sample:		89.78 time, 90.02 real, 135 MB
[runlim] sample:		99.78 time, 100.02 real, 148 MB
[runlim] sample:		109.78 time, 110.02 real, 161 MB
[runlim] sample:		119.78 time, 120.02 real, 173 MB
[runlim] sample:		129.77 time, 130.02 real, 185 MB
[runlim] sample:		139.78 time, 140.02 real, 197 MB
[runlim] sample:		149.78 time, 150.02 real, 210 MB
[runlim] sample:		159.77 time, 160.02 real, 225 MB
[runlim] sample:		169.78 time, 170.02 real, 238 MB
[runlim] sample:		179.78 time, 180.02 real, 250 MB
[runlim] sample:		189.78 time, 190.02 real, 262 MB
[runlim] sample:		199.78 time, 200.02 real, 273 MB
[runlim] sample:		209.78 time, 210.02 real, 286 MB
[runlim] sample:		219.77 time, 220.02 real, 297 MB
[runlim] sample:		229.77 time, 230.02 real, 308 MB
[runlim] sample:		239.78 time, 240.02 real, 318 MB
[runlim] sample:		249.77 time, 250.02 real, 329 MB
[runlim] sample:		259.77 time, 260.02 real, 341 MB
[runlim] sample:		269.77 time, 270.02 real, 352 MB
[runlim] sample:		279.77 time, 280.02 real, 363 MB
[runlim] sample:		289.78 time, 290.02 real, 374 MB
[runlim] sample:		299.77 time, 300.02 real, 384 MB
[runlim] sample:		309.77 time, 310.02 real, 394 MB
[runlim] sample:		319.77 time, 320.02 real, 405 MB
[runlim] sample:		329.78 time, 330.02 real, 417 MB
[runlim] sample:		339.77 time, 340.02 real, 428 MB
[runlim] sample:		349.78 time, 350.02 real, 438 MB
[runlim] sample:		359.78 time, 360.02 real, 449 MB
[runlim] sample:		369.77 time, 370.02 real, 460 MB
[runlim] sample:		379.77 time, 380.02 real, 471 MB
[runlim] sample:		389.77 time, 390.02 real, 481 MB
[runlim] sample:		399.77 time, 400.02 real, 492 MB
[runlim] sample:		409.77 time, 410.02 real, 501 MB
[runlim] sample:		419.78 time, 420.02 real, 511 MB
[runlim] sample:		429.77 time, 430.02 real, 522 MB
[runlim] sample:		439.77 time, 440.02 real, 531 MB
[runlim] sample:		449.78 time, 450.02 real, 541 MB
[runlim] sample:		459.78 time, 460.02 real, 551 MB
[runlim] sample:		469.77 time, 470.02 real, 561 MB
[runlim] sample:		479.77 time, 480.02 real, 571 MB
[runlim] sample:		489.77 time, 490.02 real, 581 MB
[runlim] sample:		499.77 time, 500.02 real, 590 MB
[runlim] sample:		509.77 time, 510.02 real, 601 MB
[runlim] sample:		519.77 time, 520.02 real, 610 MB
[runlim] sample:		529.77 time, 530.02 real, 620 MB
[runlim] sample:		539.78 time, 540.02 real, 630 MB
[runlim] sample:		549.78 time, 550.02 real, 639 MB
[runlim] sample:		559.77 time, 560.02 real, 649 MB
[runlim] sample:		569.77 time, 570.02 real, 660 MB
[runlim] sample:		579.78 time, 580.02 real, 671 MB
[runlim] sample:		589.77 time, 590.02 real, 682 MB
[runlim] sample:		599.78 time, 600.02 real, 692 MB
[runlim] sample:		609.77 time, 610.02 real, 701 MB
[runlim] sample:		619.78 time, 620.02 real, 711 MB
[runlim] sample:		629.77 time, 630.02 real, 720 MB
[runlim] sample:		639.77 time, 640.02 real, 729 MB
[runlim] sample:		649.77 time, 650.02 real, 738 MB
[runlim] sample:		659.77 time, 660.02 real, 747 MB
[runlim] sample:		669.77 time, 670.02 real, 756 MB
[runlim] sample:		679.77 time, 680.02 real, 765 MB
[runlim] sample:		689.77 time, 690.02 real, 775 MB
[runlim] sample:		699.77 time, 700.02 real, 784 MB
[runlim] sample:		709.77 time, 710.02 real, 793 MB
[runlim] sample:		719.77 time, 720.02 real, 802 MB
[runlim] sample:		729.77 time, 730.02 real, 812 MB
[runlim] sample:		739.77 time, 740.02 real, 819 MB
[runlim] sample:		749.77 time, 750.02 real, 827 MB
[runlim] sample:		759.77 time, 760.02 real, 835 MB
[runlim] sample:		769.77 time, 770.02 real, 843 MB
[runlim] sample:		779.77 time, 780.02 real, 852 MB
[runlim] sample:		789.77 time, 790.02 real, 861 MB
[runlim] sample:		799.77 time, 800.02 real, 870 MB
[runlim] sample:		809.77 time, 810.02 real, 878 MB
[runlim] sample:		819.77 time, 820.02 real, 887 MB
[runlim] sample:		829.77 time, 830.02 real, 896 MB
[runlim] sample:		839.77 time, 840.02 real, 905 MB
[runlim] sample:		849.77 time, 850.02 real, 914 MB
[runlim] sample:		859.76 time, 860.02 real, 923 MB
[runlim] sample:		869.77 time, 870.02 real, 931 MB
[runlim] sample:		879.77 time, 880.02 real, 939 MB
[runlim] sample:		889.77 time, 890.02 real, 947 MB
[runlim] sample:		899.77 time, 900.02 real, 955 MB
[runlim] sample:		909.77 time, 910.02 real, 963 MB
[runlim] sample:		919.77 time, 920.02 real, 972 MB
[runlim] sample:		929.76 time, 930.02 real, 980 MB
[runlim] sample:		939.77 time, 940.02 real, 989 MB
[runlim] sample:		949.76 time, 950.02 real, 998 MB
[runlim] sample:		959.76 time, 960.02 real, 1005 MB
[runlim] sample:		969.77 time, 970.02 real, 1013 MB
[runlim] sample:		979.76 time, 980.02 real, 1021 MB
[runlim] sample:		989.76 time, 990.02 real, 1028 MB
[runlim] sample:		999.76 time, 1000.02 real, 1035 MB
[runlim] sample:		1009.76 time, 1010.02 real, 1043 MB
[runlim] sample:		1019.76 time, 1020.02 real, 1051 MB
[runlim] sample:		1029.76 time, 1030.02 real, 1060 MB
[runlim] sample:		1039.76 time, 1040.02 real, 1068 MB
[runlim] sample:		1049.76 time, 1050.02 real, 1075 MB
[runlim] sample:		1059.75 time, 1060.02 real, 1083 MB
[runlim] sample:		1069.76 time, 1070.02 real, 1091 MB
[runlim] sample:		1079.76 time, 1080.02 real, 1099 MB
[runlim] sample:		1089.76 time, 1090.02 real, 1108 MB
[runlim] sample:		1099.75 time, 1100.02 real, 1115 MB
[runlim] sample:		1109.76 time, 1110.02 real, 1122 MB
[runlim] sample:		1119.76 time, 1120.02 real, 1130 MB
[runlim] sample:		1129.75 time, 1130.02 real, 1137 MB
[runlim] sample:		1139.76 time, 1140.02 real, 1145 MB
[runlim] sample:		1149.75 time, 1150.02 real, 1152 MB
[runlim] sample:		1159.75 time, 1160.02 real, 1159 MB
[runlim] sample:		1169.76 time, 1170.02 real, 1166 MB
[runlim] sample:		1179.75 time, 1180.02 real, 1173 MB
[runlim] sample:		1189.76 time, 1190.02 real, 1180 MB
[runlim] sample:		1199.75 time, 1200.02 real, 1187 MB
[runlim] sample:		1209.76 time, 1210.02 real, 1194 MB
[runlim] sample:		1219.75 time, 1220.02 real, 1202 MB
[runlim] sample:		1229.75 time, 1230.02 real, 1209 MB
[runlim] sample:		1239.75 time, 1240.02 real, 1216 MB
[runlim] sample:		1249.75 time, 1250.02 real, 1224 MB
[runlim] sample:		1259.75 time, 1260.02 real, 1231 MB
[runlim] sample:		1269.75 time, 1270.02 real, 1239 MB
[runlim] sample:		1279.75 time, 1280.02 real, 1246 MB
[runlim] sample:		1289.75 time, 1290.02 real, 1253 MB
[runlim] sample:		1299.75 time, 1300.02 real, 1261 MB
[runlim] sample:		1309.76 time, 1310.02 real, 1269 MB
[runlim] sample:		1319.76 time, 1320.02 real, 1275 MB
[runlim] sample:		1329.75 time, 1330.02 real, 1283 MB
[runlim] sample:		1339.75 time, 1340.02 real, 1289 MB
[runlim] sample:		1349.75 time, 1350.02 real, 1296 MB
[runlim] sample:		1359.75 time, 1360.02 real, 1304 MB
[runlim] sample:		1369.75 time, 1370.02 real, 1311 MB
[runlim] sample:		1379.76 time, 1380.02 real, 1318 MB
[runlim] sample:		1389.75 time, 1390.02 real, 1324 MB
[runlim] sample:		1399.75 time, 1400.02 real, 1332 MB
[runlim] sample:		1409.75 time, 1410.02 real, 1339 MB
[runlim] sample:		1419.75 time, 1420.02 real, 1346 MB
[runlim] sample:		1429.75 time, 1430.02 real, 1353 MB
[runlim] sample:		1439.75 time, 1440.02 real, 1360 MB
[runlim] sample:		1449.75 time, 1450.02 real, 1367 MB
[runlim] sample:		1459.75 time, 1460.02 real, 1373 MB
[runlim] sample:		1469.75 time, 1470.02 real, 1380 MB
[runlim] sample:		1479.75 time, 1480.02 real, 1387 MB
[runlim] sample:		1489.75 time, 1490.02 real, 1397 MB
[runlim] sample:		1499.74 time, 1500.02 real, 1403 MB
[runlim] sample:		1509.75 time, 1510.02 real, 1410 MB
[runlim] sample:		1519.75 time, 1520.02 real, 1417 MB
[runlim] sample:		1529.75 time, 1530.02 real, 1423 MB
[runlim] sample:		1539.75 time, 1540.02 real, 1429 MB
[runlim] sample:		1549.75 time, 1550.02 real, 1435 MB
[runlim] sample:		1559.75 time, 1560.02 real, 1441 MB
[runlim] sample:		1569.75 time, 1570.02 real, 1448 MB
[runlim] sample:		1579.75 time, 1580.02 real, 1454 MB
[runlim] sample:		1589.74 time, 1590.02 real, 1462 MB
[runlim] sample:		1599.75 time, 1600.02 real, 1468 MB
[runlim] sample:		1609.74 time, 1610.02 real, 1475 MB
[runlim] sample:		1619.75 time, 1620.02 real, 1483 MB
[runlim] sample:		1629.74 time, 1630.02 real, 1492 MB
[runlim] sample:		1639.75 time, 1640.02 real, 1499 MB
[runlim] sample:		1649.75 time, 1650.02 real, 1507 MB
[runlim] sample:		1659.75 time, 1660.02 real, 1514 MB
[runlim] sample:		1669.74 time, 1670.02 real, 1521 MB
[runlim] sample:		1679.75 time, 1680.02 real, 1528 MB
[runlim] sample:		1689.75 time, 1690.02 real, 1534 MB
[runlim] sample:		1699.74 time, 1700.02 real, 1541 MB
[runlim] sample:		1709.74 time, 1710.02 real, 1548 MB
[runlim] sample:		1719.74 time, 1720.02 real, 1555 MB
[runlim] sample:		1729.75 time, 1730.02 real, 1562 MB
[runlim] sample:		1739.74 time, 1740.02 real, 1568 MB
[runlim] sample:		1749.75 time, 1750.02 real, 1575 MB
[runlim] sample:		1759.74 time, 1760.02 real, 1581 MB
[runlim] sample:		1769.74 time, 1770.02 real, 1587 MB
[runlim] sample:		1779.74 time, 1780.02 real, 1593 MB
[runlim] sample:		1789.75 time, 1790.02 real, 1600 MB
[runlim] sample:		1799.74 time, 1800.02 real, 1607 MB
[runlim] sample:		1809.74 time, 1810.02 real, 1614 MB
[runlim] sample:		1819.74 time, 1820.02 real, 1620 MB
[runlim] sample:		1829.74 time, 1830.02 real, 1626 MB
[runlim] sample:		1839.74 time, 1840.02 real, 1632 MB
[runlim] sample:		1849.74 time, 1850.02 real, 1638 MB
[runlim] sample:		1859.74 time, 1860.02 real, 1644 MB
[runlim] sample:		1869.74 time, 1870.02 real, 1651 MB
[runlim] sample:		1879.74 time, 1880.02 real, 1657 MB
[runlim] sample:		1889.74 time, 1890.02 real, 1663 MB
[runlim] sample:		1899.74 time, 1900.02 real, 1669 MB
[runlim] sample:		1909.74 time, 1910.02 real, 1675 MB
[runlim] sample:		1919.74 time, 1920.02 real, 1681 MB
[runlim] sample:		1929.74 time, 1930.02 real, 1688 MB
[runlim] sample:		1939.74 time, 1940.02 real, 1694 MB
[runlim] sample:		1949.73 time, 1950.02 real, 1700 MB
[runlim] sample:		1959.73 time, 1960.02 real, 1706 MB
[runlim] sample:		1969.73 time, 1970.02 real, 1712 MB
[runlim] sample:		1979.74 time, 1980.02 real, 1718 MB
[runlim] sample:		1989.73 time, 1990.02 real, 1724 MB
[runlim] sample:		1999.74 time, 2000.02 real, 1732 MB
[runlim] sample:		2009.74 time, 2010.02 real, 1737 MB
[runlim] sample:		2019.74 time, 2020.02 real, 1745 MB
[runlim] sample:		2029.74 time, 2030.02 real, 1751 MB
[runlim] sample:		2039.74 time, 2040.02 real, 1757 MB
[runlim] sample:		2049.74 time, 2050.02 real, 1764 MB
[runlim] sample:		2059.74 time, 2060.02 real, 1770 MB
[runlim] sample:		2069.74 time, 2070.02 real, 1776 MB
[runlim] sample:		2079.73 time, 2080.02 real, 1782 MB
[runlim] sample:		2089.73 time, 2090.02 real, 1788 MB
[runlim] sample:		2099.74 time, 2100.02 real, 1794 MB
[runlim] sample:		2109.73 time, 2110.02 real, 1800 MB
[runlim] sample:		2119.74 time, 2120.02 real, 1806 MB
[runlim] sample:		2129.74 time, 2130.02 real, 1812 MB
[runlim] sample:		2139.74 time, 2140.02 real, 1817 MB
[runlim] sample:		2149.73 time, 2150.02 real, 1824 MB
[runlim] sample:		2159.74 time, 2160.02 real, 1830 MB
[runlim] sample:		2169.74 time, 2170.02 real, 1836 MB
[runlim] sample:		2179.73 time, 2180.02 real, 1843 MB
[runlim] sample:		2189.73 time, 2190.02 real, 1849 MB
[runlim] sample:		2199.73 time, 2200.02 real, 1855 MB
[runlim] sample:		2209.73 time, 2210.02 real, 1860 MB
[runlim] sample:		2219.73 time, 2220.02 real, 1866 MB
[runlim] sample:		2229.73 time, 2230.02 real, 1871 MB
[runlim] sample:		2239.73 time, 2240.02 real, 1877 MB
[runlim] sample:		2249.73 time, 2250.02 real, 1882 MB
[runlim] sample:		2259.74 time, 2260.02 real, 1889 MB
[runlim] sample:		2269.73 time, 2270.02 real, 1895 MB
[runlim] sample:		2279.73 time, 2280.02 real, 1900 MB
[runlim] sample:		2289.73 time, 2290.02 real, 1909 MB
[runlim] sample:		2299.73 time, 2300.02 real, 1915 MB
[runlim] sample:		2309.73 time, 2310.02 real, 1920 MB
[runlim] sample:		2319.73 time, 2320.02 real, 1926 MB
[runlim] sample:		2329.73 time, 2330.02 real, 1932 MB
[runlim] sample:		2339.73 time, 2340.02 real, 1938 MB
[runlim] sample:		2349.73 time, 2350.02 real, 1944 MB
[runlim] sample:		2359.73 time, 2360.02 real, 1950 MB
[runlim] sample:		2369.74 time, 2370.02 real, 1955 MB
[runlim] sample:		2379.74 time, 2380.02 real, 1960 MB
[runlim] sample:		2389.73 time, 2390.02 real, 1966 MB
[runlim] sample:		2399.73 time, 2400.02 real, 1972 MB
[runlim] sample:		2409.74 time, 2410.02 real, 1977 MB
[runlim] sample:		2419.73 time, 2420.02 real, 1985 MB
[runlim] sample:		2429.74 time, 2430.02 real, 1991 MB
[runlim] sample:		2439.73 time, 2440.02 real, 1997 MB
[runlim] sample:		2449.73 time, 2450.02 real, 2002 MB
[runlim] sample:		2459.73 time, 2460.02 real, 2008 MB
[runlim] sample:		2469.73 time, 2470.02 real, 2013 MB
[runlim] sample:		2479.73 time, 2480.02 real, 2019 MB
[runlim] sample:		2489.73 time, 2490.02 real, 2026 MB
[runlim] sample:		2499.73 time, 2500.02 real, 2032 MB
[runlim] sample:		2509.73 time, 2510.02 real, 2037 MB
[runlim] sample:		2519.73 time, 2520.02 real, 2043 MB
[runlim] sample:		2529.73 time, 2530.02 real, 2049 MB
[runlim] sample:		2539.73 time, 2540.02 real, 2055 MB
[runlim] sample:		2549.73 time, 2550.02 real, 2060 MB
[runlim] sample:		2559.73 time, 2560.02 real, 2066 MB
[runlim] sample:		2569.73 time, 2570.02 real, 2072 MB
[runlim] sample:		2579.73 time, 2580.02 real, 2076 MB
[runlim] sample:		2589.72 time, 2590.02 real, 2081 MB
[runlim] sample:		2599.73 time, 2600.02 real, 2089 MB
[runlim] sample:		2609.72 time, 2610.02 real, 2094 MB
[runlim] sample:		2619.73 time, 2620.02 real, 2099 MB
[runlim] sample:		2629.73 time, 2630.02 real, 2104 MB
[runlim] sample:		2639.73 time, 2640.02 real, 2110 MB
[runlim] sample:		2649.73 time, 2650.02 real, 2115 MB
[runlim] sample:		2659.73 time, 2660.02 real, 2120 MB
[runlim] sample:		2669.73 time, 2670.02 real, 2125 MB
[runlim] sample:		2679.72 time, 2680.02 real, 2133 MB
[runlim] sample:		2689.73 time, 2690.02 real, 2140 MB
[runlim] sample:		2699.72 time, 2700.02 real, 2146 MB
[runlim] end:			Thu Feb 27 10:48:54 2020
[runlim] status:		out of time
[runlim] result:		2
[runlim] children:		1
[runlim] real:			2700.15 seconds
[runlim] time:			2699.72 seconds
[runlim] space:			2146 MB
[runlim] samples:		27000
