[runlim] version:		1.18
[runlim] host:			c3n14
[runlim] time limit:		2700 seconds
[runlim] real time limit:	2700 seconds
[runlim] space limit:		7000 MB
[runlim] argv[0]:		./binary
[runlim] argv[1]:		/data/cnf/ankit/Set1/stmt16_0_1.qdimacs
[runlim] start:			Thu Feb 27 10:03:56 2020
[runlim] child:			9873
[runlim] sample:		10.00 time, 10.02 real, 26 MB
[runlim] sample:		20.00 time, 20.02 real, 34 MB
[runlim] sample:		30.00 time, 30.02 real, 53 MB
[runlim] end:			Thu Feb 27 10:04:27 2020
[runlim] status:		ok
[runlim] result:		0
[runlim] children:		1
[runlim] real:			31.38 seconds
[runlim] time:			31.30 seconds
[runlim] space:			54 MB
[runlim] samples:		313
