[runlim] version:		1.18
[runlim] host:			c3n14
[runlim] time limit:		2700 seconds
[runlim] real time limit:	2700 seconds
[runlim] space limit:		7000 MB
[runlim] argv[0]:		./binary
[runlim] argv[1]:		/data/cnf/ankit/Set1/stmt16_68_69.qdimacs
[runlim] start:			Thu Feb 27 10:03:56 2020
[runlim] child:			9944
[runlim] sample:		10.00 time, 10.02 real, 29 MB
[runlim] sample:		20.00 time, 20.02 real, 42 MB
[runlim] sample:		30.00 time, 30.02 real, 55 MB
[runlim] sample:		40.00 time, 40.02 real, 69 MB
[runlim] sample:		50.00 time, 50.02 real, 81 MB
[runlim] sample:		60.00 time, 60.02 real, 94 MB
[runlim] sample:		70.00 time, 70.02 real, 107 MB
[runlim] sample:		80.00 time, 80.02 real, 120 MB
[runlim] sample:		90.00 time, 90.02 real, 133 MB
[runlim] sample:		100.00 time, 100.02 real, 146 MB
[runlim] sample:		110.00 time, 110.02 real, 159 MB
[runlim] sample:		119.99 time, 120.02 real, 172 MB
[runlim] sample:		130.00 time, 130.02 real, 184 MB
[runlim] sample:		140.00 time, 140.02 real, 197 MB
[runlim] sample:		150.00 time, 150.02 real, 211 MB
[runlim] sample:		160.00 time, 160.02 real, 226 MB
[runlim] sample:		170.00 time, 170.02 real, 239 MB
[runlim] sample:		179.99 time, 180.02 real, 252 MB
[runlim] sample:		190.00 time, 190.02 real, 264 MB
[runlim] sample:		199.99 time, 200.02 real, 276 MB
[runlim] sample:		210.00 time, 210.02 real, 289 MB
[runlim] sample:		220.00 time, 220.02 real, 301 MB
[runlim] sample:		230.00 time, 230.02 real, 312 MB
[runlim] sample:		240.00 time, 240.02 real, 323 MB
[runlim] sample:		250.00 time, 250.02 real, 334 MB
[runlim] sample:		260.00 time, 260.02 real, 347 MB
[runlim] sample:		270.00 time, 270.02 real, 358 MB
[runlim] sample:		279.99 time, 280.02 real, 369 MB
[runlim] sample:		290.00 time, 290.02 real, 380 MB
[runlim] sample:		300.00 time, 300.02 real, 391 MB
[runlim] sample:		310.00 time, 310.02 real, 402 MB
[runlim] sample:		320.00 time, 320.02 real, 415 MB
[runlim] sample:		330.00 time, 330.02 real, 427 MB
[runlim] sample:		339.99 time, 340.02 real, 438 MB
[runlim] sample:		349.99 time, 350.02 real, 449 MB
[runlim] sample:		359.99 time, 360.02 real, 461 MB
[runlim] sample:		369.99 time, 370.02 real, 472 MB
[runlim] sample:		380.00 time, 380.02 real, 483 MB
[runlim] sample:		389.99 time, 390.02 real, 494 MB
[runlim] sample:		400.00 time, 400.02 real, 504 MB
[runlim] sample:		409.99 time, 410.02 real, 515 MB
[runlim] sample:		419.99 time, 420.02 real, 526 MB
[runlim] sample:		429.99 time, 430.02 real, 536 MB
[runlim] sample:		440.00 time, 440.02 real, 547 MB
[runlim] sample:		450.00 time, 450.02 real, 557 MB
[runlim] sample:		460.00 time, 460.02 real, 569 MB
[runlim] sample:		469.99 time, 470.02 real, 579 MB
[runlim] sample:		479.99 time, 480.02 real, 589 MB
[runlim] sample:		490.00 time, 490.02 real, 600 MB
[runlim] sample:		500.00 time, 500.02 real, 611 MB
[runlim] sample:		509.99 time, 510.02 real, 621 MB
[runlim] sample:		520.00 time, 520.02 real, 631 MB
[runlim] sample:		529.99 time, 530.02 real, 641 MB
[runlim] sample:		539.99 time, 540.02 real, 652 MB
[runlim] sample:		549.99 time, 550.02 real, 664 MB
[runlim] sample:		559.99 time, 560.02 real, 675 MB
[runlim] sample:		569.99 time, 570.02 real, 687 MB
[runlim] sample:		579.99 time, 580.02 real, 697 MB
[runlim] sample:		590.00 time, 590.02 real, 707 MB
[runlim] sample:		599.99 time, 600.02 real, 717 MB
[runlim] sample:		610.00 time, 610.02 real, 727 MB
[runlim] sample:		619.99 time, 620.02 real, 736 MB
[runlim] sample:		630.00 time, 630.02 real, 746 MB
[runlim] sample:		640.00 time, 640.02 real, 756 MB
[runlim] sample:		650.00 time, 650.02 real, 765 MB
[runlim] sample:		659.99 time, 660.02 real, 776 MB
[runlim] sample:		669.99 time, 670.02 real, 785 MB
[runlim] sample:		680.00 time, 680.02 real, 795 MB
[runlim] sample:		689.99 time, 690.02 real, 806 MB
[runlim] sample:		700.00 time, 700.02 real, 815 MB
[runlim] sample:		709.99 time, 710.02 real, 823 MB
[runlim] sample:		719.99 time, 720.02 real, 831 MB
[runlim] sample:		730.00 time, 730.02 real, 840 MB
[runlim] sample:		740.00 time, 740.02 real, 849 MB
[runlim] sample:		749.99 time, 750.02 real, 859 MB
[runlim] sample:		759.99 time, 760.02 real, 868 MB
[runlim] sample:		769.99 time, 770.02 real, 877 MB
[runlim] sample:		779.99 time, 780.02 real, 886 MB
[runlim] sample:		789.99 time, 790.02 real, 896 MB
[runlim] sample:		799.99 time, 800.02 real, 905 MB
[runlim] sample:		810.00 time, 810.02 real, 915 MB
[runlim] sample:		819.99 time, 820.02 real, 925 MB
[runlim] sample:		829.99 time, 830.02 real, 934 MB
[runlim] sample:		839.99 time, 840.02 real, 942 MB
[runlim] sample:		850.00 time, 850.02 real, 950 MB
[runlim] sample:		859.99 time, 860.02 real, 959 MB
[runlim] sample:		869.99 time, 870.02 real, 968 MB
[runlim] sample:		880.00 time, 880.02 real, 977 MB
[runlim] sample:		890.00 time, 890.02 real, 986 MB
[runlim] sample:		899.99 time, 900.02 real, 996 MB
[runlim] sample:		910.00 time, 910.02 real, 1003 MB
[runlim] sample:		919.99 time, 920.02 real, 1012 MB
[runlim] sample:		929.99 time, 930.02 real, 1020 MB
[runlim] sample:		939.99 time, 940.02 real, 1028 MB
[runlim] sample:		950.00 time, 950.02 real, 1036 MB
[runlim] sample:		959.99 time, 960.02 real, 1044 MB
[runlim] sample:		969.99 time, 970.02 real, 1053 MB
[runlim] sample:		979.99 time, 980.02 real, 1063 MB
[runlim] sample:		989.99 time, 990.02 real, 1071 MB
[runlim] sample:		999.99 time, 1000.02 real, 1079 MB
[runlim] sample:		1009.99 time, 1010.02 real, 1088 MB
[runlim] sample:		1019.99 time, 1020.02 real, 1096 MB
[runlim] sample:		1029.99 time, 1030.02 real, 1104 MB
[runlim] sample:		1039.99 time, 1040.02 real, 1113 MB
[runlim] sample:		1049.99 time, 1050.02 real, 1121 MB
[runlim] sample:		1059.99 time, 1060.02 real, 1129 MB
[runlim] sample:		1069.99 time, 1070.02 real, 1137 MB
[runlim] sample:		1079.99 time, 1080.02 real, 1145 MB
[runlim] sample:		1089.99 time, 1090.02 real, 1153 MB
[runlim] sample:		1099.99 time, 1100.02 real, 1161 MB
[runlim] sample:		1109.99 time, 1110.02 real, 1169 MB
[runlim] sample:		1119.99 time, 1120.02 real, 1176 MB
[runlim] sample:		1129.99 time, 1130.02 real, 1184 MB
[runlim] sample:		1139.99 time, 1140.02 real, 1191 MB
[runlim] sample:		1149.98 time, 1150.02 real, 1200 MB
[runlim] sample:		1159.98 time, 1160.02 real, 1207 MB
[runlim] sample:		1169.99 time, 1170.02 real, 1214 MB
[runlim] sample:		1179.99 time, 1180.02 real, 1223 MB
[runlim] sample:		1189.99 time, 1190.02 real, 1231 MB
[runlim] sample:		1199.99 time, 1200.02 real, 1239 MB
[runlim] sample:		1209.99 time, 1210.02 real, 1247 MB
[runlim] sample:		1219.98 time, 1220.02 real, 1255 MB
[runlim] sample:		1229.98 time, 1230.02 real, 1263 MB
[runlim] sample:		1239.98 time, 1240.02 real, 1271 MB
[runlim] sample:		1249.99 time, 1250.02 real, 1278 MB
[runlim] sample:		1259.98 time, 1260.02 real, 1286 MB
[runlim] sample:		1269.99 time, 1270.02 real, 1293 MB
[runlim] sample:		1279.98 time, 1280.02 real, 1301 MB
[runlim] sample:		1289.98 time, 1290.02 real, 1309 MB
[runlim] sample:		1299.98 time, 1300.02 real, 1317 MB
[runlim] sample:		1309.98 time, 1310.02 real, 1324 MB
[runlim] sample:		1319.99 time, 1320.02 real, 1332 MB
[runlim] sample:		1329.98 time, 1330.02 real, 1340 MB
[runlim] sample:		1339.99 time, 1340.02 real, 1348 MB
[runlim] sample:		1349.98 time, 1350.02 real, 1355 MB
[runlim] sample:		1359.99 time, 1360.02 real, 1362 MB
[runlim] sample:		1369.98 time, 1370.02 real, 1370 MB
[runlim] sample:		1379.98 time, 1380.02 real, 1376 MB
[runlim] sample:		1389.98 time, 1390.02 real, 1385 MB
[runlim] sample:		1399.98 time, 1400.02 real, 1394 MB
[runlim] sample:		1409.99 time, 1410.02 real, 1401 MB
[runlim] sample:		1419.98 time, 1420.02 real, 1409 MB
[runlim] sample:		1429.99 time, 1430.02 real, 1416 MB
[runlim] sample:		1439.98 time, 1440.02 real, 1423 MB
[runlim] sample:		1449.98 time, 1450.02 real, 1429 MB
[runlim] sample:		1459.98 time, 1460.02 real, 1435 MB
[runlim] sample:		1469.98 time, 1470.02 real, 1442 MB
[runlim] sample:		1479.98 time, 1480.02 real, 1449 MB
[runlim] sample:		1489.98 time, 1490.02 real, 1456 MB
[runlim] sample:		1499.98 time, 1500.02 real, 1464 MB
[runlim] sample:		1509.98 time, 1510.02 real, 1470 MB
[runlim] sample:		1519.98 time, 1520.02 real, 1479 MB
[runlim] sample:		1529.98 time, 1530.02 real, 1487 MB
[runlim] sample:		1539.98 time, 1540.02 real, 1496 MB
[runlim] sample:		1549.98 time, 1550.02 real, 1505 MB
[runlim] sample:		1559.98 time, 1560.02 real, 1512 MB
[runlim] sample:		1569.98 time, 1570.02 real, 1520 MB
[runlim] sample:		1579.98 time, 1580.02 real, 1527 MB
[runlim] sample:		1589.98 time, 1590.02 real, 1534 MB
[runlim] sample:		1599.98 time, 1600.02 real, 1542 MB
[runlim] sample:		1609.98 time, 1610.02 real, 1549 MB
[runlim] sample:		1619.98 time, 1620.02 real, 1556 MB
[runlim] sample:		1629.98 time, 1630.02 real, 1564 MB
[runlim] sample:		1639.98 time, 1640.02 real, 1571 MB
[runlim] sample:		1649.98 time, 1650.02 real, 1578 MB
[runlim] sample:		1659.98 time, 1660.02 real, 1584 MB
[runlim] sample:		1669.98 time, 1670.02 real, 1591 MB
[runlim] sample:		1679.98 time, 1680.02 real, 1598 MB
[runlim] sample:		1689.98 time, 1690.02 real, 1605 MB
[runlim] sample:		1699.97 time, 1700.02 real, 1612 MB
[runlim] sample:		1709.97 time, 1710.02 real, 1619 MB
[runlim] sample:		1719.98 time, 1720.02 real, 1626 MB
[runlim] sample:		1729.98 time, 1730.02 real, 1632 MB
[runlim] sample:		1739.97 time, 1740.02 real, 1638 MB
[runlim] sample:		1749.98 time, 1750.02 real, 1645 MB
[runlim] sample:		1759.98 time, 1760.02 real, 1652 MB
[runlim] sample:		1769.98 time, 1770.02 real, 1658 MB
[runlim] sample:		1779.98 time, 1780.02 real, 1665 MB
[runlim] sample:		1789.98 time, 1790.02 real, 1671 MB
[runlim] sample:		1799.98 time, 1800.02 real, 1677 MB
[runlim] sample:		1809.98 time, 1810.02 real, 1685 MB
[runlim] sample:		1819.98 time, 1820.02 real, 1691 MB
[runlim] sample:		1829.98 time, 1830.02 real, 1697 MB
[runlim] sample:		1839.97 time, 1840.02 real, 1704 MB
[runlim] sample:		1849.98 time, 1850.02 real, 1710 MB
[runlim] sample:		1859.98 time, 1860.02 real, 1717 MB
[runlim] sample:		1869.98 time, 1870.02 real, 1723 MB
[runlim] sample:		1879.98 time, 1880.02 real, 1731 MB
[runlim] sample:		1889.97 time, 1890.02 real, 1738 MB
[runlim] sample:		1899.97 time, 1900.02 real, 1745 MB
[runlim] sample:		1909.98 time, 1910.02 real, 1752 MB
[runlim] sample:		1919.97 time, 1920.02 real, 1758 MB
[runlim] sample:		1929.98 time, 1930.02 real, 1765 MB
[runlim] sample:		1939.97 time, 1940.02 real, 1772 MB
[runlim] sample:		1949.98 time, 1950.02 real, 1779 MB
[runlim] sample:		1959.97 time, 1960.02 real, 1785 MB
[runlim] sample:		1969.98 time, 1970.02 real, 1791 MB
[runlim] sample:		1979.97 time, 1980.02 real, 1798 MB
[runlim] sample:		1989.97 time, 1990.02 real, 1804 MB
[runlim] sample:		1999.98 time, 2000.02 real, 1810 MB
[runlim] sample:		2009.97 time, 2010.02 real, 1815 MB
[runlim] sample:		2019.98 time, 2020.02 real, 1823 MB
[runlim] sample:		2029.98 time, 2030.02 real, 1828 MB
[runlim] sample:		2039.98 time, 2040.02 real, 1835 MB
[runlim] sample:		2049.97 time, 2050.02 real, 1842 MB
[runlim] sample:		2059.98 time, 2060.02 real, 1848 MB
[runlim] sample:		2069.97 time, 2070.02 real, 1855 MB
[runlim] sample:		2079.98 time, 2080.02 real, 1861 MB
[runlim] sample:		2089.98 time, 2090.02 real, 1866 MB
[runlim] sample:		2099.98 time, 2100.02 real, 1871 MB
[runlim] sample:		2109.97 time, 2110.02 real, 1877 MB
[runlim] sample:		2119.97 time, 2120.02 real, 1883 MB
[runlim] sample:		2129.98 time, 2130.02 real, 1890 MB
[runlim] sample:		2139.98 time, 2140.02 real, 1896 MB
[runlim] sample:		2149.98 time, 2150.02 real, 1902 MB
[runlim] sample:		2159.97 time, 2160.02 real, 1910 MB
[runlim] sample:		2169.98 time, 2170.02 real, 1916 MB
[runlim] sample:		2179.97 time, 2180.02 real, 1922 MB
[runlim] sample:		2189.98 time, 2190.02 real, 1928 MB
[runlim] sample:		2199.98 time, 2200.02 real, 1934 MB
[runlim] sample:		2209.98 time, 2210.02 real, 1941 MB
[runlim] sample:		2219.97 time, 2220.02 real, 1946 MB
[runlim] sample:		2229.97 time, 2230.02 real, 1952 MB
[runlim] sample:		2239.97 time, 2240.02 real, 1958 MB
[runlim] sample:		2249.97 time, 2250.02 real, 1964 MB
[runlim] sample:		2259.98 time, 2260.02 real, 1969 MB
[runlim] sample:		2269.98 time, 2270.02 real, 1976 MB
[runlim] sample:		2279.98 time, 2280.02 real, 1984 MB
[runlim] sample:		2289.98 time, 2290.02 real, 1990 MB
[runlim] sample:		2299.98 time, 2300.02 real, 1996 MB
[runlim] sample:		2309.97 time, 2310.02 real, 2001 MB
[runlim] sample:		2319.97 time, 2320.02 real, 2007 MB
[runlim] sample:		2329.98 time, 2330.02 real, 2013 MB
[runlim] sample:		2339.97 time, 2340.02 real, 2019 MB
[runlim] sample:		2349.97 time, 2350.02 real, 2026 MB
[runlim] sample:		2359.98 time, 2360.02 real, 2032 MB
[runlim] sample:		2369.97 time, 2370.02 real, 2038 MB
[runlim] sample:		2379.97 time, 2380.02 real, 2044 MB
[runlim] sample:		2389.97 time, 2390.02 real, 2050 MB
[runlim] sample:		2399.97 time, 2400.02 real, 2056 MB
[runlim] sample:		2409.97 time, 2410.02 real, 2061 MB
[runlim] sample:		2419.97 time, 2420.02 real, 2068 MB
[runlim] sample:		2429.97 time, 2430.02 real, 2073 MB
[runlim] sample:		2439.97 time, 2440.02 real, 2078 MB
[runlim] sample:		2449.98 time, 2450.02 real, 2086 MB
[runlim] sample:		2459.98 time, 2460.02 real, 2092 MB
[runlim] sample:		2469.98 time, 2470.02 real, 2097 MB
[runlim] sample:		2479.97 time, 2480.02 real, 2102 MB
[runlim] sample:		2489.97 time, 2490.02 real, 2107 MB
[runlim] sample:		2499.97 time, 2500.02 real, 2113 MB
[runlim] sample:		2509.97 time, 2510.02 real, 2118 MB
[runlim] sample:		2519.97 time, 2520.02 real, 2123 MB
[runlim] sample:		2529.97 time, 2530.02 real, 2132 MB
[runlim] sample:		2539.97 time, 2540.02 real, 2139 MB
[runlim] sample:		2549.97 time, 2550.02 real, 2145 MB
[runlim] sample:		2559.97 time, 2560.02 real, 2151 MB
[runlim] sample:		2569.97 time, 2570.02 real, 2156 MB
[runlim] sample:		2579.97 time, 2580.02 real, 2162 MB
[runlim] sample:		2589.97 time, 2590.02 real, 2167 MB
[runlim] sample:		2599.97 time, 2600.02 real, 2173 MB
[runlim] sample:		2609.97 time, 2610.02 real, 2178 MB
[runlim] sample:		2619.97 time, 2620.02 real, 2185 MB
[runlim] sample:		2629.97 time, 2630.02 real, 2191 MB
[runlim] sample:		2639.97 time, 2640.02 real, 2198 MB
[runlim] sample:		2649.97 time, 2650.02 real, 2204 MB
[runlim] sample:		2659.97 time, 2660.02 real, 2210 MB
[runlim] sample:		2669.97 time, 2670.02 real, 2216 MB
[runlim] sample:		2679.97 time, 2680.02 real, 2223 MB
[runlim] sample:		2689.97 time, 2690.02 real, 2230 MB
[runlim] sample:		2699.97 time, 2700.02 real, 2237 MB
[runlim] end:			Thu Feb 27 10:48:56 2020
[runlim] status:		out of time
[runlim] result:		2
[runlim] children:		1
[runlim] real:			2700.13 seconds
[runlim] time:			2699.97 seconds
[runlim] space:			2237 MB
[runlim] samples:		27000
