[runlim] version:		1.18
[runlim] host:			c3n08
[runlim] time limit:		2700 seconds
[runlim] real time limit:	2700 seconds
[runlim] space limit:		7000 MB
[runlim] argv[0]:		./binary
[runlim] argv[1]:		/data/cnf/ankit/E1-A1-instances/2qbf-5cnf-150var-300cl.1.qdimacs
[runlim] start:			Sat Feb 29 07:12:51 2020
[runlim] child:			24035
[runlim] sample:		9.89 time, 10.02 real, 59 MB
[runlim] sample:		19.90 time, 20.02 real, 85 MB
[runlim] sample:		29.89 time, 30.02 real, 110 MB
[runlim] sample:		39.90 time, 40.02 real, 110 MB
[runlim] sample:		49.90 time, 50.02 real, 110 MB
[runlim] sample:		59.90 time, 60.02 real, 110 MB
[runlim] sample:		69.90 time, 70.02 real, 110 MB
[runlim] sample:		79.89 time, 80.02 real, 131 MB
[runlim] sample:		89.90 time, 90.02 real, 146 MB
[runlim] sample:		99.90 time, 100.02 real, 146 MB
[runlim] sample:		109.90 time, 110.02 real, 146 MB
[runlim] sample:		119.90 time, 120.02 real, 146 MB
[runlim] sample:		129.90 time, 130.02 real, 146 MB
[runlim] sample:		139.90 time, 140.02 real, 146 MB
[runlim] sample:		149.90 time, 150.02 real, 146 MB
[runlim] sample:		159.90 time, 160.02 real, 146 MB
[runlim] sample:		169.90 time, 170.02 real, 146 MB
[runlim] sample:		179.90 time, 180.02 real, 146 MB
[runlim] sample:		189.90 time, 190.02 real, 147 MB
[runlim] sample:		199.90 time, 200.02 real, 147 MB
[runlim] sample:		209.90 time, 210.02 real, 148 MB
[runlim] sample:		219.90 time, 220.02 real, 148 MB
[runlim] sample:		229.90 time, 230.02 real, 150 MB
[runlim] sample:		239.89 time, 240.02 real, 152 MB
[runlim] sample:		249.89 time, 250.02 real, 154 MB
[runlim] sample:		259.89 time, 260.02 real, 158 MB
[runlim] sample:		269.90 time, 270.02 real, 159 MB
[runlim] sample:		279.90 time, 280.02 real, 161 MB
[runlim] sample:		289.90 time, 290.02 real, 163 MB
[runlim] sample:		299.90 time, 300.02 real, 165 MB
[runlim] sample:		309.90 time, 310.02 real, 166 MB
[runlim] sample:		319.90 time, 320.02 real, 231 MB
[runlim] sample:		329.90 time, 330.02 real, 231 MB
[runlim] sample:		339.90 time, 340.02 real, 231 MB
[runlim] sample:		349.96 time, 350.08 real, 231 MB
[runlim] sample:		360.00 time, 360.12 real, 231 MB
[runlim] sample:		370.00 time, 370.12 real, 231 MB
[runlim] sample:		380.00 time, 380.12 real, 231 MB
[runlim] sample:		390.00 time, 390.12 real, 231 MB
[runlim] sample:		400.00 time, 400.12 real, 231 MB
[runlim] sample:		410.00 time, 410.12 real, 231 MB
[runlim] sample:		420.00 time, 420.12 real, 231 MB
[runlim] sample:		430.00 time, 430.12 real, 231 MB
[runlim] sample:		440.00 time, 440.12 real, 231 MB
[runlim] sample:		450.20 time, 450.32 real, 231 MB
[runlim] sample:		460.20 time, 460.32 real, 232 MB
[runlim] sample:		470.20 time, 470.32 real, 232 MB
[runlim] sample:		480.20 time, 480.32 real, 232 MB
[runlim] sample:		490.20 time, 490.32 real, 232 MB
[runlim] sample:		500.20 time, 500.32 real, 232 MB
[runlim] sample:		510.20 time, 510.32 real, 232 MB
[runlim] sample:		520.20 time, 520.32 real, 232 MB
[runlim] sample:		530.20 time, 530.32 real, 232 MB
[runlim] sample:		540.20 time, 540.32 real, 232 MB
[runlim] sample:		550.20 time, 550.32 real, 232 MB
[runlim] sample:		560.20 time, 560.32 real, 232 MB
[runlim] sample:		570.20 time, 570.32 real, 232 MB
[runlim] sample:		580.20 time, 580.32 real, 232 MB
[runlim] sample:		590.20 time, 590.32 real, 232 MB
[runlim] sample:		600.23 time, 600.35 real, 232 MB
[runlim] sample:		610.20 time, 610.32 real, 232 MB
[runlim] sample:		620.20 time, 620.32 real, 232 MB
[runlim] sample:		630.20 time, 630.32 real, 232 MB
[runlim] sample:		640.20 time, 640.32 real, 232 MB
[runlim] sample:		650.20 time, 650.32 real, 233 MB
[runlim] sample:		660.20 time, 660.32 real, 233 MB
[runlim] sample:		670.20 time, 670.32 real, 233 MB
[runlim] sample:		680.20 time, 680.32 real, 233 MB
[runlim] sample:		690.20 time, 690.32 real, 233 MB
[runlim] sample:		700.20 time, 700.32 real, 233 MB
[runlim] sample:		710.20 time, 710.32 real, 233 MB
[runlim] sample:		720.20 time, 720.32 real, 233 MB
[runlim] sample:		730.20 time, 730.32 real, 233 MB
[runlim] sample:		740.20 time, 740.32 real, 233 MB
[runlim] sample:		750.20 time, 750.32 real, 233 MB
[runlim] sample:		760.20 time, 760.32 real, 233 MB
[runlim] sample:		770.20 time, 770.32 real, 236 MB
[runlim] sample:		780.20 time, 780.32 real, 236 MB
[runlim] sample:		790.20 time, 790.32 real, 236 MB
[runlim] sample:		800.20 time, 800.32 real, 237 MB
[runlim] sample:		810.20 time, 810.32 real, 238 MB
[runlim] sample:		820.20 time, 820.32 real, 239 MB
[runlim] sample:		830.20 time, 830.32 real, 241 MB
[runlim] sample:		840.19 time, 840.32 real, 242 MB
[runlim] sample:		850.19 time, 850.32 real, 243 MB
[runlim] sample:		860.19 time, 860.32 real, 244 MB
[runlim] sample:		870.20 time, 870.32 real, 334 MB
[runlim] sample:		880.20 time, 880.32 real, 342 MB
[runlim] sample:		890.20 time, 890.32 real, 342 MB
[runlim] sample:		900.20 time, 900.32 real, 342 MB
[runlim] sample:		910.20 time, 910.32 real, 342 MB
[runlim] sample:		920.20 time, 920.32 real, 342 MB
[runlim] sample:		930.20 time, 930.32 real, 342 MB
[runlim] sample:		940.20 time, 940.32 real, 342 MB
[runlim] sample:		950.20 time, 950.32 real, 342 MB
[runlim] sample:		960.20 time, 960.32 real, 342 MB
[runlim] sample:		970.20 time, 970.32 real, 342 MB
[runlim] sample:		980.20 time, 980.32 real, 342 MB
[runlim] sample:		990.20 time, 990.32 real, 342 MB
[runlim] sample:		1000.20 time, 1000.32 real, 342 MB
[runlim] sample:		1010.20 time, 1010.32 real, 342 MB
[runlim] sample:		1020.20 time, 1020.32 real, 342 MB
[runlim] sample:		1030.20 time, 1030.32 real, 342 MB
[runlim] sample:		1040.20 time, 1040.32 real, 342 MB
[runlim] sample:		1050.20 time, 1050.32 real, 342 MB
[runlim] sample:		1060.20 time, 1060.32 real, 342 MB
[runlim] sample:		1070.20 time, 1070.32 real, 342 MB
[runlim] sample:		1080.20 time, 1080.32 real, 342 MB
[runlim] sample:		1090.20 time, 1090.32 real, 342 MB
[runlim] sample:		1100.20 time, 1100.32 real, 342 MB
[runlim] sample:		1110.20 time, 1110.32 real, 342 MB
[runlim] sample:		1120.20 time, 1120.32 real, 342 MB
[runlim] sample:		1130.20 time, 1130.32 real, 342 MB
[runlim] sample:		1140.20 time, 1140.32 real, 342 MB
[runlim] sample:		1150.20 time, 1150.32 real, 342 MB
[runlim] sample:		1160.20 time, 1160.32 real, 342 MB
[runlim] sample:		1170.20 time, 1170.32 real, 342 MB
[runlim] sample:		1180.20 time, 1180.32 real, 342 MB
[runlim] sample:		1190.20 time, 1190.32 real, 342 MB
[runlim] sample:		1200.20 time, 1200.32 real, 342 MB
[runlim] sample:		1210.20 time, 1210.32 real, 342 MB
[runlim] sample:		1220.20 time, 1220.32 real, 342 MB
[runlim] sample:		1230.20 time, 1230.32 real, 342 MB
[runlim] sample:		1240.20 time, 1240.32 real, 342 MB
[runlim] sample:		1250.20 time, 1250.32 real, 342 MB
[runlim] sample:		1260.20 time, 1260.32 real, 342 MB
[runlim] sample:		1270.20 time, 1270.32 real, 342 MB
[runlim] sample:		1280.20 time, 1280.32 real, 342 MB
[runlim] sample:		1290.20 time, 1290.32 real, 342 MB
[runlim] sample:		1300.20 time, 1300.32 real, 342 MB
[runlim] sample:		1310.20 time, 1310.32 real, 342 MB
[runlim] sample:		1320.20 time, 1320.32 real, 342 MB
[runlim] sample:		1330.20 time, 1330.32 real, 342 MB
[runlim] sample:		1340.20 time, 1340.32 real, 342 MB
[runlim] sample:		1350.20 time, 1350.32 real, 342 MB
[runlim] sample:		1360.20 time, 1360.32 real, 342 MB
[runlim] sample:		1370.20 time, 1370.32 real, 342 MB
[runlim] sample:		1380.20 time, 1380.32 real, 342 MB
[runlim] sample:		1390.20 time, 1390.32 real, 342 MB
[runlim] sample:		1400.20 time, 1400.32 real, 342 MB
[runlim] sample:		1410.20 time, 1410.32 real, 342 MB
[runlim] sample:		1420.20 time, 1420.32 real, 342 MB
[runlim] sample:		1430.20 time, 1430.32 real, 342 MB
[runlim] sample:		1440.20 time, 1440.32 real, 342 MB
[runlim] sample:		1450.20 time, 1450.32 real, 342 MB
[runlim] sample:		1460.20 time, 1460.32 real, 342 MB
[runlim] sample:		1470.20 time, 1470.32 real, 342 MB
[runlim] sample:		1480.20 time, 1480.32 real, 342 MB
[runlim] sample:		1490.20 time, 1490.32 real, 342 MB
[runlim] sample:		1500.20 time, 1500.32 real, 342 MB
[runlim] sample:		1510.20 time, 1510.32 real, 342 MB
[runlim] sample:		1520.20 time, 1520.32 real, 342 MB
[runlim] sample:		1530.20 time, 1530.32 real, 342 MB
[runlim] sample:		1540.20 time, 1540.32 real, 342 MB
[runlim] sample:		1550.20 time, 1550.32 real, 342 MB
[runlim] sample:		1560.20 time, 1560.32 real, 342 MB
[runlim] sample:		1570.20 time, 1570.32 real, 342 MB
[runlim] sample:		1580.20 time, 1580.32 real, 342 MB
[runlim] sample:		1590.20 time, 1590.32 real, 342 MB
[runlim] sample:		1600.20 time, 1600.32 real, 342 MB
[runlim] sample:		1610.20 time, 1610.32 real, 342 MB
[runlim] sample:		1620.20 time, 1620.32 real, 342 MB
[runlim] sample:		1630.20 time, 1630.32 real, 342 MB
[runlim] sample:		1640.20 time, 1640.32 real, 342 MB
[runlim] sample:		1650.20 time, 1650.32 real, 342 MB
[runlim] sample:		1660.20 time, 1660.32 real, 342 MB
[runlim] sample:		1670.20 time, 1670.32 real, 342 MB
[runlim] sample:		1680.20 time, 1680.32 real, 342 MB
[runlim] sample:		1690.20 time, 1690.32 real, 342 MB
[runlim] sample:		1700.20 time, 1700.32 real, 342 MB
[runlim] sample:		1710.20 time, 1710.32 real, 342 MB
[runlim] sample:		1720.20 time, 1720.32 real, 342 MB
[runlim] sample:		1730.20 time, 1730.32 real, 342 MB
[runlim] sample:		1740.20 time, 1740.32 real, 342 MB
[runlim] sample:		1750.20 time, 1750.32 real, 342 MB
[runlim] sample:		1760.20 time, 1760.32 real, 342 MB
[runlim] sample:		1770.20 time, 1770.32 real, 342 MB
[runlim] sample:		1780.20 time, 1780.32 real, 342 MB
[runlim] sample:		1790.20 time, 1790.32 real, 342 MB
[runlim] sample:		1800.20 time, 1800.32 real, 342 MB
[runlim] sample:		1810.20 time, 1810.32 real, 342 MB
[runlim] sample:		1820.20 time, 1820.32 real, 342 MB
[runlim] sample:		1830.20 time, 1830.32 real, 342 MB
[runlim] sample:		1840.20 time, 1840.32 real, 342 MB
[runlim] sample:		1850.20 time, 1850.32 real, 342 MB
[runlim] sample:		1860.20 time, 1860.32 real, 342 MB
[runlim] sample:		1870.20 time, 1870.32 real, 342 MB
[runlim] sample:		1880.20 time, 1880.32 real, 342 MB
[runlim] sample:		1890.20 time, 1890.32 real, 342 MB
[runlim] sample:		1900.20 time, 1900.32 real, 342 MB
[runlim] sample:		1910.20 time, 1910.32 real, 342 MB
[runlim] sample:		1920.20 time, 1920.32 real, 342 MB
[runlim] sample:		1930.20 time, 1930.32 real, 342 MB
[runlim] sample:		1940.20 time, 1940.32 real, 342 MB
[runlim] sample:		1950.20 time, 1950.32 real, 342 MB
[runlim] sample:		1960.20 time, 1960.32 real, 342 MB
[runlim] sample:		1970.20 time, 1970.32 real, 342 MB
[runlim] sample:		1980.20 time, 1980.32 real, 343 MB
[runlim] sample:		1990.20 time, 1990.32 real, 344 MB
[runlim] sample:		2000.20 time, 2000.32 real, 344 MB
[runlim] sample:		2010.20 time, 2010.32 real, 344 MB
[runlim] sample:		2020.20 time, 2020.32 real, 344 MB
[runlim] sample:		2030.20 time, 2030.32 real, 344 MB
[runlim] sample:		2040.20 time, 2040.32 real, 344 MB
[runlim] sample:		2050.20 time, 2050.32 real, 344 MB
[runlim] sample:		2060.20 time, 2060.32 real, 344 MB
[runlim] sample:		2070.20 time, 2070.32 real, 344 MB
[runlim] sample:		2080.20 time, 2080.32 real, 344 MB
[runlim] sample:		2090.20 time, 2090.32 real, 344 MB
[runlim] sample:		2100.20 time, 2100.32 real, 344 MB
[runlim] sample:		2110.20 time, 2110.32 real, 344 MB
[runlim] sample:		2120.20 time, 2120.32 real, 344 MB
[runlim] sample:		2130.20 time, 2130.32 real, 344 MB
[runlim] sample:		2140.20 time, 2140.32 real, 344 MB
[runlim] sample:		2150.20 time, 2150.32 real, 344 MB
[runlim] sample:		2160.20 time, 2160.32 real, 344 MB
[runlim] sample:		2170.20 time, 2170.32 real, 344 MB
[runlim] sample:		2180.20 time, 2180.32 real, 344 MB
[runlim] sample:		2190.20 time, 2190.32 real, 344 MB
[runlim] sample:		2200.20 time, 2200.32 real, 344 MB
[runlim] sample:		2210.20 time, 2210.32 real, 344 MB
[runlim] sample:		2220.20 time, 2220.32 real, 344 MB
[runlim] sample:		2230.20 time, 2230.32 real, 344 MB
[runlim] sample:		2240.20 time, 2240.32 real, 344 MB
[runlim] sample:		2250.20 time, 2250.32 real, 344 MB
[runlim] sample:		2260.20 time, 2260.32 real, 344 MB
[runlim] sample:		2270.20 time, 2270.32 real, 344 MB
[runlim] sample:		2280.20 time, 2280.32 real, 344 MB
[runlim] sample:		2290.20 time, 2290.32 real, 344 MB
[runlim] sample:		2300.20 time, 2300.32 real, 344 MB
[runlim] sample:		2310.20 time, 2310.32 real, 344 MB
[runlim] sample:		2320.20 time, 2320.32 real, 344 MB
[runlim] sample:		2330.20 time, 2330.32 real, 344 MB
[runlim] sample:		2340.20 time, 2340.32 real, 344 MB
[runlim] sample:		2350.20 time, 2350.32 real, 344 MB
[runlim] sample:		2360.20 time, 2360.32 real, 344 MB
[runlim] sample:		2370.20 time, 2370.32 real, 345 MB
[runlim] sample:		2380.20 time, 2380.32 real, 345 MB
[runlim] sample:		2390.20 time, 2390.32 real, 345 MB
[runlim] sample:		2400.20 time, 2400.32 real, 345 MB
[runlim] sample:		2410.20 time, 2410.32 real, 345 MB
[runlim] sample:		2420.20 time, 2420.32 real, 345 MB
[runlim] sample:		2430.20 time, 2430.32 real, 346 MB
[runlim] sample:		2440.20 time, 2440.32 real, 346 MB
[runlim] sample:		2450.20 time, 2450.32 real, 346 MB
[runlim] sample:		2460.20 time, 2460.32 real, 347 MB
[runlim] sample:		2470.20 time, 2470.32 real, 347 MB
[runlim] sample:		2480.19 time, 2480.32 real, 348 MB
[runlim] sample:		2490.20 time, 2490.32 real, 349 MB
[runlim] sample:		2500.20 time, 2500.32 real, 350 MB
[runlim] sample:		2510.20 time, 2510.32 real, 350 MB
[runlim] sample:		2520.19 time, 2520.32 real, 351 MB
[runlim] sample:		2530.19 time, 2530.32 real, 352 MB
[runlim] sample:		2540.19 time, 2540.32 real, 353 MB
[runlim] sample:		2550.19 time, 2550.32 real, 353 MB
[runlim] sample:		2560.19 time, 2560.32 real, 354 MB
[runlim] sample:		2570.19 time, 2570.32 real, 355 MB
[runlim] sample:		2580.19 time, 2580.32 real, 356 MB
[runlim] sample:		2590.19 time, 2590.32 real, 357 MB
[runlim] sample:		2600.19 time, 2600.32 real, 357 MB
[runlim] sample:		2610.19 time, 2610.32 real, 358 MB
[runlim] sample:		2620.19 time, 2620.32 real, 359 MB
[runlim] sample:		2630.19 time, 2630.32 real, 359 MB
[runlim] sample:		2640.19 time, 2640.32 real, 360 MB
[runlim] sample:		2650.19 time, 2650.32 real, 361 MB
[runlim] sample:		2660.19 time, 2660.32 real, 362 MB
[runlim] sample:		2670.19 time, 2670.32 real, 362 MB
[runlim] sample:		2680.19 time, 2680.32 real, 363 MB
[runlim] sample:		2690.19 time, 2690.32 real, 364 MB
[runlim] end:			Sat Feb 29 07:57:51 2020
[runlim] status:		out of time
[runlim] result:		2
[runlim] children:		1
[runlim] real:			2700.11 seconds
[runlim] time:			2699.89 seconds
[runlim] space:			365 MB
[runlim] samples:		26997
