[runlim] version:		1.18
[runlim] host:			c3n05
[runlim] time limit:		2700 seconds
[runlim] real time limit:	2700 seconds
[runlim] space limit:		7000 MB
[runlim] argv[0]:		./binary
[runlim] argv[1]:		/data/cnf/ankit/E1-A1-instances/2qbf-5cnf-150var-600cl.2.qdimacs
[runlim] start:			Sat Feb 29 07:12:51 2020
[runlim] child:			18583
[runlim] sample:		9.96 time, 10.12 real, 85 MB
[runlim] sample:		19.97 time, 20.12 real, 85 MB
[runlim] sample:		29.97 time, 30.12 real, 111 MB
[runlim] sample:		39.97 time, 40.12 real, 111 MB
[runlim] sample:		49.96 time, 50.12 real, 111 MB
[runlim] sample:		59.96 time, 60.12 real, 111 MB
[runlim] sample:		69.96 time, 70.12 real, 111 MB
[runlim] sample:		79.96 time, 80.12 real, 111 MB
[runlim] sample:		89.96 time, 90.12 real, 111 MB
[runlim] sample:		99.98 time, 100.12 real, 111 MB
[runlim] sample:		109.98 time, 110.12 real, 111 MB
[runlim] sample:		119.98 time, 120.12 real, 111 MB
[runlim] sample:		129.97 time, 130.12 real, 149 MB
[runlim] sample:		139.97 time, 140.12 real, 161 MB
[runlim] sample:		149.97 time, 150.12 real, 161 MB
[runlim] sample:		159.97 time, 160.12 real, 161 MB
[runlim] sample:		169.97 time, 170.12 real, 161 MB
[runlim] sample:		179.97 time, 180.12 real, 161 MB
[runlim] sample:		189.97 time, 190.12 real, 161 MB
[runlim] sample:		199.97 time, 200.12 real, 161 MB
[runlim] sample:		209.97 time, 210.12 real, 161 MB
[runlim] sample:		219.97 time, 220.12 real, 161 MB
[runlim] sample:		229.97 time, 230.12 real, 161 MB
[runlim] sample:		239.97 time, 240.12 real, 162 MB
[runlim] sample:		249.97 time, 250.12 real, 162 MB
[runlim] sample:		259.97 time, 260.12 real, 162 MB
[runlim] sample:		269.97 time, 270.12 real, 163 MB
[runlim] sample:		279.97 time, 280.12 real, 163 MB
[runlim] sample:		289.97 time, 290.12 real, 163 MB
[runlim] sample:		299.97 time, 300.12 real, 163 MB
[runlim] sample:		309.97 time, 310.12 real, 163 MB
[runlim] sample:		319.97 time, 320.12 real, 163 MB
[runlim] sample:		329.97 time, 330.12 real, 163 MB
[runlim] sample:		339.97 time, 340.12 real, 163 MB
[runlim] sample:		349.98 time, 350.12 real, 163 MB
[runlim] sample:		360.07 time, 360.22 real, 163 MB
[runlim] sample:		370.07 time, 370.22 real, 163 MB
[runlim] sample:		380.07 time, 380.22 real, 163 MB
[runlim] sample:		390.07 time, 390.22 real, 163 MB
[runlim] sample:		400.07 time, 400.22 real, 163 MB
[runlim] sample:		410.07 time, 410.22 real, 163 MB
[runlim] sample:		420.07 time, 420.22 real, 163 MB
[runlim] sample:		430.07 time, 430.22 real, 164 MB
[runlim] sample:		440.07 time, 440.22 real, 165 MB
[runlim] sample:		450.27 time, 450.42 real, 165 MB
[runlim] sample:		460.27 time, 460.42 real, 166 MB
[runlim] sample:		470.27 time, 470.42 real, 169 MB
[runlim] sample:		480.27 time, 480.42 real, 169 MB
[runlim] sample:		490.27 time, 490.42 real, 170 MB
[runlim] sample:		500.27 time, 500.42 real, 170 MB
[runlim] sample:		510.26 time, 510.42 real, 171 MB
[runlim] sample:		520.26 time, 520.42 real, 172 MB
[runlim] sample:		530.26 time, 530.42 real, 173 MB
[runlim] sample:		540.26 time, 540.42 real, 174 MB
[runlim] sample:		550.26 time, 550.42 real, 176 MB
[runlim] sample:		560.26 time, 560.42 real, 177 MB
[runlim] sample:		570.27 time, 570.42 real, 257 MB
[runlim] sample:		580.26 time, 580.42 real, 257 MB
[runlim] sample:		590.26 time, 590.42 real, 257 MB
[runlim] sample:		600.27 time, 600.42 real, 257 MB
[runlim] sample:		610.26 time, 610.42 real, 257 MB
[runlim] sample:		620.26 time, 620.42 real, 257 MB
[runlim] sample:		630.26 time, 630.42 real, 257 MB
[runlim] sample:		640.26 time, 640.42 real, 257 MB
[runlim] sample:		650.26 time, 650.42 real, 257 MB
[runlim] sample:		660.27 time, 660.42 real, 258 MB
[runlim] sample:		670.26 time, 670.42 real, 259 MB
[runlim] sample:		680.26 time, 680.42 real, 259 MB
[runlim] sample:		690.26 time, 690.42 real, 259 MB
[runlim] sample:		700.26 time, 700.42 real, 259 MB
[runlim] sample:		710.26 time, 710.42 real, 259 MB
[runlim] sample:		720.26 time, 720.42 real, 259 MB
[runlim] sample:		730.26 time, 730.42 real, 259 MB
[runlim] sample:		740.26 time, 740.42 real, 259 MB
[runlim] sample:		750.26 time, 750.42 real, 259 MB
[runlim] sample:		760.26 time, 760.42 real, 259 MB
[runlim] sample:		770.26 time, 770.42 real, 259 MB
[runlim] sample:		780.26 time, 780.42 real, 259 MB
[runlim] sample:		790.26 time, 790.42 real, 259 MB
[runlim] sample:		800.26 time, 800.42 real, 259 MB
[runlim] sample:		810.26 time, 810.42 real, 259 MB
[runlim] sample:		820.26 time, 820.42 real, 259 MB
[runlim] sample:		830.26 time, 830.42 real, 259 MB
[runlim] sample:		840.26 time, 840.42 real, 259 MB
[runlim] sample:		850.26 time, 850.42 real, 259 MB
[runlim] sample:		860.26 time, 860.42 real, 259 MB
[runlim] sample:		870.26 time, 870.42 real, 259 MB
[runlim] sample:		880.26 time, 880.42 real, 259 MB
[runlim] sample:		890.26 time, 890.42 real, 259 MB
[runlim] sample:		900.26 time, 900.42 real, 259 MB
[runlim] sample:		910.26 time, 910.42 real, 259 MB
[runlim] sample:		920.26 time, 920.42 real, 259 MB
[runlim] sample:		930.26 time, 930.42 real, 259 MB
[runlim] sample:		940.26 time, 940.42 real, 259 MB
[runlim] sample:		950.26 time, 950.42 real, 259 MB
[runlim] sample:		960.26 time, 960.42 real, 259 MB
[runlim] sample:		970.26 time, 970.42 real, 259 MB
[runlim] sample:		980.26 time, 980.42 real, 259 MB
[runlim] sample:		990.26 time, 990.42 real, 259 MB
[runlim] sample:		1000.26 time, 1000.42 real, 259 MB
[runlim] sample:		1010.26 time, 1010.42 real, 259 MB
[runlim] sample:		1020.26 time, 1020.42 real, 378 MB
[runlim] sample:		1030.26 time, 1030.42 real, 359 MB
[runlim] sample:		1040.26 time, 1040.42 real, 359 MB
[runlim] sample:		1050.26 time, 1050.42 real, 359 MB
[runlim] sample:		1060.26 time, 1060.42 real, 359 MB
[runlim] sample:		1070.26 time, 1070.42 real, 359 MB
[runlim] sample:		1080.26 time, 1080.42 real, 359 MB
[runlim] sample:		1090.25 time, 1090.42 real, 359 MB
[runlim] sample:		1100.26 time, 1100.42 real, 359 MB
[runlim] sample:		1110.26 time, 1110.42 real, 359 MB
[runlim] sample:		1120.26 time, 1120.42 real, 359 MB
[runlim] sample:		1130.26 time, 1130.42 real, 359 MB
[runlim] sample:		1140.26 time, 1140.42 real, 359 MB
[runlim] sample:		1150.26 time, 1150.42 real, 359 MB
[runlim] sample:		1160.26 time, 1160.42 real, 359 MB
[runlim] sample:		1170.25 time, 1170.42 real, 360 MB
[runlim] sample:		1180.25 time, 1180.42 real, 360 MB
[runlim] sample:		1190.25 time, 1190.42 real, 360 MB
[runlim] sample:		1200.25 time, 1200.42 real, 360 MB
[runlim] sample:		1210.25 time, 1210.42 real, 360 MB
[runlim] sample:		1220.25 time, 1220.42 real, 360 MB
[runlim] sample:		1230.26 time, 1230.42 real, 362 MB
[runlim] sample:		1240.25 time, 1240.42 real, 364 MB
[runlim] sample:		1250.25 time, 1250.42 real, 366 MB
[runlim] sample:		1260.25 time, 1260.42 real, 373 MB
[runlim] sample:		1270.25 time, 1270.42 real, 373 MB
[runlim] sample:		1280.25 time, 1280.42 real, 374 MB
[runlim] sample:		1290.24 time, 1290.42 real, 375 MB
[runlim] sample:		1300.24 time, 1300.42 real, 377 MB
[runlim] sample:		1310.24 time, 1310.42 real, 379 MB
[runlim] sample:		1320.25 time, 1320.42 real, 381 MB
[runlim] sample:		1330.26 time, 1330.42 real, 383 MB
[runlim] sample:		1340.24 time, 1340.42 real, 384 MB
[runlim] sample:		1350.24 time, 1350.42 real, 386 MB
[runlim] sample:		1360.25 time, 1360.42 real, 388 MB
[runlim] sample:		1370.24 time, 1370.42 real, 390 MB
[runlim] sample:		1380.25 time, 1380.42 real, 392 MB
[runlim] sample:		1390.24 time, 1390.42 real, 394 MB
[runlim] sample:		1400.24 time, 1400.42 real, 395 MB
[runlim] sample:		1410.25 time, 1410.42 real, 397 MB
[runlim] sample:		1420.25 time, 1420.42 real, 398 MB
[runlim] sample:		1430.25 time, 1430.42 real, 400 MB
[runlim] sample:		1440.24 time, 1440.42 real, 402 MB
[runlim] sample:		1450.24 time, 1450.42 real, 403 MB
[runlim] sample:		1460.25 time, 1460.42 real, 405 MB
[runlim] sample:		1470.24 time, 1470.42 real, 407 MB
[runlim] sample:		1480.24 time, 1480.42 real, 409 MB
[runlim] sample:		1490.25 time, 1490.42 real, 410 MB
[runlim] sample:		1500.24 time, 1500.42 real, 412 MB
[runlim] sample:		1510.25 time, 1510.42 real, 413 MB
[runlim] sample:		1520.24 time, 1520.42 real, 414 MB
[runlim] sample:		1530.24 time, 1530.42 real, 416 MB
[runlim] sample:		1540.25 time, 1540.42 real, 418 MB
[runlim] sample:		1550.25 time, 1550.42 real, 419 MB
[runlim] sample:		1560.24 time, 1560.42 real, 421 MB
[runlim] sample:		1570.24 time, 1570.42 real, 422 MB
[runlim] sample:		1580.24 time, 1580.42 real, 424 MB
[runlim] sample:		1590.24 time, 1590.42 real, 425 MB
[runlim] sample:		1600.24 time, 1600.42 real, 427 MB
[runlim] sample:		1610.24 time, 1610.42 real, 428 MB
[runlim] sample:		1620.24 time, 1620.42 real, 429 MB
[runlim] sample:		1630.24 time, 1630.42 real, 431 MB
[runlim] sample:		1640.24 time, 1640.42 real, 432 MB
[runlim] sample:		1650.23 time, 1650.42 real, 433 MB
[runlim] sample:		1660.24 time, 1660.42 real, 434 MB
[runlim] sample:		1670.24 time, 1670.42 real, 435 MB
[runlim] sample:		1680.24 time, 1680.42 real, 436 MB
[runlim] sample:		1690.25 time, 1690.42 real, 437 MB
[runlim] sample:		1700.24 time, 1700.42 real, 438 MB
[runlim] sample:		1710.24 time, 1710.42 real, 440 MB
[runlim] sample:		1720.25 time, 1720.42 real, 441 MB
[runlim] sample:		1730.24 time, 1730.42 real, 442 MB
[runlim] sample:		1740.24 time, 1740.42 real, 443 MB
[runlim] sample:		1750.24 time, 1750.42 real, 444 MB
[runlim] sample:		1760.23 time, 1760.42 real, 445 MB
[runlim] sample:		1770.23 time, 1770.42 real, 446 MB
[runlim] sample:		1780.24 time, 1780.42 real, 447 MB
[runlim] sample:		1790.24 time, 1790.42 real, 448 MB
[runlim] sample:		1800.24 time, 1800.42 real, 449 MB
[runlim] sample:		1810.24 time, 1810.42 real, 450 MB
[runlim] sample:		1820.24 time, 1820.42 real, 451 MB
[runlim] sample:		1830.24 time, 1830.42 real, 452 MB
[runlim] sample:		1840.24 time, 1840.42 real, 453 MB
[runlim] sample:		1850.23 time, 1850.42 real, 454 MB
[runlim] sample:		1860.23 time, 1860.42 real, 455 MB
[runlim] sample:		1870.23 time, 1870.42 real, 456 MB
[runlim] sample:		1880.24 time, 1880.42 real, 457 MB
[runlim] sample:		1890.24 time, 1890.42 real, 458 MB
[runlim] sample:		1900.23 time, 1900.42 real, 459 MB
[runlim] sample:		1910.23 time, 1910.42 real, 460 MB
[runlim] sample:		1920.23 time, 1920.42 real, 461 MB
[runlim] sample:		1930.24 time, 1930.42 real, 462 MB
[runlim] sample:		1940.24 time, 1940.42 real, 463 MB
[runlim] sample:		1950.23 time, 1950.42 real, 463 MB
[runlim] sample:		1960.23 time, 1960.42 real, 463 MB
[runlim] sample:		1970.23 time, 1970.42 real, 463 MB
[runlim] sample:		1980.23 time, 1980.42 real, 463 MB
[runlim] sample:		1990.23 time, 1990.42 real, 463 MB
[runlim] sample:		2000.23 time, 2000.42 real, 463 MB
[runlim] sample:		2010.23 time, 2010.42 real, 463 MB
[runlim] sample:		2020.23 time, 2020.42 real, 463 MB
[runlim] sample:		2030.24 time, 2030.42 real, 463 MB
[runlim] sample:		2040.24 time, 2040.42 real, 463 MB
[runlim] sample:		2050.23 time, 2050.42 real, 463 MB
[runlim] sample:		2060.23 time, 2060.42 real, 463 MB
[runlim] sample:		2070.23 time, 2070.42 real, 463 MB
[runlim] sample:		2080.23 time, 2080.42 real, 463 MB
[runlim] sample:		2090.23 time, 2090.42 real, 463 MB
[runlim] sample:		2100.23 time, 2100.42 real, 463 MB
[runlim] sample:		2110.23 time, 2110.42 real, 463 MB
[runlim] sample:		2120.23 time, 2120.42 real, 463 MB
[runlim] sample:		2130.23 time, 2130.42 real, 463 MB
[runlim] sample:		2140.23 time, 2140.42 real, 463 MB
[runlim] sample:		2150.23 time, 2150.42 real, 463 MB
[runlim] sample:		2160.23 time, 2160.42 real, 463 MB
[runlim] sample:		2170.23 time, 2170.42 real, 464 MB
[runlim] sample:		2180.24 time, 2180.42 real, 464 MB
[runlim] sample:		2190.24 time, 2190.42 real, 464 MB
[runlim] sample:		2200.24 time, 2200.42 real, 465 MB
[runlim] sample:		2210.24 time, 2210.42 real, 465 MB
[runlim] sample:		2220.24 time, 2220.42 real, 465 MB
[runlim] sample:		2230.24 time, 2230.42 real, 466 MB
[runlim] sample:		2240.24 time, 2240.42 real, 466 MB
[runlim] sample:		2250.24 time, 2250.42 real, 467 MB
[runlim] sample:		2260.24 time, 2260.42 real, 467 MB
[runlim] sample:		2270.24 time, 2270.42 real, 467 MB
[runlim] sample:		2280.24 time, 2280.42 real, 468 MB
[runlim] sample:		2290.23 time, 2290.42 real, 468 MB
[runlim] sample:		2300.24 time, 2300.42 real, 469 MB
[runlim] sample:		2310.24 time, 2310.42 real, 469 MB
[runlim] sample:		2320.24 time, 2320.42 real, 470 MB
[runlim] sample:		2330.24 time, 2330.42 real, 470 MB
[runlim] sample:		2340.24 time, 2340.42 real, 471 MB
[runlim] sample:		2350.24 time, 2350.42 real, 471 MB
[runlim] sample:		2360.24 time, 2360.42 real, 472 MB
[runlim] sample:		2370.24 time, 2370.42 real, 472 MB
[runlim] sample:		2380.24 time, 2380.42 real, 473 MB
[runlim] sample:		2390.24 time, 2390.42 real, 474 MB
[runlim] sample:		2400.24 time, 2400.42 real, 474 MB
[runlim] sample:		2410.24 time, 2410.42 real, 475 MB
[runlim] sample:		2420.24 time, 2420.42 real, 476 MB
[runlim] sample:		2430.24 time, 2430.42 real, 476 MB
[runlim] sample:		2440.24 time, 2440.42 real, 477 MB
[runlim] sample:		2450.24 time, 2450.42 real, 477 MB
[runlim] sample:		2460.24 time, 2460.42 real, 478 MB
[runlim] sample:		2470.24 time, 2470.42 real, 479 MB
[runlim] sample:		2480.24 time, 2480.42 real, 479 MB
[runlim] sample:		2490.24 time, 2490.42 real, 480 MB
[runlim] sample:		2500.24 time, 2500.42 real, 481 MB
[runlim] sample:		2510.23 time, 2510.42 real, 482 MB
[runlim] sample:		2520.24 time, 2520.42 real, 483 MB
[runlim] sample:		2530.24 time, 2530.42 real, 484 MB
[runlim] sample:		2540.24 time, 2540.42 real, 485 MB
[runlim] sample:		2550.23 time, 2550.42 real, 486 MB
[runlim] sample:		2560.23 time, 2560.42 real, 487 MB
[runlim] sample:		2570.23 time, 2570.42 real, 487 MB
[runlim] sample:		2580.23 time, 2580.42 real, 489 MB
[runlim] sample:		2590.23 time, 2590.42 real, 489 MB
[runlim] sample:		2600.23 time, 2600.42 real, 490 MB
[runlim] sample:		2610.24 time, 2610.42 real, 493 MB
[runlim] sample:		2620.23 time, 2620.42 real, 494 MB
[runlim] sample:		2630.23 time, 2630.42 real, 496 MB
[runlim] sample:		2640.23 time, 2640.42 real, 496 MB
[runlim] sample:		2650.23 time, 2650.42 real, 497 MB
[runlim] sample:		2660.23 time, 2660.42 real, 497 MB
[runlim] sample:		2670.23 time, 2670.42 real, 498 MB
[runlim] sample:		2680.23 time, 2680.42 real, 498 MB
[runlim] sample:		2690.23 time, 2690.42 real, 499 MB
[runlim] end:			Sat Feb 29 07:57:51 2020
[runlim] status:		out of time
[runlim] result:		2
[runlim] children:		1
[runlim] real:			2700.10 seconds
[runlim] time:			2699.83 seconds
[runlim] space:			499 MB
[runlim] samples:		26996
