[runlim] version:		1.18
[runlim] host:			c3n07
[runlim] time limit:		2700 seconds
[runlim] real time limit:	2700 seconds
[runlim] space limit:		7000 MB
[runlim] argv[0]:		./binary
[runlim] argv[1]:		/data/cnf/ankit/E1-A1-instances/4qbf-5cnf-150var-900cl.2.qdimacs
[runlim] start:			Sat Feb 29 07:12:51 2020
[runlim] child:			20886
[runlim] sample:		10.00 time, 10.02 real, 92 MB
[runlim] sample:		20.00 time, 20.02 real, 92 MB
[runlim] sample:		30.00 time, 30.02 real, 138 MB
[runlim] sample:		40.00 time, 40.02 real, 138 MB
[runlim] sample:		50.00 time, 50.02 real, 138 MB
[runlim] sample:		60.00 time, 60.02 real, 138 MB
[runlim] sample:		70.00 time, 70.02 real, 138 MB
[runlim] sample:		80.00 time, 80.02 real, 138 MB
[runlim] sample:		89.99 time, 90.02 real, 138 MB
[runlim] sample:		100.00 time, 100.02 real, 138 MB
[runlim] sample:		109.99 time, 110.02 real, 138 MB
[runlim] sample:		120.00 time, 120.02 real, 138 MB
[runlim] sample:		130.00 time, 130.02 real, 138 MB
[runlim] sample:		139.99 time, 140.02 real, 138 MB
[runlim] sample:		149.99 time, 150.02 real, 138 MB
[runlim] sample:		159.99 time, 160.02 real, 138 MB
[runlim] sample:		169.99 time, 170.02 real, 138 MB
[runlim] sample:		179.99 time, 180.02 real, 138 MB
[runlim] sample:		189.99 time, 190.02 real, 138 MB
[runlim] sample:		199.99 time, 200.02 real, 138 MB
[runlim] sample:		209.98 time, 210.02 real, 138 MB
[runlim] sample:		219.98 time, 220.02 real, 156 MB
[runlim] sample:		229.98 time, 230.02 real, 199 MB
[runlim] sample:		239.98 time, 240.02 real, 199 MB
[runlim] sample:		249.98 time, 250.02 real, 199 MB
[runlim] sample:		259.98 time, 260.02 real, 199 MB
[runlim] sample:		269.98 time, 270.02 real, 199 MB
[runlim] sample:		279.98 time, 280.02 real, 199 MB
[runlim] sample:		289.98 time, 290.02 real, 199 MB
[runlim] sample:		299.98 time, 300.02 real, 199 MB
[runlim] sample:		309.98 time, 310.02 real, 199 MB
[runlim] sample:		319.98 time, 320.02 real, 199 MB
[runlim] sample:		329.98 time, 330.02 real, 199 MB
[runlim] sample:		339.98 time, 340.02 real, 199 MB
[runlim] sample:		349.98 time, 350.02 real, 199 MB
[runlim] sample:		360.07 time, 360.12 real, 199 MB
[runlim] sample:		370.07 time, 370.12 real, 199 MB
[runlim] sample:		380.07 time, 380.12 real, 199 MB
[runlim] sample:		390.07 time, 390.12 real, 199 MB
[runlim] sample:		400.07 time, 400.12 real, 199 MB
[runlim] sample:		410.07 time, 410.12 real, 199 MB
[runlim] sample:		420.07 time, 420.12 real, 199 MB
[runlim] sample:		430.07 time, 430.12 real, 199 MB
[runlim] sample:		440.07 time, 440.12 real, 199 MB
[runlim] sample:		450.17 time, 450.22 real, 199 MB
[runlim] sample:		460.17 time, 460.22 real, 199 MB
[runlim] sample:		470.17 time, 470.22 real, 199 MB
[runlim] sample:		480.16 time, 480.22 real, 199 MB
[runlim] sample:		490.16 time, 490.22 real, 199 MB
[runlim] sample:		500.16 time, 500.22 real, 199 MB
[runlim] sample:		510.16 time, 510.22 real, 199 MB
[runlim] sample:		520.17 time, 520.22 real, 199 MB
[runlim] sample:		530.17 time, 530.22 real, 199 MB
[runlim] sample:		540.17 time, 540.22 real, 199 MB
[runlim] sample:		550.17 time, 550.22 real, 199 MB
[runlim] sample:		560.17 time, 560.22 real, 199 MB
[runlim] sample:		570.17 time, 570.22 real, 199 MB
[runlim] sample:		580.17 time, 580.22 real, 199 MB
[runlim] sample:		590.17 time, 590.22 real, 199 MB
[runlim] sample:		600.20 time, 600.25 real, 200 MB
[runlim] sample:		610.17 time, 610.22 real, 200 MB
[runlim] sample:		620.17 time, 620.22 real, 200 MB
[runlim] sample:		630.17 time, 630.22 real, 200 MB
[runlim] sample:		640.17 time, 640.22 real, 200 MB
[runlim] sample:		650.17 time, 650.22 real, 200 MB
[runlim] sample:		660.17 time, 660.22 real, 200 MB
[runlim] sample:		670.17 time, 670.22 real, 200 MB
[runlim] sample:		680.17 time, 680.22 real, 200 MB
[runlim] sample:		690.17 time, 690.22 real, 200 MB
[runlim] sample:		700.17 time, 700.22 real, 200 MB
[runlim] sample:		710.17 time, 710.22 real, 200 MB
[runlim] sample:		720.17 time, 720.22 real, 200 MB
[runlim] sample:		730.17 time, 730.22 real, 200 MB
[runlim] sample:		740.17 time, 740.22 real, 200 MB
[runlim] sample:		750.17 time, 750.22 real, 200 MB
[runlim] sample:		760.17 time, 760.22 real, 200 MB
[runlim] sample:		770.17 time, 770.22 real, 200 MB
[runlim] sample:		780.17 time, 780.22 real, 200 MB
[runlim] sample:		790.17 time, 790.22 real, 200 MB
[runlim] sample:		800.17 time, 800.22 real, 200 MB
[runlim] sample:		810.17 time, 810.22 real, 200 MB
[runlim] sample:		820.17 time, 820.22 real, 200 MB
[runlim] sample:		830.17 time, 830.22 real, 200 MB
[runlim] sample:		840.17 time, 840.22 real, 200 MB
[runlim] sample:		850.17 time, 850.22 real, 200 MB
[runlim] sample:		860.17 time, 860.22 real, 200 MB
[runlim] sample:		870.17 time, 870.22 real, 200 MB
[runlim] sample:		880.17 time, 880.22 real, 200 MB
[runlim] sample:		890.17 time, 890.22 real, 200 MB
[runlim] sample:		900.17 time, 900.22 real, 200 MB
[runlim] sample:		910.17 time, 910.22 real, 200 MB
[runlim] sample:		920.17 time, 920.22 real, 200 MB
[runlim] sample:		930.17 time, 930.22 real, 200 MB
[runlim] sample:		940.17 time, 940.22 real, 200 MB
[runlim] sample:		950.17 time, 950.22 real, 200 MB
[runlim] sample:		960.17 time, 960.22 real, 200 MB
[runlim] sample:		970.17 time, 970.22 real, 200 MB
[runlim] sample:		980.17 time, 980.22 real, 200 MB
[runlim] sample:		990.17 time, 990.22 real, 200 MB
[runlim] sample:		1000.17 time, 1000.22 real, 200 MB
[runlim] sample:		1010.17 time, 1010.22 real, 200 MB
[runlim] sample:		1020.17 time, 1020.22 real, 200 MB
[runlim] sample:		1030.17 time, 1030.22 real, 200 MB
[runlim] sample:		1040.17 time, 1040.22 real, 200 MB
[runlim] sample:		1050.17 time, 1050.22 real, 200 MB
[runlim] sample:		1060.17 time, 1060.22 real, 200 MB
[runlim] sample:		1070.17 time, 1070.22 real, 200 MB
[runlim] sample:		1080.17 time, 1080.22 real, 200 MB
[runlim] sample:		1090.17 time, 1090.22 real, 200 MB
[runlim] sample:		1100.17 time, 1100.22 real, 200 MB
[runlim] sample:		1110.17 time, 1110.22 real, 200 MB
[runlim] sample:		1120.17 time, 1120.22 real, 200 MB
[runlim] sample:		1130.17 time, 1130.22 real, 200 MB
[runlim] sample:		1140.17 time, 1140.22 real, 200 MB
[runlim] sample:		1150.17 time, 1150.22 real, 200 MB
[runlim] sample:		1160.17 time, 1160.22 real, 277 MB
[runlim] sample:		1170.17 time, 1170.22 real, 278 MB
[runlim] sample:		1180.17 time, 1180.22 real, 278 MB
[runlim] sample:		1190.17 time, 1190.22 real, 278 MB
[runlim] sample:		1200.17 time, 1200.22 real, 278 MB
[runlim] sample:		1210.17 time, 1210.22 real, 278 MB
[runlim] sample:		1220.17 time, 1220.22 real, 278 MB
[runlim] sample:		1230.17 time, 1230.22 real, 278 MB
[runlim] sample:		1240.17 time, 1240.22 real, 278 MB
[runlim] sample:		1250.17 time, 1250.22 real, 278 MB
[runlim] sample:		1260.17 time, 1260.22 real, 278 MB
[runlim] sample:		1270.17 time, 1270.22 real, 278 MB
[runlim] sample:		1280.17 time, 1280.22 real, 278 MB
[runlim] sample:		1290.17 time, 1290.22 real, 278 MB
[runlim] sample:		1300.17 time, 1300.22 real, 278 MB
[runlim] sample:		1310.17 time, 1310.22 real, 278 MB
[runlim] sample:		1320.17 time, 1320.22 real, 278 MB
[runlim] sample:		1330.17 time, 1330.22 real, 278 MB
[runlim] sample:		1340.17 time, 1340.22 real, 278 MB
[runlim] sample:		1350.17 time, 1350.22 real, 278 MB
[runlim] sample:		1360.17 time, 1360.22 real, 278 MB
[runlim] sample:		1370.17 time, 1370.22 real, 278 MB
[runlim] sample:		1380.17 time, 1380.22 real, 278 MB
[runlim] sample:		1390.17 time, 1390.22 real, 278 MB
[runlim] sample:		1400.17 time, 1400.22 real, 278 MB
[runlim] sample:		1410.17 time, 1410.22 real, 278 MB
[runlim] sample:		1420.17 time, 1420.22 real, 278 MB
[runlim] sample:		1430.17 time, 1430.22 real, 278 MB
[runlim] sample:		1440.17 time, 1440.22 real, 278 MB
[runlim] sample:		1450.17 time, 1450.22 real, 278 MB
[runlim] sample:		1460.17 time, 1460.22 real, 278 MB
[runlim] sample:		1470.17 time, 1470.22 real, 278 MB
[runlim] sample:		1480.17 time, 1480.22 real, 278 MB
[runlim] sample:		1490.17 time, 1490.22 real, 278 MB
[runlim] sample:		1500.17 time, 1500.22 real, 278 MB
[runlim] sample:		1510.17 time, 1510.22 real, 278 MB
[runlim] sample:		1520.17 time, 1520.22 real, 278 MB
[runlim] sample:		1530.17 time, 1530.22 real, 278 MB
[runlim] sample:		1540.17 time, 1540.22 real, 278 MB
[runlim] sample:		1550.17 time, 1550.22 real, 278 MB
[runlim] sample:		1560.17 time, 1560.22 real, 278 MB
[runlim] sample:		1570.17 time, 1570.22 real, 278 MB
[runlim] sample:		1580.17 time, 1580.22 real, 278 MB
[runlim] sample:		1590.17 time, 1590.22 real, 278 MB
[runlim] sample:		1600.17 time, 1600.22 real, 278 MB
[runlim] sample:		1610.17 time, 1610.22 real, 278 MB
[runlim] sample:		1620.17 time, 1620.22 real, 278 MB
[runlim] sample:		1630.17 time, 1630.22 real, 278 MB
[runlim] sample:		1640.17 time, 1640.22 real, 278 MB
[runlim] sample:		1650.17 time, 1650.22 real, 278 MB
[runlim] sample:		1660.17 time, 1660.22 real, 278 MB
[runlim] sample:		1670.17 time, 1670.22 real, 278 MB
[runlim] sample:		1680.17 time, 1680.22 real, 278 MB
[runlim] sample:		1690.17 time, 1690.22 real, 278 MB
[runlim] sample:		1700.17 time, 1700.22 real, 278 MB
[runlim] sample:		1710.16 time, 1710.22 real, 278 MB
[runlim] sample:		1720.16 time, 1720.22 real, 278 MB
[runlim] sample:		1730.16 time, 1730.22 real, 278 MB
[runlim] sample:		1740.16 time, 1740.22 real, 279 MB
[runlim] sample:		1750.17 time, 1750.22 real, 279 MB
[runlim] sample:		1760.17 time, 1760.22 real, 279 MB
[runlim] sample:		1770.17 time, 1770.22 real, 279 MB
[runlim] sample:		1780.17 time, 1780.22 real, 279 MB
[runlim] sample:		1790.17 time, 1790.22 real, 279 MB
[runlim] sample:		1800.17 time, 1800.22 real, 279 MB
[runlim] sample:		1810.16 time, 1810.22 real, 279 MB
[runlim] sample:		1820.16 time, 1820.22 real, 279 MB
[runlim] sample:		1830.16 time, 1830.22 real, 279 MB
[runlim] sample:		1840.16 time, 1840.22 real, 279 MB
[runlim] sample:		1850.16 time, 1850.22 real, 279 MB
[runlim] sample:		1860.16 time, 1860.22 real, 279 MB
[runlim] sample:		1870.17 time, 1870.22 real, 279 MB
[runlim] sample:		1880.17 time, 1880.22 real, 279 MB
[runlim] sample:		1890.16 time, 1890.22 real, 279 MB
[runlim] sample:		1900.17 time, 1900.22 real, 279 MB
[runlim] sample:		1910.16 time, 1910.22 real, 279 MB
[runlim] sample:		1920.16 time, 1920.22 real, 280 MB
[runlim] sample:		1930.17 time, 1930.22 real, 280 MB
[runlim] sample:		1940.17 time, 1940.22 real, 281 MB
[runlim] sample:		1950.17 time, 1950.22 real, 282 MB
[runlim] sample:		1960.17 time, 1960.22 real, 282 MB
[runlim] sample:		1970.17 time, 1970.22 real, 283 MB
[runlim] sample:		1980.16 time, 1980.22 real, 284 MB
[runlim] sample:		1990.16 time, 1990.22 real, 284 MB
[runlim] sample:		2000.16 time, 2000.22 real, 285 MB
[runlim] sample:		2010.16 time, 2010.22 real, 286 MB
[runlim] sample:		2020.16 time, 2020.22 real, 286 MB
[runlim] sample:		2030.16 time, 2030.22 real, 287 MB
[runlim] sample:		2040.16 time, 2040.22 real, 287 MB
[runlim] sample:		2050.16 time, 2050.22 real, 288 MB
[runlim] sample:		2060.16 time, 2060.22 real, 289 MB
[runlim] sample:		2070.16 time, 2070.22 real, 289 MB
[runlim] sample:		2080.16 time, 2080.22 real, 290 MB
[runlim] sample:		2090.17 time, 2090.22 real, 291 MB
[runlim] sample:		2100.17 time, 2100.22 real, 291 MB
[runlim] sample:		2110.17 time, 2110.22 real, 292 MB
[runlim] sample:		2120.17 time, 2120.22 real, 293 MB
[runlim] sample:		2130.17 time, 2130.22 real, 293 MB
[runlim] sample:		2140.16 time, 2140.22 real, 294 MB
[runlim] sample:		2150.16 time, 2150.22 real, 295 MB
[runlim] sample:		2160.16 time, 2160.22 real, 295 MB
[runlim] sample:		2170.16 time, 2170.22 real, 296 MB
[runlim] sample:		2180.16 time, 2180.22 real, 297 MB
[runlim] sample:		2190.16 time, 2190.22 real, 297 MB
[runlim] sample:		2200.16 time, 2200.22 real, 298 MB
[runlim] sample:		2210.16 time, 2210.22 real, 298 MB
[runlim] sample:		2220.16 time, 2220.22 real, 299 MB
[runlim] sample:		2230.16 time, 2230.22 real, 300 MB
[runlim] sample:		2240.16 time, 2240.22 real, 300 MB
[runlim] sample:		2250.16 time, 2250.22 real, 301 MB
[runlim] sample:		2260.16 time, 2260.22 real, 302 MB
[runlim] sample:		2270.16 time, 2270.22 real, 302 MB
[runlim] sample:		2280.16 time, 2280.22 real, 303 MB
[runlim] sample:		2290.16 time, 2290.22 real, 304 MB
[runlim] sample:		2300.16 time, 2300.22 real, 304 MB
[runlim] sample:		2310.16 time, 2310.22 real, 305 MB
[runlim] sample:		2320.16 time, 2320.22 real, 305 MB
[runlim] sample:		2330.16 time, 2330.22 real, 306 MB
[runlim] sample:		2340.16 time, 2340.22 real, 306 MB
[runlim] sample:		2350.16 time, 2350.22 real, 307 MB
[runlim] sample:		2360.16 time, 2360.22 real, 307 MB
[runlim] sample:		2370.16 time, 2370.22 real, 308 MB
[runlim] sample:		2380.16 time, 2380.22 real, 309 MB
[runlim] sample:		2390.15 time, 2390.22 real, 309 MB
[runlim] sample:		2400.15 time, 2400.22 real, 310 MB
[runlim] sample:		2410.15 time, 2410.22 real, 311 MB
[runlim] sample:		2420.15 time, 2420.22 real, 311 MB
[runlim] sample:		2430.16 time, 2430.22 real, 312 MB
[runlim] sample:		2440.16 time, 2440.22 real, 312 MB
[runlim] sample:		2450.16 time, 2450.22 real, 313 MB
[runlim] sample:		2460.16 time, 2460.22 real, 313 MB
[runlim] sample:		2470.16 time, 2470.22 real, 314 MB
[runlim] sample:		2480.16 time, 2480.22 real, 315 MB
[runlim] sample:		2490.16 time, 2490.22 real, 315 MB
[runlim] sample:		2500.16 time, 2500.22 real, 316 MB
[runlim] sample:		2510.16 time, 2510.22 real, 316 MB
[runlim] sample:		2520.16 time, 2520.22 real, 317 MB
[runlim] sample:		2530.16 time, 2530.22 real, 317 MB
[runlim] sample:		2540.16 time, 2540.22 real, 318 MB
[runlim] sample:		2550.16 time, 2550.22 real, 319 MB
[runlim] sample:		2560.16 time, 2560.22 real, 319 MB
[runlim] sample:		2570.16 time, 2570.22 real, 320 MB
[runlim] sample:		2580.16 time, 2580.22 real, 320 MB
[runlim] sample:		2590.16 time, 2590.22 real, 321 MB
[runlim] sample:		2600.16 time, 2600.22 real, 322 MB
[runlim] sample:		2610.16 time, 2610.22 real, 322 MB
[runlim] sample:		2620.15 time, 2620.22 real, 323 MB
[runlim] sample:		2630.15 time, 2630.22 real, 323 MB
[runlim] sample:		2640.15 time, 2640.22 real, 324 MB
[runlim] sample:		2650.15 time, 2650.22 real, 324 MB
[runlim] sample:		2660.15 time, 2660.22 real, 325 MB
[runlim] sample:		2670.16 time, 2670.22 real, 325 MB
[runlim] sample:		2680.16 time, 2680.22 real, 326 MB
[runlim] sample:		2690.16 time, 2690.22 real, 326 MB
[runlim] end:			Sat Feb 29 07:57:51 2020
[runlim] status:		out of time
[runlim] result:		2
[runlim] children:		1
[runlim] real:			2700.11 seconds
[runlim] time:			2699.95 seconds
[runlim] space:			327 MB
[runlim] samples:		26998
