[runlim] version:		1.18
[runlim] host:			c3n07
[runlim] time limit:		2700 seconds
[runlim] real time limit:	2700 seconds
[runlim] space limit:		7000 MB
[runlim] argv[0]:		./binary
[runlim] argv[1]:		/data/cnf/ankit/E1-A1-instances/4qbf-5cnf-100var-800cl.2.qdimacs
[runlim] start:			Sat Feb 29 07:12:51 2020
[runlim] child:			20857
[runlim] sample:		10.10 time, 10.12 real, 85 MB
[runlim] sample:		20.10 time, 20.12 real, 89 MB
[runlim] sample:		30.10 time, 30.12 real, 105 MB
[runlim] sample:		40.10 time, 40.12 real, 132 MB
[runlim] sample:		50.10 time, 50.12 real, 132 MB
[runlim] sample:		60.10 time, 60.12 real, 132 MB
[runlim] sample:		70.10 time, 70.12 real, 132 MB
[runlim] sample:		80.10 time, 80.12 real, 178 MB
[runlim] sample:		90.10 time, 90.12 real, 178 MB
[runlim] sample:		100.10 time, 100.12 real, 178 MB
[runlim] sample:		110.10 time, 110.12 real, 178 MB
[runlim] sample:		120.10 time, 120.12 real, 178 MB
[runlim] sample:		130.10 time, 130.12 real, 178 MB
[runlim] sample:		140.10 time, 140.12 real, 178 MB
[runlim] sample:		150.09 time, 150.12 real, 178 MB
[runlim] sample:		160.09 time, 160.12 real, 178 MB
[runlim] sample:		170.09 time, 170.12 real, 178 MB
[runlim] sample:		180.09 time, 180.12 real, 178 MB
[runlim] sample:		190.09 time, 190.12 real, 178 MB
[runlim] sample:		200.09 time, 200.12 real, 178 MB
[runlim] sample:		210.09 time, 210.12 real, 178 MB
[runlim] sample:		220.10 time, 220.12 real, 254 MB
[runlim] sample:		230.09 time, 230.12 real, 248 MB
[runlim] sample:		240.09 time, 240.12 real, 248 MB
[runlim] sample:		250.09 time, 250.12 real, 248 MB
[runlim] sample:		260.09 time, 260.12 real, 248 MB
[runlim] sample:		270.09 time, 270.12 real, 248 MB
[runlim] sample:		280.09 time, 280.12 real, 248 MB
[runlim] sample:		290.09 time, 290.12 real, 248 MB
[runlim] sample:		300.09 time, 300.12 real, 248 MB
[runlim] sample:		310.09 time, 310.12 real, 248 MB
[runlim] sample:		320.09 time, 320.12 real, 248 MB
[runlim] sample:		330.09 time, 330.12 real, 248 MB
[runlim] sample:		340.09 time, 340.12 real, 248 MB
[runlim] sample:		350.15 time, 350.18 real, 248 MB
[runlim] sample:		360.09 time, 360.12 real, 248 MB
[runlim] sample:		370.09 time, 370.12 real, 248 MB
[runlim] sample:		380.09 time, 380.12 real, 248 MB
[runlim] sample:		390.09 time, 390.12 real, 248 MB
[runlim] sample:		400.09 time, 400.12 real, 248 MB
[runlim] sample:		410.09 time, 410.12 real, 248 MB
[runlim] sample:		420.09 time, 420.12 real, 248 MB
[runlim] sample:		430.09 time, 430.12 real, 248 MB
[runlim] sample:		440.09 time, 440.12 real, 248 MB
[runlim] sample:		450.29 time, 450.32 real, 248 MB
[runlim] sample:		460.29 time, 460.32 real, 248 MB
[runlim] sample:		470.29 time, 470.32 real, 248 MB
[runlim] sample:		480.29 time, 480.32 real, 248 MB
[runlim] sample:		490.29 time, 490.32 real, 248 MB
[runlim] sample:		500.29 time, 500.32 real, 248 MB
[runlim] sample:		510.29 time, 510.32 real, 248 MB
[runlim] sample:		520.30 time, 520.32 real, 248 MB
[runlim] sample:		530.30 time, 530.32 real, 248 MB
[runlim] sample:		540.29 time, 540.32 real, 248 MB
[runlim] sample:		550.29 time, 550.32 real, 248 MB
[runlim] sample:		560.30 time, 560.32 real, 248 MB
[runlim] sample:		570.29 time, 570.32 real, 248 MB
[runlim] sample:		580.29 time, 580.32 real, 248 MB
[runlim] sample:		590.29 time, 590.32 real, 248 MB
[runlim] sample:		600.33 time, 600.36 real, 248 MB
[runlim] sample:		610.29 time, 610.32 real, 248 MB
[runlim] sample:		620.30 time, 620.32 real, 248 MB
[runlim] sample:		630.29 time, 630.32 real, 248 MB
[runlim] sample:		640.30 time, 640.32 real, 248 MB
[runlim] sample:		650.29 time, 650.32 real, 248 MB
[runlim] sample:		660.29 time, 660.32 real, 248 MB
[runlim] sample:		670.28 time, 670.32 real, 248 MB
[runlim] sample:		680.29 time, 680.32 real, 248 MB
[runlim] sample:		690.29 time, 690.32 real, 248 MB
[runlim] sample:		700.29 time, 700.32 real, 248 MB
[runlim] sample:		710.30 time, 710.32 real, 248 MB
[runlim] sample:		720.29 time, 720.32 real, 248 MB
[runlim] sample:		730.29 time, 730.32 real, 248 MB
[runlim] sample:		740.29 time, 740.32 real, 249 MB
[runlim] sample:		750.29 time, 750.32 real, 250 MB
[runlim] sample:		760.29 time, 760.32 real, 251 MB
[runlim] sample:		770.29 time, 770.32 real, 252 MB
[runlim] sample:		780.29 time, 780.32 real, 253 MB
[runlim] sample:		790.29 time, 790.32 real, 253 MB
[runlim] sample:		800.29 time, 800.32 real, 254 MB
[runlim] sample:		810.29 time, 810.32 real, 255 MB
[runlim] sample:		820.28 time, 820.32 real, 256 MB
[runlim] sample:		830.28 time, 830.32 real, 257 MB
[runlim] sample:		840.29 time, 840.32 real, 258 MB
[runlim] sample:		850.29 time, 850.32 real, 258 MB
[runlim] sample:		860.28 time, 860.32 real, 259 MB
[runlim] sample:		870.29 time, 870.32 real, 260 MB
[runlim] sample:		880.29 time, 880.32 real, 261 MB
[runlim] sample:		890.29 time, 890.32 real, 262 MB
[runlim] sample:		900.29 time, 900.32 real, 262 MB
[runlim] sample:		910.29 time, 910.32 real, 263 MB
[runlim] sample:		920.29 time, 920.32 real, 264 MB
[runlim] sample:		930.29 time, 930.32 real, 265 MB
[runlim] sample:		940.28 time, 940.32 real, 265 MB
[runlim] sample:		950.29 time, 950.32 real, 266 MB
[runlim] sample:		960.29 time, 960.32 real, 267 MB
[runlim] sample:		970.29 time, 970.32 real, 268 MB
[runlim] sample:		980.29 time, 980.32 real, 268 MB
[runlim] sample:		990.28 time, 990.32 real, 269 MB
[runlim] sample:		1000.28 time, 1000.32 real, 270 MB
[runlim] sample:		1010.28 time, 1010.32 real, 271 MB
[runlim] sample:		1020.28 time, 1020.32 real, 272 MB
[runlim] sample:		1030.28 time, 1030.32 real, 272 MB
[runlim] sample:		1040.28 time, 1040.32 real, 273 MB
[runlim] sample:		1050.29 time, 1050.32 real, 274 MB
[runlim] sample:		1060.28 time, 1060.32 real, 275 MB
[runlim] sample:		1070.28 time, 1070.32 real, 275 MB
[runlim] sample:		1080.28 time, 1080.32 real, 276 MB
[runlim] sample:		1090.29 time, 1090.32 real, 277 MB
[runlim] sample:		1100.28 time, 1100.32 real, 278 MB
[runlim] sample:		1110.28 time, 1110.32 real, 278 MB
[runlim] sample:		1120.28 time, 1120.32 real, 279 MB
[runlim] sample:		1130.28 time, 1130.32 real, 280 MB
[runlim] sample:		1140.28 time, 1140.32 real, 280 MB
[runlim] sample:		1150.28 time, 1150.32 real, 281 MB
[runlim] sample:		1160.28 time, 1160.32 real, 282 MB
[runlim] sample:		1170.29 time, 1170.32 real, 283 MB
[runlim] sample:		1180.29 time, 1180.32 real, 283 MB
[runlim] sample:		1190.28 time, 1190.32 real, 284 MB
[runlim] sample:		1200.28 time, 1200.32 real, 285 MB
[runlim] sample:		1210.28 time, 1210.32 real, 286 MB
[runlim] sample:		1220.28 time, 1220.32 real, 286 MB
[runlim] sample:		1230.28 time, 1230.32 real, 287 MB
[runlim] sample:		1240.29 time, 1240.32 real, 288 MB
[runlim] sample:		1250.28 time, 1250.32 real, 288 MB
[runlim] sample:		1260.28 time, 1260.32 real, 289 MB
[runlim] sample:		1270.28 time, 1270.32 real, 290 MB
[runlim] sample:		1280.28 time, 1280.32 real, 290 MB
[runlim] sample:		1290.28 time, 1290.32 real, 291 MB
[runlim] sample:		1300.28 time, 1300.32 real, 292 MB
[runlim] sample:		1310.28 time, 1310.32 real, 292 MB
[runlim] sample:		1320.28 time, 1320.32 real, 293 MB
[runlim] sample:		1330.28 time, 1330.32 real, 294 MB
[runlim] sample:		1340.28 time, 1340.32 real, 294 MB
[runlim] sample:		1350.28 time, 1350.32 real, 295 MB
[runlim] sample:		1360.28 time, 1360.32 real, 296 MB
[runlim] sample:		1370.27 time, 1370.32 real, 296 MB
[runlim] sample:		1380.28 time, 1380.32 real, 297 MB
[runlim] sample:		1390.28 time, 1390.32 real, 298 MB
[runlim] sample:		1400.28 time, 1400.32 real, 298 MB
[runlim] sample:		1410.27 time, 1410.32 real, 299 MB
[runlim] sample:		1420.27 time, 1420.32 real, 300 MB
[runlim] sample:		1430.27 time, 1430.32 real, 300 MB
[runlim] sample:		1440.27 time, 1440.32 real, 302 MB
[runlim] sample:		1450.27 time, 1450.32 real, 302 MB
[runlim] sample:		1460.27 time, 1460.32 real, 302 MB
[runlim] sample:		1470.27 time, 1470.32 real, 302 MB
[runlim] sample:		1480.27 time, 1480.32 real, 302 MB
[runlim] sample:		1490.27 time, 1490.32 real, 302 MB
[runlim] sample:		1500.27 time, 1500.32 real, 302 MB
[runlim] sample:		1510.28 time, 1510.32 real, 302 MB
[runlim] sample:		1520.27 time, 1520.32 real, 302 MB
[runlim] sample:		1530.27 time, 1530.32 real, 302 MB
[runlim] sample:		1540.27 time, 1540.32 real, 302 MB
[runlim] sample:		1550.27 time, 1550.32 real, 302 MB
[runlim] sample:		1560.28 time, 1560.32 real, 302 MB
[runlim] sample:		1570.27 time, 1570.32 real, 302 MB
[runlim] sample:		1580.27 time, 1580.32 real, 302 MB
[runlim] sample:		1590.27 time, 1590.32 real, 302 MB
[runlim] sample:		1600.27 time, 1600.32 real, 302 MB
[runlim] sample:		1610.27 time, 1610.32 real, 302 MB
[runlim] sample:		1620.27 time, 1620.32 real, 302 MB
[runlim] sample:		1630.27 time, 1630.32 real, 302 MB
[runlim] sample:		1640.27 time, 1640.32 real, 302 MB
[runlim] sample:		1650.27 time, 1650.32 real, 302 MB
[runlim] sample:		1660.27 time, 1660.32 real, 302 MB
[runlim] sample:		1670.27 time, 1670.32 real, 302 MB
[runlim] sample:		1680.27 time, 1680.32 real, 302 MB
[runlim] sample:		1690.27 time, 1690.32 real, 302 MB
[runlim] sample:		1700.27 time, 1700.32 real, 302 MB
[runlim] sample:		1710.27 time, 1710.32 real, 302 MB
[runlim] sample:		1720.27 time, 1720.32 real, 302 MB
[runlim] sample:		1730.27 time, 1730.32 real, 302 MB
[runlim] sample:		1740.27 time, 1740.32 real, 302 MB
[runlim] sample:		1750.27 time, 1750.32 real, 302 MB
[runlim] sample:		1760.27 time, 1760.32 real, 302 MB
[runlim] sample:		1770.27 time, 1770.32 real, 302 MB
[runlim] sample:		1780.27 time, 1780.32 real, 302 MB
[runlim] sample:		1790.27 time, 1790.32 real, 302 MB
[runlim] sample:		1800.27 time, 1800.32 real, 302 MB
[runlim] sample:		1810.27 time, 1810.32 real, 302 MB
[runlim] sample:		1820.27 time, 1820.32 real, 302 MB
[runlim] sample:		1830.27 time, 1830.32 real, 302 MB
[runlim] sample:		1840.27 time, 1840.32 real, 302 MB
[runlim] sample:		1850.27 time, 1850.32 real, 302 MB
[runlim] sample:		1860.27 time, 1860.32 real, 302 MB
[runlim] sample:		1870.27 time, 1870.32 real, 302 MB
[runlim] sample:		1880.27 time, 1880.32 real, 302 MB
[runlim] sample:		1890.27 time, 1890.32 real, 302 MB
[runlim] sample:		1900.27 time, 1900.32 real, 302 MB
[runlim] sample:		1910.27 time, 1910.32 real, 302 MB
[runlim] sample:		1920.27 time, 1920.32 real, 302 MB
[runlim] sample:		1930.27 time, 1930.32 real, 302 MB
[runlim] sample:		1940.27 time, 1940.32 real, 302 MB
[runlim] sample:		1950.27 time, 1950.32 real, 302 MB
[runlim] sample:		1960.27 time, 1960.32 real, 302 MB
[runlim] sample:		1970.27 time, 1970.32 real, 302 MB
[runlim] sample:		1980.27 time, 1980.32 real, 302 MB
[runlim] sample:		1990.27 time, 1990.32 real, 302 MB
[runlim] sample:		2000.27 time, 2000.32 real, 302 MB
[runlim] sample:		2010.27 time, 2010.32 real, 303 MB
[runlim] sample:		2020.27 time, 2020.32 real, 303 MB
[runlim] sample:		2030.27 time, 2030.32 real, 303 MB
[runlim] sample:		2040.27 time, 2040.32 real, 303 MB
[runlim] sample:		2050.27 time, 2050.32 real, 303 MB
[runlim] sample:		2060.27 time, 2060.32 real, 303 MB
[runlim] sample:		2070.27 time, 2070.32 real, 303 MB
[runlim] sample:		2080.27 time, 2080.32 real, 303 MB
[runlim] sample:		2090.27 time, 2090.32 real, 303 MB
[runlim] sample:		2100.27 time, 2100.32 real, 303 MB
[runlim] sample:		2110.27 time, 2110.32 real, 303 MB
[runlim] sample:		2120.27 time, 2120.32 real, 303 MB
[runlim] sample:		2130.27 time, 2130.32 real, 303 MB
[runlim] sample:		2140.27 time, 2140.32 real, 303 MB
[runlim] sample:		2150.27 time, 2150.32 real, 303 MB
[runlim] sample:		2160.27 time, 2160.32 real, 303 MB
[runlim] sample:		2170.27 time, 2170.32 real, 304 MB
[runlim] sample:		2180.27 time, 2180.32 real, 304 MB
[runlim] sample:		2190.27 time, 2190.32 real, 304 MB
[runlim] sample:		2200.27 time, 2200.32 real, 304 MB
[runlim] sample:		2210.27 time, 2210.32 real, 304 MB
[runlim] sample:		2220.27 time, 2220.32 real, 304 MB
[runlim] sample:		2230.27 time, 2230.32 real, 304 MB
[runlim] sample:		2240.27 time, 2240.32 real, 304 MB
[runlim] sample:		2250.26 time, 2250.32 real, 304 MB
[runlim] sample:		2260.26 time, 2260.32 real, 304 MB
[runlim] sample:		2270.26 time, 2270.32 real, 304 MB
[runlim] sample:		2280.26 time, 2280.32 real, 304 MB
[runlim] sample:		2290.26 time, 2290.32 real, 304 MB
[runlim] sample:		2300.26 time, 2300.32 real, 304 MB
[runlim] sample:		2310.26 time, 2310.32 real, 304 MB
[runlim] sample:		2320.26 time, 2320.32 real, 304 MB
[runlim] sample:		2330.26 time, 2330.32 real, 467 MB
[runlim] sample:		2340.26 time, 2340.32 real, 440 MB
[runlim] sample:		2350.26 time, 2350.32 real, 440 MB
[runlim] sample:		2360.26 time, 2360.32 real, 440 MB
[runlim] sample:		2370.26 time, 2370.32 real, 440 MB
[runlim] sample:		2380.26 time, 2380.32 real, 440 MB
[runlim] sample:		2390.26 time, 2390.32 real, 440 MB
[runlim] sample:		2400.26 time, 2400.32 real, 440 MB
[runlim] sample:		2410.26 time, 2410.32 real, 440 MB
[runlim] sample:		2420.26 time, 2420.32 real, 440 MB
[runlim] sample:		2430.26 time, 2430.32 real, 440 MB
[runlim] sample:		2440.26 time, 2440.32 real, 440 MB
[runlim] sample:		2450.26 time, 2450.32 real, 440 MB
[runlim] sample:		2460.26 time, 2460.32 real, 440 MB
[runlim] sample:		2470.26 time, 2470.32 real, 440 MB
[runlim] sample:		2480.26 time, 2480.32 real, 440 MB
[runlim] sample:		2490.26 time, 2490.32 real, 440 MB
[runlim] sample:		2500.26 time, 2500.32 real, 440 MB
[runlim] sample:		2510.26 time, 2510.32 real, 440 MB
[runlim] sample:		2520.26 time, 2520.32 real, 440 MB
[runlim] sample:		2530.26 time, 2530.32 real, 440 MB
[runlim] sample:		2540.26 time, 2540.32 real, 440 MB
[runlim] sample:		2550.26 time, 2550.32 real, 440 MB
[runlim] sample:		2560.26 time, 2560.32 real, 440 MB
[runlim] sample:		2570.26 time, 2570.32 real, 440 MB
[runlim] sample:		2580.26 time, 2580.32 real, 440 MB
[runlim] sample:		2590.26 time, 2590.32 real, 440 MB
[runlim] sample:		2600.26 time, 2600.32 real, 440 MB
[runlim] sample:		2610.26 time, 2610.32 real, 440 MB
[runlim] sample:		2620.26 time, 2620.32 real, 440 MB
[runlim] sample:		2630.26 time, 2630.32 real, 440 MB
[runlim] sample:		2640.26 time, 2640.32 real, 440 MB
[runlim] sample:		2650.26 time, 2650.32 real, 440 MB
[runlim] sample:		2660.26 time, 2660.32 real, 440 MB
[runlim] sample:		2670.26 time, 2670.32 real, 440 MB
[runlim] sample:		2680.26 time, 2680.32 real, 440 MB
[runlim] sample:		2690.26 time, 2690.32 real, 440 MB
[runlim] end:			Sat Feb 29 07:57:51 2020
[runlim] status:		out of time
[runlim] result:		2
[runlim] children:		1
[runlim] real:			2700.12 seconds
[runlim] time:			2699.96 seconds
[runlim] space:			473 MB
[runlim] samples:		26997
