[runlim] version:		1.18
[runlim] host:			c3n01
[runlim] time limit:		2700 seconds
[runlim] real time limit:	2700 seconds
[runlim] space limit:		7000 MB
[runlim] argv[0]:		./binary
[runlim] argv[1]:		/data/cnf/ankit/E1-A1-instances/5qbf-5cnf-50var-300cl.2.qdimacs
[runlim] start:			Sat Feb 29 07:12:52 2020
[runlim] child:			5429
[runlim] sample:		9.98 time, 10.02 real, 55 MB
[runlim] sample:		19.98 time, 20.01 real, 76 MB
[runlim] sample:		29.98 time, 30.02 real, 88 MB
[runlim] sample:		39.98 time, 40.02 real, 133 MB
[runlim] sample:		49.98 time, 50.02 real, 134 MB
[runlim] sample:		59.98 time, 60.02 real, 134 MB
[runlim] sample:		69.98 time, 70.02 real, 142 MB
[runlim] sample:		79.98 time, 80.02 real, 145 MB
[runlim] sample:		89.98 time, 90.02 real, 152 MB
[runlim] sample:		99.98 time, 100.02 real, 156 MB
[runlim] sample:		109.98 time, 110.02 real, 161 MB
[runlim] sample:		119.98 time, 120.02 real, 164 MB
[runlim] sample:		129.98 time, 130.02 real, 167 MB
[runlim] sample:		139.98 time, 140.02 real, 197 MB
[runlim] sample:		149.98 time, 150.02 real, 197 MB
[runlim] sample:		159.98 time, 160.02 real, 197 MB
[runlim] sample:		169.98 time, 170.02 real, 197 MB
[runlim] sample:		179.98 time, 180.02 real, 197 MB
[runlim] sample:		189.98 time, 190.02 real, 197 MB
[runlim] sample:		199.98 time, 200.02 real, 197 MB
[runlim] sample:		209.98 time, 210.02 real, 200 MB
[runlim] sample:		219.98 time, 220.02 real, 203 MB
[runlim] sample:		229.98 time, 230.02 real, 205 MB
[runlim] sample:		239.98 time, 240.02 real, 208 MB
[runlim] sample:		249.98 time, 250.02 real, 211 MB
[runlim] sample:		259.98 time, 260.02 real, 214 MB
[runlim] sample:		269.98 time, 270.02 real, 216 MB
[runlim] sample:		279.98 time, 280.02 real, 219 MB
[runlim] sample:		289.98 time, 290.02 real, 221 MB
[runlim] sample:		299.98 time, 300.02 real, 223 MB
[runlim] sample:		309.99 time, 310.02 real, 226 MB
[runlim] sample:		319.98 time, 320.02 real, 228 MB
[runlim] sample:		329.99 time, 330.02 real, 229 MB
[runlim] sample:		339.99 time, 340.02 real, 231 MB
[runlim] sample:		350.14 time, 350.17 real, 233 MB
[runlim] sample:		359.99 time, 360.02 real, 235 MB
[runlim] sample:		369.98 time, 370.02 real, 236 MB
[runlim] sample:		379.98 time, 380.02 real, 238 MB
[runlim] sample:		389.98 time, 390.02 real, 239 MB
[runlim] sample:		399.98 time, 400.02 real, 241 MB
[runlim] sample:		409.98 time, 410.02 real, 241 MB
[runlim] sample:		419.98 time, 420.02 real, 241 MB
[runlim] sample:		429.98 time, 430.02 real, 241 MB
[runlim] sample:		439.98 time, 440.02 real, 241 MB
[runlim] sample:		450.08 time, 450.12 real, 241 MB
[runlim] sample:		460.08 time, 460.12 real, 241 MB
[runlim] sample:		470.08 time, 470.12 real, 241 MB
[runlim] sample:		480.08 time, 480.12 real, 241 MB
[runlim] sample:		490.08 time, 490.12 real, 241 MB
[runlim] sample:		500.08 time, 500.12 real, 241 MB
[runlim] sample:		510.08 time, 510.12 real, 241 MB
[runlim] sample:		520.08 time, 520.12 real, 241 MB
[runlim] sample:		530.08 time, 530.12 real, 241 MB
[runlim] sample:		540.08 time, 540.12 real, 243 MB
[runlim] sample:		550.08 time, 550.12 real, 243 MB
[runlim] sample:		560.08 time, 560.12 real, 243 MB
[runlim] sample:		570.08 time, 570.12 real, 243 MB
[runlim] sample:		580.08 time, 580.12 real, 243 MB
[runlim] sample:		590.08 time, 590.12 real, 243 MB
[runlim] sample:		600.08 time, 600.12 real, 243 MB
[runlim] sample:		610.08 time, 610.12 real, 243 MB
[runlim] sample:		620.08 time, 620.12 real, 243 MB
[runlim] sample:		630.08 time, 630.12 real, 243 MB
[runlim] sample:		640.08 time, 640.12 real, 243 MB
[runlim] sample:		650.08 time, 650.12 real, 243 MB
[runlim] sample:		660.08 time, 660.12 real, 243 MB
[runlim] sample:		670.08 time, 670.12 real, 243 MB
[runlim] sample:		680.08 time, 680.12 real, 243 MB
[runlim] sample:		690.08 time, 690.12 real, 243 MB
[runlim] sample:		700.08 time, 700.12 real, 243 MB
[runlim] sample:		710.08 time, 710.12 real, 243 MB
[runlim] sample:		720.08 time, 720.12 real, 243 MB
[runlim] sample:		730.08 time, 730.12 real, 243 MB
[runlim] sample:		740.08 time, 740.12 real, 243 MB
[runlim] sample:		750.08 time, 750.12 real, 243 MB
[runlim] sample:		760.08 time, 760.12 real, 243 MB
[runlim] sample:		770.08 time, 770.12 real, 243 MB
[runlim] sample:		780.08 time, 780.12 real, 243 MB
[runlim] sample:		790.09 time, 790.12 real, 346 MB
[runlim] sample:		800.09 time, 800.12 real, 346 MB
[runlim] sample:		810.09 time, 810.12 real, 346 MB
[runlim] sample:		820.09 time, 820.12 real, 346 MB
[runlim] sample:		830.09 time, 830.12 real, 346 MB
[runlim] sample:		840.09 time, 840.12 real, 346 MB
[runlim] sample:		850.09 time, 850.12 real, 346 MB
[runlim] sample:		860.09 time, 860.12 real, 346 MB
[runlim] sample:		870.09 time, 870.12 real, 346 MB
[runlim] sample:		880.09 time, 880.12 real, 346 MB
[runlim] sample:		890.09 time, 890.12 real, 346 MB
[runlim] sample:		900.09 time, 900.12 real, 346 MB
[runlim] sample:		910.09 time, 910.12 real, 346 MB
[runlim] sample:		920.09 time, 920.12 real, 346 MB
[runlim] sample:		930.09 time, 930.12 real, 346 MB
[runlim] sample:		940.09 time, 940.12 real, 346 MB
[runlim] sample:		950.09 time, 950.12 real, 346 MB
[runlim] sample:		960.09 time, 960.12 real, 346 MB
[runlim] sample:		970.09 time, 970.12 real, 346 MB
[runlim] sample:		980.09 time, 980.12 real, 346 MB
[runlim] sample:		990.09 time, 990.12 real, 346 MB
[runlim] sample:		1000.09 time, 1000.12 real, 346 MB
[runlim] sample:		1010.09 time, 1010.12 real, 346 MB
[runlim] sample:		1020.09 time, 1020.12 real, 346 MB
[runlim] sample:		1030.09 time, 1030.12 real, 346 MB
[runlim] sample:		1040.09 time, 1040.12 real, 346 MB
[runlim] sample:		1050.09 time, 1050.12 real, 346 MB
[runlim] sample:		1060.09 time, 1060.12 real, 346 MB
[runlim] sample:		1070.09 time, 1070.12 real, 346 MB
[runlim] sample:		1080.09 time, 1080.12 real, 347 MB
[runlim] sample:		1090.09 time, 1090.12 real, 347 MB
[runlim] sample:		1100.09 time, 1100.12 real, 347 MB
[runlim] sample:		1110.09 time, 1110.12 real, 347 MB
[runlim] sample:		1120.09 time, 1120.12 real, 347 MB
[runlim] sample:		1130.09 time, 1130.12 real, 347 MB
[runlim] sample:		1140.09 time, 1140.12 real, 347 MB
[runlim] sample:		1150.09 time, 1150.12 real, 347 MB
[runlim] sample:		1160.09 time, 1160.12 real, 347 MB
[runlim] sample:		1170.09 time, 1170.12 real, 347 MB
[runlim] sample:		1180.09 time, 1180.12 real, 347 MB
[runlim] sample:		1190.09 time, 1190.12 real, 347 MB
[runlim] sample:		1200.09 time, 1200.12 real, 347 MB
[runlim] sample:		1210.09 time, 1210.12 real, 347 MB
[runlim] sample:		1220.09 time, 1220.12 real, 347 MB
[runlim] sample:		1230.09 time, 1230.12 real, 347 MB
[runlim] sample:		1240.09 time, 1240.12 real, 347 MB
[runlim] sample:		1250.09 time, 1250.12 real, 347 MB
[runlim] sample:		1260.09 time, 1260.12 real, 347 MB
[runlim] sample:		1270.09 time, 1270.12 real, 347 MB
[runlim] sample:		1280.09 time, 1280.12 real, 347 MB
[runlim] sample:		1290.09 time, 1290.12 real, 347 MB
[runlim] sample:		1300.09 time, 1300.12 real, 347 MB
[runlim] sample:		1310.09 time, 1310.12 real, 347 MB
[runlim] sample:		1320.09 time, 1320.12 real, 347 MB
[runlim] sample:		1330.09 time, 1330.12 real, 347 MB
[runlim] sample:		1340.09 time, 1340.12 real, 347 MB
[runlim] sample:		1350.09 time, 1350.12 real, 347 MB
[runlim] sample:		1360.09 time, 1360.12 real, 347 MB
[runlim] sample:		1370.09 time, 1370.12 real, 347 MB
[runlim] sample:		1380.09 time, 1380.12 real, 347 MB
[runlim] sample:		1390.09 time, 1390.12 real, 347 MB
[runlim] sample:		1400.09 time, 1400.12 real, 347 MB
[runlim] sample:		1410.09 time, 1410.12 real, 347 MB
[runlim] sample:		1420.09 time, 1420.12 real, 347 MB
[runlim] sample:		1430.10 time, 1430.12 real, 347 MB
[runlim] sample:		1440.10 time, 1440.12 real, 347 MB
[runlim] sample:		1450.10 time, 1450.12 real, 347 MB
[runlim] sample:		1460.10 time, 1460.12 real, 347 MB
[runlim] sample:		1470.09 time, 1470.12 real, 348 MB
[runlim] sample:		1480.09 time, 1480.12 real, 348 MB
[runlim] sample:		1490.09 time, 1490.12 real, 348 MB
[runlim] sample:		1500.10 time, 1500.12 real, 348 MB
[runlim] sample:		1510.10 time, 1510.12 real, 349 MB
[runlim] sample:		1520.10 time, 1520.12 real, 349 MB
[runlim] sample:		1530.09 time, 1530.12 real, 349 MB
[runlim] sample:		1540.09 time, 1540.12 real, 351 MB
[runlim] sample:		1550.09 time, 1550.12 real, 351 MB
[runlim] sample:		1560.10 time, 1560.12 real, 352 MB
[runlim] sample:		1570.09 time, 1570.12 real, 353 MB
[runlim] sample:		1580.10 time, 1580.12 real, 354 MB
[runlim] sample:		1590.10 time, 1590.12 real, 355 MB
[runlim] sample:		1600.09 time, 1600.12 real, 356 MB
[runlim] sample:		1610.09 time, 1610.12 real, 356 MB
[runlim] sample:		1620.09 time, 1620.12 real, 357 MB
[runlim] sample:		1630.09 time, 1630.12 real, 358 MB
[runlim] sample:		1640.09 time, 1640.12 real, 359 MB
[runlim] sample:		1650.09 time, 1650.12 real, 365 MB
[runlim] sample:		1660.09 time, 1660.12 real, 365 MB
[runlim] sample:		1670.09 time, 1670.12 real, 365 MB
[runlim] sample:		1680.09 time, 1680.12 real, 365 MB
[runlim] sample:		1690.09 time, 1690.12 real, 365 MB
[runlim] sample:		1700.09 time, 1700.12 real, 365 MB
[runlim] sample:		1710.09 time, 1710.12 real, 365 MB
[runlim] sample:		1720.09 time, 1720.12 real, 365 MB
[runlim] sample:		1730.09 time, 1730.12 real, 365 MB
[runlim] sample:		1740.09 time, 1740.12 real, 365 MB
[runlim] sample:		1750.09 time, 1750.12 real, 365 MB
[runlim] sample:		1760.09 time, 1760.12 real, 365 MB
[runlim] sample:		1770.09 time, 1770.12 real, 365 MB
[runlim] sample:		1780.09 time, 1780.12 real, 365 MB
[runlim] sample:		1790.09 time, 1790.12 real, 365 MB
[runlim] sample:		1800.09 time, 1800.12 real, 365 MB
[runlim] sample:		1810.09 time, 1810.12 real, 365 MB
[runlim] sample:		1820.09 time, 1820.12 real, 365 MB
[runlim] sample:		1830.09 time, 1830.12 real, 365 MB
[runlim] sample:		1840.09 time, 1840.12 real, 365 MB
[runlim] sample:		1850.09 time, 1850.12 real, 365 MB
[runlim] sample:		1860.09 time, 1860.12 real, 365 MB
[runlim] sample:		1870.09 time, 1870.12 real, 365 MB
[runlim] sample:		1880.09 time, 1880.12 real, 365 MB
[runlim] sample:		1890.09 time, 1890.12 real, 365 MB
[runlim] sample:		1900.09 time, 1900.12 real, 365 MB
[runlim] sample:		1910.09 time, 1910.12 real, 365 MB
[runlim] sample:		1920.09 time, 1920.12 real, 365 MB
[runlim] sample:		1930.09 time, 1930.12 real, 365 MB
[runlim] sample:		1940.09 time, 1940.12 real, 365 MB
[runlim] sample:		1950.09 time, 1950.12 real, 365 MB
[runlim] sample:		1960.09 time, 1960.12 real, 365 MB
[runlim] sample:		1970.09 time, 1970.12 real, 365 MB
[runlim] sample:		1980.09 time, 1980.12 real, 365 MB
[runlim] sample:		1990.09 time, 1990.12 real, 365 MB
[runlim] sample:		2000.09 time, 2000.12 real, 365 MB
[runlim] sample:		2010.09 time, 2010.12 real, 365 MB
[runlim] sample:		2020.09 time, 2020.12 real, 365 MB
[runlim] sample:		2030.09 time, 2030.12 real, 365 MB
[runlim] sample:		2040.09 time, 2040.12 real, 365 MB
[runlim] sample:		2050.09 time, 2050.12 real, 365 MB
[runlim] sample:		2060.09 time, 2060.12 real, 365 MB
[runlim] sample:		2070.09 time, 2070.12 real, 365 MB
[runlim] sample:		2080.09 time, 2080.12 real, 365 MB
[runlim] sample:		2090.09 time, 2090.12 real, 365 MB
[runlim] sample:		2100.09 time, 2100.12 real, 365 MB
[runlim] sample:		2110.09 time, 2110.12 real, 365 MB
[runlim] sample:		2120.09 time, 2120.12 real, 365 MB
[runlim] sample:		2130.09 time, 2130.12 real, 365 MB
[runlim] sample:		2140.09 time, 2140.12 real, 365 MB
[runlim] sample:		2150.09 time, 2150.12 real, 365 MB
[runlim] sample:		2160.09 time, 2160.12 real, 365 MB
[runlim] sample:		2170.09 time, 2170.12 real, 365 MB
[runlim] sample:		2180.09 time, 2180.12 real, 365 MB
[runlim] sample:		2190.09 time, 2190.12 real, 365 MB
[runlim] sample:		2200.09 time, 2200.12 real, 365 MB
[runlim] sample:		2210.09 time, 2210.12 real, 365 MB
[runlim] sample:		2220.09 time, 2220.12 real, 365 MB
[runlim] sample:		2230.09 time, 2230.12 real, 365 MB
[runlim] sample:		2240.10 time, 2240.12 real, 365 MB
[runlim] sample:		2250.10 time, 2250.12 real, 365 MB
[runlim] sample:		2260.10 time, 2260.12 real, 365 MB
[runlim] sample:		2270.10 time, 2270.12 real, 365 MB
[runlim] sample:		2280.10 time, 2280.12 real, 365 MB
[runlim] sample:		2290.10 time, 2290.12 real, 365 MB
[runlim] sample:		2300.10 time, 2300.12 real, 365 MB
[runlim] sample:		2310.10 time, 2310.12 real, 365 MB
[runlim] sample:		2320.10 time, 2320.12 real, 365 MB
[runlim] sample:		2330.10 time, 2330.12 real, 365 MB
[runlim] sample:		2340.10 time, 2340.12 real, 365 MB
[runlim] sample:		2350.10 time, 2350.12 real, 365 MB
[runlim] sample:		2360.10 time, 2360.12 real, 365 MB
[runlim] sample:		2370.10 time, 2370.12 real, 365 MB
[runlim] sample:		2380.10 time, 2380.12 real, 365 MB
[runlim] sample:		2390.10 time, 2390.12 real, 365 MB
[runlim] sample:		2400.10 time, 2400.12 real, 365 MB
[runlim] sample:		2410.10 time, 2410.12 real, 365 MB
[runlim] sample:		2420.10 time, 2420.12 real, 365 MB
[runlim] sample:		2430.10 time, 2430.12 real, 365 MB
[runlim] sample:		2440.10 time, 2440.12 real, 365 MB
[runlim] sample:		2450.10 time, 2450.12 real, 365 MB
[runlim] sample:		2460.10 time, 2460.12 real, 365 MB
[runlim] sample:		2470.10 time, 2470.12 real, 365 MB
[runlim] sample:		2480.10 time, 2480.12 real, 365 MB
[runlim] sample:		2490.10 time, 2490.12 real, 365 MB
[runlim] sample:		2500.10 time, 2500.12 real, 365 MB
[runlim] sample:		2510.10 time, 2510.12 real, 365 MB
[runlim] sample:		2520.10 time, 2520.12 real, 365 MB
[runlim] sample:		2530.10 time, 2530.12 real, 365 MB
[runlim] sample:		2540.10 time, 2540.12 real, 365 MB
[runlim] sample:		2550.10 time, 2550.12 real, 365 MB
[runlim] sample:		2560.10 time, 2560.12 real, 365 MB
[runlim] sample:		2570.10 time, 2570.12 real, 365 MB
[runlim] sample:		2580.10 time, 2580.12 real, 365 MB
[runlim] sample:		2590.10 time, 2590.12 real, 365 MB
[runlim] sample:		2600.10 time, 2600.12 real, 365 MB
[runlim] sample:		2610.10 time, 2610.12 real, 365 MB
[runlim] sample:		2620.10 time, 2620.12 real, 365 MB
[runlim] sample:		2630.10 time, 2630.12 real, 365 MB
[runlim] sample:		2640.10 time, 2640.12 real, 365 MB
[runlim] sample:		2650.10 time, 2650.12 real, 365 MB
[runlim] sample:		2660.10 time, 2660.12 real, 365 MB
[runlim] sample:		2670.10 time, 2670.12 real, 365 MB
[runlim] sample:		2680.10 time, 2680.12 real, 365 MB
[runlim] sample:		2690.10 time, 2690.12 real, 365 MB
[runlim] end:			Sat Feb 29 07:57:52 2020
[runlim] status:		out of time
[runlim] result:		2
[runlim] children:		1
[runlim] real:			2700.14 seconds
[runlim] time:			2700.00 seconds
[runlim] space:			552 MB
[runlim] samples:		26999
