[runlim] version:		1.18
[runlim] host:			c3n04
[runlim] time limit:		2700 seconds
[runlim] real time limit:	2700 seconds
[runlim] space limit:		7000 MB
[runlim] argv[0]:		./binary
[runlim] argv[1]:		/data/cnf/ankit/E1-A1-instances/bobsmhdlc.qdimacs
[runlim] start:			Sat Feb 29 07:12:51 2020
[runlim] child:			22582
[runlim] sample:		9.92 time, 10.12 real, 46 MB
[runlim] sample:		19.92 time, 20.12 real, 100 MB
[runlim] sample:		29.92 time, 30.12 real, 126 MB
[runlim] sample:		39.92 time, 40.12 real, 171 MB
[runlim] sample:		49.92 time, 50.12 real, 183 MB
[runlim] sample:		59.92 time, 60.12 real, 188 MB
[runlim] sample:		69.92 time, 70.12 real, 192 MB
[runlim] sample:		79.92 time, 80.12 real, 196 MB
[runlim] sample:		89.92 time, 90.12 real, 199 MB
[runlim] sample:		99.92 time, 100.12 real, 220 MB
[runlim] sample:		109.92 time, 110.12 real, 220 MB
[runlim] sample:		119.93 time, 120.12 real, 220 MB
[runlim] sample:		129.93 time, 130.12 real, 220 MB
[runlim] sample:		139.93 time, 140.12 real, 220 MB
[runlim] sample:		149.93 time, 150.12 real, 220 MB
[runlim] sample:		159.93 time, 160.12 real, 220 MB
[runlim] sample:		169.92 time, 170.12 real, 222 MB
[runlim] sample:		179.92 time, 180.12 real, 226 MB
[runlim] sample:		189.93 time, 190.12 real, 228 MB
[runlim] sample:		199.92 time, 200.12 real, 231 MB
[runlim] sample:		209.92 time, 210.12 real, 234 MB
[runlim] sample:		219.92 time, 220.12 real, 238 MB
[runlim] sample:		229.92 time, 230.12 real, 240 MB
[runlim] sample:		239.92 time, 240.12 real, 286 MB
[runlim] sample:		249.92 time, 250.12 real, 288 MB
[runlim] sample:		259.92 time, 260.12 real, 295 MB
[runlim] sample:		269.92 time, 270.12 real, 300 MB
[runlim] sample:		279.92 time, 280.12 real, 305 MB
[runlim] sample:		289.93 time, 290.12 real, 309 MB
[runlim] sample:		299.92 time, 300.12 real, 314 MB
[runlim] sample:		309.92 time, 310.12 real, 317 MB
[runlim] sample:		319.92 time, 320.12 real, 320 MB
[runlim] sample:		329.92 time, 330.12 real, 324 MB
[runlim] sample:		339.92 time, 340.12 real, 327 MB
[runlim] sample:		349.93 time, 350.12 real, 330 MB
[runlim] sample:		359.92 time, 360.12 real, 332 MB
[runlim] sample:		369.92 time, 370.12 real, 335 MB
[runlim] sample:		379.92 time, 380.12 real, 337 MB
[runlim] sample:		389.92 time, 390.12 real, 339 MB
[runlim] sample:		399.92 time, 400.12 real, 343 MB
[runlim] sample:		409.92 time, 410.12 real, 347 MB
[runlim] sample:		419.92 time, 420.12 real, 350 MB
[runlim] sample:		429.92 time, 430.12 real, 352 MB
[runlim] sample:		439.92 time, 440.12 real, 355 MB
[runlim] sample:		450.12 time, 450.32 real, 358 MB
[runlim] sample:		460.12 time, 460.32 real, 360 MB
[runlim] sample:		470.12 time, 470.32 real, 362 MB
[runlim] sample:		480.12 time, 480.32 real, 411 MB
[runlim] sample:		490.12 time, 490.32 real, 411 MB
[runlim] sample:		500.12 time, 500.32 real, 411 MB
[runlim] sample:		510.12 time, 510.32 real, 411 MB
[runlim] sample:		520.12 time, 520.32 real, 411 MB
[runlim] sample:		530.12 time, 530.32 real, 411 MB
[runlim] sample:		540.12 time, 540.32 real, 411 MB
[runlim] sample:		550.12 time, 550.32 real, 411 MB
[runlim] sample:		560.12 time, 560.32 real, 411 MB
[runlim] sample:		570.12 time, 570.32 real, 411 MB
[runlim] sample:		580.12 time, 580.32 real, 411 MB
[runlim] sample:		590.12 time, 590.32 real, 411 MB
[runlim] sample:		600.15 time, 600.35 real, 411 MB
[runlim] sample:		610.12 time, 610.32 real, 411 MB
[runlim] sample:		620.12 time, 620.32 real, 411 MB
[runlim] sample:		630.12 time, 630.32 real, 411 MB
[runlim] sample:		640.12 time, 640.32 real, 411 MB
[runlim] sample:		650.12 time, 650.32 real, 411 MB
[runlim] sample:		660.12 time, 660.32 real, 412 MB
[runlim] sample:		670.13 time, 670.32 real, 414 MB
[runlim] sample:		680.12 time, 680.32 real, 416 MB
[runlim] sample:		690.12 time, 690.32 real, 418 MB
[runlim] sample:		700.12 time, 700.32 real, 420 MB
[runlim] sample:		710.12 time, 710.32 real, 422 MB
[runlim] sample:		720.12 time, 720.32 real, 423 MB
[runlim] sample:		730.13 time, 730.32 real, 425 MB
[runlim] sample:		740.12 time, 740.32 real, 427 MB
[runlim] sample:		750.12 time, 750.32 real, 428 MB
[runlim] sample:		760.12 time, 760.32 real, 430 MB
[runlim] sample:		770.13 time, 770.32 real, 431 MB
[runlim] sample:		780.12 time, 780.32 real, 432 MB
[runlim] sample:		790.12 time, 790.32 real, 432 MB
[runlim] sample:		800.12 time, 800.32 real, 433 MB
[runlim] sample:		810.12 time, 810.32 real, 444 MB
[runlim] sample:		820.12 time, 820.32 real, 444 MB
[runlim] sample:		830.12 time, 830.32 real, 444 MB
[runlim] sample:		840.12 time, 840.32 real, 444 MB
[runlim] sample:		850.12 time, 850.32 real, 444 MB
[runlim] sample:		860.12 time, 860.32 real, 444 MB
[runlim] sample:		870.12 time, 870.32 real, 444 MB
[runlim] sample:		880.12 time, 880.32 real, 444 MB
[runlim] sample:		890.12 time, 890.32 real, 444 MB
[runlim] sample:		900.12 time, 900.32 real, 444 MB
[runlim] sample:		910.12 time, 910.32 real, 444 MB
[runlim] sample:		920.12 time, 920.32 real, 444 MB
[runlim] sample:		930.12 time, 930.32 real, 444 MB
[runlim] sample:		940.12 time, 940.32 real, 444 MB
[runlim] sample:		950.12 time, 950.32 real, 444 MB
[runlim] sample:		960.12 time, 960.32 real, 444 MB
[runlim] sample:		970.12 time, 970.32 real, 444 MB
[runlim] sample:		980.12 time, 980.32 real, 444 MB
[runlim] sample:		990.12 time, 990.32 real, 444 MB
[runlim] sample:		1000.12 time, 1000.32 real, 444 MB
[runlim] sample:		1010.12 time, 1010.32 real, 444 MB
[runlim] sample:		1020.12 time, 1020.32 real, 444 MB
[runlim] sample:		1030.12 time, 1030.32 real, 444 MB
[runlim] sample:		1040.12 time, 1040.32 real, 444 MB
[runlim] sample:		1050.12 time, 1050.32 real, 444 MB
[runlim] sample:		1060.12 time, 1060.32 real, 444 MB
[runlim] sample:		1070.12 time, 1070.32 real, 444 MB
[runlim] sample:		1080.12 time, 1080.32 real, 444 MB
[runlim] sample:		1090.12 time, 1090.32 real, 444 MB
[runlim] sample:		1100.12 time, 1100.32 real, 444 MB
[runlim] sample:		1110.12 time, 1110.32 real, 444 MB
[runlim] sample:		1120.12 time, 1120.32 real, 444 MB
[runlim] sample:		1130.12 time, 1130.32 real, 444 MB
[runlim] sample:		1140.12 time, 1140.32 real, 444 MB
[runlim] sample:		1150.13 time, 1150.32 real, 444 MB
[runlim] sample:		1160.13 time, 1160.32 real, 444 MB
[runlim] sample:		1170.13 time, 1170.32 real, 444 MB
[runlim] sample:		1180.13 time, 1180.32 real, 444 MB
[runlim] sample:		1190.13 time, 1190.32 real, 444 MB
[runlim] sample:		1200.13 time, 1200.32 real, 444 MB
[runlim] sample:		1210.13 time, 1210.32 real, 444 MB
[runlim] sample:		1220.13 time, 1220.32 real, 444 MB
[runlim] sample:		1230.13 time, 1230.32 real, 444 MB
[runlim] sample:		1240.13 time, 1240.32 real, 444 MB
[runlim] sample:		1250.13 time, 1250.32 real, 444 MB
[runlim] sample:		1260.13 time, 1260.32 real, 444 MB
[runlim] sample:		1270.13 time, 1270.32 real, 444 MB
[runlim] sample:		1280.13 time, 1280.32 real, 444 MB
[runlim] sample:		1290.13 time, 1290.32 real, 444 MB
[runlim] sample:		1300.13 time, 1300.32 real, 444 MB
[runlim] sample:		1310.13 time, 1310.32 real, 444 MB
[runlim] sample:		1320.13 time, 1320.32 real, 444 MB
[runlim] sample:		1330.13 time, 1330.32 real, 444 MB
[runlim] sample:		1340.13 time, 1340.32 real, 444 MB
[runlim] sample:		1350.13 time, 1350.32 real, 444 MB
[runlim] sample:		1360.13 time, 1360.32 real, 444 MB
[runlim] sample:		1370.13 time, 1370.32 real, 444 MB
[runlim] sample:		1380.13 time, 1380.32 real, 444 MB
[runlim] sample:		1390.13 time, 1390.32 real, 444 MB
[runlim] sample:		1400.13 time, 1400.32 real, 444 MB
[runlim] sample:		1410.12 time, 1410.32 real, 444 MB
[runlim] sample:		1420.13 time, 1420.32 real, 444 MB
[runlim] sample:		1430.12 time, 1430.32 real, 447 MB
[runlim] sample:		1440.13 time, 1440.32 real, 480 MB
[runlim] sample:		1450.13 time, 1450.32 real, 480 MB
[runlim] sample:		1460.13 time, 1460.32 real, 480 MB
[runlim] sample:		1470.13 time, 1470.32 real, 480 MB
[runlim] sample:		1480.13 time, 1480.32 real, 480 MB
[runlim] sample:		1490.13 time, 1490.32 real, 480 MB
[runlim] sample:		1500.12 time, 1500.32 real, 480 MB
[runlim] sample:		1510.12 time, 1510.32 real, 480 MB
[runlim] sample:		1520.12 time, 1520.32 real, 480 MB
[runlim] sample:		1530.12 time, 1530.32 real, 480 MB
[runlim] sample:		1540.12 time, 1540.32 real, 480 MB
[runlim] sample:		1550.12 time, 1550.32 real, 480 MB
[runlim] sample:		1560.12 time, 1560.32 real, 480 MB
[runlim] sample:		1570.12 time, 1570.32 real, 480 MB
[runlim] sample:		1580.12 time, 1580.32 real, 480 MB
[runlim] sample:		1590.12 time, 1590.32 real, 480 MB
[runlim] sample:		1600.12 time, 1600.32 real, 480 MB
[runlim] sample:		1610.12 time, 1610.32 real, 480 MB
[runlim] sample:		1620.12 time, 1620.32 real, 480 MB
[runlim] sample:		1630.12 time, 1630.32 real, 480 MB
[runlim] sample:		1640.12 time, 1640.32 real, 481 MB
[runlim] sample:		1650.13 time, 1650.32 real, 483 MB
[runlim] sample:		1660.13 time, 1660.32 real, 561 MB
[runlim] sample:		1670.13 time, 1670.32 real, 561 MB
[runlim] sample:		1680.13 time, 1680.32 real, 561 MB
[runlim] sample:		1690.13 time, 1690.32 real, 561 MB
[runlim] sample:		1700.13 time, 1700.32 real, 566 MB
[runlim] sample:		1710.13 time, 1710.32 real, 571 MB
[runlim] sample:		1720.13 time, 1720.32 real, 575 MB
[runlim] sample:		1730.13 time, 1730.32 real, 580 MB
[runlim] sample:		1740.13 time, 1740.32 real, 584 MB
[runlim] sample:		1750.12 time, 1750.32 real, 587 MB
[runlim] sample:		1760.13 time, 1760.32 real, 591 MB
[runlim] sample:		1770.13 time, 1770.32 real, 594 MB
[runlim] sample:		1780.13 time, 1780.32 real, 597 MB
[runlim] sample:		1790.13 time, 1790.32 real, 601 MB
[runlim] sample:		1800.13 time, 1800.32 real, 604 MB
[runlim] sample:		1810.13 time, 1810.32 real, 607 MB
[runlim] sample:		1820.13 time, 1820.32 real, 610 MB
[runlim] sample:		1830.12 time, 1830.32 real, 613 MB
[runlim] sample:		1840.13 time, 1840.32 real, 616 MB
[runlim] sample:		1850.13 time, 1850.32 real, 618 MB
[runlim] sample:		1860.13 time, 1860.32 real, 621 MB
[runlim] sample:		1870.13 time, 1870.32 real, 624 MB
[runlim] sample:		1880.13 time, 1880.32 real, 626 MB
[runlim] sample:		1890.13 time, 1890.32 real, 629 MB
[runlim] sample:		1900.13 time, 1900.32 real, 631 MB
[runlim] sample:		1910.13 time, 1910.32 real, 633 MB
[runlim] sample:		1920.12 time, 1920.32 real, 636 MB
[runlim] sample:		1930.12 time, 1930.32 real, 638 MB
[runlim] sample:		1940.12 time, 1940.32 real, 640 MB
[runlim] sample:		1950.12 time, 1950.32 real, 642 MB
[runlim] sample:		1960.12 time, 1960.32 real, 644 MB
[runlim] sample:		1970.13 time, 1970.32 real, 647 MB
[runlim] sample:		1980.13 time, 1980.32 real, 648 MB
[runlim] sample:		1990.13 time, 1990.32 real, 650 MB
[runlim] sample:		2000.13 time, 2000.32 real, 652 MB
[runlim] sample:		2010.13 time, 2010.32 real, 668 MB
[runlim] sample:		2020.12 time, 2020.32 real, 763 MB
[runlim] sample:		2030.12 time, 2030.32 real, 763 MB
[runlim] sample:		2040.12 time, 2040.32 real, 763 MB
[runlim] sample:		2050.12 time, 2050.32 real, 763 MB
[runlim] sample:		2060.13 time, 2060.32 real, 763 MB
[runlim] sample:		2070.13 time, 2070.32 real, 763 MB
[runlim] sample:		2080.13 time, 2080.32 real, 763 MB
[runlim] sample:		2090.13 time, 2090.32 real, 763 MB
[runlim] sample:		2100.13 time, 2100.32 real, 763 MB
[runlim] sample:		2110.13 time, 2110.32 real, 763 MB
[runlim] sample:		2120.13 time, 2120.32 real, 763 MB
[runlim] sample:		2130.13 time, 2130.32 real, 763 MB
[runlim] sample:		2140.13 time, 2140.32 real, 763 MB
[runlim] sample:		2150.13 time, 2150.32 real, 763 MB
[runlim] sample:		2160.13 time, 2160.32 real, 763 MB
[runlim] sample:		2170.13 time, 2170.32 real, 763 MB
[runlim] sample:		2180.13 time, 2180.32 real, 763 MB
[runlim] sample:		2190.13 time, 2190.32 real, 765 MB
[runlim] sample:		2200.12 time, 2200.32 real, 767 MB
[runlim] sample:		2210.13 time, 2210.32 real, 770 MB
[runlim] sample:		2220.13 time, 2220.32 real, 772 MB
[runlim] sample:		2230.13 time, 2230.32 real, 773 MB
[runlim] sample:		2240.13 time, 2240.32 real, 775 MB
[runlim] sample:		2250.13 time, 2250.32 real, 776 MB
[runlim] sample:		2260.13 time, 2260.32 real, 778 MB
[runlim] sample:		2270.13 time, 2270.32 real, 779 MB
[runlim] sample:		2280.13 time, 2280.32 real, 780 MB
[runlim] sample:		2290.13 time, 2290.32 real, 781 MB
[runlim] sample:		2300.13 time, 2300.32 real, 782 MB
[runlim] sample:		2310.13 time, 2310.32 real, 785 MB
[runlim] sample:		2320.12 time, 2320.32 real, 787 MB
[runlim] sample:		2330.12 time, 2330.32 real, 788 MB
[runlim] sample:		2340.13 time, 2340.32 real, 790 MB
[runlim] sample:		2350.13 time, 2350.32 real, 792 MB
[runlim] sample:		2360.13 time, 2360.32 real, 794 MB
[runlim] sample:		2370.13 time, 2370.32 real, 796 MB
[runlim] sample:		2380.13 time, 2380.32 real, 798 MB
[runlim] sample:		2390.13 time, 2390.32 real, 800 MB
[runlim] sample:		2400.13 time, 2400.32 real, 801 MB
[runlim] sample:		2410.13 time, 2410.32 real, 803 MB
[runlim] sample:		2420.13 time, 2420.32 real, 805 MB
[runlim] sample:		2430.12 time, 2430.32 real, 807 MB
[runlim] sample:		2440.12 time, 2440.32 real, 820 MB
[runlim] sample:		2450.12 time, 2450.32 real, 820 MB
[runlim] sample:		2460.13 time, 2460.32 real, 820 MB
[runlim] sample:		2470.13 time, 2470.32 real, 820 MB
[runlim] sample:		2480.13 time, 2480.32 real, 820 MB
[runlim] sample:		2490.13 time, 2490.32 real, 820 MB
[runlim] sample:		2500.12 time, 2500.32 real, 821 MB
[runlim] sample:		2510.12 time, 2510.32 real, 822 MB
[runlim] sample:		2520.13 time, 2520.32 real, 823 MB
[runlim] sample:		2530.13 time, 2530.32 real, 824 MB
[runlim] sample:		2540.12 time, 2540.32 real, 825 MB
[runlim] sample:		2550.13 time, 2550.32 real, 826 MB
[runlim] sample:		2560.12 time, 2560.32 real, 827 MB
[runlim] sample:		2570.13 time, 2570.32 real, 829 MB
[runlim] sample:		2580.12 time, 2580.32 real, 830 MB
[runlim] sample:		2590.12 time, 2590.32 real, 832 MB
[runlim] sample:		2600.13 time, 2600.32 real, 834 MB
[runlim] sample:		2610.13 time, 2610.32 real, 835 MB
[runlim] sample:		2620.13 time, 2620.32 real, 837 MB
[runlim] sample:		2630.12 time, 2630.32 real, 838 MB
[runlim] sample:		2640.12 time, 2640.32 real, 839 MB
[runlim] sample:		2650.13 time, 2650.32 real, 841 MB
[runlim] sample:		2660.13 time, 2660.32 real, 843 MB
[runlim] sample:		2670.13 time, 2670.32 real, 844 MB
[runlim] sample:		2680.13 time, 2680.32 real, 845 MB
[runlim] sample:		2690.12 time, 2690.32 real, 847 MB
[runlim] end:			Sat Feb 29 07:57:51 2020
[runlim] status:		out of time
[runlim] result:		2
[runlim] children:		1
[runlim] real:			2700.15 seconds
[runlim] time:			2699.83 seconds
[runlim] space:			848 MB
[runlim] samples:		26997
