[runlim] version:		1.18
[runlim] host:			c3n04
[runlim] time limit:		2700 seconds
[runlim] real time limit:	2700 seconds
[runlim] space limit:		7000 MB
[runlim] argv[0]:		./binary
[runlim] argv[1]:		/data/cnf/ankit/E1-A1-instances/C432.blif_0.10_0.20_0_1_inp_exact.qdimacs
[runlim] start:			Sat Feb 29 07:12:52 2020
[runlim] child:			22628
[runlim] sample:		7.93 time, 10.12 real, 57 MB
[runlim] sample:		17.93 time, 20.12 real, 79 MB
[runlim] sample:		27.93 time, 30.12 real, 109 MB
[runlim] sample:		37.93 time, 40.12 real, 120 MB
[runlim] sample:		47.93 time, 50.12 real, 120 MB
[runlim] sample:		57.93 time, 60.12 real, 120 MB
[runlim] sample:		67.93 time, 70.12 real, 120 MB
[runlim] sample:		77.93 time, 80.12 real, 189 MB
[runlim] sample:		87.93 time, 90.12 real, 189 MB
[runlim] sample:		97.93 time, 100.12 real, 189 MB
[runlim] sample:		107.93 time, 110.12 real, 189 MB
[runlim] sample:		117.93 time, 120.12 real, 189 MB
[runlim] sample:		127.93 time, 130.12 real, 189 MB
[runlim] sample:		137.93 time, 140.12 real, 189 MB
[runlim] sample:		147.93 time, 150.12 real, 189 MB
[runlim] sample:		157.93 time, 160.12 real, 189 MB
[runlim] sample:		167.93 time, 170.12 real, 189 MB
[runlim] sample:		177.93 time, 180.12 real, 189 MB
[runlim] sample:		187.93 time, 190.12 real, 189 MB
[runlim] sample:		197.93 time, 200.12 real, 189 MB
[runlim] sample:		207.93 time, 210.12 real, 189 MB
[runlim] sample:		217.93 time, 220.12 real, 189 MB
[runlim] sample:		227.93 time, 230.12 real, 189 MB
[runlim] sample:		237.93 time, 240.12 real, 189 MB
[runlim] sample:		247.93 time, 250.12 real, 189 MB
[runlim] sample:		257.93 time, 260.12 real, 189 MB
[runlim] sample:		267.93 time, 270.12 real, 189 MB
[runlim] sample:		277.93 time, 280.12 real, 189 MB
[runlim] sample:		287.93 time, 290.12 real, 259 MB
[runlim] sample:		297.93 time, 300.12 real, 259 MB
[runlim] sample:		307.93 time, 310.12 real, 259 MB
[runlim] sample:		317.93 time, 320.12 real, 259 MB
[runlim] sample:		327.93 time, 330.12 real, 260 MB
[runlim] sample:		337.93 time, 340.12 real, 260 MB
[runlim] sample:		348.08 time, 350.26 real, 260 MB
[runlim] sample:		358.04 time, 360.22 real, 260 MB
[runlim] sample:		368.04 time, 370.22 real, 260 MB
[runlim] sample:		378.03 time, 380.22 real, 264 MB
[runlim] sample:		388.03 time, 390.22 real, 267 MB
[runlim] sample:		398.03 time, 400.22 real, 269 MB
[runlim] sample:		408.03 time, 410.22 real, 272 MB
[runlim] sample:		418.04 time, 420.22 real, 275 MB
[runlim] sample:		428.04 time, 430.22 real, 277 MB
[runlim] sample:		438.04 time, 440.22 real, 279 MB
[runlim] sample:		448.23 time, 450.42 real, 282 MB
[runlim] sample:		458.23 time, 460.42 real, 285 MB
[runlim] sample:		468.23 time, 470.42 real, 287 MB
[runlim] sample:		478.22 time, 480.42 real, 289 MB
[runlim] sample:		488.22 time, 490.42 real, 292 MB
[runlim] sample:		498.23 time, 500.42 real, 294 MB
[runlim] sample:		508.23 time, 510.42 real, 296 MB
[runlim] sample:		518.23 time, 520.42 real, 298 MB
[runlim] sample:		528.23 time, 530.42 real, 300 MB
[runlim] sample:		538.23 time, 540.42 real, 302 MB
[runlim] sample:		548.22 time, 550.42 real, 304 MB
[runlim] sample:		558.23 time, 560.42 real, 306 MB
[runlim] sample:		568.23 time, 570.42 real, 307 MB
[runlim] sample:		578.23 time, 580.42 real, 309 MB
[runlim] sample:		588.22 time, 590.42 real, 310 MB
[runlim] sample:		598.23 time, 600.42 real, 312 MB
[runlim] sample:		608.23 time, 610.42 real, 313 MB
[runlim] sample:		618.23 time, 620.42 real, 314 MB
[runlim] sample:		628.23 time, 630.42 real, 316 MB
[runlim] sample:		638.23 time, 640.42 real, 317 MB
[runlim] sample:		648.23 time, 650.42 real, 318 MB
[runlim] sample:		658.23 time, 660.42 real, 319 MB
[runlim] sample:		668.23 time, 670.42 real, 321 MB
[runlim] sample:		678.23 time, 680.42 real, 321 MB
[runlim] sample:		688.23 time, 690.42 real, 321 MB
[runlim] sample:		698.23 time, 700.42 real, 321 MB
[runlim] sample:		708.23 time, 710.42 real, 321 MB
[runlim] sample:		718.23 time, 720.42 real, 321 MB
[runlim] sample:		728.23 time, 730.42 real, 321 MB
[runlim] sample:		738.23 time, 740.42 real, 321 MB
[runlim] sample:		748.23 time, 750.42 real, 321 MB
[runlim] sample:		758.23 time, 760.42 real, 321 MB
[runlim] sample:		768.23 time, 770.42 real, 321 MB
[runlim] sample:		778.22 time, 780.42 real, 327 MB
[runlim] sample:		788.22 time, 790.42 real, 327 MB
[runlim] sample:		798.22 time, 800.42 real, 327 MB
[runlim] sample:		808.22 time, 810.42 real, 327 MB
[runlim] sample:		818.22 time, 820.42 real, 327 MB
[runlim] sample:		828.22 time, 830.42 real, 327 MB
[runlim] sample:		838.23 time, 840.42 real, 329 MB
[runlim] sample:		848.23 time, 850.42 real, 329 MB
[runlim] sample:		858.23 time, 860.42 real, 329 MB
[runlim] sample:		868.23 time, 870.42 real, 329 MB
[runlim] sample:		878.23 time, 880.42 real, 329 MB
[runlim] sample:		888.23 time, 890.42 real, 329 MB
[runlim] sample:		898.22 time, 900.42 real, 329 MB
[runlim] sample:		908.22 time, 910.42 real, 329 MB
[runlim] sample:		918.22 time, 920.42 real, 329 MB
[runlim] sample:		928.23 time, 930.42 real, 329 MB
[runlim] sample:		938.22 time, 940.42 real, 330 MB
[runlim] sample:		948.22 time, 950.42 real, 330 MB
[runlim] sample:		958.22 time, 960.42 real, 330 MB
[runlim] sample:		968.23 time, 970.42 real, 330 MB
[runlim] sample:		978.23 time, 980.42 real, 330 MB
[runlim] sample:		988.23 time, 990.42 real, 330 MB
[runlim] sample:		998.23 time, 1000.42 real, 331 MB
[runlim] sample:		1008.23 time, 1010.42 real, 331 MB
[runlim] sample:		1018.22 time, 1020.42 real, 333 MB
[runlim] sample:		1028.22 time, 1030.42 real, 333 MB
[runlim] sample:		1038.23 time, 1040.42 real, 334 MB
[runlim] sample:		1048.22 time, 1050.42 real, 334 MB
[runlim] sample:		1058.22 time, 1060.42 real, 334 MB
[runlim] sample:		1068.23 time, 1070.42 real, 335 MB
[runlim] sample:		1078.23 time, 1080.42 real, 455 MB
[runlim] sample:		1088.23 time, 1090.42 real, 450 MB
[runlim] sample:		1098.23 time, 1100.42 real, 450 MB
[runlim] sample:		1108.23 time, 1110.42 real, 450 MB
[runlim] sample:		1118.23 time, 1120.42 real, 450 MB
[runlim] sample:		1128.23 time, 1130.42 real, 450 MB
[runlim] sample:		1138.23 time, 1140.42 real, 450 MB
[runlim] sample:		1148.23 time, 1150.42 real, 450 MB
[runlim] sample:		1158.23 time, 1160.42 real, 450 MB
[runlim] sample:		1168.23 time, 1170.42 real, 450 MB
[runlim] sample:		1178.23 time, 1180.42 real, 450 MB
[runlim] sample:		1188.23 time, 1190.42 real, 450 MB
[runlim] sample:		1198.23 time, 1200.42 real, 450 MB
[runlim] sample:		1208.23 time, 1210.42 real, 450 MB
[runlim] sample:		1218.23 time, 1220.42 real, 450 MB
[runlim] sample:		1228.23 time, 1230.42 real, 450 MB
[runlim] sample:		1238.23 time, 1240.42 real, 450 MB
[runlim] sample:		1248.23 time, 1250.42 real, 450 MB
[runlim] sample:		1258.23 time, 1260.42 real, 450 MB
[runlim] sample:		1268.23 time, 1270.42 real, 450 MB
[runlim] sample:		1278.23 time, 1280.42 real, 450 MB
[runlim] sample:		1288.23 time, 1290.42 real, 450 MB
[runlim] sample:		1298.23 time, 1300.42 real, 450 MB
[runlim] sample:		1308.23 time, 1310.42 real, 450 MB
[runlim] sample:		1318.23 time, 1320.42 real, 450 MB
[runlim] sample:		1328.23 time, 1330.42 real, 450 MB
[runlim] sample:		1338.23 time, 1340.42 real, 450 MB
[runlim] sample:		1348.22 time, 1350.42 real, 450 MB
[runlim] sample:		1358.22 time, 1360.42 real, 451 MB
[runlim] sample:		1368.23 time, 1370.42 real, 453 MB
[runlim] sample:		1378.23 time, 1380.42 real, 454 MB
[runlim] sample:		1388.23 time, 1390.42 real, 456 MB
[runlim] sample:		1398.22 time, 1400.42 real, 457 MB
[runlim] sample:		1408.23 time, 1410.42 real, 459 MB
[runlim] sample:		1418.23 time, 1420.42 real, 461 MB
[runlim] sample:		1428.23 time, 1430.42 real, 462 MB
[runlim] sample:		1438.23 time, 1440.42 real, 463 MB
[runlim] sample:		1448.23 time, 1450.42 real, 465 MB
[runlim] sample:		1458.23 time, 1460.42 real, 466 MB
[runlim] sample:		1468.23 time, 1470.42 real, 468 MB
[runlim] sample:		1478.22 time, 1480.42 real, 469 MB
[runlim] sample:		1488.22 time, 1490.42 real, 470 MB
[runlim] sample:		1498.23 time, 1500.42 real, 472 MB
[runlim] sample:		1508.23 time, 1510.42 real, 473 MB
[runlim] sample:		1518.23 time, 1520.42 real, 474 MB
[runlim] sample:		1528.23 time, 1530.42 real, 476 MB
[runlim] sample:		1538.22 time, 1540.42 real, 477 MB
[runlim] sample:		1548.22 time, 1550.42 real, 478 MB
[runlim] sample:		1558.22 time, 1560.42 real, 479 MB
[runlim] sample:		1568.22 time, 1570.42 real, 480 MB
[runlim] sample:		1578.23 time, 1580.42 real, 482 MB
[runlim] sample:		1588.23 time, 1590.42 real, 483 MB
[runlim] sample:		1598.23 time, 1600.42 real, 485 MB
[runlim] sample:		1608.22 time, 1610.42 real, 486 MB
[runlim] sample:		1618.23 time, 1620.42 real, 488 MB
[runlim] sample:		1628.23 time, 1630.42 real, 489 MB
[runlim] sample:		1638.23 time, 1640.42 real, 490 MB
[runlim] sample:		1648.23 time, 1650.42 real, 497 MB
[runlim] sample:		1658.23 time, 1660.42 real, 497 MB
[runlim] sample:		1668.23 time, 1670.42 real, 497 MB
[runlim] sample:		1678.23 time, 1680.42 real, 498 MB
[runlim] sample:		1688.23 time, 1690.42 real, 500 MB
[runlim] sample:		1698.23 time, 1700.42 real, 501 MB
[runlim] sample:		1708.23 time, 1710.42 real, 502 MB
[runlim] sample:		1718.23 time, 1720.42 real, 503 MB
[runlim] sample:		1728.23 time, 1730.42 real, 504 MB
[runlim] sample:		1738.23 time, 1740.42 real, 506 MB
[runlim] sample:		1748.23 time, 1750.42 real, 507 MB
[runlim] sample:		1758.23 time, 1760.42 real, 508 MB
[runlim] sample:		1768.23 time, 1770.42 real, 509 MB
[runlim] sample:		1778.23 time, 1780.42 real, 511 MB
[runlim] sample:		1788.22 time, 1790.42 real, 512 MB
[runlim] sample:		1798.22 time, 1800.42 real, 513 MB
[runlim] sample:		1808.22 time, 1810.42 real, 514 MB
[runlim] sample:		1818.23 time, 1820.42 real, 515 MB
[runlim] sample:		1828.23 time, 1830.42 real, 516 MB
[runlim] sample:		1838.23 time, 1840.42 real, 518 MB
[runlim] sample:		1848.23 time, 1850.42 real, 519 MB
[runlim] sample:		1858.23 time, 1860.42 real, 520 MB
[runlim] sample:		1868.23 time, 1870.42 real, 521 MB
[runlim] sample:		1878.22 time, 1880.42 real, 521 MB
[runlim] sample:		1888.23 time, 1890.42 real, 522 MB
[runlim] sample:		1898.22 time, 1900.42 real, 523 MB
[runlim] sample:		1908.22 time, 1910.42 real, 524 MB
[runlim] sample:		1918.23 time, 1920.42 real, 524 MB
[runlim] sample:		1928.23 time, 1930.42 real, 525 MB
[runlim] sample:		1938.23 time, 1940.42 real, 526 MB
[runlim] sample:		1948.23 time, 1950.42 real, 527 MB
[runlim] sample:		1958.23 time, 1960.42 real, 527 MB
[runlim] sample:		1968.23 time, 1970.42 real, 528 MB
[runlim] sample:		1978.23 time, 1980.42 real, 529 MB
[runlim] sample:		1988.23 time, 1990.42 real, 530 MB
[runlim] sample:		1998.23 time, 2000.42 real, 530 MB
[runlim] sample:		2008.22 time, 2010.42 real, 531 MB
[runlim] sample:		2018.22 time, 2020.42 real, 532 MB
[runlim] sample:		2028.22 time, 2030.42 real, 533 MB
[runlim] sample:		2038.23 time, 2040.42 real, 533 MB
[runlim] sample:		2048.23 time, 2050.42 real, 534 MB
[runlim] sample:		2058.22 time, 2060.42 real, 535 MB
[runlim] sample:		2068.22 time, 2070.42 real, 535 MB
[runlim] sample:		2078.22 time, 2080.42 real, 536 MB
[runlim] sample:		2088.22 time, 2090.42 real, 537 MB
[runlim] sample:		2098.22 time, 2100.42 real, 538 MB
[runlim] sample:		2108.22 time, 2110.42 real, 538 MB
[runlim] sample:		2118.22 time, 2120.42 real, 539 MB
[runlim] sample:		2128.22 time, 2130.42 real, 540 MB
[runlim] sample:		2138.22 time, 2140.42 real, 540 MB
[runlim] sample:		2148.22 time, 2150.42 real, 541 MB
[runlim] sample:		2158.22 time, 2160.42 real, 542 MB
[runlim] sample:		2168.22 time, 2170.42 real, 543 MB
[runlim] sample:		2178.22 time, 2180.42 real, 543 MB
[runlim] sample:		2188.22 time, 2190.42 real, 544 MB
[runlim] sample:		2198.22 time, 2200.42 real, 545 MB
[runlim] sample:		2208.22 time, 2210.42 real, 545 MB
[runlim] sample:		2218.22 time, 2220.42 real, 546 MB
[runlim] sample:		2228.22 time, 2230.42 real, 546 MB
[runlim] sample:		2238.22 time, 2240.42 real, 546 MB
[runlim] sample:		2248.22 time, 2250.42 real, 546 MB
[runlim] sample:		2258.22 time, 2260.42 real, 546 MB
[runlim] sample:		2268.22 time, 2270.42 real, 546 MB
[runlim] sample:		2278.22 time, 2280.42 real, 546 MB
[runlim] sample:		2288.22 time, 2290.42 real, 546 MB
[runlim] sample:		2298.22 time, 2300.42 real, 546 MB
[runlim] sample:		2308.22 time, 2310.42 real, 546 MB
[runlim] sample:		2318.22 time, 2320.42 real, 546 MB
[runlim] sample:		2328.22 time, 2330.42 real, 546 MB
[runlim] sample:		2338.22 time, 2340.42 real, 546 MB
[runlim] sample:		2348.22 time, 2350.42 real, 546 MB
[runlim] sample:		2358.22 time, 2360.42 real, 546 MB
[runlim] sample:		2368.22 time, 2370.42 real, 546 MB
[runlim] sample:		2378.22 time, 2380.42 real, 546 MB
[runlim] sample:		2388.22 time, 2390.42 real, 546 MB
[runlim] sample:		2398.22 time, 2400.42 real, 546 MB
[runlim] sample:		2408.22 time, 2410.42 real, 546 MB
[runlim] sample:		2418.22 time, 2420.42 real, 546 MB
[runlim] sample:		2428.22 time, 2430.42 real, 546 MB
[runlim] sample:		2438.22 time, 2440.42 real, 546 MB
[runlim] sample:		2448.22 time, 2450.42 real, 546 MB
[runlim] sample:		2458.22 time, 2460.42 real, 546 MB
[runlim] sample:		2468.22 time, 2470.42 real, 546 MB
[runlim] sample:		2478.22 time, 2480.42 real, 546 MB
[runlim] sample:		2488.22 time, 2490.42 real, 546 MB
[runlim] sample:		2498.22 time, 2500.42 real, 546 MB
[runlim] sample:		2508.22 time, 2510.42 real, 546 MB
[runlim] sample:		2518.22 time, 2520.42 real, 546 MB
[runlim] sample:		2528.22 time, 2530.42 real, 546 MB
[runlim] sample:		2538.22 time, 2540.42 real, 546 MB
[runlim] sample:		2548.22 time, 2550.42 real, 546 MB
[runlim] sample:		2558.22 time, 2560.42 real, 546 MB
[runlim] sample:		2568.22 time, 2570.42 real, 546 MB
[runlim] sample:		2578.22 time, 2580.42 real, 546 MB
[runlim] sample:		2588.22 time, 2590.42 real, 546 MB
[runlim] sample:		2598.22 time, 2600.42 real, 546 MB
[runlim] sample:		2608.22 time, 2610.42 real, 546 MB
[runlim] sample:		2618.22 time, 2620.42 real, 546 MB
[runlim] sample:		2628.22 time, 2630.42 real, 546 MB
[runlim] sample:		2638.22 time, 2640.42 real, 546 MB
[runlim] sample:		2648.23 time, 2650.42 real, 549 MB
[runlim] sample:		2658.23 time, 2660.42 real, 549 MB
[runlim] sample:		2668.23 time, 2670.42 real, 549 MB
[runlim] sample:		2678.23 time, 2680.42 real, 549 MB
[runlim] sample:		2688.23 time, 2690.42 real, 549 MB
[runlim] end:			Sat Feb 29 07:57:52 2020
[runlim] status:		out of time
[runlim] result:		2
[runlim] children:		1
[runlim] real:			2700.12 seconds
[runlim] time:			2697.83 seconds
[runlim] space:			549 MB
[runlim] samples:		26996
