[runlim] version:		1.18
[runlim] host:			c3n04
[runlim] time limit:		2700 seconds
[runlim] real time limit:	2700 seconds
[runlim] space limit:		7000 MB
[runlim] argv[0]:		./binary
[runlim] argv[1]:		/data/cnf/ankit/E1-A1-instances/C880.blif_0.10_0.20_0_0_inp_exact.qdimacs
[runlim] start:			Sat Feb 29 07:12:54 2020
[runlim] child:			22657
[runlim] sample:		9.98 time, 10.02 real, 84 MB
[runlim] sample:		19.98 time, 20.02 real, 123 MB
[runlim] sample:		29.98 time, 30.02 real, 139 MB
[runlim] sample:		39.99 time, 40.02 real, 143 MB
[runlim] sample:		49.98 time, 50.02 real, 147 MB
[runlim] sample:		59.98 time, 60.02 real, 149 MB
[runlim] sample:		69.98 time, 70.02 real, 151 MB
[runlim] sample:		79.98 time, 80.02 real, 153 MB
[runlim] sample:		89.98 time, 90.02 real, 155 MB
[runlim] sample:		99.99 time, 100.02 real, 156 MB
[runlim] sample:		109.98 time, 110.02 real, 226 MB
[runlim] sample:		119.98 time, 120.02 real, 245 MB
[runlim] sample:		129.98 time, 130.02 real, 245 MB
[runlim] sample:		139.98 time, 140.02 real, 245 MB
[runlim] sample:		149.98 time, 150.02 real, 245 MB
[runlim] sample:		159.98 time, 160.02 real, 245 MB
[runlim] sample:		169.98 time, 170.02 real, 246 MB
[runlim] sample:		179.98 time, 180.02 real, 246 MB
[runlim] sample:		189.99 time, 190.02 real, 246 MB
[runlim] sample:		199.99 time, 200.02 real, 246 MB
[runlim] sample:		209.99 time, 210.02 real, 260 MB
[runlim] sample:		219.99 time, 220.02 real, 260 MB
[runlim] sample:		229.99 time, 230.02 real, 260 MB
[runlim] sample:		239.99 time, 240.02 real, 260 MB
[runlim] sample:		249.99 time, 250.02 real, 260 MB
[runlim] sample:		259.99 time, 260.02 real, 263 MB
[runlim] sample:		269.98 time, 270.02 real, 266 MB
[runlim] sample:		279.98 time, 280.02 real, 272 MB
[runlim] sample:		289.99 time, 290.02 real, 275 MB
[runlim] sample:		299.98 time, 300.02 real, 279 MB
[runlim] sample:		309.99 time, 310.02 real, 282 MB
[runlim] sample:		319.98 time, 320.02 real, 285 MB
[runlim] sample:		329.98 time, 330.02 real, 288 MB
[runlim] sample:		339.98 time, 340.02 real, 290 MB
[runlim] sample:		350.09 time, 350.12 real, 293 MB
[runlim] sample:		360.08 time, 360.12 real, 295 MB
[runlim] sample:		370.09 time, 370.12 real, 298 MB
[runlim] sample:		380.08 time, 380.12 real, 300 MB
[runlim] sample:		390.09 time, 390.12 real, 303 MB
[runlim] sample:		400.09 time, 400.12 real, 305 MB
[runlim] sample:		410.08 time, 410.12 real, 307 MB
[runlim] sample:		420.08 time, 420.12 real, 309 MB
[runlim] sample:		430.08 time, 430.12 real, 310 MB
[runlim] sample:		440.08 time, 440.12 real, 310 MB
[runlim] sample:		450.28 time, 450.32 real, 310 MB
[runlim] sample:		460.28 time, 460.32 real, 310 MB
[runlim] sample:		470.28 time, 470.32 real, 310 MB
[runlim] sample:		480.28 time, 480.32 real, 310 MB
[runlim] sample:		490.28 time, 490.32 real, 310 MB
[runlim] sample:		500.29 time, 500.32 real, 311 MB
[runlim] sample:		510.28 time, 510.32 real, 312 MB
[runlim] sample:		520.28 time, 520.32 real, 313 MB
[runlim] sample:		530.29 time, 530.32 real, 314 MB
[runlim] sample:		540.28 time, 540.32 real, 316 MB
[runlim] sample:		550.28 time, 550.32 real, 318 MB
[runlim] sample:		560.28 time, 560.32 real, 318 MB
[runlim] sample:		570.28 time, 570.32 real, 320 MB
[runlim] sample:		580.28 time, 580.32 real, 321 MB
[runlim] sample:		590.28 time, 590.32 real, 322 MB
[runlim] sample:		600.28 time, 600.32 real, 323 MB
[runlim] sample:		610.28 time, 610.32 real, 324 MB
[runlim] sample:		620.28 time, 620.32 real, 325 MB
[runlim] sample:		630.28 time, 630.32 real, 326 MB
[runlim] sample:		640.28 time, 640.32 real, 327 MB
[runlim] sample:		650.29 time, 650.32 real, 328 MB
[runlim] sample:		660.28 time, 660.32 real, 329 MB
[runlim] sample:		670.29 time, 670.32 real, 330 MB
[runlim] sample:		680.29 time, 680.32 real, 330 MB
[runlim] sample:		690.29 time, 690.32 real, 332 MB
[runlim] sample:		700.28 time, 700.32 real, 339 MB
[runlim] sample:		710.28 time, 710.32 real, 339 MB
[runlim] sample:		720.28 time, 720.32 real, 339 MB
[runlim] sample:		730.28 time, 730.32 real, 339 MB
[runlim] sample:		740.28 time, 740.32 real, 339 MB
[runlim] sample:		750.28 time, 750.32 real, 340 MB
[runlim] sample:		760.28 time, 760.32 real, 341 MB
[runlim] sample:		770.28 time, 770.32 real, 341 MB
[runlim] sample:		780.28 time, 780.32 real, 342 MB
[runlim] sample:		790.28 time, 790.32 real, 343 MB
[runlim] sample:		800.28 time, 800.32 real, 344 MB
[runlim] sample:		810.28 time, 810.32 real, 344 MB
[runlim] sample:		820.28 time, 820.32 real, 345 MB
[runlim] sample:		830.28 time, 830.32 real, 347 MB
[runlim] sample:		840.28 time, 840.32 real, 348 MB
[runlim] sample:		850.28 time, 850.32 real, 349 MB
[runlim] sample:		860.28 time, 860.32 real, 350 MB
[runlim] sample:		870.29 time, 870.32 real, 351 MB
[runlim] sample:		880.29 time, 880.32 real, 352 MB
[runlim] sample:		890.29 time, 890.32 real, 353 MB
[runlim] sample:		900.28 time, 900.32 real, 354 MB
[runlim] sample:		910.28 time, 910.32 real, 355 MB
[runlim] sample:		920.28 time, 920.32 real, 356 MB
[runlim] sample:		930.28 time, 930.32 real, 357 MB
[runlim] sample:		940.28 time, 940.32 real, 358 MB
[runlim] sample:		950.28 time, 950.32 real, 359 MB
[runlim] sample:		960.28 time, 960.32 real, 360 MB
[runlim] sample:		970.28 time, 970.32 real, 361 MB
[runlim] sample:		980.28 time, 980.32 real, 516 MB
[runlim] sample:		990.29 time, 990.32 real, 512 MB
[runlim] sample:		1000.29 time, 1000.32 real, 512 MB
[runlim] sample:		1010.29 time, 1010.32 real, 512 MB
[runlim] sample:		1020.29 time, 1020.32 real, 512 MB
[runlim] sample:		1030.29 time, 1030.32 real, 512 MB
[runlim] sample:		1040.29 time, 1040.32 real, 512 MB
[runlim] sample:		1050.29 time, 1050.32 real, 512 MB
[runlim] sample:		1060.29 time, 1060.32 real, 512 MB
[runlim] sample:		1070.29 time, 1070.32 real, 512 MB
[runlim] sample:		1080.29 time, 1080.32 real, 512 MB
[runlim] sample:		1090.29 time, 1090.32 real, 512 MB
[runlim] sample:		1100.29 time, 1100.32 real, 512 MB
[runlim] sample:		1110.29 time, 1110.32 real, 513 MB
[runlim] sample:		1120.29 time, 1120.32 real, 513 MB
[runlim] sample:		1130.28 time, 1130.32 real, 513 MB
[runlim] sample:		1140.28 time, 1140.32 real, 513 MB
[runlim] sample:		1150.28 time, 1150.32 real, 513 MB
[runlim] sample:		1160.28 time, 1160.32 real, 513 MB
[runlim] sample:		1170.28 time, 1170.32 real, 513 MB
[runlim] sample:		1180.28 time, 1180.32 real, 513 MB
[runlim] sample:		1190.28 time, 1190.32 real, 513 MB
[runlim] sample:		1200.28 time, 1200.32 real, 513 MB
[runlim] sample:		1210.28 time, 1210.32 real, 513 MB
[runlim] sample:		1220.28 time, 1220.32 real, 513 MB
[runlim] sample:		1230.28 time, 1230.32 real, 513 MB
[runlim] sample:		1240.28 time, 1240.32 real, 513 MB
[runlim] sample:		1250.28 time, 1250.32 real, 513 MB
[runlim] sample:		1260.28 time, 1260.32 real, 513 MB
[runlim] sample:		1270.28 time, 1270.32 real, 513 MB
[runlim] sample:		1280.28 time, 1280.32 real, 513 MB
[runlim] sample:		1290.28 time, 1290.32 real, 513 MB
[runlim] sample:		1300.28 time, 1300.32 real, 513 MB
[runlim] sample:		1310.28 time, 1310.32 real, 513 MB
[runlim] sample:		1320.28 time, 1320.32 real, 513 MB
[runlim] sample:		1330.28 time, 1330.32 real, 513 MB
[runlim] sample:		1340.28 time, 1340.32 real, 513 MB
[runlim] sample:		1350.29 time, 1350.32 real, 513 MB
[runlim] sample:		1360.29 time, 1360.32 real, 513 MB
[runlim] sample:		1370.29 time, 1370.32 real, 513 MB
[runlim] sample:		1380.29 time, 1380.32 real, 513 MB
[runlim] sample:		1390.29 time, 1390.32 real, 513 MB
[runlim] sample:		1400.29 time, 1400.32 real, 513 MB
[runlim] sample:		1410.28 time, 1410.32 real, 513 MB
[runlim] sample:		1420.28 time, 1420.32 real, 513 MB
[runlim] sample:		1430.28 time, 1430.32 real, 513 MB
[runlim] sample:		1440.28 time, 1440.32 real, 513 MB
[runlim] sample:		1450.28 time, 1450.32 real, 513 MB
[runlim] sample:		1460.28 time, 1460.32 real, 513 MB
[runlim] sample:		1470.28 time, 1470.32 real, 513 MB
[runlim] sample:		1480.28 time, 1480.32 real, 513 MB
[runlim] sample:		1490.28 time, 1490.32 real, 513 MB
[runlim] sample:		1500.28 time, 1500.32 real, 513 MB
[runlim] sample:		1510.28 time, 1510.32 real, 513 MB
[runlim] sample:		1520.28 time, 1520.32 real, 513 MB
[runlim] sample:		1530.28 time, 1530.32 real, 513 MB
[runlim] sample:		1540.28 time, 1540.32 real, 513 MB
[runlim] sample:		1550.28 time, 1550.32 real, 513 MB
[runlim] sample:		1560.28 time, 1560.32 real, 513 MB
[runlim] sample:		1570.28 time, 1570.32 real, 513 MB
[runlim] sample:		1580.28 time, 1580.32 real, 513 MB
[runlim] sample:		1590.28 time, 1590.32 real, 513 MB
[runlim] sample:		1600.28 time, 1600.32 real, 513 MB
[runlim] sample:		1610.28 time, 1610.32 real, 513 MB
[runlim] sample:		1620.28 time, 1620.32 real, 513 MB
[runlim] sample:		1630.29 time, 1630.32 real, 513 MB
[runlim] sample:		1640.29 time, 1640.32 real, 513 MB
[runlim] sample:		1650.29 time, 1650.32 real, 513 MB
[runlim] sample:		1660.29 time, 1660.32 real, 514 MB
[runlim] sample:		1670.29 time, 1670.32 real, 514 MB
[runlim] sample:		1680.29 time, 1680.32 real, 514 MB
[runlim] sample:		1690.29 time, 1690.32 real, 514 MB
[runlim] sample:		1700.29 time, 1700.32 real, 514 MB
[runlim] sample:		1710.29 time, 1710.32 real, 514 MB
[runlim] sample:		1720.29 time, 1720.32 real, 514 MB
[runlim] sample:		1730.29 time, 1730.32 real, 514 MB
[runlim] sample:		1740.29 time, 1740.32 real, 514 MB
[runlim] sample:		1750.29 time, 1750.32 real, 514 MB
[runlim] sample:		1760.29 time, 1760.32 real, 514 MB
[runlim] sample:		1770.29 time, 1770.32 real, 514 MB
[runlim] sample:		1780.29 time, 1780.32 real, 514 MB
[runlim] sample:		1790.29 time, 1790.32 real, 514 MB
[runlim] sample:		1800.29 time, 1800.32 real, 514 MB
[runlim] sample:		1810.29 time, 1810.32 real, 514 MB
[runlim] sample:		1820.29 time, 1820.32 real, 514 MB
[runlim] sample:		1830.29 time, 1830.32 real, 514 MB
[runlim] sample:		1840.29 time, 1840.32 real, 514 MB
[runlim] sample:		1850.29 time, 1850.32 real, 514 MB
[runlim] sample:		1860.29 time, 1860.32 real, 514 MB
[runlim] sample:		1870.29 time, 1870.32 real, 514 MB
[runlim] sample:		1880.29 time, 1880.32 real, 514 MB
[runlim] sample:		1890.29 time, 1890.32 real, 514 MB
[runlim] sample:		1900.29 time, 1900.32 real, 514 MB
[runlim] sample:		1910.29 time, 1910.32 real, 514 MB
[runlim] sample:		1920.29 time, 1920.32 real, 514 MB
[runlim] sample:		1930.29 time, 1930.32 real, 514 MB
[runlim] sample:		1940.29 time, 1940.32 real, 514 MB
[runlim] sample:		1950.29 time, 1950.32 real, 514 MB
[runlim] sample:		1960.29 time, 1960.32 real, 514 MB
[runlim] sample:		1970.29 time, 1970.32 real, 514 MB
[runlim] sample:		1980.29 time, 1980.32 real, 514 MB
[runlim] sample:		1990.29 time, 1990.32 real, 514 MB
[runlim] sample:		2000.29 time, 2000.32 real, 514 MB
[runlim] sample:		2010.29 time, 2010.32 real, 514 MB
[runlim] sample:		2020.29 time, 2020.32 real, 514 MB
[runlim] sample:		2030.29 time, 2030.32 real, 514 MB
[runlim] sample:		2040.29 time, 2040.32 real, 514 MB
[runlim] sample:		2050.29 time, 2050.32 real, 514 MB
[runlim] sample:		2060.29 time, 2060.32 real, 514 MB
[runlim] sample:		2070.29 time, 2070.32 real, 514 MB
[runlim] sample:		2080.29 time, 2080.32 real, 514 MB
[runlim] sample:		2090.29 time, 2090.32 real, 514 MB
[runlim] sample:		2100.29 time, 2100.32 real, 514 MB
[runlim] sample:		2110.29 time, 2110.32 real, 514 MB
[runlim] sample:		2120.29 time, 2120.32 real, 514 MB
[runlim] sample:		2130.29 time, 2130.32 real, 514 MB
[runlim] sample:		2140.29 time, 2140.32 real, 514 MB
[runlim] sample:		2150.29 time, 2150.32 real, 514 MB
[runlim] sample:		2160.29 time, 2160.32 real, 514 MB
[runlim] sample:		2170.29 time, 2170.32 real, 514 MB
[runlim] sample:		2180.29 time, 2180.32 real, 514 MB
[runlim] sample:		2190.29 time, 2190.32 real, 514 MB
[runlim] sample:		2200.29 time, 2200.32 real, 514 MB
[runlim] sample:		2210.29 time, 2210.32 real, 514 MB
[runlim] sample:		2220.29 time, 2220.32 real, 514 MB
[runlim] sample:		2230.29 time, 2230.32 real, 514 MB
[runlim] sample:		2240.29 time, 2240.32 real, 514 MB
[runlim] sample:		2250.29 time, 2250.32 real, 514 MB
[runlim] sample:		2260.29 time, 2260.32 real, 514 MB
[runlim] sample:		2270.29 time, 2270.32 real, 514 MB
[runlim] sample:		2280.29 time, 2280.32 real, 514 MB
[runlim] sample:		2290.29 time, 2290.32 real, 514 MB
[runlim] sample:		2300.29 time, 2300.32 real, 514 MB
[runlim] sample:		2310.29 time, 2310.32 real, 514 MB
[runlim] sample:		2320.29 time, 2320.32 real, 514 MB
[runlim] sample:		2330.29 time, 2330.32 real, 514 MB
[runlim] sample:		2340.29 time, 2340.32 real, 514 MB
[runlim] sample:		2350.30 time, 2350.32 real, 514 MB
[runlim] sample:		2360.30 time, 2360.32 real, 514 MB
[runlim] sample:		2370.30 time, 2370.32 real, 514 MB
[runlim] sample:		2380.30 time, 2380.32 real, 514 MB
[runlim] sample:		2390.30 time, 2390.32 real, 514 MB
[runlim] sample:		2400.30 time, 2400.32 real, 514 MB
[runlim] sample:		2410.29 time, 2410.32 real, 514 MB
[runlim] sample:		2420.29 time, 2420.32 real, 514 MB
[runlim] sample:		2430.29 time, 2430.32 real, 514 MB
[runlim] sample:		2440.30 time, 2440.32 real, 514 MB
[runlim] sample:		2450.30 time, 2450.32 real, 514 MB
[runlim] sample:		2460.30 time, 2460.32 real, 514 MB
[runlim] sample:		2470.30 time, 2470.32 real, 514 MB
[runlim] sample:		2480.30 time, 2480.32 real, 514 MB
[runlim] sample:		2490.30 time, 2490.32 real, 514 MB
[runlim] sample:		2500.30 time, 2500.32 real, 514 MB
[runlim] sample:		2510.30 time, 2510.32 real, 514 MB
[runlim] sample:		2520.30 time, 2520.32 real, 514 MB
[runlim] sample:		2530.30 time, 2530.32 real, 514 MB
[runlim] sample:		2540.30 time, 2540.32 real, 515 MB
[runlim] sample:		2550.30 time, 2550.32 real, 515 MB
[runlim] sample:		2560.30 time, 2560.32 real, 515 MB
[runlim] sample:		2570.30 time, 2570.32 real, 516 MB
[runlim] sample:		2580.29 time, 2580.32 real, 516 MB
[runlim] sample:		2590.30 time, 2590.32 real, 517 MB
[runlim] sample:		2600.30 time, 2600.32 real, 517 MB
[runlim] sample:		2610.30 time, 2610.32 real, 517 MB
[runlim] sample:		2620.30 time, 2620.32 real, 518 MB
[runlim] sample:		2630.30 time, 2630.32 real, 518 MB
[runlim] sample:		2640.29 time, 2640.32 real, 518 MB
[runlim] sample:		2650.30 time, 2650.32 real, 518 MB
[runlim] sample:		2660.30 time, 2660.32 real, 519 MB
[runlim] sample:		2670.29 time, 2670.32 real, 519 MB
[runlim] sample:		2680.29 time, 2680.32 real, 519 MB
[runlim] sample:		2690.29 time, 2690.32 real, 520 MB
[runlim] end:			Sat Feb 29 07:57:54 2020
[runlim] status:		out of time
[runlim] result:		2
[runlim] children:		1
[runlim] real:			2700.11 seconds
[runlim] time:			2699.99 seconds
[runlim] space:			544 MB
[runlim] samples:		26997
