[runlim] version:		1.18
[runlim] host:			c3n04
[runlim] time limit:		2700 seconds
[runlim] real time limit:	2700 seconds
[runlim] space limit:		7000 MB
[runlim] argv[0]:		./binary
[runlim] argv[1]:		/data/cnf/ankit/E1-A1-instances/C880.blif_0.10_0.20_0_1_inp_exact.qdimacs
[runlim] start:			Sat Feb 29 07:12:54 2020
[runlim] child:			22658
[runlim] sample:		9.99 time, 10.02 real, 73 MB
[runlim] sample:		19.99 time, 20.02 real, 124 MB
[runlim] sample:		29.99 time, 30.02 real, 151 MB
[runlim] sample:		39.98 time, 40.02 real, 152 MB
[runlim] sample:		49.98 time, 50.02 real, 154 MB
[runlim] sample:		59.98 time, 60.02 real, 155 MB
[runlim] sample:		69.98 time, 70.02 real, 161 MB
[runlim] sample:		79.99 time, 80.02 real, 164 MB
[runlim] sample:		89.98 time, 90.02 real, 167 MB
[runlim] sample:		99.99 time, 100.02 real, 170 MB
[runlim] sample:		109.98 time, 110.02 real, 173 MB
[runlim] sample:		119.98 time, 120.02 real, 175 MB
[runlim] sample:		129.98 time, 130.02 real, 175 MB
[runlim] sample:		139.98 time, 140.02 real, 175 MB
[runlim] sample:		149.99 time, 150.02 real, 176 MB
[runlim] sample:		159.99 time, 160.02 real, 177 MB
[runlim] sample:		169.99 time, 170.02 real, 179 MB
[runlim] sample:		179.98 time, 180.02 real, 180 MB
[runlim] sample:		189.98 time, 190.02 real, 183 MB
[runlim] sample:		199.98 time, 200.02 real, 183 MB
[runlim] sample:		209.98 time, 210.02 real, 184 MB
[runlim] sample:		219.98 time, 220.02 real, 186 MB
[runlim] sample:		229.99 time, 230.02 real, 242 MB
[runlim] sample:		239.99 time, 240.02 real, 242 MB
[runlim] sample:		249.99 time, 250.02 real, 242 MB
[runlim] sample:		259.99 time, 260.02 real, 242 MB
[runlim] sample:		269.99 time, 270.02 real, 242 MB
[runlim] sample:		279.99 time, 280.02 real, 242 MB
[runlim] sample:		289.99 time, 290.02 real, 242 MB
[runlim] sample:		299.99 time, 300.02 real, 242 MB
[runlim] sample:		309.99 time, 310.02 real, 242 MB
[runlim] sample:		319.99 time, 320.02 real, 242 MB
[runlim] sample:		329.99 time, 330.02 real, 242 MB
[runlim] sample:		339.99 time, 340.02 real, 242 MB
[runlim] sample:		350.11 time, 350.14 real, 242 MB
[runlim] sample:		360.09 time, 360.12 real, 242 MB
[runlim] sample:		370.09 time, 370.12 real, 242 MB
[runlim] sample:		380.09 time, 380.12 real, 242 MB
[runlim] sample:		390.09 time, 390.12 real, 242 MB
[runlim] sample:		400.09 time, 400.12 real, 242 MB
[runlim] sample:		410.09 time, 410.12 real, 242 MB
[runlim] sample:		420.09 time, 420.12 real, 242 MB
[runlim] sample:		430.09 time, 430.12 real, 242 MB
[runlim] sample:		440.10 time, 440.12 real, 242 MB
[runlim] sample:		450.29 time, 450.32 real, 242 MB
[runlim] sample:		460.29 time, 460.32 real, 242 MB
[runlim] sample:		470.29 time, 470.32 real, 242 MB
[runlim] sample:		480.29 time, 480.32 real, 242 MB
[runlim] sample:		490.29 time, 490.32 real, 242 MB
[runlim] sample:		500.29 time, 500.32 real, 242 MB
[runlim] sample:		510.29 time, 510.32 real, 242 MB
[runlim] sample:		520.29 time, 520.32 real, 242 MB
[runlim] sample:		530.29 time, 530.32 real, 242 MB
[runlim] sample:		540.29 time, 540.32 real, 242 MB
[runlim] sample:		550.29 time, 550.32 real, 242 MB
[runlim] sample:		560.29 time, 560.32 real, 242 MB
[runlim] sample:		570.29 time, 570.32 real, 242 MB
[runlim] sample:		580.29 time, 580.32 real, 242 MB
[runlim] sample:		590.29 time, 590.32 real, 242 MB
[runlim] sample:		600.29 time, 600.32 real, 242 MB
[runlim] sample:		610.29 time, 610.32 real, 242 MB
[runlim] sample:		620.29 time, 620.32 real, 242 MB
[runlim] sample:		630.29 time, 630.32 real, 242 MB
[runlim] sample:		640.29 time, 640.32 real, 242 MB
[runlim] sample:		650.29 time, 650.32 real, 242 MB
[runlim] sample:		660.29 time, 660.32 real, 242 MB
[runlim] sample:		670.29 time, 670.32 real, 242 MB
[runlim] sample:		680.30 time, 680.32 real, 242 MB
[runlim] sample:		690.30 time, 690.32 real, 242 MB
[runlim] sample:		700.30 time, 700.32 real, 242 MB
[runlim] sample:		710.30 time, 710.32 real, 242 MB
[runlim] sample:		720.30 time, 720.32 real, 243 MB
[runlim] sample:		730.30 time, 730.32 real, 243 MB
[runlim] sample:		740.29 time, 740.32 real, 332 MB
[runlim] sample:		750.29 time, 750.32 real, 337 MB
[runlim] sample:		760.29 time, 760.32 real, 337 MB
[runlim] sample:		770.29 time, 770.32 real, 337 MB
[runlim] sample:		780.29 time, 780.32 real, 337 MB
[runlim] sample:		790.29 time, 790.32 real, 337 MB
[runlim] sample:		800.29 time, 800.32 real, 337 MB
[runlim] sample:		810.29 time, 810.32 real, 337 MB
[runlim] sample:		820.29 time, 820.32 real, 337 MB
[runlim] sample:		830.29 time, 830.32 real, 337 MB
[runlim] sample:		840.29 time, 840.32 real, 337 MB
[runlim] sample:		850.29 time, 850.32 real, 337 MB
[runlim] sample:		860.29 time, 860.32 real, 337 MB
[runlim] sample:		870.29 time, 870.32 real, 337 MB
[runlim] sample:		880.29 time, 880.32 real, 337 MB
[runlim] sample:		890.29 time, 890.32 real, 337 MB
[runlim] sample:		900.29 time, 900.32 real, 337 MB
[runlim] sample:		910.29 time, 910.32 real, 337 MB
[runlim] sample:		920.29 time, 920.32 real, 337 MB
[runlim] sample:		930.29 time, 930.32 real, 337 MB
[runlim] sample:		940.29 time, 940.32 real, 337 MB
[runlim] sample:		950.29 time, 950.32 real, 337 MB
[runlim] sample:		960.29 time, 960.32 real, 337 MB
[runlim] sample:		970.29 time, 970.32 real, 337 MB
[runlim] sample:		980.29 time, 980.32 real, 337 MB
[runlim] sample:		990.29 time, 990.32 real, 345 MB
[runlim] sample:		1000.29 time, 1000.32 real, 345 MB
[runlim] sample:		1010.29 time, 1010.32 real, 345 MB
[runlim] sample:		1020.29 time, 1020.32 real, 345 MB
[runlim] sample:		1030.29 time, 1030.32 real, 345 MB
[runlim] sample:		1040.29 time, 1040.32 real, 345 MB
[runlim] sample:		1050.29 time, 1050.32 real, 345 MB
[runlim] sample:		1060.29 time, 1060.32 real, 345 MB
[runlim] sample:		1070.29 time, 1070.32 real, 345 MB
[runlim] sample:		1080.29 time, 1080.32 real, 345 MB
[runlim] sample:		1090.29 time, 1090.32 real, 345 MB
[runlim] sample:		1100.29 time, 1100.32 real, 345 MB
[runlim] sample:		1110.29 time, 1110.32 real, 345 MB
[runlim] sample:		1120.29 time, 1120.32 real, 345 MB
[runlim] sample:		1130.29 time, 1130.32 real, 347 MB
[runlim] sample:		1140.29 time, 1140.32 real, 349 MB
[runlim] sample:		1150.29 time, 1150.32 real, 352 MB
[runlim] sample:		1160.29 time, 1160.32 real, 355 MB
[runlim] sample:		1170.29 time, 1170.32 real, 358 MB
[runlim] sample:		1180.29 time, 1180.32 real, 360 MB
[runlim] sample:		1190.29 time, 1190.32 real, 362 MB
[runlim] sample:		1200.29 time, 1200.32 real, 366 MB
[runlim] sample:		1210.29 time, 1210.32 real, 368 MB
[runlim] sample:		1220.29 time, 1220.32 real, 370 MB
[runlim] sample:		1230.29 time, 1230.32 real, 378 MB
[runlim] sample:		1240.29 time, 1240.32 real, 378 MB
[runlim] sample:		1250.29 time, 1250.32 real, 379 MB
[runlim] sample:		1260.29 time, 1260.32 real, 381 MB
[runlim] sample:		1270.29 time, 1270.32 real, 383 MB
[runlim] sample:		1280.29 time, 1280.32 real, 384 MB
[runlim] sample:		1290.29 time, 1290.32 real, 386 MB
[runlim] sample:		1300.29 time, 1300.32 real, 388 MB
[runlim] sample:		1310.29 time, 1310.32 real, 389 MB
[runlim] sample:		1320.29 time, 1320.32 real, 391 MB
[runlim] sample:		1330.30 time, 1330.32 real, 393 MB
[runlim] sample:		1340.29 time, 1340.32 real, 395 MB
[runlim] sample:		1350.29 time, 1350.32 real, 396 MB
[runlim] sample:		1360.29 time, 1360.32 real, 398 MB
[runlim] sample:		1370.29 time, 1370.32 real, 399 MB
[runlim] sample:		1380.29 time, 1380.32 real, 400 MB
[runlim] sample:		1390.29 time, 1390.32 real, 402 MB
[runlim] sample:		1400.29 time, 1400.32 real, 403 MB
[runlim] sample:		1410.29 time, 1410.32 real, 405 MB
[runlim] sample:		1420.29 time, 1420.32 real, 407 MB
[runlim] sample:		1430.29 time, 1430.32 real, 408 MB
[runlim] sample:		1440.29 time, 1440.32 real, 409 MB
[runlim] sample:		1450.29 time, 1450.32 real, 411 MB
[runlim] sample:		1460.29 time, 1460.32 real, 412 MB
[runlim] sample:		1470.29 time, 1470.32 real, 413 MB
[runlim] sample:		1480.29 time, 1480.32 real, 415 MB
[runlim] sample:		1490.29 time, 1490.32 real, 416 MB
[runlim] sample:		1500.30 time, 1500.32 real, 417 MB
[runlim] sample:		1510.29 time, 1510.32 real, 418 MB
[runlim] sample:		1520.29 time, 1520.32 real, 420 MB
[runlim] sample:		1530.29 time, 1530.32 real, 421 MB
[runlim] sample:		1540.29 time, 1540.32 real, 422 MB
[runlim] sample:		1550.29 time, 1550.32 real, 423 MB
[runlim] sample:		1560.29 time, 1560.32 real, 425 MB
[runlim] sample:		1570.29 time, 1570.32 real, 426 MB
[runlim] sample:		1580.29 time, 1580.32 real, 427 MB
[runlim] sample:		1590.29 time, 1590.32 real, 427 MB
[runlim] sample:		1600.29 time, 1600.32 real, 427 MB
[runlim] sample:		1610.29 time, 1610.32 real, 427 MB
[runlim] sample:		1620.29 time, 1620.32 real, 427 MB
[runlim] sample:		1630.29 time, 1630.32 real, 427 MB
[runlim] sample:		1640.29 time, 1640.32 real, 427 MB
[runlim] sample:		1650.29 time, 1650.32 real, 427 MB
[runlim] sample:		1660.29 time, 1660.32 real, 427 MB
[runlim] sample:		1670.29 time, 1670.32 real, 427 MB
[runlim] sample:		1680.29 time, 1680.32 real, 427 MB
[runlim] sample:		1690.29 time, 1690.32 real, 427 MB
[runlim] sample:		1700.29 time, 1700.32 real, 427 MB
[runlim] sample:		1710.29 time, 1710.32 real, 427 MB
[runlim] sample:		1720.29 time, 1720.32 real, 428 MB
[runlim] sample:		1730.29 time, 1730.32 real, 428 MB
[runlim] sample:		1740.29 time, 1740.32 real, 428 MB
[runlim] sample:		1750.29 time, 1750.32 real, 428 MB
[runlim] sample:		1760.29 time, 1760.32 real, 428 MB
[runlim] sample:		1770.29 time, 1770.32 real, 429 MB
[runlim] sample:		1780.29 time, 1780.32 real, 430 MB
[runlim] sample:		1790.29 time, 1790.32 real, 430 MB
[runlim] sample:		1800.29 time, 1800.32 real, 431 MB
[runlim] sample:		1810.29 time, 1810.32 real, 432 MB
[runlim] sample:		1820.29 time, 1820.32 real, 433 MB
[runlim] sample:		1830.29 time, 1830.32 real, 433 MB
[runlim] sample:		1840.29 time, 1840.32 real, 434 MB
[runlim] sample:		1850.29 time, 1850.32 real, 434 MB
[runlim] sample:		1860.29 time, 1860.32 real, 435 MB
[runlim] sample:		1870.29 time, 1870.32 real, 436 MB
[runlim] sample:		1880.29 time, 1880.32 real, 437 MB
[runlim] sample:		1890.29 time, 1890.32 real, 437 MB
[runlim] sample:		1900.29 time, 1900.32 real, 438 MB
[runlim] sample:		1910.29 time, 1910.32 real, 439 MB
[runlim] sample:		1920.29 time, 1920.32 real, 439 MB
[runlim] sample:		1930.29 time, 1930.32 real, 440 MB
[runlim] sample:		1940.29 time, 1940.32 real, 440 MB
[runlim] sample:		1950.29 time, 1950.32 real, 441 MB
[runlim] sample:		1960.29 time, 1960.32 real, 442 MB
[runlim] sample:		1970.29 time, 1970.32 real, 443 MB
[runlim] sample:		1980.29 time, 1980.32 real, 443 MB
[runlim] sample:		1990.29 time, 1990.32 real, 444 MB
[runlim] sample:		2000.29 time, 2000.32 real, 445 MB
[runlim] sample:		2010.29 time, 2010.32 real, 445 MB
[runlim] sample:		2020.29 time, 2020.32 real, 446 MB
[runlim] sample:		2030.29 time, 2030.32 real, 447 MB
[runlim] sample:		2040.29 time, 2040.32 real, 447 MB
[runlim] sample:		2050.29 time, 2050.32 real, 448 MB
[runlim] sample:		2060.29 time, 2060.32 real, 449 MB
[runlim] sample:		2070.29 time, 2070.32 real, 450 MB
[runlim] sample:		2080.29 time, 2080.32 real, 451 MB
[runlim] sample:		2090.29 time, 2090.32 real, 452 MB
[runlim] sample:		2100.29 time, 2100.32 real, 452 MB
[runlim] sample:		2110.29 time, 2110.32 real, 452 MB
[runlim] sample:		2120.29 time, 2120.32 real, 453 MB
[runlim] sample:		2130.28 time, 2130.32 real, 453 MB
[runlim] sample:		2140.28 time, 2140.32 real, 454 MB
[runlim] sample:		2150.28 time, 2150.32 real, 454 MB
[runlim] sample:		2160.29 time, 2160.32 real, 455 MB
[runlim] sample:		2170.29 time, 2170.32 real, 455 MB
[runlim] sample:		2180.29 time, 2180.32 real, 455 MB
[runlim] sample:		2190.29 time, 2190.32 real, 456 MB
[runlim] sample:		2200.29 time, 2200.32 real, 456 MB
[runlim] sample:		2210.29 time, 2210.32 real, 457 MB
[runlim] sample:		2220.29 time, 2220.32 real, 457 MB
[runlim] sample:		2230.29 time, 2230.32 real, 458 MB
[runlim] sample:		2240.29 time, 2240.32 real, 458 MB
[runlim] sample:		2250.29 time, 2250.32 real, 458 MB
[runlim] sample:		2260.29 time, 2260.32 real, 459 MB
[runlim] sample:		2270.29 time, 2270.32 real, 459 MB
[runlim] sample:		2280.29 time, 2280.32 real, 460 MB
[runlim] sample:		2290.29 time, 2290.32 real, 460 MB
[runlim] sample:		2300.29 time, 2300.32 real, 460 MB
[runlim] sample:		2310.29 time, 2310.32 real, 460 MB
[runlim] sample:		2320.29 time, 2320.32 real, 461 MB
[runlim] sample:		2330.29 time, 2330.32 real, 461 MB
[runlim] sample:		2340.29 time, 2340.32 real, 462 MB
[runlim] sample:		2350.28 time, 2350.32 real, 462 MB
[runlim] sample:		2360.29 time, 2360.32 real, 463 MB
[runlim] sample:		2370.29 time, 2370.32 real, 463 MB
[runlim] sample:		2380.29 time, 2380.32 real, 464 MB
[runlim] sample:		2390.29 time, 2390.32 real, 465 MB
[runlim] sample:		2400.28 time, 2400.32 real, 465 MB
[runlim] sample:		2410.28 time, 2410.32 real, 466 MB
[runlim] sample:		2420.28 time, 2420.32 real, 466 MB
[runlim] sample:		2430.29 time, 2430.32 real, 466 MB
[runlim] sample:		2440.29 time, 2440.32 real, 467 MB
[runlim] sample:		2450.28 time, 2450.32 real, 467 MB
[runlim] sample:		2460.28 time, 2460.32 real, 468 MB
[runlim] sample:		2470.29 time, 2470.32 real, 469 MB
[runlim] sample:		2480.29 time, 2480.32 real, 469 MB
[runlim] sample:		2490.29 time, 2490.32 real, 470 MB
[runlim] sample:		2500.29 time, 2500.32 real, 470 MB
[runlim] sample:		2510.29 time, 2510.32 real, 470 MB
[runlim] sample:		2520.29 time, 2520.32 real, 471 MB
[runlim] sample:		2530.29 time, 2530.32 real, 471 MB
[runlim] sample:		2540.29 time, 2540.32 real, 472 MB
[runlim] sample:		2550.29 time, 2550.32 real, 472 MB
[runlim] sample:		2560.29 time, 2560.32 real, 473 MB
[runlim] sample:		2570.29 time, 2570.32 real, 474 MB
[runlim] sample:		2580.28 time, 2580.32 real, 474 MB
[runlim] sample:		2590.28 time, 2590.32 real, 475 MB
[runlim] sample:		2600.29 time, 2600.32 real, 475 MB
[runlim] sample:		2610.29 time, 2610.32 real, 476 MB
[runlim] sample:		2620.29 time, 2620.32 real, 476 MB
[runlim] sample:		2630.29 time, 2630.32 real, 477 MB
[runlim] sample:		2640.29 time, 2640.32 real, 477 MB
[runlim] sample:		2650.28 time, 2650.32 real, 478 MB
[runlim] sample:		2660.29 time, 2660.32 real, 478 MB
[runlim] sample:		2670.29 time, 2670.32 real, 479 MB
[runlim] sample:		2680.29 time, 2680.32 real, 479 MB
[runlim] sample:		2690.29 time, 2690.32 real, 480 MB
[runlim] end:			Sat Feb 29 07:57:54 2020
[runlim] status:		out of time
[runlim] result:		2
[runlim] children:		1
[runlim] real:			2700.11 seconds
[runlim] time:			2699.98 seconds
[runlim] space:			480 MB
[runlim] samples:		26997
