[runlim] version:		1.18
[runlim] host:			c3n09
[runlim] time limit:		2700 seconds
[runlim] real time limit:	2700 seconds
[runlim] space limit:		7000 MB
[runlim] argv[0]:		./binary
[runlim] argv[1]:		/data/cnf/ankit/E1-A1-instances/depots04_7.qdimacs
[runlim] start:			Sat Feb 29 07:12:52 2020
[runlim] child:			17552
[runlim] sample:		9.95 time, 10.02 real, 67 MB
[runlim] sample:		19.96 time, 20.02 real, 74 MB
[runlim] sample:		29.95 time, 30.02 real, 75 MB
[runlim] sample:		39.95 time, 40.02 real, 75 MB
[runlim] sample:		49.95 time, 50.02 real, 76 MB
[runlim] sample:		59.95 time, 60.02 real, 76 MB
[runlim] sample:		69.95 time, 70.02 real, 76 MB
[runlim] sample:		79.95 time, 80.02 real, 76 MB
[runlim] sample:		89.95 time, 90.02 real, 76 MB
[runlim] sample:		99.96 time, 100.02 real, 76 MB
[runlim] sample:		109.96 time, 110.02 real, 90 MB
[runlim] sample:		119.95 time, 120.02 real, 98 MB
[runlim] sample:		129.95 time, 130.02 real, 254 MB
[runlim] sample:		139.95 time, 140.02 real, 264 MB
[runlim] sample:		149.95 time, 150.02 real, 271 MB
[runlim] sample:		159.95 time, 160.02 real, 275 MB
[runlim] sample:		169.95 time, 170.02 real, 279 MB
[runlim] sample:		179.95 time, 180.02 real, 281 MB
[runlim] sample:		189.95 time, 190.02 real, 284 MB
[runlim] sample:		199.95 time, 200.02 real, 286 MB
[runlim] sample:		209.95 time, 210.02 real, 288 MB
[runlim] sample:		219.96 time, 220.02 real, 290 MB
[runlim] sample:		229.95 time, 230.02 real, 292 MB
[runlim] sample:		239.95 time, 240.02 real, 305 MB
[runlim] sample:		249.95 time, 250.02 real, 317 MB
[runlim] sample:		259.95 time, 260.02 real, 322 MB
[runlim] sample:		269.95 time, 270.02 real, 326 MB
[runlim] sample:		279.95 time, 280.02 real, 328 MB
[runlim] sample:		289.96 time, 290.02 real, 331 MB
[runlim] sample:		299.95 time, 300.02 real, 334 MB
[runlim] sample:		309.95 time, 310.02 real, 336 MB
[runlim] sample:		319.95 time, 320.02 real, 338 MB
[runlim] sample:		329.95 time, 330.02 real, 340 MB
[runlim] sample:		339.95 time, 340.02 real, 342 MB
[runlim] sample:		350.15 time, 350.21 real, 344 MB
[runlim] sample:		360.06 time, 360.12 real, 345 MB
[runlim] sample:		370.05 time, 370.12 real, 347 MB
[runlim] sample:		380.05 time, 380.12 real, 348 MB
[runlim] sample:		390.05 time, 390.12 real, 349 MB
[runlim] sample:		400.05 time, 400.12 real, 351 MB
[runlim] sample:		410.06 time, 410.12 real, 352 MB
[runlim] sample:		420.05 time, 420.12 real, 353 MB
[runlim] sample:		430.05 time, 430.12 real, 354 MB
[runlim] sample:		440.05 time, 440.12 real, 355 MB
[runlim] sample:		450.25 time, 450.32 real, 357 MB
[runlim] sample:		460.25 time, 460.32 real, 358 MB
[runlim] sample:		470.26 time, 470.32 real, 359 MB
[runlim] sample:		480.26 time, 480.32 real, 595 MB
[runlim] sample:		490.25 time, 490.32 real, 659 MB
[runlim] sample:		500.25 time, 500.32 real, 661 MB
[runlim] sample:		510.25 time, 510.32 real, 661 MB
[runlim] sample:		520.25 time, 520.32 real, 662 MB
[runlim] sample:		530.25 time, 530.32 real, 663 MB
[runlim] sample:		540.25 time, 540.32 real, 663 MB
[runlim] sample:		550.26 time, 550.32 real, 664 MB
[runlim] sample:		560.26 time, 560.32 real, 664 MB
[runlim] sample:		570.25 time, 570.32 real, 665 MB
[runlim] sample:		580.25 time, 580.32 real, 665 MB
[runlim] sample:		590.25 time, 590.32 real, 666 MB
[runlim] sample:		600.26 time, 600.32 real, 666 MB
[runlim] sample:		610.26 time, 610.32 real, 666 MB
[runlim] sample:		620.25 time, 620.32 real, 667 MB
[runlim] sample:		630.26 time, 630.32 real, 667 MB
[runlim] sample:		640.26 time, 640.32 real, 667 MB
[runlim] sample:		650.26 time, 650.32 real, 668 MB
[runlim] sample:		660.26 time, 660.32 real, 668 MB
[runlim] sample:		670.26 time, 670.32 real, 668 MB
[runlim] sample:		680.26 time, 680.32 real, 669 MB
[runlim] sample:		690.26 time, 690.32 real, 669 MB
[runlim] sample:		700.26 time, 700.32 real, 669 MB
[runlim] sample:		710.26 time, 710.32 real, 669 MB
[runlim] sample:		720.26 time, 720.32 real, 670 MB
[runlim] sample:		730.25 time, 730.32 real, 670 MB
[runlim] sample:		740.25 time, 740.32 real, 670 MB
[runlim] sample:		750.25 time, 750.32 real, 671 MB
[runlim] sample:		760.25 time, 760.32 real, 671 MB
[runlim] sample:		770.25 time, 770.32 real, 671 MB
[runlim] sample:		780.25 time, 780.32 real, 671 MB
[runlim] sample:		790.25 time, 790.32 real, 671 MB
[runlim] sample:		800.26 time, 800.32 real, 672 MB
[runlim] sample:		810.25 time, 810.32 real, 672 MB
[runlim] sample:		820.25 time, 820.32 real, 672 MB
[runlim] sample:		830.25 time, 830.32 real, 672 MB
[runlim] sample:		840.26 time, 840.32 real, 673 MB
[runlim] sample:		850.26 time, 850.32 real, 673 MB
[runlim] sample:		860.26 time, 860.32 real, 673 MB
[runlim] sample:		870.26 time, 870.32 real, 673 MB
[runlim] sample:		880.26 time, 880.32 real, 673 MB
[runlim] sample:		890.26 time, 890.32 real, 674 MB
[runlim] sample:		900.25 time, 900.32 real, 674 MB
[runlim] sample:		910.25 time, 910.32 real, 674 MB
[runlim] sample:		920.26 time, 920.32 real, 674 MB
[runlim] sample:		930.26 time, 930.32 real, 674 MB
[runlim] sample:		940.25 time, 940.32 real, 675 MB
[runlim] sample:		950.25 time, 950.32 real, 675 MB
[runlim] sample:		960.26 time, 960.32 real, 675 MB
[runlim] sample:		970.26 time, 970.32 real, 675 MB
[runlim] sample:		980.26 time, 980.32 real, 676 MB
[runlim] sample:		990.26 time, 990.32 real, 676 MB
[runlim] sample:		1000.26 time, 1000.32 real, 676 MB
[runlim] sample:		1010.26 time, 1010.32 real, 676 MB
[runlim] sample:		1020.25 time, 1020.32 real, 676 MB
[runlim] sample:		1030.25 time, 1030.32 real, 676 MB
[runlim] sample:		1040.26 time, 1040.32 real, 677 MB
[runlim] sample:		1050.26 time, 1050.32 real, 677 MB
[runlim] sample:		1060.26 time, 1060.32 real, 677 MB
[runlim] sample:		1070.26 time, 1070.32 real, 677 MB
[runlim] sample:		1080.25 time, 1080.32 real, 677 MB
[runlim] sample:		1090.25 time, 1090.32 real, 677 MB
[runlim] sample:		1100.26 time, 1100.32 real, 678 MB
[runlim] sample:		1110.26 time, 1110.32 real, 678 MB
[runlim] sample:		1120.26 time, 1120.32 real, 678 MB
[runlim] sample:		1130.26 time, 1130.32 real, 678 MB
[runlim] sample:		1140.26 time, 1140.32 real, 678 MB
[runlim] sample:		1150.26 time, 1150.32 real, 678 MB
[runlim] sample:		1160.25 time, 1160.32 real, 679 MB
[runlim] sample:		1170.25 time, 1170.32 real, 679 MB
[runlim] sample:		1180.26 time, 1180.32 real, 654 MB
[runlim] sample:		1190.26 time, 1190.32 real, 654 MB
[runlim] sample:		1200.25 time, 1200.32 real, 654 MB
[runlim] sample:		1210.25 time, 1210.32 real, 654 MB
[runlim] sample:		1220.25 time, 1220.32 real, 654 MB
[runlim] sample:		1230.25 time, 1230.32 real, 654 MB
[runlim] sample:		1240.25 time, 1240.32 real, 654 MB
[runlim] sample:		1250.25 time, 1250.32 real, 654 MB
[runlim] sample:		1260.25 time, 1260.32 real, 654 MB
[runlim] sample:		1270.26 time, 1270.32 real, 654 MB
[runlim] sample:		1280.26 time, 1280.32 real, 654 MB
[runlim] sample:		1290.26 time, 1290.32 real, 654 MB
[runlim] sample:		1300.26 time, 1300.32 real, 654 MB
[runlim] sample:		1310.26 time, 1310.32 real, 654 MB
[runlim] sample:		1320.26 time, 1320.32 real, 654 MB
[runlim] sample:		1330.26 time, 1330.32 real, 654 MB
[runlim] sample:		1340.26 time, 1340.32 real, 654 MB
[runlim] sample:		1350.26 time, 1350.32 real, 654 MB
[runlim] sample:		1360.26 time, 1360.32 real, 654 MB
[runlim] sample:		1370.26 time, 1370.32 real, 654 MB
[runlim] sample:		1380.26 time, 1380.32 real, 654 MB
[runlim] sample:		1390.26 time, 1390.32 real, 654 MB
[runlim] sample:		1400.26 time, 1400.32 real, 654 MB
[runlim] sample:		1410.26 time, 1410.32 real, 654 MB
[runlim] sample:		1420.26 time, 1420.32 real, 654 MB
[runlim] sample:		1430.26 time, 1430.32 real, 654 MB
[runlim] sample:		1440.26 time, 1440.32 real, 654 MB
[runlim] sample:		1450.26 time, 1450.32 real, 654 MB
[runlim] sample:		1460.27 time, 1460.32 real, 654 MB
[runlim] sample:		1470.27 time, 1470.32 real, 654 MB
[runlim] sample:		1480.26 time, 1480.32 real, 654 MB
[runlim] sample:		1490.26 time, 1490.32 real, 654 MB
[runlim] sample:		1500.26 time, 1500.32 real, 654 MB
[runlim] sample:		1510.26 time, 1510.32 real, 654 MB
[runlim] sample:		1520.26 time, 1520.32 real, 654 MB
[runlim] sample:		1530.26 time, 1530.32 real, 654 MB
[runlim] sample:		1540.26 time, 1540.32 real, 654 MB
[runlim] sample:		1550.26 time, 1550.32 real, 654 MB
[runlim] sample:		1560.26 time, 1560.32 real, 654 MB
[runlim] sample:		1570.26 time, 1570.32 real, 654 MB
[runlim] sample:		1580.26 time, 1580.32 real, 654 MB
[runlim] sample:		1590.26 time, 1590.32 real, 654 MB
[runlim] sample:		1600.26 time, 1600.32 real, 654 MB
[runlim] sample:		1610.26 time, 1610.32 real, 654 MB
[runlim] sample:		1620.26 time, 1620.32 real, 654 MB
[runlim] sample:		1630.26 time, 1630.32 real, 654 MB
[runlim] sample:		1640.26 time, 1640.32 real, 654 MB
[runlim] sample:		1650.26 time, 1650.32 real, 654 MB
[runlim] sample:		1660.26 time, 1660.32 real, 654 MB
[runlim] sample:		1670.26 time, 1670.32 real, 654 MB
[runlim] sample:		1680.26 time, 1680.32 real, 654 MB
[runlim] sample:		1690.26 time, 1690.32 real, 654 MB
[runlim] sample:		1700.26 time, 1700.32 real, 654 MB
[runlim] sample:		1710.26 time, 1710.32 real, 654 MB
[runlim] sample:		1720.26 time, 1720.32 real, 654 MB
[runlim] sample:		1730.26 time, 1730.32 real, 654 MB
[runlim] sample:		1740.27 time, 1740.32 real, 654 MB
[runlim] sample:		1750.27 time, 1750.32 real, 654 MB
[runlim] sample:		1760.26 time, 1760.32 real, 654 MB
[runlim] sample:		1770.26 time, 1770.32 real, 654 MB
[runlim] sample:		1780.26 time, 1780.32 real, 654 MB
[runlim] sample:		1790.26 time, 1790.32 real, 654 MB
[runlim] sample:		1800.26 time, 1800.32 real, 654 MB
[runlim] sample:		1810.26 time, 1810.32 real, 654 MB
[runlim] sample:		1820.26 time, 1820.32 real, 654 MB
[runlim] sample:		1830.26 time, 1830.32 real, 654 MB
[runlim] sample:		1840.27 time, 1840.32 real, 654 MB
[runlim] sample:		1850.27 time, 1850.32 real, 654 MB
[runlim] sample:		1860.26 time, 1860.32 real, 654 MB
[runlim] sample:		1870.26 time, 1870.32 real, 654 MB
[runlim] sample:		1880.26 time, 1880.32 real, 654 MB
[runlim] sample:		1890.26 time, 1890.32 real, 654 MB
[runlim] sample:		1900.27 time, 1900.32 real, 654 MB
[runlim] sample:		1910.27 time, 1910.32 real, 654 MB
[runlim] sample:		1920.26 time, 1920.32 real, 686 MB
[runlim] sample:		1930.26 time, 1930.32 real, 688 MB
[runlim] sample:		1940.26 time, 1940.32 real, 699 MB
[runlim] sample:		1950.26 time, 1950.32 real, 699 MB
[runlim] sample:		1960.26 time, 1960.32 real, 709 MB
[runlim] sample:		1970.26 time, 1970.32 real, 709 MB
[runlim] sample:		1980.27 time, 1980.32 real, 709 MB
[runlim] sample:		1990.27 time, 1990.32 real, 709 MB
[runlim] sample:		2000.27 time, 2000.32 real, 709 MB
[runlim] sample:		2010.27 time, 2010.32 real, 709 MB
[runlim] sample:		2020.26 time, 2020.32 real, 714 MB
[runlim] sample:		2030.27 time, 2030.32 real, 714 MB
[runlim] sample:		2040.27 time, 2040.32 real, 720 MB
[runlim] sample:		2050.27 time, 2050.32 real, 720 MB
[runlim] sample:		2060.26 time, 2060.32 real, 723 MB
[runlim] sample:		2070.27 time, 2070.32 real, 723 MB
[runlim] sample:		2080.27 time, 2080.32 real, 732 MB
[runlim] sample:		2090.27 time, 2090.32 real, 732 MB
[runlim] sample:		2100.27 time, 2100.32 real, 735 MB
[runlim] sample:		2110.27 time, 2110.32 real, 735 MB
[runlim] sample:		2120.27 time, 2120.32 real, 735 MB
[runlim] sample:		2130.27 time, 2130.32 real, 735 MB
[runlim] sample:		2140.27 time, 2140.32 real, 735 MB
[runlim] sample:		2150.27 time, 2150.32 real, 743 MB
[runlim] sample:		2160.27 time, 2160.32 real, 743 MB
[runlim] sample:		2170.27 time, 2170.32 real, 743 MB
[runlim] sample:		2180.27 time, 2180.32 real, 743 MB
[runlim] sample:		2190.27 time, 2190.32 real, 743 MB
[runlim] sample:		2200.27 time, 2200.32 real, 743 MB
[runlim] sample:		2210.27 time, 2210.32 real, 743 MB
[runlim] sample:		2220.27 time, 2220.32 real, 750 MB
[runlim] sample:		2230.27 time, 2230.32 real, 754 MB
[runlim] sample:		2240.27 time, 2240.32 real, 754 MB
[runlim] sample:		2250.27 time, 2250.32 real, 754 MB
[runlim] sample:		2260.28 time, 2260.32 real, 754 MB
[runlim] sample:		2270.28 time, 2270.32 real, 754 MB
[runlim] sample:		2280.27 time, 2280.32 real, 754 MB
[runlim] sample:		2290.27 time, 2290.32 real, 754 MB
[runlim] sample:		2300.27 time, 2300.32 real, 754 MB
[runlim] sample:		2310.27 time, 2310.32 real, 757 MB
[runlim] sample:		2320.27 time, 2320.32 real, 757 MB
[runlim] sample:		2330.27 time, 2330.32 real, 757 MB
[runlim] sample:		2340.27 time, 2340.32 real, 757 MB
[runlim] sample:		2350.27 time, 2350.32 real, 757 MB
[runlim] sample:		2360.27 time, 2360.32 real, 757 MB
[runlim] sample:		2370.27 time, 2370.32 real, 757 MB
[runlim] sample:		2380.27 time, 2380.32 real, 757 MB
[runlim] sample:		2390.27 time, 2390.32 real, 757 MB
[runlim] sample:		2400.27 time, 2400.32 real, 757 MB
[runlim] sample:		2410.27 time, 2410.32 real, 757 MB
[runlim] sample:		2420.27 time, 2420.32 real, 762 MB
[runlim] sample:		2430.27 time, 2430.32 real, 767 MB
[runlim] sample:		2440.27 time, 2440.32 real, 768 MB
[runlim] sample:		2450.27 time, 2450.32 real, 768 MB
[runlim] sample:		2460.27 time, 2460.32 real, 768 MB
[runlim] sample:		2470.27 time, 2470.32 real, 768 MB
[runlim] sample:		2480.27 time, 2480.32 real, 768 MB
[runlim] sample:		2490.27 time, 2490.32 real, 768 MB
[runlim] sample:		2500.27 time, 2500.32 real, 768 MB
[runlim] sample:		2510.27 time, 2510.32 real, 768 MB
[runlim] sample:		2520.27 time, 2520.32 real, 768 MB
[runlim] sample:		2530.27 time, 2530.32 real, 768 MB
[runlim] sample:		2540.27 time, 2540.32 real, 768 MB
[runlim] sample:		2550.27 time, 2550.32 real, 768 MB
[runlim] sample:		2560.27 time, 2560.32 real, 768 MB
[runlim] sample:		2570.27 time, 2570.32 real, 777 MB
[runlim] sample:		2580.28 time, 2580.32 real, 777 MB
[runlim] sample:		2590.28 time, 2590.32 real, 777 MB
[runlim] sample:		2600.28 time, 2600.32 real, 777 MB
[runlim] sample:		2610.27 time, 2610.32 real, 777 MB
[runlim] sample:		2620.27 time, 2620.32 real, 777 MB
[runlim] sample:		2630.27 time, 2630.32 real, 777 MB
[runlim] sample:		2640.27 time, 2640.32 real, 777 MB
[runlim] sample:		2650.27 time, 2650.32 real, 777 MB
[runlim] sample:		2660.27 time, 2660.32 real, 777 MB
[runlim] sample:		2670.27 time, 2670.32 real, 777 MB
[runlim] sample:		2680.27 time, 2680.32 real, 777 MB
[runlim] sample:		2690.28 time, 2690.32 real, 781 MB
[runlim] end:			Sat Feb 29 07:57:52 2020
[runlim] status:		out of time
[runlim] result:		2
[runlim] children:		1
[runlim] real:			2700.11 seconds
[runlim] time:			2699.98 seconds
[runlim] space:			781 MB
[runlim] samples:		26997
