[runlim] version:		1.18
[runlim] host:			c3n09
[runlim] time limit:		2700 seconds
[runlim] real time limit:	2700 seconds
[runlim] space limit:		7000 MB
[runlim] argv[0]:		./binary
[runlim] argv[1]:		/data/cnf/ankit/E1-A1-instances/depots04_8.qdimacs
[runlim] start:			Sat Feb 29 07:12:52 2020
[runlim] child:			17546
[runlim] sample:		9.99 time, 10.02 real, 67 MB
[runlim] sample:		20.00 time, 20.02 real, 73 MB
[runlim] sample:		29.99 time, 30.02 real, 75 MB
[runlim] sample:		40.00 time, 40.02 real, 75 MB
[runlim] sample:		50.00 time, 50.02 real, 75 MB
[runlim] sample:		60.00 time, 60.02 real, 75 MB
[runlim] sample:		70.00 time, 70.02 real, 75 MB
[runlim] sample:		80.00 time, 80.02 real, 75 MB
[runlim] sample:		89.99 time, 90.02 real, 75 MB
[runlim] sample:		100.00 time, 100.02 real, 75 MB
[runlim] sample:		110.00 time, 110.02 real, 75 MB
[runlim] sample:		119.99 time, 120.02 real, 96 MB
[runlim] sample:		129.98 time, 130.02 real, 247 MB
[runlim] sample:		139.96 time, 140.02 real, 261 MB
[runlim] sample:		149.95 time, 150.02 real, 268 MB
[runlim] sample:		159.94 time, 160.02 real, 272 MB
[runlim] sample:		169.92 time, 170.02 real, 276 MB
[runlim] sample:		179.91 time, 180.02 real, 278 MB
[runlim] sample:		189.90 time, 190.02 real, 281 MB
[runlim] sample:		199.88 time, 200.02 real, 283 MB
[runlim] sample:		209.87 time, 210.02 real, 285 MB
[runlim] sample:		219.86 time, 220.02 real, 287 MB
[runlim] sample:		229.85 time, 230.02 real, 289 MB
[runlim] sample:		239.84 time, 240.02 real, 290 MB
[runlim] sample:		249.82 time, 250.02 real, 292 MB
[runlim] sample:		259.81 time, 260.02 real, 306 MB
[runlim] sample:		269.80 time, 270.02 real, 317 MB
[runlim] sample:		279.78 time, 280.02 real, 320 MB
[runlim] sample:		289.77 time, 290.02 real, 323 MB
[runlim] sample:		299.76 time, 300.02 real, 326 MB
[runlim] sample:		309.74 time, 310.02 real, 329 MB
[runlim] sample:		319.72 time, 320.02 real, 331 MB
[runlim] sample:		329.71 time, 330.02 real, 334 MB
[runlim] sample:		339.70 time, 340.02 real, 336 MB
[runlim] sample:		349.68 time, 350.02 real, 337 MB
[runlim] sample:		359.74 time, 360.12 real, 339 MB
[runlim] sample:		369.73 time, 370.12 real, 341 MB
[runlim] sample:		379.72 time, 380.12 real, 342 MB
[runlim] sample:		389.72 time, 390.12 real, 343 MB
[runlim] sample:		399.72 time, 400.12 real, 344 MB
[runlim] sample:		409.70 time, 410.12 real, 346 MB
[runlim] sample:		419.68 time, 420.12 real, 347 MB
[runlim] sample:		429.68 time, 430.12 real, 349 MB
[runlim] sample:		439.68 time, 440.12 real, 350 MB
[runlim] sample:		449.88 time, 450.32 real, 352 MB
[runlim] sample:		459.87 time, 460.32 real, 353 MB
[runlim] sample:		469.84 time, 470.32 real, 354 MB
[runlim] sample:		479.83 time, 480.32 real, 356 MB
[runlim] sample:		489.82 time, 490.32 real, 357 MB
[runlim] sample:		499.80 time, 500.32 real, 358 MB
[runlim] sample:		509.78 time, 510.32 real, 359 MB
[runlim] sample:		519.76 time, 520.32 real, 658 MB
[runlim] sample:		529.74 time, 530.32 real, 660 MB
[runlim] sample:		539.73 time, 540.32 real, 662 MB
[runlim] sample:		549.71 time, 550.32 real, 663 MB
[runlim] sample:		559.69 time, 560.32 real, 663 MB
[runlim] sample:		569.68 time, 570.32 real, 664 MB
[runlim] sample:		579.68 time, 580.32 real, 664 MB
[runlim] sample:		589.68 time, 590.32 real, 665 MB
[runlim] sample:		599.68 time, 600.32 real, 665 MB
[runlim] sample:		609.68 time, 610.32 real, 666 MB
[runlim] sample:		619.68 time, 620.32 real, 666 MB
[runlim] sample:		629.68 time, 630.32 real, 667 MB
[runlim] sample:		639.68 time, 640.32 real, 667 MB
[runlim] sample:		649.68 time, 650.32 real, 667 MB
[runlim] sample:		659.68 time, 660.32 real, 668 MB
[runlim] sample:		669.68 time, 670.32 real, 668 MB
[runlim] sample:		679.68 time, 680.32 real, 668 MB
[runlim] sample:		689.68 time, 690.32 real, 669 MB
[runlim] sample:		699.68 time, 700.32 real, 669 MB
[runlim] sample:		709.68 time, 710.32 real, 669 MB
[runlim] sample:		719.68 time, 720.32 real, 670 MB
[runlim] sample:		729.68 time, 730.32 real, 670 MB
[runlim] sample:		739.68 time, 740.32 real, 670 MB
[runlim] sample:		749.68 time, 750.32 real, 670 MB
[runlim] sample:		759.68 time, 760.32 real, 671 MB
[runlim] sample:		769.68 time, 770.32 real, 671 MB
[runlim] sample:		779.68 time, 780.32 real, 671 MB
[runlim] sample:		789.68 time, 790.32 real, 672 MB
[runlim] sample:		799.68 time, 800.32 real, 672 MB
[runlim] sample:		809.68 time, 810.32 real, 672 MB
[runlim] sample:		819.68 time, 820.32 real, 673 MB
[runlim] sample:		829.68 time, 830.32 real, 673 MB
[runlim] sample:		839.68 time, 840.32 real, 673 MB
[runlim] sample:		849.68 time, 850.32 real, 673 MB
[runlim] sample:		859.68 time, 860.32 real, 673 MB
[runlim] sample:		869.68 time, 870.32 real, 674 MB
[runlim] sample:		879.68 time, 880.32 real, 674 MB
[runlim] sample:		889.68 time, 890.32 real, 674 MB
[runlim] sample:		899.68 time, 900.32 real, 674 MB
[runlim] sample:		909.68 time, 910.32 real, 675 MB
[runlim] sample:		919.68 time, 920.32 real, 675 MB
[runlim] sample:		929.68 time, 930.32 real, 675 MB
[runlim] sample:		939.68 time, 940.32 real, 675 MB
[runlim] sample:		949.68 time, 950.32 real, 675 MB
[runlim] sample:		959.68 time, 960.32 real, 676 MB
[runlim] sample:		969.68 time, 970.32 real, 676 MB
[runlim] sample:		979.68 time, 980.32 real, 676 MB
[runlim] sample:		989.68 time, 990.32 real, 676 MB
[runlim] sample:		999.68 time, 1000.32 real, 676 MB
[runlim] sample:		1009.68 time, 1010.32 real, 677 MB
[runlim] sample:		1019.68 time, 1020.32 real, 677 MB
[runlim] sample:		1029.68 time, 1030.32 real, 677 MB
[runlim] sample:		1039.68 time, 1040.32 real, 677 MB
[runlim] sample:		1049.68 time, 1050.32 real, 677 MB
[runlim] sample:		1059.68 time, 1060.32 real, 678 MB
[runlim] sample:		1069.68 time, 1070.32 real, 678 MB
[runlim] sample:		1079.68 time, 1080.32 real, 678 MB
[runlim] sample:		1089.68 time, 1090.32 real, 678 MB
[runlim] sample:		1099.68 time, 1100.32 real, 678 MB
[runlim] sample:		1109.68 time, 1110.32 real, 679 MB
[runlim] sample:		1119.68 time, 1120.32 real, 679 MB
[runlim] sample:		1129.68 time, 1130.32 real, 679 MB
[runlim] sample:		1139.68 time, 1140.32 real, 679 MB
[runlim] sample:		1149.68 time, 1150.32 real, 654 MB
[runlim] sample:		1159.68 time, 1160.32 real, 654 MB
[runlim] sample:		1169.68 time, 1170.32 real, 654 MB
[runlim] sample:		1179.68 time, 1180.32 real, 654 MB
[runlim] sample:		1189.68 time, 1190.32 real, 654 MB
[runlim] sample:		1199.68 time, 1200.32 real, 654 MB
[runlim] sample:		1209.68 time, 1210.32 real, 654 MB
[runlim] sample:		1219.68 time, 1220.32 real, 654 MB
[runlim] sample:		1229.68 time, 1230.32 real, 654 MB
[runlim] sample:		1239.68 time, 1240.32 real, 654 MB
[runlim] sample:		1249.68 time, 1250.32 real, 654 MB
[runlim] sample:		1259.68 time, 1260.32 real, 654 MB
[runlim] sample:		1269.68 time, 1270.32 real, 654 MB
[runlim] sample:		1279.68 time, 1280.32 real, 654 MB
[runlim] sample:		1289.68 time, 1290.32 real, 654 MB
[runlim] sample:		1299.68 time, 1300.32 real, 654 MB
[runlim] sample:		1309.68 time, 1310.32 real, 654 MB
[runlim] sample:		1319.68 time, 1320.32 real, 654 MB
[runlim] sample:		1329.68 time, 1330.32 real, 654 MB
[runlim] sample:		1339.68 time, 1340.32 real, 654 MB
[runlim] sample:		1349.68 time, 1350.32 real, 654 MB
[runlim] sample:		1359.68 time, 1360.32 real, 654 MB
[runlim] sample:		1369.68 time, 1370.32 real, 654 MB
[runlim] sample:		1379.68 time, 1380.32 real, 654 MB
[runlim] sample:		1389.68 time, 1390.32 real, 654 MB
[runlim] sample:		1399.68 time, 1400.32 real, 654 MB
[runlim] sample:		1409.68 time, 1410.32 real, 654 MB
[runlim] sample:		1419.68 time, 1420.32 real, 654 MB
[runlim] sample:		1429.68 time, 1430.32 real, 654 MB
[runlim] sample:		1439.68 time, 1440.32 real, 654 MB
[runlim] sample:		1449.68 time, 1450.32 real, 654 MB
[runlim] sample:		1459.68 time, 1460.32 real, 654 MB
[runlim] sample:		1469.68 time, 1470.32 real, 654 MB
[runlim] sample:		1479.68 time, 1480.32 real, 654 MB
[runlim] sample:		1489.68 time, 1490.32 real, 654 MB
[runlim] sample:		1499.68 time, 1500.32 real, 654 MB
[runlim] sample:		1509.68 time, 1510.32 real, 654 MB
[runlim] sample:		1519.68 time, 1520.32 real, 654 MB
[runlim] sample:		1529.68 time, 1530.32 real, 654 MB
[runlim] sample:		1539.68 time, 1540.32 real, 654 MB
[runlim] sample:		1549.68 time, 1550.32 real, 654 MB
[runlim] sample:		1559.68 time, 1560.32 real, 654 MB
[runlim] sample:		1569.68 time, 1570.32 real, 654 MB
[runlim] sample:		1579.68 time, 1580.32 real, 654 MB
[runlim] sample:		1589.68 time, 1590.32 real, 654 MB
[runlim] sample:		1599.68 time, 1600.32 real, 654 MB
[runlim] sample:		1609.68 time, 1610.32 real, 654 MB
[runlim] sample:		1619.68 time, 1620.32 real, 654 MB
[runlim] sample:		1629.68 time, 1630.32 real, 654 MB
[runlim] sample:		1639.68 time, 1640.32 real, 654 MB
[runlim] sample:		1649.68 time, 1650.32 real, 654 MB
[runlim] sample:		1659.68 time, 1660.32 real, 654 MB
[runlim] sample:		1669.68 time, 1670.32 real, 654 MB
[runlim] sample:		1679.68 time, 1680.32 real, 654 MB
[runlim] sample:		1689.68 time, 1690.32 real, 654 MB
[runlim] sample:		1699.68 time, 1700.32 real, 654 MB
[runlim] sample:		1709.68 time, 1710.32 real, 654 MB
[runlim] sample:		1719.68 time, 1720.32 real, 654 MB
[runlim] sample:		1729.68 time, 1730.32 real, 654 MB
[runlim] sample:		1739.68 time, 1740.32 real, 654 MB
[runlim] sample:		1749.68 time, 1750.32 real, 654 MB
[runlim] sample:		1759.68 time, 1760.32 real, 654 MB
[runlim] sample:		1769.68 time, 1770.32 real, 654 MB
[runlim] sample:		1779.68 time, 1780.32 real, 654 MB
[runlim] sample:		1789.68 time, 1790.32 real, 654 MB
[runlim] sample:		1799.68 time, 1800.32 real, 654 MB
[runlim] sample:		1809.68 time, 1810.32 real, 679 MB
[runlim] sample:		1819.69 time, 1820.32 real, 684 MB
[runlim] sample:		1829.69 time, 1830.32 real, 701 MB
[runlim] sample:		1839.69 time, 1840.32 real, 702 MB
[runlim] sample:		1849.69 time, 1850.32 real, 702 MB
[runlim] sample:		1859.69 time, 1860.32 real, 702 MB
[runlim] sample:		1869.69 time, 1870.32 real, 702 MB
[runlim] sample:		1879.69 time, 1880.32 real, 702 MB
[runlim] sample:		1889.69 time, 1890.32 real, 702 MB
[runlim] sample:		1899.69 time, 1900.32 real, 703 MB
[runlim] sample:		1909.69 time, 1910.32 real, 707 MB
[runlim] sample:		1919.69 time, 1920.32 real, 713 MB
[runlim] sample:		1929.69 time, 1930.32 real, 719 MB
[runlim] sample:		1939.69 time, 1940.32 real, 719 MB
[runlim] sample:		1949.69 time, 1950.32 real, 724 MB
[runlim] sample:		1959.69 time, 1960.32 real, 724 MB
[runlim] sample:		1969.69 time, 1970.32 real, 730 MB
[runlim] sample:		1979.69 time, 1980.32 real, 730 MB
[runlim] sample:		1989.69 time, 1990.32 real, 730 MB
[runlim] sample:		1999.69 time, 2000.32 real, 737 MB
[runlim] sample:		2009.69 time, 2010.32 real, 737 MB
[runlim] sample:		2019.69 time, 2020.32 real, 737 MB
[runlim] sample:		2029.69 time, 2030.32 real, 737 MB
[runlim] sample:		2039.69 time, 2040.32 real, 737 MB
[runlim] sample:		2049.69 time, 2050.32 real, 737 MB
[runlim] sample:		2059.69 time, 2060.32 real, 744 MB
[runlim] sample:		2069.69 time, 2070.32 real, 744 MB
[runlim] sample:		2079.69 time, 2080.32 real, 744 MB
[runlim] sample:		2089.69 time, 2090.32 real, 744 MB
[runlim] sample:		2099.69 time, 2100.32 real, 744 MB
[runlim] sample:		2109.69 time, 2110.32 real, 744 MB
[runlim] sample:		2119.69 time, 2120.32 real, 744 MB
[runlim] sample:		2129.69 time, 2130.32 real, 748 MB
[runlim] sample:		2139.69 time, 2140.32 real, 748 MB
[runlim] sample:		2149.69 time, 2150.32 real, 748 MB
[runlim] sample:		2159.69 time, 2160.32 real, 748 MB
[runlim] sample:		2169.69 time, 2170.32 real, 748 MB
[runlim] sample:		2179.69 time, 2180.32 real, 748 MB
[runlim] sample:		2189.69 time, 2190.32 real, 748 MB
[runlim] sample:		2199.69 time, 2200.32 real, 748 MB
[runlim] sample:		2209.69 time, 2210.32 real, 755 MB
[runlim] sample:		2219.69 time, 2220.32 real, 755 MB
[runlim] sample:		2229.69 time, 2230.32 real, 755 MB
[runlim] sample:		2239.69 time, 2240.32 real, 755 MB
[runlim] sample:		2249.69 time, 2250.32 real, 755 MB
[runlim] sample:		2259.69 time, 2260.32 real, 755 MB
[runlim] sample:		2269.69 time, 2270.32 real, 755 MB
[runlim] sample:		2279.69 time, 2280.32 real, 755 MB
[runlim] sample:		2289.69 time, 2290.32 real, 755 MB
[runlim] sample:		2299.69 time, 2300.32 real, 755 MB
[runlim] sample:		2309.69 time, 2310.32 real, 755 MB
[runlim] sample:		2319.69 time, 2320.32 real, 760 MB
[runlim] sample:		2329.69 time, 2330.32 real, 760 MB
[runlim] sample:		2339.69 time, 2340.32 real, 760 MB
[runlim] sample:		2349.69 time, 2350.32 real, 760 MB
[runlim] sample:		2359.69 time, 2360.32 real, 760 MB
[runlim] sample:		2369.69 time, 2370.32 real, 760 MB
[runlim] sample:		2379.69 time, 2380.32 real, 760 MB
[runlim] sample:		2389.69 time, 2390.32 real, 760 MB
[runlim] sample:		2399.69 time, 2400.32 real, 760 MB
[runlim] sample:		2409.69 time, 2410.32 real, 760 MB
[runlim] sample:		2419.69 time, 2420.32 real, 760 MB
[runlim] sample:		2429.69 time, 2430.32 real, 760 MB
[runlim] sample:		2439.69 time, 2440.32 real, 760 MB
[runlim] sample:		2449.70 time, 2450.32 real, 760 MB
[runlim] sample:		2459.70 time, 2460.32 real, 770 MB
[runlim] sample:		2469.70 time, 2470.32 real, 770 MB
[runlim] sample:		2479.70 time, 2480.32 real, 770 MB
[runlim] sample:		2489.70 time, 2490.32 real, 770 MB
[runlim] sample:		2499.70 time, 2500.32 real, 770 MB
[runlim] sample:		2509.70 time, 2510.32 real, 770 MB
[runlim] sample:		2519.70 time, 2520.32 real, 770 MB
[runlim] sample:		2529.70 time, 2530.32 real, 770 MB
[runlim] sample:		2539.70 time, 2540.32 real, 770 MB
[runlim] sample:		2549.70 time, 2550.32 real, 770 MB
[runlim] sample:		2559.70 time, 2560.32 real, 770 MB
[runlim] sample:		2569.70 time, 2570.32 real, 770 MB
[runlim] sample:		2579.70 time, 2580.32 real, 770 MB
[runlim] sample:		2589.70 time, 2590.32 real, 770 MB
[runlim] sample:		2599.70 time, 2600.32 real, 770 MB
[runlim] sample:		2609.70 time, 2610.32 real, 770 MB
[runlim] sample:		2619.70 time, 2620.32 real, 778 MB
[runlim] sample:		2629.70 time, 2630.32 real, 778 MB
[runlim] sample:		2639.70 time, 2640.32 real, 778 MB
[runlim] sample:		2649.70 time, 2650.32 real, 778 MB
[runlim] sample:		2659.70 time, 2660.32 real, 778 MB
[runlim] sample:		2669.70 time, 2670.32 real, 778 MB
[runlim] sample:		2679.70 time, 2680.32 real, 778 MB
[runlim] sample:		2689.70 time, 2690.32 real, 778 MB
[runlim] end:			Sat Feb 29 07:57:52 2020
[runlim] status:		out of time
[runlim] result:		2
[runlim] children:		1
[runlim] real:			2700.11 seconds
[runlim] time:			2699.40 seconds
[runlim] space:			778 MB
[runlim] samples:		26997
