[runlim] version:		1.18
[runlim] host:			c3n10
[runlim] time limit:		2700 seconds
[runlim] real time limit:	2700 seconds
[runlim] space limit:		7000 MB
[runlim] argv[0]:		./binary
[runlim] argv[1]:		/data/cnf/ankit/E1-A1-instances/depots10_7.qdimacs
[runlim] start:			Sat Feb 29 07:12:52 2020
[runlim] child:			20657
[runlim] sample:		9.76 time, 10.12 real, 93 MB
[runlim] sample:		19.76 time, 20.12 real, 93 MB
[runlim] sample:		29.76 time, 30.12 real, 93 MB
[runlim] sample:		39.76 time, 40.12 real, 104 MB
[runlim] sample:		49.76 time, 50.12 real, 105 MB
[runlim] sample:		59.76 time, 60.12 real, 105 MB
[runlim] sample:		69.76 time, 70.12 real, 105 MB
[runlim] sample:		79.76 time, 80.12 real, 105 MB
[runlim] sample:		89.76 time, 90.12 real, 105 MB
[runlim] sample:		99.76 time, 100.12 real, 105 MB
[runlim] sample:		109.76 time, 110.12 real, 105 MB
[runlim] sample:		119.77 time, 120.12 real, 105 MB
[runlim] sample:		129.76 time, 130.12 real, 105 MB
[runlim] sample:		139.76 time, 140.12 real, 105 MB
[runlim] sample:		149.76 time, 150.12 real, 105 MB
[runlim] sample:		159.76 time, 160.12 real, 105 MB
[runlim] sample:		169.76 time, 170.12 real, 105 MB
[runlim] sample:		179.76 time, 180.12 real, 105 MB
[runlim] sample:		189.76 time, 190.12 real, 105 MB
[runlim] sample:		199.76 time, 200.12 real, 105 MB
[runlim] sample:		209.76 time, 210.12 real, 105 MB
[runlim] sample:		219.76 time, 220.12 real, 105 MB
[runlim] sample:		229.76 time, 230.12 real, 121 MB
[runlim] sample:		239.76 time, 240.12 real, 133 MB
[runlim] sample:		249.76 time, 250.12 real, 136 MB
[runlim] sample:		259.76 time, 260.12 real, 139 MB
[runlim] sample:		269.76 time, 270.12 real, 421 MB
[runlim] sample:		279.76 time, 280.12 real, 435 MB
[runlim] sample:		289.76 time, 290.12 real, 441 MB
[runlim] sample:		299.76 time, 300.12 real, 444 MB
[runlim] sample:		309.76 time, 310.12 real, 446 MB
[runlim] sample:		319.75 time, 320.12 real, 449 MB
[runlim] sample:		329.76 time, 330.12 real, 451 MB
[runlim] sample:		339.75 time, 340.12 real, 453 MB
[runlim] sample:		349.96 time, 350.33 real, 455 MB
[runlim] sample:		359.86 time, 360.22 real, 457 MB
[runlim] sample:		369.86 time, 370.22 real, 459 MB
[runlim] sample:		379.86 time, 380.22 real, 461 MB
[runlim] sample:		389.86 time, 390.22 real, 462 MB
[runlim] sample:		399.86 time, 400.22 real, 464 MB
[runlim] sample:		409.86 time, 410.22 real, 466 MB
[runlim] sample:		419.86 time, 420.22 real, 467 MB
[runlim] sample:		429.85 time, 430.22 real, 469 MB
[runlim] sample:		439.85 time, 440.22 real, 470 MB
[runlim] sample:		450.05 time, 450.42 real, 472 MB
[runlim] sample:		460.06 time, 460.42 real, 473 MB
[runlim] sample:		470.06 time, 470.42 real, 474 MB
[runlim] sample:		480.05 time, 480.42 real, 475 MB
[runlim] sample:		490.06 time, 490.42 real, 476 MB
[runlim] sample:		500.05 time, 500.42 real, 477 MB
[runlim] sample:		510.06 time, 510.42 real, 478 MB
[runlim] sample:		520.06 time, 520.42 real, 479 MB
[runlim] sample:		530.06 time, 530.42 real, 480 MB
[runlim] sample:		540.05 time, 540.42 real, 481 MB
[runlim] sample:		550.05 time, 550.42 real, 482 MB
[runlim] sample:		560.05 time, 560.42 real, 483 MB
[runlim] sample:		570.06 time, 570.42 real, 485 MB
[runlim] sample:		580.05 time, 580.42 real, 486 MB
[runlim] sample:		590.05 time, 590.42 real, 487 MB
[runlim] sample:		600.05 time, 600.42 real, 488 MB
[runlim] sample:		610.05 time, 610.42 real, 489 MB
[runlim] sample:		620.05 time, 620.42 real, 490 MB
[runlim] sample:		630.05 time, 630.42 real, 491 MB
[runlim] sample:		640.05 time, 640.42 real, 492 MB
[runlim] sample:		650.05 time, 650.42 real, 493 MB
[runlim] sample:		660.05 time, 660.42 real, 494 MB
[runlim] sample:		670.05 time, 670.42 real, 495 MB
[runlim] sample:		680.05 time, 680.42 real, 496 MB
[runlim] sample:		690.05 time, 690.42 real, 497 MB
[runlim] sample:		700.05 time, 700.42 real, 498 MB
[runlim] sample:		710.05 time, 710.42 real, 499 MB
[runlim] sample:		720.05 time, 720.42 real, 500 MB
[runlim] sample:		730.05 time, 730.42 real, 501 MB
[runlim] sample:		740.05 time, 740.42 real, 502 MB
[runlim] sample:		750.05 time, 750.42 real, 502 MB
[runlim] sample:		760.05 time, 760.42 real, 503 MB
[runlim] sample:		770.04 time, 770.42 real, 504 MB
[runlim] sample:		780.05 time, 780.42 real, 505 MB
[runlim] sample:		790.05 time, 790.42 real, 506 MB
[runlim] sample:		800.05 time, 800.42 real, 507 MB
[runlim] sample:		810.05 time, 810.42 real, 507 MB
[runlim] sample:		820.05 time, 820.42 real, 508 MB
[runlim] sample:		830.05 time, 830.42 real, 509 MB
[runlim] sample:		840.04 time, 840.42 real, 510 MB
[runlim] sample:		850.05 time, 850.42 real, 511 MB
[runlim] sample:		860.05 time, 860.42 real, 512 MB
[runlim] sample:		870.05 time, 870.42 real, 512 MB
[runlim] sample:		880.05 time, 880.42 real, 513 MB
[runlim] sample:		890.04 time, 890.42 real, 514 MB
[runlim] sample:		900.04 time, 900.42 real, 515 MB
[runlim] sample:		910.04 time, 910.42 real, 515 MB
[runlim] sample:		920.04 time, 920.42 real, 516 MB
[runlim] sample:		930.05 time, 930.42 real, 517 MB
[runlim] sample:		940.05 time, 940.42 real, 518 MB
[runlim] sample:		950.05 time, 950.42 real, 518 MB
[runlim] sample:		960.05 time, 960.42 real, 519 MB
[runlim] sample:		970.04 time, 970.42 real, 520 MB
[runlim] sample:		980.04 time, 980.42 real, 520 MB
[runlim] sample:		990.04 time, 990.42 real, 521 MB
[runlim] sample:		1000.04 time, 1000.42 real, 522 MB
[runlim] sample:		1010.04 time, 1010.42 real, 523 MB
[runlim] sample:		1020.04 time, 1020.42 real, 523 MB
[runlim] sample:		1030.04 time, 1030.42 real, 524 MB
[runlim] sample:		1040.04 time, 1040.42 real, 525 MB
[runlim] sample:		1050.04 time, 1050.42 real, 525 MB
[runlim] sample:		1060.04 time, 1060.42 real, 527 MB
[runlim] sample:		1070.05 time, 1070.42 real, 529 MB
[runlim] sample:		1080.04 time, 1080.42 real, 531 MB
[runlim] sample:		1090.04 time, 1090.42 real, 533 MB
[runlim] sample:		1100.04 time, 1100.42 real, 535 MB
[runlim] sample:		1110.05 time, 1110.42 real, 537 MB
[runlim] sample:		1120.05 time, 1120.42 real, 539 MB
[runlim] sample:		1130.04 time, 1130.42 real, 541 MB
[runlim] sample:		1140.04 time, 1140.42 real, 542 MB
[runlim] sample:		1150.04 time, 1150.42 real, 544 MB
[runlim] sample:		1160.04 time, 1160.42 real, 546 MB
[runlim] sample:		1170.04 time, 1170.42 real, 547 MB
[runlim] sample:		1180.04 time, 1180.42 real, 548 MB
[runlim] sample:		1190.04 time, 1190.42 real, 550 MB
[runlim] sample:		1200.04 time, 1200.42 real, 551 MB
[runlim] sample:		1210.04 time, 1210.42 real, 559 MB
[runlim] sample:		1220.04 time, 1220.42 real, 560 MB
[runlim] sample:		1230.04 time, 1230.42 real, 561 MB
[runlim] sample:		1240.04 time, 1240.42 real, 563 MB
[runlim] sample:		1250.04 time, 1250.42 real, 564 MB
[runlim] sample:		1260.04 time, 1260.42 real, 565 MB
[runlim] sample:		1270.03 time, 1270.42 real, 566 MB
[runlim] sample:		1280.03 time, 1280.42 real, 568 MB
[runlim] sample:		1290.04 time, 1290.42 real, 569 MB
[runlim] sample:		1300.04 time, 1300.42 real, 576 MB
[runlim] sample:		1310.04 time, 1310.42 real, 577 MB
[runlim] sample:		1320.04 time, 1320.42 real, 578 MB
[runlim] sample:		1330.04 time, 1330.42 real, 579 MB
[runlim] sample:		1340.04 time, 1340.42 real, 580 MB
[runlim] sample:		1350.04 time, 1350.42 real, 581 MB
[runlim] sample:		1360.04 time, 1360.42 real, 583 MB
[runlim] sample:		1370.04 time, 1370.42 real, 584 MB
[runlim] sample:		1380.04 time, 1380.42 real, 585 MB
[runlim] sample:		1390.04 time, 1390.42 real, 586 MB
[runlim] sample:		1400.03 time, 1400.42 real, 587 MB
[runlim] sample:		1410.03 time, 1410.42 real, 588 MB
[runlim] sample:		1420.03 time, 1420.42 real, 589 MB
[runlim] sample:		1430.04 time, 1430.42 real, 590 MB
[runlim] sample:		1440.03 time, 1440.42 real, 591 MB
[runlim] sample:		1450.03 time, 1450.42 real, 592 MB
[runlim] sample:		1460.04 time, 1460.42 real, 593 MB
[runlim] sample:		1470.04 time, 1470.42 real, 594 MB
[runlim] sample:		1480.04 time, 1480.42 real, 595 MB
[runlim] sample:		1490.03 time, 1490.42 real, 596 MB
[runlim] sample:		1500.04 time, 1500.42 real, 597 MB
[runlim] sample:		1510.03 time, 1510.42 real, 598 MB
[runlim] sample:		1520.04 time, 1520.42 real, 599 MB
[runlim] sample:		1530.04 time, 1530.42 real, 600 MB
[runlim] sample:		1540.04 time, 1540.42 real, 600 MB
[runlim] sample:		1550.03 time, 1550.42 real, 602 MB
[runlim] sample:		1560.03 time, 1560.42 real, 602 MB
[runlim] sample:		1570.03 time, 1570.42 real, 603 MB
[runlim] sample:		1580.03 time, 1580.42 real, 604 MB
[runlim] sample:		1590.03 time, 1590.42 real, 605 MB
[runlim] sample:		1600.03 time, 1600.42 real, 606 MB
[runlim] sample:		1610.03 time, 1610.42 real, 607 MB
[runlim] sample:		1620.03 time, 1620.42 real, 608 MB
[runlim] sample:		1630.03 time, 1630.42 real, 608 MB
[runlim] sample:		1640.03 time, 1640.42 real, 609 MB
[runlim] sample:		1650.03 time, 1650.42 real, 610 MB
[runlim] sample:		1660.03 time, 1660.42 real, 611 MB
[runlim] sample:		1670.03 time, 1670.42 real, 612 MB
[runlim] sample:		1680.03 time, 1680.42 real, 612 MB
[runlim] sample:		1690.03 time, 1690.42 real, 613 MB
[runlim] sample:		1700.03 time, 1700.42 real, 614 MB
[runlim] sample:		1710.03 time, 1710.42 real, 615 MB
[runlim] sample:		1720.03 time, 1720.42 real, 616 MB
[runlim] sample:		1730.03 time, 1730.42 real, 616 MB
[runlim] sample:		1740.03 time, 1740.42 real, 617 MB
[runlim] sample:		1750.03 time, 1750.42 real, 618 MB
[runlim] sample:		1760.03 time, 1760.42 real, 619 MB
[runlim] sample:		1770.03 time, 1770.42 real, 619 MB
[runlim] sample:		1780.03 time, 1780.42 real, 620 MB
[runlim] sample:		1790.03 time, 1790.42 real, 621 MB
[runlim] sample:		1800.03 time, 1800.42 real, 622 MB
[runlim] sample:		1810.03 time, 1810.42 real, 623 MB
[runlim] sample:		1820.03 time, 1820.42 real, 623 MB
[runlim] sample:		1830.03 time, 1830.42 real, 624 MB
[runlim] sample:		1840.03 time, 1840.42 real, 625 MB
[runlim] sample:		1850.03 time, 1850.42 real, 626 MB
[runlim] sample:		1860.03 time, 1860.42 real, 626 MB
[runlim] sample:		1870.03 time, 1870.42 real, 627 MB
[runlim] sample:		1880.03 time, 1880.42 real, 627 MB
[runlim] sample:		1890.02 time, 1890.42 real, 628 MB
[runlim] sample:		1900.03 time, 1900.42 real, 629 MB
[runlim] sample:		1910.03 time, 1910.42 real, 630 MB
[runlim] sample:		1920.03 time, 1920.42 real, 630 MB
[runlim] sample:		1930.03 time, 1930.42 real, 631 MB
[runlim] sample:		1940.03 time, 1940.42 real, 632 MB
[runlim] sample:		1950.03 time, 1950.42 real, 633 MB
[runlim] sample:		1960.02 time, 1960.42 real, 633 MB
[runlim] sample:		1970.02 time, 1970.42 real, 634 MB
[runlim] sample:		1980.02 time, 1980.42 real, 634 MB
[runlim] sample:		1990.03 time, 1990.42 real, 635 MB
[runlim] sample:		2000.03 time, 2000.42 real, 636 MB
[runlim] sample:		2010.03 time, 2010.42 real, 637 MB
[runlim] sample:		2020.03 time, 2020.42 real, 637 MB
[runlim] sample:		2030.03 time, 2030.42 real, 638 MB
[runlim] sample:		2040.03 time, 2040.42 real, 638 MB
[runlim] sample:		2050.03 time, 2050.42 real, 639 MB
[runlim] sample:		2060.03 time, 2060.42 real, 640 MB
[runlim] sample:		2070.03 time, 2070.42 real, 640 MB
[runlim] sample:		2080.03 time, 2080.42 real, 641 MB
[runlim] sample:		2090.03 time, 2090.42 real, 642 MB
[runlim] sample:		2100.03 time, 2100.42 real, 642 MB
[runlim] sample:		2110.03 time, 2110.42 real, 643 MB
[runlim] sample:		2120.03 time, 2120.42 real, 643 MB
[runlim] sample:		2130.03 time, 2130.42 real, 644 MB
[runlim] sample:		2140.03 time, 2140.42 real, 645 MB
[runlim] sample:		2150.03 time, 2150.42 real, 645 MB
[runlim] sample:		2160.03 time, 2160.42 real, 646 MB
[runlim] sample:		2170.03 time, 2170.42 real, 647 MB
[runlim] sample:		2180.03 time, 2180.42 real, 647 MB
[runlim] sample:		2190.02 time, 2190.42 real, 648 MB
[runlim] sample:		2200.03 time, 2200.42 real, 649 MB
[runlim] sample:		2210.02 time, 2210.42 real, 649 MB
[runlim] sample:		2220.03 time, 2220.42 real, 650 MB
[runlim] sample:		2230.02 time, 2230.42 real, 650 MB
[runlim] sample:		2240.03 time, 2240.42 real, 651 MB
[runlim] sample:		2250.03 time, 2250.42 real, 651 MB
[runlim] sample:		2260.03 time, 2260.42 real, 652 MB
[runlim] sample:		2270.02 time, 2270.42 real, 653 MB
[runlim] sample:		2280.03 time, 2280.42 real, 653 MB
[runlim] sample:		2290.03 time, 2290.42 real, 654 MB
[runlim] sample:		2300.02 time, 2300.42 real, 654 MB
[runlim] sample:		2310.02 time, 2310.42 real, 655 MB
[runlim] sample:		2320.02 time, 2320.42 real, 656 MB
[runlim] sample:		2330.02 time, 2330.42 real, 656 MB
[runlim] sample:		2340.03 time, 2340.42 real, 1109 MB
[runlim] sample:		2350.02 time, 2350.42 real, 1122 MB
[runlim] sample:		2360.02 time, 2360.42 real, 1138 MB
[runlim] sample:		2370.03 time, 2370.42 real, 1223 MB
[runlim] sample:		2380.02 time, 2380.42 real, 1225 MB
[runlim] sample:		2390.02 time, 2390.42 real, 1225 MB
[runlim] sample:		2400.02 time, 2400.42 real, 1226 MB
[runlim] sample:		2410.02 time, 2410.42 real, 1226 MB
[runlim] sample:		2420.02 time, 2420.42 real, 1227 MB
[runlim] sample:		2430.02 time, 2430.42 real, 1227 MB
[runlim] sample:		2440.02 time, 2440.42 real, 1228 MB
[runlim] sample:		2450.02 time, 2450.42 real, 1228 MB
[runlim] sample:		2460.03 time, 2460.42 real, 1229 MB
[runlim] sample:		2470.02 time, 2470.42 real, 1229 MB
[runlim] sample:		2480.02 time, 2480.42 real, 1230 MB
[runlim] sample:		2490.02 time, 2490.42 real, 1230 MB
[runlim] sample:		2500.02 time, 2500.42 real, 1230 MB
[runlim] sample:		2510.02 time, 2510.42 real, 1231 MB
[runlim] sample:		2520.02 time, 2520.42 real, 1231 MB
[runlim] sample:		2530.02 time, 2530.42 real, 1231 MB
[runlim] sample:		2540.02 time, 2540.42 real, 1232 MB
[runlim] sample:		2550.02 time, 2550.42 real, 1232 MB
[runlim] sample:		2560.02 time, 2560.42 real, 1232 MB
[runlim] sample:		2570.02 time, 2570.42 real, 1233 MB
[runlim] sample:		2580.02 time, 2580.42 real, 1233 MB
[runlim] sample:		2590.02 time, 2590.42 real, 1233 MB
[runlim] sample:		2600.02 time, 2600.42 real, 1234 MB
[runlim] sample:		2610.02 time, 2610.42 real, 1234 MB
[runlim] sample:		2620.02 time, 2620.42 real, 1234 MB
[runlim] sample:		2630.02 time, 2630.42 real, 1234 MB
[runlim] sample:		2640.02 time, 2640.42 real, 1235 MB
[runlim] sample:		2650.02 time, 2650.42 real, 1235 MB
[runlim] sample:		2660.02 time, 2660.42 real, 1235 MB
[runlim] sample:		2670.01 time, 2670.42 real, 1235 MB
[runlim] sample:		2680.02 time, 2680.42 real, 1236 MB
[runlim] sample:		2690.02 time, 2690.42 real, 1236 MB
[runlim] end:			Sat Feb 29 07:57:52 2020
[runlim] status:		out of time
[runlim] result:		2
[runlim] children:		1
[runlim] real:			2700.11 seconds
[runlim] time:			2699.62 seconds
[runlim] space:			1236 MB
[runlim] samples:		26996
