[runlim] version:		1.18
[runlim] host:			c3n10
[runlim] time limit:		2700 seconds
[runlim] real time limit:	2700 seconds
[runlim] space limit:		7000 MB
[runlim] argv[0]:		./binary
[runlim] argv[1]:		/data/cnf/ankit/E1-A1-instances/depots07_7.qdimacs
[runlim] start:			Sat Feb 29 07:12:51 2020
[runlim] child:			20573
[runlim] sample:		9.18 time, 10.02 real, 40 MB
[runlim] sample:		19.18 time, 20.02 real, 40 MB
[runlim] sample:		29.18 time, 30.02 real, 40 MB
[runlim] sample:		39.18 time, 40.02 real, 40 MB
[runlim] sample:		49.18 time, 50.02 real, 40 MB
[runlim] sample:		59.18 time, 60.02 real, 40 MB
[runlim] sample:		69.18 time, 70.02 real, 40 MB
[runlim] sample:		79.18 time, 80.02 real, 40 MB
[runlim] sample:		89.18 time, 90.02 real, 40 MB
[runlim] sample:		99.18 time, 100.02 real, 40 MB
[runlim] sample:		109.18 time, 110.02 real, 70 MB
[runlim] sample:		119.18 time, 120.02 real, 175 MB
[runlim] sample:		129.18 time, 130.02 real, 182 MB
[runlim] sample:		139.17 time, 140.02 real, 186 MB
[runlim] sample:		149.17 time, 150.02 real, 189 MB
[runlim] sample:		159.18 time, 160.02 real, 191 MB
[runlim] sample:		169.18 time, 170.02 real, 196 MB
[runlim] sample:		179.17 time, 180.02 real, 207 MB
[runlim] sample:		189.18 time, 190.02 real, 213 MB
[runlim] sample:		199.18 time, 200.02 real, 216 MB
[runlim] sample:		209.17 time, 210.02 real, 218 MB
[runlim] sample:		219.17 time, 220.02 real, 220 MB
[runlim] sample:		229.17 time, 230.02 real, 222 MB
[runlim] sample:		239.17 time, 240.02 real, 224 MB
[runlim] sample:		249.17 time, 250.02 real, 226 MB
[runlim] sample:		259.17 time, 260.02 real, 228 MB
[runlim] sample:		269.17 time, 270.02 real, 230 MB
[runlim] sample:		279.18 time, 280.02 real, 232 MB
[runlim] sample:		289.18 time, 290.02 real, 233 MB
[runlim] sample:		299.18 time, 300.02 real, 287 MB
[runlim] sample:		309.17 time, 310.02 real, 444 MB
[runlim] sample:		319.18 time, 320.02 real, 446 MB
[runlim] sample:		329.18 time, 330.02 real, 447 MB
[runlim] sample:		339.18 time, 340.02 real, 448 MB
[runlim] sample:		349.20 time, 350.04 real, 449 MB
[runlim] sample:		359.27 time, 360.12 real, 449 MB
[runlim] sample:		369.27 time, 370.12 real, 450 MB
[runlim] sample:		379.27 time, 380.12 real, 450 MB
[runlim] sample:		389.27 time, 390.12 real, 451 MB
[runlim] sample:		399.27 time, 400.12 real, 451 MB
[runlim] sample:		409.27 time, 410.12 real, 452 MB
[runlim] sample:		419.27 time, 420.12 real, 452 MB
[runlim] sample:		429.27 time, 430.12 real, 452 MB
[runlim] sample:		439.27 time, 440.12 real, 453 MB
[runlim] sample:		449.37 time, 450.22 real, 453 MB
[runlim] sample:		459.37 time, 460.22 real, 453 MB
[runlim] sample:		469.37 time, 470.22 real, 454 MB
[runlim] sample:		479.37 time, 480.22 real, 454 MB
[runlim] sample:		489.37 time, 490.22 real, 454 MB
[runlim] sample:		499.37 time, 500.22 real, 454 MB
[runlim] sample:		509.37 time, 510.22 real, 455 MB
[runlim] sample:		519.37 time, 520.22 real, 455 MB
[runlim] sample:		529.37 time, 530.22 real, 455 MB
[runlim] sample:		539.37 time, 540.22 real, 455 MB
[runlim] sample:		549.37 time, 550.22 real, 456 MB
[runlim] sample:		559.37 time, 560.22 real, 456 MB
[runlim] sample:		569.36 time, 570.22 real, 456 MB
[runlim] sample:		579.36 time, 580.22 real, 457 MB
[runlim] sample:		589.36 time, 590.22 real, 457 MB
[runlim] sample:		599.39 time, 600.24 real, 457 MB
[runlim] sample:		609.37 time, 610.22 real, 457 MB
[runlim] sample:		619.37 time, 620.22 real, 458 MB
[runlim] sample:		629.37 time, 630.22 real, 458 MB
[runlim] sample:		639.37 time, 640.22 real, 441 MB
[runlim] sample:		649.37 time, 650.22 real, 441 MB
[runlim] sample:		659.37 time, 660.22 real, 441 MB
[runlim] sample:		669.37 time, 670.22 real, 441 MB
[runlim] sample:		679.37 time, 680.22 real, 441 MB
[runlim] sample:		689.37 time, 690.22 real, 441 MB
[runlim] sample:		699.37 time, 700.22 real, 441 MB
[runlim] sample:		709.37 time, 710.22 real, 441 MB
[runlim] sample:		719.37 time, 720.22 real, 441 MB
[runlim] sample:		729.37 time, 730.22 real, 441 MB
[runlim] sample:		739.37 time, 740.22 real, 441 MB
[runlim] sample:		749.37 time, 750.22 real, 441 MB
[runlim] sample:		759.37 time, 760.22 real, 441 MB
[runlim] sample:		769.37 time, 770.22 real, 441 MB
[runlim] sample:		779.37 time, 780.22 real, 441 MB
[runlim] sample:		789.37 time, 790.22 real, 441 MB
[runlim] sample:		799.37 time, 800.22 real, 441 MB
[runlim] sample:		809.37 time, 810.22 real, 441 MB
[runlim] sample:		819.37 time, 820.22 real, 441 MB
[runlim] sample:		829.37 time, 830.22 real, 441 MB
[runlim] sample:		839.37 time, 840.22 real, 441 MB
[runlim] sample:		849.37 time, 850.22 real, 441 MB
[runlim] sample:		859.37 time, 860.22 real, 441 MB
[runlim] sample:		869.37 time, 870.22 real, 441 MB
[runlim] sample:		879.37 time, 880.22 real, 441 MB
[runlim] sample:		889.37 time, 890.22 real, 441 MB
[runlim] sample:		899.37 time, 900.22 real, 441 MB
[runlim] sample:		909.37 time, 910.22 real, 441 MB
[runlim] sample:		919.37 time, 920.22 real, 441 MB
[runlim] sample:		929.37 time, 930.22 real, 441 MB
[runlim] sample:		939.37 time, 940.22 real, 441 MB
[runlim] sample:		949.37 time, 950.22 real, 441 MB
[runlim] sample:		959.37 time, 960.22 real, 441 MB
[runlim] sample:		969.37 time, 970.22 real, 441 MB
[runlim] sample:		979.37 time, 980.22 real, 441 MB
[runlim] sample:		989.37 time, 990.22 real, 441 MB
[runlim] sample:		999.37 time, 1000.22 real, 461 MB
[runlim] sample:		1009.37 time, 1010.22 real, 461 MB
[runlim] sample:		1019.37 time, 1020.22 real, 461 MB
[runlim] sample:		1029.37 time, 1030.22 real, 461 MB
[runlim] sample:		1039.37 time, 1040.22 real, 466 MB
[runlim] sample:		1049.37 time, 1050.22 real, 473 MB
[runlim] sample:		1059.37 time, 1060.22 real, 490 MB
[runlim] sample:		1069.37 time, 1070.22 real, 494 MB
[runlim] sample:		1079.37 time, 1080.22 real, 494 MB
[runlim] sample:		1089.37 time, 1090.22 real, 505 MB
[runlim] sample:		1099.37 time, 1100.22 real, 508 MB
[runlim] sample:		1109.37 time, 1110.22 real, 508 MB
[runlim] sample:		1119.37 time, 1120.22 real, 509 MB
[runlim] sample:		1129.37 time, 1130.22 real, 509 MB
[runlim] sample:		1139.37 time, 1140.22 real, 509 MB
[runlim] sample:		1149.37 time, 1150.22 real, 509 MB
[runlim] sample:		1159.37 time, 1160.22 real, 519 MB
[runlim] sample:		1169.37 time, 1170.22 real, 519 MB
[runlim] sample:		1179.37 time, 1180.22 real, 519 MB
[runlim] sample:		1189.37 time, 1190.22 real, 519 MB
[runlim] sample:		1199.37 time, 1200.22 real, 519 MB
[runlim] sample:		1209.37 time, 1210.22 real, 524 MB
[runlim] sample:		1219.37 time, 1220.22 real, 524 MB
[runlim] sample:		1229.37 time, 1230.22 real, 524 MB
[runlim] sample:		1239.37 time, 1240.22 real, 524 MB
[runlim] sample:		1249.37 time, 1250.22 real, 524 MB
[runlim] sample:		1259.38 time, 1260.22 real, 524 MB
[runlim] sample:		1269.37 time, 1270.22 real, 527 MB
[runlim] sample:		1279.37 time, 1280.22 real, 527 MB
[runlim] sample:		1289.37 time, 1290.22 real, 527 MB
[runlim] sample:		1299.37 time, 1300.22 real, 527 MB
[runlim] sample:		1309.37 time, 1310.22 real, 527 MB
[runlim] sample:		1319.37 time, 1320.22 real, 527 MB
[runlim] sample:		1329.37 time, 1330.22 real, 527 MB
[runlim] sample:		1339.37 time, 1340.22 real, 527 MB
[runlim] sample:		1349.37 time, 1350.22 real, 527 MB
[runlim] sample:		1359.37 time, 1360.22 real, 535 MB
[runlim] sample:		1369.37 time, 1370.22 real, 535 MB
[runlim] sample:		1379.37 time, 1380.22 real, 535 MB
[runlim] sample:		1389.37 time, 1390.22 real, 535 MB
[runlim] sample:		1399.37 time, 1400.22 real, 535 MB
[runlim] sample:		1409.37 time, 1410.22 real, 535 MB
[runlim] sample:		1419.37 time, 1420.22 real, 535 MB
[runlim] sample:		1429.36 time, 1430.22 real, 535 MB
[runlim] sample:		1439.36 time, 1440.22 real, 535 MB
[runlim] sample:		1449.37 time, 1450.22 real, 535 MB
[runlim] sample:		1459.37 time, 1460.22 real, 535 MB
[runlim] sample:		1469.37 time, 1470.22 real, 535 MB
[runlim] sample:		1479.37 time, 1480.22 real, 535 MB
[runlim] sample:		1489.37 time, 1490.22 real, 535 MB
[runlim] sample:		1499.37 time, 1500.22 real, 535 MB
[runlim] sample:		1509.37 time, 1510.22 real, 535 MB
[runlim] sample:		1519.37 time, 1520.22 real, 535 MB
[runlim] sample:		1529.37 time, 1530.22 real, 535 MB
[runlim] sample:		1539.37 time, 1540.22 real, 535 MB
[runlim] sample:		1549.37 time, 1550.22 real, 535 MB
[runlim] sample:		1559.37 time, 1560.22 real, 535 MB
[runlim] sample:		1569.37 time, 1570.22 real, 535 MB
[runlim] sample:		1579.37 time, 1580.22 real, 542 MB
[runlim] sample:		1589.37 time, 1590.22 real, 542 MB
[runlim] sample:		1599.37 time, 1600.22 real, 542 MB
[runlim] sample:		1609.37 time, 1610.22 real, 542 MB
[runlim] sample:		1619.37 time, 1620.22 real, 542 MB
[runlim] sample:		1629.37 time, 1630.22 real, 542 MB
[runlim] sample:		1639.37 time, 1640.22 real, 542 MB
[runlim] sample:		1649.37 time, 1650.22 real, 542 MB
[runlim] sample:		1659.37 time, 1660.22 real, 542 MB
[runlim] sample:		1669.37 time, 1670.22 real, 542 MB
[runlim] sample:		1679.37 time, 1680.22 real, 542 MB
[runlim] sample:		1689.37 time, 1690.22 real, 542 MB
[runlim] sample:		1699.37 time, 1700.22 real, 542 MB
[runlim] sample:		1709.37 time, 1710.22 real, 542 MB
[runlim] sample:		1719.37 time, 1720.22 real, 542 MB
[runlim] sample:		1729.37 time, 1730.22 real, 542 MB
[runlim] sample:		1739.36 time, 1740.22 real, 556 MB
[runlim] sample:		1749.37 time, 1750.22 real, 589 MB
[runlim] sample:		1759.37 time, 1760.22 real, 589 MB
[runlim] sample:		1769.37 time, 1770.22 real, 589 MB
[runlim] sample:		1779.37 time, 1780.22 real, 589 MB
[runlim] sample:		1789.36 time, 1790.22 real, 597 MB
[runlim] sample:		1799.36 time, 1800.22 real, 597 MB
[runlim] sample:		1809.36 time, 1810.22 real, 597 MB
[runlim] sample:		1819.36 time, 1820.22 real, 597 MB
[runlim] sample:		1829.37 time, 1830.22 real, 597 MB
[runlim] sample:		1839.37 time, 1840.22 real, 597 MB
[runlim] sample:		1849.37 time, 1850.22 real, 597 MB
[runlim] sample:		1859.37 time, 1860.22 real, 597 MB
[runlim] sample:		1869.37 time, 1870.22 real, 597 MB
[runlim] sample:		1879.37 time, 1880.22 real, 597 MB
[runlim] sample:		1889.37 time, 1890.22 real, 597 MB
[runlim] sample:		1899.37 time, 1900.22 real, 597 MB
[runlim] sample:		1909.37 time, 1910.22 real, 597 MB
[runlim] sample:		1919.37 time, 1920.22 real, 597 MB
[runlim] sample:		1929.37 time, 1930.22 real, 597 MB
[runlim] sample:		1939.37 time, 1940.22 real, 597 MB
[runlim] sample:		1949.37 time, 1950.22 real, 597 MB
[runlim] sample:		1959.37 time, 1960.22 real, 598 MB
[runlim] sample:		1969.37 time, 1970.22 real, 598 MB
[runlim] sample:		1979.37 time, 1980.22 real, 598 MB
[runlim] sample:		1989.37 time, 1990.22 real, 598 MB
[runlim] sample:		1999.37 time, 2000.22 real, 598 MB
[runlim] sample:		2009.37 time, 2010.22 real, 598 MB
[runlim] sample:		2019.37 time, 2020.22 real, 598 MB
[runlim] sample:		2029.37 time, 2030.22 real, 598 MB
[runlim] sample:		2039.37 time, 2040.22 real, 598 MB
[runlim] sample:		2049.37 time, 2050.22 real, 598 MB
[runlim] sample:		2059.37 time, 2060.22 real, 598 MB
[runlim] sample:		2069.37 time, 2070.22 real, 598 MB
[runlim] sample:		2079.37 time, 2080.22 real, 598 MB
[runlim] sample:		2089.37 time, 2090.22 real, 598 MB
[runlim] sample:		2099.37 time, 2100.22 real, 598 MB
[runlim] sample:		2109.37 time, 2110.22 real, 598 MB
[runlim] sample:		2119.37 time, 2120.22 real, 598 MB
[runlim] sample:		2129.37 time, 2130.22 real, 598 MB
[runlim] sample:		2139.37 time, 2140.22 real, 598 MB
[runlim] sample:		2149.37 time, 2150.22 real, 598 MB
[runlim] sample:		2159.37 time, 2160.22 real, 598 MB
[runlim] sample:		2169.37 time, 2170.22 real, 598 MB
[runlim] sample:		2179.37 time, 2180.22 real, 598 MB
[runlim] sample:		2189.37 time, 2190.22 real, 598 MB
[runlim] sample:		2199.37 time, 2200.22 real, 598 MB
[runlim] sample:		2209.37 time, 2210.22 real, 598 MB
[runlim] sample:		2219.37 time, 2220.22 real, 598 MB
[runlim] sample:		2229.37 time, 2230.22 real, 598 MB
[runlim] sample:		2239.37 time, 2240.22 real, 598 MB
[runlim] sample:		2249.37 time, 2250.22 real, 598 MB
[runlim] sample:		2259.37 time, 2260.22 real, 598 MB
[runlim] sample:		2269.37 time, 2270.22 real, 598 MB
[runlim] sample:		2279.37 time, 2280.22 real, 598 MB
[runlim] sample:		2289.37 time, 2290.22 real, 598 MB
[runlim] sample:		2299.37 time, 2300.22 real, 598 MB
[runlim] sample:		2309.37 time, 2310.22 real, 598 MB
[runlim] sample:		2319.37 time, 2320.22 real, 598 MB
[runlim] sample:		2329.37 time, 2330.22 real, 598 MB
[runlim] sample:		2339.37 time, 2340.22 real, 598 MB
[runlim] sample:		2349.37 time, 2350.22 real, 598 MB
[runlim] sample:		2359.37 time, 2360.22 real, 598 MB
[runlim] sample:		2369.37 time, 2370.22 real, 598 MB
[runlim] sample:		2379.37 time, 2380.22 real, 598 MB
[runlim] sample:		2389.37 time, 2390.22 real, 598 MB
[runlim] sample:		2399.37 time, 2400.22 real, 598 MB
[runlim] sample:		2409.37 time, 2410.22 real, 598 MB
[runlim] sample:		2419.37 time, 2420.22 real, 598 MB
[runlim] sample:		2429.37 time, 2430.22 real, 598 MB
[runlim] sample:		2439.37 time, 2440.22 real, 598 MB
[runlim] sample:		2449.37 time, 2450.22 real, 598 MB
[runlim] sample:		2459.37 time, 2460.22 real, 598 MB
[runlim] sample:		2469.37 time, 2470.22 real, 598 MB
[runlim] sample:		2479.37 time, 2480.22 real, 598 MB
[runlim] sample:		2489.37 time, 2490.22 real, 598 MB
[runlim] sample:		2499.37 time, 2500.22 real, 598 MB
[runlim] sample:		2509.37 time, 2510.22 real, 598 MB
[runlim] sample:		2519.37 time, 2520.22 real, 598 MB
[runlim] sample:		2529.37 time, 2530.22 real, 598 MB
[runlim] sample:		2539.37 time, 2540.22 real, 598 MB
[runlim] sample:		2549.37 time, 2550.22 real, 598 MB
[runlim] sample:		2559.37 time, 2560.22 real, 598 MB
[runlim] sample:		2569.37 time, 2570.22 real, 598 MB
[runlim] sample:		2579.37 time, 2580.22 real, 598 MB
[runlim] sample:		2589.37 time, 2590.22 real, 598 MB
[runlim] sample:		2599.37 time, 2600.22 real, 598 MB
[runlim] sample:		2609.37 time, 2610.22 real, 598 MB
[runlim] sample:		2619.37 time, 2620.22 real, 598 MB
[runlim] sample:		2629.37 time, 2630.22 real, 598 MB
[runlim] sample:		2639.37 time, 2640.22 real, 598 MB
[runlim] sample:		2649.37 time, 2650.22 real, 598 MB
[runlim] sample:		2659.37 time, 2660.22 real, 598 MB
[runlim] sample:		2669.37 time, 2670.22 real, 598 MB
[runlim] sample:		2679.37 time, 2680.22 real, 598 MB
[runlim] sample:		2689.37 time, 2690.22 real, 598 MB
[runlim] end:			Sat Feb 29 07:57:51 2020
[runlim] status:		out of time
[runlim] result:		2
[runlim] children:		1
[runlim] real:			2700.14 seconds
[runlim] time:			2699.17 seconds
[runlim] space:			598 MB
[runlim] samples:		26998
