[runlim] version:		1.18
[runlim] host:			c3n12
[runlim] time limit:		2700 seconds
[runlim] real time limit:	2700 seconds
[runlim] space limit:		7000 MB
[runlim] argv[0]:		./binary
[runlim] argv[1]:		/data/cnf/ankit/E1-A1-instances/driverlog06_4.qdimacs
[runlim] start:			Sat Feb 29 07:12:51 2020
[runlim] child:			18225
[runlim] sample:		9.10 time, 10.12 real, 57 MB
[runlim] sample:		19.10 time, 20.12 real, 72 MB
[runlim] sample:		29.10 time, 30.12 real, 102 MB
[runlim] sample:		39.10 time, 40.12 real, 108 MB
[runlim] sample:		49.11 time, 50.12 real, 110 MB
[runlim] sample:		59.10 time, 60.12 real, 115 MB
[runlim] sample:		69.10 time, 70.12 real, 134 MB
[runlim] sample:		79.10 time, 80.12 real, 136 MB
[runlim] sample:		89.10 time, 90.12 real, 147 MB
[runlim] sample:		99.11 time, 100.12 real, 147 MB
[runlim] sample:		109.10 time, 110.12 real, 159 MB
[runlim] sample:		119.10 time, 120.12 real, 159 MB
[runlim] sample:		129.10 time, 130.12 real, 163 MB
[runlim] sample:		139.10 time, 140.12 real, 163 MB
[runlim] sample:		149.10 time, 150.12 real, 176 MB
[runlim] sample:		159.10 time, 160.12 real, 177 MB
[runlim] sample:		169.10 time, 170.12 real, 177 MB
[runlim] sample:		179.11 time, 180.12 real, 188 MB
[runlim] sample:		189.11 time, 190.12 real, 188 MB
[runlim] sample:		199.11 time, 200.12 real, 191 MB
[runlim] sample:		209.11 time, 210.12 real, 191 MB
[runlim] sample:		219.10 time, 220.12 real, 192 MB
[runlim] sample:		229.10 time, 230.12 real, 192 MB
[runlim] sample:		239.10 time, 240.12 real, 206 MB
[runlim] sample:		249.10 time, 250.12 real, 206 MB
[runlim] sample:		259.10 time, 260.12 real, 206 MB
[runlim] sample:		269.10 time, 270.12 real, 206 MB
[runlim] sample:		279.10 time, 280.12 real, 206 MB
[runlim] sample:		289.10 time, 290.12 real, 207 MB
[runlim] sample:		299.10 time, 300.12 real, 207 MB
[runlim] sample:		309.10 time, 310.12 real, 210 MB
[runlim] sample:		319.10 time, 320.12 real, 210 MB
[runlim] sample:		329.10 time, 330.12 real, 284 MB
[runlim] sample:		339.10 time, 340.12 real, 285 MB
[runlim] sample:		349.25 time, 350.27 real, 285 MB
[runlim] sample:		359.20 time, 360.22 real, 285 MB
[runlim] sample:		369.20 time, 370.22 real, 285 MB
[runlim] sample:		379.20 time, 380.22 real, 286 MB
[runlim] sample:		389.20 time, 390.22 real, 286 MB
[runlim] sample:		399.20 time, 400.22 real, 286 MB
[runlim] sample:		409.20 time, 410.22 real, 286 MB
[runlim] sample:		419.20 time, 420.22 real, 286 MB
[runlim] sample:		429.20 time, 430.22 real, 286 MB
[runlim] sample:		439.20 time, 440.22 real, 286 MB
[runlim] sample:		449.40 time, 450.42 real, 286 MB
[runlim] sample:		459.40 time, 460.42 real, 288 MB
[runlim] sample:		469.40 time, 470.42 real, 288 MB
[runlim] sample:		479.40 time, 480.42 real, 290 MB
[runlim] sample:		489.40 time, 490.42 real, 290 MB
[runlim] sample:		499.41 time, 500.42 real, 292 MB
[runlim] sample:		509.41 time, 510.42 real, 294 MB
[runlim] sample:		519.41 time, 520.42 real, 296 MB
[runlim] sample:		529.41 time, 530.42 real, 298 MB
[runlim] sample:		539.40 time, 540.42 real, 300 MB
[runlim] sample:		549.40 time, 550.42 real, 302 MB
[runlim] sample:		559.40 time, 560.42 real, 304 MB
[runlim] sample:		569.40 time, 570.42 real, 307 MB
[runlim] sample:		579.41 time, 580.42 real, 309 MB
[runlim] sample:		589.41 time, 590.42 real, 316 MB
[runlim] sample:		599.41 time, 600.42 real, 316 MB
[runlim] sample:		609.41 time, 610.42 real, 319 MB
[runlim] sample:		619.41 time, 620.42 real, 321 MB
[runlim] sample:		629.40 time, 630.42 real, 323 MB
[runlim] sample:		639.41 time, 640.42 real, 324 MB
[runlim] sample:		649.40 time, 650.42 real, 325 MB
[runlim] sample:		659.41 time, 660.42 real, 326 MB
[runlim] sample:		669.41 time, 670.42 real, 327 MB
[runlim] sample:		679.41 time, 680.42 real, 329 MB
[runlim] sample:		689.41 time, 690.42 real, 330 MB
[runlim] sample:		699.41 time, 700.42 real, 331 MB
[runlim] sample:		709.41 time, 710.42 real, 442 MB
[runlim] sample:		719.41 time, 720.42 real, 436 MB
[runlim] sample:		729.41 time, 730.42 real, 436 MB
[runlim] sample:		739.41 time, 740.42 real, 436 MB
[runlim] sample:		749.41 time, 750.42 real, 436 MB
[runlim] sample:		759.41 time, 760.42 real, 436 MB
[runlim] sample:		769.41 time, 770.42 real, 436 MB
[runlim] sample:		779.41 time, 780.42 real, 436 MB
[runlim] sample:		789.41 time, 790.42 real, 436 MB
[runlim] sample:		799.41 time, 800.42 real, 436 MB
[runlim] sample:		809.41 time, 810.42 real, 436 MB
[runlim] sample:		819.41 time, 820.42 real, 436 MB
[runlim] sample:		829.41 time, 830.42 real, 436 MB
[runlim] sample:		839.41 time, 840.42 real, 437 MB
[runlim] sample:		849.41 time, 850.42 real, 437 MB
[runlim] sample:		859.41 time, 860.42 real, 437 MB
[runlim] sample:		869.41 time, 870.42 real, 437 MB
[runlim] sample:		879.41 time, 880.42 real, 437 MB
[runlim] sample:		889.41 time, 890.42 real, 437 MB
[runlim] sample:		899.41 time, 900.42 real, 437 MB
[runlim] sample:		909.41 time, 910.42 real, 437 MB
[runlim] sample:		919.41 time, 920.42 real, 437 MB
[runlim] sample:		929.41 time, 930.42 real, 437 MB
[runlim] sample:		939.41 time, 940.42 real, 437 MB
[runlim] sample:		949.41 time, 950.42 real, 437 MB
[runlim] sample:		959.41 time, 960.42 real, 437 MB
[runlim] sample:		969.41 time, 970.42 real, 437 MB
[runlim] sample:		979.41 time, 980.42 real, 437 MB
[runlim] sample:		989.41 time, 990.42 real, 437 MB
[runlim] sample:		999.41 time, 1000.42 real, 437 MB
[runlim] sample:		1009.41 time, 1010.42 real, 437 MB
[runlim] sample:		1019.41 time, 1020.42 real, 437 MB
[runlim] sample:		1029.41 time, 1030.42 real, 437 MB
[runlim] sample:		1039.41 time, 1040.42 real, 437 MB
[runlim] sample:		1049.41 time, 1050.42 real, 437 MB
[runlim] sample:		1059.41 time, 1060.42 real, 437 MB
[runlim] sample:		1069.41 time, 1070.42 real, 437 MB
[runlim] sample:		1079.41 time, 1080.42 real, 437 MB
[runlim] sample:		1089.41 time, 1090.42 real, 437 MB
[runlim] sample:		1099.41 time, 1100.42 real, 437 MB
[runlim] sample:		1109.41 time, 1110.42 real, 437 MB
[runlim] sample:		1119.42 time, 1120.42 real, 437 MB
[runlim] sample:		1129.42 time, 1130.42 real, 437 MB
[runlim] sample:		1139.42 time, 1140.42 real, 437 MB
[runlim] sample:		1149.42 time, 1150.42 real, 437 MB
[runlim] sample:		1159.42 time, 1160.42 real, 437 MB
[runlim] sample:		1169.42 time, 1170.42 real, 437 MB
[runlim] sample:		1179.42 time, 1180.42 real, 437 MB
[runlim] sample:		1189.42 time, 1190.42 real, 437 MB
[runlim] sample:		1199.41 time, 1200.42 real, 438 MB
[runlim] sample:		1209.41 time, 1210.42 real, 440 MB
[runlim] sample:		1219.41 time, 1220.42 real, 441 MB
[runlim] sample:		1229.41 time, 1230.42 real, 443 MB
[runlim] sample:		1239.41 time, 1240.42 real, 445 MB
[runlim] sample:		1249.41 time, 1250.42 real, 446 MB
[runlim] sample:		1259.42 time, 1260.42 real, 448 MB
[runlim] sample:		1269.41 time, 1270.42 real, 449 MB
[runlim] sample:		1279.41 time, 1280.42 real, 450 MB
[runlim] sample:		1289.41 time, 1290.42 real, 452 MB
[runlim] sample:		1299.42 time, 1300.42 real, 453 MB
[runlim] sample:		1309.41 time, 1310.42 real, 454 MB
[runlim] sample:		1319.41 time, 1320.42 real, 456 MB
[runlim] sample:		1329.42 time, 1330.42 real, 457 MB
[runlim] sample:		1339.42 time, 1340.42 real, 458 MB
[runlim] sample:		1349.41 time, 1350.42 real, 460 MB
[runlim] sample:		1359.41 time, 1360.42 real, 461 MB
[runlim] sample:		1369.41 time, 1370.42 real, 463 MB
[runlim] sample:		1379.41 time, 1380.42 real, 464 MB
[runlim] sample:		1389.41 time, 1390.42 real, 465 MB
[runlim] sample:		1399.41 time, 1400.42 real, 467 MB
[runlim] sample:		1409.42 time, 1410.42 real, 468 MB
[runlim] sample:		1419.41 time, 1420.42 real, 469 MB
[runlim] sample:		1429.41 time, 1430.42 real, 470 MB
[runlim] sample:		1439.41 time, 1440.42 real, 472 MB
[runlim] sample:		1449.41 time, 1450.42 real, 473 MB
[runlim] sample:		1459.41 time, 1460.42 real, 474 MB
[runlim] sample:		1469.41 time, 1470.42 real, 475 MB
[runlim] sample:		1479.41 time, 1480.42 real, 476 MB
[runlim] sample:		1489.41 time, 1490.42 real, 478 MB
[runlim] sample:		1499.41 time, 1500.42 real, 479 MB
[runlim] sample:		1509.41 time, 1510.42 real, 480 MB
[runlim] sample:		1519.41 time, 1520.42 real, 481 MB
[runlim] sample:		1529.41 time, 1530.42 real, 482 MB
[runlim] sample:		1539.42 time, 1540.42 real, 483 MB
[runlim] sample:		1549.41 time, 1550.42 real, 484 MB
[runlim] sample:		1559.41 time, 1560.42 real, 485 MB
[runlim] sample:		1569.41 time, 1570.42 real, 486 MB
[runlim] sample:		1579.41 time, 1580.42 real, 487 MB
[runlim] sample:		1589.41 time, 1590.42 real, 489 MB
[runlim] sample:		1599.41 time, 1600.42 real, 490 MB
[runlim] sample:		1609.41 time, 1610.42 real, 491 MB
[runlim] sample:		1619.41 time, 1620.42 real, 492 MB
[runlim] sample:		1629.42 time, 1630.42 real, 493 MB
[runlim] sample:		1639.42 time, 1640.42 real, 494 MB
[runlim] sample:		1649.42 time, 1650.42 real, 495 MB
[runlim] sample:		1659.42 time, 1660.42 real, 496 MB
[runlim] sample:		1669.41 time, 1670.42 real, 497 MB
[runlim] sample:		1679.41 time, 1680.42 real, 498 MB
[runlim] sample:		1689.41 time, 1690.42 real, 499 MB
[runlim] sample:		1699.41 time, 1700.42 real, 500 MB
[runlim] sample:		1709.41 time, 1710.42 real, 503 MB
[runlim] sample:		1719.42 time, 1720.42 real, 505 MB
[runlim] sample:		1729.42 time, 1730.42 real, 507 MB
[runlim] sample:		1739.41 time, 1740.42 real, 509 MB
[runlim] sample:		1749.41 time, 1750.42 real, 511 MB
[runlim] sample:		1759.41 time, 1760.42 real, 513 MB
[runlim] sample:		1769.41 time, 1770.42 real, 514 MB
[runlim] sample:		1779.41 time, 1780.42 real, 515 MB
[runlim] sample:		1789.41 time, 1790.42 real, 517 MB
[runlim] sample:		1799.42 time, 1800.42 real, 518 MB
[runlim] sample:		1809.41 time, 1810.42 real, 519 MB
[runlim] sample:		1819.41 time, 1820.42 real, 520 MB
[runlim] sample:		1829.41 time, 1830.42 real, 521 MB
[runlim] sample:		1839.41 time, 1840.42 real, 522 MB
[runlim] sample:		1849.41 time, 1850.42 real, 523 MB
[runlim] sample:		1859.41 time, 1860.42 real, 524 MB
[runlim] sample:		1869.41 time, 1870.42 real, 525 MB
[runlim] sample:		1879.42 time, 1880.42 real, 526 MB
[runlim] sample:		1889.41 time, 1890.42 real, 527 MB
[runlim] sample:		1899.41 time, 1900.42 real, 528 MB
[runlim] sample:		1909.41 time, 1910.42 real, 529 MB
[runlim] sample:		1919.41 time, 1920.42 real, 530 MB
[runlim] sample:		1929.41 time, 1930.42 real, 531 MB
[runlim] sample:		1939.41 time, 1940.42 real, 532 MB
[runlim] sample:		1949.41 time, 1950.42 real, 533 MB
[runlim] sample:		1959.41 time, 1960.42 real, 534 MB
[runlim] sample:		1969.41 time, 1970.42 real, 535 MB
[runlim] sample:		1979.41 time, 1980.42 real, 536 MB
[runlim] sample:		1989.41 time, 1990.42 real, 537 MB
[runlim] sample:		1999.41 time, 2000.42 real, 538 MB
[runlim] sample:		2009.42 time, 2010.42 real, 539 MB
[runlim] sample:		2019.42 time, 2020.42 real, 540 MB
[runlim] sample:		2029.42 time, 2030.42 real, 541 MB
[runlim] sample:		2039.42 time, 2040.42 real, 542 MB
[runlim] sample:		2049.42 time, 2050.42 real, 542 MB
[runlim] sample:		2059.42 time, 2060.42 real, 543 MB
[runlim] sample:		2069.41 time, 2070.42 real, 544 MB
[runlim] sample:		2079.41 time, 2080.42 real, 545 MB
[runlim] sample:		2089.41 time, 2090.42 real, 546 MB
[runlim] sample:		2099.41 time, 2100.42 real, 547 MB
[runlim] sample:		2109.41 time, 2110.42 real, 548 MB
[runlim] sample:		2119.41 time, 2120.42 real, 549 MB
[runlim] sample:		2129.41 time, 2130.42 real, 549 MB
[runlim] sample:		2139.41 time, 2140.42 real, 550 MB
[runlim] sample:		2149.41 time, 2150.42 real, 551 MB
[runlim] sample:		2159.41 time, 2160.42 real, 552 MB
[runlim] sample:		2169.41 time, 2170.42 real, 552 MB
[runlim] sample:		2179.42 time, 2180.42 real, 553 MB
[runlim] sample:		2189.41 time, 2190.42 real, 554 MB
[runlim] sample:		2199.41 time, 2200.42 real, 555 MB
[runlim] sample:		2209.42 time, 2210.42 real, 556 MB
[runlim] sample:		2219.41 time, 2220.42 real, 557 MB
[runlim] sample:		2229.41 time, 2230.42 real, 557 MB
[runlim] sample:		2239.41 time, 2240.42 real, 558 MB
[runlim] sample:		2249.41 time, 2250.42 real, 559 MB
[runlim] sample:		2259.41 time, 2260.42 real, 571 MB
[runlim] sample:		2269.41 time, 2270.42 real, 571 MB
[runlim] sample:		2279.41 time, 2280.42 real, 571 MB
[runlim] sample:		2289.41 time, 2290.42 real, 571 MB
[runlim] sample:		2299.41 time, 2300.42 real, 571 MB
[runlim] sample:		2309.41 time, 2310.42 real, 571 MB
[runlim] sample:		2319.41 time, 2320.42 real, 571 MB
[runlim] sample:		2329.41 time, 2330.42 real, 571 MB
[runlim] sample:		2339.41 time, 2340.42 real, 572 MB
[runlim] sample:		2349.41 time, 2350.42 real, 573 MB
[runlim] sample:		2359.41 time, 2360.42 real, 573 MB
[runlim] sample:		2369.41 time, 2370.42 real, 574 MB
[runlim] sample:		2379.41 time, 2380.42 real, 575 MB
[runlim] sample:		2389.41 time, 2390.42 real, 575 MB
[runlim] sample:		2399.41 time, 2400.42 real, 576 MB
[runlim] sample:		2409.42 time, 2410.42 real, 577 MB
[runlim] sample:		2419.42 time, 2420.42 real, 578 MB
[runlim] sample:		2429.42 time, 2430.42 real, 578 MB
[runlim] sample:		2439.42 time, 2440.42 real, 579 MB
[runlim] sample:		2449.42 time, 2450.42 real, 765 MB
[runlim] sample:		2459.42 time, 2460.42 real, 736 MB
[runlim] sample:		2469.42 time, 2470.42 real, 736 MB
[runlim] sample:		2479.42 time, 2480.42 real, 736 MB
[runlim] sample:		2489.42 time, 2490.42 real, 736 MB
[runlim] sample:		2499.42 time, 2500.42 real, 736 MB
[runlim] sample:		2509.42 time, 2510.42 real, 736 MB
[runlim] sample:		2519.42 time, 2520.42 real, 736 MB
[runlim] sample:		2529.42 time, 2530.42 real, 736 MB
[runlim] sample:		2539.42 time, 2540.42 real, 736 MB
[runlim] sample:		2549.42 time, 2550.42 real, 736 MB
[runlim] sample:		2559.42 time, 2560.42 real, 736 MB
[runlim] sample:		2569.42 time, 2570.42 real, 736 MB
[runlim] sample:		2579.42 time, 2580.42 real, 736 MB
[runlim] sample:		2589.42 time, 2590.42 real, 736 MB
[runlim] sample:		2599.42 time, 2600.42 real, 736 MB
[runlim] sample:		2609.42 time, 2610.42 real, 736 MB
[runlim] sample:		2619.42 time, 2620.42 real, 736 MB
[runlim] sample:		2629.42 time, 2630.42 real, 736 MB
[runlim] sample:		2639.42 time, 2640.42 real, 736 MB
[runlim] sample:		2649.42 time, 2650.42 real, 736 MB
[runlim] sample:		2659.42 time, 2660.42 real, 736 MB
[runlim] sample:		2669.42 time, 2670.42 real, 736 MB
[runlim] sample:		2679.42 time, 2680.42 real, 736 MB
[runlim] sample:		2689.42 time, 2690.42 real, 736 MB
[runlim] end:			Sat Feb 29 07:57:52 2020
[runlim] status:		out of time
[runlim] result:		2
[runlim] children:		1
[runlim] real:			2700.12 seconds
[runlim] time:			2699.02 seconds
[runlim] space:			766 MB
[runlim] samples:		26996
