[runlim] version:		1.18
[runlim] host:			c3n12
[runlim] time limit:		2700 seconds
[runlim] real time limit:	2700 seconds
[runlim] space limit:		7000 MB
[runlim] argv[0]:		./binary
[runlim] argv[1]:		/data/cnf/ankit/E1-A1-instances/driverlog09_8.qdimacs
[runlim] start:			Sat Feb 29 07:12:52 2020
[runlim] child:			18234
[runlim] sample:		9.46 time, 10.12 real, 39 MB
[runlim] sample:		19.47 time, 20.12 real, 94 MB
[runlim] sample:		29.46 time, 30.12 real, 117 MB
[runlim] sample:		39.46 time, 40.12 real, 121 MB
[runlim] sample:		49.47 time, 50.12 real, 132 MB
[runlim] sample:		59.46 time, 60.12 real, 147 MB
[runlim] sample:		69.46 time, 70.12 real, 159 MB
[runlim] sample:		79.46 time, 80.12 real, 174 MB
[runlim] sample:		89.46 time, 90.12 real, 174 MB
[runlim] sample:		99.46 time, 100.12 real, 174 MB
[runlim] sample:		109.46 time, 110.12 real, 174 MB
[runlim] sample:		119.46 time, 120.12 real, 174 MB
[runlim] sample:		129.46 time, 130.12 real, 174 MB
[runlim] sample:		139.46 time, 140.12 real, 174 MB
[runlim] sample:		149.46 time, 150.12 real, 174 MB
[runlim] sample:		159.46 time, 160.12 real, 176 MB
[runlim] sample:		169.47 time, 170.12 real, 178 MB
[runlim] sample:		179.46 time, 180.12 real, 180 MB
[runlim] sample:		189.46 time, 190.12 real, 182 MB
[runlim] sample:		199.46 time, 200.12 real, 184 MB
[runlim] sample:		209.46 time, 210.12 real, 185 MB
[runlim] sample:		219.46 time, 220.12 real, 187 MB
[runlim] sample:		229.46 time, 230.12 real, 209 MB
[runlim] sample:		239.46 time, 240.12 real, 209 MB
[runlim] sample:		249.47 time, 250.12 real, 209 MB
[runlim] sample:		259.46 time, 260.12 real, 214 MB
[runlim] sample:		269.47 time, 270.12 real, 216 MB
[runlim] sample:		279.47 time, 280.12 real, 218 MB
[runlim] sample:		289.46 time, 290.12 real, 221 MB
[runlim] sample:		299.46 time, 300.12 real, 234 MB
[runlim] sample:		309.46 time, 310.12 real, 234 MB
[runlim] sample:		319.46 time, 320.12 real, 234 MB
[runlim] sample:		329.46 time, 330.12 real, 234 MB
[runlim] sample:		339.46 time, 340.12 real, 235 MB
[runlim] sample:		349.50 time, 350.15 real, 237 MB
[runlim] sample:		359.56 time, 360.22 real, 239 MB
[runlim] sample:		369.57 time, 370.22 real, 242 MB
[runlim] sample:		379.56 time, 380.22 real, 244 MB
[runlim] sample:		389.57 time, 390.22 real, 252 MB
[runlim] sample:		399.57 time, 400.22 real, 252 MB
[runlim] sample:		409.57 time, 410.22 real, 252 MB
[runlim] sample:		419.57 time, 420.22 real, 252 MB
[runlim] sample:		429.57 time, 430.22 real, 252 MB
[runlim] sample:		439.56 time, 440.22 real, 252 MB
[runlim] sample:		449.76 time, 450.42 real, 252 MB
[runlim] sample:		459.77 time, 460.42 real, 252 MB
[runlim] sample:		469.77 time, 470.42 real, 252 MB
[runlim] sample:		479.77 time, 480.42 real, 252 MB
[runlim] sample:		489.77 time, 490.42 real, 252 MB
[runlim] sample:		499.77 time, 500.42 real, 252 MB
[runlim] sample:		509.77 time, 510.42 real, 252 MB
[runlim] sample:		519.77 time, 520.42 real, 252 MB
[runlim] sample:		529.77 time, 530.42 real, 252 MB
[runlim] sample:		539.77 time, 540.42 real, 252 MB
[runlim] sample:		549.77 time, 550.42 real, 252 MB
[runlim] sample:		559.77 time, 560.42 real, 252 MB
[runlim] sample:		569.78 time, 570.42 real, 252 MB
[runlim] sample:		579.77 time, 580.42 real, 252 MB
[runlim] sample:		589.76 time, 590.42 real, 252 MB
[runlim] sample:		599.76 time, 600.42 real, 252 MB
[runlim] sample:		609.77 time, 610.42 real, 252 MB
[runlim] sample:		619.77 time, 620.42 real, 252 MB
[runlim] sample:		629.77 time, 630.42 real, 252 MB
[runlim] sample:		639.77 time, 640.42 real, 252 MB
[runlim] sample:		649.77 time, 650.42 real, 252 MB
[runlim] sample:		659.77 time, 660.42 real, 252 MB
[runlim] sample:		669.77 time, 670.42 real, 252 MB
[runlim] sample:		679.77 time, 680.42 real, 252 MB
[runlim] sample:		689.77 time, 690.42 real, 252 MB
[runlim] sample:		699.77 time, 700.42 real, 252 MB
[runlim] sample:		709.77 time, 710.42 real, 252 MB
[runlim] sample:		719.77 time, 720.42 real, 252 MB
[runlim] sample:		729.77 time, 730.42 real, 252 MB
[runlim] sample:		739.77 time, 740.42 real, 252 MB
[runlim] sample:		749.77 time, 750.42 real, 253 MB
[runlim] sample:		759.77 time, 760.42 real, 254 MB
[runlim] sample:		769.77 time, 770.42 real, 255 MB
[runlim] sample:		779.77 time, 780.42 real, 256 MB
[runlim] sample:		789.77 time, 790.42 real, 258 MB
[runlim] sample:		799.77 time, 800.42 real, 258 MB
[runlim] sample:		809.77 time, 810.42 real, 259 MB
[runlim] sample:		819.77 time, 820.42 real, 260 MB
[runlim] sample:		829.77 time, 830.42 real, 261 MB
[runlim] sample:		839.77 time, 840.42 real, 262 MB
[runlim] sample:		849.77 time, 850.42 real, 263 MB
[runlim] sample:		859.77 time, 860.42 real, 264 MB
[runlim] sample:		869.78 time, 870.42 real, 265 MB
[runlim] sample:		879.77 time, 880.42 real, 266 MB
[runlim] sample:		889.77 time, 890.42 real, 266 MB
[runlim] sample:		899.77 time, 900.42 real, 267 MB
[runlim] sample:		909.77 time, 910.42 real, 268 MB
[runlim] sample:		919.77 time, 920.42 real, 276 MB
[runlim] sample:		929.77 time, 930.42 real, 276 MB
[runlim] sample:		939.77 time, 940.42 real, 276 MB
[runlim] sample:		949.77 time, 950.42 real, 276 MB
[runlim] sample:		959.77 time, 960.42 real, 276 MB
[runlim] sample:		969.77 time, 970.42 real, 276 MB
[runlim] sample:		979.77 time, 980.42 real, 276 MB
[runlim] sample:		989.77 time, 990.42 real, 276 MB
[runlim] sample:		999.77 time, 1000.42 real, 276 MB
[runlim] sample:		1009.77 time, 1010.42 real, 276 MB
[runlim] sample:		1019.77 time, 1020.42 real, 276 MB
[runlim] sample:		1029.77 time, 1030.42 real, 276 MB
[runlim] sample:		1039.77 time, 1040.42 real, 276 MB
[runlim] sample:		1049.77 time, 1050.42 real, 276 MB
[runlim] sample:		1059.77 time, 1060.42 real, 276 MB
[runlim] sample:		1069.77 time, 1070.42 real, 276 MB
[runlim] sample:		1079.77 time, 1080.42 real, 276 MB
[runlim] sample:		1089.77 time, 1090.42 real, 276 MB
[runlim] sample:		1099.77 time, 1100.42 real, 276 MB
[runlim] sample:		1109.77 time, 1110.42 real, 276 MB
[runlim] sample:		1119.77 time, 1120.42 real, 276 MB
[runlim] sample:		1129.77 time, 1130.42 real, 276 MB
[runlim] sample:		1139.77 time, 1140.42 real, 276 MB
[runlim] sample:		1149.77 time, 1150.42 real, 276 MB
[runlim] sample:		1159.77 time, 1160.42 real, 276 MB
[runlim] sample:		1169.77 time, 1170.42 real, 276 MB
[runlim] sample:		1179.77 time, 1180.42 real, 276 MB
[runlim] sample:		1189.78 time, 1190.42 real, 276 MB
[runlim] sample:		1199.78 time, 1200.42 real, 276 MB
[runlim] sample:		1209.78 time, 1210.42 real, 276 MB
[runlim] sample:		1219.78 time, 1220.42 real, 276 MB
[runlim] sample:		1229.78 time, 1230.42 real, 276 MB
[runlim] sample:		1239.78 time, 1240.42 real, 276 MB
[runlim] sample:		1249.78 time, 1250.42 real, 276 MB
[runlim] sample:		1259.78 time, 1260.42 real, 276 MB
[runlim] sample:		1269.78 time, 1270.42 real, 276 MB
[runlim] sample:		1279.78 time, 1280.42 real, 276 MB
[runlim] sample:		1289.78 time, 1290.42 real, 276 MB
[runlim] sample:		1299.78 time, 1300.42 real, 276 MB
[runlim] sample:		1309.78 time, 1310.42 real, 276 MB
[runlim] sample:		1319.78 time, 1320.42 real, 276 MB
[runlim] sample:		1329.78 time, 1330.42 real, 276 MB
[runlim] sample:		1339.78 time, 1340.42 real, 276 MB
[runlim] sample:		1349.78 time, 1350.42 real, 276 MB
[runlim] sample:		1359.78 time, 1360.42 real, 276 MB
[runlim] sample:		1369.78 time, 1370.42 real, 276 MB
[runlim] sample:		1379.78 time, 1380.42 real, 276 MB
[runlim] sample:		1389.78 time, 1390.42 real, 276 MB
[runlim] sample:		1399.78 time, 1400.42 real, 276 MB
[runlim] sample:		1409.78 time, 1410.42 real, 276 MB
[runlim] sample:		1419.78 time, 1420.42 real, 276 MB
[runlim] sample:		1429.78 time, 1430.42 real, 276 MB
[runlim] sample:		1439.78 time, 1440.42 real, 276 MB
[runlim] sample:		1449.78 time, 1450.42 real, 276 MB
[runlim] sample:		1459.78 time, 1460.42 real, 276 MB
[runlim] sample:		1469.78 time, 1470.42 real, 276 MB
[runlim] sample:		1479.78 time, 1480.42 real, 276 MB
[runlim] sample:		1489.78 time, 1490.42 real, 276 MB
[runlim] sample:		1499.78 time, 1500.42 real, 276 MB
[runlim] sample:		1509.78 time, 1510.42 real, 276 MB
[runlim] sample:		1519.78 time, 1520.42 real, 276 MB
[runlim] sample:		1529.78 time, 1530.42 real, 277 MB
[runlim] sample:		1539.78 time, 1540.42 real, 277 MB
[runlim] sample:		1549.78 time, 1550.42 real, 278 MB
[runlim] sample:		1559.78 time, 1560.42 real, 279 MB
[runlim] sample:		1569.78 time, 1570.42 real, 279 MB
[runlim] sample:		1579.78 time, 1580.42 real, 280 MB
[runlim] sample:		1589.78 time, 1590.42 real, 281 MB
[runlim] sample:		1599.78 time, 1600.42 real, 281 MB
[runlim] sample:		1609.78 time, 1610.42 real, 282 MB
[runlim] sample:		1619.78 time, 1620.42 real, 283 MB
[runlim] sample:		1629.78 time, 1630.42 real, 284 MB
[runlim] sample:		1639.78 time, 1640.42 real, 285 MB
[runlim] sample:		1649.78 time, 1650.42 real, 285 MB
[runlim] sample:		1659.78 time, 1660.42 real, 286 MB
[runlim] sample:		1669.78 time, 1670.42 real, 287 MB
[runlim] sample:		1679.78 time, 1680.42 real, 287 MB
[runlim] sample:		1689.78 time, 1690.42 real, 288 MB
[runlim] sample:		1699.78 time, 1700.42 real, 289 MB
[runlim] sample:		1709.78 time, 1710.42 real, 289 MB
[runlim] sample:		1719.78 time, 1720.42 real, 290 MB
[runlim] sample:		1729.79 time, 1730.42 real, 319 MB
[runlim] sample:		1739.79 time, 1740.42 real, 319 MB
[runlim] sample:		1749.78 time, 1750.42 real, 319 MB
[runlim] sample:		1759.78 time, 1760.42 real, 319 MB
[runlim] sample:		1769.78 time, 1770.42 real, 319 MB
[runlim] sample:		1779.78 time, 1780.42 real, 319 MB
[runlim] sample:		1789.78 time, 1790.42 real, 319 MB
[runlim] sample:		1799.78 time, 1800.42 real, 319 MB
[runlim] sample:		1809.78 time, 1810.42 real, 319 MB
[runlim] sample:		1819.78 time, 1820.42 real, 319 MB
[runlim] sample:		1829.78 time, 1830.42 real, 319 MB
[runlim] sample:		1839.78 time, 1840.42 real, 319 MB
[runlim] sample:		1849.79 time, 1850.42 real, 319 MB
[runlim] sample:		1859.79 time, 1860.42 real, 319 MB
[runlim] sample:		1869.79 time, 1870.42 real, 319 MB
[runlim] sample:		1879.79 time, 1880.42 real, 319 MB
[runlim] sample:		1889.79 time, 1890.42 real, 319 MB
[runlim] sample:		1899.79 time, 1900.42 real, 319 MB
[runlim] sample:		1909.79 time, 1910.42 real, 319 MB
[runlim] sample:		1919.79 time, 1920.42 real, 319 MB
[runlim] sample:		1929.79 time, 1930.42 real, 319 MB
[runlim] sample:		1939.79 time, 1940.42 real, 319 MB
[runlim] sample:		1949.79 time, 1950.42 real, 319 MB
[runlim] sample:		1959.79 time, 1960.42 real, 319 MB
[runlim] sample:		1969.79 time, 1970.42 real, 319 MB
[runlim] sample:		1979.79 time, 1980.42 real, 319 MB
[runlim] sample:		1989.79 time, 1990.42 real, 319 MB
[runlim] sample:		1999.79 time, 2000.42 real, 319 MB
[runlim] sample:		2009.79 time, 2010.42 real, 319 MB
[runlim] sample:		2019.79 time, 2020.42 real, 319 MB
[runlim] sample:		2029.79 time, 2030.42 real, 319 MB
[runlim] sample:		2039.79 time, 2040.42 real, 319 MB
[runlim] sample:		2049.79 time, 2050.42 real, 319 MB
[runlim] sample:		2059.79 time, 2060.42 real, 319 MB
[runlim] sample:		2069.79 time, 2070.42 real, 319 MB
[runlim] sample:		2079.79 time, 2080.42 real, 319 MB
[runlim] sample:		2089.79 time, 2090.42 real, 320 MB
[runlim] sample:		2099.78 time, 2100.42 real, 321 MB
[runlim] sample:		2109.79 time, 2110.42 real, 322 MB
[runlim] sample:		2119.78 time, 2120.42 real, 323 MB
[runlim] sample:		2129.78 time, 2130.42 real, 324 MB
[runlim] sample:		2139.78 time, 2140.42 real, 325 MB
[runlim] sample:		2149.78 time, 2150.42 real, 325 MB
[runlim] sample:		2159.78 time, 2160.42 real, 327 MB
[runlim] sample:		2169.79 time, 2170.42 real, 328 MB
[runlim] sample:		2179.79 time, 2180.42 real, 345 MB
[runlim] sample:		2189.79 time, 2190.42 real, 345 MB
[runlim] sample:		2199.79 time, 2200.42 real, 345 MB
[runlim] sample:		2209.79 time, 2210.42 real, 345 MB
[runlim] sample:		2219.79 time, 2220.42 real, 345 MB
[runlim] sample:		2229.79 time, 2230.42 real, 345 MB
[runlim] sample:		2239.79 time, 2240.42 real, 345 MB
[runlim] sample:		2249.79 time, 2250.42 real, 345 MB
[runlim] sample:		2259.79 time, 2260.42 real, 345 MB
[runlim] sample:		2269.79 time, 2270.42 real, 345 MB
[runlim] sample:		2279.79 time, 2280.42 real, 345 MB
[runlim] sample:		2289.79 time, 2290.42 real, 345 MB
[runlim] sample:		2299.79 time, 2300.42 real, 345 MB
[runlim] sample:		2309.79 time, 2310.42 real, 345 MB
[runlim] sample:		2319.79 time, 2320.42 real, 345 MB
[runlim] sample:		2329.79 time, 2330.42 real, 345 MB
[runlim] sample:		2339.79 time, 2340.42 real, 345 MB
[runlim] sample:		2349.79 time, 2350.42 real, 345 MB
[runlim] sample:		2359.79 time, 2360.42 real, 345 MB
[runlim] sample:		2369.79 time, 2370.42 real, 345 MB
[runlim] sample:		2379.79 time, 2380.42 real, 345 MB
[runlim] sample:		2389.79 time, 2390.42 real, 345 MB
[runlim] sample:		2399.79 time, 2400.42 real, 345 MB
[runlim] sample:		2409.79 time, 2410.42 real, 345 MB
[runlim] sample:		2419.79 time, 2420.42 real, 345 MB
[runlim] sample:		2429.79 time, 2430.42 real, 345 MB
[runlim] sample:		2439.79 time, 2440.42 real, 345 MB
[runlim] sample:		2449.80 time, 2450.42 real, 345 MB
[runlim] sample:		2459.79 time, 2460.42 real, 345 MB
[runlim] sample:		2469.79 time, 2470.42 real, 345 MB
[runlim] sample:		2479.79 time, 2480.42 real, 345 MB
[runlim] sample:		2489.79 time, 2490.42 real, 345 MB
[runlim] sample:		2499.79 time, 2500.42 real, 345 MB
[runlim] sample:		2509.79 time, 2510.42 real, 345 MB
[runlim] sample:		2519.79 time, 2520.42 real, 345 MB
[runlim] sample:		2529.79 time, 2530.42 real, 345 MB
[runlim] sample:		2539.79 time, 2540.42 real, 345 MB
[runlim] sample:		2549.79 time, 2550.42 real, 345 MB
[runlim] sample:		2559.79 time, 2560.42 real, 345 MB
[runlim] sample:		2569.79 time, 2570.42 real, 345 MB
[runlim] sample:		2579.79 time, 2580.42 real, 346 MB
[runlim] sample:		2589.79 time, 2590.42 real, 347 MB
[runlim] sample:		2599.79 time, 2600.42 real, 348 MB
[runlim] sample:		2609.79 time, 2610.42 real, 348 MB
[runlim] sample:		2619.79 time, 2620.42 real, 349 MB
[runlim] sample:		2629.79 time, 2630.42 real, 350 MB
[runlim] sample:		2639.79 time, 2640.42 real, 351 MB
[runlim] sample:		2649.79 time, 2650.42 real, 353 MB
[runlim] sample:		2659.79 time, 2660.42 real, 354 MB
[runlim] sample:		2669.79 time, 2670.42 real, 366 MB
[runlim] sample:		2679.79 time, 2680.42 real, 366 MB
[runlim] sample:		2689.79 time, 2690.42 real, 366 MB
[runlim] end:			Sat Feb 29 07:57:52 2020
[runlim] status:		out of time
[runlim] result:		2
[runlim] children:		1
[runlim] real:			2700.11 seconds
[runlim] time:			2699.39 seconds
[runlim] space:			366 MB
[runlim] samples:		26996
