[runlim] version:		1.18
[runlim] host:			c3n10
[runlim] time limit:		2700 seconds
[runlim] real time limit:	2700 seconds
[runlim] space limit:		7000 MB
[runlim] argv[0]:		./binary
[runlim] argv[1]:		/data/cnf/ankit/E1-A1-instances/driverlog01_6.qdimacs
[runlim] start:			Sat Feb 29 07:12:52 2020
[runlim] child:			20636
[runlim] sample:		10.06 time, 10.12 real, 91 MB
[runlim] sample:		20.05 time, 20.12 real, 103 MB
[runlim] sample:		30.05 time, 30.12 real, 123 MB
[runlim] sample:		40.05 time, 40.12 real, 131 MB
[runlim] sample:		50.05 time, 50.12 real, 136 MB
[runlim] sample:		60.05 time, 60.12 real, 141 MB
[runlim] sample:		70.05 time, 70.12 real, 158 MB
[runlim] sample:		80.06 time, 80.12 real, 160 MB
[runlim] sample:		90.05 time, 90.12 real, 167 MB
[runlim] sample:		100.06 time, 100.12 real, 173 MB
[runlim] sample:		110.05 time, 110.12 real, 180 MB
[runlim] sample:		120.05 time, 120.12 real, 185 MB
[runlim] sample:		130.05 time, 130.12 real, 188 MB
[runlim] sample:		140.05 time, 140.12 real, 219 MB
[runlim] sample:		150.05 time, 150.12 real, 219 MB
[runlim] sample:		160.05 time, 160.12 real, 219 MB
[runlim] sample:		170.05 time, 170.12 real, 219 MB
[runlim] sample:		180.05 time, 180.12 real, 219 MB
[runlim] sample:		190.05 time, 190.12 real, 219 MB
[runlim] sample:		200.05 time, 200.12 real, 219 MB
[runlim] sample:		210.05 time, 210.12 real, 219 MB
[runlim] sample:		220.05 time, 220.12 real, 219 MB
[runlim] sample:		230.05 time, 230.12 real, 220 MB
[runlim] sample:		240.06 time, 240.12 real, 222 MB
[runlim] sample:		250.05 time, 250.12 real, 223 MB
[runlim] sample:		260.06 time, 260.12 real, 225 MB
[runlim] sample:		270.05 time, 270.12 real, 227 MB
[runlim] sample:		280.04 time, 280.12 real, 229 MB
[runlim] sample:		290.04 time, 290.12 real, 230 MB
[runlim] sample:		300.05 time, 300.12 real, 232 MB
[runlim] sample:		310.05 time, 310.12 real, 234 MB
[runlim] sample:		320.05 time, 320.12 real, 235 MB
[runlim] sample:		330.05 time, 330.12 real, 237 MB
[runlim] sample:		340.05 time, 340.12 real, 239 MB
[runlim] sample:		350.34 time, 350.41 real, 241 MB
[runlim] sample:		360.25 time, 360.32 real, 242 MB
[runlim] sample:		370.24 time, 370.32 real, 244 MB
[runlim] sample:		380.24 time, 380.32 real, 246 MB
[runlim] sample:		390.25 time, 390.32 real, 247 MB
[runlim] sample:		400.25 time, 400.32 real, 249 MB
[runlim] sample:		410.25 time, 410.32 real, 250 MB
[runlim] sample:		420.25 time, 420.32 real, 251 MB
[runlim] sample:		430.25 time, 430.32 real, 253 MB
[runlim] sample:		440.25 time, 440.32 real, 254 MB
[runlim] sample:		450.45 time, 450.52 real, 255 MB
[runlim] sample:		460.44 time, 460.52 real, 256 MB
[runlim] sample:		470.45 time, 470.52 real, 257 MB
[runlim] sample:		480.45 time, 480.52 real, 259 MB
[runlim] sample:		490.44 time, 490.52 real, 260 MB
[runlim] sample:		500.44 time, 500.52 real, 261 MB
[runlim] sample:		510.44 time, 510.52 real, 262 MB
[runlim] sample:		520.44 time, 520.52 real, 263 MB
[runlim] sample:		530.44 time, 530.52 real, 265 MB
[runlim] sample:		540.45 time, 540.52 real, 266 MB
[runlim] sample:		550.44 time, 550.52 real, 267 MB
[runlim] sample:		560.44 time, 560.52 real, 268 MB
[runlim] sample:		570.44 time, 570.52 real, 269 MB
[runlim] sample:		580.44 time, 580.52 real, 270 MB
[runlim] sample:		590.44 time, 590.52 real, 271 MB
[runlim] sample:		600.44 time, 600.52 real, 272 MB
[runlim] sample:		610.44 time, 610.52 real, 273 MB
[runlim] sample:		620.44 time, 620.52 real, 274 MB
[runlim] sample:		630.45 time, 630.52 real, 275 MB
[runlim] sample:		640.45 time, 640.52 real, 276 MB
[runlim] sample:		650.44 time, 650.52 real, 320 MB
[runlim] sample:		660.44 time, 660.52 real, 320 MB
[runlim] sample:		670.44 time, 670.52 real, 320 MB
[runlim] sample:		680.44 time, 680.52 real, 320 MB
[runlim] sample:		690.44 time, 690.52 real, 320 MB
[runlim] sample:		700.44 time, 700.52 real, 320 MB
[runlim] sample:		710.44 time, 710.52 real, 320 MB
[runlim] sample:		720.44 time, 720.52 real, 320 MB
[runlim] sample:		730.44 time, 730.52 real, 320 MB
[runlim] sample:		740.44 time, 740.52 real, 320 MB
[runlim] sample:		750.44 time, 750.52 real, 320 MB
[runlim] sample:		760.44 time, 760.52 real, 320 MB
[runlim] sample:		770.44 time, 770.52 real, 320 MB
[runlim] sample:		780.44 time, 780.52 real, 320 MB
[runlim] sample:		790.44 time, 790.52 real, 320 MB
[runlim] sample:		800.44 time, 800.52 real, 320 MB
[runlim] sample:		810.44 time, 810.52 real, 320 MB
[runlim] sample:		820.44 time, 820.52 real, 320 MB
[runlim] sample:		830.44 time, 830.52 real, 320 MB
[runlim] sample:		840.44 time, 840.52 real, 320 MB
[runlim] sample:		850.44 time, 850.52 real, 320 MB
[runlim] sample:		860.44 time, 860.52 real, 320 MB
[runlim] sample:		870.44 time, 870.52 real, 320 MB
[runlim] sample:		880.44 time, 880.52 real, 320 MB
[runlim] sample:		890.44 time, 890.52 real, 320 MB
[runlim] sample:		900.44 time, 900.52 real, 320 MB
[runlim] sample:		910.44 time, 910.52 real, 321 MB
[runlim] sample:		920.44 time, 920.52 real, 323 MB
[runlim] sample:		930.44 time, 930.52 real, 324 MB
[runlim] sample:		940.44 time, 940.52 real, 326 MB
[runlim] sample:		950.44 time, 950.52 real, 327 MB
[runlim] sample:		960.44 time, 960.52 real, 329 MB
[runlim] sample:		970.44 time, 970.52 real, 330 MB
[runlim] sample:		980.45 time, 980.52 real, 331 MB
[runlim] sample:		990.44 time, 990.52 real, 332 MB
[runlim] sample:		1000.45 time, 1000.52 real, 334 MB
[runlim] sample:		1010.44 time, 1010.52 real, 335 MB
[runlim] sample:		1020.44 time, 1020.52 real, 336 MB
[runlim] sample:		1030.44 time, 1030.52 real, 338 MB
[runlim] sample:		1040.44 time, 1040.52 real, 339 MB
[runlim] sample:		1050.44 time, 1050.52 real, 340 MB
[runlim] sample:		1060.44 time, 1060.52 real, 341 MB
[runlim] sample:		1070.45 time, 1070.52 real, 348 MB
[runlim] sample:		1080.45 time, 1080.52 real, 348 MB
[runlim] sample:		1090.44 time, 1090.52 real, 348 MB
[runlim] sample:		1100.44 time, 1100.52 real, 349 MB
[runlim] sample:		1110.44 time, 1110.52 real, 351 MB
[runlim] sample:		1120.44 time, 1120.52 real, 352 MB
[runlim] sample:		1130.44 time, 1130.52 real, 353 MB
[runlim] sample:		1140.44 time, 1140.52 real, 354 MB
[runlim] sample:		1150.44 time, 1150.52 real, 355 MB
[runlim] sample:		1160.44 time, 1160.52 real, 357 MB
[runlim] sample:		1170.44 time, 1170.52 real, 358 MB
[runlim] sample:		1180.44 time, 1180.52 real, 359 MB
[runlim] sample:		1190.45 time, 1190.52 real, 360 MB
[runlim] sample:		1200.44 time, 1200.52 real, 361 MB
[runlim] sample:		1210.44 time, 1210.52 real, 362 MB
[runlim] sample:		1220.44 time, 1220.52 real, 363 MB
[runlim] sample:		1230.44 time, 1230.52 real, 364 MB
[runlim] sample:		1240.45 time, 1240.52 real, 365 MB
[runlim] sample:		1250.45 time, 1250.52 real, 366 MB
[runlim] sample:		1260.44 time, 1260.52 real, 367 MB
[runlim] sample:		1270.44 time, 1270.52 real, 368 MB
[runlim] sample:		1280.44 time, 1280.52 real, 370 MB
[runlim] sample:		1290.44 time, 1290.52 real, 371 MB
[runlim] sample:		1300.44 time, 1300.52 real, 372 MB
[runlim] sample:		1310.44 time, 1310.52 real, 373 MB
[runlim] sample:		1320.44 time, 1320.52 real, 374 MB
[runlim] sample:		1330.44 time, 1330.52 real, 375 MB
[runlim] sample:		1340.44 time, 1340.52 real, 376 MB
[runlim] sample:		1350.44 time, 1350.52 real, 377 MB
[runlim] sample:		1360.44 time, 1360.52 real, 378 MB
[runlim] sample:		1370.45 time, 1370.52 real, 379 MB
[runlim] sample:		1380.45 time, 1380.52 real, 380 MB
[runlim] sample:		1390.45 time, 1390.52 real, 381 MB
[runlim] sample:		1400.44 time, 1400.52 real, 382 MB
[runlim] sample:		1410.44 time, 1410.52 real, 383 MB
[runlim] sample:		1420.44 time, 1420.52 real, 384 MB
[runlim] sample:		1430.44 time, 1430.52 real, 385 MB
[runlim] sample:		1440.44 time, 1440.52 real, 386 MB
[runlim] sample:		1450.44 time, 1450.52 real, 387 MB
[runlim] sample:		1460.44 time, 1460.52 real, 388 MB
[runlim] sample:		1470.44 time, 1470.52 real, 389 MB
[runlim] sample:		1480.44 time, 1480.52 real, 389 MB
[runlim] sample:		1490.44 time, 1490.52 real, 390 MB
[runlim] sample:		1500.44 time, 1500.52 real, 391 MB
[runlim] sample:		1510.44 time, 1510.52 real, 392 MB
[runlim] sample:		1520.44 time, 1520.52 real, 393 MB
[runlim] sample:		1530.44 time, 1530.52 real, 394 MB
[runlim] sample:		1540.44 time, 1540.52 real, 395 MB
[runlim] sample:		1550.44 time, 1550.52 real, 451 MB
[runlim] sample:		1560.44 time, 1560.52 real, 451 MB
[runlim] sample:		1570.44 time, 1570.52 real, 451 MB
[runlim] sample:		1580.44 time, 1580.52 real, 451 MB
[runlim] sample:		1590.44 time, 1590.52 real, 451 MB
[runlim] sample:		1600.44 time, 1600.52 real, 451 MB
[runlim] sample:		1610.44 time, 1610.52 real, 451 MB
[runlim] sample:		1620.44 time, 1620.52 real, 451 MB
[runlim] sample:		1630.44 time, 1630.52 real, 451 MB
[runlim] sample:		1640.44 time, 1640.52 real, 451 MB
[runlim] sample:		1650.44 time, 1650.52 real, 451 MB
[runlim] sample:		1660.44 time, 1660.52 real, 451 MB
[runlim] sample:		1670.44 time, 1670.52 real, 451 MB
[runlim] sample:		1680.44 time, 1680.52 real, 451 MB
[runlim] sample:		1690.44 time, 1690.52 real, 451 MB
[runlim] sample:		1700.44 time, 1700.52 real, 451 MB
[runlim] sample:		1710.44 time, 1710.52 real, 451 MB
[runlim] sample:		1720.44 time, 1720.52 real, 451 MB
[runlim] sample:		1730.44 time, 1730.52 real, 451 MB
[runlim] sample:		1740.44 time, 1740.52 real, 451 MB
[runlim] sample:		1750.44 time, 1750.52 real, 451 MB
[runlim] sample:		1760.44 time, 1760.52 real, 451 MB
[runlim] sample:		1770.44 time, 1770.52 real, 451 MB
[runlim] sample:		1780.44 time, 1780.52 real, 451 MB
[runlim] sample:		1790.44 time, 1790.52 real, 451 MB
[runlim] sample:		1800.44 time, 1800.52 real, 451 MB
[runlim] sample:		1810.44 time, 1810.52 real, 451 MB
[runlim] sample:		1820.44 time, 1820.52 real, 451 MB
[runlim] sample:		1830.44 time, 1830.52 real, 451 MB
[runlim] sample:		1840.44 time, 1840.52 real, 451 MB
[runlim] sample:		1850.44 time, 1850.52 real, 451 MB
[runlim] sample:		1860.44 time, 1860.52 real, 451 MB
[runlim] sample:		1870.44 time, 1870.52 real, 451 MB
[runlim] sample:		1880.44 time, 1880.52 real, 451 MB
[runlim] sample:		1890.44 time, 1890.52 real, 451 MB
[runlim] sample:		1900.44 time, 1900.52 real, 451 MB
[runlim] sample:		1910.44 time, 1910.52 real, 451 MB
[runlim] sample:		1920.44 time, 1920.52 real, 451 MB
[runlim] sample:		1930.44 time, 1930.52 real, 451 MB
[runlim] sample:		1940.44 time, 1940.52 real, 451 MB
[runlim] sample:		1950.44 time, 1950.52 real, 451 MB
[runlim] sample:		1960.44 time, 1960.52 real, 451 MB
[runlim] sample:		1970.44 time, 1970.52 real, 451 MB
[runlim] sample:		1980.44 time, 1980.52 real, 451 MB
[runlim] sample:		1990.44 time, 1990.52 real, 451 MB
[runlim] sample:		2000.44 time, 2000.52 real, 451 MB
[runlim] sample:		2010.44 time, 2010.52 real, 451 MB
[runlim] sample:		2020.44 time, 2020.52 real, 451 MB
[runlim] sample:		2030.44 time, 2030.52 real, 451 MB
[runlim] sample:		2040.44 time, 2040.52 real, 451 MB
[runlim] sample:		2050.44 time, 2050.52 real, 451 MB
[runlim] sample:		2060.44 time, 2060.52 real, 451 MB
[runlim] sample:		2070.44 time, 2070.52 real, 451 MB
[runlim] sample:		2080.44 time, 2080.52 real, 451 MB
[runlim] sample:		2090.44 time, 2090.52 real, 451 MB
[runlim] sample:		2100.44 time, 2100.52 real, 451 MB
[runlim] sample:		2110.44 time, 2110.52 real, 451 MB
[runlim] sample:		2120.44 time, 2120.52 real, 451 MB
[runlim] sample:		2130.44 time, 2130.52 real, 451 MB
[runlim] sample:		2140.44 time, 2140.52 real, 451 MB
[runlim] sample:		2150.44 time, 2150.52 real, 451 MB
[runlim] sample:		2160.44 time, 2160.52 real, 451 MB
[runlim] sample:		2170.44 time, 2170.52 real, 451 MB
[runlim] sample:		2180.44 time, 2180.52 real, 451 MB
[runlim] sample:		2190.44 time, 2190.52 real, 451 MB
[runlim] sample:		2200.44 time, 2200.52 real, 451 MB
[runlim] sample:		2210.44 time, 2210.52 real, 451 MB
[runlim] sample:		2220.44 time, 2220.52 real, 451 MB
[runlim] sample:		2230.44 time, 2230.52 real, 451 MB
[runlim] sample:		2240.44 time, 2240.52 real, 451 MB
[runlim] sample:		2250.44 time, 2250.52 real, 451 MB
[runlim] sample:		2260.44 time, 2260.52 real, 452 MB
[runlim] sample:		2270.44 time, 2270.52 real, 453 MB
[runlim] sample:		2280.44 time, 2280.52 real, 453 MB
[runlim] sample:		2290.44 time, 2290.52 real, 454 MB
[runlim] sample:		2300.43 time, 2300.52 real, 455 MB
[runlim] sample:		2310.44 time, 2310.52 real, 456 MB
[runlim] sample:		2320.44 time, 2320.52 real, 457 MB
[runlim] sample:		2330.44 time, 2330.52 real, 458 MB
[runlim] sample:		2340.44 time, 2340.52 real, 459 MB
[runlim] sample:		2350.44 time, 2350.52 real, 460 MB
[runlim] sample:		2360.44 time, 2360.52 real, 461 MB
[runlim] sample:		2370.44 time, 2370.52 real, 462 MB
[runlim] sample:		2380.44 time, 2380.52 real, 463 MB
[runlim] sample:		2390.44 time, 2390.52 real, 464 MB
[runlim] sample:		2400.44 time, 2400.52 real, 465 MB
[runlim] sample:		2410.44 time, 2410.52 real, 466 MB
[runlim] sample:		2420.44 time, 2420.52 real, 467 MB
[runlim] sample:		2430.44 time, 2430.52 real, 468 MB
[runlim] sample:		2440.43 time, 2440.52 real, 469 MB
[runlim] sample:		2450.43 time, 2450.52 real, 469 MB
[runlim] sample:		2460.43 time, 2460.52 real, 470 MB
[runlim] sample:		2470.43 time, 2470.52 real, 471 MB
[runlim] sample:		2480.44 time, 2480.52 real, 472 MB
[runlim] sample:		2490.44 time, 2490.52 real, 473 MB
[runlim] sample:		2500.44 time, 2500.52 real, 474 MB
[runlim] sample:		2510.44 time, 2510.52 real, 475 MB
[runlim] sample:		2520.44 time, 2520.52 real, 475 MB
[runlim] sample:		2530.44 time, 2530.52 real, 476 MB
[runlim] sample:		2540.43 time, 2540.52 real, 477 MB
[runlim] sample:		2550.44 time, 2550.52 real, 478 MB
[runlim] sample:		2560.44 time, 2560.52 real, 479 MB
[runlim] sample:		2570.44 time, 2570.52 real, 479 MB
[runlim] sample:		2580.43 time, 2580.52 real, 480 MB
[runlim] sample:		2590.44 time, 2590.52 real, 481 MB
[runlim] sample:		2600.44 time, 2600.52 real, 482 MB
[runlim] sample:		2610.44 time, 2610.52 real, 482 MB
[runlim] sample:		2620.44 time, 2620.52 real, 483 MB
[runlim] sample:		2630.44 time, 2630.52 real, 484 MB
[runlim] sample:		2640.44 time, 2640.52 real, 485 MB
[runlim] sample:		2650.43 time, 2650.52 real, 485 MB
[runlim] sample:		2660.43 time, 2660.52 real, 486 MB
[runlim] sample:		2670.43 time, 2670.52 real, 487 MB
[runlim] sample:		2680.43 time, 2680.52 real, 488 MB
[runlim] sample:		2690.43 time, 2690.52 real, 488 MB
[runlim] end:			Sat Feb 29 07:57:52 2020
[runlim] status:		out of time
[runlim] result:		2
[runlim] children:		1
[runlim] real:			2700.14 seconds
[runlim] time:			2699.93 seconds
[runlim] space:			489 MB
[runlim] samples:		26995
