[runlim] version:		1.18
[runlim] host:			c3n12
[runlim] time limit:		2700 seconds
[runlim] real time limit:	2700 seconds
[runlim] space limit:		7000 MB
[runlim] argv[0]:		./binary
[runlim] argv[1]:		/data/cnf/ankit/E1-A1-instances/driverlog04_8.qdimacs
[runlim] start:			Sat Feb 29 07:12:51 2020
[runlim] child:			18215
[runlim] sample:		9.03 time, 10.12 real, 65 MB
[runlim] sample:		19.04 time, 20.12 real, 88 MB
[runlim] sample:		29.04 time, 30.12 real, 106 MB
[runlim] sample:		39.04 time, 40.12 real, 123 MB
[runlim] sample:		49.03 time, 50.12 real, 133 MB
[runlim] sample:		59.04 time, 60.12 real, 138 MB
[runlim] sample:		69.03 time, 70.12 real, 155 MB
[runlim] sample:		79.04 time, 80.12 real, 157 MB
[runlim] sample:		89.04 time, 90.12 real, 163 MB
[runlim] sample:		99.03 time, 100.12 real, 168 MB
[runlim] sample:		109.04 time, 110.12 real, 171 MB
[runlim] sample:		119.04 time, 120.12 real, 174 MB
[runlim] sample:		129.03 time, 130.12 real, 192 MB
[runlim] sample:		139.03 time, 140.12 real, 192 MB
[runlim] sample:		149.03 time, 150.12 real, 192 MB
[runlim] sample:		159.03 time, 160.12 real, 192 MB
[runlim] sample:		169.03 time, 170.12 real, 192 MB
[runlim] sample:		179.03 time, 180.12 real, 192 MB
[runlim] sample:		189.03 time, 190.12 real, 194 MB
[runlim] sample:		199.04 time, 200.12 real, 196 MB
[runlim] sample:		209.04 time, 210.12 real, 199 MB
[runlim] sample:		219.03 time, 220.12 real, 202 MB
[runlim] sample:		229.04 time, 230.12 real, 204 MB
[runlim] sample:		239.04 time, 240.12 real, 206 MB
[runlim] sample:		249.04 time, 250.12 real, 208 MB
[runlim] sample:		259.04 time, 260.12 real, 210 MB
[runlim] sample:		269.04 time, 270.12 real, 212 MB
[runlim] sample:		279.04 time, 280.12 real, 213 MB
[runlim] sample:		289.04 time, 290.12 real, 215 MB
[runlim] sample:		299.04 time, 300.12 real, 222 MB
[runlim] sample:		309.04 time, 310.12 real, 222 MB
[runlim] sample:		319.04 time, 320.12 real, 222 MB
[runlim] sample:		329.04 time, 330.12 real, 222 MB
[runlim] sample:		339.04 time, 340.12 real, 222 MB
[runlim] sample:		349.19 time, 350.27 real, 222 MB
[runlim] sample:		359.14 time, 360.22 real, 222 MB
[runlim] sample:		369.14 time, 370.22 real, 222 MB
[runlim] sample:		379.14 time, 380.22 real, 222 MB
[runlim] sample:		389.14 time, 390.22 real, 222 MB
[runlim] sample:		399.14 time, 400.22 real, 222 MB
[runlim] sample:		409.14 time, 410.22 real, 222 MB
[runlim] sample:		419.14 time, 420.22 real, 222 MB
[runlim] sample:		429.14 time, 430.22 real, 222 MB
[runlim] sample:		439.14 time, 440.22 real, 222 MB
[runlim] sample:		449.34 time, 450.42 real, 222 MB
[runlim] sample:		459.34 time, 460.42 real, 222 MB
[runlim] sample:		469.34 time, 470.42 real, 222 MB
[runlim] sample:		479.34 time, 480.42 real, 222 MB
[runlim] sample:		489.34 time, 490.42 real, 222 MB
[runlim] sample:		499.34 time, 500.42 real, 222 MB
[runlim] sample:		509.34 time, 510.42 real, 222 MB
[runlim] sample:		519.34 time, 520.42 real, 222 MB
[runlim] sample:		529.34 time, 530.42 real, 222 MB
[runlim] sample:		539.34 time, 540.42 real, 222 MB
[runlim] sample:		549.34 time, 550.42 real, 222 MB
[runlim] sample:		559.34 time, 560.42 real, 222 MB
[runlim] sample:		569.34 time, 570.42 real, 222 MB
[runlim] sample:		579.34 time, 580.42 real, 222 MB
[runlim] sample:		589.34 time, 590.42 real, 222 MB
[runlim] sample:		599.34 time, 600.42 real, 222 MB
[runlim] sample:		609.35 time, 610.42 real, 222 MB
[runlim] sample:		619.35 time, 620.42 real, 222 MB
[runlim] sample:		629.35 time, 630.42 real, 222 MB
[runlim] sample:		639.35 time, 640.42 real, 222 MB
[runlim] sample:		649.35 time, 650.42 real, 222 MB
[runlim] sample:		659.35 time, 660.42 real, 222 MB
[runlim] sample:		669.35 time, 670.42 real, 222 MB
[runlim] sample:		679.35 time, 680.42 real, 222 MB
[runlim] sample:		689.35 time, 690.42 real, 222 MB
[runlim] sample:		699.35 time, 700.42 real, 222 MB
[runlim] sample:		709.35 time, 710.42 real, 222 MB
[runlim] sample:		719.35 time, 720.42 real, 222 MB
[runlim] sample:		729.35 time, 730.42 real, 222 MB
[runlim] sample:		739.35 time, 740.42 real, 222 MB
[runlim] sample:		749.35 time, 750.42 real, 222 MB
[runlim] sample:		759.35 time, 760.42 real, 222 MB
[runlim] sample:		769.35 time, 770.42 real, 222 MB
[runlim] sample:		779.35 time, 780.42 real, 222 MB
[runlim] sample:		789.35 time, 790.42 real, 222 MB
[runlim] sample:		799.35 time, 800.42 real, 222 MB
[runlim] sample:		809.35 time, 810.42 real, 222 MB
[runlim] sample:		819.34 time, 820.42 real, 223 MB
[runlim] sample:		829.35 time, 830.42 real, 224 MB
[runlim] sample:		839.34 time, 840.42 real, 225 MB
[runlim] sample:		849.35 time, 850.42 real, 226 MB
[runlim] sample:		859.35 time, 860.42 real, 227 MB
[runlim] sample:		869.35 time, 870.42 real, 228 MB
[runlim] sample:		879.35 time, 880.42 real, 229 MB
[runlim] sample:		889.35 time, 890.42 real, 230 MB
[runlim] sample:		899.35 time, 900.42 real, 230 MB
[runlim] sample:		909.35 time, 910.42 real, 231 MB
[runlim] sample:		919.35 time, 920.42 real, 232 MB
[runlim] sample:		929.35 time, 930.42 real, 233 MB
[runlim] sample:		939.35 time, 940.42 real, 234 MB
[runlim] sample:		949.35 time, 950.42 real, 234 MB
[runlim] sample:		959.35 time, 960.42 real, 235 MB
[runlim] sample:		969.35 time, 970.42 real, 236 MB
[runlim] sample:		979.35 time, 980.42 real, 237 MB
[runlim] sample:		989.34 time, 990.42 real, 237 MB
[runlim] sample:		999.35 time, 1000.42 real, 238 MB
[runlim] sample:		1009.34 time, 1010.42 real, 239 MB
[runlim] sample:		1019.34 time, 1020.42 real, 240 MB
[runlim] sample:		1029.35 time, 1030.42 real, 241 MB
[runlim] sample:		1039.35 time, 1040.42 real, 241 MB
[runlim] sample:		1049.35 time, 1050.42 real, 242 MB
[runlim] sample:		1059.35 time, 1060.42 real, 243 MB
[runlim] sample:		1069.35 time, 1070.42 real, 243 MB
[runlim] sample:		1079.35 time, 1080.42 real, 244 MB
[runlim] sample:		1089.34 time, 1090.42 real, 245 MB
[runlim] sample:		1099.35 time, 1100.42 real, 245 MB
[runlim] sample:		1109.35 time, 1110.42 real, 246 MB
[runlim] sample:		1119.35 time, 1120.42 real, 247 MB
[runlim] sample:		1129.35 time, 1130.42 real, 247 MB
[runlim] sample:		1139.34 time, 1140.42 real, 278 MB
[runlim] sample:		1149.34 time, 1150.42 real, 278 MB
[runlim] sample:		1159.35 time, 1160.42 real, 278 MB
[runlim] sample:		1169.34 time, 1170.42 real, 278 MB
[runlim] sample:		1179.34 time, 1180.42 real, 278 MB
[runlim] sample:		1189.34 time, 1190.42 real, 278 MB
[runlim] sample:		1199.34 time, 1200.42 real, 278 MB
[runlim] sample:		1209.34 time, 1210.42 real, 278 MB
[runlim] sample:		1219.35 time, 1220.42 real, 278 MB
[runlim] sample:		1229.34 time, 1230.42 real, 278 MB
[runlim] sample:		1239.34 time, 1240.42 real, 278 MB
[runlim] sample:		1249.34 time, 1250.42 real, 278 MB
[runlim] sample:		1259.35 time, 1260.42 real, 278 MB
[runlim] sample:		1269.35 time, 1270.42 real, 278 MB
[runlim] sample:		1279.35 time, 1280.42 real, 278 MB
[runlim] sample:		1289.35 time, 1290.42 real, 278 MB
[runlim] sample:		1299.35 time, 1300.42 real, 278 MB
[runlim] sample:		1309.35 time, 1310.42 real, 278 MB
[runlim] sample:		1319.35 time, 1320.42 real, 278 MB
[runlim] sample:		1329.35 time, 1330.42 real, 278 MB
[runlim] sample:		1339.35 time, 1340.42 real, 278 MB
[runlim] sample:		1349.35 time, 1350.42 real, 278 MB
[runlim] sample:		1359.35 time, 1360.42 real, 278 MB
[runlim] sample:		1369.35 time, 1370.42 real, 278 MB
[runlim] sample:		1379.35 time, 1380.42 real, 278 MB
[runlim] sample:		1389.35 time, 1390.42 real, 278 MB
[runlim] sample:		1399.35 time, 1400.42 real, 278 MB
[runlim] sample:		1409.35 time, 1410.42 real, 278 MB
[runlim] sample:		1419.35 time, 1420.42 real, 278 MB
[runlim] sample:		1429.35 time, 1430.42 real, 278 MB
[runlim] sample:		1439.35 time, 1440.42 real, 278 MB
[runlim] sample:		1449.35 time, 1450.42 real, 278 MB
[runlim] sample:		1459.35 time, 1460.42 real, 279 MB
[runlim] sample:		1469.35 time, 1470.42 real, 280 MB
[runlim] sample:		1479.35 time, 1480.42 real, 281 MB
[runlim] sample:		1489.35 time, 1490.42 real, 282 MB
[runlim] sample:		1499.35 time, 1500.42 real, 284 MB
[runlim] sample:		1509.36 time, 1510.42 real, 285 MB
[runlim] sample:		1519.35 time, 1520.42 real, 286 MB
[runlim] sample:		1529.35 time, 1530.42 real, 287 MB
[runlim] sample:		1539.35 time, 1540.42 real, 288 MB
[runlim] sample:		1549.35 time, 1550.42 real, 289 MB
[runlim] sample:		1559.35 time, 1560.42 real, 290 MB
[runlim] sample:		1569.36 time, 1570.42 real, 291 MB
[runlim] sample:		1579.35 time, 1580.42 real, 292 MB
[runlim] sample:		1589.35 time, 1590.42 real, 293 MB
[runlim] sample:		1599.35 time, 1600.42 real, 294 MB
[runlim] sample:		1609.35 time, 1610.42 real, 295 MB
[runlim] sample:		1619.35 time, 1620.42 real, 314 MB
[runlim] sample:		1629.35 time, 1630.42 real, 314 MB
[runlim] sample:		1639.35 time, 1640.42 real, 314 MB
[runlim] sample:		1649.35 time, 1650.42 real, 314 MB
[runlim] sample:		1659.35 time, 1660.42 real, 314 MB
[runlim] sample:		1669.35 time, 1670.42 real, 314 MB
[runlim] sample:		1679.35 time, 1680.42 real, 314 MB
[runlim] sample:		1689.35 time, 1690.42 real, 314 MB
[runlim] sample:		1699.35 time, 1700.42 real, 314 MB
[runlim] sample:		1709.35 time, 1710.42 real, 314 MB
[runlim] sample:		1719.35 time, 1720.42 real, 314 MB
[runlim] sample:		1729.35 time, 1730.42 real, 314 MB
[runlim] sample:		1739.35 time, 1740.42 real, 314 MB
[runlim] sample:		1749.35 time, 1750.42 real, 314 MB
[runlim] sample:		1759.35 time, 1760.42 real, 314 MB
[runlim] sample:		1769.35 time, 1770.42 real, 314 MB
[runlim] sample:		1779.35 time, 1780.42 real, 314 MB
[runlim] sample:		1789.35 time, 1790.42 real, 314 MB
[runlim] sample:		1799.35 time, 1800.42 real, 314 MB
[runlim] sample:		1809.35 time, 1810.42 real, 314 MB
[runlim] sample:		1819.35 time, 1820.42 real, 314 MB
[runlim] sample:		1829.35 time, 1830.42 real, 314 MB
[runlim] sample:		1839.35 time, 1840.42 real, 314 MB
[runlim] sample:		1849.35 time, 1850.42 real, 314 MB
[runlim] sample:		1859.35 time, 1860.42 real, 314 MB
[runlim] sample:		1869.35 time, 1870.42 real, 314 MB
[runlim] sample:		1879.35 time, 1880.42 real, 314 MB
[runlim] sample:		1889.35 time, 1890.42 real, 314 MB
[runlim] sample:		1899.35 time, 1900.42 real, 314 MB
[runlim] sample:		1909.35 time, 1910.42 real, 314 MB
[runlim] sample:		1919.35 time, 1920.42 real, 314 MB
[runlim] sample:		1929.35 time, 1930.42 real, 314 MB
[runlim] sample:		1939.35 time, 1940.42 real, 314 MB
[runlim] sample:		1949.35 time, 1950.42 real, 314 MB
[runlim] sample:		1959.35 time, 1960.42 real, 314 MB
[runlim] sample:		1969.35 time, 1970.42 real, 314 MB
[runlim] sample:		1979.35 time, 1980.42 real, 314 MB
[runlim] sample:		1989.35 time, 1990.42 real, 314 MB
[runlim] sample:		1999.35 time, 2000.42 real, 314 MB
[runlim] sample:		2009.35 time, 2010.42 real, 315 MB
[runlim] sample:		2019.36 time, 2020.42 real, 316 MB
[runlim] sample:		2029.35 time, 2030.42 real, 317 MB
[runlim] sample:		2039.36 time, 2040.42 real, 318 MB
[runlim] sample:		2049.35 time, 2050.42 real, 319 MB
[runlim] sample:		2059.36 time, 2060.42 real, 320 MB
[runlim] sample:		2069.36 time, 2070.42 real, 321 MB
[runlim] sample:		2079.36 time, 2080.42 real, 322 MB
[runlim] sample:		2089.36 time, 2090.42 real, 324 MB
[runlim] sample:		2099.36 time, 2100.42 real, 325 MB
[runlim] sample:		2109.36 time, 2110.42 real, 325 MB
[runlim] sample:		2119.35 time, 2120.42 real, 327 MB
[runlim] sample:		2129.35 time, 2130.42 real, 328 MB
[runlim] sample:		2139.35 time, 2140.42 real, 328 MB
[runlim] sample:		2149.36 time, 2150.42 real, 329 MB
[runlim] sample:		2159.35 time, 2160.42 real, 336 MB
[runlim] sample:		2169.35 time, 2170.42 real, 336 MB
[runlim] sample:		2179.35 time, 2180.42 real, 336 MB
[runlim] sample:		2189.36 time, 2190.42 real, 343 MB
[runlim] sample:		2199.36 time, 2200.42 real, 343 MB
[runlim] sample:		2209.36 time, 2210.42 real, 343 MB
[runlim] sample:		2219.36 time, 2220.42 real, 343 MB
[runlim] sample:		2229.36 time, 2230.42 real, 343 MB
[runlim] sample:		2239.36 time, 2240.42 real, 343 MB
[runlim] sample:		2249.36 time, 2250.42 real, 343 MB
[runlim] sample:		2259.36 time, 2260.42 real, 343 MB
[runlim] sample:		2269.36 time, 2270.42 real, 343 MB
[runlim] sample:		2279.36 time, 2280.42 real, 343 MB
[runlim] sample:		2289.36 time, 2290.42 real, 343 MB
[runlim] sample:		2299.36 time, 2300.42 real, 343 MB
[runlim] sample:		2309.36 time, 2310.42 real, 343 MB
[runlim] sample:		2319.36 time, 2320.42 real, 343 MB
[runlim] sample:		2329.36 time, 2330.42 real, 343 MB
[runlim] sample:		2339.36 time, 2340.42 real, 343 MB
[runlim] sample:		2349.36 time, 2350.42 real, 343 MB
[runlim] sample:		2359.36 time, 2360.42 real, 343 MB
[runlim] sample:		2369.36 time, 2370.42 real, 343 MB
[runlim] sample:		2379.36 time, 2380.42 real, 343 MB
[runlim] sample:		2389.36 time, 2390.42 real, 343 MB
[runlim] sample:		2399.36 time, 2400.42 real, 343 MB
[runlim] sample:		2409.36 time, 2410.42 real, 343 MB
[runlim] sample:		2419.36 time, 2420.42 real, 343 MB
[runlim] sample:		2429.36 time, 2430.42 real, 343 MB
[runlim] sample:		2439.36 time, 2440.42 real, 343 MB
[runlim] sample:		2449.36 time, 2450.42 real, 343 MB
[runlim] sample:		2459.36 time, 2460.42 real, 343 MB
[runlim] sample:		2469.36 time, 2470.42 real, 343 MB
[runlim] sample:		2479.36 time, 2480.42 real, 343 MB
[runlim] sample:		2489.36 time, 2490.42 real, 343 MB
[runlim] sample:		2499.36 time, 2500.42 real, 343 MB
[runlim] sample:		2509.36 time, 2510.42 real, 343 MB
[runlim] sample:		2519.36 time, 2520.42 real, 343 MB
[runlim] sample:		2529.36 time, 2530.42 real, 343 MB
[runlim] sample:		2539.36 time, 2540.42 real, 343 MB
[runlim] sample:		2549.36 time, 2550.42 real, 343 MB
[runlim] sample:		2559.36 time, 2560.42 real, 343 MB
[runlim] sample:		2569.36 time, 2570.42 real, 343 MB
[runlim] sample:		2579.36 time, 2580.42 real, 343 MB
[runlim] sample:		2589.36 time, 2590.42 real, 343 MB
[runlim] sample:		2599.36 time, 2600.42 real, 343 MB
[runlim] sample:		2609.36 time, 2610.42 real, 343 MB
[runlim] sample:		2619.36 time, 2620.42 real, 343 MB
[runlim] sample:		2629.36 time, 2630.42 real, 343 MB
[runlim] sample:		2639.36 time, 2640.42 real, 343 MB
[runlim] sample:		2649.36 time, 2650.42 real, 343 MB
[runlim] sample:		2659.36 time, 2660.42 real, 343 MB
[runlim] sample:		2669.36 time, 2670.42 real, 343 MB
[runlim] sample:		2679.36 time, 2680.42 real, 343 MB
[runlim] sample:		2689.36 time, 2690.42 real, 343 MB
[runlim] end:			Sat Feb 29 07:57:52 2020
[runlim] status:		out of time
[runlim] result:		2
[runlim] children:		1
[runlim] real:			2700.11 seconds
[runlim] time:			2698.96 seconds
[runlim] space:			343 MB
[runlim] samples:		26996
