[runlim] version:		1.18
[runlim] host:			c3n12
[runlim] time limit:		2700 seconds
[runlim] real time limit:	2700 seconds
[runlim] space limit:		7000 MB
[runlim] argv[0]:		./binary
[runlim] argv[1]:		/data/cnf/ankit/E1-A1-instances/driverlog08_7.qdimacs
[runlim] start:			Sat Feb 29 07:12:52 2020
[runlim] child:			18238
[runlim] sample:		9.67 time, 10.12 real, 56 MB
[runlim] sample:		19.68 time, 20.12 real, 85 MB
[runlim] sample:		29.68 time, 30.12 real, 111 MB
[runlim] sample:		39.68 time, 40.12 real, 116 MB
[runlim] sample:		49.67 time, 50.12 real, 133 MB
[runlim] sample:		59.68 time, 60.12 real, 144 MB
[runlim] sample:		69.67 time, 70.12 real, 158 MB
[runlim] sample:		79.67 time, 80.12 real, 158 MB
[runlim] sample:		89.67 time, 90.12 real, 163 MB
[runlim] sample:		99.67 time, 100.12 real, 167 MB
[runlim] sample:		109.67 time, 110.12 real, 171 MB
[runlim] sample:		119.67 time, 120.12 real, 178 MB
[runlim] sample:		129.67 time, 130.12 real, 178 MB
[runlim] sample:		139.67 time, 140.12 real, 178 MB
[runlim] sample:		149.67 time, 150.12 real, 178 MB
[runlim] sample:		159.67 time, 160.12 real, 178 MB
[runlim] sample:		169.67 time, 170.12 real, 178 MB
[runlim] sample:		179.67 time, 180.12 real, 178 MB
[runlim] sample:		189.67 time, 190.12 real, 178 MB
[runlim] sample:		199.67 time, 200.12 real, 178 MB
[runlim] sample:		209.67 time, 210.12 real, 178 MB
[runlim] sample:		219.66 time, 220.12 real, 178 MB
[runlim] sample:		229.66 time, 230.12 real, 178 MB
[runlim] sample:		239.67 time, 240.12 real, 178 MB
[runlim] sample:		249.67 time, 250.12 real, 178 MB
[runlim] sample:		259.67 time, 260.12 real, 178 MB
[runlim] sample:		269.66 time, 270.12 real, 178 MB
[runlim] sample:		279.66 time, 280.12 real, 180 MB
[runlim] sample:		289.66 time, 290.12 real, 181 MB
[runlim] sample:		299.66 time, 300.12 real, 183 MB
[runlim] sample:		309.66 time, 310.12 real, 185 MB
[runlim] sample:		319.65 time, 320.12 real, 189 MB
[runlim] sample:		329.66 time, 330.12 real, 190 MB
[runlim] sample:		339.66 time, 340.12 real, 191 MB
[runlim] sample:		349.88 time, 350.35 real, 193 MB
[runlim] sample:		359.74 time, 360.22 real, 194 MB
[runlim] sample:		369.74 time, 370.22 real, 215 MB
[runlim] sample:		379.74 time, 380.22 real, 215 MB
[runlim] sample:		389.74 time, 390.22 real, 215 MB
[runlim] sample:		399.74 time, 400.22 real, 215 MB
[runlim] sample:		409.74 time, 410.22 real, 215 MB
[runlim] sample:		419.74 time, 420.22 real, 215 MB
[runlim] sample:		429.74 time, 430.22 real, 215 MB
[runlim] sample:		439.74 time, 440.22 real, 215 MB
[runlim] sample:		449.84 time, 450.32 real, 215 MB
[runlim] sample:		459.84 time, 460.32 real, 215 MB
[runlim] sample:		469.84 time, 470.32 real, 215 MB
[runlim] sample:		479.84 time, 480.32 real, 217 MB
[runlim] sample:		489.84 time, 490.32 real, 219 MB
[runlim] sample:		499.84 time, 500.32 real, 221 MB
[runlim] sample:		509.84 time, 510.32 real, 223 MB
[runlim] sample:		519.83 time, 520.32 real, 225 MB
[runlim] sample:		529.84 time, 530.32 real, 226 MB
[runlim] sample:		539.83 time, 540.32 real, 228 MB
[runlim] sample:		549.83 time, 550.32 real, 230 MB
[runlim] sample:		559.83 time, 560.32 real, 231 MB
[runlim] sample:		569.83 time, 570.32 real, 249 MB
[runlim] sample:		579.83 time, 580.32 real, 249 MB
[runlim] sample:		589.83 time, 590.32 real, 249 MB
[runlim] sample:		599.83 time, 600.32 real, 249 MB
[runlim] sample:		609.83 time, 610.32 real, 249 MB
[runlim] sample:		619.83 time, 620.32 real, 249 MB
[runlim] sample:		629.83 time, 630.32 real, 249 MB
[runlim] sample:		639.83 time, 640.32 real, 249 MB
[runlim] sample:		649.83 time, 650.32 real, 249 MB
[runlim] sample:		659.83 time, 660.32 real, 249 MB
[runlim] sample:		669.83 time, 670.32 real, 249 MB
[runlim] sample:		679.83 time, 680.32 real, 249 MB
[runlim] sample:		689.83 time, 690.32 real, 249 MB
[runlim] sample:		699.83 time, 700.32 real, 249 MB
[runlim] sample:		709.83 time, 710.32 real, 249 MB
[runlim] sample:		719.83 time, 720.32 real, 249 MB
[runlim] sample:		729.83 time, 730.32 real, 249 MB
[runlim] sample:		739.83 time, 740.32 real, 250 MB
[runlim] sample:		749.83 time, 750.32 real, 252 MB
[runlim] sample:		759.82 time, 760.32 real, 254 MB
[runlim] sample:		769.82 time, 770.32 real, 255 MB
[runlim] sample:		779.83 time, 780.32 real, 257 MB
[runlim] sample:		789.83 time, 790.32 real, 258 MB
[runlim] sample:		799.83 time, 800.32 real, 265 MB
[runlim] sample:		809.83 time, 810.32 real, 265 MB
[runlim] sample:		819.83 time, 820.32 real, 265 MB
[runlim] sample:		829.83 time, 830.32 real, 265 MB
[runlim] sample:		839.83 time, 840.32 real, 265 MB
[runlim] sample:		849.83 time, 850.32 real, 265 MB
[runlim] sample:		859.83 time, 860.32 real, 265 MB
[runlim] sample:		869.83 time, 870.32 real, 265 MB
[runlim] sample:		879.83 time, 880.32 real, 265 MB
[runlim] sample:		889.83 time, 890.32 real, 265 MB
[runlim] sample:		899.83 time, 900.32 real, 265 MB
[runlim] sample:		909.83 time, 910.32 real, 265 MB
[runlim] sample:		919.83 time, 920.32 real, 265 MB
[runlim] sample:		929.83 time, 930.32 real, 265 MB
[runlim] sample:		939.83 time, 940.32 real, 265 MB
[runlim] sample:		949.83 time, 950.32 real, 265 MB
[runlim] sample:		959.83 time, 960.32 real, 265 MB
[runlim] sample:		969.82 time, 970.32 real, 266 MB
[runlim] sample:		979.82 time, 980.32 real, 266 MB
[runlim] sample:		989.82 time, 990.32 real, 266 MB
[runlim] sample:		999.82 time, 1000.32 real, 266 MB
[runlim] sample:		1009.83 time, 1010.32 real, 266 MB
[runlim] sample:		1019.82 time, 1020.32 real, 266 MB
[runlim] sample:		1029.82 time, 1030.32 real, 266 MB
[runlim] sample:		1039.82 time, 1040.32 real, 266 MB
[runlim] sample:		1049.82 time, 1050.32 real, 266 MB
[runlim] sample:		1059.83 time, 1060.32 real, 266 MB
[runlim] sample:		1069.82 time, 1070.32 real, 266 MB
[runlim] sample:		1079.82 time, 1080.32 real, 266 MB
[runlim] sample:		1089.82 time, 1090.32 real, 266 MB
[runlim] sample:		1099.82 time, 1100.32 real, 266 MB
[runlim] sample:		1109.82 time, 1110.32 real, 266 MB
[runlim] sample:		1119.82 time, 1120.32 real, 266 MB
[runlim] sample:		1129.82 time, 1130.32 real, 266 MB
[runlim] sample:		1139.82 time, 1140.32 real, 266 MB
[runlim] sample:		1149.82 time, 1150.32 real, 266 MB
[runlim] sample:		1159.82 time, 1160.32 real, 266 MB
[runlim] sample:		1169.82 time, 1170.32 real, 266 MB
[runlim] sample:		1179.82 time, 1180.32 real, 266 MB
[runlim] sample:		1189.82 time, 1190.32 real, 266 MB
[runlim] sample:		1199.82 time, 1200.32 real, 266 MB
[runlim] sample:		1209.82 time, 1210.32 real, 266 MB
[runlim] sample:		1219.82 time, 1220.32 real, 266 MB
[runlim] sample:		1229.82 time, 1230.32 real, 266 MB
[runlim] sample:		1239.82 time, 1240.32 real, 266 MB
[runlim] sample:		1249.82 time, 1250.32 real, 266 MB
[runlim] sample:		1259.82 time, 1260.32 real, 266 MB
[runlim] sample:		1269.82 time, 1270.32 real, 266 MB
[runlim] sample:		1279.82 time, 1280.32 real, 266 MB
[runlim] sample:		1289.82 time, 1290.32 real, 266 MB
[runlim] sample:		1299.82 time, 1300.32 real, 266 MB
[runlim] sample:		1309.82 time, 1310.32 real, 266 MB
[runlim] sample:		1319.82 time, 1320.32 real, 266 MB
[runlim] sample:		1329.82 time, 1330.32 real, 266 MB
[runlim] sample:		1339.82 time, 1340.32 real, 266 MB
[runlim] sample:		1349.81 time, 1350.32 real, 266 MB
[runlim] sample:		1359.81 time, 1360.32 real, 266 MB
[runlim] sample:		1369.81 time, 1370.32 real, 266 MB
[runlim] sample:		1379.82 time, 1380.32 real, 266 MB
[runlim] sample:		1389.81 time, 1390.32 real, 266 MB
[runlim] sample:		1399.82 time, 1400.32 real, 266 MB
[runlim] sample:		1409.81 time, 1410.32 real, 266 MB
[runlim] sample:		1419.81 time, 1420.32 real, 266 MB
[runlim] sample:		1429.81 time, 1430.32 real, 266 MB
[runlim] sample:		1439.81 time, 1440.32 real, 266 MB
[runlim] sample:		1449.82 time, 1450.32 real, 266 MB
[runlim] sample:		1459.81 time, 1460.32 real, 267 MB
[runlim] sample:		1469.81 time, 1470.32 real, 268 MB
[runlim] sample:		1479.82 time, 1480.32 real, 268 MB
[runlim] sample:		1489.82 time, 1490.32 real, 270 MB
[runlim] sample:		1499.81 time, 1500.32 real, 270 MB
[runlim] sample:		1509.81 time, 1510.32 real, 271 MB
[runlim] sample:		1519.81 time, 1520.32 real, 272 MB
[runlim] sample:		1529.81 time, 1530.32 real, 273 MB
[runlim] sample:		1539.80 time, 1540.32 real, 274 MB
[runlim] sample:		1549.80 time, 1550.32 real, 275 MB
[runlim] sample:		1559.81 time, 1560.32 real, 275 MB
[runlim] sample:		1569.81 time, 1570.32 real, 276 MB
[runlim] sample:		1579.81 time, 1580.32 real, 277 MB
[runlim] sample:		1589.81 time, 1590.32 real, 278 MB
[runlim] sample:		1599.81 time, 1600.32 real, 279 MB
[runlim] sample:		1609.81 time, 1610.32 real, 301 MB
[runlim] sample:		1619.81 time, 1620.32 real, 301 MB
[runlim] sample:		1629.81 time, 1630.32 real, 301 MB
[runlim] sample:		1639.81 time, 1640.32 real, 301 MB
[runlim] sample:		1649.81 time, 1650.32 real, 301 MB
[runlim] sample:		1659.81 time, 1660.32 real, 301 MB
[runlim] sample:		1669.81 time, 1670.32 real, 301 MB
[runlim] sample:		1679.81 time, 1680.32 real, 301 MB
[runlim] sample:		1689.81 time, 1690.32 real, 301 MB
[runlim] sample:		1699.81 time, 1700.32 real, 301 MB
[runlim] sample:		1709.81 time, 1710.32 real, 301 MB
[runlim] sample:		1719.81 time, 1720.32 real, 301 MB
[runlim] sample:		1729.81 time, 1730.32 real, 301 MB
[runlim] sample:		1739.81 time, 1740.32 real, 301 MB
[runlim] sample:		1749.81 time, 1750.32 real, 301 MB
[runlim] sample:		1759.81 time, 1760.32 real, 301 MB
[runlim] sample:		1769.81 time, 1770.32 real, 301 MB
[runlim] sample:		1779.81 time, 1780.32 real, 301 MB
[runlim] sample:		1789.81 time, 1790.32 real, 301 MB
[runlim] sample:		1799.81 time, 1800.32 real, 301 MB
[runlim] sample:		1809.81 time, 1810.32 real, 301 MB
[runlim] sample:		1819.81 time, 1820.32 real, 301 MB
[runlim] sample:		1829.81 time, 1830.32 real, 301 MB
[runlim] sample:		1839.81 time, 1840.32 real, 301 MB
[runlim] sample:		1849.81 time, 1850.32 real, 301 MB
[runlim] sample:		1859.81 time, 1860.32 real, 301 MB
[runlim] sample:		1869.81 time, 1870.32 real, 301 MB
[runlim] sample:		1879.81 time, 1880.32 real, 301 MB
[runlim] sample:		1889.81 time, 1890.32 real, 301 MB
[runlim] sample:		1899.81 time, 1900.32 real, 301 MB
[runlim] sample:		1909.81 time, 1910.32 real, 301 MB
[runlim] sample:		1919.81 time, 1920.32 real, 301 MB
[runlim] sample:		1929.81 time, 1930.32 real, 311 MB
[runlim] sample:		1939.81 time, 1940.32 real, 311 MB
[runlim] sample:		1949.81 time, 1950.32 real, 311 MB
[runlim] sample:		1959.81 time, 1960.32 real, 311 MB
[runlim] sample:		1969.81 time, 1970.32 real, 311 MB
[runlim] sample:		1979.81 time, 1980.32 real, 311 MB
[runlim] sample:		1989.81 time, 1990.32 real, 311 MB
[runlim] sample:		1999.81 time, 2000.32 real, 311 MB
[runlim] sample:		2009.81 time, 2010.32 real, 311 MB
[runlim] sample:		2019.81 time, 2020.32 real, 311 MB
[runlim] sample:		2029.81 time, 2030.32 real, 311 MB
[runlim] sample:		2039.81 time, 2040.32 real, 311 MB
[runlim] sample:		2049.81 time, 2050.32 real, 311 MB
[runlim] sample:		2059.81 time, 2060.32 real, 311 MB
[runlim] sample:		2069.81 time, 2070.32 real, 311 MB
[runlim] sample:		2079.81 time, 2080.32 real, 311 MB
[runlim] sample:		2089.81 time, 2090.32 real, 311 MB
[runlim] sample:		2099.81 time, 2100.32 real, 311 MB
[runlim] sample:		2109.81 time, 2110.32 real, 312 MB
[runlim] sample:		2119.80 time, 2120.32 real, 314 MB
[runlim] sample:		2129.80 time, 2130.32 real, 316 MB
[runlim] sample:		2139.81 time, 2140.32 real, 318 MB
[runlim] sample:		2149.81 time, 2150.32 real, 320 MB
[runlim] sample:		2159.81 time, 2160.32 real, 322 MB
[runlim] sample:		2169.80 time, 2170.32 real, 324 MB
[runlim] sample:		2179.80 time, 2180.32 real, 326 MB
[runlim] sample:		2189.80 time, 2190.32 real, 328 MB
[runlim] sample:		2199.80 time, 2200.32 real, 330 MB
[runlim] sample:		2209.81 time, 2210.32 real, 331 MB
[runlim] sample:		2219.81 time, 2220.32 real, 333 MB
[runlim] sample:		2229.81 time, 2230.32 real, 334 MB
[runlim] sample:		2239.81 time, 2240.32 real, 336 MB
[runlim] sample:		2249.80 time, 2250.32 real, 337 MB
[runlim] sample:		2259.81 time, 2260.32 real, 339 MB
[runlim] sample:		2269.81 time, 2270.32 real, 340 MB
[runlim] sample:		2279.81 time, 2280.32 real, 342 MB
[runlim] sample:		2289.80 time, 2290.32 real, 343 MB
[runlim] sample:		2299.80 time, 2300.32 real, 345 MB
[runlim] sample:		2309.80 time, 2310.32 real, 351 MB
[runlim] sample:		2319.81 time, 2320.32 real, 351 MB
[runlim] sample:		2329.80 time, 2330.32 real, 352 MB
[runlim] sample:		2339.80 time, 2340.32 real, 365 MB
[runlim] sample:		2349.80 time, 2350.32 real, 360 MB
[runlim] sample:		2359.80 time, 2360.32 real, 360 MB
[runlim] sample:		2369.80 time, 2370.32 real, 360 MB
[runlim] sample:		2379.80 time, 2380.32 real, 360 MB
[runlim] sample:		2389.80 time, 2390.32 real, 360 MB
[runlim] sample:		2399.80 time, 2400.32 real, 360 MB
[runlim] sample:		2409.80 time, 2410.32 real, 360 MB
[runlim] sample:		2419.80 time, 2420.32 real, 360 MB
[runlim] sample:		2429.80 time, 2430.32 real, 360 MB
[runlim] sample:		2439.80 time, 2440.32 real, 360 MB
[runlim] sample:		2449.80 time, 2450.32 real, 360 MB
[runlim] sample:		2459.79 time, 2460.32 real, 360 MB
[runlim] sample:		2469.80 time, 2470.32 real, 360 MB
[runlim] sample:		2479.79 time, 2480.32 real, 360 MB
[runlim] sample:		2489.79 time, 2490.32 real, 360 MB
[runlim] sample:		2499.79 time, 2500.32 real, 360 MB
[runlim] sample:		2509.79 time, 2510.32 real, 360 MB
[runlim] sample:		2519.79 time, 2520.32 real, 360 MB
[runlim] sample:		2529.79 time, 2530.32 real, 360 MB
[runlim] sample:		2539.79 time, 2540.32 real, 360 MB
[runlim] sample:		2549.79 time, 2550.32 real, 360 MB
[runlim] sample:		2559.79 time, 2560.32 real, 360 MB
[runlim] sample:		2569.79 time, 2570.32 real, 360 MB
[runlim] sample:		2579.79 time, 2580.32 real, 360 MB
[runlim] sample:		2589.79 time, 2590.32 real, 360 MB
[runlim] sample:		2599.79 time, 2600.32 real, 360 MB
[runlim] sample:		2609.79 time, 2610.32 real, 360 MB
[runlim] sample:		2619.79 time, 2620.32 real, 360 MB
[runlim] sample:		2629.79 time, 2630.32 real, 360 MB
[runlim] sample:		2639.79 time, 2640.32 real, 360 MB
[runlim] sample:		2649.79 time, 2650.32 real, 360 MB
[runlim] sample:		2659.79 time, 2660.32 real, 360 MB
[runlim] sample:		2669.80 time, 2670.32 real, 360 MB
[runlim] sample:		2679.79 time, 2680.32 real, 360 MB
[runlim] sample:		2689.80 time, 2690.32 real, 360 MB
[runlim] end:			Sat Feb 29 07:57:52 2020
[runlim] status:		out of time
[runlim] result:		2
[runlim] children:		1
[runlim] real:			2700.10 seconds
[runlim] time:			2699.49 seconds
[runlim] space:			365 MB
[runlim] samples:		26997
