[runlim] version:		1.18
[runlim] host:			c3n12
[runlim] time limit:		2700 seconds
[runlim] real time limit:	2700 seconds
[runlim] space limit:		7000 MB
[runlim] argv[0]:		./binary
[runlim] argv[1]:		/data/cnf/ankit/E1-A1-instances/driverlog04_7.qdimacs
[runlim] start:			Sat Feb 29 07:12:51 2020
[runlim] child:			18217
[runlim] sample:		9.09 time, 10.12 real, 67 MB
[runlim] sample:		19.09 time, 20.12 real, 84 MB
[runlim] sample:		29.09 time, 30.12 real, 86 MB
[runlim] sample:		39.09 time, 40.12 real, 92 MB
[runlim] sample:		49.09 time, 50.12 real, 92 MB
[runlim] sample:		59.09 time, 60.12 real, 92 MB
[runlim] sample:		69.09 time, 70.12 real, 103 MB
[runlim] sample:		79.09 time, 80.12 real, 106 MB
[runlim] sample:		89.09 time, 90.12 real, 111 MB
[runlim] sample:		99.09 time, 100.12 real, 124 MB
[runlim] sample:		109.09 time, 110.12 real, 127 MB
[runlim] sample:		119.09 time, 120.12 real, 128 MB
[runlim] sample:		129.09 time, 130.12 real, 137 MB
[runlim] sample:		139.09 time, 140.12 real, 137 MB
[runlim] sample:		149.09 time, 150.12 real, 143 MB
[runlim] sample:		159.09 time, 160.12 real, 153 MB
[runlim] sample:		169.09 time, 170.12 real, 153 MB
[runlim] sample:		179.09 time, 180.12 real, 153 MB
[runlim] sample:		189.09 time, 190.12 real, 153 MB
[runlim] sample:		199.09 time, 200.12 real, 153 MB
[runlim] sample:		209.10 time, 210.12 real, 154 MB
[runlim] sample:		219.09 time, 220.12 real, 158 MB
[runlim] sample:		229.09 time, 230.12 real, 160 MB
[runlim] sample:		239.09 time, 240.12 real, 165 MB
[runlim] sample:		249.09 time, 250.12 real, 165 MB
[runlim] sample:		259.09 time, 260.12 real, 165 MB
[runlim] sample:		269.09 time, 270.12 real, 165 MB
[runlim] sample:		279.09 time, 280.12 real, 165 MB
[runlim] sample:		289.09 time, 290.12 real, 165 MB
[runlim] sample:		299.09 time, 300.12 real, 165 MB
[runlim] sample:		309.09 time, 310.12 real, 165 MB
[runlim] sample:		319.09 time, 320.12 real, 165 MB
[runlim] sample:		329.09 time, 330.12 real, 165 MB
[runlim] sample:		339.09 time, 340.12 real, 165 MB
[runlim] sample:		349.25 time, 350.28 real, 165 MB
[runlim] sample:		359.19 time, 360.22 real, 165 MB
[runlim] sample:		369.19 time, 370.22 real, 165 MB
[runlim] sample:		379.19 time, 380.22 real, 165 MB
[runlim] sample:		389.19 time, 390.22 real, 165 MB
[runlim] sample:		399.20 time, 400.22 real, 165 MB
[runlim] sample:		409.20 time, 410.22 real, 165 MB
[runlim] sample:		419.20 time, 420.22 real, 165 MB
[runlim] sample:		429.20 time, 430.22 real, 165 MB
[runlim] sample:		439.20 time, 440.22 real, 165 MB
[runlim] sample:		449.40 time, 450.42 real, 165 MB
[runlim] sample:		459.40 time, 460.42 real, 165 MB
[runlim] sample:		469.40 time, 470.42 real, 165 MB
[runlim] sample:		479.40 time, 480.42 real, 165 MB
[runlim] sample:		489.39 time, 490.42 real, 166 MB
[runlim] sample:		499.39 time, 500.42 real, 167 MB
[runlim] sample:		509.39 time, 510.42 real, 168 MB
[runlim] sample:		519.39 time, 520.42 real, 169 MB
[runlim] sample:		529.39 time, 530.42 real, 170 MB
[runlim] sample:		539.39 time, 540.42 real, 172 MB
[runlim] sample:		549.39 time, 550.42 real, 184 MB
[runlim] sample:		559.39 time, 560.42 real, 184 MB
[runlim] sample:		569.39 time, 570.42 real, 184 MB
[runlim] sample:		579.39 time, 580.42 real, 184 MB
[runlim] sample:		589.39 time, 590.42 real, 184 MB
[runlim] sample:		599.39 time, 600.42 real, 184 MB
[runlim] sample:		609.39 time, 610.42 real, 184 MB
[runlim] sample:		619.39 time, 620.42 real, 184 MB
[runlim] sample:		629.39 time, 630.42 real, 184 MB
[runlim] sample:		639.39 time, 640.42 real, 184 MB
[runlim] sample:		649.39 time, 650.42 real, 188 MB
[runlim] sample:		659.39 time, 660.42 real, 190 MB
[runlim] sample:		669.40 time, 670.42 real, 199 MB
[runlim] sample:		679.40 time, 680.42 real, 199 MB
[runlim] sample:		689.40 time, 690.42 real, 199 MB
[runlim] sample:		699.40 time, 700.42 real, 199 MB
[runlim] sample:		709.40 time, 710.42 real, 199 MB
[runlim] sample:		719.40 time, 720.42 real, 199 MB
[runlim] sample:		729.40 time, 730.42 real, 199 MB
[runlim] sample:		739.40 time, 740.42 real, 199 MB
[runlim] sample:		749.40 time, 750.42 real, 199 MB
[runlim] sample:		759.40 time, 760.42 real, 199 MB
[runlim] sample:		769.40 time, 770.42 real, 199 MB
[runlim] sample:		779.40 time, 780.42 real, 199 MB
[runlim] sample:		789.40 time, 790.42 real, 199 MB
[runlim] sample:		799.40 time, 800.42 real, 200 MB
[runlim] sample:		809.40 time, 810.42 real, 202 MB
[runlim] sample:		819.40 time, 820.42 real, 203 MB
[runlim] sample:		829.40 time, 830.42 real, 205 MB
[runlim] sample:		839.40 time, 840.42 real, 206 MB
[runlim] sample:		849.40 time, 850.42 real, 208 MB
[runlim] sample:		859.39 time, 860.42 real, 209 MB
[runlim] sample:		869.39 time, 870.42 real, 217 MB
[runlim] sample:		879.39 time, 880.42 real, 217 MB
[runlim] sample:		889.39 time, 890.42 real, 217 MB
[runlim] sample:		899.39 time, 900.42 real, 217 MB
[runlim] sample:		909.39 time, 910.42 real, 217 MB
[runlim] sample:		919.39 time, 920.42 real, 217 MB
[runlim] sample:		929.39 time, 930.42 real, 217 MB
[runlim] sample:		939.39 time, 940.42 real, 217 MB
[runlim] sample:		949.40 time, 950.42 real, 217 MB
[runlim] sample:		959.40 time, 960.42 real, 217 MB
[runlim] sample:		969.40 time, 970.42 real, 217 MB
[runlim] sample:		979.40 time, 980.42 real, 217 MB
[runlim] sample:		989.40 time, 990.42 real, 217 MB
[runlim] sample:		999.40 time, 1000.42 real, 217 MB
[runlim] sample:		1009.40 time, 1010.42 real, 217 MB
[runlim] sample:		1019.40 time, 1020.42 real, 217 MB
[runlim] sample:		1029.40 time, 1030.42 real, 217 MB
[runlim] sample:		1039.40 time, 1040.42 real, 217 MB
[runlim] sample:		1049.40 time, 1050.42 real, 217 MB
[runlim] sample:		1059.40 time, 1060.42 real, 217 MB
[runlim] sample:		1069.40 time, 1070.42 real, 217 MB
[runlim] sample:		1079.40 time, 1080.42 real, 217 MB
[runlim] sample:		1089.40 time, 1090.42 real, 217 MB
[runlim] sample:		1099.40 time, 1100.42 real, 217 MB
[runlim] sample:		1109.40 time, 1110.42 real, 217 MB
[runlim] sample:		1119.40 time, 1120.42 real, 217 MB
[runlim] sample:		1129.40 time, 1130.42 real, 217 MB
[runlim] sample:		1139.40 time, 1140.42 real, 217 MB
[runlim] sample:		1149.40 time, 1150.42 real, 217 MB
[runlim] sample:		1159.40 time, 1160.42 real, 217 MB
[runlim] sample:		1169.40 time, 1170.42 real, 217 MB
[runlim] sample:		1179.40 time, 1180.42 real, 217 MB
[runlim] sample:		1189.40 time, 1190.42 real, 217 MB
[runlim] sample:		1199.40 time, 1200.42 real, 217 MB
[runlim] sample:		1209.40 time, 1210.42 real, 217 MB
[runlim] sample:		1219.40 time, 1220.42 real, 217 MB
[runlim] sample:		1229.40 time, 1230.42 real, 217 MB
[runlim] sample:		1239.40 time, 1240.42 real, 217 MB
[runlim] sample:		1249.40 time, 1250.42 real, 217 MB
[runlim] sample:		1259.40 time, 1260.42 real, 217 MB
[runlim] sample:		1269.40 time, 1270.42 real, 217 MB
[runlim] sample:		1279.40 time, 1280.42 real, 217 MB
[runlim] sample:		1289.40 time, 1290.42 real, 217 MB
[runlim] sample:		1299.40 time, 1300.42 real, 217 MB
[runlim] sample:		1309.40 time, 1310.42 real, 217 MB
[runlim] sample:		1319.40 time, 1320.42 real, 217 MB
[runlim] sample:		1329.40 time, 1330.42 real, 217 MB
[runlim] sample:		1339.40 time, 1340.42 real, 217 MB
[runlim] sample:		1349.40 time, 1350.42 real, 217 MB
[runlim] sample:		1359.40 time, 1360.42 real, 217 MB
[runlim] sample:		1369.40 time, 1370.42 real, 217 MB
[runlim] sample:		1379.40 time, 1380.42 real, 217 MB
[runlim] sample:		1389.40 time, 1390.42 real, 217 MB
[runlim] sample:		1399.40 time, 1400.42 real, 217 MB
[runlim] sample:		1409.40 time, 1410.42 real, 217 MB
[runlim] sample:		1419.40 time, 1420.42 real, 217 MB
[runlim] sample:		1429.40 time, 1430.42 real, 217 MB
[runlim] sample:		1439.40 time, 1440.42 real, 217 MB
[runlim] sample:		1449.40 time, 1450.42 real, 217 MB
[runlim] sample:		1459.40 time, 1460.42 real, 217 MB
[runlim] sample:		1469.40 time, 1470.42 real, 217 MB
[runlim] sample:		1479.40 time, 1480.42 real, 218 MB
[runlim] sample:		1489.40 time, 1490.42 real, 225 MB
[runlim] sample:		1499.40 time, 1500.42 real, 225 MB
[runlim] sample:		1509.40 time, 1510.42 real, 225 MB
[runlim] sample:		1519.40 time, 1520.42 real, 225 MB
[runlim] sample:		1529.40 time, 1530.42 real, 225 MB
[runlim] sample:		1539.40 time, 1540.42 real, 225 MB
[runlim] sample:		1549.41 time, 1550.42 real, 225 MB
[runlim] sample:		1559.41 time, 1560.42 real, 225 MB
[runlim] sample:		1569.41 time, 1570.42 real, 225 MB
[runlim] sample:		1579.41 time, 1580.42 real, 225 MB
[runlim] sample:		1589.41 time, 1590.42 real, 225 MB
[runlim] sample:		1599.41 time, 1600.42 real, 225 MB
[runlim] sample:		1609.41 time, 1610.42 real, 225 MB
[runlim] sample:		1619.41 time, 1620.42 real, 225 MB
[runlim] sample:		1629.41 time, 1630.42 real, 225 MB
[runlim] sample:		1639.41 time, 1640.42 real, 225 MB
[runlim] sample:		1649.41 time, 1650.42 real, 225 MB
[runlim] sample:		1659.41 time, 1660.42 real, 225 MB
[runlim] sample:		1669.41 time, 1670.42 real, 225 MB
[runlim] sample:		1679.41 time, 1680.42 real, 225 MB
[runlim] sample:		1689.41 time, 1690.42 real, 225 MB
[runlim] sample:		1699.41 time, 1700.42 real, 225 MB
[runlim] sample:		1709.41 time, 1710.42 real, 225 MB
[runlim] sample:		1719.41 time, 1720.42 real, 225 MB
[runlim] sample:		1729.41 time, 1730.42 real, 225 MB
[runlim] sample:		1739.41 time, 1740.42 real, 225 MB
[runlim] sample:		1749.41 time, 1750.42 real, 225 MB
[runlim] sample:		1759.41 time, 1760.42 real, 225 MB
[runlim] sample:		1769.41 time, 1770.42 real, 225 MB
[runlim] sample:		1779.41 time, 1780.42 real, 225 MB
[runlim] sample:		1789.41 time, 1790.42 real, 225 MB
[runlim] sample:		1799.41 time, 1800.42 real, 225 MB
[runlim] sample:		1809.41 time, 1810.42 real, 225 MB
[runlim] sample:		1819.41 time, 1820.42 real, 225 MB
[runlim] sample:		1829.41 time, 1830.42 real, 225 MB
[runlim] sample:		1839.41 time, 1840.42 real, 225 MB
[runlim] sample:		1849.41 time, 1850.42 real, 225 MB
[runlim] sample:		1859.41 time, 1860.42 real, 225 MB
[runlim] sample:		1869.41 time, 1870.42 real, 225 MB
[runlim] sample:		1879.41 time, 1880.42 real, 225 MB
[runlim] sample:		1889.41 time, 1890.42 real, 225 MB
[runlim] sample:		1899.41 time, 1900.42 real, 225 MB
[runlim] sample:		1909.41 time, 1910.42 real, 225 MB
[runlim] sample:		1919.41 time, 1920.42 real, 225 MB
[runlim] sample:		1929.41 time, 1930.42 real, 225 MB
[runlim] sample:		1939.41 time, 1940.42 real, 225 MB
[runlim] sample:		1949.41 time, 1950.42 real, 225 MB
[runlim] sample:		1959.41 time, 1960.42 real, 225 MB
[runlim] sample:		1969.41 time, 1970.42 real, 225 MB
[runlim] sample:		1979.41 time, 1980.42 real, 225 MB
[runlim] sample:		1989.41 time, 1990.42 real, 225 MB
[runlim] sample:		1999.41 time, 2000.42 real, 225 MB
[runlim] sample:		2009.41 time, 2010.42 real, 225 MB
[runlim] sample:		2019.41 time, 2020.42 real, 225 MB
[runlim] sample:		2029.41 time, 2030.42 real, 225 MB
[runlim] sample:		2039.41 time, 2040.42 real, 225 MB
[runlim] sample:		2049.41 time, 2050.42 real, 225 MB
[runlim] sample:		2059.41 time, 2060.42 real, 225 MB
[runlim] sample:		2069.41 time, 2070.42 real, 225 MB
[runlim] sample:		2079.41 time, 2080.42 real, 225 MB
[runlim] sample:		2089.41 time, 2090.42 real, 225 MB
[runlim] sample:		2099.41 time, 2100.42 real, 225 MB
[runlim] sample:		2109.41 time, 2110.42 real, 225 MB
[runlim] sample:		2119.41 time, 2120.42 real, 225 MB
[runlim] sample:		2129.41 time, 2130.42 real, 225 MB
[runlim] sample:		2139.41 time, 2140.42 real, 225 MB
[runlim] sample:		2149.41 time, 2150.42 real, 225 MB
[runlim] sample:		2159.41 time, 2160.42 real, 225 MB
[runlim] sample:		2169.41 time, 2170.42 real, 225 MB
[runlim] sample:		2179.41 time, 2180.42 real, 225 MB
[runlim] sample:		2189.41 time, 2190.42 real, 225 MB
[runlim] sample:		2199.41 time, 2200.42 real, 225 MB
[runlim] sample:		2209.41 time, 2210.42 real, 225 MB
[runlim] sample:		2219.41 time, 2220.42 real, 225 MB
[runlim] sample:		2229.41 time, 2230.42 real, 226 MB
[runlim] sample:		2239.41 time, 2240.42 real, 226 MB
[runlim] sample:		2249.41 time, 2250.42 real, 227 MB
[runlim] sample:		2259.41 time, 2260.42 real, 228 MB
[runlim] sample:		2269.42 time, 2270.42 real, 228 MB
[runlim] sample:		2279.42 time, 2280.42 real, 229 MB
[runlim] sample:		2289.42 time, 2290.42 real, 230 MB
[runlim] sample:		2299.41 time, 2300.42 real, 249 MB
[runlim] sample:		2309.41 time, 2310.42 real, 249 MB
[runlim] sample:		2319.41 time, 2320.42 real, 249 MB
[runlim] sample:		2329.41 time, 2330.42 real, 249 MB
[runlim] sample:		2339.41 time, 2340.42 real, 249 MB
[runlim] sample:		2349.42 time, 2350.42 real, 249 MB
[runlim] sample:		2359.42 time, 2360.42 real, 249 MB
[runlim] sample:		2369.42 time, 2370.42 real, 249 MB
[runlim] sample:		2379.42 time, 2380.42 real, 249 MB
[runlim] sample:		2389.42 time, 2390.42 real, 249 MB
[runlim] sample:		2399.42 time, 2400.42 real, 249 MB
[runlim] sample:		2409.42 time, 2410.42 real, 249 MB
[runlim] sample:		2419.42 time, 2420.42 real, 249 MB
[runlim] sample:		2429.42 time, 2430.42 real, 249 MB
[runlim] sample:		2439.42 time, 2440.42 real, 249 MB
[runlim] sample:		2449.42 time, 2450.42 real, 249 MB
[runlim] sample:		2459.42 time, 2460.42 real, 249 MB
[runlim] sample:		2469.42 time, 2470.42 real, 249 MB
[runlim] sample:		2479.42 time, 2480.42 real, 249 MB
[runlim] sample:		2489.42 time, 2490.42 real, 249 MB
[runlim] sample:		2499.42 time, 2500.42 real, 249 MB
[runlim] sample:		2509.42 time, 2510.42 real, 249 MB
[runlim] sample:		2519.42 time, 2520.42 real, 249 MB
[runlim] sample:		2529.42 time, 2530.42 real, 249 MB
[runlim] sample:		2539.42 time, 2540.42 real, 249 MB
[runlim] sample:		2549.42 time, 2550.42 real, 249 MB
[runlim] sample:		2559.42 time, 2560.42 real, 249 MB
[runlim] sample:		2569.42 time, 2570.42 real, 249 MB
[runlim] sample:		2579.42 time, 2580.42 real, 249 MB
[runlim] sample:		2589.42 time, 2590.42 real, 249 MB
[runlim] sample:		2599.42 time, 2600.42 real, 249 MB
[runlim] sample:		2609.42 time, 2610.42 real, 250 MB
[runlim] sample:		2619.42 time, 2620.42 real, 251 MB
[runlim] sample:		2629.42 time, 2630.42 real, 252 MB
[runlim] sample:		2639.42 time, 2640.42 real, 254 MB
[runlim] sample:		2649.42 time, 2650.42 real, 255 MB
[runlim] sample:		2659.42 time, 2660.42 real, 256 MB
[runlim] sample:		2669.41 time, 2670.42 real, 257 MB
[runlim] sample:		2679.42 time, 2680.42 real, 258 MB
[runlim] sample:		2689.42 time, 2690.42 real, 259 MB
[runlim] end:			Sat Feb 29 07:57:52 2020
[runlim] status:		out of time
[runlim] result:		2
[runlim] children:		1
[runlim] real:			2700.11 seconds
[runlim] time:			2699.02 seconds
[runlim] space:			260 MB
[runlim] samples:		26996
