[runlim] version:		1.18
[runlim] host:			c3n10
[runlim] time limit:		2700 seconds
[runlim] real time limit:	2700 seconds
[runlim] space limit:		7000 MB
[runlim] argv[0]:		./binary
[runlim] argv[1]:		/data/cnf/ankit/E1-A1-instances/driverlog01_7.qdimacs
[runlim] start:			Sat Feb 29 07:12:52 2020
[runlim] child:			20649
[runlim] sample:		9.94 time, 10.12 real, 70 MB
[runlim] sample:		19.94 time, 20.12 real, 74 MB
[runlim] sample:		29.94 time, 30.12 real, 89 MB
[runlim] sample:		39.94 time, 40.12 real, 89 MB
[runlim] sample:		49.94 time, 50.12 real, 89 MB
[runlim] sample:		59.94 time, 60.12 real, 89 MB
[runlim] sample:		69.94 time, 70.12 real, 89 MB
[runlim] sample:		79.94 time, 80.12 real, 90 MB
[runlim] sample:		89.95 time, 90.12 real, 98 MB
[runlim] sample:		99.94 time, 100.12 real, 102 MB
[runlim] sample:		109.93 time, 110.12 real, 103 MB
[runlim] sample:		119.94 time, 120.12 real, 109 MB
[runlim] sample:		129.94 time, 130.12 real, 115 MB
[runlim] sample:		139.94 time, 140.12 real, 117 MB
[runlim] sample:		149.94 time, 150.12 real, 119 MB
[runlim] sample:		159.94 time, 160.12 real, 120 MB
[runlim] sample:		169.94 time, 170.12 real, 125 MB
[runlim] sample:		179.94 time, 180.12 real, 125 MB
[runlim] sample:		189.94 time, 190.12 real, 125 MB
[runlim] sample:		199.94 time, 200.12 real, 125 MB
[runlim] sample:		209.94 time, 210.12 real, 125 MB
[runlim] sample:		219.94 time, 220.12 real, 125 MB
[runlim] sample:		229.94 time, 230.12 real, 125 MB
[runlim] sample:		239.94 time, 240.12 real, 125 MB
[runlim] sample:		249.94 time, 250.12 real, 125 MB
[runlim] sample:		259.94 time, 260.12 real, 125 MB
[runlim] sample:		269.94 time, 270.12 real, 125 MB
[runlim] sample:		279.94 time, 280.12 real, 125 MB
[runlim] sample:		289.94 time, 290.12 real, 125 MB
[runlim] sample:		299.94 time, 300.12 real, 127 MB
[runlim] sample:		309.94 time, 310.12 real, 127 MB
[runlim] sample:		319.94 time, 320.12 real, 127 MB
[runlim] sample:		329.94 time, 330.12 real, 127 MB
[runlim] sample:		339.94 time, 340.12 real, 127 MB
[runlim] sample:		350.16 time, 350.34 real, 127 MB
[runlim] sample:		360.04 time, 360.22 real, 127 MB
[runlim] sample:		370.04 time, 370.22 real, 127 MB
[runlim] sample:		380.04 time, 380.22 real, 127 MB
[runlim] sample:		390.04 time, 390.22 real, 127 MB
[runlim] sample:		400.04 time, 400.22 real, 127 MB
[runlim] sample:		410.04 time, 410.22 real, 128 MB
[runlim] sample:		420.04 time, 420.22 real, 128 MB
[runlim] sample:		430.04 time, 430.22 real, 128 MB
[runlim] sample:		440.04 time, 440.22 real, 128 MB
[runlim] sample:		450.14 time, 450.32 real, 128 MB
[runlim] sample:		460.14 time, 460.32 real, 128 MB
[runlim] sample:		470.14 time, 470.32 real, 128 MB
[runlim] sample:		480.14 time, 480.32 real, 129 MB
[runlim] sample:		490.14 time, 490.32 real, 129 MB
[runlim] sample:		500.14 time, 500.32 real, 129 MB
[runlim] sample:		510.14 time, 510.32 real, 129 MB
[runlim] sample:		520.14 time, 520.32 real, 129 MB
[runlim] sample:		530.14 time, 530.32 real, 129 MB
[runlim] sample:		540.14 time, 540.32 real, 129 MB
[runlim] sample:		550.14 time, 550.32 real, 129 MB
[runlim] sample:		560.14 time, 560.32 real, 130 MB
[runlim] sample:		570.15 time, 570.32 real, 132 MB
[runlim] sample:		580.14 time, 580.32 real, 133 MB
[runlim] sample:		590.14 time, 590.32 real, 150 MB
[runlim] sample:		600.14 time, 600.32 real, 152 MB
[runlim] sample:		610.14 time, 610.32 real, 152 MB
[runlim] sample:		620.14 time, 620.32 real, 152 MB
[runlim] sample:		630.14 time, 630.32 real, 152 MB
[runlim] sample:		640.14 time, 640.32 real, 152 MB
[runlim] sample:		650.14 time, 650.32 real, 154 MB
[runlim] sample:		660.14 time, 660.32 real, 155 MB
[runlim] sample:		670.14 time, 670.32 real, 155 MB
[runlim] sample:		680.14 time, 680.32 real, 155 MB
[runlim] sample:		690.14 time, 690.32 real, 155 MB
[runlim] sample:		700.14 time, 700.32 real, 155 MB
[runlim] sample:		710.14 time, 710.32 real, 155 MB
[runlim] sample:		720.14 time, 720.32 real, 155 MB
[runlim] sample:		730.14 time, 730.32 real, 155 MB
[runlim] sample:		740.14 time, 740.32 real, 155 MB
[runlim] sample:		750.14 time, 750.32 real, 157 MB
[runlim] sample:		760.14 time, 760.32 real, 157 MB
[runlim] sample:		770.14 time, 770.32 real, 157 MB
[runlim] sample:		780.14 time, 780.32 real, 157 MB
[runlim] sample:		790.14 time, 790.32 real, 157 MB
[runlim] sample:		800.14 time, 800.32 real, 157 MB
[runlim] sample:		810.14 time, 810.32 real, 157 MB
[runlim] sample:		820.14 time, 820.32 real, 157 MB
[runlim] sample:		830.14 time, 830.32 real, 157 MB
[runlim] sample:		840.14 time, 840.32 real, 157 MB
[runlim] sample:		850.14 time, 850.32 real, 157 MB
[runlim] sample:		860.14 time, 860.32 real, 157 MB
[runlim] sample:		870.14 time, 870.32 real, 157 MB
[runlim] sample:		880.14 time, 880.32 real, 157 MB
[runlim] sample:		890.14 time, 890.32 real, 157 MB
[runlim] sample:		900.14 time, 900.32 real, 157 MB
[runlim] sample:		910.14 time, 910.32 real, 159 MB
[runlim] sample:		920.14 time, 920.32 real, 160 MB
[runlim] sample:		930.14 time, 930.32 real, 162 MB
[runlim] sample:		940.14 time, 940.32 real, 163 MB
[runlim] sample:		950.14 time, 950.32 real, 165 MB
[runlim] sample:		960.14 time, 960.32 real, 176 MB
[runlim] sample:		970.14 time, 970.32 real, 176 MB
[runlim] sample:		980.14 time, 980.32 real, 176 MB
[runlim] sample:		990.14 time, 990.32 real, 176 MB
[runlim] sample:		1000.14 time, 1000.32 real, 176 MB
[runlim] sample:		1010.14 time, 1010.32 real, 176 MB
[runlim] sample:		1020.14 time, 1020.32 real, 176 MB
[runlim] sample:		1030.14 time, 1030.32 real, 176 MB
[runlim] sample:		1040.14 time, 1040.32 real, 177 MB
[runlim] sample:		1050.14 time, 1050.32 real, 180 MB
[runlim] sample:		1060.14 time, 1060.32 real, 182 MB
[runlim] sample:		1070.14 time, 1070.32 real, 184 MB
[runlim] sample:		1080.14 time, 1080.32 real, 188 MB
[runlim] sample:		1090.14 time, 1090.32 real, 190 MB
[runlim] sample:		1100.14 time, 1100.32 real, 204 MB
[runlim] sample:		1110.14 time, 1110.32 real, 204 MB
[runlim] sample:		1120.14 time, 1120.32 real, 204 MB
[runlim] sample:		1130.14 time, 1130.32 real, 204 MB
[runlim] sample:		1140.14 time, 1140.32 real, 204 MB
[runlim] sample:		1150.14 time, 1150.32 real, 204 MB
[runlim] sample:		1160.14 time, 1160.32 real, 204 MB
[runlim] sample:		1170.14 time, 1170.32 real, 204 MB
[runlim] sample:		1180.14 time, 1180.32 real, 204 MB
[runlim] sample:		1190.14 time, 1190.32 real, 204 MB
[runlim] sample:		1200.14 time, 1200.32 real, 204 MB
[runlim] sample:		1210.14 time, 1210.32 real, 204 MB
[runlim] sample:		1220.14 time, 1220.32 real, 204 MB
[runlim] sample:		1230.14 time, 1230.32 real, 204 MB
[runlim] sample:		1240.14 time, 1240.32 real, 204 MB
[runlim] sample:		1250.14 time, 1250.32 real, 204 MB
[runlim] sample:		1260.14 time, 1260.32 real, 206 MB
[runlim] sample:		1270.14 time, 1270.32 real, 207 MB
[runlim] sample:		1280.14 time, 1280.32 real, 209 MB
[runlim] sample:		1290.14 time, 1290.32 real, 211 MB
[runlim] sample:		1300.14 time, 1300.32 real, 212 MB
[runlim] sample:		1310.14 time, 1310.32 real, 218 MB
[runlim] sample:		1320.14 time, 1320.32 real, 218 MB
[runlim] sample:		1330.14 time, 1330.32 real, 218 MB
[runlim] sample:		1340.14 time, 1340.32 real, 218 MB
[runlim] sample:		1350.14 time, 1350.32 real, 218 MB
[runlim] sample:		1360.14 time, 1360.32 real, 218 MB
[runlim] sample:		1370.14 time, 1370.32 real, 218 MB
[runlim] sample:		1380.14 time, 1380.32 real, 218 MB
[runlim] sample:		1390.14 time, 1390.32 real, 218 MB
[runlim] sample:		1400.14 time, 1400.32 real, 218 MB
[runlim] sample:		1410.14 time, 1410.32 real, 218 MB
[runlim] sample:		1420.14 time, 1420.32 real, 218 MB
[runlim] sample:		1430.14 time, 1430.32 real, 218 MB
[runlim] sample:		1440.14 time, 1440.32 real, 218 MB
[runlim] sample:		1450.14 time, 1450.32 real, 218 MB
[runlim] sample:		1460.14 time, 1460.32 real, 218 MB
[runlim] sample:		1470.14 time, 1470.32 real, 218 MB
[runlim] sample:		1480.14 time, 1480.32 real, 218 MB
[runlim] sample:		1490.14 time, 1490.32 real, 218 MB
[runlim] sample:		1500.14 time, 1500.32 real, 218 MB
[runlim] sample:		1510.14 time, 1510.32 real, 218 MB
[runlim] sample:		1520.14 time, 1520.32 real, 218 MB
[runlim] sample:		1530.14 time, 1530.32 real, 218 MB
[runlim] sample:		1540.14 time, 1540.32 real, 218 MB
[runlim] sample:		1550.14 time, 1550.32 real, 218 MB
[runlim] sample:		1560.14 time, 1560.32 real, 218 MB
[runlim] sample:		1570.14 time, 1570.32 real, 218 MB
[runlim] sample:		1580.14 time, 1580.32 real, 218 MB
[runlim] sample:		1590.14 time, 1590.32 real, 218 MB
[runlim] sample:		1600.14 time, 1600.32 real, 218 MB
[runlim] sample:		1610.14 time, 1610.32 real, 218 MB
[runlim] sample:		1620.14 time, 1620.32 real, 218 MB
[runlim] sample:		1630.14 time, 1630.32 real, 218 MB
[runlim] sample:		1640.14 time, 1640.32 real, 218 MB
[runlim] sample:		1650.14 time, 1650.32 real, 218 MB
[runlim] sample:		1660.14 time, 1660.32 real, 218 MB
[runlim] sample:		1670.14 time, 1670.32 real, 218 MB
[runlim] sample:		1680.14 time, 1680.32 real, 218 MB
[runlim] sample:		1690.14 time, 1690.32 real, 218 MB
[runlim] sample:		1700.14 time, 1700.32 real, 218 MB
[runlim] sample:		1710.14 time, 1710.32 real, 218 MB
[runlim] sample:		1720.14 time, 1720.32 real, 218 MB
[runlim] sample:		1730.14 time, 1730.32 real, 218 MB
[runlim] sample:		1740.14 time, 1740.32 real, 218 MB
[runlim] sample:		1750.14 time, 1750.32 real, 218 MB
[runlim] sample:		1760.14 time, 1760.32 real, 218 MB
[runlim] sample:		1770.14 time, 1770.32 real, 218 MB
[runlim] sample:		1780.14 time, 1780.32 real, 218 MB
[runlim] sample:		1790.14 time, 1790.32 real, 218 MB
[runlim] sample:		1800.14 time, 1800.32 real, 218 MB
[runlim] sample:		1810.14 time, 1810.32 real, 218 MB
[runlim] sample:		1820.14 time, 1820.32 real, 218 MB
[runlim] sample:		1830.14 time, 1830.32 real, 218 MB
[runlim] sample:		1840.14 time, 1840.32 real, 218 MB
[runlim] sample:		1850.14 time, 1850.32 real, 218 MB
[runlim] sample:		1860.14 time, 1860.32 real, 218 MB
[runlim] sample:		1870.14 time, 1870.32 real, 218 MB
[runlim] sample:		1880.14 time, 1880.32 real, 219 MB
[runlim] sample:		1890.14 time, 1890.32 real, 220 MB
[runlim] sample:		1900.14 time, 1900.32 real, 221 MB
[runlim] sample:		1910.14 time, 1910.32 real, 222 MB
[runlim] sample:		1920.14 time, 1920.32 real, 222 MB
[runlim] sample:		1930.14 time, 1930.32 real, 223 MB
[runlim] sample:		1940.14 time, 1940.32 real, 224 MB
[runlim] sample:		1950.14 time, 1950.32 real, 225 MB
[runlim] sample:		1960.14 time, 1960.32 real, 225 MB
[runlim] sample:		1970.14 time, 1970.32 real, 226 MB
[runlim] sample:		1980.13 time, 1980.32 real, 227 MB
[runlim] sample:		1990.13 time, 1990.32 real, 228 MB
[runlim] sample:		2000.13 time, 2000.32 real, 228 MB
[runlim] sample:		2010.13 time, 2010.32 real, 229 MB
[runlim] sample:		2020.13 time, 2020.32 real, 230 MB
[runlim] sample:		2030.13 time, 2030.32 real, 231 MB
[runlim] sample:		2040.14 time, 2040.32 real, 231 MB
[runlim] sample:		2050.14 time, 2050.32 real, 232 MB
[runlim] sample:		2060.14 time, 2060.32 real, 233 MB
[runlim] sample:		2070.14 time, 2070.32 real, 234 MB
[runlim] sample:		2080.14 time, 2080.32 real, 234 MB
[runlim] sample:		2090.14 time, 2090.32 real, 235 MB
[runlim] sample:		2100.14 time, 2100.32 real, 236 MB
[runlim] sample:		2110.14 time, 2110.32 real, 236 MB
[runlim] sample:		2120.14 time, 2120.32 real, 237 MB
[runlim] sample:		2130.13 time, 2130.32 real, 259 MB
[runlim] sample:		2140.13 time, 2140.32 real, 259 MB
[runlim] sample:		2150.13 time, 2150.32 real, 259 MB
[runlim] sample:		2160.13 time, 2160.32 real, 259 MB
[runlim] sample:		2170.13 time, 2170.32 real, 259 MB
[runlim] sample:		2180.13 time, 2180.32 real, 259 MB
[runlim] sample:		2190.13 time, 2190.32 real, 259 MB
[runlim] sample:		2200.13 time, 2200.32 real, 259 MB
[runlim] sample:		2210.13 time, 2210.32 real, 259 MB
[runlim] sample:		2220.13 time, 2220.32 real, 259 MB
[runlim] sample:		2230.13 time, 2230.32 real, 259 MB
[runlim] sample:		2240.13 time, 2240.32 real, 259 MB
[runlim] sample:		2250.13 time, 2250.32 real, 259 MB
[runlim] sample:		2260.14 time, 2260.32 real, 259 MB
[runlim] sample:		2270.14 time, 2270.32 real, 259 MB
[runlim] sample:		2280.14 time, 2280.32 real, 259 MB
[runlim] sample:		2290.14 time, 2290.32 real, 259 MB
[runlim] sample:		2300.14 time, 2300.32 real, 259 MB
[runlim] sample:		2310.14 time, 2310.32 real, 259 MB
[runlim] sample:		2320.14 time, 2320.32 real, 259 MB
[runlim] sample:		2330.14 time, 2330.32 real, 259 MB
[runlim] sample:		2340.14 time, 2340.32 real, 259 MB
[runlim] sample:		2350.14 time, 2350.32 real, 259 MB
[runlim] sample:		2360.14 time, 2360.32 real, 259 MB
[runlim] sample:		2370.14 time, 2370.32 real, 259 MB
[runlim] sample:		2380.14 time, 2380.32 real, 259 MB
[runlim] sample:		2390.14 time, 2390.32 real, 259 MB
[runlim] sample:		2400.14 time, 2400.32 real, 259 MB
[runlim] sample:		2410.14 time, 2410.32 real, 259 MB
[runlim] sample:		2420.14 time, 2420.32 real, 259 MB
[runlim] sample:		2430.14 time, 2430.32 real, 260 MB
[runlim] sample:		2440.14 time, 2440.32 real, 261 MB
[runlim] sample:		2450.14 time, 2450.32 real, 263 MB
[runlim] sample:		2460.14 time, 2460.32 real, 264 MB
[runlim] sample:		2470.14 time, 2470.32 real, 265 MB
[runlim] sample:		2480.13 time, 2480.32 real, 280 MB
[runlim] sample:		2490.13 time, 2490.32 real, 280 MB
[runlim] sample:		2500.13 time, 2500.32 real, 280 MB
[runlim] sample:		2510.13 time, 2510.32 real, 280 MB
[runlim] sample:		2520.13 time, 2520.32 real, 280 MB
[runlim] sample:		2530.13 time, 2530.32 real, 280 MB
[runlim] sample:		2540.13 time, 2540.32 real, 280 MB
[runlim] sample:		2550.13 time, 2550.32 real, 280 MB
[runlim] sample:		2560.13 time, 2560.32 real, 280 MB
[runlim] sample:		2570.13 time, 2570.32 real, 280 MB
[runlim] sample:		2580.13 time, 2580.32 real, 280 MB
[runlim] sample:		2590.13 time, 2590.32 real, 280 MB
[runlim] sample:		2600.13 time, 2600.32 real, 280 MB
[runlim] sample:		2610.13 time, 2610.32 real, 280 MB
[runlim] sample:		2620.13 time, 2620.32 real, 280 MB
[runlim] sample:		2630.13 time, 2630.32 real, 280 MB
[runlim] sample:		2640.13 time, 2640.32 real, 280 MB
[runlim] sample:		2650.13 time, 2650.32 real, 280 MB
[runlim] sample:		2660.13 time, 2660.32 real, 280 MB
[runlim] sample:		2670.13 time, 2670.32 real, 280 MB
[runlim] sample:		2680.13 time, 2680.32 real, 280 MB
[runlim] sample:		2690.13 time, 2690.32 real, 280 MB
[runlim] end:			Sat Feb 29 07:57:52 2020
[runlim] status:		out of time
[runlim] result:		2
[runlim] children:		1
[runlim] real:			2700.12 seconds
[runlim] time:			2699.83 seconds
[runlim] space:			280 MB
[runlim] samples:		26997
