[runlim] version:		1.18
[runlim] host:			c3n12
[runlim] time limit:		2700 seconds
[runlim] real time limit:	2700 seconds
[runlim] space limit:		7000 MB
[runlim] argv[0]:		./binary
[runlim] argv[1]:		/data/cnf/ankit/E1-A1-instances/driverlog07_7.qdimacs
[runlim] start:			Sat Feb 29 07:12:52 2020
[runlim] child:			18229
[runlim] sample:		9.41 time, 10.12 real, 52 MB
[runlim] sample:		19.41 time, 20.12 real, 72 MB
[runlim] sample:		29.41 time, 30.12 real, 98 MB
[runlim] sample:		39.41 time, 40.12 real, 106 MB
[runlim] sample:		49.41 time, 50.12 real, 111 MB
[runlim] sample:		59.41 time, 60.12 real, 115 MB
[runlim] sample:		69.40 time, 70.12 real, 132 MB
[runlim] sample:		79.41 time, 80.12 real, 135 MB
[runlim] sample:		89.41 time, 90.12 real, 141 MB
[runlim] sample:		99.40 time, 100.12 real, 152 MB
[runlim] sample:		109.40 time, 110.12 real, 153 MB
[runlim] sample:		119.41 time, 120.12 real, 159 MB
[runlim] sample:		129.40 time, 130.12 real, 164 MB
[runlim] sample:		139.40 time, 140.12 real, 164 MB
[runlim] sample:		149.40 time, 150.12 real, 164 MB
[runlim] sample:		159.40 time, 160.12 real, 164 MB
[runlim] sample:		169.40 time, 170.12 real, 164 MB
[runlim] sample:		179.41 time, 180.12 real, 164 MB
[runlim] sample:		189.41 time, 190.12 real, 164 MB
[runlim] sample:		199.41 time, 200.12 real, 164 MB
[runlim] sample:		209.40 time, 210.12 real, 164 MB
[runlim] sample:		219.41 time, 220.12 real, 164 MB
[runlim] sample:		229.41 time, 230.12 real, 164 MB
[runlim] sample:		239.41 time, 240.12 real, 164 MB
[runlim] sample:		249.41 time, 250.12 real, 165 MB
[runlim] sample:		259.41 time, 260.12 real, 167 MB
[runlim] sample:		269.41 time, 270.12 real, 169 MB
[runlim] sample:		279.41 time, 280.12 real, 171 MB
[runlim] sample:		289.40 time, 290.12 real, 173 MB
[runlim] sample:		299.40 time, 300.12 real, 175 MB
[runlim] sample:		309.40 time, 310.12 real, 176 MB
[runlim] sample:		319.41 time, 320.12 real, 178 MB
[runlim] sample:		329.41 time, 330.12 real, 179 MB
[runlim] sample:		339.41 time, 340.12 real, 183 MB
[runlim] sample:		349.41 time, 350.12 real, 184 MB
[runlim] sample:		359.50 time, 360.22 real, 211 MB
[runlim] sample:		369.50 time, 370.22 real, 211 MB
[runlim] sample:		379.50 time, 380.22 real, 211 MB
[runlim] sample:		389.50 time, 390.22 real, 211 MB
[runlim] sample:		399.50 time, 400.22 real, 211 MB
[runlim] sample:		409.50 time, 410.22 real, 212 MB
[runlim] sample:		419.50 time, 420.22 real, 215 MB
[runlim] sample:		429.51 time, 430.22 real, 217 MB
[runlim] sample:		439.50 time, 440.22 real, 220 MB
[runlim] sample:		449.71 time, 450.42 real, 222 MB
[runlim] sample:		459.70 time, 460.42 real, 224 MB
[runlim] sample:		469.71 time, 470.42 real, 226 MB
[runlim] sample:		479.71 time, 480.42 real, 229 MB
[runlim] sample:		489.70 time, 490.42 real, 231 MB
[runlim] sample:		499.70 time, 500.42 real, 233 MB
[runlim] sample:		509.70 time, 510.42 real, 234 MB
[runlim] sample:		519.70 time, 520.42 real, 237 MB
[runlim] sample:		529.70 time, 530.42 real, 262 MB
[runlim] sample:		539.70 time, 540.42 real, 262 MB
[runlim] sample:		549.70 time, 550.42 real, 262 MB
[runlim] sample:		559.70 time, 560.42 real, 262 MB
[runlim] sample:		569.70 time, 570.42 real, 262 MB
[runlim] sample:		579.70 time, 580.42 real, 262 MB
[runlim] sample:		589.70 time, 590.42 real, 262 MB
[runlim] sample:		599.70 time, 600.42 real, 262 MB
[runlim] sample:		609.70 time, 610.42 real, 262 MB
[runlim] sample:		619.70 time, 620.42 real, 262 MB
[runlim] sample:		629.70 time, 630.42 real, 262 MB
[runlim] sample:		639.70 time, 640.42 real, 262 MB
[runlim] sample:		649.70 time, 650.42 real, 262 MB
[runlim] sample:		659.70 time, 660.42 real, 264 MB
[runlim] sample:		669.70 time, 670.42 real, 266 MB
[runlim] sample:		679.70 time, 680.42 real, 268 MB
[runlim] sample:		689.71 time, 690.42 real, 270 MB
[runlim] sample:		699.71 time, 700.42 real, 272 MB
[runlim] sample:		709.71 time, 710.42 real, 274 MB
[runlim] sample:		719.70 time, 720.42 real, 276 MB
[runlim] sample:		729.70 time, 730.42 real, 277 MB
[runlim] sample:		739.70 time, 740.42 real, 279 MB
[runlim] sample:		749.70 time, 750.42 real, 281 MB
[runlim] sample:		759.70 time, 760.42 real, 283 MB
[runlim] sample:		769.71 time, 770.42 real, 284 MB
[runlim] sample:		779.71 time, 780.42 real, 286 MB
[runlim] sample:		789.70 time, 790.42 real, 287 MB
[runlim] sample:		799.71 time, 800.42 real, 289 MB
[runlim] sample:		809.70 time, 810.42 real, 291 MB
[runlim] sample:		819.71 time, 820.42 real, 292 MB
[runlim] sample:		829.71 time, 830.42 real, 293 MB
[runlim] sample:		839.70 time, 840.42 real, 295 MB
[runlim] sample:		849.71 time, 850.42 real, 325 MB
[runlim] sample:		859.71 time, 860.42 real, 325 MB
[runlim] sample:		869.71 time, 870.42 real, 325 MB
[runlim] sample:		879.71 time, 880.42 real, 325 MB
[runlim] sample:		889.71 time, 890.42 real, 325 MB
[runlim] sample:		899.71 time, 900.42 real, 325 MB
[runlim] sample:		909.71 time, 910.42 real, 325 MB
[runlim] sample:		919.71 time, 920.42 real, 325 MB
[runlim] sample:		929.71 time, 930.42 real, 325 MB
[runlim] sample:		939.71 time, 940.42 real, 325 MB
[runlim] sample:		949.71 time, 950.42 real, 325 MB
[runlim] sample:		959.71 time, 960.42 real, 325 MB
[runlim] sample:		969.71 time, 970.42 real, 325 MB
[runlim] sample:		979.71 time, 980.42 real, 325 MB
[runlim] sample:		989.71 time, 990.42 real, 325 MB
[runlim] sample:		999.71 time, 1000.42 real, 325 MB
[runlim] sample:		1009.71 time, 1010.42 real, 325 MB
[runlim] sample:		1019.71 time, 1020.42 real, 325 MB
[runlim] sample:		1029.71 time, 1030.42 real, 325 MB
[runlim] sample:		1039.71 time, 1040.42 real, 325 MB
[runlim] sample:		1049.71 time, 1050.42 real, 325 MB
[runlim] sample:		1059.71 time, 1060.42 real, 325 MB
[runlim] sample:		1069.71 time, 1070.42 real, 325 MB
[runlim] sample:		1079.71 time, 1080.42 real, 325 MB
[runlim] sample:		1089.71 time, 1090.42 real, 325 MB
[runlim] sample:		1099.70 time, 1100.42 real, 325 MB
[runlim] sample:		1109.70 time, 1110.42 real, 325 MB
[runlim] sample:		1119.70 time, 1120.42 real, 326 MB
[runlim] sample:		1129.70 time, 1130.42 real, 327 MB
[runlim] sample:		1139.70 time, 1140.42 real, 328 MB
[runlim] sample:		1149.71 time, 1150.42 real, 330 MB
[runlim] sample:		1159.71 time, 1160.42 real, 331 MB
[runlim] sample:		1169.71 time, 1170.42 real, 332 MB
[runlim] sample:		1179.71 time, 1180.42 real, 334 MB
[runlim] sample:		1189.71 time, 1190.42 real, 335 MB
[runlim] sample:		1199.71 time, 1200.42 real, 336 MB
[runlim] sample:		1209.70 time, 1210.42 real, 338 MB
[runlim] sample:		1219.70 time, 1220.42 real, 339 MB
[runlim] sample:		1229.71 time, 1230.42 real, 340 MB
[runlim] sample:		1239.71 time, 1240.42 real, 342 MB
[runlim] sample:		1249.70 time, 1250.42 real, 344 MB
[runlim] sample:		1259.71 time, 1260.42 real, 381 MB
[runlim] sample:		1269.70 time, 1270.42 real, 381 MB
[runlim] sample:		1279.71 time, 1280.42 real, 381 MB
[runlim] sample:		1289.70 time, 1290.42 real, 381 MB
[runlim] sample:		1299.71 time, 1300.42 real, 381 MB
[runlim] sample:		1309.71 time, 1310.42 real, 381 MB
[runlim] sample:		1319.71 time, 1320.42 real, 381 MB
[runlim] sample:		1329.71 time, 1330.42 real, 381 MB
[runlim] sample:		1339.71 time, 1340.42 real, 381 MB
[runlim] sample:		1349.71 time, 1350.42 real, 381 MB
[runlim] sample:		1359.71 time, 1360.42 real, 381 MB
[runlim] sample:		1369.71 time, 1370.42 real, 381 MB
[runlim] sample:		1379.71 time, 1380.42 real, 381 MB
[runlim] sample:		1389.71 time, 1390.42 real, 381 MB
[runlim] sample:		1399.71 time, 1400.42 real, 381 MB
[runlim] sample:		1409.71 time, 1410.42 real, 381 MB
[runlim] sample:		1419.71 time, 1420.42 real, 381 MB
[runlim] sample:		1429.71 time, 1430.42 real, 381 MB
[runlim] sample:		1439.71 time, 1440.42 real, 381 MB
[runlim] sample:		1449.71 time, 1450.42 real, 381 MB
[runlim] sample:		1459.71 time, 1460.42 real, 381 MB
[runlim] sample:		1469.71 time, 1470.42 real, 381 MB
[runlim] sample:		1479.71 time, 1480.42 real, 381 MB
[runlim] sample:		1489.71 time, 1490.42 real, 381 MB
[runlim] sample:		1499.71 time, 1500.42 real, 381 MB
[runlim] sample:		1509.71 time, 1510.42 real, 381 MB
[runlim] sample:		1519.71 time, 1520.42 real, 381 MB
[runlim] sample:		1529.71 time, 1530.42 real, 381 MB
[runlim] sample:		1539.71 time, 1540.42 real, 381 MB
[runlim] sample:		1549.71 time, 1550.42 real, 381 MB
[runlim] sample:		1559.71 time, 1560.42 real, 381 MB
[runlim] sample:		1569.71 time, 1570.42 real, 381 MB
[runlim] sample:		1579.71 time, 1580.42 real, 382 MB
[runlim] sample:		1589.71 time, 1590.42 real, 383 MB
[runlim] sample:		1599.71 time, 1600.42 real, 385 MB
[runlim] sample:		1609.71 time, 1610.42 real, 386 MB
[runlim] sample:		1619.71 time, 1620.42 real, 387 MB
[runlim] sample:		1629.71 time, 1630.42 real, 389 MB
[runlim] sample:		1639.71 time, 1640.42 real, 390 MB
[runlim] sample:		1649.71 time, 1650.42 real, 391 MB
[runlim] sample:		1659.71 time, 1660.42 real, 392 MB
[runlim] sample:		1669.71 time, 1670.42 real, 394 MB
[runlim] sample:		1679.71 time, 1680.42 real, 395 MB
[runlim] sample:		1689.71 time, 1690.42 real, 396 MB
[runlim] sample:		1699.71 time, 1700.42 real, 398 MB
[runlim] sample:		1709.71 time, 1710.42 real, 399 MB
[runlim] sample:		1719.72 time, 1720.42 real, 401 MB
[runlim] sample:		1729.71 time, 1730.42 real, 402 MB
[runlim] sample:		1739.71 time, 1740.42 real, 403 MB
[runlim] sample:		1749.71 time, 1750.42 real, 404 MB
[runlim] sample:		1759.71 time, 1760.42 real, 405 MB
[runlim] sample:		1769.71 time, 1770.42 real, 406 MB
[runlim] sample:		1779.71 time, 1780.42 real, 407 MB
[runlim] sample:		1789.70 time, 1790.42 real, 409 MB
[runlim] sample:		1799.71 time, 1800.42 real, 410 MB
[runlim] sample:		1809.71 time, 1810.42 real, 411 MB
[runlim] sample:		1819.71 time, 1820.42 real, 412 MB
[runlim] sample:		1829.71 time, 1830.42 real, 413 MB
[runlim] sample:		1839.72 time, 1840.42 real, 414 MB
[runlim] sample:		1849.72 time, 1850.42 real, 415 MB
[runlim] sample:		1859.71 time, 1860.42 real, 416 MB
[runlim] sample:		1869.71 time, 1870.42 real, 417 MB
[runlim] sample:		1879.70 time, 1880.42 real, 418 MB
[runlim] sample:		1889.71 time, 1890.42 real, 419 MB
[runlim] sample:		1899.71 time, 1900.42 real, 420 MB
[runlim] sample:		1909.71 time, 1910.42 real, 421 MB
[runlim] sample:		1919.71 time, 1920.42 real, 422 MB
[runlim] sample:		1929.72 time, 1930.42 real, 423 MB
[runlim] sample:		1939.71 time, 1940.42 real, 424 MB
[runlim] sample:		1949.70 time, 1950.42 real, 425 MB
[runlim] sample:		1959.70 time, 1960.42 real, 426 MB
[runlim] sample:		1969.71 time, 1970.42 real, 427 MB
[runlim] sample:		1979.71 time, 1980.42 real, 428 MB
[runlim] sample:		1989.72 time, 1990.42 real, 429 MB
[runlim] sample:		1999.72 time, 2000.42 real, 430 MB
[runlim] sample:		2009.72 time, 2010.42 real, 431 MB
[runlim] sample:		2019.71 time, 2020.42 real, 432 MB
[runlim] sample:		2029.71 time, 2030.42 real, 433 MB
[runlim] sample:		2039.71 time, 2040.42 real, 434 MB
[runlim] sample:		2049.71 time, 2050.42 real, 434 MB
[runlim] sample:		2059.71 time, 2060.42 real, 435 MB
[runlim] sample:		2069.71 time, 2070.42 real, 436 MB
[runlim] sample:		2079.71 time, 2080.42 real, 437 MB
[runlim] sample:		2089.71 time, 2090.42 real, 438 MB
[runlim] sample:		2099.71 time, 2100.42 real, 439 MB
[runlim] sample:		2109.71 time, 2110.42 real, 440 MB
[runlim] sample:		2119.71 time, 2120.42 real, 441 MB
[runlim] sample:		2129.71 time, 2130.42 real, 442 MB
[runlim] sample:		2139.71 time, 2140.42 real, 446 MB
[runlim] sample:		2149.71 time, 2150.42 real, 487 MB
[runlim] sample:		2159.72 time, 2160.42 real, 487 MB
[runlim] sample:		2169.72 time, 2170.42 real, 487 MB
[runlim] sample:		2179.71 time, 2180.42 real, 487 MB
[runlim] sample:		2189.72 time, 2190.42 real, 487 MB
[runlim] sample:		2199.72 time, 2200.42 real, 487 MB
[runlim] sample:		2209.71 time, 2210.42 real, 487 MB
[runlim] sample:		2219.72 time, 2220.42 real, 487 MB
[runlim] sample:		2229.72 time, 2230.42 real, 487 MB
[runlim] sample:		2239.72 time, 2240.42 real, 487 MB
[runlim] sample:		2249.72 time, 2250.42 real, 487 MB
[runlim] sample:		2259.72 time, 2260.42 real, 487 MB
[runlim] sample:		2269.71 time, 2270.42 real, 487 MB
[runlim] sample:		2279.72 time, 2280.42 real, 487 MB
[runlim] sample:		2289.72 time, 2290.42 real, 487 MB
[runlim] sample:		2299.72 time, 2300.42 real, 487 MB
[runlim] sample:		2309.72 time, 2310.42 real, 487 MB
[runlim] sample:		2319.72 time, 2320.42 real, 487 MB
[runlim] sample:		2329.72 time, 2330.42 real, 487 MB
[runlim] sample:		2339.72 time, 2340.42 real, 487 MB
[runlim] sample:		2349.72 time, 2350.42 real, 487 MB
[runlim] sample:		2359.72 time, 2360.42 real, 487 MB
[runlim] sample:		2369.72 time, 2370.42 real, 487 MB
[runlim] sample:		2379.72 time, 2380.42 real, 487 MB
[runlim] sample:		2389.72 time, 2390.42 real, 487 MB
[runlim] sample:		2399.72 time, 2400.42 real, 487 MB
[runlim] sample:		2409.72 time, 2410.42 real, 487 MB
[runlim] sample:		2419.72 time, 2420.42 real, 487 MB
[runlim] sample:		2429.72 time, 2430.42 real, 487 MB
[runlim] sample:		2439.72 time, 2440.42 real, 487 MB
[runlim] sample:		2449.72 time, 2450.42 real, 487 MB
[runlim] sample:		2459.72 time, 2460.42 real, 487 MB
[runlim] sample:		2469.72 time, 2470.42 real, 487 MB
[runlim] sample:		2479.72 time, 2480.42 real, 487 MB
[runlim] sample:		2489.72 time, 2490.42 real, 487 MB
[runlim] sample:		2499.72 time, 2500.42 real, 487 MB
[runlim] sample:		2509.72 time, 2510.42 real, 487 MB
[runlim] sample:		2519.72 time, 2520.42 real, 487 MB
[runlim] sample:		2529.72 time, 2530.42 real, 487 MB
[runlim] sample:		2539.72 time, 2540.42 real, 487 MB
[runlim] sample:		2549.72 time, 2550.42 real, 487 MB
[runlim] sample:		2559.72 time, 2560.42 real, 487 MB
[runlim] sample:		2569.72 time, 2570.42 real, 487 MB
[runlim] sample:		2579.72 time, 2580.42 real, 487 MB
[runlim] sample:		2589.72 time, 2590.42 real, 487 MB
[runlim] sample:		2599.72 time, 2600.42 real, 487 MB
[runlim] sample:		2609.72 time, 2610.42 real, 487 MB
[runlim] sample:		2619.72 time, 2620.42 real, 487 MB
[runlim] sample:		2629.72 time, 2630.42 real, 487 MB
[runlim] sample:		2639.72 time, 2640.42 real, 487 MB
[runlim] sample:		2649.72 time, 2650.42 real, 487 MB
[runlim] sample:		2659.72 time, 2660.42 real, 487 MB
[runlim] sample:		2669.72 time, 2670.42 real, 487 MB
[runlim] sample:		2679.72 time, 2680.42 real, 487 MB
[runlim] sample:		2689.72 time, 2690.42 real, 487 MB
[runlim] end:			Sat Feb 29 07:57:52 2020
[runlim] status:		out of time
[runlim] result:		2
[runlim] children:		1
[runlim] real:			2700.10 seconds
[runlim] time:			2699.32 seconds
[runlim] space:			487 MB
[runlim] samples:		26996
