[runlim] version:		1.18
[runlim] host:			c3n14
[runlim] time limit:		2700 seconds
[runlim] real time limit:	2700 seconds
[runlim] space limit:		7000 MB
[runlim] argv[0]:		./binary
[runlim] argv[1]:		/data/cnf/ankit/E1-A1-instances/driverlog11_9.qdimacs
[runlim] start:			Sat Feb 29 07:12:54 2020
[runlim] child:			19406
[runlim] sample:		9.95 time, 10.02 real, 21 MB
[runlim] sample:		19.95 time, 20.02 real, 21 MB
[runlim] sample:		29.94 time, 30.02 real, 21 MB
[runlim] sample:		39.94 time, 40.02 real, 21 MB
[runlim] sample:		49.94 time, 50.02 real, 21 MB
[runlim] sample:		59.95 time, 60.02 real, 21 MB
[runlim] sample:		69.95 time, 70.02 real, 21 MB
[runlim] sample:		79.94 time, 80.02 real, 21 MB
[runlim] sample:		89.94 time, 90.02 real, 90 MB
[runlim] sample:		99.94 time, 100.02 real, 103 MB
[runlim] sample:		109.94 time, 110.02 real, 108 MB
[runlim] sample:		119.95 time, 120.02 real, 209 MB
[runlim] sample:		129.94 time, 130.02 real, 211 MB
[runlim] sample:		139.94 time, 140.02 real, 212 MB
[runlim] sample:		149.94 time, 150.02 real, 213 MB
[runlim] sample:		159.94 time, 160.02 real, 214 MB
[runlim] sample:		169.94 time, 170.02 real, 214 MB
[runlim] sample:		179.94 time, 180.02 real, 214 MB
[runlim] sample:		189.94 time, 190.02 real, 214 MB
[runlim] sample:		199.94 time, 200.02 real, 214 MB
[runlim] sample:		209.94 time, 210.02 real, 214 MB
[runlim] sample:		219.94 time, 220.02 real, 240 MB
[runlim] sample:		229.94 time, 230.02 real, 241 MB
[runlim] sample:		239.94 time, 240.02 real, 241 MB
[runlim] sample:		249.95 time, 250.02 real, 245 MB
[runlim] sample:		259.94 time, 260.02 real, 248 MB
[runlim] sample:		269.95 time, 270.02 real, 256 MB
[runlim] sample:		279.95 time, 280.02 real, 256 MB
[runlim] sample:		289.95 time, 290.02 real, 260 MB
[runlim] sample:		299.95 time, 300.02 real, 274 MB
[runlim] sample:		309.94 time, 310.02 real, 269 MB
[runlim] sample:		319.95 time, 320.02 real, 269 MB
[runlim] sample:		329.95 time, 330.02 real, 269 MB
[runlim] sample:		339.95 time, 340.02 real, 270 MB
[runlim] sample:		350.05 time, 350.12 real, 273 MB
[runlim] sample:		360.05 time, 360.12 real, 307 MB
[runlim] sample:		370.05 time, 370.12 real, 307 MB
[runlim] sample:		380.04 time, 380.12 real, 323 MB
[runlim] sample:		390.05 time, 390.12 real, 323 MB
[runlim] sample:		400.05 time, 400.12 real, 326 MB
[runlim] sample:		410.05 time, 410.12 real, 331 MB
[runlim] sample:		420.04 time, 420.12 real, 355 MB
[runlim] sample:		430.05 time, 430.12 real, 355 MB
[runlim] sample:		440.04 time, 440.12 real, 355 MB
[runlim] sample:		450.24 time, 450.32 real, 359 MB
[runlim] sample:		460.24 time, 460.32 real, 363 MB
[runlim] sample:		470.24 time, 470.32 real, 366 MB
[runlim] sample:		480.24 time, 480.32 real, 369 MB
[runlim] sample:		490.25 time, 490.32 real, 372 MB
[runlim] sample:		500.25 time, 500.32 real, 376 MB
[runlim] sample:		510.24 time, 510.32 real, 378 MB
[runlim] sample:		520.24 time, 520.32 real, 381 MB
[runlim] sample:		530.25 time, 530.32 real, 383 MB
[runlim] sample:		540.25 time, 540.32 real, 385 MB
[runlim] sample:		550.24 time, 550.32 real, 388 MB
[runlim] sample:		560.24 time, 560.32 real, 420 MB
[runlim] sample:		570.24 time, 570.32 real, 420 MB
[runlim] sample:		580.24 time, 580.32 real, 420 MB
[runlim] sample:		590.24 time, 590.32 real, 420 MB
[runlim] sample:		600.24 time, 600.32 real, 420 MB
[runlim] sample:		610.24 time, 610.32 real, 420 MB
[runlim] sample:		620.24 time, 620.32 real, 420 MB
[runlim] sample:		630.24 time, 630.32 real, 420 MB
[runlim] sample:		640.24 time, 640.32 real, 420 MB
[runlim] sample:		650.24 time, 650.32 real, 420 MB
[runlim] sample:		660.24 time, 660.32 real, 420 MB
[runlim] sample:		670.24 time, 670.32 real, 420 MB
[runlim] sample:		680.24 time, 680.32 real, 420 MB
[runlim] sample:		690.24 time, 690.32 real, 420 MB
[runlim] sample:		700.24 time, 700.32 real, 420 MB
[runlim] sample:		710.24 time, 710.32 real, 421 MB
[runlim] sample:		720.24 time, 720.32 real, 422 MB
[runlim] sample:		730.25 time, 730.32 real, 429 MB
[runlim] sample:		740.25 time, 740.32 real, 429 MB
[runlim] sample:		750.25 time, 750.32 real, 430 MB
[runlim] sample:		760.25 time, 760.32 real, 433 MB
[runlim] sample:		770.25 time, 770.32 real, 434 MB
[runlim] sample:		780.25 time, 780.32 real, 435 MB
[runlim] sample:		790.25 time, 790.32 real, 437 MB
[runlim] sample:		800.25 time, 800.32 real, 438 MB
[runlim] sample:		810.25 time, 810.32 real, 440 MB
[runlim] sample:		820.25 time, 820.32 real, 441 MB
[runlim] sample:		830.24 time, 830.32 real, 442 MB
[runlim] sample:		840.25 time, 840.32 real, 443 MB
[runlim] sample:		850.24 time, 850.32 real, 445 MB
[runlim] sample:		860.24 time, 860.32 real, 446 MB
[runlim] sample:		870.24 time, 870.32 real, 447 MB
[runlim] sample:		880.24 time, 880.32 real, 448 MB
[runlim] sample:		890.24 time, 890.32 real, 449 MB
[runlim] sample:		900.24 time, 900.32 real, 450 MB
[runlim] sample:		910.24 time, 910.32 real, 451 MB
[runlim] sample:		920.25 time, 920.32 real, 452 MB
[runlim] sample:		930.24 time, 930.32 real, 453 MB
[runlim] sample:		940.25 time, 940.32 real, 454 MB
[runlim] sample:		950.25 time, 950.32 real, 456 MB
[runlim] sample:		960.25 time, 960.32 real, 457 MB
[runlim] sample:		970.24 time, 970.32 real, 458 MB
[runlim] sample:		980.24 time, 980.32 real, 459 MB
[runlim] sample:		990.24 time, 990.32 real, 460 MB
[runlim] sample:		1000.24 time, 1000.32 real, 461 MB
[runlim] sample:		1010.24 time, 1010.32 real, 462 MB
[runlim] sample:		1020.24 time, 1020.32 real, 463 MB
[runlim] sample:		1030.25 time, 1030.32 real, 476 MB
[runlim] sample:		1040.25 time, 1040.32 real, 476 MB
[runlim] sample:		1050.25 time, 1050.32 real, 477 MB
[runlim] sample:		1060.25 time, 1060.32 real, 477 MB
[runlim] sample:		1070.25 time, 1070.32 real, 477 MB
[runlim] sample:		1080.24 time, 1080.32 real, 477 MB
[runlim] sample:		1090.24 time, 1090.32 real, 477 MB
[runlim] sample:		1100.24 time, 1100.32 real, 477 MB
[runlim] sample:		1110.24 time, 1110.32 real, 477 MB
[runlim] sample:		1120.24 time, 1120.32 real, 477 MB
[runlim] sample:		1130.25 time, 1130.32 real, 477 MB
[runlim] sample:		1140.24 time, 1140.32 real, 477 MB
[runlim] sample:		1150.24 time, 1150.32 real, 477 MB
[runlim] sample:		1160.24 time, 1160.32 real, 477 MB
[runlim] sample:		1170.24 time, 1170.32 real, 477 MB
[runlim] sample:		1180.24 time, 1180.32 real, 477 MB
[runlim] sample:		1190.24 time, 1190.32 real, 477 MB
[runlim] sample:		1200.25 time, 1200.32 real, 477 MB
[runlim] sample:		1210.25 time, 1210.32 real, 477 MB
[runlim] sample:		1220.24 time, 1220.32 real, 477 MB
[runlim] sample:		1230.24 time, 1230.32 real, 477 MB
[runlim] sample:		1240.25 time, 1240.32 real, 477 MB
[runlim] sample:		1250.25 time, 1250.32 real, 477 MB
[runlim] sample:		1260.24 time, 1260.32 real, 477 MB
[runlim] sample:		1270.24 time, 1270.32 real, 477 MB
[runlim] sample:		1280.24 time, 1280.32 real, 477 MB
[runlim] sample:		1290.24 time, 1290.32 real, 477 MB
[runlim] sample:		1300.24 time, 1300.32 real, 477 MB
[runlim] sample:		1310.24 time, 1310.32 real, 477 MB
[runlim] sample:		1320.25 time, 1320.32 real, 477 MB
[runlim] sample:		1330.25 time, 1330.32 real, 477 MB
[runlim] sample:		1340.25 time, 1340.32 real, 477 MB
[runlim] sample:		1350.25 time, 1350.32 real, 477 MB
[runlim] sample:		1360.24 time, 1360.32 real, 477 MB
[runlim] sample:		1370.24 time, 1370.32 real, 477 MB
[runlim] sample:		1380.24 time, 1380.32 real, 477 MB
[runlim] sample:		1390.24 time, 1390.32 real, 477 MB
[runlim] sample:		1400.24 time, 1400.32 real, 477 MB
[runlim] sample:		1410.24 time, 1410.32 real, 477 MB
[runlim] sample:		1420.24 time, 1420.32 real, 477 MB
[runlim] sample:		1430.24 time, 1430.32 real, 477 MB
[runlim] sample:		1440.24 time, 1440.32 real, 477 MB
[runlim] sample:		1450.24 time, 1450.32 real, 477 MB
[runlim] sample:		1460.24 time, 1460.32 real, 477 MB
[runlim] sample:		1470.24 time, 1470.32 real, 477 MB
[runlim] sample:		1480.24 time, 1480.32 real, 477 MB
[runlim] sample:		1490.24 time, 1490.32 real, 477 MB
[runlim] sample:		1500.24 time, 1500.32 real, 477 MB
[runlim] sample:		1510.24 time, 1510.32 real, 477 MB
[runlim] sample:		1520.24 time, 1520.32 real, 477 MB
[runlim] sample:		1530.24 time, 1530.32 real, 477 MB
[runlim] sample:		1540.24 time, 1540.32 real, 477 MB
[runlim] sample:		1550.24 time, 1550.32 real, 477 MB
[runlim] sample:		1560.24 time, 1560.32 real, 477 MB
[runlim] sample:		1570.24 time, 1570.32 real, 477 MB
[runlim] sample:		1580.24 time, 1580.32 real, 477 MB
[runlim] sample:		1590.24 time, 1590.32 real, 477 MB
[runlim] sample:		1600.24 time, 1600.32 real, 477 MB
[runlim] sample:		1610.24 time, 1610.32 real, 477 MB
[runlim] sample:		1620.24 time, 1620.32 real, 477 MB
[runlim] sample:		1630.24 time, 1630.32 real, 477 MB
[runlim] sample:		1640.24 time, 1640.32 real, 477 MB
[runlim] sample:		1650.24 time, 1650.32 real, 477 MB
[runlim] sample:		1660.24 time, 1660.32 real, 477 MB
[runlim] sample:		1670.24 time, 1670.32 real, 477 MB
[runlim] sample:		1680.24 time, 1680.32 real, 477 MB
[runlim] sample:		1690.24 time, 1690.32 real, 477 MB
[runlim] sample:		1700.24 time, 1700.32 real, 477 MB
[runlim] sample:		1710.24 time, 1710.32 real, 477 MB
[runlim] sample:		1720.24 time, 1720.32 real, 477 MB
[runlim] sample:		1730.24 time, 1730.32 real, 477 MB
[runlim] sample:		1740.24 time, 1740.32 real, 477 MB
[runlim] sample:		1750.24 time, 1750.32 real, 477 MB
[runlim] sample:		1760.24 time, 1760.32 real, 477 MB
[runlim] sample:		1770.24 time, 1770.32 real, 477 MB
[runlim] sample:		1780.25 time, 1780.32 real, 477 MB
[runlim] sample:		1790.24 time, 1790.32 real, 477 MB
[runlim] sample:		1800.24 time, 1800.32 real, 477 MB
[runlim] sample:		1810.24 time, 1810.32 real, 477 MB
[runlim] sample:		1820.24 time, 1820.32 real, 477 MB
[runlim] sample:		1830.24 time, 1830.32 real, 477 MB
[runlim] sample:		1840.25 time, 1840.32 real, 477 MB
[runlim] sample:		1850.24 time, 1850.32 real, 477 MB
[runlim] sample:		1860.25 time, 1860.32 real, 477 MB
[runlim] sample:		1870.24 time, 1870.32 real, 477 MB
[runlim] sample:		1880.24 time, 1880.32 real, 477 MB
[runlim] sample:		1890.24 time, 1890.32 real, 477 MB
[runlim] sample:		1900.24 time, 1900.32 real, 477 MB
[runlim] sample:		1910.24 time, 1910.32 real, 477 MB
[runlim] sample:		1920.24 time, 1920.32 real, 477 MB
[runlim] sample:		1930.24 time, 1930.32 real, 477 MB
[runlim] sample:		1940.24 time, 1940.32 real, 477 MB
[runlim] sample:		1950.24 time, 1950.32 real, 477 MB
[runlim] sample:		1960.24 time, 1960.32 real, 477 MB
[runlim] sample:		1970.24 time, 1970.32 real, 477 MB
[runlim] sample:		1980.24 time, 1980.32 real, 477 MB
[runlim] sample:		1990.24 time, 1990.32 real, 477 MB
[runlim] sample:		2000.24 time, 2000.32 real, 477 MB
[runlim] sample:		2010.24 time, 2010.32 real, 477 MB
[runlim] sample:		2020.24 time, 2020.32 real, 477 MB
[runlim] sample:		2030.24 time, 2030.32 real, 477 MB
[runlim] sample:		2040.24 time, 2040.32 real, 477 MB
[runlim] sample:		2050.24 time, 2050.32 real, 477 MB
[runlim] sample:		2060.24 time, 2060.32 real, 477 MB
[runlim] sample:		2070.24 time, 2070.32 real, 477 MB
[runlim] sample:		2080.24 time, 2080.32 real, 477 MB
[runlim] sample:		2090.24 time, 2090.32 real, 477 MB
[runlim] sample:		2100.24 time, 2100.32 real, 477 MB
[runlim] sample:		2110.24 time, 2110.32 real, 477 MB
[runlim] sample:		2120.24 time, 2120.32 real, 477 MB
[runlim] sample:		2130.24 time, 2130.32 real, 477 MB
[runlim] sample:		2140.24 time, 2140.32 real, 477 MB
[runlim] sample:		2150.24 time, 2150.32 real, 477 MB
[runlim] sample:		2160.24 time, 2160.32 real, 477 MB
[runlim] sample:		2170.25 time, 2170.32 real, 477 MB
[runlim] sample:		2180.25 time, 2180.32 real, 477 MB
[runlim] sample:		2190.25 time, 2190.32 real, 477 MB
[runlim] sample:		2200.25 time, 2200.32 real, 477 MB
[runlim] sample:		2210.25 time, 2210.32 real, 477 MB
[runlim] sample:		2220.24 time, 2220.32 real, 477 MB
[runlim] sample:		2230.24 time, 2230.32 real, 478 MB
[runlim] sample:		2240.24 time, 2240.32 real, 478 MB
[runlim] sample:		2250.24 time, 2250.32 real, 479 MB
[runlim] sample:		2260.25 time, 2260.32 real, 479 MB
[runlim] sample:		2270.24 time, 2270.32 real, 480 MB
[runlim] sample:		2280.24 time, 2280.32 real, 481 MB
[runlim] sample:		2290.24 time, 2290.32 real, 481 MB
[runlim] sample:		2300.24 time, 2300.32 real, 482 MB
[runlim] sample:		2310.24 time, 2310.32 real, 483 MB
[runlim] sample:		2320.24 time, 2320.32 real, 483 MB
[runlim] sample:		2330.24 time, 2330.32 real, 484 MB
[runlim] sample:		2340.24 time, 2340.32 real, 484 MB
[runlim] sample:		2350.24 time, 2350.32 real, 485 MB
[runlim] sample:		2360.24 time, 2360.32 real, 485 MB
[runlim] sample:		2370.24 time, 2370.32 real, 486 MB
[runlim] sample:		2380.24 time, 2380.32 real, 487 MB
[runlim] sample:		2390.24 time, 2390.32 real, 487 MB
[runlim] sample:		2400.24 time, 2400.32 real, 488 MB
[runlim] sample:		2410.24 time, 2410.32 real, 488 MB
[runlim] sample:		2420.24 time, 2420.32 real, 489 MB
[runlim] sample:		2430.24 time, 2430.32 real, 490 MB
[runlim] sample:		2440.24 time, 2440.32 real, 490 MB
[runlim] sample:		2450.24 time, 2450.32 real, 491 MB
[runlim] sample:		2460.24 time, 2460.32 real, 491 MB
[runlim] sample:		2470.24 time, 2470.32 real, 492 MB
[runlim] sample:		2480.24 time, 2480.32 real, 492 MB
[runlim] sample:		2490.24 time, 2490.32 real, 493 MB
[runlim] sample:		2500.24 time, 2500.32 real, 493 MB
[runlim] sample:		2510.24 time, 2510.32 real, 494 MB
[runlim] sample:		2520.23 time, 2520.32 real, 494 MB
[runlim] sample:		2530.24 time, 2530.32 real, 495 MB
[runlim] sample:		2540.24 time, 2540.32 real, 496 MB
[runlim] sample:		2550.24 time, 2550.32 real, 496 MB
[runlim] sample:		2560.24 time, 2560.32 real, 497 MB
[runlim] sample:		2570.24 time, 2570.32 real, 497 MB
[runlim] sample:		2580.24 time, 2580.32 real, 498 MB
[runlim] sample:		2590.24 time, 2590.32 real, 498 MB
[runlim] sample:		2600.24 time, 2600.32 real, 499 MB
[runlim] sample:		2610.24 time, 2610.32 real, 499 MB
[runlim] sample:		2620.24 time, 2620.32 real, 500 MB
[runlim] sample:		2630.24 time, 2630.32 real, 500 MB
[runlim] sample:		2640.24 time, 2640.32 real, 501 MB
[runlim] sample:		2650.24 time, 2650.32 real, 501 MB
[runlim] sample:		2660.24 time, 2660.32 real, 502 MB
[runlim] sample:		2670.24 time, 2670.32 real, 502 MB
[runlim] sample:		2680.24 time, 2680.32 real, 503 MB
[runlim] sample:		2690.24 time, 2690.32 real, 503 MB
[runlim] end:			Sat Feb 29 07:57:54 2020
[runlim] status:		out of time
[runlim] result:		2
[runlim] children:		1
[runlim] real:			2700.13 seconds
[runlim] time:			2699.94 seconds
[runlim] space:			504 MB
[runlim] samples:		26997
