[runlim] version:		1.18
[runlim] host:			c3n10
[runlim] time limit:		2700 seconds
[runlim] real time limit:	2700 seconds
[runlim] space limit:		7000 MB
[runlim] argv[0]:		./binary
[runlim] argv[1]:		/data/cnf/ankit/E1-A1-instances/driverlog03_8.qdimacs
[runlim] start:			Sat Feb 29 07:12:52 2020
[runlim] child:			20662
[runlim] sample:		9.34 time, 10.12 real, 63 MB
[runlim] sample:		19.34 time, 20.12 real, 87 MB
[runlim] sample:		29.33 time, 30.12 real, 91 MB
[runlim] sample:		39.34 time, 40.12 real, 97 MB
[runlim] sample:		49.34 time, 50.12 real, 108 MB
[runlim] sample:		59.34 time, 60.12 real, 112 MB
[runlim] sample:		69.34 time, 70.12 real, 112 MB
[runlim] sample:		79.34 time, 80.12 real, 112 MB
[runlim] sample:		89.34 time, 90.12 real, 114 MB
[runlim] sample:		99.33 time, 100.12 real, 132 MB
[runlim] sample:		109.33 time, 110.12 real, 133 MB
[runlim] sample:		119.34 time, 120.12 real, 140 MB
[runlim] sample:		129.34 time, 130.12 real, 140 MB
[runlim] sample:		139.34 time, 140.12 real, 142 MB
[runlim] sample:		149.34 time, 150.12 real, 147 MB
[runlim] sample:		159.34 time, 160.12 real, 150 MB
[runlim] sample:		169.34 time, 170.12 real, 153 MB
[runlim] sample:		179.33 time, 180.12 real, 156 MB
[runlim] sample:		189.33 time, 190.12 real, 160 MB
[runlim] sample:		199.33 time, 200.12 real, 162 MB
[runlim] sample:		209.34 time, 210.12 real, 175 MB
[runlim] sample:		219.34 time, 220.12 real, 175 MB
[runlim] sample:		229.34 time, 230.12 real, 175 MB
[runlim] sample:		239.34 time, 240.12 real, 175 MB
[runlim] sample:		249.34 time, 250.12 real, 178 MB
[runlim] sample:		259.33 time, 260.12 real, 181 MB
[runlim] sample:		269.34 time, 270.12 real, 184 MB
[runlim] sample:		279.33 time, 280.12 real, 188 MB
[runlim] sample:		289.33 time, 290.12 real, 190 MB
[runlim] sample:		299.34 time, 300.12 real, 193 MB
[runlim] sample:		309.34 time, 310.12 real, 207 MB
[runlim] sample:		319.34 time, 320.12 real, 207 MB
[runlim] sample:		329.34 time, 330.12 real, 207 MB
[runlim] sample:		339.34 time, 340.12 real, 207 MB
[runlim] sample:		349.59 time, 350.37 real, 207 MB
[runlim] sample:		359.54 time, 360.32 real, 207 MB
[runlim] sample:		369.54 time, 370.32 real, 207 MB
[runlim] sample:		379.54 time, 380.32 real, 207 MB
[runlim] sample:		389.54 time, 390.32 real, 207 MB
[runlim] sample:		399.53 time, 400.32 real, 208 MB
[runlim] sample:		409.53 time, 410.32 real, 209 MB
[runlim] sample:		419.53 time, 420.32 real, 211 MB
[runlim] sample:		429.53 time, 430.32 real, 213 MB
[runlim] sample:		439.54 time, 440.32 real, 215 MB
[runlim] sample:		449.73 time, 450.52 real, 217 MB
[runlim] sample:		459.74 time, 460.52 real, 219 MB
[runlim] sample:		469.74 time, 470.52 real, 220 MB
[runlim] sample:		479.73 time, 480.52 real, 222 MB
[runlim] sample:		489.73 time, 490.52 real, 224 MB
[runlim] sample:		499.74 time, 500.52 real, 225 MB
[runlim] sample:		509.74 time, 510.52 real, 229 MB
[runlim] sample:		519.73 time, 520.52 real, 230 MB
[runlim] sample:		529.73 time, 530.52 real, 232 MB
[runlim] sample:		539.73 time, 540.52 real, 233 MB
[runlim] sample:		549.73 time, 550.52 real, 234 MB
[runlim] sample:		559.73 time, 560.52 real, 236 MB
[runlim] sample:		569.73 time, 570.52 real, 258 MB
[runlim] sample:		579.73 time, 580.52 real, 258 MB
[runlim] sample:		589.73 time, 590.52 real, 258 MB
[runlim] sample:		599.73 time, 600.52 real, 258 MB
[runlim] sample:		609.73 time, 610.52 real, 258 MB
[runlim] sample:		619.73 time, 620.52 real, 258 MB
[runlim] sample:		629.73 time, 630.52 real, 258 MB
[runlim] sample:		639.73 time, 640.52 real, 258 MB
[runlim] sample:		649.73 time, 650.52 real, 258 MB
[runlim] sample:		659.73 time, 660.52 real, 258 MB
[runlim] sample:		669.73 time, 670.52 real, 258 MB
[runlim] sample:		679.73 time, 680.52 real, 258 MB
[runlim] sample:		689.73 time, 690.52 real, 258 MB
[runlim] sample:		699.73 time, 700.52 real, 258 MB
[runlim] sample:		709.73 time, 710.52 real, 258 MB
[runlim] sample:		719.73 time, 720.52 real, 258 MB
[runlim] sample:		729.73 time, 730.52 real, 258 MB
[runlim] sample:		739.74 time, 740.52 real, 259 MB
[runlim] sample:		749.73 time, 750.52 real, 261 MB
[runlim] sample:		759.73 time, 760.52 real, 263 MB
[runlim] sample:		769.73 time, 770.52 real, 264 MB
[runlim] sample:		779.73 time, 780.52 real, 266 MB
[runlim] sample:		789.73 time, 790.52 real, 268 MB
[runlim] sample:		799.73 time, 800.52 real, 269 MB
[runlim] sample:		809.73 time, 810.52 real, 271 MB
[runlim] sample:		819.74 time, 820.52 real, 272 MB
[runlim] sample:		829.74 time, 830.52 real, 274 MB
[runlim] sample:		839.73 time, 840.52 real, 275 MB
[runlim] sample:		849.73 time, 850.52 real, 276 MB
[runlim] sample:		859.73 time, 860.52 real, 277 MB
[runlim] sample:		869.73 time, 870.52 real, 279 MB
[runlim] sample:		879.73 time, 880.52 real, 285 MB
[runlim] sample:		889.73 time, 890.52 real, 285 MB
[runlim] sample:		899.73 time, 900.52 real, 285 MB
[runlim] sample:		909.73 time, 910.52 real, 285 MB
[runlim] sample:		919.73 time, 920.52 real, 285 MB
[runlim] sample:		929.73 time, 930.52 real, 285 MB
[runlim] sample:		939.73 time, 940.52 real, 285 MB
[runlim] sample:		949.73 time, 950.52 real, 285 MB
[runlim] sample:		959.73 time, 960.52 real, 285 MB
[runlim] sample:		969.73 time, 970.52 real, 285 MB
[runlim] sample:		979.73 time, 980.52 real, 285 MB
[runlim] sample:		989.73 time, 990.52 real, 285 MB
[runlim] sample:		999.73 time, 1000.52 real, 285 MB
[runlim] sample:		1009.73 time, 1010.52 real, 285 MB
[runlim] sample:		1019.73 time, 1020.52 real, 285 MB
[runlim] sample:		1029.73 time, 1030.52 real, 285 MB
[runlim] sample:		1039.73 time, 1040.52 real, 285 MB
[runlim] sample:		1049.73 time, 1050.52 real, 285 MB
[runlim] sample:		1059.73 time, 1060.52 real, 285 MB
[runlim] sample:		1069.73 time, 1070.52 real, 285 MB
[runlim] sample:		1079.73 time, 1080.52 real, 285 MB
[runlim] sample:		1089.73 time, 1090.52 real, 285 MB
[runlim] sample:		1099.73 time, 1100.52 real, 285 MB
[runlim] sample:		1109.73 time, 1110.52 real, 285 MB
[runlim] sample:		1119.73 time, 1120.52 real, 285 MB
[runlim] sample:		1129.73 time, 1130.52 real, 285 MB
[runlim] sample:		1139.73 time, 1140.52 real, 285 MB
[runlim] sample:		1149.73 time, 1150.52 real, 285 MB
[runlim] sample:		1159.73 time, 1160.52 real, 285 MB
[runlim] sample:		1169.73 time, 1170.52 real, 285 MB
[runlim] sample:		1179.73 time, 1180.52 real, 285 MB
[runlim] sample:		1189.73 time, 1190.52 real, 285 MB
[runlim] sample:		1199.73 time, 1200.52 real, 285 MB
[runlim] sample:		1209.73 time, 1210.52 real, 285 MB
[runlim] sample:		1219.73 time, 1220.52 real, 285 MB
[runlim] sample:		1229.73 time, 1230.52 real, 285 MB
[runlim] sample:		1239.73 time, 1240.52 real, 285 MB
[runlim] sample:		1249.73 time, 1250.52 real, 285 MB
[runlim] sample:		1259.73 time, 1260.52 real, 285 MB
[runlim] sample:		1269.73 time, 1270.52 real, 285 MB
[runlim] sample:		1279.73 time, 1280.52 real, 285 MB
[runlim] sample:		1289.73 time, 1290.52 real, 285 MB
[runlim] sample:		1299.73 time, 1300.52 real, 285 MB
[runlim] sample:		1309.73 time, 1310.52 real, 285 MB
[runlim] sample:		1319.73 time, 1320.52 real, 285 MB
[runlim] sample:		1329.73 time, 1330.52 real, 285 MB
[runlim] sample:		1339.73 time, 1340.52 real, 285 MB
[runlim] sample:		1349.73 time, 1350.52 real, 285 MB
[runlim] sample:		1359.73 time, 1360.52 real, 285 MB
[runlim] sample:		1369.73 time, 1370.52 real, 285 MB
[runlim] sample:		1379.73 time, 1380.52 real, 285 MB
[runlim] sample:		1389.73 time, 1390.52 real, 285 MB
[runlim] sample:		1399.73 time, 1400.52 real, 285 MB
[runlim] sample:		1409.73 time, 1410.52 real, 285 MB
[runlim] sample:		1419.73 time, 1420.52 real, 285 MB
[runlim] sample:		1429.73 time, 1430.52 real, 285 MB
[runlim] sample:		1439.73 time, 1440.52 real, 285 MB
[runlim] sample:		1449.73 time, 1450.52 real, 285 MB
[runlim] sample:		1459.73 time, 1460.52 real, 285 MB
[runlim] sample:		1469.73 time, 1470.52 real, 285 MB
[runlim] sample:		1479.73 time, 1480.52 real, 285 MB
[runlim] sample:		1489.73 time, 1490.52 real, 285 MB
[runlim] sample:		1499.73 time, 1500.52 real, 285 MB
[runlim] sample:		1509.73 time, 1510.52 real, 285 MB
[runlim] sample:		1519.73 time, 1520.52 real, 285 MB
[runlim] sample:		1529.73 time, 1530.52 real, 285 MB
[runlim] sample:		1539.73 time, 1540.52 real, 285 MB
[runlim] sample:		1549.73 time, 1550.52 real, 285 MB
[runlim] sample:		1559.73 time, 1560.52 real, 285 MB
[runlim] sample:		1569.73 time, 1570.52 real, 285 MB
[runlim] sample:		1579.73 time, 1580.52 real, 285 MB
[runlim] sample:		1589.73 time, 1590.52 real, 286 MB
[runlim] sample:		1599.73 time, 1600.52 real, 286 MB
[runlim] sample:		1609.73 time, 1610.52 real, 286 MB
[runlim] sample:		1619.73 time, 1620.52 real, 286 MB
[runlim] sample:		1629.73 time, 1630.52 real, 286 MB
[runlim] sample:		1639.73 time, 1640.52 real, 286 MB
[runlim] sample:		1649.73 time, 1650.52 real, 286 MB
[runlim] sample:		1659.74 time, 1660.52 real, 286 MB
[runlim] sample:		1669.74 time, 1670.52 real, 287 MB
[runlim] sample:		1679.74 time, 1680.52 real, 288 MB
[runlim] sample:		1689.74 time, 1690.52 real, 288 MB
[runlim] sample:		1699.74 time, 1700.52 real, 289 MB
[runlim] sample:		1709.74 time, 1710.52 real, 290 MB
[runlim] sample:		1719.74 time, 1720.52 real, 291 MB
[runlim] sample:		1729.74 time, 1730.52 real, 292 MB
[runlim] sample:		1739.73 time, 1740.52 real, 292 MB
[runlim] sample:		1749.73 time, 1750.52 real, 293 MB
[runlim] sample:		1759.74 time, 1760.52 real, 294 MB
[runlim] sample:		1769.74 time, 1770.52 real, 295 MB
[runlim] sample:		1779.74 time, 1780.52 real, 296 MB
[runlim] sample:		1789.73 time, 1790.52 real, 296 MB
[runlim] sample:		1799.73 time, 1800.52 real, 297 MB
[runlim] sample:		1809.73 time, 1810.52 real, 298 MB
[runlim] sample:		1819.73 time, 1820.52 real, 298 MB
[runlim] sample:		1829.73 time, 1830.52 real, 299 MB
[runlim] sample:		1839.73 time, 1840.52 real, 300 MB
[runlim] sample:		1849.73 time, 1850.52 real, 301 MB
[runlim] sample:		1859.73 time, 1860.52 real, 301 MB
[runlim] sample:		1869.73 time, 1870.52 real, 302 MB
[runlim] sample:		1879.73 time, 1880.52 real, 303 MB
[runlim] sample:		1889.73 time, 1890.52 real, 304 MB
[runlim] sample:		1899.73 time, 1900.52 real, 304 MB
[runlim] sample:		1909.73 time, 1910.52 real, 305 MB
[runlim] sample:		1919.73 time, 1920.52 real, 306 MB
[runlim] sample:		1929.73 time, 1930.52 real, 306 MB
[runlim] sample:		1939.73 time, 1940.52 real, 307 MB
[runlim] sample:		1949.73 time, 1950.52 real, 307 MB
[runlim] sample:		1959.73 time, 1960.52 real, 308 MB
[runlim] sample:		1969.73 time, 1970.52 real, 309 MB
[runlim] sample:		1979.73 time, 1980.52 real, 341 MB
[runlim] sample:		1989.73 time, 1990.52 real, 341 MB
[runlim] sample:		1999.73 time, 2000.52 real, 341 MB
[runlim] sample:		2009.73 time, 2010.52 real, 341 MB
[runlim] sample:		2019.73 time, 2020.52 real, 341 MB
[runlim] sample:		2029.73 time, 2030.52 real, 341 MB
[runlim] sample:		2039.73 time, 2040.52 real, 341 MB
[runlim] sample:		2049.73 time, 2050.52 real, 341 MB
[runlim] sample:		2059.73 time, 2060.52 real, 341 MB
[runlim] sample:		2069.73 time, 2070.52 real, 341 MB
[runlim] sample:		2079.73 time, 2080.52 real, 341 MB
[runlim] sample:		2089.73 time, 2090.52 real, 341 MB
[runlim] sample:		2099.73 time, 2100.52 real, 341 MB
[runlim] sample:		2109.73 time, 2110.52 real, 341 MB
[runlim] sample:		2119.73 time, 2120.52 real, 341 MB
[runlim] sample:		2129.73 time, 2130.52 real, 341 MB
[runlim] sample:		2139.73 time, 2140.52 real, 341 MB
[runlim] sample:		2149.73 time, 2150.52 real, 341 MB
[runlim] sample:		2159.73 time, 2160.52 real, 341 MB
[runlim] sample:		2169.73 time, 2170.52 real, 341 MB
[runlim] sample:		2179.73 time, 2180.52 real, 341 MB
[runlim] sample:		2189.73 time, 2190.52 real, 341 MB
[runlim] sample:		2199.73 time, 2200.52 real, 341 MB
[runlim] sample:		2209.73 time, 2210.52 real, 341 MB
[runlim] sample:		2219.73 time, 2220.52 real, 341 MB
[runlim] sample:		2229.73 time, 2230.52 real, 341 MB
[runlim] sample:		2239.73 time, 2240.52 real, 341 MB
[runlim] sample:		2249.73 time, 2250.52 real, 341 MB
[runlim] sample:		2259.73 time, 2260.52 real, 341 MB
[runlim] sample:		2269.73 time, 2270.52 real, 341 MB
[runlim] sample:		2279.73 time, 2280.52 real, 341 MB
[runlim] sample:		2289.73 time, 2290.52 real, 341 MB
[runlim] sample:		2299.73 time, 2300.52 real, 341 MB
[runlim] sample:		2309.73 time, 2310.52 real, 341 MB
[runlim] sample:		2319.73 time, 2320.52 real, 341 MB
[runlim] sample:		2329.73 time, 2330.52 real, 341 MB
[runlim] sample:		2339.73 time, 2340.52 real, 341 MB
[runlim] sample:		2349.73 time, 2350.52 real, 341 MB
[runlim] sample:		2359.73 time, 2360.52 real, 341 MB
[runlim] sample:		2369.73 time, 2370.52 real, 341 MB
[runlim] sample:		2379.73 time, 2380.52 real, 341 MB
[runlim] sample:		2389.73 time, 2390.52 real, 341 MB
[runlim] sample:		2399.73 time, 2400.52 real, 341 MB
[runlim] sample:		2409.73 time, 2410.52 real, 341 MB
[runlim] sample:		2419.73 time, 2420.52 real, 341 MB
[runlim] sample:		2429.73 time, 2430.52 real, 341 MB
[runlim] sample:		2439.73 time, 2440.52 real, 341 MB
[runlim] sample:		2449.73 time, 2450.52 real, 341 MB
[runlim] sample:		2459.73 time, 2460.52 real, 341 MB
[runlim] sample:		2469.73 time, 2470.52 real, 341 MB
[runlim] sample:		2479.73 time, 2480.52 real, 342 MB
[runlim] sample:		2489.73 time, 2490.52 real, 348 MB
[runlim] sample:		2499.73 time, 2500.52 real, 348 MB
[runlim] sample:		2509.73 time, 2510.52 real, 348 MB
[runlim] sample:		2519.72 time, 2520.52 real, 350 MB
[runlim] sample:		2529.72 time, 2530.52 real, 351 MB
[runlim] sample:		2539.72 time, 2540.52 real, 352 MB
[runlim] sample:		2549.72 time, 2550.52 real, 353 MB
[runlim] sample:		2559.72 time, 2560.52 real, 354 MB
[runlim] sample:		2569.73 time, 2570.52 real, 355 MB
[runlim] sample:		2579.72 time, 2580.52 real, 357 MB
[runlim] sample:		2589.73 time, 2590.52 real, 359 MB
[runlim] sample:		2599.73 time, 2600.52 real, 360 MB
[runlim] sample:		2609.72 time, 2610.52 real, 361 MB
[runlim] sample:		2619.72 time, 2620.52 real, 362 MB
[runlim] sample:		2629.72 time, 2630.52 real, 363 MB
[runlim] sample:		2639.72 time, 2640.52 real, 364 MB
[runlim] sample:		2649.72 time, 2650.52 real, 365 MB
[runlim] sample:		2659.72 time, 2660.52 real, 366 MB
[runlim] sample:		2669.72 time, 2670.52 real, 367 MB
[runlim] sample:		2679.72 time, 2680.52 real, 368 MB
[runlim] sample:		2689.72 time, 2690.52 real, 369 MB
[runlim] end:			Sat Feb 29 07:57:52 2020
[runlim] status:		out of time
[runlim] result:		2
[runlim] children:		1
[runlim] real:			2700.12 seconds
[runlim] time:			2699.22 seconds
[runlim] space:			370 MB
[runlim] samples:		26995
