[runlim] version:		1.18
[runlim] host:			c3n13
[runlim] time limit:		2700 seconds
[runlim] real time limit:	2700 seconds
[runlim] space limit:		7000 MB
[runlim] argv[0]:		./binary
[runlim] argv[1]:		/data/cnf/ankit/E1-A1-instances/dungeon_i25-m12-u5-v0.pddl_planlen=143.qdimacs
[runlim] start:			Sat Feb 29 07:12:52 2020
[runlim] child:			17885
[runlim] sample:		9.40 time, 10.02 real, 281 MB
[runlim] sample:		19.40 time, 20.02 real, 290 MB
[runlim] sample:		29.41 time, 30.02 real, 290 MB
[runlim] sample:		39.40 time, 40.02 real, 381 MB
[runlim] sample:		49.40 time, 50.02 real, 720 MB
[runlim] sample:		59.40 time, 60.02 real, 1092 MB
[runlim] sample:		69.41 time, 70.02 real, 1106 MB
[runlim] sample:		79.40 time, 80.02 real, 1114 MB
[runlim] sample:		89.40 time, 90.02 real, 1117 MB
[runlim] sample:		99.40 time, 100.02 real, 1120 MB
[runlim] sample:		109.41 time, 110.02 real, 1122 MB
[runlim] sample:		119.40 time, 120.02 real, 1124 MB
[runlim] sample:		129.40 time, 130.02 real, 1126 MB
[runlim] sample:		139.40 time, 140.02 real, 1128 MB
[runlim] sample:		149.40 time, 150.02 real, 1130 MB
[runlim] sample:		159.40 time, 160.02 real, 1131 MB
[runlim] sample:		169.40 time, 170.02 real, 1133 MB
[runlim] sample:		179.40 time, 180.02 real, 1135 MB
[runlim] sample:		189.40 time, 190.02 real, 1136 MB
[runlim] sample:		199.40 time, 200.02 real, 1138 MB
[runlim] sample:		209.41 time, 210.02 real, 1139 MB
[runlim] sample:		219.40 time, 220.02 real, 1141 MB
[runlim] sample:		229.40 time, 230.02 real, 1142 MB
[runlim] sample:		239.40 time, 240.02 real, 1143 MB
[runlim] sample:		249.40 time, 250.02 real, 1145 MB
[runlim] sample:		259.40 time, 260.02 real, 1146 MB
[runlim] sample:		269.40 time, 270.02 real, 1147 MB
[runlim] sample:		279.40 time, 280.02 real, 1149 MB
[runlim] sample:		289.40 time, 290.02 real, 1150 MB
[runlim] sample:		299.40 time, 300.02 real, 1151 MB
[runlim] sample:		309.40 time, 310.02 real, 1152 MB
[runlim] sample:		319.40 time, 320.02 real, 1153 MB
[runlim] sample:		329.40 time, 330.02 real, 1155 MB
[runlim] sample:		339.40 time, 340.02 real, 1156 MB
[runlim] sample:		349.41 time, 350.03 real, 1157 MB
[runlim] sample:		359.50 time, 360.12 real, 1158 MB
[runlim] sample:		369.50 time, 370.12 real, 1159 MB
[runlim] sample:		379.50 time, 380.12 real, 1160 MB
[runlim] sample:		389.50 time, 390.12 real, 1161 MB
[runlim] sample:		399.49 time, 400.12 real, 1162 MB
[runlim] sample:		409.49 time, 410.12 real, 1163 MB
[runlim] sample:		419.49 time, 420.12 real, 1164 MB
[runlim] sample:		429.50 time, 430.12 real, 1165 MB
[runlim] sample:		439.50 time, 440.12 real, 1166 MB
[runlim] sample:		449.59 time, 450.22 real, 1167 MB
[runlim] sample:		459.59 time, 460.22 real, 1168 MB
[runlim] sample:		469.60 time, 470.22 real, 1169 MB
[runlim] sample:		479.60 time, 480.22 real, 1170 MB
[runlim] sample:		489.60 time, 490.22 real, 1171 MB
[runlim] sample:		499.59 time, 500.22 real, 1172 MB
[runlim] sample:		509.60 time, 510.22 real, 1172 MB
[runlim] sample:		519.60 time, 520.22 real, 1174 MB
[runlim] sample:		529.59 time, 530.22 real, 1174 MB
[runlim] sample:		539.60 time, 540.22 real, 1175 MB
[runlim] sample:		549.59 time, 550.22 real, 1176 MB
[runlim] sample:		559.60 time, 560.22 real, 1177 MB
[runlim] sample:		569.60 time, 570.22 real, 1178 MB
[runlim] sample:		579.60 time, 580.22 real, 1179 MB
[runlim] sample:		589.59 time, 590.22 real, 1179 MB
[runlim] sample:		599.60 time, 600.22 real, 1180 MB
[runlim] sample:		609.59 time, 610.22 real, 1181 MB
[runlim] sample:		619.59 time, 620.22 real, 1182 MB
[runlim] sample:		629.59 time, 630.22 real, 1183 MB
[runlim] sample:		639.59 time, 640.22 real, 1184 MB
[runlim] sample:		649.59 time, 650.22 real, 1185 MB
[runlim] sample:		659.60 time, 660.22 real, 1185 MB
[runlim] sample:		669.60 time, 670.22 real, 1186 MB
[runlim] sample:		679.60 time, 680.22 real, 1187 MB
[runlim] sample:		689.59 time, 690.22 real, 1188 MB
[runlim] sample:		699.59 time, 700.22 real, 1189 MB
[runlim] sample:		709.59 time, 710.22 real, 1189 MB
[runlim] sample:		719.59 time, 720.22 real, 1190 MB
[runlim] sample:		729.59 time, 730.22 real, 1191 MB
[runlim] sample:		739.60 time, 740.22 real, 1192 MB
[runlim] sample:		749.59 time, 750.22 real, 1192 MB
[runlim] sample:		759.59 time, 760.22 real, 1193 MB
[runlim] sample:		769.60 time, 770.22 real, 1194 MB
[runlim] sample:		779.59 time, 780.22 real, 1195 MB
[runlim] sample:		789.59 time, 790.22 real, 1195 MB
[runlim] sample:		799.59 time, 800.22 real, 1196 MB
[runlim] sample:		809.59 time, 810.22 real, 1197 MB
[runlim] sample:		819.60 time, 820.22 real, 1198 MB
[runlim] sample:		829.60 time, 830.22 real, 1198 MB
[runlim] sample:		839.59 time, 840.22 real, 1199 MB
[runlim] sample:		849.59 time, 850.22 real, 1200 MB
[runlim] sample:		859.59 time, 860.22 real, 1200 MB
[runlim] sample:		869.59 time, 870.22 real, 1201 MB
[runlim] sample:		879.60 time, 880.22 real, 1202 MB
[runlim] sample:		889.59 time, 890.22 real, 1203 MB
[runlim] sample:		899.59 time, 900.22 real, 1203 MB
[runlim] sample:		909.59 time, 910.22 real, 1204 MB
[runlim] sample:		919.59 time, 920.22 real, 1205 MB
[runlim] sample:		929.59 time, 930.22 real, 1205 MB
[runlim] sample:		939.59 time, 940.22 real, 1206 MB
[runlim] sample:		949.59 time, 950.22 real, 1207 MB
[runlim] sample:		959.59 time, 960.22 real, 1207 MB
[runlim] sample:		969.59 time, 970.22 real, 1208 MB
[runlim] sample:		979.59 time, 980.22 real, 1209 MB
[runlim] sample:		989.59 time, 990.22 real, 1209 MB
[runlim] sample:		999.59 time, 1000.22 real, 1210 MB
[runlim] sample:		1009.59 time, 1010.22 real, 1211 MB
[runlim] sample:		1019.58 time, 1020.22 real, 1211 MB
[runlim] sample:		1029.59 time, 1030.22 real, 1212 MB
[runlim] sample:		1039.59 time, 1040.22 real, 1213 MB
[runlim] sample:		1049.59 time, 1050.22 real, 1213 MB
[runlim] sample:		1059.59 time, 1060.22 real, 1214 MB
[runlim] sample:		1069.59 time, 1070.22 real, 1215 MB
[runlim] sample:		1079.58 time, 1080.22 real, 1215 MB
[runlim] sample:		1089.59 time, 1090.22 real, 1216 MB
[runlim] sample:		1099.59 time, 1100.22 real, 1217 MB
[runlim] sample:		1109.59 time, 1110.22 real, 1217 MB
[runlim] sample:		1119.59 time, 1120.22 real, 1218 MB
[runlim] sample:		1129.59 time, 1130.22 real, 1218 MB
[runlim] sample:		1139.59 time, 1140.22 real, 1219 MB
[runlim] sample:		1149.59 time, 1150.22 real, 1219 MB
[runlim] sample:		1159.59 time, 1160.22 real, 1220 MB
[runlim] sample:		1169.58 time, 1170.22 real, 1221 MB
[runlim] sample:		1179.58 time, 1180.22 real, 1221 MB
[runlim] sample:		1189.59 time, 1190.22 real, 1222 MB
[runlim] sample:		1199.59 time, 1200.22 real, 1223 MB
[runlim] sample:		1209.59 time, 1210.22 real, 1223 MB
[runlim] sample:		1219.59 time, 1220.22 real, 1224 MB
[runlim] sample:		1229.58 time, 1230.22 real, 1224 MB
[runlim] sample:		1239.59 time, 1240.22 real, 1225 MB
[runlim] sample:		1249.58 time, 1250.22 real, 1225 MB
[runlim] sample:		1259.59 time, 1260.22 real, 1226 MB
[runlim] sample:		1269.59 time, 1270.22 real, 1226 MB
[runlim] sample:		1279.58 time, 1280.22 real, 1227 MB
[runlim] sample:		1289.58 time, 1290.22 real, 1228 MB
[runlim] sample:		1299.59 time, 1300.22 real, 1228 MB
[runlim] sample:		1309.58 time, 1310.22 real, 1229 MB
[runlim] sample:		1319.59 time, 1320.22 real, 1229 MB
[runlim] sample:		1329.59 time, 1330.22 real, 1230 MB
[runlim] sample:		1339.59 time, 1340.22 real, 1230 MB
[runlim] sample:		1349.58 time, 1350.22 real, 1231 MB
[runlim] sample:		1359.59 time, 1360.22 real, 1232 MB
[runlim] sample:		1369.58 time, 1370.22 real, 1232 MB
[runlim] sample:		1379.58 time, 1380.22 real, 1233 MB
[runlim] sample:		1389.59 time, 1390.22 real, 1233 MB
[runlim] sample:		1399.59 time, 1400.22 real, 1234 MB
[runlim] sample:		1409.58 time, 1410.22 real, 1234 MB
[runlim] sample:		1419.58 time, 1420.22 real, 1235 MB
[runlim] sample:		1429.58 time, 1430.22 real, 1235 MB
[runlim] sample:		1439.58 time, 1440.22 real, 1236 MB
[runlim] sample:		1449.58 time, 1450.22 real, 1236 MB
[runlim] sample:		1459.58 time, 1460.22 real, 1237 MB
[runlim] sample:		1469.59 time, 1470.22 real, 1237 MB
[runlim] sample:		1479.58 time, 1480.22 real, 1238 MB
[runlim] sample:		1489.58 time, 1490.22 real, 1238 MB
[runlim] sample:		1499.58 time, 1500.22 real, 1239 MB
[runlim] sample:		1509.58 time, 1510.22 real, 1239 MB
[runlim] sample:		1519.58 time, 1520.22 real, 1240 MB
[runlim] sample:		1529.58 time, 1530.22 real, 1240 MB
[runlim] sample:		1539.58 time, 1540.22 real, 1264 MB
[runlim] sample:		1549.58 time, 1550.22 real, 1264 MB
[runlim] sample:		1559.58 time, 1560.22 real, 1264 MB
[runlim] sample:		1569.58 time, 1570.22 real, 1264 MB
[runlim] sample:		1579.58 time, 1580.22 real, 1264 MB
[runlim] sample:		1589.58 time, 1590.22 real, 1264 MB
[runlim] sample:		1599.58 time, 1600.22 real, 1264 MB
[runlim] sample:		1609.58 time, 1610.22 real, 1264 MB
[runlim] sample:		1619.58 time, 1620.22 real, 1264 MB
[runlim] sample:		1629.58 time, 1630.22 real, 1264 MB
[runlim] sample:		1639.58 time, 1640.22 real, 1264 MB
[runlim] sample:		1649.58 time, 1650.22 real, 1264 MB
[runlim] sample:		1659.58 time, 1660.22 real, 1264 MB
[runlim] sample:		1669.58 time, 1670.22 real, 1264 MB
[runlim] sample:		1679.58 time, 1680.22 real, 1264 MB
[runlim] sample:		1689.58 time, 1690.22 real, 1264 MB
[runlim] sample:		1699.58 time, 1700.22 real, 1264 MB
[runlim] sample:		1709.58 time, 1710.22 real, 1264 MB
[runlim] sample:		1719.58 time, 1720.22 real, 1264 MB
[runlim] sample:		1729.58 time, 1730.22 real, 1264 MB
[runlim] sample:		1739.58 time, 1740.22 real, 1264 MB
[runlim] sample:		1749.58 time, 1750.22 real, 1264 MB
[runlim] sample:		1759.58 time, 1760.22 real, 1264 MB
[runlim] sample:		1769.58 time, 1770.22 real, 1264 MB
[runlim] sample:		1779.58 time, 1780.22 real, 1264 MB
[runlim] sample:		1789.58 time, 1790.22 real, 1265 MB
[runlim] sample:		1799.58 time, 1800.22 real, 1265 MB
[runlim] sample:		1809.58 time, 1810.22 real, 1266 MB
[runlim] sample:		1819.58 time, 1820.22 real, 1266 MB
[runlim] sample:		1829.58 time, 1830.22 real, 1267 MB
[runlim] sample:		1839.58 time, 1840.22 real, 1267 MB
[runlim] sample:		1849.58 time, 1850.22 real, 1268 MB
[runlim] sample:		1859.57 time, 1860.22 real, 1268 MB
[runlim] sample:		1869.58 time, 1870.22 real, 1269 MB
[runlim] sample:		1879.58 time, 1880.22 real, 1269 MB
[runlim] sample:		1889.58 time, 1890.22 real, 1270 MB
[runlim] sample:		1899.58 time, 1900.22 real, 1270 MB
[runlim] sample:		1909.58 time, 1910.22 real, 1271 MB
[runlim] sample:		1919.58 time, 1920.22 real, 1271 MB
[runlim] sample:		1929.58 time, 1930.22 real, 1272 MB
[runlim] sample:		1939.58 time, 1940.22 real, 1272 MB
[runlim] sample:		1949.58 time, 1950.22 real, 1272 MB
[runlim] sample:		1959.58 time, 1960.22 real, 1273 MB
[runlim] sample:		1969.58 time, 1970.22 real, 1273 MB
[runlim] sample:		1979.58 time, 1980.22 real, 1274 MB
[runlim] sample:		1989.57 time, 1990.22 real, 1274 MB
[runlim] sample:		1999.58 time, 2000.22 real, 1275 MB
[runlim] sample:		2009.58 time, 2010.22 real, 1275 MB
[runlim] sample:		2019.58 time, 2020.22 real, 1276 MB
[runlim] sample:		2029.58 time, 2030.22 real, 1276 MB
[runlim] sample:		2039.58 time, 2040.22 real, 1276 MB
[runlim] sample:		2049.57 time, 2050.22 real, 1277 MB
[runlim] sample:		2059.58 time, 2060.22 real, 1277 MB
[runlim] sample:		2069.58 time, 2070.22 real, 1278 MB
[runlim] sample:		2079.58 time, 2080.22 real, 1278 MB
[runlim] sample:		2089.57 time, 2090.22 real, 1279 MB
[runlim] sample:		2099.58 time, 2100.22 real, 1279 MB
[runlim] sample:		2109.57 time, 2110.22 real, 1279 MB
[runlim] sample:		2119.57 time, 2120.22 real, 1280 MB
[runlim] sample:		2129.58 time, 2130.22 real, 1280 MB
[runlim] sample:		2139.58 time, 2140.22 real, 1281 MB
[runlim] sample:		2149.57 time, 2150.22 real, 1281 MB
[runlim] sample:		2159.57 time, 2160.22 real, 1282 MB
[runlim] sample:		2169.57 time, 2170.22 real, 1282 MB
[runlim] sample:		2179.57 time, 2180.22 real, 1282 MB
[runlim] sample:		2189.57 time, 2190.22 real, 1283 MB
[runlim] sample:		2199.57 time, 2200.22 real, 1283 MB
[runlim] sample:		2209.57 time, 2210.22 real, 1284 MB
[runlim] sample:		2219.57 time, 2220.22 real, 1284 MB
[runlim] sample:		2229.57 time, 2230.22 real, 1285 MB
[runlim] sample:		2239.57 time, 2240.22 real, 1285 MB
[runlim] sample:		2249.58 time, 2250.22 real, 1285 MB
[runlim] sample:		2259.57 time, 2260.22 real, 1286 MB
[runlim] sample:		2269.57 time, 2270.22 real, 1286 MB
[runlim] sample:		2279.57 time, 2280.22 real, 1287 MB
[runlim] sample:		2289.57 time, 2290.22 real, 1287 MB
[runlim] sample:		2299.57 time, 2300.22 real, 1288 MB
[runlim] sample:		2309.57 time, 2310.22 real, 1288 MB
[runlim] sample:		2319.57 time, 2320.22 real, 1289 MB
[runlim] sample:		2329.57 time, 2330.22 real, 1289 MB
[runlim] sample:		2339.57 time, 2340.22 real, 1289 MB
[runlim] sample:		2349.57 time, 2350.22 real, 1290 MB
[runlim] sample:		2359.57 time, 2360.22 real, 1290 MB
[runlim] sample:		2369.57 time, 2370.22 real, 1291 MB
[runlim] sample:		2379.57 time, 2380.22 real, 1291 MB
[runlim] sample:		2389.57 time, 2390.22 real, 1291 MB
[runlim] sample:		2399.57 time, 2400.22 real, 1292 MB
[runlim] sample:		2409.57 time, 2410.22 real, 1292 MB
[runlim] sample:		2419.57 time, 2420.22 real, 1293 MB
[runlim] sample:		2429.57 time, 2430.22 real, 1293 MB
[runlim] sample:		2439.57 time, 2440.22 real, 1293 MB
[runlim] sample:		2449.56 time, 2450.22 real, 1318 MB
[runlim] sample:		2459.56 time, 2460.22 real, 1318 MB
[runlim] sample:		2469.57 time, 2470.22 real, 1318 MB
[runlim] sample:		2479.57 time, 2480.22 real, 1318 MB
[runlim] sample:		2489.57 time, 2490.22 real, 1318 MB
[runlim] sample:		2499.57 time, 2500.22 real, 1318 MB
[runlim] sample:		2509.57 time, 2510.22 real, 1318 MB
[runlim] sample:		2519.57 time, 2520.22 real, 1318 MB
[runlim] sample:		2529.57 time, 2530.22 real, 1318 MB
[runlim] sample:		2539.56 time, 2540.22 real, 1318 MB
[runlim] sample:		2549.56 time, 2550.22 real, 1318 MB
[runlim] sample:		2559.57 time, 2560.22 real, 1318 MB
[runlim] sample:		2569.57 time, 2570.22 real, 1318 MB
[runlim] sample:		2579.57 time, 2580.22 real, 1318 MB
[runlim] sample:		2589.57 time, 2590.22 real, 1318 MB
[runlim] sample:		2599.56 time, 2600.22 real, 1318 MB
[runlim] sample:		2609.57 time, 2610.22 real, 1318 MB
[runlim] sample:		2619.57 time, 2620.22 real, 1318 MB
[runlim] sample:		2629.57 time, 2630.22 real, 1318 MB
[runlim] sample:		2639.57 time, 2640.22 real, 1318 MB
[runlim] sample:		2649.57 time, 2650.22 real, 1318 MB
[runlim] sample:		2659.57 time, 2660.22 real, 1318 MB
[runlim] sample:		2669.57 time, 2670.22 real, 1318 MB
[runlim] sample:		2679.57 time, 2680.22 real, 1318 MB
[runlim] sample:		2689.57 time, 2690.22 real, 1318 MB
[runlim] end:			Sat Feb 29 07:57:52 2020
[runlim] status:		out of time
[runlim] result:		2
[runlim] children:		1
[runlim] real:			2700.13 seconds
[runlim] time:			2699.37 seconds
[runlim] space:			1318 MB
[runlim] samples:		26998
