[runlim] version:		1.18
[runlim] host:			c3n13
[runlim] time limit:		2700 seconds
[runlim] real time limit:	2700 seconds
[runlim] space limit:		7000 MB
[runlim] argv[0]:		./binary
[runlim] argv[1]:		/data/cnf/ankit/E1-A1-instances/dungeon_i25-m12-u5-v0.pddl_planlen=98.qdimacs
[runlim] start:			Sat Feb 29 07:12:54 2020
[runlim] child:			17949
[runlim] sample:		10.00 time, 10.02 real, 210 MB
[runlim] sample:		19.99 time, 20.02 real, 203 MB
[runlim] sample:		29.99 time, 30.02 real, 567 MB
[runlim] sample:		39.99 time, 40.02 real, 770 MB
[runlim] sample:		49.99 time, 50.02 real, 779 MB
[runlim] sample:		60.00 time, 60.02 real, 782 MB
[runlim] sample:		69.99 time, 70.02 real, 784 MB
[runlim] sample:		79.99 time, 80.02 real, 787 MB
[runlim] sample:		89.99 time, 90.02 real, 789 MB
[runlim] sample:		100.00 time, 100.02 real, 791 MB
[runlim] sample:		109.99 time, 110.02 real, 793 MB
[runlim] sample:		119.99 time, 120.02 real, 795 MB
[runlim] sample:		129.99 time, 130.02 real, 797 MB
[runlim] sample:		139.99 time, 140.02 real, 799 MB
[runlim] sample:		149.99 time, 150.02 real, 800 MB
[runlim] sample:		159.99 time, 160.02 real, 802 MB
[runlim] sample:		169.99 time, 170.02 real, 803 MB
[runlim] sample:		179.99 time, 180.02 real, 805 MB
[runlim] sample:		189.99 time, 190.02 real, 807 MB
[runlim] sample:		199.99 time, 200.02 real, 808 MB
[runlim] sample:		209.99 time, 210.02 real, 809 MB
[runlim] sample:		219.99 time, 220.02 real, 811 MB
[runlim] sample:		229.99 time, 230.02 real, 812 MB
[runlim] sample:		239.99 time, 240.02 real, 814 MB
[runlim] sample:		249.98 time, 250.02 real, 815 MB
[runlim] sample:		259.98 time, 260.02 real, 816 MB
[runlim] sample:		269.98 time, 270.02 real, 818 MB
[runlim] sample:		279.99 time, 280.02 real, 819 MB
[runlim] sample:		289.99 time, 290.02 real, 820 MB
[runlim] sample:		299.99 time, 300.02 real, 821 MB
[runlim] sample:		309.99 time, 310.02 real, 822 MB
[runlim] sample:		319.99 time, 320.02 real, 824 MB
[runlim] sample:		329.98 time, 330.02 real, 825 MB
[runlim] sample:		339.99 time, 340.02 real, 826 MB
[runlim] sample:		350.09 time, 350.12 real, 827 MB
[runlim] sample:		360.09 time, 360.12 real, 828 MB
[runlim] sample:		370.08 time, 370.12 real, 829 MB
[runlim] sample:		380.09 time, 380.12 real, 830 MB
[runlim] sample:		390.08 time, 390.12 real, 831 MB
[runlim] sample:		400.08 time, 400.12 real, 832 MB
[runlim] sample:		410.09 time, 410.12 real, 833 MB
[runlim] sample:		420.08 time, 420.12 real, 834 MB
[runlim] sample:		430.08 time, 430.12 real, 835 MB
[runlim] sample:		440.18 time, 440.22 real, 837 MB
[runlim] sample:		450.28 time, 450.32 real, 837 MB
[runlim] sample:		460.28 time, 460.32 real, 838 MB
[runlim] sample:		470.28 time, 470.32 real, 839 MB
[runlim] sample:		480.28 time, 480.32 real, 840 MB
[runlim] sample:		490.28 time, 490.32 real, 841 MB
[runlim] sample:		500.28 time, 500.32 real, 842 MB
[runlim] sample:		510.28 time, 510.32 real, 843 MB
[runlim] sample:		520.29 time, 520.32 real, 844 MB
[runlim] sample:		530.29 time, 530.32 real, 845 MB
[runlim] sample:		540.29 time, 540.32 real, 845 MB
[runlim] sample:		550.28 time, 550.32 real, 846 MB
[runlim] sample:		560.28 time, 560.32 real, 847 MB
[runlim] sample:		570.28 time, 570.32 real, 848 MB
[runlim] sample:		580.28 time, 580.32 real, 849 MB
[runlim] sample:		590.28 time, 590.32 real, 850 MB
[runlim] sample:		600.28 time, 600.32 real, 850 MB
[runlim] sample:		610.28 time, 610.32 real, 851 MB
[runlim] sample:		620.28 time, 620.32 real, 852 MB
[runlim] sample:		630.28 time, 630.32 real, 853 MB
[runlim] sample:		640.28 time, 640.32 real, 854 MB
[runlim] sample:		650.28 time, 650.32 real, 854 MB
[runlim] sample:		660.28 time, 660.32 real, 855 MB
[runlim] sample:		670.28 time, 670.32 real, 856 MB
[runlim] sample:		680.28 time, 680.32 real, 857 MB
[runlim] sample:		690.28 time, 690.32 real, 858 MB
[runlim] sample:		700.28 time, 700.32 real, 858 MB
[runlim] sample:		710.28 time, 710.32 real, 859 MB
[runlim] sample:		720.28 time, 720.32 real, 860 MB
[runlim] sample:		730.28 time, 730.32 real, 861 MB
[runlim] sample:		740.28 time, 740.32 real, 861 MB
[runlim] sample:		750.27 time, 750.32 real, 862 MB
[runlim] sample:		760.27 time, 760.32 real, 863 MB
[runlim] sample:		770.27 time, 770.32 real, 864 MB
[runlim] sample:		780.28 time, 780.32 real, 864 MB
[runlim] sample:		790.28 time, 790.32 real, 865 MB
[runlim] sample:		800.28 time, 800.32 real, 866 MB
[runlim] sample:		810.28 time, 810.32 real, 866 MB
[runlim] sample:		820.28 time, 820.32 real, 867 MB
[runlim] sample:		830.28 time, 830.32 real, 868 MB
[runlim] sample:		840.28 time, 840.32 real, 869 MB
[runlim] sample:		850.28 time, 850.32 real, 869 MB
[runlim] sample:		860.28 time, 860.32 real, 870 MB
[runlim] sample:		870.27 time, 870.32 real, 871 MB
[runlim] sample:		880.27 time, 880.32 real, 871 MB
[runlim] sample:		890.27 time, 890.32 real, 872 MB
[runlim] sample:		900.28 time, 900.32 real, 873 MB
[runlim] sample:		910.28 time, 910.32 real, 873 MB
[runlim] sample:		920.28 time, 920.32 real, 874 MB
[runlim] sample:		930.28 time, 930.32 real, 875 MB
[runlim] sample:		940.28 time, 940.32 real, 875 MB
[runlim] sample:		950.27 time, 950.32 real, 876 MB
[runlim] sample:		960.27 time, 960.32 real, 876 MB
[runlim] sample:		970.27 time, 970.32 real, 877 MB
[runlim] sample:		980.27 time, 980.32 real, 878 MB
[runlim] sample:		990.28 time, 990.32 real, 878 MB
[runlim] sample:		1000.28 time, 1000.32 real, 879 MB
[runlim] sample:		1010.28 time, 1010.32 real, 880 MB
[runlim] sample:		1020.28 time, 1020.32 real, 880 MB
[runlim] sample:		1030.28 time, 1030.32 real, 881 MB
[runlim] sample:		1040.28 time, 1040.32 real, 882 MB
[runlim] sample:		1050.27 time, 1050.32 real, 882 MB
[runlim] sample:		1060.27 time, 1060.32 real, 883 MB
[runlim] sample:		1070.27 time, 1070.32 real, 883 MB
[runlim] sample:		1080.27 time, 1080.32 real, 884 MB
[runlim] sample:		1090.27 time, 1090.32 real, 884 MB
[runlim] sample:		1100.27 time, 1100.32 real, 885 MB
[runlim] sample:		1110.27 time, 1110.32 real, 886 MB
[runlim] sample:		1120.27 time, 1120.32 real, 886 MB
[runlim] sample:		1130.27 time, 1130.32 real, 887 MB
[runlim] sample:		1140.28 time, 1140.32 real, 887 MB
[runlim] sample:		1150.27 time, 1150.32 real, 888 MB
[runlim] sample:		1160.27 time, 1160.32 real, 888 MB
[runlim] sample:		1170.27 time, 1170.32 real, 889 MB
[runlim] sample:		1180.27 time, 1180.32 real, 890 MB
[runlim] sample:		1190.27 time, 1190.32 real, 890 MB
[runlim] sample:		1200.27 time, 1200.32 real, 891 MB
[runlim] sample:		1210.27 time, 1210.32 real, 891 MB
[runlim] sample:		1220.27 time, 1220.32 real, 892 MB
[runlim] sample:		1230.27 time, 1230.32 real, 892 MB
[runlim] sample:		1240.27 time, 1240.32 real, 893 MB
[runlim] sample:		1250.27 time, 1250.32 real, 894 MB
[runlim] sample:		1260.26 time, 1260.32 real, 894 MB
[runlim] sample:		1270.27 time, 1270.32 real, 895 MB
[runlim] sample:		1280.27 time, 1280.32 real, 895 MB
[runlim] sample:		1290.27 time, 1290.32 real, 896 MB
[runlim] sample:		1300.27 time, 1300.32 real, 896 MB
[runlim] sample:		1310.27 time, 1310.32 real, 897 MB
[runlim] sample:		1320.27 time, 1320.32 real, 897 MB
[runlim] sample:		1330.27 time, 1330.32 real, 898 MB
[runlim] sample:		1340.27 time, 1340.32 real, 898 MB
[runlim] sample:		1350.27 time, 1350.32 real, 899 MB
[runlim] sample:		1360.26 time, 1360.32 real, 900 MB
[runlim] sample:		1370.27 time, 1370.32 real, 900 MB
[runlim] sample:		1380.26 time, 1380.32 real, 901 MB
[runlim] sample:		1390.26 time, 1390.32 real, 901 MB
[runlim] sample:		1400.27 time, 1400.32 real, 902 MB
[runlim] sample:		1410.26 time, 1410.32 real, 902 MB
[runlim] sample:		1420.27 time, 1420.32 real, 903 MB
[runlim] sample:		1430.27 time, 1430.32 real, 903 MB
[runlim] sample:		1440.26 time, 1440.32 real, 904 MB
[runlim] sample:		1450.27 time, 1450.32 real, 904 MB
[runlim] sample:		1460.26 time, 1460.32 real, 905 MB
[runlim] sample:		1470.26 time, 1470.32 real, 905 MB
[runlim] sample:		1480.27 time, 1480.32 real, 906 MB
[runlim] sample:		1490.27 time, 1490.32 real, 906 MB
[runlim] sample:		1500.26 time, 1500.32 real, 907 MB
[runlim] sample:		1510.26 time, 1510.32 real, 907 MB
[runlim] sample:		1520.26 time, 1520.32 real, 908 MB
[runlim] sample:		1530.26 time, 1530.32 real, 908 MB
[runlim] sample:		1540.27 time, 1540.32 real, 909 MB
[runlim] sample:		1550.26 time, 1550.32 real, 909 MB
[runlim] sample:		1560.26 time, 1560.32 real, 910 MB
[runlim] sample:		1570.26 time, 1570.32 real, 910 MB
[runlim] sample:		1580.26 time, 1580.32 real, 911 MB
[runlim] sample:		1590.26 time, 1590.32 real, 911 MB
[runlim] sample:		1600.26 time, 1600.32 real, 912 MB
[runlim] sample:		1610.27 time, 1610.32 real, 912 MB
[runlim] sample:		1620.26 time, 1620.32 real, 913 MB
[runlim] sample:		1630.26 time, 1630.32 real, 913 MB
[runlim] sample:		1640.27 time, 1640.32 real, 914 MB
[runlim] sample:		1650.26 time, 1650.32 real, 914 MB
[runlim] sample:		1660.26 time, 1660.32 real, 915 MB
[runlim] sample:		1670.26 time, 1670.32 real, 915 MB
[runlim] sample:		1680.27 time, 1680.32 real, 916 MB
[runlim] sample:		1690.26 time, 1690.32 real, 916 MB
[runlim] sample:		1700.26 time, 1700.32 real, 916 MB
[runlim] sample:		1710.26 time, 1710.32 real, 917 MB
[runlim] sample:		1720.26 time, 1720.32 real, 917 MB
[runlim] sample:		1730.26 time, 1730.32 real, 918 MB
[runlim] sample:		1740.26 time, 1740.32 real, 918 MB
[runlim] sample:		1750.26 time, 1750.32 real, 919 MB
[runlim] sample:		1760.26 time, 1760.32 real, 919 MB
[runlim] sample:		1770.26 time, 1770.32 real, 920 MB
[runlim] sample:		1780.26 time, 1780.32 real, 920 MB
[runlim] sample:		1790.26 time, 1790.32 real, 921 MB
[runlim] sample:		1800.25 time, 1800.32 real, 921 MB
[runlim] sample:		1810.26 time, 1810.32 real, 922 MB
[runlim] sample:		1820.26 time, 1820.32 real, 922 MB
[runlim] sample:		1830.26 time, 1830.32 real, 922 MB
[runlim] sample:		1840.26 time, 1840.32 real, 923 MB
[runlim] sample:		1850.26 time, 1850.32 real, 923 MB
[runlim] sample:		1860.26 time, 1860.32 real, 924 MB
[runlim] sample:		1870.26 time, 1870.32 real, 924 MB
[runlim] sample:		1880.26 time, 1880.32 real, 925 MB
[runlim] sample:		1890.26 time, 1890.32 real, 925 MB
[runlim] sample:		1900.26 time, 1900.32 real, 926 MB
[runlim] sample:		1910.25 time, 1910.32 real, 926 MB
[runlim] sample:		1920.25 time, 1920.32 real, 926 MB
[runlim] sample:		1930.25 time, 1930.32 real, 927 MB
[runlim] sample:		1940.26 time, 1940.32 real, 927 MB
[runlim] sample:		1950.26 time, 1950.32 real, 928 MB
[runlim] sample:		1960.26 time, 1960.32 real, 928 MB
[runlim] sample:		1970.26 time, 1970.32 real, 929 MB
[runlim] sample:		1980.25 time, 1980.32 real, 929 MB
[runlim] sample:		1990.25 time, 1990.32 real, 929 MB
[runlim] sample:		2000.25 time, 2000.32 real, 930 MB
[runlim] sample:		2010.26 time, 2010.32 real, 930 MB
[runlim] sample:		2020.25 time, 2020.32 real, 931 MB
[runlim] sample:		2030.25 time, 2030.32 real, 931 MB
[runlim] sample:		2040.26 time, 2040.32 real, 932 MB
[runlim] sample:		2050.25 time, 2050.32 real, 932 MB
[runlim] sample:		2060.26 time, 2060.32 real, 932 MB
[runlim] sample:		2070.25 time, 2070.32 real, 933 MB
[runlim] sample:		2080.25 time, 2080.32 real, 933 MB
[runlim] sample:		2090.26 time, 2090.32 real, 934 MB
[runlim] sample:		2100.25 time, 2100.32 real, 934 MB
[runlim] sample:		2110.26 time, 2110.32 real, 934 MB
[runlim] sample:		2120.25 time, 2120.32 real, 935 MB
[runlim] sample:		2130.26 time, 2130.32 real, 935 MB
[runlim] sample:		2140.25 time, 2140.32 real, 936 MB
[runlim] sample:		2150.25 time, 2150.32 real, 936 MB
[runlim] sample:		2160.25 time, 2160.32 real, 937 MB
[runlim] sample:		2170.25 time, 2170.32 real, 937 MB
[runlim] sample:		2180.25 time, 2180.32 real, 937 MB
[runlim] sample:		2190.25 time, 2190.32 real, 938 MB
[runlim] sample:		2200.25 time, 2200.32 real, 938 MB
[runlim] sample:		2210.25 time, 2210.32 real, 939 MB
[runlim] sample:		2220.25 time, 2220.32 real, 939 MB
[runlim] sample:		2230.25 time, 2230.32 real, 939 MB
[runlim] sample:		2240.25 time, 2240.32 real, 940 MB
[runlim] sample:		2250.25 time, 2250.32 real, 940 MB
[runlim] sample:		2260.25 time, 2260.32 real, 941 MB
[runlim] sample:		2270.25 time, 2270.32 real, 941 MB
[runlim] sample:		2280.25 time, 2280.32 real, 941 MB
[runlim] sample:		2290.25 time, 2290.32 real, 942 MB
[runlim] sample:		2300.25 time, 2300.32 real, 942 MB
[runlim] sample:		2310.25 time, 2310.32 real, 943 MB
[runlim] sample:		2320.25 time, 2320.32 real, 943 MB
[runlim] sample:		2330.25 time, 2330.32 real, 949 MB
[runlim] sample:		2340.25 time, 2340.32 real, 952 MB
[runlim] sample:		2350.25 time, 2350.32 real, 954 MB
[runlim] sample:		2360.25 time, 2360.32 real, 956 MB
[runlim] sample:		2370.25 time, 2370.32 real, 958 MB
[runlim] sample:		2380.25 time, 2380.32 real, 960 MB
[runlim] sample:		2390.25 time, 2390.32 real, 962 MB
[runlim] sample:		2400.25 time, 2400.32 real, 964 MB
[runlim] sample:		2410.25 time, 2410.32 real, 966 MB
[runlim] sample:		2420.25 time, 2420.32 real, 967 MB
[runlim] sample:		2430.24 time, 2430.32 real, 969 MB
[runlim] sample:		2440.24 time, 2440.32 real, 971 MB
[runlim] sample:		2450.24 time, 2450.32 real, 972 MB
[runlim] sample:		2460.25 time, 2460.32 real, 974 MB
[runlim] sample:		2470.24 time, 2470.32 real, 975 MB
[runlim] sample:		2480.25 time, 2480.32 real, 976 MB
[runlim] sample:		2490.25 time, 2490.32 real, 978 MB
[runlim] sample:		2500.24 time, 2500.32 real, 979 MB
[runlim] sample:		2510.24 time, 2510.32 real, 980 MB
[runlim] sample:		2520.25 time, 2520.32 real, 982 MB
[runlim] sample:		2530.25 time, 2530.32 real, 983 MB
[runlim] sample:		2540.24 time, 2540.32 real, 984 MB
[runlim] sample:		2550.25 time, 2550.32 real, 986 MB
[runlim] sample:		2560.24 time, 2560.32 real, 987 MB
[runlim] sample:		2570.25 time, 2570.32 real, 988 MB
[runlim] sample:		2580.24 time, 2580.32 real, 989 MB
[runlim] sample:		2590.24 time, 2590.32 real, 990 MB
[runlim] sample:		2600.25 time, 2600.32 real, 991 MB
[runlim] sample:		2610.24 time, 2610.32 real, 992 MB
[runlim] sample:		2620.24 time, 2620.32 real, 994 MB
[runlim] sample:		2630.25 time, 2630.32 real, 995 MB
[runlim] sample:		2640.25 time, 2640.32 real, 996 MB
[runlim] sample:		2650.25 time, 2650.32 real, 997 MB
[runlim] sample:		2660.24 time, 2660.32 real, 998 MB
[runlim] sample:		2670.24 time, 2670.32 real, 999 MB
[runlim] sample:		2680.24 time, 2680.32 real, 1000 MB
[runlim] sample:		2690.24 time, 2690.32 real, 1001 MB
[runlim] end:			Sat Feb 29 07:57:54 2020
[runlim] status:		out of time
[runlim] result:		2
[runlim] children:		1
[runlim] real:			2700.14 seconds
[runlim] time:			2699.94 seconds
[runlim] space:			1002 MB
[runlim] samples:		26997
