[runlim] version:		1.18
[runlim] host:			c3n13
[runlim] time limit:		2700 seconds
[runlim] real time limit:	2700 seconds
[runlim] space limit:		7000 MB
[runlim] argv[0]:		./binary
[runlim] argv[1]:		/data/cnf/ankit/E1-A1-instances/eijkbs1512.qdimacs
[runlim] start:			Sat Feb 29 07:12:54 2020
[runlim] child:			17959
[runlim] sample:		9.59 time, 10.02 real, 58 MB
[runlim] sample:		19.59 time, 20.02 real, 106 MB
[runlim] sample:		29.59 time, 30.02 real, 118 MB
[runlim] sample:		39.59 time, 40.02 real, 136 MB
[runlim] sample:		49.58 time, 50.02 real, 162 MB
[runlim] sample:		59.59 time, 60.02 real, 175 MB
[runlim] sample:		69.59 time, 70.02 real, 183 MB
[runlim] sample:		79.58 time, 80.02 real, 195 MB
[runlim] sample:		89.59 time, 90.02 real, 214 MB
[runlim] sample:		99.58 time, 100.02 real, 238 MB
[runlim] sample:		109.58 time, 110.02 real, 265 MB
[runlim] sample:		119.59 time, 120.02 real, 279 MB
[runlim] sample:		129.58 time, 130.02 real, 290 MB
[runlim] sample:		139.59 time, 140.02 real, 311 MB
[runlim] sample:		149.59 time, 150.02 real, 311 MB
[runlim] sample:		159.59 time, 160.02 real, 311 MB
[runlim] sample:		169.58 time, 170.02 real, 312 MB
[runlim] sample:		179.58 time, 180.02 real, 314 MB
[runlim] sample:		189.58 time, 190.02 real, 318 MB
[runlim] sample:		199.58 time, 200.02 real, 320 MB
[runlim] sample:		209.59 time, 210.02 real, 324 MB
[runlim] sample:		219.58 time, 220.02 real, 326 MB
[runlim] sample:		229.58 time, 230.02 real, 328 MB
[runlim] sample:		239.59 time, 240.02 real, 330 MB
[runlim] sample:		249.58 time, 250.02 real, 332 MB
[runlim] sample:		259.58 time, 260.02 real, 334 MB
[runlim] sample:		269.58 time, 270.02 real, 337 MB
[runlim] sample:		279.58 time, 280.02 real, 343 MB
[runlim] sample:		289.59 time, 290.02 real, 348 MB
[runlim] sample:		299.58 time, 300.02 real, 357 MB
[runlim] sample:		309.59 time, 310.02 real, 415 MB
[runlim] sample:		319.59 time, 320.02 real, 415 MB
[runlim] sample:		329.59 time, 330.02 real, 415 MB
[runlim] sample:		339.59 time, 340.02 real, 415 MB
[runlim] sample:		349.69 time, 350.12 real, 415 MB
[runlim] sample:		359.69 time, 360.12 real, 415 MB
[runlim] sample:		369.69 time, 370.12 real, 417 MB
[runlim] sample:		379.68 time, 380.12 real, 419 MB
[runlim] sample:		389.68 time, 390.12 real, 426 MB
[runlim] sample:		399.68 time, 400.12 real, 426 MB
[runlim] sample:		409.68 time, 410.12 real, 428 MB
[runlim] sample:		419.68 time, 420.12 real, 430 MB
[runlim] sample:		429.69 time, 430.12 real, 433 MB
[runlim] sample:		439.71 time, 440.15 real, 434 MB
[runlim] sample:		449.88 time, 450.32 real, 437 MB
[runlim] sample:		459.88 time, 460.32 real, 442 MB
[runlim] sample:		469.88 time, 470.32 real, 447 MB
[runlim] sample:		479.89 time, 480.32 real, 452 MB
[runlim] sample:		489.88 time, 490.32 real, 455 MB
[runlim] sample:		499.88 time, 500.32 real, 460 MB
[runlim] sample:		509.88 time, 510.32 real, 463 MB
[runlim] sample:		519.88 time, 520.32 real, 467 MB
[runlim] sample:		529.88 time, 530.32 real, 470 MB
[runlim] sample:		539.89 time, 540.32 real, 473 MB
[runlim] sample:		549.88 time, 550.32 real, 476 MB
[runlim] sample:		559.88 time, 560.32 real, 479 MB
[runlim] sample:		569.88 time, 570.32 real, 482 MB
[runlim] sample:		579.88 time, 580.32 real, 484 MB
[runlim] sample:		589.89 time, 590.32 real, 486 MB
[runlim] sample:		599.88 time, 600.32 real, 488 MB
[runlim] sample:		609.88 time, 610.32 real, 490 MB
[runlim] sample:		619.88 time, 620.32 real, 492 MB
[runlim] sample:		629.88 time, 630.32 real, 494 MB
[runlim] sample:		639.88 time, 640.32 real, 496 MB
[runlim] sample:		649.88 time, 650.32 real, 499 MB
[runlim] sample:		659.88 time, 660.32 real, 501 MB
[runlim] sample:		669.88 time, 670.32 real, 502 MB
[runlim] sample:		679.88 time, 680.32 real, 504 MB
[runlim] sample:		689.88 time, 690.32 real, 506 MB
[runlim] sample:		699.88 time, 700.32 real, 508 MB
[runlim] sample:		709.88 time, 710.32 real, 510 MB
[runlim] sample:		719.88 time, 720.32 real, 512 MB
[runlim] sample:		729.88 time, 730.32 real, 514 MB
[runlim] sample:		739.88 time, 740.32 real, 516 MB
[runlim] sample:		749.88 time, 750.32 real, 517 MB
[runlim] sample:		759.88 time, 760.32 real, 519 MB
[runlim] sample:		769.88 time, 770.32 real, 520 MB
[runlim] sample:		779.87 time, 780.32 real, 522 MB
[runlim] sample:		789.88 time, 790.32 real, 524 MB
[runlim] sample:		799.88 time, 800.32 real, 526 MB
[runlim] sample:		809.88 time, 810.32 real, 527 MB
[runlim] sample:		819.88 time, 820.32 real, 529 MB
[runlim] sample:		829.88 time, 830.32 real, 530 MB
[runlim] sample:		839.88 time, 840.32 real, 532 MB
[runlim] sample:		849.88 time, 850.32 real, 533 MB
[runlim] sample:		859.88 time, 860.32 real, 535 MB
[runlim] sample:		869.87 time, 870.32 real, 536 MB
[runlim] sample:		879.88 time, 880.32 real, 538 MB
[runlim] sample:		889.87 time, 890.32 real, 539 MB
[runlim] sample:		899.88 time, 900.32 real, 541 MB
[runlim] sample:		909.88 time, 910.32 real, 543 MB
[runlim] sample:		919.87 time, 920.32 real, 558 MB
[runlim] sample:		929.88 time, 930.32 real, 626 MB
[runlim] sample:		939.88 time, 940.32 real, 626 MB
[runlim] sample:		949.88 time, 950.32 real, 626 MB
[runlim] sample:		959.88 time, 960.32 real, 626 MB
[runlim] sample:		969.88 time, 970.32 real, 626 MB
[runlim] sample:		979.88 time, 980.32 real, 626 MB
[runlim] sample:		989.88 time, 990.32 real, 626 MB
[runlim] sample:		999.88 time, 1000.32 real, 626 MB
[runlim] sample:		1009.88 time, 1010.32 real, 626 MB
[runlim] sample:		1019.88 time, 1020.32 real, 626 MB
[runlim] sample:		1029.88 time, 1030.32 real, 626 MB
[runlim] sample:		1039.88 time, 1040.32 real, 626 MB
[runlim] sample:		1049.88 time, 1050.32 real, 626 MB
[runlim] sample:		1059.88 time, 1060.32 real, 626 MB
[runlim] sample:		1069.87 time, 1070.32 real, 626 MB
[runlim] sample:		1079.87 time, 1080.32 real, 626 MB
[runlim] sample:		1089.87 time, 1090.32 real, 626 MB
[runlim] sample:		1099.87 time, 1100.32 real, 626 MB
[runlim] sample:		1109.88 time, 1110.32 real, 626 MB
[runlim] sample:		1119.88 time, 1120.32 real, 626 MB
[runlim] sample:		1129.88 time, 1130.32 real, 626 MB
[runlim] sample:		1139.88 time, 1140.32 real, 626 MB
[runlim] sample:		1149.88 time, 1150.32 real, 626 MB
[runlim] sample:		1159.88 time, 1160.32 real, 626 MB
[runlim] sample:		1169.88 time, 1170.32 real, 626 MB
[runlim] sample:		1179.88 time, 1180.32 real, 626 MB
[runlim] sample:		1189.88 time, 1190.32 real, 626 MB
[runlim] sample:		1199.88 time, 1200.32 real, 626 MB
[runlim] sample:		1209.88 time, 1210.32 real, 626 MB
[runlim] sample:		1219.88 time, 1220.32 real, 626 MB
[runlim] sample:		1229.88 time, 1230.32 real, 626 MB
[runlim] sample:		1239.88 time, 1240.32 real, 626 MB
[runlim] sample:		1249.88 time, 1250.32 real, 626 MB
[runlim] sample:		1259.88 time, 1260.32 real, 626 MB
[runlim] sample:		1269.88 time, 1270.32 real, 626 MB
[runlim] sample:		1279.88 time, 1280.32 real, 626 MB
[runlim] sample:		1289.88 time, 1290.32 real, 626 MB
[runlim] sample:		1299.88 time, 1300.32 real, 626 MB
[runlim] sample:		1309.88 time, 1310.32 real, 626 MB
[runlim] sample:		1319.88 time, 1320.32 real, 626 MB
[runlim] sample:		1329.88 time, 1330.32 real, 626 MB
[runlim] sample:		1339.88 time, 1340.32 real, 626 MB
[runlim] sample:		1349.88 time, 1350.32 real, 626 MB
[runlim] sample:		1359.88 time, 1360.32 real, 626 MB
[runlim] sample:		1369.88 time, 1370.32 real, 626 MB
[runlim] sample:		1379.88 time, 1380.32 real, 626 MB
[runlim] sample:		1389.88 time, 1390.32 real, 626 MB
[runlim] sample:		1399.88 time, 1400.32 real, 626 MB
[runlim] sample:		1409.88 time, 1410.32 real, 626 MB
[runlim] sample:		1419.88 time, 1420.32 real, 626 MB
[runlim] sample:		1429.88 time, 1430.32 real, 626 MB
[runlim] sample:		1439.88 time, 1440.32 real, 626 MB
[runlim] sample:		1449.88 time, 1450.32 real, 626 MB
[runlim] sample:		1459.88 time, 1460.32 real, 626 MB
[runlim] sample:		1469.88 time, 1470.32 real, 626 MB
[runlim] sample:		1479.88 time, 1480.32 real, 626 MB
[runlim] sample:		1489.88 time, 1490.32 real, 626 MB
[runlim] sample:		1499.88 time, 1500.32 real, 626 MB
[runlim] sample:		1509.88 time, 1510.32 real, 626 MB
[runlim] sample:		1519.88 time, 1520.32 real, 626 MB
[runlim] sample:		1529.88 time, 1530.32 real, 626 MB
[runlim] sample:		1539.88 time, 1540.32 real, 626 MB
[runlim] sample:		1549.88 time, 1550.32 real, 626 MB
[runlim] sample:		1559.88 time, 1560.32 real, 626 MB
[runlim] sample:		1569.88 time, 1570.32 real, 626 MB
[runlim] sample:		1579.88 time, 1580.32 real, 626 MB
[runlim] sample:		1589.88 time, 1590.32 real, 626 MB
[runlim] sample:		1599.88 time, 1600.32 real, 626 MB
[runlim] sample:		1609.88 time, 1610.32 real, 626 MB
[runlim] sample:		1619.88 time, 1620.32 real, 626 MB
[runlim] sample:		1629.88 time, 1630.32 real, 626 MB
[runlim] sample:		1639.88 time, 1640.32 real, 626 MB
[runlim] sample:		1649.88 time, 1650.32 real, 626 MB
[runlim] sample:		1659.88 time, 1660.32 real, 626 MB
[runlim] sample:		1669.88 time, 1670.32 real, 626 MB
[runlim] sample:		1679.87 time, 1680.32 real, 628 MB
[runlim] sample:		1689.88 time, 1690.32 real, 631 MB
[runlim] sample:		1699.87 time, 1700.32 real, 634 MB
[runlim] sample:		1709.87 time, 1710.32 real, 635 MB
[runlim] sample:		1719.87 time, 1720.32 real, 637 MB
[runlim] sample:		1729.87 time, 1730.32 real, 639 MB
[runlim] sample:		1739.87 time, 1740.32 real, 642 MB
[runlim] sample:		1749.87 time, 1750.32 real, 644 MB
[runlim] sample:		1759.87 time, 1760.32 real, 646 MB
[runlim] sample:		1769.88 time, 1770.32 real, 648 MB
[runlim] sample:		1779.88 time, 1780.32 real, 650 MB
[runlim] sample:		1789.88 time, 1790.32 real, 651 MB
[runlim] sample:		1799.87 time, 1800.32 real, 653 MB
[runlim] sample:		1809.87 time, 1810.32 real, 656 MB
[runlim] sample:		1819.87 time, 1820.32 real, 658 MB
[runlim] sample:		1829.87 time, 1830.32 real, 660 MB
[runlim] sample:		1839.87 time, 1840.32 real, 661 MB
[runlim] sample:		1849.87 time, 1850.32 real, 662 MB
[runlim] sample:		1859.87 time, 1860.32 real, 663 MB
[runlim] sample:		1869.87 time, 1870.32 real, 682 MB
[runlim] sample:		1879.87 time, 1880.32 real, 799 MB
[runlim] sample:		1889.87 time, 1890.32 real, 799 MB
[runlim] sample:		1899.87 time, 1900.32 real, 799 MB
[runlim] sample:		1909.87 time, 1910.32 real, 799 MB
[runlim] sample:		1919.87 time, 1920.32 real, 799 MB
[runlim] sample:		1929.87 time, 1930.32 real, 799 MB
[runlim] sample:		1939.87 time, 1940.32 real, 799 MB
[runlim] sample:		1949.87 time, 1950.32 real, 799 MB
[runlim] sample:		1959.87 time, 1960.32 real, 799 MB
[runlim] sample:		1969.87 time, 1970.32 real, 799 MB
[runlim] sample:		1979.87 time, 1980.32 real, 799 MB
[runlim] sample:		1989.87 time, 1990.32 real, 799 MB
[runlim] sample:		1999.87 time, 2000.32 real, 799 MB
[runlim] sample:		2009.87 time, 2010.32 real, 799 MB
[runlim] sample:		2019.87 time, 2020.32 real, 799 MB
[runlim] sample:		2029.87 time, 2030.32 real, 799 MB
[runlim] sample:		2039.87 time, 2040.32 real, 799 MB
[runlim] sample:		2049.87 time, 2050.32 real, 799 MB
[runlim] sample:		2059.87 time, 2060.32 real, 799 MB
[runlim] sample:		2069.87 time, 2070.32 real, 799 MB
[runlim] sample:		2079.87 time, 2080.32 real, 799 MB
[runlim] sample:		2089.87 time, 2090.32 real, 799 MB
[runlim] sample:		2099.87 time, 2100.32 real, 799 MB
[runlim] sample:		2109.87 time, 2110.32 real, 799 MB
[runlim] sample:		2119.87 time, 2120.32 real, 799 MB
[runlim] sample:		2129.87 time, 2130.32 real, 799 MB
[runlim] sample:		2139.87 time, 2140.32 real, 799 MB
[runlim] sample:		2149.87 time, 2150.32 real, 799 MB
[runlim] sample:		2159.87 time, 2160.32 real, 799 MB
[runlim] sample:		2169.87 time, 2170.32 real, 799 MB
[runlim] sample:		2179.87 time, 2180.32 real, 799 MB
[runlim] sample:		2189.87 time, 2190.32 real, 799 MB
[runlim] sample:		2199.87 time, 2200.32 real, 799 MB
[runlim] sample:		2209.86 time, 2210.32 real, 799 MB
[runlim] sample:		2219.86 time, 2220.32 real, 799 MB
[runlim] sample:		2229.87 time, 2230.32 real, 799 MB
[runlim] sample:		2239.87 time, 2240.32 real, 799 MB
[runlim] sample:		2249.87 time, 2250.32 real, 799 MB
[runlim] sample:		2259.87 time, 2260.32 real, 799 MB
[runlim] sample:		2269.87 time, 2270.32 real, 799 MB
[runlim] sample:		2279.87 time, 2280.32 real, 799 MB
[runlim] sample:		2289.87 time, 2290.32 real, 799 MB
[runlim] sample:		2299.87 time, 2300.32 real, 799 MB
[runlim] sample:		2309.87 time, 2310.32 real, 799 MB
[runlim] sample:		2319.86 time, 2320.32 real, 799 MB
[runlim] sample:		2329.87 time, 2330.32 real, 799 MB
[runlim] sample:		2339.87 time, 2340.32 real, 799 MB
[runlim] sample:		2349.87 time, 2350.32 real, 800 MB
[runlim] sample:		2359.87 time, 2360.32 real, 801 MB
[runlim] sample:		2369.87 time, 2370.32 real, 802 MB
[runlim] sample:		2379.87 time, 2380.32 real, 803 MB
[runlim] sample:		2389.87 time, 2390.32 real, 804 MB
[runlim] sample:		2399.86 time, 2400.32 real, 805 MB
[runlim] sample:		2409.87 time, 2410.32 real, 806 MB
[runlim] sample:		2419.87 time, 2420.32 real, 807 MB
[runlim] sample:		2429.86 time, 2430.32 real, 820 MB
[runlim] sample:		2439.87 time, 2440.32 real, 820 MB
[runlim] sample:		2449.87 time, 2450.32 real, 820 MB
[runlim] sample:		2459.87 time, 2460.32 real, 820 MB
[runlim] sample:		2469.87 time, 2470.32 real, 820 MB
[runlim] sample:		2479.87 time, 2480.32 real, 822 MB
[runlim] sample:		2489.86 time, 2490.32 real, 825 MB
[runlim] sample:		2499.86 time, 2500.32 real, 829 MB
[runlim] sample:		2509.87 time, 2510.32 real, 832 MB
[runlim] sample:		2519.86 time, 2520.32 real, 835 MB
[runlim] sample:		2529.87 time, 2530.32 real, 838 MB
[runlim] sample:		2539.86 time, 2540.32 real, 841 MB
[runlim] sample:		2549.87 time, 2550.32 real, 843 MB
[runlim] sample:		2559.87 time, 2560.32 real, 846 MB
[runlim] sample:		2569.87 time, 2570.32 real, 849 MB
[runlim] sample:		2579.87 time, 2580.32 real, 851 MB
[runlim] sample:		2589.87 time, 2590.32 real, 853 MB
[runlim] sample:		2599.87 time, 2600.32 real, 856 MB
[runlim] sample:		2609.87 time, 2610.32 real, 858 MB
[runlim] sample:		2619.87 time, 2620.32 real, 860 MB
[runlim] sample:		2629.86 time, 2630.32 real, 863 MB
[runlim] sample:		2639.86 time, 2640.32 real, 865 MB
[runlim] sample:		2649.86 time, 2650.32 real, 867 MB
[runlim] sample:		2659.87 time, 2660.32 real, 869 MB
[runlim] sample:		2669.86 time, 2670.32 real, 871 MB
[runlim] sample:		2679.86 time, 2680.32 real, 873 MB
[runlim] sample:		2689.86 time, 2690.32 real, 875 MB
[runlim] end:			Sat Feb 29 07:57:54 2020
[runlim] status:		out of time
[runlim] result:		2
[runlim] children:		1
[runlim] real:			2700.12 seconds
[runlim] time:			2699.56 seconds
[runlim] space:			876 MB
[runlim] samples:		26997
