[runlim] version:		1.18
[runlim] host:			c3n16
[runlim] time limit:		2700 seconds
[runlim] real time limit:	2700 seconds
[runlim] space limit:		7000 MB
[runlim] argv[0]:		./binary
[runlim] argv[1]:		/data/cnf/ankit/E1-A1-instances/hex_rand_6x6-20m-6.qdimacs
[runlim] start:			Sat Feb 29 07:12:55 2020
[runlim] child:			21637
[runlim] sample:		10.00 time, 10.02 real, 86 MB
[runlim] sample:		20.01 time, 20.02 real, 99 MB
[runlim] sample:		30.00 time, 30.02 real, 140 MB
[runlim] sample:		40.00 time, 40.02 real, 141 MB
[runlim] sample:		50.00 time, 50.02 real, 141 MB
[runlim] sample:		60.01 time, 60.02 real, 180 MB
[runlim] sample:		70.00 time, 70.02 real, 185 MB
[runlim] sample:		80.00 time, 80.02 real, 190 MB
[runlim] sample:		90.01 time, 90.02 real, 199 MB
[runlim] sample:		100.01 time, 100.02 real, 240 MB
[runlim] sample:		110.01 time, 110.02 real, 243 MB
[runlim] sample:		120.00 time, 120.02 real, 279 MB
[runlim] sample:		130.00 time, 130.02 real, 279 MB
[runlim] sample:		140.00 time, 140.02 real, 292 MB
[runlim] sample:		150.00 time, 150.02 real, 300 MB
[runlim] sample:		160.00 time, 160.02 real, 300 MB
[runlim] sample:		170.00 time, 170.02 real, 300 MB
[runlim] sample:		180.00 time, 180.02 real, 300 MB
[runlim] sample:		190.00 time, 190.02 real, 300 MB
[runlim] sample:		200.00 time, 200.02 real, 300 MB
[runlim] sample:		210.00 time, 210.02 real, 300 MB
[runlim] sample:		220.00 time, 220.02 real, 300 MB
[runlim] sample:		230.00 time, 230.02 real, 304 MB
[runlim] sample:		240.01 time, 240.02 real, 342 MB
[runlim] sample:		250.01 time, 250.02 real, 342 MB
[runlim] sample:		260.00 time, 260.02 real, 353 MB
[runlim] sample:		270.00 time, 270.02 real, 354 MB
[runlim] sample:		280.00 time, 280.02 real, 364 MB
[runlim] sample:		290.01 time, 290.02 real, 373 MB
[runlim] sample:		300.00 time, 300.02 real, 380 MB
[runlim] sample:		310.00 time, 310.02 real, 391 MB
[runlim] sample:		320.01 time, 320.02 real, 394 MB
[runlim] sample:		330.01 time, 330.02 real, 400 MB
[runlim] sample:		340.01 time, 340.02 real, 404 MB
[runlim] sample:		350.10 time, 350.12 real, 408 MB
[runlim] sample:		360.10 time, 360.12 real, 411 MB
[runlim] sample:		370.10 time, 370.12 real, 414 MB
[runlim] sample:		380.10 time, 380.12 real, 417 MB
[runlim] sample:		390.10 time, 390.12 real, 420 MB
[runlim] sample:		400.10 time, 400.12 real, 423 MB
[runlim] sample:		410.10 time, 410.12 real, 425 MB
[runlim] sample:		420.10 time, 420.12 real, 428 MB
[runlim] sample:		430.10 time, 430.12 real, 431 MB
[runlim] sample:		440.10 time, 440.12 real, 433 MB
[runlim] sample:		450.30 time, 450.32 real, 436 MB
[runlim] sample:		460.30 time, 460.32 real, 438 MB
[runlim] sample:		470.30 time, 470.32 real, 440 MB
[runlim] sample:		480.30 time, 480.32 real, 443 MB
[runlim] sample:		490.30 time, 490.32 real, 445 MB
[runlim] sample:		500.30 time, 500.32 real, 447 MB
[runlim] sample:		510.30 time, 510.32 real, 450 MB
[runlim] sample:		520.30 time, 520.32 real, 452 MB
[runlim] sample:		530.30 time, 530.32 real, 454 MB
[runlim] sample:		540.30 time, 540.32 real, 456 MB
[runlim] sample:		550.30 time, 550.32 real, 458 MB
[runlim] sample:		560.30 time, 560.32 real, 460 MB
[runlim] sample:		570.30 time, 570.32 real, 462 MB
[runlim] sample:		580.30 time, 580.32 real, 464 MB
[runlim] sample:		590.30 time, 590.32 real, 466 MB
[runlim] sample:		600.30 time, 600.32 real, 468 MB
[runlim] sample:		610.30 time, 610.32 real, 470 MB
[runlim] sample:		620.30 time, 620.32 real, 472 MB
[runlim] sample:		630.30 time, 630.32 real, 474 MB
[runlim] sample:		640.30 time, 640.32 real, 476 MB
[runlim] sample:		650.29 time, 650.32 real, 478 MB
[runlim] sample:		660.29 time, 660.32 real, 479 MB
[runlim] sample:		670.29 time, 670.32 real, 481 MB
[runlim] sample:		680.30 time, 680.32 real, 483 MB
[runlim] sample:		690.30 time, 690.32 real, 485 MB
[runlim] sample:		700.30 time, 700.32 real, 486 MB
[runlim] sample:		710.30 time, 710.32 real, 488 MB
[runlim] sample:		720.30 time, 720.32 real, 489 MB
[runlim] sample:		730.30 time, 730.32 real, 491 MB
[runlim] sample:		740.30 time, 740.32 real, 493 MB
[runlim] sample:		750.30 time, 750.32 real, 495 MB
[runlim] sample:		760.30 time, 760.32 real, 496 MB
[runlim] sample:		770.29 time, 770.32 real, 498 MB
[runlim] sample:		780.30 time, 780.32 real, 500 MB
[runlim] sample:		790.30 time, 790.32 real, 501 MB
[runlim] sample:		800.30 time, 800.32 real, 503 MB
[runlim] sample:		810.30 time, 810.32 real, 504 MB
[runlim] sample:		820.29 time, 820.32 real, 506 MB
[runlim] sample:		830.30 time, 830.32 real, 507 MB
[runlim] sample:		840.29 time, 840.32 real, 509 MB
[runlim] sample:		850.29 time, 850.32 real, 510 MB
[runlim] sample:		860.29 time, 860.32 real, 512 MB
[runlim] sample:		870.29 time, 870.32 real, 513 MB
[runlim] sample:		880.29 time, 880.32 real, 515 MB
[runlim] sample:		890.29 time, 890.32 real, 516 MB
[runlim] sample:		900.29 time, 900.32 real, 516 MB
[runlim] sample:		910.29 time, 910.32 real, 516 MB
[runlim] sample:		920.29 time, 920.32 real, 516 MB
[runlim] sample:		930.29 time, 930.32 real, 516 MB
[runlim] sample:		940.29 time, 940.32 real, 516 MB
[runlim] sample:		950.29 time, 950.32 real, 516 MB
[runlim] sample:		960.29 time, 960.32 real, 516 MB
[runlim] sample:		970.30 time, 970.32 real, 516 MB
[runlim] sample:		980.30 time, 980.32 real, 516 MB
[runlim] sample:		990.29 time, 990.32 real, 516 MB
[runlim] sample:		1000.29 time, 1000.32 real, 516 MB
[runlim] sample:		1010.29 time, 1010.32 real, 517 MB
[runlim] sample:		1020.29 time, 1020.32 real, 518 MB
[runlim] sample:		1030.29 time, 1030.32 real, 518 MB
[runlim] sample:		1040.29 time, 1040.32 real, 520 MB
[runlim] sample:		1050.30 time, 1050.32 real, 520 MB
[runlim] sample:		1060.30 time, 1060.32 real, 521 MB
[runlim] sample:		1070.29 time, 1070.32 real, 522 MB
[runlim] sample:		1080.29 time, 1080.32 real, 523 MB
[runlim] sample:		1090.29 time, 1090.32 real, 524 MB
[runlim] sample:		1100.29 time, 1100.32 real, 525 MB
[runlim] sample:		1110.29 time, 1110.32 real, 526 MB
[runlim] sample:		1120.29 time, 1120.32 real, 527 MB
[runlim] sample:		1130.29 time, 1130.32 real, 528 MB
[runlim] sample:		1140.29 time, 1140.32 real, 528 MB
[runlim] sample:		1150.29 time, 1150.32 real, 529 MB
[runlim] sample:		1160.29 time, 1160.32 real, 530 MB
[runlim] sample:		1170.29 time, 1170.32 real, 531 MB
[runlim] sample:		1180.29 time, 1180.32 real, 532 MB
[runlim] sample:		1190.29 time, 1190.32 real, 533 MB
[runlim] sample:		1200.29 time, 1200.32 real, 534 MB
[runlim] sample:		1210.29 time, 1210.32 real, 534 MB
[runlim] sample:		1220.29 time, 1220.32 real, 536 MB
[runlim] sample:		1230.29 time, 1230.32 real, 537 MB
[runlim] sample:		1240.29 time, 1240.32 real, 538 MB
[runlim] sample:		1250.29 time, 1250.32 real, 539 MB
[runlim] sample:		1260.29 time, 1260.32 real, 539 MB
[runlim] sample:		1270.28 time, 1270.32 real, 540 MB
[runlim] sample:		1280.28 time, 1280.32 real, 541 MB
[runlim] sample:		1290.29 time, 1290.32 real, 542 MB
[runlim] sample:		1300.28 time, 1300.32 real, 543 MB
[runlim] sample:		1310.28 time, 1310.32 real, 544 MB
[runlim] sample:		1320.28 time, 1320.32 real, 544 MB
[runlim] sample:		1330.28 time, 1330.32 real, 545 MB
[runlim] sample:		1340.29 time, 1340.32 real, 546 MB
[runlim] sample:		1350.29 time, 1350.32 real, 547 MB
[runlim] sample:		1360.28 time, 1360.32 real, 548 MB
[runlim] sample:		1370.28 time, 1370.32 real, 548 MB
[runlim] sample:		1380.28 time, 1380.32 real, 549 MB
[runlim] sample:		1390.28 time, 1390.32 real, 550 MB
[runlim] sample:		1400.28 time, 1400.32 real, 551 MB
[runlim] sample:		1410.28 time, 1410.32 real, 551 MB
[runlim] sample:		1420.28 time, 1420.32 real, 552 MB
[runlim] sample:		1430.28 time, 1430.32 real, 553 MB
[runlim] sample:		1440.28 time, 1440.32 real, 554 MB
[runlim] sample:		1450.28 time, 1450.32 real, 555 MB
[runlim] sample:		1460.28 time, 1460.32 real, 555 MB
[runlim] sample:		1470.27 time, 1470.32 real, 556 MB
[runlim] sample:		1480.27 time, 1480.32 real, 557 MB
[runlim] sample:		1490.27 time, 1490.32 real, 558 MB
[runlim] sample:		1500.28 time, 1500.32 real, 558 MB
[runlim] sample:		1510.28 time, 1510.32 real, 559 MB
[runlim] sample:		1520.28 time, 1520.32 real, 560 MB
[runlim] sample:		1530.28 time, 1530.32 real, 561 MB
[runlim] sample:		1540.28 time, 1540.32 real, 561 MB
[runlim] sample:		1550.27 time, 1550.32 real, 562 MB
[runlim] sample:		1560.27 time, 1560.32 real, 563 MB
[runlim] sample:		1570.28 time, 1570.32 real, 564 MB
[runlim] sample:		1580.28 time, 1580.32 real, 564 MB
[runlim] sample:		1590.27 time, 1590.32 real, 565 MB
[runlim] sample:		1600.28 time, 1600.32 real, 566 MB
[runlim] sample:		1610.28 time, 1610.32 real, 566 MB
[runlim] sample:		1620.28 time, 1620.32 real, 569 MB
[runlim] sample:		1630.28 time, 1630.32 real, 569 MB
[runlim] sample:		1640.28 time, 1640.32 real, 569 MB
[runlim] sample:		1650.28 time, 1650.32 real, 570 MB
[runlim] sample:		1660.28 time, 1660.32 real, 572 MB
[runlim] sample:		1670.28 time, 1670.32 real, 572 MB
[runlim] sample:		1680.27 time, 1680.32 real, 573 MB
[runlim] sample:		1690.27 time, 1690.32 real, 574 MB
[runlim] sample:		1700.27 time, 1700.32 real, 574 MB
[runlim] sample:		1710.27 time, 1710.32 real, 575 MB
[runlim] sample:		1720.28 time, 1720.32 real, 575 MB
[runlim] sample:		1730.28 time, 1730.32 real, 576 MB
[runlim] sample:		1740.28 time, 1740.32 real, 577 MB
[runlim] sample:		1750.28 time, 1750.32 real, 577 MB
[runlim] sample:		1760.27 time, 1760.32 real, 578 MB
[runlim] sample:		1770.27 time, 1770.32 real, 578 MB
[runlim] sample:		1780.27 time, 1780.32 real, 579 MB
[runlim] sample:		1790.27 time, 1790.32 real, 580 MB
[runlim] sample:		1800.27 time, 1800.32 real, 580 MB
[runlim] sample:		1810.27 time, 1810.32 real, 581 MB
[runlim] sample:		1820.27 time, 1820.32 real, 582 MB
[runlim] sample:		1830.28 time, 1830.32 real, 582 MB
[runlim] sample:		1840.28 time, 1840.32 real, 583 MB
[runlim] sample:		1850.28 time, 1850.32 real, 583 MB
[runlim] sample:		1860.27 time, 1860.32 real, 584 MB
[runlim] sample:		1870.27 time, 1870.32 real, 585 MB
[runlim] sample:		1880.27 time, 1880.32 real, 585 MB
[runlim] sample:		1890.28 time, 1890.32 real, 586 MB
[runlim] sample:		1900.28 time, 1900.32 real, 586 MB
[runlim] sample:		1910.27 time, 1910.32 real, 599 MB
[runlim] sample:		1920.27 time, 1920.32 real, 599 MB
[runlim] sample:		1930.27 time, 1930.32 real, 599 MB
[runlim] sample:		1940.27 time, 1940.32 real, 599 MB
[runlim] sample:		1950.27 time, 1950.32 real, 599 MB
[runlim] sample:		1960.27 time, 1960.32 real, 599 MB
[runlim] sample:		1970.27 time, 1970.32 real, 599 MB
[runlim] sample:		1980.27 time, 1980.32 real, 599 MB
[runlim] sample:		1990.27 time, 1990.32 real, 599 MB
[runlim] sample:		2000.27 time, 2000.32 real, 599 MB
[runlim] sample:		2010.27 time, 2010.32 real, 599 MB
[runlim] sample:		2020.27 time, 2020.32 real, 599 MB
[runlim] sample:		2030.28 time, 2030.32 real, 599 MB
[runlim] sample:		2040.28 time, 2040.32 real, 600 MB
[runlim] sample:		2050.28 time, 2050.32 real, 601 MB
[runlim] sample:		2060.28 time, 2060.32 real, 601 MB
[runlim] sample:		2070.28 time, 2070.32 real, 602 MB
[runlim] sample:		2080.28 time, 2080.32 real, 602 MB
[runlim] sample:		2090.28 time, 2090.32 real, 603 MB
[runlim] sample:		2100.28 time, 2100.32 real, 603 MB
[runlim] sample:		2110.28 time, 2110.32 real, 604 MB
[runlim] sample:		2120.28 time, 2120.32 real, 605 MB
[runlim] sample:		2130.27 time, 2130.32 real, 605 MB
[runlim] sample:		2140.27 time, 2140.32 real, 606 MB
[runlim] sample:		2150.27 time, 2150.32 real, 606 MB
[runlim] sample:		2160.27 time, 2160.32 real, 607 MB
[runlim] sample:		2170.28 time, 2170.32 real, 607 MB
[runlim] sample:		2180.28 time, 2180.32 real, 608 MB
[runlim] sample:		2190.28 time, 2190.32 real, 608 MB
[runlim] sample:		2200.28 time, 2200.32 real, 609 MB
[runlim] sample:		2210.28 time, 2210.32 real, 609 MB
[runlim] sample:		2220.28 time, 2220.32 real, 610 MB
[runlim] sample:		2230.27 time, 2230.32 real, 611 MB
[runlim] sample:		2240.27 time, 2240.32 real, 611 MB
[runlim] sample:		2250.27 time, 2250.32 real, 612 MB
[runlim] sample:		2260.27 time, 2260.32 real, 612 MB
[runlim] sample:		2270.27 time, 2270.32 real, 613 MB
[runlim] sample:		2280.28 time, 2280.32 real, 613 MB
[runlim] sample:		2290.28 time, 2290.32 real, 614 MB
[runlim] sample:		2300.28 time, 2300.32 real, 614 MB
[runlim] sample:		2310.28 time, 2310.32 real, 615 MB
[runlim] sample:		2320.27 time, 2320.32 real, 615 MB
[runlim] sample:		2330.27 time, 2330.32 real, 616 MB
[runlim] sample:		2340.27 time, 2340.32 real, 616 MB
[runlim] sample:		2350.27 time, 2350.32 real, 617 MB
[runlim] sample:		2360.27 time, 2360.32 real, 618 MB
[runlim] sample:		2370.27 time, 2370.32 real, 618 MB
[runlim] sample:		2380.27 time, 2380.32 real, 619 MB
[runlim] sample:		2390.27 time, 2390.32 real, 619 MB
[runlim] sample:		2400.27 time, 2400.32 real, 620 MB
[runlim] sample:		2410.27 time, 2410.32 real, 620 MB
[runlim] sample:		2420.27 time, 2420.32 real, 621 MB
[runlim] sample:		2430.27 time, 2430.32 real, 621 MB
[runlim] sample:		2440.27 time, 2440.32 real, 622 MB
[runlim] sample:		2450.27 time, 2450.32 real, 622 MB
[runlim] sample:		2460.27 time, 2460.32 real, 623 MB
[runlim] sample:		2470.27 time, 2470.32 real, 623 MB
[runlim] sample:		2480.27 time, 2480.32 real, 624 MB
[runlim] sample:		2490.27 time, 2490.32 real, 625 MB
[runlim] sample:		2500.27 time, 2500.32 real, 625 MB
[runlim] sample:		2510.27 time, 2510.32 real, 626 MB
[runlim] sample:		2520.27 time, 2520.32 real, 626 MB
[runlim] sample:		2530.27 time, 2530.32 real, 627 MB
[runlim] sample:		2540.27 time, 2540.32 real, 627 MB
[runlim] sample:		2550.27 time, 2550.32 real, 628 MB
[runlim] sample:		2560.27 time, 2560.32 real, 628 MB
[runlim] sample:		2570.27 time, 2570.32 real, 629 MB
[runlim] sample:		2580.27 time, 2580.32 real, 629 MB
[runlim] sample:		2590.27 time, 2590.32 real, 630 MB
[runlim] sample:		2600.27 time, 2600.32 real, 630 MB
[runlim] sample:		2610.27 time, 2610.32 real, 631 MB
[runlim] sample:		2620.27 time, 2620.32 real, 631 MB
[runlim] sample:		2630.27 time, 2630.32 real, 632 MB
[runlim] sample:		2640.27 time, 2640.32 real, 633 MB
[runlim] sample:		2650.27 time, 2650.32 real, 633 MB
[runlim] sample:		2660.27 time, 2660.32 real, 634 MB
[runlim] sample:		2670.27 time, 2670.32 real, 634 MB
[runlim] sample:		2680.27 time, 2680.32 real, 635 MB
[runlim] sample:		2690.27 time, 2690.32 real, 635 MB
[runlim] end:			Sat Feb 29 07:57:55 2020
[runlim] status:		out of time
[runlim] result:		2
[runlim] children:		1
[runlim] real:			2700.11 seconds
[runlim] time:			2699.97 seconds
[runlim] space:			636 MB
[runlim] samples:		26997
