[runlim] version:		1.18
[runlim] host:			c3n15
[runlim] time limit:		2700 seconds
[runlim] real time limit:	2700 seconds
[runlim] space limit:		7000 MB
[runlim] argv[0]:		./binary
[runlim] argv[1]:		/data/cnf/ankit/E1-A1-instances/hex_rand_6x6-20m-7.qdimacs
[runlim] start:			Sat Feb 29 07:12:52 2020
[runlim] child:			17684
[runlim] sample:		8.37 time, 10.02 real, 65 MB
[runlim] sample:		18.37 time, 20.02 real, 105 MB
[runlim] sample:		28.37 time, 30.01 real, 125 MB
[runlim] sample:		38.37 time, 40.02 real, 144 MB
[runlim] sample:		48.37 time, 50.02 real, 145 MB
[runlim] sample:		58.37 time, 60.02 real, 203 MB
[runlim] sample:		68.36 time, 70.02 real, 203 MB
[runlim] sample:		78.36 time, 80.02 real, 203 MB
[runlim] sample:		88.36 time, 90.02 real, 213 MB
[runlim] sample:		98.36 time, 100.02 real, 222 MB
[runlim] sample:		108.36 time, 110.02 real, 230 MB
[runlim] sample:		118.37 time, 120.02 real, 235 MB
[runlim] sample:		128.36 time, 130.01 real, 238 MB
[runlim] sample:		138.36 time, 140.02 real, 238 MB
[runlim] sample:		148.36 time, 150.02 real, 238 MB
[runlim] sample:		158.36 time, 160.02 real, 238 MB
[runlim] sample:		168.36 time, 170.02 real, 238 MB
[runlim] sample:		178.36 time, 180.02 real, 238 MB
[runlim] sample:		188.36 time, 190.02 real, 357 MB
[runlim] sample:		198.36 time, 200.02 real, 343 MB
[runlim] sample:		208.36 time, 210.02 real, 343 MB
[runlim] sample:		218.36 time, 220.02 real, 344 MB
[runlim] sample:		228.36 time, 230.02 real, 344 MB
[runlim] sample:		238.36 time, 240.02 real, 344 MB
[runlim] sample:		248.36 time, 250.02 real, 344 MB
[runlim] sample:		258.36 time, 260.02 real, 348 MB
[runlim] sample:		268.36 time, 270.02 real, 353 MB
[runlim] sample:		278.36 time, 280.02 real, 359 MB
[runlim] sample:		288.36 time, 290.02 real, 364 MB
[runlim] sample:		298.36 time, 300.02 real, 371 MB
[runlim] sample:		308.36 time, 310.02 real, 375 MB
[runlim] sample:		318.36 time, 320.02 real, 380 MB
[runlim] sample:		328.36 time, 330.02 real, 383 MB
[runlim] sample:		338.36 time, 340.02 real, 386 MB
[runlim] sample:		348.46 time, 350.12 real, 389 MB
[runlim] sample:		358.56 time, 360.22 real, 392 MB
[runlim] sample:		368.56 time, 370.22 real, 395 MB
[runlim] sample:		378.55 time, 380.22 real, 398 MB
[runlim] sample:		388.56 time, 390.22 real, 402 MB
[runlim] sample:		398.56 time, 400.22 real, 405 MB
[runlim] sample:		408.56 time, 410.22 real, 408 MB
[runlim] sample:		418.55 time, 420.22 real, 411 MB
[runlim] sample:		428.56 time, 430.22 real, 414 MB
[runlim] sample:		438.56 time, 440.22 real, 416 MB
[runlim] sample:		448.76 time, 450.42 real, 418 MB
[runlim] sample:		458.76 time, 460.42 real, 420 MB
[runlim] sample:		468.75 time, 470.42 real, 422 MB
[runlim] sample:		478.75 time, 480.42 real, 424 MB
[runlim] sample:		488.76 time, 490.42 real, 425 MB
[runlim] sample:		498.75 time, 500.42 real, 427 MB
[runlim] sample:		508.75 time, 510.42 real, 428 MB
[runlim] sample:		518.75 time, 520.42 real, 430 MB
[runlim] sample:		528.75 time, 530.42 real, 430 MB
[runlim] sample:		538.75 time, 540.42 real, 430 MB
[runlim] sample:		548.76 time, 550.42 real, 430 MB
[runlim] sample:		558.76 time, 560.42 real, 430 MB
[runlim] sample:		568.76 time, 570.42 real, 430 MB
[runlim] sample:		578.75 time, 580.42 real, 430 MB
[runlim] sample:		588.75 time, 590.42 real, 430 MB
[runlim] sample:		598.76 time, 600.42 real, 430 MB
[runlim] sample:		608.76 time, 610.42 real, 430 MB
[runlim] sample:		618.75 time, 620.42 real, 430 MB
[runlim] sample:		628.76 time, 630.42 real, 430 MB
[runlim] sample:		638.75 time, 640.42 real, 430 MB
[runlim] sample:		648.75 time, 650.42 real, 430 MB
[runlim] sample:		658.75 time, 660.42 real, 430 MB
[runlim] sample:		668.76 time, 670.42 real, 430 MB
[runlim] sample:		678.76 time, 680.42 real, 430 MB
[runlim] sample:		688.76 time, 690.42 real, 430 MB
[runlim] sample:		698.76 time, 700.42 real, 430 MB
[runlim] sample:		708.76 time, 710.42 real, 430 MB
[runlim] sample:		718.75 time, 720.42 real, 430 MB
[runlim] sample:		728.76 time, 730.42 real, 430 MB
[runlim] sample:		738.76 time, 740.42 real, 430 MB
[runlim] sample:		748.75 time, 750.42 real, 430 MB
[runlim] sample:		758.75 time, 760.42 real, 430 MB
[runlim] sample:		768.75 time, 770.42 real, 430 MB
[runlim] sample:		778.75 time, 780.42 real, 430 MB
[runlim] sample:		788.76 time, 790.42 real, 430 MB
[runlim] sample:		798.76 time, 800.42 real, 430 MB
[runlim] sample:		808.76 time, 810.42 real, 430 MB
[runlim] sample:		818.75 time, 820.42 real, 430 MB
[runlim] sample:		828.76 time, 830.42 real, 430 MB
[runlim] sample:		838.76 time, 840.42 real, 430 MB
[runlim] sample:		848.76 time, 850.42 real, 430 MB
[runlim] sample:		858.75 time, 860.42 real, 430 MB
[runlim] sample:		868.76 time, 870.42 real, 430 MB
[runlim] sample:		878.76 time, 880.42 real, 430 MB
[runlim] sample:		888.76 time, 890.42 real, 430 MB
[runlim] sample:		898.76 time, 900.42 real, 430 MB
[runlim] sample:		908.76 time, 910.42 real, 430 MB
[runlim] sample:		918.76 time, 920.42 real, 430 MB
[runlim] sample:		928.76 time, 930.42 real, 430 MB
[runlim] sample:		938.76 time, 940.42 real, 430 MB
[runlim] sample:		948.76 time, 950.42 real, 430 MB
[runlim] sample:		958.76 time, 960.42 real, 430 MB
[runlim] sample:		968.75 time, 970.42 real, 430 MB
[runlim] sample:		978.75 time, 980.42 real, 622 MB
[runlim] sample:		988.75 time, 990.42 real, 622 MB
[runlim] sample:		998.75 time, 1000.42 real, 622 MB
[runlim] sample:		1008.76 time, 1010.42 real, 622 MB
[runlim] sample:		1018.76 time, 1020.42 real, 622 MB
[runlim] sample:		1028.76 time, 1030.42 real, 622 MB
[runlim] sample:		1038.75 time, 1040.42 real, 622 MB
[runlim] sample:		1048.75 time, 1050.42 real, 622 MB
[runlim] sample:		1058.75 time, 1060.42 real, 622 MB
[runlim] sample:		1068.75 time, 1070.42 real, 622 MB
[runlim] sample:		1078.75 time, 1080.42 real, 622 MB
[runlim] sample:		1088.76 time, 1090.42 real, 622 MB
[runlim] sample:		1098.76 time, 1100.42 real, 622 MB
[runlim] sample:		1108.76 time, 1110.42 real, 622 MB
[runlim] sample:		1118.75 time, 1120.42 real, 622 MB
[runlim] sample:		1128.75 time, 1130.42 real, 622 MB
[runlim] sample:		1138.75 time, 1140.42 real, 622 MB
[runlim] sample:		1148.76 time, 1150.42 real, 622 MB
[runlim] sample:		1158.76 time, 1160.42 real, 622 MB
[runlim] sample:		1168.76 time, 1170.42 real, 622 MB
[runlim] sample:		1178.75 time, 1180.42 real, 622 MB
[runlim] sample:		1188.76 time, 1190.42 real, 622 MB
[runlim] sample:		1198.75 time, 1200.42 real, 622 MB
[runlim] sample:		1208.75 time, 1210.42 real, 622 MB
[runlim] sample:		1218.75 time, 1220.42 real, 622 MB
[runlim] sample:		1228.76 time, 1230.42 real, 622 MB
[runlim] sample:		1238.75 time, 1240.42 real, 622 MB
[runlim] sample:		1248.75 time, 1250.42 real, 622 MB
[runlim] sample:		1258.76 time, 1260.42 real, 622 MB
[runlim] sample:		1268.76 time, 1270.42 real, 622 MB
[runlim] sample:		1278.76 time, 1280.42 real, 622 MB
[runlim] sample:		1288.76 time, 1290.42 real, 622 MB
[runlim] sample:		1298.76 time, 1300.42 real, 622 MB
[runlim] sample:		1308.75 time, 1310.42 real, 622 MB
[runlim] sample:		1318.75 time, 1320.42 real, 622 MB
[runlim] sample:		1328.75 time, 1330.42 real, 622 MB
[runlim] sample:		1338.75 time, 1340.42 real, 622 MB
[runlim] sample:		1348.75 time, 1350.42 real, 622 MB
[runlim] sample:		1358.75 time, 1360.42 real, 622 MB
[runlim] sample:		1368.75 time, 1370.42 real, 622 MB
[runlim] sample:		1378.75 time, 1380.42 real, 622 MB
[runlim] sample:		1388.75 time, 1390.42 real, 622 MB
[runlim] sample:		1398.76 time, 1400.42 real, 622 MB
[runlim] sample:		1408.76 time, 1410.42 real, 622 MB
[runlim] sample:		1418.75 time, 1420.42 real, 622 MB
[runlim] sample:		1428.75 time, 1430.42 real, 622 MB
[runlim] sample:		1438.76 time, 1440.42 real, 622 MB
[runlim] sample:		1448.76 time, 1450.42 real, 622 MB
[runlim] sample:		1458.75 time, 1460.42 real, 622 MB
[runlim] sample:		1468.75 time, 1470.42 real, 622 MB
[runlim] sample:		1478.75 time, 1480.42 real, 622 MB
[runlim] sample:		1488.75 time, 1490.42 real, 622 MB
[runlim] sample:		1498.76 time, 1500.42 real, 622 MB
[runlim] sample:		1508.76 time, 1510.42 real, 622 MB
[runlim] sample:		1518.75 time, 1520.42 real, 622 MB
[runlim] sample:		1528.75 time, 1530.42 real, 622 MB
[runlim] sample:		1538.76 time, 1540.42 real, 622 MB
[runlim] sample:		1548.76 time, 1550.42 real, 622 MB
[runlim] sample:		1558.75 time, 1560.42 real, 622 MB
[runlim] sample:		1568.75 time, 1570.42 real, 622 MB
[runlim] sample:		1578.75 time, 1580.42 real, 622 MB
[runlim] sample:		1588.75 time, 1590.42 real, 622 MB
[runlim] sample:		1598.76 time, 1600.42 real, 622 MB
[runlim] sample:		1608.76 time, 1610.42 real, 622 MB
[runlim] sample:		1618.75 time, 1620.42 real, 622 MB
[runlim] sample:		1628.75 time, 1630.42 real, 622 MB
[runlim] sample:		1638.76 time, 1640.42 real, 622 MB
[runlim] sample:		1648.76 time, 1650.42 real, 622 MB
[runlim] sample:		1658.75 time, 1660.42 real, 622 MB
[runlim] sample:		1668.75 time, 1670.42 real, 622 MB
[runlim] sample:		1678.75 time, 1680.42 real, 622 MB
[runlim] sample:		1688.75 time, 1690.42 real, 622 MB
[runlim] sample:		1698.76 time, 1700.42 real, 622 MB
[runlim] sample:		1708.76 time, 1710.42 real, 622 MB
[runlim] sample:		1718.76 time, 1720.42 real, 622 MB
[runlim] sample:		1728.75 time, 1730.42 real, 622 MB
[runlim] sample:		1738.75 time, 1740.42 real, 622 MB
[runlim] sample:		1748.75 time, 1750.42 real, 622 MB
[runlim] sample:		1758.76 time, 1760.42 real, 622 MB
[runlim] sample:		1768.76 time, 1770.42 real, 622 MB
[runlim] sample:		1778.75 time, 1780.42 real, 622 MB
[runlim] sample:		1788.75 time, 1790.42 real, 622 MB
[runlim] sample:		1798.75 time, 1800.42 real, 622 MB
[runlim] sample:		1808.75 time, 1810.42 real, 622 MB
[runlim] sample:		1818.75 time, 1820.42 real, 622 MB
[runlim] sample:		1828.75 time, 1830.42 real, 622 MB
[runlim] sample:		1838.75 time, 1840.42 real, 622 MB
[runlim] sample:		1848.75 time, 1850.42 real, 622 MB
[runlim] sample:		1858.75 time, 1860.42 real, 622 MB
[runlim] sample:		1868.75 time, 1870.42 real, 622 MB
[runlim] sample:		1878.75 time, 1880.42 real, 622 MB
[runlim] sample:		1888.75 time, 1890.42 real, 622 MB
[runlim] sample:		1898.75 time, 1900.42 real, 622 MB
[runlim] sample:		1908.75 time, 1910.42 real, 622 MB
[runlim] sample:		1918.75 time, 1920.42 real, 622 MB
[runlim] sample:		1928.75 time, 1930.42 real, 622 MB
[runlim] sample:		1938.76 time, 1940.42 real, 622 MB
[runlim] sample:		1948.76 time, 1950.42 real, 622 MB
[runlim] sample:		1958.75 time, 1960.42 real, 622 MB
[runlim] sample:		1968.75 time, 1970.42 real, 622 MB
[runlim] sample:		1978.75 time, 1980.42 real, 622 MB
[runlim] sample:		1988.75 time, 1990.42 real, 622 MB
[runlim] sample:		1998.75 time, 2000.42 real, 622 MB
[runlim] sample:		2008.75 time, 2010.42 real, 622 MB
[runlim] sample:		2018.75 time, 2020.42 real, 622 MB
[runlim] sample:		2028.75 time, 2030.42 real, 622 MB
[runlim] sample:		2038.75 time, 2040.42 real, 622 MB
[runlim] sample:		2048.75 time, 2050.42 real, 622 MB
[runlim] sample:		2058.75 time, 2060.42 real, 622 MB
[runlim] sample:		2068.75 time, 2070.42 real, 622 MB
[runlim] sample:		2078.75 time, 2080.42 real, 622 MB
[runlim] sample:		2088.75 time, 2090.42 real, 622 MB
[runlim] sample:		2098.75 time, 2100.42 real, 622 MB
[runlim] sample:		2108.75 time, 2110.42 real, 622 MB
[runlim] sample:		2118.76 time, 2120.42 real, 622 MB
[runlim] sample:		2128.76 time, 2130.42 real, 622 MB
[runlim] sample:		2138.76 time, 2140.42 real, 622 MB
[runlim] sample:		2148.76 time, 2150.42 real, 622 MB
[runlim] sample:		2158.76 time, 2160.42 real, 622 MB
[runlim] sample:		2168.76 time, 2170.42 real, 622 MB
[runlim] sample:		2178.75 time, 2180.42 real, 622 MB
[runlim] sample:		2188.75 time, 2190.42 real, 622 MB
[runlim] sample:		2198.75 time, 2200.42 real, 622 MB
[runlim] sample:		2208.75 time, 2210.42 real, 622 MB
[runlim] sample:		2218.75 time, 2220.42 real, 622 MB
[runlim] sample:		2228.75 time, 2230.42 real, 622 MB
[runlim] sample:		2238.75 time, 2240.42 real, 622 MB
[runlim] sample:		2248.75 time, 2250.42 real, 622 MB
[runlim] sample:		2258.75 time, 2260.42 real, 622 MB
[runlim] sample:		2268.75 time, 2270.42 real, 622 MB
[runlim] sample:		2278.75 time, 2280.42 real, 622 MB
[runlim] sample:		2288.75 time, 2290.42 real, 622 MB
[runlim] sample:		2298.74 time, 2300.42 real, 622 MB
[runlim] sample:		2308.74 time, 2310.42 real, 622 MB
[runlim] sample:		2318.75 time, 2320.42 real, 622 MB
[runlim] sample:		2328.75 time, 2330.42 real, 622 MB
[runlim] sample:		2338.75 time, 2340.42 real, 622 MB
[runlim] sample:		2348.75 time, 2350.42 real, 622 MB
[runlim] sample:		2358.75 time, 2360.42 real, 622 MB
[runlim] sample:		2368.75 time, 2370.42 real, 622 MB
[runlim] sample:		2378.74 time, 2380.42 real, 622 MB
[runlim] sample:		2388.75 time, 2390.42 real, 622 MB
[runlim] sample:		2398.75 time, 2400.42 real, 622 MB
[runlim] sample:		2408.75 time, 2410.42 real, 622 MB
[runlim] sample:		2418.74 time, 2420.42 real, 622 MB
[runlim] sample:		2428.74 time, 2430.42 real, 622 MB
[runlim] sample:		2438.75 time, 2440.42 real, 622 MB
[runlim] sample:		2448.75 time, 2450.42 real, 622 MB
[runlim] sample:		2458.74 time, 2460.42 real, 622 MB
[runlim] sample:		2468.74 time, 2470.42 real, 622 MB
[runlim] sample:		2478.74 time, 2480.42 real, 622 MB
[runlim] sample:		2488.74 time, 2490.42 real, 622 MB
[runlim] sample:		2498.74 time, 2500.42 real, 622 MB
[runlim] sample:		2508.74 time, 2510.42 real, 622 MB
[runlim] sample:		2518.75 time, 2520.42 real, 622 MB
[runlim] sample:		2528.75 time, 2530.42 real, 622 MB
[runlim] sample:		2538.75 time, 2540.42 real, 622 MB
[runlim] sample:		2548.75 time, 2550.42 real, 622 MB
[runlim] sample:		2558.74 time, 2560.42 real, 622 MB
[runlim] sample:		2568.74 time, 2570.42 real, 622 MB
[runlim] sample:		2578.75 time, 2580.42 real, 622 MB
[runlim] sample:		2588.75 time, 2590.42 real, 622 MB
[runlim] sample:		2598.74 time, 2600.42 real, 622 MB
[runlim] sample:		2608.74 time, 2610.42 real, 622 MB
[runlim] sample:		2618.75 time, 2620.42 real, 622 MB
[runlim] sample:		2628.75 time, 2630.42 real, 622 MB
[runlim] sample:		2638.74 time, 2640.42 real, 622 MB
[runlim] sample:		2648.74 time, 2650.42 real, 622 MB
[runlim] sample:		2658.74 time, 2660.42 real, 622 MB
[runlim] sample:		2668.74 time, 2670.42 real, 622 MB
[runlim] sample:		2678.75 time, 2680.42 real, 622 MB
[runlim] sample:		2688.75 time, 2690.42 real, 622 MB
[runlim] end:			Sat Feb 29 07:57:52 2020
[runlim] status:		out of time
[runlim] result:		2
[runlim] children:		1
[runlim] real:			2700.13 seconds
[runlim] time:			2698.35 seconds
[runlim] space:			660 MB
[runlim] samples:		26996
