[runlim] version:		1.18
[runlim] host:			c3n16
[runlim] time limit:		2700 seconds
[runlim] real time limit:	2700 seconds
[runlim] space limit:		7000 MB
[runlim] argv[0]:		./binary
[runlim] argv[1]:		/data/cnf/ankit/E1-A1-instances/hex_rand_6x6-20m-0.qdimacs
[runlim] start:			Sat Feb 29 07:12:54 2020
[runlim] child:			21545
[runlim] sample:		9.98 time, 10.02 real, 82 MB
[runlim] sample:		19.98 time, 20.02 real, 86 MB
[runlim] sample:		29.98 time, 30.02 real, 146 MB
[runlim] sample:		39.98 time, 40.02 real, 147 MB
[runlim] sample:		49.98 time, 50.02 real, 148 MB
[runlim] sample:		59.98 time, 60.02 real, 148 MB
[runlim] sample:		69.98 time, 70.02 real, 196 MB
[runlim] sample:		79.98 time, 80.02 real, 196 MB
[runlim] sample:		89.98 time, 90.02 real, 196 MB
[runlim] sample:		99.98 time, 100.02 real, 199 MB
[runlim] sample:		109.98 time, 110.02 real, 203 MB
[runlim] sample:		119.98 time, 120.02 real, 207 MB
[runlim] sample:		129.99 time, 130.02 real, 210 MB
[runlim] sample:		139.98 time, 140.02 real, 213 MB
[runlim] sample:		149.98 time, 150.02 real, 215 MB
[runlim] sample:		159.98 time, 160.02 real, 217 MB
[runlim] sample:		169.98 time, 170.02 real, 217 MB
[runlim] sample:		179.98 time, 180.02 real, 217 MB
[runlim] sample:		189.98 time, 190.02 real, 217 MB
[runlim] sample:		199.98 time, 200.02 real, 217 MB
[runlim] sample:		209.98 time, 210.02 real, 217 MB
[runlim] sample:		219.98 time, 220.02 real, 217 MB
[runlim] sample:		229.98 time, 230.02 real, 217 MB
[runlim] sample:		239.98 time, 240.02 real, 217 MB
[runlim] sample:		249.98 time, 250.02 real, 313 MB
[runlim] sample:		259.98 time, 260.02 real, 300 MB
[runlim] sample:		269.98 time, 270.02 real, 300 MB
[runlim] sample:		279.98 time, 280.02 real, 300 MB
[runlim] sample:		289.98 time, 290.02 real, 300 MB
[runlim] sample:		299.98 time, 300.02 real, 300 MB
[runlim] sample:		309.98 time, 310.02 real, 300 MB
[runlim] sample:		319.98 time, 320.02 real, 301 MB
[runlim] sample:		329.98 time, 330.02 real, 301 MB
[runlim] sample:		339.98 time, 340.02 real, 301 MB
[runlim] sample:		350.08 time, 350.12 real, 301 MB
[runlim] sample:		360.08 time, 360.12 real, 301 MB
[runlim] sample:		370.08 time, 370.12 real, 327 MB
[runlim] sample:		380.09 time, 380.12 real, 327 MB
[runlim] sample:		390.09 time, 390.12 real, 327 MB
[runlim] sample:		400.09 time, 400.12 real, 327 MB
[runlim] sample:		410.09 time, 410.12 real, 327 MB
[runlim] sample:		420.09 time, 420.12 real, 327 MB
[runlim] sample:		430.09 time, 430.12 real, 327 MB
[runlim] sample:		440.09 time, 440.12 real, 328 MB
[runlim] sample:		450.28 time, 450.32 real, 331 MB
[runlim] sample:		460.29 time, 460.32 real, 333 MB
[runlim] sample:		470.28 time, 470.32 real, 335 MB
[runlim] sample:		480.28 time, 480.32 real, 338 MB
[runlim] sample:		490.29 time, 490.32 real, 340 MB
[runlim] sample:		500.29 time, 500.32 real, 342 MB
[runlim] sample:		510.28 time, 510.32 real, 344 MB
[runlim] sample:		520.28 time, 520.32 real, 368 MB
[runlim] sample:		530.29 time, 530.32 real, 391 MB
[runlim] sample:		540.29 time, 540.32 real, 391 MB
[runlim] sample:		550.29 time, 550.32 real, 391 MB
[runlim] sample:		560.29 time, 560.32 real, 391 MB
[runlim] sample:		570.29 time, 570.32 real, 391 MB
[runlim] sample:		580.29 time, 580.32 real, 391 MB
[runlim] sample:		590.29 time, 590.32 real, 391 MB
[runlim] sample:		600.29 time, 600.32 real, 391 MB
[runlim] sample:		610.29 time, 610.32 real, 391 MB
[runlim] sample:		620.29 time, 620.32 real, 391 MB
[runlim] sample:		630.29 time, 630.32 real, 393 MB
[runlim] sample:		640.28 time, 640.32 real, 395 MB
[runlim] sample:		650.28 time, 650.32 real, 397 MB
[runlim] sample:		660.28 time, 660.32 real, 399 MB
[runlim] sample:		670.28 time, 670.32 real, 406 MB
[runlim] sample:		680.28 time, 680.32 real, 407 MB
[runlim] sample:		690.29 time, 690.32 real, 429 MB
[runlim] sample:		700.29 time, 700.32 real, 447 MB
[runlim] sample:		710.29 time, 710.32 real, 447 MB
[runlim] sample:		720.29 time, 720.32 real, 447 MB
[runlim] sample:		730.29 time, 730.32 real, 447 MB
[runlim] sample:		740.29 time, 740.32 real, 447 MB
[runlim] sample:		750.29 time, 750.32 real, 447 MB
[runlim] sample:		760.29 time, 760.32 real, 447 MB
[runlim] sample:		770.29 time, 770.32 real, 447 MB
[runlim] sample:		780.29 time, 780.32 real, 448 MB
[runlim] sample:		790.28 time, 790.32 real, 451 MB
[runlim] sample:		800.29 time, 800.32 real, 453 MB
[runlim] sample:		810.28 time, 810.32 real, 456 MB
[runlim] sample:		820.29 time, 820.32 real, 458 MB
[runlim] sample:		830.28 time, 830.32 real, 461 MB
[runlim] sample:		840.28 time, 840.32 real, 465 MB
[runlim] sample:		850.28 time, 850.32 real, 507 MB
[runlim] sample:		860.28 time, 860.32 real, 507 MB
[runlim] sample:		870.28 time, 870.32 real, 507 MB
[runlim] sample:		880.28 time, 880.32 real, 507 MB
[runlim] sample:		890.28 time, 890.32 real, 507 MB
[runlim] sample:		900.28 time, 900.32 real, 507 MB
[runlim] sample:		910.28 time, 910.32 real, 507 MB
[runlim] sample:		920.28 time, 920.32 real, 507 MB
[runlim] sample:		930.28 time, 930.32 real, 507 MB
[runlim] sample:		940.28 time, 940.32 real, 509 MB
[runlim] sample:		950.29 time, 950.32 real, 512 MB
[runlim] sample:		960.29 time, 960.32 real, 514 MB
[runlim] sample:		970.28 time, 970.32 real, 517 MB
[runlim] sample:		980.29 time, 980.32 real, 519 MB
[runlim] sample:		990.28 time, 990.32 real, 526 MB
[runlim] sample:		1000.28 time, 1000.32 real, 559 MB
[runlim] sample:		1010.28 time, 1010.32 real, 559 MB
[runlim] sample:		1020.28 time, 1020.32 real, 559 MB
[runlim] sample:		1030.28 time, 1030.32 real, 559 MB
[runlim] sample:		1040.28 time, 1040.32 real, 559 MB
[runlim] sample:		1050.28 time, 1050.32 real, 559 MB
[runlim] sample:		1060.28 time, 1060.32 real, 559 MB
[runlim] sample:		1070.28 time, 1070.32 real, 559 MB
[runlim] sample:		1080.29 time, 1080.32 real, 560 MB
[runlim] sample:		1090.28 time, 1090.32 real, 590 MB
[runlim] sample:		1100.28 time, 1100.32 real, 590 MB
[runlim] sample:		1110.28 time, 1110.32 real, 590 MB
[runlim] sample:		1120.28 time, 1120.32 real, 590 MB
[runlim] sample:		1130.28 time, 1130.32 real, 590 MB
[runlim] sample:		1140.28 time, 1140.32 real, 590 MB
[runlim] sample:		1150.28 time, 1150.32 real, 590 MB
[runlim] sample:		1160.28 time, 1160.32 real, 590 MB
[runlim] sample:		1170.28 time, 1170.32 real, 590 MB
[runlim] sample:		1180.28 time, 1180.32 real, 590 MB
[runlim] sample:		1190.28 time, 1190.32 real, 590 MB
[runlim] sample:		1200.29 time, 1200.32 real, 590 MB
[runlim] sample:		1210.28 time, 1210.32 real, 590 MB
[runlim] sample:		1220.28 time, 1220.32 real, 591 MB
[runlim] sample:		1230.28 time, 1230.32 real, 594 MB
[runlim] sample:		1240.28 time, 1240.32 real, 597 MB
[runlim] sample:		1250.29 time, 1250.32 real, 600 MB
[runlim] sample:		1260.28 time, 1260.32 real, 603 MB
[runlim] sample:		1270.28 time, 1270.32 real, 606 MB
[runlim] sample:		1280.28 time, 1280.32 real, 608 MB
[runlim] sample:		1290.28 time, 1290.32 real, 611 MB
[runlim] sample:		1300.28 time, 1300.32 real, 614 MB
[runlim] sample:		1310.28 time, 1310.32 real, 616 MB
[runlim] sample:		1320.29 time, 1320.32 real, 619 MB
[runlim] sample:		1330.29 time, 1330.32 real, 621 MB
[runlim] sample:		1340.28 time, 1340.32 real, 624 MB
[runlim] sample:		1350.28 time, 1350.32 real, 626 MB
[runlim] sample:		1360.28 time, 1360.32 real, 628 MB
[runlim] sample:		1370.28 time, 1370.32 real, 631 MB
[runlim] sample:		1380.28 time, 1380.32 real, 633 MB
[runlim] sample:		1390.29 time, 1390.32 real, 635 MB
[runlim] sample:		1400.28 time, 1400.32 real, 637 MB
[runlim] sample:		1410.28 time, 1410.32 real, 639 MB
[runlim] sample:		1420.28 time, 1420.32 real, 641 MB
[runlim] sample:		1430.28 time, 1430.32 real, 643 MB
[runlim] sample:		1440.28 time, 1440.32 real, 646 MB
[runlim] sample:		1450.29 time, 1450.32 real, 647 MB
[runlim] sample:		1460.29 time, 1460.32 real, 649 MB
[runlim] sample:		1470.29 time, 1470.32 real, 651 MB
[runlim] sample:		1480.28 time, 1480.32 real, 653 MB
[runlim] sample:		1490.28 time, 1490.32 real, 655 MB
[runlim] sample:		1500.28 time, 1500.32 real, 657 MB
[runlim] sample:		1510.28 time, 1510.32 real, 659 MB
[runlim] sample:		1520.28 time, 1520.32 real, 661 MB
[runlim] sample:		1530.28 time, 1530.32 real, 663 MB
[runlim] sample:		1540.28 time, 1540.32 real, 665 MB
[runlim] sample:		1550.28 time, 1550.32 real, 666 MB
[runlim] sample:		1560.28 time, 1560.32 real, 668 MB
[runlim] sample:		1570.28 time, 1570.32 real, 670 MB
[runlim] sample:		1580.28 time, 1580.32 real, 672 MB
[runlim] sample:		1590.28 time, 1590.32 real, 673 MB
[runlim] sample:		1600.28 time, 1600.32 real, 675 MB
[runlim] sample:		1610.28 time, 1610.32 real, 677 MB
[runlim] sample:		1620.28 time, 1620.32 real, 679 MB
[runlim] sample:		1630.28 time, 1630.32 real, 680 MB
[runlim] sample:		1640.28 time, 1640.32 real, 682 MB
[runlim] sample:		1650.28 time, 1650.32 real, 684 MB
[runlim] sample:		1660.28 time, 1660.32 real, 685 MB
[runlim] sample:		1670.28 time, 1670.32 real, 687 MB
[runlim] sample:		1680.28 time, 1680.32 real, 688 MB
[runlim] sample:		1690.28 time, 1690.32 real, 690 MB
[runlim] sample:		1700.28 time, 1700.32 real, 691 MB
[runlim] sample:		1710.28 time, 1710.32 real, 693 MB
[runlim] sample:		1720.28 time, 1720.32 real, 695 MB
[runlim] sample:		1730.28 time, 1730.32 real, 696 MB
[runlim] sample:		1740.28 time, 1740.32 real, 698 MB
[runlim] sample:		1750.28 time, 1750.32 real, 699 MB
[runlim] sample:		1760.28 time, 1760.32 real, 700 MB
[runlim] sample:		1770.28 time, 1770.32 real, 702 MB
[runlim] sample:		1780.28 time, 1780.32 real, 704 MB
[runlim] sample:		1790.28 time, 1790.32 real, 716 MB
[runlim] sample:		1800.28 time, 1800.32 real, 716 MB
[runlim] sample:		1810.28 time, 1810.32 real, 716 MB
[runlim] sample:		1820.28 time, 1820.32 real, 716 MB
[runlim] sample:		1830.28 time, 1830.32 real, 716 MB
[runlim] sample:		1840.28 time, 1840.32 real, 718 MB
[runlim] sample:		1850.28 time, 1850.32 real, 719 MB
[runlim] sample:		1860.28 time, 1860.32 real, 721 MB
[runlim] sample:		1870.28 time, 1870.32 real, 722 MB
[runlim] sample:		1880.28 time, 1880.32 real, 723 MB
[runlim] sample:		1890.28 time, 1890.32 real, 725 MB
[runlim] sample:		1900.28 time, 1900.32 real, 726 MB
[runlim] sample:		1910.28 time, 1910.32 real, 727 MB
[runlim] sample:		1920.28 time, 1920.32 real, 729 MB
[runlim] sample:		1930.28 time, 1930.32 real, 730 MB
[runlim] sample:		1940.28 time, 1940.32 real, 731 MB
[runlim] sample:		1950.28 time, 1950.32 real, 733 MB
[runlim] sample:		1960.28 time, 1960.32 real, 734 MB
[runlim] sample:		1970.28 time, 1970.32 real, 735 MB
[runlim] sample:		1980.28 time, 1980.32 real, 737 MB
[runlim] sample:		1990.28 time, 1990.32 real, 738 MB
[runlim] sample:		2000.27 time, 2000.32 real, 739 MB
[runlim] sample:		2010.28 time, 2010.32 real, 740 MB
[runlim] sample:		2020.27 time, 2020.32 real, 742 MB
[runlim] sample:		2030.28 time, 2030.32 real, 743 MB
[runlim] sample:		2040.28 time, 2040.32 real, 744 MB
[runlim] sample:		2050.27 time, 2050.32 real, 745 MB
[runlim] sample:		2060.27 time, 2060.32 real, 747 MB
[runlim] sample:		2070.28 time, 2070.32 real, 748 MB
[runlim] sample:		2080.28 time, 2080.32 real, 749 MB
[runlim] sample:		2090.28 time, 2090.32 real, 750 MB
[runlim] sample:		2100.28 time, 2100.32 real, 752 MB
[runlim] sample:		2110.28 time, 2110.32 real, 753 MB
[runlim] sample:		2120.28 time, 2120.32 real, 754 MB
[runlim] sample:		2130.28 time, 2130.32 real, 755 MB
[runlim] sample:		2140.28 time, 2140.32 real, 756 MB
[runlim] sample:		2150.27 time, 2150.32 real, 758 MB
[runlim] sample:		2160.27 time, 2160.32 real, 759 MB
[runlim] sample:		2170.27 time, 2170.32 real, 760 MB
[runlim] sample:		2180.27 time, 2180.32 real, 761 MB
[runlim] sample:		2190.27 time, 2190.32 real, 762 MB
[runlim] sample:		2200.27 time, 2200.32 real, 764 MB
[runlim] sample:		2210.27 time, 2210.32 real, 765 MB
[runlim] sample:		2220.28 time, 2220.32 real, 766 MB
[runlim] sample:		2230.28 time, 2230.32 real, 767 MB
[runlim] sample:		2240.28 time, 2240.32 real, 768 MB
[runlim] sample:		2250.28 time, 2250.32 real, 769 MB
[runlim] sample:		2260.28 time, 2260.32 real, 770 MB
[runlim] sample:		2270.27 time, 2270.32 real, 772 MB
[runlim] sample:		2280.27 time, 2280.32 real, 773 MB
[runlim] sample:		2290.27 time, 2290.32 real, 774 MB
[runlim] sample:		2300.28 time, 2300.32 real, 775 MB
[runlim] sample:		2310.27 time, 2310.32 real, 776 MB
[runlim] sample:		2320.27 time, 2320.32 real, 777 MB
[runlim] sample:		2330.27 time, 2330.32 real, 778 MB
[runlim] sample:		2340.27 time, 2340.32 real, 779 MB
[runlim] sample:		2350.27 time, 2350.32 real, 781 MB
[runlim] sample:		2360.27 time, 2360.32 real, 782 MB
[runlim] sample:		2370.27 time, 2370.32 real, 782 MB
[runlim] sample:		2380.27 time, 2380.32 real, 784 MB
[runlim] sample:		2390.27 time, 2390.32 real, 785 MB
[runlim] sample:		2400.27 time, 2400.32 real, 786 MB
[runlim] sample:		2410.27 time, 2410.32 real, 787 MB
[runlim] sample:		2420.27 time, 2420.32 real, 788 MB
[runlim] sample:		2430.27 time, 2430.32 real, 789 MB
[runlim] sample:		2440.27 time, 2440.32 real, 790 MB
[runlim] sample:		2450.27 time, 2450.32 real, 791 MB
[runlim] sample:		2460.27 time, 2460.32 real, 793 MB
[runlim] sample:		2470.27 time, 2470.32 real, 794 MB
[runlim] sample:		2480.27 time, 2480.32 real, 795 MB
[runlim] sample:		2490.27 time, 2490.32 real, 796 MB
[runlim] sample:		2500.27 time, 2500.32 real, 797 MB
[runlim] sample:		2510.28 time, 2510.32 real, 798 MB
[runlim] sample:		2520.28 time, 2520.32 real, 799 MB
[runlim] sample:		2530.28 time, 2530.32 real, 800 MB
[runlim] sample:		2540.27 time, 2540.32 real, 801 MB
[runlim] sample:		2550.26 time, 2550.32 real, 802 MB
[runlim] sample:		2560.26 time, 2560.32 real, 803 MB
[runlim] sample:		2570.26 time, 2570.32 real, 805 MB
[runlim] sample:		2580.27 time, 2580.32 real, 806 MB
[runlim] sample:		2590.27 time, 2590.32 real, 807 MB
[runlim] sample:		2600.27 time, 2600.32 real, 808 MB
[runlim] sample:		2610.27 time, 2610.32 real, 809 MB
[runlim] sample:		2620.27 time, 2620.32 real, 810 MB
[runlim] sample:		2630.27 time, 2630.32 real, 811 MB
[runlim] sample:		2640.27 time, 2640.32 real, 812 MB
[runlim] sample:		2650.27 time, 2650.32 real, 813 MB
[runlim] sample:		2660.27 time, 2660.32 real, 814 MB
[runlim] sample:		2670.27 time, 2670.32 real, 815 MB
[runlim] sample:		2680.27 time, 2680.32 real, 816 MB
[runlim] sample:		2690.27 time, 2690.32 real, 817 MB
[runlim] end:			Sat Feb 29 07:57:54 2020
[runlim] status:		out of time
[runlim] result:		2
[runlim] children:		1
[runlim] real:			2700.12 seconds
[runlim] time:			2699.97 seconds
[runlim] space:			818 MB
[runlim] samples:		26997
