[runlim] version:		1.18
[runlim] host:			c3n15
[runlim] time limit:		2700 seconds
[runlim] real time limit:	2700 seconds
[runlim] space limit:		7000 MB
[runlim] argv[0]:		./binary
[runlim] argv[1]:		/data/cnf/ankit/E1-A1-instances/hex_rand_6x6-20m-8.qdimacs
[runlim] start:			Sat Feb 29 07:12:52 2020
[runlim] child:			17677
[runlim] sample:		8.36 time, 10.02 real, 80 MB
[runlim] sample:		18.36 time, 20.02 real, 118 MB
[runlim] sample:		28.36 time, 30.02 real, 137 MB
[runlim] sample:		38.37 time, 40.02 real, 161 MB
[runlim] sample:		48.37 time, 50.02 real, 162 MB
[runlim] sample:		58.36 time, 60.02 real, 222 MB
[runlim] sample:		68.37 time, 70.02 real, 221 MB
[runlim] sample:		78.37 time, 80.02 real, 221 MB
[runlim] sample:		88.36 time, 90.02 real, 230 MB
[runlim] sample:		98.36 time, 100.02 real, 239 MB
[runlim] sample:		108.36 time, 110.02 real, 245 MB
[runlim] sample:		118.36 time, 120.02 real, 252 MB
[runlim] sample:		128.36 time, 130.02 real, 258 MB
[runlim] sample:		138.36 time, 140.02 real, 262 MB
[runlim] sample:		148.36 time, 150.02 real, 262 MB
[runlim] sample:		158.36 time, 160.02 real, 262 MB
[runlim] sample:		168.36 time, 170.02 real, 262 MB
[runlim] sample:		178.36 time, 180.02 real, 262 MB
[runlim] sample:		188.36 time, 190.02 real, 262 MB
[runlim] sample:		198.36 time, 200.02 real, 262 MB
[runlim] sample:		208.36 time, 210.02 real, 262 MB
[runlim] sample:		218.36 time, 220.02 real, 376 MB
[runlim] sample:		228.36 time, 230.02 real, 376 MB
[runlim] sample:		238.36 time, 240.02 real, 376 MB
[runlim] sample:		248.36 time, 250.02 real, 376 MB
[runlim] sample:		258.36 time, 260.02 real, 376 MB
[runlim] sample:		268.36 time, 270.02 real, 376 MB
[runlim] sample:		278.36 time, 280.02 real, 376 MB
[runlim] sample:		288.36 time, 290.02 real, 376 MB
[runlim] sample:		298.36 time, 300.02 real, 376 MB
[runlim] sample:		308.36 time, 310.02 real, 376 MB
[runlim] sample:		318.36 time, 320.02 real, 376 MB
[runlim] sample:		328.36 time, 330.02 real, 376 MB
[runlim] sample:		338.36 time, 340.02 real, 376 MB
[runlim] sample:		348.46 time, 350.12 real, 382 MB
[runlim] sample:		358.46 time, 360.12 real, 383 MB
[runlim] sample:		368.46 time, 370.12 real, 383 MB
[runlim] sample:		378.46 time, 380.12 real, 384 MB
[runlim] sample:		388.46 time, 390.12 real, 387 MB
[runlim] sample:		398.46 time, 400.12 real, 389 MB
[runlim] sample:		408.46 time, 410.12 real, 390 MB
[runlim] sample:		418.46 time, 420.12 real, 392 MB
[runlim] sample:		428.45 time, 430.12 real, 394 MB
[runlim] sample:		438.45 time, 440.12 real, 396 MB
[runlim] sample:		448.66 time, 450.32 real, 397 MB
[runlim] sample:		458.66 time, 460.32 real, 399 MB
[runlim] sample:		468.65 time, 470.32 real, 400 MB
[runlim] sample:		478.66 time, 480.32 real, 401 MB
[runlim] sample:		488.66 time, 490.32 real, 403 MB
[runlim] sample:		498.66 time, 500.32 real, 404 MB
[runlim] sample:		508.65 time, 510.32 real, 405 MB
[runlim] sample:		518.65 time, 520.32 real, 407 MB
[runlim] sample:		528.66 time, 530.32 real, 408 MB
[runlim] sample:		538.65 time, 540.32 real, 409 MB
[runlim] sample:		548.66 time, 550.32 real, 410 MB
[runlim] sample:		558.66 time, 560.32 real, 412 MB
[runlim] sample:		568.66 time, 570.32 real, 413 MB
[runlim] sample:		578.66 time, 580.32 real, 414 MB
[runlim] sample:		588.66 time, 590.32 real, 415 MB
[runlim] sample:		598.66 time, 600.32 real, 416 MB
[runlim] sample:		608.66 time, 610.32 real, 418 MB
[runlim] sample:		618.66 time, 620.32 real, 419 MB
[runlim] sample:		628.65 time, 630.32 real, 420 MB
[runlim] sample:		638.65 time, 640.32 real, 421 MB
[runlim] sample:		648.65 time, 650.32 real, 422 MB
[runlim] sample:		658.66 time, 660.32 real, 423 MB
[runlim] sample:		668.65 time, 670.32 real, 424 MB
[runlim] sample:		678.66 time, 680.32 real, 425 MB
[runlim] sample:		688.65 time, 690.32 real, 426 MB
[runlim] sample:		698.65 time, 700.32 real, 427 MB
[runlim] sample:		708.65 time, 710.32 real, 428 MB
[runlim] sample:		718.65 time, 720.32 real, 429 MB
[runlim] sample:		728.65 time, 730.32 real, 430 MB
[runlim] sample:		738.65 time, 740.32 real, 431 MB
[runlim] sample:		748.65 time, 750.32 real, 432 MB
[runlim] sample:		758.65 time, 760.32 real, 433 MB
[runlim] sample:		768.66 time, 770.32 real, 434 MB
[runlim] sample:		778.66 time, 780.32 real, 435 MB
[runlim] sample:		788.65 time, 790.32 real, 436 MB
[runlim] sample:		798.65 time, 800.32 real, 437 MB
[runlim] sample:		808.65 time, 810.32 real, 438 MB
[runlim] sample:		818.66 time, 820.32 real, 439 MB
[runlim] sample:		828.65 time, 830.32 real, 440 MB
[runlim] sample:		838.65 time, 840.32 real, 441 MB
[runlim] sample:		848.65 time, 850.32 real, 442 MB
[runlim] sample:		858.65 time, 860.32 real, 442 MB
[runlim] sample:		868.65 time, 870.32 real, 443 MB
[runlim] sample:		878.65 time, 880.32 real, 444 MB
[runlim] sample:		888.65 time, 890.32 real, 445 MB
[runlim] sample:		898.65 time, 900.32 real, 446 MB
[runlim] sample:		908.65 time, 910.32 real, 446 MB
[runlim] sample:		918.65 time, 920.32 real, 447 MB
[runlim] sample:		928.65 time, 930.32 real, 448 MB
[runlim] sample:		938.65 time, 940.32 real, 449 MB
[runlim] sample:		948.65 time, 950.32 real, 450 MB
[runlim] sample:		958.64 time, 960.32 real, 450 MB
[runlim] sample:		968.64 time, 970.32 real, 451 MB
[runlim] sample:		978.64 time, 980.32 real, 452 MB
[runlim] sample:		988.64 time, 990.32 real, 453 MB
[runlim] sample:		998.65 time, 1000.32 real, 453 MB
[runlim] sample:		1008.65 time, 1010.32 real, 454 MB
[runlim] sample:		1018.65 time, 1020.32 real, 455 MB
[runlim] sample:		1028.65 time, 1030.32 real, 456 MB
[runlim] sample:		1038.65 time, 1040.32 real, 457 MB
[runlim] sample:		1048.65 time, 1050.32 real, 457 MB
[runlim] sample:		1058.64 time, 1060.32 real, 458 MB
[runlim] sample:		1068.64 time, 1070.32 real, 459 MB
[runlim] sample:		1078.65 time, 1080.32 real, 459 MB
[runlim] sample:		1088.65 time, 1090.32 real, 460 MB
[runlim] sample:		1098.65 time, 1100.32 real, 461 MB
[runlim] sample:		1108.64 time, 1110.32 real, 464 MB
[runlim] sample:		1118.65 time, 1120.32 real, 464 MB
[runlim] sample:		1128.65 time, 1130.32 real, 464 MB
[runlim] sample:		1138.65 time, 1140.32 real, 464 MB
[runlim] sample:		1148.65 time, 1150.32 real, 465 MB
[runlim] sample:		1158.65 time, 1160.32 real, 465 MB
[runlim] sample:		1168.65 time, 1170.32 real, 465 MB
[runlim] sample:		1178.65 time, 1180.32 real, 465 MB
[runlim] sample:		1188.65 time, 1190.32 real, 465 MB
[runlim] sample:		1198.65 time, 1200.32 real, 465 MB
[runlim] sample:		1208.65 time, 1210.32 real, 465 MB
[runlim] sample:		1218.65 time, 1220.32 real, 465 MB
[runlim] sample:		1228.65 time, 1230.32 real, 465 MB
[runlim] sample:		1238.64 time, 1240.32 real, 465 MB
[runlim] sample:		1248.64 time, 1250.32 real, 465 MB
[runlim] sample:		1258.64 time, 1260.32 real, 465 MB
[runlim] sample:		1268.64 time, 1270.32 real, 465 MB
[runlim] sample:		1278.64 time, 1280.32 real, 465 MB
[runlim] sample:		1288.64 time, 1290.32 real, 465 MB
[runlim] sample:		1298.65 time, 1300.32 real, 465 MB
[runlim] sample:		1308.65 time, 1310.32 real, 465 MB
[runlim] sample:		1318.65 time, 1320.32 real, 465 MB
[runlim] sample:		1328.64 time, 1330.32 real, 465 MB
[runlim] sample:		1338.64 time, 1340.32 real, 465 MB
[runlim] sample:		1348.64 time, 1350.32 real, 465 MB
[runlim] sample:		1358.65 time, 1360.32 real, 465 MB
[runlim] sample:		1368.65 time, 1370.32 real, 465 MB
[runlim] sample:		1378.65 time, 1380.32 real, 465 MB
[runlim] sample:		1388.64 time, 1390.32 real, 465 MB
[runlim] sample:		1398.64 time, 1400.32 real, 465 MB
[runlim] sample:		1408.64 time, 1410.32 real, 465 MB
[runlim] sample:		1418.64 time, 1420.32 real, 465 MB
[runlim] sample:		1428.64 time, 1430.32 real, 465 MB
[runlim] sample:		1438.64 time, 1440.32 real, 465 MB
[runlim] sample:		1448.64 time, 1450.32 real, 465 MB
[runlim] sample:		1458.64 time, 1460.32 real, 465 MB
[runlim] sample:		1468.64 time, 1470.32 real, 465 MB
[runlim] sample:		1478.64 time, 1480.32 real, 465 MB
[runlim] sample:		1488.64 time, 1490.32 real, 465 MB
[runlim] sample:		1498.64 time, 1500.32 real, 465 MB
[runlim] sample:		1508.65 time, 1510.32 real, 465 MB
[runlim] sample:		1518.65 time, 1520.32 real, 465 MB
[runlim] sample:		1528.65 time, 1530.32 real, 465 MB
[runlim] sample:		1538.64 time, 1540.32 real, 465 MB
[runlim] sample:		1548.64 time, 1550.32 real, 465 MB
[runlim] sample:		1558.64 time, 1560.32 real, 465 MB
[runlim] sample:		1568.64 time, 1570.32 real, 465 MB
[runlim] sample:		1578.64 time, 1580.32 real, 465 MB
[runlim] sample:		1588.64 time, 1590.32 real, 465 MB
[runlim] sample:		1598.64 time, 1600.32 real, 465 MB
[runlim] sample:		1608.64 time, 1610.32 real, 465 MB
[runlim] sample:		1618.64 time, 1620.32 real, 465 MB
[runlim] sample:		1628.65 time, 1630.32 real, 465 MB
[runlim] sample:		1638.65 time, 1640.32 real, 465 MB
[runlim] sample:		1648.65 time, 1650.32 real, 465 MB
[runlim] sample:		1658.65 time, 1660.32 real, 465 MB
[runlim] sample:		1668.65 time, 1670.32 real, 465 MB
[runlim] sample:		1678.65 time, 1680.32 real, 465 MB
[runlim] sample:		1688.65 time, 1690.32 real, 465 MB
[runlim] sample:		1698.65 time, 1700.32 real, 465 MB
[runlim] sample:		1708.65 time, 1710.32 real, 465 MB
[runlim] sample:		1718.65 time, 1720.32 real, 465 MB
[runlim] sample:		1728.65 time, 1730.32 real, 465 MB
[runlim] sample:		1738.65 time, 1740.32 real, 465 MB
[runlim] sample:		1748.65 time, 1750.32 real, 465 MB
[runlim] sample:		1758.65 time, 1760.32 real, 465 MB
[runlim] sample:		1768.65 time, 1770.32 real, 465 MB
[runlim] sample:		1778.65 time, 1780.32 real, 465 MB
[runlim] sample:		1788.65 time, 1790.32 real, 465 MB
[runlim] sample:		1798.65 time, 1800.32 real, 465 MB
[runlim] sample:		1808.64 time, 1810.32 real, 465 MB
[runlim] sample:		1818.64 time, 1820.32 real, 465 MB
[runlim] sample:		1828.64 time, 1830.32 real, 465 MB
[runlim] sample:		1838.64 time, 1840.32 real, 465 MB
[runlim] sample:		1848.64 time, 1850.32 real, 465 MB
[runlim] sample:		1858.64 time, 1860.32 real, 465 MB
[runlim] sample:		1868.64 time, 1870.32 real, 465 MB
[runlim] sample:		1878.64 time, 1880.32 real, 465 MB
[runlim] sample:		1888.64 time, 1890.32 real, 465 MB
[runlim] sample:		1898.64 time, 1900.32 real, 465 MB
[runlim] sample:		1908.64 time, 1910.32 real, 465 MB
[runlim] sample:		1918.64 time, 1920.32 real, 465 MB
[runlim] sample:		1928.64 time, 1930.32 real, 465 MB
[runlim] sample:		1938.65 time, 1940.32 real, 465 MB
[runlim] sample:		1948.65 time, 1950.32 real, 465 MB
[runlim] sample:		1958.65 time, 1960.32 real, 465 MB
[runlim] sample:		1968.65 time, 1970.32 real, 465 MB
[runlim] sample:		1978.65 time, 1980.32 real, 465 MB
[runlim] sample:		1988.65 time, 1990.32 real, 465 MB
[runlim] sample:		1998.64 time, 2000.32 real, 465 MB
[runlim] sample:		2008.64 time, 2010.32 real, 465 MB
[runlim] sample:		2018.64 time, 2020.32 real, 465 MB
[runlim] sample:		2028.64 time, 2030.32 real, 465 MB
[runlim] sample:		2038.64 time, 2040.32 real, 465 MB
[runlim] sample:		2048.64 time, 2050.32 real, 465 MB
[runlim] sample:		2058.64 time, 2060.32 real, 465 MB
[runlim] sample:		2068.64 time, 2070.32 real, 465 MB
[runlim] sample:		2078.64 time, 2080.32 real, 465 MB
[runlim] sample:		2088.64 time, 2090.32 real, 465 MB
[runlim] sample:		2098.64 time, 2100.32 real, 465 MB
[runlim] sample:		2108.64 time, 2110.32 real, 465 MB
[runlim] sample:		2118.64 time, 2120.32 real, 465 MB
[runlim] sample:		2128.64 time, 2130.32 real, 465 MB
[runlim] sample:		2138.64 time, 2140.32 real, 465 MB
[runlim] sample:		2148.64 time, 2150.32 real, 465 MB
[runlim] sample:		2158.64 time, 2160.32 real, 465 MB
[runlim] sample:		2168.64 time, 2170.32 real, 465 MB
[runlim] sample:		2178.64 time, 2180.32 real, 465 MB
[runlim] sample:		2188.64 time, 2190.32 real, 465 MB
[runlim] sample:		2198.64 time, 2200.32 real, 465 MB
[runlim] sample:		2208.64 time, 2210.32 real, 465 MB
[runlim] sample:		2218.64 time, 2220.32 real, 465 MB
[runlim] sample:		2228.64 time, 2230.32 real, 465 MB
[runlim] sample:		2238.64 time, 2240.32 real, 465 MB
[runlim] sample:		2248.64 time, 2250.32 real, 465 MB
[runlim] sample:		2258.64 time, 2260.32 real, 465 MB
[runlim] sample:		2268.64 time, 2270.32 real, 465 MB
[runlim] sample:		2278.64 time, 2280.32 real, 465 MB
[runlim] sample:		2288.64 time, 2290.32 real, 465 MB
[runlim] sample:		2298.64 time, 2300.32 real, 465 MB
[runlim] sample:		2308.64 time, 2310.32 real, 465 MB
[runlim] sample:		2318.64 time, 2320.32 real, 465 MB
[runlim] sample:		2328.64 time, 2330.32 real, 465 MB
[runlim] sample:		2338.64 time, 2340.32 real, 465 MB
[runlim] sample:		2348.63 time, 2350.32 real, 465 MB
[runlim] sample:		2358.63 time, 2360.32 real, 465 MB
[runlim] sample:		2368.63 time, 2370.32 real, 465 MB
[runlim] sample:		2378.63 time, 2380.32 real, 465 MB
[runlim] sample:		2388.64 time, 2390.32 real, 465 MB
[runlim] sample:		2398.64 time, 2400.32 real, 465 MB
[runlim] sample:		2408.64 time, 2410.32 real, 465 MB
[runlim] sample:		2418.64 time, 2420.32 real, 465 MB
[runlim] sample:		2428.64 time, 2430.32 real, 465 MB
[runlim] sample:		2438.64 time, 2440.32 real, 465 MB
[runlim] sample:		2448.64 time, 2450.32 real, 465 MB
[runlim] sample:		2458.64 time, 2460.32 real, 465 MB
[runlim] sample:		2468.64 time, 2470.32 real, 465 MB
[runlim] sample:		2478.64 time, 2480.32 real, 465 MB
[runlim] sample:		2488.64 time, 2490.32 real, 465 MB
[runlim] sample:		2498.64 time, 2500.32 real, 465 MB
[runlim] sample:		2508.63 time, 2510.32 real, 465 MB
[runlim] sample:		2518.63 time, 2520.32 real, 465 MB
[runlim] sample:		2528.64 time, 2530.32 real, 585 MB
[runlim] sample:		2538.64 time, 2540.32 real, 669 MB
[runlim] sample:		2548.64 time, 2550.32 real, 675 MB
[runlim] sample:		2558.63 time, 2560.32 real, 675 MB
[runlim] sample:		2568.63 time, 2570.32 real, 675 MB
[runlim] sample:		2578.63 time, 2580.32 real, 675 MB
[runlim] sample:		2588.63 time, 2590.32 real, 675 MB
[runlim] sample:		2598.64 time, 2600.32 real, 675 MB
[runlim] sample:		2608.64 time, 2610.32 real, 675 MB
[runlim] sample:		2618.63 time, 2620.32 real, 675 MB
[runlim] sample:		2628.63 time, 2630.32 real, 675 MB
[runlim] sample:		2638.64 time, 2640.32 real, 675 MB
[runlim] sample:		2648.64 time, 2650.32 real, 675 MB
[runlim] sample:		2658.63 time, 2660.32 real, 675 MB
[runlim] sample:		2668.63 time, 2670.32 real, 675 MB
[runlim] sample:		2678.63 time, 2680.32 real, 675 MB
[runlim] sample:		2688.63 time, 2690.32 real, 675 MB
[runlim] end:			Sat Feb 29 07:57:52 2020
[runlim] status:		out of time
[runlim] result:		2
[runlim] children:		1
[runlim] real:			2700.13 seconds
[runlim] time:			2698.33 seconds
[runlim] space:			712 MB
[runlim] samples:		26997
