[runlim] version:		1.18
[runlim] host:			c3n15
[runlim] time limit:		2700 seconds
[runlim] real time limit:	2700 seconds
[runlim] space limit:		7000 MB
[runlim] argv[0]:		./binary
[runlim] argv[1]:		/data/cnf/ankit/E1-A1-instances/intermediate128.qdimacs
[runlim] start:			Sat Feb 29 07:12:52 2020
[runlim] child:			17678
[runlim] sample:		8.36 time, 10.02 real, 51 MB
[runlim] sample:		18.36 time, 20.02 real, 100 MB
[runlim] sample:		28.35 time, 30.02 real, 115 MB
[runlim] sample:		38.36 time, 40.02 real, 151 MB
[runlim] sample:		48.36 time, 50.02 real, 151 MB
[runlim] sample:		58.35 time, 60.02 real, 192 MB
[runlim] sample:		68.36 time, 70.02 real, 197 MB
[runlim] sample:		78.36 time, 80.02 real, 197 MB
[runlim] sample:		88.36 time, 90.02 real, 198 MB
[runlim] sample:		98.36 time, 100.02 real, 198 MB
[runlim] sample:		108.36 time, 110.02 real, 199 MB
[runlim] sample:		118.35 time, 120.02 real, 203 MB
[runlim] sample:		128.35 time, 130.02 real, 284 MB
[runlim] sample:		138.35 time, 140.02 real, 284 MB
[runlim] sample:		148.35 time, 150.02 real, 284 MB
[runlim] sample:		158.35 time, 160.02 real, 284 MB
[runlim] sample:		168.35 time, 170.02 real, 284 MB
[runlim] sample:		178.35 time, 180.02 real, 284 MB
[runlim] sample:		188.35 time, 190.02 real, 284 MB
[runlim] sample:		198.35 time, 200.02 real, 284 MB
[runlim] sample:		208.35 time, 210.02 real, 285 MB
[runlim] sample:		218.35 time, 220.02 real, 285 MB
[runlim] sample:		228.35 time, 230.02 real, 285 MB
[runlim] sample:		238.35 time, 240.02 real, 285 MB
[runlim] sample:		248.35 time, 250.02 real, 285 MB
[runlim] sample:		258.35 time, 260.02 real, 285 MB
[runlim] sample:		268.35 time, 270.02 real, 286 MB
[runlim] sample:		278.35 time, 280.02 real, 288 MB
[runlim] sample:		288.36 time, 290.02 real, 290 MB
[runlim] sample:		298.36 time, 300.02 real, 292 MB
[runlim] sample:		308.36 time, 310.02 real, 293 MB
[runlim] sample:		318.36 time, 320.02 real, 295 MB
[runlim] sample:		328.35 time, 330.02 real, 298 MB
[runlim] sample:		338.35 time, 340.02 real, 301 MB
[runlim] sample:		348.43 time, 350.12 real, 302 MB
[runlim] sample:		358.50 time, 360.22 real, 304 MB
[runlim] sample:		368.51 time, 370.22 real, 305 MB
[runlim] sample:		378.50 time, 380.22 real, 307 MB
[runlim] sample:		388.50 time, 390.22 real, 308 MB
[runlim] sample:		398.50 time, 400.22 real, 310 MB
[runlim] sample:		408.50 time, 410.22 real, 311 MB
[runlim] sample:		418.50 time, 420.22 real, 313 MB
[runlim] sample:		428.50 time, 430.22 real, 314 MB
[runlim] sample:		438.50 time, 440.22 real, 316 MB
[runlim] sample:		448.68 time, 450.42 real, 322 MB
[runlim] sample:		458.68 time, 460.42 real, 322 MB
[runlim] sample:		468.68 time, 470.42 real, 322 MB
[runlim] sample:		478.68 time, 480.42 real, 323 MB
[runlim] sample:		488.68 time, 490.42 real, 324 MB
[runlim] sample:		498.68 time, 500.42 real, 326 MB
[runlim] sample:		508.68 time, 510.42 real, 327 MB
[runlim] sample:		518.68 time, 520.42 real, 328 MB
[runlim] sample:		528.67 time, 530.42 real, 329 MB
[runlim] sample:		538.68 time, 540.42 real, 330 MB
[runlim] sample:		548.68 time, 550.42 real, 331 MB
[runlim] sample:		558.68 time, 560.42 real, 332 MB
[runlim] sample:		568.68 time, 570.42 real, 333 MB
[runlim] sample:		578.68 time, 580.42 real, 334 MB
[runlim] sample:		588.68 time, 590.42 real, 335 MB
[runlim] sample:		598.68 time, 600.42 real, 336 MB
[runlim] sample:		608.67 time, 610.42 real, 337 MB
[runlim] sample:		618.67 time, 620.42 real, 338 MB
[runlim] sample:		628.67 time, 630.42 real, 339 MB
[runlim] sample:		638.67 time, 640.42 real, 340 MB
[runlim] sample:		648.67 time, 650.42 real, 341 MB
[runlim] sample:		658.67 time, 660.42 real, 342 MB
[runlim] sample:		668.67 time, 670.42 real, 343 MB
[runlim] sample:		678.67 time, 680.42 real, 448 MB
[runlim] sample:		688.67 time, 690.42 real, 450 MB
[runlim] sample:		698.67 time, 700.42 real, 450 MB
[runlim] sample:		708.67 time, 710.42 real, 450 MB
[runlim] sample:		718.67 time, 720.42 real, 450 MB
[runlim] sample:		728.67 time, 730.42 real, 450 MB
[runlim] sample:		738.67 time, 740.42 real, 450 MB
[runlim] sample:		748.67 time, 750.42 real, 450 MB
[runlim] sample:		758.67 time, 760.42 real, 450 MB
[runlim] sample:		768.67 time, 770.42 real, 450 MB
[runlim] sample:		778.67 time, 780.42 real, 450 MB
[runlim] sample:		788.67 time, 790.42 real, 450 MB
[runlim] sample:		798.67 time, 800.42 real, 450 MB
[runlim] sample:		808.67 time, 810.42 real, 450 MB
[runlim] sample:		818.67 time, 820.42 real, 450 MB
[runlim] sample:		828.67 time, 830.42 real, 450 MB
[runlim] sample:		838.67 time, 840.42 real, 450 MB
[runlim] sample:		848.68 time, 850.42 real, 450 MB
[runlim] sample:		858.68 time, 860.42 real, 450 MB
[runlim] sample:		868.68 time, 870.42 real, 450 MB
[runlim] sample:		878.68 time, 880.42 real, 450 MB
[runlim] sample:		888.68 time, 890.42 real, 450 MB
[runlim] sample:		898.68 time, 900.42 real, 450 MB
[runlim] sample:		908.68 time, 910.42 real, 450 MB
[runlim] sample:		918.68 time, 920.42 real, 450 MB
[runlim] sample:		928.68 time, 930.42 real, 450 MB
[runlim] sample:		938.68 time, 940.42 real, 450 MB
[runlim] sample:		948.68 time, 950.42 real, 450 MB
[runlim] sample:		958.68 time, 960.42 real, 450 MB
[runlim] sample:		968.68 time, 970.42 real, 450 MB
[runlim] sample:		978.68 time, 980.42 real, 450 MB
[runlim] sample:		988.68 time, 990.42 real, 450 MB
[runlim] sample:		998.68 time, 1000.42 real, 450 MB
[runlim] sample:		1008.68 time, 1010.42 real, 450 MB
[runlim] sample:		1018.68 time, 1020.42 real, 450 MB
[runlim] sample:		1028.68 time, 1030.42 real, 450 MB
[runlim] sample:		1038.68 time, 1040.42 real, 450 MB
[runlim] sample:		1048.68 time, 1050.42 real, 450 MB
[runlim] sample:		1058.68 time, 1060.42 real, 450 MB
[runlim] sample:		1068.68 time, 1070.42 real, 450 MB
[runlim] sample:		1078.68 time, 1080.42 real, 450 MB
[runlim] sample:		1088.68 time, 1090.42 real, 450 MB
[runlim] sample:		1098.68 time, 1100.42 real, 450 MB
[runlim] sample:		1108.68 time, 1110.42 real, 450 MB
[runlim] sample:		1118.68 time, 1120.42 real, 450 MB
[runlim] sample:		1128.68 time, 1130.42 real, 450 MB
[runlim] sample:		1138.68 time, 1140.42 real, 450 MB
[runlim] sample:		1148.68 time, 1150.42 real, 450 MB
[runlim] sample:		1158.68 time, 1160.42 real, 450 MB
[runlim] sample:		1168.68 time, 1170.42 real, 450 MB
[runlim] sample:		1178.68 time, 1180.42 real, 450 MB
[runlim] sample:		1188.68 time, 1190.42 real, 450 MB
[runlim] sample:		1198.68 time, 1200.42 real, 450 MB
[runlim] sample:		1208.67 time, 1210.42 real, 450 MB
[runlim] sample:		1218.67 time, 1220.42 real, 450 MB
[runlim] sample:		1228.67 time, 1230.42 real, 450 MB
[runlim] sample:		1238.67 time, 1240.42 real, 450 MB
[runlim] sample:		1248.67 time, 1250.42 real, 450 MB
[runlim] sample:		1258.67 time, 1260.42 real, 450 MB
[runlim] sample:		1268.67 time, 1270.42 real, 450 MB
[runlim] sample:		1278.67 time, 1280.42 real, 450 MB
[runlim] sample:		1288.67 time, 1290.42 real, 451 MB
[runlim] sample:		1298.67 time, 1300.42 real, 452 MB
[runlim] sample:		1308.67 time, 1310.42 real, 453 MB
[runlim] sample:		1318.67 time, 1320.42 real, 454 MB
[runlim] sample:		1328.67 time, 1330.42 real, 455 MB
[runlim] sample:		1338.67 time, 1340.42 real, 456 MB
[runlim] sample:		1348.68 time, 1350.42 real, 457 MB
[runlim] sample:		1358.67 time, 1360.42 real, 458 MB
[runlim] sample:		1368.67 time, 1370.42 real, 459 MB
[runlim] sample:		1378.67 time, 1380.42 real, 460 MB
[runlim] sample:		1388.67 time, 1390.42 real, 461 MB
[runlim] sample:		1398.67 time, 1400.42 real, 462 MB
[runlim] sample:		1408.67 time, 1410.42 real, 463 MB
[runlim] sample:		1418.67 time, 1420.42 real, 464 MB
[runlim] sample:		1428.67 time, 1430.42 real, 465 MB
[runlim] sample:		1438.67 time, 1440.42 real, 466 MB
[runlim] sample:		1448.67 time, 1450.42 real, 467 MB
[runlim] sample:		1458.67 time, 1460.42 real, 468 MB
[runlim] sample:		1468.67 time, 1470.42 real, 469 MB
[runlim] sample:		1478.67 time, 1480.42 real, 470 MB
[runlim] sample:		1488.66 time, 1490.42 real, 471 MB
[runlim] sample:		1498.66 time, 1500.42 real, 472 MB
[runlim] sample:		1508.66 time, 1510.42 real, 473 MB
[runlim] sample:		1518.66 time, 1520.42 real, 474 MB
[runlim] sample:		1528.66 time, 1530.42 real, 475 MB
[runlim] sample:		1538.67 time, 1540.42 real, 476 MB
[runlim] sample:		1548.67 time, 1550.42 real, 477 MB
[runlim] sample:		1558.67 time, 1560.42 real, 478 MB
[runlim] sample:		1568.67 time, 1570.42 real, 479 MB
[runlim] sample:		1578.67 time, 1580.42 real, 479 MB
[runlim] sample:		1588.67 time, 1590.42 real, 480 MB
[runlim] sample:		1598.67 time, 1600.42 real, 481 MB
[runlim] sample:		1608.66 time, 1610.42 real, 482 MB
[runlim] sample:		1618.66 time, 1620.42 real, 483 MB
[runlim] sample:		1628.66 time, 1630.42 real, 484 MB
[runlim] sample:		1638.67 time, 1640.42 real, 485 MB
[runlim] sample:		1648.67 time, 1650.42 real, 485 MB
[runlim] sample:		1658.67 time, 1660.42 real, 486 MB
[runlim] sample:		1668.67 time, 1670.42 real, 487 MB
[runlim] sample:		1678.67 time, 1680.42 real, 488 MB
[runlim] sample:		1688.67 time, 1690.42 real, 489 MB
[runlim] sample:		1698.66 time, 1700.42 real, 490 MB
[runlim] sample:		1708.66 time, 1710.42 real, 491 MB
[runlim] sample:		1718.67 time, 1720.42 real, 492 MB
[runlim] sample:		1728.67 time, 1730.42 real, 492 MB
[runlim] sample:		1738.66 time, 1740.42 real, 493 MB
[runlim] sample:		1748.66 time, 1750.42 real, 494 MB
[runlim] sample:		1758.66 time, 1760.42 real, 495 MB
[runlim] sample:		1768.67 time, 1770.42 real, 496 MB
[runlim] sample:		1778.66 time, 1780.42 real, 497 MB
[runlim] sample:		1788.66 time, 1790.42 real, 498 MB
[runlim] sample:		1798.66 time, 1800.42 real, 499 MB
[runlim] sample:		1808.66 time, 1810.42 real, 499 MB
[runlim] sample:		1818.66 time, 1820.42 real, 500 MB
[runlim] sample:		1828.66 time, 1830.42 real, 501 MB
[runlim] sample:		1838.67 time, 1840.42 real, 502 MB
[runlim] sample:		1848.67 time, 1850.42 real, 503 MB
[runlim] sample:		1858.67 time, 1860.42 real, 504 MB
[runlim] sample:		1868.67 time, 1870.42 real, 504 MB
[runlim] sample:		1878.67 time, 1880.42 real, 505 MB
[runlim] sample:		1888.67 time, 1890.42 real, 506 MB
[runlim] sample:		1898.66 time, 1900.42 real, 507 MB
[runlim] sample:		1908.66 time, 1910.42 real, 508 MB
[runlim] sample:		1918.66 time, 1920.42 real, 509 MB
[runlim] sample:		1928.66 time, 1930.42 real, 509 MB
[runlim] sample:		1938.66 time, 1940.42 real, 510 MB
[runlim] sample:		1948.66 time, 1950.42 real, 511 MB
[runlim] sample:		1958.66 time, 1960.42 real, 512 MB
[runlim] sample:		1968.66 time, 1970.42 real, 512 MB
[runlim] sample:		1978.66 time, 1980.42 real, 513 MB
[runlim] sample:		1988.66 time, 1990.42 real, 514 MB
[runlim] sample:		1998.66 time, 2000.42 real, 515 MB
[runlim] sample:		2008.66 time, 2010.42 real, 515 MB
[runlim] sample:		2018.66 time, 2020.42 real, 516 MB
[runlim] sample:		2028.66 time, 2030.42 real, 517 MB
[runlim] sample:		2038.66 time, 2040.42 real, 518 MB
[runlim] sample:		2048.66 time, 2050.42 real, 519 MB
[runlim] sample:		2058.66 time, 2060.42 real, 519 MB
[runlim] sample:		2068.66 time, 2070.42 real, 520 MB
[runlim] sample:		2078.66 time, 2080.42 real, 521 MB
[runlim] sample:		2088.66 time, 2090.42 real, 521 MB
[runlim] sample:		2098.66 time, 2100.42 real, 522 MB
[runlim] sample:		2108.66 time, 2110.42 real, 523 MB
[runlim] sample:		2118.65 time, 2120.42 real, 525 MB
[runlim] sample:		2128.66 time, 2130.42 real, 526 MB
[runlim] sample:		2138.66 time, 2140.42 real, 527 MB
[runlim] sample:		2148.66 time, 2150.42 real, 528 MB
[runlim] sample:		2158.65 time, 2160.42 real, 529 MB
[runlim] sample:		2168.65 time, 2170.42 real, 529 MB
[runlim] sample:		2178.66 time, 2180.42 real, 530 MB
[runlim] sample:		2188.66 time, 2190.42 real, 531 MB
[runlim] sample:		2198.66 time, 2200.42 real, 532 MB
[runlim] sample:		2208.66 time, 2210.42 real, 533 MB
[runlim] sample:		2218.65 time, 2220.42 real, 533 MB
[runlim] sample:		2228.66 time, 2230.42 real, 534 MB
[runlim] sample:		2238.66 time, 2240.42 real, 535 MB
[runlim] sample:		2248.66 time, 2250.42 real, 535 MB
[runlim] sample:		2258.66 time, 2260.42 real, 536 MB
[runlim] sample:		2268.66 time, 2270.42 real, 537 MB
[runlim] sample:		2278.66 time, 2280.42 real, 537 MB
[runlim] sample:		2288.66 time, 2290.42 real, 538 MB
[runlim] sample:		2298.65 time, 2300.42 real, 539 MB
[runlim] sample:		2308.65 time, 2310.42 real, 540 MB
[runlim] sample:		2318.65 time, 2320.42 real, 540 MB
[runlim] sample:		2328.66 time, 2330.42 real, 541 MB
[runlim] sample:		2338.65 time, 2340.42 real, 542 MB
[runlim] sample:		2348.65 time, 2350.42 real, 542 MB
[runlim] sample:		2358.66 time, 2360.42 real, 543 MB
[runlim] sample:		2368.66 time, 2370.42 real, 544 MB
[runlim] sample:		2378.65 time, 2380.42 real, 544 MB
[runlim] sample:		2388.65 time, 2390.42 real, 545 MB
[runlim] sample:		2398.66 time, 2400.42 real, 546 MB
[runlim] sample:		2408.65 time, 2410.42 real, 546 MB
[runlim] sample:		2418.65 time, 2420.42 real, 547 MB
[runlim] sample:		2428.65 time, 2430.42 real, 548 MB
[runlim] sample:		2438.66 time, 2440.42 real, 548 MB
[runlim] sample:		2448.66 time, 2450.42 real, 549 MB
[runlim] sample:		2458.65 time, 2460.42 real, 549 MB
[runlim] sample:		2468.65 time, 2470.42 real, 550 MB
[runlim] sample:		2478.64 time, 2480.42 real, 551 MB
[runlim] sample:		2488.64 time, 2490.42 real, 552 MB
[runlim] sample:		2498.65 time, 2500.42 real, 553 MB
[runlim] sample:		2508.65 time, 2510.42 real, 553 MB
[runlim] sample:		2518.65 time, 2520.42 real, 554 MB
[runlim] sample:		2528.65 time, 2530.42 real, 554 MB
[runlim] sample:		2538.65 time, 2540.42 real, 555 MB
[runlim] sample:		2548.65 time, 2550.42 real, 556 MB
[runlim] sample:		2558.65 time, 2560.42 real, 556 MB
[runlim] sample:		2568.65 time, 2570.42 real, 557 MB
[runlim] sample:		2578.64 time, 2580.42 real, 557 MB
[runlim] sample:		2588.65 time, 2590.42 real, 558 MB
[runlim] sample:		2598.65 time, 2600.42 real, 559 MB
[runlim] sample:		2608.65 time, 2610.42 real, 559 MB
[runlim] sample:		2618.65 time, 2620.42 real, 560 MB
[runlim] sample:		2628.65 time, 2630.42 real, 560 MB
[runlim] sample:		2638.64 time, 2640.42 real, 561 MB
[runlim] sample:		2648.64 time, 2650.42 real, 562 MB
[runlim] sample:		2658.65 time, 2660.42 real, 562 MB
[runlim] sample:		2668.65 time, 2670.42 real, 563 MB
[runlim] sample:		2678.65 time, 2680.42 real, 563 MB
[runlim] sample:		2688.65 time, 2690.42 real, 564 MB
[runlim] end:			Sat Feb 29 07:57:52 2020
[runlim] status:		out of time
[runlim] result:		2
[runlim] children:		1
[runlim] real:			2700.14 seconds
[runlim] time:			2698.25 seconds
[runlim] space:			565 MB
[runlim] samples:		26996
