[runlim] version:		1.18
[runlim] host:			c3n17
[runlim] time limit:		2700 seconds
[runlim] real time limit:	2700 seconds
[runlim] space limit:		7000 MB
[runlim] argv[0]:		./binary
[runlim] argv[1]:		/data/cnf/ankit/E1-A1-instances/nreachq_query52_1344.qdimacs
[runlim] start:			Sat Feb 29 07:12:53 2020
[runlim] child:			15634
[runlim] sample:		9.91 time, 10.02 real, 134 MB
[runlim] sample:		19.91 time, 20.02 real, 178 MB
[runlim] sample:		29.91 time, 30.02 real, 178 MB
[runlim] sample:		39.91 time, 40.02 real, 178 MB
[runlim] sample:		49.91 time, 50.02 real, 178 MB
[runlim] sample:		59.91 time, 60.01 real, 178 MB
[runlim] sample:		69.91 time, 70.02 real, 178 MB
[runlim] sample:		79.91 time, 80.02 real, 178 MB
[runlim] sample:		89.91 time, 90.02 real, 178 MB
[runlim] sample:		99.91 time, 100.02 real, 178 MB
[runlim] sample:		109.91 time, 110.02 real, 178 MB
[runlim] sample:		119.91 time, 120.02 real, 178 MB
[runlim] sample:		129.91 time, 130.02 real, 178 MB
[runlim] sample:		139.91 time, 140.02 real, 178 MB
[runlim] sample:		149.91 time, 150.02 real, 178 MB
[runlim] sample:		159.91 time, 160.02 real, 178 MB
[runlim] sample:		169.91 time, 170.02 real, 178 MB
[runlim] sample:		179.91 time, 180.02 real, 178 MB
[runlim] sample:		189.91 time, 190.02 real, 178 MB
[runlim] sample:		199.91 time, 200.02 real, 178 MB
[runlim] sample:		209.91 time, 210.02 real, 178 MB
[runlim] sample:		219.91 time, 220.02 real, 178 MB
[runlim] sample:		229.91 time, 230.02 real, 178 MB
[runlim] sample:		239.91 time, 240.02 real, 178 MB
[runlim] sample:		249.91 time, 250.02 real, 178 MB
[runlim] sample:		259.91 time, 260.02 real, 178 MB
[runlim] sample:		269.91 time, 270.02 real, 178 MB
[runlim] sample:		279.91 time, 280.02 real, 178 MB
[runlim] sample:		289.91 time, 290.02 real, 178 MB
[runlim] sample:		299.91 time, 300.02 real, 178 MB
[runlim] sample:		309.91 time, 310.02 real, 178 MB
[runlim] sample:		319.91 time, 320.02 real, 178 MB
[runlim] sample:		329.91 time, 330.02 real, 178 MB
[runlim] sample:		339.91 time, 340.02 real, 178 MB
[runlim] sample:		350.02 time, 350.12 real, 178 MB
[runlim] sample:		360.01 time, 360.12 real, 178 MB
[runlim] sample:		370.01 time, 370.12 real, 178 MB
[runlim] sample:		380.01 time, 380.12 real, 178 MB
[runlim] sample:		390.02 time, 390.12 real, 179 MB
[runlim] sample:		400.02 time, 400.12 real, 179 MB
[runlim] sample:		410.02 time, 410.12 real, 179 MB
[runlim] sample:		420.02 time, 420.12 real, 179 MB
[runlim] sample:		430.02 time, 430.12 real, 179 MB
[runlim] sample:		440.01 time, 440.12 real, 179 MB
[runlim] sample:		450.21 time, 450.32 real, 180 MB
[runlim] sample:		460.21 time, 460.32 real, 180 MB
[runlim] sample:		470.21 time, 470.32 real, 180 MB
[runlim] sample:		480.21 time, 480.32 real, 180 MB
[runlim] sample:		490.21 time, 490.32 real, 180 MB
[runlim] sample:		500.21 time, 500.32 real, 180 MB
[runlim] sample:		510.21 time, 510.32 real, 180 MB
[runlim] sample:		520.21 time, 520.32 real, 180 MB
[runlim] sample:		530.21 time, 530.32 real, 180 MB
[runlim] sample:		540.21 time, 540.32 real, 180 MB
[runlim] sample:		550.21 time, 550.32 real, 180 MB
[runlim] sample:		560.21 time, 560.32 real, 180 MB
[runlim] sample:		570.21 time, 570.32 real, 180 MB
[runlim] sample:		580.21 time, 580.32 real, 180 MB
[runlim] sample:		590.21 time, 590.32 real, 180 MB
[runlim] sample:		600.21 time, 600.32 real, 180 MB
[runlim] sample:		610.21 time, 610.32 real, 180 MB
[runlim] sample:		620.21 time, 620.32 real, 180 MB
[runlim] sample:		630.21 time, 630.32 real, 180 MB
[runlim] sample:		640.21 time, 640.32 real, 180 MB
[runlim] sample:		650.21 time, 650.32 real, 180 MB
[runlim] sample:		660.21 time, 660.32 real, 180 MB
[runlim] sample:		670.21 time, 670.32 real, 180 MB
[runlim] sample:		680.21 time, 680.32 real, 180 MB
[runlim] sample:		690.20 time, 690.32 real, 180 MB
[runlim] sample:		700.21 time, 700.32 real, 180 MB
[runlim] sample:		710.21 time, 710.32 real, 180 MB
[runlim] sample:		720.21 time, 720.32 real, 180 MB
[runlim] sample:		730.21 time, 730.32 real, 180 MB
[runlim] sample:		740.21 time, 740.32 real, 180 MB
[runlim] sample:		750.21 time, 750.32 real, 180 MB
[runlim] sample:		760.21 time, 760.32 real, 181 MB
[runlim] sample:		770.21 time, 770.32 real, 181 MB
[runlim] sample:		780.21 time, 780.32 real, 181 MB
[runlim] sample:		790.21 time, 790.32 real, 181 MB
[runlim] sample:		800.21 time, 800.32 real, 181 MB
[runlim] sample:		810.21 time, 810.32 real, 181 MB
[runlim] sample:		820.21 time, 820.32 real, 181 MB
[runlim] sample:		830.21 time, 830.32 real, 181 MB
[runlim] sample:		840.21 time, 840.32 real, 181 MB
[runlim] sample:		850.21 time, 850.32 real, 181 MB
[runlim] sample:		860.20 time, 860.32 real, 181 MB
[runlim] sample:		870.21 time, 870.32 real, 181 MB
[runlim] sample:		880.21 time, 880.32 real, 181 MB
[runlim] sample:		890.21 time, 890.32 real, 181 MB
[runlim] sample:		900.21 time, 900.32 real, 181 MB
[runlim] sample:		910.21 time, 910.32 real, 181 MB
[runlim] sample:		920.21 time, 920.32 real, 181 MB
[runlim] sample:		930.21 time, 930.32 real, 181 MB
[runlim] sample:		940.21 time, 940.32 real, 181 MB
[runlim] sample:		950.21 time, 950.32 real, 181 MB
[runlim] sample:		960.21 time, 960.32 real, 181 MB
[runlim] sample:		970.20 time, 970.32 real, 181 MB
[runlim] sample:		980.21 time, 980.32 real, 181 MB
[runlim] sample:		990.21 time, 990.32 real, 181 MB
[runlim] sample:		1000.21 time, 1000.32 real, 181 MB
[runlim] sample:		1010.21 time, 1010.32 real, 181 MB
[runlim] sample:		1020.21 time, 1020.32 real, 181 MB
[runlim] sample:		1030.21 time, 1030.32 real, 181 MB
[runlim] sample:		1040.21 time, 1040.32 real, 181 MB
[runlim] sample:		1050.21 time, 1050.32 real, 181 MB
[runlim] sample:		1060.21 time, 1060.32 real, 181 MB
[runlim] sample:		1070.21 time, 1070.32 real, 181 MB
[runlim] sample:		1080.21 time, 1080.32 real, 181 MB
[runlim] sample:		1090.21 time, 1090.32 real, 181 MB
[runlim] sample:		1100.21 time, 1100.32 real, 181 MB
[runlim] sample:		1110.21 time, 1110.32 real, 181 MB
[runlim] sample:		1120.21 time, 1120.32 real, 181 MB
[runlim] sample:		1130.21 time, 1130.32 real, 181 MB
[runlim] sample:		1140.21 time, 1140.32 real, 181 MB
[runlim] sample:		1150.21 time, 1150.32 real, 181 MB
[runlim] sample:		1160.21 time, 1160.32 real, 181 MB
[runlim] sample:		1170.21 time, 1170.32 real, 181 MB
[runlim] sample:		1180.21 time, 1180.32 real, 181 MB
[runlim] sample:		1190.21 time, 1190.32 real, 181 MB
[runlim] sample:		1200.21 time, 1200.32 real, 181 MB
[runlim] sample:		1210.21 time, 1210.32 real, 181 MB
[runlim] sample:		1220.21 time, 1220.32 real, 181 MB
[runlim] sample:		1230.21 time, 1230.32 real, 181 MB
[runlim] sample:		1240.21 time, 1240.32 real, 181 MB
[runlim] sample:		1250.21 time, 1250.32 real, 181 MB
[runlim] sample:		1260.21 time, 1260.32 real, 181 MB
[runlim] sample:		1270.21 time, 1270.32 real, 181 MB
[runlim] sample:		1280.21 time, 1280.32 real, 181 MB
[runlim] sample:		1290.21 time, 1290.32 real, 181 MB
[runlim] sample:		1300.21 time, 1300.32 real, 181 MB
[runlim] sample:		1310.21 time, 1310.32 real, 181 MB
[runlim] sample:		1320.21 time, 1320.32 real, 181 MB
[runlim] sample:		1330.21 time, 1330.32 real, 181 MB
[runlim] sample:		1340.21 time, 1340.32 real, 181 MB
[runlim] sample:		1350.21 time, 1350.32 real, 181 MB
[runlim] sample:		1360.20 time, 1360.32 real, 181 MB
[runlim] sample:		1370.21 time, 1370.32 real, 181 MB
[runlim] sample:		1380.21 time, 1380.32 real, 181 MB
[runlim] sample:		1390.21 time, 1390.32 real, 181 MB
[runlim] sample:		1400.20 time, 1400.32 real, 181 MB
[runlim] sample:		1410.20 time, 1410.32 real, 181 MB
[runlim] sample:		1420.21 time, 1420.32 real, 181 MB
[runlim] sample:		1430.20 time, 1430.32 real, 181 MB
[runlim] sample:		1440.21 time, 1440.32 real, 181 MB
[runlim] sample:		1450.20 time, 1450.32 real, 181 MB
[runlim] sample:		1460.21 time, 1460.32 real, 181 MB
[runlim] sample:		1470.20 time, 1470.32 real, 181 MB
[runlim] sample:		1480.20 time, 1480.32 real, 181 MB
[runlim] sample:		1490.20 time, 1490.32 real, 181 MB
[runlim] sample:		1500.21 time, 1500.32 real, 181 MB
[runlim] sample:		1510.21 time, 1510.32 real, 181 MB
[runlim] sample:		1520.21 time, 1520.32 real, 181 MB
[runlim] sample:		1530.21 time, 1530.32 real, 181 MB
[runlim] sample:		1540.21 time, 1540.32 real, 181 MB
[runlim] sample:		1550.21 time, 1550.32 real, 181 MB
[runlim] sample:		1560.21 time, 1560.32 real, 181 MB
[runlim] sample:		1570.21 time, 1570.32 real, 181 MB
[runlim] sample:		1580.21 time, 1580.32 real, 181 MB
[runlim] sample:		1590.21 time, 1590.32 real, 181 MB
[runlim] sample:		1600.21 time, 1600.32 real, 181 MB
[runlim] sample:		1610.21 time, 1610.32 real, 181 MB
[runlim] sample:		1620.20 time, 1620.32 real, 181 MB
[runlim] sample:		1630.21 time, 1630.32 real, 181 MB
[runlim] sample:		1640.21 time, 1640.32 real, 181 MB
[runlim] sample:		1650.20 time, 1650.32 real, 181 MB
[runlim] sample:		1660.21 time, 1660.32 real, 181 MB
[runlim] sample:		1670.21 time, 1670.32 real, 181 MB
[runlim] sample:		1680.21 time, 1680.32 real, 181 MB
[runlim] sample:		1690.21 time, 1690.32 real, 181 MB
[runlim] sample:		1700.21 time, 1700.32 real, 181 MB
[runlim] sample:		1710.21 time, 1710.32 real, 181 MB
[runlim] sample:		1720.21 time, 1720.32 real, 181 MB
[runlim] sample:		1730.21 time, 1730.32 real, 181 MB
[runlim] sample:		1740.21 time, 1740.32 real, 181 MB
[runlim] sample:		1750.21 time, 1750.32 real, 181 MB
[runlim] sample:		1760.21 time, 1760.32 real, 181 MB
[runlim] sample:		1770.21 time, 1770.32 real, 181 MB
[runlim] sample:		1780.21 time, 1780.32 real, 181 MB
[runlim] sample:		1790.20 time, 1790.32 real, 181 MB
[runlim] sample:		1800.21 time, 1800.32 real, 181 MB
[runlim] sample:		1810.21 time, 1810.32 real, 181 MB
[runlim] sample:		1820.21 time, 1820.32 real, 181 MB
[runlim] sample:		1830.21 time, 1830.32 real, 181 MB
[runlim] sample:		1840.21 time, 1840.32 real, 181 MB
[runlim] sample:		1850.21 time, 1850.32 real, 181 MB
[runlim] sample:		1860.21 time, 1860.32 real, 181 MB
[runlim] sample:		1870.21 time, 1870.32 real, 181 MB
[runlim] sample:		1880.21 time, 1880.32 real, 181 MB
[runlim] sample:		1890.21 time, 1890.32 real, 181 MB
[runlim] sample:		1900.21 time, 1900.32 real, 181 MB
[runlim] sample:		1910.21 time, 1910.32 real, 181 MB
[runlim] sample:		1920.21 time, 1920.32 real, 181 MB
[runlim] sample:		1930.21 time, 1930.32 real, 181 MB
[runlim] sample:		1940.21 time, 1940.32 real, 181 MB
[runlim] sample:		1950.21 time, 1950.32 real, 181 MB
[runlim] sample:		1960.21 time, 1960.32 real, 181 MB
[runlim] sample:		1970.20 time, 1970.32 real, 181 MB
[runlim] sample:		1980.21 time, 1980.32 real, 181 MB
[runlim] sample:		1990.21 time, 1990.32 real, 181 MB
[runlim] sample:		2000.21 time, 2000.32 real, 181 MB
[runlim] sample:		2010.21 time, 2010.32 real, 181 MB
[runlim] sample:		2020.21 time, 2020.32 real, 181 MB
[runlim] sample:		2030.21 time, 2030.32 real, 181 MB
[runlim] sample:		2040.21 time, 2040.32 real, 181 MB
[runlim] sample:		2050.21 time, 2050.32 real, 181 MB
[runlim] sample:		2060.20 time, 2060.32 real, 181 MB
[runlim] sample:		2070.21 time, 2070.32 real, 181 MB
[runlim] sample:		2080.21 time, 2080.32 real, 181 MB
[runlim] sample:		2090.21 time, 2090.32 real, 181 MB
[runlim] sample:		2100.21 time, 2100.32 real, 181 MB
[runlim] sample:		2110.21 time, 2110.32 real, 181 MB
[runlim] sample:		2120.21 time, 2120.32 real, 181 MB
[runlim] sample:		2130.21 time, 2130.32 real, 181 MB
[runlim] sample:		2140.21 time, 2140.32 real, 181 MB
[runlim] sample:		2150.20 time, 2150.32 real, 181 MB
[runlim] sample:		2160.21 time, 2160.32 real, 181 MB
[runlim] sample:		2170.21 time, 2170.32 real, 181 MB
[runlim] sample:		2180.21 time, 2180.32 real, 181 MB
[runlim] sample:		2190.21 time, 2190.32 real, 181 MB
[runlim] sample:		2200.21 time, 2200.32 real, 181 MB
[runlim] sample:		2210.21 time, 2210.32 real, 181 MB
[runlim] sample:		2220.21 time, 2220.32 real, 181 MB
[runlim] sample:		2230.21 time, 2230.32 real, 181 MB
[runlim] sample:		2240.21 time, 2240.32 real, 181 MB
[runlim] sample:		2250.21 time, 2250.32 real, 181 MB
[runlim] sample:		2260.21 time, 2260.32 real, 181 MB
[runlim] sample:		2270.21 time, 2270.32 real, 181 MB
[runlim] sample:		2280.21 time, 2280.32 real, 181 MB
[runlim] sample:		2290.21 time, 2290.32 real, 181 MB
[runlim] sample:		2300.21 time, 2300.32 real, 181 MB
[runlim] sample:		2310.21 time, 2310.32 real, 181 MB
[runlim] sample:		2320.21 time, 2320.32 real, 181 MB
[runlim] sample:		2330.21 time, 2330.32 real, 181 MB
[runlim] sample:		2340.21 time, 2340.32 real, 181 MB
[runlim] sample:		2350.21 time, 2350.32 real, 181 MB
[runlim] sample:		2360.21 time, 2360.32 real, 181 MB
[runlim] sample:		2370.21 time, 2370.32 real, 181 MB
[runlim] sample:		2380.21 time, 2380.32 real, 181 MB
[runlim] sample:		2390.21 time, 2390.32 real, 181 MB
[runlim] sample:		2400.21 time, 2400.32 real, 181 MB
[runlim] sample:		2410.21 time, 2410.32 real, 181 MB
[runlim] sample:		2420.21 time, 2420.32 real, 181 MB
[runlim] sample:		2430.21 time, 2430.32 real, 181 MB
[runlim] sample:		2440.21 time, 2440.32 real, 181 MB
[runlim] sample:		2450.21 time, 2450.32 real, 181 MB
[runlim] sample:		2460.21 time, 2460.32 real, 181 MB
[runlim] sample:		2470.21 time, 2470.32 real, 181 MB
[runlim] sample:		2480.21 time, 2480.32 real, 181 MB
[runlim] sample:		2490.21 time, 2490.32 real, 181 MB
[runlim] sample:		2500.21 time, 2500.32 real, 181 MB
[runlim] sample:		2510.21 time, 2510.32 real, 181 MB
[runlim] sample:		2520.21 time, 2520.32 real, 182 MB
[runlim] sample:		2530.21 time, 2530.32 real, 182 MB
[runlim] sample:		2540.21 time, 2540.32 real, 182 MB
[runlim] sample:		2550.21 time, 2550.32 real, 182 MB
[runlim] sample:		2560.21 time, 2560.32 real, 182 MB
[runlim] sample:		2570.21 time, 2570.32 real, 182 MB
[runlim] sample:		2580.21 time, 2580.32 real, 182 MB
[runlim] sample:		2590.21 time, 2590.32 real, 182 MB
[runlim] sample:		2600.21 time, 2600.32 real, 182 MB
[runlim] sample:		2610.21 time, 2610.32 real, 182 MB
[runlim] sample:		2620.21 time, 2620.32 real, 183 MB
[runlim] sample:		2630.21 time, 2630.32 real, 183 MB
[runlim] sample:		2640.21 time, 2640.32 real, 183 MB
[runlim] sample:		2650.21 time, 2650.32 real, 183 MB
[runlim] sample:		2660.21 time, 2660.32 real, 183 MB
[runlim] sample:		2670.21 time, 2670.32 real, 183 MB
[runlim] sample:		2680.21 time, 2680.32 real, 183 MB
[runlim] sample:		2690.21 time, 2690.32 real, 183 MB
[runlim] end:			Sat Feb 29 07:57:53 2020
[runlim] status:		out of time
[runlim] result:		2
[runlim] children:		1
[runlim] real:			2700.15 seconds
[runlim] time:			2699.91 seconds
[runlim] space:			183 MB
[runlim] samples:		26997
