[runlim] version:		1.18
[runlim] host:			c3n17
[runlim] time limit:		2700 seconds
[runlim] real time limit:	2700 seconds
[runlim] space limit:		7000 MB
[runlim] argv[0]:		./binary
[runlim] argv[1]:		/data/cnf/ankit/E1-A1-instances/nreachq_query26_1344.qdimacs
[runlim] start:			Sat Feb 29 07:12:52 2020
[runlim] child:			15610
[runlim] sample:		9.34 time, 10.02 real, 82 MB
[runlim] sample:		19.34 time, 20.02 real, 82 MB
[runlim] sample:		29.34 time, 30.02 real, 83 MB
[runlim] sample:		39.34 time, 40.02 real, 83 MB
[runlim] sample:		49.34 time, 50.02 real, 83 MB
[runlim] sample:		59.34 time, 60.02 real, 83 MB
[runlim] sample:		69.34 time, 70.02 real, 83 MB
[runlim] sample:		79.34 time, 80.02 real, 83 MB
[runlim] sample:		89.34 time, 90.02 real, 84 MB
[runlim] sample:		99.34 time, 100.02 real, 84 MB
[runlim] sample:		109.34 time, 110.02 real, 84 MB
[runlim] sample:		119.34 time, 120.02 real, 84 MB
[runlim] sample:		129.34 time, 130.02 real, 84 MB
[runlim] sample:		139.34 time, 140.02 real, 85 MB
[runlim] sample:		149.35 time, 150.02 real, 85 MB
[runlim] sample:		159.35 time, 160.02 real, 87 MB
[runlim] sample:		169.35 time, 170.02 real, 91 MB
[runlim] sample:		179.35 time, 180.02 real, 94 MB
[runlim] sample:		189.35 time, 190.02 real, 114 MB
[runlim] sample:		199.35 time, 200.02 real, 115 MB
[runlim] sample:		209.35 time, 210.02 real, 115 MB
[runlim] sample:		219.34 time, 220.02 real, 118 MB
[runlim] sample:		229.35 time, 230.02 real, 123 MB
[runlim] sample:		239.35 time, 240.02 real, 127 MB
[runlim] sample:		249.35 time, 250.02 real, 137 MB
[runlim] sample:		259.35 time, 260.02 real, 149 MB
[runlim] sample:		269.35 time, 270.02 real, 154 MB
[runlim] sample:		279.34 time, 280.02 real, 171 MB
[runlim] sample:		289.35 time, 290.02 real, 181 MB
[runlim] sample:		299.35 time, 300.02 real, 194 MB
[runlim] sample:		309.34 time, 310.02 real, 210 MB
[runlim] sample:		319.35 time, 320.02 real, 237 MB
[runlim] sample:		329.34 time, 330.02 real, 242 MB
[runlim] sample:		339.34 time, 340.02 real, 243 MB
[runlim] sample:		349.37 time, 350.05 real, 251 MB
[runlim] sample:		359.35 time, 360.02 real, 258 MB
[runlim] sample:		369.35 time, 370.02 real, 264 MB
[runlim] sample:		379.34 time, 380.02 real, 303 MB
[runlim] sample:		389.34 time, 390.02 real, 299 MB
[runlim] sample:		399.34 time, 400.02 real, 313 MB
[runlim] sample:		409.34 time, 410.02 real, 336 MB
[runlim] sample:		419.34 time, 420.02 real, 339 MB
[runlim] sample:		429.34 time, 430.02 real, 339 MB
[runlim] sample:		439.35 time, 440.02 real, 339 MB
[runlim] sample:		449.55 time, 450.22 real, 339 MB
[runlim] sample:		459.55 time, 460.22 real, 341 MB
[runlim] sample:		469.55 time, 470.22 real, 390 MB
[runlim] sample:		479.55 time, 480.22 real, 396 MB
[runlim] sample:		489.54 time, 490.22 real, 417 MB
[runlim] sample:		499.54 time, 500.22 real, 417 MB
[runlim] sample:		509.54 time, 510.22 real, 425 MB
[runlim] sample:		519.54 time, 520.22 real, 425 MB
[runlim] sample:		529.54 time, 530.22 real, 425 MB
[runlim] sample:		539.54 time, 540.22 real, 425 MB
[runlim] sample:		549.54 time, 550.22 real, 425 MB
[runlim] sample:		559.54 time, 560.22 real, 426 MB
[runlim] sample:		569.55 time, 570.22 real, 432 MB
[runlim] sample:		579.55 time, 580.22 real, 437 MB
[runlim] sample:		589.55 time, 590.22 real, 439 MB
[runlim] sample:		599.55 time, 600.22 real, 447 MB
[runlim] sample:		609.54 time, 610.22 real, 448 MB
[runlim] sample:		619.54 time, 620.22 real, 451 MB
[runlim] sample:		629.54 time, 630.22 real, 453 MB
[runlim] sample:		639.54 time, 640.22 real, 456 MB
[runlim] sample:		649.54 time, 650.22 real, 458 MB
[runlim] sample:		659.54 time, 660.22 real, 460 MB
[runlim] sample:		669.54 time, 670.22 real, 462 MB
[runlim] sample:		679.54 time, 680.22 real, 464 MB
[runlim] sample:		689.54 time, 690.22 real, 466 MB
[runlim] sample:		699.55 time, 700.22 real, 468 MB
[runlim] sample:		709.55 time, 710.22 real, 470 MB
[runlim] sample:		719.54 time, 720.22 real, 479 MB
[runlim] sample:		729.54 time, 730.22 real, 536 MB
[runlim] sample:		739.54 time, 740.22 real, 525 MB
[runlim] sample:		749.54 time, 750.22 real, 525 MB
[runlim] sample:		759.54 time, 760.22 real, 525 MB
[runlim] sample:		769.54 time, 770.22 real, 525 MB
[runlim] sample:		779.54 time, 780.22 real, 529 MB
[runlim] sample:		789.54 time, 790.22 real, 536 MB
[runlim] sample:		799.54 time, 800.22 real, 544 MB
[runlim] sample:		809.54 time, 810.22 real, 601 MB
[runlim] sample:		819.54 time, 820.22 real, 601 MB
[runlim] sample:		829.54 time, 830.22 real, 590 MB
[runlim] sample:		839.54 time, 840.22 real, 590 MB
[runlim] sample:		849.54 time, 850.22 real, 590 MB
[runlim] sample:		859.55 time, 860.22 real, 594 MB
[runlim] sample:		869.54 time, 870.22 real, 598 MB
[runlim] sample:		879.54 time, 880.22 real, 601 MB
[runlim] sample:		889.54 time, 890.22 real, 605 MB
[runlim] sample:		899.54 time, 900.22 real, 610 MB
[runlim] sample:		909.54 time, 910.22 real, 612 MB
[runlim] sample:		919.54 time, 920.22 real, 614 MB
[runlim] sample:		929.54 time, 930.22 real, 617 MB
[runlim] sample:		939.54 time, 940.22 real, 619 MB
[runlim] sample:		949.54 time, 950.22 real, 621 MB
[runlim] sample:		959.54 time, 960.22 real, 623 MB
[runlim] sample:		969.54 time, 970.22 real, 625 MB
[runlim] sample:		979.54 time, 980.22 real, 627 MB
[runlim] sample:		989.54 time, 990.22 real, 630 MB
[runlim] sample:		999.54 time, 1000.22 real, 633 MB
[runlim] sample:		1009.54 time, 1010.22 real, 635 MB
[runlim] sample:		1019.54 time, 1020.22 real, 637 MB
[runlim] sample:		1029.54 time, 1030.22 real, 639 MB
[runlim] sample:		1039.54 time, 1040.22 real, 641 MB
[runlim] sample:		1049.54 time, 1050.22 real, 644 MB
[runlim] sample:		1059.54 time, 1060.22 real, 646 MB
[runlim] sample:		1069.54 time, 1070.22 real, 649 MB
[runlim] sample:		1079.53 time, 1080.22 real, 650 MB
[runlim] sample:		1089.54 time, 1090.22 real, 652 MB
[runlim] sample:		1099.54 time, 1100.22 real, 653 MB
[runlim] sample:		1109.54 time, 1110.22 real, 654 MB
[runlim] sample:		1119.54 time, 1120.22 real, 656 MB
[runlim] sample:		1129.54 time, 1130.22 real, 657 MB
[runlim] sample:		1139.54 time, 1140.22 real, 660 MB
[runlim] sample:		1149.53 time, 1150.22 real, 663 MB
[runlim] sample:		1159.54 time, 1160.22 real, 719 MB
[runlim] sample:		1169.54 time, 1170.22 real, 719 MB
[runlim] sample:		1179.54 time, 1180.22 real, 720 MB
[runlim] sample:		1189.54 time, 1190.22 real, 720 MB
[runlim] sample:		1199.54 time, 1200.22 real, 720 MB
[runlim] sample:		1209.54 time, 1210.22 real, 720 MB
[runlim] sample:		1219.54 time, 1220.22 real, 720 MB
[runlim] sample:		1229.54 time, 1230.22 real, 720 MB
[runlim] sample:		1239.54 time, 1240.22 real, 720 MB
[runlim] sample:		1249.54 time, 1250.22 real, 720 MB
[runlim] sample:		1259.54 time, 1260.22 real, 720 MB
[runlim] sample:		1269.54 time, 1270.22 real, 720 MB
[runlim] sample:		1279.54 time, 1280.22 real, 720 MB
[runlim] sample:		1289.54 time, 1290.22 real, 720 MB
[runlim] sample:		1299.54 time, 1300.22 real, 720 MB
[runlim] sample:		1309.54 time, 1310.22 real, 720 MB
[runlim] sample:		1319.54 time, 1320.22 real, 720 MB
[runlim] sample:		1329.54 time, 1330.22 real, 720 MB
[runlim] sample:		1339.54 time, 1340.22 real, 720 MB
[runlim] sample:		1349.54 time, 1350.22 real, 720 MB
[runlim] sample:		1359.54 time, 1360.22 real, 720 MB
[runlim] sample:		1369.54 time, 1370.22 real, 720 MB
[runlim] sample:		1379.54 time, 1380.22 real, 720 MB
[runlim] sample:		1389.54 time, 1390.22 real, 720 MB
[runlim] sample:		1399.54 time, 1400.22 real, 720 MB
[runlim] sample:		1409.54 time, 1410.22 real, 720 MB
[runlim] sample:		1419.54 time, 1420.22 real, 720 MB
[runlim] sample:		1429.54 time, 1430.22 real, 722 MB
[runlim] sample:		1439.54 time, 1440.22 real, 723 MB
[runlim] sample:		1449.54 time, 1450.22 real, 724 MB
[runlim] sample:		1459.54 time, 1460.22 real, 726 MB
[runlim] sample:		1469.54 time, 1470.22 real, 728 MB
[runlim] sample:		1479.53 time, 1480.22 real, 730 MB
[runlim] sample:		1489.53 time, 1490.22 real, 731 MB
[runlim] sample:		1499.54 time, 1500.22 real, 733 MB
[runlim] sample:		1509.54 time, 1510.22 real, 734 MB
[runlim] sample:		1519.54 time, 1520.22 real, 735 MB
[runlim] sample:		1529.53 time, 1530.22 real, 737 MB
[runlim] sample:		1539.53 time, 1540.22 real, 739 MB
[runlim] sample:		1549.54 time, 1550.22 real, 740 MB
[runlim] sample:		1559.54 time, 1560.22 real, 741 MB
[runlim] sample:		1569.54 time, 1570.22 real, 742 MB
[runlim] sample:		1579.53 time, 1580.22 real, 744 MB
[runlim] sample:		1589.54 time, 1590.22 real, 746 MB
[runlim] sample:		1599.54 time, 1600.22 real, 747 MB
[runlim] sample:		1609.54 time, 1610.22 real, 748 MB
[runlim] sample:		1619.54 time, 1620.22 real, 749 MB
[runlim] sample:		1629.54 time, 1630.22 real, 750 MB
[runlim] sample:		1639.53 time, 1640.22 real, 752 MB
[runlim] sample:		1649.53 time, 1650.22 real, 754 MB
[runlim] sample:		1659.53 time, 1660.22 real, 755 MB
[runlim] sample:		1669.54 time, 1670.22 real, 756 MB
[runlim] sample:		1679.54 time, 1680.22 real, 757 MB
[runlim] sample:		1689.54 time, 1690.22 real, 758 MB
[runlim] sample:		1699.53 time, 1700.22 real, 759 MB
[runlim] sample:		1709.54 time, 1710.22 real, 841 MB
[runlim] sample:		1719.54 time, 1720.22 real, 841 MB
[runlim] sample:		1729.54 time, 1730.22 real, 841 MB
[runlim] sample:		1739.54 time, 1740.22 real, 841 MB
[runlim] sample:		1749.54 time, 1750.22 real, 841 MB
[runlim] sample:		1759.54 time, 1760.22 real, 841 MB
[runlim] sample:		1769.54 time, 1770.22 real, 841 MB
[runlim] sample:		1779.54 time, 1780.22 real, 841 MB
[runlim] sample:		1789.54 time, 1790.22 real, 841 MB
[runlim] sample:		1799.54 time, 1800.22 real, 841 MB
[runlim] sample:		1809.54 time, 1810.22 real, 841 MB
[runlim] sample:		1819.54 time, 1820.22 real, 841 MB
[runlim] sample:		1829.54 time, 1830.22 real, 841 MB
[runlim] sample:		1839.54 time, 1840.22 real, 841 MB
[runlim] sample:		1849.54 time, 1850.22 real, 841 MB
[runlim] sample:		1859.54 time, 1860.22 real, 841 MB
[runlim] sample:		1869.54 time, 1870.22 real, 841 MB
[runlim] sample:		1879.54 time, 1880.22 real, 841 MB
[runlim] sample:		1889.54 time, 1890.22 real, 841 MB
[runlim] sample:		1899.54 time, 1900.22 real, 841 MB
[runlim] sample:		1909.54 time, 1910.22 real, 841 MB
[runlim] sample:		1919.54 time, 1920.22 real, 841 MB
[runlim] sample:		1929.54 time, 1930.22 real, 841 MB
[runlim] sample:		1939.54 time, 1940.22 real, 841 MB
[runlim] sample:		1949.54 time, 1950.22 real, 841 MB
[runlim] sample:		1959.54 time, 1960.22 real, 841 MB
[runlim] sample:		1969.54 time, 1970.22 real, 841 MB
[runlim] sample:		1979.54 time, 1980.22 real, 841 MB
[runlim] sample:		1989.53 time, 1990.22 real, 850 MB
[runlim] sample:		1999.53 time, 2000.22 real, 850 MB
[runlim] sample:		2009.53 time, 2010.22 real, 850 MB
[runlim] sample:		2019.53 time, 2020.22 real, 850 MB
[runlim] sample:		2029.53 time, 2030.22 real, 850 MB
[runlim] sample:		2039.54 time, 2040.22 real, 852 MB
[runlim] sample:		2049.54 time, 2050.22 real, 853 MB
[runlim] sample:		2059.53 time, 2060.22 real, 854 MB
[runlim] sample:		2069.53 time, 2070.22 real, 856 MB
[runlim] sample:		2079.54 time, 2080.22 real, 857 MB
[runlim] sample:		2089.54 time, 2090.22 real, 858 MB
[runlim] sample:		2099.53 time, 2100.22 real, 860 MB
[runlim] sample:		2109.53 time, 2110.22 real, 861 MB
[runlim] sample:		2119.53 time, 2120.22 real, 862 MB
[runlim] sample:		2129.53 time, 2130.22 real, 863 MB
[runlim] sample:		2139.53 time, 2140.22 real, 864 MB
[runlim] sample:		2149.54 time, 2150.22 real, 865 MB
[runlim] sample:		2159.54 time, 2160.22 real, 866 MB
[runlim] sample:		2169.53 time, 2170.22 real, 867 MB
[runlim] sample:		2179.54 time, 2180.22 real, 868 MB
[runlim] sample:		2189.54 time, 2190.22 real, 870 MB
[runlim] sample:		2199.54 time, 2200.22 real, 871 MB
[runlim] sample:		2209.53 time, 2210.22 real, 873 MB
[runlim] sample:		2219.53 time, 2220.22 real, 874 MB
[runlim] sample:		2229.53 time, 2230.22 real, 876 MB
[runlim] sample:		2239.53 time, 2240.22 real, 877 MB
[runlim] sample:		2249.53 time, 2250.22 real, 879 MB
[runlim] sample:		2259.53 time, 2260.22 real, 880 MB
[runlim] sample:		2269.53 time, 2270.22 real, 881 MB
[runlim] sample:		2279.53 time, 2280.22 real, 883 MB
[runlim] sample:		2289.53 time, 2290.22 real, 884 MB
[runlim] sample:		2299.53 time, 2300.22 real, 885 MB
[runlim] sample:		2309.53 time, 2310.22 real, 886 MB
[runlim] sample:		2319.53 time, 2320.22 real, 888 MB
[runlim] sample:		2329.53 time, 2330.22 real, 889 MB
[runlim] sample:		2339.53 time, 2340.22 real, 891 MB
[runlim] sample:		2349.53 time, 2350.22 real, 892 MB
[runlim] sample:		2359.53 time, 2360.22 real, 893 MB
[runlim] sample:		2369.53 time, 2370.22 real, 894 MB
[runlim] sample:		2379.53 time, 2380.22 real, 895 MB
[runlim] sample:		2389.53 time, 2390.22 real, 896 MB
[runlim] sample:		2399.53 time, 2400.22 real, 897 MB
[runlim] sample:		2409.53 time, 2410.22 real, 898 MB
[runlim] sample:		2419.53 time, 2420.22 real, 899 MB
[runlim] sample:		2429.53 time, 2430.22 real, 901 MB
[runlim] sample:		2439.53 time, 2440.22 real, 903 MB
[runlim] sample:		2449.53 time, 2450.22 real, 912 MB
[runlim] sample:		2459.53 time, 2460.22 real, 1010 MB
[runlim] sample:		2469.53 time, 2470.22 real, 1010 MB
[runlim] sample:		2479.53 time, 2480.22 real, 1010 MB
[runlim] sample:		2489.53 time, 2490.22 real, 1010 MB
[runlim] sample:		2499.53 time, 2500.22 real, 1010 MB
[runlim] sample:		2509.53 time, 2510.22 real, 1010 MB
[runlim] sample:		2519.53 time, 2520.22 real, 1010 MB
[runlim] sample:		2529.53 time, 2530.22 real, 1010 MB
[runlim] sample:		2539.53 time, 2540.22 real, 1010 MB
[runlim] sample:		2549.53 time, 2550.22 real, 1010 MB
[runlim] sample:		2559.53 time, 2560.22 real, 1010 MB
[runlim] sample:		2569.53 time, 2570.22 real, 1010 MB
[runlim] sample:		2579.53 time, 2580.22 real, 1010 MB
[runlim] sample:		2589.52 time, 2590.22 real, 1010 MB
[runlim] sample:		2599.52 time, 2600.22 real, 1010 MB
[runlim] sample:		2609.52 time, 2610.22 real, 1010 MB
[runlim] sample:		2619.53 time, 2620.22 real, 1010 MB
[runlim] sample:		2629.53 time, 2630.22 real, 1010 MB
[runlim] sample:		2639.53 time, 2640.22 real, 1010 MB
[runlim] sample:		2649.53 time, 2650.22 real, 1010 MB
[runlim] sample:		2659.53 time, 2660.22 real, 1010 MB
[runlim] sample:		2669.53 time, 2670.22 real, 1010 MB
[runlim] sample:		2679.53 time, 2680.22 real, 1010 MB
[runlim] sample:		2689.53 time, 2690.22 real, 1010 MB
[runlim] end:			Sat Feb 29 07:57:52 2020
[runlim] status:		out of time
[runlim] result:		2
[runlim] children:		1
[runlim] real:			2700.15 seconds
[runlim] time:			2699.33 seconds
[runlim] space:			1010 MB
[runlim] samples:		26998
