[runlim] version:		1.18
[runlim] host:			c3n17
[runlim] time limit:		2700 seconds
[runlim] real time limit:	2700 seconds
[runlim] space limit:		7000 MB
[runlim] argv[0]:		./binary
[runlim] argv[1]:		/data/cnf/ankit/E1-A1-instances/query10_query07_1344.qdimacs
[runlim] start:			Sat Feb 29 07:12:54 2020
[runlim] child:			15697
[runlim] sample:		10.00 time, 10.02 real, 85 MB
[runlim] sample:		20.00 time, 20.02 real, 85 MB
[runlim] sample:		30.00 time, 30.02 real, 85 MB
[runlim] sample:		40.00 time, 40.02 real, 85 MB
[runlim] sample:		50.00 time, 50.02 real, 85 MB
[runlim] sample:		60.00 time, 60.02 real, 85 MB
[runlim] sample:		70.00 time, 70.02 real, 85 MB
[runlim] sample:		80.00 time, 80.02 real, 85 MB
[runlim] sample:		89.99 time, 90.02 real, 87 MB
[runlim] sample:		99.99 time, 100.02 real, 87 MB
[runlim] sample:		109.99 time, 110.02 real, 87 MB
[runlim] sample:		119.99 time, 120.02 real, 87 MB
[runlim] sample:		129.99 time, 130.02 real, 87 MB
[runlim] sample:		139.99 time, 140.02 real, 87 MB
[runlim] sample:		149.99 time, 150.02 real, 87 MB
[runlim] sample:		159.99 time, 160.02 real, 87 MB
[runlim] sample:		169.99 time, 170.02 real, 91 MB
[runlim] sample:		179.99 time, 180.02 real, 91 MB
[runlim] sample:		189.99 time, 190.02 real, 91 MB
[runlim] sample:		199.99 time, 200.02 real, 94 MB
[runlim] sample:		209.99 time, 210.02 real, 94 MB
[runlim] sample:		219.99 time, 220.02 real, 99 MB
[runlim] sample:		229.99 time, 230.02 real, 107 MB
[runlim] sample:		239.99 time, 240.02 real, 119 MB
[runlim] sample:		249.99 time, 250.02 real, 126 MB
[runlim] sample:		259.99 time, 260.02 real, 137 MB
[runlim] sample:		269.99 time, 270.02 real, 145 MB
[runlim] sample:		279.98 time, 280.02 real, 149 MB
[runlim] sample:		289.98 time, 290.02 real, 160 MB
[runlim] sample:		299.98 time, 300.02 real, 178 MB
[runlim] sample:		309.98 time, 310.02 real, 194 MB
[runlim] sample:		319.98 time, 320.02 real, 224 MB
[runlim] sample:		329.97 time, 330.02 real, 230 MB
[runlim] sample:		339.98 time, 340.02 real, 250 MB
[runlim] sample:		350.07 time, 350.12 real, 264 MB
[runlim] sample:		360.08 time, 360.12 real, 273 MB
[runlim] sample:		370.08 time, 370.12 real, 279 MB
[runlim] sample:		380.08 time, 380.12 real, 301 MB
[runlim] sample:		390.08 time, 390.12 real, 324 MB
[runlim] sample:		400.07 time, 400.12 real, 327 MB
[runlim] sample:		410.07 time, 410.12 real, 334 MB
[runlim] sample:		420.08 time, 420.12 real, 337 MB
[runlim] sample:		430.08 time, 430.12 real, 344 MB
[runlim] sample:		440.16 time, 440.20 real, 347 MB
[runlim] sample:		450.27 time, 450.32 real, 349 MB
[runlim] sample:		460.27 time, 460.32 real, 371 MB
[runlim] sample:		470.27 time, 470.32 real, 372 MB
[runlim] sample:		480.27 time, 480.32 real, 372 MB
[runlim] sample:		490.27 time, 490.32 real, 372 MB
[runlim] sample:		500.27 time, 500.32 real, 372 MB
[runlim] sample:		510.27 time, 510.32 real, 374 MB
[runlim] sample:		520.27 time, 520.32 real, 378 MB
[runlim] sample:		530.27 time, 530.32 real, 390 MB
[runlim] sample:		540.27 time, 540.32 real, 390 MB
[runlim] sample:		550.27 time, 550.32 real, 390 MB
[runlim] sample:		560.27 time, 560.32 real, 390 MB
[runlim] sample:		570.27 time, 570.32 real, 390 MB
[runlim] sample:		580.27 time, 580.32 real, 390 MB
[runlim] sample:		590.27 time, 590.32 real, 390 MB
[runlim] sample:		600.27 time, 600.32 real, 395 MB
[runlim] sample:		610.27 time, 610.32 real, 395 MB
[runlim] sample:		620.27 time, 620.32 real, 395 MB
[runlim] sample:		630.27 time, 630.32 real, 395 MB
[runlim] sample:		640.27 time, 640.32 real, 395 MB
[runlim] sample:		650.27 time, 650.32 real, 395 MB
[runlim] sample:		660.27 time, 660.32 real, 395 MB
[runlim] sample:		670.27 time, 670.32 real, 395 MB
[runlim] sample:		680.27 time, 680.32 real, 398 MB
[runlim] sample:		690.27 time, 690.32 real, 401 MB
[runlim] sample:		700.27 time, 700.32 real, 461 MB
[runlim] sample:		710.27 time, 710.32 real, 451 MB
[runlim] sample:		720.28 time, 720.32 real, 460 MB
[runlim] sample:		730.28 time, 730.32 real, 472 MB
[runlim] sample:		740.27 time, 740.32 real, 509 MB
[runlim] sample:		750.27 time, 750.32 real, 509 MB
[runlim] sample:		760.27 time, 760.32 real, 509 MB
[runlim] sample:		770.28 time, 770.32 real, 519 MB
[runlim] sample:		780.27 time, 780.32 real, 537 MB
[runlim] sample:		790.27 time, 790.32 real, 567 MB
[runlim] sample:		800.27 time, 800.32 real, 557 MB
[runlim] sample:		810.27 time, 810.32 real, 561 MB
[runlim] sample:		820.27 time, 820.32 real, 587 MB
[runlim] sample:		830.27 time, 830.32 real, 587 MB
[runlim] sample:		840.27 time, 840.32 real, 587 MB
[runlim] sample:		850.27 time, 850.32 real, 587 MB
[runlim] sample:		860.28 time, 860.32 real, 591 MB
[runlim] sample:		870.28 time, 870.32 real, 616 MB
[runlim] sample:		880.28 time, 880.32 real, 616 MB
[runlim] sample:		890.28 time, 890.32 real, 616 MB
[runlim] sample:		900.28 time, 900.32 real, 616 MB
[runlim] sample:		910.28 time, 910.32 real, 616 MB
[runlim] sample:		920.28 time, 920.32 real, 616 MB
[runlim] sample:		930.28 time, 930.32 real, 616 MB
[runlim] sample:		940.28 time, 940.32 real, 616 MB
[runlim] sample:		950.28 time, 950.32 real, 616 MB
[runlim] sample:		960.28 time, 960.32 real, 616 MB
[runlim] sample:		970.28 time, 970.32 real, 616 MB
[runlim] sample:		980.28 time, 980.32 real, 616 MB
[runlim] sample:		990.28 time, 990.32 real, 618 MB
[runlim] sample:		1000.28 time, 1000.32 real, 644 MB
[runlim] sample:		1010.28 time, 1010.32 real, 644 MB
[runlim] sample:		1020.28 time, 1020.32 real, 644 MB
[runlim] sample:		1030.28 time, 1030.32 real, 644 MB
[runlim] sample:		1040.28 time, 1040.32 real, 644 MB
[runlim] sample:		1050.28 time, 1050.32 real, 644 MB
[runlim] sample:		1060.28 time, 1060.32 real, 644 MB
[runlim] sample:		1070.28 time, 1070.32 real, 644 MB
[runlim] sample:		1080.28 time, 1080.32 real, 644 MB
[runlim] sample:		1090.28 time, 1090.32 real, 644 MB
[runlim] sample:		1100.28 time, 1100.32 real, 644 MB
[runlim] sample:		1110.28 time, 1110.32 real, 644 MB
[runlim] sample:		1120.28 time, 1120.32 real, 644 MB
[runlim] sample:		1130.27 time, 1130.32 real, 644 MB
[runlim] sample:		1140.27 time, 1140.32 real, 644 MB
[runlim] sample:		1150.27 time, 1150.32 real, 644 MB
[runlim] sample:		1160.27 time, 1160.32 real, 644 MB
[runlim] sample:		1170.27 time, 1170.32 real, 644 MB
[runlim] sample:		1180.27 time, 1180.32 real, 644 MB
[runlim] sample:		1190.27 time, 1190.32 real, 644 MB
[runlim] sample:		1200.27 time, 1200.32 real, 644 MB
[runlim] sample:		1210.27 time, 1210.32 real, 644 MB
[runlim] sample:		1220.27 time, 1220.32 real, 644 MB
[runlim] sample:		1230.27 time, 1230.32 real, 645 MB
[runlim] sample:		1240.27 time, 1240.32 real, 674 MB
[runlim] sample:		1250.27 time, 1250.32 real, 709 MB
[runlim] sample:		1260.27 time, 1260.32 real, 709 MB
[runlim] sample:		1270.27 time, 1270.32 real, 709 MB
[runlim] sample:		1280.27 time, 1280.32 real, 709 MB
[runlim] sample:		1290.27 time, 1290.32 real, 709 MB
[runlim] sample:		1300.27 time, 1300.32 real, 709 MB
[runlim] sample:		1310.27 time, 1310.32 real, 727 MB
[runlim] sample:		1320.27 time, 1320.32 real, 727 MB
[runlim] sample:		1330.27 time, 1330.32 real, 728 MB
[runlim] sample:		1340.27 time, 1340.32 real, 728 MB
[runlim] sample:		1350.27 time, 1350.32 real, 728 MB
[runlim] sample:		1360.27 time, 1360.32 real, 728 MB
[runlim] sample:		1370.27 time, 1370.32 real, 738 MB
[runlim] sample:		1380.27 time, 1380.32 real, 738 MB
[runlim] sample:		1390.27 time, 1390.32 real, 738 MB
[runlim] sample:		1400.27 time, 1400.32 real, 738 MB
[runlim] sample:		1410.27 time, 1410.32 real, 738 MB
[runlim] sample:		1420.27 time, 1420.32 real, 739 MB
[runlim] sample:		1430.27 time, 1430.32 real, 739 MB
[runlim] sample:		1440.27 time, 1440.32 real, 739 MB
[runlim] sample:		1450.27 time, 1450.32 real, 739 MB
[runlim] sample:		1460.27 time, 1460.32 real, 739 MB
[runlim] sample:		1470.27 time, 1470.32 real, 739 MB
[runlim] sample:		1480.27 time, 1480.32 real, 740 MB
[runlim] sample:		1490.27 time, 1490.32 real, 744 MB
[runlim] sample:		1500.28 time, 1500.32 real, 748 MB
[runlim] sample:		1510.27 time, 1510.32 real, 788 MB
[runlim] sample:		1520.27 time, 1520.32 real, 788 MB
[runlim] sample:		1530.27 time, 1530.32 real, 788 MB
[runlim] sample:		1540.27 time, 1540.32 real, 788 MB
[runlim] sample:		1550.28 time, 1550.32 real, 791 MB
[runlim] sample:		1560.27 time, 1560.32 real, 801 MB
[runlim] sample:		1570.27 time, 1570.32 real, 808 MB
[runlim] sample:		1580.27 time, 1580.32 real, 813 MB
[runlim] sample:		1590.27 time, 1590.32 real, 818 MB
[runlim] sample:		1600.27 time, 1600.32 real, 822 MB
[runlim] sample:		1610.27 time, 1610.32 real, 826 MB
[runlim] sample:		1620.28 time, 1620.32 real, 849 MB
[runlim] sample:		1630.28 time, 1630.32 real, 849 MB
[runlim] sample:		1640.27 time, 1640.32 real, 850 MB
[runlim] sample:		1650.27 time, 1650.32 real, 850 MB
[runlim] sample:		1660.27 time, 1660.32 real, 850 MB
[runlim] sample:		1670.27 time, 1670.32 real, 850 MB
[runlim] sample:		1680.27 time, 1680.32 real, 850 MB
[runlim] sample:		1690.27 time, 1690.32 real, 850 MB
[runlim] sample:		1700.27 time, 1700.32 real, 850 MB
[runlim] sample:		1710.27 time, 1710.32 real, 850 MB
[runlim] sample:		1720.27 time, 1720.32 real, 850 MB
[runlim] sample:		1730.27 time, 1730.32 real, 850 MB
[runlim] sample:		1740.27 time, 1740.32 real, 850 MB
[runlim] sample:		1750.27 time, 1750.32 real, 850 MB
[runlim] sample:		1760.27 time, 1760.32 real, 850 MB
[runlim] sample:		1770.27 time, 1770.32 real, 850 MB
[runlim] sample:		1780.27 time, 1780.32 real, 850 MB
[runlim] sample:		1790.27 time, 1790.32 real, 850 MB
[runlim] sample:		1800.27 time, 1800.32 real, 850 MB
[runlim] sample:		1810.27 time, 1810.32 real, 850 MB
[runlim] sample:		1820.27 time, 1820.32 real, 850 MB
[runlim] sample:		1830.27 time, 1830.32 real, 850 MB
[runlim] sample:		1840.27 time, 1840.32 real, 852 MB
[runlim] sample:		1850.27 time, 1850.32 real, 864 MB
[runlim] sample:		1860.27 time, 1860.32 real, 864 MB
[runlim] sample:		1870.27 time, 1870.32 real, 864 MB
[runlim] sample:		1880.27 time, 1880.32 real, 867 MB
[runlim] sample:		1890.27 time, 1890.32 real, 868 MB
[runlim] sample:		1900.27 time, 1900.32 real, 883 MB
[runlim] sample:		1910.27 time, 1910.32 real, 930 MB
[runlim] sample:		1920.27 time, 1920.32 real, 972 MB
[runlim] sample:		1930.27 time, 1930.32 real, 972 MB
[runlim] sample:		1940.27 time, 1940.32 real, 972 MB
[runlim] sample:		1950.27 time, 1950.32 real, 972 MB
[runlim] sample:		1960.27 time, 1960.32 real, 973 MB
[runlim] sample:		1970.27 time, 1970.32 real, 973 MB
[runlim] sample:		1980.27 time, 1980.32 real, 973 MB
[runlim] sample:		1990.27 time, 1990.32 real, 973 MB
[runlim] sample:		2000.27 time, 2000.32 real, 980 MB
[runlim] sample:		2010.27 time, 2010.32 real, 987 MB
[runlim] sample:		2020.27 time, 2020.32 real, 987 MB
[runlim] sample:		2030.27 time, 2030.32 real, 987 MB
[runlim] sample:		2040.27 time, 2040.32 real, 987 MB
[runlim] sample:		2050.27 time, 2050.32 real, 987 MB
[runlim] sample:		2060.27 time, 2060.32 real, 987 MB
[runlim] sample:		2070.27 time, 2070.32 real, 987 MB
[runlim] sample:		2080.27 time, 2080.32 real, 987 MB
[runlim] sample:		2090.27 time, 2090.32 real, 987 MB
[runlim] sample:		2100.27 time, 2100.32 real, 988 MB
[runlim] sample:		2110.27 time, 2110.32 real, 988 MB
[runlim] sample:		2120.27 time, 2120.32 real, 988 MB
[runlim] sample:		2130.27 time, 2130.32 real, 988 MB
[runlim] sample:		2140.27 time, 2140.32 real, 988 MB
[runlim] sample:		2150.27 time, 2150.32 real, 988 MB
[runlim] sample:		2160.27 time, 2160.32 real, 988 MB
[runlim] sample:		2170.27 time, 2170.32 real, 988 MB
[runlim] sample:		2180.27 time, 2180.32 real, 988 MB
[runlim] sample:		2190.27 time, 2190.32 real, 988 MB
[runlim] sample:		2200.27 time, 2200.32 real, 988 MB
[runlim] sample:		2210.27 time, 2210.32 real, 1028 MB
[runlim] sample:		2220.27 time, 2220.32 real, 1028 MB
[runlim] sample:		2230.27 time, 2230.32 real, 1008 MB
[runlim] sample:		2240.27 time, 2240.32 real, 1008 MB
[runlim] sample:		2250.27 time, 2250.32 real, 1008 MB
[runlim] sample:		2260.27 time, 2260.32 real, 1008 MB
[runlim] sample:		2270.27 time, 2270.32 real, 1008 MB
[runlim] sample:		2280.27 time, 2280.32 real, 1008 MB
[runlim] sample:		2290.27 time, 2290.32 real, 1008 MB
[runlim] sample:		2300.27 time, 2300.32 real, 1008 MB
[runlim] sample:		2310.27 time, 2310.32 real, 1008 MB
[runlim] sample:		2320.27 time, 2320.32 real, 1008 MB
[runlim] sample:		2330.27 time, 2330.32 real, 1008 MB
[runlim] sample:		2340.27 time, 2340.32 real, 1008 MB
[runlim] sample:		2350.27 time, 2350.32 real, 1008 MB
[runlim] sample:		2360.27 time, 2360.32 real, 1008 MB
[runlim] sample:		2370.27 time, 2370.32 real, 1008 MB
[runlim] sample:		2380.27 time, 2380.32 real, 1008 MB
[runlim] sample:		2390.27 time, 2390.32 real, 1008 MB
[runlim] sample:		2400.27 time, 2400.32 real, 1008 MB
[runlim] sample:		2410.27 time, 2410.32 real, 1008 MB
[runlim] sample:		2420.27 time, 2420.32 real, 1008 MB
[runlim] sample:		2430.27 time, 2430.32 real, 1008 MB
[runlim] sample:		2440.27 time, 2440.32 real, 1008 MB
[runlim] sample:		2450.27 time, 2450.32 real, 1008 MB
[runlim] sample:		2460.27 time, 2460.32 real, 1008 MB
[runlim] sample:		2470.27 time, 2470.32 real, 1008 MB
[runlim] sample:		2480.27 time, 2480.32 real, 1008 MB
[runlim] sample:		2490.27 time, 2490.32 real, 1008 MB
[runlim] sample:		2500.27 time, 2500.32 real, 1008 MB
[runlim] sample:		2510.27 time, 2510.32 real, 1008 MB
[runlim] sample:		2520.27 time, 2520.32 real, 1008 MB
[runlim] sample:		2530.27 time, 2530.32 real, 1008 MB
[runlim] sample:		2540.27 time, 2540.32 real, 1008 MB
[runlim] sample:		2550.27 time, 2550.32 real, 1008 MB
[runlim] sample:		2560.27 time, 2560.32 real, 1008 MB
[runlim] sample:		2570.27 time, 2570.32 real, 1008 MB
[runlim] sample:		2580.27 time, 2580.32 real, 1008 MB
[runlim] sample:		2590.27 time, 2590.32 real, 1008 MB
[runlim] sample:		2600.27 time, 2600.32 real, 1008 MB
[runlim] sample:		2610.27 time, 2610.32 real, 1008 MB
[runlim] sample:		2620.27 time, 2620.32 real, 1008 MB
[runlim] sample:		2630.27 time, 2630.32 real, 1008 MB
[runlim] sample:		2640.27 time, 2640.32 real, 1008 MB
[runlim] sample:		2650.27 time, 2650.32 real, 1008 MB
[runlim] sample:		2660.27 time, 2660.32 real, 1008 MB
[runlim] sample:		2670.27 time, 2670.32 real, 1008 MB
[runlim] sample:		2680.27 time, 2680.32 real, 1009 MB
[runlim] sample:		2690.27 time, 2690.32 real, 1010 MB
[runlim] end:			Sat Feb 29 07:57:54 2020
[runlim] status:		out of time
[runlim] result:		2
[runlim] children:		1
[runlim] real:			2700.13 seconds
[runlim] time:			2699.97 seconds
[runlim] space:			1028 MB
[runlim] samples:		26997
