[runlim] version:		1.18
[runlim] host:			c3n18
[runlim] time limit:		2700 seconds
[runlim] real time limit:	2700 seconds
[runlim] space limit:		7000 MB
[runlim] argv[0]:		./binary
[runlim] argv[1]:		/data/cnf/ankit/E1-A1-instances/reachqu_query01_1344.qdimacs
[runlim] start:			Sat Feb 29 07:12:52 2020
[runlim] child:			17359
[runlim] sample:		9.36 time, 10.12 real, 91 MB
[runlim] sample:		19.36 time, 20.12 real, 91 MB
[runlim] sample:		29.36 time, 30.12 real, 92 MB
[runlim] sample:		39.36 time, 40.12 real, 92 MB
[runlim] sample:		49.36 time, 50.12 real, 92 MB
[runlim] sample:		59.36 time, 60.12 real, 92 MB
[runlim] sample:		69.36 time, 70.12 real, 92 MB
[runlim] sample:		79.36 time, 80.12 real, 92 MB
[runlim] sample:		89.36 time, 90.12 real, 92 MB
[runlim] sample:		99.37 time, 100.12 real, 92 MB
[runlim] sample:		109.37 time, 110.12 real, 92 MB
[runlim] sample:		119.37 time, 120.12 real, 92 MB
[runlim] sample:		129.37 time, 130.12 real, 92 MB
[runlim] sample:		139.36 time, 140.12 real, 93 MB
[runlim] sample:		149.36 time, 150.12 real, 95 MB
[runlim] sample:		159.36 time, 160.12 real, 95 MB
[runlim] sample:		169.36 time, 170.12 real, 95 MB
[runlim] sample:		179.36 time, 180.12 real, 95 MB
[runlim] sample:		189.36 time, 190.12 real, 95 MB
[runlim] sample:		199.36 time, 200.12 real, 95 MB
[runlim] sample:		209.36 time, 210.12 real, 95 MB
[runlim] sample:		219.36 time, 220.12 real, 95 MB
[runlim] sample:		229.36 time, 230.12 real, 95 MB
[runlim] sample:		239.36 time, 240.12 real, 95 MB
[runlim] sample:		249.36 time, 250.12 real, 95 MB
[runlim] sample:		259.36 time, 260.12 real, 95 MB
[runlim] sample:		269.36 time, 270.12 real, 95 MB
[runlim] sample:		279.36 time, 280.12 real, 95 MB
[runlim] sample:		289.36 time, 290.12 real, 95 MB
[runlim] sample:		299.36 time, 300.12 real, 95 MB
[runlim] sample:		309.36 time, 310.12 real, 95 MB
[runlim] sample:		319.36 time, 320.12 real, 95 MB
[runlim] sample:		329.36 time, 330.12 real, 95 MB
[runlim] sample:		339.36 time, 340.12 real, 95 MB
[runlim] sample:		349.59 time, 350.34 real, 102 MB
[runlim] sample:		359.46 time, 360.22 real, 102 MB
[runlim] sample:		369.46 time, 370.22 real, 102 MB
[runlim] sample:		379.46 time, 380.22 real, 104 MB
[runlim] sample:		389.46 time, 390.22 real, 108 MB
[runlim] sample:		399.46 time, 400.22 real, 109 MB
[runlim] sample:		409.46 time, 410.22 real, 110 MB
[runlim] sample:		419.46 time, 420.22 real, 113 MB
[runlim] sample:		429.46 time, 430.22 real, 118 MB
[runlim] sample:		439.47 time, 440.22 real, 123 MB
[runlim] sample:		449.67 time, 450.42 real, 123 MB
[runlim] sample:		459.66 time, 460.42 real, 123 MB
[runlim] sample:		469.66 time, 470.42 real, 124 MB
[runlim] sample:		479.66 time, 480.42 real, 130 MB
[runlim] sample:		489.66 time, 490.42 real, 134 MB
[runlim] sample:		499.67 time, 500.42 real, 144 MB
[runlim] sample:		509.66 time, 510.42 real, 155 MB
[runlim] sample:		519.66 time, 520.42 real, 159 MB
[runlim] sample:		529.66 time, 530.42 real, 167 MB
[runlim] sample:		539.66 time, 540.42 real, 187 MB
[runlim] sample:		549.67 time, 550.42 real, 213 MB
[runlim] sample:		559.67 time, 560.42 real, 228 MB
[runlim] sample:		569.67 time, 570.42 real, 234 MB
[runlim] sample:		579.67 time, 580.42 real, 234 MB
[runlim] sample:		589.66 time, 590.42 real, 238 MB
[runlim] sample:		599.66 time, 600.42 real, 268 MB
[runlim] sample:		609.67 time, 610.42 real, 278 MB
[runlim] sample:		619.67 time, 620.42 real, 281 MB
[runlim] sample:		629.67 time, 630.42 real, 297 MB
[runlim] sample:		639.67 time, 640.42 real, 294 MB
[runlim] sample:		649.67 time, 650.42 real, 327 MB
[runlim] sample:		659.66 time, 660.42 real, 332 MB
[runlim] sample:		669.66 time, 670.42 real, 338 MB
[runlim] sample:		679.66 time, 680.42 real, 338 MB
[runlim] sample:		689.66 time, 690.42 real, 338 MB
[runlim] sample:		699.67 time, 700.42 real, 343 MB
[runlim] sample:		709.67 time, 710.42 real, 343 MB
[runlim] sample:		719.67 time, 720.42 real, 343 MB
[runlim] sample:		729.67 time, 730.42 real, 343 MB
[runlim] sample:		739.67 time, 740.42 real, 343 MB
[runlim] sample:		749.67 time, 750.42 real, 343 MB
[runlim] sample:		759.67 time, 760.42 real, 343 MB
[runlim] sample:		769.66 time, 770.42 real, 345 MB
[runlim] sample:		779.67 time, 780.42 real, 349 MB
[runlim] sample:		789.67 time, 790.42 real, 352 MB
[runlim] sample:		799.67 time, 800.42 real, 354 MB
[runlim] sample:		809.66 time, 810.42 real, 356 MB
[runlim] sample:		819.66 time, 820.42 real, 359 MB
[runlim] sample:		829.67 time, 830.42 real, 361 MB
[runlim] sample:		839.66 time, 840.42 real, 364 MB
[runlim] sample:		849.66 time, 850.42 real, 366 MB
[runlim] sample:		859.66 time, 860.42 real, 368 MB
[runlim] sample:		869.66 time, 870.42 real, 371 MB
[runlim] sample:		879.66 time, 880.42 real, 373 MB
[runlim] sample:		889.66 time, 890.42 real, 375 MB
[runlim] sample:		899.66 time, 900.42 real, 378 MB
[runlim] sample:		909.67 time, 910.42 real, 380 MB
[runlim] sample:		919.66 time, 920.42 real, 382 MB
[runlim] sample:		929.67 time, 930.42 real, 384 MB
[runlim] sample:		939.67 time, 940.42 real, 385 MB
[runlim] sample:		949.67 time, 950.42 real, 388 MB
[runlim] sample:		959.67 time, 960.42 real, 390 MB
[runlim] sample:		969.67 time, 970.42 real, 391 MB
[runlim] sample:		979.67 time, 980.42 real, 443 MB
[runlim] sample:		989.67 time, 990.42 real, 443 MB
[runlim] sample:		999.67 time, 1000.42 real, 443 MB
[runlim] sample:		1009.67 time, 1010.42 real, 451 MB
[runlim] sample:		1019.67 time, 1020.42 real, 451 MB
[runlim] sample:		1029.67 time, 1030.42 real, 458 MB
[runlim] sample:		1039.67 time, 1040.42 real, 458 MB
[runlim] sample:		1049.67 time, 1050.42 real, 458 MB
[runlim] sample:		1059.67 time, 1060.42 real, 458 MB
[runlim] sample:		1069.67 time, 1070.42 real, 459 MB
[runlim] sample:		1079.66 time, 1080.42 real, 473 MB
[runlim] sample:		1089.66 time, 1090.42 real, 475 MB
[runlim] sample:		1099.66 time, 1100.42 real, 475 MB
[runlim] sample:		1109.66 time, 1110.42 real, 475 MB
[runlim] sample:		1119.66 time, 1120.42 real, 476 MB
[runlim] sample:		1129.66 time, 1130.42 real, 476 MB
[runlim] sample:		1139.66 time, 1140.42 real, 476 MB
[runlim] sample:		1149.67 time, 1150.42 real, 481 MB
[runlim] sample:		1159.67 time, 1160.42 real, 481 MB
[runlim] sample:		1169.67 time, 1170.42 real, 482 MB
[runlim] sample:		1179.67 time, 1180.42 real, 482 MB
[runlim] sample:		1189.67 time, 1190.42 real, 482 MB
[runlim] sample:		1199.67 time, 1200.42 real, 483 MB
[runlim] sample:		1209.67 time, 1210.42 real, 483 MB
[runlim] sample:		1219.67 time, 1220.42 real, 483 MB
[runlim] sample:		1229.67 time, 1230.42 real, 485 MB
[runlim] sample:		1239.66 time, 1240.42 real, 493 MB
[runlim] sample:		1249.67 time, 1250.42 real, 498 MB
[runlim] sample:		1259.67 time, 1260.42 real, 502 MB
[runlim] sample:		1269.67 time, 1270.42 real, 506 MB
[runlim] sample:		1279.67 time, 1280.42 real, 510 MB
[runlim] sample:		1289.67 time, 1290.42 real, 556 MB
[runlim] sample:		1299.67 time, 1300.42 real, 556 MB
[runlim] sample:		1309.67 time, 1310.42 real, 546 MB
[runlim] sample:		1319.67 time, 1320.42 real, 550 MB
[runlim] sample:		1329.66 time, 1330.42 real, 556 MB
[runlim] sample:		1339.67 time, 1340.42 real, 561 MB
[runlim] sample:		1349.67 time, 1350.42 real, 620 MB
[runlim] sample:		1359.67 time, 1360.42 real, 620 MB
[runlim] sample:		1369.67 time, 1370.42 real, 620 MB
[runlim] sample:		1379.67 time, 1380.42 real, 620 MB
[runlim] sample:		1389.67 time, 1390.42 real, 620 MB
[runlim] sample:		1399.67 time, 1400.42 real, 640 MB
[runlim] sample:		1409.67 time, 1410.42 real, 640 MB
[runlim] sample:		1419.66 time, 1420.42 real, 640 MB
[runlim] sample:		1429.66 time, 1430.42 real, 640 MB
[runlim] sample:		1439.66 time, 1440.42 real, 640 MB
[runlim] sample:		1449.66 time, 1450.42 real, 640 MB
[runlim] sample:		1459.66 time, 1460.42 real, 640 MB
[runlim] sample:		1469.66 time, 1470.42 real, 640 MB
[runlim] sample:		1479.67 time, 1480.42 real, 640 MB
[runlim] sample:		1489.67 time, 1490.42 real, 640 MB
[runlim] sample:		1499.67 time, 1500.42 real, 640 MB
[runlim] sample:		1509.67 time, 1510.42 real, 640 MB
[runlim] sample:		1519.67 time, 1520.42 real, 640 MB
[runlim] sample:		1529.67 time, 1530.42 real, 640 MB
[runlim] sample:		1539.67 time, 1540.42 real, 640 MB
[runlim] sample:		1549.67 time, 1550.42 real, 641 MB
[runlim] sample:		1559.67 time, 1560.42 real, 644 MB
[runlim] sample:		1569.67 time, 1570.42 real, 647 MB
[runlim] sample:		1579.67 time, 1580.42 real, 649 MB
[runlim] sample:		1589.67 time, 1590.42 real, 651 MB
[runlim] sample:		1599.67 time, 1600.42 real, 653 MB
[runlim] sample:		1609.66 time, 1610.42 real, 655 MB
[runlim] sample:		1619.67 time, 1620.42 real, 657 MB
[runlim] sample:		1629.67 time, 1630.42 real, 659 MB
[runlim] sample:		1639.67 time, 1640.42 real, 661 MB
[runlim] sample:		1649.67 time, 1650.42 real, 662 MB
[runlim] sample:		1659.67 time, 1660.42 real, 664 MB
[runlim] sample:		1669.67 time, 1670.42 real, 665 MB
[runlim] sample:		1679.67 time, 1680.42 real, 667 MB
[runlim] sample:		1689.67 time, 1690.42 real, 668 MB
[runlim] sample:		1699.67 time, 1700.42 real, 671 MB
[runlim] sample:		1709.67 time, 1710.42 real, 674 MB
[runlim] sample:		1719.67 time, 1720.42 real, 675 MB
[runlim] sample:		1729.67 time, 1730.42 real, 678 MB
[runlim] sample:		1739.67 time, 1740.42 real, 680 MB
[runlim] sample:		1749.67 time, 1750.42 real, 683 MB
[runlim] sample:		1759.67 time, 1760.42 real, 685 MB
[runlim] sample:		1769.67 time, 1770.42 real, 687 MB
[runlim] sample:		1779.67 time, 1780.42 real, 690 MB
[runlim] sample:		1789.66 time, 1790.42 real, 692 MB
[runlim] sample:		1799.66 time, 1800.42 real, 693 MB
[runlim] sample:		1809.66 time, 1810.42 real, 695 MB
[runlim] sample:		1819.66 time, 1820.42 real, 747 MB
[runlim] sample:		1829.67 time, 1830.42 real, 783 MB
[runlim] sample:		1839.67 time, 1840.42 real, 783 MB
[runlim] sample:		1849.66 time, 1850.42 real, 783 MB
[runlim] sample:		1859.66 time, 1860.42 real, 783 MB
[runlim] sample:		1869.66 time, 1870.42 real, 783 MB
[runlim] sample:		1879.66 time, 1880.42 real, 783 MB
[runlim] sample:		1889.66 time, 1890.42 real, 783 MB
[runlim] sample:		1899.67 time, 1900.42 real, 789 MB
[runlim] sample:		1909.67 time, 1910.42 real, 801 MB
[runlim] sample:		1919.67 time, 1920.42 real, 801 MB
[runlim] sample:		1929.67 time, 1930.42 real, 801 MB
[runlim] sample:		1939.67 time, 1940.42 real, 801 MB
[runlim] sample:		1949.67 time, 1950.42 real, 801 MB
[runlim] sample:		1959.67 time, 1960.42 real, 801 MB
[runlim] sample:		1969.67 time, 1970.42 real, 801 MB
[runlim] sample:		1979.67 time, 1980.42 real, 801 MB
[runlim] sample:		1989.67 time, 1990.42 real, 801 MB
[runlim] sample:		1999.67 time, 2000.42 real, 801 MB
[runlim] sample:		2009.67 time, 2010.42 real, 801 MB
[runlim] sample:		2019.67 time, 2020.42 real, 801 MB
[runlim] sample:		2029.67 time, 2030.42 real, 801 MB
[runlim] sample:		2039.67 time, 2040.42 real, 801 MB
[runlim] sample:		2049.66 time, 2050.42 real, 801 MB
[runlim] sample:		2059.66 time, 2060.42 real, 801 MB
[runlim] sample:		2069.66 time, 2070.42 real, 801 MB
[runlim] sample:		2079.66 time, 2080.42 real, 801 MB
[runlim] sample:		2089.66 time, 2090.42 real, 801 MB
[runlim] sample:		2099.66 time, 2100.42 real, 801 MB
[runlim] sample:		2109.66 time, 2110.42 real, 801 MB
[runlim] sample:		2119.66 time, 2120.42 real, 801 MB
[runlim] sample:		2129.67 time, 2130.42 real, 801 MB
[runlim] sample:		2139.67 time, 2140.42 real, 801 MB
[runlim] sample:		2149.67 time, 2150.42 real, 803 MB
[runlim] sample:		2159.67 time, 2160.42 real, 853 MB
[runlim] sample:		2169.67 time, 2170.42 real, 853 MB
[runlim] sample:		2179.67 time, 2180.42 real, 853 MB
[runlim] sample:		2189.67 time, 2190.42 real, 853 MB
[runlim] sample:		2199.67 time, 2200.42 real, 853 MB
[runlim] sample:		2209.67 time, 2210.42 real, 853 MB
[runlim] sample:		2219.67 time, 2220.42 real, 853 MB
[runlim] sample:		2229.67 time, 2230.42 real, 853 MB
[runlim] sample:		2239.67 time, 2240.42 real, 853 MB
[runlim] sample:		2249.67 time, 2250.42 real, 853 MB
[runlim] sample:		2259.67 time, 2260.42 real, 853 MB
[runlim] sample:		2269.67 time, 2270.42 real, 856 MB
[runlim] sample:		2279.67 time, 2280.42 real, 860 MB
[runlim] sample:		2289.67 time, 2290.42 real, 863 MB
[runlim] sample:		2299.67 time, 2300.42 real, 867 MB
[runlim] sample:		2309.67 time, 2310.42 real, 869 MB
[runlim] sample:		2319.67 time, 2320.42 real, 872 MB
[runlim] sample:		2329.67 time, 2330.42 real, 875 MB
[runlim] sample:		2339.67 time, 2340.42 real, 878 MB
[runlim] sample:		2349.67 time, 2350.42 real, 881 MB
[runlim] sample:		2359.67 time, 2360.42 real, 894 MB
[runlim] sample:		2369.67 time, 2370.42 real, 894 MB
[runlim] sample:		2379.67 time, 2380.42 real, 895 MB
[runlim] sample:		2389.67 time, 2390.42 real, 898 MB
[runlim] sample:		2399.67 time, 2400.42 real, 900 MB
[runlim] sample:		2409.67 time, 2410.42 real, 902 MB
[runlim] sample:		2419.67 time, 2420.42 real, 905 MB
[runlim] sample:		2429.67 time, 2430.42 real, 907 MB
[runlim] sample:		2439.67 time, 2440.42 real, 909 MB
[runlim] sample:		2449.66 time, 2450.42 real, 911 MB
[runlim] sample:		2459.67 time, 2460.42 real, 913 MB
[runlim] sample:		2469.66 time, 2470.42 real, 915 MB
[runlim] sample:		2479.66 time, 2480.42 real, 917 MB
[runlim] sample:		2489.67 time, 2490.42 real, 919 MB
[runlim] sample:		2499.67 time, 2500.42 real, 922 MB
[runlim] sample:		2509.67 time, 2510.42 real, 924 MB
[runlim] sample:		2519.67 time, 2520.42 real, 926 MB
[runlim] sample:		2529.67 time, 2530.42 real, 928 MB
[runlim] sample:		2539.67 time, 2540.42 real, 930 MB
[runlim] sample:		2549.67 time, 2550.42 real, 933 MB
[runlim] sample:		2559.67 time, 2560.42 real, 935 MB
[runlim] sample:		2569.67 time, 2570.42 real, 937 MB
[runlim] sample:		2579.67 time, 2580.42 real, 940 MB
[runlim] sample:		2589.67 time, 2590.42 real, 942 MB
[runlim] sample:		2599.67 time, 2600.42 real, 943 MB
[runlim] sample:		2609.67 time, 2610.42 real, 945 MB
[runlim] sample:		2619.67 time, 2620.42 real, 947 MB
[runlim] sample:		2629.67 time, 2630.42 real, 948 MB
[runlim] sample:		2639.67 time, 2640.42 real, 950 MB
[runlim] sample:		2649.67 time, 2650.42 real, 951 MB
[runlim] sample:		2659.67 time, 2660.42 real, 953 MB
[runlim] sample:		2669.67 time, 2670.42 real, 955 MB
[runlim] sample:		2679.66 time, 2680.42 real, 956 MB
[runlim] sample:		2689.67 time, 2690.42 real, 958 MB
[runlim] end:			Sat Feb 29 07:57:52 2020
[runlim] status:		out of time
[runlim] result:		2
[runlim] children:		1
[runlim] real:			2700.12 seconds
[runlim] time:			2699.26 seconds
[runlim] space:			959 MB
[runlim] samples:		26996
