[runlim] version:		1.18
[runlim] host:			c3n18
[runlim] time limit:		2700 seconds
[runlim] real time limit:	2700 seconds
[runlim] space limit:		7000 MB
[runlim] argv[0]:		./binary
[runlim] argv[1]:		/data/cnf/ankit/E1-A1-instances/reachqu_nxquery_1344.qdimacs
[runlim] start:			Sat Feb 29 07:12:52 2020
[runlim] child:			17358
[runlim] sample:		9.29 time, 10.12 real, 44 MB
[runlim] sample:		19.29 time, 20.12 real, 48 MB
[runlim] sample:		29.29 time, 30.12 real, 71 MB
[runlim] sample:		39.30 time, 40.12 real, 106 MB
[runlim] sample:		49.29 time, 50.12 real, 134 MB
[runlim] sample:		59.29 time, 60.12 real, 143 MB
[runlim] sample:		69.29 time, 70.12 real, 143 MB
[runlim] sample:		79.29 time, 80.12 real, 147 MB
[runlim] sample:		89.29 time, 90.12 real, 151 MB
[runlim] sample:		99.29 time, 100.12 real, 155 MB
[runlim] sample:		109.29 time, 110.12 real, 159 MB
[runlim] sample:		119.29 time, 120.12 real, 189 MB
[runlim] sample:		129.29 time, 130.12 real, 202 MB
[runlim] sample:		139.29 time, 140.12 real, 211 MB
[runlim] sample:		149.29 time, 150.12 real, 218 MB
[runlim] sample:		159.29 time, 160.12 real, 224 MB
[runlim] sample:		169.29 time, 170.12 real, 228 MB
[runlim] sample:		179.29 time, 180.12 real, 231 MB
[runlim] sample:		189.29 time, 190.12 real, 234 MB
[runlim] sample:		199.29 time, 200.12 real, 272 MB
[runlim] sample:		209.29 time, 210.12 real, 272 MB
[runlim] sample:		219.29 time, 220.12 real, 272 MB
[runlim] sample:		229.29 time, 230.12 real, 277 MB
[runlim] sample:		239.29 time, 240.12 real, 283 MB
[runlim] sample:		249.29 time, 250.12 real, 289 MB
[runlim] sample:		259.29 time, 260.12 real, 293 MB
[runlim] sample:		269.29 time, 270.12 real, 297 MB
[runlim] sample:		279.29 time, 280.12 real, 300 MB
[runlim] sample:		289.29 time, 290.12 real, 304 MB
[runlim] sample:		299.29 time, 300.12 real, 355 MB
[runlim] sample:		309.29 time, 310.12 real, 349 MB
[runlim] sample:		319.29 time, 320.12 real, 349 MB
[runlim] sample:		329.29 time, 330.12 real, 349 MB
[runlim] sample:		339.29 time, 340.12 real, 354 MB
[runlim] sample:		349.51 time, 350.34 real, 359 MB
[runlim] sample:		359.39 time, 360.22 real, 362 MB
[runlim] sample:		369.40 time, 370.22 real, 365 MB
[runlim] sample:		379.39 time, 380.22 real, 368 MB
[runlim] sample:		389.40 time, 390.22 real, 371 MB
[runlim] sample:		399.39 time, 400.22 real, 374 MB
[runlim] sample:		409.39 time, 410.22 real, 377 MB
[runlim] sample:		419.39 time, 420.22 real, 379 MB
[runlim] sample:		429.39 time, 430.22 real, 386 MB
[runlim] sample:		439.39 time, 440.22 real, 386 MB
[runlim] sample:		449.59 time, 450.42 real, 389 MB
[runlim] sample:		459.59 time, 460.42 real, 391 MB
[runlim] sample:		469.59 time, 470.42 real, 393 MB
[runlim] sample:		479.59 time, 480.42 real, 395 MB
[runlim] sample:		489.59 time, 490.42 real, 397 MB
[runlim] sample:		499.58 time, 500.42 real, 399 MB
[runlim] sample:		509.59 time, 510.42 real, 400 MB
[runlim] sample:		519.59 time, 520.42 real, 402 MB
[runlim] sample:		529.59 time, 530.42 real, 403 MB
[runlim] sample:		539.59 time, 540.42 real, 405 MB
[runlim] sample:		549.59 time, 550.42 real, 406 MB
[runlim] sample:		559.59 time, 560.42 real, 408 MB
[runlim] sample:		569.59 time, 570.42 real, 409 MB
[runlim] sample:		579.59 time, 580.42 real, 410 MB
[runlim] sample:		589.60 time, 590.42 real, 412 MB
[runlim] sample:		599.60 time, 600.42 real, 414 MB
[runlim] sample:		609.59 time, 610.42 real, 415 MB
[runlim] sample:		619.59 time, 620.42 real, 417 MB
[runlim] sample:		629.59 time, 630.42 real, 419 MB
[runlim] sample:		639.60 time, 640.42 real, 420 MB
[runlim] sample:		649.59 time, 650.42 real, 422 MB
[runlim] sample:		659.59 time, 660.42 real, 423 MB
[runlim] sample:		669.59 time, 670.42 real, 424 MB
[runlim] sample:		679.59 time, 680.42 real, 425 MB
[runlim] sample:		689.59 time, 690.42 real, 427 MB
[runlim] sample:		699.59 time, 700.42 real, 428 MB
[runlim] sample:		709.59 time, 710.42 real, 429 MB
[runlim] sample:		719.59 time, 720.42 real, 430 MB
[runlim] sample:		729.59 time, 730.42 real, 431 MB
[runlim] sample:		739.59 time, 740.42 real, 432 MB
[runlim] sample:		749.59 time, 750.42 real, 433 MB
[runlim] sample:		759.59 time, 760.42 real, 434 MB
[runlim] sample:		769.59 time, 770.42 real, 435 MB
[runlim] sample:		779.59 time, 780.42 real, 436 MB
[runlim] sample:		789.59 time, 790.42 real, 438 MB
[runlim] sample:		799.59 time, 800.42 real, 440 MB
[runlim] sample:		809.59 time, 810.42 real, 441 MB
[runlim] sample:		819.59 time, 820.42 real, 442 MB
[runlim] sample:		829.59 time, 830.42 real, 443 MB
[runlim] sample:		839.59 time, 840.42 real, 455 MB
[runlim] sample:		849.59 time, 850.42 real, 514 MB
[runlim] sample:		859.59 time, 860.42 real, 514 MB
[runlim] sample:		869.59 time, 870.42 real, 514 MB
[runlim] sample:		879.59 time, 880.42 real, 514 MB
[runlim] sample:		889.59 time, 890.42 real, 514 MB
[runlim] sample:		899.59 time, 900.42 real, 514 MB
[runlim] sample:		909.59 time, 910.42 real, 514 MB
[runlim] sample:		919.59 time, 920.42 real, 514 MB
[runlim] sample:		929.59 time, 930.42 real, 514 MB
[runlim] sample:		939.59 time, 940.42 real, 514 MB
[runlim] sample:		949.59 time, 950.42 real, 514 MB
[runlim] sample:		959.59 time, 960.42 real, 514 MB
[runlim] sample:		969.59 time, 970.42 real, 514 MB
[runlim] sample:		979.59 time, 980.42 real, 514 MB
[runlim] sample:		989.59 time, 990.42 real, 514 MB
[runlim] sample:		999.59 time, 1000.42 real, 514 MB
[runlim] sample:		1009.59 time, 1010.42 real, 514 MB
[runlim] sample:		1019.59 time, 1020.42 real, 514 MB
[runlim] sample:		1029.59 time, 1030.42 real, 514 MB
[runlim] sample:		1039.59 time, 1040.42 real, 514 MB
[runlim] sample:		1049.59 time, 1050.42 real, 514 MB
[runlim] sample:		1059.59 time, 1060.42 real, 514 MB
[runlim] sample:		1069.59 time, 1070.42 real, 514 MB
[runlim] sample:		1079.59 time, 1080.42 real, 514 MB
[runlim] sample:		1089.59 time, 1090.42 real, 515 MB
[runlim] sample:		1099.60 time, 1100.42 real, 517 MB
[runlim] sample:		1109.60 time, 1110.42 real, 519 MB
[runlim] sample:		1119.59 time, 1120.42 real, 521 MB
[runlim] sample:		1129.59 time, 1130.42 real, 522 MB
[runlim] sample:		1139.59 time, 1140.42 real, 524 MB
[runlim] sample:		1149.59 time, 1150.42 real, 525 MB
[runlim] sample:		1159.59 time, 1160.42 real, 527 MB
[runlim] sample:		1169.59 time, 1170.42 real, 529 MB
[runlim] sample:		1179.59 time, 1180.42 real, 531 MB
[runlim] sample:		1189.59 time, 1190.42 real, 532 MB
[runlim] sample:		1199.59 time, 1200.42 real, 534 MB
[runlim] sample:		1209.59 time, 1210.42 real, 536 MB
[runlim] sample:		1219.59 time, 1220.42 real, 537 MB
[runlim] sample:		1229.59 time, 1230.42 real, 538 MB
[runlim] sample:		1239.59 time, 1240.42 real, 540 MB
[runlim] sample:		1249.59 time, 1250.42 real, 541 MB
[runlim] sample:		1259.60 time, 1260.42 real, 543 MB
[runlim] sample:		1269.59 time, 1270.42 real, 544 MB
[runlim] sample:		1279.59 time, 1280.42 real, 546 MB
[runlim] sample:		1289.59 time, 1290.42 real, 547 MB
[runlim] sample:		1299.59 time, 1300.42 real, 548 MB
[runlim] sample:		1309.59 time, 1310.42 real, 549 MB
[runlim] sample:		1319.59 time, 1320.42 real, 550 MB
[runlim] sample:		1329.59 time, 1330.42 real, 552 MB
[runlim] sample:		1339.59 time, 1340.42 real, 553 MB
[runlim] sample:		1349.59 time, 1350.42 real, 554 MB
[runlim] sample:		1359.59 time, 1360.42 real, 556 MB
[runlim] sample:		1369.59 time, 1370.42 real, 557 MB
[runlim] sample:		1379.59 time, 1380.42 real, 558 MB
[runlim] sample:		1389.59 time, 1390.42 real, 559 MB
[runlim] sample:		1399.59 time, 1400.42 real, 561 MB
[runlim] sample:		1409.59 time, 1410.42 real, 563 MB
[runlim] sample:		1419.59 time, 1420.42 real, 564 MB
[runlim] sample:		1429.59 time, 1430.42 real, 565 MB
[runlim] sample:		1439.59 time, 1440.42 real, 566 MB
[runlim] sample:		1449.59 time, 1450.42 real, 567 MB
[runlim] sample:		1459.59 time, 1460.42 real, 578 MB
[runlim] sample:		1469.59 time, 1470.42 real, 657 MB
[runlim] sample:		1479.59 time, 1480.42 real, 645 MB
[runlim] sample:		1489.58 time, 1490.42 real, 645 MB
[runlim] sample:		1499.59 time, 1500.42 real, 645 MB
[runlim] sample:		1509.59 time, 1510.42 real, 645 MB
[runlim] sample:		1519.58 time, 1520.42 real, 645 MB
[runlim] sample:		1529.59 time, 1530.42 real, 645 MB
[runlim] sample:		1539.59 time, 1540.42 real, 645 MB
[runlim] sample:		1549.59 time, 1550.42 real, 645 MB
[runlim] sample:		1559.59 time, 1560.42 real, 645 MB
[runlim] sample:		1569.59 time, 1570.42 real, 645 MB
[runlim] sample:		1579.60 time, 1580.42 real, 645 MB
[runlim] sample:		1589.60 time, 1590.42 real, 645 MB
[runlim] sample:		1599.60 time, 1600.42 real, 645 MB
[runlim] sample:		1609.59 time, 1610.42 real, 645 MB
[runlim] sample:		1619.59 time, 1620.42 real, 645 MB
[runlim] sample:		1629.59 time, 1630.42 real, 645 MB
[runlim] sample:		1639.59 time, 1640.42 real, 645 MB
[runlim] sample:		1649.59 time, 1650.42 real, 645 MB
[runlim] sample:		1659.59 time, 1660.42 real, 645 MB
[runlim] sample:		1669.59 time, 1670.42 real, 645 MB
[runlim] sample:		1679.59 time, 1680.42 real, 645 MB
[runlim] sample:		1689.59 time, 1690.42 real, 645 MB
[runlim] sample:		1699.59 time, 1700.42 real, 645 MB
[runlim] sample:		1709.60 time, 1710.42 real, 645 MB
[runlim] sample:		1719.60 time, 1720.42 real, 645 MB
[runlim] sample:		1729.60 time, 1730.42 real, 645 MB
[runlim] sample:		1739.60 time, 1740.42 real, 645 MB
[runlim] sample:		1749.59 time, 1750.42 real, 645 MB
[runlim] sample:		1759.60 time, 1760.42 real, 645 MB
[runlim] sample:		1769.60 time, 1770.42 real, 645 MB
[runlim] sample:		1779.60 time, 1780.42 real, 646 MB
[runlim] sample:		1789.59 time, 1790.42 real, 647 MB
[runlim] sample:		1799.59 time, 1800.42 real, 649 MB
[runlim] sample:		1809.60 time, 1810.42 real, 650 MB
[runlim] sample:		1819.60 time, 1820.42 real, 652 MB
[runlim] sample:		1829.59 time, 1830.42 real, 654 MB
[runlim] sample:		1839.59 time, 1840.42 real, 656 MB
[runlim] sample:		1849.59 time, 1850.42 real, 657 MB
[runlim] sample:		1859.60 time, 1860.42 real, 659 MB
[runlim] sample:		1869.59 time, 1870.42 real, 661 MB
[runlim] sample:		1879.60 time, 1880.42 real, 662 MB
[runlim] sample:		1889.59 time, 1890.42 real, 664 MB
[runlim] sample:		1899.59 time, 1900.42 real, 666 MB
[runlim] sample:		1909.59 time, 1910.42 real, 667 MB
[runlim] sample:		1919.59 time, 1920.42 real, 669 MB
[runlim] sample:		1929.59 time, 1930.42 real, 670 MB
[runlim] sample:		1939.58 time, 1940.42 real, 671 MB
[runlim] sample:		1949.59 time, 1950.42 real, 673 MB
[runlim] sample:		1959.59 time, 1960.42 real, 674 MB
[runlim] sample:		1969.59 time, 1970.42 real, 676 MB
[runlim] sample:		1979.59 time, 1980.42 real, 677 MB
[runlim] sample:		1989.60 time, 1990.42 real, 679 MB
[runlim] sample:		1999.60 time, 2000.42 real, 680 MB
[runlim] sample:		2009.59 time, 2010.42 real, 681 MB
[runlim] sample:		2019.59 time, 2020.42 real, 683 MB
[runlim] sample:		2029.59 time, 2030.42 real, 684 MB
[runlim] sample:		2039.59 time, 2040.42 real, 686 MB
[runlim] sample:		2049.59 time, 2050.42 real, 687 MB
[runlim] sample:		2059.59 time, 2060.42 real, 688 MB
[runlim] sample:		2069.59 time, 2070.42 real, 690 MB
[runlim] sample:		2079.59 time, 2080.42 real, 691 MB
[runlim] sample:		2089.59 time, 2090.42 real, 692 MB
[runlim] sample:		2099.59 time, 2100.42 real, 694 MB
[runlim] sample:		2109.60 time, 2110.42 real, 695 MB
[runlim] sample:		2119.59 time, 2120.42 real, 696 MB
[runlim] sample:		2129.59 time, 2130.42 real, 697 MB
[runlim] sample:		2139.60 time, 2140.42 real, 699 MB
[runlim] sample:		2149.59 time, 2150.42 real, 700 MB
[runlim] sample:		2159.59 time, 2160.42 real, 701 MB
[runlim] sample:		2169.59 time, 2170.42 real, 702 MB
[runlim] sample:		2179.59 time, 2180.42 real, 703 MB
[runlim] sample:		2189.59 time, 2190.42 real, 704 MB
[runlim] sample:		2199.59 time, 2200.42 real, 705 MB
[runlim] sample:		2209.59 time, 2210.42 real, 706 MB
[runlim] sample:		2219.59 time, 2220.42 real, 707 MB
[runlim] sample:		2229.58 time, 2230.42 real, 708 MB
[runlim] sample:		2239.58 time, 2240.42 real, 709 MB
[runlim] sample:		2249.58 time, 2250.42 real, 710 MB
[runlim] sample:		2259.59 time, 2260.42 real, 711 MB
[runlim] sample:		2269.59 time, 2270.42 real, 713 MB
[runlim] sample:		2279.59 time, 2280.42 real, 713 MB
[runlim] sample:		2289.58 time, 2290.42 real, 715 MB
[runlim] sample:		2299.58 time, 2300.42 real, 716 MB
[runlim] sample:		2309.59 time, 2310.42 real, 728 MB
[runlim] sample:		2319.59 time, 2320.42 real, 728 MB
[runlim] sample:		2329.59 time, 2330.42 real, 728 MB
[runlim] sample:		2339.59 time, 2340.42 real, 728 MB
[runlim] sample:		2349.58 time, 2350.42 real, 728 MB
[runlim] sample:		2359.58 time, 2360.42 real, 728 MB
[runlim] sample:		2369.59 time, 2370.42 real, 729 MB
[runlim] sample:		2379.59 time, 2380.42 real, 730 MB
[runlim] sample:		2389.58 time, 2390.42 real, 731 MB
[runlim] sample:		2399.58 time, 2400.42 real, 731 MB
[runlim] sample:		2409.58 time, 2410.42 real, 732 MB
[runlim] sample:		2419.58 time, 2420.42 real, 733 MB
[runlim] sample:		2429.59 time, 2430.42 real, 734 MB
[runlim] sample:		2439.59 time, 2440.42 real, 735 MB
[runlim] sample:		2449.58 time, 2450.42 real, 736 MB
[runlim] sample:		2459.58 time, 2460.42 real, 737 MB
[runlim] sample:		2469.59 time, 2470.42 real, 738 MB
[runlim] sample:		2479.59 time, 2480.42 real, 740 MB
[runlim] sample:		2489.59 time, 2490.42 real, 741 MB
[runlim] sample:		2499.58 time, 2500.42 real, 742 MB
[runlim] sample:		2509.58 time, 2510.42 real, 743 MB
[runlim] sample:		2519.59 time, 2520.42 real, 744 MB
[runlim] sample:		2529.59 time, 2530.42 real, 745 MB
[runlim] sample:		2539.58 time, 2540.42 real, 746 MB
[runlim] sample:		2549.58 time, 2550.42 real, 747 MB
[runlim] sample:		2559.58 time, 2560.42 real, 748 MB
[runlim] sample:		2569.58 time, 2570.42 real, 749 MB
[runlim] sample:		2579.58 time, 2580.42 real, 750 MB
[runlim] sample:		2589.58 time, 2590.42 real, 751 MB
[runlim] sample:		2599.59 time, 2600.42 real, 752 MB
[runlim] sample:		2609.59 time, 2610.42 real, 753 MB
[runlim] sample:		2619.58 time, 2620.42 real, 753 MB
[runlim] sample:		2629.58 time, 2630.42 real, 754 MB
[runlim] sample:		2639.58 time, 2640.42 real, 755 MB
[runlim] sample:		2649.58 time, 2650.42 real, 756 MB
[runlim] sample:		2659.59 time, 2660.42 real, 757 MB
[runlim] sample:		2669.59 time, 2670.42 real, 758 MB
[runlim] sample:		2679.59 time, 2680.42 real, 759 MB
[runlim] sample:		2689.58 time, 2690.42 real, 759 MB
[runlim] end:			Sat Feb 29 07:57:52 2020
[runlim] status:		out of time
[runlim] result:		2
[runlim] children:		1
[runlim] real:			2700.14 seconds
[runlim] time:			2699.18 seconds
[runlim] space:			760 MB
[runlim] samples:		26996
