[runlim] version:		1.18
[runlim] host:			c3n18
[runlim] time limit:		2700 seconds
[runlim] real time limit:	2700 seconds
[runlim] space limit:		7000 MB
[runlim] argv[0]:		./binary
[runlim] argv[1]:		/data/cnf/ankit/E1-A1-instances/s5378_1_0.qdimacs
[runlim] start:			Sat Feb 29 07:12:53 2020
[runlim] child:			17422
[runlim] sample:		9.95 time, 10.02 real, 79 MB
[runlim] sample:		19.93 time, 20.02 real, 85 MB
[runlim] sample:		29.90 time, 30.02 real, 86 MB
[runlim] sample:		39.90 time, 40.02 real, 89 MB
[runlim] sample:		49.87 time, 50.02 real, 110 MB
[runlim] sample:		59.86 time, 60.02 real, 110 MB
[runlim] sample:		69.83 time, 70.02 real, 131 MB
[runlim] sample:		79.82 time, 80.02 real, 131 MB
[runlim] sample:		89.80 time, 90.02 real, 137 MB
[runlim] sample:		99.78 time, 100.02 real, 140 MB
[runlim] sample:		109.76 time, 110.02 real, 177 MB
[runlim] sample:		119.74 time, 120.02 real, 184 MB
[runlim] sample:		129.72 time, 130.02 real, 185 MB
[runlim] sample:		139.71 time, 140.02 real, 193 MB
[runlim] sample:		149.69 time, 150.02 real, 201 MB
[runlim] sample:		159.68 time, 160.02 real, 206 MB
[runlim] sample:		169.66 time, 170.02 real, 210 MB
[runlim] sample:		179.64 time, 180.02 real, 213 MB
[runlim] sample:		189.63 time, 190.02 real, 216 MB
[runlim] sample:		199.60 time, 200.02 real, 219 MB
[runlim] sample:		209.58 time, 210.02 real, 221 MB
[runlim] sample:		219.56 time, 220.02 real, 221 MB
[runlim] sample:		229.55 time, 230.02 real, 221 MB
[runlim] sample:		239.53 time, 240.02 real, 223 MB
[runlim] sample:		249.51 time, 250.02 real, 225 MB
[runlim] sample:		259.49 time, 260.02 real, 227 MB
[runlim] sample:		269.47 time, 270.02 real, 229 MB
[runlim] sample:		279.46 time, 280.02 real, 231 MB
[runlim] sample:		289.44 time, 290.02 real, 233 MB
[runlim] sample:		299.43 time, 300.02 real, 234 MB
[runlim] sample:		309.40 time, 310.02 real, 236 MB
[runlim] sample:		319.38 time, 320.02 real, 238 MB
[runlim] sample:		329.36 time, 330.02 real, 240 MB
[runlim] sample:		339.35 time, 340.02 real, 241 MB
[runlim] sample:		349.39 time, 350.12 real, 243 MB
[runlim] sample:		359.39 time, 360.12 real, 244 MB
[runlim] sample:		369.39 time, 370.12 real, 246 MB
[runlim] sample:		379.39 time, 380.12 real, 248 MB
[runlim] sample:		389.39 time, 390.12 real, 249 MB
[runlim] sample:		399.38 time, 400.12 real, 251 MB
[runlim] sample:		409.38 time, 410.12 real, 253 MB
[runlim] sample:		419.39 time, 420.12 real, 254 MB
[runlim] sample:		429.39 time, 430.12 real, 256 MB
[runlim] sample:		439.39 time, 440.12 real, 257 MB
[runlim] sample:		449.49 time, 450.22 real, 258 MB
[runlim] sample:		459.48 time, 460.22 real, 259 MB
[runlim] sample:		469.49 time, 470.22 real, 261 MB
[runlim] sample:		479.49 time, 480.22 real, 262 MB
[runlim] sample:		489.49 time, 490.22 real, 263 MB
[runlim] sample:		499.49 time, 500.22 real, 264 MB
[runlim] sample:		509.49 time, 510.22 real, 266 MB
[runlim] sample:		519.49 time, 520.22 real, 267 MB
[runlim] sample:		529.49 time, 530.22 real, 268 MB
[runlim] sample:		539.48 time, 540.22 real, 269 MB
[runlim] sample:		549.48 time, 550.22 real, 271 MB
[runlim] sample:		559.49 time, 560.22 real, 272 MB
[runlim] sample:		569.49 time, 570.22 real, 273 MB
[runlim] sample:		579.49 time, 580.22 real, 274 MB
[runlim] sample:		589.49 time, 590.22 real, 275 MB
[runlim] sample:		599.49 time, 600.22 real, 276 MB
[runlim] sample:		609.49 time, 610.22 real, 277 MB
[runlim] sample:		619.49 time, 620.22 real, 279 MB
[runlim] sample:		629.49 time, 630.22 real, 280 MB
[runlim] sample:		639.49 time, 640.22 real, 346 MB
[runlim] sample:		649.49 time, 650.22 real, 346 MB
[runlim] sample:		659.49 time, 660.22 real, 346 MB
[runlim] sample:		669.49 time, 670.22 real, 346 MB
[runlim] sample:		679.49 time, 680.22 real, 346 MB
[runlim] sample:		689.49 time, 690.22 real, 346 MB
[runlim] sample:		699.49 time, 700.22 real, 346 MB
[runlim] sample:		709.49 time, 710.22 real, 346 MB
[runlim] sample:		719.49 time, 720.22 real, 346 MB
[runlim] sample:		729.49 time, 730.22 real, 346 MB
[runlim] sample:		739.49 time, 740.22 real, 346 MB
[runlim] sample:		749.49 time, 750.22 real, 346 MB
[runlim] sample:		759.49 time, 760.22 real, 346 MB
[runlim] sample:		769.49 time, 770.22 real, 346 MB
[runlim] sample:		779.49 time, 780.22 real, 346 MB
[runlim] sample:		789.49 time, 790.22 real, 346 MB
[runlim] sample:		799.49 time, 800.22 real, 346 MB
[runlim] sample:		809.49 time, 810.22 real, 346 MB
[runlim] sample:		819.49 time, 820.22 real, 346 MB
[runlim] sample:		829.49 time, 830.22 real, 346 MB
[runlim] sample:		839.49 time, 840.22 real, 346 MB
[runlim] sample:		849.49 time, 850.22 real, 346 MB
[runlim] sample:		859.49 time, 860.22 real, 346 MB
[runlim] sample:		869.49 time, 870.22 real, 346 MB
[runlim] sample:		879.49 time, 880.22 real, 346 MB
[runlim] sample:		889.49 time, 890.22 real, 346 MB
[runlim] sample:		899.49 time, 900.22 real, 346 MB
[runlim] sample:		909.49 time, 910.22 real, 346 MB
[runlim] sample:		919.49 time, 920.22 real, 346 MB
[runlim] sample:		929.49 time, 930.22 real, 346 MB
[runlim] sample:		939.49 time, 940.22 real, 346 MB
[runlim] sample:		949.49 time, 950.22 real, 346 MB
[runlim] sample:		959.49 time, 960.22 real, 346 MB
[runlim] sample:		969.49 time, 970.22 real, 346 MB
[runlim] sample:		979.49 time, 980.22 real, 346 MB
[runlim] sample:		989.49 time, 990.22 real, 352 MB
[runlim] sample:		999.49 time, 1000.22 real, 352 MB
[runlim] sample:		1009.49 time, 1010.22 real, 352 MB
[runlim] sample:		1019.49 time, 1020.22 real, 352 MB
[runlim] sample:		1029.49 time, 1030.22 real, 352 MB
[runlim] sample:		1039.49 time, 1040.22 real, 353 MB
[runlim] sample:		1049.49 time, 1050.22 real, 355 MB
[runlim] sample:		1059.49 time, 1060.22 real, 356 MB
[runlim] sample:		1069.49 time, 1070.22 real, 357 MB
[runlim] sample:		1079.49 time, 1080.22 real, 359 MB
[runlim] sample:		1089.49 time, 1090.22 real, 360 MB
[runlim] sample:		1099.49 time, 1100.22 real, 361 MB
[runlim] sample:		1109.49 time, 1110.22 real, 362 MB
[runlim] sample:		1119.49 time, 1120.22 real, 363 MB
[runlim] sample:		1129.49 time, 1130.22 real, 365 MB
[runlim] sample:		1139.48 time, 1140.22 real, 366 MB
[runlim] sample:		1149.48 time, 1150.22 real, 367 MB
[runlim] sample:		1159.49 time, 1160.22 real, 368 MB
[runlim] sample:		1169.49 time, 1170.22 real, 369 MB
[runlim] sample:		1179.48 time, 1180.22 real, 370 MB
[runlim] sample:		1189.49 time, 1190.22 real, 372 MB
[runlim] sample:		1199.49 time, 1200.22 real, 373 MB
[runlim] sample:		1209.49 time, 1210.22 real, 373 MB
[runlim] sample:		1219.49 time, 1220.22 real, 373 MB
[runlim] sample:		1229.49 time, 1230.22 real, 373 MB
[runlim] sample:		1239.49 time, 1240.22 real, 373 MB
[runlim] sample:		1249.49 time, 1250.22 real, 373 MB
[runlim] sample:		1259.49 time, 1260.22 real, 373 MB
[runlim] sample:		1269.49 time, 1270.22 real, 373 MB
[runlim] sample:		1279.49 time, 1280.22 real, 374 MB
[runlim] sample:		1289.49 time, 1290.22 real, 375 MB
[runlim] sample:		1299.49 time, 1300.22 real, 376 MB
[runlim] sample:		1309.49 time, 1310.22 real, 377 MB
[runlim] sample:		1319.49 time, 1320.22 real, 378 MB
[runlim] sample:		1329.48 time, 1330.22 real, 380 MB
[runlim] sample:		1339.49 time, 1340.22 real, 381 MB
[runlim] sample:		1349.49 time, 1350.22 real, 382 MB
[runlim] sample:		1359.49 time, 1360.22 real, 383 MB
[runlim] sample:		1369.49 time, 1370.22 real, 384 MB
[runlim] sample:		1379.49 time, 1380.22 real, 384 MB
[runlim] sample:		1389.49 time, 1390.22 real, 385 MB
[runlim] sample:		1399.49 time, 1400.22 real, 386 MB
[runlim] sample:		1409.49 time, 1410.22 real, 387 MB
[runlim] sample:		1419.48 time, 1420.22 real, 388 MB
[runlim] sample:		1429.48 time, 1430.22 real, 389 MB
[runlim] sample:		1439.48 time, 1440.22 real, 390 MB
[runlim] sample:		1449.49 time, 1450.22 real, 391 MB
[runlim] sample:		1459.49 time, 1460.22 real, 392 MB
[runlim] sample:		1469.49 time, 1470.22 real, 393 MB
[runlim] sample:		1479.48 time, 1480.22 real, 394 MB
[runlim] sample:		1489.49 time, 1490.22 real, 395 MB
[runlim] sample:		1499.49 time, 1500.22 real, 396 MB
[runlim] sample:		1509.49 time, 1510.22 real, 396 MB
[runlim] sample:		1519.49 time, 1520.22 real, 397 MB
[runlim] sample:		1529.48 time, 1530.22 real, 398 MB
[runlim] sample:		1539.48 time, 1540.22 real, 399 MB
[runlim] sample:		1549.48 time, 1550.22 real, 400 MB
[runlim] sample:		1559.48 time, 1560.22 real, 401 MB
[runlim] sample:		1569.48 time, 1570.22 real, 402 MB
[runlim] sample:		1579.48 time, 1580.22 real, 403 MB
[runlim] sample:		1589.48 time, 1590.22 real, 404 MB
[runlim] sample:		1599.49 time, 1600.22 real, 406 MB
[runlim] sample:		1609.48 time, 1610.22 real, 406 MB
[runlim] sample:		1619.48 time, 1620.22 real, 407 MB
[runlim] sample:		1629.49 time, 1630.22 real, 408 MB
[runlim] sample:		1639.49 time, 1640.22 real, 409 MB
[runlim] sample:		1649.48 time, 1650.22 real, 410 MB
[runlim] sample:		1659.48 time, 1660.22 real, 411 MB
[runlim] sample:		1669.48 time, 1670.22 real, 412 MB
[runlim] sample:		1679.48 time, 1680.22 real, 413 MB
[runlim] sample:		1689.48 time, 1690.22 real, 414 MB
[runlim] sample:		1699.48 time, 1700.22 real, 414 MB
[runlim] sample:		1709.48 time, 1710.22 real, 415 MB
[runlim] sample:		1719.48 time, 1720.22 real, 416 MB
[runlim] sample:		1729.48 time, 1730.22 real, 417 MB
[runlim] sample:		1739.48 time, 1740.22 real, 418 MB
[runlim] sample:		1749.48 time, 1750.22 real, 419 MB
[runlim] sample:		1759.48 time, 1760.22 real, 420 MB
[runlim] sample:		1769.48 time, 1770.22 real, 421 MB
[runlim] sample:		1779.48 time, 1780.22 real, 421 MB
[runlim] sample:		1789.48 time, 1790.22 real, 422 MB
[runlim] sample:		1799.48 time, 1800.22 real, 423 MB
[runlim] sample:		1809.48 time, 1810.22 real, 424 MB
[runlim] sample:		1819.49 time, 1820.22 real, 425 MB
[runlim] sample:		1829.49 time, 1830.22 real, 426 MB
[runlim] sample:		1839.48 time, 1840.22 real, 426 MB
[runlim] sample:		1849.48 time, 1850.22 real, 427 MB
[runlim] sample:		1859.48 time, 1860.22 real, 428 MB
[runlim] sample:		1869.48 time, 1870.22 real, 429 MB
[runlim] sample:		1879.48 time, 1880.22 real, 430 MB
[runlim] sample:		1889.48 time, 1890.22 real, 430 MB
[runlim] sample:		1899.49 time, 1900.22 real, 431 MB
[runlim] sample:		1909.49 time, 1910.22 real, 432 MB
[runlim] sample:		1919.49 time, 1920.22 real, 433 MB
[runlim] sample:		1929.48 time, 1930.22 real, 434 MB
[runlim] sample:		1939.48 time, 1940.22 real, 435 MB
[runlim] sample:		1949.48 time, 1950.22 real, 436 MB
[runlim] sample:		1959.48 time, 1960.22 real, 437 MB
[runlim] sample:		1969.48 time, 1970.22 real, 438 MB
[runlim] sample:		1979.48 time, 1980.22 real, 438 MB
[runlim] sample:		1989.48 time, 1990.22 real, 439 MB
[runlim] sample:		1999.49 time, 2000.22 real, 440 MB
[runlim] sample:		2009.49 time, 2010.22 real, 441 MB
[runlim] sample:		2019.49 time, 2020.22 real, 442 MB
[runlim] sample:		2029.48 time, 2030.22 real, 442 MB
[runlim] sample:		2039.48 time, 2040.22 real, 443 MB
[runlim] sample:		2049.48 time, 2050.22 real, 444 MB
[runlim] sample:		2059.48 time, 2060.22 real, 444 MB
[runlim] sample:		2069.48 time, 2070.22 real, 445 MB
[runlim] sample:		2079.48 time, 2080.22 real, 446 MB
[runlim] sample:		2089.48 time, 2090.22 real, 447 MB
[runlim] sample:		2099.48 time, 2100.22 real, 447 MB
[runlim] sample:		2109.48 time, 2110.22 real, 448 MB
[runlim] sample:		2119.48 time, 2120.22 real, 449 MB
[runlim] sample:		2129.48 time, 2130.22 real, 449 MB
[runlim] sample:		2139.48 time, 2140.22 real, 450 MB
[runlim] sample:		2149.48 time, 2150.22 real, 451 MB
[runlim] sample:		2159.48 time, 2160.22 real, 451 MB
[runlim] sample:		2169.48 time, 2170.22 real, 452 MB
[runlim] sample:		2179.48 time, 2180.22 real, 453 MB
[runlim] sample:		2189.48 time, 2190.22 real, 454 MB
[runlim] sample:		2199.48 time, 2200.22 real, 454 MB
[runlim] sample:		2209.48 time, 2210.22 real, 455 MB
[runlim] sample:		2219.48 time, 2220.22 real, 456 MB
[runlim] sample:		2229.48 time, 2230.22 real, 456 MB
[runlim] sample:		2239.48 time, 2240.22 real, 457 MB
[runlim] sample:		2249.48 time, 2250.22 real, 458 MB
[runlim] sample:		2259.48 time, 2260.22 real, 458 MB
[runlim] sample:		2269.48 time, 2270.22 real, 459 MB
[runlim] sample:		2279.48 time, 2280.22 real, 459 MB
[runlim] sample:		2289.48 time, 2290.22 real, 460 MB
[runlim] sample:		2299.48 time, 2300.22 real, 461 MB
[runlim] sample:		2309.48 time, 2310.22 real, 462 MB
[runlim] sample:		2319.48 time, 2320.22 real, 462 MB
[runlim] sample:		2329.48 time, 2330.22 real, 463 MB
[runlim] sample:		2339.48 time, 2340.22 real, 463 MB
[runlim] sample:		2349.48 time, 2350.22 real, 464 MB
[runlim] sample:		2359.48 time, 2360.22 real, 465 MB
[runlim] sample:		2369.48 time, 2370.22 real, 465 MB
[runlim] sample:		2379.48 time, 2380.22 real, 466 MB
[runlim] sample:		2389.48 time, 2390.22 real, 467 MB
[runlim] sample:		2399.48 time, 2400.22 real, 467 MB
[runlim] sample:		2409.48 time, 2410.22 real, 468 MB
[runlim] sample:		2419.48 time, 2420.22 real, 468 MB
[runlim] sample:		2429.48 time, 2430.22 real, 469 MB
[runlim] sample:		2439.47 time, 2440.22 real, 470 MB
[runlim] sample:		2449.47 time, 2450.22 real, 470 MB
[runlim] sample:		2459.48 time, 2460.22 real, 471 MB
[runlim] sample:		2469.48 time, 2470.22 real, 472 MB
[runlim] sample:		2479.48 time, 2480.22 real, 472 MB
[runlim] sample:		2489.48 time, 2490.22 real, 473 MB
[runlim] sample:		2499.48 time, 2500.22 real, 474 MB
[runlim] sample:		2509.48 time, 2510.22 real, 474 MB
[runlim] sample:		2519.48 time, 2520.22 real, 475 MB
[runlim] sample:		2529.48 time, 2530.22 real, 476 MB
[runlim] sample:		2539.48 time, 2540.22 real, 476 MB
[runlim] sample:		2549.48 time, 2550.22 real, 477 MB
[runlim] sample:		2559.48 time, 2560.22 real, 477 MB
[runlim] sample:		2569.48 time, 2570.22 real, 478 MB
[runlim] sample:		2579.48 time, 2580.22 real, 479 MB
[runlim] sample:		2589.48 time, 2590.22 real, 479 MB
[runlim] sample:		2599.48 time, 2600.22 real, 480 MB
[runlim] sample:		2609.48 time, 2610.22 real, 480 MB
[runlim] sample:		2619.48 time, 2620.22 real, 481 MB
[runlim] sample:		2629.48 time, 2630.22 real, 482 MB
[runlim] sample:		2639.48 time, 2640.22 real, 483 MB
[runlim] sample:		2649.48 time, 2650.22 real, 483 MB
[runlim] sample:		2659.47 time, 2660.22 real, 484 MB
[runlim] sample:		2669.47 time, 2670.22 real, 484 MB
[runlim] sample:		2679.47 time, 2680.22 real, 485 MB
[runlim] sample:		2689.47 time, 2690.22 real, 486 MB
[runlim] end:			Sat Feb 29 07:57:54 2020
[runlim] status:		out of time
[runlim] result:		2
[runlim] children:		1
[runlim] real:			2700.12 seconds
[runlim] time:			2699.27 seconds
[runlim] space:			486 MB
[runlim] samples:		26998
