[runlim] version:		1.18
[runlim] host:			c3n19
[runlim] time limit:		2700 seconds
[runlim] real time limit:	2700 seconds
[runlim] space limit:		7000 MB
[runlim] argv[0]:		./binary
[runlim] argv[1]:		/data/cnf/ankit/E1-A1-instances/sortnetsort6.v.stepl.005.qdimacs
[runlim] start:			Sat Feb 29 07:12:54 2020
[runlim] child:			23565
[runlim] sample:		9.97 time, 10.02 real, 106 MB
[runlim] sample:		19.97 time, 20.02 real, 157 MB
[runlim] sample:		29.97 time, 30.02 real, 196 MB
[runlim] sample:		39.97 time, 40.02 real, 241 MB
[runlim] sample:		49.97 time, 50.02 real, 262 MB
[runlim] sample:		59.97 time, 60.02 real, 276 MB
[runlim] sample:		69.97 time, 70.02 real, 290 MB
[runlim] sample:		79.97 time, 80.02 real, 297 MB
[runlim] sample:		89.97 time, 90.02 real, 336 MB
[runlim] sample:		99.97 time, 100.02 real, 336 MB
[runlim] sample:		109.97 time, 110.02 real, 337 MB
[runlim] sample:		119.97 time, 120.02 real, 340 MB
[runlim] sample:		129.97 time, 130.02 real, 340 MB
[runlim] sample:		139.97 time, 140.02 real, 355 MB
[runlim] sample:		149.97 time, 150.02 real, 368 MB
[runlim] sample:		159.97 time, 160.02 real, 368 MB
[runlim] sample:		169.97 time, 170.02 real, 368 MB
[runlim] sample:		179.97 time, 180.02 real, 368 MB
[runlim] sample:		189.97 time, 190.02 real, 368 MB
[runlim] sample:		199.97 time, 200.02 real, 368 MB
[runlim] sample:		209.97 time, 210.02 real, 368 MB
[runlim] sample:		219.97 time, 220.02 real, 368 MB
[runlim] sample:		229.97 time, 230.02 real, 368 MB
[runlim] sample:		239.97 time, 240.02 real, 368 MB
[runlim] sample:		249.97 time, 250.02 real, 368 MB
[runlim] sample:		259.97 time, 260.02 real, 368 MB
[runlim] sample:		269.97 time, 270.02 real, 368 MB
[runlim] sample:		279.97 time, 280.02 real, 369 MB
[runlim] sample:		289.97 time, 290.02 real, 372 MB
[runlim] sample:		299.97 time, 300.02 real, 374 MB
[runlim] sample:		309.97 time, 310.02 real, 377 MB
[runlim] sample:		319.97 time, 320.02 real, 380 MB
[runlim] sample:		329.97 time, 330.02 real, 382 MB
[runlim] sample:		339.97 time, 340.02 real, 397 MB
[runlim] sample:		350.07 time, 350.12 real, 448 MB
[runlim] sample:		360.07 time, 360.12 real, 449 MB
[runlim] sample:		370.07 time, 370.12 real, 452 MB
[runlim] sample:		380.07 time, 380.12 real, 458 MB
[runlim] sample:		390.07 time, 390.12 real, 462 MB
[runlim] sample:		400.07 time, 400.12 real, 466 MB
[runlim] sample:		410.07 time, 410.12 real, 471 MB
[runlim] sample:		420.07 time, 420.12 real, 474 MB
[runlim] sample:		430.07 time, 430.12 real, 478 MB
[runlim] sample:		440.07 time, 440.12 real, 480 MB
[runlim] sample:		450.27 time, 450.32 real, 483 MB
[runlim] sample:		460.27 time, 460.32 real, 486 MB
[runlim] sample:		470.27 time, 470.32 real, 489 MB
[runlim] sample:		480.27 time, 480.32 real, 492 MB
[runlim] sample:		490.27 time, 490.32 real, 494 MB
[runlim] sample:		500.26 time, 500.32 real, 497 MB
[runlim] sample:		510.27 time, 510.32 real, 499 MB
[runlim] sample:		520.27 time, 520.32 real, 501 MB
[runlim] sample:		530.27 time, 530.32 real, 504 MB
[runlim] sample:		540.27 time, 540.32 real, 506 MB
[runlim] sample:		550.27 time, 550.32 real, 508 MB
[runlim] sample:		560.27 time, 560.32 real, 510 MB
[runlim] sample:		570.27 time, 570.32 real, 512 MB
[runlim] sample:		580.27 time, 580.32 real, 513 MB
[runlim] sample:		590.26 time, 590.32 real, 516 MB
[runlim] sample:		600.27 time, 600.32 real, 518 MB
[runlim] sample:		610.27 time, 610.32 real, 520 MB
[runlim] sample:		620.27 time, 620.32 real, 522 MB
[runlim] sample:		630.27 time, 630.32 real, 524 MB
[runlim] sample:		640.27 time, 640.32 real, 526 MB
[runlim] sample:		650.27 time, 650.32 real, 528 MB
[runlim] sample:		660.27 time, 660.32 real, 530 MB
[runlim] sample:		670.27 time, 670.32 real, 613 MB
[runlim] sample:		680.27 time, 680.32 real, 613 MB
[runlim] sample:		690.27 time, 690.32 real, 613 MB
[runlim] sample:		700.27 time, 700.32 real, 613 MB
[runlim] sample:		710.27 time, 710.32 real, 613 MB
[runlim] sample:		720.27 time, 720.32 real, 613 MB
[runlim] sample:		730.27 time, 730.32 real, 613 MB
[runlim] sample:		740.27 time, 740.32 real, 613 MB
[runlim] sample:		750.27 time, 750.32 real, 613 MB
[runlim] sample:		760.27 time, 760.32 real, 616 MB
[runlim] sample:		770.27 time, 770.32 real, 619 MB
[runlim] sample:		780.27 time, 780.32 real, 621 MB
[runlim] sample:		790.27 time, 790.32 real, 624 MB
[runlim] sample:		800.26 time, 800.32 real, 626 MB
[runlim] sample:		810.26 time, 810.32 real, 629 MB
[runlim] sample:		820.26 time, 820.32 real, 631 MB
[runlim] sample:		830.27 time, 830.32 real, 633 MB
[runlim] sample:		840.27 time, 840.32 real, 635 MB
[runlim] sample:		850.27 time, 850.32 real, 637 MB
[runlim] sample:		860.26 time, 860.32 real, 640 MB
[runlim] sample:		870.26 time, 870.32 real, 642 MB
[runlim] sample:		880.27 time, 880.32 real, 644 MB
[runlim] sample:		890.27 time, 890.32 real, 646 MB
[runlim] sample:		900.27 time, 900.32 real, 648 MB
[runlim] sample:		910.27 time, 910.32 real, 650 MB
[runlim] sample:		920.27 time, 920.32 real, 652 MB
[runlim] sample:		930.27 time, 930.32 real, 653 MB
[runlim] sample:		940.27 time, 940.32 real, 655 MB
[runlim] sample:		950.27 time, 950.32 real, 657 MB
[runlim] sample:		960.27 time, 960.32 real, 659 MB
[runlim] sample:		970.27 time, 970.32 real, 660 MB
[runlim] sample:		980.27 time, 980.32 real, 662 MB
[runlim] sample:		990.26 time, 990.32 real, 664 MB
[runlim] sample:		1000.26 time, 1000.32 real, 666 MB
[runlim] sample:		1010.26 time, 1010.32 real, 667 MB
[runlim] sample:		1020.26 time, 1020.32 real, 669 MB
[runlim] sample:		1030.27 time, 1030.32 real, 671 MB
[runlim] sample:		1040.26 time, 1040.32 real, 672 MB
[runlim] sample:		1050.27 time, 1050.32 real, 674 MB
[runlim] sample:		1060.27 time, 1060.32 real, 675 MB
[runlim] sample:		1070.27 time, 1070.32 real, 677 MB
[runlim] sample:		1080.26 time, 1080.32 real, 679 MB
[runlim] sample:		1090.27 time, 1090.32 real, 681 MB
[runlim] sample:		1100.27 time, 1100.32 real, 682 MB
[runlim] sample:		1110.27 time, 1110.32 real, 683 MB
[runlim] sample:		1120.26 time, 1120.32 real, 685 MB
[runlim] sample:		1130.27 time, 1130.32 real, 686 MB
[runlim] sample:		1140.27 time, 1140.32 real, 688 MB
[runlim] sample:		1150.27 time, 1150.32 real, 689 MB
[runlim] sample:		1160.25 time, 1160.32 real, 690 MB
[runlim] sample:		1170.23 time, 1170.32 real, 692 MB
[runlim] sample:		1180.22 time, 1180.32 real, 693 MB
[runlim] sample:		1190.20 time, 1190.32 real, 694 MB
[runlim] sample:		1200.19 time, 1200.32 real, 696 MB
[runlim] sample:		1210.17 time, 1210.32 real, 697 MB
[runlim] sample:		1220.15 time, 1220.32 real, 698 MB
[runlim] sample:		1230.14 time, 1230.32 real, 699 MB
[runlim] sample:		1240.13 time, 1240.32 real, 700 MB
[runlim] sample:		1250.13 time, 1250.32 real, 702 MB
[runlim] sample:		1260.13 time, 1260.32 real, 704 MB
[runlim] sample:		1270.13 time, 1270.32 real, 705 MB
[runlim] sample:		1280.13 time, 1280.32 real, 706 MB
[runlim] sample:		1290.14 time, 1290.32 real, 708 MB
[runlim] sample:		1300.14 time, 1300.32 real, 709 MB
[runlim] sample:		1310.14 time, 1310.32 real, 710 MB
[runlim] sample:		1320.14 time, 1320.32 real, 711 MB
[runlim] sample:		1330.14 time, 1330.32 real, 713 MB
[runlim] sample:		1340.14 time, 1340.32 real, 714 MB
[runlim] sample:		1350.14 time, 1350.32 real, 715 MB
[runlim] sample:		1360.14 time, 1360.32 real, 716 MB
[runlim] sample:		1370.14 time, 1370.32 real, 717 MB
[runlim] sample:		1380.13 time, 1380.32 real, 719 MB
[runlim] sample:		1390.13 time, 1390.32 real, 720 MB
[runlim] sample:		1400.13 time, 1400.32 real, 722 MB
[runlim] sample:		1410.13 time, 1410.32 real, 723 MB
[runlim] sample:		1420.13 time, 1420.32 real, 724 MB
[runlim] sample:		1430.13 time, 1430.32 real, 736 MB
[runlim] sample:		1440.13 time, 1440.32 real, 736 MB
[runlim] sample:		1450.13 time, 1450.32 real, 736 MB
[runlim] sample:		1460.14 time, 1460.32 real, 736 MB
[runlim] sample:		1470.14 time, 1470.32 real, 736 MB
[runlim] sample:		1480.14 time, 1480.32 real, 736 MB
[runlim] sample:		1490.14 time, 1490.32 real, 737 MB
[runlim] sample:		1500.13 time, 1500.32 real, 738 MB
[runlim] sample:		1510.13 time, 1510.32 real, 739 MB
[runlim] sample:		1520.13 time, 1520.32 real, 740 MB
[runlim] sample:		1530.14 time, 1530.32 real, 741 MB
[runlim] sample:		1540.14 time, 1540.32 real, 742 MB
[runlim] sample:		1550.13 time, 1550.32 real, 743 MB
[runlim] sample:		1560.13 time, 1560.32 real, 744 MB
[runlim] sample:		1570.14 time, 1570.32 real, 745 MB
[runlim] sample:		1580.13 time, 1580.32 real, 745 MB
[runlim] sample:		1590.13 time, 1590.32 real, 746 MB
[runlim] sample:		1600.14 time, 1600.32 real, 747 MB
[runlim] sample:		1610.13 time, 1610.32 real, 749 MB
[runlim] sample:		1620.13 time, 1620.32 real, 750 MB
[runlim] sample:		1630.14 time, 1630.32 real, 751 MB
[runlim] sample:		1640.14 time, 1640.32 real, 752 MB
[runlim] sample:		1650.13 time, 1650.32 real, 753 MB
[runlim] sample:		1660.13 time, 1660.32 real, 754 MB
[runlim] sample:		1670.14 time, 1670.32 real, 755 MB
[runlim] sample:		1680.13 time, 1680.32 real, 756 MB
[runlim] sample:		1690.13 time, 1690.32 real, 757 MB
[runlim] sample:		1700.13 time, 1700.32 real, 758 MB
[runlim] sample:		1710.13 time, 1710.32 real, 759 MB
[runlim] sample:		1720.13 time, 1720.32 real, 760 MB
[runlim] sample:		1730.13 time, 1730.32 real, 761 MB
[runlim] sample:		1740.13 time, 1740.32 real, 762 MB
[runlim] sample:		1750.14 time, 1750.32 real, 763 MB
[runlim] sample:		1760.13 time, 1760.32 real, 764 MB
[runlim] sample:		1770.13 time, 1770.32 real, 765 MB
[runlim] sample:		1780.13 time, 1780.32 real, 766 MB
[runlim] sample:		1790.13 time, 1790.32 real, 767 MB
[runlim] sample:		1800.13 time, 1800.32 real, 768 MB
[runlim] sample:		1810.13 time, 1810.32 real, 769 MB
[runlim] sample:		1820.13 time, 1820.32 real, 769 MB
[runlim] sample:		1830.14 time, 1830.32 real, 770 MB
[runlim] sample:		1840.13 time, 1840.32 real, 771 MB
[runlim] sample:		1850.13 time, 1850.32 real, 772 MB
[runlim] sample:		1860.13 time, 1860.32 real, 773 MB
[runlim] sample:		1870.13 time, 1870.32 real, 775 MB
[runlim] sample:		1880.14 time, 1880.32 real, 788 MB
[runlim] sample:		1890.13 time, 1890.32 real, 920 MB
[runlim] sample:		1900.13 time, 1900.32 real, 920 MB
[runlim] sample:		1910.14 time, 1910.32 real, 920 MB
[runlim] sample:		1920.14 time, 1920.32 real, 920 MB
[runlim] sample:		1930.14 time, 1930.32 real, 920 MB
[runlim] sample:		1940.14 time, 1940.32 real, 920 MB
[runlim] sample:		1950.14 time, 1950.32 real, 920 MB
[runlim] sample:		1960.14 time, 1960.32 real, 920 MB
[runlim] sample:		1970.13 time, 1970.32 real, 920 MB
[runlim] sample:		1980.13 time, 1980.32 real, 920 MB
[runlim] sample:		1990.13 time, 1990.32 real, 920 MB
[runlim] sample:		2000.13 time, 2000.32 real, 920 MB
[runlim] sample:		2010.13 time, 2010.32 real, 920 MB
[runlim] sample:		2020.13 time, 2020.32 real, 920 MB
[runlim] sample:		2030.13 time, 2030.32 real, 920 MB
[runlim] sample:		2040.13 time, 2040.32 real, 920 MB
[runlim] sample:		2050.13 time, 2050.32 real, 920 MB
[runlim] sample:		2060.14 time, 2060.32 real, 920 MB
[runlim] sample:		2070.14 time, 2070.32 real, 920 MB
[runlim] sample:		2080.14 time, 2080.32 real, 920 MB
[runlim] sample:		2090.14 time, 2090.32 real, 920 MB
[runlim] sample:		2100.13 time, 2100.32 real, 920 MB
[runlim] sample:		2110.13 time, 2110.32 real, 920 MB
[runlim] sample:		2120.13 time, 2120.32 real, 920 MB
[runlim] sample:		2130.13 time, 2130.32 real, 920 MB
[runlim] sample:		2140.13 time, 2140.32 real, 920 MB
[runlim] sample:		2150.13 time, 2150.32 real, 920 MB
[runlim] sample:		2160.13 time, 2160.32 real, 920 MB
[runlim] sample:		2170.13 time, 2170.32 real, 920 MB
[runlim] sample:		2180.14 time, 2180.32 real, 920 MB
[runlim] sample:		2190.14 time, 2190.32 real, 920 MB
[runlim] sample:		2200.14 time, 2200.32 real, 920 MB
[runlim] sample:		2210.13 time, 2210.32 real, 920 MB
[runlim] sample:		2220.13 time, 2220.32 real, 920 MB
[runlim] sample:		2230.13 time, 2230.32 real, 920 MB
[runlim] sample:		2240.13 time, 2240.32 real, 920 MB
[runlim] sample:		2250.14 time, 2250.32 real, 920 MB
[runlim] sample:		2260.14 time, 2260.32 real, 920 MB
[runlim] sample:		2270.13 time, 2270.32 real, 920 MB
[runlim] sample:		2280.13 time, 2280.32 real, 920 MB
[runlim] sample:		2290.13 time, 2290.32 real, 920 MB
[runlim] sample:		2300.14 time, 2300.32 real, 920 MB
[runlim] sample:		2310.14 time, 2310.32 real, 921 MB
[runlim] sample:		2320.14 time, 2320.32 real, 922 MB
[runlim] sample:		2330.13 time, 2330.32 real, 923 MB
[runlim] sample:		2340.13 time, 2340.32 real, 925 MB
[runlim] sample:		2350.13 time, 2350.32 real, 926 MB
[runlim] sample:		2360.14 time, 2360.32 real, 927 MB
[runlim] sample:		2370.13 time, 2370.32 real, 929 MB
[runlim] sample:		2380.13 time, 2380.32 real, 930 MB
[runlim] sample:		2390.14 time, 2390.32 real, 931 MB
[runlim] sample:		2400.13 time, 2400.32 real, 933 MB
[runlim] sample:		2410.14 time, 2410.32 real, 934 MB
[runlim] sample:		2420.13 time, 2420.32 real, 936 MB
[runlim] sample:		2430.13 time, 2430.32 real, 937 MB
[runlim] sample:		2440.13 time, 2440.32 real, 938 MB
[runlim] sample:		2450.13 time, 2450.32 real, 939 MB
[runlim] sample:		2460.13 time, 2460.32 real, 941 MB
[runlim] sample:		2470.13 time, 2470.32 real, 942 MB
[runlim] sample:		2480.14 time, 2480.32 real, 943 MB
[runlim] sample:		2490.14 time, 2490.32 real, 944 MB
[runlim] sample:		2500.14 time, 2500.32 real, 946 MB
[runlim] sample:		2510.13 time, 2510.32 real, 947 MB
[runlim] sample:		2520.13 time, 2520.32 real, 948 MB
[runlim] sample:		2530.13 time, 2530.32 real, 949 MB
[runlim] sample:		2540.13 time, 2540.32 real, 950 MB
[runlim] sample:		2550.13 time, 2550.32 real, 951 MB
[runlim] sample:		2560.13 time, 2560.32 real, 952 MB
[runlim] sample:		2570.13 time, 2570.32 real, 953 MB
[runlim] sample:		2580.14 time, 2580.32 real, 955 MB
[runlim] sample:		2590.13 time, 2590.32 real, 957 MB
[runlim] sample:		2600.13 time, 2600.32 real, 958 MB
[runlim] sample:		2610.13 time, 2610.32 real, 959 MB
[runlim] sample:		2620.14 time, 2620.32 real, 960 MB
[runlim] sample:		2630.13 time, 2630.32 real, 961 MB
[runlim] sample:		2640.13 time, 2640.32 real, 962 MB
[runlim] sample:		2650.13 time, 2650.32 real, 963 MB
[runlim] sample:		2660.13 time, 2660.32 real, 964 MB
[runlim] sample:		2670.13 time, 2670.32 real, 965 MB
[runlim] sample:		2680.13 time, 2680.32 real, 966 MB
[runlim] sample:		2690.13 time, 2690.32 real, 967 MB
[runlim] end:			Sat Feb 29 07:57:54 2020
[runlim] status:		out of time
[runlim] result:		2
[runlim] children:		1
[runlim] real:			2700.11 seconds
[runlim] time:			2699.83 seconds
[runlim] space:			968 MB
[runlim] samples:		26997
