[runlim] version:		1.18
[runlim] host:			c3n20
[runlim] time limit:		2700 seconds
[runlim] real time limit:	2700 seconds
[runlim] space limit:		7000 MB
[runlim] argv[0]:		./binary
[runlim] argv[1]:		/data/cnf/ankit/E1-A1-instances/sortnetsort7.v.stepl.006.qdimacs
[runlim] start:			Sat Feb 29 07:12:52 2020
[runlim] child:			20119
[runlim] sample:		10.10 time, 10.12 real, 52 MB
[runlim] sample:		20.10 time, 20.12 real, 81 MB
[runlim] sample:		30.10 time, 30.12 real, 106 MB
[runlim] sample:		40.10 time, 40.12 real, 139 MB
[runlim] sample:		50.10 time, 50.12 real, 177 MB
[runlim] sample:		60.10 time, 60.12 real, 196 MB
[runlim] sample:		70.10 time, 70.12 real, 203 MB
[runlim] sample:		80.10 time, 80.12 real, 213 MB
[runlim] sample:		90.11 time, 90.12 real, 219 MB
[runlim] sample:		100.11 time, 100.12 real, 219 MB
[runlim] sample:		110.11 time, 110.12 real, 219 MB
[runlim] sample:		120.11 time, 120.12 real, 219 MB
[runlim] sample:		130.11 time, 130.12 real, 219 MB
[runlim] sample:		140.11 time, 140.12 real, 219 MB
[runlim] sample:		150.11 time, 150.12 real, 219 MB
[runlim] sample:		160.11 time, 160.12 real, 219 MB
[runlim] sample:		170.11 time, 170.12 real, 219 MB
[runlim] sample:		180.11 time, 180.12 real, 219 MB
[runlim] sample:		190.10 time, 190.12 real, 220 MB
[runlim] sample:		200.10 time, 200.12 real, 223 MB
[runlim] sample:		210.09 time, 210.12 real, 231 MB
[runlim] sample:		220.10 time, 220.12 real, 246 MB
[runlim] sample:		230.10 time, 230.12 real, 254 MB
[runlim] sample:		240.10 time, 240.12 real, 255 MB
[runlim] sample:		250.10 time, 250.12 real, 255 MB
[runlim] sample:		260.10 time, 260.12 real, 255 MB
[runlim] sample:		270.10 time, 270.12 real, 257 MB
[runlim] sample:		280.10 time, 280.12 real, 257 MB
[runlim] sample:		290.10 time, 290.12 real, 257 MB
[runlim] sample:		300.10 time, 300.12 real, 257 MB
[runlim] sample:		310.10 time, 310.12 real, 257 MB
[runlim] sample:		320.10 time, 320.12 real, 257 MB
[runlim] sample:		330.10 time, 330.12 real, 287 MB
[runlim] sample:		340.10 time, 340.12 real, 294 MB
[runlim] sample:		350.13 time, 350.15 real, 294 MB
[runlim] sample:		360.10 time, 360.12 real, 332 MB
[runlim] sample:		370.10 time, 370.12 real, 332 MB
[runlim] sample:		380.10 time, 380.12 real, 346 MB
[runlim] sample:		390.10 time, 390.12 real, 355 MB
[runlim] sample:		400.10 time, 400.12 real, 355 MB
[runlim] sample:		410.10 time, 410.12 real, 355 MB
[runlim] sample:		420.10 time, 420.12 real, 355 MB
[runlim] sample:		430.10 time, 430.12 real, 355 MB
[runlim] sample:		440.10 time, 440.12 real, 355 MB
[runlim] sample:		450.30 time, 450.32 real, 355 MB
[runlim] sample:		460.30 time, 460.32 real, 355 MB
[runlim] sample:		470.30 time, 470.32 real, 355 MB
[runlim] sample:		480.30 time, 480.32 real, 355 MB
[runlim] sample:		490.30 time, 490.32 real, 355 MB
[runlim] sample:		500.30 time, 500.32 real, 355 MB
[runlim] sample:		510.30 time, 510.32 real, 355 MB
[runlim] sample:		520.30 time, 520.32 real, 355 MB
[runlim] sample:		530.30 time, 530.32 real, 355 MB
[runlim] sample:		540.30 time, 540.32 real, 357 MB
[runlim] sample:		550.29 time, 550.32 real, 359 MB
[runlim] sample:		560.29 time, 560.32 real, 361 MB
[runlim] sample:		570.29 time, 570.32 real, 363 MB
[runlim] sample:		580.29 time, 580.32 real, 365 MB
[runlim] sample:		590.29 time, 590.32 real, 367 MB
[runlim] sample:		600.29 time, 600.32 real, 370 MB
[runlim] sample:		610.30 time, 610.32 real, 372 MB
[runlim] sample:		620.30 time, 620.32 real, 375 MB
[runlim] sample:		630.29 time, 630.32 real, 377 MB
[runlim] sample:		640.30 time, 640.32 real, 390 MB
[runlim] sample:		650.30 time, 650.32 real, 390 MB
[runlim] sample:		660.30 time, 660.32 real, 390 MB
[runlim] sample:		670.30 time, 670.32 real, 390 MB
[runlim] sample:		680.30 time, 680.32 real, 390 MB
[runlim] sample:		690.30 time, 690.32 real, 390 MB
[runlim] sample:		700.30 time, 700.32 real, 390 MB
[runlim] sample:		710.30 time, 710.32 real, 390 MB
[runlim] sample:		720.30 time, 720.32 real, 390 MB
[runlim] sample:		730.30 time, 730.32 real, 390 MB
[runlim] sample:		740.30 time, 740.32 real, 390 MB
[runlim] sample:		750.30 time, 750.32 real, 390 MB
[runlim] sample:		760.30 time, 760.32 real, 390 MB
[runlim] sample:		770.30 time, 770.32 real, 390 MB
[runlim] sample:		780.30 time, 780.32 real, 390 MB
[runlim] sample:		790.30 time, 790.32 real, 390 MB
[runlim] sample:		800.30 time, 800.32 real, 390 MB
[runlim] sample:		810.30 time, 810.32 real, 390 MB
[runlim] sample:		820.30 time, 820.32 real, 390 MB
[runlim] sample:		830.30 time, 830.32 real, 390 MB
[runlim] sample:		840.30 time, 840.32 real, 390 MB
[runlim] sample:		850.30 time, 850.32 real, 390 MB
[runlim] sample:		860.30 time, 860.32 real, 390 MB
[runlim] sample:		870.30 time, 870.32 real, 390 MB
[runlim] sample:		880.30 time, 880.32 real, 390 MB
[runlim] sample:		890.30 time, 890.32 real, 390 MB
[runlim] sample:		900.30 time, 900.32 real, 390 MB
[runlim] sample:		910.30 time, 910.32 real, 390 MB
[runlim] sample:		920.30 time, 920.32 real, 419 MB
[runlim] sample:		930.30 time, 930.32 real, 443 MB
[runlim] sample:		940.30 time, 940.32 real, 443 MB
[runlim] sample:		950.30 time, 950.32 real, 443 MB
[runlim] sample:		960.30 time, 960.32 real, 446 MB
[runlim] sample:		970.29 time, 970.32 real, 453 MB
[runlim] sample:		980.30 time, 980.32 real, 459 MB
[runlim] sample:		990.30 time, 990.32 real, 464 MB
[runlim] sample:		1000.29 time, 1000.32 real, 468 MB
[runlim] sample:		1010.29 time, 1010.32 real, 471 MB
[runlim] sample:		1020.29 time, 1020.32 real, 473 MB
[runlim] sample:		1030.29 time, 1030.32 real, 475 MB
[runlim] sample:		1040.29 time, 1040.32 real, 477 MB
[runlim] sample:		1050.29 time, 1050.32 real, 480 MB
[runlim] sample:		1060.30 time, 1060.32 real, 483 MB
[runlim] sample:		1070.30 time, 1070.32 real, 486 MB
[runlim] sample:		1080.30 time, 1080.32 real, 488 MB
[runlim] sample:		1090.29 time, 1090.32 real, 491 MB
[runlim] sample:		1100.29 time, 1100.32 real, 493 MB
[runlim] sample:		1110.29 time, 1110.32 real, 496 MB
[runlim] sample:		1120.29 time, 1120.32 real, 498 MB
[runlim] sample:		1130.29 time, 1130.32 real, 500 MB
[runlim] sample:		1140.29 time, 1140.32 real, 502 MB
[runlim] sample:		1150.29 time, 1150.32 real, 504 MB
[runlim] sample:		1160.29 time, 1160.32 real, 506 MB
[runlim] sample:		1170.30 time, 1170.32 real, 508 MB
[runlim] sample:		1180.29 time, 1180.32 real, 510 MB
[runlim] sample:		1190.29 time, 1190.32 real, 511 MB
[runlim] sample:		1200.30 time, 1200.32 real, 513 MB
[runlim] sample:		1210.29 time, 1210.32 real, 515 MB
[runlim] sample:		1220.29 time, 1220.32 real, 517 MB
[runlim] sample:		1230.29 time, 1230.32 real, 518 MB
[runlim] sample:		1240.30 time, 1240.32 real, 533 MB
[runlim] sample:		1250.30 time, 1250.32 real, 577 MB
[runlim] sample:		1260.29 time, 1260.32 real, 577 MB
[runlim] sample:		1270.29 time, 1270.32 real, 577 MB
[runlim] sample:		1280.29 time, 1280.32 real, 577 MB
[runlim] sample:		1290.29 time, 1290.32 real, 577 MB
[runlim] sample:		1300.29 time, 1300.32 real, 577 MB
[runlim] sample:		1310.29 time, 1310.32 real, 577 MB
[runlim] sample:		1320.29 time, 1320.32 real, 577 MB
[runlim] sample:		1330.29 time, 1330.32 real, 577 MB
[runlim] sample:		1340.29 time, 1340.32 real, 577 MB
[runlim] sample:		1350.29 time, 1350.32 real, 577 MB
[runlim] sample:		1360.29 time, 1360.32 real, 577 MB
[runlim] sample:		1370.29 time, 1370.32 real, 577 MB
[runlim] sample:		1380.29 time, 1380.32 real, 577 MB
[runlim] sample:		1390.29 time, 1390.32 real, 577 MB
[runlim] sample:		1400.29 time, 1400.32 real, 577 MB
[runlim] sample:		1410.29 time, 1410.32 real, 577 MB
[runlim] sample:		1420.29 time, 1420.32 real, 577 MB
[runlim] sample:		1430.29 time, 1430.32 real, 577 MB
[runlim] sample:		1440.29 time, 1440.32 real, 577 MB
[runlim] sample:		1450.29 time, 1450.32 real, 577 MB
[runlim] sample:		1460.29 time, 1460.32 real, 577 MB
[runlim] sample:		1470.29 time, 1470.32 real, 577 MB
[runlim] sample:		1480.29 time, 1480.32 real, 577 MB
[runlim] sample:		1490.29 time, 1490.32 real, 578 MB
[runlim] sample:		1500.29 time, 1500.32 real, 632 MB
[runlim] sample:		1510.29 time, 1510.32 real, 632 MB
[runlim] sample:		1520.29 time, 1520.32 real, 632 MB
[runlim] sample:		1530.29 time, 1530.32 real, 632 MB
[runlim] sample:		1540.29 time, 1540.32 real, 633 MB
[runlim] sample:		1550.29 time, 1550.32 real, 633 MB
[runlim] sample:		1560.29 time, 1560.32 real, 633 MB
[runlim] sample:		1570.29 time, 1570.32 real, 633 MB
[runlim] sample:		1580.29 time, 1580.32 real, 633 MB
[runlim] sample:		1590.29 time, 1590.32 real, 633 MB
[runlim] sample:		1600.29 time, 1600.32 real, 633 MB
[runlim] sample:		1610.29 time, 1610.32 real, 633 MB
[runlim] sample:		1620.29 time, 1620.32 real, 633 MB
[runlim] sample:		1630.29 time, 1630.32 real, 633 MB
[runlim] sample:		1640.29 time, 1640.32 real, 633 MB
[runlim] sample:		1650.29 time, 1650.32 real, 633 MB
[runlim] sample:		1660.29 time, 1660.32 real, 633 MB
[runlim] sample:		1670.29 time, 1670.32 real, 633 MB
[runlim] sample:		1680.29 time, 1680.32 real, 633 MB
[runlim] sample:		1690.29 time, 1690.32 real, 633 MB
[runlim] sample:		1700.29 time, 1700.32 real, 633 MB
[runlim] sample:		1710.29 time, 1710.32 real, 633 MB
[runlim] sample:		1720.29 time, 1720.32 real, 633 MB
[runlim] sample:		1730.29 time, 1730.32 real, 633 MB
[runlim] sample:		1740.29 time, 1740.32 real, 633 MB
[runlim] sample:		1750.29 time, 1750.32 real, 633 MB
[runlim] sample:		1760.29 time, 1760.32 real, 633 MB
[runlim] sample:		1770.29 time, 1770.32 real, 633 MB
[runlim] sample:		1780.29 time, 1780.32 real, 633 MB
[runlim] sample:		1790.29 time, 1790.32 real, 633 MB
[runlim] sample:		1800.29 time, 1800.32 real, 633 MB
[runlim] sample:		1810.29 time, 1810.32 real, 633 MB
[runlim] sample:		1820.29 time, 1820.32 real, 633 MB
[runlim] sample:		1830.29 time, 1830.32 real, 633 MB
[runlim] sample:		1840.29 time, 1840.32 real, 633 MB
[runlim] sample:		1850.29 time, 1850.32 real, 633 MB
[runlim] sample:		1860.29 time, 1860.32 real, 633 MB
[runlim] sample:		1870.29 time, 1870.32 real, 633 MB
[runlim] sample:		1880.29 time, 1880.32 real, 633 MB
[runlim] sample:		1890.29 time, 1890.32 real, 633 MB
[runlim] sample:		1900.29 time, 1900.32 real, 633 MB
[runlim] sample:		1910.29 time, 1910.32 real, 633 MB
[runlim] sample:		1920.29 time, 1920.32 real, 633 MB
[runlim] sample:		1930.29 time, 1930.32 real, 633 MB
[runlim] sample:		1940.29 time, 1940.32 real, 633 MB
[runlim] sample:		1950.29 time, 1950.32 real, 633 MB
[runlim] sample:		1960.29 time, 1960.32 real, 633 MB
[runlim] sample:		1970.29 time, 1970.32 real, 633 MB
[runlim] sample:		1980.29 time, 1980.32 real, 633 MB
[runlim] sample:		1990.29 time, 1990.32 real, 633 MB
[runlim] sample:		2000.29 time, 2000.32 real, 633 MB
[runlim] sample:		2010.29 time, 2010.32 real, 633 MB
[runlim] sample:		2020.29 time, 2020.32 real, 633 MB
[runlim] sample:		2030.29 time, 2030.32 real, 633 MB
[runlim] sample:		2040.28 time, 2040.32 real, 634 MB
[runlim] sample:		2050.29 time, 2050.32 real, 636 MB
[runlim] sample:		2060.29 time, 2060.32 real, 637 MB
[runlim] sample:		2070.29 time, 2070.32 real, 639 MB
[runlim] sample:		2080.29 time, 2080.32 real, 640 MB
[runlim] sample:		2090.28 time, 2090.32 real, 642 MB
[runlim] sample:		2100.28 time, 2100.32 real, 643 MB
[runlim] sample:		2110.28 time, 2110.32 real, 644 MB
[runlim] sample:		2120.29 time, 2120.32 real, 646 MB
[runlim] sample:		2130.29 time, 2130.32 real, 647 MB
[runlim] sample:		2140.29 time, 2140.32 real, 648 MB
[runlim] sample:		2150.29 time, 2150.32 real, 650 MB
[runlim] sample:		2160.29 time, 2160.32 real, 651 MB
[runlim] sample:		2170.28 time, 2170.32 real, 652 MB
[runlim] sample:		2180.28 time, 2180.32 real, 653 MB
[runlim] sample:		2190.28 time, 2190.32 real, 654 MB
[runlim] sample:		2200.29 time, 2200.32 real, 655 MB
[runlim] sample:		2210.29 time, 2210.32 real, 656 MB
[runlim] sample:		2220.29 time, 2220.32 real, 658 MB
[runlim] sample:		2230.28 time, 2230.32 real, 659 MB
[runlim] sample:		2240.28 time, 2240.32 real, 660 MB
[runlim] sample:		2250.28 time, 2250.32 real, 661 MB
[runlim] sample:		2260.29 time, 2260.32 real, 662 MB
[runlim] sample:		2270.28 time, 2270.32 real, 663 MB
[runlim] sample:		2280.28 time, 2280.32 real, 665 MB
[runlim] sample:		2290.28 time, 2290.32 real, 666 MB
[runlim] sample:		2300.29 time, 2300.32 real, 667 MB
[runlim] sample:		2310.29 time, 2310.32 real, 668 MB
[runlim] sample:		2320.29 time, 2320.32 real, 669 MB
[runlim] sample:		2330.28 time, 2330.32 real, 671 MB
[runlim] sample:		2340.29 time, 2340.32 real, 672 MB
[runlim] sample:		2350.29 time, 2350.32 real, 673 MB
[runlim] sample:		2360.29 time, 2360.32 real, 674 MB
[runlim] sample:		2370.28 time, 2370.32 real, 675 MB
[runlim] sample:		2380.28 time, 2380.32 real, 676 MB
[runlim] sample:		2390.29 time, 2390.32 real, 678 MB
[runlim] sample:		2400.28 time, 2400.32 real, 690 MB
[runlim] sample:		2410.28 time, 2410.32 real, 801 MB
[runlim] sample:		2420.28 time, 2420.32 real, 802 MB
[runlim] sample:		2430.28 time, 2430.32 real, 802 MB
[runlim] sample:		2440.28 time, 2440.32 real, 802 MB
[runlim] sample:		2450.28 time, 2450.32 real, 802 MB
[runlim] sample:		2460.28 time, 2460.32 real, 802 MB
[runlim] sample:		2470.28 time, 2470.32 real, 802 MB
[runlim] sample:		2480.28 time, 2480.32 real, 802 MB
[runlim] sample:		2490.28 time, 2490.32 real, 802 MB
[runlim] sample:		2500.28 time, 2500.32 real, 802 MB
[runlim] sample:		2510.28 time, 2510.32 real, 802 MB
[runlim] sample:		2520.28 time, 2520.32 real, 802 MB
[runlim] sample:		2530.28 time, 2530.32 real, 802 MB
[runlim] sample:		2540.28 time, 2540.32 real, 802 MB
[runlim] sample:		2550.28 time, 2550.32 real, 802 MB
[runlim] sample:		2560.28 time, 2560.32 real, 802 MB
[runlim] sample:		2570.28 time, 2570.32 real, 802 MB
[runlim] sample:		2580.28 time, 2580.32 real, 802 MB
[runlim] sample:		2590.28 time, 2590.32 real, 835 MB
[runlim] sample:		2600.28 time, 2600.32 real, 835 MB
[runlim] sample:		2610.28 time, 2610.32 real, 835 MB
[runlim] sample:		2620.28 time, 2620.32 real, 835 MB
[runlim] sample:		2630.28 time, 2630.32 real, 835 MB
[runlim] sample:		2640.29 time, 2640.32 real, 835 MB
[runlim] sample:		2650.29 time, 2650.32 real, 835 MB
[runlim] sample:		2660.29 time, 2660.32 real, 835 MB
[runlim] sample:		2670.29 time, 2670.32 real, 835 MB
[runlim] sample:		2680.29 time, 2680.32 real, 835 MB
[runlim] sample:		2690.29 time, 2690.32 real, 835 MB
[runlim] end:			Sat Feb 29 07:57:52 2020
[runlim] status:		out of time
[runlim] result:		2
[runlim] children:		1
[runlim] real:			2700.13 seconds
[runlim] time:			2699.99 seconds
[runlim] space:			835 MB
[runlim] samples:		26997
