[runlim] version:		1.18
[runlim] host:			c3n19
[runlim] time limit:		2700 seconds
[runlim] real time limit:	2700 seconds
[runlim] space limit:		7000 MB
[runlim] argv[0]:		./binary
[runlim] argv[1]:		/data/cnf/ankit/E1-A1-instances/sortnetsort10.v.stepl.010.qdimacs
[runlim] start:			Sat Feb 29 07:12:52 2020
[runlim] child:			23509
[runlim] sample:		8.57 time, 10.02 real, 62 MB
[runlim] sample:		18.57 time, 20.02 real, 62 MB
[runlim] sample:		28.57 time, 30.02 real, 62 MB
[runlim] sample:		38.57 time, 40.02 real, 62 MB
[runlim] sample:		48.57 time, 50.02 real, 63 MB
[runlim] sample:		58.57 time, 60.02 real, 63 MB
[runlim] sample:		68.57 time, 70.02 real, 63 MB
[runlim] sample:		78.57 time, 80.02 real, 63 MB
[runlim] sample:		88.57 time, 90.02 real, 63 MB
[runlim] sample:		98.57 time, 100.02 real, 63 MB
[runlim] sample:		108.57 time, 110.02 real, 63 MB
[runlim] sample:		118.57 time, 120.02 real, 63 MB
[runlim] sample:		128.57 time, 130.02 real, 63 MB
[runlim] sample:		138.57 time, 140.02 real, 65 MB
[runlim] sample:		148.57 time, 150.02 real, 65 MB
[runlim] sample:		158.58 time, 160.02 real, 65 MB
[runlim] sample:		168.57 time, 170.02 real, 65 MB
[runlim] sample:		178.57 time, 180.02 real, 65 MB
[runlim] sample:		188.57 time, 190.02 real, 65 MB
[runlim] sample:		198.57 time, 200.02 real, 66 MB
[runlim] sample:		208.56 time, 210.02 real, 68 MB
[runlim] sample:		218.57 time, 220.02 real, 73 MB
[runlim] sample:		228.57 time, 230.02 real, 80 MB
[runlim] sample:		238.57 time, 240.02 real, 90 MB
[runlim] sample:		248.57 time, 250.02 real, 106 MB
[runlim] sample:		258.57 time, 260.02 real, 115 MB
[runlim] sample:		268.57 time, 270.02 real, 123 MB
[runlim] sample:		278.57 time, 280.02 real, 138 MB
[runlim] sample:		288.57 time, 290.02 real, 159 MB
[runlim] sample:		298.56 time, 300.02 real, 189 MB
[runlim] sample:		308.57 time, 310.02 real, 220 MB
[runlim] sample:		318.57 time, 320.02 real, 229 MB
[runlim] sample:		328.57 time, 330.02 real, 238 MB
[runlim] sample:		338.57 time, 340.02 real, 266 MB
[runlim] sample:		348.86 time, 350.30 real, 308 MB
[runlim] sample:		358.67 time, 360.12 real, 308 MB
[runlim] sample:		368.66 time, 370.12 real, 319 MB
[runlim] sample:		378.66 time, 380.12 real, 319 MB
[runlim] sample:		388.67 time, 390.12 real, 356 MB
[runlim] sample:		398.67 time, 400.12 real, 384 MB
[runlim] sample:		408.66 time, 410.12 real, 384 MB
[runlim] sample:		418.66 time, 420.12 real, 386 MB
[runlim] sample:		428.66 time, 430.12 real, 386 MB
[runlim] sample:		438.66 time, 440.12 real, 386 MB
[runlim] sample:		448.87 time, 450.32 real, 386 MB
[runlim] sample:		458.86 time, 460.32 real, 386 MB
[runlim] sample:		468.86 time, 470.32 real, 418 MB
[runlim] sample:		478.87 time, 480.32 real, 433 MB
[runlim] sample:		488.87 time, 490.32 real, 447 MB
[runlim] sample:		498.86 time, 500.32 real, 462 MB
[runlim] sample:		508.86 time, 510.32 real, 462 MB
[runlim] sample:		518.86 time, 520.32 real, 462 MB
[runlim] sample:		528.86 time, 530.32 real, 462 MB
[runlim] sample:		538.86 time, 540.32 real, 465 MB
[runlim] sample:		548.86 time, 550.32 real, 472 MB
[runlim] sample:		558.86 time, 560.32 real, 477 MB
[runlim] sample:		568.86 time, 570.32 real, 480 MB
[runlim] sample:		578.86 time, 580.32 real, 484 MB
[runlim] sample:		588.86 time, 590.32 real, 497 MB
[runlim] sample:		598.86 time, 600.32 real, 497 MB
[runlim] sample:		608.87 time, 610.32 real, 497 MB
[runlim] sample:		618.87 time, 620.32 real, 497 MB
[runlim] sample:		628.86 time, 630.32 real, 497 MB
[runlim] sample:		638.86 time, 640.32 real, 497 MB
[runlim] sample:		648.86 time, 650.32 real, 502 MB
[runlim] sample:		658.86 time, 660.32 real, 502 MB
[runlim] sample:		668.86 time, 670.32 real, 502 MB
[runlim] sample:		678.86 time, 680.32 real, 502 MB
[runlim] sample:		688.86 time, 690.32 real, 502 MB
[runlim] sample:		698.86 time, 700.32 real, 502 MB
[runlim] sample:		708.86 time, 710.32 real, 502 MB
[runlim] sample:		718.87 time, 720.32 real, 502 MB
[runlim] sample:		728.86 time, 730.32 real, 512 MB
[runlim] sample:		738.86 time, 740.32 real, 512 MB
[runlim] sample:		748.86 time, 750.32 real, 512 MB
[runlim] sample:		758.86 time, 760.32 real, 512 MB
[runlim] sample:		768.86 time, 770.32 real, 512 MB
[runlim] sample:		778.86 time, 780.32 real, 512 MB
[runlim] sample:		788.86 time, 790.32 real, 512 MB
[runlim] sample:		798.86 time, 800.32 real, 512 MB
[runlim] sample:		808.86 time, 810.32 real, 512 MB
[runlim] sample:		818.86 time, 820.32 real, 512 MB
[runlim] sample:		828.86 time, 830.32 real, 512 MB
[runlim] sample:		838.86 time, 840.32 real, 512 MB
[runlim] sample:		848.86 time, 850.32 real, 512 MB
[runlim] sample:		858.86 time, 860.32 real, 512 MB
[runlim] sample:		868.86 time, 870.32 real, 512 MB
[runlim] sample:		878.86 time, 880.32 real, 512 MB
[runlim] sample:		888.86 time, 890.32 real, 512 MB
[runlim] sample:		898.86 time, 900.32 real, 512 MB
[runlim] sample:		908.86 time, 910.32 real, 512 MB
[runlim] sample:		918.86 time, 920.32 real, 512 MB
[runlim] sample:		928.86 time, 930.32 real, 512 MB
[runlim] sample:		938.86 time, 940.32 real, 512 MB
[runlim] sample:		948.86 time, 950.32 real, 512 MB
[runlim] sample:		958.86 time, 960.32 real, 512 MB
[runlim] sample:		968.86 time, 970.32 real, 513 MB
[runlim] sample:		978.86 time, 980.32 real, 577 MB
[runlim] sample:		988.86 time, 990.32 real, 597 MB
[runlim] sample:		998.87 time, 1000.32 real, 609 MB
[runlim] sample:		1008.87 time, 1010.32 real, 612 MB
[runlim] sample:		1018.87 time, 1020.32 real, 612 MB
[runlim] sample:		1028.87 time, 1030.32 real, 612 MB
[runlim] sample:		1038.87 time, 1040.32 real, 612 MB
[runlim] sample:		1048.86 time, 1050.32 real, 614 MB
[runlim] sample:		1058.86 time, 1060.32 real, 638 MB
[runlim] sample:		1068.86 time, 1070.32 real, 638 MB
[runlim] sample:		1078.86 time, 1080.32 real, 638 MB
[runlim] sample:		1088.86 time, 1090.32 real, 638 MB
[runlim] sample:		1098.86 time, 1100.32 real, 638 MB
[runlim] sample:		1108.86 time, 1110.32 real, 638 MB
[runlim] sample:		1118.86 time, 1120.32 real, 638 MB
[runlim] sample:		1128.86 time, 1130.32 real, 638 MB
[runlim] sample:		1138.86 time, 1140.32 real, 638 MB
[runlim] sample:		1148.86 time, 1150.32 real, 638 MB
[runlim] sample:		1158.86 time, 1160.32 real, 638 MB
[runlim] sample:		1168.86 time, 1170.32 real, 638 MB
[runlim] sample:		1178.86 time, 1180.32 real, 639 MB
[runlim] sample:		1188.86 time, 1190.32 real, 639 MB
[runlim] sample:		1198.86 time, 1200.32 real, 639 MB
[runlim] sample:		1208.87 time, 1210.32 real, 639 MB
[runlim] sample:		1218.87 time, 1220.32 real, 639 MB
[runlim] sample:		1228.87 time, 1230.32 real, 639 MB
[runlim] sample:		1238.86 time, 1240.32 real, 639 MB
[runlim] sample:		1248.86 time, 1250.32 real, 639 MB
[runlim] sample:		1258.86 time, 1260.32 real, 640 MB
[runlim] sample:		1268.86 time, 1270.32 real, 641 MB
[runlim] sample:		1278.87 time, 1280.32 real, 643 MB
[runlim] sample:		1288.87 time, 1290.32 real, 645 MB
[runlim] sample:		1298.86 time, 1300.32 real, 647 MB
[runlim] sample:		1308.86 time, 1310.32 real, 649 MB
[runlim] sample:		1318.86 time, 1320.32 real, 721 MB
[runlim] sample:		1328.86 time, 1330.32 real, 721 MB
[runlim] sample:		1338.86 time, 1340.32 real, 721 MB
[runlim] sample:		1348.84 time, 1350.32 real, 721 MB
[runlim] sample:		1358.83 time, 1360.32 real, 721 MB
[runlim] sample:		1368.83 time, 1370.32 real, 721 MB
[runlim] sample:		1378.83 time, 1380.32 real, 721 MB
[runlim] sample:		1388.84 time, 1390.32 real, 723 MB
[runlim] sample:		1398.84 time, 1400.32 real, 726 MB
[runlim] sample:		1408.84 time, 1410.32 real, 730 MB
[runlim] sample:		1418.84 time, 1420.32 real, 733 MB
[runlim] sample:		1428.84 time, 1430.32 real, 737 MB
[runlim] sample:		1438.83 time, 1440.32 real, 773 MB
[runlim] sample:		1448.83 time, 1450.32 real, 773 MB
[runlim] sample:		1458.83 time, 1460.32 real, 773 MB
[runlim] sample:		1468.83 time, 1470.32 real, 773 MB
[runlim] sample:		1478.83 time, 1480.32 real, 773 MB
[runlim] sample:		1488.83 time, 1490.32 real, 773 MB
[runlim] sample:		1498.83 time, 1500.32 real, 795 MB
[runlim] sample:		1508.84 time, 1510.32 real, 795 MB
[runlim] sample:		1518.84 time, 1520.32 real, 795 MB
[runlim] sample:		1528.84 time, 1530.32 real, 795 MB
[runlim] sample:		1538.84 time, 1540.32 real, 795 MB
[runlim] sample:		1548.84 time, 1550.32 real, 795 MB
[runlim] sample:		1558.84 time, 1560.32 real, 795 MB
[runlim] sample:		1568.84 time, 1570.32 real, 795 MB
[runlim] sample:		1578.84 time, 1580.32 real, 795 MB
[runlim] sample:		1588.84 time, 1590.32 real, 795 MB
[runlim] sample:		1598.84 time, 1600.32 real, 795 MB
[runlim] sample:		1608.84 time, 1610.32 real, 795 MB
[runlim] sample:		1618.84 time, 1620.32 real, 795 MB
[runlim] sample:		1628.84 time, 1630.32 real, 795 MB
[runlim] sample:		1638.84 time, 1640.32 real, 795 MB
[runlim] sample:		1648.83 time, 1650.32 real, 798 MB
[runlim] sample:		1658.83 time, 1660.32 real, 800 MB
[runlim] sample:		1668.84 time, 1670.32 real, 803 MB
[runlim] sample:		1678.84 time, 1680.32 real, 805 MB
[runlim] sample:		1688.83 time, 1690.32 real, 807 MB
[runlim] sample:		1698.84 time, 1700.32 real, 809 MB
[runlim] sample:		1708.84 time, 1710.32 real, 811 MB
[runlim] sample:		1718.84 time, 1720.32 real, 814 MB
[runlim] sample:		1728.84 time, 1730.32 real, 816 MB
[runlim] sample:		1738.84 time, 1740.32 real, 817 MB
[runlim] sample:		1748.84 time, 1750.32 real, 820 MB
[runlim] sample:		1758.84 time, 1760.32 real, 822 MB
[runlim] sample:		1768.84 time, 1770.32 real, 823 MB
[runlim] sample:		1778.83 time, 1780.32 real, 825 MB
[runlim] sample:		1788.83 time, 1790.32 real, 827 MB
[runlim] sample:		1798.83 time, 1800.32 real, 829 MB
[runlim] sample:		1808.84 time, 1810.32 real, 831 MB
[runlim] sample:		1818.84 time, 1820.32 real, 832 MB
[runlim] sample:		1828.84 time, 1830.32 real, 834 MB
[runlim] sample:		1838.83 time, 1840.32 real, 847 MB
[runlim] sample:		1848.83 time, 1850.32 real, 847 MB
[runlim] sample:		1858.83 time, 1860.32 real, 847 MB
[runlim] sample:		1868.83 time, 1870.32 real, 847 MB
[runlim] sample:		1878.83 time, 1880.32 real, 849 MB
[runlim] sample:		1888.84 time, 1890.32 real, 851 MB
[runlim] sample:		1898.84 time, 1900.32 real, 853 MB
[runlim] sample:		1908.84 time, 1910.32 real, 855 MB
[runlim] sample:		1918.83 time, 1920.32 real, 905 MB
[runlim] sample:		1928.84 time, 1930.32 real, 939 MB
[runlim] sample:		1938.84 time, 1940.32 real, 939 MB
[runlim] sample:		1948.83 time, 1950.32 real, 939 MB
[runlim] sample:		1958.84 time, 1960.32 real, 944 MB
[runlim] sample:		1968.84 time, 1970.32 real, 952 MB
[runlim] sample:		1978.84 time, 1980.32 real, 953 MB
[runlim] sample:		1988.84 time, 1990.32 real, 953 MB
[runlim] sample:		1998.84 time, 2000.32 real, 953 MB
[runlim] sample:		2008.84 time, 2010.32 real, 954 MB
[runlim] sample:		2018.84 time, 2020.32 real, 954 MB
[runlim] sample:		2028.84 time, 2030.32 real, 954 MB
[runlim] sample:		2038.84 time, 2040.32 real, 954 MB
[runlim] sample:		2048.84 time, 2050.32 real, 954 MB
[runlim] sample:		2058.84 time, 2060.32 real, 954 MB
[runlim] sample:		2068.84 time, 2070.32 real, 954 MB
[runlim] sample:		2078.84 time, 2080.32 real, 954 MB
[runlim] sample:		2088.84 time, 2090.32 real, 954 MB
[runlim] sample:		2098.84 time, 2100.32 real, 954 MB
[runlim] sample:		2108.84 time, 2110.32 real, 954 MB
[runlim] sample:		2118.84 time, 2120.32 real, 954 MB
[runlim] sample:		2128.84 time, 2130.32 real, 954 MB
[runlim] sample:		2138.84 time, 2140.32 real, 954 MB
[runlim] sample:		2148.84 time, 2150.32 real, 954 MB
[runlim] sample:		2158.84 time, 2160.32 real, 954 MB
[runlim] sample:		2168.84 time, 2170.32 real, 954 MB
[runlim] sample:		2178.84 time, 2180.32 real, 954 MB
[runlim] sample:		2188.84 time, 2190.32 real, 954 MB
[runlim] sample:		2198.84 time, 2200.32 real, 954 MB
[runlim] sample:		2208.84 time, 2210.32 real, 954 MB
[runlim] sample:		2218.84 time, 2220.32 real, 954 MB
[runlim] sample:		2228.84 time, 2230.32 real, 954 MB
[runlim] sample:		2238.84 time, 2240.32 real, 954 MB
[runlim] sample:		2248.84 time, 2250.32 real, 954 MB
[runlim] sample:		2258.84 time, 2260.32 real, 954 MB
[runlim] sample:		2268.84 time, 2270.32 real, 954 MB
[runlim] sample:		2278.84 time, 2280.32 real, 954 MB
[runlim] sample:		2288.84 time, 2290.32 real, 954 MB
[runlim] sample:		2298.84 time, 2300.32 real, 954 MB
[runlim] sample:		2308.84 time, 2310.32 real, 954 MB
[runlim] sample:		2318.84 time, 2320.32 real, 954 MB
[runlim] sample:		2328.84 time, 2330.32 real, 954 MB
[runlim] sample:		2338.84 time, 2340.32 real, 954 MB
[runlim] sample:		2348.84 time, 2350.32 real, 954 MB
[runlim] sample:		2358.84 time, 2360.32 real, 954 MB
[runlim] sample:		2368.84 time, 2370.32 real, 954 MB
[runlim] sample:		2378.84 time, 2380.32 real, 954 MB
[runlim] sample:		2388.84 time, 2390.32 real, 954 MB
[runlim] sample:		2398.84 time, 2400.32 real, 954 MB
[runlim] sample:		2408.84 time, 2410.32 real, 954 MB
[runlim] sample:		2418.84 time, 2420.32 real, 954 MB
[runlim] sample:		2428.83 time, 2430.32 real, 954 MB
[runlim] sample:		2438.83 time, 2440.32 real, 954 MB
[runlim] sample:		2448.84 time, 2450.32 real, 954 MB
[runlim] sample:		2458.84 time, 2460.32 real, 954 MB
[runlim] sample:		2468.84 time, 2470.32 real, 954 MB
[runlim] sample:		2478.84 time, 2480.32 real, 954 MB
[runlim] sample:		2488.84 time, 2490.32 real, 954 MB
[runlim] sample:		2498.84 time, 2500.32 real, 954 MB
[runlim] sample:		2508.84 time, 2510.32 real, 954 MB
[runlim] sample:		2518.83 time, 2520.32 real, 954 MB
[runlim] sample:		2528.83 time, 2530.32 real, 954 MB
[runlim] sample:		2538.84 time, 2540.32 real, 954 MB
[runlim] sample:		2548.84 time, 2550.32 real, 954 MB
[runlim] sample:		2558.84 time, 2560.32 real, 954 MB
[runlim] sample:		2568.84 time, 2570.32 real, 954 MB
[runlim] sample:		2578.84 time, 2580.32 real, 954 MB
[runlim] sample:		2588.84 time, 2590.32 real, 954 MB
[runlim] sample:		2598.84 time, 2600.32 real, 1005 MB
[runlim] sample:		2608.84 time, 2610.32 real, 984 MB
[runlim] sample:		2618.84 time, 2620.32 real, 984 MB
[runlim] sample:		2628.83 time, 2630.32 real, 984 MB
[runlim] sample:		2638.84 time, 2640.32 real, 984 MB
[runlim] sample:		2648.84 time, 2650.32 real, 984 MB
[runlim] sample:		2658.84 time, 2660.32 real, 984 MB
[runlim] sample:		2668.84 time, 2670.32 real, 984 MB
[runlim] sample:		2678.84 time, 2680.32 real, 984 MB
[runlim] sample:		2688.84 time, 2690.32 real, 984 MB
[runlim] end:			Sat Feb 29 07:57:52 2020
[runlim] status:		out of time
[runlim] result:		2
[runlim] children:		1
[runlim] real:			2700.14 seconds
[runlim] time:			2698.54 seconds
[runlim] space:			1005 MB
[runlim] samples:		26997
