[runlim] version:		1.18
[runlim] host:			c3n19
[runlim] time limit:		2700 seconds
[runlim] real time limit:	2700 seconds
[runlim] space limit:		7000 MB
[runlim] argv[0]:		./binary
[runlim] argv[1]:		/data/cnf/ankit/E1-A1-instances/sortnetsort10.v.stepl.011.qdimacs
[runlim] start:			Sat Feb 29 07:12:52 2020
[runlim] child:			23510
[runlim] sample:		8.56 time, 10.02 real, 67 MB
[runlim] sample:		18.56 time, 20.02 real, 67 MB
[runlim] sample:		28.56 time, 30.02 real, 67 MB
[runlim] sample:		38.56 time, 40.02 real, 67 MB
[runlim] sample:		48.56 time, 50.02 real, 67 MB
[runlim] sample:		58.57 time, 60.02 real, 67 MB
[runlim] sample:		68.57 time, 70.02 real, 67 MB
[runlim] sample:		78.57 time, 80.02 real, 67 MB
[runlim] sample:		88.57 time, 90.02 real, 67 MB
[runlim] sample:		98.57 time, 100.02 real, 67 MB
[runlim] sample:		108.57 time, 110.02 real, 67 MB
[runlim] sample:		118.57 time, 120.02 real, 69 MB
[runlim] sample:		128.57 time, 130.02 real, 69 MB
[runlim] sample:		138.57 time, 140.02 real, 69 MB
[runlim] sample:		148.57 time, 150.02 real, 69 MB
[runlim] sample:		158.57 time, 160.02 real, 69 MB
[runlim] sample:		168.57 time, 170.02 real, 69 MB
[runlim] sample:		178.57 time, 180.02 real, 69 MB
[runlim] sample:		188.57 time, 190.02 real, 69 MB
[runlim] sample:		198.57 time, 200.02 real, 69 MB
[runlim] sample:		208.57 time, 210.02 real, 69 MB
[runlim] sample:		218.57 time, 220.02 real, 69 MB
[runlim] sample:		228.57 time, 230.02 real, 69 MB
[runlim] sample:		238.57 time, 240.02 real, 69 MB
[runlim] sample:		248.57 time, 250.02 real, 71 MB
[runlim] sample:		258.57 time, 260.02 real, 71 MB
[runlim] sample:		268.57 time, 270.02 real, 75 MB
[runlim] sample:		278.56 time, 280.02 real, 82 MB
[runlim] sample:		288.57 time, 290.02 real, 87 MB
[runlim] sample:		298.56 time, 300.02 real, 92 MB
[runlim] sample:		308.56 time, 310.02 real, 101 MB
[runlim] sample:		318.57 time, 320.02 real, 105 MB
[runlim] sample:		328.56 time, 330.02 real, 116 MB
[runlim] sample:		338.57 time, 340.02 real, 134 MB
[runlim] sample:		348.86 time, 350.31 real, 153 MB
[runlim] sample:		358.77 time, 360.22 real, 180 MB
[runlim] sample:		368.76 time, 370.22 real, 200 MB
[runlim] sample:		378.76 time, 380.22 real, 225 MB
[runlim] sample:		388.76 time, 390.22 real, 232 MB
[runlim] sample:		398.76 time, 400.22 real, 240 MB
[runlim] sample:		408.76 time, 410.22 real, 267 MB
[runlim] sample:		418.76 time, 420.22 real, 282 MB
[runlim] sample:		428.76 time, 430.22 real, 292 MB
[runlim] sample:		438.76 time, 440.22 real, 295 MB
[runlim] sample:		448.96 time, 450.42 real, 298 MB
[runlim] sample:		458.96 time, 460.42 real, 327 MB
[runlim] sample:		468.97 time, 470.42 real, 344 MB
[runlim] sample:		478.96 time, 480.42 real, 353 MB
[runlim] sample:		488.96 time, 490.42 real, 355 MB
[runlim] sample:		498.96 time, 500.42 real, 370 MB
[runlim] sample:		508.96 time, 510.42 real, 370 MB
[runlim] sample:		518.96 time, 520.42 real, 370 MB
[runlim] sample:		528.96 time, 530.42 real, 400 MB
[runlim] sample:		538.96 time, 540.42 real, 426 MB
[runlim] sample:		548.96 time, 550.42 real, 426 MB
[runlim] sample:		558.96 time, 560.42 real, 438 MB
[runlim] sample:		568.96 time, 570.42 real, 438 MB
[runlim] sample:		578.96 time, 580.42 real, 438 MB
[runlim] sample:		588.96 time, 590.42 real, 438 MB
[runlim] sample:		598.96 time, 600.42 real, 438 MB
[runlim] sample:		608.96 time, 610.42 real, 438 MB
[runlim] sample:		618.96 time, 620.42 real, 438 MB
[runlim] sample:		628.96 time, 630.42 real, 442 MB
[runlim] sample:		638.96 time, 640.42 real, 442 MB
[runlim] sample:		648.96 time, 650.42 real, 442 MB
[runlim] sample:		658.96 time, 660.42 real, 442 MB
[runlim] sample:		668.96 time, 670.42 real, 448 MB
[runlim] sample:		678.96 time, 680.42 real, 448 MB
[runlim] sample:		688.96 time, 690.42 real, 448 MB
[runlim] sample:		698.96 time, 700.42 real, 448 MB
[runlim] sample:		708.96 time, 710.42 real, 448 MB
[runlim] sample:		718.96 time, 720.42 real, 448 MB
[runlim] sample:		728.97 time, 730.42 real, 455 MB
[runlim] sample:		738.97 time, 740.42 real, 455 MB
[runlim] sample:		748.97 time, 750.42 real, 455 MB
[runlim] sample:		758.97 time, 760.42 real, 455 MB
[runlim] sample:		768.97 time, 770.42 real, 455 MB
[runlim] sample:		778.97 time, 780.42 real, 455 MB
[runlim] sample:		788.97 time, 790.42 real, 455 MB
[runlim] sample:		798.97 time, 800.42 real, 455 MB
[runlim] sample:		808.97 time, 810.42 real, 455 MB
[runlim] sample:		818.97 time, 820.42 real, 455 MB
[runlim] sample:		828.97 time, 830.42 real, 455 MB
[runlim] sample:		838.96 time, 840.42 real, 460 MB
[runlim] sample:		848.96 time, 850.42 real, 460 MB
[runlim] sample:		858.96 time, 860.42 real, 461 MB
[runlim] sample:		868.97 time, 870.42 real, 462 MB
[runlim] sample:		878.97 time, 880.42 real, 464 MB
[runlim] sample:		888.96 time, 890.42 real, 529 MB
[runlim] sample:		898.97 time, 900.42 real, 537 MB
[runlim] sample:		908.97 time, 910.42 real, 537 MB
[runlim] sample:		918.96 time, 920.42 real, 545 MB
[runlim] sample:		928.96 time, 930.42 real, 551 MB
[runlim] sample:		938.96 time, 940.42 real, 576 MB
[runlim] sample:		948.96 time, 950.42 real, 576 MB
[runlim] sample:		958.96 time, 960.42 real, 576 MB
[runlim] sample:		968.96 time, 970.42 real, 576 MB
[runlim] sample:		978.96 time, 980.42 real, 576 MB
[runlim] sample:		988.96 time, 990.42 real, 576 MB
[runlim] sample:		998.96 time, 1000.42 real, 576 MB
[runlim] sample:		1008.96 time, 1010.42 real, 576 MB
[runlim] sample:		1018.96 time, 1020.42 real, 577 MB
[runlim] sample:		1028.96 time, 1030.42 real, 579 MB
[runlim] sample:		1038.96 time, 1040.42 real, 579 MB
[runlim] sample:		1048.96 time, 1050.42 real, 579 MB
[runlim] sample:		1058.96 time, 1060.42 real, 579 MB
[runlim] sample:		1068.96 time, 1070.42 real, 579 MB
[runlim] sample:		1078.96 time, 1080.42 real, 579 MB
[runlim] sample:		1088.96 time, 1090.42 real, 579 MB
[runlim] sample:		1098.96 time, 1100.42 real, 579 MB
[runlim] sample:		1108.96 time, 1110.42 real, 579 MB
[runlim] sample:		1118.96 time, 1120.42 real, 579 MB
[runlim] sample:		1128.96 time, 1130.42 real, 581 MB
[runlim] sample:		1138.96 time, 1140.42 real, 581 MB
[runlim] sample:		1148.96 time, 1150.42 real, 581 MB
[runlim] sample:		1158.96 time, 1160.42 real, 581 MB
[runlim] sample:		1168.96 time, 1170.42 real, 581 MB
[runlim] sample:		1178.96 time, 1180.42 real, 581 MB
[runlim] sample:		1188.96 time, 1190.42 real, 581 MB
[runlim] sample:		1198.96 time, 1200.42 real, 581 MB
[runlim] sample:		1208.96 time, 1210.42 real, 581 MB
[runlim] sample:		1218.96 time, 1220.42 real, 581 MB
[runlim] sample:		1228.96 time, 1230.42 real, 581 MB
[runlim] sample:		1238.96 time, 1240.42 real, 581 MB
[runlim] sample:		1248.96 time, 1250.42 real, 581 MB
[runlim] sample:		1258.96 time, 1260.42 real, 581 MB
[runlim] sample:		1268.96 time, 1270.42 real, 581 MB
[runlim] sample:		1278.96 time, 1280.42 real, 581 MB
[runlim] sample:		1288.96 time, 1290.42 real, 581 MB
[runlim] sample:		1298.96 time, 1300.42 real, 581 MB
[runlim] sample:		1308.96 time, 1310.42 real, 581 MB
[runlim] sample:		1318.96 time, 1320.42 real, 581 MB
[runlim] sample:		1328.96 time, 1330.42 real, 581 MB
[runlim] sample:		1338.95 time, 1340.42 real, 581 MB
[runlim] sample:		1348.95 time, 1350.42 real, 581 MB
[runlim] sample:		1358.95 time, 1360.42 real, 581 MB
[runlim] sample:		1368.95 time, 1370.42 real, 583 MB
[runlim] sample:		1378.95 time, 1380.42 real, 624 MB
[runlim] sample:		1388.95 time, 1390.42 real, 659 MB
[runlim] sample:		1398.95 time, 1400.42 real, 672 MB
[runlim] sample:		1408.95 time, 1410.42 real, 672 MB
[runlim] sample:		1418.95 time, 1420.42 real, 672 MB
[runlim] sample:		1428.95 time, 1430.42 real, 672 MB
[runlim] sample:		1438.95 time, 1440.42 real, 672 MB
[runlim] sample:		1448.95 time, 1450.42 real, 672 MB
[runlim] sample:		1458.95 time, 1460.42 real, 722 MB
[runlim] sample:		1468.95 time, 1470.42 real, 722 MB
[runlim] sample:		1478.95 time, 1480.42 real, 722 MB
[runlim] sample:		1488.95 time, 1490.42 real, 722 MB
[runlim] sample:		1498.95 time, 1500.42 real, 722 MB
[runlim] sample:		1508.95 time, 1510.42 real, 722 MB
[runlim] sample:		1518.95 time, 1520.42 real, 722 MB
[runlim] sample:		1528.95 time, 1530.42 real, 722 MB
[runlim] sample:		1538.95 time, 1540.42 real, 722 MB
[runlim] sample:		1548.95 time, 1550.42 real, 722 MB
[runlim] sample:		1558.95 time, 1560.42 real, 735 MB
[runlim] sample:		1568.95 time, 1570.42 real, 735 MB
[runlim] sample:		1578.95 time, 1580.42 real, 735 MB
[runlim] sample:		1588.95 time, 1590.42 real, 735 MB
[runlim] sample:		1598.95 time, 1600.42 real, 735 MB
[runlim] sample:		1608.95 time, 1610.42 real, 735 MB
[runlim] sample:		1618.95 time, 1620.42 real, 735 MB
[runlim] sample:		1628.94 time, 1630.42 real, 742 MB
[runlim] sample:		1638.94 time, 1640.42 real, 742 MB
[runlim] sample:		1648.94 time, 1650.42 real, 742 MB
[runlim] sample:		1658.94 time, 1660.42 real, 742 MB
[runlim] sample:		1668.94 time, 1670.42 real, 742 MB
[runlim] sample:		1678.94 time, 1680.42 real, 742 MB
[runlim] sample:		1688.94 time, 1690.42 real, 742 MB
[runlim] sample:		1698.94 time, 1700.42 real, 742 MB
[runlim] sample:		1708.94 time, 1710.42 real, 742 MB
[runlim] sample:		1718.94 time, 1720.42 real, 742 MB
[runlim] sample:		1728.94 time, 1730.42 real, 742 MB
[runlim] sample:		1738.94 time, 1740.42 real, 742 MB
[runlim] sample:		1748.94 time, 1750.42 real, 742 MB
[runlim] sample:		1758.94 time, 1760.42 real, 742 MB
[runlim] sample:		1768.94 time, 1770.42 real, 742 MB
[runlim] sample:		1778.94 time, 1780.42 real, 742 MB
[runlim] sample:		1788.94 time, 1790.42 real, 742 MB
[runlim] sample:		1798.94 time, 1800.42 real, 742 MB
[runlim] sample:		1808.94 time, 1810.42 real, 743 MB
[runlim] sample:		1818.94 time, 1820.42 real, 743 MB
[runlim] sample:		1828.94 time, 1830.42 real, 743 MB
[runlim] sample:		1838.95 time, 1840.42 real, 760 MB
[runlim] sample:		1848.95 time, 1850.42 real, 760 MB
[runlim] sample:		1858.95 time, 1860.42 real, 760 MB
[runlim] sample:		1868.95 time, 1870.42 real, 760 MB
[runlim] sample:		1878.95 time, 1880.42 real, 760 MB
[runlim] sample:		1888.95 time, 1890.42 real, 760 MB
[runlim] sample:		1898.95 time, 1900.42 real, 760 MB
[runlim] sample:		1908.95 time, 1910.42 real, 760 MB
[runlim] sample:		1918.95 time, 1920.42 real, 760 MB
[runlim] sample:		1928.95 time, 1930.42 real, 760 MB
[runlim] sample:		1938.95 time, 1940.42 real, 760 MB
[runlim] sample:		1948.95 time, 1950.42 real, 760 MB
[runlim] sample:		1958.95 time, 1960.42 real, 760 MB
[runlim] sample:		1968.95 time, 1970.42 real, 760 MB
[runlim] sample:		1978.95 time, 1980.42 real, 760 MB
[runlim] sample:		1988.95 time, 1990.42 real, 760 MB
[runlim] sample:		1998.95 time, 2000.42 real, 760 MB
[runlim] sample:		2008.95 time, 2010.42 real, 760 MB
[runlim] sample:		2018.95 time, 2020.42 real, 760 MB
[runlim] sample:		2028.95 time, 2030.42 real, 760 MB
[runlim] sample:		2038.95 time, 2040.42 real, 760 MB
[runlim] sample:		2048.95 time, 2050.42 real, 763 MB
[runlim] sample:		2058.95 time, 2060.42 real, 763 MB
[runlim] sample:		2068.95 time, 2070.42 real, 763 MB
[runlim] sample:		2078.95 time, 2080.42 real, 763 MB
[runlim] sample:		2088.95 time, 2090.42 real, 763 MB
[runlim] sample:		2098.95 time, 2100.42 real, 763 MB
[runlim] sample:		2108.95 time, 2110.42 real, 764 MB
[runlim] sample:		2118.95 time, 2120.42 real, 764 MB
[runlim] sample:		2128.95 time, 2130.42 real, 764 MB
[runlim] sample:		2138.95 time, 2140.42 real, 764 MB
[runlim] sample:		2148.95 time, 2150.42 real, 764 MB
[runlim] sample:		2158.95 time, 2160.42 real, 764 MB
[runlim] sample:		2168.95 time, 2170.42 real, 764 MB
[runlim] sample:		2178.95 time, 2180.42 real, 764 MB
[runlim] sample:		2188.95 time, 2190.42 real, 764 MB
[runlim] sample:		2198.95 time, 2200.42 real, 764 MB
[runlim] sample:		2208.95 time, 2210.42 real, 764 MB
[runlim] sample:		2218.95 time, 2220.42 real, 764 MB
[runlim] sample:		2228.95 time, 2230.42 real, 764 MB
[runlim] sample:		2238.95 time, 2240.42 real, 764 MB
[runlim] sample:		2248.95 time, 2250.42 real, 764 MB
[runlim] sample:		2258.95 time, 2260.42 real, 764 MB
[runlim] sample:		2268.95 time, 2270.42 real, 764 MB
[runlim] sample:		2278.95 time, 2280.42 real, 764 MB
[runlim] sample:		2288.95 time, 2290.42 real, 764 MB
[runlim] sample:		2298.95 time, 2300.42 real, 764 MB
[runlim] sample:		2308.95 time, 2310.42 real, 764 MB
[runlim] sample:		2318.95 time, 2320.42 real, 764 MB
[runlim] sample:		2328.95 time, 2330.42 real, 764 MB
[runlim] sample:		2338.95 time, 2340.42 real, 771 MB
[runlim] sample:		2348.95 time, 2350.42 real, 771 MB
[runlim] sample:		2358.95 time, 2360.42 real, 771 MB
[runlim] sample:		2368.95 time, 2370.42 real, 771 MB
[runlim] sample:		2378.95 time, 2380.42 real, 771 MB
[runlim] sample:		2388.95 time, 2390.42 real, 771 MB
[runlim] sample:		2398.95 time, 2400.42 real, 771 MB
[runlim] sample:		2408.95 time, 2410.42 real, 771 MB
[runlim] sample:		2418.95 time, 2420.42 real, 771 MB
[runlim] sample:		2428.95 time, 2430.42 real, 771 MB
[runlim] sample:		2438.95 time, 2440.42 real, 771 MB
[runlim] sample:		2448.95 time, 2450.42 real, 771 MB
[runlim] sample:		2458.95 time, 2460.42 real, 771 MB
[runlim] sample:		2468.95 time, 2470.42 real, 771 MB
[runlim] sample:		2478.95 time, 2480.42 real, 771 MB
[runlim] sample:		2488.95 time, 2490.42 real, 771 MB
[runlim] sample:		2498.95 time, 2500.42 real, 771 MB
[runlim] sample:		2508.95 time, 2510.42 real, 771 MB
[runlim] sample:		2518.95 time, 2520.42 real, 771 MB
[runlim] sample:		2528.95 time, 2530.42 real, 771 MB
[runlim] sample:		2538.95 time, 2540.42 real, 771 MB
[runlim] sample:		2548.95 time, 2550.42 real, 771 MB
[runlim] sample:		2558.95 time, 2560.42 real, 771 MB
[runlim] sample:		2568.95 time, 2570.42 real, 771 MB
[runlim] sample:		2578.95 time, 2580.42 real, 771 MB
[runlim] sample:		2588.95 time, 2590.42 real, 771 MB
[runlim] sample:		2598.95 time, 2600.42 real, 771 MB
[runlim] sample:		2608.95 time, 2610.42 real, 771 MB
[runlim] sample:		2618.95 time, 2620.42 real, 771 MB
[runlim] sample:		2628.95 time, 2630.42 real, 771 MB
[runlim] sample:		2638.95 time, 2640.42 real, 771 MB
[runlim] sample:		2648.95 time, 2650.42 real, 771 MB
[runlim] sample:		2658.95 time, 2660.42 real, 773 MB
[runlim] sample:		2668.95 time, 2670.42 real, 809 MB
[runlim] sample:		2678.95 time, 2680.42 real, 809 MB
[runlim] sample:		2688.95 time, 2690.42 real, 847 MB
[runlim] end:			Sat Feb 29 07:57:52 2020
[runlim] status:		out of time
[runlim] result:		2
[runlim] children:		1
[runlim] real:			2700.14 seconds
[runlim] time:			2698.55 seconds
[runlim] space:			847 MB
[runlim] samples:		26996
