[runlim] version:		1.18
[runlim] host:			c3n19
[runlim] time limit:		2700 seconds
[runlim] real time limit:	2700 seconds
[runlim] space limit:		7000 MB
[runlim] argv[0]:		./binary
[runlim] argv[1]:		/data/cnf/ankit/E1-A1-instances/sortnetsort10.v.stepl.012.qdimacs
[runlim] start:			Sat Feb 29 07:12:52 2020
[runlim] child:			23508
[runlim] sample:		8.56 time, 10.02 real, 70 MB
[runlim] sample:		18.56 time, 20.02 real, 70 MB
[runlim] sample:		28.56 time, 30.02 real, 70 MB
[runlim] sample:		38.56 time, 40.02 real, 70 MB
[runlim] sample:		48.56 time, 50.02 real, 70 MB
[runlim] sample:		58.56 time, 60.02 real, 70 MB
[runlim] sample:		68.56 time, 70.02 real, 71 MB
[runlim] sample:		78.56 time, 80.02 real, 71 MB
[runlim] sample:		88.56 time, 90.02 real, 71 MB
[runlim] sample:		98.56 time, 100.02 real, 71 MB
[runlim] sample:		108.56 time, 110.02 real, 71 MB
[runlim] sample:		118.56 time, 120.02 real, 71 MB
[runlim] sample:		128.56 time, 130.02 real, 71 MB
[runlim] sample:		138.56 time, 140.02 real, 71 MB
[runlim] sample:		148.56 time, 150.02 real, 71 MB
[runlim] sample:		158.57 time, 160.02 real, 71 MB
[runlim] sample:		168.56 time, 170.02 real, 71 MB
[runlim] sample:		178.56 time, 180.02 real, 71 MB
[runlim] sample:		188.56 time, 190.02 real, 71 MB
[runlim] sample:		198.56 time, 200.02 real, 71 MB
[runlim] sample:		208.56 time, 210.02 real, 71 MB
[runlim] sample:		218.56 time, 220.02 real, 71 MB
[runlim] sample:		228.56 time, 230.02 real, 71 MB
[runlim] sample:		238.56 time, 240.02 real, 71 MB
[runlim] sample:		248.56 time, 250.02 real, 71 MB
[runlim] sample:		258.56 time, 260.02 real, 71 MB
[runlim] sample:		268.56 time, 270.02 real, 71 MB
[runlim] sample:		278.56 time, 280.02 real, 72 MB
[runlim] sample:		288.57 time, 290.02 real, 72 MB
[runlim] sample:		298.57 time, 300.02 real, 72 MB
[runlim] sample:		308.57 time, 310.02 real, 73 MB
[runlim] sample:		318.57 time, 320.02 real, 74 MB
[runlim] sample:		328.57 time, 330.02 real, 75 MB
[runlim] sample:		338.57 time, 340.02 real, 76 MB
[runlim] sample:		348.80 time, 350.26 real, 81 MB
[runlim] sample:		358.66 time, 360.12 real, 86 MB
[runlim] sample:		368.66 time, 370.12 real, 94 MB
[runlim] sample:		378.66 time, 380.12 real, 104 MB
[runlim] sample:		388.66 time, 390.12 real, 106 MB
[runlim] sample:		398.66 time, 400.12 real, 118 MB
[runlim] sample:		408.66 time, 410.12 real, 126 MB
[runlim] sample:		418.66 time, 420.12 real, 127 MB
[runlim] sample:		428.66 time, 430.12 real, 144 MB
[runlim] sample:		438.66 time, 440.12 real, 161 MB
[runlim] sample:		448.86 time, 450.32 real, 174 MB
[runlim] sample:		458.86 time, 460.32 real, 193 MB
[runlim] sample:		468.86 time, 470.32 real, 205 MB
[runlim] sample:		478.86 time, 480.32 real, 222 MB
[runlim] sample:		488.86 time, 490.32 real, 236 MB
[runlim] sample:		498.86 time, 500.32 real, 239 MB
[runlim] sample:		508.86 time, 510.32 real, 256 MB
[runlim] sample:		518.86 time, 520.32 real, 272 MB
[runlim] sample:		528.86 time, 530.32 real, 285 MB
[runlim] sample:		538.86 time, 540.32 real, 290 MB
[runlim] sample:		548.86 time, 550.32 real, 290 MB
[runlim] sample:		558.86 time, 560.32 real, 290 MB
[runlim] sample:		568.86 time, 570.32 real, 290 MB
[runlim] sample:		578.86 time, 580.32 real, 290 MB
[runlim] sample:		588.87 time, 590.32 real, 325 MB
[runlim] sample:		598.87 time, 600.32 real, 336 MB
[runlim] sample:		608.86 time, 610.32 real, 341 MB
[runlim] sample:		618.86 time, 620.32 real, 346 MB
[runlim] sample:		628.86 time, 630.32 real, 346 MB
[runlim] sample:		638.86 time, 640.32 real, 346 MB
[runlim] sample:		648.86 time, 650.32 real, 350 MB
[runlim] sample:		658.87 time, 660.32 real, 353 MB
[runlim] sample:		668.86 time, 670.32 real, 370 MB
[runlim] sample:		678.86 time, 680.32 real, 370 MB
[runlim] sample:		688.87 time, 690.32 real, 374 MB
[runlim] sample:		698.86 time, 700.32 real, 399 MB
[runlim] sample:		708.86 time, 710.32 real, 410 MB
[runlim] sample:		718.86 time, 720.32 real, 410 MB
[runlim] sample:		728.87 time, 730.32 real, 416 MB
[runlim] sample:		738.87 time, 740.32 real, 416 MB
[runlim] sample:		748.87 time, 750.32 real, 416 MB
[runlim] sample:		758.87 time, 760.32 real, 419 MB
[runlim] sample:		768.86 time, 770.32 real, 423 MB
[runlim] sample:		778.86 time, 780.32 real, 426 MB
[runlim] sample:		788.86 time, 790.32 real, 449 MB
[runlim] sample:		798.86 time, 800.32 real, 469 MB
[runlim] sample:		808.86 time, 810.32 real, 487 MB
[runlim] sample:		818.86 time, 820.32 real, 501 MB
[runlim] sample:		828.86 time, 830.32 real, 515 MB
[runlim] sample:		838.86 time, 840.32 real, 516 MB
[runlim] sample:		848.86 time, 850.32 real, 516 MB
[runlim] sample:		858.86 time, 860.32 real, 516 MB
[runlim] sample:		868.86 time, 870.32 real, 527 MB
[runlim] sample:		878.86 time, 880.32 real, 527 MB
[runlim] sample:		888.86 time, 890.32 real, 527 MB
[runlim] sample:		898.86 time, 900.32 real, 527 MB
[runlim] sample:		908.86 time, 910.32 real, 527 MB
[runlim] sample:		918.86 time, 920.32 real, 527 MB
[runlim] sample:		928.86 time, 930.32 real, 537 MB
[runlim] sample:		938.86 time, 940.32 real, 537 MB
[runlim] sample:		948.86 time, 950.32 real, 537 MB
[runlim] sample:		958.86 time, 960.32 real, 537 MB
[runlim] sample:		968.86 time, 970.32 real, 537 MB
[runlim] sample:		978.86 time, 980.32 real, 537 MB
[runlim] sample:		988.86 time, 990.32 real, 537 MB
[runlim] sample:		998.86 time, 1000.32 real, 537 MB
[runlim] sample:		1008.86 time, 1010.32 real, 537 MB
[runlim] sample:		1018.86 time, 1020.32 real, 544 MB
[runlim] sample:		1028.86 time, 1030.32 real, 544 MB
[runlim] sample:		1038.86 time, 1040.32 real, 544 MB
[runlim] sample:		1048.86 time, 1050.32 real, 544 MB
[runlim] sample:		1058.86 time, 1060.32 real, 544 MB
[runlim] sample:		1068.86 time, 1070.32 real, 544 MB
[runlim] sample:		1078.86 time, 1080.32 real, 546 MB
[runlim] sample:		1088.86 time, 1090.32 real, 546 MB
[runlim] sample:		1098.86 time, 1100.32 real, 546 MB
[runlim] sample:		1108.86 time, 1110.32 real, 546 MB
[runlim] sample:		1118.86 time, 1120.32 real, 546 MB
[runlim] sample:		1128.86 time, 1130.32 real, 546 MB
[runlim] sample:		1138.86 time, 1140.32 real, 546 MB
[runlim] sample:		1148.86 time, 1150.32 real, 546 MB
[runlim] sample:		1158.86 time, 1160.32 real, 546 MB
[runlim] sample:		1168.86 time, 1170.32 real, 546 MB
[runlim] sample:		1178.86 time, 1180.32 real, 546 MB
[runlim] sample:		1188.86 time, 1190.32 real, 546 MB
[runlim] sample:		1198.86 time, 1200.32 real, 546 MB
[runlim] sample:		1208.86 time, 1210.32 real, 546 MB
[runlim] sample:		1218.86 time, 1220.32 real, 546 MB
[runlim] sample:		1228.86 time, 1230.32 real, 546 MB
[runlim] sample:		1238.86 time, 1240.32 real, 546 MB
[runlim] sample:		1248.86 time, 1250.32 real, 546 MB
[runlim] sample:		1258.86 time, 1260.32 real, 546 MB
[runlim] sample:		1268.86 time, 1270.32 real, 546 MB
[runlim] sample:		1278.86 time, 1280.32 real, 548 MB
[runlim] sample:		1288.86 time, 1290.32 real, 549 MB
[runlim] sample:		1298.86 time, 1300.32 real, 551 MB
[runlim] sample:		1308.86 time, 1310.32 real, 623 MB
[runlim] sample:		1318.86 time, 1320.32 real, 623 MB
[runlim] sample:		1328.86 time, 1330.32 real, 637 MB
[runlim] sample:		1338.86 time, 1340.32 real, 645 MB
[runlim] sample:		1348.87 time, 1350.32 real, 645 MB
[runlim] sample:		1358.87 time, 1360.32 real, 657 MB
[runlim] sample:		1368.87 time, 1370.32 real, 657 MB
[runlim] sample:		1378.87 time, 1380.32 real, 657 MB
[runlim] sample:		1388.87 time, 1390.32 real, 657 MB
[runlim] sample:		1398.87 time, 1400.32 real, 657 MB
[runlim] sample:		1408.87 time, 1410.32 real, 657 MB
[runlim] sample:		1418.87 time, 1420.32 real, 657 MB
[runlim] sample:		1428.87 time, 1430.32 real, 657 MB
[runlim] sample:		1438.87 time, 1440.32 real, 657 MB
[runlim] sample:		1448.87 time, 1450.32 real, 657 MB
[runlim] sample:		1458.87 time, 1460.32 real, 657 MB
[runlim] sample:		1468.86 time, 1470.32 real, 683 MB
[runlim] sample:		1478.86 time, 1480.32 real, 683 MB
[runlim] sample:		1488.86 time, 1490.32 real, 683 MB
[runlim] sample:		1498.86 time, 1500.32 real, 683 MB
[runlim] sample:		1508.86 time, 1510.32 real, 683 MB
[runlim] sample:		1518.86 time, 1520.32 real, 683 MB
[runlim] sample:		1528.86 time, 1530.32 real, 683 MB
[runlim] sample:		1538.86 time, 1540.32 real, 683 MB
[runlim] sample:		1548.86 time, 1550.32 real, 683 MB
[runlim] sample:		1558.86 time, 1560.32 real, 683 MB
[runlim] sample:		1568.86 time, 1570.32 real, 683 MB
[runlim] sample:		1578.86 time, 1580.32 real, 683 MB
[runlim] sample:		1588.86 time, 1590.32 real, 683 MB
[runlim] sample:		1598.86 time, 1600.32 real, 683 MB
[runlim] sample:		1608.86 time, 1610.32 real, 683 MB
[runlim] sample:		1618.86 time, 1620.32 real, 683 MB
[runlim] sample:		1628.86 time, 1630.32 real, 683 MB
[runlim] sample:		1638.86 time, 1640.32 real, 683 MB
[runlim] sample:		1648.86 time, 1650.32 real, 683 MB
[runlim] sample:		1658.86 time, 1660.32 real, 683 MB
[runlim] sample:		1668.86 time, 1670.32 real, 683 MB
[runlim] sample:		1678.86 time, 1680.32 real, 683 MB
[runlim] sample:		1688.86 time, 1690.32 real, 683 MB
[runlim] sample:		1698.87 time, 1700.32 real, 708 MB
[runlim] sample:		1708.87 time, 1710.32 real, 708 MB
[runlim] sample:		1718.87 time, 1720.32 real, 708 MB
[runlim] sample:		1728.87 time, 1730.32 real, 708 MB
[runlim] sample:		1738.87 time, 1740.32 real, 708 MB
[runlim] sample:		1748.87 time, 1750.32 real, 708 MB
[runlim] sample:		1758.87 time, 1760.32 real, 708 MB
[runlim] sample:		1768.87 time, 1770.32 real, 708 MB
[runlim] sample:		1778.87 time, 1780.32 real, 708 MB
[runlim] sample:		1788.87 time, 1790.32 real, 708 MB
[runlim] sample:		1798.87 time, 1800.32 real, 708 MB
[runlim] sample:		1808.87 time, 1810.32 real, 708 MB
[runlim] sample:		1818.87 time, 1820.32 real, 708 MB
[runlim] sample:		1828.87 time, 1830.32 real, 708 MB
[runlim] sample:		1838.87 time, 1840.32 real, 708 MB
[runlim] sample:		1848.87 time, 1850.32 real, 708 MB
[runlim] sample:		1858.87 time, 1860.32 real, 708 MB
[runlim] sample:		1868.87 time, 1870.32 real, 708 MB
[runlim] sample:		1878.87 time, 1880.32 real, 708 MB
[runlim] sample:		1888.87 time, 1890.32 real, 752 MB
[runlim] sample:		1898.87 time, 1900.32 real, 752 MB
[runlim] sample:		1908.86 time, 1910.32 real, 768 MB
[runlim] sample:		1918.86 time, 1920.32 real, 768 MB
[runlim] sample:		1928.86 time, 1930.32 real, 773 MB
[runlim] sample:		1938.86 time, 1940.32 real, 773 MB
[runlim] sample:		1948.86 time, 1950.32 real, 774 MB
[runlim] sample:		1958.87 time, 1960.32 real, 789 MB
[runlim] sample:		1968.87 time, 1970.32 real, 821 MB
[runlim] sample:		1978.87 time, 1980.32 real, 821 MB
[runlim] sample:		1988.87 time, 1990.32 real, 821 MB
[runlim] sample:		1998.87 time, 2000.32 real, 825 MB
[runlim] sample:		2008.86 time, 2010.32 real, 829 MB
[runlim] sample:		2018.87 time, 2020.32 real, 832 MB
[runlim] sample:		2028.86 time, 2030.32 real, 836 MB
[runlim] sample:		2038.87 time, 2040.32 real, 864 MB
[runlim] sample:		2048.87 time, 2050.32 real, 864 MB
[runlim] sample:		2058.87 time, 2060.32 real, 864 MB
[runlim] sample:		2068.87 time, 2070.32 real, 864 MB
[runlim] sample:		2078.87 time, 2080.32 real, 864 MB
[runlim] sample:		2088.87 time, 2090.32 real, 864 MB
[runlim] sample:		2098.87 time, 2100.32 real, 864 MB
[runlim] sample:		2108.87 time, 2110.32 real, 864 MB
[runlim] sample:		2118.87 time, 2120.32 real, 864 MB
[runlim] sample:		2128.87 time, 2130.32 real, 864 MB
[runlim] sample:		2138.87 time, 2140.32 real, 864 MB
[runlim] sample:		2148.87 time, 2150.32 real, 864 MB
[runlim] sample:		2158.87 time, 2160.32 real, 864 MB
[runlim] sample:		2168.87 time, 2170.32 real, 864 MB
[runlim] sample:		2178.87 time, 2180.32 real, 864 MB
[runlim] sample:		2188.87 time, 2190.32 real, 864 MB
[runlim] sample:		2198.87 time, 2200.32 real, 864 MB
[runlim] sample:		2208.87 time, 2210.32 real, 864 MB
[runlim] sample:		2218.87 time, 2220.32 real, 864 MB
[runlim] sample:		2228.87 time, 2230.32 real, 864 MB
[runlim] sample:		2238.87 time, 2240.32 real, 864 MB
[runlim] sample:		2248.87 time, 2250.32 real, 864 MB
[runlim] sample:		2258.87 time, 2260.32 real, 864 MB
[runlim] sample:		2268.87 time, 2270.32 real, 864 MB
[runlim] sample:		2278.87 time, 2280.32 real, 864 MB
[runlim] sample:		2288.87 time, 2290.32 real, 864 MB
[runlim] sample:		2298.87 time, 2300.32 real, 864 MB
[runlim] sample:		2308.87 time, 2310.32 real, 864 MB
[runlim] sample:		2318.87 time, 2320.32 real, 864 MB
[runlim] sample:		2328.87 time, 2330.32 real, 864 MB
[runlim] sample:		2338.87 time, 2340.32 real, 864 MB
[runlim] sample:		2348.87 time, 2350.32 real, 864 MB
[runlim] sample:		2358.87 time, 2360.32 real, 864 MB
[runlim] sample:		2368.87 time, 2370.32 real, 864 MB
[runlim] sample:		2378.87 time, 2380.32 real, 864 MB
[runlim] sample:		2388.87 time, 2390.32 real, 864 MB
[runlim] sample:		2398.87 time, 2400.32 real, 864 MB
[runlim] sample:		2408.87 time, 2410.32 real, 864 MB
[runlim] sample:		2418.87 time, 2420.32 real, 864 MB
[runlim] sample:		2428.87 time, 2430.32 real, 864 MB
[runlim] sample:		2438.87 time, 2440.32 real, 864 MB
[runlim] sample:		2448.87 time, 2450.32 real, 864 MB
[runlim] sample:		2458.87 time, 2460.32 real, 864 MB
[runlim] sample:		2468.87 time, 2470.32 real, 864 MB
[runlim] sample:		2478.87 time, 2480.32 real, 864 MB
[runlim] sample:		2488.87 time, 2490.32 real, 864 MB
[runlim] sample:		2498.87 time, 2500.32 real, 864 MB
[runlim] sample:		2508.87 time, 2510.32 real, 864 MB
[runlim] sample:		2518.87 time, 2520.32 real, 864 MB
[runlim] sample:		2528.87 time, 2530.32 real, 864 MB
[runlim] sample:		2538.87 time, 2540.32 real, 864 MB
[runlim] sample:		2548.87 time, 2550.32 real, 864 MB
[runlim] sample:		2558.87 time, 2560.32 real, 864 MB
[runlim] sample:		2568.87 time, 2570.32 real, 864 MB
[runlim] sample:		2578.87 time, 2580.32 real, 864 MB
[runlim] sample:		2588.87 time, 2590.32 real, 864 MB
[runlim] sample:		2598.87 time, 2600.32 real, 864 MB
[runlim] sample:		2608.87 time, 2610.32 real, 864 MB
[runlim] sample:		2618.87 time, 2620.32 real, 864 MB
[runlim] sample:		2628.87 time, 2630.32 real, 864 MB
[runlim] sample:		2638.87 time, 2640.32 real, 864 MB
[runlim] sample:		2648.87 time, 2650.32 real, 864 MB
[runlim] sample:		2658.87 time, 2660.32 real, 864 MB
[runlim] sample:		2668.87 time, 2670.32 real, 864 MB
[runlim] sample:		2678.87 time, 2680.32 real, 864 MB
[runlim] sample:		2688.87 time, 2690.32 real, 864 MB
[runlim] end:			Sat Feb 29 07:57:52 2020
[runlim] status:		out of time
[runlim] result:		2
[runlim] children:		1
[runlim] real:			2700.12 seconds
[runlim] time:			2698.57 seconds
[runlim] space:			864 MB
[runlim] samples:		26997
