[runlim] version:		1.18
[runlim] host:			c3n18
[runlim] time limit:		2700 seconds
[runlim] real time limit:	2700 seconds
[runlim] space limit:		7000 MB
[runlim] argv[0]:		./binary
[runlim] argv[1]:		/data/cnf/ankit/E1-A1-instances/sortnetsort10.v.stepl.007.qdimacs
[runlim] start:			Sat Feb 29 07:12:53 2020
[runlim] child:			17423
[runlim] sample:		9.91 time, 10.02 real, 43 MB
[runlim] sample:		19.91 time, 20.02 real, 43 MB
[runlim] sample:		29.92 time, 30.02 real, 43 MB
[runlim] sample:		39.92 time, 40.02 real, 43 MB
[runlim] sample:		49.92 time, 50.02 real, 44 MB
[runlim] sample:		59.92 time, 60.02 real, 44 MB
[runlim] sample:		69.92 time, 70.02 real, 45 MB
[runlim] sample:		79.92 time, 80.02 real, 57 MB
[runlim] sample:		89.92 time, 90.02 real, 76 MB
[runlim] sample:		99.92 time, 100.02 real, 87 MB
[runlim] sample:		109.92 time, 110.02 real, 110 MB
[runlim] sample:		119.92 time, 120.02 real, 133 MB
[runlim] sample:		129.92 time, 130.02 real, 180 MB
[runlim] sample:		139.93 time, 140.02 real, 200 MB
[runlim] sample:		149.93 time, 150.02 real, 210 MB
[runlim] sample:		159.92 time, 160.02 real, 228 MB
[runlim] sample:		169.93 time, 170.02 real, 251 MB
[runlim] sample:		179.92 time, 180.02 real, 260 MB
[runlim] sample:		189.92 time, 190.02 real, 273 MB
[runlim] sample:		199.92 time, 200.02 real, 273 MB
[runlim] sample:		209.92 time, 210.02 real, 278 MB
[runlim] sample:		219.92 time, 220.02 real, 278 MB
[runlim] sample:		229.92 time, 230.02 real, 278 MB
[runlim] sample:		239.92 time, 240.02 real, 278 MB
[runlim] sample:		249.92 time, 250.02 real, 278 MB
[runlim] sample:		259.92 time, 260.02 real, 278 MB
[runlim] sample:		269.92 time, 270.02 real, 278 MB
[runlim] sample:		279.92 time, 280.02 real, 278 MB
[runlim] sample:		289.92 time, 290.02 real, 280 MB
[runlim] sample:		299.92 time, 300.02 real, 323 MB
[runlim] sample:		309.92 time, 310.02 real, 335 MB
[runlim] sample:		319.93 time, 320.02 real, 360 MB
[runlim] sample:		329.92 time, 330.02 real, 364 MB
[runlim] sample:		339.92 time, 340.02 real, 364 MB
[runlim] sample:		350.15 time, 350.25 real, 364 MB
[runlim] sample:		360.12 time, 360.22 real, 364 MB
[runlim] sample:		370.12 time, 370.22 real, 367 MB
[runlim] sample:		380.12 time, 380.22 real, 367 MB
[runlim] sample:		390.12 time, 390.22 real, 367 MB
[runlim] sample:		400.12 time, 400.22 real, 367 MB
[runlim] sample:		410.12 time, 410.22 real, 367 MB
[runlim] sample:		420.12 time, 420.22 real, 367 MB
[runlim] sample:		430.12 time, 430.22 real, 367 MB
[runlim] sample:		440.12 time, 440.22 real, 367 MB
[runlim] sample:		450.32 time, 450.42 real, 370 MB
[runlim] sample:		460.32 time, 460.42 real, 372 MB
[runlim] sample:		470.33 time, 470.42 real, 375 MB
[runlim] sample:		480.33 time, 480.42 real, 377 MB
[runlim] sample:		490.33 time, 490.42 real, 380 MB
[runlim] sample:		500.33 time, 500.42 real, 382 MB
[runlim] sample:		510.33 time, 510.42 real, 384 MB
[runlim] sample:		520.32 time, 520.42 real, 386 MB
[runlim] sample:		530.33 time, 530.42 real, 408 MB
[runlim] sample:		540.32 time, 540.42 real, 426 MB
[runlim] sample:		550.32 time, 550.42 real, 436 MB
[runlim] sample:		560.32 time, 560.42 real, 436 MB
[runlim] sample:		570.32 time, 570.42 real, 436 MB
[runlim] sample:		580.32 time, 580.42 real, 436 MB
[runlim] sample:		590.32 time, 590.42 real, 436 MB
[runlim] sample:		600.32 time, 600.42 real, 436 MB
[runlim] sample:		610.33 time, 610.42 real, 443 MB
[runlim] sample:		620.33 time, 620.42 real, 458 MB
[runlim] sample:		630.33 time, 630.42 real, 458 MB
[runlim] sample:		640.33 time, 640.42 real, 458 MB
[runlim] sample:		650.33 time, 650.42 real, 458 MB
[runlim] sample:		660.33 time, 660.42 real, 458 MB
[runlim] sample:		670.33 time, 670.42 real, 458 MB
[runlim] sample:		680.33 time, 680.42 real, 458 MB
[runlim] sample:		690.33 time, 690.42 real, 458 MB
[runlim] sample:		700.33 time, 700.42 real, 458 MB
[runlim] sample:		710.33 time, 710.42 real, 458 MB
[runlim] sample:		720.33 time, 720.42 real, 458 MB
[runlim] sample:		730.33 time, 730.42 real, 458 MB
[runlim] sample:		740.33 time, 740.42 real, 458 MB
[runlim] sample:		750.33 time, 750.42 real, 458 MB
[runlim] sample:		760.33 time, 760.42 real, 458 MB
[runlim] sample:		770.33 time, 770.42 real, 458 MB
[runlim] sample:		780.33 time, 780.42 real, 460 MB
[runlim] sample:		790.32 time, 790.42 real, 462 MB
[runlim] sample:		800.33 time, 800.42 real, 464 MB
[runlim] sample:		810.33 time, 810.42 real, 466 MB
[runlim] sample:		820.32 time, 820.42 real, 468 MB
[runlim] sample:		830.32 time, 830.42 real, 470 MB
[runlim] sample:		840.33 time, 840.42 real, 472 MB
[runlim] sample:		850.32 time, 850.42 real, 473 MB
[runlim] sample:		860.32 time, 860.42 real, 475 MB
[runlim] sample:		870.32 time, 870.42 real, 476 MB
[runlim] sample:		880.33 time, 880.42 real, 478 MB
[runlim] sample:		890.33 time, 890.42 real, 479 MB
[runlim] sample:		900.33 time, 900.42 real, 480 MB
[runlim] sample:		910.33 time, 910.42 real, 550 MB
[runlim] sample:		920.33 time, 920.42 real, 550 MB
[runlim] sample:		930.33 time, 930.42 real, 550 MB
[runlim] sample:		940.32 time, 940.42 real, 581 MB
[runlim] sample:		950.32 time, 950.42 real, 581 MB
[runlim] sample:		960.32 time, 960.42 real, 581 MB
[runlim] sample:		970.33 time, 970.42 real, 605 MB
[runlim] sample:		980.33 time, 980.42 real, 605 MB
[runlim] sample:		990.33 time, 990.42 real, 605 MB
[runlim] sample:		1000.33 time, 1000.42 real, 605 MB
[runlim] sample:		1010.32 time, 1010.42 real, 644 MB
[runlim] sample:		1020.32 time, 1020.42 real, 644 MB
[runlim] sample:		1030.32 time, 1030.42 real, 644 MB
[runlim] sample:		1040.32 time, 1040.42 real, 644 MB
[runlim] sample:		1050.32 time, 1050.42 real, 644 MB
[runlim] sample:		1060.32 time, 1060.42 real, 644 MB
[runlim] sample:		1070.32 time, 1070.42 real, 644 MB
[runlim] sample:		1080.32 time, 1080.42 real, 645 MB
[runlim] sample:		1090.32 time, 1090.42 real, 648 MB
[runlim] sample:		1100.33 time, 1100.42 real, 672 MB
[runlim] sample:		1110.33 time, 1110.42 real, 672 MB
[runlim] sample:		1120.33 time, 1120.42 real, 672 MB
[runlim] sample:		1130.33 time, 1130.42 real, 672 MB
[runlim] sample:		1140.33 time, 1140.42 real, 672 MB
[runlim] sample:		1150.33 time, 1150.42 real, 672 MB
[runlim] sample:		1160.33 time, 1160.42 real, 672 MB
[runlim] sample:		1170.33 time, 1170.42 real, 672 MB
[runlim] sample:		1180.33 time, 1180.42 real, 672 MB
[runlim] sample:		1190.33 time, 1190.42 real, 672 MB
[runlim] sample:		1200.33 time, 1200.42 real, 672 MB
[runlim] sample:		1210.33 time, 1210.42 real, 672 MB
[runlim] sample:		1220.33 time, 1220.42 real, 672 MB
[runlim] sample:		1230.33 time, 1230.42 real, 672 MB
[runlim] sample:		1240.33 time, 1240.42 real, 672 MB
[runlim] sample:		1250.33 time, 1250.42 real, 672 MB
[runlim] sample:		1260.33 time, 1260.42 real, 672 MB
[runlim] sample:		1270.33 time, 1270.42 real, 672 MB
[runlim] sample:		1280.33 time, 1280.42 real, 672 MB
[runlim] sample:		1290.33 time, 1290.42 real, 672 MB
[runlim] sample:		1300.33 time, 1300.42 real, 672 MB
[runlim] sample:		1310.33 time, 1310.42 real, 672 MB
[runlim] sample:		1320.33 time, 1320.42 real, 672 MB
[runlim] sample:		1330.33 time, 1330.42 real, 672 MB
[runlim] sample:		1340.33 time, 1340.42 real, 672 MB
[runlim] sample:		1350.33 time, 1350.42 real, 672 MB
[runlim] sample:		1360.33 time, 1360.42 real, 672 MB
[runlim] sample:		1370.33 time, 1370.42 real, 672 MB
[runlim] sample:		1380.33 time, 1380.42 real, 672 MB
[runlim] sample:		1390.33 time, 1390.42 real, 672 MB
[runlim] sample:		1400.33 time, 1400.42 real, 672 MB
[runlim] sample:		1410.33 time, 1410.42 real, 672 MB
[runlim] sample:		1420.33 time, 1420.42 real, 672 MB
[runlim] sample:		1430.33 time, 1430.42 real, 672 MB
[runlim] sample:		1440.33 time, 1440.42 real, 672 MB
[runlim] sample:		1450.33 time, 1450.42 real, 672 MB
[runlim] sample:		1460.33 time, 1460.42 real, 672 MB
[runlim] sample:		1470.33 time, 1470.42 real, 672 MB
[runlim] sample:		1480.33 time, 1480.42 real, 672 MB
[runlim] sample:		1490.33 time, 1490.42 real, 672 MB
[runlim] sample:		1500.33 time, 1500.42 real, 672 MB
[runlim] sample:		1510.33 time, 1510.42 real, 672 MB
[runlim] sample:		1520.33 time, 1520.42 real, 672 MB
[runlim] sample:		1530.33 time, 1530.42 real, 672 MB
[runlim] sample:		1540.33 time, 1540.42 real, 672 MB
[runlim] sample:		1550.33 time, 1550.42 real, 672 MB
[runlim] sample:		1560.33 time, 1560.42 real, 672 MB
[runlim] sample:		1570.33 time, 1570.42 real, 672 MB
[runlim] sample:		1580.33 time, 1580.42 real, 672 MB
[runlim] sample:		1590.33 time, 1590.42 real, 672 MB
[runlim] sample:		1600.33 time, 1600.42 real, 672 MB
[runlim] sample:		1610.33 time, 1610.42 real, 672 MB
[runlim] sample:		1620.33 time, 1620.42 real, 672 MB
[runlim] sample:		1630.33 time, 1630.42 real, 672 MB
[runlim] sample:		1640.33 time, 1640.42 real, 672 MB
[runlim] sample:		1650.33 time, 1650.42 real, 672 MB
[runlim] sample:		1660.33 time, 1660.42 real, 673 MB
[runlim] sample:		1670.33 time, 1670.42 real, 674 MB
[runlim] sample:		1680.34 time, 1680.42 real, 675 MB
[runlim] sample:		1690.34 time, 1690.42 real, 676 MB
[runlim] sample:		1700.33 time, 1700.42 real, 693 MB
[runlim] sample:		1710.33 time, 1710.42 real, 693 MB
[runlim] sample:		1720.33 time, 1720.42 real, 693 MB
[runlim] sample:		1730.33 time, 1730.42 real, 693 MB
[runlim] sample:		1740.33 time, 1740.42 real, 693 MB
[runlim] sample:		1750.33 time, 1750.42 real, 693 MB
[runlim] sample:		1760.33 time, 1760.42 real, 693 MB
[runlim] sample:		1770.33 time, 1770.42 real, 693 MB
[runlim] sample:		1780.33 time, 1780.42 real, 693 MB
[runlim] sample:		1790.33 time, 1790.42 real, 693 MB
[runlim] sample:		1800.33 time, 1800.42 real, 693 MB
[runlim] sample:		1810.33 time, 1810.42 real, 693 MB
[runlim] sample:		1820.33 time, 1820.42 real, 693 MB
[runlim] sample:		1830.33 time, 1830.42 real, 693 MB
[runlim] sample:		1840.33 time, 1840.42 real, 693 MB
[runlim] sample:		1850.33 time, 1850.42 real, 693 MB
[runlim] sample:		1860.33 time, 1860.42 real, 693 MB
[runlim] sample:		1870.33 time, 1870.42 real, 693 MB
[runlim] sample:		1880.33 time, 1880.42 real, 693 MB
[runlim] sample:		1890.33 time, 1890.42 real, 693 MB
[runlim] sample:		1900.33 time, 1900.42 real, 693 MB
[runlim] sample:		1910.33 time, 1910.42 real, 693 MB
[runlim] sample:		1920.33 time, 1920.42 real, 693 MB
[runlim] sample:		1930.33 time, 1930.42 real, 693 MB
[runlim] sample:		1940.33 time, 1940.42 real, 693 MB
[runlim] sample:		1950.33 time, 1950.42 real, 693 MB
[runlim] sample:		1960.33 time, 1960.42 real, 693 MB
[runlim] sample:		1970.33 time, 1970.42 real, 693 MB
[runlim] sample:		1980.33 time, 1980.42 real, 693 MB
[runlim] sample:		1990.33 time, 1990.42 real, 693 MB
[runlim] sample:		2000.33 time, 2000.42 real, 693 MB
[runlim] sample:		2010.33 time, 2010.42 real, 693 MB
[runlim] sample:		2020.33 time, 2020.42 real, 693 MB
[runlim] sample:		2030.33 time, 2030.42 real, 693 MB
[runlim] sample:		2040.33 time, 2040.42 real, 693 MB
[runlim] sample:		2050.33 time, 2050.42 real, 693 MB
[runlim] sample:		2060.33 time, 2060.42 real, 693 MB
[runlim] sample:		2070.33 time, 2070.42 real, 693 MB
[runlim] sample:		2080.33 time, 2080.42 real, 693 MB
[runlim] sample:		2090.33 time, 2090.42 real, 693 MB
[runlim] sample:		2100.33 time, 2100.42 real, 693 MB
[runlim] sample:		2110.33 time, 2110.42 real, 693 MB
[runlim] sample:		2120.33 time, 2120.42 real, 693 MB
[runlim] sample:		2130.33 time, 2130.42 real, 693 MB
[runlim] sample:		2140.33 time, 2140.42 real, 693 MB
[runlim] sample:		2150.33 time, 2150.42 real, 693 MB
[runlim] sample:		2160.33 time, 2160.42 real, 693 MB
[runlim] sample:		2170.33 time, 2170.42 real, 693 MB
[runlim] sample:		2180.34 time, 2180.42 real, 693 MB
[runlim] sample:		2190.34 time, 2190.42 real, 693 MB
[runlim] sample:		2200.34 time, 2200.42 real, 693 MB
[runlim] sample:		2210.34 time, 2210.42 real, 693 MB
[runlim] sample:		2220.34 time, 2220.42 real, 693 MB
[runlim] sample:		2230.34 time, 2230.42 real, 693 MB
[runlim] sample:		2240.34 time, 2240.42 real, 693 MB
[runlim] sample:		2250.34 time, 2250.42 real, 694 MB
[runlim] sample:		2260.33 time, 2260.42 real, 695 MB
[runlim] sample:		2270.33 time, 2270.42 real, 696 MB
[runlim] sample:		2280.34 time, 2280.42 real, 697 MB
[runlim] sample:		2290.33 time, 2290.42 real, 699 MB
[runlim] sample:		2300.33 time, 2300.42 real, 699 MB
[runlim] sample:		2310.33 time, 2310.42 real, 700 MB
[runlim] sample:		2320.34 time, 2320.42 real, 701 MB
[runlim] sample:		2330.34 time, 2330.42 real, 702 MB
[runlim] sample:		2340.34 time, 2340.42 real, 703 MB
[runlim] sample:		2350.34 time, 2350.42 real, 704 MB
[runlim] sample:		2360.34 time, 2360.42 real, 705 MB
[runlim] sample:		2370.34 time, 2370.42 real, 706 MB
[runlim] sample:		2380.34 time, 2380.42 real, 707 MB
[runlim] sample:		2390.34 time, 2390.42 real, 708 MB
[runlim] sample:		2400.34 time, 2400.42 real, 709 MB
[runlim] sample:		2410.34 time, 2410.42 real, 710 MB
[runlim] sample:		2420.34 time, 2420.42 real, 711 MB
[runlim] sample:		2430.34 time, 2430.42 real, 712 MB
[runlim] sample:		2440.34 time, 2440.42 real, 713 MB
[runlim] sample:		2450.33 time, 2450.42 real, 714 MB
[runlim] sample:		2460.33 time, 2460.42 real, 715 MB
[runlim] sample:		2470.33 time, 2470.42 real, 716 MB
[runlim] sample:		2480.34 time, 2480.42 real, 716 MB
[runlim] sample:		2490.34 time, 2490.42 real, 717 MB
[runlim] sample:		2500.33 time, 2500.42 real, 718 MB
[runlim] sample:		2510.34 time, 2510.42 real, 719 MB
[runlim] sample:		2520.33 time, 2520.42 real, 720 MB
[runlim] sample:		2530.33 time, 2530.42 real, 721 MB
[runlim] sample:		2540.33 time, 2540.42 real, 722 MB
[runlim] sample:		2550.33 time, 2550.42 real, 723 MB
[runlim] sample:		2560.33 time, 2560.42 real, 724 MB
[runlim] sample:		2570.34 time, 2570.42 real, 724 MB
[runlim] sample:		2580.33 time, 2580.42 real, 725 MB
[runlim] sample:		2590.33 time, 2590.42 real, 726 MB
[runlim] sample:		2600.34 time, 2600.42 real, 727 MB
[runlim] sample:		2610.33 time, 2610.42 real, 728 MB
[runlim] sample:		2620.34 time, 2620.42 real, 729 MB
[runlim] sample:		2630.34 time, 2630.42 real, 730 MB
[runlim] sample:		2640.33 time, 2640.42 real, 731 MB
[runlim] sample:		2650.34 time, 2650.42 real, 732 MB
[runlim] sample:		2660.34 time, 2660.42 real, 733 MB
[runlim] sample:		2670.34 time, 2670.42 real, 734 MB
[runlim] sample:		2680.34 time, 2680.42 real, 734 MB
[runlim] sample:		2690.34 time, 2690.42 real, 735 MB
[runlim] end:			Sat Feb 29 07:57:54 2020
[runlim] status:		out of time
[runlim] result:		2
[runlim] children:		1
[runlim] real:			2700.10 seconds
[runlim] time:			2699.93 seconds
[runlim] space:			736 MB
[runlim] samples:		26996
