[runlim] version:		1.18
[runlim] host:			c3n21
[runlim] time limit:		2700 seconds
[runlim] real time limit:	2700 seconds
[runlim] space limit:		7000 MB
[runlim] argv[0]:		./binary
[runlim] argv[1]:		/data/cnf/ankit/E1-A1-instances/sortnetsort9.v.stepl.011.qdimacs
[runlim] start:			Sat Feb 29 07:12:54 2020
[runlim] child:			22870
[runlim] sample:		10.00 time, 10.02 real, 57 MB
[runlim] sample:		20.01 time, 20.02 real, 57 MB
[runlim] sample:		30.00 time, 30.02 real, 57 MB
[runlim] sample:		40.00 time, 40.02 real, 57 MB
[runlim] sample:		50.00 time, 50.02 real, 57 MB
[runlim] sample:		60.00 time, 60.02 real, 57 MB
[runlim] sample:		70.00 time, 70.02 real, 58 MB
[runlim] sample:		80.00 time, 80.02 real, 58 MB
[runlim] sample:		90.00 time, 90.02 real, 58 MB
[runlim] sample:		100.00 time, 100.02 real, 59 MB
[runlim] sample:		110.00 time, 110.02 real, 59 MB
[runlim] sample:		120.00 time, 120.02 real, 61 MB
[runlim] sample:		130.00 time, 130.02 real, 70 MB
[runlim] sample:		140.01 time, 140.02 real, 81 MB
[runlim] sample:		150.00 time, 150.02 real, 94 MB
[runlim] sample:		160.00 time, 160.02 real, 112 MB
[runlim] sample:		170.01 time, 170.02 real, 122 MB
[runlim] sample:		180.00 time, 180.02 real, 147 MB
[runlim] sample:		190.00 time, 190.02 real, 184 MB
[runlim] sample:		200.00 time, 200.02 real, 206 MB
[runlim] sample:		210.01 time, 210.02 real, 244 MB
[runlim] sample:		220.00 time, 220.02 real, 252 MB
[runlim] sample:		230.00 time, 230.02 real, 305 MB
[runlim] sample:		240.00 time, 240.02 real, 318 MB
[runlim] sample:		250.00 time, 250.02 real, 318 MB
[runlim] sample:		260.00 time, 260.02 real, 318 MB
[runlim] sample:		270.01 time, 270.02 real, 322 MB
[runlim] sample:		280.01 time, 280.02 real, 326 MB
[runlim] sample:		290.00 time, 290.02 real, 365 MB
[runlim] sample:		300.00 time, 300.02 real, 373 MB
[runlim] sample:		310.00 time, 310.02 real, 380 MB
[runlim] sample:		319.99 time, 320.02 real, 389 MB
[runlim] sample:		330.00 time, 330.02 real, 406 MB
[runlim] sample:		340.00 time, 340.02 real, 406 MB
[runlim] sample:		350.10 time, 350.12 real, 406 MB
[runlim] sample:		360.10 time, 360.12 real, 406 MB
[runlim] sample:		370.10 time, 370.12 real, 406 MB
[runlim] sample:		380.10 time, 380.12 real, 408 MB
[runlim] sample:		390.10 time, 390.12 real, 408 MB
[runlim] sample:		400.10 time, 400.12 real, 408 MB
[runlim] sample:		410.10 time, 410.12 real, 408 MB
[runlim] sample:		420.10 time, 420.12 real, 408 MB
[runlim] sample:		430.10 time, 430.12 real, 409 MB
[runlim] sample:		440.11 time, 440.13 real, 409 MB
[runlim] sample:		450.30 time, 450.32 real, 409 MB
[runlim] sample:		460.30 time, 460.32 real, 409 MB
[runlim] sample:		470.30 time, 470.32 real, 409 MB
[runlim] sample:		480.30 time, 480.32 real, 409 MB
[runlim] sample:		490.30 time, 490.32 real, 409 MB
[runlim] sample:		500.30 time, 500.32 real, 409 MB
[runlim] sample:		510.30 time, 510.32 real, 409 MB
[runlim] sample:		520.30 time, 520.32 real, 409 MB
[runlim] sample:		530.30 time, 530.32 real, 409 MB
[runlim] sample:		540.30 time, 540.32 real, 409 MB
[runlim] sample:		550.30 time, 550.32 real, 431 MB
[runlim] sample:		560.30 time, 560.32 real, 432 MB
[runlim] sample:		570.30 time, 570.32 real, 432 MB
[runlim] sample:		580.30 time, 580.32 real, 450 MB
[runlim] sample:		590.30 time, 590.32 real, 450 MB
[runlim] sample:		600.30 time, 600.32 real, 452 MB
[runlim] sample:		610.30 time, 610.32 real, 452 MB
[runlim] sample:		620.30 time, 620.32 real, 452 MB
[runlim] sample:		630.30 time, 630.32 real, 457 MB
[runlim] sample:		640.31 time, 640.32 real, 469 MB
[runlim] sample:		650.31 time, 650.32 real, 469 MB
[runlim] sample:		660.31 time, 660.32 real, 469 MB
[runlim] sample:		670.31 time, 670.32 real, 469 MB
[runlim] sample:		680.31 time, 680.32 real, 469 MB
[runlim] sample:		690.31 time, 690.32 real, 469 MB
[runlim] sample:		700.31 time, 700.32 real, 469 MB
[runlim] sample:		710.31 time, 710.32 real, 469 MB
[runlim] sample:		720.31 time, 720.32 real, 469 MB
[runlim] sample:		730.31 time, 730.32 real, 472 MB
[runlim] sample:		740.30 time, 740.32 real, 499 MB
[runlim] sample:		750.30 time, 750.32 real, 489 MB
[runlim] sample:		760.30 time, 760.32 real, 489 MB
[runlim] sample:		770.30 time, 770.32 real, 489 MB
[runlim] sample:		780.30 time, 780.32 real, 489 MB
[runlim] sample:		790.30 time, 790.32 real, 489 MB
[runlim] sample:		800.30 time, 800.32 real, 489 MB
[runlim] sample:		810.30 time, 810.32 real, 489 MB
[runlim] sample:		820.30 time, 820.32 real, 489 MB
[runlim] sample:		830.30 time, 830.32 real, 489 MB
[runlim] sample:		840.30 time, 840.32 real, 489 MB
[runlim] sample:		850.30 time, 850.32 real, 489 MB
[runlim] sample:		860.30 time, 860.32 real, 489 MB
[runlim] sample:		870.30 time, 870.32 real, 489 MB
[runlim] sample:		880.30 time, 880.32 real, 489 MB
[runlim] sample:		890.30 time, 890.32 real, 489 MB
[runlim] sample:		900.30 time, 900.32 real, 498 MB
[runlim] sample:		910.31 time, 910.32 real, 558 MB
[runlim] sample:		920.30 time, 920.32 real, 561 MB
[runlim] sample:		930.30 time, 930.32 real, 568 MB
[runlim] sample:		940.30 time, 940.32 real, 608 MB
[runlim] sample:		950.30 time, 950.32 real, 608 MB
[runlim] sample:		960.30 time, 960.32 real, 608 MB
[runlim] sample:		970.30 time, 970.32 real, 608 MB
[runlim] sample:		980.30 time, 980.32 real, 608 MB
[runlim] sample:		990.30 time, 990.32 real, 608 MB
[runlim] sample:		1000.30 time, 1000.32 real, 646 MB
[runlim] sample:		1010.30 time, 1010.32 real, 646 MB
[runlim] sample:		1020.30 time, 1020.32 real, 646 MB
[runlim] sample:		1030.31 time, 1030.32 real, 656 MB
[runlim] sample:		1040.31 time, 1040.32 real, 663 MB
[runlim] sample:		1050.31 time, 1050.32 real, 669 MB
[runlim] sample:		1060.30 time, 1060.32 real, 687 MB
[runlim] sample:		1070.30 time, 1070.32 real, 687 MB
[runlim] sample:		1080.31 time, 1080.32 real, 687 MB
[runlim] sample:		1090.31 time, 1090.32 real, 687 MB
[runlim] sample:		1100.30 time, 1100.32 real, 687 MB
[runlim] sample:		1110.30 time, 1110.32 real, 687 MB
[runlim] sample:		1120.31 time, 1120.32 real, 687 MB
[runlim] sample:		1130.31 time, 1130.32 real, 687 MB
[runlim] sample:		1140.31 time, 1140.32 real, 687 MB
[runlim] sample:		1150.31 time, 1150.32 real, 687 MB
[runlim] sample:		1160.30 time, 1160.32 real, 687 MB
[runlim] sample:		1170.30 time, 1170.32 real, 687 MB
[runlim] sample:		1180.31 time, 1180.32 real, 687 MB
[runlim] sample:		1190.31 time, 1190.32 real, 687 MB
[runlim] sample:		1200.30 time, 1200.32 real, 687 MB
[runlim] sample:		1210.30 time, 1210.32 real, 687 MB
[runlim] sample:		1220.31 time, 1220.32 real, 687 MB
[runlim] sample:		1230.31 time, 1230.32 real, 687 MB
[runlim] sample:		1240.31 time, 1240.32 real, 687 MB
[runlim] sample:		1250.31 time, 1250.32 real, 687 MB
[runlim] sample:		1260.31 time, 1260.32 real, 687 MB
[runlim] sample:		1270.31 time, 1270.32 real, 687 MB
[runlim] sample:		1280.31 time, 1280.32 real, 687 MB
[runlim] sample:		1290.31 time, 1290.32 real, 687 MB
[runlim] sample:		1300.31 time, 1300.32 real, 687 MB
[runlim] sample:		1310.31 time, 1310.32 real, 689 MB
[runlim] sample:		1320.30 time, 1320.32 real, 690 MB
[runlim] sample:		1330.30 time, 1330.32 real, 692 MB
[runlim] sample:		1340.30 time, 1340.32 real, 694 MB
[runlim] sample:		1350.30 time, 1350.32 real, 695 MB
[runlim] sample:		1360.31 time, 1360.32 real, 697 MB
[runlim] sample:		1370.30 time, 1370.32 real, 698 MB
[runlim] sample:		1380.31 time, 1380.32 real, 700 MB
[runlim] sample:		1390.31 time, 1390.32 real, 701 MB
[runlim] sample:		1400.31 time, 1400.32 real, 702 MB
[runlim] sample:		1410.31 time, 1410.32 real, 703 MB
[runlim] sample:		1420.31 time, 1420.32 real, 705 MB
[runlim] sample:		1430.31 time, 1430.32 real, 706 MB
[runlim] sample:		1440.31 time, 1440.32 real, 707 MB
[runlim] sample:		1450.31 time, 1450.32 real, 709 MB
[runlim] sample:		1460.31 time, 1460.32 real, 710 MB
[runlim] sample:		1470.31 time, 1470.32 real, 711 MB
[runlim] sample:		1480.31 time, 1480.32 real, 712 MB
[runlim] sample:		1490.30 time, 1490.32 real, 713 MB
[runlim] sample:		1500.30 time, 1500.32 real, 715 MB
[runlim] sample:		1510.30 time, 1510.32 real, 716 MB
[runlim] sample:		1520.30 time, 1520.32 real, 717 MB
[runlim] sample:		1530.30 time, 1530.32 real, 718 MB
[runlim] sample:		1540.30 time, 1540.32 real, 736 MB
[runlim] sample:		1550.30 time, 1550.32 real, 736 MB
[runlim] sample:		1560.30 time, 1560.32 real, 736 MB
[runlim] sample:		1570.30 time, 1570.32 real, 736 MB
[runlim] sample:		1580.30 time, 1580.32 real, 736 MB
[runlim] sample:		1590.30 time, 1590.32 real, 736 MB
[runlim] sample:		1600.31 time, 1600.32 real, 736 MB
[runlim] sample:		1610.31 time, 1610.32 real, 736 MB
[runlim] sample:		1620.30 time, 1620.32 real, 736 MB
[runlim] sample:		1630.30 time, 1630.32 real, 736 MB
[runlim] sample:		1640.31 time, 1640.32 real, 736 MB
[runlim] sample:		1650.31 time, 1650.32 real, 736 MB
[runlim] sample:		1660.31 time, 1660.32 real, 736 MB
[runlim] sample:		1670.31 time, 1670.32 real, 736 MB
[runlim] sample:		1680.30 time, 1680.32 real, 736 MB
[runlim] sample:		1690.30 time, 1690.32 real, 736 MB
[runlim] sample:		1700.30 time, 1700.32 real, 736 MB
[runlim] sample:		1710.30 time, 1710.32 real, 736 MB
[runlim] sample:		1720.30 time, 1720.32 real, 736 MB
[runlim] sample:		1730.30 time, 1730.32 real, 736 MB
[runlim] sample:		1740.30 time, 1740.32 real, 736 MB
[runlim] sample:		1750.30 time, 1750.32 real, 736 MB
[runlim] sample:		1760.30 time, 1760.32 real, 736 MB
[runlim] sample:		1770.30 time, 1770.32 real, 736 MB
[runlim] sample:		1780.31 time, 1780.32 real, 736 MB
[runlim] sample:		1790.31 time, 1790.32 real, 736 MB
[runlim] sample:		1800.30 time, 1800.32 real, 736 MB
[runlim] sample:		1810.30 time, 1810.32 real, 736 MB
[runlim] sample:		1820.30 time, 1820.32 real, 736 MB
[runlim] sample:		1830.30 time, 1830.32 real, 736 MB
[runlim] sample:		1840.31 time, 1840.32 real, 736 MB
[runlim] sample:		1850.31 time, 1850.32 real, 736 MB
[runlim] sample:		1860.31 time, 1860.32 real, 736 MB
[runlim] sample:		1870.31 time, 1870.32 real, 736 MB
[runlim] sample:		1880.31 time, 1880.32 real, 736 MB
[runlim] sample:		1890.31 time, 1890.32 real, 736 MB
[runlim] sample:		1900.31 time, 1900.32 real, 736 MB
[runlim] sample:		1910.31 time, 1910.32 real, 736 MB
[runlim] sample:		1920.30 time, 1920.32 real, 736 MB
[runlim] sample:		1930.30 time, 1930.32 real, 736 MB
[runlim] sample:		1940.30 time, 1940.32 real, 736 MB
[runlim] sample:		1950.30 time, 1950.32 real, 736 MB
[runlim] sample:		1960.31 time, 1960.32 real, 736 MB
[runlim] sample:		1970.31 time, 1970.32 real, 736 MB
[runlim] sample:		1980.31 time, 1980.32 real, 736 MB
[runlim] sample:		1990.31 time, 1990.32 real, 736 MB
[runlim] sample:		2000.31 time, 2000.32 real, 736 MB
[runlim] sample:		2010.31 time, 2010.32 real, 736 MB
[runlim] sample:		2020.31 time, 2020.32 real, 736 MB
[runlim] sample:		2030.31 time, 2030.32 real, 736 MB
[runlim] sample:		2040.31 time, 2040.32 real, 736 MB
[runlim] sample:		2050.31 time, 2050.32 real, 736 MB
[runlim] sample:		2060.31 time, 2060.32 real, 736 MB
[runlim] sample:		2070.31 time, 2070.32 real, 736 MB
[runlim] sample:		2080.31 time, 2080.32 real, 736 MB
[runlim] sample:		2090.31 time, 2090.32 real, 736 MB
[runlim] sample:		2100.31 time, 2100.32 real, 736 MB
[runlim] sample:		2110.31 time, 2110.32 real, 736 MB
[runlim] sample:		2120.31 time, 2120.32 real, 736 MB
[runlim] sample:		2130.31 time, 2130.32 real, 736 MB
[runlim] sample:		2140.31 time, 2140.32 real, 736 MB
[runlim] sample:		2150.31 time, 2150.32 real, 736 MB
[runlim] sample:		2160.31 time, 2160.32 real, 736 MB
[runlim] sample:		2170.31 time, 2170.32 real, 736 MB
[runlim] sample:		2180.31 time, 2180.32 real, 736 MB
[runlim] sample:		2190.31 time, 2190.32 real, 736 MB
[runlim] sample:		2200.30 time, 2200.32 real, 736 MB
[runlim] sample:		2210.30 time, 2210.32 real, 736 MB
[runlim] sample:		2220.30 time, 2220.32 real, 736 MB
[runlim] sample:		2230.30 time, 2230.32 real, 736 MB
[runlim] sample:		2240.31 time, 2240.32 real, 736 MB
[runlim] sample:		2250.31 time, 2250.32 real, 736 MB
[runlim] sample:		2260.31 time, 2260.32 real, 736 MB
[runlim] sample:		2270.31 time, 2270.32 real, 736 MB
[runlim] sample:		2280.31 time, 2280.32 real, 736 MB
[runlim] sample:		2290.31 time, 2290.32 real, 736 MB
[runlim] sample:		2300.31 time, 2300.32 real, 736 MB
[runlim] sample:		2310.31 time, 2310.32 real, 736 MB
[runlim] sample:		2320.31 time, 2320.32 real, 736 MB
[runlim] sample:		2330.31 time, 2330.32 real, 736 MB
[runlim] sample:		2340.31 time, 2340.32 real, 736 MB
[runlim] sample:		2350.31 time, 2350.32 real, 736 MB
[runlim] sample:		2360.31 time, 2360.32 real, 736 MB
[runlim] sample:		2370.31 time, 2370.32 real, 736 MB
[runlim] sample:		2380.31 time, 2380.32 real, 736 MB
[runlim] sample:		2390.31 time, 2390.32 real, 736 MB
[runlim] sample:		2400.31 time, 2400.32 real, 775 MB
[runlim] sample:		2410.31 time, 2410.32 real, 811 MB
[runlim] sample:		2420.31 time, 2420.32 real, 811 MB
[runlim] sample:		2430.31 time, 2430.32 real, 811 MB
[runlim] sample:		2440.31 time, 2440.32 real, 811 MB
[runlim] sample:		2450.31 time, 2450.32 real, 811 MB
[runlim] sample:		2460.31 time, 2460.32 real, 811 MB
[runlim] sample:		2470.31 time, 2470.32 real, 811 MB
[runlim] sample:		2480.31 time, 2480.32 real, 817 MB
[runlim] sample:		2490.31 time, 2490.32 real, 856 MB
[runlim] sample:		2500.31 time, 2500.32 real, 856 MB
[runlim] sample:		2510.31 time, 2510.32 real, 857 MB
[runlim] sample:		2520.31 time, 2520.32 real, 857 MB
[runlim] sample:		2530.31 time, 2530.32 real, 857 MB
[runlim] sample:		2540.31 time, 2540.32 real, 859 MB
[runlim] sample:		2550.31 time, 2550.32 real, 860 MB
[runlim] sample:		2560.31 time, 2560.32 real, 881 MB
[runlim] sample:		2570.31 time, 2570.32 real, 881 MB
[runlim] sample:		2580.31 time, 2580.32 real, 881 MB
[runlim] sample:		2590.31 time, 2590.32 real, 881 MB
[runlim] sample:		2600.31 time, 2600.32 real, 881 MB
[runlim] sample:		2610.31 time, 2610.32 real, 881 MB
[runlim] sample:		2620.31 time, 2620.32 real, 881 MB
[runlim] sample:		2630.31 time, 2630.32 real, 881 MB
[runlim] sample:		2640.31 time, 2640.32 real, 881 MB
[runlim] sample:		2650.31 time, 2650.32 real, 881 MB
[runlim] sample:		2660.31 time, 2660.32 real, 881 MB
[runlim] sample:		2670.31 time, 2670.32 real, 881 MB
[runlim] sample:		2680.31 time, 2680.32 real, 881 MB
[runlim] sample:		2690.31 time, 2690.32 real, 881 MB
[runlim] end:			Sat Feb 29 07:57:54 2020
[runlim] status:		out of time
[runlim] result:		2
[runlim] children:		1
[runlim] real:			2700.12 seconds
[runlim] time:			2700.01 seconds
[runlim] space:			881 MB
[runlim] samples:		26997
