[runlim] version:		1.18
[runlim] host:			c3n20
[runlim] time limit:		2700 seconds
[runlim] real time limit:	2700 seconds
[runlim] space limit:		7000 MB
[runlim] argv[0]:		./binary
[runlim] argv[1]:		/data/cnf/ankit/E1-A1-instances/sortnetsort8.v.stepl.008.qdimacs
[runlim] start:			Sat Feb 29 07:12:52 2020
[runlim] child:			20166
[runlim] sample:		10.11 time, 10.12 real, 33 MB
[runlim] sample:		20.10 time, 20.12 real, 34 MB
[runlim] sample:		30.11 time, 30.12 real, 50 MB
[runlim] sample:		40.10 time, 40.12 real, 81 MB
[runlim] sample:		50.11 time, 50.12 real, 102 MB
[runlim] sample:		60.10 time, 60.12 real, 115 MB
[runlim] sample:		70.10 time, 70.12 real, 127 MB
[runlim] sample:		80.10 time, 80.12 real, 163 MB
[runlim] sample:		90.10 time, 90.12 real, 167 MB
[runlim] sample:		100.11 time, 100.12 real, 197 MB
[runlim] sample:		110.10 time, 110.12 real, 234 MB
[runlim] sample:		120.09 time, 120.12 real, 248 MB
[runlim] sample:		130.10 time, 130.12 real, 281 MB
[runlim] sample:		140.10 time, 140.12 real, 286 MB
[runlim] sample:		150.10 time, 150.12 real, 291 MB
[runlim] sample:		160.10 time, 160.12 real, 295 MB
[runlim] sample:		170.10 time, 170.12 real, 304 MB
[runlim] sample:		180.10 time, 180.12 real, 342 MB
[runlim] sample:		190.10 time, 190.12 real, 342 MB
[runlim] sample:		200.10 time, 200.12 real, 342 MB
[runlim] sample:		210.09 time, 210.12 real, 345 MB
[runlim] sample:		220.10 time, 220.12 real, 351 MB
[runlim] sample:		230.10 time, 230.12 real, 390 MB
[runlim] sample:		240.11 time, 240.12 real, 402 MB
[runlim] sample:		250.09 time, 250.12 real, 417 MB
[runlim] sample:		260.10 time, 260.12 real, 454 MB
[runlim] sample:		270.09 time, 270.12 real, 469 MB
[runlim] sample:		280.10 time, 280.12 real, 486 MB
[runlim] sample:		290.09 time, 290.12 real, 486 MB
[runlim] sample:		300.09 time, 300.12 real, 486 MB
[runlim] sample:		310.09 time, 310.12 real, 486 MB
[runlim] sample:		320.09 time, 320.12 real, 486 MB
[runlim] sample:		330.09 time, 330.12 real, 486 MB
[runlim] sample:		340.09 time, 340.12 real, 486 MB
[runlim] sample:		350.28 time, 350.31 real, 486 MB
[runlim] sample:		360.09 time, 360.12 real, 486 MB
[runlim] sample:		370.09 time, 370.12 real, 486 MB
[runlim] sample:		380.09 time, 380.12 real, 486 MB
[runlim] sample:		390.09 time, 390.12 real, 486 MB
[runlim] sample:		400.09 time, 400.12 real, 486 MB
[runlim] sample:		410.09 time, 410.12 real, 486 MB
[runlim] sample:		420.09 time, 420.12 real, 486 MB
[runlim] sample:		430.09 time, 430.12 real, 487 MB
[runlim] sample:		440.09 time, 440.12 real, 489 MB
[runlim] sample:		450.29 time, 450.32 real, 491 MB
[runlim] sample:		460.29 time, 460.32 real, 493 MB
[runlim] sample:		470.30 time, 470.32 real, 494 MB
[runlim] sample:		480.30 time, 480.32 real, 496 MB
[runlim] sample:		490.30 time, 490.32 real, 497 MB
[runlim] sample:		500.30 time, 500.32 real, 499 MB
[runlim] sample:		510.30 time, 510.32 real, 500 MB
[runlim] sample:		520.30 time, 520.32 real, 502 MB
[runlim] sample:		530.29 time, 530.32 real, 503 MB
[runlim] sample:		540.29 time, 540.32 real, 505 MB
[runlim] sample:		550.29 time, 550.32 real, 506 MB
[runlim] sample:		560.30 time, 560.32 real, 508 MB
[runlim] sample:		570.30 time, 570.32 real, 509 MB
[runlim] sample:		580.30 time, 580.32 real, 510 MB
[runlim] sample:		590.30 time, 590.32 real, 512 MB
[runlim] sample:		600.30 time, 600.32 real, 513 MB
[runlim] sample:		610.30 time, 610.32 real, 514 MB
[runlim] sample:		620.30 time, 620.32 real, 516 MB
[runlim] sample:		630.30 time, 630.32 real, 517 MB
[runlim] sample:		640.30 time, 640.32 real, 518 MB
[runlim] sample:		650.29 time, 650.32 real, 519 MB
[runlim] sample:		660.29 time, 660.32 real, 521 MB
[runlim] sample:		670.29 time, 670.32 real, 522 MB
[runlim] sample:		680.30 time, 680.32 real, 523 MB
[runlim] sample:		690.30 time, 690.32 real, 524 MB
[runlim] sample:		700.30 time, 700.32 real, 525 MB
[runlim] sample:		710.30 time, 710.32 real, 527 MB
[runlim] sample:		720.29 time, 720.32 real, 614 MB
[runlim] sample:		730.29 time, 730.32 real, 614 MB
[runlim] sample:		740.29 time, 740.32 real, 614 MB
[runlim] sample:		750.29 time, 750.32 real, 614 MB
[runlim] sample:		760.30 time, 760.32 real, 621 MB
[runlim] sample:		770.29 time, 770.32 real, 627 MB
[runlim] sample:		780.29 time, 780.32 real, 631 MB
[runlim] sample:		790.29 time, 790.32 real, 637 MB
[runlim] sample:		800.29 time, 800.32 real, 641 MB
[runlim] sample:		810.29 time, 810.32 real, 645 MB
[runlim] sample:		820.29 time, 820.32 real, 649 MB
[runlim] sample:		830.29 time, 830.32 real, 653 MB
[runlim] sample:		840.29 time, 840.32 real, 656 MB
[runlim] sample:		850.29 time, 850.32 real, 660 MB
[runlim] sample:		860.29 time, 860.32 real, 663 MB
[runlim] sample:		870.29 time, 870.32 real, 666 MB
[runlim] sample:		880.29 time, 880.32 real, 670 MB
[runlim] sample:		890.29 time, 890.32 real, 672 MB
[runlim] sample:		900.29 time, 900.32 real, 675 MB
[runlim] sample:		910.29 time, 910.32 real, 677 MB
[runlim] sample:		920.28 time, 920.32 real, 679 MB
[runlim] sample:		930.28 time, 930.32 real, 681 MB
[runlim] sample:		940.29 time, 940.32 real, 683 MB
[runlim] sample:		950.29 time, 950.32 real, 685 MB
[runlim] sample:		960.29 time, 960.32 real, 687 MB
[runlim] sample:		970.29 time, 970.32 real, 688 MB
[runlim] sample:		980.29 time, 980.32 real, 690 MB
[runlim] sample:		990.29 time, 990.32 real, 692 MB
[runlim] sample:		1000.29 time, 1000.32 real, 708 MB
[runlim] sample:		1010.28 time, 1010.32 real, 765 MB
[runlim] sample:		1020.28 time, 1020.32 real, 765 MB
[runlim] sample:		1030.28 time, 1030.32 real, 765 MB
[runlim] sample:		1040.28 time, 1040.32 real, 765 MB
[runlim] sample:		1050.28 time, 1050.32 real, 765 MB
[runlim] sample:		1060.28 time, 1060.32 real, 765 MB
[runlim] sample:		1070.28 time, 1070.32 real, 765 MB
[runlim] sample:		1080.28 time, 1080.32 real, 765 MB
[runlim] sample:		1090.28 time, 1090.32 real, 765 MB
[runlim] sample:		1100.28 time, 1100.32 real, 765 MB
[runlim] sample:		1110.28 time, 1110.32 real, 765 MB
[runlim] sample:		1120.28 time, 1120.32 real, 765 MB
[runlim] sample:		1130.28 time, 1130.32 real, 765 MB
[runlim] sample:		1140.28 time, 1140.32 real, 765 MB
[runlim] sample:		1150.28 time, 1150.32 real, 765 MB
[runlim] sample:		1160.28 time, 1160.32 real, 767 MB
[runlim] sample:		1170.29 time, 1170.32 real, 770 MB
[runlim] sample:		1180.28 time, 1180.32 real, 773 MB
[runlim] sample:		1190.29 time, 1190.32 real, 776 MB
[runlim] sample:		1200.29 time, 1200.32 real, 778 MB
[runlim] sample:		1210.29 time, 1210.32 real, 782 MB
[runlim] sample:		1220.29 time, 1220.32 real, 785 MB
[runlim] sample:		1230.29 time, 1230.32 real, 788 MB
[runlim] sample:		1240.28 time, 1240.32 real, 790 MB
[runlim] sample:		1250.29 time, 1250.32 real, 803 MB
[runlim] sample:		1260.29 time, 1260.32 real, 803 MB
[runlim] sample:		1270.29 time, 1270.32 real, 804 MB
[runlim] sample:		1280.29 time, 1280.32 real, 806 MB
[runlim] sample:		1290.29 time, 1290.32 real, 809 MB
[runlim] sample:		1300.28 time, 1300.32 real, 811 MB
[runlim] sample:		1310.28 time, 1310.32 real, 814 MB
[runlim] sample:		1320.29 time, 1320.32 real, 817 MB
[runlim] sample:		1330.28 time, 1330.32 real, 819 MB
[runlim] sample:		1340.28 time, 1340.32 real, 821 MB
[runlim] sample:		1350.29 time, 1350.32 real, 823 MB
[runlim] sample:		1360.28 time, 1360.32 real, 825 MB
[runlim] sample:		1370.29 time, 1370.32 real, 827 MB
[runlim] sample:		1380.28 time, 1380.32 real, 829 MB
[runlim] sample:		1390.28 time, 1390.32 real, 832 MB
[runlim] sample:		1400.29 time, 1400.32 real, 834 MB
[runlim] sample:		1410.29 time, 1410.32 real, 836 MB
[runlim] sample:		1420.28 time, 1420.32 real, 838 MB
[runlim] sample:		1430.28 time, 1430.32 real, 840 MB
[runlim] sample:		1440.28 time, 1440.32 real, 842 MB
[runlim] sample:		1450.28 time, 1450.32 real, 844 MB
[runlim] sample:		1460.28 time, 1460.32 real, 845 MB
[runlim] sample:		1470.28 time, 1470.32 real, 847 MB
[runlim] sample:		1480.28 time, 1480.32 real, 849 MB
[runlim] sample:		1490.29 time, 1490.32 real, 850 MB
[runlim] sample:		1500.28 time, 1500.32 real, 851 MB
[runlim] sample:		1510.28 time, 1510.32 real, 853 MB
[runlim] sample:		1520.28 time, 1520.32 real, 854 MB
[runlim] sample:		1530.28 time, 1530.32 real, 855 MB
[runlim] sample:		1540.28 time, 1540.32 real, 857 MB
[runlim] sample:		1550.28 time, 1550.32 real, 858 MB
[runlim] sample:		1560.28 time, 1560.32 real, 860 MB
[runlim] sample:		1570.28 time, 1570.32 real, 861 MB
[runlim] sample:		1580.28 time, 1580.32 real, 862 MB
[runlim] sample:		1590.28 time, 1590.32 real, 863 MB
[runlim] sample:		1600.28 time, 1600.32 real, 865 MB
[runlim] sample:		1610.28 time, 1610.32 real, 866 MB
[runlim] sample:		1620.28 time, 1620.32 real, 867 MB
[runlim] sample:		1630.28 time, 1630.32 real, 868 MB
[runlim] sample:		1640.28 time, 1640.32 real, 870 MB
[runlim] sample:		1650.28 time, 1650.32 real, 904 MB
[runlim] sample:		1660.28 time, 1660.32 real, 904 MB
[runlim] sample:		1670.28 time, 1670.32 real, 904 MB
[runlim] sample:		1680.28 time, 1680.32 real, 904 MB
[runlim] sample:		1690.28 time, 1690.32 real, 904 MB
[runlim] sample:		1700.28 time, 1700.32 real, 904 MB
[runlim] sample:		1710.28 time, 1710.32 real, 904 MB
[runlim] sample:		1720.28 time, 1720.32 real, 904 MB
[runlim] sample:		1730.28 time, 1730.32 real, 904 MB
[runlim] sample:		1740.28 time, 1740.32 real, 904 MB
[runlim] sample:		1750.28 time, 1750.32 real, 904 MB
[runlim] sample:		1760.28 time, 1760.32 real, 904 MB
[runlim] sample:		1770.28 time, 1770.32 real, 904 MB
[runlim] sample:		1780.28 time, 1780.32 real, 904 MB
[runlim] sample:		1790.28 time, 1790.32 real, 904 MB
[runlim] sample:		1800.28 time, 1800.32 real, 904 MB
[runlim] sample:		1810.28 time, 1810.32 real, 904 MB
[runlim] sample:		1820.28 time, 1820.32 real, 904 MB
[runlim] sample:		1830.28 time, 1830.32 real, 904 MB
[runlim] sample:		1840.28 time, 1840.32 real, 904 MB
[runlim] sample:		1850.28 time, 1850.32 real, 904 MB
[runlim] sample:		1860.28 time, 1860.32 real, 904 MB
[runlim] sample:		1870.28 time, 1870.32 real, 904 MB
[runlim] sample:		1880.28 time, 1880.32 real, 904 MB
[runlim] sample:		1890.28 time, 1890.32 real, 904 MB
[runlim] sample:		1900.28 time, 1900.32 real, 904 MB
[runlim] sample:		1910.28 time, 1910.32 real, 904 MB
[runlim] sample:		1920.28 time, 1920.32 real, 904 MB
[runlim] sample:		1930.28 time, 1930.32 real, 904 MB
[runlim] sample:		1940.28 time, 1940.32 real, 904 MB
[runlim] sample:		1950.28 time, 1950.32 real, 904 MB
[runlim] sample:		1960.28 time, 1960.32 real, 904 MB
[runlim] sample:		1970.28 time, 1970.32 real, 904 MB
[runlim] sample:		1980.28 time, 1980.32 real, 904 MB
[runlim] sample:		1990.28 time, 1990.32 real, 904 MB
[runlim] sample:		2000.28 time, 2000.32 real, 904 MB
[runlim] sample:		2010.28 time, 2010.32 real, 904 MB
[runlim] sample:		2020.28 time, 2020.32 real, 904 MB
[runlim] sample:		2030.28 time, 2030.32 real, 904 MB
[runlim] sample:		2040.28 time, 2040.32 real, 904 MB
[runlim] sample:		2050.28 time, 2050.32 real, 904 MB
[runlim] sample:		2060.28 time, 2060.32 real, 904 MB
[runlim] sample:		2070.28 time, 2070.32 real, 904 MB
[runlim] sample:		2080.28 time, 2080.32 real, 904 MB
[runlim] sample:		2090.28 time, 2090.32 real, 904 MB
[runlim] sample:		2100.28 time, 2100.32 real, 904 MB
[runlim] sample:		2110.28 time, 2110.32 real, 904 MB
[runlim] sample:		2120.28 time, 2120.32 real, 904 MB
[runlim] sample:		2130.28 time, 2130.32 real, 904 MB
[runlim] sample:		2140.28 time, 2140.32 real, 904 MB
[runlim] sample:		2150.28 time, 2150.32 real, 904 MB
[runlim] sample:		2160.28 time, 2160.32 real, 904 MB
[runlim] sample:		2170.28 time, 2170.32 real, 904 MB
[runlim] sample:		2180.28 time, 2180.32 real, 904 MB
[runlim] sample:		2190.28 time, 2190.32 real, 904 MB
[runlim] sample:		2200.28 time, 2200.32 real, 904 MB
[runlim] sample:		2210.28 time, 2210.32 real, 904 MB
[runlim] sample:		2220.28 time, 2220.32 real, 904 MB
[runlim] sample:		2230.28 time, 2230.32 real, 904 MB
[runlim] sample:		2240.28 time, 2240.32 real, 904 MB
[runlim] sample:		2250.28 time, 2250.32 real, 904 MB
[runlim] sample:		2260.28 time, 2260.32 real, 904 MB
[runlim] sample:		2270.28 time, 2270.32 real, 904 MB
[runlim] sample:		2280.28 time, 2280.32 real, 904 MB
[runlim] sample:		2290.28 time, 2290.32 real, 904 MB
[runlim] sample:		2300.28 time, 2300.32 real, 904 MB
[runlim] sample:		2310.28 time, 2310.32 real, 904 MB
[runlim] sample:		2320.28 time, 2320.32 real, 904 MB
[runlim] sample:		2330.28 time, 2330.32 real, 904 MB
[runlim] sample:		2340.28 time, 2340.32 real, 904 MB
[runlim] sample:		2350.28 time, 2350.32 real, 904 MB
[runlim] sample:		2360.28 time, 2360.32 real, 904 MB
[runlim] sample:		2370.28 time, 2370.32 real, 904 MB
[runlim] sample:		2380.28 time, 2380.32 real, 904 MB
[runlim] sample:		2390.28 time, 2390.32 real, 904 MB
[runlim] sample:		2400.28 time, 2400.32 real, 904 MB
[runlim] sample:		2410.28 time, 2410.32 real, 904 MB
[runlim] sample:		2420.28 time, 2420.32 real, 904 MB
[runlim] sample:		2430.28 time, 2430.32 real, 904 MB
[runlim] sample:		2440.28 time, 2440.32 real, 904 MB
[runlim] sample:		2450.28 time, 2450.32 real, 904 MB
[runlim] sample:		2460.27 time, 2460.32 real, 904 MB
[runlim] sample:		2470.27 time, 2470.32 real, 904 MB
[runlim] sample:		2480.27 time, 2480.32 real, 904 MB
[runlim] sample:		2490.27 time, 2490.32 real, 904 MB
[runlim] sample:		2500.27 time, 2500.32 real, 904 MB
[runlim] sample:		2510.27 time, 2510.32 real, 904 MB
[runlim] sample:		2520.27 time, 2520.32 real, 904 MB
[runlim] sample:		2530.27 time, 2530.32 real, 904 MB
[runlim] sample:		2540.27 time, 2540.32 real, 904 MB
[runlim] sample:		2550.27 time, 2550.32 real, 904 MB
[runlim] sample:		2560.27 time, 2560.32 real, 904 MB
[runlim] sample:		2570.27 time, 2570.32 real, 904 MB
[runlim] sample:		2580.27 time, 2580.32 real, 904 MB
[runlim] sample:		2590.27 time, 2590.32 real, 904 MB
[runlim] sample:		2600.27 time, 2600.32 real, 904 MB
[runlim] sample:		2610.27 time, 2610.32 real, 904 MB
[runlim] sample:		2620.27 time, 2620.32 real, 904 MB
[runlim] sample:		2630.27 time, 2630.32 real, 904 MB
[runlim] sample:		2640.27 time, 2640.32 real, 904 MB
[runlim] sample:		2650.27 time, 2650.32 real, 904 MB
[runlim] sample:		2660.27 time, 2660.32 real, 904 MB
[runlim] sample:		2670.27 time, 2670.32 real, 904 MB
[runlim] sample:		2680.27 time, 2680.32 real, 904 MB
[runlim] sample:		2690.27 time, 2690.32 real, 904 MB
[runlim] end:			Sat Feb 29 07:57:52 2020
[runlim] status:		out of time
[runlim] result:		2
[runlim] children:		1
[runlim] real:			2700.11 seconds
[runlim] time:			2699.97 seconds
[runlim] space:			904 MB
[runlim] samples:		26997
