[runlim] version:		1.18
[runlim] host:			c3n20
[runlim] time limit:		2700 seconds
[runlim] real time limit:	2700 seconds
[runlim] space limit:		7000 MB
[runlim] argv[0]:		./binary
[runlim] argv[1]:		/data/cnf/ankit/E1-A1-instances/sortnetsort8.v.stepl.005.qdimacs
[runlim] start:			Sat Feb 29 07:12:52 2020
[runlim] child:			20095
[runlim] sample:		10.10 time, 10.12 real, 53 MB
[runlim] sample:		20.11 time, 20.12 real, 73 MB
[runlim] sample:		30.11 time, 30.12 real, 88 MB
[runlim] sample:		40.11 time, 40.12 real, 107 MB
[runlim] sample:		50.10 time, 50.12 real, 114 MB
[runlim] sample:		60.10 time, 60.12 real, 149 MB
[runlim] sample:		70.10 time, 70.12 real, 178 MB
[runlim] sample:		80.10 time, 80.12 real, 179 MB
[runlim] sample:		90.10 time, 90.12 real, 209 MB
[runlim] sample:		100.10 time, 100.12 real, 236 MB
[runlim] sample:		110.10 time, 110.12 real, 290 MB
[runlim] sample:		120.10 time, 120.12 real, 289 MB
[runlim] sample:		130.10 time, 130.12 real, 297 MB
[runlim] sample:		140.10 time, 140.12 real, 303 MB
[runlim] sample:		150.10 time, 150.12 real, 313 MB
[runlim] sample:		160.10 time, 160.12 real, 353 MB
[runlim] sample:		170.10 time, 170.12 real, 362 MB
[runlim] sample:		180.10 time, 180.12 real, 369 MB
[runlim] sample:		190.09 time, 190.12 real, 375 MB
[runlim] sample:		200.10 time, 200.12 real, 379 MB
[runlim] sample:		210.10 time, 210.12 real, 384 MB
[runlim] sample:		220.10 time, 220.12 real, 389 MB
[runlim] sample:		230.09 time, 230.12 real, 393 MB
[runlim] sample:		240.10 time, 240.12 real, 407 MB
[runlim] sample:		250.10 time, 250.12 real, 407 MB
[runlim] sample:		260.10 time, 260.12 real, 407 MB
[runlim] sample:		270.10 time, 270.12 real, 407 MB
[runlim] sample:		280.10 time, 280.12 real, 407 MB
[runlim] sample:		290.10 time, 290.12 real, 407 MB
[runlim] sample:		300.10 time, 300.12 real, 407 MB
[runlim] sample:		310.10 time, 310.12 real, 407 MB
[runlim] sample:		320.10 time, 320.12 real, 407 MB
[runlim] sample:		330.10 time, 330.12 real, 407 MB
[runlim] sample:		340.10 time, 340.12 real, 407 MB
[runlim] sample:		350.12 time, 350.13 real, 407 MB
[runlim] sample:		360.20 time, 360.22 real, 407 MB
[runlim] sample:		370.20 time, 370.22 real, 407 MB
[runlim] sample:		380.20 time, 380.22 real, 407 MB
[runlim] sample:		390.20 time, 390.22 real, 407 MB
[runlim] sample:		400.20 time, 400.22 real, 407 MB
[runlim] sample:		410.20 time, 410.22 real, 407 MB
[runlim] sample:		420.20 time, 420.22 real, 407 MB
[runlim] sample:		430.20 time, 430.22 real, 407 MB
[runlim] sample:		440.20 time, 440.22 real, 409 MB
[runlim] sample:		450.40 time, 450.42 real, 412 MB
[runlim] sample:		460.40 time, 460.42 real, 414 MB
[runlim] sample:		470.40 time, 470.42 real, 416 MB
[runlim] sample:		480.40 time, 480.42 real, 418 MB
[runlim] sample:		490.40 time, 490.42 real, 420 MB
[runlim] sample:		500.39 time, 500.42 real, 422 MB
[runlim] sample:		510.39 time, 510.42 real, 423 MB
[runlim] sample:		520.40 time, 520.42 real, 425 MB
[runlim] sample:		530.40 time, 530.42 real, 427 MB
[runlim] sample:		540.40 time, 540.42 real, 428 MB
[runlim] sample:		550.40 time, 550.42 real, 430 MB
[runlim] sample:		560.39 time, 560.42 real, 431 MB
[runlim] sample:		570.40 time, 570.42 real, 433 MB
[runlim] sample:		580.39 time, 580.42 real, 434 MB
[runlim] sample:		590.39 time, 590.42 real, 436 MB
[runlim] sample:		600.39 time, 600.42 real, 437 MB
[runlim] sample:		610.39 time, 610.42 real, 439 MB
[runlim] sample:		620.39 time, 620.42 real, 440 MB
[runlim] sample:		630.40 time, 630.42 real, 442 MB
[runlim] sample:		640.40 time, 640.42 real, 443 MB
[runlim] sample:		650.39 time, 650.42 real, 445 MB
[runlim] sample:		660.39 time, 660.42 real, 446 MB
[runlim] sample:		670.39 time, 670.42 real, 447 MB
[runlim] sample:		680.40 time, 680.42 real, 449 MB
[runlim] sample:		690.39 time, 690.42 real, 450 MB
[runlim] sample:		700.39 time, 700.42 real, 452 MB
[runlim] sample:		710.40 time, 710.42 real, 453 MB
[runlim] sample:		720.39 time, 720.42 real, 454 MB
[runlim] sample:		730.39 time, 730.42 real, 456 MB
[runlim] sample:		740.39 time, 740.42 real, 457 MB
[runlim] sample:		750.39 time, 750.42 real, 458 MB
[runlim] sample:		760.39 time, 760.42 real, 525 MB
[runlim] sample:		770.39 time, 770.42 real, 525 MB
[runlim] sample:		780.39 time, 780.42 real, 525 MB
[runlim] sample:		790.39 time, 790.42 real, 525 MB
[runlim] sample:		800.39 time, 800.42 real, 525 MB
[runlim] sample:		810.39 time, 810.42 real, 525 MB
[runlim] sample:		820.39 time, 820.42 real, 525 MB
[runlim] sample:		830.39 time, 830.42 real, 525 MB
[runlim] sample:		840.39 time, 840.42 real, 525 MB
[runlim] sample:		850.39 time, 850.42 real, 525 MB
[runlim] sample:		860.39 time, 860.42 real, 525 MB
[runlim] sample:		870.39 time, 870.42 real, 525 MB
[runlim] sample:		880.39 time, 880.42 real, 525 MB
[runlim] sample:		890.39 time, 890.42 real, 525 MB
[runlim] sample:		900.39 time, 900.42 real, 525 MB
[runlim] sample:		910.39 time, 910.42 real, 525 MB
[runlim] sample:		920.39 time, 920.42 real, 525 MB
[runlim] sample:		930.39 time, 930.42 real, 525 MB
[runlim] sample:		940.39 time, 940.42 real, 525 MB
[runlim] sample:		950.39 time, 950.42 real, 525 MB
[runlim] sample:		960.39 time, 960.42 real, 525 MB
[runlim] sample:		970.39 time, 970.42 real, 525 MB
[runlim] sample:		980.39 time, 980.42 real, 525 MB
[runlim] sample:		990.39 time, 990.42 real, 525 MB
[runlim] sample:		1000.39 time, 1000.42 real, 525 MB
[runlim] sample:		1010.39 time, 1010.42 real, 526 MB
[runlim] sample:		1020.39 time, 1020.42 real, 609 MB
[runlim] sample:		1030.39 time, 1030.42 real, 609 MB
[runlim] sample:		1040.39 time, 1040.42 real, 609 MB
[runlim] sample:		1050.39 time, 1050.42 real, 609 MB
[runlim] sample:		1060.39 time, 1060.42 real, 609 MB
[runlim] sample:		1070.39 time, 1070.42 real, 609 MB
[runlim] sample:		1080.39 time, 1080.42 real, 611 MB
[runlim] sample:		1090.39 time, 1090.42 real, 614 MB
[runlim] sample:		1100.39 time, 1100.42 real, 617 MB
[runlim] sample:		1110.39 time, 1110.42 real, 620 MB
[runlim] sample:		1120.39 time, 1120.42 real, 623 MB
[runlim] sample:		1130.39 time, 1130.42 real, 626 MB
[runlim] sample:		1140.39 time, 1140.42 real, 628 MB
[runlim] sample:		1150.39 time, 1150.42 real, 631 MB
[runlim] sample:		1160.39 time, 1160.42 real, 633 MB
[runlim] sample:		1170.39 time, 1170.42 real, 636 MB
[runlim] sample:		1180.39 time, 1180.42 real, 638 MB
[runlim] sample:		1190.39 time, 1190.42 real, 640 MB
[runlim] sample:		1200.39 time, 1200.42 real, 642 MB
[runlim] sample:		1210.39 time, 1210.42 real, 645 MB
[runlim] sample:		1220.39 time, 1220.42 real, 647 MB
[runlim] sample:		1230.39 time, 1230.42 real, 649 MB
[runlim] sample:		1240.38 time, 1240.42 real, 651 MB
[runlim] sample:		1250.38 time, 1250.42 real, 653 MB
[runlim] sample:		1260.39 time, 1260.42 real, 654 MB
[runlim] sample:		1270.39 time, 1270.42 real, 656 MB
[runlim] sample:		1280.38 time, 1280.42 real, 658 MB
[runlim] sample:		1290.38 time, 1290.42 real, 660 MB
[runlim] sample:		1300.38 time, 1300.42 real, 661 MB
[runlim] sample:		1310.38 time, 1310.42 real, 663 MB
[runlim] sample:		1320.38 time, 1320.42 real, 665 MB
[runlim] sample:		1330.38 time, 1330.42 real, 666 MB
[runlim] sample:		1340.38 time, 1340.42 real, 668 MB
[runlim] sample:		1350.39 time, 1350.42 real, 670 MB
[runlim] sample:		1360.38 time, 1360.42 real, 672 MB
[runlim] sample:		1370.39 time, 1370.42 real, 685 MB
[runlim] sample:		1380.39 time, 1380.42 real, 765 MB
[runlim] sample:		1390.39 time, 1390.42 real, 765 MB
[runlim] sample:		1400.39 time, 1400.42 real, 765 MB
[runlim] sample:		1410.39 time, 1410.42 real, 765 MB
[runlim] sample:		1420.39 time, 1420.42 real, 765 MB
[runlim] sample:		1430.39 time, 1430.42 real, 765 MB
[runlim] sample:		1440.39 time, 1440.42 real, 765 MB
[runlim] sample:		1450.39 time, 1450.42 real, 765 MB
[runlim] sample:		1460.39 time, 1460.42 real, 765 MB
[runlim] sample:		1470.39 time, 1470.42 real, 765 MB
[runlim] sample:		1480.39 time, 1480.42 real, 765 MB
[runlim] sample:		1490.39 time, 1490.42 real, 765 MB
[runlim] sample:		1500.39 time, 1500.42 real, 765 MB
[runlim] sample:		1510.39 time, 1510.42 real, 765 MB
[runlim] sample:		1520.39 time, 1520.42 real, 765 MB
[runlim] sample:		1530.39 time, 1530.42 real, 768 MB
[runlim] sample:		1540.39 time, 1540.42 real, 770 MB
[runlim] sample:		1550.39 time, 1550.42 real, 773 MB
[runlim] sample:		1560.39 time, 1560.42 real, 776 MB
[runlim] sample:		1570.39 time, 1570.42 real, 778 MB
[runlim] sample:		1580.39 time, 1580.42 real, 781 MB
[runlim] sample:		1590.39 time, 1590.42 real, 784 MB
[runlim] sample:		1600.38 time, 1600.42 real, 786 MB
[runlim] sample:		1610.38 time, 1610.42 real, 788 MB
[runlim] sample:		1620.38 time, 1620.42 real, 789 MB
[runlim] sample:		1630.38 time, 1630.42 real, 790 MB
[runlim] sample:		1640.38 time, 1640.42 real, 792 MB
[runlim] sample:		1650.38 time, 1650.42 real, 806 MB
[runlim] sample:		1660.38 time, 1660.42 real, 806 MB
[runlim] sample:		1670.38 time, 1670.42 real, 806 MB
[runlim] sample:		1680.38 time, 1680.42 real, 807 MB
[runlim] sample:		1690.38 time, 1690.42 real, 809 MB
[runlim] sample:		1700.38 time, 1700.42 real, 810 MB
[runlim] sample:		1710.38 time, 1710.42 real, 812 MB
[runlim] sample:		1720.38 time, 1720.42 real, 813 MB
[runlim] sample:		1730.38 time, 1730.42 real, 814 MB
[runlim] sample:		1740.38 time, 1740.42 real, 816 MB
[runlim] sample:		1750.38 time, 1750.42 real, 817 MB
[runlim] sample:		1760.38 time, 1760.42 real, 818 MB
[runlim] sample:		1770.38 time, 1770.42 real, 820 MB
[runlim] sample:		1780.38 time, 1780.42 real, 822 MB
[runlim] sample:		1790.38 time, 1790.42 real, 824 MB
[runlim] sample:		1800.38 time, 1800.42 real, 826 MB
[runlim] sample:		1810.38 time, 1810.42 real, 828 MB
[runlim] sample:		1820.38 time, 1820.42 real, 830 MB
[runlim] sample:		1830.38 time, 1830.42 real, 832 MB
[runlim] sample:		1840.38 time, 1840.42 real, 834 MB
[runlim] sample:		1850.38 time, 1850.42 real, 836 MB
[runlim] sample:		1860.38 time, 1860.42 real, 838 MB
[runlim] sample:		1870.38 time, 1870.42 real, 840 MB
[runlim] sample:		1880.38 time, 1880.42 real, 841 MB
[runlim] sample:		1890.38 time, 1890.42 real, 913 MB
[runlim] sample:		1900.38 time, 1900.42 real, 956 MB
[runlim] sample:		1910.38 time, 1910.42 real, 956 MB
[runlim] sample:		1920.38 time, 1920.42 real, 956 MB
[runlim] sample:		1930.38 time, 1930.42 real, 956 MB
[runlim] sample:		1940.38 time, 1940.42 real, 956 MB
[runlim] sample:		1950.38 time, 1950.42 real, 956 MB
[runlim] sample:		1960.38 time, 1960.42 real, 956 MB
[runlim] sample:		1970.38 time, 1970.42 real, 956 MB
[runlim] sample:		1980.38 time, 1980.42 real, 956 MB
[runlim] sample:		1990.38 time, 1990.42 real, 956 MB
[runlim] sample:		2000.38 time, 2000.42 real, 956 MB
[runlim] sample:		2010.38 time, 2010.42 real, 956 MB
[runlim] sample:		2020.38 time, 2020.42 real, 956 MB
[runlim] sample:		2030.38 time, 2030.42 real, 956 MB
[runlim] sample:		2040.38 time, 2040.42 real, 956 MB
[runlim] sample:		2050.38 time, 2050.42 real, 957 MB
[runlim] sample:		2060.37 time, 2060.42 real, 959 MB
[runlim] sample:		2070.37 time, 2070.42 real, 962 MB
[runlim] sample:		2080.37 time, 2080.42 real, 965 MB
[runlim] sample:		2090.37 time, 2090.42 real, 967 MB
[runlim] sample:		2100.38 time, 2100.42 real, 969 MB
[runlim] sample:		2110.37 time, 2110.42 real, 971 MB
[runlim] sample:		2120.37 time, 2120.42 real, 972 MB
[runlim] sample:		2130.37 time, 2130.42 real, 973 MB
[runlim] sample:		2140.38 time, 2140.42 real, 975 MB
[runlim] sample:		2150.37 time, 2150.42 real, 977 MB
[runlim] sample:		2160.38 time, 2160.42 real, 980 MB
[runlim] sample:		2170.38 time, 2170.42 real, 982 MB
[runlim] sample:		2180.38 time, 2180.42 real, 984 MB
[runlim] sample:		2190.37 time, 2190.42 real, 986 MB
[runlim] sample:		2200.38 time, 2200.42 real, 988 MB
[runlim] sample:		2210.38 time, 2210.42 real, 989 MB
[runlim] sample:		2220.38 time, 2220.42 real, 990 MB
[runlim] sample:		2230.38 time, 2230.42 real, 992 MB
[runlim] sample:		2240.38 time, 2240.42 real, 993 MB
[runlim] sample:		2250.37 time, 2250.42 real, 994 MB
[runlim] sample:		2260.37 time, 2260.42 real, 997 MB
[runlim] sample:		2270.37 time, 2270.42 real, 1000 MB
[runlim] sample:		2280.38 time, 2280.42 real, 1002 MB
[runlim] sample:		2290.37 time, 2290.42 real, 1004 MB
[runlim] sample:		2300.37 time, 2300.42 real, 1007 MB
[runlim] sample:		2310.38 time, 2310.42 real, 1010 MB
[runlim] sample:		2320.37 time, 2320.42 real, 1012 MB
[runlim] sample:		2330.38 time, 2330.42 real, 1014 MB
[runlim] sample:		2340.37 time, 2340.42 real, 1017 MB
[runlim] sample:		2350.37 time, 2350.42 real, 1019 MB
[runlim] sample:		2360.37 time, 2360.42 real, 1021 MB
[runlim] sample:		2370.37 time, 2370.42 real, 1023 MB
[runlim] sample:		2380.37 time, 2380.42 real, 1085 MB
[runlim] sample:		2390.37 time, 2390.42 real, 1144 MB
[runlim] sample:		2400.37 time, 2400.42 real, 1144 MB
[runlim] sample:		2410.37 time, 2410.42 real, 1144 MB
[runlim] sample:		2420.37 time, 2420.42 real, 1144 MB
[runlim] sample:		2430.37 time, 2430.42 real, 1144 MB
[runlim] sample:		2440.37 time, 2440.42 real, 1144 MB
[runlim] sample:		2450.37 time, 2450.42 real, 1144 MB
[runlim] sample:		2460.37 time, 2460.42 real, 1144 MB
[runlim] sample:		2470.37 time, 2470.42 real, 1144 MB
[runlim] sample:		2480.37 time, 2480.42 real, 1144 MB
[runlim] sample:		2490.37 time, 2490.42 real, 1144 MB
[runlim] sample:		2500.37 time, 2500.42 real, 1144 MB
[runlim] sample:		2510.37 time, 2510.42 real, 1144 MB
[runlim] sample:		2520.37 time, 2520.42 real, 1144 MB
[runlim] sample:		2530.37 time, 2530.42 real, 1144 MB
[runlim] sample:		2540.37 time, 2540.42 real, 1144 MB
[runlim] sample:		2550.37 time, 2550.42 real, 1144 MB
[runlim] sample:		2560.37 time, 2560.42 real, 1144 MB
[runlim] sample:		2570.37 time, 2570.42 real, 1144 MB
[runlim] sample:		2580.37 time, 2580.42 real, 1144 MB
[runlim] sample:		2590.37 time, 2590.42 real, 1144 MB
[runlim] sample:		2600.37 time, 2600.42 real, 1144 MB
[runlim] sample:		2610.37 time, 2610.42 real, 1144 MB
[runlim] sample:		2620.37 time, 2620.42 real, 1144 MB
[runlim] sample:		2630.37 time, 2630.42 real, 1144 MB
[runlim] sample:		2640.37 time, 2640.42 real, 1146 MB
[runlim] sample:		2650.37 time, 2650.42 real, 1150 MB
[runlim] sample:		2660.37 time, 2660.42 real, 1152 MB
[runlim] sample:		2670.36 time, 2670.42 real, 1154 MB
[runlim] sample:		2680.36 time, 2680.42 real, 1155 MB
[runlim] sample:		2690.37 time, 2690.42 real, 1157 MB
[runlim] end:			Sat Feb 29 07:57:52 2020
[runlim] status:		out of time
[runlim] result:		2
[runlim] children:		1
[runlim] real:			2700.14 seconds
[runlim] time:			2699.97 seconds
[runlim] space:			1167 MB
[runlim] samples:		26996
