[runlim] version:		1.18
[runlim] host:			c3n19
[runlim] time limit:		2700 seconds
[runlim] real time limit:	2700 seconds
[runlim] space limit:		7000 MB
[runlim] argv[0]:		./binary
[runlim] argv[1]:		/data/cnf/ankit/E1-A1-instances/sortnetsort10.v.stepl.009.qdimacs
[runlim] start:			Sat Feb 29 07:12:52 2020
[runlim] child:			23513
[runlim] sample:		8.66 time, 10.12 real, 58 MB
[runlim] sample:		18.67 time, 20.12 real, 58 MB
[runlim] sample:		28.67 time, 30.12 real, 58 MB
[runlim] sample:		38.66 time, 40.12 real, 59 MB
[runlim] sample:		48.66 time, 50.12 real, 59 MB
[runlim] sample:		58.66 time, 60.12 real, 59 MB
[runlim] sample:		68.66 time, 70.12 real, 59 MB
[runlim] sample:		78.66 time, 80.12 real, 59 MB
[runlim] sample:		88.66 time, 90.12 real, 59 MB
[runlim] sample:		98.66 time, 100.12 real, 59 MB
[runlim] sample:		108.66 time, 110.12 real, 59 MB
[runlim] sample:		118.66 time, 120.12 real, 59 MB
[runlim] sample:		128.66 time, 130.12 real, 59 MB
[runlim] sample:		138.66 time, 140.12 real, 61 MB
[runlim] sample:		148.66 time, 150.12 real, 63 MB
[runlim] sample:		158.67 time, 160.12 real, 71 MB
[runlim] sample:		168.67 time, 170.12 real, 80 MB
[runlim] sample:		178.67 time, 180.12 real, 90 MB
[runlim] sample:		188.67 time, 190.12 real, 110 MB
[runlim] sample:		198.66 time, 200.12 real, 120 MB
[runlim] sample:		208.66 time, 210.12 real, 140 MB
[runlim] sample:		218.66 time, 220.12 real, 168 MB
[runlim] sample:		228.66 time, 230.12 real, 195 MB
[runlim] sample:		238.66 time, 240.12 real, 202 MB
[runlim] sample:		248.66 time, 250.12 real, 242 MB
[runlim] sample:		258.66 time, 260.12 real, 242 MB
[runlim] sample:		268.66 time, 270.12 real, 243 MB
[runlim] sample:		278.66 time, 280.12 real, 252 MB
[runlim] sample:		288.66 time, 290.12 real, 252 MB
[runlim] sample:		298.66 time, 300.12 real, 295 MB
[runlim] sample:		308.66 time, 310.12 real, 332 MB
[runlim] sample:		318.66 time, 320.12 real, 332 MB
[runlim] sample:		328.66 time, 330.12 real, 346 MB
[runlim] sample:		338.66 time, 340.12 real, 347 MB
[runlim] sample:		348.92 time, 350.38 real, 347 MB
[runlim] sample:		358.86 time, 360.32 real, 347 MB
[runlim] sample:		368.86 time, 370.32 real, 356 MB
[runlim] sample:		378.86 time, 380.32 real, 356 MB
[runlim] sample:		388.86 time, 390.32 real, 356 MB
[runlim] sample:		398.86 time, 400.32 real, 380 MB
[runlim] sample:		408.86 time, 410.32 real, 414 MB
[runlim] sample:		418.86 time, 420.32 real, 418 MB
[runlim] sample:		428.86 time, 430.32 real, 435 MB
[runlim] sample:		438.86 time, 440.32 real, 435 MB
[runlim] sample:		449.06 time, 450.52 real, 440 MB
[runlim] sample:		459.06 time, 460.52 real, 440 MB
[runlim] sample:		469.06 time, 470.52 real, 440 MB
[runlim] sample:		479.06 time, 480.52 real, 443 MB
[runlim] sample:		489.06 time, 490.52 real, 447 MB
[runlim] sample:		499.06 time, 500.52 real, 457 MB
[runlim] sample:		509.06 time, 510.52 real, 504 MB
[runlim] sample:		519.06 time, 520.52 real, 545 MB
[runlim] sample:		529.06 time, 530.52 real, 545 MB
[runlim] sample:		539.06 time, 540.52 real, 571 MB
[runlim] sample:		549.06 time, 550.52 real, 574 MB
[runlim] sample:		559.06 time, 560.52 real, 598 MB
[runlim] sample:		569.06 time, 570.52 real, 598 MB
[runlim] sample:		579.06 time, 580.52 real, 598 MB
[runlim] sample:		589.06 time, 590.52 real, 598 MB
[runlim] sample:		599.06 time, 600.52 real, 598 MB
[runlim] sample:		609.06 time, 610.52 real, 598 MB
[runlim] sample:		619.06 time, 620.52 real, 598 MB
[runlim] sample:		629.06 time, 630.52 real, 598 MB
[runlim] sample:		639.06 time, 640.52 real, 598 MB
[runlim] sample:		649.05 time, 650.52 real, 598 MB
[runlim] sample:		659.05 time, 660.52 real, 598 MB
[runlim] sample:		669.05 time, 670.52 real, 598 MB
[runlim] sample:		679.05 time, 680.52 real, 598 MB
[runlim] sample:		689.06 time, 690.52 real, 600 MB
[runlim] sample:		699.06 time, 700.52 real, 603 MB
[runlim] sample:		709.05 time, 710.52 real, 605 MB
[runlim] sample:		719.06 time, 720.52 real, 608 MB
[runlim] sample:		729.06 time, 730.52 real, 610 MB
[runlim] sample:		739.06 time, 740.52 real, 612 MB
[runlim] sample:		749.04 time, 750.52 real, 614 MB
[runlim] sample:		759.03 time, 760.52 real, 616 MB
[runlim] sample:		769.00 time, 770.52 real, 618 MB
[runlim] sample:		778.99 time, 780.52 real, 620 MB
[runlim] sample:		788.98 time, 790.52 real, 622 MB
[runlim] sample:		798.95 time, 800.52 real, 624 MB
[runlim] sample:		808.94 time, 810.52 real, 626 MB
[runlim] sample:		818.92 time, 820.52 real, 628 MB
[runlim] sample:		828.92 time, 830.52 real, 652 MB
[runlim] sample:		838.92 time, 840.52 real, 652 MB
[runlim] sample:		848.92 time, 850.52 real, 652 MB
[runlim] sample:		858.92 time, 860.52 real, 652 MB
[runlim] sample:		868.92 time, 870.52 real, 652 MB
[runlim] sample:		878.92 time, 880.52 real, 652 MB
[runlim] sample:		888.92 time, 890.52 real, 656 MB
[runlim] sample:		898.92 time, 900.52 real, 656 MB
[runlim] sample:		908.92 time, 910.52 real, 656 MB
[runlim] sample:		918.92 time, 920.52 real, 656 MB
[runlim] sample:		928.92 time, 930.52 real, 656 MB
[runlim] sample:		938.92 time, 940.52 real, 656 MB
[runlim] sample:		948.92 time, 950.52 real, 656 MB
[runlim] sample:		958.92 time, 960.52 real, 656 MB
[runlim] sample:		968.92 time, 970.52 real, 656 MB
[runlim] sample:		978.92 time, 980.52 real, 656 MB
[runlim] sample:		988.92 time, 990.52 real, 656 MB
[runlim] sample:		998.92 time, 1000.52 real, 656 MB
[runlim] sample:		1008.92 time, 1010.52 real, 656 MB
[runlim] sample:		1018.92 time, 1020.52 real, 656 MB
[runlim] sample:		1028.92 time, 1030.52 real, 656 MB
[runlim] sample:		1038.92 time, 1040.52 real, 656 MB
[runlim] sample:		1048.92 time, 1050.52 real, 656 MB
[runlim] sample:		1058.92 time, 1060.52 real, 656 MB
[runlim] sample:		1068.92 time, 1070.52 real, 656 MB
[runlim] sample:		1078.92 time, 1080.52 real, 656 MB
[runlim] sample:		1088.92 time, 1090.52 real, 656 MB
[runlim] sample:		1098.92 time, 1100.52 real, 656 MB
[runlim] sample:		1108.92 time, 1110.52 real, 656 MB
[runlim] sample:		1118.92 time, 1120.52 real, 656 MB
[runlim] sample:		1128.92 time, 1130.52 real, 656 MB
[runlim] sample:		1138.92 time, 1140.52 real, 656 MB
[runlim] sample:		1148.92 time, 1150.52 real, 656 MB
[runlim] sample:		1158.92 time, 1160.52 real, 656 MB
[runlim] sample:		1168.92 time, 1170.52 real, 656 MB
[runlim] sample:		1178.92 time, 1180.52 real, 656 MB
[runlim] sample:		1188.92 time, 1190.52 real, 657 MB
[runlim] sample:		1198.92 time, 1200.52 real, 679 MB
[runlim] sample:		1208.92 time, 1210.52 real, 679 MB
[runlim] sample:		1218.92 time, 1220.52 real, 679 MB
[runlim] sample:		1228.92 time, 1230.52 real, 679 MB
[runlim] sample:		1238.91 time, 1240.52 real, 681 MB
[runlim] sample:		1248.91 time, 1250.52 real, 687 MB
[runlim] sample:		1258.92 time, 1260.52 real, 691 MB
[runlim] sample:		1268.91 time, 1270.52 real, 700 MB
[runlim] sample:		1278.92 time, 1280.52 real, 738 MB
[runlim] sample:		1288.92 time, 1290.52 real, 738 MB
[runlim] sample:		1298.92 time, 1300.52 real, 738 MB
[runlim] sample:		1308.92 time, 1310.52 real, 738 MB
[runlim] sample:		1318.92 time, 1320.52 real, 739 MB
[runlim] sample:		1328.92 time, 1330.52 real, 739 MB
[runlim] sample:		1338.92 time, 1340.52 real, 739 MB
[runlim] sample:		1348.92 time, 1350.52 real, 739 MB
[runlim] sample:		1358.92 time, 1360.52 real, 739 MB
[runlim] sample:		1368.92 time, 1370.52 real, 739 MB
[runlim] sample:		1378.92 time, 1380.52 real, 739 MB
[runlim] sample:		1388.92 time, 1390.52 real, 739 MB
[runlim] sample:		1398.92 time, 1400.52 real, 739 MB
[runlim] sample:		1408.92 time, 1410.52 real, 741 MB
[runlim] sample:		1418.92 time, 1420.52 real, 741 MB
[runlim] sample:		1428.92 time, 1430.52 real, 741 MB
[runlim] sample:		1438.92 time, 1440.52 real, 741 MB
[runlim] sample:		1448.92 time, 1450.52 real, 741 MB
[runlim] sample:		1458.92 time, 1460.52 real, 741 MB
[runlim] sample:		1468.92 time, 1470.52 real, 741 MB
[runlim] sample:		1478.92 time, 1480.52 real, 741 MB
[runlim] sample:		1488.92 time, 1490.52 real, 741 MB
[runlim] sample:		1498.92 time, 1500.52 real, 741 MB
[runlim] sample:		1508.92 time, 1510.52 real, 741 MB
[runlim] sample:		1518.92 time, 1520.52 real, 741 MB
[runlim] sample:		1528.92 time, 1530.52 real, 741 MB
[runlim] sample:		1538.92 time, 1540.52 real, 741 MB
[runlim] sample:		1548.92 time, 1550.52 real, 741 MB
[runlim] sample:		1558.92 time, 1560.52 real, 741 MB
[runlim] sample:		1568.92 time, 1570.52 real, 741 MB
[runlim] sample:		1578.92 time, 1580.52 real, 754 MB
[runlim] sample:		1588.92 time, 1590.52 real, 754 MB
[runlim] sample:		1598.92 time, 1600.52 real, 754 MB
[runlim] sample:		1608.92 time, 1610.52 real, 754 MB
[runlim] sample:		1618.92 time, 1620.52 real, 754 MB
[runlim] sample:		1628.93 time, 1630.52 real, 754 MB
[runlim] sample:		1638.93 time, 1640.52 real, 754 MB
[runlim] sample:		1648.93 time, 1650.52 real, 754 MB
[runlim] sample:		1658.93 time, 1660.52 real, 754 MB
[runlim] sample:		1668.93 time, 1670.52 real, 754 MB
[runlim] sample:		1678.93 time, 1680.52 real, 754 MB
[runlim] sample:		1688.93 time, 1690.52 real, 754 MB
[runlim] sample:		1698.93 time, 1700.52 real, 754 MB
[runlim] sample:		1708.93 time, 1710.52 real, 754 MB
[runlim] sample:		1718.93 time, 1720.52 real, 754 MB
[runlim] sample:		1728.93 time, 1730.52 real, 754 MB
[runlim] sample:		1738.93 time, 1740.52 real, 754 MB
[runlim] sample:		1748.93 time, 1750.52 real, 754 MB
[runlim] sample:		1758.93 time, 1760.52 real, 754 MB
[runlim] sample:		1768.93 time, 1770.52 real, 754 MB
[runlim] sample:		1778.93 time, 1780.52 real, 758 MB
[runlim] sample:		1788.93 time, 1790.52 real, 758 MB
[runlim] sample:		1798.93 time, 1800.52 real, 758 MB
[runlim] sample:		1808.92 time, 1810.52 real, 758 MB
[runlim] sample:		1818.92 time, 1820.52 real, 758 MB
[runlim] sample:		1828.92 time, 1830.52 real, 758 MB
[runlim] sample:		1838.92 time, 1840.52 real, 758 MB
[runlim] sample:		1848.92 time, 1850.52 real, 758 MB
[runlim] sample:		1858.92 time, 1860.52 real, 758 MB
[runlim] sample:		1868.92 time, 1870.52 real, 758 MB
[runlim] sample:		1878.92 time, 1880.52 real, 758 MB
[runlim] sample:		1888.92 time, 1890.52 real, 758 MB
[runlim] sample:		1898.92 time, 1900.52 real, 758 MB
[runlim] sample:		1908.92 time, 1910.52 real, 758 MB
[runlim] sample:		1918.92 time, 1920.52 real, 758 MB
[runlim] sample:		1928.92 time, 1930.52 real, 758 MB
[runlim] sample:		1938.92 time, 1940.52 real, 758 MB
[runlim] sample:		1948.92 time, 1950.52 real, 758 MB
[runlim] sample:		1958.92 time, 1960.52 real, 758 MB
[runlim] sample:		1968.92 time, 1970.52 real, 758 MB
[runlim] sample:		1978.92 time, 1980.52 real, 758 MB
[runlim] sample:		1988.92 time, 1990.52 real, 758 MB
[runlim] sample:		1998.92 time, 2000.52 real, 758 MB
[runlim] sample:		2008.92 time, 2010.52 real, 758 MB
[runlim] sample:		2018.92 time, 2020.52 real, 758 MB
[runlim] sample:		2028.92 time, 2030.52 real, 758 MB
[runlim] sample:		2038.92 time, 2040.52 real, 758 MB
[runlim] sample:		2048.92 time, 2050.52 real, 758 MB
[runlim] sample:		2058.92 time, 2060.52 real, 758 MB
[runlim] sample:		2068.92 time, 2070.52 real, 758 MB
[runlim] sample:		2078.92 time, 2080.52 real, 759 MB
[runlim] sample:		2088.92 time, 2090.52 real, 760 MB
[runlim] sample:		2098.93 time, 2100.52 real, 762 MB
[runlim] sample:		2108.92 time, 2110.52 real, 763 MB
[runlim] sample:		2118.92 time, 2120.52 real, 764 MB
[runlim] sample:		2128.92 time, 2130.52 real, 766 MB
[runlim] sample:		2138.92 time, 2140.52 real, 767 MB
[runlim] sample:		2148.92 time, 2150.52 real, 768 MB
[runlim] sample:		2158.92 time, 2160.52 real, 769 MB
[runlim] sample:		2168.93 time, 2170.52 real, 771 MB
[runlim] sample:		2178.92 time, 2180.52 real, 772 MB
[runlim] sample:		2188.92 time, 2190.52 real, 774 MB
[runlim] sample:		2198.92 time, 2200.52 real, 775 MB
[runlim] sample:		2208.92 time, 2210.52 real, 776 MB
[runlim] sample:		2218.92 time, 2220.52 real, 778 MB
[runlim] sample:		2228.93 time, 2230.52 real, 779 MB
[runlim] sample:		2238.92 time, 2240.52 real, 781 MB
[runlim] sample:		2248.92 time, 2250.52 real, 782 MB
[runlim] sample:		2258.92 time, 2260.52 real, 783 MB
[runlim] sample:		2268.92 time, 2270.52 real, 784 MB
[runlim] sample:		2278.93 time, 2280.52 real, 786 MB
[runlim] sample:		2288.92 time, 2290.52 real, 828 MB
[runlim] sample:		2298.93 time, 2300.52 real, 878 MB
[runlim] sample:		2308.92 time, 2310.52 real, 878 MB
[runlim] sample:		2318.92 time, 2320.52 real, 878 MB
[runlim] sample:		2328.92 time, 2330.52 real, 878 MB
[runlim] sample:		2338.92 time, 2340.52 real, 878 MB
[runlim] sample:		2348.92 time, 2350.52 real, 878 MB
[runlim] sample:		2358.92 time, 2360.52 real, 878 MB
[runlim] sample:		2368.93 time, 2370.52 real, 879 MB
[runlim] sample:		2378.93 time, 2380.52 real, 880 MB
[runlim] sample:		2388.92 time, 2390.52 real, 933 MB
[runlim] sample:		2398.92 time, 2400.52 real, 933 MB
[runlim] sample:		2408.92 time, 2410.52 real, 933 MB
[runlim] sample:		2418.92 time, 2420.52 real, 933 MB
[runlim] sample:		2428.93 time, 2430.52 real, 943 MB
[runlim] sample:		2438.92 time, 2440.52 real, 943 MB
[runlim] sample:		2448.92 time, 2450.52 real, 943 MB
[runlim] sample:		2458.92 time, 2460.52 real, 952 MB
[runlim] sample:		2468.93 time, 2470.52 real, 952 MB
[runlim] sample:		2478.93 time, 2480.52 real, 952 MB
[runlim] sample:		2488.92 time, 2490.52 real, 952 MB
[runlim] sample:		2498.92 time, 2500.52 real, 952 MB
[runlim] sample:		2508.92 time, 2510.52 real, 952 MB
[runlim] sample:		2518.92 time, 2520.52 real, 952 MB
[runlim] sample:		2528.92 time, 2530.52 real, 952 MB
[runlim] sample:		2538.92 time, 2540.52 real, 952 MB
[runlim] sample:		2548.92 time, 2550.52 real, 952 MB
[runlim] sample:		2558.92 time, 2560.52 real, 952 MB
[runlim] sample:		2568.92 time, 2570.52 real, 952 MB
[runlim] sample:		2578.92 time, 2580.52 real, 952 MB
[runlim] sample:		2588.92 time, 2590.52 real, 952 MB
[runlim] sample:		2598.92 time, 2600.52 real, 952 MB
[runlim] sample:		2608.93 time, 2610.52 real, 952 MB
[runlim] sample:		2618.92 time, 2620.52 real, 954 MB
[runlim] sample:		2628.92 time, 2630.52 real, 956 MB
[runlim] sample:		2638.93 time, 2640.52 real, 958 MB
[runlim] sample:		2648.93 time, 2650.52 real, 961 MB
[runlim] sample:		2658.92 time, 2660.52 real, 964 MB
[runlim] sample:		2668.92 time, 2670.52 real, 966 MB
[runlim] sample:		2678.92 time, 2680.52 real, 968 MB
[runlim] sample:		2688.93 time, 2690.52 real, 970 MB
[runlim] end:			Sat Feb 29 07:57:52 2020
[runlim] status:		out of time
[runlim] result:		2
[runlim] children:		1
[runlim] real:			2700.14 seconds
[runlim] time:			2698.42 seconds
[runlim] space:			972 MB
[runlim] samples:		26995
