[runlim] version:		1.18
[runlim] host:			c3n21
[runlim] time limit:		2700 seconds
[runlim] real time limit:	2700 seconds
[runlim] space limit:		7000 MB
[runlim] argv[0]:		./binary
[runlim] argv[1]:		/data/cnf/ankit/E1-A1-instances/sortnetsort9.v.stepl.010.qdimacs
[runlim] start:			Sat Feb 29 07:12:54 2020
[runlim] child:			22882
[runlim] sample:		10.00 time, 10.02 real, 54 MB
[runlim] sample:		20.00 time, 20.02 real, 54 MB
[runlim] sample:		30.00 time, 30.02 real, 54 MB
[runlim] sample:		40.00 time, 40.02 real, 54 MB
[runlim] sample:		50.00 time, 50.02 real, 54 MB
[runlim] sample:		60.00 time, 60.02 real, 54 MB
[runlim] sample:		70.00 time, 70.02 real, 54 MB
[runlim] sample:		80.00 time, 80.02 real, 55 MB
[runlim] sample:		90.00 time, 90.02 real, 58 MB
[runlim] sample:		100.00 time, 100.02 real, 70 MB
[runlim] sample:		110.00 time, 110.02 real, 86 MB
[runlim] sample:		120.00 time, 120.02 real, 97 MB
[runlim] sample:		130.00 time, 130.02 real, 117 MB
[runlim] sample:		140.00 time, 140.02 real, 137 MB
[runlim] sample:		150.00 time, 150.02 real, 169 MB
[runlim] sample:		160.00 time, 160.02 real, 195 MB
[runlim] sample:		170.00 time, 170.02 real, 224 MB
[runlim] sample:		180.00 time, 180.02 real, 251 MB
[runlim] sample:		190.00 time, 190.02 real, 256 MB
[runlim] sample:		200.00 time, 200.02 real, 267 MB
[runlim] sample:		210.00 time, 210.02 real, 267 MB
[runlim] sample:		220.00 time, 220.02 real, 293 MB
[runlim] sample:		230.00 time, 230.02 real, 323 MB
[runlim] sample:		240.00 time, 240.02 real, 339 MB
[runlim] sample:		250.00 time, 250.02 real, 340 MB
[runlim] sample:		260.00 time, 260.02 real, 340 MB
[runlim] sample:		270.00 time, 270.02 real, 340 MB
[runlim] sample:		280.00 time, 280.02 real, 340 MB
[runlim] sample:		290.00 time, 290.02 real, 340 MB
[runlim] sample:		300.00 time, 300.02 real, 345 MB
[runlim] sample:		310.00 time, 310.02 real, 396 MB
[runlim] sample:		320.00 time, 320.02 real, 438 MB
[runlim] sample:		330.00 time, 330.02 real, 461 MB
[runlim] sample:		340.00 time, 340.02 real, 461 MB
[runlim] sample:		350.10 time, 350.12 real, 466 MB
[runlim] sample:		360.10 time, 360.12 real, 466 MB
[runlim] sample:		370.10 time, 370.12 real, 466 MB
[runlim] sample:		380.10 time, 380.12 real, 466 MB
[runlim] sample:		390.10 time, 390.12 real, 466 MB
[runlim] sample:		400.10 time, 400.12 real, 476 MB
[runlim] sample:		410.10 time, 410.12 real, 476 MB
[runlim] sample:		420.10 time, 420.12 real, 476 MB
[runlim] sample:		430.10 time, 430.12 real, 476 MB
[runlim] sample:		440.11 time, 440.13 real, 476 MB
[runlim] sample:		450.30 time, 450.32 real, 476 MB
[runlim] sample:		460.30 time, 460.32 real, 476 MB
[runlim] sample:		470.30 time, 470.32 real, 476 MB
[runlim] sample:		480.30 time, 480.32 real, 476 MB
[runlim] sample:		490.30 time, 490.32 real, 476 MB
[runlim] sample:		500.30 time, 500.32 real, 477 MB
[runlim] sample:		510.30 time, 510.32 real, 478 MB
[runlim] sample:		520.30 time, 520.32 real, 481 MB
[runlim] sample:		530.29 time, 530.32 real, 484 MB
[runlim] sample:		540.29 time, 540.32 real, 487 MB
[runlim] sample:		550.29 time, 550.32 real, 490 MB
[runlim] sample:		560.28 time, 560.32 real, 492 MB
[runlim] sample:		570.29 time, 570.32 real, 494 MB
[runlim] sample:		580.29 time, 580.32 real, 497 MB
[runlim] sample:		590.29 time, 590.32 real, 499 MB
[runlim] sample:		600.29 time, 600.32 real, 561 MB
[runlim] sample:		610.30 time, 610.32 real, 554 MB
[runlim] sample:		620.29 time, 620.32 real, 581 MB
[runlim] sample:		630.29 time, 630.32 real, 581 MB
[runlim] sample:		640.29 time, 640.32 real, 588 MB
[runlim] sample:		650.29 time, 650.32 real, 588 MB
[runlim] sample:		660.29 time, 660.32 real, 588 MB
[runlim] sample:		670.29 time, 670.32 real, 588 MB
[runlim] sample:		680.29 time, 680.32 real, 588 MB
[runlim] sample:		690.29 time, 690.32 real, 588 MB
[runlim] sample:		700.29 time, 700.32 real, 588 MB
[runlim] sample:		710.29 time, 710.32 real, 588 MB
[runlim] sample:		720.29 time, 720.32 real, 588 MB
[runlim] sample:		730.29 time, 730.32 real, 588 MB
[runlim] sample:		740.29 time, 740.32 real, 601 MB
[runlim] sample:		750.29 time, 750.32 real, 601 MB
[runlim] sample:		760.29 time, 760.32 real, 601 MB
[runlim] sample:		770.29 time, 770.32 real, 601 MB
[runlim] sample:		780.29 time, 780.32 real, 601 MB
[runlim] sample:		790.29 time, 790.32 real, 601 MB
[runlim] sample:		800.29 time, 800.32 real, 601 MB
[runlim] sample:		810.29 time, 810.32 real, 601 MB
[runlim] sample:		820.29 time, 820.32 real, 601 MB
[runlim] sample:		830.29 time, 830.32 real, 601 MB
[runlim] sample:		840.29 time, 840.32 real, 601 MB
[runlim] sample:		850.29 time, 850.32 real, 601 MB
[runlim] sample:		860.29 time, 860.32 real, 601 MB
[runlim] sample:		870.29 time, 870.32 real, 601 MB
[runlim] sample:		880.29 time, 880.32 real, 601 MB
[runlim] sample:		890.29 time, 890.32 real, 601 MB
[runlim] sample:		900.29 time, 900.32 real, 601 MB
[runlim] sample:		910.29 time, 910.32 real, 601 MB
[runlim] sample:		920.29 time, 920.32 real, 601 MB
[runlim] sample:		930.29 time, 930.32 real, 601 MB
[runlim] sample:		940.29 time, 940.32 real, 601 MB
[runlim] sample:		950.29 time, 950.32 real, 621 MB
[runlim] sample:		960.29 time, 960.32 real, 621 MB
[runlim] sample:		970.29 time, 970.32 real, 621 MB
[runlim] sample:		980.29 time, 980.32 real, 621 MB
[runlim] sample:		990.29 time, 990.32 real, 621 MB
[runlim] sample:		1000.29 time, 1000.32 real, 621 MB
[runlim] sample:		1010.29 time, 1010.32 real, 621 MB
[runlim] sample:		1020.29 time, 1020.32 real, 621 MB
[runlim] sample:		1030.29 time, 1030.32 real, 621 MB
[runlim] sample:		1040.29 time, 1040.32 real, 621 MB
[runlim] sample:		1050.29 time, 1050.32 real, 621 MB
[runlim] sample:		1060.29 time, 1060.32 real, 621 MB
[runlim] sample:		1070.29 time, 1070.32 real, 621 MB
[runlim] sample:		1080.29 time, 1080.32 real, 621 MB
[runlim] sample:		1090.29 time, 1090.32 real, 621 MB
[runlim] sample:		1100.29 time, 1100.32 real, 621 MB
[runlim] sample:		1110.29 time, 1110.32 real, 621 MB
[runlim] sample:		1120.29 time, 1120.32 real, 621 MB
[runlim] sample:		1130.29 time, 1130.32 real, 621 MB
[runlim] sample:		1140.29 time, 1140.32 real, 621 MB
[runlim] sample:		1150.29 time, 1150.32 real, 621 MB
[runlim] sample:		1160.29 time, 1160.32 real, 621 MB
[runlim] sample:		1170.29 time, 1170.32 real, 621 MB
[runlim] sample:		1180.29 time, 1180.32 real, 621 MB
[runlim] sample:		1190.29 time, 1190.32 real, 621 MB
[runlim] sample:		1200.29 time, 1200.32 real, 621 MB
[runlim] sample:		1210.30 time, 1210.32 real, 689 MB
[runlim] sample:		1220.30 time, 1220.32 real, 689 MB
[runlim] sample:		1230.30 time, 1230.32 real, 689 MB
[runlim] sample:		1240.30 time, 1240.32 real, 708 MB
[runlim] sample:		1250.30 time, 1250.32 real, 708 MB
[runlim] sample:		1260.30 time, 1260.32 real, 708 MB
[runlim] sample:		1270.30 time, 1270.32 real, 712 MB
[runlim] sample:		1280.29 time, 1280.32 real, 718 MB
[runlim] sample:		1290.30 time, 1290.32 real, 723 MB
[runlim] sample:		1300.30 time, 1300.32 real, 727 MB
[runlim] sample:		1310.29 time, 1310.32 real, 755 MB
[runlim] sample:		1320.29 time, 1320.32 real, 755 MB
[runlim] sample:		1330.29 time, 1330.32 real, 755 MB
[runlim] sample:		1340.29 time, 1340.32 real, 755 MB
[runlim] sample:		1350.29 time, 1350.32 real, 755 MB
[runlim] sample:		1360.29 time, 1360.32 real, 755 MB
[runlim] sample:		1370.29 time, 1370.32 real, 755 MB
[runlim] sample:		1380.29 time, 1380.32 real, 755 MB
[runlim] sample:		1390.29 time, 1390.32 real, 755 MB
[runlim] sample:		1400.29 time, 1400.32 real, 755 MB
[runlim] sample:		1410.29 time, 1410.32 real, 755 MB
[runlim] sample:		1420.29 time, 1420.32 real, 755 MB
[runlim] sample:		1430.29 time, 1430.32 real, 755 MB
[runlim] sample:		1440.29 time, 1440.32 real, 755 MB
[runlim] sample:		1450.29 time, 1450.32 real, 755 MB
[runlim] sample:		1460.29 time, 1460.32 real, 755 MB
[runlim] sample:		1470.29 time, 1470.32 real, 755 MB
[runlim] sample:		1480.29 time, 1480.32 real, 755 MB
[runlim] sample:		1490.29 time, 1490.32 real, 755 MB
[runlim] sample:		1500.29 time, 1500.32 real, 755 MB
[runlim] sample:		1510.29 time, 1510.32 real, 757 MB
[runlim] sample:		1520.30 time, 1520.32 real, 759 MB
[runlim] sample:		1530.30 time, 1530.32 real, 762 MB
[runlim] sample:		1540.30 time, 1540.32 real, 764 MB
[runlim] sample:		1550.30 time, 1550.32 real, 767 MB
[runlim] sample:		1560.29 time, 1560.32 real, 769 MB
[runlim] sample:		1570.30 time, 1570.32 real, 771 MB
[runlim] sample:		1580.29 time, 1580.32 real, 773 MB
[runlim] sample:		1590.29 time, 1590.32 real, 775 MB
[runlim] sample:		1600.30 time, 1600.32 real, 778 MB
[runlim] sample:		1610.30 time, 1610.32 real, 779 MB
[runlim] sample:		1620.30 time, 1620.32 real, 780 MB
[runlim] sample:		1630.29 time, 1630.32 real, 781 MB
[runlim] sample:		1640.30 time, 1640.32 real, 783 MB
[runlim] sample:		1650.29 time, 1650.32 real, 867 MB
[runlim] sample:		1660.29 time, 1660.32 real, 867 MB
[runlim] sample:		1670.29 time, 1670.32 real, 867 MB
[runlim] sample:		1680.29 time, 1680.32 real, 867 MB
[runlim] sample:		1690.29 time, 1690.32 real, 867 MB
[runlim] sample:		1700.29 time, 1700.32 real, 867 MB
[runlim] sample:		1710.29 time, 1710.32 real, 867 MB
[runlim] sample:		1720.29 time, 1720.32 real, 867 MB
[runlim] sample:		1730.29 time, 1730.32 real, 868 MB
[runlim] sample:		1740.30 time, 1740.32 real, 870 MB
[runlim] sample:		1750.29 time, 1750.32 real, 873 MB
[runlim] sample:		1760.30 time, 1760.32 real, 877 MB
[runlim] sample:		1770.30 time, 1770.32 real, 890 MB
[runlim] sample:		1780.30 time, 1780.32 real, 890 MB
[runlim] sample:		1790.29 time, 1790.32 real, 891 MB
[runlim] sample:		1800.29 time, 1800.32 real, 894 MB
[runlim] sample:		1810.30 time, 1810.32 real, 896 MB
[runlim] sample:		1820.30 time, 1820.32 real, 899 MB
[runlim] sample:		1830.30 time, 1830.32 real, 902 MB
[runlim] sample:		1840.29 time, 1840.32 real, 904 MB
[runlim] sample:		1850.30 time, 1850.32 real, 906 MB
[runlim] sample:		1860.29 time, 1860.32 real, 909 MB
[runlim] sample:		1870.30 time, 1870.32 real, 911 MB
[runlim] sample:		1880.30 time, 1880.32 real, 913 MB
[runlim] sample:		1890.29 time, 1890.32 real, 915 MB
[runlim] sample:		1900.29 time, 1900.32 real, 917 MB
[runlim] sample:		1910.29 time, 1910.32 real, 918 MB
[runlim] sample:		1920.29 time, 1920.32 real, 920 MB
[runlim] sample:		1930.30 time, 1930.32 real, 922 MB
[runlim] sample:		1940.30 time, 1940.32 real, 923 MB
[runlim] sample:		1950.30 time, 1950.32 real, 925 MB
[runlim] sample:		1960.29 time, 1960.32 real, 927 MB
[runlim] sample:		1970.30 time, 1970.32 real, 929 MB
[runlim] sample:		1980.30 time, 1980.32 real, 931 MB
[runlim] sample:		1990.30 time, 1990.32 real, 933 MB
[runlim] sample:		2000.29 time, 2000.32 real, 935 MB
[runlim] sample:		2010.30 time, 2010.32 real, 937 MB
[runlim] sample:		2020.29 time, 2020.32 real, 939 MB
[runlim] sample:		2030.30 time, 2030.32 real, 946 MB
[runlim] sample:		2040.30 time, 2040.32 real, 1005 MB
[runlim] sample:		2050.30 time, 2050.32 real, 1005 MB
[runlim] sample:		2060.30 time, 2060.32 real, 1005 MB
[runlim] sample:		2070.30 time, 2070.32 real, 1005 MB
[runlim] sample:		2080.30 time, 2080.32 real, 1005 MB
[runlim] sample:		2090.30 time, 2090.32 real, 1005 MB
[runlim] sample:		2100.30 time, 2100.32 real, 1005 MB
[runlim] sample:		2110.30 time, 2110.32 real, 1005 MB
[runlim] sample:		2120.30 time, 2120.32 real, 1005 MB
[runlim] sample:		2130.30 time, 2130.32 real, 1005 MB
[runlim] sample:		2140.29 time, 2140.32 real, 1005 MB
[runlim] sample:		2150.29 time, 2150.32 real, 1005 MB
[runlim] sample:		2160.29 time, 2160.32 real, 1005 MB
[runlim] sample:		2170.29 time, 2170.32 real, 1005 MB
[runlim] sample:		2180.29 time, 2180.32 real, 1005 MB
[runlim] sample:		2190.29 time, 2190.32 real, 1005 MB
[runlim] sample:		2200.29 time, 2200.32 real, 1005 MB
[runlim] sample:		2210.29 time, 2210.32 real, 1005 MB
[runlim] sample:		2220.29 time, 2220.32 real, 1005 MB
[runlim] sample:		2230.29 time, 2230.32 real, 1005 MB
[runlim] sample:		2240.29 time, 2240.32 real, 1005 MB
[runlim] sample:		2250.29 time, 2250.32 real, 1005 MB
[runlim] sample:		2260.29 time, 2260.32 real, 1005 MB
[runlim] sample:		2270.29 time, 2270.32 real, 1005 MB
[runlim] sample:		2280.29 time, 2280.32 real, 1005 MB
[runlim] sample:		2290.29 time, 2290.32 real, 1005 MB
[runlim] sample:		2300.29 time, 2300.32 real, 1005 MB
[runlim] sample:		2310.29 time, 2310.32 real, 1006 MB
[runlim] sample:		2320.30 time, 2320.32 real, 1008 MB
[runlim] sample:		2330.29 time, 2330.32 real, 1010 MB
[runlim] sample:		2340.29 time, 2340.32 real, 1012 MB
[runlim] sample:		2350.29 time, 2350.32 real, 1014 MB
[runlim] sample:		2360.29 time, 2360.32 real, 1015 MB
[runlim] sample:		2370.30 time, 2370.32 real, 1017 MB
[runlim] sample:		2380.30 time, 2380.32 real, 1019 MB
[runlim] sample:		2390.30 time, 2390.32 real, 1021 MB
[runlim] sample:		2400.29 time, 2400.32 real, 1023 MB
[runlim] sample:		2410.29 time, 2410.32 real, 1025 MB
[runlim] sample:		2420.29 time, 2420.32 real, 1027 MB
[runlim] sample:		2430.29 time, 2430.32 real, 1029 MB
[runlim] sample:		2440.29 time, 2440.32 real, 1031 MB
[runlim] sample:		2450.30 time, 2450.32 real, 1033 MB
[runlim] sample:		2460.30 time, 2460.32 real, 1034 MB
[runlim] sample:		2470.30 time, 2470.32 real, 1036 MB
[runlim] sample:		2480.29 time, 2480.32 real, 1037 MB
[runlim] sample:		2490.29 time, 2490.32 real, 1038 MB
[runlim] sample:		2500.29 time, 2500.32 real, 1040 MB
[runlim] sample:		2510.29 time, 2510.32 real, 1041 MB
[runlim] sample:		2520.30 time, 2520.32 real, 1043 MB
[runlim] sample:		2530.30 time, 2530.32 real, 1044 MB
[runlim] sample:		2540.30 time, 2540.32 real, 1046 MB
[runlim] sample:		2550.30 time, 2550.32 real, 1048 MB
[runlim] sample:		2560.29 time, 2560.32 real, 1049 MB
[runlim] sample:		2570.29 time, 2570.32 real, 1050 MB
[runlim] sample:		2580.29 time, 2580.32 real, 1051 MB
[runlim] sample:		2590.29 time, 2590.32 real, 1053 MB
[runlim] sample:		2600.29 time, 2600.32 real, 1054 MB
[runlim] sample:		2610.29 time, 2610.32 real, 1055 MB
[runlim] sample:		2620.30 time, 2620.32 real, 1056 MB
[runlim] sample:		2630.30 time, 2630.32 real, 1058 MB
[runlim] sample:		2640.30 time, 2640.32 real, 1058 MB
[runlim] sample:		2650.30 time, 2650.32 real, 1060 MB
[runlim] sample:		2660.30 time, 2660.32 real, 1061 MB
[runlim] sample:		2670.29 time, 2670.32 real, 1062 MB
[runlim] sample:		2680.30 time, 2680.32 real, 1063 MB
[runlim] sample:		2690.30 time, 2690.32 real, 1064 MB
[runlim] end:			Sat Feb 29 07:57:54 2020
[runlim] status:		out of time
[runlim] result:		2
[runlim] children:		1
[runlim] real:			2700.14 seconds
[runlim] time:			2700.00 seconds
[runlim] space:			1065 MB
[runlim] samples:		26997
