[runlim] version:		1.18
[runlim] host:			c3n19
[runlim] time limit:		2700 seconds
[runlim] real time limit:	2700 seconds
[runlim] space limit:		7000 MB
[runlim] argv[0]:		./binary
[runlim] argv[1]:		/data/cnf/ankit/E1-A1-instances/sortnetsort6.v.stepl.004.qdimacs
[runlim] start:			Sat Feb 29 07:12:54 2020
[runlim] child:			23569
[runlim] sample:		9.96 time, 10.02 real, 89 MB
[runlim] sample:		19.97 time, 20.02 real, 112 MB
[runlim] sample:		29.97 time, 30.02 real, 131 MB
[runlim] sample:		39.95 time, 40.02 real, 132 MB
[runlim] sample:		49.94 time, 50.02 real, 158 MB
[runlim] sample:		59.93 time, 60.02 real, 158 MB
[runlim] sample:		69.92 time, 70.02 real, 169 MB
[runlim] sample:		79.90 time, 80.02 real, 169 MB
[runlim] sample:		89.89 time, 90.02 real, 184 MB
[runlim] sample:		99.88 time, 100.02 real, 184 MB
[runlim] sample:		109.87 time, 110.02 real, 184 MB
[runlim] sample:		119.86 time, 120.02 real, 185 MB
[runlim] sample:		129.84 time, 130.02 real, 188 MB
[runlim] sample:		139.83 time, 140.02 real, 188 MB
[runlim] sample:		149.82 time, 150.02 real, 188 MB
[runlim] sample:		159.80 time, 160.02 real, 249 MB
[runlim] end:			Sat Feb 29 07:15:40 2020
[runlim] status:		ok
[runlim] result:		0
[runlim] children:		1
[runlim] real:			166.35 seconds
[runlim] time:			166.10 seconds
[runlim] space:			262 MB
[runlim] samples:		1663
