[runlim] version:		1.18
[runlim] host:			c3n21
[runlim] time limit:		2700 seconds
[runlim] real time limit:	2700 seconds
[runlim] space limit:		7000 MB
[runlim] argv[0]:		./binary
[runlim] argv[1]:		/data/cnf/ankit/E1-A1-instances/term1.blif_0.10_0.20_0_0_inp_exact.qdimacs
[runlim] start:			Sat Feb 29 07:12:54 2020
[runlim] child:			22960
[runlim] sample:		10.00 time, 10.02 real, 56 MB
[runlim] sample:		20.00 time, 20.02 real, 62 MB
[runlim] sample:		30.00 time, 30.02 real, 78 MB
[runlim] sample:		40.00 time, 40.02 real, 101 MB
[runlim] sample:		50.00 time, 50.02 real, 106 MB
[runlim] sample:		60.00 time, 60.02 real, 113 MB
[runlim] sample:		70.01 time, 70.02 real, 116 MB
[runlim] sample:		80.00 time, 80.02 real, 123 MB
[runlim] sample:		90.00 time, 90.02 real, 130 MB
[runlim] sample:		100.00 time, 100.02 real, 147 MB
[runlim] sample:		110.00 time, 110.02 real, 147 MB
[runlim] sample:		120.00 time, 120.02 real, 147 MB
[runlim] sample:		130.00 time, 130.02 real, 147 MB
[runlim] sample:		140.00 time, 140.02 real, 147 MB
[runlim] sample:		150.00 time, 150.02 real, 147 MB
[runlim] sample:		160.00 time, 160.02 real, 193 MB
[runlim] sample:		170.00 time, 170.02 real, 188 MB
[runlim] sample:		180.00 time, 180.02 real, 188 MB
[runlim] sample:		190.00 time, 190.02 real, 188 MB
[runlim] sample:		200.00 time, 200.02 real, 188 MB
[runlim] sample:		210.00 time, 210.02 real, 188 MB
[runlim] sample:		220.00 time, 220.02 real, 188 MB
[runlim] sample:		230.00 time, 230.02 real, 189 MB
[runlim] sample:		240.00 time, 240.02 real, 192 MB
[runlim] sample:		250.00 time, 250.02 real, 196 MB
[runlim] sample:		260.00 time, 260.02 real, 199 MB
[runlim] sample:		270.00 time, 270.02 real, 201 MB
[runlim] sample:		280.00 time, 280.02 real, 204 MB
[runlim] sample:		290.00 time, 290.02 real, 206 MB
[runlim] sample:		300.00 time, 300.02 real, 208 MB
[runlim] sample:		310.00 time, 310.02 real, 211 MB
[runlim] sample:		320.00 time, 320.02 real, 211 MB
[runlim] sample:		330.00 time, 330.02 real, 211 MB
[runlim] sample:		340.00 time, 340.02 real, 211 MB
[runlim] sample:		350.11 time, 350.12 real, 211 MB
[runlim] sample:		360.10 time, 360.12 real, 211 MB
[runlim] sample:		370.10 time, 370.12 real, 211 MB
[runlim] sample:		380.10 time, 380.12 real, 211 MB
[runlim] sample:		390.10 time, 390.12 real, 211 MB
[runlim] sample:		400.10 time, 400.12 real, 211 MB
[runlim] sample:		410.10 time, 410.12 real, 274 MB
[runlim] sample:		420.10 time, 420.12 real, 274 MB
[runlim] sample:		430.10 time, 430.12 real, 274 MB
[runlim] sample:		440.18 time, 440.20 real, 274 MB
[runlim] sample:		450.21 time, 450.22 real, 274 MB
[runlim] sample:		460.21 time, 460.22 real, 274 MB
[runlim] sample:		470.20 time, 470.22 real, 274 MB
[runlim] sample:		480.20 time, 480.22 real, 274 MB
[runlim] sample:		490.20 time, 490.22 real, 274 MB
[runlim] sample:		500.20 time, 500.22 real, 274 MB
[runlim] sample:		510.20 time, 510.22 real, 274 MB
[runlim] sample:		520.20 time, 520.22 real, 274 MB
[runlim] sample:		530.20 time, 530.22 real, 274 MB
[runlim] sample:		540.20 time, 540.22 real, 274 MB
[runlim] sample:		550.20 time, 550.22 real, 274 MB
[runlim] sample:		560.20 time, 560.22 real, 274 MB
[runlim] sample:		570.20 time, 570.22 real, 274 MB
[runlim] sample:		580.20 time, 580.22 real, 274 MB
[runlim] sample:		590.20 time, 590.22 real, 274 MB
[runlim] sample:		600.21 time, 600.22 real, 274 MB
[runlim] sample:		610.21 time, 610.22 real, 274 MB
[runlim] sample:		620.21 time, 620.22 real, 274 MB
[runlim] sample:		630.21 time, 630.22 real, 275 MB
[runlim] sample:		640.21 time, 640.22 real, 275 MB
[runlim] sample:		650.21 time, 650.22 real, 275 MB
[runlim] sample:		660.21 time, 660.22 real, 275 MB
[runlim] sample:		670.21 time, 670.22 real, 275 MB
[runlim] sample:		680.21 time, 680.22 real, 275 MB
[runlim] sample:		690.21 time, 690.22 real, 275 MB
[runlim] sample:		700.21 time, 700.22 real, 275 MB
[runlim] sample:		710.21 time, 710.22 real, 275 MB
[runlim] sample:		720.21 time, 720.22 real, 275 MB
[runlim] sample:		730.21 time, 730.22 real, 275 MB
[runlim] sample:		740.21 time, 740.22 real, 277 MB
[runlim] sample:		750.21 time, 750.22 real, 277 MB
[runlim] sample:		760.21 time, 760.22 real, 277 MB
[runlim] sample:		770.21 time, 770.22 real, 277 MB
[runlim] sample:		780.21 time, 780.22 real, 278 MB
[runlim] sample:		790.21 time, 790.22 real, 278 MB
[runlim] sample:		800.21 time, 800.22 real, 278 MB
[runlim] sample:		810.21 time, 810.22 real, 278 MB
[runlim] sample:		820.20 time, 820.22 real, 279 MB
[runlim] sample:		830.21 time, 830.22 real, 281 MB
[runlim] sample:		840.20 time, 840.22 real, 282 MB
[runlim] sample:		850.20 time, 850.22 real, 283 MB
[runlim] sample:		860.21 time, 860.22 real, 285 MB
[runlim] sample:		870.21 time, 870.22 real, 286 MB
[runlim] sample:		880.21 time, 880.22 real, 287 MB
[runlim] sample:		890.21 time, 890.22 real, 288 MB
[runlim] sample:		900.21 time, 900.22 real, 289 MB
[runlim] sample:		910.20 time, 910.22 real, 290 MB
[runlim] sample:		920.20 time, 920.22 real, 291 MB
[runlim] sample:		930.21 time, 930.22 real, 292 MB
[runlim] sample:		940.21 time, 940.22 real, 294 MB
[runlim] sample:		950.21 time, 950.22 real, 295 MB
[runlim] sample:		960.20 time, 960.22 real, 296 MB
[runlim] sample:		970.20 time, 970.22 real, 297 MB
[runlim] sample:		980.20 time, 980.22 real, 298 MB
[runlim] sample:		990.20 time, 990.22 real, 299 MB
[runlim] sample:		1000.20 time, 1000.22 real, 301 MB
[runlim] sample:		1010.20 time, 1010.22 real, 303 MB
[runlim] sample:		1020.20 time, 1020.22 real, 304 MB
[runlim] sample:		1030.21 time, 1030.22 real, 311 MB
[runlim] sample:		1040.21 time, 1040.22 real, 311 MB
[runlim] sample:		1050.21 time, 1050.22 real, 311 MB
[runlim] sample:		1060.21 time, 1060.22 real, 312 MB
[runlim] sample:		1070.20 time, 1070.22 real, 313 MB
[runlim] sample:		1080.20 time, 1080.22 real, 314 MB
[runlim] sample:		1090.20 time, 1090.22 real, 315 MB
[runlim] sample:		1100.20 time, 1100.22 real, 316 MB
[runlim] sample:		1110.20 time, 1110.22 real, 317 MB
[runlim] sample:		1120.20 time, 1120.22 real, 318 MB
[runlim] sample:		1130.20 time, 1130.22 real, 320 MB
[runlim] sample:		1140.20 time, 1140.22 real, 321 MB
[runlim] sample:		1150.20 time, 1150.22 real, 322 MB
[runlim] sample:		1160.21 time, 1160.22 real, 323 MB
[runlim] sample:		1170.21 time, 1170.22 real, 324 MB
[runlim] sample:		1180.21 time, 1180.22 real, 325 MB
[runlim] sample:		1190.21 time, 1190.22 real, 326 MB
[runlim] sample:		1200.21 time, 1200.22 real, 327 MB
[runlim] sample:		1210.21 time, 1210.22 real, 327 MB
[runlim] sample:		1220.21 time, 1220.22 real, 328 MB
[runlim] sample:		1230.21 time, 1230.22 real, 329 MB
[runlim] sample:		1240.20 time, 1240.22 real, 330 MB
[runlim] sample:		1250.20 time, 1250.22 real, 331 MB
[runlim] sample:		1260.20 time, 1260.22 real, 332 MB
[runlim] sample:		1270.20 time, 1270.22 real, 333 MB
[runlim] sample:		1280.20 time, 1280.22 real, 334 MB
[runlim] sample:		1290.20 time, 1290.22 real, 335 MB
[runlim] sample:		1300.20 time, 1300.22 real, 336 MB
[runlim] sample:		1310.20 time, 1310.22 real, 336 MB
[runlim] sample:		1320.20 time, 1320.22 real, 338 MB
[runlim] sample:		1330.20 time, 1330.22 real, 339 MB
[runlim] sample:		1340.20 time, 1340.22 real, 340 MB
[runlim] sample:		1350.21 time, 1350.22 real, 340 MB
[runlim] sample:		1360.20 time, 1360.22 real, 341 MB
[runlim] sample:		1370.20 time, 1370.22 real, 342 MB
[runlim] sample:		1380.20 time, 1380.22 real, 343 MB
[runlim] sample:		1390.20 time, 1390.22 real, 344 MB
[runlim] sample:		1400.20 time, 1400.22 real, 344 MB
[runlim] sample:		1410.20 time, 1410.22 real, 345 MB
[runlim] sample:		1420.20 time, 1420.22 real, 346 MB
[runlim] sample:		1430.20 time, 1430.22 real, 347 MB
[runlim] sample:		1440.20 time, 1440.22 real, 348 MB
[runlim] sample:		1450.20 time, 1450.22 real, 348 MB
[runlim] sample:		1460.20 time, 1460.22 real, 349 MB
[runlim] sample:		1470.20 time, 1470.22 real, 350 MB
[runlim] sample:		1480.20 time, 1480.22 real, 351 MB
[runlim] sample:		1490.20 time, 1490.22 real, 352 MB
[runlim] sample:		1500.20 time, 1500.22 real, 353 MB
[runlim] sample:		1510.20 time, 1510.22 real, 353 MB
[runlim] sample:		1520.20 time, 1520.22 real, 354 MB
[runlim] sample:		1530.20 time, 1530.22 real, 355 MB
[runlim] sample:		1540.20 time, 1540.22 real, 465 MB
[runlim] sample:		1550.20 time, 1550.22 real, 466 MB
[runlim] sample:		1560.20 time, 1560.22 real, 466 MB
[runlim] sample:		1570.20 time, 1570.22 real, 466 MB
[runlim] sample:		1580.20 time, 1580.22 real, 466 MB
[runlim] sample:		1590.20 time, 1590.22 real, 466 MB
[runlim] sample:		1600.20 time, 1600.22 real, 466 MB
[runlim] sample:		1610.20 time, 1610.22 real, 466 MB
[runlim] sample:		1620.20 time, 1620.22 real, 466 MB
[runlim] sample:		1630.20 time, 1630.22 real, 466 MB
[runlim] sample:		1640.20 time, 1640.22 real, 466 MB
[runlim] sample:		1650.20 time, 1650.22 real, 466 MB
[runlim] sample:		1660.20 time, 1660.22 real, 466 MB
[runlim] sample:		1670.20 time, 1670.22 real, 466 MB
[runlim] sample:		1680.20 time, 1680.22 real, 466 MB
[runlim] sample:		1690.20 time, 1690.22 real, 466 MB
[runlim] sample:		1700.20 time, 1700.22 real, 466 MB
[runlim] sample:		1710.20 time, 1710.22 real, 466 MB
[runlim] sample:		1720.20 time, 1720.22 real, 466 MB
[runlim] sample:		1730.20 time, 1730.22 real, 466 MB
[runlim] sample:		1740.20 time, 1740.22 real, 466 MB
[runlim] sample:		1750.20 time, 1750.22 real, 466 MB
[runlim] sample:		1760.20 time, 1760.22 real, 466 MB
[runlim] sample:		1770.20 time, 1770.22 real, 466 MB
[runlim] sample:		1780.20 time, 1780.22 real, 466 MB
[runlim] sample:		1790.20 time, 1790.22 real, 466 MB
[runlim] sample:		1800.20 time, 1800.22 real, 466 MB
[runlim] sample:		1810.20 time, 1810.22 real, 466 MB
[runlim] sample:		1820.20 time, 1820.22 real, 466 MB
[runlim] sample:		1830.20 time, 1830.22 real, 466 MB
[runlim] sample:		1840.20 time, 1840.22 real, 466 MB
[runlim] sample:		1850.20 time, 1850.22 real, 466 MB
[runlim] sample:		1860.20 time, 1860.22 real, 466 MB
[runlim] sample:		1870.20 time, 1870.22 real, 466 MB
[runlim] sample:		1880.20 time, 1880.22 real, 466 MB
[runlim] sample:		1890.20 time, 1890.22 real, 466 MB
[runlim] sample:		1900.20 time, 1900.22 real, 466 MB
[runlim] sample:		1910.20 time, 1910.22 real, 466 MB
[runlim] sample:		1920.20 time, 1920.22 real, 466 MB
[runlim] sample:		1930.20 time, 1930.22 real, 466 MB
[runlim] sample:		1940.20 time, 1940.22 real, 466 MB
[runlim] sample:		1950.20 time, 1950.22 real, 466 MB
[runlim] sample:		1960.20 time, 1960.22 real, 466 MB
[runlim] sample:		1970.20 time, 1970.22 real, 466 MB
[runlim] sample:		1980.21 time, 1980.22 real, 466 MB
[runlim] sample:		1990.21 time, 1990.22 real, 466 MB
[runlim] sample:		2000.21 time, 2000.22 real, 466 MB
[runlim] sample:		2010.21 time, 2010.22 real, 466 MB
[runlim] sample:		2020.21 time, 2020.22 real, 466 MB
[runlim] sample:		2030.21 time, 2030.22 real, 466 MB
[runlim] sample:		2040.21 time, 2040.22 real, 466 MB
[runlim] sample:		2050.21 time, 2050.22 real, 466 MB
[runlim] sample:		2060.21 time, 2060.22 real, 466 MB
[runlim] sample:		2070.21 time, 2070.22 real, 466 MB
[runlim] sample:		2080.21 time, 2080.22 real, 466 MB
[runlim] sample:		2090.21 time, 2090.22 real, 466 MB
[runlim] sample:		2100.21 time, 2100.22 real, 466 MB
[runlim] sample:		2110.21 time, 2110.22 real, 466 MB
[runlim] sample:		2120.21 time, 2120.22 real, 466 MB
[runlim] sample:		2130.21 time, 2130.22 real, 466 MB
[runlim] sample:		2140.21 time, 2140.22 real, 466 MB
[runlim] sample:		2150.20 time, 2150.22 real, 466 MB
[runlim] sample:		2160.20 time, 2160.22 real, 466 MB
[runlim] sample:		2170.20 time, 2170.22 real, 466 MB
[runlim] sample:		2180.20 time, 2180.22 real, 466 MB
[runlim] sample:		2190.20 time, 2190.22 real, 466 MB
[runlim] sample:		2200.20 time, 2200.22 real, 466 MB
[runlim] sample:		2210.20 time, 2210.22 real, 466 MB
[runlim] sample:		2220.20 time, 2220.22 real, 466 MB
[runlim] sample:		2230.20 time, 2230.22 real, 466 MB
[runlim] sample:		2240.20 time, 2240.22 real, 466 MB
[runlim] sample:		2250.20 time, 2250.22 real, 466 MB
[runlim] sample:		2260.20 time, 2260.22 real, 466 MB
[runlim] sample:		2270.20 time, 2270.22 real, 466 MB
[runlim] sample:		2280.20 time, 2280.22 real, 466 MB
[runlim] sample:		2290.20 time, 2290.22 real, 466 MB
[runlim] sample:		2300.20 time, 2300.22 real, 466 MB
[runlim] sample:		2310.20 time, 2310.22 real, 466 MB
[runlim] sample:		2320.20 time, 2320.22 real, 467 MB
[runlim] sample:		2330.20 time, 2330.22 real, 467 MB
[runlim] sample:		2340.20 time, 2340.22 real, 467 MB
[runlim] sample:		2350.20 time, 2350.22 real, 467 MB
[runlim] sample:		2360.20 time, 2360.22 real, 467 MB
[runlim] sample:		2370.20 time, 2370.22 real, 467 MB
[runlim] sample:		2380.20 time, 2380.22 real, 467 MB
[runlim] sample:		2390.20 time, 2390.22 real, 467 MB
[runlim] sample:		2400.20 time, 2400.22 real, 467 MB
[runlim] sample:		2410.20 time, 2410.22 real, 467 MB
[runlim] sample:		2420.20 time, 2420.22 real, 467 MB
[runlim] sample:		2430.20 time, 2430.22 real, 467 MB
[runlim] sample:		2440.20 time, 2440.22 real, 467 MB
[runlim] sample:		2450.20 time, 2450.22 real, 467 MB
[runlim] sample:		2460.20 time, 2460.22 real, 467 MB
[runlim] sample:		2470.20 time, 2470.22 real, 467 MB
[runlim] sample:		2480.20 time, 2480.22 real, 467 MB
[runlim] sample:		2490.20 time, 2490.22 real, 467 MB
[runlim] sample:		2500.20 time, 2500.22 real, 467 MB
[runlim] sample:		2510.20 time, 2510.22 real, 467 MB
[runlim] sample:		2520.20 time, 2520.22 real, 467 MB
[runlim] sample:		2530.20 time, 2530.22 real, 467 MB
[runlim] sample:		2540.20 time, 2540.22 real, 468 MB
[runlim] sample:		2550.20 time, 2550.22 real, 468 MB
[runlim] sample:		2560.20 time, 2560.22 real, 469 MB
[runlim] sample:		2570.21 time, 2570.22 real, 470 MB
[runlim] sample:		2580.21 time, 2580.22 real, 471 MB
[runlim] sample:		2590.21 time, 2590.22 real, 471 MB
[runlim] sample:		2600.21 time, 2600.22 real, 471 MB
[runlim] sample:		2610.21 time, 2610.22 real, 471 MB
[runlim] sample:		2620.21 time, 2620.22 real, 471 MB
[runlim] sample:		2630.21 time, 2630.22 real, 471 MB
[runlim] sample:		2640.21 time, 2640.22 real, 471 MB
[runlim] sample:		2650.21 time, 2650.22 real, 471 MB
[runlim] sample:		2660.21 time, 2660.22 real, 471 MB
[runlim] sample:		2670.21 time, 2670.22 real, 471 MB
[runlim] sample:		2680.21 time, 2680.22 real, 472 MB
[runlim] sample:		2690.21 time, 2690.22 real, 473 MB
[runlim] end:			Sat Feb 29 07:57:54 2020
[runlim] status:		out of time
[runlim] result:		2
[runlim] children:		1
[runlim] real:			2700.12 seconds
[runlim] time:			2700.00 seconds
[runlim] space:			481 MB
[runlim] samples:		26998
