[runlim] version:		1.18
[runlim] host:			c3n22
[runlim] time limit:		2700 seconds
[runlim] real time limit:	2700 seconds
[runlim] space limit:		7000 MB
[runlim] argv[0]:		./binary
[runlim] argv[1]:		/data/cnf/ankit/E1-A1-instances/TOILET7.1.iv.14.qdimacs
[runlim] start:			Sat Feb 29 07:12:54 2020
[runlim] child:			18319
[runlim] sample:		10.01 time, 10.02 real, 69 MB
[runlim] sample:		20.00 time, 20.02 real, 95 MB
[runlim] sample:		30.00 time, 30.02 real, 95 MB
[runlim] sample:		40.00 time, 40.02 real, 153 MB
[runlim] sample:		50.00 time, 50.02 real, 169 MB
[runlim] sample:		60.00 time, 60.02 real, 169 MB
[runlim] sample:		70.00 time, 70.02 real, 169 MB
[runlim] sample:		80.00 time, 80.02 real, 169 MB
[runlim] sample:		90.00 time, 90.02 real, 169 MB
[runlim] sample:		100.00 time, 100.02 real, 169 MB
[runlim] sample:		110.00 time, 110.02 real, 169 MB
[runlim] sample:		120.01 time, 120.02 real, 169 MB
[runlim] sample:		130.00 time, 130.02 real, 169 MB
[runlim] sample:		140.00 time, 140.02 real, 169 MB
[runlim] sample:		150.00 time, 150.02 real, 169 MB
[runlim] sample:		160.00 time, 160.02 real, 169 MB
[runlim] sample:		170.00 time, 170.02 real, 169 MB
[runlim] sample:		180.00 time, 180.02 real, 169 MB
[runlim] sample:		190.00 time, 190.02 real, 169 MB
[runlim] sample:		200.00 time, 200.02 real, 215 MB
[runlim] sample:		210.01 time, 210.02 real, 240 MB
[runlim] sample:		220.01 time, 220.02 real, 240 MB
[runlim] sample:		230.01 time, 230.02 real, 240 MB
[runlim] sample:		240.01 time, 240.02 real, 240 MB
[runlim] sample:		250.01 time, 250.02 real, 240 MB
[runlim] sample:		260.01 time, 260.02 real, 240 MB
[runlim] sample:		270.01 time, 270.02 real, 240 MB
[runlim] sample:		280.01 time, 280.02 real, 240 MB
[runlim] sample:		290.01 time, 290.02 real, 240 MB
[runlim] sample:		300.01 time, 300.02 real, 240 MB
[runlim] sample:		310.01 time, 310.02 real, 240 MB
[runlim] sample:		320.01 time, 320.02 real, 240 MB
[runlim] sample:		330.01 time, 330.02 real, 240 MB
[runlim] sample:		340.01 time, 340.02 real, 240 MB
[runlim] sample:		350.21 time, 350.22 real, 240 MB
[runlim] sample:		360.21 time, 360.22 real, 240 MB
[runlim] sample:		370.21 time, 370.22 real, 240 MB
[runlim] sample:		380.21 time, 380.22 real, 240 MB
[runlim] sample:		390.21 time, 390.22 real, 240 MB
[runlim] sample:		400.21 time, 400.22 real, 240 MB
[runlim] sample:		410.21 time, 410.22 real, 240 MB
[runlim] sample:		420.21 time, 420.22 real, 240 MB
[runlim] sample:		430.21 time, 430.22 real, 240 MB
[runlim] sample:		440.30 time, 440.31 real, 241 MB
[runlim] sample:		450.41 time, 450.42 real, 241 MB
[runlim] sample:		460.41 time, 460.42 real, 241 MB
[runlim] sample:		470.41 time, 470.42 real, 241 MB
[runlim] sample:		480.41 time, 480.42 real, 241 MB
[runlim] sample:		490.41 time, 490.42 real, 241 MB
[runlim] sample:		500.41 time, 500.42 real, 241 MB
[runlim] sample:		510.41 time, 510.42 real, 241 MB
[runlim] sample:		520.41 time, 520.42 real, 241 MB
[runlim] sample:		530.41 time, 530.42 real, 241 MB
[runlim] sample:		540.41 time, 540.42 real, 241 MB
[runlim] sample:		550.41 time, 550.42 real, 241 MB
[runlim] sample:		560.41 time, 560.42 real, 241 MB
[runlim] sample:		570.41 time, 570.42 real, 241 MB
[runlim] sample:		580.41 time, 580.42 real, 241 MB
[runlim] sample:		590.41 time, 590.42 real, 241 MB
[runlim] sample:		600.41 time, 600.42 real, 241 MB
[runlim] sample:		610.40 time, 610.42 real, 242 MB
[runlim] sample:		620.41 time, 620.42 real, 244 MB
[runlim] sample:		630.41 time, 630.42 real, 245 MB
[runlim] sample:		640.41 time, 640.42 real, 246 MB
[runlim] sample:		650.40 time, 650.42 real, 247 MB
[runlim] sample:		660.41 time, 660.42 real, 248 MB
[runlim] sample:		670.40 time, 670.42 real, 249 MB
[runlim] sample:		680.40 time, 680.42 real, 250 MB
[runlim] sample:		690.40 time, 690.42 real, 251 MB
[runlim] sample:		700.40 time, 700.42 real, 252 MB
[runlim] sample:		710.40 time, 710.42 real, 253 MB
[runlim] sample:		720.40 time, 720.42 real, 254 MB
[runlim] sample:		730.40 time, 730.42 real, 255 MB
[runlim] sample:		740.41 time, 740.42 real, 256 MB
[runlim] sample:		750.40 time, 750.42 real, 257 MB
[runlim] sample:		760.40 time, 760.42 real, 258 MB
[runlim] sample:		770.41 time, 770.42 real, 259 MB
[runlim] sample:		780.41 time, 780.42 real, 260 MB
[runlim] sample:		790.40 time, 790.42 real, 261 MB
[runlim] sample:		800.40 time, 800.42 real, 262 MB
[runlim] sample:		810.40 time, 810.42 real, 263 MB
[runlim] sample:		820.40 time, 820.42 real, 264 MB
[runlim] sample:		830.40 time, 830.42 real, 264 MB
[runlim] sample:		840.40 time, 840.42 real, 266 MB
[runlim] sample:		850.40 time, 850.42 real, 267 MB
[runlim] sample:		860.40 time, 860.42 real, 267 MB
[runlim] sample:		870.40 time, 870.42 real, 268 MB
[runlim] sample:		880.40 time, 880.42 real, 269 MB
[runlim] sample:		890.40 time, 890.42 real, 270 MB
[runlim] sample:		900.40 time, 900.42 real, 271 MB
[runlim] sample:		910.41 time, 910.42 real, 272 MB
[runlim] sample:		920.41 time, 920.42 real, 273 MB
[runlim] sample:		930.41 time, 930.42 real, 274 MB
[runlim] sample:		940.40 time, 940.42 real, 275 MB
[runlim] sample:		950.41 time, 950.42 real, 374 MB
[runlim] sample:		960.41 time, 960.42 real, 383 MB
[runlim] sample:		970.41 time, 970.42 real, 383 MB
[runlim] sample:		980.41 time, 980.42 real, 383 MB
[runlim] sample:		990.41 time, 990.42 real, 383 MB
[runlim] sample:		1000.41 time, 1000.42 real, 383 MB
[runlim] sample:		1010.41 time, 1010.42 real, 383 MB
[runlim] sample:		1020.41 time, 1020.42 real, 383 MB
[runlim] sample:		1030.41 time, 1030.42 real, 383 MB
[runlim] sample:		1040.41 time, 1040.42 real, 383 MB
[runlim] sample:		1050.41 time, 1050.42 real, 383 MB
[runlim] sample:		1060.41 time, 1060.42 real, 383 MB
[runlim] sample:		1070.41 time, 1070.42 real, 383 MB
[runlim] sample:		1080.41 time, 1080.42 real, 383 MB
[runlim] sample:		1090.41 time, 1090.42 real, 383 MB
[runlim] sample:		1100.41 time, 1100.42 real, 383 MB
[runlim] sample:		1110.41 time, 1110.42 real, 383 MB
[runlim] sample:		1120.41 time, 1120.42 real, 383 MB
[runlim] sample:		1130.41 time, 1130.42 real, 383 MB
[runlim] sample:		1140.41 time, 1140.42 real, 383 MB
[runlim] sample:		1150.41 time, 1150.42 real, 383 MB
[runlim] sample:		1160.41 time, 1160.42 real, 383 MB
[runlim] sample:		1170.41 time, 1170.42 real, 383 MB
[runlim] sample:		1180.41 time, 1180.42 real, 383 MB
[runlim] sample:		1190.41 time, 1190.42 real, 383 MB
[runlim] sample:		1200.41 time, 1200.42 real, 383 MB
[runlim] sample:		1210.41 time, 1210.42 real, 383 MB
[runlim] sample:		1220.41 time, 1220.42 real, 383 MB
[runlim] sample:		1230.41 time, 1230.42 real, 383 MB
[runlim] sample:		1240.41 time, 1240.42 real, 383 MB
[runlim] sample:		1250.41 time, 1250.42 real, 383 MB
[runlim] sample:		1260.41 time, 1260.42 real, 383 MB
[runlim] sample:		1270.41 time, 1270.42 real, 383 MB
[runlim] sample:		1280.41 time, 1280.42 real, 383 MB
[runlim] sample:		1290.41 time, 1290.42 real, 383 MB
[runlim] sample:		1300.41 time, 1300.42 real, 383 MB
[runlim] sample:		1310.41 time, 1310.42 real, 383 MB
[runlim] sample:		1320.41 time, 1320.42 real, 383 MB
[runlim] sample:		1330.41 time, 1330.42 real, 383 MB
[runlim] sample:		1340.41 time, 1340.42 real, 383 MB
[runlim] sample:		1350.41 time, 1350.42 real, 383 MB
[runlim] sample:		1360.41 time, 1360.42 real, 383 MB
[runlim] sample:		1370.41 time, 1370.42 real, 383 MB
[runlim] sample:		1380.41 time, 1380.42 real, 383 MB
[runlim] sample:		1390.41 time, 1390.42 real, 383 MB
[runlim] sample:		1400.41 time, 1400.42 real, 383 MB
[runlim] sample:		1410.41 time, 1410.42 real, 383 MB
[runlim] sample:		1420.41 time, 1420.42 real, 383 MB
[runlim] sample:		1430.41 time, 1430.42 real, 383 MB
[runlim] sample:		1440.41 time, 1440.42 real, 383 MB
[runlim] sample:		1450.41 time, 1450.42 real, 383 MB
[runlim] sample:		1460.41 time, 1460.42 real, 383 MB
[runlim] sample:		1470.41 time, 1470.42 real, 383 MB
[runlim] sample:		1480.41 time, 1480.42 real, 383 MB
[runlim] sample:		1490.41 time, 1490.42 real, 383 MB
[runlim] sample:		1500.41 time, 1500.42 real, 383 MB
[runlim] sample:		1510.41 time, 1510.42 real, 383 MB
[runlim] sample:		1520.41 time, 1520.42 real, 383 MB
[runlim] sample:		1530.41 time, 1530.42 real, 384 MB
[runlim] sample:		1540.41 time, 1540.42 real, 384 MB
[runlim] sample:		1550.41 time, 1550.42 real, 385 MB
[runlim] sample:		1560.41 time, 1560.42 real, 386 MB
[runlim] sample:		1570.41 time, 1570.42 real, 387 MB
[runlim] sample:		1580.41 time, 1580.42 real, 388 MB
[runlim] sample:		1590.41 time, 1590.42 real, 389 MB
[runlim] sample:		1600.40 time, 1600.42 real, 390 MB
[runlim] sample:		1610.40 time, 1610.42 real, 391 MB
[runlim] sample:		1620.40 time, 1620.42 real, 392 MB
[runlim] sample:		1630.41 time, 1630.42 real, 393 MB
[runlim] sample:		1640.40 time, 1640.42 real, 394 MB
[runlim] sample:		1650.41 time, 1650.42 real, 395 MB
[runlim] sample:		1660.41 time, 1660.42 real, 397 MB
[runlim] sample:		1670.41 time, 1670.42 real, 397 MB
[runlim] sample:		1680.40 time, 1680.42 real, 398 MB
[runlim] sample:		1690.40 time, 1690.42 real, 399 MB
[runlim] sample:		1700.40 time, 1700.42 real, 400 MB
[runlim] sample:		1710.41 time, 1710.42 real, 401 MB
[runlim] sample:		1720.40 time, 1720.42 real, 402 MB
[runlim] sample:		1730.40 time, 1730.42 real, 403 MB
[runlim] sample:		1740.40 time, 1740.42 real, 403 MB
[runlim] sample:		1750.40 time, 1750.42 real, 403 MB
[runlim] sample:		1760.40 time, 1760.42 real, 403 MB
[runlim] sample:		1770.40 time, 1770.42 real, 403 MB
[runlim] sample:		1780.40 time, 1780.42 real, 403 MB
[runlim] sample:		1790.40 time, 1790.42 real, 403 MB
[runlim] sample:		1800.40 time, 1800.42 real, 403 MB
[runlim] sample:		1810.40 time, 1810.42 real, 403 MB
[runlim] sample:		1820.40 time, 1820.42 real, 403 MB
[runlim] sample:		1830.40 time, 1830.42 real, 403 MB
[runlim] sample:		1840.41 time, 1840.42 real, 404 MB
[runlim] sample:		1850.41 time, 1850.42 real, 405 MB
[runlim] sample:		1860.41 time, 1860.42 real, 405 MB
[runlim] sample:		1870.40 time, 1870.42 real, 406 MB
[runlim] sample:		1880.40 time, 1880.42 real, 407 MB
[runlim] sample:		1890.40 time, 1890.42 real, 408 MB
[runlim] sample:		1900.41 time, 1900.42 real, 409 MB
[runlim] sample:		1910.40 time, 1910.42 real, 409 MB
[runlim] sample:		1920.40 time, 1920.42 real, 410 MB
[runlim] sample:		1930.41 time, 1930.42 real, 411 MB
[runlim] sample:		1940.41 time, 1940.42 real, 411 MB
[runlim] sample:		1950.40 time, 1950.42 real, 412 MB
[runlim] sample:		1960.40 time, 1960.42 real, 413 MB
[runlim] sample:		1970.40 time, 1970.42 real, 414 MB
[runlim] sample:		1980.40 time, 1980.42 real, 414 MB
[runlim] sample:		1990.41 time, 1990.42 real, 415 MB
[runlim] sample:		2000.41 time, 2000.42 real, 416 MB
[runlim] sample:		2010.40 time, 2010.42 real, 417 MB
[runlim] sample:		2020.40 time, 2020.42 real, 417 MB
[runlim] sample:		2030.40 time, 2030.42 real, 418 MB
[runlim] sample:		2040.40 time, 2040.42 real, 419 MB
[runlim] sample:		2050.40 time, 2050.42 real, 419 MB
[runlim] sample:		2060.40 time, 2060.42 real, 420 MB
[runlim] sample:		2070.40 time, 2070.42 real, 421 MB
[runlim] sample:		2080.40 time, 2080.42 real, 421 MB
[runlim] sample:		2090.40 time, 2090.42 real, 422 MB
[runlim] sample:		2100.40 time, 2100.42 real, 423 MB
[runlim] sample:		2110.40 time, 2110.42 real, 423 MB
[runlim] sample:		2120.40 time, 2120.42 real, 424 MB
[runlim] sample:		2130.40 time, 2130.42 real, 425 MB
[runlim] sample:		2140.40 time, 2140.42 real, 425 MB
[runlim] sample:		2150.41 time, 2150.42 real, 426 MB
[runlim] sample:		2160.41 time, 2160.42 real, 427 MB
[runlim] sample:		2170.40 time, 2170.42 real, 428 MB
[runlim] sample:		2180.40 time, 2180.42 real, 428 MB
[runlim] sample:		2190.40 time, 2190.42 real, 431 MB
[runlim] sample:		2200.40 time, 2200.42 real, 431 MB
[runlim] sample:		2210.40 time, 2210.42 real, 431 MB
[runlim] sample:		2220.40 time, 2220.42 real, 432 MB
[runlim] sample:		2230.40 time, 2230.42 real, 432 MB
[runlim] sample:		2240.40 time, 2240.42 real, 433 MB
[runlim] sample:		2250.40 time, 2250.42 real, 434 MB
[runlim] sample:		2260.40 time, 2260.42 real, 435 MB
[runlim] sample:		2270.40 time, 2270.42 real, 436 MB
[runlim] sample:		2280.40 time, 2280.42 real, 436 MB
[runlim] sample:		2290.40 time, 2290.42 real, 437 MB
[runlim] sample:		2300.40 time, 2300.42 real, 438 MB
[runlim] sample:		2310.40 time, 2310.42 real, 439 MB
[runlim] sample:		2320.40 time, 2320.42 real, 439 MB
[runlim] sample:		2330.40 time, 2330.42 real, 440 MB
[runlim] sample:		2340.40 time, 2340.42 real, 441 MB
[runlim] sample:		2350.40 time, 2350.42 real, 441 MB
[runlim] sample:		2360.40 time, 2360.42 real, 442 MB
[runlim] sample:		2370.40 time, 2370.42 real, 443 MB
[runlim] sample:		2380.40 time, 2380.42 real, 444 MB
[runlim] sample:		2390.40 time, 2390.42 real, 444 MB
[runlim] sample:		2400.40 time, 2400.42 real, 445 MB
[runlim] sample:		2410.40 time, 2410.42 real, 446 MB
[runlim] sample:		2420.40 time, 2420.42 real, 446 MB
[runlim] sample:		2430.40 time, 2430.42 real, 447 MB
[runlim] sample:		2440.40 time, 2440.42 real, 448 MB
[runlim] sample:		2450.40 time, 2450.42 real, 449 MB
[runlim] sample:		2460.40 time, 2460.42 real, 450 MB
[runlim] sample:		2470.40 time, 2470.42 real, 450 MB
[runlim] sample:		2480.40 time, 2480.42 real, 451 MB
[runlim] sample:		2490.40 time, 2490.42 real, 452 MB
[runlim] sample:		2500.40 time, 2500.42 real, 452 MB
[runlim] sample:		2510.40 time, 2510.42 real, 453 MB
[runlim] sample:		2520.40 time, 2520.42 real, 454 MB
[runlim] sample:		2530.40 time, 2530.42 real, 455 MB
[runlim] sample:		2540.40 time, 2540.42 real, 455 MB
[runlim] sample:		2550.40 time, 2550.42 real, 456 MB
[runlim] sample:		2560.40 time, 2560.42 real, 457 MB
[runlim] sample:		2570.40 time, 2570.42 real, 458 MB
[runlim] sample:		2580.40 time, 2580.42 real, 459 MB
[runlim] sample:		2590.40 time, 2590.42 real, 460 MB
[runlim] sample:		2600.40 time, 2600.42 real, 461 MB
[runlim] sample:		2610.40 time, 2610.42 real, 461 MB
[runlim] sample:		2620.40 time, 2620.42 real, 462 MB
[runlim] sample:		2630.40 time, 2630.42 real, 463 MB
[runlim] sample:		2640.40 time, 2640.42 real, 463 MB
[runlim] sample:		2650.40 time, 2650.42 real, 464 MB
[runlim] sample:		2660.40 time, 2660.42 real, 464 MB
[runlim] sample:		2670.40 time, 2670.42 real, 465 MB
[runlim] sample:		2680.40 time, 2680.42 real, 465 MB
[runlim] sample:		2690.40 time, 2690.42 real, 466 MB
[runlim] end:			Sat Feb 29 07:57:54 2020
[runlim] status:		out of time
[runlim] result:		2
[runlim] children:		1
[runlim] real:			2700.12 seconds
[runlim] time:			2700.00 seconds
[runlim] space:			466 MB
[runlim] samples:		26996
