[runlim] version:		1.18
[runlim] host:			c3n22
[runlim] time limit:		2700 seconds
[runlim] real time limit:	2700 seconds
[runlim] space limit:		7000 MB
[runlim] argv[0]:		./binary
[runlim] argv[1]:		/data/cnf/ankit/E1-A1-instances/ttt_5x5-shape-0-GTTT-2-1-torus-0.qdimacs
[runlim] start:			Sat Feb 29 07:12:54 2020
[runlim] child:			18373
[runlim] sample:		9.99 time, 10.02 real, 84 MB
[runlim] sample:		19.98 time, 20.02 real, 84 MB
[runlim] sample:		29.97 time, 30.02 real, 84 MB
[runlim] sample:		39.97 time, 40.02 real, 87 MB
[runlim] sample:		49.96 time, 50.02 real, 88 MB
[runlim] sample:		59.97 time, 60.02 real, 100 MB
[runlim] sample:		69.96 time, 70.02 real, 143 MB
[runlim] sample:		79.97 time, 80.02 real, 154 MB
[runlim] sample:		89.97 time, 90.02 real, 200 MB
[runlim] sample:		99.97 time, 100.02 real, 200 MB
[runlim] sample:		109.97 time, 110.02 real, 200 MB
[runlim] sample:		119.97 time, 120.02 real, 200 MB
[runlim] sample:		129.97 time, 130.02 real, 200 MB
[runlim] sample:		139.97 time, 140.02 real, 200 MB
[runlim] sample:		149.96 time, 150.02 real, 253 MB
[runlim] sample:		159.96 time, 160.02 real, 253 MB
[runlim] sample:		169.96 time, 170.02 real, 253 MB
[runlim] sample:		179.97 time, 180.02 real, 263 MB
[runlim] sample:		189.97 time, 190.02 real, 263 MB
[runlim] sample:		199.97 time, 200.02 real, 272 MB
[runlim] sample:		209.96 time, 210.02 real, 280 MB
[runlim] sample:		219.96 time, 220.02 real, 286 MB
[runlim] sample:		229.96 time, 230.02 real, 291 MB
[runlim] sample:		239.96 time, 240.02 real, 296 MB
[runlim] sample:		249.97 time, 250.02 real, 301 MB
[runlim] sample:		259.97 time, 260.02 real, 306 MB
[runlim] sample:		269.97 time, 270.02 real, 310 MB
[runlim] sample:		279.97 time, 280.02 real, 314 MB
[runlim] sample:		289.97 time, 290.02 real, 317 MB
[runlim] sample:		299.97 time, 300.02 real, 321 MB
[runlim] sample:		309.97 time, 310.02 real, 323 MB
[runlim] sample:		319.97 time, 320.02 real, 323 MB
[runlim] sample:		329.97 time, 330.02 real, 323 MB
[runlim] sample:		339.96 time, 340.02 real, 324 MB
[runlim] sample:		350.07 time, 350.12 real, 326 MB
[runlim] sample:		360.07 time, 360.12 real, 327 MB
[runlim] sample:		370.07 time, 370.12 real, 328 MB
[runlim] sample:		380.07 time, 380.12 real, 331 MB
[runlim] sample:		390.07 time, 390.12 real, 331 MB
[runlim] sample:		400.07 time, 400.12 real, 332 MB
[runlim] sample:		410.07 time, 410.12 real, 333 MB
[runlim] sample:		420.07 time, 420.12 real, 334 MB
[runlim] sample:		430.07 time, 430.12 real, 335 MB
[runlim] sample:		440.14 time, 440.19 real, 337 MB
[runlim] sample:		450.27 time, 450.32 real, 338 MB
[runlim] sample:		460.26 time, 460.32 real, 340 MB
[runlim] sample:		470.26 time, 470.32 real, 341 MB
[runlim] sample:		480.27 time, 480.32 real, 342 MB
[runlim] sample:		490.27 time, 490.32 real, 343 MB
[runlim] sample:		500.27 time, 500.32 real, 343 MB
[runlim] sample:		510.27 time, 510.32 real, 344 MB
[runlim] sample:		520.26 time, 520.32 real, 345 MB
[runlim] sample:		530.26 time, 530.32 real, 346 MB
[runlim] sample:		540.26 time, 540.32 real, 347 MB
[runlim] sample:		550.26 time, 550.32 real, 347 MB
[runlim] sample:		560.27 time, 560.32 real, 353 MB
[runlim] sample:		570.27 time, 570.32 real, 353 MB
[runlim] sample:		580.27 time, 580.32 real, 489 MB
[runlim] sample:		590.27 time, 590.32 real, 489 MB
[runlim] sample:		600.27 time, 600.32 real, 489 MB
[runlim] sample:		610.27 time, 610.32 real, 489 MB
[runlim] sample:		620.27 time, 620.32 real, 489 MB
[runlim] sample:		630.27 time, 630.32 real, 489 MB
[runlim] sample:		640.27 time, 640.32 real, 489 MB
[runlim] sample:		650.27 time, 650.32 real, 489 MB
[runlim] sample:		660.27 time, 660.32 real, 489 MB
[runlim] sample:		670.27 time, 670.32 real, 489 MB
[runlim] sample:		680.27 time, 680.32 real, 489 MB
[runlim] sample:		690.27 time, 690.32 real, 489 MB
[runlim] sample:		700.27 time, 700.32 real, 489 MB
[runlim] sample:		710.27 time, 710.32 real, 489 MB
[runlim] sample:		720.27 time, 720.32 real, 489 MB
[runlim] sample:		730.27 time, 730.32 real, 489 MB
[runlim] sample:		740.27 time, 740.32 real, 489 MB
[runlim] sample:		750.27 time, 750.32 real, 489 MB
[runlim] sample:		760.27 time, 760.32 real, 489 MB
[runlim] sample:		770.27 time, 770.32 real, 489 MB
[runlim] sample:		780.27 time, 780.32 real, 489 MB
[runlim] sample:		790.27 time, 790.32 real, 489 MB
[runlim] sample:		800.27 time, 800.32 real, 489 MB
[runlim] sample:		810.27 time, 810.32 real, 489 MB
[runlim] sample:		820.27 time, 820.32 real, 489 MB
[runlim] sample:		830.27 time, 830.32 real, 489 MB
[runlim] sample:		840.27 time, 840.32 real, 489 MB
[runlim] sample:		850.27 time, 850.32 real, 489 MB
[runlim] sample:		860.27 time, 860.32 real, 489 MB
[runlim] sample:		870.27 time, 870.32 real, 489 MB
[runlim] sample:		880.27 time, 880.32 real, 490 MB
[runlim] sample:		890.26 time, 890.32 real, 491 MB
[runlim] sample:		900.26 time, 900.32 real, 493 MB
[runlim] sample:		910.27 time, 910.32 real, 495 MB
[runlim] sample:		920.27 time, 920.32 real, 497 MB
[runlim] sample:		930.27 time, 930.32 real, 499 MB
[runlim] sample:		940.27 time, 940.32 real, 501 MB
[runlim] sample:		950.27 time, 950.32 real, 502 MB
[runlim] sample:		960.26 time, 960.32 real, 504 MB
[runlim] sample:		970.26 time, 970.32 real, 506 MB
[runlim] sample:		980.27 time, 980.32 real, 508 MB
[runlim] sample:		990.27 time, 990.32 real, 510 MB
[runlim] sample:		1000.27 time, 1000.32 real, 512 MB
[runlim] sample:		1010.27 time, 1010.32 real, 513 MB
[runlim] sample:		1020.27 time, 1020.32 real, 515 MB
[runlim] sample:		1030.27 time, 1030.32 real, 517 MB
[runlim] sample:		1040.27 time, 1040.32 real, 519 MB
[runlim] sample:		1050.27 time, 1050.32 real, 520 MB
[runlim] sample:		1060.27 time, 1060.32 real, 522 MB
[runlim] sample:		1070.26 time, 1070.32 real, 524 MB
[runlim] sample:		1080.27 time, 1080.32 real, 526 MB
[runlim] sample:		1090.27 time, 1090.32 real, 527 MB
[runlim] sample:		1100.27 time, 1100.32 real, 529 MB
[runlim] sample:		1110.27 time, 1110.32 real, 530 MB
[runlim] sample:		1120.27 time, 1120.32 real, 532 MB
[runlim] sample:		1130.27 time, 1130.32 real, 533 MB
[runlim] sample:		1140.26 time, 1140.32 real, 535 MB
[runlim] sample:		1150.27 time, 1150.32 real, 536 MB
[runlim] sample:		1160.27 time, 1160.32 real, 538 MB
[runlim] sample:		1170.26 time, 1170.32 real, 539 MB
[runlim] sample:		1180.27 time, 1180.32 real, 541 MB
[runlim] sample:		1190.27 time, 1190.32 real, 542 MB
[runlim] sample:		1200.27 time, 1200.32 real, 544 MB
[runlim] sample:		1210.26 time, 1210.32 real, 627 MB
[runlim] sample:		1220.26 time, 1220.32 real, 627 MB
[runlim] sample:		1230.26 time, 1230.32 real, 627 MB
[runlim] sample:		1240.26 time, 1240.32 real, 627 MB
[runlim] sample:		1250.26 time, 1250.32 real, 627 MB
[runlim] sample:		1260.26 time, 1260.32 real, 627 MB
[runlim] sample:		1270.26 time, 1270.32 real, 627 MB
[runlim] sample:		1280.26 time, 1280.32 real, 627 MB
[runlim] sample:		1290.27 time, 1290.32 real, 627 MB
[runlim] sample:		1300.27 time, 1300.32 real, 627 MB
[runlim] sample:		1310.26 time, 1310.32 real, 627 MB
[runlim] sample:		1320.26 time, 1320.32 real, 627 MB
[runlim] sample:		1330.26 time, 1330.32 real, 627 MB
[runlim] sample:		1340.26 time, 1340.32 real, 627 MB
[runlim] sample:		1350.26 time, 1350.32 real, 627 MB
[runlim] sample:		1360.26 time, 1360.32 real, 627 MB
[runlim] sample:		1370.26 time, 1370.32 real, 627 MB
[runlim] sample:		1380.26 time, 1380.32 real, 627 MB
[runlim] sample:		1390.26 time, 1390.32 real, 627 MB
[runlim] sample:		1400.26 time, 1400.32 real, 627 MB
[runlim] sample:		1410.26 time, 1410.32 real, 627 MB
[runlim] sample:		1420.26 time, 1420.32 real, 627 MB
[runlim] sample:		1430.26 time, 1430.32 real, 627 MB
[runlim] sample:		1440.26 time, 1440.32 real, 627 MB
[runlim] sample:		1450.26 time, 1450.32 real, 627 MB
[runlim] sample:		1460.26 time, 1460.32 real, 627 MB
[runlim] sample:		1470.26 time, 1470.32 real, 627 MB
[runlim] sample:		1480.26 time, 1480.32 real, 627 MB
[runlim] sample:		1490.26 time, 1490.32 real, 627 MB
[runlim] sample:		1500.26 time, 1500.32 real, 627 MB
[runlim] sample:		1510.26 time, 1510.32 real, 627 MB
[runlim] sample:		1520.26 time, 1520.32 real, 627 MB
[runlim] sample:		1530.26 time, 1530.32 real, 627 MB
[runlim] sample:		1540.26 time, 1540.32 real, 627 MB
[runlim] sample:		1550.26 time, 1550.32 real, 627 MB
[runlim] sample:		1560.26 time, 1560.32 real, 627 MB
[runlim] sample:		1570.26 time, 1570.32 real, 627 MB
[runlim] sample:		1580.26 time, 1580.32 real, 627 MB
[runlim] sample:		1590.27 time, 1590.32 real, 627 MB
[runlim] sample:		1600.27 time, 1600.32 real, 627 MB
[runlim] sample:		1610.27 time, 1610.32 real, 627 MB
[runlim] sample:		1620.27 time, 1620.32 real, 627 MB
[runlim] sample:		1630.27 time, 1630.32 real, 627 MB
[runlim] sample:		1640.27 time, 1640.32 real, 627 MB
[runlim] sample:		1650.27 time, 1650.32 real, 627 MB
[runlim] sample:		1660.27 time, 1660.32 real, 627 MB
[runlim] sample:		1670.27 time, 1670.32 real, 627 MB
[runlim] sample:		1680.27 time, 1680.32 real, 627 MB
[runlim] sample:		1690.27 time, 1690.32 real, 627 MB
[runlim] sample:		1700.27 time, 1700.32 real, 627 MB
[runlim] sample:		1710.27 time, 1710.32 real, 627 MB
[runlim] sample:		1720.27 time, 1720.32 real, 627 MB
[runlim] sample:		1730.26 time, 1730.32 real, 629 MB
[runlim] sample:		1740.27 time, 1740.32 real, 630 MB
[runlim] sample:		1750.27 time, 1750.32 real, 631 MB
[runlim] sample:		1760.26 time, 1760.32 real, 632 MB
[runlim] sample:		1770.26 time, 1770.32 real, 634 MB
[runlim] sample:		1780.27 time, 1780.32 real, 635 MB
[runlim] sample:		1790.27 time, 1790.32 real, 636 MB
[runlim] sample:		1800.26 time, 1800.32 real, 637 MB
[runlim] sample:		1810.27 time, 1810.32 real, 639 MB
[runlim] sample:		1820.27 time, 1820.32 real, 640 MB
[runlim] sample:		1830.26 time, 1830.32 real, 641 MB
[runlim] sample:		1840.26 time, 1840.32 real, 641 MB
[runlim] sample:		1850.26 time, 1850.32 real, 643 MB
[runlim] sample:		1860.26 time, 1860.32 real, 643 MB
[runlim] sample:		1870.26 time, 1870.32 real, 645 MB
[runlim] sample:		1880.26 time, 1880.32 real, 646 MB
[runlim] sample:		1890.27 time, 1890.32 real, 647 MB
[runlim] sample:		1900.27 time, 1900.32 real, 648 MB
[runlim] sample:		1910.27 time, 1910.32 real, 649 MB
[runlim] sample:		1920.27 time, 1920.32 real, 651 MB
[runlim] sample:		1930.26 time, 1930.32 real, 652 MB
[runlim] sample:		1940.26 time, 1940.32 real, 652 MB
[runlim] sample:		1950.26 time, 1950.32 real, 654 MB
[runlim] sample:		1960.26 time, 1960.32 real, 655 MB
[runlim] sample:		1970.26 time, 1970.32 real, 656 MB
[runlim] sample:		1980.26 time, 1980.32 real, 657 MB
[runlim] sample:		1990.26 time, 1990.32 real, 658 MB
[runlim] sample:		2000.27 time, 2000.32 real, 659 MB
[runlim] sample:		2010.27 time, 2010.32 real, 660 MB
[runlim] sample:		2020.27 time, 2020.32 real, 662 MB
[runlim] sample:		2030.26 time, 2030.32 real, 663 MB
[runlim] sample:		2040.26 time, 2040.32 real, 664 MB
[runlim] sample:		2050.26 time, 2050.32 real, 665 MB
[runlim] sample:		2060.26 time, 2060.32 real, 666 MB
[runlim] sample:		2070.27 time, 2070.32 real, 667 MB
[runlim] sample:		2080.27 time, 2080.32 real, 668 MB
[runlim] sample:		2090.27 time, 2090.32 real, 669 MB
[runlim] sample:		2100.26 time, 2100.32 real, 670 MB
[runlim] sample:		2110.26 time, 2110.32 real, 671 MB
[runlim] sample:		2120.26 time, 2120.32 real, 672 MB
[runlim] sample:		2130.26 time, 2130.32 real, 673 MB
[runlim] sample:		2140.26 time, 2140.32 real, 674 MB
[runlim] sample:		2150.26 time, 2150.32 real, 675 MB
[runlim] sample:		2160.26 time, 2160.32 real, 676 MB
[runlim] sample:		2170.26 time, 2170.32 real, 677 MB
[runlim] sample:		2180.26 time, 2180.32 real, 678 MB
[runlim] sample:		2190.26 time, 2190.32 real, 679 MB
[runlim] sample:		2200.26 time, 2200.32 real, 680 MB
[runlim] sample:		2210.26 time, 2210.32 real, 681 MB
[runlim] sample:		2220.27 time, 2220.32 real, 682 MB
[runlim] sample:		2230.27 time, 2230.32 real, 683 MB
[runlim] sample:		2240.26 time, 2240.32 real, 684 MB
[runlim] sample:		2250.26 time, 2250.32 real, 685 MB
[runlim] sample:		2260.26 time, 2260.32 real, 686 MB
[runlim] sample:		2270.26 time, 2270.32 real, 687 MB
[runlim] sample:		2280.26 time, 2280.32 real, 688 MB
[runlim] sample:		2290.26 time, 2290.32 real, 688 MB
[runlim] sample:		2300.26 time, 2300.32 real, 689 MB
[runlim] sample:		2310.26 time, 2310.32 real, 690 MB
[runlim] sample:		2320.26 time, 2320.32 real, 691 MB
[runlim] sample:		2330.26 time, 2330.32 real, 692 MB
[runlim] sample:		2340.26 time, 2340.32 real, 693 MB
[runlim] sample:		2350.26 time, 2350.32 real, 694 MB
[runlim] sample:		2360.26 time, 2360.32 real, 695 MB
[runlim] sample:		2370.26 time, 2370.32 real, 696 MB
[runlim] sample:		2380.26 time, 2380.32 real, 697 MB
[runlim] sample:		2390.26 time, 2390.32 real, 698 MB
[runlim] sample:		2400.26 time, 2400.32 real, 699 MB
[runlim] sample:		2410.26 time, 2410.32 real, 700 MB
[runlim] sample:		2420.26 time, 2420.32 real, 701 MB
[runlim] sample:		2430.26 time, 2430.32 real, 701 MB
[runlim] sample:		2440.26 time, 2440.32 real, 702 MB
[runlim] sample:		2450.26 time, 2450.32 real, 715 MB
[runlim] sample:		2460.26 time, 2460.32 real, 715 MB
[runlim] sample:		2470.26 time, 2470.32 real, 715 MB
[runlim] sample:		2480.26 time, 2480.32 real, 715 MB
[runlim] sample:		2490.26 time, 2490.32 real, 715 MB
[runlim] sample:		2500.26 time, 2500.32 real, 715 MB
[runlim] sample:		2510.26 time, 2510.32 real, 715 MB
[runlim] sample:		2520.26 time, 2520.32 real, 716 MB
[runlim] sample:		2530.26 time, 2530.32 real, 717 MB
[runlim] sample:		2540.26 time, 2540.32 real, 718 MB
[runlim] sample:		2550.26 time, 2550.32 real, 719 MB
[runlim] sample:		2560.26 time, 2560.32 real, 719 MB
[runlim] sample:		2570.26 time, 2570.32 real, 720 MB
[runlim] sample:		2580.26 time, 2580.32 real, 721 MB
[runlim] sample:		2590.26 time, 2590.32 real, 722 MB
[runlim] sample:		2600.26 time, 2600.32 real, 723 MB
[runlim] sample:		2610.26 time, 2610.32 real, 724 MB
[runlim] sample:		2620.26 time, 2620.32 real, 725 MB
[runlim] sample:		2630.26 time, 2630.32 real, 725 MB
[runlim] sample:		2640.26 time, 2640.32 real, 726 MB
[runlim] sample:		2650.26 time, 2650.32 real, 727 MB
[runlim] sample:		2660.26 time, 2660.32 real, 728 MB
[runlim] sample:		2670.26 time, 2670.32 real, 729 MB
[runlim] sample:		2680.26 time, 2680.32 real, 729 MB
[runlim] sample:		2690.26 time, 2690.32 real, 730 MB
[runlim] end:			Sat Feb 29 07:57:54 2020
[runlim] status:		out of time
[runlim] result:		2
[runlim] children:		1
[runlim] real:			2700.13 seconds
[runlim] time:			2699.95 seconds
[runlim] space:			731 MB
[runlim] samples:		26997
