[runlim] version:		1.18
[runlim] host:			c3n06
[runlim] time limit:		2700 seconds
[runlim] real time limit:	2700 seconds
[runlim] space limit:		7000 MB
[runlim] argv[0]:		./binary
[runlim] argv[1]:		/data/cnf/ankit/E1-A1-Red/arbiter-06-comp-error01-qbf-hardness-depth-15.dqbf
[runlim] start:			Sat Feb 29 06:17:03 2020
[runlim] child:			19353
[runlim] sample:		9.77 time, 10.02 real, 9 MB
[runlim] sample:		19.75 time, 20.02 real, 9 MB
[runlim] sample:		29.72 time, 30.02 real, 38 MB
[runlim] sample:		39.70 time, 40.02 real, 108 MB
[runlim] sample:		49.66 time, 50.02 real, 135 MB
[runlim] sample:		59.64 time, 60.02 real, 164 MB
[runlim] sample:		69.61 time, 70.02 real, 195 MB
[runlim] sample:		79.58 time, 80.02 real, 207 MB
[runlim] sample:		89.54 time, 90.02 real, 215 MB
[runlim] sample:		99.52 time, 100.02 real, 221 MB
[runlim] sample:		109.49 time, 110.02 real, 227 MB
[runlim] sample:		119.47 time, 120.02 real, 232 MB
[runlim] sample:		129.43 time, 130.02 real, 235 MB
[runlim] sample:		139.41 time, 140.02 real, 235 MB
[runlim] sample:		149.39 time, 150.02 real, 235 MB
[runlim] sample:		159.36 time, 160.02 real, 237 MB
[runlim] sample:		169.34 time, 170.02 real, 239 MB
[runlim] sample:		179.30 time, 180.02 real, 241 MB
[runlim] sample:		189.28 time, 190.02 real, 244 MB
[runlim] sample:		199.25 time, 200.02 real, 246 MB
[runlim] sample:		209.22 time, 210.02 real, 248 MB
[runlim] sample:		219.20 time, 220.02 real, 250 MB
[runlim] sample:		229.18 time, 230.02 real, 250 MB
[runlim] sample:		239.15 time, 240.02 real, 251 MB
[runlim] sample:		249.13 time, 250.02 real, 252 MB
[runlim] sample:		259.10 time, 260.02 real, 254 MB
[runlim] sample:		269.07 time, 270.02 real, 256 MB
[runlim] sample:		279.04 time, 280.02 real, 258 MB
[runlim] sample:		289.02 time, 290.02 real, 259 MB
[runlim] sample:		298.99 time, 300.02 real, 261 MB
[runlim] sample:		308.97 time, 310.02 real, 262 MB
[runlim] sample:		318.94 time, 320.02 real, 264 MB
[runlim] sample:		328.90 time, 330.02 real, 380 MB
[runlim] sample:		338.87 time, 340.02 real, 382 MB
[runlim] sample:		348.85 time, 350.02 real, 382 MB
[runlim] sample:		358.82 time, 360.02 real, 382 MB
[runlim] sample:		368.79 time, 370.02 real, 382 MB
[runlim] sample:		378.77 time, 380.02 real, 382 MB
[runlim] sample:		388.74 time, 390.02 real, 382 MB
[runlim] sample:		398.71 time, 400.02 real, 382 MB
[runlim] sample:		408.68 time, 410.02 real, 382 MB
[runlim] sample:		418.65 time, 420.02 real, 382 MB
[runlim] sample:		428.63 time, 430.02 real, 382 MB
[runlim] sample:		438.60 time, 440.02 real, 382 MB
[runlim] sample:		448.57 time, 450.02 real, 382 MB
[runlim] sample:		458.55 time, 460.02 real, 382 MB
[runlim] sample:		468.52 time, 470.02 real, 382 MB
[runlim] sample:		478.49 time, 480.02 real, 382 MB
[runlim] sample:		488.46 time, 490.02 real, 382 MB
[runlim] sample:		498.44 time, 500.02 real, 382 MB
[runlim] sample:		508.40 time, 510.02 real, 383 MB
[runlim] sample:		518.38 time, 520.02 real, 383 MB
[runlim] sample:		528.35 time, 530.02 real, 383 MB
[runlim] sample:		538.32 time, 540.02 real, 383 MB
[runlim] sample:		548.29 time, 550.02 real, 383 MB
[runlim] sample:		558.27 time, 560.02 real, 383 MB
[runlim] sample:		568.23 time, 570.02 real, 383 MB
[runlim] sample:		578.21 time, 580.02 real, 383 MB
[runlim] sample:		588.18 time, 590.02 real, 383 MB
[runlim] sample:		598.15 time, 600.02 real, 383 MB
[runlim] sample:		608.12 time, 610.02 real, 383 MB
[runlim] sample:		618.10 time, 620.02 real, 384 MB
[runlim] sample:		628.07 time, 630.02 real, 384 MB
[runlim] sample:		638.04 time, 640.02 real, 384 MB
[runlim] sample:		648.01 time, 650.02 real, 384 MB
[runlim] sample:		657.98 time, 660.02 real, 384 MB
[runlim] sample:		667.95 time, 670.02 real, 384 MB
[runlim] sample:		677.93 time, 680.02 real, 384 MB
[runlim] sample:		687.90 time, 690.02 real, 384 MB
[runlim] sample:		697.88 time, 700.02 real, 384 MB
[runlim] sample:		707.85 time, 710.02 real, 384 MB
[runlim] sample:		717.81 time, 720.02 real, 384 MB
[runlim] sample:		727.78 time, 730.02 real, 384 MB
[runlim] sample:		737.76 time, 740.02 real, 385 MB
[runlim] sample:		747.73 time, 750.02 real, 385 MB
[runlim] sample:		757.70 time, 760.02 real, 385 MB
[runlim] sample:		767.68 time, 770.02 real, 385 MB
[runlim] sample:		777.68 time, 780.02 real, 385 MB
[runlim] sample:		787.68 time, 790.02 real, 385 MB
[runlim] sample:		797.68 time, 800.02 real, 385 MB
[runlim] sample:		807.68 time, 810.02 real, 385 MB
[runlim] sample:		817.68 time, 820.02 real, 385 MB
[runlim] sample:		827.68 time, 830.02 real, 385 MB
[runlim] sample:		837.68 time, 840.02 real, 385 MB
[runlim] sample:		847.68 time, 850.02 real, 385 MB
[runlim] sample:		857.68 time, 860.02 real, 385 MB
[runlim] sample:		867.68 time, 870.02 real, 385 MB
[runlim] sample:		877.68 time, 880.02 real, 385 MB
[runlim] sample:		887.68 time, 890.02 real, 385 MB
[runlim] sample:		897.68 time, 900.02 real, 385 MB
[runlim] sample:		907.68 time, 910.02 real, 385 MB
[runlim] sample:		917.68 time, 920.02 real, 385 MB
[runlim] sample:		927.68 time, 930.02 real, 386 MB
[runlim] sample:		937.68 time, 940.02 real, 386 MB
[runlim] sample:		947.68 time, 950.02 real, 387 MB
[runlim] sample:		957.68 time, 960.02 real, 387 MB
[runlim] sample:		967.68 time, 970.02 real, 387 MB
[runlim] sample:		977.68 time, 980.02 real, 388 MB
[runlim] sample:		987.68 time, 990.02 real, 389 MB
[runlim] sample:		997.68 time, 1000.02 real, 390 MB
[runlim] sample:		1007.67 time, 1010.02 real, 391 MB
[runlim] sample:		1017.68 time, 1020.02 real, 392 MB
[runlim] sample:		1027.68 time, 1030.02 real, 394 MB
[runlim] sample:		1037.68 time, 1040.02 real, 395 MB
[runlim] sample:		1047.67 time, 1050.02 real, 396 MB
[runlim] sample:		1057.68 time, 1060.02 real, 397 MB
[runlim] sample:		1067.68 time, 1070.02 real, 398 MB
[runlim] sample:		1077.68 time, 1080.02 real, 399 MB
[runlim] sample:		1087.68 time, 1090.02 real, 400 MB
[runlim] sample:		1097.68 time, 1100.02 real, 401 MB
[runlim] sample:		1107.68 time, 1110.02 real, 402 MB
[runlim] sample:		1117.68 time, 1120.02 real, 403 MB
[runlim] sample:		1127.68 time, 1130.02 real, 404 MB
[runlim] sample:		1137.68 time, 1140.02 real, 405 MB
[runlim] sample:		1147.68 time, 1150.02 real, 405 MB
[runlim] sample:		1157.68 time, 1160.02 real, 406 MB
[runlim] sample:		1167.68 time, 1170.02 real, 406 MB
[runlim] sample:		1177.68 time, 1180.02 real, 407 MB
[runlim] sample:		1187.68 time, 1190.02 real, 407 MB
[runlim] sample:		1197.68 time, 1200.02 real, 407 MB
[runlim] sample:		1207.68 time, 1210.02 real, 408 MB
[runlim] sample:		1217.68 time, 1220.02 real, 408 MB
[runlim] sample:		1227.68 time, 1230.02 real, 409 MB
[runlim] sample:		1237.68 time, 1240.02 real, 410 MB
[runlim] sample:		1247.68 time, 1250.02 real, 410 MB
[runlim] sample:		1257.67 time, 1260.02 real, 411 MB
[runlim] sample:		1267.68 time, 1270.02 real, 412 MB
[runlim] sample:		1277.68 time, 1280.02 real, 413 MB
[runlim] sample:		1287.68 time, 1290.02 real, 414 MB
[runlim] sample:		1297.68 time, 1300.02 real, 415 MB
[runlim] sample:		1307.68 time, 1310.02 real, 416 MB
[runlim] sample:		1317.68 time, 1320.02 real, 417 MB
[runlim] sample:		1327.68 time, 1330.02 real, 417 MB
[runlim] sample:		1337.68 time, 1340.02 real, 418 MB
[runlim] sample:		1347.68 time, 1350.02 real, 419 MB
[runlim] sample:		1357.68 time, 1360.02 real, 420 MB
[runlim] sample:		1367.68 time, 1370.02 real, 421 MB
[runlim] sample:		1377.68 time, 1380.02 real, 422 MB
[runlim] sample:		1387.68 time, 1390.02 real, 422 MB
[runlim] sample:		1397.68 time, 1400.02 real, 423 MB
[runlim] sample:		1407.68 time, 1410.02 real, 423 MB
[runlim] sample:		1417.68 time, 1420.02 real, 424 MB
[runlim] sample:		1427.68 time, 1430.02 real, 425 MB
[runlim] sample:		1437.68 time, 1440.02 real, 425 MB
[runlim] sample:		1447.68 time, 1450.02 real, 426 MB
[runlim] sample:		1457.68 time, 1460.02 real, 427 MB
[runlim] sample:		1467.68 time, 1470.02 real, 427 MB
[runlim] sample:		1477.68 time, 1480.02 real, 428 MB
[runlim] sample:		1487.67 time, 1490.02 real, 429 MB
[runlim] sample:		1497.67 time, 1500.02 real, 430 MB
[runlim] sample:		1507.68 time, 1510.02 real, 431 MB
[runlim] sample:		1517.68 time, 1520.02 real, 432 MB
[runlim] sample:		1527.68 time, 1530.02 real, 433 MB
[runlim] sample:		1537.68 time, 1540.02 real, 433 MB
[runlim] sample:		1547.68 time, 1550.02 real, 434 MB
[runlim] sample:		1557.68 time, 1560.02 real, 435 MB
[runlim] sample:		1567.68 time, 1570.02 real, 436 MB
[runlim] sample:		1577.68 time, 1580.02 real, 436 MB
[runlim] sample:		1587.68 time, 1590.02 real, 567 MB
[runlim] sample:		1597.68 time, 1600.02 real, 562 MB
[runlim] sample:		1607.68 time, 1610.02 real, 562 MB
[runlim] sample:		1617.68 time, 1620.02 real, 562 MB
[runlim] sample:		1627.68 time, 1630.02 real, 562 MB
[runlim] sample:		1637.68 time, 1640.02 real, 562 MB
[runlim] sample:		1647.68 time, 1650.02 real, 562 MB
[runlim] sample:		1657.68 time, 1660.02 real, 562 MB
[runlim] sample:		1667.68 time, 1670.02 real, 562 MB
[runlim] sample:		1677.68 time, 1680.02 real, 562 MB
[runlim] sample:		1687.68 time, 1690.02 real, 562 MB
[runlim] sample:		1697.68 time, 1700.02 real, 562 MB
[runlim] sample:		1707.68 time, 1710.02 real, 562 MB
[runlim] sample:		1717.68 time, 1720.02 real, 562 MB
[runlim] sample:		1727.68 time, 1730.02 real, 562 MB
[runlim] sample:		1737.68 time, 1740.02 real, 562 MB
[runlim] sample:		1747.68 time, 1750.02 real, 562 MB
[runlim] sample:		1757.68 time, 1760.02 real, 562 MB
[runlim] sample:		1767.68 time, 1770.02 real, 562 MB
[runlim] sample:		1777.68 time, 1780.02 real, 562 MB
[runlim] sample:		1787.68 time, 1790.02 real, 562 MB
[runlim] sample:		1797.68 time, 1800.02 real, 562 MB
[runlim] sample:		1807.68 time, 1810.02 real, 562 MB
[runlim] sample:		1817.68 time, 1820.02 real, 562 MB
[runlim] sample:		1827.68 time, 1830.02 real, 562 MB
[runlim] sample:		1837.68 time, 1840.02 real, 562 MB
[runlim] sample:		1847.68 time, 1850.02 real, 562 MB
[runlim] sample:		1857.68 time, 1860.02 real, 562 MB
[runlim] sample:		1867.68 time, 1870.02 real, 562 MB
[runlim] sample:		1877.68 time, 1880.02 real, 562 MB
[runlim] sample:		1887.68 time, 1890.02 real, 562 MB
[runlim] sample:		1897.68 time, 1900.02 real, 562 MB
[runlim] sample:		1907.68 time, 1910.02 real, 562 MB
[runlim] sample:		1917.68 time, 1920.02 real, 562 MB
[runlim] sample:		1927.68 time, 1930.02 real, 562 MB
[runlim] sample:		1937.68 time, 1940.02 real, 562 MB
[runlim] sample:		1947.68 time, 1950.02 real, 562 MB
[runlim] sample:		1957.68 time, 1960.02 real, 562 MB
[runlim] sample:		1967.68 time, 1970.02 real, 562 MB
[runlim] sample:		1977.68 time, 1980.02 real, 562 MB
[runlim] sample:		1987.68 time, 1990.02 real, 562 MB
[runlim] sample:		1997.68 time, 2000.02 real, 562 MB
[runlim] sample:		2007.68 time, 2010.02 real, 562 MB
[runlim] sample:		2017.68 time, 2020.02 real, 562 MB
[runlim] sample:		2027.68 time, 2030.02 real, 562 MB
[runlim] sample:		2037.68 time, 2040.02 real, 562 MB
[runlim] sample:		2047.68 time, 2050.02 real, 562 MB
[runlim] sample:		2057.68 time, 2060.02 real, 562 MB
[runlim] sample:		2067.68 time, 2070.02 real, 562 MB
[runlim] sample:		2077.68 time, 2080.02 real, 562 MB
[runlim] sample:		2087.68 time, 2090.02 real, 562 MB
[runlim] sample:		2097.68 time, 2100.02 real, 562 MB
[runlim] sample:		2107.68 time, 2110.02 real, 562 MB
[runlim] sample:		2117.68 time, 2120.02 real, 562 MB
[runlim] sample:		2127.68 time, 2130.02 real, 562 MB
[runlim] sample:		2137.68 time, 2140.02 real, 562 MB
[runlim] sample:		2147.68 time, 2150.02 real, 562 MB
[runlim] sample:		2157.68 time, 2160.02 real, 562 MB
[runlim] sample:		2167.68 time, 2170.02 real, 562 MB
[runlim] sample:		2177.68 time, 2180.02 real, 562 MB
[runlim] sample:		2187.68 time, 2190.02 real, 562 MB
[runlim] sample:		2197.68 time, 2200.02 real, 562 MB
[runlim] sample:		2207.67 time, 2210.02 real, 562 MB
[runlim] sample:		2217.66 time, 2220.01 real, 562 MB
[runlim] sample:		2227.66 time, 2230.01 real, 562 MB
[runlim] sample:		2237.66 time, 2240.01 real, 562 MB
[runlim] sample:		2247.66 time, 2250.01 real, 562 MB
[runlim] sample:		2257.66 time, 2260.01 real, 562 MB
[runlim] sample:		2267.66 time, 2270.01 real, 562 MB
[runlim] sample:		2277.67 time, 2280.02 real, 562 MB
[runlim] sample:		2287.66 time, 2290.01 real, 562 MB
[runlim] sample:		2297.66 time, 2300.01 real, 562 MB
[runlim] sample:		2307.66 time, 2310.02 real, 562 MB
[runlim] sample:		2317.66 time, 2320.01 real, 562 MB
[runlim] sample:		2327.66 time, 2330.01 real, 562 MB
[runlim] sample:		2337.66 time, 2340.01 real, 562 MB
[runlim] sample:		2347.66 time, 2350.01 real, 562 MB
[runlim] sample:		2357.66 time, 2360.01 real, 562 MB
[runlim] sample:		2367.66 time, 2370.01 real, 562 MB
[runlim] sample:		2377.66 time, 2380.01 real, 562 MB
[runlim] sample:		2387.66 time, 2390.01 real, 562 MB
[runlim] sample:		2397.66 time, 2400.01 real, 562 MB
[runlim] sample:		2407.66 time, 2410.01 real, 562 MB
[runlim] sample:		2417.66 time, 2420.01 real, 562 MB
[runlim] sample:		2427.66 time, 2430.01 real, 562 MB
[runlim] sample:		2437.66 time, 2440.01 real, 562 MB
[runlim] sample:		2447.66 time, 2450.02 real, 562 MB
[runlim] sample:		2457.66 time, 2460.01 real, 562 MB
[runlim] sample:		2467.66 time, 2470.01 real, 562 MB
[runlim] sample:		2477.66 time, 2480.01 real, 562 MB
[runlim] sample:		2487.66 time, 2490.01 real, 562 MB
[runlim] sample:		2497.67 time, 2500.01 real, 562 MB
[runlim] sample:		2507.67 time, 2510.01 real, 562 MB
[runlim] sample:		2517.67 time, 2520.01 real, 562 MB
[runlim] sample:		2527.67 time, 2530.02 real, 562 MB
[runlim] sample:		2537.67 time, 2540.01 real, 562 MB
[runlim] sample:		2547.67 time, 2550.02 real, 562 MB
[runlim] sample:		2557.67 time, 2560.01 real, 562 MB
[runlim] sample:		2567.67 time, 2570.01 real, 562 MB
[runlim] sample:		2577.67 time, 2580.01 real, 562 MB
[runlim] sample:		2587.67 time, 2590.01 real, 562 MB
[runlim] sample:		2597.67 time, 2600.02 real, 562 MB
[runlim] sample:		2607.66 time, 2610.01 real, 562 MB
[runlim] sample:		2617.66 time, 2620.01 real, 562 MB
[runlim] sample:		2627.66 time, 2630.01 real, 562 MB
[runlim] sample:		2637.66 time, 2640.01 real, 562 MB
[runlim] sample:		2647.66 time, 2650.01 real, 562 MB
[runlim] sample:		2657.66 time, 2660.01 real, 562 MB
[runlim] sample:		2667.66 time, 2670.01 real, 562 MB
[runlim] sample:		2677.66 time, 2680.01 real, 562 MB
[runlim] sample:		2687.67 time, 2690.01 real, 562 MB
[runlim] sample:		2697.67 time, 2700.01 real, 562 MB
[runlim] end:			Sat Feb 29 07:02:03 2020
[runlim] status:		out of time
[runlim] result:		2
[runlim] children:		1
[runlim] real:			2700.10 seconds
[runlim] time:			2697.67 seconds
[runlim] space:			597 MB
[runlim] samples:		27000
