[runlim] version:		1.18
[runlim] host:			c3n08
[runlim] time limit:		2700 seconds
[runlim] real time limit:	2700 seconds
[runlim] space limit:		7000 MB
[runlim] argv[0]:		./binary
[runlim] argv[1]:		/data/cnf/ankit/E1-A1-Red/b22_PR_9_90.dqbf
[runlim] start:			Sat Feb 29 06:17:03 2020
[runlim] child:			23558
[runlim] sample:		9.76 time, 10.02 real, 28 MB
[runlim] sample:		19.76 time, 20.02 real, 231 MB
[runlim] sample:		29.76 time, 30.02 real, 236 MB
[runlim] sample:		39.76 time, 40.02 real, 239 MB
[runlim] sample:		49.76 time, 50.02 real, 337 MB
[runlim] sample:		59.76 time, 60.02 real, 381 MB
[runlim] sample:		69.75 time, 70.02 real, 427 MB
[runlim] sample:		79.75 time, 80.02 real, 439 MB
[runlim] sample:		89.75 time, 90.02 real, 445 MB
[runlim] sample:		99.75 time, 100.02 real, 456 MB
[runlim] sample:		109.75 time, 110.02 real, 456 MB
[runlim] sample:		119.75 time, 120.02 real, 456 MB
[runlim] sample:		129.75 time, 130.02 real, 456 MB
[runlim] sample:		139.75 time, 140.02 real, 456 MB
[runlim] sample:		149.75 time, 150.02 real, 456 MB
[runlim] sample:		159.75 time, 160.02 real, 456 MB
[runlim] sample:		169.75 time, 170.02 real, 456 MB
[runlim] sample:		179.75 time, 180.02 real, 456 MB
[runlim] sample:		189.75 time, 190.02 real, 456 MB
[runlim] sample:		199.75 time, 200.02 real, 456 MB
[runlim] sample:		209.75 time, 210.02 real, 479 MB
[runlim] sample:		219.75 time, 220.02 real, 491 MB
[runlim] sample:		229.75 time, 230.02 real, 510 MB
[runlim] sample:		239.75 time, 240.02 real, 529 MB
[runlim] sample:		249.75 time, 250.02 real, 535 MB
[runlim] sample:		259.75 time, 260.02 real, 539 MB
[runlim] sample:		269.75 time, 270.02 real, 542 MB
[runlim] sample:		279.75 time, 280.02 real, 559 MB
[runlim] sample:		289.75 time, 290.02 real, 559 MB
[runlim] sample:		299.75 time, 300.02 real, 559 MB
[runlim] sample:		309.75 time, 310.02 real, 559 MB
[runlim] sample:		319.75 time, 320.02 real, 559 MB
[runlim] sample:		329.75 time, 330.02 real, 559 MB
[runlim] sample:		339.75 time, 340.02 real, 559 MB
[runlim] sample:		349.75 time, 350.02 real, 559 MB
[runlim] sample:		359.75 time, 360.02 real, 560 MB
[runlim] sample:		369.75 time, 370.02 real, 563 MB
[runlim] sample:		379.74 time, 380.02 real, 566 MB
[runlim] sample:		389.75 time, 390.02 real, 569 MB
[runlim] sample:		399.75 time, 400.02 real, 572 MB
[runlim] sample:		409.74 time, 410.02 real, 575 MB
[runlim] sample:		419.75 time, 420.02 real, 578 MB
[runlim] sample:		429.74 time, 430.02 real, 581 MB
[runlim] sample:		439.75 time, 440.02 real, 583 MB
[runlim] sample:		449.74 time, 450.02 real, 586 MB
[runlim] sample:		459.75 time, 460.02 real, 652 MB
[runlim] sample:		469.75 time, 470.02 real, 652 MB
[runlim] sample:		479.75 time, 480.02 real, 652 MB
[runlim] sample:		489.74 time, 490.02 real, 655 MB
[runlim] sample:		499.75 time, 500.02 real, 660 MB
[runlim] sample:		509.74 time, 510.02 real, 664 MB
[runlim] sample:		519.74 time, 520.02 real, 667 MB
[runlim] sample:		529.75 time, 530.02 real, 679 MB
[runlim] sample:		539.74 time, 540.02 real, 711 MB
[runlim] sample:		549.74 time, 550.02 real, 711 MB
[runlim] sample:		559.74 time, 560.02 real, 711 MB
[runlim] sample:		569.74 time, 570.02 real, 712 MB
[runlim] sample:		579.75 time, 580.02 real, 723 MB
[runlim] sample:		589.74 time, 590.02 real, 726 MB
[runlim] sample:		599.74 time, 600.02 real, 729 MB
[runlim] sample:		609.74 time, 610.02 real, 734 MB
[runlim] sample:		619.74 time, 620.02 real, 737 MB
[runlim] sample:		629.74 time, 630.02 real, 741 MB
[runlim] sample:		639.75 time, 640.02 real, 744 MB
[runlim] sample:		649.74 time, 650.02 real, 747 MB
[runlim] sample:		659.75 time, 660.02 real, 750 MB
[runlim] sample:		669.75 time, 670.02 real, 753 MB
[runlim] sample:		679.75 time, 680.02 real, 756 MB
[runlim] sample:		689.74 time, 690.02 real, 758 MB
[runlim] sample:		699.74 time, 700.02 real, 761 MB
[runlim] sample:		709.74 time, 710.02 real, 763 MB
[runlim] sample:		719.74 time, 720.02 real, 765 MB
[runlim] sample:		729.74 time, 730.02 real, 768 MB
[runlim] sample:		739.74 time, 740.02 real, 769 MB
[runlim] sample:		749.74 time, 750.02 real, 771 MB
[runlim] sample:		759.74 time, 760.02 real, 773 MB
[runlim] sample:		769.74 time, 770.02 real, 775 MB
[runlim] sample:		779.75 time, 780.02 real, 777 MB
[runlim] sample:		789.74 time, 790.02 real, 779 MB
[runlim] sample:		799.74 time, 800.02 real, 780 MB
[runlim] sample:		809.75 time, 810.02 real, 782 MB
[runlim] sample:		819.75 time, 820.02 real, 784 MB
[runlim] sample:		829.74 time, 830.02 real, 785 MB
[runlim] sample:		839.74 time, 840.02 real, 787 MB
[runlim] sample:		849.74 time, 850.02 real, 789 MB
[runlim] sample:		859.74 time, 860.02 real, 790 MB
[runlim] sample:		869.74 time, 870.02 real, 792 MB
[runlim] sample:		879.75 time, 880.02 real, 793 MB
[runlim] sample:		889.74 time, 890.02 real, 795 MB
[runlim] sample:		899.74 time, 900.02 real, 796 MB
[runlim] sample:		909.75 time, 910.02 real, 798 MB
[runlim] sample:		919.74 time, 920.02 real, 800 MB
[runlim] sample:		929.74 time, 930.02 real, 801 MB
[runlim] sample:		939.74 time, 940.02 real, 802 MB
[runlim] sample:		949.74 time, 950.02 real, 804 MB
[runlim] sample:		959.75 time, 960.02 real, 805 MB
[runlim] sample:		969.74 time, 970.02 real, 807 MB
[runlim] sample:		979.74 time, 980.02 real, 808 MB
[runlim] sample:		989.74 time, 990.02 real, 809 MB
[runlim] sample:		999.74 time, 1000.02 real, 810 MB
[runlim] sample:		1009.74 time, 1010.02 real, 812 MB
[runlim] sample:		1019.74 time, 1020.02 real, 813 MB
[runlim] sample:		1029.74 time, 1030.02 real, 814 MB
[runlim] sample:		1039.74 time, 1040.02 real, 815 MB
[runlim] sample:		1049.74 time, 1050.02 real, 817 MB
[runlim] sample:		1059.74 time, 1060.02 real, 818 MB
[runlim] sample:		1069.74 time, 1070.02 real, 819 MB
[runlim] sample:		1079.74 time, 1080.02 real, 820 MB
[runlim] sample:		1089.74 time, 1090.02 real, 821 MB
[runlim] sample:		1099.74 time, 1100.02 real, 823 MB
[runlim] sample:		1109.74 time, 1110.02 real, 824 MB
[runlim] sample:		1119.74 time, 1120.02 real, 825 MB
[runlim] sample:		1129.74 time, 1130.02 real, 827 MB
[runlim] sample:		1139.74 time, 1140.02 real, 828 MB
[runlim] sample:		1149.74 time, 1150.02 real, 829 MB
[runlim] sample:		1159.74 time, 1160.02 real, 831 MB
[runlim] sample:		1169.74 time, 1170.02 real, 832 MB
[runlim] sample:		1179.74 time, 1180.02 real, 833 MB
[runlim] sample:		1189.74 time, 1190.02 real, 834 MB
[runlim] sample:		1199.74 time, 1200.02 real, 835 MB
[runlim] sample:		1209.74 time, 1210.02 real, 836 MB
[runlim] sample:		1219.74 time, 1220.02 real, 837 MB
[runlim] sample:		1229.74 time, 1230.02 real, 838 MB
[runlim] sample:		1239.74 time, 1240.02 real, 839 MB
[runlim] sample:		1249.74 time, 1250.02 real, 840 MB
[runlim] sample:		1259.73 time, 1260.02 real, 842 MB
[runlim] sample:		1269.74 time, 1270.02 real, 843 MB
[runlim] sample:		1279.74 time, 1280.02 real, 844 MB
[runlim] sample:		1289.74 time, 1290.02 real, 845 MB
[runlim] sample:		1299.74 time, 1300.02 real, 846 MB
[runlim] sample:		1309.74 time, 1310.02 real, 847 MB
[runlim] sample:		1319.74 time, 1320.02 real, 848 MB
[runlim] sample:		1329.74 time, 1330.02 real, 849 MB
[runlim] sample:		1339.74 time, 1340.02 real, 850 MB
[runlim] sample:		1349.74 time, 1350.02 real, 851 MB
[runlim] sample:		1359.74 time, 1360.02 real, 852 MB
[runlim] sample:		1369.74 time, 1370.02 real, 853 MB
[runlim] sample:		1379.74 time, 1380.02 real, 853 MB
[runlim] sample:		1389.73 time, 1390.02 real, 854 MB
[runlim] sample:		1399.74 time, 1400.02 real, 855 MB
[runlim] sample:		1409.74 time, 1410.02 real, 856 MB
[runlim] sample:		1419.74 time, 1420.02 real, 857 MB
[runlim] sample:		1429.74 time, 1430.02 real, 858 MB
[runlim] sample:		1439.74 time, 1440.02 real, 859 MB
[runlim] sample:		1449.74 time, 1450.02 real, 860 MB
[runlim] sample:		1459.73 time, 1460.02 real, 861 MB
[runlim] sample:		1469.73 time, 1470.02 real, 862 MB
[runlim] sample:		1479.74 time, 1480.02 real, 863 MB
[runlim] sample:		1489.74 time, 1490.02 real, 864 MB
[runlim] sample:		1499.74 time, 1500.02 real, 865 MB
[runlim] sample:		1509.74 time, 1510.02 real, 866 MB
[runlim] sample:		1519.73 time, 1520.02 real, 867 MB
[runlim] sample:		1529.73 time, 1530.02 real, 868 MB
[runlim] sample:		1539.73 time, 1540.02 real, 868 MB
[runlim] sample:		1549.73 time, 1550.02 real, 869 MB
[runlim] sample:		1559.74 time, 1560.02 real, 870 MB
[runlim] sample:		1569.74 time, 1570.02 real, 871 MB
[runlim] sample:		1579.74 time, 1580.02 real, 872 MB
[runlim] sample:		1589.74 time, 1590.02 real, 873 MB
[runlim] sample:		1599.74 time, 1600.02 real, 878 MB
[runlim] sample:		1609.74 time, 1610.02 real, 945 MB
[runlim] sample:		1619.74 time, 1620.02 real, 945 MB
[runlim] sample:		1629.74 time, 1630.02 real, 945 MB
[runlim] sample:		1639.74 time, 1640.02 real, 945 MB
[runlim] sample:		1649.74 time, 1650.02 real, 945 MB
[runlim] sample:		1659.74 time, 1660.02 real, 945 MB
[runlim] sample:		1669.74 time, 1670.02 real, 945 MB
[runlim] sample:		1679.74 time, 1680.02 real, 945 MB
[runlim] sample:		1689.74 time, 1690.02 real, 945 MB
[runlim] sample:		1699.73 time, 1700.02 real, 945 MB
[runlim] sample:		1709.73 time, 1710.02 real, 945 MB
[runlim] sample:		1719.74 time, 1720.02 real, 945 MB
[runlim] sample:		1729.74 time, 1730.02 real, 945 MB
[runlim] sample:		1739.74 time, 1740.02 real, 945 MB
[runlim] sample:		1749.74 time, 1750.02 real, 945 MB
[runlim] sample:		1759.74 time, 1760.02 real, 945 MB
[runlim] sample:		1769.74 time, 1770.02 real, 945 MB
[runlim] sample:		1779.74 time, 1780.02 real, 945 MB
[runlim] sample:		1789.74 time, 1790.02 real, 945 MB
[runlim] sample:		1799.74 time, 1800.02 real, 945 MB
[runlim] sample:		1809.74 time, 1810.02 real, 945 MB
[runlim] sample:		1819.73 time, 1820.02 real, 945 MB
[runlim] sample:		1829.73 time, 1830.02 real, 945 MB
[runlim] sample:		1839.73 time, 1840.02 real, 945 MB
[runlim] sample:		1849.73 time, 1850.02 real, 945 MB
[runlim] sample:		1859.74 time, 1860.02 real, 945 MB
[runlim] sample:		1869.74 time, 1870.02 real, 945 MB
[runlim] sample:		1879.74 time, 1880.02 real, 945 MB
[runlim] sample:		1889.74 time, 1890.02 real, 945 MB
[runlim] sample:		1899.74 time, 1900.02 real, 945 MB
[runlim] sample:		1909.74 time, 1910.02 real, 945 MB
[runlim] sample:		1919.74 time, 1920.02 real, 945 MB
[runlim] sample:		1929.74 time, 1930.02 real, 945 MB
[runlim] sample:		1939.74 time, 1940.02 real, 945 MB
[runlim] sample:		1949.74 time, 1950.02 real, 945 MB
[runlim] sample:		1959.74 time, 1960.02 real, 945 MB
[runlim] sample:		1969.74 time, 1970.02 real, 945 MB
[runlim] sample:		1979.74 time, 1980.02 real, 945 MB
[runlim] sample:		1989.73 time, 1990.02 real, 945 MB
[runlim] sample:		1999.73 time, 2000.02 real, 945 MB
[runlim] sample:		2009.74 time, 2010.02 real, 945 MB
[runlim] sample:		2019.74 time, 2020.02 real, 945 MB
[runlim] sample:		2029.74 time, 2030.02 real, 945 MB
[runlim] sample:		2039.74 time, 2040.02 real, 945 MB
[runlim] sample:		2049.74 time, 2050.02 real, 945 MB
[runlim] sample:		2059.74 time, 2060.02 real, 945 MB
[runlim] sample:		2069.74 time, 2070.02 real, 945 MB
[runlim] sample:		2079.74 time, 2080.02 real, 945 MB
[runlim] sample:		2089.74 time, 2090.02 real, 945 MB
[runlim] sample:		2099.74 time, 2100.02 real, 945 MB
[runlim] sample:		2109.74 time, 2110.02 real, 945 MB
[runlim] sample:		2119.74 time, 2120.02 real, 945 MB
[runlim] sample:		2129.74 time, 2130.02 real, 945 MB
[runlim] sample:		2139.74 time, 2140.02 real, 945 MB
[runlim] sample:		2149.74 time, 2150.02 real, 945 MB
[runlim] sample:		2159.74 time, 2160.02 real, 945 MB
[runlim] sample:		2169.74 time, 2170.02 real, 945 MB
[runlim] sample:		2179.74 time, 2180.02 real, 945 MB
[runlim] sample:		2189.74 time, 2190.02 real, 945 MB
[runlim] sample:		2199.74 time, 2200.02 real, 945 MB
[runlim] sample:		2209.73 time, 2210.02 real, 945 MB
[runlim] sample:		2219.73 time, 2220.02 real, 945 MB
[runlim] sample:		2229.74 time, 2230.02 real, 945 MB
[runlim] sample:		2239.74 time, 2240.02 real, 945 MB
[runlim] sample:		2249.74 time, 2250.02 real, 946 MB
[runlim] sample:		2259.74 time, 2260.02 real, 948 MB
[runlim] sample:		2269.74 time, 2270.02 real, 950 MB
[runlim] sample:		2279.74 time, 2280.02 real, 953 MB
[runlim] sample:		2289.74 time, 2290.02 real, 955 MB
[runlim] sample:		2299.74 time, 2300.02 real, 957 MB
[runlim] sample:		2309.74 time, 2310.02 real, 959 MB
[runlim] sample:		2319.74 time, 2320.02 real, 961 MB
[runlim] sample:		2329.74 time, 2330.02 real, 963 MB
[runlim] sample:		2339.74 time, 2340.02 real, 965 MB
[runlim] sample:		2349.74 time, 2350.02 real, 967 MB
[runlim] sample:		2359.74 time, 2360.02 real, 969 MB
[runlim] sample:		2369.74 time, 2370.02 real, 970 MB
[runlim] sample:		2379.74 time, 2380.02 real, 972 MB
[runlim] sample:		2389.74 time, 2390.02 real, 974 MB
[runlim] sample:		2399.74 time, 2400.02 real, 975 MB
[runlim] sample:		2409.73 time, 2410.02 real, 977 MB
[runlim] sample:		2419.73 time, 2420.02 real, 979 MB
[runlim] sample:		2429.74 time, 2430.02 real, 981 MB
[runlim] sample:		2439.74 time, 2440.02 real, 994 MB
[runlim] sample:		2449.74 time, 2450.02 real, 994 MB
[runlim] sample:		2459.74 time, 2460.02 real, 994 MB
[runlim] sample:		2469.73 time, 2470.02 real, 994 MB
[runlim] sample:		2479.73 time, 2480.02 real, 994 MB
[runlim] sample:		2489.74 time, 2490.02 real, 996 MB
[runlim] sample:		2499.74 time, 2500.02 real, 997 MB
[runlim] sample:		2509.74 time, 2510.02 real, 999 MB
[runlim] sample:		2519.74 time, 2520.02 real, 1000 MB
[runlim] sample:		2529.74 time, 2530.02 real, 1002 MB
[runlim] sample:		2539.74 time, 2540.02 real, 1003 MB
[runlim] sample:		2549.74 time, 2550.02 real, 1004 MB
[runlim] sample:		2559.74 time, 2560.02 real, 1006 MB
[runlim] sample:		2569.74 time, 2570.02 real, 1007 MB
[runlim] sample:		2579.74 time, 2580.02 real, 1008 MB
[runlim] sample:		2589.74 time, 2590.02 real, 1010 MB
[runlim] sample:		2599.74 time, 2600.02 real, 1011 MB
[runlim] sample:		2609.74 time, 2610.02 real, 1012 MB
[runlim] sample:		2619.74 time, 2620.02 real, 1014 MB
[runlim] sample:		2629.73 time, 2630.02 real, 1015 MB
[runlim] sample:		2639.73 time, 2640.02 real, 1016 MB
[runlim] sample:		2649.74 time, 2650.02 real, 1018 MB
[runlim] sample:		2659.74 time, 2660.02 real, 1019 MB
[runlim] sample:		2669.74 time, 2670.02 real, 1020 MB
[runlim] sample:		2679.73 time, 2680.02 real, 1021 MB
[runlim] sample:		2689.73 time, 2690.02 real, 1023 MB
[runlim] sample:		2699.73 time, 2700.02 real, 1024 MB
[runlim] end:			Sat Feb 29 07:02:03 2020
[runlim] status:		out of time
[runlim] result:		2
[runlim] children:		1
[runlim] real:			2700.11 seconds
[runlim] time:			2699.73 seconds
[runlim] space:			1024 MB
[runlim] samples:		27000
