[runlim] version:		1.18
[runlim] host:			c3n08
[runlim] time limit:		2700 seconds
[runlim] real time limit:	2700 seconds
[runlim] space limit:		7000 MB
[runlim] argv[0]:		./binary
[runlim] argv[1]:		/data/cnf/ankit/E1-A1-Red/BLOCKS3i.5.3.qdimacs
[runlim] start:			Sat Feb 29 06:17:03 2020
[runlim] child:			23556
[runlim] sample:		9.70 time, 10.02 real, 52 MB
[runlim] sample:		19.70 time, 20.02 real, 94 MB
[runlim] sample:		29.70 time, 30.02 real, 100 MB
[runlim] sample:		39.70 time, 40.02 real, 100 MB
[runlim] sample:		49.70 time, 50.02 real, 100 MB
[runlim] sample:		59.70 time, 60.02 real, 117 MB
[runlim] sample:		69.70 time, 70.02 real, 117 MB
[runlim] sample:		79.70 time, 80.02 real, 123 MB
[runlim] sample:		89.70 time, 90.02 real, 140 MB
[runlim] sample:		99.70 time, 100.02 real, 140 MB
[runlim] sample:		109.70 time, 110.02 real, 146 MB
[runlim] sample:		119.70 time, 120.02 real, 171 MB
[runlim] sample:		129.70 time, 130.02 real, 171 MB
[runlim] sample:		139.70 time, 140.02 real, 172 MB
[runlim] end:			Sat Feb 29 06:19:26 2020
[runlim] status:		ok
[runlim] result:		0
[runlim] children:		1
[runlim] real:			143.15 seconds
[runlim] time:			142.80 seconds
[runlim] space:			172 MB
[runlim] samples:		1431
