[runlim] version:		1.18
[runlim] host:			c3n10
[runlim] time limit:		2700 seconds
[runlim] real time limit:	2700 seconds
[runlim] space limit:		7000 MB
[runlim] argv[0]:		./binary
[runlim] argv[1]:		/data/cnf/ankit/E1-A1-Red/bobsmhdlc1.R
[runlim] start:			Sat Feb 29 06:17:04 2020
[runlim] child:			20005
[runlim] sample:		9.66 time, 10.02 real, 55 MB
[runlim] sample:		19.66 time, 20.02 real, 70 MB
[runlim] sample:		29.66 time, 30.02 real, 81 MB
[runlim] sample:		39.66 time, 40.02 real, 100 MB
[runlim] sample:		49.66 time, 50.02 real, 146 MB
[runlim] sample:		59.66 time, 60.02 real, 168 MB
[runlim] sample:		69.66 time, 70.02 real, 208 MB
[runlim] sample:		79.66 time, 80.02 real, 249 MB
[runlim] sample:		89.66 time, 90.02 real, 265 MB
[runlim] sample:		99.66 time, 100.02 real, 301 MB
[runlim] sample:		109.66 time, 110.02 real, 301 MB
[runlim] sample:		119.66 time, 120.02 real, 301 MB
[runlim] sample:		129.66 time, 130.02 real, 301 MB
[runlim] sample:		139.65 time, 140.02 real, 301 MB
[runlim] sample:		149.66 time, 150.02 real, 301 MB
[runlim] sample:		159.66 time, 160.02 real, 301 MB
[runlim] sample:		169.66 time, 170.02 real, 302 MB
[runlim] sample:		179.66 time, 180.02 real, 304 MB
[runlim] sample:		189.66 time, 190.02 real, 306 MB
[runlim] sample:		199.66 time, 200.02 real, 308 MB
[runlim] sample:		209.66 time, 210.02 real, 311 MB
[runlim] sample:		219.66 time, 220.02 real, 313 MB
[runlim] sample:		229.66 time, 230.02 real, 316 MB
[runlim] sample:		239.66 time, 240.02 real, 318 MB
[runlim] sample:		249.65 time, 250.02 real, 320 MB
[runlim] sample:		259.66 time, 260.02 real, 322 MB
[runlim] sample:		269.66 time, 270.02 real, 324 MB
[runlim] sample:		279.66 time, 280.02 real, 326 MB
[runlim] sample:		289.66 time, 290.02 real, 328 MB
[runlim] sample:		299.65 time, 300.02 real, 330 MB
[runlim] sample:		309.66 time, 310.02 real, 332 MB
[runlim] sample:		319.66 time, 320.02 real, 334 MB
[runlim] sample:		329.65 time, 330.02 real, 336 MB
[runlim] sample:		339.65 time, 340.02 real, 337 MB
[runlim] sample:		349.65 time, 350.02 real, 339 MB
[runlim] sample:		359.66 time, 360.02 real, 340 MB
[runlim] sample:		369.65 time, 370.02 real, 389 MB
[runlim] sample:		379.65 time, 380.02 real, 389 MB
[runlim] sample:		389.65 time, 390.02 real, 389 MB
[runlim] sample:		399.65 time, 400.02 real, 391 MB
[runlim] sample:		409.65 time, 410.02 real, 397 MB
[runlim] sample:		419.66 time, 420.02 real, 451 MB
[runlim] sample:		429.66 time, 430.02 real, 451 MB
[runlim] sample:		439.66 time, 440.02 real, 454 MB
[runlim] sample:		449.65 time, 450.02 real, 460 MB
[runlim] sample:		459.65 time, 460.02 real, 465 MB
[runlim] sample:		469.65 time, 470.02 real, 470 MB
[runlim] sample:		479.66 time, 480.02 real, 477 MB
[runlim] sample:		489.66 time, 490.02 real, 482 MB
[runlim] sample:		499.65 time, 500.02 real, 486 MB
[runlim] sample:		509.66 time, 510.02 real, 491 MB
[runlim] sample:		519.65 time, 520.02 real, 494 MB
[runlim] sample:		529.65 time, 530.02 real, 499 MB
[runlim] sample:		539.65 time, 540.02 real, 502 MB
[runlim] sample:		549.65 time, 550.02 real, 505 MB
[runlim] sample:		559.65 time, 560.02 real, 509 MB
[runlim] sample:		569.65 time, 570.02 real, 521 MB
[runlim] sample:		579.65 time, 580.02 real, 591 MB
[runlim] sample:		589.65 time, 590.02 real, 591 MB
[runlim] sample:		599.65 time, 600.02 real, 591 MB
[runlim] sample:		609.65 time, 610.02 real, 591 MB
[runlim] sample:		619.65 time, 620.02 real, 591 MB
[runlim] sample:		629.65 time, 630.02 real, 591 MB
[runlim] sample:		639.65 time, 640.02 real, 591 MB
[runlim] sample:		649.65 time, 650.02 real, 591 MB
[runlim] sample:		659.65 time, 660.02 real, 591 MB
[runlim] sample:		669.65 time, 670.02 real, 591 MB
[runlim] sample:		679.65 time, 680.02 real, 591 MB
[runlim] sample:		689.65 time, 690.02 real, 591 MB
[runlim] sample:		699.66 time, 700.02 real, 591 MB
[runlim] sample:		709.66 time, 710.02 real, 593 MB
[runlim] sample:		719.66 time, 720.02 real, 595 MB
[runlim] sample:		729.66 time, 730.02 real, 597 MB
[runlim] sample:		739.66 time, 740.02 real, 601 MB
[runlim] sample:		749.65 time, 750.02 real, 604 MB
[runlim] sample:		759.65 time, 760.02 real, 605 MB
[runlim] sample:		769.65 time, 770.02 real, 607 MB
[runlim] sample:		779.65 time, 780.02 real, 608 MB
[runlim] sample:		789.65 time, 790.02 real, 610 MB
[runlim] sample:		799.65 time, 800.02 real, 612 MB
[runlim] sample:		809.65 time, 810.02 real, 613 MB
[runlim] sample:		819.65 time, 820.02 real, 614 MB
[runlim] sample:		829.65 time, 830.02 real, 616 MB
[runlim] sample:		839.65 time, 840.02 real, 618 MB
[runlim] sample:		849.65 time, 850.02 real, 620 MB
[runlim] sample:		859.65 time, 860.02 real, 623 MB
[runlim] sample:		869.65 time, 870.02 real, 624 MB
[runlim] sample:		879.65 time, 880.02 real, 626 MB
[runlim] sample:		889.65 time, 890.02 real, 627 MB
[runlim] sample:		899.65 time, 900.02 real, 629 MB
[runlim] sample:		909.65 time, 910.02 real, 630 MB
[runlim] sample:		919.65 time, 920.02 real, 631 MB
[runlim] sample:		929.65 time, 930.02 real, 632 MB
[runlim] sample:		939.65 time, 940.02 real, 633 MB
[runlim] sample:		949.65 time, 950.02 real, 635 MB
[runlim] sample:		959.65 time, 960.02 real, 636 MB
[runlim] sample:		969.65 time, 970.02 real, 638 MB
[runlim] sample:		979.65 time, 980.02 real, 640 MB
[runlim] sample:		989.65 time, 990.02 real, 642 MB
[runlim] sample:		999.65 time, 1000.02 real, 644 MB
[runlim] sample:		1009.65 time, 1010.02 real, 645 MB
[runlim] sample:		1019.65 time, 1020.02 real, 646 MB
[runlim] sample:		1029.65 time, 1030.02 real, 647 MB
[runlim] sample:		1039.65 time, 1040.02 real, 649 MB
[runlim] sample:		1049.65 time, 1050.02 real, 650 MB
[runlim] sample:		1059.64 time, 1060.02 real, 651 MB
[runlim] sample:		1069.64 time, 1070.02 real, 652 MB
[runlim] sample:		1079.64 time, 1080.02 real, 653 MB
[runlim] sample:		1089.64 time, 1090.02 real, 654 MB
[runlim] sample:		1099.64 time, 1100.02 real, 656 MB
[runlim] sample:		1109.65 time, 1110.02 real, 657 MB
[runlim] sample:		1119.65 time, 1120.02 real, 658 MB
[runlim] sample:		1129.64 time, 1130.02 real, 659 MB
[runlim] sample:		1139.64 time, 1140.02 real, 660 MB
[runlim] sample:		1149.65 time, 1150.02 real, 661 MB
[runlim] sample:		1159.65 time, 1160.02 real, 662 MB
[runlim] sample:		1169.65 time, 1170.02 real, 664 MB
[runlim] sample:		1179.65 time, 1180.02 real, 666 MB
[runlim] sample:		1189.65 time, 1190.02 real, 667 MB
[runlim] sample:		1199.64 time, 1200.02 real, 669 MB
[runlim] sample:		1209.65 time, 1210.02 real, 671 MB
[runlim] sample:		1219.65 time, 1220.02 real, 673 MB
[runlim] sample:		1229.65 time, 1230.02 real, 675 MB
[runlim] sample:		1239.64 time, 1240.02 real, 677 MB
[runlim] sample:		1249.64 time, 1250.02 real, 679 MB
[runlim] sample:		1259.64 time, 1260.02 real, 681 MB
[runlim] sample:		1269.64 time, 1270.02 real, 682 MB
[runlim] sample:		1279.64 time, 1280.02 real, 684 MB
[runlim] sample:		1289.64 time, 1290.02 real, 686 MB
[runlim] sample:		1299.64 time, 1300.02 real, 687 MB
[runlim] sample:		1309.65 time, 1310.02 real, 689 MB
[runlim] sample:		1319.65 time, 1320.02 real, 691 MB
[runlim] sample:		1329.64 time, 1330.02 real, 692 MB
[runlim] sample:		1339.65 time, 1340.02 real, 694 MB
[runlim] sample:		1349.64 time, 1350.02 real, 696 MB
[runlim] sample:		1359.64 time, 1360.02 real, 697 MB
[runlim] sample:		1369.64 time, 1370.02 real, 699 MB
[runlim] sample:		1379.64 time, 1380.02 real, 700 MB
[runlim] sample:		1389.64 time, 1390.02 real, 701 MB
[runlim] sample:		1399.64 time, 1400.02 real, 702 MB
[runlim] sample:		1409.65 time, 1410.02 real, 703 MB
[runlim] sample:		1419.65 time, 1420.02 real, 704 MB
[runlim] sample:		1429.64 time, 1430.02 real, 706 MB
[runlim] sample:		1439.64 time, 1440.02 real, 707 MB
[runlim] sample:		1449.64 time, 1450.02 real, 709 MB
[runlim] sample:		1459.64 time, 1460.02 real, 710 MB
[runlim] sample:		1469.65 time, 1470.02 real, 712 MB
[runlim] sample:		1479.65 time, 1480.02 real, 713 MB
[runlim] sample:		1489.65 time, 1490.02 real, 714 MB
[runlim] sample:		1499.64 time, 1500.02 real, 716 MB
[runlim] sample:		1509.64 time, 1510.02 real, 717 MB
[runlim] sample:		1519.64 time, 1520.02 real, 718 MB
[runlim] sample:		1529.64 time, 1530.02 real, 719 MB
[runlim] sample:		1539.64 time, 1540.02 real, 720 MB
[runlim] sample:		1549.64 time, 1550.02 real, 721 MB
[runlim] sample:		1559.65 time, 1560.02 real, 733 MB
[runlim] sample:		1569.65 time, 1570.02 real, 733 MB
[runlim] sample:		1579.65 time, 1580.02 real, 733 MB
[runlim] sample:		1589.65 time, 1590.02 real, 733 MB
[runlim] sample:		1599.65 time, 1600.02 real, 735 MB
[runlim] sample:		1609.64 time, 1610.02 real, 736 MB
[runlim] sample:		1619.64 time, 1620.02 real, 738 MB
[runlim] sample:		1629.64 time, 1630.02 real, 739 MB
[runlim] sample:		1639.64 time, 1640.02 real, 741 MB
[runlim] sample:		1649.64 time, 1650.02 real, 742 MB
[runlim] sample:		1659.64 time, 1660.02 real, 744 MB
[runlim] sample:		1669.64 time, 1670.02 real, 745 MB
[runlim] sample:		1679.64 time, 1680.02 real, 746 MB
[runlim] sample:		1689.64 time, 1690.02 real, 748 MB
[runlim] sample:		1699.65 time, 1700.02 real, 749 MB
[runlim] sample:		1709.65 time, 1710.02 real, 751 MB
[runlim] sample:		1719.64 time, 1720.02 real, 752 MB
[runlim] sample:		1729.64 time, 1730.02 real, 753 MB
[runlim] sample:		1739.64 time, 1740.02 real, 754 MB
[runlim] sample:		1749.64 time, 1750.02 real, 755 MB
[runlim] sample:		1759.64 time, 1760.02 real, 757 MB
[runlim] sample:		1769.64 time, 1770.02 real, 758 MB
[runlim] sample:		1779.64 time, 1780.02 real, 759 MB
[runlim] sample:		1789.64 time, 1790.02 real, 761 MB
[runlim] sample:		1799.64 time, 1800.02 real, 762 MB
[runlim] sample:		1809.64 time, 1810.02 real, 763 MB
[runlim] sample:		1819.64 time, 1820.02 real, 864 MB
[runlim] sample:		1829.64 time, 1830.02 real, 864 MB
[runlim] sample:		1839.64 time, 1840.02 real, 864 MB
[runlim] sample:		1849.64 time, 1850.02 real, 864 MB
[runlim] sample:		1859.64 time, 1860.02 real, 864 MB
[runlim] sample:		1869.64 time, 1870.02 real, 864 MB
[runlim] sample:		1879.64 time, 1880.02 real, 864 MB
[runlim] sample:		1889.64 time, 1890.02 real, 864 MB
[runlim] sample:		1899.64 time, 1900.02 real, 864 MB
[runlim] sample:		1909.64 time, 1910.02 real, 864 MB
[runlim] sample:		1919.64 time, 1920.02 real, 864 MB
[runlim] sample:		1929.64 time, 1930.02 real, 864 MB
[runlim] sample:		1939.64 time, 1940.02 real, 864 MB
[runlim] sample:		1949.64 time, 1950.02 real, 864 MB
[runlim] sample:		1959.64 time, 1960.02 real, 864 MB
[runlim] sample:		1969.64 time, 1970.02 real, 864 MB
[runlim] sample:		1979.64 time, 1980.02 real, 864 MB
[runlim] sample:		1989.64 time, 1990.02 real, 864 MB
[runlim] sample:		1999.64 time, 2000.02 real, 864 MB
[runlim] sample:		2009.64 time, 2010.02 real, 864 MB
[runlim] sample:		2019.64 time, 2020.02 real, 864 MB
[runlim] sample:		2029.64 time, 2030.02 real, 864 MB
[runlim] sample:		2039.64 time, 2040.02 real, 864 MB
[runlim] sample:		2049.64 time, 2050.02 real, 864 MB
[runlim] sample:		2059.64 time, 2060.02 real, 864 MB
[runlim] sample:		2069.64 time, 2070.02 real, 864 MB
[runlim] sample:		2079.64 time, 2080.02 real, 864 MB
[runlim] sample:		2089.64 time, 2090.02 real, 864 MB
[runlim] sample:		2099.64 time, 2100.02 real, 864 MB
[runlim] sample:		2109.64 time, 2110.02 real, 864 MB
[runlim] sample:		2119.64 time, 2120.02 real, 864 MB
[runlim] sample:		2129.64 time, 2130.02 real, 864 MB
[runlim] sample:		2139.64 time, 2140.02 real, 864 MB
[runlim] sample:		2149.64 time, 2150.02 real, 864 MB
[runlim] sample:		2159.64 time, 2160.02 real, 864 MB
[runlim] sample:		2169.64 time, 2170.02 real, 864 MB
[runlim] sample:		2179.64 time, 2180.02 real, 864 MB
[runlim] sample:		2189.64 time, 2190.02 real, 864 MB
[runlim] sample:		2199.64 time, 2200.02 real, 864 MB
[runlim] sample:		2209.64 time, 2210.02 real, 864 MB
[runlim] sample:		2219.64 time, 2220.02 real, 864 MB
[runlim] sample:		2229.64 time, 2230.02 real, 864 MB
[runlim] sample:		2239.64 time, 2240.02 real, 864 MB
[runlim] sample:		2249.64 time, 2250.02 real, 864 MB
[runlim] sample:		2259.64 time, 2260.02 real, 864 MB
[runlim] sample:		2269.64 time, 2270.02 real, 864 MB
[runlim] sample:		2279.64 time, 2280.02 real, 864 MB
[runlim] sample:		2289.64 time, 2290.02 real, 864 MB
[runlim] sample:		2299.64 time, 2300.02 real, 864 MB
[runlim] sample:		2309.64 time, 2310.02 real, 864 MB
[runlim] sample:		2319.64 time, 2320.02 real, 864 MB
[runlim] sample:		2329.64 time, 2330.02 real, 864 MB
[runlim] sample:		2339.64 time, 2340.02 real, 864 MB
[runlim] sample:		2349.64 time, 2350.02 real, 864 MB
[runlim] sample:		2359.64 time, 2360.02 real, 864 MB
[runlim] sample:		2369.64 time, 2370.02 real, 864 MB
[runlim] sample:		2379.64 time, 2380.02 real, 864 MB
[runlim] sample:		2389.64 time, 2390.02 real, 864 MB
[runlim] sample:		2399.64 time, 2400.02 real, 864 MB
[runlim] sample:		2409.64 time, 2410.02 real, 864 MB
[runlim] sample:		2419.64 time, 2420.02 real, 864 MB
[runlim] sample:		2429.64 time, 2430.02 real, 864 MB
[runlim] sample:		2439.64 time, 2440.02 real, 864 MB
[runlim] sample:		2449.64 time, 2450.02 real, 864 MB
[runlim] sample:		2459.64 time, 2460.02 real, 864 MB
[runlim] sample:		2469.64 time, 2470.02 real, 864 MB
[runlim] sample:		2479.64 time, 2480.02 real, 864 MB
[runlim] sample:		2489.64 time, 2490.02 real, 864 MB
[runlim] sample:		2499.64 time, 2500.02 real, 864 MB
[runlim] sample:		2509.64 time, 2510.02 real, 864 MB
[runlim] sample:		2519.64 time, 2520.02 real, 864 MB
[runlim] sample:		2529.64 time, 2530.02 real, 864 MB
[runlim] sample:		2539.64 time, 2540.02 real, 864 MB
[runlim] sample:		2549.64 time, 2550.02 real, 864 MB
[runlim] sample:		2559.64 time, 2560.02 real, 864 MB
[runlim] sample:		2569.64 time, 2570.02 real, 864 MB
[runlim] sample:		2579.64 time, 2580.02 real, 864 MB
[runlim] sample:		2589.64 time, 2590.02 real, 864 MB
[runlim] sample:		2599.64 time, 2600.02 real, 864 MB
[runlim] sample:		2609.64 time, 2610.02 real, 864 MB
[runlim] sample:		2619.64 time, 2620.02 real, 864 MB
[runlim] sample:		2629.64 time, 2630.02 real, 864 MB
[runlim] sample:		2639.64 time, 2640.02 real, 864 MB
[runlim] sample:		2649.64 time, 2650.02 real, 864 MB
[runlim] sample:		2659.64 time, 2660.02 real, 864 MB
[runlim] sample:		2669.64 time, 2670.02 real, 864 MB
[runlim] sample:		2679.64 time, 2680.02 real, 864 MB
[runlim] sample:		2689.64 time, 2690.02 real, 864 MB
[runlim] sample:		2699.64 time, 2700.02 real, 864 MB
[runlim] end:			Sat Feb 29 07:02:04 2020
[runlim] status:		out of time
[runlim] result:		2
[runlim] children:		1
[runlim] real:			2700.11 seconds
[runlim] time:			2699.64 seconds
[runlim] space:			864 MB
[runlim] samples:		27000
