[runlim] version:		1.18
[runlim] host:			c3n10
[runlim] time limit:		2700 seconds
[runlim] real time limit:	2700 seconds
[runlim] space limit:		7000 MB
[runlim] argv[0]:		./binary
[runlim] argv[1]:		/data/cnf/ankit/E1-A1-Red/bobsm5378d2.R
[runlim] start:			Sat Feb 29 06:17:04 2020
[runlim] child:			19978
[runlim] sample:		9.38 time, 10.02 real, 46 MB
[runlim] sample:		19.37 time, 20.02 real, 94 MB
[runlim] sample:		29.38 time, 30.02 real, 98 MB
[runlim] sample:		39.37 time, 40.02 real, 132 MB
[runlim] sample:		49.38 time, 50.02 real, 150 MB
[runlim] sample:		59.38 time, 60.02 real, 156 MB
[runlim] sample:		69.37 time, 70.02 real, 194 MB
[runlim] sample:		79.38 time, 80.02 real, 204 MB
[runlim] sample:		89.37 time, 90.02 real, 233 MB
[runlim] sample:		99.37 time, 100.02 real, 233 MB
[runlim] sample:		109.37 time, 110.02 real, 233 MB
[runlim] sample:		119.37 time, 120.02 real, 233 MB
[runlim] sample:		129.37 time, 130.02 real, 233 MB
[runlim] sample:		139.37 time, 140.02 real, 233 MB
[runlim] sample:		149.37 time, 150.02 real, 233 MB
[runlim] sample:		159.37 time, 160.02 real, 233 MB
[runlim] sample:		169.38 time, 170.02 real, 234 MB
[runlim] sample:		179.37 time, 180.02 real, 237 MB
[runlim] sample:		189.37 time, 190.02 real, 240 MB
[runlim] sample:		199.37 time, 200.02 real, 243 MB
[runlim] sample:		209.38 time, 210.02 real, 279 MB
[runlim] sample:		219.37 time, 220.02 real, 284 MB
[runlim] sample:		229.38 time, 230.02 real, 293 MB
[runlim] sample:		239.37 time, 240.02 real, 300 MB
[runlim] sample:		249.37 time, 250.02 real, 305 MB
[runlim] sample:		259.37 time, 260.02 real, 310 MB
[runlim] sample:		269.37 time, 270.02 real, 314 MB
[runlim] sample:		279.37 time, 280.02 real, 318 MB
[runlim] sample:		289.37 time, 290.02 real, 321 MB
[runlim] sample:		299.37 time, 300.02 real, 323 MB
[runlim] sample:		309.37 time, 310.02 real, 378 MB
[runlim] sample:		319.37 time, 320.02 real, 378 MB
[runlim] sample:		329.37 time, 330.02 real, 378 MB
[runlim] sample:		339.37 time, 340.02 real, 378 MB
[runlim] sample:		349.37 time, 350.02 real, 380 MB
[runlim] sample:		359.37 time, 360.02 real, 382 MB
[runlim] sample:		369.37 time, 370.02 real, 386 MB
[runlim] sample:		379.37 time, 380.02 real, 388 MB
[runlim] sample:		389.38 time, 390.02 real, 391 MB
[runlim] sample:		399.38 time, 400.02 real, 393 MB
[runlim] sample:		409.37 time, 410.02 real, 395 MB
[runlim] sample:		419.37 time, 420.02 real, 397 MB
[runlim] sample:		429.37 time, 430.02 real, 399 MB
[runlim] sample:		439.37 time, 440.02 real, 402 MB
[runlim] sample:		449.37 time, 450.02 real, 404 MB
[runlim] sample:		459.37 time, 460.02 real, 406 MB
[runlim] sample:		469.37 time, 470.02 real, 413 MB
[runlim] sample:		479.37 time, 480.02 real, 413 MB
[runlim] sample:		489.37 time, 490.02 real, 425 MB
[runlim] sample:		499.37 time, 500.02 real, 483 MB
[runlim] sample:		509.37 time, 510.02 real, 483 MB
[runlim] sample:		519.37 time, 520.02 real, 483 MB
[runlim] sample:		529.37 time, 530.02 real, 483 MB
[runlim] sample:		539.37 time, 540.02 real, 485 MB
[runlim] sample:		549.37 time, 550.02 real, 491 MB
[runlim] sample:		559.37 time, 560.02 real, 494 MB
[runlim] sample:		569.37 time, 570.02 real, 499 MB
[runlim] sample:		579.37 time, 580.02 real, 503 MB
[runlim] sample:		589.37 time, 590.02 real, 505 MB
[runlim] sample:		599.37 time, 600.02 real, 510 MB
[runlim] sample:		609.37 time, 610.02 real, 512 MB
[runlim] sample:		619.37 time, 620.02 real, 516 MB
[runlim] sample:		629.37 time, 630.02 real, 518 MB
[runlim] sample:		639.37 time, 640.02 real, 521 MB
[runlim] sample:		649.37 time, 650.02 real, 524 MB
[runlim] sample:		659.37 time, 660.02 real, 527 MB
[runlim] sample:		669.37 time, 670.02 real, 529 MB
[runlim] sample:		679.37 time, 680.02 real, 532 MB
[runlim] sample:		689.37 time, 690.02 real, 535 MB
[runlim] sample:		699.37 time, 700.02 real, 537 MB
[runlim] sample:		709.37 time, 710.02 real, 539 MB
[runlim] sample:		719.37 time, 720.02 real, 540 MB
[runlim] sample:		729.37 time, 730.02 real, 542 MB
[runlim] sample:		739.36 time, 740.02 real, 544 MB
[runlim] sample:		749.36 time, 750.02 real, 545 MB
[runlim] sample:		759.37 time, 760.02 real, 547 MB
[runlim] sample:		769.37 time, 770.02 real, 548 MB
[runlim] sample:		779.37 time, 780.02 real, 550 MB
[runlim] sample:		789.37 time, 790.02 real, 552 MB
[runlim] sample:		799.37 time, 800.02 real, 554 MB
[runlim] sample:		809.37 time, 810.02 real, 556 MB
[runlim] sample:		819.37 time, 820.02 real, 558 MB
[runlim] sample:		829.37 time, 830.02 real, 560 MB
[runlim] sample:		839.37 time, 840.02 real, 562 MB
[runlim] sample:		849.37 time, 850.02 real, 564 MB
[runlim] sample:		859.37 time, 860.02 real, 565 MB
[runlim] sample:		869.37 time, 870.02 real, 567 MB
[runlim] sample:		879.37 time, 880.02 real, 569 MB
[runlim] sample:		889.37 time, 890.02 real, 571 MB
[runlim] sample:		899.37 time, 900.02 real, 572 MB
[runlim] sample:		909.37 time, 910.02 real, 573 MB
[runlim] sample:		919.37 time, 920.02 real, 574 MB
[runlim] sample:		929.36 time, 930.02 real, 575 MB
[runlim] sample:		939.37 time, 940.02 real, 577 MB
[runlim] sample:		949.37 time, 950.02 real, 578 MB
[runlim] sample:		959.37 time, 960.02 real, 579 MB
[runlim] sample:		969.37 time, 970.02 real, 580 MB
[runlim] sample:		979.36 time, 980.02 real, 581 MB
[runlim] sample:		989.37 time, 990.02 real, 582 MB
[runlim] sample:		999.36 time, 1000.02 real, 583 MB
[runlim] sample:		1009.36 time, 1010.02 real, 585 MB
[runlim] sample:		1019.37 time, 1020.02 real, 604 MB
[runlim] sample:		1029.36 time, 1030.02 real, 701 MB
[runlim] sample:		1039.36 time, 1040.02 real, 701 MB
[runlim] sample:		1049.36 time, 1050.02 real, 701 MB
[runlim] sample:		1059.36 time, 1060.02 real, 701 MB
[runlim] sample:		1069.36 time, 1070.02 real, 701 MB
[runlim] sample:		1079.36 time, 1080.02 real, 701 MB
[runlim] sample:		1089.36 time, 1090.02 real, 701 MB
[runlim] sample:		1099.36 time, 1100.02 real, 701 MB
[runlim] sample:		1109.36 time, 1110.02 real, 701 MB
[runlim] sample:		1119.36 time, 1120.02 real, 701 MB
[runlim] sample:		1129.36 time, 1130.02 real, 701 MB
[runlim] sample:		1139.36 time, 1140.02 real, 701 MB
[runlim] sample:		1149.36 time, 1150.02 real, 701 MB
[runlim] sample:		1159.36 time, 1160.02 real, 701 MB
[runlim] sample:		1169.37 time, 1170.02 real, 701 MB
[runlim] sample:		1179.37 time, 1180.02 real, 701 MB
[runlim] sample:		1189.37 time, 1190.02 real, 701 MB
[runlim] sample:		1199.37 time, 1200.02 real, 701 MB
[runlim] sample:		1209.37 time, 1210.02 real, 701 MB
[runlim] sample:		1219.37 time, 1220.02 real, 701 MB
[runlim] sample:		1229.37 time, 1230.02 real, 702 MB
[runlim] sample:		1239.37 time, 1240.02 real, 703 MB
[runlim] sample:		1249.37 time, 1250.02 real, 705 MB
[runlim] sample:		1259.36 time, 1260.02 real, 706 MB
[runlim] sample:		1269.36 time, 1270.02 real, 708 MB
[runlim] sample:		1279.37 time, 1280.02 real, 709 MB
[runlim] sample:		1289.37 time, 1290.02 real, 711 MB
[runlim] sample:		1299.37 time, 1300.02 real, 712 MB
[runlim] sample:		1309.37 time, 1310.02 real, 713 MB
[runlim] sample:		1319.37 time, 1320.02 real, 715 MB
[runlim] sample:		1329.37 time, 1330.02 real, 717 MB
[runlim] sample:		1339.37 time, 1340.02 real, 720 MB
[runlim] sample:		1349.36 time, 1350.02 real, 722 MB
[runlim] sample:		1359.36 time, 1360.02 real, 723 MB
[runlim] sample:		1369.36 time, 1370.02 real, 724 MB
[runlim] sample:		1379.36 time, 1380.02 real, 725 MB
[runlim] sample:		1389.36 time, 1390.02 real, 726 MB
[runlim] sample:		1399.36 time, 1400.02 real, 727 MB
[runlim] sample:		1409.36 time, 1410.02 real, 728 MB
[runlim] sample:		1419.36 time, 1420.02 real, 729 MB
[runlim] sample:		1429.37 time, 1430.02 real, 731 MB
[runlim] sample:		1439.36 time, 1440.02 real, 732 MB
[runlim] sample:		1449.37 time, 1450.02 real, 733 MB
[runlim] sample:		1459.37 time, 1460.02 real, 734 MB
[runlim] sample:		1469.36 time, 1470.02 real, 735 MB
[runlim] sample:		1479.36 time, 1480.02 real, 736 MB
[runlim] sample:		1489.36 time, 1490.02 real, 737 MB
[runlim] sample:		1499.37 time, 1500.02 real, 738 MB
[runlim] sample:		1509.37 time, 1510.02 real, 739 MB
[runlim] sample:		1519.36 time, 1520.02 real, 740 MB
[runlim] sample:		1529.36 time, 1530.02 real, 741 MB
[runlim] sample:		1539.37 time, 1540.02 real, 742 MB
[runlim] sample:		1549.37 time, 1550.02 real, 744 MB
[runlim] sample:		1559.36 time, 1560.02 real, 745 MB
[runlim] sample:		1569.36 time, 1570.02 real, 746 MB
[runlim] sample:		1579.36 time, 1580.02 real, 747 MB
[runlim] sample:		1589.36 time, 1590.02 real, 748 MB
[runlim] sample:		1599.36 time, 1600.02 real, 750 MB
[runlim] sample:		1609.36 time, 1610.02 real, 751 MB
[runlim] sample:		1619.36 time, 1620.02 real, 752 MB
[runlim] sample:		1629.36 time, 1630.02 real, 753 MB
[runlim] sample:		1639.36 time, 1640.02 real, 755 MB
[runlim] sample:		1649.37 time, 1650.02 real, 756 MB
[runlim] sample:		1659.36 time, 1660.02 real, 757 MB
[runlim] sample:		1669.36 time, 1670.02 real, 758 MB
[runlim] sample:		1679.36 time, 1680.02 real, 759 MB
[runlim] sample:		1689.36 time, 1690.02 real, 760 MB
[runlim] sample:		1699.37 time, 1700.02 real, 762 MB
[runlim] sample:		1709.37 time, 1710.02 real, 763 MB
[runlim] sample:		1719.37 time, 1720.02 real, 764 MB
[runlim] sample:		1729.37 time, 1730.02 real, 765 MB
[runlim] sample:		1739.37 time, 1740.02 real, 766 MB
[runlim] sample:		1749.36 time, 1750.02 real, 767 MB
[runlim] sample:		1759.36 time, 1760.02 real, 767 MB
[runlim] sample:		1769.36 time, 1770.02 real, 769 MB
[runlim] sample:		1779.36 time, 1780.02 real, 782 MB
[runlim] sample:		1789.36 time, 1790.02 real, 782 MB
[runlim] sample:		1799.36 time, 1800.02 real, 782 MB
[runlim] sample:		1809.36 time, 1810.02 real, 912 MB
[runlim] sample:		1819.36 time, 1820.02 real, 912 MB
[runlim] sample:		1829.36 time, 1830.02 real, 912 MB
[runlim] sample:		1839.36 time, 1840.02 real, 912 MB
[runlim] sample:		1849.36 time, 1850.02 real, 912 MB
[runlim] sample:		1859.36 time, 1860.02 real, 912 MB
[runlim] sample:		1869.36 time, 1870.02 real, 912 MB
[runlim] sample:		1879.36 time, 1880.02 real, 912 MB
[runlim] sample:		1889.36 time, 1890.02 real, 912 MB
[runlim] sample:		1899.36 time, 1900.02 real, 912 MB
[runlim] sample:		1909.36 time, 1910.02 real, 912 MB
[runlim] sample:		1919.36 time, 1920.02 real, 912 MB
[runlim] sample:		1929.36 time, 1930.02 real, 912 MB
[runlim] sample:		1939.36 time, 1940.02 real, 912 MB
[runlim] sample:		1949.36 time, 1950.02 real, 912 MB
[runlim] sample:		1959.36 time, 1960.02 real, 912 MB
[runlim] sample:		1969.35 time, 1970.02 real, 912 MB
[runlim] sample:		1979.36 time, 1980.02 real, 912 MB
[runlim] sample:		1989.36 time, 1990.02 real, 912 MB
[runlim] sample:		1999.36 time, 2000.02 real, 912 MB
[runlim] sample:		2009.36 time, 2010.02 real, 912 MB
[runlim] sample:		2019.36 time, 2020.02 real, 912 MB
[runlim] sample:		2029.36 time, 2030.02 real, 912 MB
[runlim] sample:		2039.36 time, 2040.02 real, 912 MB
[runlim] sample:		2049.36 time, 2050.02 real, 912 MB
[runlim] sample:		2059.36 time, 2060.02 real, 912 MB
[runlim] sample:		2069.36 time, 2070.02 real, 912 MB
[runlim] sample:		2079.36 time, 2080.02 real, 912 MB
[runlim] sample:		2089.36 time, 2090.02 real, 912 MB
[runlim] sample:		2099.36 time, 2100.02 real, 912 MB
[runlim] sample:		2109.36 time, 2110.02 real, 912 MB
[runlim] sample:		2119.35 time, 2120.02 real, 912 MB
[runlim] sample:		2129.35 time, 2130.02 real, 912 MB
[runlim] sample:		2139.36 time, 2140.02 real, 912 MB
[runlim] sample:		2149.36 time, 2150.02 real, 913 MB
[runlim] sample:		2159.35 time, 2160.02 real, 914 MB
[runlim] sample:		2169.36 time, 2170.02 real, 916 MB
[runlim] sample:		2179.36 time, 2180.02 real, 917 MB
[runlim] sample:		2189.35 time, 2190.02 real, 919 MB
[runlim] sample:		2199.35 time, 2200.02 real, 920 MB
[runlim] sample:		2209.35 time, 2210.02 real, 922 MB
[runlim] sample:		2219.36 time, 2220.02 real, 923 MB
[runlim] sample:		2229.35 time, 2230.02 real, 924 MB
[runlim] sample:		2239.35 time, 2240.02 real, 926 MB
[runlim] sample:		2249.35 time, 2250.02 real, 927 MB
[runlim] sample:		2259.36 time, 2260.02 real, 928 MB
[runlim] sample:		2269.36 time, 2270.02 real, 929 MB
[runlim] sample:		2279.35 time, 2280.02 real, 930 MB
[runlim] sample:		2289.36 time, 2290.02 real, 931 MB
[runlim] sample:		2299.35 time, 2300.02 real, 932 MB
[runlim] sample:		2309.35 time, 2310.02 real, 934 MB
[runlim] sample:		2319.35 time, 2320.02 real, 935 MB
[runlim] sample:		2329.36 time, 2330.02 real, 936 MB
[runlim] sample:		2339.36 time, 2340.02 real, 937 MB
[runlim] sample:		2349.36 time, 2350.02 real, 939 MB
[runlim] sample:		2359.36 time, 2360.02 real, 940 MB
[runlim] sample:		2369.36 time, 2370.02 real, 942 MB
[runlim] sample:		2379.36 time, 2380.02 real, 943 MB
[runlim] sample:		2389.36 time, 2390.02 real, 944 MB
[runlim] sample:		2399.36 time, 2400.02 real, 946 MB
[runlim] sample:		2409.35 time, 2410.02 real, 947 MB
[runlim] sample:		2419.36 time, 2420.02 real, 948 MB
[runlim] sample:		2429.36 time, 2430.02 real, 949 MB
[runlim] sample:		2439.36 time, 2440.02 real, 951 MB
[runlim] sample:		2449.36 time, 2450.02 real, 952 MB
[runlim] sample:		2459.35 time, 2460.02 real, 953 MB
[runlim] sample:		2469.35 time, 2470.02 real, 954 MB
[runlim] sample:		2479.35 time, 2480.02 real, 955 MB
[runlim] sample:		2489.36 time, 2490.02 real, 956 MB
[runlim] sample:		2499.36 time, 2500.02 real, 957 MB
[runlim] sample:		2509.36 time, 2510.02 real, 958 MB
[runlim] sample:		2519.36 time, 2520.02 real, 959 MB
[runlim] sample:		2529.35 time, 2530.02 real, 960 MB
[runlim] sample:		2539.35 time, 2540.02 real, 960 MB
[runlim] sample:		2549.36 time, 2550.02 real, 961 MB
[runlim] sample:		2559.36 time, 2560.02 real, 962 MB
[runlim] sample:		2569.35 time, 2570.02 real, 963 MB
[runlim] sample:		2579.35 time, 2580.02 real, 964 MB
[runlim] sample:		2589.36 time, 2590.02 real, 965 MB
[runlim] sample:		2599.35 time, 2600.02 real, 966 MB
[runlim] sample:		2609.35 time, 2610.02 real, 967 MB
[runlim] sample:		2619.35 time, 2620.02 real, 968 MB
[runlim] sample:		2629.36 time, 2630.02 real, 968 MB
[runlim] sample:		2639.36 time, 2640.02 real, 969 MB
[runlim] sample:		2649.35 time, 2650.02 real, 970 MB
[runlim] sample:		2659.35 time, 2660.02 real, 971 MB
[runlim] sample:		2669.35 time, 2670.02 real, 972 MB
[runlim] sample:		2679.35 time, 2680.02 real, 973 MB
[runlim] sample:		2689.35 time, 2690.02 real, 974 MB
[runlim] sample:		2699.35 time, 2700.02 real, 975 MB
[runlim] end:			Sat Feb 29 07:02:04 2020
[runlim] status:		out of time
[runlim] result:		2
[runlim] children:		1
[runlim] real:			2700.11 seconds
[runlim] time:			2699.35 seconds
[runlim] space:			975 MB
[runlim] samples:		27000
