[runlim] version:		1.18
[runlim] host:			c3n10
[runlim] time limit:		2700 seconds
[runlim] real time limit:	2700 seconds
[runlim] space limit:		7000 MB
[runlim] argv[0]:		./binary
[runlim] argv[1]:		/data/cnf/ankit/E1-A1-Red/bobsmhdlc2.R
[runlim] start:			Sat Feb 29 06:17:04 2020
[runlim] child:			20030
[runlim] sample:		9.89 time, 10.02 real, 47 MB
[runlim] sample:		19.89 time, 20.02 real, 73 MB
[runlim] sample:		29.89 time, 30.02 real, 93 MB
[runlim] sample:		39.89 time, 40.02 real, 114 MB
[runlim] sample:		49.89 time, 50.02 real, 146 MB
[runlim] sample:		59.89 time, 60.02 real, 185 MB
[runlim] sample:		69.89 time, 70.02 real, 196 MB
[runlim] sample:		79.89 time, 80.02 real, 203 MB
[runlim] sample:		89.89 time, 90.02 real, 209 MB
[runlim] sample:		99.89 time, 100.02 real, 213 MB
[runlim] sample:		109.89 time, 110.02 real, 221 MB
[runlim] sample:		119.89 time, 120.02 real, 250 MB
[runlim] sample:		129.89 time, 130.02 real, 274 MB
[runlim] sample:		139.89 time, 140.02 real, 287 MB
[runlim] sample:		149.89 time, 150.02 real, 324 MB
[runlim] sample:		159.89 time, 160.02 real, 324 MB
[runlim] sample:		169.89 time, 170.02 real, 324 MB
[runlim] sample:		179.89 time, 180.02 real, 324 MB
[runlim] sample:		189.89 time, 190.02 real, 327 MB
[runlim] sample:		199.88 time, 200.02 real, 331 MB
[runlim] sample:		209.89 time, 210.02 real, 334 MB
[runlim] sample:		219.89 time, 220.02 real, 338 MB
[runlim] sample:		229.88 time, 230.02 real, 343 MB
[runlim] sample:		239.89 time, 240.02 real, 349 MB
[runlim] sample:		249.88 time, 250.02 real, 353 MB
[runlim] sample:		259.89 time, 260.02 real, 357 MB
[runlim] sample:		269.89 time, 270.02 real, 360 MB
[runlim] sample:		279.89 time, 280.02 real, 362 MB
[runlim] sample:		289.88 time, 290.02 real, 364 MB
[runlim] sample:		299.89 time, 300.02 real, 366 MB
[runlim] sample:		309.89 time, 310.02 real, 368 MB
[runlim] sample:		319.89 time, 320.02 real, 370 MB
[runlim] sample:		329.89 time, 330.02 real, 372 MB
[runlim] sample:		339.89 time, 340.02 real, 374 MB
[runlim] sample:		349.88 time, 350.02 real, 377 MB
[runlim] sample:		359.88 time, 360.02 real, 380 MB
[runlim] sample:		369.89 time, 370.02 real, 382 MB
[runlim] sample:		379.88 time, 380.02 real, 384 MB
[runlim] sample:		389.88 time, 390.02 real, 386 MB
[runlim] sample:		399.88 time, 400.02 real, 394 MB
[runlim] sample:		409.88 time, 410.02 real, 394 MB
[runlim] sample:		419.88 time, 420.02 real, 394 MB
[runlim] sample:		429.89 time, 430.02 real, 396 MB
[runlim] sample:		439.88 time, 440.02 real, 398 MB
[runlim] sample:		449.88 time, 450.02 real, 399 MB
[runlim] sample:		459.88 time, 460.02 real, 400 MB
[runlim] sample:		469.88 time, 470.02 real, 401 MB
[runlim] sample:		479.88 time, 480.02 real, 403 MB
[runlim] sample:		489.89 time, 490.02 real, 404 MB
[runlim] sample:		499.89 time, 500.02 real, 405 MB
[runlim] sample:		509.89 time, 510.02 real, 406 MB
[runlim] sample:		519.88 time, 520.02 real, 407 MB
[runlim] sample:		529.88 time, 530.02 real, 409 MB
[runlim] sample:		539.88 time, 540.02 real, 410 MB
[runlim] sample:		549.89 time, 550.02 real, 411 MB
[runlim] sample:		559.89 time, 560.02 real, 412 MB
[runlim] sample:		569.89 time, 570.02 real, 413 MB
[runlim] sample:		579.88 time, 580.02 real, 414 MB
[runlim] sample:		589.88 time, 590.02 real, 415 MB
[runlim] sample:		599.88 time, 600.02 real, 416 MB
[runlim] sample:		609.89 time, 610.02 real, 417 MB
[runlim] sample:		619.88 time, 620.02 real, 418 MB
[runlim] sample:		629.88 time, 630.02 real, 420 MB
[runlim] sample:		639.88 time, 640.02 real, 421 MB
[runlim] sample:		649.88 time, 650.02 real, 423 MB
[runlim] sample:		659.88 time, 660.02 real, 424 MB
[runlim] sample:		669.88 time, 670.02 real, 425 MB
[runlim] sample:		679.88 time, 680.02 real, 446 MB
[runlim] sample:		689.88 time, 690.02 real, 446 MB
[runlim] sample:		699.88 time, 700.02 real, 446 MB
[runlim] sample:		709.88 time, 710.02 real, 446 MB
[runlim] sample:		719.88 time, 720.02 real, 446 MB
[runlim] sample:		729.89 time, 730.02 real, 451 MB
[runlim] sample:		739.89 time, 740.02 real, 451 MB
[runlim] sample:		749.89 time, 750.02 real, 451 MB
[runlim] sample:		759.89 time, 760.02 real, 451 MB
[runlim] sample:		769.89 time, 770.02 real, 451 MB
[runlim] sample:		779.89 time, 780.02 real, 451 MB
[runlim] sample:		789.89 time, 790.02 real, 451 MB
[runlim] sample:		799.89 time, 800.02 real, 451 MB
[runlim] sample:		809.89 time, 810.02 real, 451 MB
[runlim] sample:		819.89 time, 820.02 real, 451 MB
[runlim] sample:		829.89 time, 830.02 real, 451 MB
[runlim] sample:		839.89 time, 840.02 real, 451 MB
[runlim] sample:		849.89 time, 850.02 real, 451 MB
[runlim] sample:		859.89 time, 860.02 real, 451 MB
[runlim] sample:		869.89 time, 870.02 real, 451 MB
[runlim] sample:		879.89 time, 880.02 real, 451 MB
[runlim] sample:		889.89 time, 890.02 real, 451 MB
[runlim] sample:		899.89 time, 900.02 real, 451 MB
[runlim] sample:		909.89 time, 910.02 real, 451 MB
[runlim] sample:		919.89 time, 920.02 real, 451 MB
[runlim] sample:		929.89 time, 930.02 real, 451 MB
[runlim] sample:		939.89 time, 940.02 real, 451 MB
[runlim] sample:		949.89 time, 950.02 real, 451 MB
[runlim] sample:		959.88 time, 960.02 real, 516 MB
[runlim] sample:		969.88 time, 970.02 real, 516 MB
[runlim] sample:		979.88 time, 980.02 real, 516 MB
[runlim] sample:		989.88 time, 990.02 real, 516 MB
[runlim] sample:		999.88 time, 1000.02 real, 516 MB
[runlim] sample:		1009.88 time, 1010.02 real, 516 MB
[runlim] sample:		1019.88 time, 1020.02 real, 516 MB
[runlim] sample:		1029.88 time, 1030.02 real, 516 MB
[runlim] sample:		1039.88 time, 1040.02 real, 516 MB
[runlim] sample:		1049.89 time, 1050.02 real, 520 MB
[runlim] sample:		1059.89 time, 1060.02 real, 523 MB
[runlim] sample:		1069.88 time, 1070.02 real, 526 MB
[runlim] sample:		1079.88 time, 1080.02 real, 529 MB
[runlim] sample:		1089.89 time, 1090.02 real, 532 MB
[runlim] sample:		1099.88 time, 1100.02 real, 534 MB
[runlim] sample:		1109.88 time, 1110.02 real, 538 MB
[runlim] sample:		1119.89 time, 1120.02 real, 540 MB
[runlim] sample:		1129.89 time, 1130.02 real, 543 MB
[runlim] sample:		1139.88 time, 1140.02 real, 558 MB
[runlim] sample:		1149.88 time, 1150.02 real, 610 MB
[runlim] sample:		1159.88 time, 1160.02 real, 610 MB
[runlim] sample:		1169.88 time, 1170.02 real, 610 MB
[runlim] sample:		1179.88 time, 1180.02 real, 610 MB
[runlim] sample:		1189.88 time, 1190.02 real, 610 MB
[runlim] sample:		1199.88 time, 1200.02 real, 610 MB
[runlim] sample:		1209.88 time, 1210.02 real, 610 MB
[runlim] sample:		1219.88 time, 1220.02 real, 614 MB
[runlim] sample:		1229.88 time, 1230.02 real, 617 MB
[runlim] sample:		1239.88 time, 1240.02 real, 621 MB
[runlim] sample:		1249.89 time, 1250.02 real, 624 MB
[runlim] sample:		1259.88 time, 1260.02 real, 626 MB
[runlim] sample:		1269.88 time, 1270.02 real, 629 MB
[runlim] sample:		1279.88 time, 1280.02 real, 632 MB
[runlim] sample:		1289.89 time, 1290.02 real, 636 MB
[runlim] sample:		1299.88 time, 1300.02 real, 638 MB
[runlim] sample:		1309.88 time, 1310.02 real, 641 MB
[runlim] sample:		1319.88 time, 1320.02 real, 643 MB
[runlim] sample:		1329.88 time, 1330.02 real, 645 MB
[runlim] sample:		1339.88 time, 1340.02 real, 648 MB
[runlim] sample:		1349.88 time, 1350.02 real, 651 MB
[runlim] sample:		1359.88 time, 1360.02 real, 653 MB
[runlim] sample:		1369.88 time, 1370.02 real, 655 MB
[runlim] sample:		1379.88 time, 1380.02 real, 657 MB
[runlim] sample:		1389.89 time, 1390.02 real, 658 MB
[runlim] sample:		1399.88 time, 1400.02 real, 660 MB
[runlim] sample:		1409.88 time, 1410.02 real, 666 MB
[runlim] sample:		1419.89 time, 1420.02 real, 754 MB
[runlim] sample:		1429.89 time, 1430.02 real, 754 MB
[runlim] sample:		1439.89 time, 1440.02 real, 754 MB
[runlim] sample:		1449.89 time, 1450.02 real, 754 MB
[runlim] sample:		1459.89 time, 1460.02 real, 754 MB
[runlim] sample:		1469.89 time, 1470.02 real, 754 MB
[runlim] sample:		1479.89 time, 1480.02 real, 754 MB
[runlim] sample:		1489.89 time, 1490.02 real, 754 MB
[runlim] sample:		1499.89 time, 1500.02 real, 754 MB
[runlim] sample:		1509.89 time, 1510.02 real, 754 MB
[runlim] sample:		1519.89 time, 1520.02 real, 754 MB
[runlim] sample:		1529.89 time, 1530.02 real, 754 MB
[runlim] sample:		1539.89 time, 1540.02 real, 754 MB
[runlim] sample:		1549.89 time, 1550.02 real, 754 MB
[runlim] sample:		1559.89 time, 1560.02 real, 754 MB
[runlim] sample:		1569.89 time, 1570.02 real, 754 MB
[runlim] sample:		1579.89 time, 1580.02 real, 754 MB
[runlim] sample:		1589.89 time, 1590.02 real, 754 MB
[runlim] sample:		1599.89 time, 1600.02 real, 754 MB
[runlim] sample:		1609.89 time, 1610.02 real, 754 MB
[runlim] sample:		1619.89 time, 1620.02 real, 755 MB
[runlim] sample:		1629.89 time, 1630.02 real, 757 MB
[runlim] sample:		1639.89 time, 1640.02 real, 758 MB
[runlim] sample:		1649.88 time, 1650.02 real, 760 MB
[runlim] sample:		1659.88 time, 1660.02 real, 762 MB
[runlim] sample:		1669.89 time, 1670.02 real, 764 MB
[runlim] sample:		1679.88 time, 1680.02 real, 766 MB
[runlim] sample:		1689.89 time, 1690.02 real, 768 MB
[runlim] sample:		1699.89 time, 1700.02 real, 770 MB
[runlim] sample:		1709.89 time, 1710.02 real, 772 MB
[runlim] sample:		1719.89 time, 1720.02 real, 774 MB
[runlim] sample:		1729.88 time, 1730.02 real, 775 MB
[runlim] sample:		1739.88 time, 1740.02 real, 777 MB
[runlim] sample:		1749.88 time, 1750.02 real, 779 MB
[runlim] sample:		1759.88 time, 1760.02 real, 780 MB
[runlim] sample:		1769.89 time, 1770.02 real, 782 MB
[runlim] sample:		1779.89 time, 1780.02 real, 783 MB
[runlim] sample:		1789.88 time, 1790.02 real, 784 MB
[runlim] sample:		1799.88 time, 1800.02 real, 786 MB
[runlim] sample:		1809.88 time, 1810.02 real, 787 MB
[runlim] sample:		1819.88 time, 1820.02 real, 789 MB
[runlim] sample:		1829.88 time, 1830.02 real, 790 MB
[runlim] sample:		1839.88 time, 1840.02 real, 792 MB
[runlim] sample:		1849.88 time, 1850.02 real, 793 MB
[runlim] sample:		1859.89 time, 1860.02 real, 794 MB
[runlim] sample:		1869.88 time, 1870.02 real, 796 MB
[runlim] sample:		1879.88 time, 1880.02 real, 797 MB
[runlim] sample:		1889.88 time, 1890.02 real, 798 MB
[runlim] sample:		1899.88 time, 1900.02 real, 800 MB
[runlim] sample:		1909.88 time, 1910.02 real, 801 MB
[runlim] sample:		1919.88 time, 1920.02 real, 802 MB
[runlim] sample:		1929.88 time, 1930.02 real, 814 MB
[runlim] sample:		1939.88 time, 1940.02 real, 814 MB
[runlim] sample:		1949.88 time, 1950.02 real, 814 MB
[runlim] sample:		1959.88 time, 1960.02 real, 814 MB
[runlim] sample:		1969.88 time, 1970.02 real, 814 MB
[runlim] sample:		1979.88 time, 1980.02 real, 816 MB
[runlim] sample:		1989.88 time, 1990.02 real, 817 MB
[runlim] sample:		1999.88 time, 2000.02 real, 818 MB
[runlim] sample:		2009.89 time, 2010.02 real, 819 MB
[runlim] sample:		2019.89 time, 2020.02 real, 821 MB
[runlim] sample:		2029.89 time, 2030.02 real, 822 MB
[runlim] sample:		2039.88 time, 2040.02 real, 823 MB
[runlim] sample:		2049.88 time, 2050.02 real, 824 MB
[runlim] sample:		2059.88 time, 2060.02 real, 825 MB
[runlim] sample:		2069.88 time, 2070.02 real, 826 MB
[runlim] sample:		2079.88 time, 2080.02 real, 828 MB
[runlim] sample:		2089.89 time, 2090.02 real, 829 MB
[runlim] sample:		2099.89 time, 2100.02 real, 830 MB
[runlim] sample:		2109.89 time, 2110.02 real, 831 MB
[runlim] sample:		2119.89 time, 2120.02 real, 832 MB
[runlim] sample:		2129.89 time, 2130.02 real, 833 MB
[runlim] sample:		2139.88 time, 2140.02 real, 834 MB
[runlim] sample:		2149.88 time, 2150.02 real, 835 MB
[runlim] sample:		2159.88 time, 2160.02 real, 836 MB
[runlim] sample:		2169.88 time, 2170.02 real, 837 MB
[runlim] sample:		2179.88 time, 2180.02 real, 838 MB
[runlim] sample:		2189.88 time, 2190.02 real, 861 MB
[runlim] sample:		2199.88 time, 2200.02 real, 960 MB
[runlim] sample:		2209.87 time, 2210.02 real, 960 MB
[runlim] sample:		2219.88 time, 2220.02 real, 960 MB
[runlim] sample:		2229.88 time, 2230.02 real, 960 MB
[runlim] sample:		2239.88 time, 2240.02 real, 960 MB
[runlim] sample:		2249.88 time, 2250.02 real, 960 MB
[runlim] sample:		2259.88 time, 2260.02 real, 960 MB
[runlim] sample:		2269.88 time, 2270.02 real, 960 MB
[runlim] sample:		2279.88 time, 2280.02 real, 960 MB
[runlim] sample:		2289.88 time, 2290.02 real, 960 MB
[runlim] sample:		2299.88 time, 2300.02 real, 960 MB
[runlim] sample:		2309.88 time, 2310.02 real, 960 MB
[runlim] sample:		2319.88 time, 2320.02 real, 960 MB
[runlim] sample:		2329.88 time, 2330.02 real, 960 MB
[runlim] sample:		2339.87 time, 2340.02 real, 960 MB
[runlim] sample:		2349.88 time, 2350.02 real, 962 MB
[runlim] sample:		2359.88 time, 2360.02 real, 964 MB
[runlim] sample:		2369.88 time, 2370.02 real, 967 MB
[runlim] sample:		2379.88 time, 2380.02 real, 971 MB
[runlim] sample:		2389.88 time, 2390.02 real, 977 MB
[runlim] sample:		2399.87 time, 2400.02 real, 981 MB
[runlim] sample:		2409.87 time, 2410.02 real, 985 MB
[runlim] sample:		2419.87 time, 2420.02 real, 988 MB
[runlim] sample:		2429.87 time, 2430.02 real, 991 MB
[runlim] sample:		2439.87 time, 2440.02 real, 994 MB
[runlim] sample:		2449.87 time, 2450.02 real, 995 MB
[runlim] sample:		2459.87 time, 2460.02 real, 997 MB
[runlim] sample:		2469.87 time, 2470.02 real, 999 MB
[runlim] sample:		2479.88 time, 2480.02 real, 1000 MB
[runlim] sample:		2489.88 time, 2490.02 real, 1002 MB
[runlim] sample:		2499.88 time, 2500.02 real, 1003 MB
[runlim] sample:		2509.88 time, 2510.02 real, 1005 MB
[runlim] sample:		2519.88 time, 2520.02 real, 1006 MB
[runlim] sample:		2529.88 time, 2530.02 real, 1008 MB
[runlim] sample:		2539.87 time, 2540.02 real, 1009 MB
[runlim] sample:		2549.87 time, 2550.02 real, 1011 MB
[runlim] sample:		2559.88 time, 2560.02 real, 1012 MB
[runlim] sample:		2569.87 time, 2570.02 real, 1013 MB
[runlim] sample:		2579.87 time, 2580.02 real, 1015 MB
[runlim] sample:		2589.88 time, 2590.02 real, 1016 MB
[runlim] sample:		2599.87 time, 2600.02 real, 1018 MB
[runlim] sample:		2609.87 time, 2610.02 real, 1019 MB
[runlim] sample:		2619.87 time, 2620.02 real, 1020 MB
[runlim] sample:		2629.87 time, 2630.02 real, 1022 MB
[runlim] sample:		2639.87 time, 2640.02 real, 1023 MB
[runlim] sample:		2649.87 time, 2650.02 real, 1024 MB
[runlim] sample:		2659.87 time, 2660.02 real, 1025 MB
[runlim] sample:		2669.87 time, 2670.02 real, 1027 MB
[runlim] sample:		2679.88 time, 2680.02 real, 1028 MB
[runlim] sample:		2689.87 time, 2690.02 real, 1030 MB
[runlim] sample:		2699.88 time, 2700.02 real, 1031 MB
[runlim] end:			Sat Feb 29 07:02:04 2020
[runlim] status:		out of time
[runlim] result:		2
[runlim] children:		1
[runlim] real:			2700.10 seconds
[runlim] time:			2699.88 seconds
[runlim] space:			1031 MB
[runlim] samples:		27000
