[runlim] version:		1.18
[runlim] host:			c3n10
[runlim] time limit:		2700 seconds
[runlim] real time limit:	2700 seconds
[runlim] space limit:		7000 MB
[runlim] argv[0]:		./binary
[runlim] argv[1]:		/data/cnf/ankit/E1-A1-Red/bobsm9234.R
[runlim] start:			Sat Feb 29 06:17:04 2020
[runlim] child:			19981
[runlim] sample:		9.39 time, 10.02 real, 70 MB
[runlim] sample:		19.39 time, 20.02 real, 71 MB
[runlim] sample:		29.39 time, 30.02 real, 71 MB
[runlim] sample:		39.39 time, 40.02 real, 77 MB
[runlim] sample:		49.39 time, 50.02 real, 92 MB
[runlim] sample:		59.40 time, 60.02 real, 107 MB
[runlim] sample:		69.40 time, 70.02 real, 119 MB
[runlim] sample:		79.40 time, 80.02 real, 137 MB
[runlim] sample:		89.39 time, 90.02 real, 167 MB
[runlim] sample:		99.40 time, 100.02 real, 207 MB
[runlim] sample:		109.39 time, 110.02 real, 228 MB
[runlim] sample:		119.40 time, 120.02 real, 238 MB
[runlim] sample:		129.39 time, 130.02 real, 248 MB
[runlim] sample:		139.39 time, 140.02 real, 255 MB
[runlim] sample:		149.40 time, 150.02 real, 267 MB
[runlim] sample:		159.40 time, 160.02 real, 268 MB
[runlim] sample:		169.40 time, 170.02 real, 268 MB
[runlim] sample:		179.40 time, 180.02 real, 268 MB
[runlim] sample:		189.40 time, 190.02 real, 268 MB
[runlim] sample:		199.40 time, 200.02 real, 268 MB
[runlim] sample:		209.40 time, 210.02 real, 268 MB
[runlim] sample:		219.40 time, 220.02 real, 268 MB
[runlim] sample:		229.40 time, 230.02 real, 271 MB
[runlim] sample:		239.40 time, 240.02 real, 271 MB
[runlim] sample:		249.40 time, 250.02 real, 271 MB
[runlim] sample:		259.40 time, 260.02 real, 271 MB
[runlim] sample:		269.40 time, 270.02 real, 271 MB
[runlim] sample:		279.40 time, 280.02 real, 271 MB
[runlim] sample:		289.40 time, 290.02 real, 271 MB
[runlim] sample:		299.39 time, 300.02 real, 271 MB
[runlim] sample:		309.40 time, 310.02 real, 271 MB
[runlim] sample:		319.39 time, 320.02 real, 271 MB
[runlim] sample:		329.40 time, 330.02 real, 271 MB
[runlim] sample:		339.39 time, 340.02 real, 294 MB
[runlim] sample:		349.39 time, 350.02 real, 296 MB
[runlim] sample:		359.39 time, 360.02 real, 296 MB
[runlim] sample:		369.39 time, 370.02 real, 299 MB
[runlim] sample:		379.39 time, 380.02 real, 306 MB
[runlim] sample:		389.39 time, 390.02 real, 311 MB
[runlim] sample:		399.39 time, 400.02 real, 314 MB
[runlim] sample:		409.38 time, 410.02 real, 317 MB
[runlim] sample:		419.38 time, 420.02 real, 321 MB
[runlim] sample:		429.38 time, 430.02 real, 344 MB
[runlim] sample:		439.38 time, 440.02 real, 344 MB
[runlim] sample:		449.38 time, 450.02 real, 344 MB
[runlim] sample:		459.38 time, 460.02 real, 349 MB
[runlim] sample:		469.38 time, 470.02 real, 349 MB
[runlim] sample:		479.39 time, 480.02 real, 349 MB
[runlim] sample:		489.39 time, 490.02 real, 349 MB
[runlim] sample:		499.39 time, 500.02 real, 349 MB
[runlim] sample:		509.39 time, 510.02 real, 349 MB
[runlim] sample:		519.39 time, 520.02 real, 349 MB
[runlim] sample:		529.39 time, 530.02 real, 349 MB
[runlim] sample:		539.39 time, 540.02 real, 349 MB
[runlim] sample:		549.39 time, 550.02 real, 349 MB
[runlim] sample:		559.39 time, 560.02 real, 349 MB
[runlim] sample:		569.39 time, 570.02 real, 349 MB
[runlim] sample:		579.39 time, 580.02 real, 349 MB
[runlim] sample:		589.39 time, 590.02 real, 349 MB
[runlim] sample:		599.39 time, 600.02 real, 349 MB
[runlim] sample:		609.39 time, 610.02 real, 349 MB
[runlim] sample:		619.39 time, 620.02 real, 349 MB
[runlim] sample:		629.39 time, 630.02 real, 349 MB
[runlim] sample:		639.39 time, 640.02 real, 349 MB
[runlim] sample:		649.39 time, 650.02 real, 349 MB
[runlim] sample:		659.39 time, 660.02 real, 349 MB
[runlim] sample:		669.39 time, 670.02 real, 349 MB
[runlim] sample:		679.39 time, 680.02 real, 349 MB
[runlim] sample:		689.39 time, 690.02 real, 349 MB
[runlim] sample:		699.39 time, 700.02 real, 349 MB
[runlim] sample:		709.39 time, 710.02 real, 349 MB
[runlim] sample:		719.39 time, 720.02 real, 349 MB
[runlim] sample:		729.40 time, 730.02 real, 349 MB
[runlim] sample:		739.39 time, 740.02 real, 349 MB
[runlim] sample:		749.40 time, 750.02 real, 349 MB
[runlim] sample:		759.39 time, 760.02 real, 349 MB
[runlim] sample:		769.39 time, 770.02 real, 349 MB
[runlim] sample:		779.40 time, 780.02 real, 349 MB
[runlim] sample:		789.39 time, 790.02 real, 349 MB
[runlim] sample:		799.40 time, 800.02 real, 349 MB
[runlim] sample:		809.39 time, 810.02 real, 349 MB
[runlim] sample:		819.39 time, 820.02 real, 349 MB
[runlim] sample:		829.39 time, 830.02 real, 349 MB
[runlim] sample:		839.39 time, 840.02 real, 349 MB
[runlim] sample:		849.39 time, 850.02 real, 349 MB
[runlim] sample:		859.39 time, 860.02 real, 349 MB
[runlim] sample:		869.39 time, 870.02 real, 349 MB
[runlim] sample:		879.39 time, 880.02 real, 349 MB
[runlim] sample:		889.39 time, 890.02 real, 349 MB
[runlim] sample:		899.39 time, 900.02 real, 349 MB
[runlim] sample:		909.39 time, 910.02 real, 349 MB
[runlim] sample:		919.39 time, 920.02 real, 349 MB
[runlim] sample:		929.39 time, 930.02 real, 349 MB
[runlim] sample:		939.39 time, 940.02 real, 349 MB
[runlim] sample:		949.39 time, 950.02 real, 349 MB
[runlim] sample:		959.39 time, 960.02 real, 349 MB
[runlim] sample:		969.39 time, 970.02 real, 349 MB
[runlim] sample:		979.39 time, 980.02 real, 349 MB
[runlim] sample:		989.39 time, 990.02 real, 349 MB
[runlim] sample:		999.39 time, 1000.02 real, 349 MB
[runlim] sample:		1009.39 time, 1010.02 real, 349 MB
[runlim] sample:		1019.39 time, 1020.02 real, 349 MB
[runlim] sample:		1029.39 time, 1030.02 real, 349 MB
[runlim] sample:		1039.39 time, 1040.02 real, 349 MB
[runlim] sample:		1049.39 time, 1050.02 real, 350 MB
[runlim] sample:		1059.39 time, 1060.02 real, 352 MB
[runlim] sample:		1069.38 time, 1070.02 real, 353 MB
[runlim] sample:		1079.39 time, 1080.02 real, 355 MB
[runlim] sample:		1089.39 time, 1090.02 real, 356 MB
[runlim] sample:		1099.39 time, 1100.02 real, 358 MB
[runlim] sample:		1109.38 time, 1110.02 real, 360 MB
[runlim] sample:		1119.39 time, 1120.02 real, 362 MB
[runlim] sample:		1129.39 time, 1130.02 real, 363 MB
[runlim] sample:		1139.39 time, 1140.02 real, 407 MB
[runlim] sample:		1149.39 time, 1150.02 real, 411 MB
[runlim] sample:		1159.39 time, 1160.02 real, 417 MB
[runlim] sample:		1169.39 time, 1170.02 real, 417 MB
[runlim] sample:		1179.39 time, 1180.02 real, 419 MB
[runlim] sample:		1189.39 time, 1190.02 real, 419 MB
[runlim] sample:		1199.39 time, 1200.02 real, 419 MB
[runlim] sample:		1209.39 time, 1210.02 real, 419 MB
[runlim] sample:		1219.39 time, 1220.02 real, 419 MB
[runlim] sample:		1229.39 time, 1230.02 real, 419 MB
[runlim] sample:		1239.39 time, 1240.02 real, 419 MB
[runlim] sample:		1249.39 time, 1250.02 real, 419 MB
[runlim] sample:		1259.39 time, 1260.02 real, 419 MB
[runlim] sample:		1269.39 time, 1270.02 real, 419 MB
[runlim] sample:		1279.39 time, 1280.02 real, 419 MB
[runlim] sample:		1289.39 time, 1290.02 real, 419 MB
[runlim] sample:		1299.39 time, 1300.02 real, 419 MB
[runlim] sample:		1309.39 time, 1310.02 real, 422 MB
[runlim] sample:		1319.39 time, 1320.02 real, 422 MB
[runlim] sample:		1329.39 time, 1330.02 real, 422 MB
[runlim] sample:		1339.39 time, 1340.02 real, 422 MB
[runlim] sample:		1349.39 time, 1350.02 real, 422 MB
[runlim] sample:		1359.39 time, 1360.02 real, 422 MB
[runlim] sample:		1369.39 time, 1370.02 real, 422 MB
[runlim] sample:		1379.39 time, 1380.02 real, 422 MB
[runlim] sample:		1389.39 time, 1390.02 real, 422 MB
[runlim] sample:		1399.39 time, 1400.02 real, 423 MB
[runlim] sample:		1409.39 time, 1410.02 real, 423 MB
[runlim] sample:		1419.39 time, 1420.02 real, 423 MB
[runlim] sample:		1429.39 time, 1430.02 real, 423 MB
[runlim] sample:		1439.39 time, 1440.02 real, 423 MB
[runlim] sample:		1449.39 time, 1450.02 real, 423 MB
[runlim] sample:		1459.39 time, 1460.02 real, 423 MB
[runlim] sample:		1469.39 time, 1470.02 real, 423 MB
[runlim] sample:		1479.39 time, 1480.02 real, 423 MB
[runlim] sample:		1489.39 time, 1490.02 real, 424 MB
[runlim] sample:		1499.39 time, 1500.02 real, 438 MB
[runlim] sample:		1509.39 time, 1510.02 real, 438 MB
[runlim] sample:		1519.39 time, 1520.02 real, 438 MB
[runlim] sample:		1529.39 time, 1530.02 real, 438 MB
[runlim] sample:		1539.39 time, 1540.02 real, 438 MB
[runlim] sample:		1549.39 time, 1550.02 real, 438 MB
[runlim] sample:		1559.39 time, 1560.02 real, 438 MB
[runlim] sample:		1569.39 time, 1570.02 real, 438 MB
[runlim] sample:		1579.39 time, 1580.02 real, 438 MB
[runlim] sample:		1589.39 time, 1590.02 real, 438 MB
[runlim] sample:		1599.39 time, 1600.02 real, 438 MB
[runlim] sample:		1609.39 time, 1610.02 real, 438 MB
[runlim] sample:		1619.39 time, 1620.02 real, 438 MB
[runlim] sample:		1629.39 time, 1630.02 real, 438 MB
[runlim] sample:		1639.39 time, 1640.02 real, 438 MB
[runlim] sample:		1649.39 time, 1650.02 real, 438 MB
[runlim] sample:		1659.39 time, 1660.02 real, 438 MB
[runlim] sample:		1669.39 time, 1670.02 real, 438 MB
[runlim] sample:		1679.39 time, 1680.02 real, 438 MB
[runlim] sample:		1689.39 time, 1690.02 real, 449 MB
[runlim] sample:		1699.39 time, 1700.02 real, 449 MB
[runlim] sample:		1709.39 time, 1710.02 real, 449 MB
[runlim] sample:		1719.39 time, 1720.02 real, 449 MB
[runlim] sample:		1729.39 time, 1730.02 real, 449 MB
[runlim] sample:		1739.39 time, 1740.02 real, 449 MB
[runlim] sample:		1749.39 time, 1750.02 real, 449 MB
[runlim] sample:		1759.39 time, 1760.02 real, 449 MB
[runlim] sample:		1769.39 time, 1770.02 real, 449 MB
[runlim] sample:		1779.39 time, 1780.02 real, 449 MB
[runlim] sample:		1789.39 time, 1790.02 real, 449 MB
[runlim] sample:		1799.39 time, 1800.02 real, 449 MB
[runlim] sample:		1809.39 time, 1810.02 real, 449 MB
[runlim] sample:		1819.39 time, 1820.02 real, 449 MB
[runlim] sample:		1829.39 time, 1830.02 real, 449 MB
[runlim] sample:		1839.39 time, 1840.02 real, 449 MB
[runlim] sample:		1849.39 time, 1850.02 real, 449 MB
[runlim] sample:		1859.39 time, 1860.02 real, 449 MB
[runlim] sample:		1869.39 time, 1870.02 real, 449 MB
[runlim] sample:		1879.39 time, 1880.02 real, 449 MB
[runlim] sample:		1889.39 time, 1890.02 real, 449 MB
[runlim] sample:		1899.39 time, 1900.02 real, 449 MB
[runlim] sample:		1909.39 time, 1910.02 real, 449 MB
[runlim] sample:		1919.39 time, 1920.02 real, 449 MB
[runlim] sample:		1929.39 time, 1930.02 real, 449 MB
[runlim] sample:		1939.39 time, 1940.02 real, 449 MB
[runlim] sample:		1949.39 time, 1950.02 real, 449 MB
[runlim] sample:		1959.39 time, 1960.02 real, 449 MB
[runlim] sample:		1969.38 time, 1970.02 real, 449 MB
[runlim] sample:		1979.38 time, 1980.02 real, 449 MB
[runlim] sample:		1989.38 time, 1990.02 real, 449 MB
[runlim] sample:		1999.38 time, 2000.02 real, 449 MB
[runlim] sample:		2009.39 time, 2010.02 real, 449 MB
[runlim] sample:		2019.38 time, 2020.02 real, 449 MB
[runlim] sample:		2029.38 time, 2030.02 real, 449 MB
[runlim] sample:		2039.38 time, 2040.02 real, 449 MB
[runlim] sample:		2049.38 time, 2050.02 real, 449 MB
[runlim] sample:		2059.39 time, 2060.02 real, 449 MB
[runlim] sample:		2069.39 time, 2070.02 real, 449 MB
[runlim] sample:		2079.38 time, 2080.02 real, 449 MB
[runlim] sample:		2089.38 time, 2090.02 real, 449 MB
[runlim] sample:		2099.38 time, 2100.02 real, 449 MB
[runlim] sample:		2109.38 time, 2110.02 real, 449 MB
[runlim] sample:		2119.38 time, 2120.02 real, 449 MB
[runlim] sample:		2129.38 time, 2130.02 real, 449 MB
[runlim] sample:		2139.38 time, 2140.02 real, 449 MB
[runlim] sample:		2149.38 time, 2150.02 real, 449 MB
[runlim] sample:		2159.38 time, 2160.02 real, 449 MB
[runlim] sample:		2169.38 time, 2170.02 real, 449 MB
[runlim] sample:		2179.38 time, 2180.02 real, 449 MB
[runlim] sample:		2189.38 time, 2190.02 real, 449 MB
[runlim] sample:		2199.38 time, 2200.02 real, 449 MB
[runlim] sample:		2209.38 time, 2210.02 real, 451 MB
[runlim] sample:		2219.38 time, 2220.02 real, 451 MB
[runlim] sample:		2229.38 time, 2230.02 real, 451 MB
[runlim] sample:		2239.38 time, 2240.02 real, 452 MB
[runlim] sample:		2249.38 time, 2250.02 real, 454 MB
[runlim] sample:		2259.38 time, 2260.02 real, 455 MB
[runlim] sample:		2269.38 time, 2270.02 real, 456 MB
[runlim] sample:		2279.38 time, 2280.02 real, 457 MB
[runlim] sample:		2289.38 time, 2290.02 real, 459 MB
[runlim] sample:		2299.38 time, 2300.02 real, 460 MB
[runlim] sample:		2309.38 time, 2310.02 real, 461 MB
[runlim] sample:		2319.38 time, 2320.02 real, 463 MB
[runlim] sample:		2329.38 time, 2330.02 real, 464 MB
[runlim] sample:		2339.38 time, 2340.02 real, 466 MB
[runlim] sample:		2349.38 time, 2350.02 real, 467 MB
[runlim] sample:		2359.38 time, 2360.02 real, 468 MB
[runlim] sample:		2369.38 time, 2370.02 real, 470 MB
[runlim] sample:		2379.38 time, 2380.02 real, 471 MB
[runlim] sample:		2389.38 time, 2390.02 real, 472 MB
[runlim] sample:		2399.38 time, 2400.02 real, 473 MB
[runlim] sample:		2409.37 time, 2410.02 real, 474 MB
[runlim] sample:		2419.37 time, 2420.02 real, 475 MB
[runlim] sample:		2429.37 time, 2430.02 real, 476 MB
[runlim] sample:		2439.38 time, 2440.02 real, 477 MB
[runlim] sample:		2449.38 time, 2450.02 real, 478 MB
[runlim] sample:		2459.38 time, 2460.02 real, 479 MB
[runlim] sample:		2469.38 time, 2470.02 real, 480 MB
[runlim] sample:		2479.38 time, 2480.02 real, 481 MB
[runlim] sample:		2489.38 time, 2490.02 real, 482 MB
[runlim] sample:		2499.38 time, 2500.02 real, 483 MB
[runlim] sample:		2509.38 time, 2510.02 real, 485 MB
[runlim] sample:		2519.38 time, 2520.02 real, 486 MB
[runlim] sample:		2529.37 time, 2530.02 real, 487 MB
[runlim] sample:		2539.37 time, 2540.02 real, 488 MB
[runlim] sample:		2549.37 time, 2550.02 real, 489 MB
[runlim] sample:		2559.37 time, 2560.02 real, 490 MB
[runlim] sample:		2569.37 time, 2570.02 real, 492 MB
[runlim] sample:		2579.37 time, 2580.02 real, 493 MB
[runlim] sample:		2589.38 time, 2590.02 real, 495 MB
[runlim] sample:		2599.38 time, 2600.02 real, 496 MB
[runlim] sample:		2609.38 time, 2610.02 real, 497 MB
[runlim] sample:		2619.38 time, 2620.02 real, 498 MB
[runlim] sample:		2629.37 time, 2630.02 real, 499 MB
[runlim] sample:		2639.37 time, 2640.02 real, 500 MB
[runlim] sample:		2649.38 time, 2650.02 real, 501 MB
[runlim] sample:		2659.38 time, 2660.02 real, 502 MB
[runlim] sample:		2669.38 time, 2670.02 real, 503 MB
[runlim] sample:		2679.37 time, 2680.02 real, 573 MB
[runlim] sample:		2689.38 time, 2690.02 real, 578 MB
[runlim] sample:		2699.37 time, 2700.02 real, 581 MB
[runlim] end:			Sat Feb 29 07:02:04 2020
[runlim] status:		out of time
[runlim] result:		2
[runlim] children:		1
[runlim] real:			2700.11 seconds
[runlim] time:			2699.37 seconds
[runlim] space:			581 MB
[runlim] samples:		27000
