[runlim] version:		1.18
[runlim] host:			c3n10
[runlim] time limit:		2700 seconds
[runlim] real time limit:	2700 seconds
[runlim] space limit:		7000 MB
[runlim] argv[0]:		./binary
[runlim] argv[1]:		/data/cnf/ankit/E1-A1-Red/c1_Debug_s3_f2_e1_v1.dqbf
[runlim] start:			Sat Feb 29 06:17:04 2020
[runlim] child:			20023
[runlim] sample:		9.85 time, 10.02 real, 386 MB
[runlim] sample:		19.85 time, 20.02 real, 383 MB
[runlim] sample:		29.86 time, 30.02 real, 383 MB
[runlim] sample:		39.86 time, 40.02 real, 477 MB
[runlim] sample:		49.86 time, 50.02 real, 477 MB
[runlim] sample:		59.85 time, 60.02 real, 1750 MB
[runlim] sample:		69.85 time, 70.02 real, 519 MB
[runlim] sample:		79.85 time, 80.02 real, 518 MB
[runlim] sample:		89.85 time, 90.02 real, 488 MB
[runlim] sample:		99.85 time, 100.02 real, 488 MB
[runlim] sample:		109.85 time, 110.02 real, 440 MB
[runlim] sample:		119.84 time, 120.02 real, 440 MB
[runlim] sample:		129.85 time, 130.02 real, 479 MB
[runlim] sample:		139.85 time, 140.02 real, 479 MB
[runlim] sample:		149.85 time, 150.02 real, 479 MB
[runlim] sample:		159.84 time, 160.02 real, 479 MB
[runlim] sample:		169.85 time, 170.02 real, 479 MB
[runlim] sample:		179.85 time, 180.02 real, 479 MB
[runlim] sample:		189.85 time, 190.02 real, 479 MB
[runlim] sample:		199.85 time, 200.02 real, 479 MB
[runlim] sample:		209.85 time, 210.02 real, 479 MB
[runlim] sample:		219.84 time, 220.02 real, 479 MB
[runlim] sample:		229.85 time, 230.02 real, 479 MB
[runlim] sample:		239.84 time, 240.02 real, 479 MB
[runlim] sample:		249.85 time, 250.02 real, 479 MB
[runlim] sample:		259.85 time, 260.02 real, 479 MB
[runlim] sample:		269.84 time, 270.02 real, 479 MB
[runlim] sample:		279.85 time, 280.02 real, 479 MB
[runlim] sample:		289.85 time, 290.02 real, 479 MB
[runlim] sample:		299.85 time, 300.02 real, 479 MB
[runlim] sample:		309.85 time, 310.02 real, 479 MB
[runlim] sample:		319.86 time, 320.02 real, 479 MB
[runlim] sample:		329.85 time, 330.02 real, 479 MB
[runlim] sample:		339.85 time, 340.02 real, 479 MB
[runlim] sample:		349.85 time, 350.02 real, 479 MB
[runlim] sample:		359.85 time, 360.02 real, 479 MB
[runlim] sample:		369.85 time, 370.02 real, 479 MB
[runlim] sample:		379.85 time, 380.02 real, 479 MB
[runlim] sample:		389.85 time, 390.02 real, 479 MB
[runlim] sample:		399.85 time, 400.02 real, 479 MB
[runlim] sample:		409.85 time, 410.02 real, 479 MB
[runlim] sample:		419.85 time, 420.02 real, 479 MB
[runlim] sample:		429.85 time, 430.02 real, 479 MB
[runlim] sample:		439.86 time, 440.02 real, 475 MB
[runlim] sample:		449.85 time, 450.02 real, 956 MB
[runlim] sample:		459.85 time, 460.02 real, 983 MB
[runlim] sample:		469.85 time, 470.02 real, 989 MB
[runlim] sample:		479.85 time, 480.02 real, 994 MB
[runlim] sample:		489.85 time, 490.02 real, 999 MB
[runlim] sample:		499.85 time, 500.02 real, 1003 MB
[runlim] sample:		509.84 time, 510.02 real, 1007 MB
[runlim] sample:		519.84 time, 520.02 real, 1011 MB
[runlim] sample:		529.85 time, 530.02 real, 1015 MB
[runlim] sample:		539.85 time, 540.02 real, 1019 MB
[runlim] sample:		549.85 time, 550.02 real, 1026 MB
[runlim] sample:		559.85 time, 560.02 real, 1029 MB
[runlim] sample:		569.85 time, 570.02 real, 1032 MB
[runlim] sample:		579.84 time, 580.02 real, 1035 MB
[runlim] sample:		589.85 time, 590.02 real, 1038 MB
[runlim] sample:		599.85 time, 600.02 real, 1041 MB
[runlim] sample:		609.85 time, 610.02 real, 1044 MB
[runlim] sample:		619.85 time, 620.02 real, 1047 MB
[runlim] sample:		629.85 time, 630.02 real, 1050 MB
[runlim] sample:		639.84 time, 640.02 real, 1053 MB
[runlim] sample:		649.84 time, 650.02 real, 1055 MB
[runlim] sample:		659.85 time, 660.02 real, 1058 MB
[runlim] sample:		669.85 time, 670.02 real, 1060 MB
[runlim] sample:		679.85 time, 680.02 real, 1063 MB
[runlim] sample:		689.85 time, 690.02 real, 1066 MB
[runlim] sample:		699.85 time, 700.02 real, 1068 MB
[runlim] sample:		709.85 time, 710.02 real, 1070 MB
[runlim] sample:		719.84 time, 720.02 real, 1073 MB
[runlim] sample:		729.85 time, 730.02 real, 1075 MB
[runlim] sample:		739.84 time, 740.02 real, 1077 MB
[runlim] sample:		749.85 time, 750.02 real, 1080 MB
[runlim] sample:		759.84 time, 760.02 real, 1082 MB
[runlim] sample:		769.84 time, 770.02 real, 1084 MB
[runlim] sample:		779.84 time, 780.02 real, 1086 MB
[runlim] sample:		789.84 time, 790.02 real, 1088 MB
[runlim] sample:		799.85 time, 800.02 real, 1090 MB
[runlim] sample:		809.85 time, 810.02 real, 1092 MB
[runlim] sample:		819.85 time, 820.02 real, 1094 MB
[runlim] sample:		829.85 time, 830.02 real, 1096 MB
[runlim] sample:		839.84 time, 840.02 real, 1098 MB
[runlim] sample:		849.84 time, 850.02 real, 1100 MB
[runlim] sample:		859.84 time, 860.02 real, 1102 MB
[runlim] sample:		869.85 time, 870.02 real, 1104 MB
[runlim] sample:		879.85 time, 880.02 real, 1106 MB
[runlim] sample:		889.85 time, 890.02 real, 1108 MB
[runlim] sample:		899.85 time, 900.02 real, 1110 MB
[runlim] sample:		909.84 time, 910.02 real, 1112 MB
[runlim] sample:		919.84 time, 920.02 real, 1114 MB
[runlim] sample:		929.84 time, 930.02 real, 1115 MB
[runlim] sample:		939.84 time, 940.02 real, 1117 MB
[runlim] sample:		949.85 time, 950.02 real, 1119 MB
[runlim] sample:		959.84 time, 960.02 real, 1121 MB
[runlim] sample:		969.85 time, 970.02 real, 1123 MB
[runlim] sample:		979.84 time, 980.02 real, 1124 MB
[runlim] sample:		989.85 time, 990.02 real, 1126 MB
[runlim] sample:		999.85 time, 1000.02 real, 1128 MB
[runlim] sample:		1009.84 time, 1010.02 real, 1129 MB
[runlim] sample:		1019.84 time, 1020.02 real, 1131 MB
[runlim] sample:		1029.84 time, 1030.02 real, 1133 MB
[runlim] sample:		1039.85 time, 1040.02 real, 1134 MB
[runlim] sample:		1049.84 time, 1050.02 real, 1136 MB
[runlim] sample:		1059.84 time, 1060.02 real, 1138 MB
[runlim] sample:		1069.84 time, 1070.02 real, 1139 MB
[runlim] sample:		1079.84 time, 1080.02 real, 1141 MB
[runlim] sample:		1089.84 time, 1090.02 real, 1143 MB
[runlim] sample:		1099.84 time, 1100.02 real, 1144 MB
[runlim] sample:		1109.85 time, 1110.02 real, 1146 MB
[runlim] sample:		1119.85 time, 1120.02 real, 1147 MB
[runlim] sample:		1129.85 time, 1130.02 real, 1149 MB
[runlim] sample:		1139.84 time, 1140.02 real, 1150 MB
[runlim] sample:		1149.84 time, 1150.02 real, 1152 MB
[runlim] sample:		1159.85 time, 1160.02 real, 1153 MB
[runlim] sample:		1169.84 time, 1170.02 real, 1155 MB
[runlim] sample:		1179.84 time, 1180.02 real, 1156 MB
[runlim] sample:		1189.84 time, 1190.02 real, 1158 MB
[runlim] sample:		1199.84 time, 1200.02 real, 1159 MB
[runlim] sample:		1209.84 time, 1210.02 real, 1161 MB
[runlim] sample:		1219.84 time, 1220.02 real, 1162 MB
[runlim] sample:		1229.84 time, 1230.02 real, 1164 MB
[runlim] sample:		1239.84 time, 1240.02 real, 1165 MB
[runlim] sample:		1249.84 time, 1250.02 real, 1167 MB
[runlim] sample:		1259.84 time, 1260.02 real, 1168 MB
[runlim] sample:		1269.84 time, 1270.02 real, 1170 MB
[runlim] sample:		1279.84 time, 1280.02 real, 1171 MB
[runlim] sample:		1289.84 time, 1290.02 real, 1172 MB
[runlim] sample:		1299.84 time, 1300.02 real, 1174 MB
[runlim] sample:		1309.84 time, 1310.02 real, 1175 MB
[runlim] sample:		1319.84 time, 1320.02 real, 1176 MB
[runlim] sample:		1329.84 time, 1330.02 real, 1178 MB
[runlim] sample:		1339.84 time, 1340.02 real, 1179 MB
[runlim] sample:		1349.84 time, 1350.02 real, 1180 MB
[runlim] sample:		1359.84 time, 1360.02 real, 1182 MB
[runlim] sample:		1369.84 time, 1370.02 real, 1183 MB
[runlim] sample:		1379.84 time, 1380.02 real, 1184 MB
[runlim] sample:		1389.84 time, 1390.02 real, 1186 MB
[runlim] sample:		1399.84 time, 1400.02 real, 1187 MB
[runlim] sample:		1409.84 time, 1410.02 real, 1188 MB
[runlim] sample:		1419.84 time, 1420.02 real, 1190 MB
[runlim] sample:		1429.84 time, 1430.02 real, 1191 MB
[runlim] sample:		1439.84 time, 1440.02 real, 1192 MB
[runlim] sample:		1449.84 time, 1450.02 real, 1194 MB
[runlim] sample:		1459.83 time, 1460.02 real, 1195 MB
[runlim] sample:		1469.83 time, 1470.02 real, 1196 MB
[runlim] sample:		1479.83 time, 1480.02 real, 1197 MB
[runlim] sample:		1489.84 time, 1490.02 real, 1199 MB
[runlim] sample:		1499.83 time, 1500.02 real, 1200 MB
[runlim] sample:		1509.84 time, 1510.02 real, 1201 MB
[runlim] sample:		1519.84 time, 1520.02 real, 1202 MB
[runlim] sample:		1529.84 time, 1530.02 real, 1204 MB
[runlim] sample:		1539.84 time, 1540.02 real, 1205 MB
[runlim] sample:		1549.84 time, 1550.02 real, 1206 MB
[runlim] sample:		1559.84 time, 1560.02 real, 1207 MB
[runlim] sample:		1569.84 time, 1570.02 real, 1208 MB
[runlim] sample:		1579.84 time, 1580.02 real, 1210 MB
[runlim] sample:		1589.84 time, 1590.02 real, 1211 MB
[runlim] sample:		1599.84 time, 1600.02 real, 1212 MB
[runlim] sample:		1609.84 time, 1610.02 real, 1213 MB
[runlim] sample:		1619.83 time, 1620.02 real, 1215 MB
[runlim] sample:		1629.84 time, 1630.02 real, 1216 MB
[runlim] sample:		1639.84 time, 1640.02 real, 1217 MB
[runlim] sample:		1649.83 time, 1650.02 real, 1218 MB
[runlim] sample:		1659.84 time, 1660.02 real, 1219 MB
[runlim] sample:		1669.84 time, 1670.02 real, 1220 MB
[runlim] sample:		1679.83 time, 1680.02 real, 1222 MB
[runlim] sample:		1689.83 time, 1690.02 real, 1223 MB
[runlim] sample:		1699.84 time, 1700.02 real, 1224 MB
[runlim] sample:		1709.84 time, 1710.02 real, 1225 MB
[runlim] sample:		1719.83 time, 1720.02 real, 1226 MB
[runlim] sample:		1729.84 time, 1730.02 real, 1227 MB
[runlim] sample:		1739.83 time, 1740.02 real, 1228 MB
[runlim] sample:		1749.84 time, 1750.02 real, 1230 MB
[runlim] sample:		1759.84 time, 1760.02 real, 1231 MB
[runlim] sample:		1769.84 time, 1770.02 real, 1232 MB
[runlim] sample:		1779.83 time, 1780.02 real, 1233 MB
[runlim] sample:		1789.84 time, 1790.02 real, 1234 MB
[runlim] sample:		1799.83 time, 1800.02 real, 1235 MB
[runlim] sample:		1809.84 time, 1810.02 real, 1236 MB
[runlim] sample:		1819.83 time, 1820.02 real, 1237 MB
[runlim] sample:		1829.83 time, 1830.02 real, 1239 MB
[runlim] sample:		1839.84 time, 1840.02 real, 1251 MB
[runlim] sample:		1849.83 time, 1850.02 real, 1251 MB
[runlim] sample:		1859.84 time, 1860.02 real, 1251 MB
[runlim] sample:		1869.83 time, 1870.02 real, 1251 MB
[runlim] sample:		1879.83 time, 1880.02 real, 1251 MB
[runlim] sample:		1889.84 time, 1890.02 real, 1251 MB
[runlim] sample:		1899.83 time, 1900.02 real, 1252 MB
[runlim] sample:		1909.83 time, 1910.02 real, 1254 MB
[runlim] sample:		1919.83 time, 1920.02 real, 1255 MB
[runlim] sample:		1929.84 time, 1930.02 real, 1256 MB
[runlim] sample:		1939.83 time, 1940.02 real, 1257 MB
[runlim] sample:		1949.83 time, 1950.02 real, 1258 MB
[runlim] sample:		1959.84 time, 1960.02 real, 1259 MB
[runlim] sample:		1969.83 time, 1970.02 real, 1260 MB
[runlim] sample:		1979.83 time, 1980.02 real, 1261 MB
[runlim] sample:		1989.84 time, 1990.02 real, 1262 MB
[runlim] sample:		1999.84 time, 2000.02 real, 1263 MB
[runlim] sample:		2009.84 time, 2010.02 real, 1264 MB
[runlim] sample:		2019.83 time, 2020.02 real, 1265 MB
[runlim] sample:		2029.83 time, 2030.02 real, 1266 MB
[runlim] sample:		2039.83 time, 2040.02 real, 1267 MB
[runlim] sample:		2049.84 time, 2050.02 real, 1268 MB
[runlim] sample:		2059.83 time, 2060.02 real, 1276 MB
[runlim] sample:		2069.84 time, 2070.02 real, 1277 MB
[runlim] sample:		2079.83 time, 2080.02 real, 1278 MB
[runlim] sample:		2089.83 time, 2090.02 real, 1280 MB
[runlim] sample:		2099.83 time, 2100.02 real, 1281 MB
[runlim] sample:		2109.83 time, 2110.02 real, 1282 MB
[runlim] sample:		2119.83 time, 2120.02 real, 1283 MB
[runlim] sample:		2129.83 time, 2130.02 real, 1284 MB
[runlim] sample:		2139.83 time, 2140.02 real, 1285 MB
[runlim] sample:		2149.83 time, 2150.02 real, 1286 MB
[runlim] sample:		2159.83 time, 2160.02 real, 1287 MB
[runlim] sample:		2169.83 time, 2170.02 real, 1288 MB
[runlim] sample:		2179.83 time, 2180.02 real, 1289 MB
[runlim] sample:		2189.83 time, 2190.02 real, 1290 MB
[runlim] sample:		2199.83 time, 2200.02 real, 1291 MB
[runlim] sample:		2209.83 time, 2210.02 real, 1292 MB
[runlim] sample:		2219.83 time, 2220.02 real, 1293 MB
[runlim] sample:		2229.83 time, 2230.02 real, 1294 MB
[runlim] sample:		2239.83 time, 2240.02 real, 1295 MB
[runlim] sample:		2249.83 time, 2250.02 real, 1296 MB
[runlim] sample:		2259.83 time, 2260.02 real, 1304 MB
[runlim] sample:		2269.83 time, 2270.02 real, 1305 MB
[runlim] sample:		2279.83 time, 2280.02 real, 1306 MB
[runlim] sample:		2289.83 time, 2290.02 real, 1307 MB
[runlim] sample:		2299.83 time, 2300.02 real, 1308 MB
[runlim] sample:		2309.83 time, 2310.02 real, 1309 MB
[runlim] sample:		2319.83 time, 2320.02 real, 1310 MB
[runlim] sample:		2329.83 time, 2330.02 real, 1311 MB
[runlim] sample:		2339.83 time, 2340.02 real, 1312 MB
[runlim] sample:		2349.83 time, 2350.02 real, 1313 MB
[runlim] sample:		2359.83 time, 2360.02 real, 1314 MB
[runlim] sample:		2369.83 time, 2370.02 real, 1315 MB
[runlim] sample:		2379.83 time, 2380.02 real, 1316 MB
[runlim] sample:		2389.83 time, 2390.02 real, 1317 MB
[runlim] sample:		2399.83 time, 2400.02 real, 1318 MB
[runlim] sample:		2409.83 time, 2410.02 real, 1319 MB
[runlim] sample:		2419.83 time, 2420.02 real, 1320 MB
[runlim] sample:		2429.83 time, 2430.02 real, 1321 MB
[runlim] sample:		2439.82 time, 2440.02 real, 1322 MB
[runlim] sample:		2449.83 time, 2450.02 real, 1323 MB
[runlim] sample:		2459.83 time, 2460.02 real, 1331 MB
[runlim] sample:		2469.83 time, 2470.02 real, 1332 MB
[runlim] sample:		2479.83 time, 2480.02 real, 1332 MB
[runlim] sample:		2489.83 time, 2490.02 real, 1334 MB
[runlim] sample:		2499.82 time, 2500.02 real, 1335 MB
[runlim] sample:		2509.83 time, 2510.02 real, 1336 MB
[runlim] sample:		2519.83 time, 2520.02 real, 1337 MB
[runlim] sample:		2529.83 time, 2530.02 real, 1338 MB
[runlim] sample:		2539.83 time, 2540.02 real, 1338 MB
[runlim] sample:		2549.83 time, 2550.02 real, 1340 MB
[runlim] sample:		2559.83 time, 2560.02 real, 1340 MB
[runlim] sample:		2569.82 time, 2570.02 real, 1341 MB
[runlim] sample:		2579.83 time, 2580.02 real, 1342 MB
[runlim] sample:		2589.83 time, 2590.02 real, 1343 MB
[runlim] sample:		2599.83 time, 2600.02 real, 1344 MB
[runlim] sample:		2609.82 time, 2610.02 real, 1345 MB
[runlim] sample:		2619.83 time, 2620.02 real, 1346 MB
[runlim] sample:		2629.82 time, 2630.02 real, 1347 MB
[runlim] sample:		2639.82 time, 2640.02 real, 1348 MB
[runlim] sample:		2649.83 time, 2650.02 real, 1349 MB
[runlim] sample:		2659.83 time, 2660.02 real, 1350 MB
[runlim] sample:		2669.83 time, 2670.02 real, 1350 MB
[runlim] sample:		2679.83 time, 2680.02 real, 1358 MB
[runlim] sample:		2689.82 time, 2690.02 real, 1359 MB
[runlim] sample:		2699.83 time, 2700.02 real, 1360 MB
[runlim] end:			Sat Feb 29 07:02:04 2020
[runlim] status:		out of time
[runlim] result:		2
[runlim] children:		1
[runlim] real:			2700.11 seconds
[runlim] time:			2699.83 seconds
[runlim] space:			1750 MB
[runlim] samples:		27000
