[runlim] version:		1.18
[runlim] host:			c3n12
[runlim] time limit:		2700 seconds
[runlim] real time limit:	2700 seconds
[runlim] space limit:		7000 MB
[runlim] argv[0]:		./binary
[runlim] argv[1]:		/data/cnf/ankit/E1-A1-Red/C499.blif_0.10_0.20_0_1_inp_exact.dqbf
[runlim] start:			Sat Feb 29 06:17:04 2020
[runlim] child:			17702
[runlim] sample:		9.10 time, 10.02 real, 58 MB
[runlim] sample:		19.10 time, 20.02 real, 58 MB
[runlim] sample:		29.10 time, 30.02 real, 64 MB
[runlim] end:			Sat Feb 29 06:17:34 2020
[runlim] status:		ok
[runlim] result:		0
[runlim] children:		1
[runlim] real:			30.07 seconds
[runlim] time:			29.10 seconds
[runlim] space:			64 MB
[runlim] samples:		300
