[runlim] version:		1.18
[runlim] host:			c3n13
[runlim] time limit:		2700 seconds
[runlim] real time limit:	2700 seconds
[runlim] space limit:		7000 MB
[runlim] argv[0]:		./binary
[runlim] argv[1]:		/data/cnf/ankit/E1-A1-Red/depots04_7.qdimacs
[runlim] start:			Sat Feb 29 06:17:04 2020
[runlim] child:			17322
[runlim] sample:		9.58 time, 10.02 real, 66 MB
[runlim] sample:		19.58 time, 20.02 real, 66 MB
[runlim] sample:		29.57 time, 30.02 real, 74 MB
[runlim] sample:		39.57 time, 40.02 real, 74 MB
[runlim] sample:		49.57 time, 50.02 real, 74 MB
[runlim] sample:		59.57 time, 60.02 real, 74 MB
[runlim] sample:		69.57 time, 70.02 real, 74 MB
[runlim] sample:		79.57 time, 80.02 real, 74 MB
[runlim] sample:		89.57 time, 90.02 real, 74 MB
[runlim] sample:		99.57 time, 100.02 real, 74 MB
[runlim] sample:		109.57 time, 110.02 real, 74 MB
[runlim] sample:		119.57 time, 120.02 real, 74 MB
[runlim] sample:		129.57 time, 130.02 real, 90 MB
[runlim] sample:		139.57 time, 140.02 real, 102 MB
[runlim] sample:		149.57 time, 150.02 real, 253 MB
[runlim] sample:		159.57 time, 160.02 real, 259 MB
[runlim] sample:		169.57 time, 170.02 real, 262 MB
[runlim] sample:		179.57 time, 180.02 real, 266 MB
[runlim] sample:		189.57 time, 190.02 real, 268 MB
[runlim] sample:		199.57 time, 200.02 real, 270 MB
[runlim] sample:		209.57 time, 210.02 real, 272 MB
[runlim] sample:		219.57 time, 220.02 real, 274 MB
[runlim] sample:		229.57 time, 230.02 real, 276 MB
[runlim] sample:		239.57 time, 240.02 real, 278 MB
[runlim] sample:		249.57 time, 250.02 real, 280 MB
[runlim] sample:		259.57 time, 260.02 real, 281 MB
[runlim] sample:		269.57 time, 270.02 real, 283 MB
[runlim] sample:		279.57 time, 280.02 real, 285 MB
[runlim] sample:		289.57 time, 290.02 real, 286 MB
[runlim] sample:		299.57 time, 300.02 real, 288 MB
[runlim] sample:		309.57 time, 310.02 real, 289 MB
[runlim] sample:		319.56 time, 320.02 real, 291 MB
[runlim] sample:		329.57 time, 330.02 real, 304 MB
[runlim] sample:		339.57 time, 340.02 real, 313 MB
[runlim] sample:		349.57 time, 350.02 real, 316 MB
[runlim] sample:		359.57 time, 360.02 real, 319 MB
[runlim] sample:		369.56 time, 370.02 real, 321 MB
[runlim] sample:		379.57 time, 380.02 real, 323 MB
[runlim] sample:		389.57 time, 390.02 real, 325 MB
[runlim] sample:		399.57 time, 400.02 real, 327 MB
[runlim] sample:		409.57 time, 410.02 real, 329 MB
[runlim] sample:		419.57 time, 420.02 real, 331 MB
[runlim] sample:		429.57 time, 430.02 real, 332 MB
[runlim] sample:		439.57 time, 440.02 real, 334 MB
[runlim] sample:		449.56 time, 450.02 real, 336 MB
[runlim] sample:		459.56 time, 460.02 real, 337 MB
[runlim] sample:		469.56 time, 470.02 real, 339 MB
[runlim] sample:		479.56 time, 480.02 real, 340 MB
[runlim] sample:		489.56 time, 490.02 real, 341 MB
[runlim] sample:		499.56 time, 500.02 real, 343 MB
[runlim] sample:		509.56 time, 510.02 real, 344 MB
[runlim] sample:		519.56 time, 520.02 real, 346 MB
[runlim] sample:		529.56 time, 530.02 real, 347 MB
[runlim] sample:		539.56 time, 540.02 real, 348 MB
[runlim] sample:		549.56 time, 550.02 real, 349 MB
[runlim] sample:		559.57 time, 560.02 real, 351 MB
[runlim] sample:		569.57 time, 570.02 real, 352 MB
[runlim] sample:		579.57 time, 580.02 real, 353 MB
[runlim] sample:		589.57 time, 590.02 real, 354 MB
[runlim] sample:		599.57 time, 600.02 real, 355 MB
[runlim] sample:		609.56 time, 610.02 real, 357 MB
[runlim] sample:		619.56 time, 620.02 real, 358 MB
[runlim] sample:		629.56 time, 630.02 real, 594 MB
[runlim] sample:		639.56 time, 640.02 real, 658 MB
[runlim] sample:		649.56 time, 650.02 real, 659 MB
[runlim] sample:		659.56 time, 660.02 real, 660 MB
[runlim] sample:		669.56 time, 670.02 real, 661 MB
[runlim] sample:		679.56 time, 680.02 real, 661 MB
[runlim] sample:		689.56 time, 690.02 real, 662 MB
[runlim] sample:		699.56 time, 700.02 real, 662 MB
[runlim] sample:		709.56 time, 710.02 real, 663 MB
[runlim] sample:		719.56 time, 720.02 real, 663 MB
[runlim] sample:		729.56 time, 730.02 real, 663 MB
[runlim] sample:		739.57 time, 740.02 real, 664 MB
[runlim] sample:		749.57 time, 750.02 real, 664 MB
[runlim] sample:		759.57 time, 760.02 real, 665 MB
[runlim] sample:		769.56 time, 770.02 real, 665 MB
[runlim] sample:		779.56 time, 780.02 real, 665 MB
[runlim] sample:		789.56 time, 790.02 real, 666 MB
[runlim] sample:		799.56 time, 800.02 real, 666 MB
[runlim] sample:		809.56 time, 810.02 real, 666 MB
[runlim] sample:		819.56 time, 820.02 real, 667 MB
[runlim] sample:		829.56 time, 830.02 real, 667 MB
[runlim] sample:		839.56 time, 840.02 real, 667 MB
[runlim] sample:		849.56 time, 850.02 real, 667 MB
[runlim] sample:		859.56 time, 860.02 real, 668 MB
[runlim] sample:		869.56 time, 870.02 real, 668 MB
[runlim] sample:		879.56 time, 880.02 real, 669 MB
[runlim] sample:		889.56 time, 890.02 real, 669 MB
[runlim] sample:		899.56 time, 900.02 real, 669 MB
[runlim] sample:		909.56 time, 910.02 real, 669 MB
[runlim] sample:		919.56 time, 920.02 real, 670 MB
[runlim] sample:		929.56 time, 930.02 real, 670 MB
[runlim] sample:		939.56 time, 940.02 real, 670 MB
[runlim] sample:		949.56 time, 950.02 real, 670 MB
[runlim] sample:		959.56 time, 960.02 real, 670 MB
[runlim] sample:		969.56 time, 970.02 real, 671 MB
[runlim] sample:		979.56 time, 980.02 real, 671 MB
[runlim] sample:		989.56 time, 990.02 real, 671 MB
[runlim] sample:		999.56 time, 1000.02 real, 671 MB
[runlim] sample:		1009.56 time, 1010.02 real, 672 MB
[runlim] sample:		1019.56 time, 1020.02 real, 672 MB
[runlim] sample:		1029.56 time, 1030.02 real, 672 MB
[runlim] sample:		1039.56 time, 1040.02 real, 672 MB
[runlim] sample:		1049.56 time, 1050.02 real, 672 MB
[runlim] sample:		1059.56 time, 1060.02 real, 673 MB
[runlim] sample:		1069.55 time, 1070.02 real, 673 MB
[runlim] sample:		1079.55 time, 1080.02 real, 673 MB
[runlim] sample:		1089.56 time, 1090.02 real, 673 MB
[runlim] sample:		1099.56 time, 1100.02 real, 674 MB
[runlim] sample:		1109.56 time, 1110.02 real, 674 MB
[runlim] sample:		1119.56 time, 1120.02 real, 674 MB
[runlim] sample:		1129.56 time, 1130.02 real, 674 MB
[runlim] sample:		1139.56 time, 1140.02 real, 674 MB
[runlim] sample:		1149.56 time, 1150.02 real, 675 MB
[runlim] sample:		1159.56 time, 1160.02 real, 675 MB
[runlim] sample:		1169.56 time, 1170.02 real, 675 MB
[runlim] sample:		1179.56 time, 1180.02 real, 675 MB
[runlim] sample:		1189.55 time, 1190.02 real, 675 MB
[runlim] sample:		1199.55 time, 1200.02 real, 676 MB
[runlim] sample:		1209.55 time, 1210.02 real, 676 MB
[runlim] sample:		1219.55 time, 1220.02 real, 676 MB
[runlim] sample:		1229.55 time, 1230.02 real, 676 MB
[runlim] sample:		1239.55 time, 1240.02 real, 676 MB
[runlim] sample:		1249.56 time, 1250.02 real, 676 MB
[runlim] sample:		1259.56 time, 1260.02 real, 677 MB
[runlim] sample:		1269.56 time, 1270.02 real, 677 MB
[runlim] sample:		1279.56 time, 1280.02 real, 677 MB
[runlim] sample:		1289.56 time, 1290.02 real, 677 MB
[runlim] sample:		1299.56 time, 1300.02 real, 677 MB
[runlim] sample:		1309.56 time, 1310.02 real, 677 MB
[runlim] sample:		1319.56 time, 1320.02 real, 652 MB
[runlim] sample:		1329.56 time, 1330.02 real, 652 MB
[runlim] sample:		1339.56 time, 1340.02 real, 652 MB
[runlim] sample:		1349.56 time, 1350.02 real, 652 MB
[runlim] sample:		1359.56 time, 1360.02 real, 652 MB
[runlim] sample:		1369.56 time, 1370.02 real, 652 MB
[runlim] sample:		1379.56 time, 1380.02 real, 652 MB
[runlim] sample:		1389.56 time, 1390.02 real, 652 MB
[runlim] sample:		1399.56 time, 1400.02 real, 652 MB
[runlim] sample:		1409.56 time, 1410.02 real, 652 MB
[runlim] sample:		1419.56 time, 1420.02 real, 652 MB
[runlim] sample:		1429.56 time, 1430.02 real, 652 MB
[runlim] sample:		1439.56 time, 1440.02 real, 652 MB
[runlim] sample:		1449.56 time, 1450.02 real, 652 MB
[runlim] sample:		1459.56 time, 1460.02 real, 652 MB
[runlim] sample:		1469.56 time, 1470.02 real, 652 MB
[runlim] sample:		1479.56 time, 1480.02 real, 652 MB
[runlim] sample:		1489.56 time, 1490.02 real, 652 MB
[runlim] sample:		1499.56 time, 1500.02 real, 652 MB
[runlim] sample:		1509.56 time, 1510.02 real, 652 MB
[runlim] sample:		1519.56 time, 1520.02 real, 652 MB
[runlim] sample:		1529.56 time, 1530.02 real, 652 MB
[runlim] sample:		1539.56 time, 1540.02 real, 652 MB
[runlim] sample:		1549.56 time, 1550.02 real, 652 MB
[runlim] sample:		1559.56 time, 1560.02 real, 652 MB
[runlim] sample:		1569.56 time, 1570.02 real, 652 MB
[runlim] sample:		1579.56 time, 1580.02 real, 652 MB
[runlim] sample:		1589.56 time, 1590.02 real, 652 MB
[runlim] sample:		1599.56 time, 1600.02 real, 652 MB
[runlim] sample:		1609.56 time, 1610.02 real, 652 MB
[runlim] sample:		1619.56 time, 1620.02 real, 652 MB
[runlim] sample:		1629.56 time, 1630.02 real, 652 MB
[runlim] sample:		1639.56 time, 1640.02 real, 652 MB
[runlim] sample:		1649.56 time, 1650.02 real, 652 MB
[runlim] sample:		1659.56 time, 1660.02 real, 652 MB
[runlim] sample:		1669.56 time, 1670.02 real, 652 MB
[runlim] sample:		1679.56 time, 1680.02 real, 652 MB
[runlim] sample:		1689.56 time, 1690.02 real, 652 MB
[runlim] sample:		1699.56 time, 1700.02 real, 652 MB
[runlim] sample:		1709.56 time, 1710.02 real, 652 MB
[runlim] sample:		1719.56 time, 1720.02 real, 652 MB
[runlim] sample:		1729.56 time, 1730.02 real, 652 MB
[runlim] sample:		1739.56 time, 1740.02 real, 652 MB
[runlim] sample:		1749.56 time, 1750.02 real, 652 MB
[runlim] sample:		1759.56 time, 1760.02 real, 652 MB
[runlim] sample:		1769.56 time, 1770.02 real, 652 MB
[runlim] sample:		1779.56 time, 1780.02 real, 652 MB
[runlim] sample:		1789.56 time, 1790.02 real, 652 MB
[runlim] sample:		1799.56 time, 1800.02 real, 652 MB
[runlim] sample:		1809.56 time, 1810.02 real, 652 MB
[runlim] sample:		1819.56 time, 1820.02 real, 652 MB
[runlim] sample:		1829.56 time, 1830.02 real, 652 MB
[runlim] sample:		1839.56 time, 1840.02 real, 652 MB
[runlim] sample:		1849.56 time, 1850.02 real, 652 MB
[runlim] sample:		1859.56 time, 1860.02 real, 652 MB
[runlim] sample:		1869.56 time, 1870.02 real, 652 MB
[runlim] sample:		1879.56 time, 1880.02 real, 652 MB
[runlim] sample:		1889.56 time, 1890.02 real, 652 MB
[runlim] sample:		1899.56 time, 1900.02 real, 652 MB
[runlim] sample:		1909.56 time, 1910.02 real, 652 MB
[runlim] sample:		1919.56 time, 1920.02 real, 652 MB
[runlim] sample:		1929.56 time, 1930.02 real, 652 MB
[runlim] sample:		1939.56 time, 1940.02 real, 652 MB
[runlim] sample:		1949.56 time, 1950.02 real, 652 MB
[runlim] sample:		1959.56 time, 1960.02 real, 652 MB
[runlim] sample:		1969.56 time, 1970.02 real, 652 MB
[runlim] sample:		1979.56 time, 1980.02 real, 652 MB
[runlim] sample:		1989.56 time, 1990.02 real, 652 MB
[runlim] sample:		1999.56 time, 2000.02 real, 652 MB
[runlim] sample:		2009.56 time, 2010.02 real, 652 MB
[runlim] sample:		2019.56 time, 2020.02 real, 653 MB
[runlim] sample:		2029.56 time, 2030.02 real, 676 MB
[runlim] sample:		2039.56 time, 2040.02 real, 700 MB
[runlim] sample:		2049.55 time, 2050.02 real, 700 MB
[runlim] sample:		2059.55 time, 2060.02 real, 700 MB
[runlim] sample:		2069.55 time, 2070.02 real, 700 MB
[runlim] sample:		2079.55 time, 2080.02 real, 700 MB
[runlim] sample:		2089.55 time, 2090.02 real, 700 MB
[runlim] sample:		2099.55 time, 2100.02 real, 700 MB
[runlim] sample:		2109.55 time, 2110.02 real, 700 MB
[runlim] sample:		2119.55 time, 2120.02 real, 704 MB
[runlim] sample:		2129.55 time, 2130.02 real, 709 MB
[runlim] sample:		2139.55 time, 2140.02 real, 714 MB
[runlim] sample:		2149.55 time, 2150.02 real, 714 MB
[runlim] sample:		2159.55 time, 2160.02 real, 716 MB
[runlim] sample:		2169.56 time, 2170.02 real, 726 MB
[runlim] sample:		2179.56 time, 2180.02 real, 726 MB
[runlim] sample:		2189.55 time, 2190.02 real, 729 MB
[runlim] sample:		2199.55 time, 2200.02 real, 729 MB
[runlim] sample:		2209.55 time, 2210.02 real, 729 MB
[runlim] sample:		2219.55 time, 2220.02 real, 729 MB
[runlim] sample:		2229.55 time, 2230.02 real, 737 MB
[runlim] sample:		2239.55 time, 2240.02 real, 737 MB
[runlim] sample:		2249.55 time, 2250.02 real, 737 MB
[runlim] sample:		2259.55 time, 2260.02 real, 737 MB
[runlim] sample:		2269.55 time, 2270.02 real, 737 MB
[runlim] sample:		2279.56 time, 2280.02 real, 748 MB
[runlim] sample:		2289.55 time, 2290.02 real, 748 MB
[runlim] sample:		2299.55 time, 2300.02 real, 748 MB
[runlim] sample:		2309.55 time, 2310.02 real, 748 MB
[runlim] sample:		2319.55 time, 2320.02 real, 748 MB
[runlim] sample:		2329.55 time, 2330.02 real, 751 MB
[runlim] sample:		2339.55 time, 2340.02 real, 751 MB
[runlim] sample:		2349.55 time, 2350.02 real, 751 MB
[runlim] sample:		2359.55 time, 2360.02 real, 751 MB
[runlim] sample:		2369.56 time, 2370.02 real, 751 MB
[runlim] sample:		2379.56 time, 2380.02 real, 751 MB
[runlim] sample:		2389.55 time, 2390.02 real, 751 MB
[runlim] sample:		2399.55 time, 2400.02 real, 751 MB
[runlim] sample:		2409.55 time, 2410.02 real, 751 MB
[runlim] sample:		2419.55 time, 2420.02 real, 766 MB
[runlim] sample:		2429.55 time, 2430.02 real, 766 MB
[runlim] sample:		2439.55 time, 2440.02 real, 766 MB
[runlim] sample:		2449.55 time, 2450.02 real, 766 MB
[runlim] sample:		2459.55 time, 2460.02 real, 766 MB
[runlim] sample:		2469.55 time, 2470.02 real, 766 MB
[runlim] sample:		2479.55 time, 2480.02 real, 766 MB
[runlim] sample:		2489.55 time, 2490.02 real, 766 MB
[runlim] sample:		2499.55 time, 2500.02 real, 766 MB
[runlim] sample:		2509.55 time, 2510.02 real, 766 MB
[runlim] sample:		2519.55 time, 2520.02 real, 766 MB
[runlim] sample:		2529.56 time, 2530.02 real, 766 MB
[runlim] sample:		2539.56 time, 2540.02 real, 766 MB
[runlim] sample:		2549.55 time, 2550.02 real, 776 MB
[runlim] sample:		2559.55 time, 2560.02 real, 776 MB
[runlim] sample:		2569.55 time, 2570.02 real, 776 MB
[runlim] sample:		2579.55 time, 2580.02 real, 776 MB
[runlim] sample:		2589.55 time, 2590.02 real, 776 MB
[runlim] sample:		2599.55 time, 2600.02 real, 776 MB
[runlim] sample:		2609.55 time, 2610.02 real, 776 MB
[runlim] sample:		2619.55 time, 2620.02 real, 776 MB
[runlim] sample:		2629.55 time, 2630.02 real, 776 MB
[runlim] sample:		2639.55 time, 2640.02 real, 776 MB
[runlim] sample:		2649.55 time, 2650.02 real, 776 MB
[runlim] sample:		2659.55 time, 2660.02 real, 776 MB
[runlim] sample:		2669.55 time, 2670.02 real, 776 MB
[runlim] sample:		2679.55 time, 2680.02 real, 776 MB
[runlim] sample:		2689.55 time, 2690.02 real, 780 MB
[runlim] sample:		2699.55 time, 2700.02 real, 780 MB
[runlim] end:			Sat Feb 29 07:02:04 2020
[runlim] status:		out of time
[runlim] result:		2
[runlim] children:		1
[runlim] real:			2700.10 seconds
[runlim] time:			2699.55 seconds
[runlim] space:			780 MB
[runlim] samples:		27000
