[runlim] version:		1.18
[runlim] host:			c3n13
[runlim] time limit:		2700 seconds
[runlim] real time limit:	2700 seconds
[runlim] space limit:		7000 MB
[runlim] argv[0]:		./binary
[runlim] argv[1]:		/data/cnf/ankit/E1-A1-Red/depots08_7.qdimacs
[runlim] start:			Sat Feb 29 06:17:03 2020
[runlim] child:			17278
[runlim] sample:		9.45 time, 10.02 real, 127 MB
[runlim] sample:		19.45 time, 20.02 real, 141 MB
[runlim] sample:		29.45 time, 30.02 real, 143 MB
[runlim] sample:		39.45 time, 40.02 real, 143 MB
[runlim] sample:		49.45 time, 50.02 real, 143 MB
[runlim] sample:		59.45 time, 60.02 real, 143 MB
[runlim] sample:		69.45 time, 70.02 real, 143 MB
[runlim] sample:		79.45 time, 80.02 real, 143 MB
[runlim] sample:		89.45 time, 90.02 real, 143 MB
[runlim] sample:		99.45 time, 100.02 real, 143 MB
[runlim] sample:		109.45 time, 110.02 real, 143 MB
[runlim] sample:		119.45 time, 120.02 real, 143 MB
[runlim] sample:		129.45 time, 130.02 real, 143 MB
[runlim] sample:		139.45 time, 140.02 real, 143 MB
[runlim] sample:		149.45 time, 150.02 real, 143 MB
[runlim] sample:		159.45 time, 160.02 real, 143 MB
[runlim] sample:		169.45 time, 170.02 real, 143 MB
[runlim] sample:		179.45 time, 180.02 real, 143 MB
[runlim] sample:		189.45 time, 190.02 real, 143 MB
[runlim] sample:		199.45 time, 200.02 real, 143 MB
[runlim] sample:		209.44 time, 210.02 real, 143 MB
[runlim] sample:		219.44 time, 220.02 real, 143 MB
[runlim] sample:		229.45 time, 230.02 real, 143 MB
[runlim] sample:		239.45 time, 240.02 real, 143 MB
[runlim] sample:		249.45 time, 250.02 real, 143 MB
[runlim] sample:		259.45 time, 260.02 real, 152 MB
[runlim] sample:		269.45 time, 270.02 real, 160 MB
[runlim] sample:		279.44 time, 280.02 real, 168 MB
[runlim] sample:		289.45 time, 290.02 real, 171 MB
[runlim] sample:		299.45 time, 300.02 real, 172 MB
[runlim] sample:		309.45 time, 310.02 real, 174 MB
[runlim] sample:		319.45 time, 320.02 real, 175 MB
[runlim] sample:		329.45 time, 330.02 real, 175 MB
[runlim] sample:		339.45 time, 340.02 real, 176 MB
[runlim] sample:		349.45 time, 350.02 real, 176 MB
[runlim] sample:		359.45 time, 360.02 real, 177 MB
[runlim] sample:		369.45 time, 370.02 real, 283 MB
[runlim] sample:		379.45 time, 380.02 real, 564 MB
[runlim] sample:		389.45 time, 390.02 real, 572 MB
[runlim] sample:		399.45 time, 400.02 real, 575 MB
[runlim] sample:		409.45 time, 410.02 real, 577 MB
[runlim] sample:		419.45 time, 420.02 real, 580 MB
[runlim] sample:		429.44 time, 430.02 real, 582 MB
[runlim] sample:		439.45 time, 440.02 real, 584 MB
[runlim] sample:		449.45 time, 450.02 real, 586 MB
[runlim] sample:		459.44 time, 460.02 real, 588 MB
[runlim] sample:		469.44 time, 470.02 real, 590 MB
[runlim] sample:		479.44 time, 480.02 real, 592 MB
[runlim] sample:		489.45 time, 490.02 real, 594 MB
[runlim] sample:		499.45 time, 500.02 real, 596 MB
[runlim] sample:		509.45 time, 510.02 real, 597 MB
[runlim] sample:		519.45 time, 520.02 real, 599 MB
[runlim] sample:		529.44 time, 530.02 real, 600 MB
[runlim] sample:		539.44 time, 540.02 real, 613 MB
[runlim] sample:		549.44 time, 550.02 real, 613 MB
[runlim] sample:		559.44 time, 560.02 real, 613 MB
[runlim] sample:		569.44 time, 570.02 real, 613 MB
[runlim] sample:		579.44 time, 580.02 real, 613 MB
[runlim] sample:		589.44 time, 590.02 real, 614 MB
[runlim] sample:		599.44 time, 600.02 real, 616 MB
[runlim] sample:		609.44 time, 610.02 real, 617 MB
[runlim] sample:		619.44 time, 620.02 real, 618 MB
[runlim] sample:		629.44 time, 630.02 real, 620 MB
[runlim] sample:		639.44 time, 640.02 real, 632 MB
[runlim] sample:		649.44 time, 650.02 real, 632 MB
[runlim] sample:		659.44 time, 660.02 real, 632 MB
[runlim] sample:		669.44 time, 670.02 real, 632 MB
[runlim] sample:		679.44 time, 680.02 real, 632 MB
[runlim] sample:		689.44 time, 690.02 real, 633 MB
[runlim] sample:		699.45 time, 700.02 real, 634 MB
[runlim] sample:		709.44 time, 710.02 real, 635 MB
[runlim] sample:		719.44 time, 720.02 real, 636 MB
[runlim] sample:		729.44 time, 730.02 real, 637 MB
[runlim] sample:		739.44 time, 740.02 real, 638 MB
[runlim] sample:		749.44 time, 750.02 real, 639 MB
[runlim] sample:		759.44 time, 760.02 real, 640 MB
[runlim] sample:		769.44 time, 770.02 real, 641 MB
[runlim] sample:		779.44 time, 780.02 real, 642 MB
[runlim] sample:		789.44 time, 790.02 real, 643 MB
[runlim] sample:		799.44 time, 800.02 real, 644 MB
[runlim] sample:		809.44 time, 810.02 real, 645 MB
[runlim] sample:		819.44 time, 820.02 real, 646 MB
[runlim] sample:		829.44 time, 830.02 real, 647 MB
[runlim] sample:		839.44 time, 840.02 real, 648 MB
[runlim] sample:		849.44 time, 850.02 real, 649 MB
[runlim] sample:		859.44 time, 860.02 real, 650 MB
[runlim] sample:		869.44 time, 870.02 real, 651 MB
[runlim] sample:		879.44 time, 880.02 real, 651 MB
[runlim] sample:		889.44 time, 890.02 real, 652 MB
[runlim] sample:		899.45 time, 900.02 real, 653 MB
[runlim] sample:		909.45 time, 910.02 real, 654 MB
[runlim] sample:		919.44 time, 920.02 real, 655 MB
[runlim] sample:		929.44 time, 930.02 real, 656 MB
[runlim] sample:		939.44 time, 940.02 real, 657 MB
[runlim] sample:		949.44 time, 950.02 real, 658 MB
[runlim] sample:		959.44 time, 960.02 real, 659 MB
[runlim] sample:		969.44 time, 970.02 real, 659 MB
[runlim] sample:		979.44 time, 980.02 real, 660 MB
[runlim] sample:		989.44 time, 990.02 real, 661 MB
[runlim] sample:		999.44 time, 1000.02 real, 662 MB
[runlim] sample:		1009.44 time, 1010.02 real, 663 MB
[runlim] sample:		1019.44 time, 1020.02 real, 664 MB
[runlim] sample:		1029.44 time, 1030.02 real, 664 MB
[runlim] sample:		1039.44 time, 1040.02 real, 665 MB
[runlim] sample:		1049.44 time, 1050.02 real, 666 MB
[runlim] sample:		1059.44 time, 1060.02 real, 667 MB
[runlim] sample:		1069.44 time, 1070.02 real, 668 MB
[runlim] sample:		1079.44 time, 1080.02 real, 668 MB
[runlim] sample:		1089.44 time, 1090.02 real, 669 MB
[runlim] sample:		1099.44 time, 1100.02 real, 670 MB
[runlim] sample:		1109.44 time, 1110.02 real, 671 MB
[runlim] sample:		1119.44 time, 1120.02 real, 671 MB
[runlim] sample:		1129.44 time, 1130.02 real, 672 MB
[runlim] sample:		1139.44 time, 1140.02 real, 673 MB
[runlim] sample:		1149.44 time, 1150.02 real, 674 MB
[runlim] sample:		1159.44 time, 1160.02 real, 674 MB
[runlim] sample:		1169.44 time, 1170.02 real, 675 MB
[runlim] sample:		1179.44 time, 1180.02 real, 676 MB
[runlim] sample:		1189.44 time, 1190.02 real, 677 MB
[runlim] sample:		1199.44 time, 1200.02 real, 677 MB
[runlim] sample:		1209.44 time, 1210.02 real, 678 MB
[runlim] sample:		1219.44 time, 1220.02 real, 679 MB
[runlim] sample:		1229.44 time, 1230.02 real, 680 MB
[runlim] sample:		1239.44 time, 1240.02 real, 680 MB
[runlim] sample:		1249.44 time, 1250.02 real, 681 MB
[runlim] sample:		1259.43 time, 1260.02 real, 682 MB
[runlim] sample:		1269.43 time, 1270.02 real, 682 MB
[runlim] sample:		1279.43 time, 1280.02 real, 683 MB
[runlim] sample:		1289.44 time, 1290.02 real, 684 MB
[runlim] sample:		1299.44 time, 1300.02 real, 684 MB
[runlim] sample:		1309.44 time, 1310.02 real, 685 MB
[runlim] sample:		1319.44 time, 1320.02 real, 686 MB
[runlim] sample:		1329.44 time, 1330.02 real, 687 MB
[runlim] sample:		1339.43 time, 1340.02 real, 687 MB
[runlim] sample:		1349.44 time, 1350.02 real, 688 MB
[runlim] sample:		1359.44 time, 1360.02 real, 689 MB
[runlim] sample:		1369.44 time, 1370.02 real, 689 MB
[runlim] sample:		1379.44 time, 1380.02 real, 690 MB
[runlim] sample:		1389.44 time, 1390.02 real, 691 MB
[runlim] sample:		1399.44 time, 1400.02 real, 691 MB
[runlim] sample:		1409.44 time, 1410.02 real, 692 MB
[runlim] sample:		1419.43 time, 1420.02 real, 693 MB
[runlim] sample:		1429.43 time, 1430.02 real, 693 MB
[runlim] sample:		1439.43 time, 1440.02 real, 694 MB
[runlim] sample:		1449.44 time, 1450.02 real, 695 MB
[runlim] sample:		1459.43 time, 1460.02 real, 695 MB
[runlim] sample:		1469.43 time, 1470.02 real, 696 MB
[runlim] sample:		1479.44 time, 1480.02 real, 697 MB
[runlim] sample:		1489.43 time, 1490.02 real, 697 MB
[runlim] sample:		1499.43 time, 1500.02 real, 698 MB
[runlim] sample:		1509.43 time, 1510.02 real, 698 MB
[runlim] sample:		1519.43 time, 1520.02 real, 699 MB
[runlim] sample:		1529.43 time, 1530.02 real, 700 MB
[runlim] sample:		1539.43 time, 1540.02 real, 700 MB
[runlim] sample:		1549.43 time, 1550.02 real, 701 MB
[runlim] sample:		1559.44 time, 1560.02 real, 702 MB
[runlim] sample:		1569.43 time, 1570.02 real, 702 MB
[runlim] sample:		1579.43 time, 1580.02 real, 703 MB
[runlim] sample:		1589.44 time, 1590.02 real, 703 MB
[runlim] sample:		1599.43 time, 1600.02 real, 704 MB
[runlim] sample:		1609.44 time, 1610.02 real, 705 MB
[runlim] sample:		1619.43 time, 1620.02 real, 705 MB
[runlim] sample:		1629.43 time, 1630.02 real, 706 MB
[runlim] sample:		1639.44 time, 1640.02 real, 706 MB
[runlim] sample:		1649.44 time, 1650.02 real, 707 MB
[runlim] sample:		1659.43 time, 1660.02 real, 708 MB
[runlim] sample:		1669.44 time, 1670.02 real, 708 MB
[runlim] sample:		1679.44 time, 1680.02 real, 709 MB
[runlim] sample:		1689.44 time, 1690.02 real, 709 MB
[runlim] sample:		1699.44 time, 1700.02 real, 710 MB
[runlim] sample:		1709.44 time, 1710.02 real, 711 MB
[runlim] sample:		1719.44 time, 1720.02 real, 711 MB
[runlim] sample:		1729.43 time, 1730.02 real, 712 MB
[runlim] sample:		1739.43 time, 1740.02 real, 712 MB
[runlim] sample:		1749.43 time, 1750.02 real, 713 MB
[runlim] sample:		1759.43 time, 1760.02 real, 713 MB
[runlim] sample:		1769.43 time, 1770.02 real, 714 MB
[runlim] sample:		1779.43 time, 1780.02 real, 715 MB
[runlim] sample:		1789.43 time, 1790.02 real, 715 MB
[runlim] sample:		1799.43 time, 1800.02 real, 716 MB
[runlim] sample:		1809.43 time, 1810.02 real, 716 MB
[runlim] sample:		1819.43 time, 1820.02 real, 717 MB
[runlim] sample:		1829.43 time, 1830.02 real, 717 MB
[runlim] sample:		1839.43 time, 1840.02 real, 718 MB
[runlim] sample:		1849.43 time, 1850.02 real, 718 MB
[runlim] sample:		1859.43 time, 1860.02 real, 719 MB
[runlim] sample:		1869.43 time, 1870.02 real, 723 MB
[runlim] sample:		1879.44 time, 1880.02 real, 726 MB
[runlim] sample:		1889.43 time, 1890.02 real, 728 MB
[runlim] sample:		1899.43 time, 1900.02 real, 730 MB
[runlim] sample:		1909.43 time, 1910.02 real, 732 MB
[runlim] sample:		1919.43 time, 1920.02 real, 733 MB
[runlim] sample:		1929.43 time, 1930.02 real, 735 MB
[runlim] sample:		1939.43 time, 1940.02 real, 737 MB
[runlim] sample:		1949.43 time, 1950.02 real, 738 MB
[runlim] sample:		1959.43 time, 1960.02 real, 740 MB
[runlim] sample:		1969.43 time, 1970.02 real, 741 MB
[runlim] sample:		1979.43 time, 1980.02 real, 743 MB
[runlim] sample:		1989.43 time, 1990.02 real, 745 MB
[runlim] sample:		1999.43 time, 2000.02 real, 746 MB
[runlim] sample:		2009.43 time, 2010.02 real, 747 MB
[runlim] sample:		2019.43 time, 2020.02 real, 749 MB
[runlim] sample:		2029.43 time, 2030.02 real, 750 MB
[runlim] sample:		2039.43 time, 2040.02 real, 751 MB
[runlim] sample:		2049.43 time, 2050.02 real, 752 MB
[runlim] sample:		2059.43 time, 2060.02 real, 754 MB
[runlim] sample:		2069.43 time, 2070.02 real, 755 MB
[runlim] sample:		2079.43 time, 2080.02 real, 756 MB
[runlim] sample:		2089.42 time, 2090.02 real, 757 MB
[runlim] sample:		2099.42 time, 2100.02 real, 759 MB
[runlim] sample:		2109.42 time, 2110.02 real, 760 MB
[runlim] sample:		2119.42 time, 2120.02 real, 761 MB
[runlim] sample:		2129.43 time, 2130.02 real, 762 MB
[runlim] sample:		2139.43 time, 2140.02 real, 763 MB
[runlim] sample:		2149.43 time, 2150.02 real, 764 MB
[runlim] sample:		2159.43 time, 2160.02 real, 766 MB
[runlim] sample:		2169.43 time, 2170.02 real, 767 MB
[runlim] sample:		2179.43 time, 2180.02 real, 768 MB
[runlim] sample:		2189.42 time, 2190.02 real, 769 MB
[runlim] sample:		2199.43 time, 2200.02 real, 770 MB
[runlim] sample:		2209.43 time, 2210.02 real, 771 MB
[runlim] sample:		2219.43 time, 2220.02 real, 772 MB
[runlim] sample:		2229.43 time, 2230.02 real, 773 MB
[runlim] sample:		2239.43 time, 2240.02 real, 774 MB
[runlim] sample:		2249.43 time, 2250.02 real, 775 MB
[runlim] sample:		2259.43 time, 2260.02 real, 776 MB
[runlim] sample:		2269.42 time, 2270.02 real, 777 MB
[runlim] sample:		2279.43 time, 2280.02 real, 778 MB
[runlim] sample:		2289.43 time, 2290.02 real, 779 MB
[runlim] sample:		2299.43 time, 2300.02 real, 780 MB
[runlim] sample:		2309.42 time, 2310.02 real, 781 MB
[runlim] sample:		2319.42 time, 2320.02 real, 782 MB
[runlim] sample:		2329.43 time, 2330.02 real, 783 MB
[runlim] sample:		2339.43 time, 2340.02 real, 784 MB
[runlim] sample:		2349.43 time, 2350.02 real, 784 MB
[runlim] sample:		2359.43 time, 2360.02 real, 785 MB
[runlim] sample:		2369.43 time, 2370.02 real, 786 MB
[runlim] sample:		2379.43 time, 2380.02 real, 787 MB
[runlim] sample:		2389.42 time, 2390.02 real, 788 MB
[runlim] sample:		2399.43 time, 2400.02 real, 789 MB
[runlim] sample:		2409.43 time, 2410.02 real, 790 MB
[runlim] sample:		2419.42 time, 2420.02 real, 791 MB
[runlim] sample:		2429.42 time, 2430.02 real, 791 MB
[runlim] sample:		2439.42 time, 2440.02 real, 792 MB
[runlim] sample:		2449.43 time, 2450.02 real, 793 MB
[runlim] sample:		2459.42 time, 2460.02 real, 794 MB
[runlim] sample:		2469.42 time, 2470.02 real, 795 MB
[runlim] sample:		2479.42 time, 2480.02 real, 796 MB
[runlim] sample:		2489.43 time, 2490.02 real, 796 MB
[runlim] sample:		2499.43 time, 2500.02 real, 797 MB
[runlim] sample:		2509.42 time, 2510.02 real, 798 MB
[runlim] sample:		2519.42 time, 2520.02 real, 799 MB
[runlim] sample:		2529.42 time, 2530.02 real, 800 MB
[runlim] sample:		2539.42 time, 2540.02 real, 800 MB
[runlim] sample:		2549.42 time, 2550.02 real, 801 MB
[runlim] sample:		2559.42 time, 2560.02 real, 802 MB
[runlim] sample:		2569.42 time, 2570.02 real, 803 MB
[runlim] sample:		2579.43 time, 2580.02 real, 804 MB
[runlim] sample:		2589.43 time, 2590.02 real, 804 MB
[runlim] sample:		2599.42 time, 2600.02 real, 805 MB
[runlim] sample:		2609.42 time, 2610.02 real, 806 MB
[runlim] sample:		2619.42 time, 2620.02 real, 807 MB
[runlim] sample:		2629.43 time, 2630.02 real, 807 MB
[runlim] sample:		2639.42 time, 2640.02 real, 808 MB
[runlim] sample:		2649.42 time, 2650.02 real, 809 MB
[runlim] sample:		2659.42 time, 2660.02 real, 809 MB
[runlim] sample:		2669.42 time, 2670.02 real, 810 MB
[runlim] sample:		2679.42 time, 2680.02 real, 811 MB
[runlim] sample:		2689.42 time, 2690.02 real, 812 MB
[runlim] sample:		2699.42 time, 2700.02 real, 812 MB
[runlim] end:			Sat Feb 29 07:02:03 2020
[runlim] status:		out of time
[runlim] result:		2
[runlim] children:		1
[runlim] real:			2700.12 seconds
[runlim] time:			2699.42 seconds
[runlim] space:			812 MB
[runlim] samples:		27000
