[runlim] version:		1.18
[runlim] host:			c3n24
[runlim] time limit:		2700 seconds
[runlim] real time limit:	2700 seconds
[runlim] space limit:		7000 MB
[runlim] argv[0]:		./binary
[runlim] argv[1]:		/data/cnf/ankit/E1-A1-Red/driverlog04_8.qdimacs
[runlim] start:			Sat Feb 29 06:17:04 2020
[runlim] child:			17886
[runlim] sample:		9.14 time, 10.02 real, 74 MB
[runlim] sample:		19.14 time, 20.02 real, 88 MB
[runlim] sample:		29.14 time, 30.02 real, 111 MB
[runlim] sample:		39.14 time, 40.02 real, 122 MB
[runlim] sample:		49.14 time, 50.02 real, 142 MB
[runlim] sample:		59.14 time, 60.02 real, 142 MB
[runlim] sample:		69.14 time, 70.02 real, 151 MB
[runlim] sample:		79.14 time, 80.02 real, 167 MB
[runlim] sample:		89.14 time, 90.02 real, 167 MB
[runlim] sample:		99.14 time, 100.02 real, 167 MB
[runlim] sample:		109.14 time, 110.02 real, 171 MB
[runlim] sample:		119.13 time, 120.02 real, 176 MB
[runlim] sample:		129.14 time, 130.02 real, 178 MB
[runlim] sample:		139.14 time, 140.02 real, 183 MB
[runlim] sample:		149.14 time, 150.02 real, 184 MB
[runlim] sample:		159.14 time, 160.02 real, 186 MB
[runlim] sample:		169.14 time, 170.02 real, 188 MB
[runlim] sample:		179.14 time, 180.02 real, 191 MB
[runlim] sample:		189.14 time, 190.02 real, 214 MB
[runlim] sample:		199.14 time, 200.02 real, 214 MB
[runlim] sample:		209.13 time, 210.02 real, 214 MB
[runlim] sample:		219.13 time, 220.02 real, 214 MB
[runlim] sample:		229.13 time, 230.02 real, 214 MB
[runlim] sample:		239.13 time, 240.02 real, 215 MB
[runlim] sample:		249.13 time, 250.02 real, 217 MB
[runlim] sample:		259.13 time, 260.02 real, 220 MB
[runlim] sample:		269.14 time, 270.02 real, 222 MB
[runlim] sample:		279.14 time, 280.02 real, 224 MB
[runlim] sample:		289.14 time, 290.02 real, 226 MB
[runlim] sample:		299.14 time, 300.02 real, 228 MB
[runlim] sample:		309.13 time, 310.02 real, 230 MB
[runlim] sample:		319.14 time, 320.02 real, 232 MB
[runlim] sample:		329.13 time, 330.02 real, 234 MB
[runlim] sample:		339.14 time, 340.02 real, 236 MB
[runlim] sample:		349.13 time, 350.02 real, 237 MB
[runlim] sample:		359.14 time, 360.02 real, 239 MB
[runlim] sample:		369.13 time, 370.02 real, 241 MB
[runlim] sample:		379.13 time, 380.02 real, 242 MB
[runlim] sample:		389.13 time, 390.02 real, 244 MB
[runlim] sample:		399.14 time, 400.02 real, 245 MB
[runlim] sample:		409.14 time, 410.02 real, 247 MB
[runlim] sample:		419.14 time, 420.02 real, 248 MB
[runlim] sample:		429.14 time, 430.02 real, 249 MB
[runlim] sample:		439.13 time, 440.02 real, 251 MB
[runlim] sample:		449.14 time, 450.02 real, 281 MB
[runlim] sample:		459.14 time, 460.02 real, 281 MB
[runlim] sample:		469.14 time, 470.02 real, 281 MB
[runlim] sample:		479.14 time, 480.02 real, 281 MB
[runlim] sample:		489.14 time, 490.02 real, 281 MB
[runlim] sample:		499.14 time, 500.02 real, 281 MB
[runlim] sample:		509.14 time, 510.02 real, 281 MB
[runlim] sample:		519.14 time, 520.02 real, 281 MB
[runlim] sample:		529.14 time, 530.02 real, 281 MB
[runlim] sample:		539.14 time, 540.02 real, 281 MB
[runlim] sample:		549.14 time, 550.02 real, 281 MB
[runlim] sample:		559.14 time, 560.02 real, 281 MB
[runlim] sample:		569.14 time, 570.02 real, 281 MB
[runlim] sample:		579.14 time, 580.02 real, 281 MB
[runlim] sample:		589.14 time, 590.02 real, 281 MB
[runlim] sample:		599.14 time, 600.02 real, 281 MB
[runlim] sample:		609.14 time, 610.02 real, 281 MB
[runlim] sample:		619.14 time, 620.02 real, 281 MB
[runlim] sample:		629.14 time, 630.02 real, 281 MB
[runlim] sample:		639.14 time, 640.02 real, 281 MB
[runlim] sample:		649.14 time, 650.02 real, 281 MB
[runlim] sample:		659.14 time, 660.02 real, 282 MB
[runlim] sample:		669.14 time, 670.02 real, 284 MB
[runlim] sample:		679.14 time, 680.02 real, 285 MB
[runlim] sample:		689.14 time, 690.02 real, 286 MB
[runlim] sample:		699.14 time, 700.02 real, 288 MB
[runlim] sample:		709.13 time, 710.02 real, 290 MB
[runlim] sample:		719.13 time, 720.02 real, 291 MB
[runlim] sample:		729.14 time, 730.02 real, 292 MB
[runlim] sample:		739.14 time, 740.02 real, 294 MB
[runlim] sample:		749.14 time, 750.02 real, 295 MB
[runlim] sample:		759.14 time, 760.02 real, 296 MB
[runlim] sample:		769.13 time, 770.02 real, 297 MB
[runlim] sample:		779.13 time, 780.02 real, 298 MB
[runlim] sample:		789.14 time, 790.02 real, 300 MB
[runlim] sample:		799.14 time, 800.02 real, 301 MB
[runlim] sample:		809.14 time, 810.02 real, 302 MB
[runlim] sample:		819.13 time, 820.02 real, 303 MB
[runlim] sample:		829.14 time, 830.02 real, 304 MB
[runlim] sample:		839.13 time, 840.02 real, 305 MB
[runlim] sample:		849.14 time, 850.02 real, 306 MB
[runlim] sample:		859.14 time, 860.02 real, 307 MB
[runlim] sample:		869.14 time, 870.02 real, 309 MB
[runlim] sample:		879.14 time, 880.02 real, 310 MB
[runlim] sample:		889.14 time, 890.02 real, 310 MB
[runlim] sample:		899.13 time, 900.02 real, 312 MB
[runlim] sample:		909.13 time, 910.02 real, 313 MB
[runlim] sample:		919.13 time, 920.02 real, 314 MB
[runlim] sample:		929.13 time, 930.02 real, 315 MB
[runlim] sample:		939.14 time, 940.02 real, 316 MB
[runlim] sample:		949.13 time, 950.02 real, 317 MB
[runlim] sample:		959.13 time, 960.02 real, 318 MB
[runlim] sample:		969.13 time, 970.02 real, 319 MB
[runlim] sample:		979.14 time, 980.02 real, 320 MB
[runlim] sample:		989.14 time, 990.02 real, 320 MB
[runlim] sample:		999.14 time, 1000.02 real, 321 MB
[runlim] sample:		1009.14 time, 1010.02 real, 322 MB
[runlim] sample:		1019.14 time, 1020.02 real, 323 MB
[runlim] sample:		1029.14 time, 1030.02 real, 325 MB
[runlim] sample:		1039.14 time, 1040.02 real, 325 MB
[runlim] sample:		1049.14 time, 1050.02 real, 326 MB
[runlim] sample:		1059.14 time, 1060.02 real, 327 MB
[runlim] sample:		1069.14 time, 1070.02 real, 328 MB
[runlim] sample:		1079.14 time, 1080.02 real, 334 MB
[runlim] sample:		1089.14 time, 1090.02 real, 334 MB
[runlim] sample:		1099.14 time, 1100.02 real, 334 MB
[runlim] sample:		1109.14 time, 1110.02 real, 334 MB
[runlim] sample:		1119.14 time, 1120.02 real, 336 MB
[runlim] sample:		1129.14 time, 1130.02 real, 336 MB
[runlim] sample:		1139.14 time, 1140.02 real, 337 MB
[runlim] sample:		1149.14 time, 1150.02 real, 377 MB
[runlim] sample:		1159.14 time, 1160.02 real, 377 MB
[runlim] sample:		1169.14 time, 1170.02 real, 377 MB
[runlim] sample:		1179.14 time, 1180.02 real, 377 MB
[runlim] sample:		1189.14 time, 1190.02 real, 377 MB
[runlim] sample:		1199.14 time, 1200.02 real, 377 MB
[runlim] sample:		1209.14 time, 1210.02 real, 377 MB
[runlim] sample:		1219.14 time, 1220.02 real, 377 MB
[runlim] sample:		1229.14 time, 1230.02 real, 377 MB
[runlim] sample:		1239.14 time, 1240.02 real, 377 MB
[runlim] sample:		1249.14 time, 1250.02 real, 377 MB
[runlim] sample:		1259.14 time, 1260.02 real, 377 MB
[runlim] sample:		1269.14 time, 1270.02 real, 377 MB
[runlim] sample:		1279.14 time, 1280.02 real, 377 MB
[runlim] sample:		1289.14 time, 1290.02 real, 377 MB
[runlim] sample:		1299.14 time, 1300.02 real, 377 MB
[runlim] sample:		1309.14 time, 1310.02 real, 377 MB
[runlim] sample:		1319.14 time, 1320.02 real, 377 MB
[runlim] sample:		1329.14 time, 1330.02 real, 377 MB
[runlim] sample:		1339.14 time, 1340.02 real, 377 MB
[runlim] sample:		1349.14 time, 1350.02 real, 377 MB
[runlim] sample:		1359.14 time, 1360.02 real, 377 MB
[runlim] sample:		1369.14 time, 1370.02 real, 377 MB
[runlim] sample:		1379.14 time, 1380.02 real, 377 MB
[runlim] sample:		1389.14 time, 1390.02 real, 377 MB
[runlim] sample:		1399.14 time, 1400.02 real, 377 MB
[runlim] sample:		1409.14 time, 1410.02 real, 377 MB
[runlim] sample:		1419.14 time, 1420.02 real, 377 MB
[runlim] sample:		1429.14 time, 1430.02 real, 377 MB
[runlim] sample:		1439.14 time, 1440.02 real, 377 MB
[runlim] sample:		1449.14 time, 1450.02 real, 377 MB
[runlim] sample:		1459.14 time, 1460.02 real, 377 MB
[runlim] sample:		1469.14 time, 1470.02 real, 377 MB
[runlim] sample:		1479.14 time, 1480.02 real, 377 MB
[runlim] sample:		1489.14 time, 1490.02 real, 377 MB
[runlim] sample:		1499.14 time, 1500.02 real, 377 MB
[runlim] sample:		1509.14 time, 1510.02 real, 377 MB
[runlim] sample:		1519.14 time, 1520.02 real, 377 MB
[runlim] sample:		1529.14 time, 1530.02 real, 377 MB
[runlim] sample:		1539.14 time, 1540.02 real, 377 MB
[runlim] sample:		1549.14 time, 1550.02 real, 377 MB
[runlim] sample:		1559.14 time, 1560.02 real, 377 MB
[runlim] sample:		1569.14 time, 1570.02 real, 377 MB
[runlim] sample:		1579.14 time, 1580.02 real, 377 MB
[runlim] sample:		1589.14 time, 1590.02 real, 377 MB
[runlim] sample:		1599.14 time, 1600.02 real, 377 MB
[runlim] sample:		1609.14 time, 1610.02 real, 377 MB
[runlim] sample:		1619.15 time, 1620.02 real, 377 MB
[runlim] sample:		1629.14 time, 1630.02 real, 377 MB
[runlim] sample:		1639.15 time, 1640.02 real, 377 MB
[runlim] sample:		1649.14 time, 1650.02 real, 377 MB
[runlim] sample:		1659.14 time, 1660.02 real, 378 MB
[runlim] sample:		1669.14 time, 1670.02 real, 379 MB
[runlim] sample:		1679.14 time, 1680.02 real, 380 MB
[runlim] sample:		1689.14 time, 1690.02 real, 381 MB
[runlim] sample:		1699.15 time, 1700.02 real, 382 MB
[runlim] sample:		1709.15 time, 1710.02 real, 383 MB
[runlim] sample:		1719.15 time, 1720.02 real, 384 MB
[runlim] sample:		1729.15 time, 1730.02 real, 385 MB
[runlim] sample:		1739.15 time, 1740.02 real, 386 MB
[runlim] sample:		1749.14 time, 1750.02 real, 387 MB
[runlim] sample:		1759.15 time, 1760.02 real, 388 MB
[runlim] sample:		1769.14 time, 1770.02 real, 389 MB
[runlim] sample:		1779.15 time, 1780.02 real, 390 MB
[runlim] sample:		1789.14 time, 1790.02 real, 391 MB
[runlim] sample:		1799.14 time, 1800.02 real, 392 MB
[runlim] sample:		1809.14 time, 1810.02 real, 393 MB
[runlim] sample:		1819.14 time, 1820.02 real, 393 MB
[runlim] sample:		1829.14 time, 1830.02 real, 394 MB
[runlim] sample:		1839.14 time, 1840.02 real, 395 MB
[runlim] sample:		1849.14 time, 1850.02 real, 396 MB
[runlim] sample:		1859.14 time, 1860.02 real, 397 MB
[runlim] sample:		1869.14 time, 1870.02 real, 398 MB
[runlim] sample:		1879.14 time, 1880.02 real, 398 MB
[runlim] sample:		1889.14 time, 1890.02 real, 399 MB
[runlim] sample:		1899.14 time, 1900.02 real, 400 MB
[runlim] sample:		1909.14 time, 1910.02 real, 401 MB
[runlim] sample:		1919.14 time, 1920.02 real, 402 MB
[runlim] sample:		1929.14 time, 1930.02 real, 402 MB
[runlim] sample:		1939.15 time, 1940.02 real, 403 MB
[runlim] sample:		1949.14 time, 1950.02 real, 404 MB
[runlim] sample:		1959.14 time, 1960.02 real, 405 MB
[runlim] sample:		1969.14 time, 1970.02 real, 406 MB
[runlim] sample:		1979.14 time, 1980.02 real, 406 MB
[runlim] sample:		1989.14 time, 1990.02 real, 407 MB
[runlim] sample:		1999.14 time, 2000.02 real, 408 MB
[runlim] sample:		2009.14 time, 2010.02 real, 409 MB
[runlim] sample:		2019.14 time, 2020.02 real, 409 MB
[runlim] sample:		2029.15 time, 2030.02 real, 410 MB
[runlim] sample:		2039.15 time, 2040.02 real, 411 MB
[runlim] sample:		2049.14 time, 2050.02 real, 412 MB
[runlim] sample:		2059.14 time, 2060.02 real, 412 MB
[runlim] sample:		2069.14 time, 2070.02 real, 413 MB
[runlim] sample:		2079.14 time, 2080.02 real, 414 MB
[runlim] sample:		2089.14 time, 2090.02 real, 415 MB
[runlim] sample:		2099.14 time, 2100.02 real, 415 MB
[runlim] sample:		2109.14 time, 2110.02 real, 416 MB
[runlim] sample:		2119.14 time, 2120.02 real, 417 MB
[runlim] sample:		2129.14 time, 2130.02 real, 418 MB
[runlim] sample:		2139.14 time, 2140.02 real, 418 MB
[runlim] sample:		2149.14 time, 2150.02 real, 419 MB
[runlim] sample:		2159.14 time, 2160.02 real, 420 MB
[runlim] sample:		2169.14 time, 2170.02 real, 420 MB
[runlim] sample:		2179.14 time, 2180.02 real, 421 MB
[runlim] sample:		2189.15 time, 2190.02 real, 422 MB
[runlim] sample:		2199.15 time, 2200.02 real, 423 MB
[runlim] sample:		2209.15 time, 2210.02 real, 424 MB
[runlim] sample:		2219.15 time, 2220.02 real, 424 MB
[runlim] sample:		2229.15 time, 2230.02 real, 425 MB
[runlim] sample:		2239.15 time, 2240.02 real, 425 MB
[runlim] sample:		2249.15 time, 2250.02 real, 426 MB
[runlim] sample:		2259.15 time, 2260.02 real, 427 MB
[runlim] sample:		2269.15 time, 2270.02 real, 427 MB
[runlim] sample:		2279.15 time, 2280.02 real, 428 MB
[runlim] sample:		2289.14 time, 2290.02 real, 429 MB
[runlim] sample:		2299.14 time, 2300.02 real, 430 MB
[runlim] sample:		2309.14 time, 2310.02 real, 430 MB
[runlim] sample:		2319.15 time, 2320.02 real, 431 MB
[runlim] sample:		2329.15 time, 2330.02 real, 432 MB
[runlim] sample:		2339.14 time, 2340.02 real, 432 MB
[runlim] sample:		2349.14 time, 2350.02 real, 433 MB
[runlim] sample:		2359.14 time, 2360.02 real, 434 MB
[runlim] sample:		2369.14 time, 2370.02 real, 434 MB
[runlim] sample:		2379.14 time, 2380.02 real, 435 MB
[runlim] sample:		2389.15 time, 2390.02 real, 436 MB
[runlim] sample:		2399.14 time, 2400.02 real, 436 MB
[runlim] sample:		2409.14 time, 2410.02 real, 437 MB
[runlim] sample:		2419.14 time, 2420.02 real, 437 MB
[runlim] sample:		2429.14 time, 2430.02 real, 438 MB
[runlim] sample:		2439.14 time, 2440.02 real, 439 MB
[runlim] sample:		2449.13 time, 2450.02 real, 439 MB
[runlim] sample:		2459.14 time, 2460.02 real, 440 MB
[runlim] sample:		2469.14 time, 2470.02 real, 441 MB
[runlim] sample:		2479.14 time, 2480.02 real, 441 MB
[runlim] sample:		2489.14 time, 2490.02 real, 442 MB
[runlim] sample:		2499.14 time, 2500.02 real, 443 MB
[runlim] sample:		2509.14 time, 2510.02 real, 443 MB
[runlim] sample:		2519.14 time, 2520.02 real, 444 MB
[runlim] sample:		2529.14 time, 2530.02 real, 444 MB
[runlim] sample:		2539.14 time, 2540.02 real, 445 MB
[runlim] sample:		2549.14 time, 2550.02 real, 492 MB
[runlim] sample:		2559.14 time, 2560.02 real, 492 MB
[runlim] sample:		2569.14 time, 2570.02 real, 492 MB
[runlim] sample:		2579.14 time, 2580.02 real, 492 MB
[runlim] sample:		2589.14 time, 2590.02 real, 492 MB
[runlim] sample:		2599.13 time, 2600.02 real, 492 MB
[runlim] sample:		2609.13 time, 2610.02 real, 492 MB
[runlim] sample:		2619.13 time, 2620.02 real, 492 MB
[runlim] sample:		2629.13 time, 2630.02 real, 492 MB
[runlim] sample:		2639.14 time, 2640.02 real, 492 MB
[runlim] sample:		2649.14 time, 2650.02 real, 492 MB
[runlim] sample:		2659.13 time, 2660.02 real, 492 MB
[runlim] sample:		2669.13 time, 2670.02 real, 492 MB
[runlim] sample:		2679.13 time, 2680.02 real, 492 MB
[runlim] sample:		2689.14 time, 2690.02 real, 492 MB
[runlim] sample:		2699.14 time, 2700.01 real, 492 MB
[runlim] end:			Sat Feb 29 07:02:04 2020
[runlim] status:		out of time
[runlim] result:		2
[runlim] children:		1
[runlim] real:			2700.10 seconds
[runlim] time:			2699.14 seconds
[runlim] space:			492 MB
[runlim] samples:		27000
