[runlim] version:		1.18
[runlim] host:			c3n13
[runlim] time limit:		2700 seconds
[runlim] real time limit:	2700 seconds
[runlim] space limit:		7000 MB
[runlim] argv[0]:		./binary
[runlim] argv[1]:		/data/cnf/ankit/E1-A1-Red/driverlog01_5.qdimacs
[runlim] start:			Sat Feb 29 06:17:06 2020
[runlim] child:			17339
[runlim] sample:		9.94 time, 10.02 real, 65 MB
[runlim] sample:		19.94 time, 20.02 real, 79 MB
[runlim] sample:		29.94 time, 30.02 real, 81 MB
[runlim] sample:		39.94 time, 40.02 real, 84 MB
[runlim] sample:		49.93 time, 50.02 real, 89 MB
[runlim] sample:		59.93 time, 60.02 real, 96 MB
[runlim] sample:		69.92 time, 70.02 real, 100 MB
[runlim] sample:		79.91 time, 80.02 real, 101 MB
[runlim] sample:		89.89 time, 90.02 real, 104 MB
[runlim] sample:		99.86 time, 100.02 real, 104 MB
[runlim] sample:		109.85 time, 110.02 real, 104 MB
[runlim] sample:		119.83 time, 120.02 real, 104 MB
[runlim] sample:		129.81 time, 130.02 real, 104 MB
[runlim] sample:		139.79 time, 140.02 real, 104 MB
[runlim] sample:		149.77 time, 150.02 real, 104 MB
[runlim] sample:		159.75 time, 160.02 real, 104 MB
[runlim] sample:		169.73 time, 170.02 real, 106 MB
[runlim] sample:		179.71 time, 180.02 real, 106 MB
[runlim] sample:		189.69 time, 190.02 real, 106 MB
[runlim] sample:		199.67 time, 200.02 real, 106 MB
[runlim] sample:		209.65 time, 210.02 real, 106 MB
[runlim] sample:		219.63 time, 220.02 real, 106 MB
[runlim] sample:		229.61 time, 230.02 real, 106 MB
[runlim] sample:		239.59 time, 240.02 real, 106 MB
[runlim] sample:		249.57 time, 250.02 real, 106 MB
[runlim] sample:		259.55 time, 260.02 real, 121 MB
[runlim] sample:		269.53 time, 270.02 real, 121 MB
[runlim] sample:		279.51 time, 280.02 real, 121 MB
[runlim] sample:		289.49 time, 290.02 real, 121 MB
[runlim] sample:		299.47 time, 300.02 real, 121 MB
[runlim] sample:		309.45 time, 310.02 real, 125 MB
[runlim] sample:		319.43 time, 320.02 real, 126 MB
[runlim] sample:		329.41 time, 330.02 real, 126 MB
[runlim] sample:		339.39 time, 340.02 real, 126 MB
[runlim] sample:		349.37 time, 350.02 real, 126 MB
[runlim] sample:		359.35 time, 360.02 real, 126 MB
[runlim] sample:		369.33 time, 370.02 real, 126 MB
[runlim] sample:		379.31 time, 380.02 real, 131 MB
[runlim] sample:		389.30 time, 390.02 real, 134 MB
[runlim] sample:		399.28 time, 400.02 real, 134 MB
[runlim] sample:		409.26 time, 410.02 real, 134 MB
[runlim] sample:		419.24 time, 420.02 real, 134 MB
[runlim] sample:		429.22 time, 430.02 real, 134 MB
[runlim] sample:		439.20 time, 440.02 real, 134 MB
[runlim] sample:		449.18 time, 450.02 real, 134 MB
[runlim] sample:		459.16 time, 460.02 real, 136 MB
[runlim] sample:		469.14 time, 470.02 real, 136 MB
[runlim] sample:		479.11 time, 480.02 real, 136 MB
[runlim] sample:		489.09 time, 490.02 real, 136 MB
[runlim] sample:		499.07 time, 500.02 real, 136 MB
[runlim] sample:		509.05 time, 510.02 real, 136 MB
[runlim] sample:		519.03 time, 520.02 real, 136 MB
[runlim] sample:		529.01 time, 530.02 real, 136 MB
[runlim] sample:		538.99 time, 540.02 real, 136 MB
[runlim] sample:		548.97 time, 550.02 real, 136 MB
[runlim] sample:		558.95 time, 560.02 real, 136 MB
[runlim] sample:		568.93 time, 570.02 real, 136 MB
[runlim] sample:		578.91 time, 580.02 real, 136 MB
[runlim] sample:		588.89 time, 590.02 real, 136 MB
[runlim] sample:		598.87 time, 600.02 real, 136 MB
[runlim] sample:		608.85 time, 610.02 real, 136 MB
[runlim] sample:		618.83 time, 620.02 real, 136 MB
[runlim] sample:		628.81 time, 630.02 real, 136 MB
[runlim] sample:		638.79 time, 640.02 real, 136 MB
[runlim] sample:		648.77 time, 650.02 real, 136 MB
[runlim] sample:		658.75 time, 660.02 real, 150 MB
[runlim] sample:		668.73 time, 670.02 real, 150 MB
[runlim] sample:		678.71 time, 680.02 real, 150 MB
[runlim] sample:		688.70 time, 690.02 real, 150 MB
[runlim] sample:		698.68 time, 700.02 real, 152 MB
[runlim] sample:		708.66 time, 710.02 real, 155 MB
[runlim] sample:		718.63 time, 720.02 real, 158 MB
[runlim] sample:		728.62 time, 730.02 real, 161 MB
[runlim] sample:		738.60 time, 740.02 real, 163 MB
[runlim] sample:		748.58 time, 750.02 real, 166 MB
[runlim] sample:		758.56 time, 760.02 real, 168 MB
[runlim] sample:		768.53 time, 770.02 real, 170 MB
[runlim] sample:		778.51 time, 780.02 real, 184 MB
[runlim] sample:		788.49 time, 790.02 real, 184 MB
[runlim] sample:		798.47 time, 800.02 real, 184 MB
[runlim] sample:		808.45 time, 810.02 real, 184 MB
[runlim] sample:		818.43 time, 820.02 real, 184 MB
[runlim] sample:		828.41 time, 830.02 real, 184 MB
[runlim] sample:		838.39 time, 840.02 real, 184 MB
[runlim] sample:		848.37 time, 850.02 real, 184 MB
[runlim] sample:		858.35 time, 860.02 real, 187 MB
[runlim] sample:		868.35 time, 870.02 real, 191 MB
[runlim] sample:		878.35 time, 880.02 real, 194 MB
[runlim] sample:		888.35 time, 890.02 real, 197 MB
[runlim] sample:		898.35 time, 900.02 real, 199 MB
[runlim] sample:		908.35 time, 910.02 real, 201 MB
[runlim] sample:		918.35 time, 920.02 real, 203 MB
[runlim] sample:		928.36 time, 930.02 real, 205 MB
[runlim] sample:		938.36 time, 940.02 real, 207 MB
[runlim] sample:		948.35 time, 950.02 real, 212 MB
[runlim] sample:		958.35 time, 960.02 real, 212 MB
[runlim] sample:		968.35 time, 970.02 real, 212 MB
[runlim] sample:		978.35 time, 980.02 real, 212 MB
[runlim] sample:		988.35 time, 990.02 real, 212 MB
[runlim] sample:		998.35 time, 1000.02 real, 212 MB
[runlim] sample:		1008.35 time, 1010.02 real, 212 MB
[runlim] sample:		1018.35 time, 1020.02 real, 212 MB
[runlim] sample:		1028.35 time, 1030.02 real, 212 MB
[runlim] sample:		1038.35 time, 1040.02 real, 212 MB
[runlim] sample:		1048.35 time, 1050.02 real, 212 MB
[runlim] sample:		1058.35 time, 1060.02 real, 212 MB
[runlim] sample:		1068.35 time, 1070.02 real, 212 MB
[runlim] sample:		1078.35 time, 1080.02 real, 212 MB
[runlim] sample:		1088.35 time, 1090.02 real, 212 MB
[runlim] sample:		1098.35 time, 1100.02 real, 212 MB
[runlim] sample:		1108.35 time, 1110.02 real, 212 MB
[runlim] sample:		1118.35 time, 1120.02 real, 212 MB
[runlim] sample:		1128.35 time, 1130.02 real, 212 MB
[runlim] sample:		1138.35 time, 1140.02 real, 212 MB
[runlim] sample:		1148.35 time, 1150.02 real, 212 MB
[runlim] sample:		1158.35 time, 1160.02 real, 212 MB
[runlim] sample:		1168.34 time, 1170.02 real, 212 MB
[runlim] sample:		1178.35 time, 1180.02 real, 212 MB
[runlim] sample:		1188.35 time, 1190.02 real, 212 MB
[runlim] sample:		1198.35 time, 1200.02 real, 212 MB
[runlim] sample:		1208.34 time, 1210.02 real, 212 MB
[runlim] sample:		1218.35 time, 1220.02 real, 212 MB
[runlim] sample:		1228.35 time, 1230.02 real, 212 MB
[runlim] sample:		1238.35 time, 1240.02 real, 212 MB
[runlim] sample:		1248.35 time, 1250.02 real, 212 MB
[runlim] sample:		1258.35 time, 1260.02 real, 212 MB
[runlim] sample:		1268.35 time, 1270.02 real, 212 MB
[runlim] sample:		1278.35 time, 1280.02 real, 212 MB
[runlim] sample:		1288.35 time, 1290.02 real, 212 MB
[runlim] sample:		1298.34 time, 1300.02 real, 212 MB
[runlim] sample:		1308.35 time, 1310.02 real, 212 MB
[runlim] sample:		1318.35 time, 1320.02 real, 212 MB
[runlim] sample:		1328.34 time, 1330.02 real, 212 MB
[runlim] sample:		1338.34 time, 1340.02 real, 212 MB
[runlim] sample:		1348.34 time, 1350.02 real, 212 MB
[runlim] sample:		1358.34 time, 1360.02 real, 212 MB
[runlim] sample:		1368.35 time, 1370.02 real, 212 MB
[runlim] sample:		1378.35 time, 1380.02 real, 212 MB
[runlim] sample:		1388.35 time, 1390.02 real, 212 MB
[runlim] sample:		1398.35 time, 1400.02 real, 212 MB
[runlim] sample:		1408.35 time, 1410.02 real, 212 MB
[runlim] sample:		1418.35 time, 1420.02 real, 212 MB
[runlim] sample:		1428.34 time, 1430.02 real, 214 MB
[runlim] sample:		1438.34 time, 1440.02 real, 214 MB
[runlim] sample:		1448.35 time, 1450.02 real, 215 MB
[runlim] sample:		1458.35 time, 1460.02 real, 216 MB
[runlim] sample:		1468.34 time, 1470.02 real, 217 MB
[runlim] sample:		1478.34 time, 1480.02 real, 218 MB
[runlim] sample:		1488.35 time, 1490.02 real, 219 MB
[runlim] sample:		1498.35 time, 1500.02 real, 220 MB
[runlim] sample:		1508.35 time, 1510.02 real, 221 MB
[runlim] sample:		1518.34 time, 1520.02 real, 222 MB
[runlim] sample:		1528.34 time, 1530.02 real, 223 MB
[runlim] sample:		1538.34 time, 1540.02 real, 224 MB
[runlim] sample:		1548.34 time, 1550.02 real, 227 MB
[runlim] sample:		1558.34 time, 1560.02 real, 227 MB
[runlim] sample:		1568.34 time, 1570.02 real, 228 MB
[runlim] sample:		1578.34 time, 1580.02 real, 229 MB
[runlim] sample:		1588.34 time, 1590.02 real, 230 MB
[runlim] sample:		1598.34 time, 1600.02 real, 231 MB
[runlim] sample:		1608.34 time, 1610.02 real, 232 MB
[runlim] sample:		1618.34 time, 1620.02 real, 233 MB
[runlim] sample:		1628.34 time, 1630.02 real, 234 MB
[runlim] sample:		1638.34 time, 1640.02 real, 261 MB
[runlim] sample:		1648.34 time, 1650.02 real, 261 MB
[runlim] sample:		1658.34 time, 1660.02 real, 261 MB
[runlim] sample:		1668.34 time, 1670.02 real, 261 MB
[runlim] sample:		1678.34 time, 1680.02 real, 261 MB
[runlim] sample:		1688.34 time, 1690.02 real, 261 MB
[runlim] sample:		1698.34 time, 1700.02 real, 261 MB
[runlim] sample:		1708.34 time, 1710.02 real, 261 MB
[runlim] sample:		1718.34 time, 1720.02 real, 261 MB
[runlim] sample:		1728.34 time, 1730.02 real, 261 MB
[runlim] sample:		1738.34 time, 1740.02 real, 261 MB
[runlim] sample:		1748.34 time, 1750.02 real, 261 MB
[runlim] sample:		1758.34 time, 1760.02 real, 261 MB
[runlim] sample:		1768.34 time, 1770.02 real, 261 MB
[runlim] sample:		1778.34 time, 1780.02 real, 261 MB
[runlim] sample:		1788.34 time, 1790.02 real, 261 MB
[runlim] sample:		1798.34 time, 1800.02 real, 261 MB
[runlim] sample:		1808.34 time, 1810.02 real, 261 MB
[runlim] sample:		1818.34 time, 1820.02 real, 261 MB
[runlim] sample:		1828.34 time, 1830.02 real, 261 MB
[runlim] sample:		1838.34 time, 1840.02 real, 261 MB
[runlim] sample:		1848.34 time, 1850.02 real, 261 MB
[runlim] sample:		1858.34 time, 1860.02 real, 261 MB
[runlim] sample:		1868.34 time, 1870.02 real, 261 MB
[runlim] sample:		1878.34 time, 1880.02 real, 261 MB
[runlim] sample:		1888.34 time, 1890.02 real, 262 MB
[runlim] sample:		1898.34 time, 1900.02 real, 263 MB
[runlim] sample:		1908.34 time, 1910.02 real, 265 MB
[runlim] sample:		1918.34 time, 1920.02 real, 266 MB
[runlim] sample:		1928.34 time, 1930.02 real, 268 MB
[runlim] sample:		1938.34 time, 1940.02 real, 269 MB
[runlim] sample:		1948.34 time, 1950.02 real, 270 MB
[runlim] sample:		1958.34 time, 1960.02 real, 271 MB
[runlim] sample:		1968.34 time, 1970.02 real, 272 MB
[runlim] sample:		1978.34 time, 1980.02 real, 273 MB
[runlim] sample:		1988.34 time, 1990.02 real, 274 MB
[runlim] sample:		1998.34 time, 2000.02 real, 275 MB
[runlim] sample:		2008.34 time, 2010.02 real, 276 MB
[runlim] sample:		2018.34 time, 2020.02 real, 292 MB
[runlim] sample:		2028.34 time, 2030.02 real, 292 MB
[runlim] sample:		2038.34 time, 2040.02 real, 292 MB
[runlim] sample:		2048.34 time, 2050.02 real, 292 MB
[runlim] sample:		2058.34 time, 2060.02 real, 292 MB
[runlim] sample:		2068.34 time, 2070.02 real, 292 MB
[runlim] sample:		2078.34 time, 2080.02 real, 292 MB
[runlim] sample:		2088.34 time, 2090.02 real, 292 MB
[runlim] sample:		2098.34 time, 2100.02 real, 292 MB
[runlim] sample:		2108.34 time, 2110.02 real, 292 MB
[runlim] sample:		2118.34 time, 2120.02 real, 292 MB
[runlim] sample:		2128.34 time, 2130.02 real, 292 MB
[runlim] sample:		2138.34 time, 2140.02 real, 292 MB
[runlim] sample:		2148.34 time, 2150.02 real, 292 MB
[runlim] sample:		2158.34 time, 2160.02 real, 292 MB
[runlim] sample:		2168.34 time, 2170.02 real, 292 MB
[runlim] sample:		2178.34 time, 2180.02 real, 292 MB
[runlim] sample:		2188.34 time, 2190.02 real, 292 MB
[runlim] sample:		2198.34 time, 2200.02 real, 292 MB
[runlim] sample:		2208.34 time, 2210.02 real, 293 MB
[runlim] sample:		2218.34 time, 2220.02 real, 293 MB
[runlim] sample:		2228.34 time, 2230.02 real, 293 MB
[runlim] sample:		2238.34 time, 2240.02 real, 293 MB
[runlim] sample:		2248.34 time, 2250.02 real, 293 MB
[runlim] sample:		2258.33 time, 2260.02 real, 293 MB
[runlim] sample:		2268.33 time, 2270.02 real, 293 MB
[runlim] sample:		2278.33 time, 2280.02 real, 293 MB
[runlim] sample:		2288.33 time, 2290.02 real, 293 MB
[runlim] sample:		2298.34 time, 2300.02 real, 295 MB
[runlim] sample:		2308.34 time, 2310.02 real, 296 MB
[runlim] sample:		2318.34 time, 2320.02 real, 297 MB
[runlim] sample:		2328.34 time, 2330.02 real, 298 MB
[runlim] sample:		2338.34 time, 2340.02 real, 299 MB
[runlim] sample:		2348.33 time, 2350.02 real, 299 MB
[runlim] sample:		2358.34 time, 2360.02 real, 300 MB
[runlim] sample:		2368.34 time, 2370.02 real, 302 MB
[runlim] sample:		2378.34 time, 2380.02 real, 303 MB
[runlim] sample:		2388.34 time, 2390.02 real, 304 MB
[runlim] sample:		2398.34 time, 2400.02 real, 306 MB
[runlim] sample:		2408.34 time, 2410.02 real, 307 MB
[runlim] sample:		2418.34 time, 2420.02 real, 308 MB
[runlim] sample:		2428.34 time, 2430.02 real, 318 MB
[runlim] sample:		2438.34 time, 2440.02 real, 318 MB
[runlim] sample:		2448.34 time, 2450.02 real, 318 MB
[runlim] sample:		2458.34 time, 2460.02 real, 318 MB
[runlim] sample:		2468.34 time, 2470.02 real, 318 MB
[runlim] sample:		2478.34 time, 2480.02 real, 318 MB
[runlim] sample:		2488.34 time, 2490.02 real, 318 MB
[runlim] sample:		2498.34 time, 2500.02 real, 318 MB
[runlim] sample:		2508.34 time, 2510.02 real, 318 MB
[runlim] sample:		2518.34 time, 2520.02 real, 318 MB
[runlim] sample:		2528.34 time, 2530.02 real, 318 MB
[runlim] sample:		2538.34 time, 2540.02 real, 318 MB
[runlim] sample:		2548.34 time, 2550.02 real, 318 MB
[runlim] sample:		2558.34 time, 2560.02 real, 318 MB
[runlim] sample:		2568.34 time, 2570.02 real, 318 MB
[runlim] sample:		2578.34 time, 2580.02 real, 318 MB
[runlim] sample:		2588.34 time, 2590.02 real, 318 MB
[runlim] sample:		2598.34 time, 2600.02 real, 318 MB
[runlim] sample:		2608.34 time, 2610.02 real, 318 MB
[runlim] sample:		2618.34 time, 2620.02 real, 318 MB
[runlim] sample:		2628.34 time, 2630.02 real, 318 MB
[runlim] sample:		2638.34 time, 2640.02 real, 318 MB
[runlim] sample:		2648.34 time, 2650.02 real, 318 MB
[runlim] sample:		2658.34 time, 2660.02 real, 318 MB
[runlim] sample:		2668.33 time, 2670.02 real, 318 MB
[runlim] sample:		2678.33 time, 2680.02 real, 318 MB
[runlim] sample:		2688.33 time, 2690.02 real, 318 MB
[runlim] sample:		2698.34 time, 2700.02 real, 318 MB
[runlim] end:			Sat Feb 29 07:02:06 2020
[runlim] status:		out of time
[runlim] result:		2
[runlim] children:		1
[runlim] real:			2700.10 seconds
[runlim] time:			2698.34 seconds
[runlim] space:			318 MB
[runlim] samples:		27000
