[runlim] version:		1.18
[runlim] host:			c3n27
[runlim] time limit:		2700 seconds
[runlim] real time limit:	2700 seconds
[runlim] space limit:		7000 MB
[runlim] argv[0]:		./binary
[runlim] argv[1]:		/data/cnf/ankit/E1-A1-Red/driverlog11_9.qdimacs
[runlim] start:			Sat Feb 29 06:17:04 2020
[runlim] child:			12741
[runlim] sample:		8.37 time, 10.02 real, 20 MB
[runlim] sample:		18.36 time, 20.02 real, 20 MB
[runlim] sample:		28.35 time, 30.02 real, 20 MB
[runlim] sample:		38.33 time, 40.02 real, 20 MB
[runlim] sample:		48.31 time, 50.02 real, 20 MB
[runlim] sample:		58.30 time, 60.02 real, 20 MB
[runlim] sample:		68.29 time, 70.02 real, 20 MB
[runlim] sample:		78.27 time, 80.02 real, 34 MB
[runlim] sample:		88.26 time, 90.02 real, 95 MB
[runlim] sample:		98.24 time, 100.02 real, 196 MB
[runlim] sample:		108.23 time, 110.02 real, 199 MB
[runlim] sample:		118.22 time, 120.02 real, 200 MB
[runlim] sample:		128.20 time, 130.02 real, 201 MB
[runlim] sample:		138.19 time, 140.02 real, 201 MB
[runlim] sample:		148.17 time, 150.02 real, 201 MB
[runlim] sample:		158.16 time, 160.02 real, 223 MB
[runlim] sample:		168.15 time, 170.02 real, 223 MB
[runlim] sample:		178.13 time, 180.02 real, 228 MB
[runlim] sample:		188.12 time, 190.02 real, 230 MB
[runlim] sample:		198.11 time, 200.02 real, 235 MB
[runlim] sample:		208.09 time, 210.02 real, 242 MB
[runlim] sample:		218.08 time, 220.02 real, 242 MB
[runlim] sample:		228.06 time, 230.02 real, 268 MB
[runlim] sample:		238.05 time, 240.02 real, 272 MB
[runlim] sample:		248.03 time, 250.02 real, 280 MB
[runlim] sample:		258.01 time, 260.02 real, 280 MB
[runlim] sample:		268.00 time, 270.02 real, 287 MB
[runlim] sample:		277.99 time, 280.02 real, 296 MB
[runlim] sample:		287.98 time, 290.02 real, 296 MB
[runlim] sample:		297.97 time, 300.02 real, 296 MB
[runlim] sample:		307.95 time, 310.02 real, 298 MB
[runlim] sample:		317.93 time, 320.02 real, 309 MB
[runlim] sample:		327.92 time, 330.02 real, 309 MB
[runlim] sample:		337.90 time, 340.02 real, 309 MB
[runlim] sample:		347.89 time, 350.02 real, 309 MB
[runlim] sample:		357.88 time, 360.02 real, 309 MB
[runlim] sample:		367.86 time, 370.02 real, 309 MB
[runlim] sample:		377.85 time, 380.02 real, 309 MB
[runlim] sample:		387.84 time, 390.02 real, 309 MB
[runlim] sample:		397.83 time, 400.02 real, 309 MB
[runlim] sample:		407.81 time, 410.02 real, 309 MB
[runlim] sample:		417.80 time, 420.02 real, 309 MB
[runlim] sample:		427.79 time, 430.02 real, 309 MB
[runlim] sample:		437.77 time, 440.02 real, 309 MB
[runlim] sample:		447.76 time, 450.02 real, 309 MB
[runlim] sample:		457.75 time, 460.01 real, 309 MB
[runlim] sample:		467.73 time, 470.02 real, 309 MB
[runlim] sample:		477.71 time, 480.02 real, 309 MB
[runlim] sample:		487.70 time, 490.02 real, 309 MB
[runlim] sample:		497.68 time, 500.01 real, 309 MB
[runlim] sample:		507.67 time, 510.02 real, 309 MB
[runlim] sample:		517.66 time, 520.02 real, 309 MB
[runlim] sample:		527.64 time, 530.02 real, 309 MB
[runlim] sample:		537.63 time, 540.02 real, 320 MB
[runlim] sample:		547.62 time, 550.02 real, 320 MB
[runlim] sample:		557.61 time, 560.02 real, 320 MB
[runlim] sample:		567.59 time, 570.02 real, 320 MB
[runlim] sample:		577.58 time, 580.02 real, 320 MB
[runlim] sample:		587.56 time, 590.02 real, 320 MB
[runlim] sample:		597.55 time, 600.02 real, 320 MB
[runlim] sample:		607.54 time, 610.02 real, 320 MB
[runlim] sample:		617.52 time, 620.02 real, 320 MB
[runlim] sample:		627.51 time, 630.02 real, 320 MB
[runlim] sample:		637.50 time, 640.02 real, 320 MB
[runlim] sample:		647.48 time, 650.02 real, 320 MB
[runlim] sample:		657.47 time, 660.02 real, 320 MB
[runlim] sample:		667.45 time, 670.02 real, 320 MB
[runlim] sample:		677.44 time, 680.02 real, 320 MB
[runlim] sample:		687.42 time, 690.02 real, 320 MB
[runlim] sample:		697.41 time, 700.02 real, 320 MB
[runlim] sample:		707.40 time, 710.02 real, 320 MB
[runlim] sample:		717.38 time, 720.02 real, 320 MB
[runlim] sample:		727.37 time, 730.02 real, 320 MB
[runlim] sample:		737.35 time, 740.02 real, 320 MB
[runlim] sample:		747.34 time, 750.02 real, 320 MB
[runlim] sample:		757.33 time, 760.02 real, 320 MB
[runlim] sample:		767.31 time, 770.02 real, 320 MB
[runlim] sample:		777.30 time, 780.02 real, 320 MB
[runlim] sample:		787.28 time, 790.02 real, 320 MB
[runlim] sample:		797.27 time, 800.02 real, 320 MB
[runlim] sample:		807.26 time, 810.02 real, 320 MB
[runlim] sample:		817.24 time, 820.02 real, 323 MB
[runlim] sample:		827.23 time, 830.02 real, 323 MB
[runlim] sample:		837.21 time, 840.02 real, 323 MB
[runlim] sample:		847.20 time, 850.02 real, 323 MB
[runlim] sample:		857.19 time, 860.02 real, 323 MB
[runlim] sample:		867.17 time, 870.02 real, 323 MB
[runlim] sample:		877.16 time, 880.02 real, 323 MB
[runlim] sample:		887.15 time, 890.02 real, 323 MB
[runlim] sample:		897.13 time, 900.02 real, 323 MB
[runlim] sample:		907.12 time, 910.02 real, 323 MB
[runlim] sample:		917.10 time, 920.02 real, 323 MB
[runlim] sample:		927.09 time, 930.02 real, 323 MB
[runlim] sample:		937.08 time, 940.02 real, 323 MB
[runlim] sample:		947.06 time, 950.02 real, 323 MB
[runlim] sample:		957.05 time, 960.02 real, 323 MB
[runlim] sample:		967.04 time, 970.02 real, 323 MB
[runlim] sample:		977.02 time, 980.02 real, 323 MB
[runlim] sample:		987.01 time, 990.02 real, 323 MB
[runlim] sample:		996.99 time, 1000.02 real, 323 MB
[runlim] sample:		1006.98 time, 1010.02 real, 323 MB
[runlim] sample:		1016.97 time, 1020.02 real, 323 MB
[runlim] sample:		1026.95 time, 1030.02 real, 323 MB
[runlim] sample:		1036.94 time, 1040.02 real, 323 MB
[runlim] sample:		1046.93 time, 1050.01 real, 323 MB
[runlim] sample:		1056.91 time, 1060.02 real, 323 MB
[runlim] sample:		1066.90 time, 1070.02 real, 323 MB
[runlim] sample:		1076.88 time, 1080.02 real, 323 MB
[runlim] sample:		1086.87 time, 1090.02 real, 323 MB
[runlim] sample:		1096.85 time, 1100.02 real, 323 MB
[runlim] sample:		1106.84 time, 1110.02 real, 323 MB
[runlim] sample:		1116.83 time, 1120.02 real, 323 MB
[runlim] sample:		1126.81 time, 1130.02 real, 323 MB
[runlim] sample:		1136.80 time, 1140.02 real, 323 MB
[runlim] sample:		1146.78 time, 1150.01 real, 323 MB
[runlim] sample:		1156.77 time, 1160.02 real, 323 MB
[runlim] sample:		1166.76 time, 1170.02 real, 323 MB
[runlim] sample:		1176.74 time, 1180.02 real, 323 MB
[runlim] sample:		1186.73 time, 1190.02 real, 323 MB
[runlim] sample:		1196.71 time, 1200.02 real, 323 MB
[runlim] sample:		1206.71 time, 1210.02 real, 324 MB
[runlim] sample:		1216.69 time, 1220.02 real, 358 MB
[runlim] sample:		1226.68 time, 1230.02 real, 358 MB
[runlim] sample:		1236.66 time, 1240.02 real, 358 MB
[runlim] sample:		1246.65 time, 1250.02 real, 358 MB
[runlim] sample:		1256.64 time, 1260.02 real, 358 MB
[runlim] sample:		1266.62 time, 1270.02 real, 358 MB
[runlim] sample:		1276.61 time, 1280.02 real, 358 MB
[runlim] sample:		1286.59 time, 1290.02 real, 358 MB
[runlim] sample:		1296.58 time, 1300.02 real, 358 MB
[runlim] sample:		1306.56 time, 1310.02 real, 358 MB
[runlim] sample:		1316.55 time, 1320.02 real, 358 MB
[runlim] sample:		1326.54 time, 1330.02 real, 358 MB
[runlim] sample:		1336.52 time, 1340.02 real, 358 MB
[runlim] sample:		1346.51 time, 1350.02 real, 358 MB
[runlim] sample:		1356.50 time, 1360.02 real, 359 MB
[runlim] sample:		1366.48 time, 1370.02 real, 361 MB
[runlim] sample:		1376.46 time, 1380.02 real, 363 MB
[runlim] sample:		1386.46 time, 1390.02 real, 365 MB
[runlim] sample:		1396.44 time, 1400.02 real, 366 MB
[runlim] sample:		1406.43 time, 1410.02 real, 368 MB
[runlim] sample:		1416.41 time, 1420.02 real, 370 MB
[runlim] sample:		1426.40 time, 1430.02 real, 371 MB
[runlim] sample:		1436.38 time, 1440.02 real, 373 MB
[runlim] sample:		1446.37 time, 1450.02 real, 374 MB
[runlim] sample:		1456.35 time, 1460.02 real, 376 MB
[runlim] sample:		1466.34 time, 1470.02 real, 382 MB
[runlim] sample:		1476.32 time, 1480.02 real, 403 MB
[runlim] sample:		1486.31 time, 1490.02 real, 403 MB
[runlim] sample:		1496.30 time, 1500.02 real, 403 MB
[runlim] sample:		1506.28 time, 1510.01 real, 403 MB
[runlim] sample:		1516.27 time, 1520.02 real, 403 MB
[runlim] sample:		1526.26 time, 1530.02 real, 403 MB
[runlim] sample:		1536.24 time, 1540.02 real, 403 MB
[runlim] sample:		1546.23 time, 1550.02 real, 403 MB
[runlim] sample:		1556.21 time, 1560.02 real, 403 MB
[runlim] sample:		1566.20 time, 1570.02 real, 403 MB
[runlim] sample:		1576.19 time, 1580.02 real, 403 MB
[runlim] sample:		1586.17 time, 1590.01 real, 403 MB
[runlim] sample:		1596.16 time, 1600.02 real, 403 MB
[runlim] sample:		1606.15 time, 1610.01 real, 404 MB
[runlim] sample:		1616.14 time, 1620.02 real, 407 MB
[runlim] sample:		1626.12 time, 1630.02 real, 408 MB
[runlim] sample:		1636.11 time, 1640.02 real, 410 MB
[runlim] sample:		1646.09 time, 1650.02 real, 417 MB
[runlim] sample:		1656.08 time, 1660.02 real, 417 MB
[runlim] sample:		1666.07 time, 1670.02 real, 419 MB
[runlim] sample:		1676.06 time, 1680.02 real, 420 MB
[runlim] sample:		1686.04 time, 1690.02 real, 422 MB
[runlim] sample:		1696.02 time, 1700.02 real, 424 MB
[runlim] sample:		1706.01 time, 1710.02 real, 425 MB
[runlim] sample:		1715.99 time, 1720.02 real, 427 MB
[runlim] sample:		1725.99 time, 1730.02 real, 428 MB
[runlim] sample:		1735.97 time, 1740.02 real, 430 MB
[runlim] sample:		1745.95 time, 1750.02 real, 463 MB
[runlim] sample:		1755.94 time, 1760.02 real, 463 MB
[runlim] sample:		1765.92 time, 1770.02 real, 463 MB
[runlim] sample:		1775.91 time, 1780.02 real, 463 MB
[runlim] sample:		1785.90 time, 1790.02 real, 463 MB
[runlim] sample:		1795.88 time, 1800.02 real, 463 MB
[runlim] sample:		1805.87 time, 1810.02 real, 463 MB
[runlim] sample:		1815.86 time, 1820.02 real, 463 MB
[runlim] sample:		1825.84 time, 1830.02 real, 463 MB
[runlim] sample:		1835.83 time, 1840.02 real, 463 MB
[runlim] sample:		1845.82 time, 1850.02 real, 463 MB
[runlim] sample:		1855.80 time, 1860.02 real, 463 MB
[runlim] sample:		1865.79 time, 1870.02 real, 463 MB
[runlim] sample:		1875.78 time, 1880.02 real, 463 MB
[runlim] sample:		1885.76 time, 1890.02 real, 463 MB
[runlim] sample:		1895.75 time, 1900.02 real, 463 MB
[runlim] sample:		1905.74 time, 1910.02 real, 463 MB
[runlim] sample:		1915.72 time, 1920.02 real, 463 MB
[runlim] sample:		1925.71 time, 1930.02 real, 463 MB
[runlim] sample:		1935.70 time, 1940.02 real, 463 MB
[runlim] sample:		1945.68 time, 1950.02 real, 463 MB
[runlim] sample:		1955.67 time, 1960.02 real, 463 MB
[runlim] sample:		1965.66 time, 1970.02 real, 463 MB
[runlim] sample:		1975.65 time, 1980.02 real, 463 MB
[runlim] sample:		1985.63 time, 1990.02 real, 463 MB
[runlim] sample:		1995.62 time, 2000.02 real, 465 MB
[runlim] sample:		2005.60 time, 2010.02 real, 467 MB
[runlim] sample:		2015.59 time, 2020.02 real, 469 MB
[runlim] sample:		2025.58 time, 2030.02 real, 470 MB
[runlim] sample:		2035.56 time, 2040.02 real, 472 MB
[runlim] sample:		2045.55 time, 2050.02 real, 473 MB
[runlim] sample:		2055.54 time, 2060.02 real, 475 MB
[runlim] sample:		2065.52 time, 2070.02 real, 476 MB
[runlim] sample:		2075.51 time, 2080.02 real, 477 MB
[runlim] sample:		2085.49 time, 2090.02 real, 479 MB
[runlim] sample:		2095.48 time, 2100.02 real, 480 MB
[runlim] sample:		2105.47 time, 2110.02 real, 481 MB
[runlim] sample:		2115.46 time, 2120.02 real, 483 MB
[runlim] sample:		2125.44 time, 2130.02 real, 484 MB
[runlim] sample:		2135.42 time, 2140.02 real, 485 MB
[runlim] sample:		2145.41 time, 2150.02 real, 486 MB
[runlim] sample:		2155.40 time, 2160.02 real, 487 MB
[runlim] sample:		2165.38 time, 2170.02 real, 489 MB
[runlim] sample:		2175.37 time, 2180.02 real, 490 MB
[runlim] sample:		2185.36 time, 2190.02 real, 491 MB
[runlim] sample:		2195.34 time, 2200.02 real, 492 MB
[runlim] sample:		2205.33 time, 2210.02 real, 493 MB
[runlim] sample:		2215.32 time, 2220.02 real, 494 MB
[runlim] sample:		2225.30 time, 2230.02 real, 495 MB
[runlim] sample:		2235.29 time, 2240.02 real, 496 MB
[runlim] sample:		2245.27 time, 2250.02 real, 498 MB
[runlim] sample:		2255.26 time, 2260.02 real, 499 MB
[runlim] sample:		2265.25 time, 2270.02 real, 500 MB
[runlim] sample:		2275.23 time, 2280.02 real, 501 MB
[runlim] sample:		2285.22 time, 2290.02 real, 502 MB
[runlim] sample:		2295.21 time, 2300.02 real, 503 MB
[runlim] sample:		2305.19 time, 2310.02 real, 504 MB
[runlim] sample:		2315.18 time, 2320.02 real, 505 MB
[runlim] sample:		2325.17 time, 2330.02 real, 506 MB
[runlim] sample:		2335.16 time, 2340.02 real, 508 MB
[runlim] sample:		2345.14 time, 2350.02 real, 509 MB
[runlim] sample:		2355.13 time, 2360.02 real, 510 MB
[runlim] sample:		2365.11 time, 2370.02 real, 511 MB
[runlim] sample:		2375.10 time, 2380.02 real, 512 MB
[runlim] sample:		2385.09 time, 2390.02 real, 513 MB
[runlim] sample:		2395.08 time, 2400.02 real, 514 MB
[runlim] sample:		2405.06 time, 2410.02 real, 515 MB
[runlim] sample:		2415.05 time, 2420.02 real, 516 MB
[runlim] sample:		2425.04 time, 2430.02 real, 591 MB
[runlim] sample:		2435.02 time, 2440.02 real, 581 MB
[runlim] sample:		2445.01 time, 2450.02 real, 581 MB
[runlim] sample:		2455.00 time, 2460.02 real, 581 MB
[runlim] sample:		2464.98 time, 2470.02 real, 581 MB
[runlim] sample:		2474.97 time, 2480.02 real, 581 MB
[runlim] sample:		2484.96 time, 2490.02 real, 581 MB
[runlim] sample:		2494.94 time, 2500.02 real, 581 MB
[runlim] sample:		2504.93 time, 2510.02 real, 581 MB
[runlim] sample:		2514.92 time, 2520.02 real, 581 MB
[runlim] sample:		2524.91 time, 2530.02 real, 581 MB
[runlim] sample:		2534.90 time, 2540.02 real, 581 MB
[runlim] sample:		2544.88 time, 2550.02 real, 581 MB
[runlim] sample:		2554.87 time, 2560.02 real, 581 MB
[runlim] sample:		2564.86 time, 2570.02 real, 581 MB
[runlim] sample:		2574.85 time, 2580.02 real, 581 MB
[runlim] sample:		2584.83 time, 2590.02 real, 581 MB
[runlim] sample:		2594.82 time, 2600.02 real, 581 MB
[runlim] sample:		2604.82 time, 2610.02 real, 581 MB
[runlim] sample:		2614.82 time, 2620.02 real, 581 MB
[runlim] sample:		2624.82 time, 2630.02 real, 581 MB
[runlim] sample:		2634.82 time, 2640.02 real, 581 MB
[runlim] sample:		2644.82 time, 2650.02 real, 581 MB
[runlim] sample:		2654.82 time, 2660.02 real, 581 MB
[runlim] sample:		2664.82 time, 2670.02 real, 581 MB
[runlim] sample:		2674.82 time, 2680.02 real, 581 MB
[runlim] sample:		2684.82 time, 2690.02 real, 581 MB
[runlim] sample:		2694.82 time, 2700.01 real, 581 MB
[runlim] end:			Sat Feb 29 07:02:04 2020
[runlim] status:		out of time
[runlim] result:		2
[runlim] children:		1
[runlim] real:			2700.10 seconds
[runlim] time:			2694.82 seconds
[runlim] space:			591 MB
[runlim] samples:		27000
