[runlim] version:		1.18
[runlim] host:			c3n26
[runlim] time limit:		2700 seconds
[runlim] real time limit:	2700 seconds
[runlim] space limit:		7000 MB
[runlim] argv[0]:		./binary
[runlim] argv[1]:		/data/cnf/ankit/E1-A1-Red/driverlog05_7.qdimacs
[runlim] start:			Sat Feb 29 06:17:04 2020
[runlim] child:			13534
[runlim] sample:		8.85 time, 10.02 real, 65 MB
[runlim] sample:		18.85 time, 20.02 real, 79 MB
[runlim] sample:		28.85 time, 30.02 real, 95 MB
[runlim] sample:		38.85 time, 40.02 real, 106 MB
[runlim] sample:		48.85 time, 50.02 real, 116 MB
[runlim] sample:		58.85 time, 60.02 real, 116 MB
[runlim] sample:		68.85 time, 70.02 real, 116 MB
[runlim] sample:		78.85 time, 80.02 real, 116 MB
[runlim] sample:		88.85 time, 90.02 real, 116 MB
[runlim] sample:		98.85 time, 100.02 real, 116 MB
[runlim] sample:		108.85 time, 110.02 real, 116 MB
[runlim] sample:		118.85 time, 120.02 real, 116 MB
[runlim] sample:		128.85 time, 130.02 real, 118 MB
[runlim] sample:		138.85 time, 140.02 real, 120 MB
[runlim] sample:		148.84 time, 150.02 real, 122 MB
[runlim] sample:		158.85 time, 160.02 real, 123 MB
[runlim] sample:		168.85 time, 170.02 real, 125 MB
[runlim] sample:		178.85 time, 180.02 real, 127 MB
[runlim] sample:		188.85 time, 190.02 real, 129 MB
[runlim] sample:		198.85 time, 200.02 real, 142 MB
[runlim] sample:		208.85 time, 210.02 real, 142 MB
[runlim] sample:		218.85 time, 220.02 real, 144 MB
[runlim] sample:		228.85 time, 230.02 real, 147 MB
[runlim] sample:		238.85 time, 240.02 real, 150 MB
[runlim] sample:		248.85 time, 250.02 real, 159 MB
[runlim] sample:		258.85 time, 260.02 real, 159 MB
[runlim] sample:		268.85 time, 270.02 real, 159 MB
[runlim] sample:		278.85 time, 280.02 real, 159 MB
[runlim] sample:		288.85 time, 290.02 real, 161 MB
[runlim] sample:		298.84 time, 300.02 real, 163 MB
[runlim] sample:		308.85 time, 310.02 real, 166 MB
[runlim] sample:		318.85 time, 320.02 real, 168 MB
[runlim] sample:		328.85 time, 330.02 real, 172 MB
[runlim] sample:		338.85 time, 340.02 real, 172 MB
[runlim] sample:		348.85 time, 350.02 real, 172 MB
[runlim] sample:		358.85 time, 360.02 real, 172 MB
[runlim] sample:		368.85 time, 370.02 real, 172 MB
[runlim] sample:		378.85 time, 380.02 real, 172 MB
[runlim] sample:		388.85 time, 390.02 real, 172 MB
[runlim] sample:		398.85 time, 400.02 real, 172 MB
[runlim] sample:		408.85 time, 410.02 real, 172 MB
[runlim] sample:		418.85 time, 420.02 real, 172 MB
[runlim] sample:		428.85 time, 430.02 real, 172 MB
[runlim] sample:		438.85 time, 440.02 real, 172 MB
[runlim] sample:		448.85 time, 450.02 real, 172 MB
[runlim] sample:		458.85 time, 460.02 real, 172 MB
[runlim] sample:		468.85 time, 470.02 real, 172 MB
[runlim] sample:		478.85 time, 480.02 real, 172 MB
[runlim] sample:		488.85 time, 490.02 real, 172 MB
[runlim] sample:		498.85 time, 500.02 real, 172 MB
[runlim] sample:		508.85 time, 510.02 real, 172 MB
[runlim] sample:		518.85 time, 520.02 real, 172 MB
[runlim] sample:		528.85 time, 530.02 real, 172 MB
[runlim] sample:		538.85 time, 540.02 real, 172 MB
[runlim] sample:		548.85 time, 550.02 real, 172 MB
[runlim] sample:		558.85 time, 560.02 real, 172 MB
[runlim] sample:		568.85 time, 570.02 real, 172 MB
[runlim] sample:		578.85 time, 580.02 real, 172 MB
[runlim] sample:		588.85 time, 590.02 real, 172 MB
[runlim] sample:		598.85 time, 600.02 real, 174 MB
[runlim] sample:		608.85 time, 610.02 real, 175 MB
[runlim] sample:		618.85 time, 620.02 real, 179 MB
[runlim] sample:		628.85 time, 630.02 real, 179 MB
[runlim] sample:		638.84 time, 640.02 real, 180 MB
[runlim] sample:		648.84 time, 650.02 real, 181 MB
[runlim] sample:		658.84 time, 660.02 real, 186 MB
[runlim] sample:		668.84 time, 670.02 real, 186 MB
[runlim] sample:		678.84 time, 680.02 real, 186 MB
[runlim] sample:		688.84 time, 690.02 real, 186 MB
[runlim] sample:		698.84 time, 700.02 real, 186 MB
[runlim] sample:		708.84 time, 710.02 real, 186 MB
[runlim] sample:		718.84 time, 720.02 real, 186 MB
[runlim] sample:		728.84 time, 730.02 real, 186 MB
[runlim] sample:		738.84 time, 740.02 real, 186 MB
[runlim] sample:		748.84 time, 750.02 real, 186 MB
[runlim] sample:		758.84 time, 760.02 real, 186 MB
[runlim] sample:		768.84 time, 770.02 real, 186 MB
[runlim] sample:		778.84 time, 780.02 real, 186 MB
[runlim] sample:		788.84 time, 790.02 real, 186 MB
[runlim] sample:		798.84 time, 800.02 real, 186 MB
[runlim] sample:		808.84 time, 810.02 real, 186 MB
[runlim] sample:		818.84 time, 820.02 real, 186 MB
[runlim] sample:		828.84 time, 830.02 real, 186 MB
[runlim] sample:		838.84 time, 840.02 real, 186 MB
[runlim] sample:		848.84 time, 850.02 real, 186 MB
[runlim] sample:		858.84 time, 860.02 real, 186 MB
[runlim] sample:		868.84 time, 870.02 real, 186 MB
[runlim] sample:		878.84 time, 880.02 real, 186 MB
[runlim] sample:		888.84 time, 890.02 real, 186 MB
[runlim] sample:		898.84 time, 900.02 real, 186 MB
[runlim] sample:		908.84 time, 910.02 real, 186 MB
[runlim] sample:		918.84 time, 920.02 real, 186 MB
[runlim] sample:		928.84 time, 930.02 real, 186 MB
[runlim] sample:		938.84 time, 940.02 real, 186 MB
[runlim] sample:		948.84 time, 950.02 real, 186 MB
[runlim] sample:		958.84 time, 960.02 real, 186 MB
[runlim] sample:		968.84 time, 970.02 real, 186 MB
[runlim] sample:		978.84 time, 980.02 real, 186 MB
[runlim] sample:		988.84 time, 990.02 real, 186 MB
[runlim] sample:		998.84 time, 1000.02 real, 186 MB
[runlim] sample:		1008.84 time, 1010.02 real, 186 MB
[runlim] sample:		1018.84 time, 1020.02 real, 186 MB
[runlim] sample:		1028.84 time, 1030.02 real, 186 MB
[runlim] sample:		1038.84 time, 1040.02 real, 186 MB
[runlim] sample:		1048.84 time, 1050.02 real, 186 MB
[runlim] sample:		1058.84 time, 1060.02 real, 186 MB
[runlim] sample:		1068.84 time, 1070.02 real, 187 MB
[runlim] sample:		1078.85 time, 1080.02 real, 188 MB
[runlim] sample:		1088.85 time, 1090.02 real, 189 MB
[runlim] sample:		1098.85 time, 1100.02 real, 190 MB
[runlim] sample:		1108.85 time, 1110.02 real, 191 MB
[runlim] sample:		1118.84 time, 1120.02 real, 192 MB
[runlim] sample:		1128.84 time, 1130.02 real, 193 MB
[runlim] sample:		1138.84 time, 1140.02 real, 194 MB
[runlim] sample:		1148.85 time, 1150.02 real, 214 MB
[runlim] sample:		1158.85 time, 1160.02 real, 214 MB
[runlim] sample:		1168.85 time, 1170.02 real, 214 MB
[runlim] sample:		1178.85 time, 1180.02 real, 214 MB
[runlim] sample:		1188.85 time, 1190.02 real, 214 MB
[runlim] sample:		1198.85 time, 1200.02 real, 214 MB
[runlim] sample:		1208.85 time, 1210.02 real, 214 MB
[runlim] sample:		1218.85 time, 1220.02 real, 214 MB
[runlim] sample:		1228.85 time, 1230.02 real, 214 MB
[runlim] sample:		1238.85 time, 1240.02 real, 214 MB
[runlim] sample:		1248.85 time, 1250.02 real, 214 MB
[runlim] sample:		1258.85 time, 1260.02 real, 214 MB
[runlim] sample:		1268.85 time, 1270.02 real, 214 MB
[runlim] sample:		1278.85 time, 1280.02 real, 214 MB
[runlim] sample:		1288.85 time, 1290.02 real, 214 MB
[runlim] sample:		1298.85 time, 1300.02 real, 216 MB
[runlim] sample:		1308.84 time, 1310.02 real, 218 MB
[runlim] sample:		1318.85 time, 1320.02 real, 237 MB
[runlim] sample:		1328.85 time, 1330.02 real, 237 MB
[runlim] sample:		1338.85 time, 1340.02 real, 237 MB
[runlim] sample:		1348.85 time, 1350.02 real, 237 MB
[runlim] sample:		1358.85 time, 1360.02 real, 237 MB
[runlim] sample:		1368.85 time, 1370.02 real, 237 MB
[runlim] sample:		1378.85 time, 1380.02 real, 237 MB
[runlim] sample:		1388.85 time, 1390.02 real, 237 MB
[runlim] sample:		1398.85 time, 1400.02 real, 237 MB
[runlim] sample:		1408.85 time, 1410.02 real, 237 MB
[runlim] sample:		1418.85 time, 1420.02 real, 237 MB
[runlim] sample:		1428.85 time, 1430.02 real, 240 MB
[runlim] sample:		1438.85 time, 1440.02 real, 242 MB
[runlim] sample:		1448.85 time, 1450.02 real, 245 MB
[runlim] sample:		1458.85 time, 1460.02 real, 247 MB
[runlim] sample:		1468.85 time, 1470.02 real, 249 MB
[runlim] sample:		1478.84 time, 1480.02 real, 252 MB
[runlim] sample:		1488.84 time, 1490.02 real, 281 MB
[runlim] sample:		1498.84 time, 1500.02 real, 281 MB
[runlim] sample:		1508.84 time, 1510.02 real, 281 MB
[runlim] sample:		1518.84 time, 1520.02 real, 281 MB
[runlim] sample:		1528.84 time, 1530.02 real, 281 MB
[runlim] sample:		1538.84 time, 1540.02 real, 281 MB
[runlim] sample:		1548.84 time, 1550.02 real, 281 MB
[runlim] sample:		1558.84 time, 1560.02 real, 281 MB
[runlim] sample:		1568.84 time, 1570.02 real, 281 MB
[runlim] sample:		1578.84 time, 1580.02 real, 281 MB
[runlim] sample:		1588.84 time, 1590.02 real, 281 MB
[runlim] sample:		1598.84 time, 1600.02 real, 281 MB
[runlim] sample:		1608.85 time, 1610.02 real, 282 MB
[runlim] sample:		1618.84 time, 1620.02 real, 283 MB
[runlim] sample:		1628.84 time, 1630.02 real, 285 MB
[runlim] sample:		1638.84 time, 1640.02 real, 288 MB
[runlim] sample:		1648.84 time, 1650.02 real, 290 MB
[runlim] sample:		1658.84 time, 1660.02 real, 292 MB
[runlim] sample:		1668.85 time, 1670.02 real, 294 MB
[runlim] sample:		1678.85 time, 1680.02 real, 295 MB
[runlim] sample:		1688.84 time, 1690.02 real, 297 MB
[runlim] sample:		1698.84 time, 1700.02 real, 299 MB
[runlim] sample:		1708.84 time, 1710.02 real, 302 MB
[runlim] sample:		1718.84 time, 1720.02 real, 303 MB
[runlim] sample:		1728.84 time, 1730.02 real, 305 MB
[runlim] sample:		1738.85 time, 1740.02 real, 307 MB
[runlim] sample:		1748.85 time, 1750.02 real, 308 MB
[runlim] sample:		1758.84 time, 1760.02 real, 311 MB
[runlim] sample:		1768.84 time, 1770.02 real, 312 MB
[runlim] sample:		1778.84 time, 1780.02 real, 314 MB
[runlim] sample:		1788.84 time, 1790.02 real, 315 MB
[runlim] sample:		1798.84 time, 1800.02 real, 317 MB
[runlim] sample:		1808.84 time, 1810.02 real, 318 MB
[runlim] sample:		1818.84 time, 1820.02 real, 320 MB
[runlim] sample:		1828.84 time, 1830.02 real, 321 MB
[runlim] sample:		1838.84 time, 1840.02 real, 322 MB
[runlim] sample:		1848.84 time, 1850.02 real, 324 MB
[runlim] sample:		1858.84 time, 1860.02 real, 325 MB
[runlim] sample:		1868.84 time, 1870.02 real, 326 MB
[runlim] sample:		1878.84 time, 1880.02 real, 327 MB
[runlim] sample:		1888.84 time, 1890.02 real, 329 MB
[runlim] sample:		1898.84 time, 1900.02 real, 336 MB
[runlim] sample:		1908.84 time, 1910.02 real, 336 MB
[runlim] sample:		1918.84 time, 1920.02 real, 337 MB
[runlim] sample:		1928.84 time, 1930.02 real, 371 MB
[runlim] sample:		1938.84 time, 1940.02 real, 371 MB
[runlim] sample:		1948.84 time, 1950.02 real, 371 MB
[runlim] sample:		1958.84 time, 1960.02 real, 371 MB
[runlim] sample:		1968.84 time, 1970.02 real, 371 MB
[runlim] sample:		1978.84 time, 1980.02 real, 371 MB
[runlim] sample:		1988.84 time, 1990.02 real, 371 MB
[runlim] sample:		1998.84 time, 2000.02 real, 371 MB
[runlim] sample:		2008.84 time, 2010.02 real, 371 MB
[runlim] sample:		2018.84 time, 2020.02 real, 371 MB
[runlim] sample:		2028.84 time, 2030.02 real, 371 MB
[runlim] sample:		2038.84 time, 2040.02 real, 371 MB
[runlim] sample:		2048.84 time, 2050.02 real, 371 MB
[runlim] sample:		2058.84 time, 2060.02 real, 371 MB
[runlim] sample:		2068.84 time, 2070.02 real, 371 MB
[runlim] sample:		2078.84 time, 2080.02 real, 371 MB
[runlim] sample:		2088.84 time, 2090.02 real, 371 MB
[runlim] sample:		2098.84 time, 2100.02 real, 371 MB
[runlim] sample:		2108.84 time, 2110.02 real, 371 MB
[runlim] sample:		2118.84 time, 2120.02 real, 371 MB
[runlim] sample:		2128.84 time, 2130.02 real, 371 MB
[runlim] sample:		2138.84 time, 2140.02 real, 371 MB
[runlim] sample:		2148.84 time, 2150.02 real, 371 MB
[runlim] sample:		2158.84 time, 2160.02 real, 371 MB
[runlim] sample:		2168.84 time, 2170.02 real, 371 MB
[runlim] sample:		2178.84 time, 2180.02 real, 371 MB
[runlim] sample:		2188.84 time, 2190.02 real, 371 MB
[runlim] sample:		2198.84 time, 2200.02 real, 371 MB
[runlim] sample:		2208.84 time, 2210.02 real, 371 MB
[runlim] sample:		2218.84 time, 2220.02 real, 371 MB
[runlim] sample:		2228.84 time, 2230.02 real, 371 MB
[runlim] sample:		2238.84 time, 2240.02 real, 372 MB
[runlim] sample:		2248.84 time, 2250.02 real, 373 MB
[runlim] sample:		2258.84 time, 2260.02 real, 375 MB
[runlim] sample:		2268.84 time, 2270.02 real, 376 MB
[runlim] sample:		2278.84 time, 2280.02 real, 378 MB
[runlim] sample:		2288.84 time, 2290.02 real, 379 MB
[runlim] sample:		2298.84 time, 2300.02 real, 380 MB
[runlim] sample:		2308.84 time, 2310.02 real, 382 MB
[runlim] sample:		2318.84 time, 2320.02 real, 383 MB
[runlim] sample:		2328.84 time, 2330.02 real, 384 MB
[runlim] sample:		2338.84 time, 2340.02 real, 386 MB
[runlim] sample:		2348.84 time, 2350.02 real, 387 MB
[runlim] sample:		2358.83 time, 2360.02 real, 388 MB
[runlim] sample:		2368.83 time, 2370.02 real, 390 MB
[runlim] sample:		2378.83 time, 2380.02 real, 391 MB
[runlim] sample:		2388.83 time, 2390.02 real, 392 MB
[runlim] sample:		2398.84 time, 2400.02 real, 394 MB
[runlim] sample:		2408.84 time, 2410.02 real, 395 MB
[runlim] sample:		2418.84 time, 2420.02 real, 396 MB
[runlim] sample:		2428.84 time, 2430.02 real, 397 MB
[runlim] sample:		2438.84 time, 2440.02 real, 398 MB
[runlim] sample:		2448.83 time, 2450.02 real, 400 MB
[runlim] sample:		2458.83 time, 2460.02 real, 401 MB
[runlim] sample:		2468.83 time, 2470.02 real, 402 MB
[runlim] sample:		2478.83 time, 2480.02 real, 403 MB
[runlim] sample:		2488.83 time, 2490.02 real, 404 MB
[runlim] sample:		2498.83 time, 2500.02 real, 405 MB
[runlim] sample:		2508.83 time, 2510.02 real, 407 MB
[runlim] sample:		2518.83 time, 2520.02 real, 408 MB
[runlim] sample:		2528.83 time, 2530.02 real, 409 MB
[runlim] sample:		2538.84 time, 2540.02 real, 410 MB
[runlim] sample:		2548.84 time, 2550.02 real, 411 MB
[runlim] sample:		2558.83 time, 2560.02 real, 412 MB
[runlim] sample:		2568.83 time, 2570.02 real, 413 MB
[runlim] sample:		2578.83 time, 2580.02 real, 415 MB
[runlim] sample:		2588.83 time, 2590.02 real, 416 MB
[runlim] sample:		2598.84 time, 2600.02 real, 417 MB
[runlim] sample:		2608.84 time, 2610.02 real, 418 MB
[runlim] sample:		2618.83 time, 2620.02 real, 419 MB
[runlim] sample:		2628.83 time, 2630.02 real, 420 MB
[runlim] sample:		2638.83 time, 2640.02 real, 421 MB
[runlim] sample:		2648.84 time, 2650.02 real, 422 MB
[runlim] sample:		2658.83 time, 2660.02 real, 423 MB
[runlim] sample:		2668.83 time, 2670.02 real, 425 MB
[runlim] sample:		2678.83 time, 2680.02 real, 426 MB
[runlim] sample:		2688.83 time, 2690.02 real, 427 MB
[runlim] sample:		2698.83 time, 2700.02 real, 428 MB
[runlim] end:			Sat Feb 29 07:02:04 2020
[runlim] status:		out of time
[runlim] result:		2
[runlim] children:		1
[runlim] real:			2700.12 seconds
[runlim] time:			2698.83 seconds
[runlim] space:			428 MB
[runlim] samples:		27000
