[runlim] version:		1.18
[runlim] host:			c3n28
[runlim] time limit:		2700 seconds
[runlim] real time limit:	2700 seconds
[runlim] space limit:		7000 MB
[runlim] argv[0]:		./binary
[runlim] argv[1]:		/data/cnf/ankit/E1-A1-Red/dungeon_i25-m12-u5-v0.pddl_planlen=198.dqbf
[runlim] start:			Sat Feb 29 06:17:04 2020
[runlim] child:			10626
[runlim] sample:		8.71 time, 10.02 real, 435 MB
[runlim] sample:		18.71 time, 20.02 real, 388 MB
[runlim] sample:		28.70 time, 30.02 real, 388 MB
[runlim] sample:		38.71 time, 40.02 real, 397 MB
[runlim] sample:		48.71 time, 50.02 real, 397 MB
[runlim] sample:		58.70 time, 60.02 real, 397 MB
[runlim] sample:		68.71 time, 70.02 real, 397 MB
[runlim] sample:		78.71 time, 80.02 real, 397 MB
[runlim] sample:		88.71 time, 90.02 real, 397 MB
[runlim] sample:		98.70 time, 100.02 real, 397 MB
[runlim] sample:		108.70 time, 110.02 real, 397 MB
[runlim] sample:		118.70 time, 120.02 real, 397 MB
[runlim] sample:		128.70 time, 130.02 real, 530 MB
[runlim] sample:		138.71 time, 140.02 real, 621 MB
[runlim] sample:		148.70 time, 150.02 real, 1052 MB
[runlim] sample:		158.70 time, 160.02 real, 1319 MB
[runlim] sample:		168.70 time, 170.02 real, 1511 MB
[runlim] sample:		178.71 time, 180.02 real, 1529 MB
[runlim] sample:		188.71 time, 190.02 real, 1538 MB
[runlim] sample:		198.71 time, 200.02 real, 1544 MB
[runlim] sample:		208.70 time, 210.02 real, 1546 MB
[runlim] sample:		218.71 time, 220.02 real, 1548 MB
[runlim] sample:		228.71 time, 230.02 real, 1550 MB
[runlim] sample:		238.70 time, 240.02 real, 1552 MB
[runlim] sample:		248.70 time, 250.02 real, 1554 MB
[runlim] sample:		258.70 time, 260.02 real, 1555 MB
[runlim] sample:		268.71 time, 270.02 real, 1557 MB
[runlim] sample:		278.71 time, 280.02 real, 1559 MB
[runlim] sample:		288.71 time, 290.02 real, 1560 MB
[runlim] sample:		298.70 time, 300.02 real, 1562 MB
[runlim] sample:		308.71 time, 310.02 real, 1563 MB
[runlim] sample:		318.71 time, 320.02 real, 1565 MB
[runlim] sample:		328.71 time, 330.02 real, 1566 MB
[runlim] sample:		338.71 time, 340.02 real, 1567 MB
[runlim] sample:		348.70 time, 350.02 real, 1569 MB
[runlim] sample:		358.70 time, 360.02 real, 1570 MB
[runlim] sample:		368.70 time, 370.02 real, 1571 MB
[runlim] sample:		378.71 time, 380.02 real, 1573 MB
[runlim] sample:		388.70 time, 390.02 real, 1574 MB
[runlim] sample:		398.70 time, 400.02 real, 1575 MB
[runlim] sample:		408.71 time, 410.02 real, 1576 MB
[runlim] sample:		418.70 time, 420.02 real, 1577 MB
[runlim] sample:		428.70 time, 430.02 real, 1579 MB
[runlim] sample:		438.70 time, 440.02 real, 1580 MB
[runlim] sample:		448.71 time, 450.02 real, 1581 MB
[runlim] sample:		458.70 time, 460.02 real, 1582 MB
[runlim] sample:		468.70 time, 470.02 real, 1583 MB
[runlim] sample:		478.70 time, 480.02 real, 1584 MB
[runlim] sample:		488.71 time, 490.02 real, 1585 MB
[runlim] sample:		498.70 time, 500.02 real, 1586 MB
[runlim] sample:		508.70 time, 510.02 real, 1587 MB
[runlim] sample:		518.70 time, 520.02 real, 1588 MB
[runlim] sample:		528.71 time, 530.02 real, 1589 MB
[runlim] sample:		538.70 time, 540.02 real, 1590 MB
[runlim] sample:		548.70 time, 550.02 real, 1591 MB
[runlim] sample:		558.70 time, 560.02 real, 1592 MB
[runlim] sample:		568.70 time, 570.02 real, 1593 MB
[runlim] sample:		578.70 time, 580.02 real, 1594 MB
[runlim] sample:		588.71 time, 590.02 real, 1595 MB
[runlim] sample:		598.70 time, 600.02 real, 1596 MB
[runlim] sample:		608.70 time, 610.02 real, 1597 MB
[runlim] sample:		618.70 time, 620.02 real, 1598 MB
[runlim] sample:		628.71 time, 630.02 real, 1599 MB
[runlim] sample:		638.70 time, 640.02 real, 1600 MB
[runlim] sample:		648.71 time, 650.02 real, 1601 MB
[runlim] sample:		658.70 time, 660.02 real, 1602 MB
[runlim] sample:		668.71 time, 670.02 real, 1603 MB
[runlim] sample:		678.71 time, 680.02 real, 1603 MB
[runlim] sample:		688.71 time, 690.02 real, 1604 MB
[runlim] sample:		698.71 time, 700.02 real, 1605 MB
[runlim] sample:		708.71 time, 710.02 real, 1606 MB
[runlim] sample:		718.71 time, 720.02 real, 1607 MB
[runlim] sample:		728.70 time, 730.02 real, 1608 MB
[runlim] sample:		738.71 time, 740.02 real, 1609 MB
[runlim] sample:		748.71 time, 750.02 real, 1609 MB
[runlim] sample:		758.70 time, 760.02 real, 1610 MB
[runlim] sample:		768.70 time, 770.02 real, 1611 MB
[runlim] sample:		778.70 time, 780.02 real, 1612 MB
[runlim] sample:		788.70 time, 790.02 real, 1613 MB
[runlim] sample:		798.70 time, 800.02 real, 1614 MB
[runlim] sample:		808.70 time, 810.02 real, 1614 MB
[runlim] sample:		818.70 time, 820.02 real, 1615 MB
[runlim] sample:		828.70 time, 830.02 real, 1616 MB
[runlim] sample:		838.70 time, 840.02 real, 1617 MB
[runlim] sample:		848.70 time, 850.02 real, 1617 MB
[runlim] sample:		858.70 time, 860.02 real, 1618 MB
[runlim] sample:		868.70 time, 870.02 real, 1619 MB
[runlim] sample:		878.70 time, 880.02 real, 1620 MB
[runlim] sample:		888.70 time, 890.02 real, 1620 MB
[runlim] sample:		898.70 time, 900.02 real, 1621 MB
[runlim] sample:		908.70 time, 910.02 real, 1622 MB
[runlim] sample:		918.70 time, 920.02 real, 1623 MB
[runlim] sample:		928.70 time, 930.02 real, 1623 MB
[runlim] sample:		938.70 time, 940.02 real, 1624 MB
[runlim] sample:		948.70 time, 950.02 real, 1625 MB
[runlim] sample:		958.70 time, 960.02 real, 1626 MB
[runlim] sample:		968.70 time, 970.02 real, 1626 MB
[runlim] sample:		978.70 time, 980.02 real, 1627 MB
[runlim] sample:		988.70 time, 990.02 real, 1628 MB
[runlim] sample:		998.70 time, 1000.02 real, 1628 MB
[runlim] sample:		1008.70 time, 1010.02 real, 1629 MB
[runlim] sample:		1018.70 time, 1020.02 real, 1630 MB
[runlim] sample:		1028.70 time, 1030.02 real, 1631 MB
[runlim] sample:		1038.70 time, 1040.02 real, 1631 MB
[runlim] sample:		1048.70 time, 1050.02 real, 1632 MB
[runlim] sample:		1058.70 time, 1060.02 real, 1633 MB
[runlim] sample:		1068.70 time, 1070.02 real, 1633 MB
[runlim] sample:		1078.70 time, 1080.02 real, 1634 MB
[runlim] sample:		1088.70 time, 1090.02 real, 1635 MB
[runlim] sample:		1098.70 time, 1100.02 real, 1635 MB
[runlim] sample:		1108.70 time, 1110.02 real, 1636 MB
[runlim] sample:		1118.70 time, 1120.02 real, 1637 MB
[runlim] sample:		1128.70 time, 1130.02 real, 1637 MB
[runlim] sample:		1138.70 time, 1140.02 real, 1638 MB
[runlim] sample:		1148.70 time, 1150.02 real, 1639 MB
[runlim] sample:		1158.70 time, 1160.02 real, 1639 MB
[runlim] sample:		1168.70 time, 1170.02 real, 1640 MB
[runlim] sample:		1178.70 time, 1180.02 real, 1641 MB
[runlim] sample:		1188.70 time, 1190.02 real, 1641 MB
[runlim] sample:		1198.70 time, 1200.02 real, 1642 MB
[runlim] sample:		1208.70 time, 1210.02 real, 1643 MB
[runlim] sample:		1218.70 time, 1220.02 real, 1643 MB
[runlim] sample:		1228.70 time, 1230.02 real, 1644 MB
[runlim] sample:		1238.70 time, 1240.02 real, 1644 MB
[runlim] sample:		1248.70 time, 1250.02 real, 1645 MB
[runlim] sample:		1258.70 time, 1260.02 real, 1646 MB
[runlim] sample:		1268.70 time, 1270.02 real, 1646 MB
[runlim] sample:		1278.70 time, 1280.02 real, 1647 MB
[runlim] sample:		1288.70 time, 1290.02 real, 1647 MB
[runlim] sample:		1298.70 time, 1300.02 real, 1648 MB
[runlim] sample:		1308.70 time, 1310.02 real, 1649 MB
[runlim] sample:		1318.70 time, 1320.02 real, 1649 MB
[runlim] sample:		1328.70 time, 1330.02 real, 1650 MB
[runlim] sample:		1338.70 time, 1340.02 real, 1650 MB
[runlim] sample:		1348.70 time, 1350.02 real, 1651 MB
[runlim] sample:		1358.70 time, 1360.02 real, 1652 MB
[runlim] sample:		1368.69 time, 1370.02 real, 1652 MB
[runlim] sample:		1378.69 time, 1380.02 real, 1653 MB
[runlim] sample:		1388.69 time, 1390.02 real, 1653 MB
[runlim] sample:		1398.70 time, 1400.02 real, 1654 MB
[runlim] sample:		1408.70 time, 1410.02 real, 1655 MB
[runlim] sample:		1418.70 time, 1420.02 real, 1655 MB
[runlim] sample:		1428.70 time, 1430.02 real, 1656 MB
[runlim] sample:		1438.70 time, 1440.02 real, 1656 MB
[runlim] sample:		1448.69 time, 1450.02 real, 1657 MB
[runlim] sample:		1458.70 time, 1460.02 real, 1657 MB
[runlim] sample:		1468.70 time, 1470.02 real, 1658 MB
[runlim] sample:		1478.70 time, 1480.02 real, 1659 MB
[runlim] sample:		1488.69 time, 1490.02 real, 1659 MB
[runlim] sample:		1498.69 time, 1500.02 real, 1660 MB
[runlim] sample:		1508.69 time, 1510.02 real, 1660 MB
[runlim] sample:		1518.69 time, 1520.02 real, 1661 MB
[runlim] sample:		1528.70 time, 1530.02 real, 1661 MB
[runlim] sample:		1538.70 time, 1540.02 real, 1662 MB
[runlim] sample:		1548.70 time, 1550.02 real, 1663 MB
[runlim] sample:		1558.70 time, 1560.02 real, 1663 MB
[runlim] sample:		1568.70 time, 1570.02 real, 1664 MB
[runlim] sample:		1578.70 time, 1580.02 real, 1664 MB
[runlim] sample:		1588.70 time, 1590.02 real, 1665 MB
[runlim] sample:		1598.70 time, 1600.02 real, 1665 MB
[runlim] sample:		1608.69 time, 1610.02 real, 1666 MB
[runlim] sample:		1618.70 time, 1620.02 real, 1666 MB
[runlim] sample:		1628.70 time, 1630.02 real, 1667 MB
[runlim] sample:		1638.69 time, 1640.02 real, 1667 MB
[runlim] sample:		1648.69 time, 1650.02 real, 1668 MB
[runlim] sample:		1658.69 time, 1660.02 real, 1669 MB
[runlim] sample:		1668.70 time, 1670.02 real, 1669 MB
[runlim] sample:		1678.70 time, 1680.02 real, 1670 MB
[runlim] sample:		1688.70 time, 1690.02 real, 1670 MB
[runlim] sample:		1698.70 time, 1700.02 real, 1671 MB
[runlim] sample:		1708.70 time, 1710.02 real, 1671 MB
[runlim] sample:		1718.69 time, 1720.02 real, 1672 MB
[runlim] sample:		1728.69 time, 1730.02 real, 1672 MB
[runlim] sample:		1738.70 time, 1740.02 real, 1673 MB
[runlim] sample:		1748.70 time, 1750.02 real, 1673 MB
[runlim] sample:		1758.70 time, 1760.02 real, 1674 MB
[runlim] sample:		1768.69 time, 1770.02 real, 1674 MB
[runlim] sample:		1778.69 time, 1780.02 real, 1675 MB
[runlim] sample:		1788.70 time, 1790.02 real, 1675 MB
[runlim] sample:		1798.70 time, 1800.02 real, 1676 MB
[runlim] sample:		1808.70 time, 1810.02 real, 1676 MB
[runlim] sample:		1818.70 time, 1820.02 real, 1677 MB
[runlim] sample:		1828.70 time, 1830.02 real, 1677 MB
[runlim] sample:		1838.69 time, 1840.02 real, 1678 MB
[runlim] sample:		1848.70 time, 1850.02 real, 1679 MB
[runlim] sample:		1858.69 time, 1860.02 real, 1679 MB
[runlim] sample:		1868.70 time, 1870.02 real, 1679 MB
[runlim] sample:		1878.70 time, 1880.02 real, 1680 MB
[runlim] sample:		1888.69 time, 1890.02 real, 1680 MB
[runlim] sample:		1898.70 time, 1900.02 real, 1681 MB
[runlim] sample:		1908.70 time, 1910.02 real, 1681 MB
[runlim] sample:		1918.70 time, 1920.02 real, 1682 MB
[runlim] sample:		1928.69 time, 1930.02 real, 1682 MB
[runlim] sample:		1938.69 time, 1940.02 real, 1683 MB
[runlim] sample:		1948.69 time, 1950.02 real, 1683 MB
[runlim] sample:		1958.69 time, 1960.02 real, 1684 MB
[runlim] sample:		1968.69 time, 1970.02 real, 1684 MB
[runlim] sample:		1978.69 time, 1980.02 real, 1685 MB
[runlim] sample:		1988.70 time, 1990.02 real, 1685 MB
[runlim] sample:		1998.69 time, 2000.02 real, 1686 MB
[runlim] sample:		2008.69 time, 2010.02 real, 1686 MB
[runlim] sample:		2018.70 time, 2020.02 real, 1687 MB
[runlim] sample:		2028.70 time, 2030.02 real, 1687 MB
[runlim] sample:		2038.69 time, 2040.02 real, 1688 MB
[runlim] sample:		2048.69 time, 2050.02 real, 1688 MB
[runlim] sample:		2058.70 time, 2060.02 real, 1689 MB
[runlim] sample:		2068.70 time, 2070.02 real, 1689 MB
[runlim] sample:		2078.70 time, 2080.02 real, 1690 MB
[runlim] sample:		2088.70 time, 2090.02 real, 1690 MB
[runlim] sample:		2098.70 time, 2100.02 real, 1691 MB
[runlim] sample:		2108.69 time, 2110.02 real, 1691 MB
[runlim] sample:		2118.69 time, 2120.02 real, 1692 MB
[runlim] sample:		2128.69 time, 2130.02 real, 1692 MB
[runlim] sample:		2138.70 time, 2140.02 real, 1693 MB
[runlim] sample:		2148.70 time, 2150.02 real, 1693 MB
[runlim] sample:		2158.70 time, 2160.02 real, 1694 MB
[runlim] sample:		2168.69 time, 2170.02 real, 1694 MB
[runlim] sample:		2178.69 time, 2180.02 real, 1694 MB
[runlim] sample:		2188.70 time, 2190.02 real, 1695 MB
[runlim] sample:		2198.69 time, 2200.02 real, 1695 MB
[runlim] sample:		2208.70 time, 2210.02 real, 1696 MB
[runlim] sample:		2218.70 time, 2220.02 real, 1696 MB
[runlim] sample:		2228.70 time, 2230.02 real, 1697 MB
[runlim] sample:		2238.69 time, 2240.02 real, 1697 MB
[runlim] sample:		2248.70 time, 2250.02 real, 1698 MB
[runlim] sample:		2258.69 time, 2260.02 real, 1698 MB
[runlim] sample:		2268.69 time, 2270.02 real, 1699 MB
[runlim] sample:		2278.70 time, 2280.02 real, 1699 MB
[runlim] sample:		2288.70 time, 2290.02 real, 1700 MB
[runlim] sample:		2298.69 time, 2300.02 real, 1700 MB
[runlim] sample:		2308.69 time, 2310.02 real, 1700 MB
[runlim] sample:		2318.69 time, 2320.02 real, 1701 MB
[runlim] sample:		2328.70 time, 2330.02 real, 1702 MB
[runlim] sample:		2338.69 time, 2340.02 real, 1702 MB
[runlim] sample:		2348.69 time, 2350.02 real, 1702 MB
[runlim] sample:		2358.70 time, 2360.02 real, 1703 MB
[runlim] sample:		2368.69 time, 2370.02 real, 1703 MB
[runlim] sample:		2378.69 time, 2380.02 real, 1704 MB
[runlim] sample:		2388.69 time, 2390.02 real, 1704 MB
[runlim] sample:		2398.69 time, 2400.02 real, 1705 MB
[runlim] sample:		2408.69 time, 2410.02 real, 1705 MB
[runlim] sample:		2418.69 time, 2420.02 real, 1706 MB
[runlim] sample:		2428.69 time, 2430.02 real, 1706 MB
[runlim] sample:		2438.70 time, 2440.02 real, 1706 MB
[runlim] sample:		2448.69 time, 2450.02 real, 1707 MB
[runlim] sample:		2458.70 time, 2460.02 real, 1707 MB
[runlim] sample:		2468.70 time, 2470.02 real, 1708 MB
[runlim] sample:		2478.70 time, 2480.02 real, 1708 MB
[runlim] sample:		2488.69 time, 2490.02 real, 1709 MB
[runlim] sample:		2498.69 time, 2500.02 real, 1709 MB
[runlim] sample:		2508.69 time, 2510.02 real, 1709 MB
[runlim] sample:		2518.69 time, 2520.02 real, 1710 MB
[runlim] sample:		2528.69 time, 2530.02 real, 1710 MB
[runlim] sample:		2538.69 time, 2540.02 real, 1711 MB
[runlim] sample:		2548.69 time, 2550.02 real, 1711 MB
[runlim] sample:		2558.69 time, 2560.02 real, 1712 MB
[runlim] sample:		2568.69 time, 2570.02 real, 1712 MB
[runlim] sample:		2578.69 time, 2580.02 real, 1712 MB
[runlim] sample:		2588.69 time, 2590.02 real, 1713 MB
[runlim] sample:		2598.69 time, 2600.02 real, 1713 MB
[runlim] sample:		2608.70 time, 2610.02 real, 1714 MB
[runlim] sample:		2618.70 time, 2620.02 real, 1714 MB
[runlim] sample:		2628.69 time, 2630.02 real, 1715 MB
[runlim] sample:		2638.70 time, 2640.02 real, 1715 MB
[runlim] sample:		2648.69 time, 2650.02 real, 1715 MB
[runlim] sample:		2658.69 time, 2660.02 real, 1716 MB
[runlim] sample:		2668.69 time, 2670.02 real, 1716 MB
[runlim] sample:		2678.70 time, 2680.02 real, 1717 MB
[runlim] sample:		2688.70 time, 2690.02 real, 1717 MB
[runlim] sample:		2698.70 time, 2700.02 real, 1718 MB
[runlim] end:			Sat Feb 29 07:02:04 2020
[runlim] status:		out of time
[runlim] result:		2
[runlim] children:		1
[runlim] real:			2700.15 seconds
[runlim] time:			2698.70 seconds
[runlim] space:			1718 MB
[runlim] samples:		27000
