[runlim] version:		1.18
[runlim] host:			c3n28
[runlim] time limit:		2700 seconds
[runlim] real time limit:	2700 seconds
[runlim] space limit:		7000 MB
[runlim] argv[0]:		./binary
[runlim] argv[1]:		/data/cnf/ankit/E1-A1-Red/dungeon_i25-m12-u5-v0.pddl_planlen=98.dqbf
[runlim] start:			Sat Feb 29 06:17:07 2020
[runlim] child:			10764
[runlim] sample:		9.99 time, 10.02 real, 204 MB
[runlim] sample:		19.99 time, 20.02 real, 206 MB
[runlim] sample:		29.99 time, 30.02 real, 540 MB
[runlim] sample:		39.98 time, 40.02 real, 770 MB
[runlim] sample:		49.99 time, 50.02 real, 781 MB
[runlim] sample:		59.99 time, 60.02 real, 789 MB
[runlim] sample:		69.98 time, 70.02 real, 792 MB
[runlim] sample:		79.98 time, 80.02 real, 795 MB
[runlim] sample:		89.99 time, 90.02 real, 797 MB
[runlim] sample:		99.98 time, 100.02 real, 799 MB
[runlim] sample:		109.98 time, 110.02 real, 801 MB
[runlim] sample:		119.99 time, 120.02 real, 803 MB
[runlim] sample:		129.98 time, 130.02 real, 805 MB
[runlim] sample:		139.99 time, 140.02 real, 806 MB
[runlim] sample:		149.98 time, 150.02 real, 808 MB
[runlim] sample:		159.98 time, 160.02 real, 809 MB
[runlim] sample:		169.99 time, 170.02 real, 811 MB
[runlim] sample:		179.98 time, 180.02 real, 813 MB
[runlim] sample:		189.98 time, 190.02 real, 814 MB
[runlim] sample:		199.98 time, 200.02 real, 815 MB
[runlim] sample:		209.99 time, 210.02 real, 817 MB
[runlim] sample:		219.98 time, 220.02 real, 818 MB
[runlim] sample:		229.98 time, 230.02 real, 819 MB
[runlim] sample:		239.98 time, 240.02 real, 821 MB
[runlim] sample:		249.98 time, 250.02 real, 822 MB
[runlim] sample:		259.98 time, 260.02 real, 823 MB
[runlim] sample:		269.98 time, 270.02 real, 824 MB
[runlim] sample:		279.98 time, 280.02 real, 826 MB
[runlim] sample:		289.98 time, 290.02 real, 827 MB
[runlim] sample:		299.98 time, 300.02 real, 828 MB
[runlim] sample:		309.98 time, 310.02 real, 829 MB
[runlim] sample:		319.98 time, 320.02 real, 830 MB
[runlim] sample:		329.99 time, 330.02 real, 832 MB
[runlim] sample:		339.99 time, 340.02 real, 833 MB
[runlim] sample:		349.98 time, 350.02 real, 834 MB
[runlim] sample:		359.98 time, 360.02 real, 835 MB
[runlim] sample:		369.98 time, 370.02 real, 836 MB
[runlim] sample:		379.98 time, 380.02 real, 837 MB
[runlim] sample:		389.99 time, 390.02 real, 838 MB
[runlim] sample:		399.98 time, 400.02 real, 839 MB
[runlim] sample:		409.98 time, 410.02 real, 840 MB
[runlim] sample:		419.98 time, 420.02 real, 841 MB
[runlim] sample:		429.98 time, 430.02 real, 842 MB
[runlim] sample:		439.98 time, 440.02 real, 843 MB
[runlim] sample:		449.98 time, 450.02 real, 844 MB
[runlim] sample:		459.98 time, 460.02 real, 845 MB
[runlim] sample:		469.98 time, 470.02 real, 846 MB
[runlim] sample:		479.98 time, 480.02 real, 847 MB
[runlim] sample:		489.98 time, 490.02 real, 848 MB
[runlim] sample:		499.99 time, 500.02 real, 849 MB
[runlim] sample:		509.98 time, 510.02 real, 850 MB
[runlim] sample:		519.98 time, 520.02 real, 851 MB
[runlim] sample:		529.98 time, 530.02 real, 852 MB
[runlim] sample:		539.98 time, 540.02 real, 853 MB
[runlim] sample:		549.98 time, 550.02 real, 854 MB
[runlim] sample:		559.98 time, 560.02 real, 854 MB
[runlim] sample:		569.98 time, 570.02 real, 855 MB
[runlim] sample:		579.98 time, 580.02 real, 856 MB
[runlim] sample:		589.98 time, 590.02 real, 857 MB
[runlim] sample:		599.98 time, 600.02 real, 858 MB
[runlim] sample:		609.98 time, 610.02 real, 859 MB
[runlim] sample:		619.98 time, 620.02 real, 860 MB
[runlim] sample:		629.98 time, 630.02 real, 860 MB
[runlim] sample:		639.99 time, 640.02 real, 861 MB
[runlim] sample:		649.99 time, 650.02 real, 862 MB
[runlim] sample:		659.99 time, 660.02 real, 863 MB
[runlim] sample:		669.98 time, 670.02 real, 864 MB
[runlim] sample:		679.98 time, 680.02 real, 864 MB
[runlim] sample:		689.98 time, 690.02 real, 865 MB
[runlim] sample:		699.97 time, 700.02 real, 866 MB
[runlim] sample:		709.98 time, 710.02 real, 867 MB
[runlim] sample:		719.98 time, 720.02 real, 868 MB
[runlim] sample:		729.98 time, 730.02 real, 868 MB
[runlim] sample:		739.98 time, 740.02 real, 869 MB
[runlim] sample:		749.98 time, 750.02 real, 870 MB
[runlim] sample:		759.98 time, 760.02 real, 871 MB
[runlim] sample:		769.97 time, 770.02 real, 872 MB
[runlim] sample:		779.98 time, 780.02 real, 872 MB
[runlim] sample:		789.98 time, 790.02 real, 873 MB
[runlim] sample:		799.98 time, 800.02 real, 874 MB
[runlim] sample:		809.98 time, 810.02 real, 875 MB
[runlim] sample:		819.98 time, 820.02 real, 875 MB
[runlim] sample:		829.98 time, 830.02 real, 876 MB
[runlim] sample:		839.97 time, 840.02 real, 877 MB
[runlim] sample:		849.98 time, 850.02 real, 878 MB
[runlim] sample:		859.98 time, 860.02 real, 878 MB
[runlim] sample:		869.98 time, 870.02 real, 879 MB
[runlim] sample:		879.98 time, 880.02 real, 880 MB
[runlim] sample:		889.98 time, 890.02 real, 880 MB
[runlim] sample:		899.97 time, 900.02 real, 881 MB
[runlim] sample:		909.97 time, 910.02 real, 882 MB
[runlim] sample:		919.98 time, 920.02 real, 882 MB
[runlim] sample:		929.98 time, 930.02 real, 883 MB
[runlim] sample:		939.98 time, 940.02 real, 884 MB
[runlim] sample:		949.98 time, 950.02 real, 884 MB
[runlim] sample:		959.98 time, 960.02 real, 885 MB
[runlim] sample:		969.98 time, 970.02 real, 886 MB
[runlim] sample:		979.98 time, 980.02 real, 887 MB
[runlim] sample:		989.98 time, 990.02 real, 887 MB
[runlim] sample:		999.97 time, 1000.02 real, 888 MB
[runlim] sample:		1009.97 time, 1010.02 real, 889 MB
[runlim] sample:		1019.97 time, 1020.02 real, 889 MB
[runlim] sample:		1029.97 time, 1030.02 real, 890 MB
[runlim] sample:		1039.97 time, 1040.02 real, 891 MB
[runlim] sample:		1049.98 time, 1050.02 real, 891 MB
[runlim] sample:		1059.98 time, 1060.02 real, 892 MB
[runlim] sample:		1069.98 time, 1070.02 real, 892 MB
[runlim] sample:		1079.98 time, 1080.02 real, 893 MB
[runlim] sample:		1089.98 time, 1090.02 real, 894 MB
[runlim] sample:		1099.98 time, 1100.02 real, 894 MB
[runlim] sample:		1109.98 time, 1110.02 real, 895 MB
[runlim] sample:		1119.98 time, 1120.02 real, 896 MB
[runlim] sample:		1129.98 time, 1130.02 real, 896 MB
[runlim] sample:		1139.97 time, 1140.02 real, 897 MB
[runlim] sample:		1149.97 time, 1150.02 real, 898 MB
[runlim] sample:		1159.98 time, 1160.02 real, 898 MB
[runlim] sample:		1169.98 time, 1170.02 real, 899 MB
[runlim] sample:		1179.98 time, 1180.02 real, 899 MB
[runlim] sample:		1189.98 time, 1190.02 real, 900 MB
[runlim] sample:		1199.98 time, 1200.02 real, 901 MB
[runlim] sample:		1209.98 time, 1210.02 real, 901 MB
[runlim] sample:		1219.98 time, 1220.02 real, 902 MB
[runlim] sample:		1229.98 time, 1230.02 real, 902 MB
[runlim] sample:		1239.98 time, 1240.02 real, 903 MB
[runlim] sample:		1249.98 time, 1250.02 real, 904 MB
[runlim] sample:		1259.98 time, 1260.02 real, 904 MB
[runlim] sample:		1269.98 time, 1270.02 real, 905 MB
[runlim] sample:		1279.98 time, 1280.02 real, 906 MB
[runlim] sample:		1289.98 time, 1290.02 real, 906 MB
[runlim] sample:		1299.98 time, 1300.02 real, 907 MB
[runlim] sample:		1309.98 time, 1310.02 real, 907 MB
[runlim] sample:		1319.98 time, 1320.02 real, 908 MB
[runlim] sample:		1329.98 time, 1330.02 real, 908 MB
[runlim] sample:		1339.98 time, 1340.02 real, 909 MB
[runlim] sample:		1349.97 time, 1350.02 real, 910 MB
[runlim] sample:		1359.98 time, 1360.02 real, 910 MB
[runlim] sample:		1369.98 time, 1370.02 real, 911 MB
[runlim] sample:		1379.98 time, 1380.02 real, 911 MB
[runlim] sample:		1389.98 time, 1390.02 real, 912 MB
[runlim] sample:		1399.98 time, 1400.02 real, 913 MB
[runlim] sample:		1409.98 time, 1410.02 real, 913 MB
[runlim] sample:		1419.97 time, 1420.02 real, 914 MB
[runlim] sample:		1429.98 time, 1430.02 real, 914 MB
[runlim] sample:		1439.97 time, 1440.02 real, 915 MB
[runlim] sample:		1449.98 time, 1450.02 real, 915 MB
[runlim] sample:		1459.98 time, 1460.02 real, 916 MB
[runlim] sample:		1469.98 time, 1470.02 real, 917 MB
[runlim] sample:		1479.98 time, 1480.02 real, 917 MB
[runlim] sample:		1489.98 time, 1490.02 real, 918 MB
[runlim] sample:		1499.98 time, 1500.02 real, 918 MB
[runlim] sample:		1509.98 time, 1510.02 real, 919 MB
[runlim] sample:		1519.98 time, 1520.02 real, 919 MB
[runlim] sample:		1529.98 time, 1530.02 real, 920 MB
[runlim] sample:		1539.98 time, 1540.02 real, 920 MB
[runlim] sample:		1549.98 time, 1550.02 real, 921 MB
[runlim] sample:		1559.98 time, 1560.02 real, 921 MB
[runlim] sample:		1569.98 time, 1570.02 real, 922 MB
[runlim] sample:		1579.98 time, 1580.02 real, 922 MB
[runlim] sample:		1589.98 time, 1590.02 real, 923 MB
[runlim] sample:		1599.98 time, 1600.02 real, 924 MB
[runlim] sample:		1609.98 time, 1610.02 real, 924 MB
[runlim] sample:		1619.98 time, 1620.02 real, 925 MB
[runlim] sample:		1629.98 time, 1630.02 real, 925 MB
[runlim] sample:		1639.98 time, 1640.02 real, 926 MB
[runlim] sample:		1649.98 time, 1650.02 real, 926 MB
[runlim] sample:		1659.97 time, 1660.02 real, 927 MB
[runlim] sample:		1669.97 time, 1670.02 real, 927 MB
[runlim] sample:		1679.98 time, 1680.02 real, 928 MB
[runlim] sample:		1689.98 time, 1690.02 real, 928 MB
[runlim] sample:		1699.97 time, 1700.02 real, 929 MB
[runlim] sample:		1709.97 time, 1710.02 real, 929 MB
[runlim] sample:		1719.97 time, 1720.02 real, 930 MB
[runlim] sample:		1729.98 time, 1730.02 real, 930 MB
[runlim] sample:		1739.97 time, 1740.02 real, 931 MB
[runlim] sample:		1749.97 time, 1750.02 real, 931 MB
[runlim] sample:		1759.97 time, 1760.02 real, 932 MB
[runlim] sample:		1769.97 time, 1770.02 real, 933 MB
[runlim] sample:		1779.97 time, 1780.02 real, 933 MB
[runlim] sample:		1789.97 time, 1790.02 real, 934 MB
[runlim] sample:		1799.98 time, 1800.02 real, 934 MB
[runlim] sample:		1809.98 time, 1810.02 real, 934 MB
[runlim] sample:		1819.97 time, 1820.02 real, 935 MB
[runlim] sample:		1829.97 time, 1830.02 real, 935 MB
[runlim] sample:		1839.97 time, 1840.02 real, 936 MB
[runlim] sample:		1849.98 time, 1850.02 real, 936 MB
[runlim] sample:		1859.98 time, 1860.02 real, 937 MB
[runlim] sample:		1869.98 time, 1870.02 real, 937 MB
[runlim] sample:		1879.98 time, 1880.02 real, 938 MB
[runlim] sample:		1889.98 time, 1890.02 real, 938 MB
[runlim] sample:		1899.98 time, 1900.02 real, 939 MB
[runlim] sample:		1909.98 time, 1910.02 real, 939 MB
[runlim] sample:		1919.97 time, 1920.02 real, 940 MB
[runlim] sample:		1929.97 time, 1930.02 real, 940 MB
[runlim] sample:		1939.97 time, 1940.02 real, 941 MB
[runlim] sample:		1949.98 time, 1950.02 real, 941 MB
[runlim] sample:		1959.98 time, 1960.02 real, 942 MB
[runlim] sample:		1969.98 time, 1970.02 real, 942 MB
[runlim] sample:		1979.98 time, 1980.02 real, 943 MB
[runlim] sample:		1989.98 time, 1990.02 real, 952 MB
[runlim] sample:		1999.98 time, 2000.02 real, 961 MB
[runlim] sample:		2009.98 time, 2010.02 real, 967 MB
[runlim] sample:		2019.98 time, 2020.02 real, 972 MB
[runlim] sample:		2029.98 time, 2030.02 real, 974 MB
[runlim] sample:		2039.98 time, 2040.02 real, 976 MB
[runlim] sample:		2049.98 time, 2050.02 real, 977 MB
[runlim] sample:		2059.98 time, 2060.02 real, 979 MB
[runlim] sample:		2069.98 time, 2070.02 real, 980 MB
[runlim] sample:		2079.98 time, 2080.02 real, 982 MB
[runlim] sample:		2089.98 time, 2090.02 real, 983 MB
[runlim] sample:		2099.97 time, 2100.02 real, 985 MB
[runlim] sample:		2109.98 time, 2110.02 real, 986 MB
[runlim] sample:		2119.98 time, 2120.02 real, 988 MB
[runlim] sample:		2129.98 time, 2130.02 real, 989 MB
[runlim] sample:		2139.97 time, 2140.02 real, 990 MB
[runlim] sample:		2149.97 time, 2150.02 real, 992 MB
[runlim] sample:		2159.98 time, 2160.02 real, 993 MB
[runlim] sample:		2169.98 time, 2170.02 real, 994 MB
[runlim] sample:		2179.98 time, 2180.02 real, 995 MB
[runlim] sample:		2189.98 time, 2190.02 real, 996 MB
[runlim] sample:		2199.98 time, 2200.02 real, 998 MB
[runlim] sample:		2209.97 time, 2210.02 real, 999 MB
[runlim] sample:		2219.98 time, 2220.02 real, 1000 MB
[runlim] sample:		2229.98 time, 2230.02 real, 1001 MB
[runlim] sample:		2239.98 time, 2240.02 real, 1002 MB
[runlim] sample:		2249.97 time, 2250.02 real, 1003 MB
[runlim] sample:		2259.98 time, 2260.02 real, 1005 MB
[runlim] sample:		2269.97 time, 2270.02 real, 1005 MB
[runlim] sample:		2279.98 time, 2280.02 real, 1007 MB
[runlim] sample:		2289.98 time, 2290.02 real, 1008 MB
[runlim] sample:		2299.98 time, 2300.02 real, 1009 MB
[runlim] sample:		2309.98 time, 2310.02 real, 1010 MB
[runlim] sample:		2319.97 time, 2320.02 real, 1011 MB
[runlim] sample:		2329.97 time, 2330.02 real, 1012 MB
[runlim] sample:		2339.97 time, 2340.02 real, 1013 MB
[runlim] sample:		2349.97 time, 2350.02 real, 1014 MB
[runlim] sample:		2359.97 time, 2360.02 real, 1015 MB
[runlim] sample:		2369.98 time, 2370.02 real, 1016 MB
[runlim] sample:		2379.98 time, 2380.02 real, 1017 MB
[runlim] sample:		2389.98 time, 2390.02 real, 1018 MB
[runlim] sample:		2399.98 time, 2400.02 real, 1019 MB
[runlim] sample:		2409.98 time, 2410.02 real, 1020 MB
[runlim] sample:		2419.97 time, 2420.02 real, 1021 MB
[runlim] sample:		2429.98 time, 2430.02 real, 1021 MB
[runlim] sample:		2439.98 time, 2440.02 real, 1022 MB
[runlim] sample:		2449.97 time, 2450.02 real, 1023 MB
[runlim] sample:		2459.97 time, 2460.02 real, 1024 MB
[runlim] sample:		2469.97 time, 2470.02 real, 1025 MB
[runlim] sample:		2479.98 time, 2480.02 real, 1026 MB
[runlim] sample:		2489.98 time, 2490.02 real, 1027 MB
[runlim] sample:		2499.98 time, 2500.02 real, 1028 MB
[runlim] sample:		2509.98 time, 2510.02 real, 1028 MB
[runlim] sample:		2519.98 time, 2520.02 real, 1029 MB
[runlim] sample:		2529.98 time, 2530.02 real, 1030 MB
[runlim] sample:		2539.97 time, 2540.02 real, 1031 MB
[runlim] sample:		2549.97 time, 2550.02 real, 1032 MB
[runlim] sample:		2559.97 time, 2560.02 real, 1033 MB
[runlim] sample:		2569.98 time, 2570.02 real, 1033 MB
[runlim] sample:		2579.98 time, 2580.02 real, 1034 MB
[runlim] sample:		2589.98 time, 2590.02 real, 1035 MB
[runlim] sample:		2599.98 time, 2600.02 real, 1036 MB
[runlim] sample:		2609.98 time, 2610.02 real, 1037 MB
[runlim] sample:		2619.98 time, 2620.02 real, 1037 MB
[runlim] sample:		2629.97 time, 2630.02 real, 1038 MB
[runlim] sample:		2639.97 time, 2640.02 real, 1039 MB
[runlim] sample:		2649.97 time, 2650.02 real, 1040 MB
[runlim] sample:		2659.98 time, 2660.02 real, 1041 MB
[runlim] sample:		2669.98 time, 2670.02 real, 1041 MB
[runlim] sample:		2679.98 time, 2680.02 real, 1042 MB
[runlim] sample:		2689.97 time, 2690.02 real, 1043 MB
[runlim] sample:		2699.97 time, 2700.02 real, 1043 MB
[runlim] end:			Sat Feb 29 07:02:07 2020
[runlim] status:		out of time
[runlim] result:		2
[runlim] children:		1
[runlim] real:			2700.10 seconds
[runlim] time:			2699.97 seconds
[runlim] space:			1043 MB
[runlim] samples:		27000
