[runlim] version:		1.18
[runlim] host:			c3n29
[runlim] time limit:		2700 seconds
[runlim] real time limit:	2700 seconds
[runlim] space limit:		7000 MB
[runlim] argv[0]:		./binary
[runlim] argv[1]:		/data/cnf/ankit/E1-A1-Red/hex_rand_6x6-20m-0.dqbf
[runlim] start:			Sat Feb 29 06:17:04 2020
[runlim] child:			8793
[runlim] sample:		9.01 time, 10.02 real, 71 MB
[runlim] sample:		19.01 time, 20.02 real, 91 MB
[runlim] sample:		29.01 time, 30.02 real, 121 MB
[runlim] sample:		39.02 time, 40.02 real, 132 MB
[runlim] sample:		49.01 time, 50.02 real, 132 MB
[runlim] sample:		59.01 time, 60.02 real, 133 MB
[runlim] sample:		69.01 time, 70.02 real, 178 MB
[runlim] sample:		79.01 time, 80.02 real, 178 MB
[runlim] sample:		89.01 time, 90.02 real, 179 MB
[runlim] sample:		99.01 time, 100.02 real, 186 MB
[runlim] sample:		109.01 time, 110.02 real, 218 MB
[runlim] sample:		119.01 time, 120.02 real, 218 MB
[runlim] sample:		129.01 time, 130.02 real, 247 MB
[runlim] sample:		139.01 time, 140.02 real, 251 MB
[runlim] sample:		149.01 time, 150.02 real, 282 MB
[runlim] sample:		159.01 time, 160.02 real, 282 MB
[runlim] sample:		169.01 time, 170.02 real, 305 MB
[runlim] sample:		179.01 time, 180.02 real, 317 MB
[runlim] sample:		189.01 time, 190.02 real, 317 MB
[runlim] sample:		199.01 time, 200.02 real, 320 MB
[runlim] sample:		209.01 time, 210.02 real, 330 MB
[runlim] sample:		219.01 time, 220.02 real, 336 MB
[runlim] sample:		229.01 time, 230.02 real, 341 MB
[runlim] sample:		239.01 time, 240.02 real, 346 MB
[runlim] sample:		249.01 time, 250.02 real, 350 MB
[runlim] sample:		259.01 time, 260.02 real, 354 MB
[runlim] sample:		269.01 time, 270.02 real, 358 MB
[runlim] sample:		279.01 time, 280.02 real, 362 MB
[runlim] sample:		289.01 time, 290.02 real, 365 MB
[runlim] sample:		299.01 time, 300.02 real, 368 MB
[runlim] sample:		309.01 time, 310.02 real, 377 MB
[runlim] sample:		319.01 time, 320.02 real, 378 MB
[runlim] sample:		329.01 time, 330.02 real, 381 MB
[runlim] sample:		339.01 time, 340.02 real, 384 MB
[runlim] sample:		349.01 time, 350.02 real, 387 MB
[runlim] sample:		359.01 time, 360.02 real, 390 MB
[runlim] sample:		369.01 time, 370.02 real, 392 MB
[runlim] sample:		379.01 time, 380.02 real, 395 MB
[runlim] sample:		389.01 time, 390.02 real, 398 MB
[runlim] sample:		399.01 time, 400.02 real, 400 MB
[runlim] sample:		409.01 time, 410.02 real, 403 MB
[runlim] sample:		419.00 time, 420.02 real, 405 MB
[runlim] sample:		429.01 time, 430.02 real, 408 MB
[runlim] sample:		439.01 time, 440.02 real, 410 MB
[runlim] sample:		449.01 time, 450.02 real, 413 MB
[runlim] sample:		459.00 time, 460.02 real, 415 MB
[runlim] sample:		469.01 time, 470.02 real, 417 MB
[runlim] sample:		479.01 time, 480.02 real, 419 MB
[runlim] sample:		489.01 time, 490.02 real, 422 MB
[runlim] sample:		499.01 time, 500.02 real, 424 MB
[runlim] sample:		509.01 time, 510.02 real, 426 MB
[runlim] sample:		519.01 time, 520.02 real, 428 MB
[runlim] sample:		529.01 time, 530.02 real, 430 MB
[runlim] sample:		539.01 time, 540.02 real, 432 MB
[runlim] sample:		549.01 time, 550.02 real, 434 MB
[runlim] sample:		559.01 time, 560.02 real, 436 MB
[runlim] sample:		569.01 time, 570.02 real, 438 MB
[runlim] sample:		579.01 time, 580.02 real, 440 MB
[runlim] sample:		589.01 time, 590.02 real, 442 MB
[runlim] sample:		599.01 time, 600.02 real, 442 MB
[runlim] sample:		609.01 time, 610.02 real, 442 MB
[runlim] sample:		619.01 time, 620.02 real, 442 MB
[runlim] sample:		629.01 time, 630.02 real, 442 MB
[runlim] sample:		639.01 time, 640.02 real, 442 MB
[runlim] sample:		649.01 time, 650.02 real, 442 MB
[runlim] sample:		659.01 time, 660.02 real, 442 MB
[runlim] sample:		669.01 time, 670.02 real, 443 MB
[runlim] sample:		679.01 time, 680.02 real, 444 MB
[runlim] sample:		689.01 time, 690.02 real, 445 MB
[runlim] sample:		699.00 time, 700.02 real, 446 MB
[runlim] sample:		709.00 time, 710.02 real, 448 MB
[runlim] sample:		719.01 time, 720.02 real, 449 MB
[runlim] sample:		729.00 time, 730.02 real, 450 MB
[runlim] sample:		739.00 time, 740.02 real, 451 MB
[runlim] sample:		749.00 time, 750.02 real, 452 MB
[runlim] sample:		759.00 time, 760.02 real, 454 MB
[runlim] sample:		769.00 time, 770.02 real, 455 MB
[runlim] sample:		779.01 time, 780.02 real, 456 MB
[runlim] sample:		789.01 time, 790.02 real, 457 MB
[runlim] sample:		799.01 time, 800.02 real, 458 MB
[runlim] sample:		809.01 time, 810.02 real, 459 MB
[runlim] sample:		819.01 time, 820.02 real, 460 MB
[runlim] sample:		829.01 time, 830.02 real, 461 MB
[runlim] sample:		839.01 time, 840.02 real, 462 MB
[runlim] sample:		849.00 time, 850.02 real, 465 MB
[runlim] sample:		859.00 time, 860.02 real, 466 MB
[runlim] sample:		869.00 time, 870.02 real, 467 MB
[runlim] sample:		879.00 time, 880.02 real, 468 MB
[runlim] sample:		889.00 time, 890.02 real, 469 MB
[runlim] sample:		899.00 time, 900.02 real, 470 MB
[runlim] sample:		909.00 time, 910.02 real, 471 MB
[runlim] sample:		919.00 time, 920.02 real, 472 MB
[runlim] sample:		929.00 time, 930.02 real, 473 MB
[runlim] sample:		939.00 time, 940.02 real, 474 MB
[runlim] sample:		949.00 time, 950.02 real, 475 MB
[runlim] sample:		959.00 time, 960.02 real, 476 MB
[runlim] sample:		969.00 time, 970.02 real, 477 MB
[runlim] sample:		979.00 time, 980.02 real, 478 MB
[runlim] sample:		989.00 time, 990.02 real, 479 MB
[runlim] sample:		999.00 time, 1000.02 real, 480 MB
[runlim] sample:		1009.00 time, 1010.02 real, 481 MB
[runlim] sample:		1019.00 time, 1020.02 real, 482 MB
[runlim] sample:		1029.00 time, 1030.02 real, 483 MB
[runlim] sample:		1039.00 time, 1040.02 real, 484 MB
[runlim] sample:		1049.00 time, 1050.02 real, 485 MB
[runlim] sample:		1059.01 time, 1060.02 real, 486 MB
[runlim] sample:		1069.01 time, 1070.02 real, 487 MB
[runlim] sample:		1079.01 time, 1080.02 real, 488 MB
[runlim] sample:		1089.00 time, 1090.02 real, 489 MB
[runlim] sample:		1099.00 time, 1100.02 real, 490 MB
[runlim] sample:		1109.00 time, 1110.02 real, 491 MB
[runlim] sample:		1119.00 time, 1120.02 real, 492 MB
[runlim] sample:		1129.01 time, 1130.02 real, 494 MB
[runlim] sample:		1139.00 time, 1140.02 real, 495 MB
[runlim] sample:		1149.00 time, 1150.02 real, 496 MB
[runlim] sample:		1159.01 time, 1160.02 real, 496 MB
[runlim] sample:		1169.01 time, 1170.02 real, 497 MB
[runlim] sample:		1179.01 time, 1180.02 real, 498 MB
[runlim] sample:		1189.01 time, 1190.02 real, 499 MB
[runlim] sample:		1199.01 time, 1200.02 real, 500 MB
[runlim] sample:		1209.01 time, 1210.02 real, 501 MB
[runlim] sample:		1219.01 time, 1220.02 real, 502 MB
[runlim] sample:		1229.01 time, 1230.02 real, 502 MB
[runlim] sample:		1239.01 time, 1240.02 real, 503 MB
[runlim] sample:		1249.00 time, 1250.02 real, 504 MB
[runlim] sample:		1259.00 time, 1260.02 real, 505 MB
[runlim] sample:		1269.00 time, 1270.02 real, 506 MB
[runlim] sample:		1279.00 time, 1280.02 real, 506 MB
[runlim] sample:		1289.00 time, 1290.02 real, 507 MB
[runlim] sample:		1299.00 time, 1300.02 real, 508 MB
[runlim] sample:		1309.01 time, 1310.02 real, 509 MB
[runlim] sample:		1319.00 time, 1320.02 real, 509 MB
[runlim] sample:		1329.00 time, 1330.02 real, 510 MB
[runlim] sample:		1339.00 time, 1340.02 real, 511 MB
[runlim] sample:		1349.00 time, 1350.02 real, 512 MB
[runlim] sample:		1359.00 time, 1360.02 real, 513 MB
[runlim] sample:		1369.00 time, 1370.02 real, 514 MB
[runlim] sample:		1379.00 time, 1380.02 real, 514 MB
[runlim] sample:		1389.00 time, 1390.02 real, 515 MB
[runlim] sample:		1399.00 time, 1400.02 real, 516 MB
[runlim] sample:		1409.00 time, 1410.02 real, 517 MB
[runlim] sample:		1419.00 time, 1420.02 real, 517 MB
[runlim] sample:		1429.00 time, 1430.02 real, 518 MB
[runlim] sample:		1439.00 time, 1440.02 real, 519 MB
[runlim] sample:		1449.00 time, 1450.02 real, 519 MB
[runlim] sample:		1459.00 time, 1460.02 real, 520 MB
[runlim] sample:		1469.00 time, 1470.02 real, 521 MB
[runlim] sample:		1479.00 time, 1480.02 real, 522 MB
[runlim] sample:		1489.00 time, 1490.02 real, 523 MB
[runlim] sample:		1499.00 time, 1500.02 real, 523 MB
[runlim] sample:		1509.00 time, 1510.02 real, 524 MB
[runlim] sample:		1519.00 time, 1520.02 real, 525 MB
[runlim] sample:		1529.00 time, 1530.02 real, 525 MB
[runlim] sample:		1539.00 time, 1540.02 real, 526 MB
[runlim] sample:		1549.00 time, 1550.02 real, 527 MB
[runlim] sample:		1559.00 time, 1560.02 real, 528 MB
[runlim] sample:		1569.00 time, 1570.02 real, 529 MB
[runlim] sample:		1579.00 time, 1580.02 real, 529 MB
[runlim] sample:		1589.00 time, 1590.02 real, 530 MB
[runlim] sample:		1599.00 time, 1600.02 real, 530 MB
[runlim] sample:		1609.00 time, 1610.02 real, 531 MB
[runlim] sample:		1619.00 time, 1620.02 real, 532 MB
[runlim] sample:		1629.00 time, 1630.02 real, 533 MB
[runlim] sample:		1639.00 time, 1640.02 real, 533 MB
[runlim] sample:		1649.00 time, 1650.02 real, 534 MB
[runlim] sample:		1659.00 time, 1660.02 real, 535 MB
[runlim] sample:		1669.00 time, 1670.02 real, 535 MB
[runlim] sample:		1679.00 time, 1680.02 real, 536 MB
[runlim] sample:		1689.00 time, 1690.02 real, 537 MB
[runlim] sample:		1699.00 time, 1700.02 real, 537 MB
[runlim] sample:		1709.00 time, 1710.02 real, 538 MB
[runlim] sample:		1719.00 time, 1720.02 real, 539 MB
[runlim] sample:		1729.00 time, 1730.02 real, 540 MB
[runlim] sample:		1739.00 time, 1740.02 real, 540 MB
[runlim] sample:		1748.99 time, 1750.02 real, 541 MB
[runlim] sample:		1758.99 time, 1760.02 real, 542 MB
[runlim] sample:		1769.00 time, 1770.02 real, 542 MB
[runlim] sample:		1779.00 time, 1780.02 real, 543 MB
[runlim] sample:		1789.00 time, 1790.02 real, 544 MB
[runlim] sample:		1798.99 time, 1800.02 real, 544 MB
[runlim] sample:		1809.00 time, 1810.02 real, 545 MB
[runlim] sample:		1819.00 time, 1820.02 real, 546 MB
[runlim] sample:		1828.99 time, 1830.02 real, 547 MB
[runlim] sample:		1838.99 time, 1840.02 real, 547 MB
[runlim] sample:		1848.99 time, 1850.02 real, 548 MB
[runlim] sample:		1858.99 time, 1860.02 real, 548 MB
[runlim] sample:		1868.99 time, 1870.02 real, 699 MB
[runlim] sample:		1878.99 time, 1880.02 real, 676 MB
[runlim] sample:		1888.99 time, 1890.02 real, 676 MB
[runlim] sample:		1898.99 time, 1900.02 real, 676 MB
[runlim] sample:		1908.99 time, 1910.02 real, 676 MB
[runlim] sample:		1918.99 time, 1920.02 real, 677 MB
[runlim] sample:		1928.99 time, 1930.02 real, 677 MB
[runlim] sample:		1938.99 time, 1940.02 real, 677 MB
[runlim] sample:		1948.99 time, 1950.02 real, 677 MB
[runlim] sample:		1958.99 time, 1960.02 real, 677 MB
[runlim] sample:		1968.99 time, 1970.02 real, 677 MB
[runlim] sample:		1978.99 time, 1980.02 real, 677 MB
[runlim] sample:		1988.99 time, 1990.02 real, 677 MB
[runlim] sample:		1998.99 time, 2000.02 real, 677 MB
[runlim] sample:		2008.99 time, 2010.02 real, 677 MB
[runlim] sample:		2018.99 time, 2020.02 real, 677 MB
[runlim] sample:		2028.99 time, 2030.02 real, 677 MB
[runlim] sample:		2038.99 time, 2040.02 real, 677 MB
[runlim] sample:		2048.99 time, 2050.02 real, 677 MB
[runlim] sample:		2058.99 time, 2060.02 real, 677 MB
[runlim] sample:		2068.99 time, 2070.02 real, 677 MB
[runlim] sample:		2078.99 time, 2080.02 real, 677 MB
[runlim] sample:		2088.99 time, 2090.02 real, 677 MB
[runlim] sample:		2098.99 time, 2100.02 real, 677 MB
[runlim] sample:		2108.99 time, 2110.02 real, 677 MB
[runlim] sample:		2118.99 time, 2120.02 real, 677 MB
[runlim] sample:		2128.99 time, 2130.02 real, 677 MB
[runlim] sample:		2138.99 time, 2140.02 real, 677 MB
[runlim] sample:		2148.99 time, 2150.02 real, 677 MB
[runlim] sample:		2158.99 time, 2160.02 real, 677 MB
[runlim] sample:		2168.99 time, 2170.02 real, 677 MB
[runlim] sample:		2178.99 time, 2180.02 real, 677 MB
[runlim] sample:		2188.99 time, 2190.02 real, 677 MB
[runlim] sample:		2198.99 time, 2200.02 real, 677 MB
[runlim] sample:		2208.99 time, 2210.02 real, 677 MB
[runlim] sample:		2218.99 time, 2220.02 real, 677 MB
[runlim] sample:		2228.99 time, 2230.02 real, 677 MB
[runlim] sample:		2238.99 time, 2240.02 real, 677 MB
[runlim] sample:		2248.99 time, 2250.02 real, 677 MB
[runlim] sample:		2258.99 time, 2260.02 real, 677 MB
[runlim] sample:		2268.99 time, 2270.02 real, 677 MB
[runlim] sample:		2278.99 time, 2280.02 real, 677 MB
[runlim] sample:		2288.99 time, 2290.02 real, 677 MB
[runlim] sample:		2298.99 time, 2300.02 real, 677 MB
[runlim] sample:		2308.99 time, 2310.02 real, 677 MB
[runlim] sample:		2318.99 time, 2320.02 real, 677 MB
[runlim] sample:		2328.99 time, 2330.02 real, 677 MB
[runlim] sample:		2338.99 time, 2340.02 real, 677 MB
[runlim] sample:		2348.99 time, 2350.02 real, 677 MB
[runlim] sample:		2358.99 time, 2360.02 real, 677 MB
[runlim] sample:		2368.99 time, 2370.02 real, 677 MB
[runlim] sample:		2378.99 time, 2380.02 real, 677 MB
[runlim] sample:		2388.99 time, 2390.02 real, 677 MB
[runlim] sample:		2398.99 time, 2400.02 real, 677 MB
[runlim] sample:		2408.99 time, 2410.02 real, 677 MB
[runlim] sample:		2418.99 time, 2420.02 real, 677 MB
[runlim] sample:		2428.99 time, 2430.02 real, 677 MB
[runlim] sample:		2438.99 time, 2440.02 real, 677 MB
[runlim] sample:		2448.99 time, 2450.02 real, 677 MB
[runlim] sample:		2458.99 time, 2460.02 real, 677 MB
[runlim] sample:		2468.99 time, 2470.02 real, 677 MB
[runlim] sample:		2478.99 time, 2480.02 real, 677 MB
[runlim] sample:		2488.99 time, 2490.02 real, 677 MB
[runlim] sample:		2498.99 time, 2500.02 real, 677 MB
[runlim] sample:		2508.99 time, 2510.02 real, 677 MB
[runlim] sample:		2518.99 time, 2520.02 real, 677 MB
[runlim] sample:		2528.99 time, 2530.02 real, 677 MB
[runlim] sample:		2539.00 time, 2540.02 real, 678 MB
[runlim] sample:		2548.99 time, 2550.02 real, 679 MB
[runlim] sample:		2558.99 time, 2560.02 real, 681 MB
[runlim] sample:		2569.00 time, 2570.02 real, 694 MB
[runlim] sample:		2579.00 time, 2580.02 real, 694 MB
[runlim] sample:		2589.00 time, 2590.02 real, 694 MB
[runlim] sample:		2599.00 time, 2600.02 real, 694 MB
[runlim] sample:		2609.00 time, 2610.02 real, 694 MB
[runlim] sample:		2618.99 time, 2620.02 real, 695 MB
[runlim] sample:		2628.99 time, 2630.02 real, 697 MB
[runlim] sample:		2638.99 time, 2640.02 real, 698 MB
[runlim] sample:		2648.99 time, 2650.02 real, 700 MB
[runlim] sample:		2658.99 time, 2660.02 real, 701 MB
[runlim] sample:		2668.99 time, 2670.02 real, 702 MB
[runlim] sample:		2678.99 time, 2680.02 real, 704 MB
[runlim] sample:		2688.99 time, 2690.02 real, 705 MB
[runlim] sample:		2699.00 time, 2700.02 real, 707 MB
[runlim] end:			Sat Feb 29 07:02:04 2020
[runlim] status:		out of time
[runlim] result:		2
[runlim] children:		1
[runlim] real:			2700.11 seconds
[runlim] time:			2699.00 seconds
[runlim] space:			707 MB
[runlim] samples:		27000
