[runlim] version:		1.18
[runlim] host:			c3n29
[runlim] time limit:		2700 seconds
[runlim] real time limit:	2700 seconds
[runlim] space limit:		7000 MB
[runlim] argv[0]:		./binary
[runlim] argv[1]:		/data/cnf/ankit/E1-A1-Red/hex_rand_6x6-20m-1.dqbf
[runlim] start:			Sat Feb 29 06:17:05 2020
[runlim] child:			8816
[runlim] sample:		9.68 time, 10.02 real, 75 MB
[runlim] sample:		19.68 time, 20.02 real, 106 MB
[runlim] sample:		29.68 time, 30.02 real, 141 MB
[runlim] sample:		39.66 time, 40.02 real, 141 MB
[runlim] sample:		49.65 time, 50.02 real, 165 MB
[runlim] sample:		59.64 time, 60.02 real, 172 MB
[runlim] sample:		69.63 time, 70.02 real, 173 MB
[runlim] sample:		79.62 time, 80.02 real, 173 MB
[runlim] sample:		89.61 time, 90.02 real, 177 MB
[runlim] sample:		99.60 time, 100.02 real, 181 MB
[runlim] sample:		109.58 time, 110.02 real, 185 MB
[runlim] sample:		119.58 time, 120.02 real, 185 MB
[runlim] sample:		129.56 time, 130.02 real, 188 MB
[runlim] sample:		139.55 time, 140.02 real, 190 MB
[runlim] sample:		149.54 time, 150.02 real, 191 MB
[runlim] sample:		159.52 time, 160.02 real, 192 MB
[runlim] sample:		169.52 time, 170.02 real, 193 MB
[runlim] sample:		179.51 time, 180.02 real, 195 MB
[runlim] sample:		189.49 time, 190.02 real, 287 MB
[runlim] sample:		199.49 time, 200.02 real, 289 MB
[runlim] sample:		209.48 time, 210.02 real, 289 MB
[runlim] sample:		219.46 time, 220.02 real, 290 MB
[runlim] sample:		229.46 time, 230.02 real, 290 MB
[runlim] sample:		239.44 time, 240.02 real, 290 MB
[runlim] sample:		249.44 time, 250.02 real, 290 MB
[runlim] sample:		259.43 time, 260.02 real, 290 MB
[runlim] sample:		269.42 time, 270.02 real, 290 MB
[runlim] sample:		279.41 time, 280.02 real, 291 MB
[runlim] sample:		289.39 time, 290.02 real, 291 MB
[runlim] sample:		299.38 time, 300.02 real, 291 MB
[runlim] sample:		309.37 time, 310.02 real, 291 MB
[runlim] sample:		319.36 time, 320.02 real, 291 MB
[runlim] sample:		329.35 time, 330.02 real, 291 MB
[runlim] sample:		339.34 time, 340.02 real, 293 MB
[runlim] sample:		349.33 time, 350.02 real, 295 MB
[runlim] sample:		359.31 time, 360.02 real, 298 MB
[runlim] sample:		369.30 time, 370.02 real, 300 MB
[runlim] sample:		379.29 time, 380.02 real, 303 MB
[runlim] sample:		389.29 time, 390.02 real, 305 MB
[runlim] sample:		399.27 time, 400.02 real, 306 MB
[runlim] sample:		409.26 time, 410.02 real, 308 MB
[runlim] sample:		419.25 time, 420.02 real, 310 MB
[runlim] sample:		429.25 time, 430.02 real, 311 MB
[runlim] sample:		439.23 time, 440.02 real, 315 MB
[runlim] sample:		449.22 time, 450.02 real, 315 MB
[runlim] sample:		459.21 time, 460.02 real, 317 MB
[runlim] sample:		469.19 time, 470.02 real, 318 MB
[runlim] sample:		479.18 time, 480.02 real, 318 MB
[runlim] sample:		489.17 time, 490.02 real, 318 MB
[runlim] sample:		499.16 time, 500.02 real, 318 MB
[runlim] sample:		509.15 time, 510.02 real, 318 MB
[runlim] sample:		519.14 time, 520.02 real, 318 MB
[runlim] sample:		529.13 time, 530.02 real, 318 MB
[runlim] sample:		539.12 time, 540.02 real, 318 MB
[runlim] sample:		549.11 time, 550.02 real, 319 MB
[runlim] sample:		559.10 time, 560.02 real, 319 MB
[runlim] sample:		569.09 time, 570.02 real, 319 MB
[runlim] sample:		579.08 time, 580.02 real, 320 MB
[runlim] sample:		589.07 time, 590.02 real, 320 MB
[runlim] sample:		599.06 time, 600.02 real, 320 MB
[runlim] sample:		609.05 time, 610.02 real, 320 MB
[runlim] sample:		619.04 time, 620.02 real, 321 MB
[runlim] sample:		629.03 time, 630.02 real, 321 MB
[runlim] sample:		639.02 time, 640.02 real, 323 MB
[runlim] sample:		649.00 time, 650.02 real, 323 MB
[runlim] sample:		658.99 time, 660.02 real, 330 MB
[runlim] sample:		668.98 time, 670.02 real, 330 MB
[runlim] sample:		678.97 time, 680.02 real, 330 MB
[runlim] sample:		688.96 time, 690.02 real, 330 MB
[runlim] sample:		698.95 time, 700.02 real, 330 MB
[runlim] sample:		708.94 time, 710.02 real, 330 MB
[runlim] sample:		718.93 time, 720.02 real, 330 MB
[runlim] sample:		728.92 time, 730.02 real, 330 MB
[runlim] sample:		738.91 time, 740.02 real, 331 MB
[runlim] sample:		748.90 time, 750.02 real, 332 MB
[runlim] sample:		758.89 time, 760.02 real, 500 MB
[runlim] sample:		768.88 time, 770.02 real, 466 MB
[runlim] sample:		778.87 time, 780.02 real, 466 MB
[runlim] sample:		788.86 time, 790.02 real, 466 MB
[runlim] sample:		798.85 time, 800.02 real, 466 MB
[runlim] sample:		808.84 time, 810.02 real, 466 MB
[runlim] sample:		818.83 time, 820.02 real, 466 MB
[runlim] sample:		828.82 time, 830.02 real, 466 MB
[runlim] sample:		838.81 time, 840.02 real, 466 MB
[runlim] sample:		848.80 time, 850.02 real, 466 MB
[runlim] sample:		858.79 time, 860.02 real, 466 MB
[runlim] sample:		868.78 time, 870.02 real, 466 MB
[runlim] sample:		878.77 time, 880.02 real, 466 MB
[runlim] sample:		888.75 time, 890.02 real, 466 MB
[runlim] sample:		898.74 time, 900.02 real, 466 MB
[runlim] sample:		908.73 time, 910.02 real, 466 MB
[runlim] sample:		918.72 time, 920.02 real, 466 MB
[runlim] sample:		928.72 time, 930.02 real, 466 MB
[runlim] sample:		938.71 time, 940.02 real, 466 MB
[runlim] sample:		948.69 time, 950.02 real, 466 MB
[runlim] sample:		958.68 time, 960.02 real, 466 MB
[runlim] sample:		968.67 time, 970.02 real, 466 MB
[runlim] sample:		978.67 time, 980.02 real, 466 MB
[runlim] sample:		988.65 time, 990.02 real, 466 MB
[runlim] sample:		998.64 time, 1000.02 real, 466 MB
[runlim] sample:		1008.63 time, 1010.02 real, 466 MB
[runlim] sample:		1018.62 time, 1020.02 real, 466 MB
[runlim] sample:		1028.61 time, 1030.02 real, 466 MB
[runlim] sample:		1038.60 time, 1040.02 real, 466 MB
[runlim] sample:		1048.59 time, 1050.02 real, 466 MB
[runlim] sample:		1058.58 time, 1060.02 real, 466 MB
[runlim] sample:		1068.57 time, 1070.02 real, 466 MB
[runlim] sample:		1078.56 time, 1080.02 real, 466 MB
[runlim] sample:		1088.54 time, 1090.02 real, 466 MB
[runlim] sample:		1098.53 time, 1100.02 real, 466 MB
[runlim] sample:		1108.52 time, 1110.02 real, 466 MB
[runlim] sample:		1118.52 time, 1120.02 real, 466 MB
[runlim] sample:		1128.50 time, 1130.02 real, 466 MB
[runlim] sample:		1138.49 time, 1140.02 real, 466 MB
[runlim] sample:		1148.48 time, 1150.02 real, 466 MB
[runlim] sample:		1158.47 time, 1160.02 real, 466 MB
[runlim] sample:		1168.46 time, 1170.02 real, 467 MB
[runlim] sample:		1178.45 time, 1180.02 real, 468 MB
[runlim] sample:		1188.44 time, 1190.02 real, 469 MB
[runlim] sample:		1198.43 time, 1200.02 real, 470 MB
[runlim] sample:		1208.42 time, 1210.02 real, 472 MB
[runlim] sample:		1218.40 time, 1220.02 real, 473 MB
[runlim] sample:		1228.40 time, 1230.02 real, 474 MB
[runlim] sample:		1238.39 time, 1240.02 real, 476 MB
[runlim] sample:		1248.38 time, 1250.02 real, 477 MB
[runlim] sample:		1258.36 time, 1260.02 real, 478 MB
[runlim] sample:		1268.35 time, 1270.02 real, 479 MB
[runlim] sample:		1278.34 time, 1280.02 real, 480 MB
[runlim] sample:		1288.33 time, 1290.02 real, 481 MB
[runlim] sample:		1298.32 time, 1300.02 real, 482 MB
[runlim] sample:		1308.32 time, 1310.02 real, 483 MB
[runlim] sample:		1318.30 time, 1320.02 real, 485 MB
[runlim] sample:		1328.29 time, 1330.02 real, 486 MB
[runlim] sample:		1338.28 time, 1340.02 real, 487 MB
[runlim] sample:		1348.27 time, 1350.02 real, 488 MB
[runlim] sample:		1358.26 time, 1360.02 real, 489 MB
[runlim] sample:		1368.25 time, 1370.02 real, 490 MB
[runlim] sample:		1378.24 time, 1380.02 real, 491 MB
[runlim] sample:		1388.23 time, 1390.02 real, 492 MB
[runlim] sample:		1398.22 time, 1400.02 real, 493 MB
[runlim] sample:		1408.21 time, 1410.02 real, 494 MB
[runlim] sample:		1418.19 time, 1420.02 real, 496 MB
[runlim] sample:		1428.19 time, 1430.02 real, 496 MB
[runlim] sample:		1438.18 time, 1440.02 real, 497 MB
[runlim] sample:		1448.16 time, 1450.02 real, 498 MB
[runlim] sample:		1458.15 time, 1460.02 real, 499 MB
[runlim] sample:		1468.15 time, 1470.02 real, 500 MB
[runlim] sample:		1478.14 time, 1480.02 real, 501 MB
[runlim] sample:		1488.13 time, 1490.02 real, 502 MB
[runlim] sample:		1498.11 time, 1500.02 real, 503 MB
[runlim] sample:		1508.10 time, 1510.02 real, 504 MB
[runlim] sample:		1518.10 time, 1520.02 real, 505 MB
[runlim] sample:		1528.08 time, 1530.02 real, 505 MB
[runlim] sample:		1538.07 time, 1540.02 real, 506 MB
[runlim] sample:		1548.06 time, 1550.02 real, 507 MB
[runlim] sample:		1558.05 time, 1560.02 real, 508 MB
[runlim] sample:		1568.04 time, 1570.02 real, 509 MB
[runlim] sample:		1578.03 time, 1580.02 real, 510 MB
[runlim] sample:		1588.03 time, 1590.02 real, 511 MB
[runlim] sample:		1598.01 time, 1600.02 real, 511 MB
[runlim] sample:		1608.00 time, 1610.02 real, 512 MB
[runlim] sample:		1617.99 time, 1620.02 real, 513 MB
[runlim] sample:		1627.98 time, 1630.02 real, 514 MB
[runlim] sample:		1637.97 time, 1640.02 real, 515 MB
[runlim] sample:		1647.96 time, 1650.02 real, 515 MB
[runlim] sample:		1657.95 time, 1660.02 real, 516 MB
[runlim] sample:		1667.94 time, 1670.02 real, 517 MB
[runlim] sample:		1677.93 time, 1680.02 real, 518 MB
[runlim] sample:		1687.92 time, 1690.02 real, 519 MB
[runlim] sample:		1697.90 time, 1700.02 real, 520 MB
[runlim] sample:		1707.90 time, 1710.02 real, 521 MB
[runlim] sample:		1717.89 time, 1720.02 real, 522 MB
[runlim] sample:		1727.88 time, 1730.02 real, 523 MB
[runlim] sample:		1737.87 time, 1740.02 real, 524 MB
[runlim] sample:		1747.86 time, 1750.02 real, 524 MB
[runlim] sample:		1757.85 time, 1760.02 real, 525 MB
[runlim] sample:		1767.84 time, 1770.02 real, 526 MB
[runlim] sample:		1777.83 time, 1780.02 real, 527 MB
[runlim] sample:		1787.82 time, 1790.02 real, 528 MB
[runlim] sample:		1797.80 time, 1800.02 real, 529 MB
[runlim] sample:		1807.80 time, 1810.02 real, 530 MB
[runlim] sample:		1817.79 time, 1820.02 real, 530 MB
[runlim] sample:		1827.78 time, 1830.02 real, 531 MB
[runlim] sample:		1837.77 time, 1840.02 real, 532 MB
[runlim] sample:		1847.76 time, 1850.02 real, 533 MB
[runlim] sample:		1857.74 time, 1860.02 real, 534 MB
[runlim] sample:		1867.73 time, 1870.02 real, 535 MB
[runlim] sample:		1877.72 time, 1880.02 real, 535 MB
[runlim] sample:		1887.71 time, 1890.02 real, 536 MB
[runlim] sample:		1897.70 time, 1900.02 real, 537 MB
[runlim] sample:		1907.68 time, 1910.02 real, 538 MB
[runlim] sample:		1917.68 time, 1920.02 real, 538 MB
[runlim] sample:		1927.67 time, 1930.02 real, 539 MB
[runlim] sample:		1937.65 time, 1940.02 real, 540 MB
[runlim] sample:		1947.65 time, 1950.02 real, 541 MB
[runlim] sample:		1957.64 time, 1960.02 real, 542 MB
[runlim] sample:		1967.62 time, 1970.02 real, 543 MB
[runlim] sample:		1977.61 time, 1980.02 real, 543 MB
[runlim] sample:		1987.60 time, 1990.02 real, 544 MB
[runlim] sample:		1997.59 time, 2000.02 real, 545 MB
[runlim] sample:		2007.58 time, 2010.02 real, 545 MB
[runlim] sample:		2017.57 time, 2020.02 real, 546 MB
[runlim] sample:		2027.56 time, 2030.02 real, 547 MB
[runlim] sample:		2037.55 time, 2040.02 real, 548 MB
[runlim] sample:		2047.54 time, 2050.02 real, 548 MB
[runlim] sample:		2057.53 time, 2060.02 real, 549 MB
[runlim] sample:		2067.52 time, 2070.02 real, 550 MB
[runlim] sample:		2077.51 time, 2080.02 real, 550 MB
[runlim] sample:		2087.50 time, 2090.02 real, 551 MB
[runlim] sample:		2097.49 time, 2100.02 real, 552 MB
[runlim] sample:		2107.48 time, 2110.02 real, 552 MB
[runlim] sample:		2117.47 time, 2120.02 real, 553 MB
[runlim] sample:		2127.46 time, 2130.02 real, 554 MB
[runlim] sample:		2137.45 time, 2140.02 real, 554 MB
[runlim] sample:		2147.43 time, 2150.02 real, 555 MB
[runlim] sample:		2157.43 time, 2160.02 real, 556 MB
[runlim] sample:		2167.42 time, 2170.02 real, 556 MB
[runlim] sample:		2177.40 time, 2180.02 real, 557 MB
[runlim] sample:		2187.39 time, 2190.02 real, 558 MB
[runlim] sample:		2197.39 time, 2200.02 real, 558 MB
[runlim] sample:		2207.37 time, 2210.02 real, 559 MB
[runlim] sample:		2217.36 time, 2220.02 real, 560 MB
[runlim] sample:		2227.36 time, 2230.02 real, 560 MB
[runlim] sample:		2237.34 time, 2240.02 real, 561 MB
[runlim] sample:		2247.33 time, 2250.02 real, 561 MB
[runlim] sample:		2257.32 time, 2260.02 real, 562 MB
[runlim] sample:		2267.31 time, 2270.02 real, 563 MB
[runlim] sample:		2277.30 time, 2280.02 real, 563 MB
[runlim] sample:		2287.29 time, 2290.02 real, 563 MB
[runlim] sample:		2297.28 time, 2300.02 real, 563 MB
[runlim] sample:		2307.27 time, 2310.02 real, 563 MB
[runlim] sample:		2317.26 time, 2320.02 real, 563 MB
[runlim] sample:		2327.25 time, 2330.02 real, 563 MB
[runlim] sample:		2337.23 time, 2340.02 real, 563 MB
[runlim] sample:		2347.23 time, 2350.02 real, 563 MB
[runlim] sample:		2357.22 time, 2360.02 real, 563 MB
[runlim] sample:		2367.21 time, 2370.02 real, 563 MB
[runlim] sample:		2377.20 time, 2380.02 real, 563 MB
[runlim] sample:		2387.18 time, 2390.02 real, 563 MB
[runlim] sample:		2397.17 time, 2400.02 real, 563 MB
[runlim] sample:		2407.17 time, 2410.02 real, 563 MB
[runlim] sample:		2417.16 time, 2420.02 real, 563 MB
[runlim] sample:		2427.14 time, 2430.02 real, 563 MB
[runlim] sample:		2437.14 time, 2440.02 real, 563 MB
[runlim] sample:		2447.13 time, 2450.02 real, 563 MB
[runlim] sample:		2457.11 time, 2460.02 real, 563 MB
[runlim] sample:		2467.10 time, 2470.02 real, 563 MB
[runlim] sample:		2477.09 time, 2480.02 real, 563 MB
[runlim] sample:		2487.08 time, 2490.02 real, 563 MB
[runlim] sample:		2497.07 time, 2500.02 real, 563 MB
[runlim] sample:		2507.06 time, 2510.02 real, 563 MB
[runlim] sample:		2517.05 time, 2520.02 real, 563 MB
[runlim] sample:		2527.03 time, 2530.02 real, 563 MB
[runlim] sample:		2537.03 time, 2540.02 real, 563 MB
[runlim] sample:		2547.02 time, 2550.02 real, 563 MB
[runlim] sample:		2557.01 time, 2560.02 real, 563 MB
[runlim] sample:		2566.99 time, 2570.02 real, 563 MB
[runlim] sample:		2576.98 time, 2580.02 real, 563 MB
[runlim] sample:		2586.97 time, 2590.02 real, 563 MB
[runlim] sample:		2596.96 time, 2600.02 real, 563 MB
[runlim] sample:		2606.95 time, 2610.02 real, 563 MB
[runlim] sample:		2616.94 time, 2620.02 real, 563 MB
[runlim] sample:		2626.93 time, 2630.02 real, 563 MB
[runlim] sample:		2636.92 time, 2640.02 real, 563 MB
[runlim] sample:		2646.91 time, 2650.02 real, 563 MB
[runlim] sample:		2656.89 time, 2660.02 real, 563 MB
[runlim] sample:		2666.89 time, 2670.02 real, 563 MB
[runlim] sample:		2676.88 time, 2680.02 real, 563 MB
[runlim] sample:		2686.87 time, 2690.02 real, 563 MB
[runlim] sample:		2696.86 time, 2700.02 real, 563 MB
[runlim] end:			Sat Feb 29 07:02:05 2020
[runlim] status:		out of time
[runlim] result:		2
[runlim] children:		1
[runlim] real:			2700.13 seconds
[runlim] time:			2696.86 seconds
[runlim] space:			563 MB
[runlim] samples:		27000
