[runlim] version:		1.18
[runlim] host:			c3n29
[runlim] time limit:		2700 seconds
[runlim] real time limit:	2700 seconds
[runlim] space limit:		7000 MB
[runlim] argv[0]:		./binary
[runlim] argv[1]:		/data/cnf/ankit/E1-A1-Red/hex_rand_6x6-20m-6.dqbf
[runlim] start:			Sat Feb 29 06:17:05 2020
[runlim] child:			8871
[runlim] sample:		9.91 time, 10.02 real, 77 MB
[runlim] sample:		19.91 time, 20.02 real, 116 MB
[runlim] sample:		29.91 time, 30.02 real, 143 MB
[runlim] sample:		39.91 time, 40.02 real, 143 MB
[runlim] sample:		49.91 time, 50.02 real, 143 MB
[runlim] sample:		59.90 time, 60.02 real, 185 MB
[runlim] sample:		69.91 time, 70.02 real, 180 MB
[runlim] sample:		79.91 time, 80.02 real, 196 MB
[runlim] sample:		89.91 time, 90.02 real, 201 MB
[runlim] sample:		99.91 time, 100.02 real, 239 MB
[runlim] sample:		109.91 time, 110.02 real, 242 MB
[runlim] sample:		119.91 time, 120.02 real, 282 MB
[runlim] sample:		129.91 time, 130.02 real, 282 MB
[runlim] sample:		139.91 time, 140.02 real, 289 MB
[runlim] sample:		149.91 time, 150.02 real, 300 MB
[runlim] sample:		159.91 time, 160.02 real, 300 MB
[runlim] sample:		169.91 time, 170.02 real, 300 MB
[runlim] sample:		179.91 time, 180.02 real, 300 MB
[runlim] sample:		189.91 time, 190.02 real, 300 MB
[runlim] sample:		199.91 time, 200.02 real, 300 MB
[runlim] sample:		209.91 time, 210.02 real, 300 MB
[runlim] sample:		219.91 time, 220.02 real, 300 MB
[runlim] sample:		229.91 time, 230.02 real, 300 MB
[runlim] sample:		239.91 time, 240.02 real, 300 MB
[runlim] sample:		249.91 time, 250.02 real, 302 MB
[runlim] sample:		259.91 time, 260.02 real, 342 MB
[runlim] sample:		269.91 time, 270.02 real, 342 MB
[runlim] sample:		279.90 time, 280.02 real, 352 MB
[runlim] sample:		289.90 time, 290.02 real, 352 MB
[runlim] sample:		299.91 time, 300.02 real, 357 MB
[runlim] sample:		309.91 time, 310.02 real, 367 MB
[runlim] sample:		319.91 time, 320.02 real, 374 MB
[runlim] sample:		329.91 time, 330.02 real, 380 MB
[runlim] sample:		339.91 time, 340.02 real, 390 MB
[runlim] sample:		349.91 time, 350.02 real, 392 MB
[runlim] sample:		359.91 time, 360.02 real, 397 MB
[runlim] sample:		369.91 time, 370.02 real, 401 MB
[runlim] sample:		379.91 time, 380.02 real, 405 MB
[runlim] sample:		389.90 time, 390.02 real, 408 MB
[runlim] sample:		399.90 time, 400.02 real, 412 MB
[runlim] sample:		409.91 time, 410.02 real, 415 MB
[runlim] sample:		419.90 time, 420.02 real, 418 MB
[runlim] sample:		429.90 time, 430.02 real, 422 MB
[runlim] sample:		439.90 time, 440.02 real, 425 MB
[runlim] sample:		449.90 time, 450.02 real, 428 MB
[runlim] sample:		459.90 time, 460.02 real, 430 MB
[runlim] sample:		469.90 time, 470.02 real, 433 MB
[runlim] sample:		479.90 time, 480.02 real, 436 MB
[runlim] sample:		489.90 time, 490.02 real, 438 MB
[runlim] sample:		499.90 time, 500.02 real, 441 MB
[runlim] sample:		509.90 time, 510.02 real, 444 MB
[runlim] sample:		519.89 time, 520.02 real, 446 MB
[runlim] sample:		529.90 time, 530.02 real, 449 MB
[runlim] sample:		539.89 time, 540.02 real, 451 MB
[runlim] sample:		549.89 time, 550.02 real, 453 MB
[runlim] sample:		559.89 time, 560.02 real, 456 MB
[runlim] sample:		569.89 time, 570.02 real, 458 MB
[runlim] sample:		579.89 time, 580.02 real, 460 MB
[runlim] sample:		589.90 time, 590.02 real, 463 MB
[runlim] sample:		599.90 time, 600.02 real, 465 MB
[runlim] sample:		609.90 time, 610.02 real, 467 MB
[runlim] sample:		619.90 time, 620.02 real, 469 MB
[runlim] sample:		629.90 time, 630.02 real, 471 MB
[runlim] sample:		639.89 time, 640.02 real, 473 MB
[runlim] sample:		649.89 time, 650.02 real, 475 MB
[runlim] sample:		659.90 time, 660.02 real, 477 MB
[runlim] sample:		669.90 time, 670.02 real, 479 MB
[runlim] sample:		679.89 time, 680.02 real, 481 MB
[runlim] sample:		689.89 time, 690.02 real, 483 MB
[runlim] sample:		699.90 time, 700.02 real, 485 MB
[runlim] sample:		709.90 time, 710.02 real, 487 MB
[runlim] sample:		719.90 time, 720.02 real, 489 MB
[runlim] sample:		729.89 time, 730.02 real, 491 MB
[runlim] sample:		739.90 time, 740.02 real, 493 MB
[runlim] sample:		749.90 time, 750.02 real, 495 MB
[runlim] sample:		759.89 time, 760.02 real, 496 MB
[runlim] sample:		769.89 time, 770.02 real, 498 MB
[runlim] sample:		779.90 time, 780.02 real, 500 MB
[runlim] sample:		789.90 time, 790.02 real, 502 MB
[runlim] sample:		799.90 time, 800.02 real, 504 MB
[runlim] sample:		809.90 time, 810.02 real, 505 MB
[runlim] sample:		819.89 time, 820.02 real, 507 MB
[runlim] sample:		829.89 time, 830.02 real, 509 MB
[runlim] sample:		839.90 time, 840.02 real, 510 MB
[runlim] sample:		849.90 time, 850.02 real, 512 MB
[runlim] sample:		859.90 time, 860.02 real, 514 MB
[runlim] sample:		869.90 time, 870.02 real, 515 MB
[runlim] sample:		879.89 time, 880.02 real, 517 MB
[runlim] sample:		889.89 time, 890.02 real, 517 MB
[runlim] sample:		899.89 time, 900.02 real, 517 MB
[runlim] sample:		909.89 time, 910.02 real, 517 MB
[runlim] sample:		919.89 time, 920.02 real, 517 MB
[runlim] sample:		929.89 time, 930.02 real, 517 MB
[runlim] sample:		939.89 time, 940.02 real, 517 MB
[runlim] sample:		949.89 time, 950.02 real, 517 MB
[runlim] sample:		959.89 time, 960.02 real, 517 MB
[runlim] sample:		969.89 time, 970.02 real, 517 MB
[runlim] sample:		979.89 time, 980.02 real, 517 MB
[runlim] sample:		989.89 time, 990.02 real, 518 MB
[runlim] sample:		999.89 time, 1000.02 real, 519 MB
[runlim] sample:		1009.89 time, 1010.02 real, 520 MB
[runlim] sample:		1019.89 time, 1020.02 real, 521 MB
[runlim] sample:		1029.90 time, 1030.02 real, 522 MB
[runlim] sample:		1039.90 time, 1040.02 real, 523 MB
[runlim] sample:		1049.89 time, 1050.02 real, 524 MB
[runlim] sample:		1059.89 time, 1060.02 real, 525 MB
[runlim] sample:		1069.89 time, 1070.02 real, 526 MB
[runlim] sample:		1079.89 time, 1080.02 real, 527 MB
[runlim] sample:		1089.89 time, 1090.02 real, 528 MB
[runlim] sample:		1099.89 time, 1100.02 real, 529 MB
[runlim] sample:		1109.89 time, 1110.02 real, 530 MB
[runlim] sample:		1119.89 time, 1120.02 real, 531 MB
[runlim] sample:		1129.89 time, 1130.02 real, 532 MB
[runlim] sample:		1139.89 time, 1140.02 real, 533 MB
[runlim] sample:		1149.89 time, 1150.02 real, 534 MB
[runlim] sample:		1159.89 time, 1160.02 real, 536 MB
[runlim] sample:		1169.89 time, 1170.02 real, 536 MB
[runlim] sample:		1179.89 time, 1180.02 real, 537 MB
[runlim] sample:		1189.89 time, 1190.02 real, 538 MB
[runlim] sample:		1199.89 time, 1200.02 real, 539 MB
[runlim] sample:		1209.89 time, 1210.02 real, 540 MB
[runlim] sample:		1219.89 time, 1220.02 real, 541 MB
[runlim] sample:		1229.89 time, 1230.02 real, 542 MB
[runlim] sample:		1239.89 time, 1240.02 real, 543 MB
[runlim] sample:		1249.89 time, 1250.02 real, 544 MB
[runlim] sample:		1259.89 time, 1260.02 real, 545 MB
[runlim] sample:		1269.89 time, 1270.02 real, 546 MB
[runlim] sample:		1279.90 time, 1280.02 real, 547 MB
[runlim] sample:		1289.90 time, 1290.02 real, 548 MB
[runlim] sample:		1299.90 time, 1300.02 real, 548 MB
[runlim] sample:		1309.90 time, 1310.02 real, 549 MB
[runlim] sample:		1319.90 time, 1320.02 real, 550 MB
[runlim] sample:		1329.89 time, 1330.02 real, 551 MB
[runlim] sample:		1339.89 time, 1340.02 real, 552 MB
[runlim] sample:		1349.89 time, 1350.02 real, 553 MB
[runlim] sample:		1359.89 time, 1360.02 real, 554 MB
[runlim] sample:		1369.89 time, 1370.02 real, 555 MB
[runlim] sample:		1379.89 time, 1380.02 real, 555 MB
[runlim] sample:		1389.89 time, 1390.02 real, 556 MB
[runlim] sample:		1399.89 time, 1400.02 real, 557 MB
[runlim] sample:		1409.89 time, 1410.02 real, 558 MB
[runlim] sample:		1419.89 time, 1420.02 real, 559 MB
[runlim] sample:		1429.89 time, 1430.02 real, 560 MB
[runlim] sample:		1439.89 time, 1440.02 real, 561 MB
[runlim] sample:		1449.89 time, 1450.02 real, 561 MB
[runlim] sample:		1459.89 time, 1460.02 real, 562 MB
[runlim] sample:		1469.89 time, 1470.02 real, 563 MB
[runlim] sample:		1479.89 time, 1480.02 real, 564 MB
[runlim] sample:		1489.89 time, 1490.02 real, 565 MB
[runlim] sample:		1499.89 time, 1500.02 real, 565 MB
[runlim] sample:		1509.89 time, 1510.02 real, 566 MB
[runlim] sample:		1519.89 time, 1520.02 real, 569 MB
[runlim] sample:		1529.89 time, 1530.02 real, 569 MB
[runlim] sample:		1539.89 time, 1540.02 real, 570 MB
[runlim] sample:		1549.89 time, 1550.02 real, 572 MB
[runlim] sample:		1559.89 time, 1560.02 real, 573 MB
[runlim] sample:		1569.89 time, 1570.02 real, 573 MB
[runlim] sample:		1579.88 time, 1580.02 real, 574 MB
[runlim] sample:		1589.88 time, 1590.02 real, 575 MB
[runlim] sample:		1599.89 time, 1600.02 real, 575 MB
[runlim] sample:		1609.89 time, 1610.02 real, 576 MB
[runlim] sample:		1619.89 time, 1620.02 real, 577 MB
[runlim] sample:		1629.89 time, 1630.02 real, 578 MB
[runlim] sample:		1639.89 time, 1640.02 real, 578 MB
[runlim] sample:		1649.89 time, 1650.02 real, 579 MB
[runlim] sample:		1659.89 time, 1660.02 real, 580 MB
[runlim] sample:		1669.89 time, 1670.02 real, 580 MB
[runlim] sample:		1679.89 time, 1680.02 real, 581 MB
[runlim] sample:		1689.88 time, 1690.02 real, 582 MB
[runlim] sample:		1699.88 time, 1700.02 real, 582 MB
[runlim] sample:		1709.88 time, 1710.02 real, 583 MB
[runlim] sample:		1719.88 time, 1720.02 real, 584 MB
[runlim] sample:		1729.88 time, 1730.02 real, 584 MB
[runlim] sample:		1739.88 time, 1740.02 real, 585 MB
[runlim] sample:		1749.88 time, 1750.02 real, 586 MB
[runlim] sample:		1759.88 time, 1760.02 real, 587 MB
[runlim] sample:		1769.89 time, 1770.02 real, 599 MB
[runlim] sample:		1779.89 time, 1780.02 real, 599 MB
[runlim] sample:		1789.89 time, 1790.02 real, 599 MB
[runlim] sample:		1799.89 time, 1800.02 real, 599 MB
[runlim] sample:		1809.89 time, 1810.02 real, 599 MB
[runlim] sample:		1819.89 time, 1820.02 real, 599 MB
[runlim] sample:		1829.89 time, 1830.02 real, 599 MB
[runlim] sample:		1839.89 time, 1840.02 real, 599 MB
[runlim] sample:		1849.89 time, 1850.02 real, 599 MB
[runlim] sample:		1859.89 time, 1860.02 real, 599 MB
[runlim] sample:		1869.89 time, 1870.02 real, 600 MB
[runlim] sample:		1879.89 time, 1880.02 real, 600 MB
[runlim] sample:		1889.88 time, 1890.02 real, 601 MB
[runlim] sample:		1899.88 time, 1900.02 real, 601 MB
[runlim] sample:		1909.88 time, 1910.02 real, 602 MB
[runlim] sample:		1919.89 time, 1920.02 real, 603 MB
[runlim] sample:		1929.89 time, 1930.02 real, 603 MB
[runlim] sample:		1939.89 time, 1940.02 real, 604 MB
[runlim] sample:		1949.89 time, 1950.02 real, 605 MB
[runlim] sample:		1959.89 time, 1960.02 real, 605 MB
[runlim] sample:		1969.89 time, 1970.02 real, 606 MB
[runlim] sample:		1979.89 time, 1980.02 real, 607 MB
[runlim] sample:		1989.89 time, 1990.02 real, 607 MB
[runlim] sample:		1999.89 time, 2000.02 real, 608 MB
[runlim] sample:		2009.89 time, 2010.02 real, 608 MB
[runlim] sample:		2019.89 time, 2020.02 real, 609 MB
[runlim] sample:		2029.89 time, 2030.02 real, 610 MB
[runlim] sample:		2039.88 time, 2040.02 real, 610 MB
[runlim] sample:		2049.89 time, 2050.02 real, 611 MB
[runlim] sample:		2059.89 time, 2060.02 real, 612 MB
[runlim] sample:		2069.89 time, 2070.02 real, 612 MB
[runlim] sample:		2079.89 time, 2080.02 real, 613 MB
[runlim] sample:		2089.89 time, 2090.02 real, 614 MB
[runlim] sample:		2099.89 time, 2100.02 real, 614 MB
[runlim] sample:		2109.88 time, 2110.02 real, 615 MB
[runlim] sample:		2119.88 time, 2120.02 real, 615 MB
[runlim] sample:		2129.88 time, 2130.02 real, 616 MB
[runlim] sample:		2139.89 time, 2140.02 real, 616 MB
[runlim] sample:		2149.89 time, 2150.02 real, 617 MB
[runlim] sample:		2159.88 time, 2160.02 real, 618 MB
[runlim] sample:		2169.88 time, 2170.02 real, 618 MB
[runlim] sample:		2179.89 time, 2180.02 real, 619 MB
[runlim] sample:		2189.89 time, 2190.02 real, 620 MB
[runlim] sample:		2199.89 time, 2200.02 real, 620 MB
[runlim] sample:		2209.89 time, 2210.02 real, 621 MB
[runlim] sample:		2219.89 time, 2220.02 real, 622 MB
[runlim] sample:		2229.89 time, 2230.02 real, 622 MB
[runlim] sample:		2239.89 time, 2240.02 real, 623 MB
[runlim] sample:		2249.89 time, 2250.02 real, 623 MB
[runlim] sample:		2259.89 time, 2260.02 real, 624 MB
[runlim] sample:		2269.89 time, 2270.02 real, 624 MB
[runlim] sample:		2279.89 time, 2280.02 real, 625 MB
[runlim] sample:		2289.88 time, 2290.02 real, 626 MB
[runlim] sample:		2299.88 time, 2300.02 real, 626 MB
[runlim] sample:		2309.88 time, 2310.02 real, 627 MB
[runlim] sample:		2319.88 time, 2320.02 real, 627 MB
[runlim] sample:		2329.88 time, 2330.02 real, 628 MB
[runlim] sample:		2339.88 time, 2340.02 real, 628 MB
[runlim] sample:		2349.88 time, 2350.02 real, 629 MB
[runlim] sample:		2359.88 time, 2360.02 real, 630 MB
[runlim] sample:		2369.88 time, 2370.02 real, 630 MB
[runlim] sample:		2379.88 time, 2380.02 real, 631 MB
[runlim] sample:		2389.89 time, 2390.02 real, 632 MB
[runlim] sample:		2399.89 time, 2400.02 real, 632 MB
[runlim] sample:		2409.88 time, 2410.02 real, 633 MB
[runlim] sample:		2419.88 time, 2420.02 real, 633 MB
[runlim] sample:		2429.88 time, 2430.02 real, 634 MB
[runlim] sample:		2439.88 time, 2440.02 real, 634 MB
[runlim] sample:		2449.88 time, 2450.02 real, 635 MB
[runlim] sample:		2459.88 time, 2460.02 real, 635 MB
[runlim] sample:		2469.88 time, 2470.02 real, 636 MB
[runlim] sample:		2479.88 time, 2480.02 real, 637 MB
[runlim] sample:		2489.89 time, 2490.02 real, 637 MB
[runlim] sample:		2499.89 time, 2500.02 real, 638 MB
[runlim] sample:		2509.88 time, 2510.02 real, 639 MB
[runlim] sample:		2519.88 time, 2520.02 real, 639 MB
[runlim] sample:		2529.88 time, 2530.02 real, 811 MB
[runlim] sample:		2539.88 time, 2540.02 real, 789 MB
[runlim] sample:		2549.88 time, 2550.02 real, 789 MB
[runlim] sample:		2559.88 time, 2560.02 real, 789 MB
[runlim] sample:		2569.88 time, 2570.02 real, 789 MB
[runlim] sample:		2579.88 time, 2580.02 real, 789 MB
[runlim] sample:		2589.88 time, 2590.02 real, 789 MB
[runlim] sample:		2599.88 time, 2600.02 real, 789 MB
[runlim] sample:		2609.88 time, 2610.02 real, 789 MB
[runlim] sample:		2619.88 time, 2620.02 real, 789 MB
[runlim] sample:		2629.88 time, 2630.02 real, 789 MB
[runlim] sample:		2639.88 time, 2640.02 real, 789 MB
[runlim] sample:		2649.88 time, 2650.02 real, 789 MB
[runlim] sample:		2659.88 time, 2660.02 real, 789 MB
[runlim] sample:		2669.88 time, 2670.02 real, 789 MB
[runlim] sample:		2679.88 time, 2680.02 real, 789 MB
[runlim] sample:		2689.88 time, 2690.02 real, 789 MB
[runlim] sample:		2699.88 time, 2700.02 real, 789 MB
[runlim] end:			Sat Feb 29 07:02:05 2020
[runlim] status:		out of time
[runlim] result:		2
[runlim] children:		1
[runlim] real:			2700.10 seconds
[runlim] time:			2699.88 seconds
[runlim] space:			813 MB
[runlim] samples:		27000
