[runlim] version:		1.18
[runlim] host:			c3n30
[runlim] time limit:		2700 seconds
[runlim] real time limit:	2700 seconds
[runlim] space limit:		7000 MB
[runlim] argv[0]:		./binary
[runlim] argv[1]:		/data/cnf/ankit/E1-A1-Red/nreachq_query26_1344.dqbf
[runlim] start:			Sat Feb 29 06:17:06 2020
[runlim] child:			10123
[runlim] sample:		9.93 time, 10.02 real, 82 MB
[runlim] sample:		19.93 time, 20.02 real, 82 MB
[runlim] sample:		29.92 time, 30.02 real, 82 MB
[runlim] sample:		39.92 time, 40.02 real, 82 MB
[runlim] sample:		49.92 time, 50.02 real, 82 MB
[runlim] sample:		59.92 time, 60.02 real, 82 MB
[runlim] sample:		69.92 time, 70.02 real, 82 MB
[runlim] sample:		79.92 time, 80.02 real, 82 MB
[runlim] sample:		89.93 time, 90.02 real, 84 MB
[runlim] sample:		99.93 time, 100.02 real, 84 MB
[runlim] sample:		109.93 time, 110.02 real, 84 MB
[runlim] sample:		119.93 time, 120.02 real, 84 MB
[runlim] sample:		129.93 time, 130.02 real, 84 MB
[runlim] sample:		139.93 time, 140.02 real, 84 MB
[runlim] sample:		149.93 time, 150.02 real, 85 MB
[runlim] sample:		159.93 time, 160.02 real, 85 MB
[runlim] sample:		169.93 time, 170.02 real, 89 MB
[runlim] sample:		179.93 time, 180.02 real, 93 MB
[runlim] sample:		189.92 time, 190.02 real, 112 MB
[runlim] sample:		199.92 time, 200.02 real, 113 MB
[runlim] sample:		209.92 time, 210.02 real, 113 MB
[runlim] sample:		219.92 time, 220.02 real, 116 MB
[runlim] sample:		229.92 time, 230.02 real, 121 MB
[runlim] sample:		239.93 time, 240.02 real, 126 MB
[runlim] sample:		249.93 time, 250.02 real, 136 MB
[runlim] sample:		259.92 time, 260.02 real, 147 MB
[runlim] sample:		269.92 time, 270.02 real, 152 MB
[runlim] sample:		279.92 time, 280.02 real, 169 MB
[runlim] sample:		289.92 time, 290.02 real, 179 MB
[runlim] sample:		299.93 time, 300.02 real, 194 MB
[runlim] sample:		309.92 time, 310.02 real, 211 MB
[runlim] sample:		319.93 time, 320.02 real, 236 MB
[runlim] sample:		329.93 time, 330.02 real, 241 MB
[runlim] sample:		339.92 time, 340.02 real, 243 MB
[runlim] sample:		349.93 time, 350.02 real, 254 MB
[runlim] sample:		359.92 time, 360.02 real, 301 MB
[runlim] sample:		369.92 time, 370.02 real, 296 MB
[runlim] sample:		379.92 time, 380.02 real, 312 MB
[runlim] sample:		389.92 time, 390.02 real, 334 MB
[runlim] sample:		399.92 time, 400.02 real, 337 MB
[runlim] sample:		409.93 time, 410.02 real, 337 MB
[runlim] sample:		419.93 time, 420.02 real, 339 MB
[runlim] sample:		429.92 time, 430.02 real, 388 MB
[runlim] sample:		439.92 time, 440.02 real, 415 MB
[runlim] sample:		449.92 time, 450.02 real, 415 MB
[runlim] sample:		459.92 time, 460.02 real, 423 MB
[runlim] sample:		469.92 time, 470.02 real, 423 MB
[runlim] sample:		479.92 time, 480.02 real, 423 MB
[runlim] sample:		489.92 time, 490.02 real, 423 MB
[runlim] sample:		499.92 time, 500.02 real, 430 MB
[runlim] sample:		509.92 time, 510.02 real, 437 MB
[runlim] sample:		519.92 time, 520.02 real, 446 MB
[runlim] sample:		529.92 time, 530.02 real, 451 MB
[runlim] sample:		539.91 time, 540.02 real, 456 MB
[runlim] sample:		549.91 time, 550.02 real, 459 MB
[runlim] sample:		559.92 time, 560.02 real, 463 MB
[runlim] sample:		569.91 time, 570.02 real, 465 MB
[runlim] sample:		579.91 time, 580.02 real, 468 MB
[runlim] sample:		589.91 time, 590.02 real, 477 MB
[runlim] sample:		599.92 time, 600.02 real, 534 MB
[runlim] sample:		609.91 time, 610.02 real, 523 MB
[runlim] sample:		619.91 time, 620.02 real, 523 MB
[runlim] sample:		629.90 time, 630.02 real, 524 MB
[runlim] sample:		639.91 time, 640.02 real, 534 MB
[runlim] sample:		649.91 time, 650.02 real, 600 MB
[runlim] sample:		659.90 time, 660.02 real, 600 MB
[runlim] sample:		669.90 time, 670.02 real, 588 MB
[runlim] sample:		679.91 time, 680.02 real, 589 MB
[runlim] sample:		689.90 time, 690.02 real, 595 MB
[runlim] sample:		699.90 time, 700.02 real, 601 MB
[runlim] sample:		709.90 time, 710.02 real, 608 MB
[runlim] sample:		719.90 time, 720.02 real, 613 MB
[runlim] sample:		729.90 time, 730.02 real, 617 MB
[runlim] sample:		739.90 time, 740.02 real, 619 MB
[runlim] sample:		749.90 time, 750.02 real, 621 MB
[runlim] sample:		759.90 time, 760.02 real, 623 MB
[runlim] sample:		769.89 time, 770.02 real, 626 MB
[runlim] sample:		779.90 time, 780.02 real, 629 MB
[runlim] sample:		789.90 time, 790.02 real, 632 MB
[runlim] sample:		799.90 time, 800.02 real, 634 MB
[runlim] sample:		809.89 time, 810.02 real, 637 MB
[runlim] sample:		819.90 time, 820.02 real, 640 MB
[runlim] sample:		829.90 time, 830.02 real, 642 MB
[runlim] sample:		839.89 time, 840.02 real, 645 MB
[runlim] sample:		849.89 time, 850.02 real, 648 MB
[runlim] sample:		859.89 time, 860.02 real, 649 MB
[runlim] sample:		869.89 time, 870.02 real, 651 MB
[runlim] sample:		879.89 time, 880.02 real, 652 MB
[runlim] sample:		889.89 time, 890.02 real, 654 MB
[runlim] sample:		899.89 time, 900.02 real, 655 MB
[runlim] sample:		909.88 time, 910.02 real, 658 MB
[runlim] sample:		919.88 time, 920.02 real, 660 MB
[runlim] sample:		929.88 time, 930.02 real, 718 MB
[runlim] sample:		939.88 time, 940.02 real, 718 MB
[runlim] sample:		949.88 time, 950.02 real, 718 MB
[runlim] sample:		959.88 time, 960.02 real, 718 MB
[runlim] sample:		969.88 time, 970.02 real, 718 MB
[runlim] sample:		979.88 time, 980.02 real, 718 MB
[runlim] sample:		989.88 time, 990.02 real, 718 MB
[runlim] sample:		999.88 time, 1000.02 real, 718 MB
[runlim] sample:		1009.88 time, 1010.02 real, 718 MB
[runlim] sample:		1019.88 time, 1020.02 real, 718 MB
[runlim] sample:		1029.88 time, 1030.02 real, 718 MB
[runlim] sample:		1039.88 time, 1040.02 real, 718 MB
[runlim] sample:		1049.87 time, 1050.02 real, 718 MB
[runlim] sample:		1059.87 time, 1060.02 real, 718 MB
[runlim] sample:		1069.87 time, 1070.02 real, 718 MB
[runlim] sample:		1079.87 time, 1080.02 real, 718 MB
[runlim] sample:		1089.87 time, 1090.02 real, 720 MB
[runlim] sample:		1099.86 time, 1100.02 real, 723 MB
[runlim] sample:		1109.87 time, 1110.02 real, 725 MB
[runlim] sample:		1119.87 time, 1120.02 real, 727 MB
[runlim] sample:		1129.86 time, 1130.02 real, 729 MB
[runlim] sample:		1139.87 time, 1140.02 real, 731 MB
[runlim] sample:		1149.86 time, 1150.02 real, 732 MB
[runlim] sample:		1159.86 time, 1160.02 real, 734 MB
[runlim] sample:		1169.87 time, 1170.02 real, 736 MB
[runlim] sample:		1179.86 time, 1180.02 real, 738 MB
[runlim] sample:		1189.86 time, 1190.02 real, 739 MB
[runlim] sample:		1199.86 time, 1200.02 real, 740 MB
[runlim] sample:		1209.86 time, 1210.02 real, 742 MB
[runlim] sample:		1219.86 time, 1220.02 real, 744 MB
[runlim] sample:		1229.85 time, 1230.02 real, 746 MB
[runlim] sample:		1239.85 time, 1240.02 real, 747 MB
[runlim] sample:		1249.86 time, 1250.02 real, 748 MB
[runlim] sample:		1259.85 time, 1260.02 real, 749 MB
[runlim] sample:		1269.86 time, 1270.02 real, 752 MB
[runlim] sample:		1279.85 time, 1280.02 real, 753 MB
[runlim] sample:		1289.85 time, 1290.02 real, 754 MB
[runlim] sample:		1299.85 time, 1300.02 real, 755 MB
[runlim] sample:		1309.85 time, 1310.02 real, 756 MB
[runlim] sample:		1319.84 time, 1320.02 real, 790 MB
[runlim] sample:		1329.85 time, 1330.02 real, 839 MB
[runlim] sample:		1339.84 time, 1340.02 real, 839 MB
[runlim] sample:		1349.84 time, 1350.02 real, 839 MB
[runlim] sample:		1359.85 time, 1360.02 real, 839 MB
[runlim] sample:		1369.85 time, 1370.02 real, 839 MB
[runlim] sample:		1379.84 time, 1380.02 real, 839 MB
[runlim] sample:		1389.84 time, 1390.02 real, 839 MB
[runlim] sample:		1399.85 time, 1400.02 real, 839 MB
[runlim] sample:		1409.85 time, 1410.02 real, 839 MB
[runlim] sample:		1419.84 time, 1420.02 real, 839 MB
[runlim] sample:		1429.84 time, 1430.02 real, 839 MB
[runlim] sample:		1439.83 time, 1440.02 real, 839 MB
[runlim] sample:		1449.83 time, 1450.02 real, 839 MB
[runlim] sample:		1459.83 time, 1460.02 real, 839 MB
[runlim] sample:		1469.83 time, 1470.02 real, 839 MB
[runlim] sample:		1479.83 time, 1480.02 real, 839 MB
[runlim] sample:		1489.84 time, 1490.02 real, 839 MB
[runlim] sample:		1499.84 time, 1500.02 real, 839 MB
[runlim] sample:		1509.83 time, 1510.02 real, 839 MB
[runlim] sample:		1519.83 time, 1520.02 real, 839 MB
[runlim] sample:		1529.83 time, 1530.02 real, 839 MB
[runlim] sample:		1539.83 time, 1540.02 real, 848 MB
[runlim] sample:		1549.83 time, 1550.02 real, 848 MB
[runlim] sample:		1559.83 time, 1560.02 real, 848 MB
[runlim] sample:		1569.82 time, 1570.02 real, 848 MB
[runlim] sample:		1579.83 time, 1580.02 real, 850 MB
[runlim] sample:		1589.83 time, 1590.02 real, 852 MB
[runlim] sample:		1599.83 time, 1600.02 real, 853 MB
[runlim] sample:		1609.82 time, 1610.02 real, 855 MB
[runlim] sample:		1619.82 time, 1620.02 real, 856 MB
[runlim] sample:		1629.82 time, 1630.02 real, 857 MB
[runlim] sample:		1639.82 time, 1640.02 real, 858 MB
[runlim] sample:		1649.82 time, 1650.02 real, 860 MB
[runlim] sample:		1659.82 time, 1660.02 real, 861 MB
[runlim] sample:		1669.82 time, 1670.02 real, 862 MB
[runlim] sample:		1679.81 time, 1680.02 real, 863 MB
[runlim] sample:		1689.82 time, 1690.02 real, 865 MB
[runlim] sample:		1699.82 time, 1700.02 real, 866 MB
[runlim] sample:		1709.81 time, 1710.02 real, 867 MB
[runlim] sample:		1719.82 time, 1720.02 real, 868 MB
[runlim] sample:		1729.82 time, 1730.02 real, 870 MB
[runlim] sample:		1739.82 time, 1740.02 real, 872 MB
[runlim] sample:		1749.81 time, 1750.02 real, 874 MB
[runlim] sample:		1759.81 time, 1760.02 real, 875 MB
[runlim] sample:		1769.81 time, 1770.02 real, 877 MB
[runlim] sample:		1779.81 time, 1780.02 real, 878 MB
[runlim] sample:		1789.81 time, 1790.02 real, 880 MB
[runlim] sample:		1799.81 time, 1800.02 real, 881 MB
[runlim] sample:		1809.81 time, 1810.02 real, 883 MB
[runlim] sample:		1819.81 time, 1820.02 real, 884 MB
[runlim] sample:		1829.80 time, 1830.02 real, 886 MB
[runlim] sample:		1839.81 time, 1840.02 real, 888 MB
[runlim] sample:		1849.81 time, 1850.02 real, 890 MB
[runlim] sample:		1859.80 time, 1860.02 real, 891 MB
[runlim] sample:		1869.80 time, 1870.02 real, 892 MB
[runlim] sample:		1879.80 time, 1880.02 real, 893 MB
[runlim] sample:		1889.80 time, 1890.02 real, 894 MB
[runlim] sample:		1899.80 time, 1900.02 real, 895 MB
[runlim] sample:		1909.79 time, 1910.02 real, 896 MB
[runlim] sample:		1919.80 time, 1920.02 real, 897 MB
[runlim] sample:		1929.80 time, 1930.02 real, 899 MB
[runlim] sample:		1939.80 time, 1940.02 real, 901 MB
[runlim] sample:		1949.79 time, 1950.02 real, 915 MB
[runlim] sample:		1959.79 time, 1960.02 real, 1008 MB
[runlim] sample:		1969.79 time, 1970.02 real, 1008 MB
[runlim] sample:		1979.80 time, 1980.02 real, 1008 MB
[runlim] sample:		1989.79 time, 1990.02 real, 1008 MB
[runlim] sample:		1999.79 time, 2000.02 real, 1008 MB
[runlim] sample:		2009.79 time, 2010.02 real, 1008 MB
[runlim] sample:		2019.79 time, 2020.02 real, 1008 MB
[runlim] sample:		2029.79 time, 2030.02 real, 1008 MB
[runlim] sample:		2039.79 time, 2040.02 real, 1008 MB
[runlim] sample:		2049.79 time, 2050.02 real, 1008 MB
[runlim] sample:		2059.79 time, 2060.02 real, 1008 MB
[runlim] sample:		2069.78 time, 2070.02 real, 1008 MB
[runlim] sample:		2079.79 time, 2080.02 real, 1008 MB
[runlim] sample:		2089.79 time, 2090.02 real, 1008 MB
[runlim] sample:		2099.79 time, 2100.02 real, 1008 MB
[runlim] sample:		2109.79 time, 2110.02 real, 1008 MB
[runlim] sample:		2119.78 time, 2120.02 real, 1008 MB
[runlim] sample:		2129.78 time, 2130.02 real, 1008 MB
[runlim] sample:		2139.78 time, 2140.02 real, 1008 MB
[runlim] sample:		2149.77 time, 2150.02 real, 1008 MB
[runlim] sample:		2159.78 time, 2160.02 real, 1008 MB
[runlim] sample:		2169.77 time, 2170.02 real, 1008 MB
[runlim] sample:		2179.77 time, 2180.02 real, 1008 MB
[runlim] sample:		2189.78 time, 2190.02 real, 1008 MB
[runlim] sample:		2199.77 time, 2200.02 real, 1008 MB
[runlim] sample:		2209.77 time, 2210.02 real, 1008 MB
[runlim] sample:		2219.77 time, 2220.02 real, 1010 MB
[runlim] sample:		2229.77 time, 2230.02 real, 1011 MB
[runlim] sample:		2239.77 time, 2240.02 real, 1013 MB
[runlim] sample:		2249.77 time, 2250.02 real, 1015 MB
[runlim] sample:		2259.77 time, 2260.02 real, 1017 MB
[runlim] sample:		2269.77 time, 2270.02 real, 1019 MB
[runlim] sample:		2279.76 time, 2280.02 real, 1020 MB
[runlim] sample:		2289.76 time, 2290.02 real, 1022 MB
[runlim] sample:		2299.76 time, 2300.02 real, 1024 MB
[runlim] sample:		2309.77 time, 2310.02 real, 1025 MB
[runlim] sample:		2319.77 time, 2320.02 real, 1027 MB
[runlim] sample:		2329.77 time, 2330.02 real, 1028 MB
[runlim] sample:		2339.76 time, 2340.02 real, 1030 MB
[runlim] sample:		2349.76 time, 2350.02 real, 1171 MB
[runlim] sample:		2359.76 time, 2360.02 real, 1171 MB
[runlim] sample:		2369.76 time, 2370.02 real, 1171 MB
[runlim] sample:		2379.76 time, 2380.02 real, 1171 MB
[runlim] sample:		2389.75 time, 2390.02 real, 1148 MB
[runlim] sample:		2399.76 time, 2400.02 real, 1148 MB
[runlim] sample:		2409.76 time, 2410.02 real, 1148 MB
[runlim] sample:		2419.76 time, 2420.02 real, 1148 MB
[runlim] sample:		2429.75 time, 2430.02 real, 1148 MB
[runlim] sample:		2439.76 time, 2440.02 real, 1148 MB
[runlim] sample:		2449.76 time, 2450.02 real, 1148 MB
[runlim] sample:		2459.75 time, 2460.02 real, 1148 MB
[runlim] sample:		2469.75 time, 2470.02 real, 1148 MB
[runlim] sample:		2479.75 time, 2480.02 real, 1148 MB
[runlim] sample:		2489.75 time, 2490.02 real, 1151 MB
[runlim] sample:		2499.75 time, 2500.02 real, 1156 MB
[runlim] sample:		2509.75 time, 2510.02 real, 1160 MB
[runlim] sample:		2519.75 time, 2520.02 real, 1163 MB
[runlim] sample:		2529.75 time, 2530.02 real, 1166 MB
[runlim] sample:		2539.75 time, 2540.02 real, 1169 MB
[runlim] sample:		2549.75 time, 2550.02 real, 1173 MB
[runlim] sample:		2559.74 time, 2560.02 real, 1178 MB
[runlim] sample:		2569.74 time, 2570.02 real, 1182 MB
[runlim] sample:		2579.74 time, 2580.02 real, 1186 MB
[runlim] sample:		2589.74 time, 2590.02 real, 1189 MB
[runlim] sample:		2599.74 time, 2600.02 real, 1192 MB
[runlim] sample:		2609.74 time, 2610.02 real, 1194 MB
[runlim] sample:		2619.74 time, 2620.02 real, 1197 MB
[runlim] sample:		2629.74 time, 2630.02 real, 1199 MB
[runlim] sample:		2639.74 time, 2640.02 real, 1201 MB
[runlim] sample:		2649.74 time, 2650.02 real, 1204 MB
[runlim] sample:		2659.73 time, 2660.02 real, 1206 MB
[runlim] sample:		2669.74 time, 2670.02 real, 1209 MB
[runlim] sample:		2679.73 time, 2680.02 real, 1210 MB
[runlim] sample:		2689.73 time, 2690.02 real, 1212 MB
[runlim] sample:		2699.74 time, 2700.02 real, 1213 MB
[runlim] end:			Sat Feb 29 07:02:06 2020
[runlim] status:		out of time
[runlim] result:		2
[runlim] children:		1
[runlim] real:			2700.11 seconds
[runlim] time:			2699.74 seconds
[runlim] space:			1213 MB
[runlim] samples:		27000
