[runlim] version:		1.18
[runlim] host:			c3n30
[runlim] time limit:		2700 seconds
[runlim] real time limit:	2700 seconds
[runlim] space limit:		7000 MB
[runlim] argv[0]:		./binary
[runlim] argv[1]:		/data/cnf/ankit/E1-A1-Red/query10_query05_1344.dqbf
[runlim] start:			Sat Feb 29 06:17:07 2020
[runlim] child:			10210
[runlim] sample:		9.93 time, 10.01 real, 91 MB
[runlim] sample:		19.93 time, 20.02 real, 91 MB
[runlim] sample:		29.93 time, 30.01 real, 91 MB
[runlim] sample:		39.93 time, 40.01 real, 91 MB
[runlim] sample:		49.93 time, 50.02 real, 91 MB
[runlim] sample:		59.93 time, 60.02 real, 91 MB
[runlim] sample:		69.93 time, 70.02 real, 91 MB
[runlim] sample:		79.93 time, 80.02 real, 91 MB
[runlim] sample:		89.93 time, 90.02 real, 91 MB
[runlim] sample:		99.93 time, 100.02 real, 91 MB
[runlim] sample:		109.93 time, 110.02 real, 91 MB
[runlim] sample:		119.93 time, 120.02 real, 91 MB
[runlim] sample:		129.93 time, 130.02 real, 91 MB
[runlim] sample:		139.93 time, 140.02 real, 91 MB
[runlim] sample:		149.93 time, 150.02 real, 92 MB
[runlim] sample:		159.93 time, 160.02 real, 92 MB
[runlim] sample:		169.93 time, 170.02 real, 92 MB
[runlim] sample:		179.93 time, 180.02 real, 92 MB
[runlim] sample:		189.93 time, 190.02 real, 92 MB
[runlim] sample:		199.93 time, 200.02 real, 92 MB
[runlim] sample:		209.93 time, 210.02 real, 92 MB
[runlim] sample:		219.93 time, 220.02 real, 92 MB
[runlim] sample:		229.93 time, 230.02 real, 92 MB
[runlim] sample:		239.93 time, 240.02 real, 92 MB
[runlim] sample:		249.93 time, 250.02 real, 92 MB
[runlim] sample:		259.93 time, 260.02 real, 92 MB
[runlim] sample:		269.93 time, 270.02 real, 92 MB
[runlim] sample:		279.93 time, 280.02 real, 92 MB
[runlim] sample:		289.93 time, 290.02 real, 92 MB
[runlim] sample:		299.93 time, 300.02 real, 93 MB
[runlim] sample:		309.93 time, 310.02 real, 93 MB
[runlim] sample:		319.93 time, 320.02 real, 93 MB
[runlim] sample:		329.94 time, 330.02 real, 94 MB
[runlim] sample:		339.94 time, 340.02 real, 94 MB
[runlim] sample:		349.94 time, 350.02 real, 94 MB
[runlim] sample:		359.93 time, 360.02 real, 94 MB
[runlim] sample:		369.93 time, 370.02 real, 94 MB
[runlim] sample:		379.93 time, 380.02 real, 94 MB
[runlim] sample:		389.93 time, 390.02 real, 94 MB
[runlim] sample:		399.93 time, 400.02 real, 94 MB
[runlim] sample:		409.93 time, 410.02 real, 94 MB
[runlim] sample:		419.94 time, 420.02 real, 104 MB
[runlim] sample:		429.93 time, 430.02 real, 110 MB
[runlim] sample:		439.94 time, 440.02 real, 116 MB
[runlim] sample:		449.93 time, 450.02 real, 135 MB
[runlim] sample:		459.93 time, 460.02 real, 151 MB
[runlim] sample:		469.93 time, 470.02 real, 179 MB
[runlim] sample:		479.93 time, 480.02 real, 202 MB
[runlim] sample:		489.93 time, 490.02 real, 203 MB
[runlim] sample:		499.93 time, 500.02 real, 203 MB
[runlim] sample:		509.93 time, 510.02 real, 211 MB
[runlim] sample:		519.93 time, 520.02 real, 235 MB
[runlim] sample:		529.93 time, 530.02 real, 236 MB
[runlim] sample:		539.93 time, 540.02 real, 236 MB
[runlim] sample:		549.93 time, 550.02 real, 248 MB
[runlim] sample:		559.93 time, 560.02 real, 262 MB
[runlim] sample:		569.93 time, 570.02 real, 274 MB
[runlim] sample:		579.93 time, 580.02 real, 284 MB
[runlim] sample:		589.92 time, 590.02 real, 303 MB
[runlim] sample:		599.92 time, 600.02 real, 303 MB
[runlim] sample:		609.92 time, 610.02 real, 309 MB
[runlim] sample:		619.93 time, 620.02 real, 315 MB
[runlim] sample:		629.93 time, 630.02 real, 321 MB
[runlim] sample:		639.93 time, 640.02 real, 325 MB
[runlim] sample:		649.93 time, 650.02 real, 329 MB
[runlim] sample:		659.93 time, 660.02 real, 333 MB
[runlim] sample:		669.93 time, 670.02 real, 381 MB
[runlim] sample:		679.93 time, 680.02 real, 375 MB
[runlim] sample:		689.93 time, 690.02 real, 377 MB
[runlim] sample:		699.93 time, 700.02 real, 377 MB
[runlim] sample:		709.93 time, 710.02 real, 377 MB
[runlim] sample:		719.93 time, 720.02 real, 377 MB
[runlim] sample:		729.93 time, 730.02 real, 377 MB
[runlim] sample:		739.93 time, 740.02 real, 377 MB
[runlim] sample:		749.93 time, 750.02 real, 377 MB
[runlim] sample:		759.93 time, 760.02 real, 380 MB
[runlim] sample:		769.93 time, 770.02 real, 384 MB
[runlim] sample:		779.93 time, 780.02 real, 387 MB
[runlim] sample:		789.93 time, 790.02 real, 390 MB
[runlim] sample:		799.93 time, 800.02 real, 393 MB
[runlim] sample:		809.92 time, 810.02 real, 395 MB
[runlim] sample:		819.92 time, 820.02 real, 398 MB
[runlim] sample:		829.93 time, 830.02 real, 401 MB
[runlim] sample:		839.93 time, 840.02 real, 403 MB
[runlim] sample:		849.92 time, 850.02 real, 405 MB
[runlim] sample:		859.92 time, 860.02 real, 412 MB
[runlim] sample:		869.92 time, 870.02 real, 412 MB
[runlim] sample:		879.92 time, 880.02 real, 414 MB
[runlim] sample:		889.92 time, 890.02 real, 416 MB
[runlim] sample:		899.92 time, 900.02 real, 418 MB
[runlim] sample:		909.92 time, 910.02 real, 419 MB
[runlim] sample:		919.92 time, 920.02 real, 421 MB
[runlim] sample:		929.92 time, 930.02 real, 423 MB
[runlim] sample:		939.93 time, 940.02 real, 424 MB
[runlim] sample:		949.92 time, 950.02 real, 426 MB
[runlim] sample:		959.92 time, 960.02 real, 427 MB
[runlim] sample:		969.92 time, 970.02 real, 428 MB
[runlim] sample:		979.92 time, 980.02 real, 430 MB
[runlim] sample:		989.92 time, 990.02 real, 432 MB
[runlim] sample:		999.92 time, 1000.02 real, 433 MB
[runlim] sample:		1009.92 time, 1010.02 real, 434 MB
[runlim] sample:		1019.93 time, 1020.02 real, 436 MB
[runlim] sample:		1029.92 time, 1030.02 real, 437 MB
[runlim] sample:		1039.92 time, 1040.02 real, 438 MB
[runlim] sample:		1049.92 time, 1050.02 real, 440 MB
[runlim] sample:		1059.92 time, 1060.02 real, 441 MB
[runlim] sample:		1069.92 time, 1070.02 real, 442 MB
[runlim] sample:		1079.92 time, 1080.02 real, 444 MB
[runlim] sample:		1089.92 time, 1090.02 real, 445 MB
[runlim] sample:		1099.92 time, 1100.02 real, 446 MB
[runlim] sample:		1109.92 time, 1110.02 real, 447 MB
[runlim] sample:		1119.92 time, 1120.02 real, 449 MB
[runlim] sample:		1129.92 time, 1130.02 real, 450 MB
[runlim] sample:		1139.91 time, 1140.02 real, 451 MB
[runlim] sample:		1149.92 time, 1150.02 real, 453 MB
[runlim] sample:		1159.92 time, 1160.02 real, 455 MB
[runlim] sample:		1169.92 time, 1170.02 real, 456 MB
[runlim] sample:		1179.92 time, 1180.02 real, 458 MB
[runlim] sample:		1189.92 time, 1190.02 real, 459 MB
[runlim] sample:		1199.92 time, 1200.02 real, 536 MB
[runlim] sample:		1209.92 time, 1210.02 real, 536 MB
[runlim] sample:		1219.92 time, 1220.02 real, 544 MB
[runlim] sample:		1229.92 time, 1230.02 real, 544 MB
[runlim] sample:		1239.92 time, 1240.02 real, 544 MB
[runlim] sample:		1249.92 time, 1250.02 real, 552 MB
[runlim] sample:		1259.92 time, 1260.02 real, 552 MB
[runlim] sample:		1269.92 time, 1270.02 real, 552 MB
[runlim] sample:		1279.92 time, 1280.02 real, 552 MB
[runlim] sample:		1289.92 time, 1290.02 real, 552 MB
[runlim] sample:		1299.92 time, 1300.02 real, 552 MB
[runlim] sample:		1309.92 time, 1310.02 real, 552 MB
[runlim] sample:		1319.92 time, 1320.02 real, 552 MB
[runlim] sample:		1329.92 time, 1330.02 real, 552 MB
[runlim] sample:		1339.92 time, 1340.02 real, 552 MB
[runlim] sample:		1349.92 time, 1350.02 real, 564 MB
[runlim] sample:		1359.91 time, 1360.02 real, 622 MB
[runlim] sample:		1369.91 time, 1370.02 real, 610 MB
[runlim] sample:		1379.91 time, 1380.02 real, 610 MB
[runlim] sample:		1389.91 time, 1390.02 real, 610 MB
[runlim] sample:		1399.91 time, 1400.02 real, 610 MB
[runlim] sample:		1409.91 time, 1410.02 real, 610 MB
[runlim] sample:		1419.91 time, 1420.02 real, 610 MB
[runlim] sample:		1429.91 time, 1430.02 real, 614 MB
[runlim] sample:		1439.92 time, 1440.02 real, 621 MB
[runlim] sample:		1449.92 time, 1450.02 real, 626 MB
[runlim] sample:		1459.92 time, 1460.02 real, 629 MB
[runlim] sample:		1469.91 time, 1470.02 real, 632 MB
[runlim] sample:		1479.92 time, 1480.02 real, 635 MB
[runlim] sample:		1489.91 time, 1490.02 real, 639 MB
[runlim] sample:		1499.91 time, 1500.02 real, 641 MB
[runlim] sample:		1509.92 time, 1510.02 real, 644 MB
[runlim] sample:		1519.91 time, 1520.02 real, 646 MB
[runlim] sample:		1529.91 time, 1530.02 real, 648 MB
[runlim] sample:		1539.91 time, 1540.02 real, 650 MB
[runlim] sample:		1549.92 time, 1550.02 real, 652 MB
[runlim] sample:		1559.91 time, 1560.02 real, 653 MB
[runlim] sample:		1569.91 time, 1570.02 real, 655 MB
[runlim] sample:		1579.91 time, 1580.02 real, 657 MB
[runlim] sample:		1589.91 time, 1590.02 real, 659 MB
[runlim] sample:		1599.91 time, 1600.02 real, 661 MB
[runlim] sample:		1609.91 time, 1610.02 real, 663 MB
[runlim] sample:		1619.91 time, 1620.02 real, 665 MB
[runlim] sample:		1629.92 time, 1630.02 real, 666 MB
[runlim] sample:		1639.91 time, 1640.02 real, 668 MB
[runlim] sample:		1649.91 time, 1650.02 real, 670 MB
[runlim] sample:		1659.91 time, 1660.02 real, 672 MB
[runlim] sample:		1669.91 time, 1670.02 real, 673 MB
[runlim] sample:		1679.92 time, 1680.02 real, 675 MB
[runlim] sample:		1689.92 time, 1690.02 real, 676 MB
[runlim] sample:		1699.92 time, 1700.02 real, 677 MB
[runlim] sample:		1709.92 time, 1710.02 real, 679 MB
[runlim] sample:		1719.92 time, 1720.02 real, 680 MB
[runlim] sample:		1729.91 time, 1730.02 real, 682 MB
[runlim] sample:		1739.91 time, 1740.02 real, 683 MB
[runlim] sample:		1749.91 time, 1750.02 real, 684 MB
[runlim] sample:		1759.91 time, 1760.02 real, 686 MB
[runlim] sample:		1769.91 time, 1770.02 real, 687 MB
[runlim] sample:		1779.91 time, 1780.02 real, 689 MB
[runlim] sample:		1789.91 time, 1790.02 real, 690 MB
[runlim] sample:		1799.91 time, 1800.02 real, 691 MB
[runlim] sample:		1809.91 time, 1810.02 real, 692 MB
[runlim] sample:		1819.91 time, 1820.02 real, 693 MB
[runlim] sample:		1829.91 time, 1830.02 real, 695 MB
[runlim] sample:		1839.91 time, 1840.02 real, 696 MB
[runlim] sample:		1849.91 time, 1850.02 real, 697 MB
[runlim] sample:		1859.91 time, 1860.02 real, 698 MB
[runlim] sample:		1869.91 time, 1870.02 real, 699 MB
[runlim] sample:		1879.90 time, 1880.02 real, 700 MB
[runlim] sample:		1889.90 time, 1890.02 real, 701 MB
[runlim] sample:		1899.90 time, 1900.02 real, 703 MB
[runlim] sample:		1909.90 time, 1910.02 real, 704 MB
[runlim] sample:		1919.90 time, 1920.02 real, 705 MB
[runlim] sample:		1929.90 time, 1930.02 real, 706 MB
[runlim] sample:		1939.90 time, 1940.02 real, 707 MB
[runlim] sample:		1949.90 time, 1950.02 real, 708 MB
[runlim] sample:		1959.90 time, 1960.02 real, 709 MB
[runlim] sample:		1969.90 time, 1970.02 real, 710 MB
[runlim] sample:		1979.90 time, 1980.02 real, 711 MB
[runlim] sample:		1989.90 time, 1990.02 real, 712 MB
[runlim] sample:		1999.90 time, 2000.02 real, 713 MB
[runlim] sample:		2009.90 time, 2010.02 real, 714 MB
[runlim] sample:		2019.91 time, 2020.02 real, 715 MB
[runlim] sample:		2029.90 time, 2030.02 real, 716 MB
[runlim] sample:		2039.91 time, 2040.02 real, 717 MB
[runlim] sample:		2049.91 time, 2050.02 real, 718 MB
[runlim] sample:		2059.91 time, 2060.02 real, 720 MB
[runlim] sample:		2069.91 time, 2070.02 real, 721 MB
[runlim] sample:		2079.91 time, 2080.02 real, 722 MB
[runlim] sample:		2089.91 time, 2090.02 real, 723 MB
[runlim] sample:		2099.90 time, 2100.02 real, 724 MB
[runlim] sample:		2109.90 time, 2110.02 real, 725 MB
[runlim] sample:		2119.90 time, 2120.02 real, 729 MB
[runlim] sample:		2129.91 time, 2130.02 real, 814 MB
[runlim] sample:		2139.91 time, 2140.02 real, 814 MB
[runlim] sample:		2149.91 time, 2150.02 real, 814 MB
[runlim] sample:		2159.91 time, 2160.02 real, 814 MB
[runlim] sample:		2169.91 time, 2170.02 real, 814 MB
[runlim] sample:		2179.91 time, 2180.02 real, 814 MB
[runlim] sample:		2189.91 time, 2190.02 real, 814 MB
[runlim] sample:		2199.91 time, 2200.02 real, 814 MB
[runlim] sample:		2209.91 time, 2210.02 real, 814 MB
[runlim] sample:		2219.91 time, 2220.02 real, 814 MB
[runlim] sample:		2229.91 time, 2230.02 real, 814 MB
[runlim] sample:		2239.91 time, 2240.02 real, 814 MB
[runlim] sample:		2249.91 time, 2250.02 real, 814 MB
[runlim] sample:		2259.91 time, 2260.02 real, 814 MB
[runlim] sample:		2269.91 time, 2270.02 real, 814 MB
[runlim] sample:		2279.91 time, 2280.02 real, 814 MB
[runlim] sample:		2289.91 time, 2290.02 real, 814 MB
[runlim] sample:		2299.91 time, 2300.02 real, 814 MB
[runlim] sample:		2309.91 time, 2310.02 real, 814 MB
[runlim] sample:		2319.91 time, 2320.02 real, 814 MB
[runlim] sample:		2329.91 time, 2330.02 real, 814 MB
[runlim] sample:		2339.91 time, 2340.02 real, 814 MB
[runlim] sample:		2349.91 time, 2350.02 real, 814 MB
[runlim] sample:		2359.91 time, 2360.02 real, 814 MB
[runlim] sample:		2369.91 time, 2370.02 real, 814 MB
[runlim] sample:		2379.90 time, 2380.02 real, 814 MB
[runlim] sample:		2389.90 time, 2390.02 real, 814 MB
[runlim] sample:		2399.90 time, 2400.02 real, 814 MB
[runlim] sample:		2409.90 time, 2410.02 real, 814 MB
[runlim] sample:		2419.90 time, 2420.02 real, 814 MB
[runlim] sample:		2429.90 time, 2430.02 real, 814 MB
[runlim] sample:		2439.90 time, 2440.02 real, 814 MB
[runlim] sample:		2449.90 time, 2450.02 real, 814 MB
[runlim] sample:		2459.90 time, 2460.02 real, 814 MB
[runlim] sample:		2469.90 time, 2470.02 real, 814 MB
[runlim] sample:		2479.90 time, 2480.02 real, 814 MB
[runlim] sample:		2489.90 time, 2490.02 real, 814 MB
[runlim] sample:		2499.90 time, 2500.02 real, 814 MB
[runlim] sample:		2509.90 time, 2510.02 real, 814 MB
[runlim] sample:		2519.90 time, 2520.02 real, 814 MB
[runlim] sample:		2529.90 time, 2530.02 real, 814 MB
[runlim] sample:		2539.90 time, 2540.02 real, 814 MB
[runlim] sample:		2549.90 time, 2550.02 real, 814 MB
[runlim] sample:		2559.90 time, 2560.02 real, 814 MB
[runlim] sample:		2569.90 time, 2570.02 real, 814 MB
[runlim] sample:		2579.90 time, 2580.02 real, 814 MB
[runlim] sample:		2589.90 time, 2590.02 real, 814 MB
[runlim] sample:		2599.90 time, 2600.02 real, 814 MB
[runlim] sample:		2609.90 time, 2610.02 real, 814 MB
[runlim] sample:		2619.90 time, 2620.02 real, 814 MB
[runlim] sample:		2629.90 time, 2630.02 real, 814 MB
[runlim] sample:		2639.90 time, 2640.02 real, 814 MB
[runlim] sample:		2649.90 time, 2650.02 real, 814 MB
[runlim] sample:		2659.90 time, 2660.02 real, 814 MB
[runlim] sample:		2669.90 time, 2670.02 real, 814 MB
[runlim] sample:		2679.90 time, 2680.02 real, 814 MB
[runlim] sample:		2689.90 time, 2690.02 real, 819 MB
[runlim] sample:		2699.90 time, 2700.01 real, 819 MB
[runlim] end:			Sat Feb 29 07:02:07 2020
[runlim] status:		out of time
[runlim] result:		2
[runlim] children:		1
[runlim] real:			2700.10 seconds
[runlim] time:			2699.90 seconds
[runlim] space:			819 MB
[runlim] samples:		27000
