[runlim] version:		1.18
[runlim] host:			c3n31
[runlim] time limit:		2700 seconds
[runlim] real time limit:	2700 seconds
[runlim] space limit:		7000 MB
[runlim] argv[0]:		./binary
[runlim] argv[1]:		/data/cnf/ankit/E1-A1-Red/reachqu_query07_1344.dqbf
[runlim] start:			Sat Feb 29 06:17:07 2020
[runlim] child:			13447
[runlim] sample:		10.00 time, 10.02 real, 87 MB
[runlim] sample:		20.00 time, 20.02 real, 87 MB
[runlim] sample:		30.00 time, 30.02 real, 87 MB
[runlim] sample:		40.00 time, 40.02 real, 87 MB
[runlim] sample:		50.00 time, 50.02 real, 87 MB
[runlim] sample:		60.00 time, 60.02 real, 87 MB
[runlim] sample:		70.00 time, 70.02 real, 87 MB
[runlim] sample:		80.00 time, 80.02 real, 87 MB
[runlim] sample:		90.00 time, 90.02 real, 87 MB
[runlim] sample:		100.00 time, 100.02 real, 87 MB
[runlim] sample:		110.00 time, 110.02 real, 87 MB
[runlim] sample:		120.00 time, 120.02 real, 88 MB
[runlim] sample:		130.00 time, 130.02 real, 88 MB
[runlim] sample:		140.00 time, 140.02 real, 88 MB
[runlim] sample:		150.00 time, 150.02 real, 88 MB
[runlim] sample:		160.00 time, 160.02 real, 88 MB
[runlim] sample:		170.00 time, 170.02 real, 88 MB
[runlim] sample:		180.00 time, 180.02 real, 88 MB
[runlim] sample:		190.00 time, 190.02 real, 90 MB
[runlim] sample:		200.00 time, 200.02 real, 93 MB
[runlim] sample:		210.00 time, 210.02 real, 93 MB
[runlim] sample:		220.00 time, 220.02 real, 96 MB
[runlim] sample:		230.00 time, 230.02 real, 104 MB
[runlim] sample:		240.00 time, 240.02 real, 110 MB
[runlim] sample:		250.00 time, 250.02 real, 114 MB
[runlim] sample:		260.00 time, 260.02 real, 124 MB
[runlim] sample:		270.00 time, 270.02 real, 128 MB
[runlim] sample:		279.99 time, 280.02 real, 139 MB
[runlim] sample:		290.00 time, 290.02 real, 143 MB
[runlim] sample:		300.00 time, 300.02 real, 151 MB
[runlim] sample:		309.99 time, 310.02 real, 173 MB
[runlim] sample:		320.00 time, 320.02 real, 191 MB
[runlim] sample:		330.00 time, 330.02 real, 223 MB
[runlim] sample:		340.00 time, 340.02 real, 247 MB
[runlim] sample:		350.00 time, 350.02 real, 247 MB
[runlim] sample:		360.00 time, 360.02 real, 278 MB
[runlim] sample:		370.00 time, 370.02 real, 291 MB
[runlim] sample:		380.00 time, 380.02 real, 297 MB
[runlim] sample:		390.00 time, 390.02 real, 316 MB
[runlim] sample:		400.00 time, 400.02 real, 325 MB
[runlim] sample:		410.01 time, 410.02 real, 356 MB
[runlim] sample:		420.00 time, 420.02 real, 364 MB
[runlim] sample:		430.00 time, 430.02 real, 371 MB
[runlim] sample:		440.00 time, 440.02 real, 401 MB
[runlim] sample:		450.00 time, 450.02 real, 416 MB
[runlim] sample:		460.00 time, 460.02 real, 431 MB
[runlim] sample:		470.00 time, 470.02 real, 431 MB
[runlim] sample:		480.00 time, 480.02 real, 432 MB
[runlim] sample:		490.00 time, 490.02 real, 445 MB
[runlim] sample:		500.00 time, 500.02 real, 456 MB
[runlim] sample:		510.00 time, 510.02 real, 463 MB
[runlim] sample:		520.00 time, 520.02 real, 470 MB
[runlim] sample:		529.99 time, 530.02 real, 474 MB
[runlim] sample:		540.00 time, 540.02 real, 479 MB
[runlim] sample:		550.00 time, 550.02 real, 516 MB
[runlim] sample:		560.00 time, 560.02 real, 516 MB
[runlim] sample:		570.00 time, 570.02 real, 531 MB
[runlim] sample:		579.99 time, 580.02 real, 526 MB
[runlim] sample:		589.99 time, 590.02 real, 533 MB
[runlim] sample:		599.99 time, 600.02 real, 533 MB
[runlim] sample:		609.99 time, 610.02 real, 533 MB
[runlim] sample:		619.99 time, 620.02 real, 535 MB
[runlim] sample:		630.00 time, 630.02 real, 535 MB
[runlim] sample:		640.00 time, 640.02 real, 535 MB
[runlim] sample:		650.00 time, 650.02 real, 563 MB
[runlim] sample:		660.00 time, 660.02 real, 552 MB
[runlim] sample:		670.00 time, 670.02 real, 552 MB
[runlim] sample:		680.00 time, 680.02 real, 552 MB
[runlim] sample:		689.99 time, 690.02 real, 561 MB
[runlim] sample:		700.00 time, 700.02 real, 569 MB
[runlim] sample:		709.99 time, 710.02 real, 627 MB
[runlim] sample:		719.99 time, 720.02 real, 627 MB
[runlim] sample:		729.99 time, 730.02 real, 627 MB
[runlim] sample:		739.99 time, 740.02 real, 627 MB
[runlim] sample:		749.99 time, 750.02 real, 627 MB
[runlim] sample:		759.99 time, 760.02 real, 627 MB
[runlim] sample:		769.99 time, 770.02 real, 642 MB
[runlim] sample:		780.00 time, 780.02 real, 642 MB
[runlim] sample:		790.00 time, 790.02 real, 642 MB
[runlim] sample:		800.00 time, 800.02 real, 642 MB
[runlim] sample:		810.00 time, 810.02 real, 642 MB
[runlim] sample:		820.00 time, 820.02 real, 642 MB
[runlim] sample:		830.00 time, 830.02 real, 642 MB
[runlim] sample:		840.00 time, 840.02 real, 642 MB
[runlim] sample:		850.00 time, 850.02 real, 642 MB
[runlim] sample:		860.00 time, 860.02 real, 642 MB
[runlim] sample:		870.00 time, 870.02 real, 642 MB
[runlim] sample:		880.00 time, 880.02 real, 642 MB
[runlim] sample:		890.00 time, 890.02 real, 642 MB
[runlim] sample:		900.00 time, 900.02 real, 659 MB
[runlim] sample:		910.00 time, 910.02 real, 659 MB
[runlim] sample:		920.00 time, 920.02 real, 659 MB
[runlim] sample:		930.00 time, 930.02 real, 659 MB
[runlim] sample:		940.00 time, 940.02 real, 659 MB
[runlim] sample:		950.00 time, 950.02 real, 659 MB
[runlim] sample:		960.00 time, 960.02 real, 659 MB
[runlim] sample:		970.00 time, 970.02 real, 659 MB
[runlim] sample:		980.00 time, 980.02 real, 659 MB
[runlim] sample:		990.00 time, 990.02 real, 659 MB
[runlim] sample:		1000.00 time, 1000.02 real, 659 MB
[runlim] sample:		1010.00 time, 1010.02 real, 659 MB
[runlim] sample:		1020.00 time, 1020.02 real, 659 MB
[runlim] sample:		1030.00 time, 1030.02 real, 659 MB
[runlim] sample:		1040.00 time, 1040.02 real, 659 MB
[runlim] sample:		1050.00 time, 1050.02 real, 659 MB
[runlim] sample:		1060.00 time, 1060.02 real, 659 MB
[runlim] sample:		1070.00 time, 1070.02 real, 659 MB
[runlim] sample:		1080.00 time, 1080.02 real, 659 MB
[runlim] sample:		1090.00 time, 1090.02 real, 659 MB
[runlim] sample:		1100.00 time, 1100.02 real, 659 MB
[runlim] sample:		1110.00 time, 1110.02 real, 659 MB
[runlim] sample:		1120.00 time, 1120.02 real, 659 MB
[runlim] sample:		1130.00 time, 1130.02 real, 659 MB
[runlim] sample:		1140.00 time, 1140.02 real, 659 MB
[runlim] sample:		1150.00 time, 1150.02 real, 659 MB
[runlim] sample:		1160.00 time, 1160.02 real, 659 MB
[runlim] sample:		1170.00 time, 1170.02 real, 659 MB
[runlim] sample:		1180.00 time, 1180.02 real, 659 MB
[runlim] sample:		1190.00 time, 1190.02 real, 659 MB
[runlim] sample:		1200.00 time, 1200.02 real, 659 MB
[runlim] sample:		1210.00 time, 1210.02 real, 659 MB
[runlim] sample:		1220.00 time, 1220.02 real, 660 MB
[runlim] sample:		1229.99 time, 1230.02 real, 662 MB
[runlim] sample:		1240.00 time, 1240.02 real, 664 MB
[runlim] sample:		1249.99 time, 1250.02 real, 666 MB
[runlim] sample:		1260.00 time, 1260.02 real, 668 MB
[runlim] sample:		1270.00 time, 1270.02 real, 670 MB
[runlim] sample:		1280.00 time, 1280.02 real, 672 MB
[runlim] sample:		1289.99 time, 1290.02 real, 674 MB
[runlim] sample:		1300.00 time, 1300.02 real, 676 MB
[runlim] sample:		1310.00 time, 1310.02 real, 678 MB
[runlim] sample:		1319.99 time, 1320.02 real, 680 MB
[runlim] sample:		1330.00 time, 1330.02 real, 682 MB
[runlim] sample:		1339.99 time, 1340.02 real, 684 MB
[runlim] sample:		1349.99 time, 1350.02 real, 685 MB
[runlim] sample:		1360.00 time, 1360.02 real, 687 MB
[runlim] sample:		1369.99 time, 1370.02 real, 688 MB
[runlim] sample:		1379.99 time, 1380.02 real, 690 MB
[runlim] sample:		1389.99 time, 1390.02 real, 692 MB
[runlim] sample:		1400.00 time, 1400.02 real, 693 MB
[runlim] sample:		1410.00 time, 1410.02 real, 695 MB
[runlim] sample:		1420.00 time, 1420.02 real, 696 MB
[runlim] sample:		1430.00 time, 1430.02 real, 698 MB
[runlim] sample:		1439.99 time, 1440.02 real, 699 MB
[runlim] sample:		1449.99 time, 1450.02 real, 701 MB
[runlim] sample:		1460.00 time, 1460.02 real, 702 MB
[runlim] sample:		1470.00 time, 1470.02 real, 704 MB
[runlim] sample:		1480.00 time, 1480.02 real, 705 MB
[runlim] sample:		1490.00 time, 1490.02 real, 707 MB
[runlim] sample:		1500.00 time, 1500.02 real, 708 MB
[runlim] sample:		1509.99 time, 1510.02 real, 710 MB
[runlim] sample:		1519.99 time, 1520.02 real, 711 MB
[runlim] sample:		1529.99 time, 1530.02 real, 713 MB
[runlim] sample:		1539.99 time, 1540.02 real, 714 MB
[runlim] sample:		1550.00 time, 1550.02 real, 716 MB
[runlim] sample:		1559.99 time, 1560.02 real, 717 MB
[runlim] sample:		1569.99 time, 1570.02 real, 719 MB
[runlim] sample:		1580.00 time, 1580.02 real, 720 MB
[runlim] sample:		1589.99 time, 1590.02 real, 721 MB
[runlim] sample:		1599.99 time, 1600.02 real, 723 MB
[runlim] sample:		1609.99 time, 1610.02 real, 725 MB
[runlim] sample:		1620.00 time, 1620.02 real, 726 MB
[runlim] sample:		1629.99 time, 1630.02 real, 727 MB
[runlim] sample:		1639.99 time, 1640.02 real, 728 MB
[runlim] sample:		1649.99 time, 1650.02 real, 730 MB
[runlim] sample:		1659.99 time, 1660.02 real, 731 MB
[runlim] sample:		1669.99 time, 1670.02 real, 733 MB
[runlim] sample:		1679.99 time, 1680.02 real, 734 MB
[runlim] sample:		1689.99 time, 1690.02 real, 735 MB
[runlim] sample:		1700.00 time, 1700.02 real, 736 MB
[runlim] sample:		1710.00 time, 1710.02 real, 738 MB
[runlim] sample:		1719.99 time, 1720.02 real, 739 MB
[runlim] sample:		1730.00 time, 1730.02 real, 740 MB
[runlim] sample:		1739.99 time, 1740.02 real, 742 MB
[runlim] sample:		1749.99 time, 1750.02 real, 743 MB
[runlim] sample:		1759.99 time, 1760.02 real, 744 MB
[runlim] sample:		1769.99 time, 1770.02 real, 745 MB
[runlim] sample:		1779.99 time, 1780.02 real, 746 MB
[runlim] sample:		1789.99 time, 1790.02 real, 747 MB
[runlim] sample:		1799.99 time, 1800.02 real, 749 MB
[runlim] sample:		1809.99 time, 1810.02 real, 750 MB
[runlim] sample:		1819.99 time, 1820.02 real, 751 MB
[runlim] sample:		1829.99 time, 1830.02 real, 764 MB
[runlim] sample:		1839.99 time, 1840.02 real, 764 MB
[runlim] sample:		1849.99 time, 1850.02 real, 764 MB
[runlim] sample:		1859.99 time, 1860.02 real, 764 MB
[runlim] sample:		1869.99 time, 1870.02 real, 764 MB
[runlim] sample:		1879.99 time, 1880.02 real, 764 MB
[runlim] sample:		1889.99 time, 1890.02 real, 765 MB
[runlim] sample:		1899.99 time, 1900.02 real, 766 MB
[runlim] sample:		1909.99 time, 1910.02 real, 768 MB
[runlim] sample:		1919.99 time, 1920.02 real, 769 MB
[runlim] sample:		1929.99 time, 1930.02 real, 770 MB
[runlim] sample:		1939.99 time, 1940.02 real, 771 MB
[runlim] sample:		1949.99 time, 1950.02 real, 771 MB
[runlim] sample:		1959.99 time, 1960.02 real, 772 MB
[runlim] sample:		1969.99 time, 1970.02 real, 773 MB
[runlim] sample:		1979.99 time, 1980.02 real, 774 MB
[runlim] sample:		1989.99 time, 1990.02 real, 774 MB
[runlim] sample:		1999.99 time, 2000.02 real, 775 MB
[runlim] sample:		2009.99 time, 2010.02 real, 776 MB
[runlim] sample:		2019.99 time, 2020.02 real, 777 MB
[runlim] sample:		2029.99 time, 2030.02 real, 778 MB
[runlim] sample:		2039.99 time, 2040.02 real, 779 MB
[runlim] sample:		2050.00 time, 2050.02 real, 779 MB
[runlim] sample:		2059.99 time, 2060.02 real, 780 MB
[runlim] sample:		2069.99 time, 2070.02 real, 781 MB
[runlim] sample:		2079.99 time, 2080.02 real, 782 MB
[runlim] sample:		2089.99 time, 2090.02 real, 783 MB
[runlim] sample:		2099.99 time, 2100.02 real, 854 MB
[runlim] sample:		2109.99 time, 2110.02 real, 891 MB
[runlim] sample:		2119.99 time, 2120.02 real, 891 MB
[runlim] sample:		2129.99 time, 2130.02 real, 891 MB
[runlim] sample:		2139.99 time, 2140.02 real, 899 MB
[runlim] sample:		2149.99 time, 2150.02 real, 903 MB
[runlim] sample:		2159.99 time, 2160.02 real, 903 MB
[runlim] sample:		2169.99 time, 2170.02 real, 903 MB
[runlim] sample:		2179.99 time, 2180.02 real, 903 MB
[runlim] sample:		2189.99 time, 2190.02 real, 903 MB
[runlim] sample:		2199.99 time, 2200.02 real, 903 MB
[runlim] sample:		2209.99 time, 2210.02 real, 907 MB
[runlim] sample:		2219.99 time, 2220.02 real, 907 MB
[runlim] sample:		2229.99 time, 2230.02 real, 907 MB
[runlim] sample:		2239.99 time, 2240.02 real, 907 MB
[runlim] sample:		2249.99 time, 2250.02 real, 908 MB
[runlim] sample:		2259.99 time, 2260.02 real, 908 MB
[runlim] sample:		2269.99 time, 2270.02 real, 908 MB
[runlim] sample:		2279.99 time, 2280.02 real, 908 MB
[runlim] sample:		2289.99 time, 2290.02 real, 908 MB
[runlim] sample:		2299.99 time, 2300.02 real, 908 MB
[runlim] sample:		2309.99 time, 2310.02 real, 908 MB
[runlim] sample:		2319.99 time, 2320.02 real, 908 MB
[runlim] sample:		2329.99 time, 2330.02 real, 908 MB
[runlim] sample:		2339.99 time, 2340.02 real, 908 MB
[runlim] sample:		2349.99 time, 2350.02 real, 908 MB
[runlim] sample:		2359.99 time, 2360.02 real, 908 MB
[runlim] sample:		2369.99 time, 2370.02 real, 908 MB
[runlim] sample:		2379.99 time, 2380.02 real, 908 MB
[runlim] sample:		2389.99 time, 2390.02 real, 908 MB
[runlim] sample:		2399.99 time, 2400.02 real, 908 MB
[runlim] sample:		2409.99 time, 2410.02 real, 908 MB
[runlim] sample:		2419.99 time, 2420.02 real, 908 MB
[runlim] sample:		2429.99 time, 2430.02 real, 908 MB
[runlim] sample:		2439.99 time, 2440.02 real, 908 MB
[runlim] sample:		2449.99 time, 2450.02 real, 908 MB
[runlim] sample:		2459.99 time, 2460.02 real, 908 MB
[runlim] sample:		2469.99 time, 2470.02 real, 908 MB
[runlim] sample:		2479.99 time, 2480.02 real, 908 MB
[runlim] sample:		2489.99 time, 2490.02 real, 945 MB
[runlim] sample:		2499.99 time, 2500.02 real, 987 MB
[runlim] sample:		2509.99 time, 2510.02 real, 987 MB
[runlim] sample:		2519.99 time, 2520.02 real, 987 MB
[runlim] sample:		2529.99 time, 2530.02 real, 987 MB
[runlim] sample:		2539.99 time, 2540.02 real, 987 MB
[runlim] sample:		2549.99 time, 2550.02 real, 987 MB
[runlim] sample:		2559.99 time, 2560.02 real, 987 MB
[runlim] sample:		2569.99 time, 2570.02 real, 1001 MB
[runlim] sample:		2579.99 time, 2580.02 real, 1001 MB
[runlim] sample:		2589.99 time, 2590.02 real, 1001 MB
[runlim] sample:		2599.99 time, 2600.02 real, 1001 MB
[runlim] sample:		2609.99 time, 2610.02 real, 1001 MB
[runlim] sample:		2619.99 time, 2620.02 real, 1001 MB
[runlim] sample:		2629.99 time, 2630.02 real, 1001 MB
[runlim] sample:		2639.99 time, 2640.02 real, 1001 MB
[runlim] sample:		2650.00 time, 2650.02 real, 1003 MB
[runlim] sample:		2660.00 time, 2660.02 real, 1003 MB
[runlim] sample:		2669.99 time, 2670.02 real, 1003 MB
[runlim] sample:		2679.99 time, 2680.02 real, 1003 MB
[runlim] sample:		2689.99 time, 2690.02 real, 1003 MB
[runlim] sample:		2699.99 time, 2700.02 real, 1003 MB
[runlim] end:			Sat Feb 29 07:02:07 2020
[runlim] status:		out of time
[runlim] result:		2
[runlim] children:		1
[runlim] real:			2700.13 seconds
[runlim] time:			2699.99 seconds
[runlim] space:			1003 MB
[runlim] samples:		27000
