[runlim] version:		1.18
[runlim] host:			c3n20
[runlim] time limit:		2700 seconds
[runlim] real time limit:	2700 seconds
[runlim] space limit:		7000 MB
[runlim] argv[0]:		./binary
[runlim] argv[1]:		/data/cnf/ankit/E1-A1-Red/sortnetsort7.v.stepl.003.qdimacs
[runlim] start:			Sat Feb 29 06:17:04 2020
[runlim] child:			19810
[runlim] sample:		10.01 time, 10.02 real, 67 MB
[runlim] sample:		20.00 time, 20.02 real, 97 MB
[runlim] sample:		30.00 time, 30.02 real, 99 MB
[runlim] sample:		40.00 time, 40.02 real, 99 MB
[runlim] sample:		50.00 time, 50.02 real, 118 MB
[runlim] sample:		60.00 time, 60.02 real, 126 MB
[runlim] sample:		70.00 time, 70.02 real, 127 MB
[runlim] sample:		80.00 time, 80.02 real, 127 MB
[runlim] sample:		90.01 time, 90.02 real, 161 MB
[runlim] sample:		100.01 time, 100.02 real, 163 MB
[runlim] sample:		110.01 time, 110.02 real, 164 MB
[runlim] sample:		120.01 time, 120.02 real, 164 MB
[runlim] sample:		130.01 time, 130.02 real, 169 MB
[runlim] sample:		140.01 time, 140.02 real, 174 MB
[runlim] sample:		150.01 time, 150.02 real, 178 MB
[runlim] sample:		160.00 time, 160.02 real, 184 MB
[runlim] sample:		170.00 time, 170.02 real, 185 MB
[runlim] sample:		180.00 time, 180.02 real, 185 MB
[runlim] sample:		190.00 time, 190.02 real, 185 MB
[runlim] sample:		200.00 time, 200.02 real, 186 MB
[runlim] sample:		210.00 time, 210.02 real, 186 MB
[runlim] sample:		220.00 time, 220.02 real, 186 MB
[runlim] sample:		230.00 time, 230.02 real, 186 MB
[runlim] sample:		240.01 time, 240.02 real, 244 MB
[runlim] sample:		250.01 time, 250.02 real, 244 MB
[runlim] sample:		260.01 time, 260.02 real, 244 MB
[runlim] sample:		270.01 time, 270.02 real, 244 MB
[runlim] sample:		280.01 time, 280.02 real, 245 MB
[runlim] sample:		290.01 time, 290.02 real, 245 MB
[runlim] sample:		300.01 time, 300.02 real, 245 MB
[runlim] sample:		310.01 time, 310.02 real, 245 MB
[runlim] sample:		320.01 time, 320.02 real, 245 MB
[runlim] sample:		330.01 time, 330.02 real, 245 MB
[runlim] sample:		340.01 time, 340.02 real, 245 MB
[runlim] sample:		350.01 time, 350.02 real, 245 MB
[runlim] sample:		360.01 time, 360.02 real, 245 MB
[runlim] sample:		370.01 time, 370.02 real, 245 MB
[runlim] sample:		380.01 time, 380.02 real, 245 MB
[runlim] sample:		390.01 time, 390.02 real, 245 MB
[runlim] sample:		400.01 time, 400.02 real, 245 MB
[runlim] sample:		410.01 time, 410.02 real, 245 MB
[runlim] sample:		420.01 time, 420.02 real, 245 MB
[runlim] sample:		430.01 time, 430.02 real, 245 MB
[runlim] sample:		440.01 time, 440.02 real, 245 MB
[runlim] sample:		450.01 time, 450.02 real, 245 MB
[runlim] sample:		460.01 time, 460.02 real, 245 MB
[runlim] sample:		470.01 time, 470.02 real, 245 MB
[runlim] sample:		480.01 time, 480.02 real, 245 MB
[runlim] sample:		490.01 time, 490.02 real, 245 MB
[runlim] sample:		500.00 time, 500.02 real, 282 MB
[runlim] sample:		510.00 time, 510.02 real, 282 MB
[runlim] sample:		520.00 time, 520.02 real, 282 MB
[runlim] sample:		530.00 time, 530.02 real, 282 MB
[runlim] sample:		540.00 time, 540.02 real, 282 MB
[runlim] sample:		550.00 time, 550.02 real, 282 MB
[runlim] sample:		560.00 time, 560.02 real, 282 MB
[runlim] sample:		570.00 time, 570.02 real, 282 MB
[runlim] sample:		580.00 time, 580.02 real, 282 MB
[runlim] sample:		590.00 time, 590.02 real, 282 MB
[runlim] sample:		600.00 time, 600.02 real, 282 MB
[runlim] sample:		610.00 time, 610.02 real, 282 MB
[runlim] sample:		620.00 time, 620.02 real, 282 MB
[runlim] sample:		630.00 time, 630.02 real, 282 MB
[runlim] sample:		640.00 time, 640.02 real, 283 MB
[runlim] sample:		650.00 time, 650.02 real, 283 MB
[runlim] sample:		660.00 time, 660.02 real, 283 MB
[runlim] sample:		670.00 time, 670.02 real, 283 MB
[runlim] sample:		680.00 time, 680.02 real, 283 MB
[runlim] sample:		690.00 time, 690.02 real, 283 MB
[runlim] sample:		700.00 time, 700.02 real, 283 MB
[runlim] sample:		710.00 time, 710.02 real, 283 MB
[runlim] sample:		720.00 time, 720.02 real, 283 MB
[runlim] sample:		730.00 time, 730.02 real, 283 MB
[runlim] sample:		740.00 time, 740.02 real, 283 MB
[runlim] sample:		750.00 time, 750.02 real, 283 MB
[runlim] sample:		760.00 time, 760.02 real, 283 MB
[runlim] sample:		770.00 time, 770.02 real, 283 MB
[runlim] sample:		780.00 time, 780.02 real, 283 MB
[runlim] sample:		790.00 time, 790.02 real, 283 MB
[runlim] sample:		800.00 time, 800.02 real, 283 MB
[runlim] sample:		810.00 time, 810.02 real, 283 MB
[runlim] sample:		820.00 time, 820.02 real, 283 MB
[runlim] sample:		830.00 time, 830.02 real, 283 MB
[runlim] sample:		840.00 time, 840.02 real, 283 MB
[runlim] sample:		850.00 time, 850.02 real, 283 MB
[runlim] sample:		860.00 time, 860.02 real, 283 MB
[runlim] sample:		870.00 time, 870.02 real, 283 MB
[runlim] sample:		880.00 time, 880.02 real, 283 MB
[runlim] sample:		890.00 time, 890.02 real, 283 MB
[runlim] sample:		900.00 time, 900.02 real, 336 MB
[runlim] end:			Sat Feb 29 06:32:10 2020
[runlim] status:		ok
[runlim] result:		0
[runlim] children:		1
[runlim] real:			905.82 seconds
[runlim] time:			905.80 seconds
[runlim] space:			338 MB
[runlim] samples:		9058
