[runlim] version:		1.18
[runlim] host:			c3n01
[runlim] time limit:		2700 seconds
[runlim] real time limit:	2700 seconds
[runlim] space limit:		7000 MB
[runlim] argv[0]:		./binary
[runlim] argv[1]:		/data/cnf/ankit/E1-A1-Red/sortnetsort7.v.stepl.007.qdimacs
[runlim] start:			Sat Feb 29 06:17:04 2020
[runlim] child:			4852
[runlim] sample:		9.92 time, 10.02 real, 39 MB
[runlim] sample:		19.92 time, 20.02 real, 59 MB
[runlim] sample:		29.93 time, 30.02 real, 93 MB
[runlim] sample:		39.92 time, 40.02 real, 97 MB
[runlim] sample:		49.92 time, 50.02 real, 116 MB
[runlim] sample:		59.92 time, 60.02 real, 128 MB
[runlim] sample:		69.92 time, 70.02 real, 160 MB
[runlim] sample:		79.93 time, 80.02 real, 187 MB
[runlim] sample:		89.92 time, 90.02 real, 223 MB
[runlim] sample:		99.92 time, 100.02 real, 243 MB
[runlim] sample:		109.92 time, 110.02 real, 243 MB
[runlim] sample:		119.92 time, 120.02 real, 243 MB
[runlim] sample:		129.92 time, 130.02 real, 243 MB
[runlim] sample:		139.92 time, 140.02 real, 243 MB
[runlim] sample:		149.92 time, 150.02 real, 243 MB
[runlim] sample:		159.93 time, 160.02 real, 243 MB
[runlim] sample:		169.93 time, 170.02 real, 243 MB
[runlim] sample:		179.93 time, 180.02 real, 243 MB
[runlim] sample:		189.92 time, 190.02 real, 245 MB
[runlim] sample:		199.92 time, 200.02 real, 248 MB
[runlim] sample:		209.93 time, 210.02 real, 274 MB
[runlim] sample:		219.92 time, 220.02 real, 275 MB
[runlim] sample:		229.92 time, 230.02 real, 282 MB
[runlim] sample:		239.92 time, 240.02 real, 292 MB
[runlim] sample:		249.92 time, 250.02 real, 299 MB
[runlim] sample:		259.92 time, 260.02 real, 305 MB
[runlim] sample:		269.92 time, 270.02 real, 332 MB
[runlim] sample:		279.92 time, 280.02 real, 332 MB
[runlim] sample:		289.92 time, 290.02 real, 333 MB
[runlim] sample:		299.92 time, 300.02 real, 339 MB
[runlim] sample:		309.92 time, 310.02 real, 345 MB
[runlim] sample:		319.92 time, 320.02 real, 350 MB
[runlim] sample:		329.92 time, 330.02 real, 379 MB
[runlim] sample:		339.92 time, 340.02 real, 379 MB
[runlim] sample:		349.92 time, 350.02 real, 379 MB
[runlim] sample:		359.92 time, 360.02 real, 379 MB
[runlim] sample:		369.92 time, 370.02 real, 381 MB
[runlim] sample:		379.92 time, 380.02 real, 387 MB
[runlim] sample:		389.92 time, 390.02 real, 390 MB
[runlim] sample:		399.92 time, 400.02 real, 396 MB
[runlim] sample:		409.92 time, 410.02 real, 403 MB
[runlim] sample:		419.92 time, 420.02 real, 406 MB
[runlim] sample:		429.92 time, 430.02 real, 409 MB
[runlim] sample:		439.92 time, 440.02 real, 412 MB
[runlim] sample:		449.92 time, 450.02 real, 415 MB
[runlim] sample:		459.92 time, 460.02 real, 418 MB
[runlim] sample:		469.92 time, 470.02 real, 420 MB
[runlim] sample:		479.92 time, 480.02 real, 422 MB
[runlim] sample:		489.92 time, 490.02 real, 425 MB
[runlim] sample:		499.92 time, 500.02 real, 427 MB
[runlim] sample:		509.92 time, 510.02 real, 430 MB
[runlim] sample:		519.92 time, 520.02 real, 432 MB
[runlim] sample:		529.92 time, 530.02 real, 434 MB
[runlim] sample:		539.92 time, 540.02 real, 436 MB
[runlim] sample:		549.92 time, 550.02 real, 438 MB
[runlim] sample:		559.92 time, 560.02 real, 441 MB
[runlim] sample:		569.92 time, 570.02 real, 443 MB
[runlim] sample:		579.92 time, 580.02 real, 444 MB
[runlim] sample:		589.92 time, 590.02 real, 446 MB
[runlim] sample:		599.92 time, 600.02 real, 448 MB
[runlim] sample:		609.92 time, 610.02 real, 497 MB
[runlim] sample:		619.92 time, 620.02 real, 497 MB
[runlim] sample:		629.92 time, 630.02 real, 497 MB
[runlim] sample:		639.92 time, 640.02 real, 497 MB
[runlim] sample:		649.92 time, 650.02 real, 497 MB
[runlim] sample:		659.92 time, 660.02 real, 497 MB
[runlim] sample:		669.92 time, 670.02 real, 497 MB
[runlim] sample:		679.92 time, 680.02 real, 497 MB
[runlim] sample:		689.92 time, 690.02 real, 497 MB
[runlim] sample:		699.92 time, 700.02 real, 497 MB
[runlim] sample:		709.92 time, 710.02 real, 497 MB
[runlim] sample:		719.92 time, 720.02 real, 497 MB
[runlim] sample:		729.92 time, 730.02 real, 497 MB
[runlim] sample:		739.92 time, 740.02 real, 497 MB
[runlim] sample:		749.92 time, 750.02 real, 497 MB
[runlim] sample:		759.92 time, 760.02 real, 497 MB
[runlim] sample:		769.92 time, 770.02 real, 497 MB
[runlim] sample:		779.92 time, 780.02 real, 497 MB
[runlim] sample:		789.92 time, 790.02 real, 497 MB
[runlim] sample:		799.92 time, 800.02 real, 497 MB
[runlim] sample:		809.92 time, 810.02 real, 497 MB
[runlim] sample:		819.92 time, 820.02 real, 498 MB
[runlim] sample:		829.93 time, 830.02 real, 500 MB
[runlim] sample:		839.93 time, 840.02 real, 502 MB
[runlim] sample:		849.92 time, 850.02 real, 505 MB
[runlim] sample:		859.92 time, 860.02 real, 507 MB
[runlim] sample:		869.92 time, 870.02 real, 508 MB
[runlim] sample:		879.93 time, 880.02 real, 553 MB
[runlim] sample:		889.93 time, 890.02 real, 553 MB
[runlim] sample:		899.93 time, 900.02 real, 553 MB
[runlim] sample:		909.93 time, 910.02 real, 553 MB
[runlim] sample:		919.93 time, 920.02 real, 553 MB
[runlim] sample:		929.93 time, 930.02 real, 553 MB
[runlim] sample:		939.93 time, 940.02 real, 553 MB
[runlim] sample:		949.93 time, 950.02 real, 553 MB
[runlim] sample:		959.93 time, 960.02 real, 553 MB
[runlim] sample:		969.93 time, 970.02 real, 553 MB
[runlim] sample:		979.93 time, 980.02 real, 553 MB
[runlim] sample:		989.93 time, 990.02 real, 553 MB
[runlim] sample:		999.93 time, 1000.02 real, 553 MB
[runlim] sample:		1009.93 time, 1010.02 real, 553 MB
[runlim] sample:		1019.93 time, 1020.02 real, 553 MB
[runlim] sample:		1029.93 time, 1030.02 real, 553 MB
[runlim] sample:		1039.93 time, 1040.02 real, 554 MB
[runlim] sample:		1049.93 time, 1050.02 real, 556 MB
[runlim] sample:		1059.93 time, 1060.02 real, 559 MB
[runlim] sample:		1069.93 time, 1070.02 real, 561 MB
[runlim] sample:		1079.93 time, 1080.02 real, 564 MB
[runlim] sample:		1089.93 time, 1090.02 real, 567 MB
[runlim] sample:		1099.93 time, 1100.02 real, 569 MB
[runlim] sample:		1109.93 time, 1110.02 real, 571 MB
[runlim] sample:		1119.92 time, 1120.02 real, 573 MB
[runlim] sample:		1129.92 time, 1130.02 real, 576 MB
[runlim] sample:		1139.93 time, 1140.02 real, 578 MB
[runlim] sample:		1149.92 time, 1150.02 real, 580 MB
[runlim] sample:		1159.93 time, 1160.02 real, 582 MB
[runlim] sample:		1169.93 time, 1170.02 real, 584 MB
[runlim] sample:		1179.93 time, 1180.02 real, 585 MB
[runlim] sample:		1189.93 time, 1190.02 real, 587 MB
[runlim] sample:		1199.92 time, 1200.02 real, 589 MB
[runlim] sample:		1209.92 time, 1210.02 real, 590 MB
[runlim] sample:		1219.93 time, 1220.02 real, 592 MB
[runlim] sample:		1229.93 time, 1230.02 real, 594 MB
[runlim] sample:		1239.93 time, 1240.02 real, 596 MB
[runlim] sample:		1249.93 time, 1250.02 real, 598 MB
[runlim] sample:		1259.93 time, 1260.02 real, 599 MB
[runlim] sample:		1269.93 time, 1270.02 real, 601 MB
[runlim] sample:		1279.93 time, 1280.02 real, 602 MB
[runlim] sample:		1289.93 time, 1290.02 real, 604 MB
[runlim] sample:		1299.93 time, 1300.02 real, 605 MB
[runlim] sample:		1309.93 time, 1310.02 real, 607 MB
[runlim] sample:		1319.93 time, 1320.02 real, 608 MB
[runlim] sample:		1329.93 time, 1330.02 real, 610 MB
[runlim] sample:		1339.93 time, 1340.02 real, 611 MB
[runlim] sample:		1349.93 time, 1350.02 real, 613 MB
[runlim] sample:		1359.93 time, 1360.02 real, 614 MB
[runlim] sample:		1369.92 time, 1370.02 real, 615 MB
[runlim] sample:		1379.92 time, 1380.02 real, 617 MB
[runlim] sample:		1389.93 time, 1390.02 real, 618 MB
[runlim] sample:		1399.92 time, 1400.02 real, 620 MB
[runlim] sample:		1409.93 time, 1410.02 real, 681 MB
[runlim] sample:		1419.93 time, 1420.02 real, 681 MB
[runlim] sample:		1429.93 time, 1430.02 real, 681 MB
[runlim] sample:		1439.93 time, 1440.02 real, 681 MB
[runlim] sample:		1449.93 time, 1450.02 real, 681 MB
[runlim] sample:		1459.93 time, 1460.02 real, 681 MB
[runlim] sample:		1469.92 time, 1470.02 real, 681 MB
[runlim] sample:		1479.92 time, 1480.02 real, 681 MB
[runlim] sample:		1489.93 time, 1490.02 real, 681 MB
[runlim] sample:		1499.93 time, 1500.02 real, 681 MB
[runlim] sample:		1509.93 time, 1510.02 real, 681 MB
[runlim] sample:		1519.93 time, 1520.02 real, 681 MB
[runlim] sample:		1529.93 time, 1530.02 real, 681 MB
[runlim] sample:		1539.93 time, 1540.02 real, 681 MB
[runlim] sample:		1549.93 time, 1550.02 real, 681 MB
[runlim] sample:		1559.93 time, 1560.02 real, 681 MB
[runlim] sample:		1569.93 time, 1570.02 real, 681 MB
[runlim] sample:		1579.93 time, 1580.02 real, 681 MB
[runlim] sample:		1589.93 time, 1590.02 real, 681 MB
[runlim] sample:		1599.93 time, 1600.02 real, 681 MB
[runlim] sample:		1609.93 time, 1610.02 real, 681 MB
[runlim] sample:		1619.93 time, 1620.02 real, 681 MB
[runlim] sample:		1629.93 time, 1630.02 real, 681 MB
[runlim] sample:		1639.93 time, 1640.02 real, 681 MB
[runlim] sample:		1649.93 time, 1650.02 real, 681 MB
[runlim] sample:		1659.93 time, 1660.02 real, 681 MB
[runlim] sample:		1669.93 time, 1670.02 real, 681 MB
[runlim] sample:		1679.93 time, 1680.02 real, 681 MB
[runlim] sample:		1689.93 time, 1690.02 real, 681 MB
[runlim] sample:		1699.93 time, 1700.02 real, 681 MB
[runlim] sample:		1709.93 time, 1710.02 real, 681 MB
[runlim] sample:		1719.93 time, 1720.02 real, 681 MB
[runlim] sample:		1729.94 time, 1730.02 real, 681 MB
[runlim] sample:		1739.94 time, 1740.02 real, 681 MB
[runlim] sample:		1749.93 time, 1750.02 real, 682 MB
[runlim] sample:		1759.93 time, 1760.02 real, 684 MB
[runlim] sample:		1769.93 time, 1770.02 real, 686 MB
[runlim] sample:		1779.93 time, 1780.02 real, 687 MB
[runlim] sample:		1789.94 time, 1790.02 real, 689 MB
[runlim] sample:		1799.94 time, 1800.02 real, 690 MB
[runlim] sample:		1809.93 time, 1810.02 real, 692 MB
[runlim] sample:		1819.93 time, 1820.02 real, 693 MB
[runlim] sample:		1829.93 time, 1830.02 real, 695 MB
[runlim] sample:		1839.93 time, 1840.02 real, 696 MB
[runlim] sample:		1849.93 time, 1850.02 real, 698 MB
[runlim] sample:		1859.93 time, 1860.02 real, 699 MB
[runlim] sample:		1869.94 time, 1870.02 real, 701 MB
[runlim] sample:		1879.93 time, 1880.02 real, 703 MB
[runlim] sample:		1889.94 time, 1890.02 real, 704 MB
[runlim] sample:		1899.94 time, 1900.02 real, 706 MB
[runlim] sample:		1909.93 time, 1910.02 real, 707 MB
[runlim] sample:		1919.93 time, 1920.02 real, 709 MB
[runlim] sample:		1929.93 time, 1930.02 real, 711 MB
[runlim] sample:		1939.93 time, 1940.02 real, 712 MB
[runlim] sample:		1949.93 time, 1950.02 real, 714 MB
[runlim] sample:		1959.93 time, 1960.02 real, 716 MB
[runlim] sample:		1969.94 time, 1970.02 real, 717 MB
[runlim] sample:		1979.94 time, 1980.02 real, 719 MB
[runlim] sample:		1989.93 time, 1990.02 real, 720 MB
[runlim] sample:		1999.93 time, 2000.02 real, 721 MB
[runlim] sample:		2009.93 time, 2010.02 real, 735 MB
[runlim] sample:		2019.93 time, 2020.02 real, 735 MB
[runlim] sample:		2029.94 time, 2030.02 real, 735 MB
[runlim] sample:		2039.94 time, 2040.02 real, 735 MB
[runlim] sample:		2049.93 time, 2050.02 real, 735 MB
[runlim] sample:		2059.93 time, 2060.02 real, 736 MB
[runlim] sample:		2069.93 time, 2070.02 real, 824 MB
[runlim] sample:		2079.93 time, 2080.02 real, 824 MB
[runlim] sample:		2089.93 time, 2090.02 real, 824 MB
[runlim] sample:		2099.93 time, 2100.02 real, 824 MB
[runlim] sample:		2109.94 time, 2110.02 real, 824 MB
[runlim] sample:		2119.94 time, 2120.02 real, 824 MB
[runlim] sample:		2129.94 time, 2130.02 real, 824 MB
[runlim] sample:		2139.94 time, 2140.02 real, 824 MB
[runlim] sample:		2149.94 time, 2150.02 real, 824 MB
[runlim] sample:		2159.94 time, 2160.02 real, 824 MB
[runlim] sample:		2169.94 time, 2170.02 real, 824 MB
[runlim] sample:		2179.93 time, 2180.02 real, 824 MB
[runlim] sample:		2189.93 time, 2190.02 real, 824 MB
[runlim] sample:		2199.93 time, 2200.02 real, 824 MB
[runlim] sample:		2209.93 time, 2210.02 real, 824 MB
[runlim] sample:		2219.94 time, 2220.02 real, 824 MB
[runlim] sample:		2229.93 time, 2230.02 real, 824 MB
[runlim] sample:		2239.93 time, 2240.02 real, 824 MB
[runlim] sample:		2249.94 time, 2250.02 real, 824 MB
[runlim] sample:		2259.93 time, 2260.02 real, 824 MB
[runlim] sample:		2269.93 time, 2270.02 real, 824 MB
[runlim] sample:		2279.93 time, 2280.02 real, 824 MB
[runlim] sample:		2289.94 time, 2290.02 real, 824 MB
[runlim] sample:		2299.94 time, 2300.02 real, 824 MB
[runlim] sample:		2309.93 time, 2310.02 real, 824 MB
[runlim] sample:		2319.94 time, 2320.02 real, 824 MB
[runlim] sample:		2329.94 time, 2330.02 real, 824 MB
[runlim] sample:		2339.94 time, 2340.02 real, 824 MB
[runlim] sample:		2349.94 time, 2350.02 real, 824 MB
[runlim] sample:		2359.94 time, 2360.02 real, 824 MB
[runlim] sample:		2369.94 time, 2370.02 real, 824 MB
[runlim] sample:		2379.93 time, 2380.02 real, 824 MB
[runlim] sample:		2389.93 time, 2390.02 real, 824 MB
[runlim] sample:		2399.94 time, 2400.02 real, 824 MB
[runlim] sample:		2409.93 time, 2410.02 real, 824 MB
[runlim] sample:		2419.93 time, 2420.02 real, 824 MB
[runlim] sample:		2429.94 time, 2430.02 real, 824 MB
[runlim] sample:		2439.94 time, 2440.02 real, 824 MB
[runlim] sample:		2449.94 time, 2450.02 real, 824 MB
[runlim] sample:		2459.94 time, 2460.02 real, 824 MB
[runlim] sample:		2469.94 time, 2470.02 real, 824 MB
[runlim] sample:		2479.94 time, 2480.02 real, 824 MB
[runlim] sample:		2489.93 time, 2490.02 real, 824 MB
[runlim] sample:		2499.93 time, 2500.02 real, 824 MB
[runlim] sample:		2509.94 time, 2510.02 real, 824 MB
[runlim] sample:		2519.94 time, 2520.02 real, 824 MB
[runlim] sample:		2529.94 time, 2530.02 real, 824 MB
[runlim] sample:		2539.94 time, 2540.02 real, 824 MB
[runlim] sample:		2549.94 time, 2550.02 real, 824 MB
[runlim] sample:		2559.93 time, 2560.02 real, 824 MB
[runlim] sample:		2569.93 time, 2570.02 real, 824 MB
[runlim] sample:		2579.93 time, 2580.02 real, 824 MB
[runlim] sample:		2589.93 time, 2590.02 real, 824 MB
[runlim] sample:		2599.93 time, 2600.02 real, 824 MB
[runlim] sample:		2609.94 time, 2610.02 real, 824 MB
[runlim] sample:		2619.94 time, 2620.02 real, 824 MB
[runlim] sample:		2629.94 time, 2630.02 real, 824 MB
[runlim] sample:		2639.94 time, 2640.02 real, 824 MB
[runlim] sample:		2649.93 time, 2650.02 real, 824 MB
[runlim] sample:		2659.93 time, 2660.02 real, 826 MB
[runlim] sample:		2669.94 time, 2670.02 real, 827 MB
[runlim] sample:		2679.94 time, 2680.02 real, 829 MB
[runlim] sample:		2689.94 time, 2690.02 real, 831 MB
[runlim] sample:		2699.94 time, 2700.02 real, 832 MB
[runlim] end:			Sat Feb 29 07:02:05 2020
[runlim] status:		out of time
[runlim] result:		2
[runlim] children:		1
[runlim] real:			2700.10 seconds
[runlim] time:			2699.94 seconds
[runlim] space:			832 MB
[runlim] samples:		27000
