[runlim] version:		1.18
[runlim] host:			c3n21
[runlim] time limit:		2700 seconds
[runlim] real time limit:	2700 seconds
[runlim] space limit:		7000 MB
[runlim] argv[0]:		./binary
[runlim] argv[1]:		/data/cnf/ankit/E1-A1-Red/sortnetsort7.v.stepl.008.qdimacs
[runlim] start:			Sat Feb 29 06:17:04 2020
[runlim] child:			22575
[runlim] sample:		9.99 time, 10.02 real, 44 MB
[runlim] sample:		19.99 time, 20.02 real, 76 MB
[runlim] sample:		29.98 time, 30.02 real, 93 MB
[runlim] sample:		39.99 time, 40.02 real, 102 MB
[runlim] sample:		49.99 time, 50.02 real, 102 MB
[runlim] sample:		59.98 time, 60.02 real, 112 MB
[runlim] sample:		69.99 time, 70.02 real, 168 MB
[runlim] sample:		79.99 time, 80.02 real, 210 MB
[runlim] sample:		89.99 time, 90.02 real, 223 MB
[runlim] sample:		99.99 time, 100.02 real, 223 MB
[runlim] sample:		109.99 time, 110.02 real, 223 MB
[runlim] sample:		119.99 time, 120.02 real, 223 MB
[runlim] sample:		129.97 time, 130.02 real, 223 MB
[runlim] sample:		139.95 time, 140.02 real, 247 MB
[runlim] sample:		149.94 time, 150.02 real, 252 MB
[runlim] sample:		159.92 time, 160.02 real, 286 MB
[runlim] sample:		169.90 time, 170.02 real, 307 MB
[runlim] sample:		179.88 time, 180.02 real, 327 MB
[runlim] sample:		189.86 time, 190.02 real, 327 MB
[runlim] sample:		199.84 time, 200.02 real, 327 MB
[runlim] sample:		209.82 time, 210.02 real, 327 MB
[runlim] sample:		219.81 time, 220.02 real, 327 MB
[runlim] sample:		229.79 time, 230.02 real, 327 MB
[runlim] sample:		239.77 time, 240.02 real, 327 MB
[runlim] sample:		249.75 time, 250.02 real, 327 MB
[runlim] sample:		259.73 time, 260.02 real, 327 MB
[runlim] sample:		269.71 time, 270.02 real, 338 MB
[runlim] sample:		279.69 time, 280.02 real, 338 MB
[runlim] sample:		289.67 time, 290.02 real, 338 MB
[runlim] sample:		299.65 time, 300.02 real, 338 MB
[runlim] sample:		309.64 time, 310.02 real, 338 MB
[runlim] sample:		319.62 time, 320.02 real, 338 MB
[runlim] sample:		329.60 time, 330.02 real, 338 MB
[runlim] sample:		339.58 time, 340.02 real, 338 MB
[runlim] sample:		349.56 time, 350.02 real, 338 MB
[runlim] sample:		359.54 time, 360.02 real, 338 MB
[runlim] sample:		369.52 time, 370.02 real, 338 MB
[runlim] sample:		379.51 time, 380.02 real, 338 MB
[runlim] sample:		389.49 time, 390.02 real, 352 MB
[runlim] sample:		399.47 time, 400.02 real, 352 MB
[runlim] sample:		409.45 time, 410.02 real, 352 MB
[runlim] sample:		419.43 time, 420.02 real, 352 MB
[runlim] sample:		429.41 time, 430.02 real, 352 MB
[runlim] sample:		439.39 time, 440.02 real, 352 MB
[runlim] sample:		449.38 time, 450.02 real, 352 MB
[runlim] sample:		459.36 time, 460.02 real, 352 MB
[runlim] sample:		469.34 time, 470.02 real, 352 MB
[runlim] sample:		479.32 time, 480.02 real, 352 MB
[runlim] sample:		489.30 time, 490.02 real, 352 MB
[runlim] sample:		499.28 time, 500.02 real, 352 MB
[runlim] sample:		509.26 time, 510.02 real, 352 MB
[runlim] sample:		519.24 time, 520.02 real, 352 MB
[runlim] sample:		529.22 time, 530.02 real, 352 MB
[runlim] sample:		539.20 time, 540.02 real, 352 MB
[runlim] sample:		549.19 time, 550.02 real, 354 MB
[runlim] sample:		559.16 time, 560.02 real, 356 MB
[runlim] sample:		569.14 time, 570.02 real, 357 MB
[runlim] sample:		579.13 time, 580.02 real, 359 MB
[runlim] sample:		589.14 time, 590.02 real, 361 MB
[runlim] sample:		599.14 time, 600.02 real, 363 MB
[runlim] sample:		609.14 time, 610.02 real, 364 MB
[runlim] sample:		619.13 time, 620.02 real, 422 MB
[runlim] sample:		629.13 time, 630.02 real, 449 MB
[runlim] sample:		639.13 time, 640.02 real, 450 MB
[runlim] sample:		649.14 time, 650.02 real, 457 MB
[runlim] sample:		659.13 time, 660.02 real, 464 MB
[runlim] sample:		669.14 time, 670.02 real, 469 MB
[runlim] sample:		679.12 time, 680.02 real, 472 MB
[runlim] sample:		689.11 time, 690.02 real, 477 MB
[runlim] sample:		699.09 time, 700.02 real, 481 MB
[runlim] sample:		709.07 time, 710.02 real, 484 MB
[runlim] sample:		719.05 time, 720.02 real, 487 MB
[runlim] sample:		729.03 time, 730.02 real, 489 MB
[runlim] sample:		739.01 time, 740.02 real, 492 MB
[runlim] sample:		749.00 time, 750.02 real, 494 MB
[runlim] sample:		758.98 time, 760.02 real, 497 MB
[runlim] sample:		768.96 time, 770.02 real, 499 MB
[runlim] sample:		778.94 time, 780.02 real, 501 MB
[runlim] sample:		788.92 time, 790.02 real, 510 MB
[runlim] sample:		798.90 time, 800.02 real, 551 MB
[runlim] sample:		808.88 time, 810.02 real, 551 MB
[runlim] sample:		818.86 time, 820.02 real, 551 MB
[runlim] sample:		828.84 time, 830.02 real, 551 MB
[runlim] sample:		838.82 time, 840.02 real, 551 MB
[runlim] sample:		848.80 time, 850.02 real, 551 MB
[runlim] sample:		858.78 time, 860.02 real, 551 MB
[runlim] sample:		868.76 time, 870.02 real, 551 MB
[runlim] sample:		878.74 time, 880.02 real, 552 MB
[runlim] sample:		888.73 time, 890.02 real, 555 MB
[runlim] sample:		898.71 time, 900.02 real, 558 MB
[runlim] sample:		908.69 time, 910.02 real, 560 MB
[runlim] sample:		918.67 time, 920.02 real, 563 MB
[runlim] sample:		928.65 time, 930.02 real, 565 MB
[runlim] sample:		938.63 time, 940.02 real, 568 MB
[runlim] sample:		948.62 time, 950.02 real, 570 MB
[runlim] sample:		958.60 time, 960.02 real, 572 MB
[runlim] sample:		968.58 time, 970.02 real, 574 MB
[runlim] sample:		978.56 time, 980.02 real, 630 MB
[runlim] sample:		988.54 time, 990.02 real, 630 MB
[runlim] sample:		998.51 time, 1000.02 real, 630 MB
[runlim] sample:		1008.49 time, 1010.02 real, 630 MB
[runlim] sample:		1018.47 time, 1020.02 real, 630 MB
[runlim] sample:		1028.46 time, 1030.02 real, 630 MB
[runlim] sample:		1038.44 time, 1040.02 real, 630 MB
[runlim] sample:		1048.42 time, 1050.02 real, 630 MB
[runlim] sample:		1058.40 time, 1060.02 real, 630 MB
[runlim] sample:		1068.38 time, 1070.02 real, 630 MB
[runlim] sample:		1078.36 time, 1080.02 real, 630 MB
[runlim] sample:		1088.34 time, 1090.02 real, 630 MB
[runlim] sample:		1098.32 time, 1100.02 real, 630 MB
[runlim] sample:		1108.30 time, 1110.02 real, 630 MB
[runlim] sample:		1118.29 time, 1120.02 real, 630 MB
[runlim] sample:		1128.27 time, 1130.02 real, 630 MB
[runlim] sample:		1138.25 time, 1140.02 real, 632 MB
[runlim] sample:		1148.23 time, 1150.02 real, 634 MB
[runlim] sample:		1158.21 time, 1160.02 real, 637 MB
[runlim] sample:		1168.19 time, 1170.02 real, 640 MB
[runlim] sample:		1178.17 time, 1180.02 real, 683 MB
[runlim] sample:		1188.15 time, 1190.02 real, 683 MB
[runlim] sample:		1198.13 time, 1200.02 real, 683 MB
[runlim] sample:		1208.11 time, 1210.02 real, 683 MB
[runlim] sample:		1218.09 time, 1220.02 real, 683 MB
[runlim] sample:		1228.07 time, 1230.02 real, 683 MB
[runlim] sample:		1238.05 time, 1240.02 real, 683 MB
[runlim] sample:		1248.03 time, 1250.02 real, 683 MB
[runlim] sample:		1258.01 time, 1260.02 real, 683 MB
[runlim] sample:		1267.99 time, 1270.02 real, 683 MB
[runlim] sample:		1277.98 time, 1280.02 real, 683 MB
[runlim] sample:		1287.96 time, 1290.02 real, 683 MB
[runlim] sample:		1297.94 time, 1300.02 real, 683 MB
[runlim] sample:		1307.92 time, 1310.02 real, 683 MB
[runlim] sample:		1317.90 time, 1320.02 real, 683 MB
[runlim] sample:		1327.88 time, 1330.02 real, 683 MB
[runlim] sample:		1337.86 time, 1340.02 real, 683 MB
[runlim] sample:		1347.84 time, 1350.02 real, 683 MB
[runlim] sample:		1357.82 time, 1360.02 real, 684 MB
[runlim] sample:		1367.81 time, 1370.02 real, 687 MB
[runlim] sample:		1377.79 time, 1380.02 real, 689 MB
[runlim] sample:		1387.77 time, 1390.02 real, 691 MB
[runlim] sample:		1397.75 time, 1400.02 real, 694 MB
[runlim] sample:		1407.72 time, 1410.02 real, 696 MB
[runlim] sample:		1417.70 time, 1420.02 real, 698 MB
[runlim] sample:		1427.69 time, 1430.02 real, 700 MB
[runlim] sample:		1437.67 time, 1440.02 real, 703 MB
[runlim] sample:		1447.65 time, 1450.02 real, 704 MB
[runlim] sample:		1457.63 time, 1460.02 real, 706 MB
[runlim] sample:		1467.61 time, 1470.02 real, 707 MB
[runlim] sample:		1477.59 time, 1480.02 real, 709 MB
[runlim] sample:		1487.58 time, 1490.02 real, 711 MB
[runlim] sample:		1497.55 time, 1500.02 real, 713 MB
[runlim] sample:		1507.54 time, 1510.02 real, 715 MB
[runlim] sample:		1517.52 time, 1520.02 real, 717 MB
[runlim] sample:		1527.50 time, 1530.02 real, 719 MB
[runlim] sample:		1537.48 time, 1540.02 real, 720 MB
[runlim] sample:		1547.46 time, 1550.02 real, 722 MB
[runlim] sample:		1557.44 time, 1560.02 real, 723 MB
[runlim] sample:		1567.42 time, 1570.02 real, 725 MB
[runlim] sample:		1577.40 time, 1580.02 real, 727 MB
[runlim] sample:		1587.39 time, 1590.02 real, 729 MB
[runlim] sample:		1597.37 time, 1600.02 real, 731 MB
[runlim] sample:		1607.34 time, 1610.02 real, 732 MB
[runlim] sample:		1617.33 time, 1620.02 real, 733 MB
[runlim] sample:		1627.31 time, 1630.02 real, 735 MB
[runlim] sample:		1637.28 time, 1640.02 real, 736 MB
[runlim] sample:		1647.27 time, 1650.02 real, 738 MB
[runlim] sample:		1657.25 time, 1660.02 real, 739 MB
[runlim] sample:		1667.23 time, 1670.02 real, 741 MB
[runlim] sample:		1677.21 time, 1680.02 real, 742 MB
[runlim] sample:		1687.20 time, 1690.02 real, 744 MB
[runlim] sample:		1697.18 time, 1700.02 real, 746 MB
[runlim] sample:		1707.15 time, 1710.02 real, 747 MB
[runlim] sample:		1717.14 time, 1720.02 real, 760 MB
[runlim] sample:		1727.12 time, 1730.02 real, 760 MB
[runlim] sample:		1737.10 time, 1740.02 real, 760 MB
[runlim] sample:		1747.08 time, 1750.02 real, 760 MB
[runlim] sample:		1757.06 time, 1760.02 real, 760 MB
[runlim] sample:		1767.04 time, 1770.02 real, 761 MB
[runlim] sample:		1777.03 time, 1780.02 real, 762 MB
[runlim] sample:		1787.00 time, 1790.02 real, 764 MB
[runlim] sample:		1796.99 time, 1800.02 real, 765 MB
[runlim] sample:		1806.96 time, 1810.02 real, 766 MB
[runlim] sample:		1816.95 time, 1820.02 real, 767 MB
[runlim] sample:		1826.93 time, 1830.02 real, 768 MB
[runlim] sample:		1836.91 time, 1840.02 real, 770 MB
[runlim] sample:		1846.89 time, 1850.02 real, 771 MB
[runlim] sample:		1856.87 time, 1860.02 real, 772 MB
[runlim] sample:		1866.86 time, 1870.02 real, 774 MB
[runlim] sample:		1876.84 time, 1880.02 real, 775 MB
[runlim] sample:		1886.82 time, 1890.02 real, 776 MB
[runlim] sample:		1896.80 time, 1900.02 real, 777 MB
[runlim] sample:		1906.79 time, 1910.02 real, 778 MB
[runlim] sample:		1916.77 time, 1920.02 real, 779 MB
[runlim] sample:		1926.75 time, 1930.02 real, 780 MB
[runlim] sample:		1936.75 time, 1940.02 real, 781 MB
[runlim] sample:		1946.75 time, 1950.02 real, 782 MB
[runlim] sample:		1956.75 time, 1960.02 real, 783 MB
[runlim] sample:		1966.74 time, 1970.02 real, 784 MB
[runlim] sample:		1976.75 time, 1980.02 real, 785 MB
[runlim] sample:		1986.74 time, 1990.02 real, 786 MB
[runlim] sample:		1996.74 time, 2000.02 real, 788 MB
[runlim] sample:		2006.75 time, 2010.02 real, 788 MB
[runlim] sample:		2016.74 time, 2020.02 real, 789 MB
[runlim] sample:		2026.74 time, 2030.02 real, 790 MB
[runlim] sample:		2036.75 time, 2040.02 real, 791 MB
[runlim] sample:		2046.74 time, 2050.02 real, 792 MB
[runlim] sample:		2056.75 time, 2060.02 real, 794 MB
[runlim] sample:		2066.74 time, 2070.02 real, 794 MB
[runlim] sample:		2076.74 time, 2080.02 real, 795 MB
[runlim] sample:		2086.74 time, 2090.02 real, 796 MB
[runlim] sample:		2096.74 time, 2100.02 real, 797 MB
[runlim] sample:		2106.74 time, 2110.02 real, 798 MB
[runlim] sample:		2116.74 time, 2120.02 real, 800 MB
[runlim] sample:		2126.74 time, 2130.02 real, 801 MB
[runlim] sample:		2136.74 time, 2140.02 real, 802 MB
[runlim] sample:		2146.74 time, 2150.02 real, 803 MB
[runlim] sample:		2156.74 time, 2160.02 real, 804 MB
[runlim] sample:		2166.74 time, 2170.02 real, 805 MB
[runlim] sample:		2176.75 time, 2180.02 real, 806 MB
[runlim] sample:		2186.75 time, 2190.02 real, 807 MB
[runlim] sample:		2196.74 time, 2200.02 real, 808 MB
[runlim] sample:		2206.74 time, 2210.02 real, 809 MB
[runlim] sample:		2216.75 time, 2220.02 real, 809 MB
[runlim] sample:		2226.75 time, 2230.02 real, 810 MB
[runlim] sample:		2236.74 time, 2240.02 real, 811 MB
[runlim] sample:		2246.74 time, 2250.02 real, 812 MB
[runlim] sample:		2256.74 time, 2260.02 real, 813 MB
[runlim] sample:		2266.74 time, 2270.02 real, 816 MB
[runlim] sample:		2276.74 time, 2280.02 real, 893 MB
[runlim] sample:		2286.74 time, 2290.02 real, 893 MB
[runlim] sample:		2296.74 time, 2300.02 real, 893 MB
[runlim] sample:		2306.74 time, 2310.02 real, 893 MB
[runlim] sample:		2316.74 time, 2320.02 real, 893 MB
[runlim] sample:		2326.74 time, 2330.02 real, 893 MB
[runlim] sample:		2336.74 time, 2340.02 real, 893 MB
[runlim] sample:		2346.74 time, 2350.02 real, 893 MB
[runlim] sample:		2356.75 time, 2360.02 real, 893 MB
[runlim] sample:		2366.74 time, 2370.02 real, 893 MB
[runlim] sample:		2376.74 time, 2380.02 real, 893 MB
[runlim] sample:		2386.74 time, 2390.02 real, 893 MB
[runlim] sample:		2396.75 time, 2400.02 real, 893 MB
[runlim] sample:		2406.74 time, 2410.02 real, 893 MB
[runlim] sample:		2416.74 time, 2420.02 real, 893 MB
[runlim] sample:		2426.74 time, 2430.02 real, 893 MB
[runlim] sample:		2436.74 time, 2440.02 real, 893 MB
[runlim] sample:		2446.74 time, 2450.02 real, 893 MB
[runlim] sample:		2456.74 time, 2460.02 real, 893 MB
[runlim] sample:		2466.74 time, 2470.02 real, 893 MB
[runlim] sample:		2476.75 time, 2480.02 real, 893 MB
[runlim] sample:		2486.75 time, 2490.02 real, 893 MB
[runlim] sample:		2496.75 time, 2500.02 real, 893 MB
[runlim] sample:		2506.74 time, 2510.02 real, 893 MB
[runlim] sample:		2516.74 time, 2520.02 real, 893 MB
[runlim] sample:		2526.74 time, 2530.02 real, 893 MB
[runlim] sample:		2536.74 time, 2540.02 real, 893 MB
[runlim] sample:		2546.74 time, 2550.02 real, 893 MB
[runlim] sample:		2556.74 time, 2560.02 real, 893 MB
[runlim] sample:		2566.74 time, 2570.02 real, 893 MB
[runlim] sample:		2576.74 time, 2580.02 real, 893 MB
[runlim] sample:		2586.74 time, 2590.02 real, 893 MB
[runlim] sample:		2596.74 time, 2600.02 real, 893 MB
[runlim] sample:		2606.74 time, 2610.02 real, 893 MB
[runlim] sample:		2616.74 time, 2620.02 real, 893 MB
[runlim] sample:		2626.74 time, 2630.02 real, 893 MB
[runlim] sample:		2636.74 time, 2640.02 real, 893 MB
[runlim] sample:		2646.74 time, 2650.02 real, 893 MB
[runlim] sample:		2656.74 time, 2660.02 real, 893 MB
[runlim] sample:		2666.74 time, 2670.02 real, 893 MB
[runlim] sample:		2676.74 time, 2680.02 real, 893 MB
[runlim] sample:		2686.74 time, 2690.02 real, 893 MB
[runlim] sample:		2696.74 time, 2700.01 real, 893 MB
[runlim] end:			Sat Feb 29 07:02:05 2020
[runlim] status:		out of time
[runlim] result:		2
[runlim] children:		1
[runlim] real:			2700.10 seconds
[runlim] time:			2696.74 seconds
[runlim] space:			893 MB
[runlim] samples:		27000
