[runlim] version:		1.18
[runlim] host:			c3n22
[runlim] time limit:		2700 seconds
[runlim] real time limit:	2700 seconds
[runlim] space limit:		7000 MB
[runlim] argv[0]:		./binary
[runlim] argv[1]:		/data/cnf/ankit/E1-A1-Red/sortnetsort8.v.stepl.005.qdimacs
[runlim] start:			Sat Feb 29 06:17:05 2020
[runlim] child:			18038
[runlim] sample:		9.98 time, 10.02 real, 53 MB
[runlim] sample:		19.95 time, 20.02 real, 71 MB
[runlim] sample:		29.95 time, 30.02 real, 85 MB
[runlim] sample:		39.94 time, 40.02 real, 99 MB
[runlim] sample:		49.94 time, 50.02 real, 110 MB
[runlim] sample:		59.94 time, 60.02 real, 130 MB
[runlim] sample:		69.94 time, 70.02 real, 178 MB
[runlim] sample:		79.94 time, 80.02 real, 178 MB
[runlim] sample:		89.95 time, 90.02 real, 182 MB
[runlim] sample:		99.94 time, 100.02 real, 212 MB
[runlim] sample:		109.94 time, 110.02 real, 237 MB
[runlim] sample:		119.94 time, 120.02 real, 248 MB
[runlim] sample:		129.94 time, 130.02 real, 283 MB
[runlim] sample:		139.94 time, 140.02 real, 291 MB
[runlim] sample:		149.94 time, 150.02 real, 297 MB
[runlim] sample:		159.94 time, 160.02 real, 301 MB
[runlim] sample:		169.94 time, 170.02 real, 305 MB
[runlim] sample:		179.94 time, 180.02 real, 350 MB
[runlim] sample:		189.94 time, 190.02 real, 355 MB
[runlim] sample:		199.95 time, 200.02 real, 364 MB
[runlim] sample:		209.94 time, 210.02 real, 370 MB
[runlim] sample:		219.94 time, 220.02 real, 375 MB
[runlim] sample:		229.94 time, 230.02 real, 379 MB
[runlim] sample:		239.95 time, 240.02 real, 384 MB
[runlim] sample:		249.95 time, 250.02 real, 388 MB
[runlim] sample:		259.94 time, 260.02 real, 392 MB
[runlim] sample:		269.94 time, 270.02 real, 407 MB
[runlim] sample:		279.94 time, 280.02 real, 407 MB
[runlim] sample:		289.94 time, 290.02 real, 407 MB
[runlim] sample:		299.94 time, 300.02 real, 407 MB
[runlim] sample:		309.94 time, 310.02 real, 407 MB
[runlim] sample:		319.94 time, 320.02 real, 407 MB
[runlim] sample:		329.94 time, 330.02 real, 407 MB
[runlim] sample:		339.94 time, 340.02 real, 407 MB
[runlim] sample:		349.94 time, 350.02 real, 407 MB
[runlim] sample:		359.94 time, 360.02 real, 407 MB
[runlim] sample:		369.94 time, 370.02 real, 407 MB
[runlim] sample:		379.94 time, 380.02 real, 407 MB
[runlim] sample:		389.94 time, 390.02 real, 407 MB
[runlim] sample:		399.94 time, 400.02 real, 407 MB
[runlim] sample:		409.94 time, 410.02 real, 407 MB
[runlim] sample:		419.94 time, 420.02 real, 407 MB
[runlim] sample:		429.94 time, 430.02 real, 407 MB
[runlim] sample:		439.94 time, 440.02 real, 407 MB
[runlim] sample:		449.94 time, 450.02 real, 407 MB
[runlim] sample:		459.94 time, 460.02 real, 407 MB
[runlim] sample:		469.94 time, 470.02 real, 407 MB
[runlim] sample:		479.94 time, 480.02 real, 407 MB
[runlim] sample:		489.95 time, 490.02 real, 409 MB
[runlim] sample:		499.94 time, 500.02 real, 411 MB
[runlim] sample:		509.94 time, 510.02 real, 413 MB
[runlim] sample:		519.94 time, 520.02 real, 415 MB
[runlim] sample:		529.94 time, 530.02 real, 416 MB
[runlim] sample:		539.94 time, 540.02 real, 418 MB
[runlim] sample:		549.95 time, 550.02 real, 420 MB
[runlim] sample:		559.95 time, 560.02 real, 422 MB
[runlim] sample:		569.95 time, 570.02 real, 423 MB
[runlim] sample:		579.95 time, 580.02 real, 425 MB
[runlim] sample:		589.95 time, 590.02 real, 426 MB
[runlim] sample:		599.94 time, 600.02 real, 428 MB
[runlim] sample:		609.95 time, 610.02 real, 429 MB
[runlim] sample:		619.95 time, 620.02 real, 431 MB
[runlim] sample:		629.94 time, 630.02 real, 432 MB
[runlim] sample:		639.94 time, 640.02 real, 434 MB
[runlim] sample:		649.94 time, 650.02 real, 435 MB
[runlim] sample:		659.95 time, 660.02 real, 436 MB
[runlim] sample:		669.94 time, 670.02 real, 438 MB
[runlim] sample:		679.94 time, 680.02 real, 439 MB
[runlim] sample:		689.94 time, 690.02 real, 440 MB
[runlim] sample:		699.94 time, 700.02 real, 442 MB
[runlim] sample:		709.94 time, 710.02 real, 443 MB
[runlim] sample:		719.95 time, 720.02 real, 444 MB
[runlim] sample:		729.94 time, 730.02 real, 446 MB
[runlim] sample:		739.93 time, 740.02 real, 447 MB
[runlim] sample:		749.94 time, 750.02 real, 449 MB
[runlim] sample:		759.94 time, 760.02 real, 450 MB
[runlim] sample:		769.95 time, 770.02 real, 451 MB
[runlim] sample:		779.95 time, 780.02 real, 453 MB
[runlim] sample:		789.94 time, 790.02 real, 454 MB
[runlim] sample:		799.95 time, 800.02 real, 455 MB
[runlim] sample:		809.95 time, 810.02 real, 457 MB
[runlim] sample:		819.95 time, 820.02 real, 458 MB
[runlim] sample:		829.94 time, 830.02 real, 459 MB
[runlim] sample:		839.94 time, 840.02 real, 525 MB
[runlim] sample:		849.94 time, 850.02 real, 525 MB
[runlim] sample:		859.94 time, 860.02 real, 525 MB
[runlim] sample:		869.94 time, 870.02 real, 525 MB
[runlim] sample:		879.94 time, 880.02 real, 525 MB
[runlim] sample:		889.94 time, 890.02 real, 525 MB
[runlim] sample:		899.94 time, 900.02 real, 525 MB
[runlim] sample:		909.94 time, 910.02 real, 525 MB
[runlim] sample:		919.94 time, 920.02 real, 525 MB
[runlim] sample:		929.94 time, 930.02 real, 525 MB
[runlim] sample:		939.94 time, 940.02 real, 525 MB
[runlim] sample:		949.94 time, 950.02 real, 525 MB
[runlim] sample:		959.94 time, 960.02 real, 525 MB
[runlim] sample:		969.94 time, 970.02 real, 525 MB
[runlim] sample:		979.94 time, 980.02 real, 525 MB
[runlim] sample:		989.94 time, 990.02 real, 525 MB
[runlim] sample:		999.94 time, 1000.02 real, 525 MB
[runlim] sample:		1009.94 time, 1010.02 real, 525 MB
[runlim] sample:		1019.94 time, 1020.02 real, 525 MB
[runlim] sample:		1029.94 time, 1030.02 real, 525 MB
[runlim] sample:		1039.94 time, 1040.02 real, 525 MB
[runlim] sample:		1049.94 time, 1050.02 real, 525 MB
[runlim] sample:		1059.94 time, 1060.02 real, 525 MB
[runlim] sample:		1069.94 time, 1070.02 real, 525 MB
[runlim] sample:		1079.94 time, 1080.02 real, 525 MB
[runlim] sample:		1089.94 time, 1090.02 real, 525 MB
[runlim] sample:		1099.95 time, 1100.02 real, 526 MB
[runlim] sample:		1109.95 time, 1110.02 real, 526 MB
[runlim] sample:		1119.95 time, 1120.02 real, 606 MB
[runlim] sample:		1129.95 time, 1130.02 real, 606 MB
[runlim] sample:		1139.94 time, 1140.02 real, 606 MB
[runlim] sample:		1149.94 time, 1150.02 real, 606 MB
[runlim] sample:		1159.94 time, 1160.02 real, 606 MB
[runlim] sample:		1169.94 time, 1170.02 real, 606 MB
[runlim] sample:		1179.94 time, 1180.02 real, 606 MB
[runlim] sample:		1189.94 time, 1190.02 real, 606 MB
[runlim] sample:		1199.94 time, 1200.02 real, 608 MB
[runlim] sample:		1209.94 time, 1210.02 real, 612 MB
[runlim] sample:		1219.94 time, 1220.02 real, 615 MB
[runlim] sample:		1229.94 time, 1230.02 real, 617 MB
[runlim] sample:		1239.94 time, 1240.02 real, 620 MB
[runlim] sample:		1249.94 time, 1250.02 real, 623 MB
[runlim] sample:		1259.94 time, 1260.02 real, 625 MB
[runlim] sample:		1269.94 time, 1270.02 real, 627 MB
[runlim] sample:		1279.94 time, 1280.02 real, 630 MB
[runlim] sample:		1289.94 time, 1290.02 real, 632 MB
[runlim] sample:		1299.95 time, 1300.02 real, 635 MB
[runlim] sample:		1309.94 time, 1310.02 real, 637 MB
[runlim] sample:		1319.94 time, 1320.02 real, 639 MB
[runlim] sample:		1329.94 time, 1330.02 real, 641 MB
[runlim] sample:		1339.94 time, 1340.02 real, 643 MB
[runlim] sample:		1349.94 time, 1350.02 real, 645 MB
[runlim] sample:		1359.94 time, 1360.02 real, 647 MB
[runlim] sample:		1369.94 time, 1370.02 real, 649 MB
[runlim] sample:		1379.94 time, 1380.02 real, 651 MB
[runlim] sample:		1389.94 time, 1390.02 real, 653 MB
[runlim] sample:		1399.94 time, 1400.02 real, 654 MB
[runlim] sample:		1409.94 time, 1410.02 real, 656 MB
[runlim] sample:		1419.95 time, 1420.02 real, 657 MB
[runlim] sample:		1429.94 time, 1430.02 real, 659 MB
[runlim] sample:		1439.94 time, 1440.02 real, 661 MB
[runlim] sample:		1449.94 time, 1450.02 real, 662 MB
[runlim] sample:		1459.94 time, 1460.02 real, 664 MB
[runlim] sample:		1469.94 time, 1470.02 real, 665 MB
[runlim] sample:		1479.94 time, 1480.02 real, 667 MB
[runlim] sample:		1489.95 time, 1490.02 real, 668 MB
[runlim] sample:		1499.95 time, 1500.02 real, 671 MB
[runlim] sample:		1509.94 time, 1510.02 real, 673 MB
[runlim] sample:		1519.94 time, 1520.02 real, 728 MB
[runlim] sample:		1529.94 time, 1530.02 real, 765 MB
[runlim] sample:		1539.94 time, 1540.02 real, 765 MB
[runlim] sample:		1549.94 time, 1550.02 real, 765 MB
[runlim] sample:		1559.95 time, 1560.02 real, 765 MB
[runlim] sample:		1569.95 time, 1570.02 real, 765 MB
[runlim] sample:		1579.94 time, 1580.02 real, 765 MB
[runlim] sample:		1589.95 time, 1590.02 real, 765 MB
[runlim] sample:		1599.94 time, 1600.02 real, 765 MB
[runlim] sample:		1609.94 time, 1610.02 real, 765 MB
[runlim] sample:		1619.94 time, 1620.02 real, 765 MB
[runlim] sample:		1629.94 time, 1630.02 real, 765 MB
[runlim] sample:		1639.94 time, 1640.02 real, 765 MB
[runlim] sample:		1649.94 time, 1650.02 real, 765 MB
[runlim] sample:		1659.94 time, 1660.02 real, 765 MB
[runlim] sample:		1669.94 time, 1670.02 real, 765 MB
[runlim] sample:		1679.94 time, 1680.02 real, 765 MB
[runlim] sample:		1689.94 time, 1690.02 real, 765 MB
[runlim] sample:		1699.94 time, 1700.02 real, 765 MB
[runlim] sample:		1709.94 time, 1710.02 real, 765 MB
[runlim] sample:		1719.94 time, 1720.02 real, 767 MB
[runlim] sample:		1729.94 time, 1730.02 real, 769 MB
[runlim] sample:		1739.94 time, 1740.02 real, 772 MB
[runlim] sample:		1749.94 time, 1750.02 real, 775 MB
[runlim] sample:		1759.95 time, 1760.02 real, 777 MB
[runlim] sample:		1769.94 time, 1770.02 real, 779 MB
[runlim] sample:		1779.94 time, 1780.02 real, 782 MB
[runlim] sample:		1789.94 time, 1790.02 real, 784 MB
[runlim] sample:		1799.94 time, 1800.02 real, 786 MB
[runlim] sample:		1809.94 time, 1810.02 real, 788 MB
[runlim] sample:		1819.94 time, 1820.02 real, 789 MB
[runlim] sample:		1829.94 time, 1830.02 real, 790 MB
[runlim] sample:		1839.94 time, 1840.02 real, 792 MB
[runlim] sample:		1849.94 time, 1850.02 real, 794 MB
[runlim] sample:		1859.94 time, 1860.02 real, 806 MB
[runlim] sample:		1869.94 time, 1870.02 real, 806 MB
[runlim] sample:		1879.94 time, 1880.02 real, 806 MB
[runlim] sample:		1889.94 time, 1890.02 real, 808 MB
[runlim] sample:		1899.94 time, 1900.02 real, 809 MB
[runlim] sample:		1909.94 time, 1910.02 real, 811 MB
[runlim] sample:		1919.94 time, 1920.02 real, 812 MB
[runlim] sample:		1929.94 time, 1930.02 real, 813 MB
[runlim] sample:		1939.94 time, 1940.02 real, 815 MB
[runlim] sample:		1949.94 time, 1950.02 real, 815 MB
[runlim] sample:		1959.94 time, 1960.02 real, 816 MB
[runlim] sample:		1969.94 time, 1970.02 real, 818 MB
[runlim] sample:		1979.95 time, 1980.02 real, 820 MB
[runlim] sample:		1989.94 time, 1990.02 real, 822 MB
[runlim] sample:		1999.94 time, 2000.02 real, 824 MB
[runlim] sample:		2009.94 time, 2010.02 real, 826 MB
[runlim] sample:		2019.95 time, 2020.02 real, 827 MB
[runlim] sample:		2029.94 time, 2030.02 real, 829 MB
[runlim] sample:		2039.94 time, 2040.02 real, 831 MB
[runlim] sample:		2049.95 time, 2050.02 real, 833 MB
[runlim] sample:		2059.94 time, 2060.02 real, 835 MB
[runlim] sample:		2069.94 time, 2070.02 real, 836 MB
[runlim] sample:		2079.94 time, 2080.02 real, 838 MB
[runlim] sample:		2089.95 time, 2090.02 real, 840 MB
[runlim] sample:		2099.94 time, 2100.02 real, 841 MB
[runlim] sample:		2109.94 time, 2110.02 real, 913 MB
[runlim] sample:		2119.94 time, 2120.02 real, 956 MB
[runlim] sample:		2129.94 time, 2130.02 real, 956 MB
[runlim] sample:		2139.94 time, 2140.02 real, 956 MB
[runlim] sample:		2149.94 time, 2150.02 real, 956 MB
[runlim] sample:		2159.94 time, 2160.02 real, 956 MB
[runlim] sample:		2169.94 time, 2170.02 real, 956 MB
[runlim] sample:		2179.94 time, 2180.02 real, 956 MB
[runlim] sample:		2189.94 time, 2190.02 real, 956 MB
[runlim] sample:		2199.94 time, 2200.02 real, 956 MB
[runlim] sample:		2209.94 time, 2210.02 real, 956 MB
[runlim] sample:		2219.95 time, 2220.02 real, 956 MB
[runlim] sample:		2229.94 time, 2230.02 real, 956 MB
[runlim] sample:		2239.94 time, 2240.02 real, 956 MB
[runlim] sample:		2249.94 time, 2250.02 real, 956 MB
[runlim] sample:		2259.95 time, 2260.02 real, 956 MB
[runlim] sample:		2269.94 time, 2270.02 real, 956 MB
[runlim] sample:		2279.95 time, 2280.02 real, 956 MB
[runlim] sample:		2289.94 time, 2290.02 real, 956 MB
[runlim] sample:		2299.94 time, 2300.02 real, 956 MB
[runlim] sample:		2309.94 time, 2310.02 real, 957 MB
[runlim] sample:		2319.94 time, 2320.02 real, 959 MB
[runlim] sample:		2329.94 time, 2330.02 real, 962 MB
[runlim] sample:		2339.94 time, 2340.02 real, 965 MB
[runlim] sample:		2349.94 time, 2350.02 real, 967 MB
[runlim] sample:		2359.94 time, 2360.02 real, 969 MB
[runlim] sample:		2369.94 time, 2370.02 real, 970 MB
[runlim] sample:		2379.94 time, 2380.02 real, 972 MB
[runlim] sample:		2389.94 time, 2390.02 real, 973 MB
[runlim] sample:		2399.94 time, 2400.02 real, 975 MB
[runlim] sample:		2409.94 time, 2410.02 real, 977 MB
[runlim] sample:		2419.94 time, 2420.02 real, 980 MB
[runlim] sample:		2429.94 time, 2430.02 real, 982 MB
[runlim] sample:		2439.94 time, 2440.02 real, 984 MB
[runlim] sample:		2449.94 time, 2450.02 real, 985 MB
[runlim] sample:		2459.94 time, 2460.02 real, 987 MB
[runlim] sample:		2469.94 time, 2470.02 real, 989 MB
[runlim] sample:		2479.94 time, 2480.02 real, 990 MB
[runlim] sample:		2489.94 time, 2490.02 real, 991 MB
[runlim] sample:		2499.94 time, 2500.02 real, 993 MB
[runlim] sample:		2509.94 time, 2510.02 real, 994 MB
[runlim] sample:		2519.94 time, 2520.02 real, 996 MB
[runlim] sample:		2529.94 time, 2530.02 real, 999 MB
[runlim] sample:		2539.94 time, 2540.02 real, 1001 MB
[runlim] sample:		2549.94 time, 2550.02 real, 1003 MB
[runlim] sample:		2559.94 time, 2560.02 real, 1006 MB
[runlim] sample:		2569.94 time, 2570.02 real, 1008 MB
[runlim] sample:		2579.94 time, 2580.02 real, 1011 MB
[runlim] sample:		2589.94 time, 2590.02 real, 1013 MB
[runlim] sample:		2599.94 time, 2600.01 real, 1016 MB
[runlim] sample:		2609.94 time, 2610.02 real, 1019 MB
[runlim] sample:		2619.94 time, 2620.02 real, 1022 MB
[runlim] sample:		2629.94 time, 2630.02 real, 1071 MB
[runlim] sample:		2639.94 time, 2640.02 real, 1133 MB
[runlim] sample:		2649.94 time, 2650.02 real, 1133 MB
[runlim] sample:		2659.94 time, 2660.02 real, 1133 MB
[runlim] sample:		2669.94 time, 2670.02 real, 1133 MB
[runlim] sample:		2679.94 time, 2680.02 real, 1133 MB
[runlim] sample:		2689.94 time, 2690.02 real, 1133 MB
[runlim] sample:		2699.93 time, 2700.01 real, 1133 MB
[runlim] end:			Sat Feb 29 07:02:05 2020
[runlim] status:		out of time
[runlim] result:		2
[runlim] children:		1
[runlim] real:			2700.10 seconds
[runlim] time:			2699.93 seconds
[runlim] space:			1156 MB
[runlim] samples:		27000
