[runlim] version:		1.18
[runlim] host:			c3n09
[runlim] time limit:		2700 seconds
[runlim] real time limit:	2700 seconds
[runlim] space limit:		7000 MB
[runlim] argv[0]:		./binary
[runlim] argv[1]:		/data/cnf/ankit/E1-A1-Red/term1.blif_0.10_0.20_0_0_inp_exact.dqbf
[runlim] start:			Sat Feb 29 06:17:05 2020
[runlim] child:			16936
[runlim] sample:		9.99 time, 10.02 real, 59 MB
[runlim] sample:		19.97 time, 20.02 real, 61 MB
[runlim] sample:		29.95 time, 30.02 real, 87 MB
[runlim] sample:		39.94 time, 40.02 real, 100 MB
[runlim] sample:		49.92 time, 50.02 real, 103 MB
[runlim] sample:		59.90 time, 60.02 real, 109 MB
[runlim] sample:		69.88 time, 70.02 real, 109 MB
[runlim] sample:		79.86 time, 80.02 real, 109 MB
[runlim] sample:		89.84 time, 90.02 real, 109 MB
[runlim] sample:		99.83 time, 100.02 real, 109 MB
[runlim] sample:		109.81 time, 110.02 real, 113 MB
[runlim] sample:		119.78 time, 120.02 real, 116 MB
[runlim] sample:		129.77 time, 130.02 real, 116 MB
[runlim] sample:		139.76 time, 140.02 real, 116 MB
[runlim] sample:		149.73 time, 150.02 real, 145 MB
[runlim] sample:		159.71 time, 160.02 real, 145 MB
[runlim] sample:		169.70 time, 170.02 real, 146 MB
[runlim] sample:		179.68 time, 180.02 real, 146 MB
[runlim] sample:		189.66 time, 190.02 real, 146 MB
[runlim] sample:		199.64 time, 200.02 real, 146 MB
[runlim] sample:		209.63 time, 210.02 real, 146 MB
[runlim] sample:		219.61 time, 220.02 real, 146 MB
[runlim] sample:		229.59 time, 230.02 real, 190 MB
[runlim] sample:		239.57 time, 240.02 real, 187 MB
[runlim] sample:		249.55 time, 250.02 real, 187 MB
[runlim] sample:		259.54 time, 260.02 real, 187 MB
[runlim] sample:		269.52 time, 270.02 real, 187 MB
[runlim] sample:		279.50 time, 280.02 real, 188 MB
[runlim] sample:		289.48 time, 290.02 real, 190 MB
[runlim] sample:		299.46 time, 300.02 real, 196 MB
[runlim] sample:		309.45 time, 310.02 real, 200 MB
[runlim] sample:		319.44 time, 320.02 real, 202 MB
[runlim] sample:		329.42 time, 330.02 real, 206 MB
[runlim] sample:		339.40 time, 340.02 real, 209 MB
[runlim] sample:		349.38 time, 350.02 real, 212 MB
[runlim] sample:		359.37 time, 360.02 real, 214 MB
[runlim] sample:		369.34 time, 370.02 real, 217 MB
[runlim] sample:		379.33 time, 380.02 real, 219 MB
[runlim] sample:		389.31 time, 390.02 real, 219 MB
[runlim] sample:		399.29 time, 400.02 real, 219 MB
[runlim] sample:		409.27 time, 410.02 real, 221 MB
[runlim] sample:		419.26 time, 420.02 real, 223 MB
[runlim] sample:		429.24 time, 430.02 real, 225 MB
[runlim] sample:		439.22 time, 440.02 real, 227 MB
[runlim] sample:		449.20 time, 450.02 real, 229 MB
[runlim] sample:		459.18 time, 460.02 real, 230 MB
[runlim] sample:		469.16 time, 470.02 real, 230 MB
[runlim] sample:		479.14 time, 480.02 real, 230 MB
[runlim] sample:		489.13 time, 490.02 real, 231 MB
[runlim] sample:		499.11 time, 500.02 real, 233 MB
[runlim] sample:		509.09 time, 510.02 real, 235 MB
[runlim] sample:		519.08 time, 520.02 real, 237 MB
[runlim] sample:		529.06 time, 530.02 real, 238 MB
[runlim] sample:		539.04 time, 540.02 real, 240 MB
[runlim] sample:		549.03 time, 550.02 real, 241 MB
[runlim] sample:		559.01 time, 560.02 real, 243 MB
[runlim] sample:		568.99 time, 570.02 real, 244 MB
[runlim] sample:		578.97 time, 580.02 real, 244 MB
[runlim] sample:		588.95 time, 590.02 real, 244 MB
[runlim] sample:		598.93 time, 600.02 real, 244 MB
[runlim] sample:		608.92 time, 610.02 real, 244 MB
[runlim] sample:		618.90 time, 620.02 real, 244 MB
[runlim] sample:		628.88 time, 630.02 real, 345 MB
[runlim] sample:		638.86 time, 640.02 real, 336 MB
[runlim] sample:		648.84 time, 650.02 real, 336 MB
[runlim] sample:		658.82 time, 660.02 real, 336 MB
[runlim] sample:		668.81 time, 670.02 real, 336 MB
[runlim] sample:		678.79 time, 680.02 real, 336 MB
[runlim] sample:		688.77 time, 690.02 real, 336 MB
[runlim] sample:		698.76 time, 700.02 real, 336 MB
[runlim] sample:		708.74 time, 710.02 real, 336 MB
[runlim] sample:		718.72 time, 720.02 real, 336 MB
[runlim] sample:		728.70 time, 730.02 real, 336 MB
[runlim] sample:		738.68 time, 740.02 real, 336 MB
[runlim] sample:		748.67 time, 750.02 real, 336 MB
[runlim] sample:		758.65 time, 760.02 real, 336 MB
[runlim] sample:		768.64 time, 770.02 real, 336 MB
[runlim] sample:		778.62 time, 780.02 real, 336 MB
[runlim] sample:		788.60 time, 790.02 real, 336 MB
[runlim] sample:		798.58 time, 800.02 real, 336 MB
[runlim] sample:		808.56 time, 810.02 real, 336 MB
[runlim] sample:		818.55 time, 820.02 real, 336 MB
[runlim] sample:		828.53 time, 830.02 real, 336 MB
[runlim] sample:		838.51 time, 840.02 real, 336 MB
[runlim] sample:		848.49 time, 850.02 real, 336 MB
[runlim] sample:		858.48 time, 860.02 real, 336 MB
[runlim] sample:		868.45 time, 870.02 real, 337 MB
[runlim] sample:		878.44 time, 880.02 real, 337 MB
[runlim] sample:		888.42 time, 890.02 real, 338 MB
[runlim] sample:		898.40 time, 900.02 real, 340 MB
[runlim] sample:		908.39 time, 910.02 real, 341 MB
[runlim] sample:		918.36 time, 920.02 real, 343 MB
[runlim] sample:		928.35 time, 930.02 real, 346 MB
[runlim] sample:		938.35 time, 940.02 real, 347 MB
[runlim] sample:		948.35 time, 950.02 real, 349 MB
[runlim] sample:		958.35 time, 960.02 real, 351 MB
[runlim] sample:		968.34 time, 970.02 real, 358 MB
[runlim] sample:		978.35 time, 980.02 real, 358 MB
[runlim] sample:		988.35 time, 990.02 real, 358 MB
[runlim] sample:		998.35 time, 1000.02 real, 360 MB
[runlim] sample:		1008.35 time, 1010.02 real, 361 MB
[runlim] sample:		1018.35 time, 1020.02 real, 363 MB
[runlim] sample:		1028.35 time, 1030.02 real, 365 MB
[runlim] sample:		1038.35 time, 1040.02 real, 367 MB
[runlim] sample:		1048.35 time, 1050.02 real, 368 MB
[runlim] sample:		1058.35 time, 1060.02 real, 370 MB
[runlim] sample:		1068.35 time, 1070.02 real, 371 MB
[runlim] sample:		1078.35 time, 1080.02 real, 372 MB
[runlim] sample:		1088.35 time, 1090.02 real, 374 MB
[runlim] sample:		1098.35 time, 1100.02 real, 375 MB
[runlim] sample:		1108.35 time, 1110.02 real, 376 MB
[runlim] sample:		1118.35 time, 1120.02 real, 377 MB
[runlim] sample:		1128.35 time, 1130.02 real, 380 MB
[runlim] sample:		1138.35 time, 1140.02 real, 381 MB
[runlim] sample:		1148.34 time, 1150.02 real, 382 MB
[runlim] sample:		1158.34 time, 1160.02 real, 383 MB
[runlim] sample:		1168.34 time, 1170.02 real, 385 MB
[runlim] sample:		1178.34 time, 1180.02 real, 386 MB
[runlim] sample:		1188.34 time, 1190.02 real, 387 MB
[runlim] sample:		1198.34 time, 1200.02 real, 388 MB
[runlim] sample:		1208.34 time, 1210.02 real, 389 MB
[runlim] sample:		1218.34 time, 1220.02 real, 390 MB
[runlim] sample:		1228.35 time, 1230.02 real, 392 MB
[runlim] sample:		1238.35 time, 1240.02 real, 393 MB
[runlim] sample:		1248.35 time, 1250.02 real, 394 MB
[runlim] sample:		1258.34 time, 1260.02 real, 396 MB
[runlim] sample:		1268.34 time, 1270.02 real, 397 MB
[runlim] sample:		1278.34 time, 1280.02 real, 398 MB
[runlim] sample:		1288.35 time, 1290.02 real, 399 MB
[runlim] sample:		1298.35 time, 1300.02 real, 400 MB
[runlim] sample:		1308.35 time, 1310.02 real, 401 MB
[runlim] sample:		1318.35 time, 1320.02 real, 402 MB
[runlim] sample:		1328.35 time, 1330.02 real, 403 MB
[runlim] sample:		1338.34 time, 1340.02 real, 405 MB
[runlim] sample:		1348.34 time, 1350.02 real, 406 MB
[runlim] sample:		1358.34 time, 1360.02 real, 407 MB
[runlim] sample:		1368.35 time, 1370.02 real, 409 MB
[runlim] sample:		1378.35 time, 1380.02 real, 410 MB
[runlim] sample:		1388.34 time, 1390.02 real, 411 MB
[runlim] sample:		1398.34 time, 1400.02 real, 412 MB
[runlim] sample:		1408.34 time, 1410.02 real, 413 MB
[runlim] sample:		1418.34 time, 1420.02 real, 415 MB
[runlim] sample:		1428.34 time, 1430.02 real, 416 MB
[runlim] sample:		1438.34 time, 1440.02 real, 417 MB
[runlim] sample:		1448.34 time, 1450.02 real, 418 MB
[runlim] sample:		1458.35 time, 1460.02 real, 419 MB
[runlim] sample:		1468.34 time, 1470.02 real, 420 MB
[runlim] sample:		1478.35 time, 1480.02 real, 421 MB
[runlim] sample:		1488.34 time, 1490.02 real, 422 MB
[runlim] sample:		1498.35 time, 1500.02 real, 423 MB
[runlim] sample:		1508.35 time, 1510.02 real, 425 MB
[runlim] sample:		1518.35 time, 1520.02 real, 426 MB
[runlim] sample:		1528.34 time, 1530.02 real, 427 MB
[runlim] sample:		1538.34 time, 1540.02 real, 428 MB
[runlim] sample:		1548.34 time, 1550.02 real, 429 MB
[runlim] sample:		1558.34 time, 1560.02 real, 430 MB
[runlim] sample:		1568.34 time, 1570.02 real, 431 MB
[runlim] sample:		1578.34 time, 1580.02 real, 432 MB
[runlim] sample:		1588.35 time, 1590.02 real, 436 MB
[runlim] sample:		1598.35 time, 1600.02 real, 436 MB
[runlim] sample:		1608.35 time, 1610.02 real, 436 MB
[runlim] sample:		1618.35 time, 1620.02 real, 437 MB
[runlim] sample:		1628.35 time, 1630.02 real, 438 MB
[runlim] sample:		1638.35 time, 1640.02 real, 439 MB
[runlim] sample:		1648.35 time, 1650.02 real, 440 MB
[runlim] sample:		1658.35 time, 1660.02 real, 440 MB
[runlim] sample:		1668.35 time, 1670.02 real, 440 MB
[runlim] sample:		1678.35 time, 1680.02 real, 440 MB
[runlim] sample:		1688.35 time, 1690.02 real, 440 MB
[runlim] sample:		1698.35 time, 1700.02 real, 440 MB
[runlim] sample:		1708.35 time, 1710.02 real, 440 MB
[runlim] sample:		1718.35 time, 1720.02 real, 440 MB
[runlim] sample:		1728.35 time, 1730.02 real, 440 MB
[runlim] sample:		1738.35 time, 1740.02 real, 441 MB
[runlim] sample:		1748.35 time, 1750.02 real, 441 MB
[runlim] sample:		1758.35 time, 1760.02 real, 443 MB
[runlim] sample:		1768.35 time, 1770.02 real, 444 MB
[runlim] sample:		1778.35 time, 1780.02 real, 445 MB
[runlim] sample:		1788.35 time, 1790.02 real, 446 MB
[runlim] sample:		1798.35 time, 1800.02 real, 447 MB
[runlim] sample:		1808.35 time, 1810.02 real, 448 MB
[runlim] sample:		1818.34 time, 1820.02 real, 449 MB
[runlim] sample:		1828.34 time, 1830.02 real, 450 MB
[runlim] sample:		1838.34 time, 1840.02 real, 451 MB
[runlim] sample:		1848.35 time, 1850.02 real, 452 MB
[runlim] sample:		1858.35 time, 1860.02 real, 453 MB
[runlim] sample:		1868.35 time, 1870.02 real, 454 MB
[runlim] sample:		1878.35 time, 1880.02 real, 455 MB
[runlim] sample:		1888.35 time, 1890.02 real, 456 MB
[runlim] sample:		1898.35 time, 1900.02 real, 456 MB
[runlim] sample:		1908.35 time, 1910.02 real, 457 MB
[runlim] sample:		1918.35 time, 1920.02 real, 458 MB
[runlim] sample:		1928.35 time, 1930.02 real, 459 MB
[runlim] sample:		1938.35 time, 1940.02 real, 460 MB
[runlim] sample:		1948.35 time, 1950.02 real, 461 MB
[runlim] sample:		1958.35 time, 1960.02 real, 462 MB
[runlim] sample:		1968.35 time, 1970.02 real, 462 MB
[runlim] sample:		1978.35 time, 1980.02 real, 463 MB
[runlim] sample:		1988.35 time, 1990.02 real, 464 MB
[runlim] sample:		1998.35 time, 2000.02 real, 465 MB
[runlim] sample:		2008.35 time, 2010.02 real, 465 MB
[runlim] sample:		2018.35 time, 2020.02 real, 466 MB
[runlim] sample:		2028.35 time, 2030.02 real, 467 MB
[runlim] sample:		2038.35 time, 2040.02 real, 468 MB
[runlim] sample:		2048.35 time, 2050.02 real, 469 MB
[runlim] sample:		2058.35 time, 2060.02 real, 470 MB
[runlim] sample:		2068.35 time, 2070.02 real, 471 MB
[runlim] sample:		2078.35 time, 2080.02 real, 472 MB
[runlim] sample:		2088.35 time, 2090.02 real, 472 MB
[runlim] sample:		2098.35 time, 2100.02 real, 473 MB
[runlim] sample:		2108.35 time, 2110.02 real, 474 MB
[runlim] sample:		2118.35 time, 2120.02 real, 475 MB
[runlim] sample:		2128.35 time, 2130.02 real, 476 MB
[runlim] sample:		2138.35 time, 2140.02 real, 476 MB
[runlim] sample:		2148.35 time, 2150.02 real, 477 MB
[runlim] sample:		2158.35 time, 2160.02 real, 478 MB
[runlim] sample:		2168.35 time, 2170.02 real, 478 MB
[runlim] sample:		2178.35 time, 2180.02 real, 479 MB
[runlim] sample:		2188.35 time, 2190.02 real, 480 MB
[runlim] sample:		2198.35 time, 2200.02 real, 481 MB
[runlim] sample:		2208.35 time, 2210.02 real, 482 MB
[runlim] sample:		2218.35 time, 2220.02 real, 484 MB
[runlim] sample:		2228.35 time, 2230.02 real, 485 MB
[runlim] sample:		2238.35 time, 2240.02 real, 486 MB
[runlim] sample:		2248.35 time, 2250.02 real, 486 MB
[runlim] sample:		2258.35 time, 2260.02 real, 487 MB
[runlim] sample:		2268.35 time, 2270.02 real, 488 MB
[runlim] sample:		2278.35 time, 2280.02 real, 489 MB
[runlim] sample:		2288.35 time, 2290.02 real, 490 MB
[runlim] sample:		2298.35 time, 2300.02 real, 491 MB
[runlim] sample:		2308.35 time, 2310.02 real, 492 MB
[runlim] sample:		2318.35 time, 2320.02 real, 493 MB
[runlim] sample:		2328.35 time, 2330.02 real, 494 MB
[runlim] sample:		2338.35 time, 2340.02 real, 494 MB
[runlim] sample:		2348.35 time, 2350.02 real, 495 MB
[runlim] sample:		2358.35 time, 2360.02 real, 496 MB
[runlim] sample:		2368.35 time, 2370.02 real, 499 MB
[runlim] sample:		2378.35 time, 2380.02 real, 500 MB
[runlim] sample:		2388.35 time, 2390.02 real, 501 MB
[runlim] sample:		2398.35 time, 2400.02 real, 502 MB
[runlim] sample:		2408.35 time, 2410.02 real, 502 MB
[runlim] sample:		2418.35 time, 2420.02 real, 503 MB
[runlim] sample:		2428.35 time, 2430.02 real, 504 MB
[runlim] sample:		2438.35 time, 2440.02 real, 505 MB
[runlim] sample:		2448.35 time, 2450.02 real, 506 MB
[runlim] sample:		2458.35 time, 2460.02 real, 507 MB
[runlim] sample:		2468.35 time, 2470.02 real, 508 MB
[runlim] sample:		2478.35 time, 2480.02 real, 509 MB
[runlim] sample:		2488.35 time, 2490.02 real, 509 MB
[runlim] sample:		2498.35 time, 2500.02 real, 510 MB
[runlim] sample:		2508.35 time, 2510.02 real, 511 MB
[runlim] sample:		2518.35 time, 2520.02 real, 512 MB
[runlim] sample:		2528.35 time, 2530.01 real, 513 MB
[runlim] sample:		2538.35 time, 2540.01 real, 513 MB
[runlim] sample:		2548.35 time, 2550.02 real, 514 MB
[runlim] sample:		2558.35 time, 2560.02 real, 515 MB
[runlim] sample:		2568.35 time, 2570.02 real, 516 MB
[runlim] sample:		2578.35 time, 2580.02 real, 517 MB
[runlim] sample:		2588.35 time, 2590.02 real, 517 MB
[runlim] sample:		2598.35 time, 2600.02 real, 518 MB
[runlim] sample:		2608.35 time, 2610.02 real, 519 MB
[runlim] sample:		2618.35 time, 2620.02 real, 520 MB
[runlim] sample:		2628.35 time, 2630.02 real, 521 MB
[runlim] sample:		2638.35 time, 2640.02 real, 521 MB
[runlim] sample:		2648.35 time, 2650.02 real, 522 MB
[runlim] sample:		2658.35 time, 2660.02 real, 523 MB
[runlim] sample:		2668.35 time, 2670.02 real, 524 MB
[runlim] sample:		2678.36 time, 2680.02 real, 525 MB
[runlim] sample:		2688.36 time, 2690.02 real, 525 MB
[runlim] sample:		2698.35 time, 2700.02 real, 526 MB
[runlim] end:			Sat Feb 29 07:02:05 2020
[runlim] status:		out of time
[runlim] result:		2
[runlim] children:		1
[runlim] real:			2700.10 seconds
[runlim] time:			2698.35 seconds
[runlim] space:			526 MB
[runlim] samples:		27000
