[runlim] version:		1.18
[runlim] host:			c3n30
[runlim] time limit:		2700 seconds
[runlim] real time limit:	2700 seconds
[runlim] space limit:		7000 MB
[runlim] argv[0]:		./binary
[runlim] argv[1]:		/data/cnf/ankit/E1-A1-Red/ttt_5x5-shape-1-GTTT-1-2-torus-0.dqbf
[runlim] start:			Sat Feb 29 06:17:07 2020
[runlim] child:			10227
[runlim] sample:		9.99 time, 10.01 real, 78 MB
[runlim] sample:		20.00 time, 20.02 real, 78 MB
[runlim] sample:		30.00 time, 30.02 real, 78 MB
[runlim] sample:		40.00 time, 40.01 real, 83 MB
[runlim] sample:		50.00 time, 50.01 real, 118 MB
[runlim] sample:		60.00 time, 60.02 real, 135 MB
[runlim] sample:		70.00 time, 70.02 real, 198 MB
[runlim] sample:		80.00 time, 80.02 real, 217 MB
[runlim] sample:		90.00 time, 90.02 real, 218 MB
[runlim] sample:		100.00 time, 100.02 real, 218 MB
[runlim] sample:		110.00 time, 110.02 real, 218 MB
[runlim] sample:		120.00 time, 120.02 real, 218 MB
[runlim] sample:		130.00 time, 130.02 real, 219 MB
[runlim] sample:		139.99 time, 140.02 real, 222 MB
[runlim] sample:		149.99 time, 150.02 real, 222 MB
[runlim] sample:		160.00 time, 160.02 real, 226 MB
[runlim] sample:		170.00 time, 170.02 real, 229 MB
[runlim] sample:		179.99 time, 180.02 real, 233 MB
[runlim] sample:		189.99 time, 190.02 real, 236 MB
[runlim] sample:		200.00 time, 200.02 real, 239 MB
[runlim] sample:		210.00 time, 210.02 real, 241 MB
[runlim] sample:		220.00 time, 220.02 real, 244 MB
[runlim] sample:		230.00 time, 230.02 real, 246 MB
[runlim] sample:		240.00 time, 240.02 real, 248 MB
[runlim] sample:		250.00 time, 250.02 real, 250 MB
[runlim] sample:		260.00 time, 260.02 real, 251 MB
[runlim] sample:		269.99 time, 270.02 real, 253 MB
[runlim] sample:		279.99 time, 280.02 real, 254 MB
[runlim] sample:		289.99 time, 290.02 real, 256 MB
[runlim] sample:		299.99 time, 300.02 real, 258 MB
[runlim] sample:		309.99 time, 310.02 real, 259 MB
[runlim] sample:		319.99 time, 320.02 real, 261 MB
[runlim] sample:		330.00 time, 330.02 real, 262 MB
[runlim] sample:		340.00 time, 340.02 real, 264 MB
[runlim] sample:		350.00 time, 350.02 real, 265 MB
[runlim] sample:		360.00 time, 360.02 real, 352 MB
[runlim] sample:		370.00 time, 370.02 real, 355 MB
[runlim] sample:		380.00 time, 380.02 real, 355 MB
[runlim] sample:		390.00 time, 390.02 real, 355 MB
[runlim] sample:		400.00 time, 400.02 real, 355 MB
[runlim] sample:		410.00 time, 410.02 real, 355 MB
[runlim] sample:		420.00 time, 420.02 real, 355 MB
[runlim] sample:		430.00 time, 430.02 real, 355 MB
[runlim] sample:		440.00 time, 440.02 real, 355 MB
[runlim] sample:		450.00 time, 450.02 real, 355 MB
[runlim] sample:		460.00 time, 460.02 real, 355 MB
[runlim] sample:		470.00 time, 470.02 real, 355 MB
[runlim] sample:		479.99 time, 480.02 real, 363 MB
[runlim] sample:		489.99 time, 490.02 real, 363 MB
[runlim] sample:		499.99 time, 500.02 real, 363 MB
[runlim] sample:		509.99 time, 510.02 real, 363 MB
[runlim] sample:		519.99 time, 520.02 real, 363 MB
[runlim] sample:		529.99 time, 530.02 real, 367 MB
[runlim] sample:		539.99 time, 540.02 real, 372 MB
[runlim] sample:		549.99 time, 550.02 real, 377 MB
[runlim] sample:		559.99 time, 560.02 real, 381 MB
[runlim] sample:		570.00 time, 570.02 real, 385 MB
[runlim] sample:		579.99 time, 580.02 real, 388 MB
[runlim] sample:		589.99 time, 590.02 real, 392 MB
[runlim] sample:		599.99 time, 600.02 real, 400 MB
[runlim] sample:		609.99 time, 610.02 real, 401 MB
[runlim] sample:		619.99 time, 620.02 real, 405 MB
[runlim] sample:		630.00 time, 630.02 real, 407 MB
[runlim] sample:		639.99 time, 640.02 real, 411 MB
[runlim] sample:		649.99 time, 650.02 real, 413 MB
[runlim] sample:		659.99 time, 660.02 real, 416 MB
[runlim] sample:		669.99 time, 670.02 real, 419 MB
[runlim] sample:		679.99 time, 680.02 real, 421 MB
[runlim] sample:		689.99 time, 690.02 real, 423 MB
[runlim] sample:		699.99 time, 700.02 real, 426 MB
[runlim] sample:		709.99 time, 710.02 real, 428 MB
[runlim] sample:		719.99 time, 720.02 real, 430 MB
[runlim] sample:		729.99 time, 730.02 real, 432 MB
[runlim] sample:		739.99 time, 740.02 real, 435 MB
[runlim] sample:		749.99 time, 750.02 real, 437 MB
[runlim] sample:		759.99 time, 760.02 real, 439 MB
[runlim] sample:		769.99 time, 770.02 real, 441 MB
[runlim] sample:		779.99 time, 780.02 real, 443 MB
[runlim] sample:		789.99 time, 790.02 real, 445 MB
[runlim] sample:		799.99 time, 800.02 real, 447 MB
[runlim] sample:		809.98 time, 810.02 real, 448 MB
[runlim] sample:		819.99 time, 820.02 real, 450 MB
[runlim] sample:		829.99 time, 830.02 real, 452 MB
[runlim] sample:		839.99 time, 840.02 real, 454 MB
[runlim] sample:		849.98 time, 850.02 real, 455 MB
[runlim] sample:		859.99 time, 860.02 real, 457 MB
[runlim] sample:		869.99 time, 870.02 real, 459 MB
[runlim] sample:		879.99 time, 880.02 real, 461 MB
[runlim] sample:		889.99 time, 890.02 real, 463 MB
[runlim] sample:		899.99 time, 900.02 real, 463 MB
[runlim] sample:		909.99 time, 910.02 real, 463 MB
[runlim] sample:		919.99 time, 920.02 real, 463 MB
[runlim] sample:		929.99 time, 930.02 real, 463 MB
[runlim] sample:		939.99 time, 940.02 real, 463 MB
[runlim] sample:		949.99 time, 950.02 real, 463 MB
[runlim] sample:		959.99 time, 960.02 real, 463 MB
[runlim] sample:		969.99 time, 970.02 real, 464 MB
[runlim] sample:		979.99 time, 980.02 real, 465 MB
[runlim] sample:		989.99 time, 990.02 real, 467 MB
[runlim] sample:		999.99 time, 1000.02 real, 468 MB
[runlim] sample:		1009.99 time, 1010.02 real, 469 MB
[runlim] sample:		1019.99 time, 1020.02 real, 470 MB
[runlim] sample:		1029.99 time, 1030.02 real, 471 MB
[runlim] sample:		1039.98 time, 1040.02 real, 472 MB
[runlim] sample:		1049.98 time, 1050.02 real, 473 MB
[runlim] sample:		1059.98 time, 1060.02 real, 475 MB
[runlim] sample:		1069.98 time, 1070.02 real, 476 MB
[runlim] sample:		1079.98 time, 1080.02 real, 477 MB
[runlim] sample:		1089.99 time, 1090.02 real, 478 MB
[runlim] sample:		1099.99 time, 1100.02 real, 480 MB
[runlim] sample:		1109.99 time, 1110.02 real, 481 MB
[runlim] sample:		1119.98 time, 1120.02 real, 481 MB
[runlim] sample:		1129.99 time, 1130.02 real, 482 MB
[runlim] sample:		1139.99 time, 1140.02 real, 483 MB
[runlim] sample:		1149.99 time, 1150.02 real, 484 MB
[runlim] sample:		1159.99 time, 1160.02 real, 485 MB
[runlim] sample:		1169.99 time, 1170.02 real, 486 MB
[runlim] sample:		1179.99 time, 1180.02 real, 487 MB
[runlim] sample:		1189.98 time, 1190.02 real, 488 MB
[runlim] sample:		1199.98 time, 1200.02 real, 489 MB
[runlim] sample:		1209.98 time, 1210.02 real, 490 MB
[runlim] sample:		1219.99 time, 1220.02 real, 491 MB
[runlim] sample:		1229.99 time, 1230.02 real, 492 MB
[runlim] sample:		1239.98 time, 1240.02 real, 493 MB
[runlim] sample:		1249.98 time, 1250.02 real, 494 MB
[runlim] sample:		1259.98 time, 1260.02 real, 495 MB
[runlim] sample:		1269.99 time, 1270.02 real, 496 MB
[runlim] sample:		1279.99 time, 1280.02 real, 497 MB
[runlim] sample:		1289.99 time, 1290.02 real, 498 MB
[runlim] sample:		1299.99 time, 1300.02 real, 499 MB
[runlim] sample:		1309.99 time, 1310.02 real, 500 MB
[runlim] sample:		1319.99 time, 1320.02 real, 501 MB
[runlim] sample:		1329.99 time, 1330.02 real, 502 MB
[runlim] sample:		1339.99 time, 1340.02 real, 503 MB
[runlim] sample:		1349.98 time, 1350.02 real, 503 MB
[runlim] sample:		1359.98 time, 1360.02 real, 504 MB
[runlim] sample:		1369.98 time, 1370.02 real, 505 MB
[runlim] sample:		1379.99 time, 1380.02 real, 506 MB
[runlim] sample:		1389.99 time, 1390.02 real, 507 MB
[runlim] sample:		1399.99 time, 1400.02 real, 508 MB
[runlim] sample:		1409.99 time, 1410.02 real, 509 MB
[runlim] sample:		1419.99 time, 1420.02 real, 510 MB
[runlim] sample:		1429.99 time, 1430.02 real, 511 MB
[runlim] sample:		1439.99 time, 1440.02 real, 513 MB
[runlim] sample:		1449.98 time, 1450.02 real, 513 MB
[runlim] sample:		1459.98 time, 1460.02 real, 514 MB
[runlim] sample:		1469.99 time, 1470.02 real, 515 MB
[runlim] sample:		1479.98 time, 1480.02 real, 516 MB
[runlim] sample:		1489.98 time, 1490.02 real, 516 MB
[runlim] sample:		1499.98 time, 1500.02 real, 517 MB
[runlim] sample:		1509.98 time, 1510.02 real, 518 MB
[runlim] sample:		1519.98 time, 1520.02 real, 519 MB
[runlim] sample:		1529.98 time, 1530.02 real, 520 MB
[runlim] sample:		1539.97 time, 1540.02 real, 521 MB
[runlim] sample:		1549.98 time, 1550.02 real, 521 MB
[runlim] sample:		1559.98 time, 1560.02 real, 522 MB
[runlim] sample:		1569.98 time, 1570.02 real, 523 MB
[runlim] sample:		1579.98 time, 1580.02 real, 524 MB
[runlim] sample:		1589.98 time, 1590.02 real, 525 MB
[runlim] sample:		1599.98 time, 1600.02 real, 525 MB
[runlim] sample:		1609.98 time, 1610.02 real, 526 MB
[runlim] sample:		1619.98 time, 1620.02 real, 527 MB
[runlim] sample:		1629.98 time, 1630.02 real, 528 MB
[runlim] sample:		1639.98 time, 1640.02 real, 529 MB
[runlim] sample:		1649.98 time, 1650.02 real, 529 MB
[runlim] sample:		1659.98 time, 1660.02 real, 530 MB
[runlim] sample:		1669.98 time, 1670.02 real, 531 MB
[runlim] sample:		1679.98 time, 1680.02 real, 531 MB
[runlim] sample:		1689.98 time, 1690.02 real, 532 MB
[runlim] sample:		1699.98 time, 1700.02 real, 533 MB
[runlim] sample:		1709.98 time, 1710.02 real, 534 MB
[runlim] sample:		1719.97 time, 1720.02 real, 534 MB
[runlim] sample:		1729.97 time, 1730.02 real, 535 MB
[runlim] sample:		1739.98 time, 1740.02 real, 536 MB
[runlim] sample:		1749.98 time, 1750.02 real, 536 MB
[runlim] sample:		1759.98 time, 1760.02 real, 537 MB
[runlim] sample:		1769.98 time, 1770.02 real, 537 MB
[runlim] sample:		1779.98 time, 1780.02 real, 538 MB
[runlim] sample:		1789.98 time, 1790.02 real, 539 MB
[runlim] sample:		1799.98 time, 1800.02 real, 539 MB
[runlim] sample:		1809.97 time, 1810.02 real, 540 MB
[runlim] sample:		1819.97 time, 1820.02 real, 541 MB
[runlim] sample:		1829.97 time, 1830.02 real, 541 MB
[runlim] sample:		1839.97 time, 1840.02 real, 542 MB
[runlim] sample:		1849.97 time, 1850.02 real, 543 MB
[runlim] sample:		1859.97 time, 1860.02 real, 543 MB
[runlim] sample:		1869.97 time, 1870.02 real, 544 MB
[runlim] sample:		1879.98 time, 1880.02 real, 544 MB
[runlim] sample:		1889.98 time, 1890.02 real, 545 MB
[runlim] sample:		1899.98 time, 1900.02 real, 546 MB
[runlim] sample:		1909.98 time, 1910.02 real, 546 MB
[runlim] sample:		1919.98 time, 1920.02 real, 547 MB
[runlim] sample:		1929.98 time, 1930.02 real, 548 MB
[runlim] sample:		1939.98 time, 1940.02 real, 549 MB
[runlim] sample:		1949.98 time, 1950.02 real, 549 MB
[runlim] sample:		1959.98 time, 1960.02 real, 550 MB
[runlim] sample:		1969.98 time, 1970.02 real, 551 MB
[runlim] sample:		1979.98 time, 1980.02 real, 551 MB
[runlim] sample:		1989.98 time, 1990.02 real, 552 MB
[runlim] sample:		1999.98 time, 2000.02 real, 553 MB
[runlim] sample:		2009.98 time, 2010.02 real, 553 MB
[runlim] sample:		2019.98 time, 2020.02 real, 554 MB
[runlim] sample:		2029.98 time, 2030.02 real, 555 MB
[runlim] sample:		2039.98 time, 2040.02 real, 555 MB
[runlim] sample:		2049.98 time, 2050.02 real, 556 MB
[runlim] sample:		2059.97 time, 2060.02 real, 557 MB
[runlim] sample:		2069.97 time, 2070.02 real, 557 MB
[runlim] sample:		2079.97 time, 2080.02 real, 558 MB
[runlim] sample:		2089.98 time, 2090.02 real, 559 MB
[runlim] sample:		2099.98 time, 2100.02 real, 559 MB
[runlim] sample:		2109.97 time, 2110.02 real, 560 MB
[runlim] sample:		2119.97 time, 2120.02 real, 560 MB
[runlim] sample:		2129.97 time, 2130.02 real, 561 MB
[runlim] sample:		2139.97 time, 2140.02 real, 562 MB
[runlim] sample:		2149.97 time, 2150.02 real, 563 MB
[runlim] sample:		2159.97 time, 2160.02 real, 563 MB
[runlim] sample:		2169.97 time, 2170.02 real, 783 MB
[runlim] sample:		2179.97 time, 2180.02 real, 745 MB
[runlim] sample:		2189.97 time, 2190.02 real, 745 MB
[runlim] sample:		2199.97 time, 2200.02 real, 745 MB
[runlim] sample:		2209.97 time, 2210.02 real, 745 MB
[runlim] sample:		2219.97 time, 2220.02 real, 745 MB
[runlim] sample:		2229.97 time, 2230.02 real, 745 MB
[runlim] sample:		2239.97 time, 2240.02 real, 745 MB
[runlim] sample:		2249.97 time, 2250.02 real, 745 MB
[runlim] sample:		2259.97 time, 2260.02 real, 745 MB
[runlim] sample:		2269.97 time, 2270.02 real, 745 MB
[runlim] sample:		2279.97 time, 2280.02 real, 745 MB
[runlim] sample:		2289.97 time, 2290.02 real, 745 MB
[runlim] sample:		2299.97 time, 2300.02 real, 745 MB
[runlim] sample:		2309.97 time, 2310.02 real, 745 MB
[runlim] sample:		2319.97 time, 2320.02 real, 745 MB
[runlim] sample:		2329.97 time, 2330.02 real, 745 MB
[runlim] sample:		2339.97 time, 2340.02 real, 745 MB
[runlim] sample:		2349.97 time, 2350.02 real, 745 MB
[runlim] sample:		2359.97 time, 2360.02 real, 745 MB
[runlim] sample:		2369.97 time, 2370.02 real, 745 MB
[runlim] sample:		2379.97 time, 2380.02 real, 745 MB
[runlim] sample:		2389.97 time, 2390.02 real, 745 MB
[runlim] sample:		2399.97 time, 2400.02 real, 745 MB
[runlim] sample:		2409.97 time, 2410.02 real, 745 MB
[runlim] sample:		2419.97 time, 2420.02 real, 745 MB
[runlim] sample:		2429.97 time, 2430.02 real, 745 MB
[runlim] sample:		2439.97 time, 2440.02 real, 745 MB
[runlim] sample:		2449.97 time, 2450.02 real, 745 MB
[runlim] sample:		2459.97 time, 2460.02 real, 745 MB
[runlim] sample:		2469.97 time, 2470.02 real, 745 MB
[runlim] sample:		2479.97 time, 2480.02 real, 745 MB
[runlim] sample:		2489.97 time, 2490.02 real, 745 MB
[runlim] sample:		2499.97 time, 2500.02 real, 745 MB
[runlim] sample:		2509.97 time, 2510.02 real, 745 MB
[runlim] sample:		2519.97 time, 2520.02 real, 745 MB
[runlim] sample:		2529.97 time, 2530.02 real, 745 MB
[runlim] sample:		2539.97 time, 2540.02 real, 745 MB
[runlim] sample:		2549.97 time, 2550.02 real, 745 MB
[runlim] sample:		2559.97 time, 2560.02 real, 745 MB
[runlim] sample:		2569.97 time, 2570.02 real, 745 MB
[runlim] sample:		2579.97 time, 2580.02 real, 745 MB
[runlim] sample:		2589.97 time, 2590.02 real, 745 MB
[runlim] sample:		2599.97 time, 2600.02 real, 745 MB
[runlim] sample:		2609.97 time, 2610.02 real, 745 MB
[runlim] sample:		2619.97 time, 2620.02 real, 745 MB
[runlim] sample:		2629.97 time, 2630.02 real, 745 MB
[runlim] sample:		2639.97 time, 2640.02 real, 745 MB
[runlim] sample:		2649.97 time, 2650.02 real, 745 MB
[runlim] sample:		2659.97 time, 2660.02 real, 745 MB
[runlim] sample:		2669.97 time, 2670.02 real, 745 MB
[runlim] sample:		2679.97 time, 2680.02 real, 745 MB
[runlim] sample:		2689.97 time, 2690.02 real, 745 MB
[runlim] sample:		2699.97 time, 2700.02 real, 745 MB
[runlim] end:			Sat Feb 29 07:02:07 2020
[runlim] status:		out of time
[runlim] result:		2
[runlim] children:		1
[runlim] real:			2700.10 seconds
[runlim] time:			2699.97 seconds
[runlim] space:			791 MB
[runlim] samples:		27000
