[runlim] version:		1.18
[runlim] host:			c3n15
[runlim] time limit:		2700 seconds
[runlim] real time limit:	2700 seconds
[runlim] space limit:		7000 MB
[runlim] argv[0]:		./binary
[runlim] argv[1]:		/data/cnf/ankit/RSet1/b20_C_3_2.dqbf
[runlim] start:			Thu Feb 27 09:00:41 2020
[runlim] child:			6667
[runlim] sample:		9.89 time, 10.02 real, 36 MB
[runlim] sample:		19.89 time, 20.02 real, 65 MB
[runlim] sample:		29.89 time, 30.02 real, 67 MB
[runlim] sample:		39.89 time, 40.02 real, 67 MB
[runlim] sample:		49.90 time, 50.02 real, 117 MB
[runlim] sample:		59.90 time, 60.02 real, 128 MB
[runlim] sample:		69.90 time, 70.02 real, 104 MB
[runlim] sample:		79.90 time, 80.02 real, 115 MB
[runlim] sample:		89.90 time, 90.02 real, 127 MB
[runlim] sample:		99.90 time, 100.02 real, 138 MB
[runlim] sample:		109.89 time, 110.02 real, 140 MB
[runlim] sample:		119.90 time, 120.02 real, 135 MB
[runlim] sample:		129.90 time, 130.02 real, 122 MB
[runlim] sample:		139.90 time, 140.02 real, 118 MB
[runlim] sample:		149.90 time, 150.02 real, 173 MB
[runlim] sample:		159.89 time, 160.02 real, 170 MB
[runlim] sample:		169.89 time, 170.02 real, 163 MB
[runlim] sample:		179.89 time, 180.02 real, 146 MB
[runlim] sample:		189.89 time, 190.02 real, 128 MB
[runlim] sample:		199.89 time, 200.02 real, 164 MB
[runlim] sample:		209.89 time, 210.02 real, 188 MB
[runlim] sample:		219.90 time, 220.02 real, 150 MB
[runlim] sample:		229.89 time, 230.02 real, 176 MB
[runlim] sample:		239.89 time, 240.02 real, 196 MB
[runlim] sample:		249.89 time, 250.02 real, 155 MB
[runlim] sample:		259.89 time, 260.02 real, 180 MB
[runlim] sample:		269.89 time, 270.02 real, 200 MB
[runlim] sample:		279.94 time, 280.07 real, 155 MB
[runlim] sample:		289.89 time, 290.02 real, 179 MB
[runlim] sample:		299.89 time, 300.02 real, 198 MB
[runlim] sample:		309.89 time, 310.02 real, 139 MB
[runlim] sample:		319.89 time, 320.02 real, 168 MB
[runlim] sample:		329.89 time, 330.02 real, 190 MB
[runlim] sample:		339.89 time, 340.02 real, 207 MB
[runlim] sample:		349.89 time, 350.02 real, 148 MB
[runlim] sample:		359.89 time, 360.02 real, 173 MB
[runlim] sample:		369.89 time, 370.02 real, 192 MB
[runlim] sample:		379.89 time, 380.02 real, 209 MB
[runlim] sample:		389.89 time, 390.02 real, 143 MB
[runlim] sample:		399.89 time, 400.02 real, 169 MB
[runlim] sample:		409.89 time, 410.02 real, 189 MB
[runlim] sample:		419.89 time, 420.02 real, 206 MB
[runlim] sample:		429.89 time, 430.02 real, 221 MB
[runlim] sample:		439.89 time, 440.02 real, 158 MB
[runlim] sample:		449.88 time, 450.02 real, 181 MB
[runlim] sample:		459.89 time, 460.02 real, 199 MB
[runlim] sample:		469.89 time, 470.02 real, 215 MB
[runlim] sample:		479.88 time, 480.02 real, 229 MB
[runlim] sample:		489.88 time, 490.02 real, 163 MB
[runlim] sample:		499.89 time, 500.02 real, 185 MB
[runlim] sample:		509.89 time, 510.02 real, 202 MB
[runlim] sample:		519.89 time, 520.02 real, 216 MB
[runlim] sample:		529.88 time, 530.02 real, 230 MB
[runlim] sample:		539.89 time, 540.02 real, 157 MB
[runlim] sample:		549.89 time, 550.02 real, 179 MB
[runlim] sample:		559.89 time, 560.02 real, 198 MB
[runlim] sample:		569.88 time, 570.02 real, 214 MB
[runlim] sample:		579.89 time, 580.02 real, 229 MB
[runlim] sample:		589.89 time, 590.02 real, 242 MB
[runlim] sample:		599.88 time, 600.02 real, 172 MB
[runlim] sample:		609.88 time, 610.02 real, 192 MB
[runlim] sample:		619.88 time, 620.02 real, 209 MB
[runlim] sample:		629.88 time, 630.02 real, 223 MB
[runlim] sample:		639.88 time, 640.02 real, 165 MB
[runlim] sample:		649.88 time, 650.02 real, 201 MB
[runlim] sample:		659.88 time, 660.02 real, 248 MB
[runlim] sample:		669.88 time, 670.02 real, 184 MB
[runlim] sample:		679.88 time, 680.02 real, 232 MB
[runlim] sample:		689.88 time, 690.02 real, 167 MB
[runlim] sample:		699.88 time, 700.02 real, 206 MB
[runlim] sample:		709.89 time, 710.02 real, 255 MB
[runlim] sample:		719.88 time, 720.02 real, 197 MB
[runlim] sample:		729.88 time, 730.02 real, 248 MB
[runlim] sample:		739.88 time, 740.02 real, 174 MB
[runlim] sample:		749.88 time, 750.02 real, 220 MB
[runlim] sample:		759.88 time, 760.02 real, 266 MB
[runlim] sample:		769.88 time, 770.02 real, 174 MB
[runlim] sample:		779.88 time, 780.02 real, 209 MB
[runlim] sample:		789.88 time, 790.02 real, 247 MB
[runlim] sample:		799.88 time, 800.02 real, 159 MB
[runlim] sample:		809.88 time, 810.02 real, 191 MB
[runlim] sample:		819.88 time, 820.02 real, 231 MB
[runlim] sample:		829.88 time, 830.02 real, 276 MB
[runlim] sample:		839.88 time, 840.02 real, 194 MB
[runlim] sample:		849.88 time, 850.02 real, 238 MB
[runlim] sample:		859.88 time, 860.02 real, 265 MB
[runlim] sample:		869.88 time, 870.02 real, 171 MB
[runlim] sample:		879.88 time, 880.02 real, 203 MB
[runlim] sample:		889.87 time, 890.02 real, 253 MB
[runlim] sample:		899.87 time, 900.02 real, 167 MB
[runlim] sample:		909.88 time, 910.02 real, 216 MB
[runlim] sample:		919.88 time, 920.02 real, 255 MB
[runlim] sample:		929.88 time, 930.02 real, 173 MB
[runlim] sample:		939.87 time, 940.02 real, 227 MB
[runlim] sample:		949.87 time, 950.02 real, 273 MB
[runlim] sample:		959.87 time, 960.02 real, 186 MB
[runlim] sample:		969.88 time, 970.02 real, 226 MB
[runlim] sample:		979.88 time, 980.02 real, 272 MB
[runlim] sample:		989.88 time, 990.02 real, 186 MB
[runlim] sample:		999.88 time, 1000.02 real, 233 MB
[runlim] sample:		1009.87 time, 1010.02 real, 277 MB
[runlim] sample:		1019.88 time, 1020.02 real, 187 MB
[runlim] sample:		1029.88 time, 1030.02 real, 234 MB
[runlim] sample:		1039.87 time, 1040.02 real, 278 MB
[runlim] sample:		1049.87 time, 1050.02 real, 412 MB
[runlim] sample:		1059.87 time, 1060.02 real, 232 MB
[runlim] sample:		1069.88 time, 1070.02 real, 276 MB
[runlim] sample:		1079.88 time, 1080.02 real, 316 MB
[runlim] sample:		1089.88 time, 1090.02 real, 215 MB
[runlim] sample:		1099.88 time, 1100.02 real, 256 MB
[runlim] sample:		1109.87 time, 1110.02 real, 295 MB
[runlim] sample:		1119.88 time, 1120.02 real, 185 MB
[runlim] sample:		1129.87 time, 1130.02 real, 232 MB
[runlim] sample:		1139.88 time, 1140.02 real, 271 MB
[runlim] sample:		1149.87 time, 1150.02 real, 310 MB
[runlim] sample:		1159.87 time, 1160.02 real, 195 MB
[runlim] sample:		1169.87 time, 1170.02 real, 239 MB
[runlim] sample:		1179.87 time, 1180.02 real, 281 MB
[runlim] sample:		1189.87 time, 1190.02 real, 320 MB
[runlim] sample:		1199.87 time, 1200.02 real, 202 MB
[runlim] sample:		1209.87 time, 1210.02 real, 247 MB
[runlim] sample:		1219.88 time, 1220.02 real, 287 MB
[runlim] sample:		1229.88 time, 1230.02 real, 324 MB
[runlim] sample:		1239.88 time, 1240.02 real, 203 MB
[runlim] sample:		1249.87 time, 1250.02 real, 246 MB
[runlim] sample:		1259.87 time, 1260.02 real, 285 MB
[runlim] sample:		1269.87 time, 1270.02 real, 321 MB
[runlim] sample:		1279.87 time, 1280.02 real, 198 MB
[runlim] sample:		1289.87 time, 1290.02 real, 242 MB
[runlim] sample:		1299.87 time, 1300.02 real, 280 MB
[runlim] sample:		1309.87 time, 1310.02 real, 315 MB
[runlim] sample:		1319.87 time, 1320.02 real, 349 MB
[runlim] sample:		1329.87 time, 1330.02 real, 222 MB
[runlim] sample:		1339.87 time, 1340.02 real, 263 MB
[runlim] sample:		1349.87 time, 1350.02 real, 300 MB
[runlim] sample:		1359.87 time, 1360.02 real, 336 MB
[runlim] sample:		1369.87 time, 1370.02 real, 205 MB
[runlim] sample:		1379.86 time, 1380.02 real, 246 MB
[runlim] sample:		1389.87 time, 1390.02 real, 284 MB
[runlim] sample:		1399.87 time, 1400.02 real, 319 MB
[runlim] sample:		1409.87 time, 1410.02 real, 351 MB
[runlim] sample:		1419.87 time, 1420.02 real, 216 MB
[runlim] sample:		1429.87 time, 1430.02 real, 256 MB
[runlim] sample:		1439.87 time, 1440.02 real, 293 MB
[runlim] sample:		1449.87 time, 1450.02 real, 326 MB
[runlim] sample:		1459.86 time, 1460.02 real, 360 MB
[runlim] sample:		1469.87 time, 1470.02 real, 215 MB
[runlim] sample:		1479.86 time, 1480.02 real, 252 MB
[runlim] sample:		1489.87 time, 1490.02 real, 289 MB
[runlim] sample:		1499.86 time, 1500.02 real, 326 MB
[runlim] sample:		1509.87 time, 1510.02 real, 361 MB
[runlim] sample:		1519.87 time, 1520.02 real, 172 MB
[runlim] sample:		1529.87 time, 1530.02 real, 207 MB
[runlim] sample:		1539.87 time, 1540.02 real, 251 MB
[runlim] sample:		1549.86 time, 1550.02 real, 298 MB
[runlim] sample:		1559.86 time, 1560.02 real, 339 MB
[runlim] sample:		1569.86 time, 1570.02 real, 375 MB
[runlim] sample:		1579.87 time, 1580.02 real, 218 MB
[runlim] sample:		1589.86 time, 1590.02 real, 258 MB
[runlim] sample:		1599.87 time, 1600.02 real, 299 MB
[runlim] sample:		1609.86 time, 1610.02 real, 338 MB
[runlim] sample:		1619.86 time, 1620.02 real, 367 MB
[runlim] sample:		1629.86 time, 1630.02 real, 206 MB
[runlim] sample:		1639.86 time, 1640.02 real, 247 MB
[runlim] sample:		1649.86 time, 1650.02 real, 276 MB
[runlim] sample:		1659.86 time, 1660.02 real, 305 MB
[runlim] sample:		1669.87 time, 1670.02 real, 340 MB
[runlim] sample:		1679.86 time, 1680.02 real, 375 MB
[runlim] sample:		1689.86 time, 1690.02 real, 226 MB
[runlim] sample:		1699.86 time, 1700.02 real, 267 MB
[runlim] sample:		1709.87 time, 1710.03 real, 308 MB
[runlim] sample:		1719.87 time, 1720.02 real, 344 MB
[runlim] sample:		1729.86 time, 1730.02 real, 379 MB
[runlim] sample:		1739.86 time, 1740.02 real, 238 MB
[runlim] sample:		1749.86 time, 1750.02 real, 281 MB
[runlim] sample:		1759.86 time, 1760.02 real, 310 MB
[runlim] sample:		1769.86 time, 1770.02 real, 346 MB
[runlim] sample:		1779.86 time, 1780.02 real, 381 MB
[runlim] sample:		1789.86 time, 1790.02 real, 236 MB
[runlim] sample:		1799.86 time, 1800.02 real, 282 MB
[runlim] sample:		1809.86 time, 1810.02 real, 326 MB
[runlim] sample:		1819.86 time, 1820.02 real, 368 MB
[runlim] sample:		1829.86 time, 1830.02 real, 519 MB
[runlim] sample:		1839.86 time, 1840.02 real, 258 MB
[runlim] sample:		1849.86 time, 1850.02 real, 297 MB
[runlim] sample:		1859.86 time, 1860.02 real, 335 MB
[runlim] sample:		1869.86 time, 1870.02 real, 374 MB
[runlim] sample:		1879.86 time, 1880.02 real, 406 MB
[runlim] sample:		1889.86 time, 1890.02 real, 253 MB
[runlim] sample:		1899.86 time, 1900.02 real, 289 MB
[runlim] sample:		1909.86 time, 1910.02 real, 321 MB
[runlim] sample:		1919.86 time, 1920.02 real, 347 MB
[runlim] sample:		1929.86 time, 1930.02 real, 377 MB
[runlim] sample:		1939.85 time, 1940.02 real, 404 MB
[runlim] sample:		1949.86 time, 1950.02 real, 252 MB
[runlim] sample:		1959.86 time, 1960.02 real, 287 MB
[runlim] sample:		1969.85 time, 1970.02 real, 318 MB
[runlim] sample:		1979.85 time, 1980.02 real, 348 MB
[runlim] sample:		1989.86 time, 1990.02 real, 381 MB
[runlim] sample:		1999.86 time, 2000.02 real, 419 MB
[runlim] sample:		2009.85 time, 2010.02 real, 268 MB
[runlim] sample:		2019.86 time, 2020.02 real, 307 MB
[runlim] sample:		2029.85 time, 2030.02 real, 337 MB
[runlim] sample:		2039.86 time, 2040.02 real, 371 MB
[runlim] sample:		2049.86 time, 2050.02 real, 400 MB
[runlim] sample:		2059.85 time, 2060.02 real, 237 MB
[runlim] sample:		2069.86 time, 2070.02 real, 273 MB
[runlim] sample:		2079.85 time, 2080.02 real, 310 MB
[runlim] sample:		2089.85 time, 2090.02 real, 347 MB
[runlim] sample:		2099.85 time, 2100.02 real, 380 MB
[runlim] sample:		2109.85 time, 2110.02 real, 414 MB
[runlim] sample:		2119.85 time, 2120.02 real, 257 MB
[runlim] sample:		2129.85 time, 2130.02 real, 292 MB
[runlim] sample:		2139.86 time, 2140.02 real, 324 MB
[runlim] sample:		2149.85 time, 2150.02 real, 353 MB
[runlim] sample:		2159.85 time, 2160.02 real, 382 MB
[runlim] sample:		2169.85 time, 2170.02 real, 408 MB
[runlim] sample:		2179.85 time, 2180.02 real, 431 MB
[runlim] sample:		2189.85 time, 2190.02 real, 258 MB
[runlim] sample:		2199.85 time, 2200.02 real, 292 MB
[runlim] sample:		2209.85 time, 2210.02 real, 332 MB
[runlim] sample:		2219.85 time, 2220.02 real, 365 MB
[runlim] sample:		2229.85 time, 2230.02 real, 403 MB
[runlim] sample:		2239.85 time, 2240.02 real, 436 MB
[runlim] sample:		2249.85 time, 2250.02 real, 214 MB
[runlim] sample:		2259.85 time, 2260.02 real, 252 MB
[runlim] sample:		2269.85 time, 2270.02 real, 288 MB
[runlim] sample:		2279.85 time, 2280.02 real, 323 MB
[runlim] sample:		2289.85 time, 2290.02 real, 356 MB
[runlim] sample:		2299.85 time, 2300.02 real, 389 MB
[runlim] sample:		2309.85 time, 2310.02 real, 417 MB
[runlim] sample:		2319.85 time, 2320.02 real, 538 MB
[runlim] sample:		2329.84 time, 2330.02 real, 232 MB
[runlim] sample:		2339.85 time, 2340.02 real, 274 MB
[runlim] sample:		2349.85 time, 2350.02 real, 320 MB
[runlim] sample:		2359.84 time, 2360.02 real, 361 MB
[runlim] sample:		2369.85 time, 2370.02 real, 400 MB
[runlim] sample:		2379.85 time, 2380.02 real, 438 MB
[runlim] sample:		2389.85 time, 2390.02 real, 233 MB
[runlim] sample:		2399.85 time, 2400.02 real, 279 MB
[runlim] sample:		2409.85 time, 2410.02 real, 320 MB
[runlim] sample:		2419.84 time, 2420.02 real, 360 MB
[runlim] sample:		2429.85 time, 2430.02 real, 398 MB
[runlim] sample:		2439.85 time, 2440.02 real, 436 MB
[runlim] sample:		2449.84 time, 2450.02 real, 243 MB
[runlim] sample:		2459.84 time, 2460.02 real, 278 MB
[runlim] sample:		2469.85 time, 2470.02 real, 316 MB
[runlim] sample:		2479.84 time, 2480.02 real, 345 MB
[runlim] sample:		2489.84 time, 2490.02 real, 382 MB
[runlim] sample:		2499.84 time, 2500.02 real, 418 MB
[runlim] sample:		2509.84 time, 2510.02 real, 455 MB
[runlim] sample:		2519.84 time, 2520.02 real, 268 MB
[runlim] sample:		2529.84 time, 2530.02 real, 308 MB
[runlim] sample:		2539.85 time, 2540.02 real, 344 MB
[runlim] sample:		2549.84 time, 2550.02 real, 380 MB
[runlim] sample:		2559.84 time, 2560.02 real, 415 MB
[runlim] sample:		2569.84 time, 2570.02 real, 449 MB
[runlim] sample:		2579.84 time, 2580.02 real, 265 MB
[runlim] sample:		2589.85 time, 2590.02 real, 306 MB
[runlim] sample:		2599.84 time, 2600.02 real, 342 MB
[runlim] sample:		2609.84 time, 2610.02 real, 377 MB
[runlim] sample:		2619.84 time, 2620.01 real, 425 MB
[runlim] sample:		2629.84 time, 2630.01 real, 470 MB
[runlim] sample:		2639.84 time, 2640.01 real, 308 MB
[runlim] sample:		2649.83 time, 2650.01 real, 362 MB
[runlim] sample:		2659.83 time, 2660.01 real, 411 MB
[runlim] sample:		2669.84 time, 2670.01 real, 455 MB
[runlim] sample:		2679.84 time, 2680.01 real, 265 MB
[runlim] sample:		2689.84 time, 2690.01 real, 315 MB
[runlim] sample:		2699.84 time, 2700.01 real, 362 MB
[runlim] end:			Thu Feb 27 09:45:41 2020
[runlim] status:		out of time
[runlim] result:		2
[runlim] children:		1
[runlim] real:			2700.10 seconds
[runlim] time:			2699.84 seconds
[runlim] space:			610 MB
[runlim] samples:		27000
