[runlim] version:		1.18
[runlim] host:			c3n20
[runlim] time limit:		2700 seconds
[runlim] real time limit:	2700 seconds
[runlim] space limit:		7000 MB
[runlim] argv[0]:		./binary
[runlim] argv[1]:		/data/cnf/ankit/RSet1/filesys_smbmrx_midatlas.c.dqbf
[runlim] start:			Thu Feb 27 09:00:41 2020
[runlim] child:			9447
[runlim] sample:		9.97 time, 10.02 real, 58 MB
[runlim] sample:		19.97 time, 20.02 real, 106 MB
[runlim] sample:		29.97 time, 30.02 real, 58 MB
[runlim] sample:		39.97 time, 40.02 real, 125 MB
[runlim] sample:		49.97 time, 50.02 real, 58 MB
[runlim] sample:		59.97 time, 60.02 real, 65 MB
[runlim] sample:		69.97 time, 70.02 real, 65 MB
[runlim] sample:		79.97 time, 80.02 real, 167 MB
[runlim] sample:		89.97 time, 90.02 real, 134 MB
[runlim] sample:		99.97 time, 100.02 real, 65 MB
[runlim] sample:		109.97 time, 110.02 real, 130 MB
[runlim] sample:		119.97 time, 120.02 real, 175 MB
[runlim] sample:		129.97 time, 130.02 real, 65 MB
[runlim] sample:		139.97 time, 140.02 real, 133 MB
[runlim] sample:		149.97 time, 150.02 real, 159 MB
[runlim] sample:		159.96 time, 160.02 real, 172 MB
[runlim] sample:		169.97 time, 170.02 real, 188 MB
[runlim] sample:		179.97 time, 180.02 real, 198 MB
[runlim] sample:		189.97 time, 190.02 real, 196 MB
[runlim] sample:		199.96 time, 200.02 real, 200 MB
[runlim] sample:		209.97 time, 210.02 real, 191 MB
[runlim] sample:		219.96 time, 220.02 real, 170 MB
[runlim] sample:		229.97 time, 230.02 real, 96 MB
[runlim] sample:		239.97 time, 240.02 real, 185 MB
[runlim] sample:		249.96 time, 250.02 real, 110 MB
[runlim] sample:		259.96 time, 260.02 real, 195 MB
[runlim] sample:		269.96 time, 270.02 real, 119 MB
[runlim] sample:		279.99 time, 280.04 real, 203 MB
[runlim] sample:		289.97 time, 290.02 real, 123 MB
[runlim] sample:		299.96 time, 300.02 real, 206 MB
[runlim] sample:		309.97 time, 310.02 real, 121 MB
[runlim] sample:		319.97 time, 320.02 real, 204 MB
[runlim] sample:		329.97 time, 330.02 real, 114 MB
[runlim] sample:		339.96 time, 340.02 real, 198 MB
[runlim] sample:		349.97 time, 350.02 real, 65 MB
[runlim] sample:		359.97 time, 360.02 real, 187 MB
[runlim] sample:		369.96 time, 370.02 real, 65 MB
[runlim] sample:		379.96 time, 380.02 real, 171 MB
[runlim] sample:		389.97 time, 390.02 real, 246 MB
[runlim] sample:		399.96 time, 400.02 real, 149 MB
[runlim] sample:		409.96 time, 410.02 real, 227 MB
[runlim] sample:		419.97 time, 420.02 real, 94 MB
[runlim] sample:		429.97 time, 430.02 real, 194 MB
[runlim] sample:		439.97 time, 440.02 real, 65 MB
[runlim] sample:		449.97 time, 450.02 real, 160 MB
[runlim] sample:		459.96 time, 460.02 real, 235 MB
[runlim] sample:		469.96 time, 470.02 real, 122 MB
[runlim] sample:		479.96 time, 480.02 real, 201 MB
[runlim] sample:		489.97 time, 490.02 real, 65 MB
[runlim] sample:		499.96 time, 500.02 real, 161 MB
[runlim] sample:		509.96 time, 510.02 real, 271 MB
[runlim] sample:		519.96 time, 520.02 real, 200 MB
[runlim] sample:		529.96 time, 530.02 real, 65 MB
[runlim] sample:		539.96 time, 540.02 real, 228 MB
[runlim] sample:		549.96 time, 550.02 real, 142 MB
[runlim] sample:		559.97 time, 560.02 real, 258 MB
[runlim] sample:		569.97 time, 570.02 real, 165 MB
[runlim] sample:		579.96 time, 580.02 real, 277 MB
[runlim] sample:		589.96 time, 590.02 real, 178 MB
[runlim] sample:		599.96 time, 600.02 real, 287 MB
[runlim] sample:		609.96 time, 610.02 real, 175 MB
[runlim] sample:		619.96 time, 620.02 real, 282 MB
[runlim] sample:		629.96 time, 630.02 real, 183 MB
[runlim] sample:		639.96 time, 640.02 real, 287 MB
[runlim] sample:		649.96 time, 650.02 real, 188 MB
[runlim] sample:		659.96 time, 660.02 real, 291 MB
[runlim] sample:		669.96 time, 670.02 real, 187 MB
[runlim] sample:		679.96 time, 680.02 real, 290 MB
[runlim] sample:		689.96 time, 690.02 real, 182 MB
[runlim] sample:		699.95 time, 700.02 real, 285 MB
[runlim] sample:		709.95 time, 710.02 real, 176 MB
[runlim] sample:		719.95 time, 720.02 real, 282 MB
[runlim] sample:		729.95 time, 730.02 real, 165 MB
[runlim] sample:		739.96 time, 740.02 real, 273 MB
[runlim] sample:		749.95 time, 750.02 real, 138 MB
[runlim] sample:		759.96 time, 760.02 real, 249 MB
[runlim] sample:		769.96 time, 770.02 real, 65 MB
[runlim] sample:		779.95 time, 780.02 real, 226 MB
[runlim] sample:		789.96 time, 790.02 real, 65 MB
[runlim] sample:		799.95 time, 800.02 real, 199 MB
[runlim] sample:		809.95 time, 810.02 real, 299 MB
[runlim] sample:		819.96 time, 820.02 real, 166 MB
[runlim] sample:		829.95 time, 830.02 real, 271 MB
[runlim] sample:		839.96 time, 840.02 real, 122 MB
[runlim] sample:		849.95 time, 850.02 real, 234 MB
[runlim] sample:		859.95 time, 860.02 real, 327 MB
[runlim] sample:		869.95 time, 870.02 real, 194 MB
[runlim] sample:		879.96 time, 880.02 real, 294 MB
[runlim] sample:		889.95 time, 890.02 real, 143 MB
[runlim] sample:		899.95 time, 900.02 real, 251 MB
[runlim] sample:		909.95 time, 910.02 real, 342 MB
[runlim] sample:		919.95 time, 920.02 real, 186 MB
[runlim] sample:		929.95 time, 930.02 real, 285 MB
[runlim] sample:		939.95 time, 940.02 real, 121 MB
[runlim] sample:		949.95 time, 950.02 real, 232 MB
[runlim] sample:		959.95 time, 960.02 real, 324 MB
[runlim] sample:		969.95 time, 970.02 real, 167 MB
[runlim] sample:		979.95 time, 980.02 real, 270 MB
[runlim] sample:		989.95 time, 990.02 real, 65 MB
[runlim] sample:		999.95 time, 1000.02 real, 205 MB
[runlim] sample:		1009.95 time, 1010.02 real, 301 MB
[runlim] sample:		1019.95 time, 1020.02 real, 129 MB
[runlim] sample:		1029.95 time, 1030.02 real, 236 MB
[runlim] sample:		1039.95 time, 1040.02 real, 326 MB
[runlim] sample:		1049.95 time, 1050.02 real, 156 MB
[runlim] sample:		1059.94 time, 1060.02 real, 260 MB
[runlim] sample:		1069.95 time, 1070.02 real, 349 MB
[runlim] sample:		1079.96 time, 1080.02 real, 176 MB
[runlim] sample:		1089.95 time, 1090.02 real, 275 MB
[runlim] sample:		1099.95 time, 1100.02 real, 359 MB
[runlim] sample:		1109.95 time, 1110.02 real, 181 MB
[runlim] sample:		1119.94 time, 1120.02 real, 277 MB
[runlim] sample:		1129.95 time, 1130.02 real, 360 MB
[runlim] sample:		1139.95 time, 1140.02 real, 183 MB
[runlim] sample:		1149.95 time, 1150.02 real, 279 MB
[runlim] sample:		1159.95 time, 1160.02 real, 363 MB
[runlim] sample:		1169.95 time, 1170.02 real, 178 MB
[runlim] sample:		1179.95 time, 1180.02 real, 262 MB
[runlim] sample:		1189.95 time, 1190.02 real, 351 MB
[runlim] sample:		1199.95 time, 1200.02 real, 156 MB
[runlim] sample:		1209.94 time, 1210.02 real, 259 MB
[runlim] sample:		1219.95 time, 1220.02 real, 347 MB
[runlim] sample:		1229.95 time, 1230.02 real, 140 MB
[runlim] sample:		1239.94 time, 1240.02 real, 249 MB
[runlim] sample:		1249.95 time, 1250.02 real, 339 MB
[runlim] sample:		1259.95 time, 1260.02 real, 65 MB
[runlim] sample:		1269.94 time, 1270.02 real, 210 MB
[runlim] sample:		1279.94 time, 1280.02 real, 302 MB
[runlim] sample:		1289.95 time, 1290.02 real, 384 MB
[runlim] sample:		1299.95 time, 1300.02 real, 180 MB
[runlim] sample:		1309.95 time, 1310.02 real, 273 MB
[runlim] sample:		1319.95 time, 1320.02 real, 354 MB
[runlim] sample:		1329.95 time, 1330.02 real, 143 MB
[runlim] sample:		1339.95 time, 1340.02 real, 242 MB
[runlim] sample:		1349.94 time, 1350.02 real, 328 MB
[runlim] sample:		1359.94 time, 1360.02 real, 65 MB
[runlim] sample:		1369.95 time, 1370.02 real, 205 MB
[runlim] sample:		1379.95 time, 1380.02 real, 294 MB
[runlim] sample:		1389.95 time, 1390.02 real, 374 MB
[runlim] sample:		1399.95 time, 1400.02 real, 163 MB
[runlim] sample:		1409.94 time, 1410.02 real, 258 MB
[runlim] sample:		1419.95 time, 1420.02 real, 341 MB
[runlim] sample:		1429.95 time, 1430.02 real, 65 MB
[runlim] sample:		1439.94 time, 1440.02 real, 211 MB
[runlim] sample:		1449.95 time, 1450.02 real, 301 MB
[runlim] sample:		1459.94 time, 1460.02 real, 379 MB
[runlim] sample:		1469.94 time, 1470.02 real, 158 MB
[runlim] sample:		1479.95 time, 1480.02 real, 254 MB
[runlim] sample:		1489.94 time, 1490.02 real, 337 MB
[runlim] sample:		1499.94 time, 1500.02 real, 99 MB
[runlim] sample:		1509.95 time, 1510.02 real, 203 MB
[runlim] sample:		1519.94 time, 1520.02 real, 291 MB
[runlim] sample:		1529.94 time, 1530.02 real, 370 MB
[runlim] sample:		1539.94 time, 1540.02 real, 139 MB
[runlim] sample:		1549.95 time, 1550.02 real, 238 MB
[runlim] sample:		1559.95 time, 1560.02 real, 324 MB
[runlim] sample:		1569.94 time, 1570.02 real, 400 MB
[runlim] sample:		1579.94 time, 1580.02 real, 174 MB
[runlim] sample:		1589.94 time, 1590.02 real, 267 MB
[runlim] sample:		1599.94 time, 1600.02 real, 349 MB
[runlim] sample:		1609.94 time, 1610.02 real, 65 MB
[runlim] sample:		1619.94 time, 1620.02 real, 200 MB
[runlim] sample:		1629.94 time, 1630.02 real, 291 MB
[runlim] sample:		1639.94 time, 1640.02 real, 370 MB
[runlim] sample:		1649.94 time, 1650.02 real, 65 MB
[runlim] sample:		1659.94 time, 1660.02 real, 203 MB
[runlim] sample:		1669.94 time, 1670.02 real, 292 MB
[runlim] sample:		1679.94 time, 1680.02 real, 370 MB
[runlim] sample:		1689.94 time, 1690.02 real, 114 MB
[runlim] sample:		1699.94 time, 1700.02 real, 217 MB
[runlim] sample:		1709.94 time, 1710.02 real, 305 MB
[runlim] sample:		1719.94 time, 1720.02 real, 382 MB
[runlim] sample:		1729.94 time, 1730.02 real, 127 MB
[runlim] sample:		1739.94 time, 1740.02 real, 226 MB
[runlim] sample:		1749.94 time, 1750.02 real, 312 MB
[runlim] sample:		1759.94 time, 1760.02 real, 388 MB
[runlim] sample:		1769.94 time, 1770.02 real, 130 MB
[runlim] sample:		1779.94 time, 1780.02 real, 230 MB
[runlim] sample:		1789.93 time, 1790.02 real, 316 MB
[runlim] sample:		1799.94 time, 1800.02 real, 392 MB
[runlim] sample:		1809.94 time, 1810.02 real, 130 MB
[runlim] sample:		1819.94 time, 1820.02 real, 229 MB
[runlim] sample:		1829.94 time, 1830.02 real, 315 MB
[runlim] sample:		1839.94 time, 1840.02 real, 391 MB
[runlim] sample:		1849.94 time, 1850.02 real, 65 MB
[runlim] sample:		1859.94 time, 1860.02 real, 207 MB
[runlim] sample:		1869.94 time, 1870.02 real, 295 MB
[runlim] sample:		1879.94 time, 1880.02 real, 373 MB
[runlim] sample:		1889.93 time, 1890.02 real, 65 MB
[runlim] sample:		1899.93 time, 1900.02 real, 196 MB
[runlim] sample:		1909.94 time, 1910.02 real, 286 MB
[runlim] sample:		1919.93 time, 1920.02 real, 366 MB
[runlim] sample:		1929.93 time, 1930.02 real, 437 MB
[runlim] sample:		1939.93 time, 1940.02 real, 174 MB
[runlim] sample:		1949.93 time, 1950.02 real, 267 MB
[runlim] sample:		1959.93 time, 1960.02 real, 348 MB
[runlim] sample:		1969.93 time, 1970.02 real, 421 MB
[runlim] sample:		1979.94 time, 1980.02 real, 142 MB
[runlim] sample:		1989.94 time, 1990.02 real, 239 MB
[runlim] sample:		1999.93 time, 2000.02 real, 322 MB
[runlim] sample:		2009.94 time, 2010.02 real, 397 MB
[runlim] sample:		2019.93 time, 2020.02 real, 65 MB
[runlim] sample:		2029.93 time, 2030.02 real, 206 MB
[runlim] sample:		2039.93 time, 2040.02 real, 292 MB
[runlim] sample:		2049.93 time, 2050.02 real, 369 MB
[runlim] sample:		2059.93 time, 2060.02 real, 438 MB
[runlim] sample:		2069.93 time, 2070.02 real, 150 MB
[runlim] sample:		2079.93 time, 2080.02 real, 243 MB
[runlim] sample:		2089.93 time, 2090.02 real, 323 MB
[runlim] sample:		2099.94 time, 2100.02 real, 396 MB
[runlim] sample:		2109.94 time, 2110.02 real, 65 MB
[runlim] sample:		2119.93 time, 2120.02 real, 196 MB
[runlim] sample:		2129.93 time, 2130.02 real, 282 MB
[runlim] sample:		2139.94 time, 2140.02 real, 358 MB
[runlim] sample:		2149.93 time, 2150.02 real, 428 MB
[runlim] sample:		2159.93 time, 2160.02 real, 139 MB
[runlim] sample:		2169.93 time, 2170.02 real, 234 MB
[runlim] sample:		2179.93 time, 2180.02 real, 317 MB
[runlim] sample:		2189.93 time, 2190.02 real, 391 MB
[runlim] sample:		2199.93 time, 2200.02 real, 65 MB
[runlim] sample:		2209.93 time, 2210.02 real, 183 MB
[runlim] sample:		2219.93 time, 2220.02 real, 273 MB
[runlim] sample:		2229.93 time, 2230.02 real, 351 MB
[runlim] sample:		2239.93 time, 2240.02 real, 422 MB
[runlim] sample:		2249.93 time, 2250.02 real, 122 MB
[runlim] sample:		2259.93 time, 2260.02 real, 218 MB
[runlim] sample:		2269.93 time, 2270.02 real, 303 MB
[runlim] sample:		2279.93 time, 2280.02 real, 378 MB
[runlim] sample:		2289.93 time, 2290.02 real, 446 MB
[runlim] sample:		2299.93 time, 2300.02 real, 153 MB
[runlim] sample:		2309.93 time, 2310.02 real, 245 MB
[runlim] sample:		2319.93 time, 2320.02 real, 326 MB
[runlim] sample:		2329.93 time, 2330.02 real, 399 MB
[runlim] sample:		2339.93 time, 2340.02 real, 465 MB
[runlim] sample:		2349.92 time, 2350.02 real, 179 MB
[runlim] sample:		2359.92 time, 2360.02 real, 268 MB
[runlim] sample:		2369.93 time, 2370.02 real, 346 MB
[runlim] sample:		2379.93 time, 2380.02 real, 416 MB
[runlim] sample:		2389.92 time, 2390.02 real, 65 MB
[runlim] sample:		2399.93 time, 2400.02 real, 190 MB
[runlim] sample:		2409.92 time, 2410.02 real, 277 MB
[runlim] sample:		2419.93 time, 2420.02 real, 353 MB
[runlim] sample:		2429.93 time, 2430.02 real, 421 MB
[runlim] sample:		2439.93 time, 2440.02 real, 65 MB
[runlim] sample:		2449.93 time, 2450.02 real, 190 MB
[runlim] sample:		2459.93 time, 2460.02 real, 277 MB
[runlim] sample:		2469.92 time, 2470.02 real, 354 MB
[runlim] sample:		2479.92 time, 2480.02 real, 424 MB
[runlim] sample:		2489.93 time, 2490.02 real, 488 MB
[runlim] sample:		2499.92 time, 2500.02 real, 174 MB
[runlim] sample:		2509.92 time, 2510.02 real, 261 MB
[runlim] sample:		2519.93 time, 2520.02 real, 339 MB
[runlim] sample:		2529.92 time, 2530.02 real, 408 MB
[runlim] sample:		2539.93 time, 2540.02 real, 472 MB
[runlim] sample:		2549.92 time, 2550.02 real, 163 MB
[runlim] sample:		2559.92 time, 2560.02 real, 251 MB
[runlim] sample:		2569.92 time, 2570.02 real, 329 MB
[runlim] sample:		2579.92 time, 2580.02 real, 401 MB
[runlim] sample:		2589.92 time, 2590.02 real, 466 MB
[runlim] sample:		2599.92 time, 2600.02 real, 145 MB
[runlim] sample:		2609.92 time, 2610.02 real, 236 MB
[runlim] sample:		2619.92 time, 2620.01 real, 336 MB
[runlim] sample:		2629.92 time, 2630.01 real, 428 MB
[runlim] sample:		2639.92 time, 2640.01 real, 111 MB
[runlim] sample:		2649.92 time, 2650.01 real, 226 MB
[runlim] sample:		2659.92 time, 2660.01 real, 328 MB
[runlim] sample:		2669.92 time, 2670.02 real, 421 MB
[runlim] sample:		2679.91 time, 2680.01 real, 65 MB
[runlim] sample:		2689.92 time, 2690.01 real, 195 MB
[runlim] sample:		2699.91 time, 2700.01 real, 300 MB
[runlim] end:			Thu Feb 27 09:45:41 2020
[runlim] status:		out of time
[runlim] result:		2
[runlim] children:		1
[runlim] real:			2700.10 seconds
[runlim] time:			2699.91 seconds
[runlim] space:			506 MB
[runlim] samples:		27000
