[runlim] version:		1.18
[runlim] host:			c3n20
[runlim] time limit:		2700 seconds
[runlim] real time limit:	2700 seconds
[runlim] space limit:		7000 MB
[runlim] argv[0]:		./binary
[runlim] argv[1]:		/data/cnf/ankit/RSet1/floor128.R
[runlim] start:			Thu Feb 27 09:00:41 2020
[runlim] child:			9451
[runlim] sample:		10.00 time, 10.02 real, 35 MB
[runlim] sample:		20.00 time, 20.02 real, 47 MB
[runlim] sample:		30.00 time, 30.02 real, 51 MB
[runlim] sample:		40.00 time, 40.02 real, 54 MB
[runlim] sample:		50.00 time, 50.02 real, 86 MB
[runlim] sample:		60.00 time, 60.02 real, 54 MB
[runlim] sample:		70.00 time, 70.02 real, 91 MB
[runlim] sample:		80.01 time, 80.02 real, 54 MB
[runlim] sample:		90.00 time, 90.02 real, 93 MB
[runlim] sample:		100.00 time, 100.02 real, 54 MB
[runlim] sample:		110.00 time, 110.02 real, 54 MB
[runlim] sample:		120.00 time, 120.02 real, 54 MB
[runlim] sample:		130.00 time, 130.02 real, 105 MB
[runlim] sample:		140.00 time, 140.02 real, 98 MB
[runlim] sample:		150.00 time, 150.02 real, 86 MB
[runlim] sample:		160.00 time, 160.02 real, 110 MB
[runlim] sample:		170.00 time, 170.02 real, 93 MB
[runlim] sample:		180.00 time, 180.02 real, 110 MB
[runlim] sample:		190.00 time, 190.02 real, 84 MB
[runlim] sample:		200.00 time, 200.02 real, 102 MB
[runlim] sample:		209.99 time, 210.02 real, 116 MB
[runlim] sample:		219.98 time, 220.02 real, 109 MB
[runlim] sample:		229.94 time, 230.02 real, 119 MB
[runlim] sample:		239.92 time, 240.02 real, 54 MB
[runlim] sample:		249.88 time, 250.02 real, 54 MB
[runlim] sample:		259.85 time, 260.02 real, 54 MB
[runlim] sample:		269.83 time, 270.02 real, 118 MB
[runlim] sample:		279.86 time, 280.09 real, 105 MB
[runlim] sample:		289.75 time, 290.02 real, 54 MB
[runlim] sample:		299.73 time, 300.02 real, 118 MB
[runlim] sample:		309.69 time, 310.02 real, 91 MB
[runlim] sample:		319.66 time, 320.02 real, 122 MB
[runlim] sample:		329.63 time, 330.02 real, 87 MB
[runlim] sample:		339.60 time, 340.02 real, 112 MB
[runlim] sample:		349.57 time, 350.02 real, 131 MB
[runlim] sample:		359.54 time, 360.02 real, 88 MB
[runlim] sample:		369.51 time, 370.02 real, 107 MB
[runlim] sample:		379.48 time, 380.02 real, 124 MB
[runlim] sample:		389.45 time, 390.02 real, 136 MB
[runlim] sample:		399.42 time, 400.02 real, 87 MB
[runlim] sample:		409.39 time, 410.02 real, 100 MB
[runlim] sample:		419.36 time, 420.02 real, 113 MB
[runlim] sample:		429.33 time, 430.02 real, 124 MB
[runlim] sample:		439.29 time, 440.02 real, 135 MB
[runlim] sample:		449.26 time, 450.02 real, 143 MB
[runlim] sample:		459.23 time, 460.02 real, 54 MB
[runlim] sample:		469.19 time, 470.02 real, 87 MB
[runlim] sample:		479.16 time, 480.02 real, 93 MB
[runlim] sample:		489.13 time, 490.02 real, 97 MB
[runlim] sample:		499.10 time, 500.02 real, 100 MB
[runlim] sample:		509.07 time, 510.02 real, 101 MB
[runlim] sample:		519.04 time, 520.02 real, 94 MB
[runlim] sample:		529.01 time, 530.02 real, 90 MB
[runlim] sample:		538.97 time, 540.02 real, 86 MB
[runlim] sample:		548.94 time, 550.02 real, 154 MB
[runlim] sample:		558.91 time, 560.02 real, 148 MB
[runlim] sample:		568.87 time, 570.02 real, 140 MB
[runlim] sample:		578.84 time, 580.02 real, 130 MB
[runlim] sample:		588.81 time, 590.02 real, 117 MB
[runlim] sample:		598.78 time, 600.02 real, 105 MB
[runlim] sample:		608.75 time, 610.02 real, 88 MB
[runlim] sample:		618.73 time, 620.02 real, 153 MB
[runlim] sample:		628.69 time, 630.02 real, 137 MB
[runlim] sample:		638.66 time, 640.02 real, 121 MB
[runlim] sample:		648.63 time, 650.02 real, 104 MB
[runlim] sample:		658.60 time, 660.02 real, 164 MB
[runlim] sample:		668.57 time, 670.02 real, 148 MB
[runlim] sample:		678.53 time, 680.02 real, 126 MB
[runlim] sample:		688.51 time, 690.02 real, 101 MB
[runlim] sample:		698.48 time, 700.02 real, 162 MB
[runlim] sample:		708.45 time, 710.02 real, 143 MB
[runlim] sample:		718.42 time, 720.02 real, 117 MB
[runlim] sample:		728.39 time, 730.02 real, 171 MB
[runlim] sample:		738.35 time, 740.02 real, 148 MB
[runlim] sample:		748.32 time, 750.02 real, 119 MB
[runlim] sample:		758.30 time, 760.02 real, 171 MB
[runlim] sample:		768.26 time, 770.02 real, 146 MB
[runlim] sample:		778.23 time, 780.02 real, 116 MB
[runlim] sample:		788.20 time, 790.02 real, 169 MB
[runlim] sample:		798.17 time, 800.02 real, 143 MB
[runlim] sample:		808.14 time, 810.02 real, 108 MB
[runlim] sample:		818.11 time, 820.02 real, 164 MB
[runlim] sample:		828.07 time, 830.02 real, 135 MB
[runlim] sample:		838.05 time, 840.02 real, 95 MB
[runlim] sample:		848.02 time, 850.02 real, 157 MB
[runlim] sample:		857.98 time, 860.02 real, 127 MB
[runlim] sample:		867.95 time, 870.02 real, 176 MB
[runlim] sample:		877.92 time, 880.02 real, 144 MB
[runlim] sample:		887.90 time, 890.02 real, 103 MB
[runlim] sample:		897.87 time, 900.02 real, 159 MB
[runlim] sample:		907.83 time, 910.02 real, 121 MB
[runlim] sample:		917.80 time, 920.02 real, 171 MB
[runlim] sample:		927.77 time, 930.02 real, 137 MB
[runlim] sample:		937.74 time, 940.02 real, 182 MB
[runlim] sample:		947.71 time, 950.02 real, 147 MB
[runlim] sample:		957.68 time, 960.02 real, 101 MB
[runlim] sample:		967.65 time, 970.02 real, 156 MB
[runlim] sample:		977.62 time, 980.02 real, 112 MB
[runlim] sample:		987.58 time, 990.02 real, 164 MB
[runlim] sample:		997.55 time, 1000.02 real, 121 MB
[runlim] sample:		1007.52 time, 1010.02 real, 171 MB
[runlim] sample:		1017.48 time, 1020.02 real, 130 MB
[runlim] sample:		1027.46 time, 1030.02 real, 177 MB
[runlim] sample:		1037.42 time, 1040.02 real, 135 MB
[runlim] sample:		1047.39 time, 1050.02 real, 181 MB
[runlim] sample:		1057.36 time, 1060.02 real, 139 MB
[runlim] sample:		1067.32 time, 1070.02 real, 183 MB
[runlim] sample:		1077.30 time, 1080.02 real, 141 MB
[runlim] sample:		1087.27 time, 1090.02 real, 186 MB
[runlim] sample:		1097.24 time, 1100.02 real, 144 MB
[runlim] sample:		1107.20 time, 1110.02 real, 187 MB
[runlim] sample:		1117.17 time, 1120.02 real, 143 MB
[runlim] sample:		1127.14 time, 1130.02 real, 189 MB
[runlim] sample:		1137.11 time, 1140.02 real, 144 MB
[runlim] sample:		1147.08 time, 1150.02 real, 188 MB
[runlim] sample:		1157.05 time, 1160.02 real, 143 MB
[runlim] sample:		1167.02 time, 1170.02 real, 187 MB
[runlim] sample:		1177.00 time, 1180.02 real, 137 MB
[runlim] sample:		1186.98 time, 1190.02 real, 176 MB
[runlim] sample:		1196.95 time, 1200.02 real, 116 MB
[runlim] sample:		1206.92 time, 1210.02 real, 168 MB
[runlim] sample:		1216.88 time, 1220.02 real, 116 MB
[runlim] sample:		1226.85 time, 1230.02 real, 170 MB
[runlim] sample:		1236.83 time, 1240.02 real, 116 MB
[runlim] sample:		1246.80 time, 1250.02 real, 169 MB
[runlim] sample:		1256.80 time, 1260.02 real, 108 MB
[runlim] sample:		1266.79 time, 1270.02 real, 163 MB
[runlim] sample:		1276.80 time, 1280.02 real, 99 MB
[runlim] sample:		1286.80 time, 1290.02 real, 156 MB
[runlim] sample:		1296.80 time, 1300.02 real, 197 MB
[runlim] sample:		1306.79 time, 1310.02 real, 147 MB
[runlim] sample:		1316.79 time, 1320.02 real, 188 MB
[runlim] sample:		1326.80 time, 1330.02 real, 131 MB
[runlim] sample:		1336.79 time, 1340.02 real, 175 MB
[runlim] sample:		1346.80 time, 1350.02 real, 110 MB
[runlim] sample:		1356.80 time, 1360.02 real, 159 MB
[runlim] sample:		1366.79 time, 1370.02 real, 196 MB
[runlim] sample:		1376.80 time, 1380.02 real, 142 MB
[runlim] sample:		1386.80 time, 1390.02 real, 184 MB
[runlim] sample:		1396.79 time, 1400.02 real, 121 MB
[runlim] sample:		1406.80 time, 1410.02 real, 167 MB
[runlim] sample:		1416.79 time, 1420.02 real, 200 MB
[runlim] sample:		1426.79 time, 1430.02 real, 138 MB
[runlim] sample:		1436.80 time, 1440.02 real, 178 MB
[runlim] sample:		1446.79 time, 1450.02 real, 108 MB
[runlim] sample:		1456.80 time, 1460.02 real, 157 MB
[runlim] sample:		1466.79 time, 1470.02 real, 196 MB
[runlim] sample:		1476.79 time, 1480.02 real, 138 MB
[runlim] sample:		1486.79 time, 1490.02 real, 182 MB
[runlim] sample:		1496.80 time, 1500.02 real, 114 MB
[runlim] sample:		1506.80 time, 1510.02 real, 165 MB
[runlim] sample:		1516.80 time, 1520.02 real, 204 MB
[runlim] sample:		1526.80 time, 1530.02 real, 145 MB
[runlim] sample:		1536.80 time, 1540.02 real, 187 MB
[runlim] sample:		1546.79 time, 1550.02 real, 119 MB
[runlim] sample:		1556.79 time, 1560.02 real, 165 MB
[runlim] sample:		1566.79 time, 1570.02 real, 202 MB
[runlim] sample:		1576.79 time, 1580.02 real, 137 MB
[runlim] sample:		1586.79 time, 1590.02 real, 178 MB
[runlim] sample:		1596.79 time, 1600.02 real, 100 MB
[runlim] sample:		1606.79 time, 1610.02 real, 153 MB
[runlim] sample:		1616.79 time, 1620.02 real, 191 MB
[runlim] sample:		1626.79 time, 1630.02 real, 118 MB
[runlim] sample:		1636.80 time, 1640.02 real, 165 MB
[runlim] sample:		1646.79 time, 1650.02 real, 200 MB
[runlim] sample:		1656.79 time, 1660.02 real, 130 MB
[runlim] sample:		1666.79 time, 1670.02 real, 173 MB
[runlim] sample:		1676.79 time, 1680.02 real, 207 MB
[runlim] sample:		1686.79 time, 1690.02 real, 140 MB
[runlim] sample:		1696.79 time, 1700.02 real, 181 MB
[runlim] sample:		1706.79 time, 1710.02 real, 97 MB
[runlim] sample:		1716.79 time, 1720.02 real, 148 MB
[runlim] sample:		1726.79 time, 1730.02 real, 187 MB
[runlim] sample:		1736.79 time, 1740.02 real, 102 MB
[runlim] sample:		1746.79 time, 1750.02 real, 149 MB
[runlim] sample:		1756.79 time, 1760.02 real, 185 MB
[runlim] sample:		1766.79 time, 1770.02 real, 215 MB
[runlim] sample:		1776.80 time, 1780.02 real, 145 MB
[runlim] sample:		1786.79 time, 1790.02 real, 181 MB
[runlim] sample:		1796.79 time, 1800.02 real, 212 MB
[runlim] sample:		1806.79 time, 1810.02 real, 138 MB
[runlim] sample:		1816.79 time, 1820.02 real, 177 MB
[runlim] sample:		1826.79 time, 1830.02 real, 208 MB
[runlim] sample:		1836.79 time, 1840.02 real, 131 MB
[runlim] sample:		1846.79 time, 1850.02 real, 169 MB
[runlim] sample:		1856.79 time, 1860.02 real, 201 MB
[runlim] sample:		1866.79 time, 1870.02 real, 118 MB
[runlim] sample:		1876.79 time, 1880.02 real, 160 MB
[runlim] sample:		1886.79 time, 1890.02 real, 194 MB
[runlim] sample:		1896.79 time, 1900.02 real, 102 MB
[runlim] sample:		1906.79 time, 1910.02 real, 150 MB
[runlim] sample:		1916.79 time, 1920.02 real, 186 MB
[runlim] sample:		1926.79 time, 1930.02 real, 216 MB
[runlim] sample:		1936.79 time, 1940.02 real, 131 MB
[runlim] sample:		1946.79 time, 1950.02 real, 170 MB
[runlim] sample:		1956.79 time, 1960.02 real, 201 MB
[runlim] sample:		1966.79 time, 1970.02 real, 114 MB
[runlim] sample:		1976.79 time, 1980.02 real, 154 MB
[runlim] sample:		1986.79 time, 1990.02 real, 187 MB
[runlim] sample:		1996.79 time, 2000.02 real, 215 MB
[runlim] sample:		2006.79 time, 2010.02 real, 132 MB
[runlim] sample:		2016.78 time, 2020.02 real, 171 MB
[runlim] sample:		2026.78 time, 2030.02 real, 203 MB
[runlim] sample:		2036.78 time, 2040.02 real, 112 MB
[runlim] sample:		2046.78 time, 2050.02 real, 152 MB
[runlim] sample:		2056.79 time, 2060.02 real, 185 MB
[runlim] sample:		2066.79 time, 2070.02 real, 212 MB
[runlim] sample:		2076.79 time, 2080.02 real, 124 MB
[runlim] sample:		2086.79 time, 2090.02 real, 163 MB
[runlim] sample:		2096.79 time, 2100.02 real, 195 MB
[runlim] sample:		2106.79 time, 2110.02 real, 222 MB
[runlim] sample:		2116.78 time, 2120.02 real, 140 MB
[runlim] sample:		2126.78 time, 2130.02 real, 175 MB
[runlim] sample:		2136.79 time, 2140.02 real, 204 MB
[runlim] sample:		2146.78 time, 2150.02 real, 107 MB
[runlim] sample:		2156.78 time, 2160.02 real, 146 MB
[runlim] sample:		2166.78 time, 2170.02 real, 179 MB
[runlim] sample:		2176.78 time, 2180.02 real, 207 MB
[runlim] sample:		2186.79 time, 2190.02 real, 111 MB
[runlim] sample:		2196.78 time, 2200.02 real, 148 MB
[runlim] sample:		2206.79 time, 2210.02 real, 179 MB
[runlim] sample:		2216.78 time, 2220.02 real, 207 MB
[runlim] sample:		2226.78 time, 2230.02 real, 105 MB
[runlim] sample:		2236.78 time, 2240.02 real, 142 MB
[runlim] sample:		2246.79 time, 2250.02 real, 172 MB
[runlim] sample:		2256.78 time, 2260.02 real, 199 MB
[runlim] sample:		2266.78 time, 2270.02 real, 223 MB
[runlim] sample:		2276.78 time, 2280.02 real, 130 MB
[runlim] sample:		2286.78 time, 2290.02 real, 163 MB
[runlim] sample:		2296.78 time, 2300.02 real, 192 MB
[runlim] sample:		2306.78 time, 2310.02 real, 217 MB
[runlim] sample:		2316.78 time, 2320.02 real, 119 MB
[runlim] sample:		2326.78 time, 2330.02 real, 155 MB
[runlim] sample:		2336.78 time, 2340.02 real, 183 MB
[runlim] sample:		2346.78 time, 2350.02 real, 209 MB
[runlim] sample:		2356.78 time, 2360.02 real, 104 MB
[runlim] sample:		2366.78 time, 2370.02 real, 141 MB
[runlim] sample:		2376.78 time, 2380.02 real, 172 MB
[runlim] sample:		2386.78 time, 2390.02 real, 198 MB
[runlim] sample:		2396.78 time, 2400.02 real, 222 MB
[runlim] sample:		2406.78 time, 2410.02 real, 124 MB
[runlim] sample:		2416.78 time, 2420.02 real, 158 MB
[runlim] sample:		2426.78 time, 2430.02 real, 187 MB
[runlim] sample:		2436.78 time, 2440.02 real, 212 MB
[runlim] sample:		2446.78 time, 2450.02 real, 106 MB
[runlim] sample:		2456.78 time, 2460.02 real, 143 MB
[runlim] sample:		2466.78 time, 2470.02 real, 173 MB
[runlim] sample:		2476.78 time, 2480.02 real, 200 MB
[runlim] sample:		2486.78 time, 2490.02 real, 223 MB
[runlim] sample:		2496.78 time, 2500.02 real, 124 MB
[runlim] sample:		2506.78 time, 2510.02 real, 156 MB
[runlim] sample:		2516.78 time, 2520.02 real, 185 MB
[runlim] sample:		2526.77 time, 2530.02 real, 210 MB
[runlim] sample:		2536.77 time, 2540.02 real, 233 MB
[runlim] sample:		2546.78 time, 2550.02 real, 139 MB
[runlim] sample:		2556.77 time, 2560.02 real, 174 MB
[runlim] sample:		2566.77 time, 2570.02 real, 203 MB
[runlim] sample:		2576.77 time, 2580.02 real, 228 MB
[runlim] sample:		2586.77 time, 2590.02 real, 130 MB
[runlim] sample:		2596.77 time, 2600.02 real, 164 MB
[runlim] sample:		2606.78 time, 2610.02 real, 192 MB
[runlim] sample:		2616.77 time, 2620.01 real, 123 MB
[runlim] sample:		2626.78 time, 2630.01 real, 193 MB
[runlim] sample:		2636.77 time, 2640.01 real, 122 MB
[runlim] sample:		2646.77 time, 2650.01 real, 192 MB
[runlim] sample:		2656.77 time, 2660.01 real, 120 MB
[runlim] sample:		2666.77 time, 2670.02 real, 190 MB
[runlim] sample:		2676.77 time, 2680.01 real, 116 MB
[runlim] sample:		2686.77 time, 2690.01 real, 187 MB
[runlim] sample:		2696.77 time, 2700.01 real, 109 MB
[runlim] end:			Thu Feb 27 09:45:41 2020
[runlim] status:		out of time
[runlim] result:		2
[runlim] children:		1
[runlim] real:			2700.10 seconds
[runlim] time:			2696.77 seconds
[runlim] space:			281 MB
[runlim] samples:		27000
