[runlim] version:		1.18
[runlim] host:			c3n19
[runlim] time limit:		2700 seconds
[runlim] real time limit:	2700 seconds
[runlim] space limit:		7000 MB
[runlim] argv[0]:		./binary
[runlim] argv[1]:		/data/cnf/ankit/RSet1/floor256.R
[runlim] start:			Thu Feb 27 09:00:41 2020
[runlim] child:			13227
[runlim] sample:		9.94 time, 10.02 real, 48 MB
[runlim] sample:		19.94 time, 20.02 real, 70 MB
[runlim] sample:		29.94 time, 30.02 real, 106 MB
[runlim] sample:		39.93 time, 40.02 real, 126 MB
[runlim] sample:		49.94 time, 50.02 real, 122 MB
[runlim] sample:		59.94 time, 60.02 real, 144 MB
[runlim] sample:		69.94 time, 70.02 real, 148 MB
[runlim] sample:		79.94 time, 80.02 real, 135 MB
[runlim] sample:		89.94 time, 90.02 real, 109 MB
[runlim] sample:		99.93 time, 100.02 real, 104 MB
[runlim] sample:		109.94 time, 110.02 real, 125 MB
[runlim] sample:		119.94 time, 120.02 real, 135 MB
[runlim] sample:		129.94 time, 130.02 real, 138 MB
[runlim] sample:		139.94 time, 140.02 real, 134 MB
[runlim] sample:		149.94 time, 150.02 real, 120 MB
[runlim] sample:		159.94 time, 160.02 real, 95 MB
[runlim] sample:		169.94 time, 170.02 real, 149 MB
[runlim] sample:		179.94 time, 180.02 real, 116 MB
[runlim] sample:		189.94 time, 190.02 real, 182 MB
[runlim] sample:		199.94 time, 200.02 real, 121 MB
[runlim] sample:		209.94 time, 210.02 real, 163 MB
[runlim] sample:		219.94 time, 220.02 real, 110 MB
[runlim] sample:		229.93 time, 230.02 real, 146 MB
[runlim] sample:		239.94 time, 240.02 real, 75 MB
[runlim] sample:		249.94 time, 250.02 real, 111 MB
[runlim] sample:		259.94 time, 260.02 real, 139 MB
[runlim] sample:		269.94 time, 270.02 real, 160 MB
[runlim] sample:		279.98 time, 280.07 real, 178 MB
[runlim] sample:		289.94 time, 290.02 real, 182 MB
[runlim] sample:		299.94 time, 300.02 real, 183 MB
[runlim] sample:		309.94 time, 310.02 real, 184 MB
[runlim] sample:		319.94 time, 320.02 real, 182 MB
[runlim] sample:		329.94 time, 330.02 real, 179 MB
[runlim] sample:		339.94 time, 340.02 real, 172 MB
[runlim] sample:		349.94 time, 350.02 real, 161 MB
[runlim] sample:		359.94 time, 360.02 real, 138 MB
[runlim] sample:		369.94 time, 370.02 real, 125 MB
[runlim] sample:		379.94 time, 380.02 real, 107 MB
[runlim] sample:		389.94 time, 390.02 real, 84 MB
[runlim] sample:		399.94 time, 400.02 real, 191 MB
[runlim] sample:		409.94 time, 410.02 real, 171 MB
[runlim] sample:		419.93 time, 420.02 real, 151 MB
[runlim] sample:		429.93 time, 430.02 real, 128 MB
[runlim] sample:		439.94 time, 440.02 real, 101 MB
[runlim] sample:		449.94 time, 450.02 real, 180 MB
[runlim] sample:		459.94 time, 460.02 real, 108 MB
[runlim] sample:		469.94 time, 470.02 real, 167 MB
[runlim] sample:		479.94 time, 480.02 real, 90 MB
[runlim] sample:		489.94 time, 490.02 real, 154 MB
[runlim] sample:		499.94 time, 500.02 real, 205 MB
[runlim] sample:		509.93 time, 510.02 real, 137 MB
[runlim] sample:		519.94 time, 520.02 real, 192 MB
[runlim] sample:		529.94 time, 530.02 real, 118 MB
[runlim] sample:		539.94 time, 540.02 real, 176 MB
[runlim] sample:		549.93 time, 550.02 real, 95 MB
[runlim] sample:		559.93 time, 560.02 real, 158 MB
[runlim] sample:		569.94 time, 570.02 real, 211 MB
[runlim] sample:		579.94 time, 580.02 real, 159 MB
[runlim] sample:		589.94 time, 590.02 real, 126 MB
[runlim] sample:		599.93 time, 600.02 real, 91 MB
[runlim] sample:		609.93 time, 610.02 real, 201 MB
[runlim] sample:		619.93 time, 620.02 real, 172 MB
[runlim] sample:		629.94 time, 630.02 real, 136 MB
[runlim] sample:		639.93 time, 640.02 real, 97 MB
[runlim] sample:		649.94 time, 650.02 real, 204 MB
[runlim] sample:		659.93 time, 660.02 real, 168 MB
[runlim] sample:		669.94 time, 670.02 real, 124 MB
[runlim] sample:		679.94 time, 680.02 real, 226 MB
[runlim] sample:		689.94 time, 690.02 real, 188 MB
[runlim] sample:		699.93 time, 700.02 real, 143 MB
[runlim] sample:		709.94 time, 710.02 real, 239 MB
[runlim] sample:		719.94 time, 720.02 real, 199 MB
[runlim] sample:		729.94 time, 730.02 real, 150 MB
[runlim] sample:		739.93 time, 740.02 real, 242 MB
[runlim] sample:		749.94 time, 750.02 real, 196 MB
[runlim] sample:		759.93 time, 760.02 real, 144 MB
[runlim] sample:		769.93 time, 770.02 real, 234 MB
[runlim] sample:		779.93 time, 780.02 real, 185 MB
[runlim] sample:		789.93 time, 790.02 real, 122 MB
[runlim] sample:		799.93 time, 800.02 real, 221 MB
[runlim] sample:		809.93 time, 810.02 real, 164 MB
[runlim] sample:		819.93 time, 820.02 real, 250 MB
[runlim] sample:		829.93 time, 830.02 real, 194 MB
[runlim] sample:		839.93 time, 840.02 real, 125 MB
[runlim] sample:		849.94 time, 850.02 real, 218 MB
[runlim] sample:		859.93 time, 860.02 real, 147 MB
[runlim] sample:		869.93 time, 870.02 real, 234 MB
[runlim] sample:		879.93 time, 880.02 real, 165 MB
[runlim] sample:		889.93 time, 890.02 real, 246 MB
[runlim] sample:		899.93 time, 900.02 real, 182 MB
[runlim] sample:		909.93 time, 910.02 real, 259 MB
[runlim] sample:		919.94 time, 920.02 real, 195 MB
[runlim] sample:		929.93 time, 930.02 real, 108 MB
[runlim] sample:		939.93 time, 940.02 real, 205 MB
[runlim] sample:		949.93 time, 950.02 real, 122 MB
[runlim] sample:		959.93 time, 960.02 real, 212 MB
[runlim] sample:		969.93 time, 970.02 real, 126 MB
[runlim] sample:		979.93 time, 980.02 real, 216 MB
[runlim] sample:		989.93 time, 990.02 real, 130 MB
[runlim] sample:		999.94 time, 1000.02 real, 222 MB
[runlim] sample:		1009.93 time, 1010.02 real, 135 MB
[runlim] sample:		1019.93 time, 1020.02 real, 228 MB
[runlim] sample:		1029.93 time, 1030.02 real, 144 MB
[runlim] sample:		1039.93 time, 1040.02 real, 232 MB
[runlim] sample:		1049.94 time, 1050.02 real, 144 MB
[runlim] sample:		1059.94 time, 1060.02 real, 230 MB
[runlim] sample:		1069.93 time, 1070.02 real, 143 MB
[runlim] sample:		1079.93 time, 1080.02 real, 229 MB
[runlim] sample:		1089.93 time, 1090.02 real, 137 MB
[runlim] sample:		1099.93 time, 1100.02 real, 224 MB
[runlim] sample:		1109.93 time, 1110.02 real, 122 MB
[runlim] sample:		1119.94 time, 1120.02 real, 215 MB
[runlim] sample:		1129.93 time, 1130.02 real, 111 MB
[runlim] sample:		1139.93 time, 1140.02 real, 204 MB
[runlim] sample:		1149.93 time, 1150.02 real, 279 MB
[runlim] sample:		1159.93 time, 1160.02 real, 191 MB
[runlim] sample:		1169.93 time, 1170.02 real, 270 MB
[runlim] sample:		1179.93 time, 1180.02 real, 177 MB
[runlim] sample:		1189.93 time, 1190.02 real, 252 MB
[runlim] sample:		1199.93 time, 1200.02 real, 153 MB
[runlim] sample:		1209.93 time, 1210.02 real, 240 MB
[runlim] sample:		1219.93 time, 1220.02 real, 134 MB
[runlim] sample:		1229.93 time, 1230.02 real, 224 MB
[runlim] sample:		1239.93 time, 1240.02 real, 112 MB
[runlim] sample:		1249.93 time, 1250.02 real, 202 MB
[runlim] sample:		1259.93 time, 1260.02 real, 275 MB
[runlim] sample:		1269.93 time, 1270.02 real, 174 MB
[runlim] sample:		1279.93 time, 1280.02 real, 251 MB
[runlim] sample:		1289.93 time, 1290.02 real, 138 MB
[runlim] sample:		1299.93 time, 1300.02 real, 222 MB
[runlim] sample:		1309.93 time, 1310.02 real, 293 MB
[runlim] sample:		1319.93 time, 1320.02 real, 194 MB
[runlim] sample:		1329.93 time, 1330.02 real, 268 MB
[runlim] sample:		1339.93 time, 1340.02 real, 164 MB
[runlim] sample:		1349.93 time, 1350.02 real, 241 MB
[runlim] sample:		1359.93 time, 1360.02 real, 118 MB
[runlim] sample:		1369.93 time, 1370.02 real, 206 MB
[runlim] sample:		1379.93 time, 1380.02 real, 278 MB
[runlim] sample:		1389.93 time, 1390.02 real, 169 MB
[runlim] sample:		1399.93 time, 1400.02 real, 247 MB
[runlim] sample:		1409.93 time, 1410.02 real, 126 MB
[runlim] sample:		1419.93 time, 1420.02 real, 219 MB
[runlim] sample:		1429.93 time, 1430.02 real, 292 MB
[runlim] sample:		1439.93 time, 1440.02 real, 183 MB
[runlim] sample:		1449.93 time, 1450.02 real, 261 MB
[runlim] sample:		1459.93 time, 1460.02 real, 142 MB
[runlim] sample:		1469.93 time, 1470.02 real, 227 MB
[runlim] sample:		1479.93 time, 1480.02 real, 297 MB
[runlim] sample:		1489.92 time, 1490.02 real, 186 MB
[runlim] sample:		1499.93 time, 1500.02 real, 262 MB
[runlim] sample:		1509.93 time, 1510.02 real, 137 MB
[runlim] sample:		1519.93 time, 1520.02 real, 224 MB
[runlim] sample:		1529.93 time, 1530.02 real, 291 MB
[runlim] sample:		1539.93 time, 1540.02 real, 174 MB
[runlim] sample:		1549.92 time, 1550.02 real, 255 MB
[runlim] sample:		1559.92 time, 1560.02 real, 114 MB
[runlim] sample:		1569.93 time, 1570.02 real, 204 MB
[runlim] sample:		1579.93 time, 1580.02 real, 274 MB
[runlim] sample:		1589.93 time, 1590.02 real, 143 MB
[runlim] sample:		1599.93 time, 1600.02 real, 229 MB
[runlim] sample:		1609.93 time, 1610.02 real, 300 MB
[runlim] sample:		1619.93 time, 1620.02 real, 179 MB
[runlim] sample:		1629.93 time, 1630.02 real, 259 MB
[runlim] sample:		1639.93 time, 1640.02 real, 115 MB
[runlim] sample:		1649.92 time, 1650.02 real, 206 MB
[runlim] sample:		1659.93 time, 1660.02 real, 277 MB
[runlim] sample:		1669.92 time, 1670.02 real, 138 MB
[runlim] sample:		1679.93 time, 1680.02 real, 224 MB
[runlim] sample:		1689.93 time, 1690.02 real, 292 MB
[runlim] sample:		1699.92 time, 1700.02 real, 157 MB
[runlim] sample:		1709.92 time, 1710.02 real, 242 MB
[runlim] sample:		1719.92 time, 1720.02 real, 309 MB
[runlim] sample:		1729.92 time, 1730.02 real, 180 MB
[runlim] sample:		1739.92 time, 1740.02 real, 259 MB
[runlim] sample:		1749.92 time, 1750.02 real, 328 MB
[runlim] sample:		1759.93 time, 1760.02 real, 206 MB
[runlim] sample:		1769.92 time, 1770.02 real, 280 MB
[runlim] sample:		1779.92 time, 1780.02 real, 138 MB
[runlim] sample:		1789.93 time, 1790.02 real, 227 MB
[runlim] sample:		1799.92 time, 1800.02 real, 296 MB
[runlim] sample:		1809.93 time, 1810.02 real, 160 MB
[runlim] sample:		1819.92 time, 1820.02 real, 240 MB
[runlim] sample:		1829.92 time, 1830.02 real, 307 MB
[runlim] sample:		1839.92 time, 1840.02 real, 172 MB
[runlim] sample:		1849.93 time, 1850.02 real, 253 MB
[runlim] sample:		1859.92 time, 1860.02 real, 321 MB
[runlim] sample:		1869.93 time, 1870.02 real, 191 MB
[runlim] sample:		1879.92 time, 1880.02 real, 270 MB
[runlim] sample:		1889.92 time, 1890.02 real, 331 MB
[runlim] sample:		1899.92 time, 1900.02 real, 202 MB
[runlim] sample:		1909.92 time, 1910.02 real, 276 MB
[runlim] sample:		1919.92 time, 1920.02 real, 118 MB
[runlim] sample:		1929.92 time, 1930.02 real, 206 MB
[runlim] sample:		1939.92 time, 1940.02 real, 276 MB
[runlim] sample:		1949.92 time, 1950.02 real, 336 MB
[runlim] sample:		1959.92 time, 1960.02 real, 201 MB
[runlim] sample:		1969.92 time, 1970.02 real, 272 MB
[runlim] sample:		1979.92 time, 1980.02 real, 333 MB
[runlim] sample:		1989.92 time, 1990.02 real, 197 MB
[runlim] sample:		1999.92 time, 2000.02 real, 272 MB
[runlim] sample:		2009.92 time, 2010.02 real, 337 MB
[runlim] sample:		2019.92 time, 2020.02 real, 198 MB
[runlim] sample:		2029.92 time, 2030.02 real, 270 MB
[runlim] sample:		2039.92 time, 2040.02 real, 330 MB
[runlim] sample:		2049.92 time, 2050.02 real, 188 MB
[runlim] sample:		2059.92 time, 2060.02 real, 263 MB
[runlim] sample:		2069.92 time, 2070.02 real, 326 MB
[runlim] sample:		2079.92 time, 2080.02 real, 176 MB
[runlim] sample:		2089.92 time, 2090.02 real, 249 MB
[runlim] sample:		2099.92 time, 2100.02 real, 311 MB
[runlim] sample:		2109.92 time, 2110.02 real, 148 MB
[runlim] sample:		2119.92 time, 2120.02 real, 232 MB
[runlim] sample:		2129.92 time, 2130.02 real, 297 MB
[runlim] sample:		2139.92 time, 2140.02 real, 125 MB
[runlim] sample:		2149.92 time, 2150.02 real, 208 MB
[runlim] sample:		2159.92 time, 2160.02 real, 276 MB
[runlim] sample:		2169.92 time, 2170.02 real, 334 MB
[runlim] sample:		2179.92 time, 2180.02 real, 179 MB
[runlim] sample:		2189.92 time, 2190.02 real, 252 MB
[runlim] sample:		2199.92 time, 2200.02 real, 314 MB
[runlim] sample:		2209.92 time, 2210.02 real, 145 MB
[runlim] sample:		2219.92 time, 2220.02 real, 226 MB
[runlim] sample:		2229.92 time, 2230.02 real, 290 MB
[runlim] sample:		2239.92 time, 2240.02 real, 347 MB
[runlim] sample:		2249.93 time, 2250.02 real, 192 MB
[runlim] sample:		2259.92 time, 2260.02 real, 264 MB
[runlim] sample:		2269.92 time, 2270.02 real, 325 MB
[runlim] sample:		2279.91 time, 2280.02 real, 158 MB
[runlim] sample:		2289.91 time, 2290.02 real, 235 MB
[runlim] sample:		2299.92 time, 2300.02 real, 301 MB
[runlim] sample:		2309.91 time, 2310.02 real, 359 MB
[runlim] sample:		2319.91 time, 2320.02 real, 207 MB
[runlim] sample:		2329.91 time, 2330.02 real, 277 MB
[runlim] sample:		2339.92 time, 2340.02 real, 334 MB
[runlim] sample:		2349.92 time, 2350.02 real, 161 MB
[runlim] sample:		2359.92 time, 2360.02 real, 232 MB
[runlim] sample:		2369.91 time, 2370.02 real, 293 MB
[runlim] sample:		2379.91 time, 2380.02 real, 347 MB
[runlim] sample:		2389.91 time, 2390.02 real, 180 MB
[runlim] sample:		2399.92 time, 2400.02 real, 250 MB
[runlim] sample:		2409.92 time, 2410.02 real, 310 MB
[runlim] sample:		2419.92 time, 2420.02 real, 364 MB
[runlim] sample:		2429.91 time, 2430.02 real, 203 MB
[runlim] sample:		2439.92 time, 2440.02 real, 271 MB
[runlim] sample:		2449.92 time, 2450.02 real, 331 MB
[runlim] sample:		2459.92 time, 2460.02 real, 149 MB
[runlim] sample:		2469.92 time, 2470.02 real, 226 MB
[runlim] sample:		2479.91 time, 2480.02 real, 290 MB
[runlim] sample:		2489.92 time, 2490.02 real, 346 MB
[runlim] sample:		2499.92 time, 2500.02 real, 167 MB
[runlim] sample:		2509.91 time, 2510.02 real, 243 MB
[runlim] sample:		2519.92 time, 2520.02 real, 303 MB
[runlim] sample:		2529.91 time, 2530.02 real, 355 MB
[runlim] sample:		2539.92 time, 2540.02 real, 174 MB
[runlim] sample:		2549.91 time, 2550.02 real, 249 MB
[runlim] sample:		2559.92 time, 2560.02 real, 311 MB
[runlim] sample:		2569.91 time, 2570.02 real, 363 MB
[runlim] sample:		2579.92 time, 2580.02 real, 192 MB
[runlim] sample:		2589.91 time, 2590.02 real, 262 MB
[runlim] sample:		2599.91 time, 2600.02 real, 320 MB
[runlim] sample:		2609.91 time, 2610.02 real, 372 MB
[runlim] sample:		2619.91 time, 2620.02 real, 204 MB
[runlim] sample:		2629.92 time, 2630.02 real, 269 MB
[runlim] sample:		2639.91 time, 2640.02 real, 326 MB
[runlim] sample:		2649.92 time, 2650.02 real, 128 MB
[runlim] sample:		2659.91 time, 2660.02 real, 206 MB
[runlim] sample:		2669.91 time, 2670.02 real, 271 MB
[runlim] sample:		2679.92 time, 2680.02 real, 325 MB
[runlim] sample:		2689.91 time, 2690.02 real, 374 MB
[runlim] sample:		2699.91 time, 2700.02 real, 199 MB
[runlim] end:			Thu Feb 27 09:45:41 2020
[runlim] status:		out of time
[runlim] result:		2
[runlim] children:		1
[runlim] real:			2700.13 seconds
[runlim] time:			2699.91 seconds
[runlim] space:			437 MB
[runlim] samples:		27000
