[runlim] version:		1.18
[runlim] host:			c3n19
[runlim] time limit:		2700 seconds
[runlim] real time limit:	2700 seconds
[runlim] space limit:		7000 MB
[runlim] argv[0]:		./binary
[runlim] argv[1]:		/data/cnf/ankit/RSet1/hex_hein_4x4_12.dqbf
[runlim] start:			Thu Feb 27 09:00:41 2020
[runlim] child:			13308
[runlim] sample:		10.00 time, 10.02 real, 15 MB
[runlim] sample:		19.99 time, 20.02 real, 18 MB
[runlim] sample:		30.00 time, 30.02 real, 24 MB
[runlim] sample:		40.00 time, 40.02 real, 26 MB
[runlim] sample:		49.99 time, 50.02 real, 26 MB
[runlim] sample:		59.99 time, 60.02 real, 28 MB
[runlim] sample:		69.99 time, 70.02 real, 28 MB
[runlim] end:			Thu Feb 27 09:01:58 2020
[runlim] status:		ok
[runlim] result:		0
[runlim] children:		1
[runlim] real:			76.77 seconds
[runlim] time:			76.69 seconds
[runlim] space:			28 MB
[runlim] samples:		767
