[runlim] version:		1.18
[runlim] host:			c3n21
[runlim] time limit:		2700 seconds
[runlim] real time limit:	2700 seconds
[runlim] space limit:		7000 MB
[runlim] argv[0]:		./binary
[runlim] argv[1]:		/data/cnf/ankit/RSet1/s1196_1_5.dqbf
[runlim] start:			Thu Feb 27 09:00:42 2020
[runlim] child:			11173
[runlim] sample:		10.00 time, 10.02 real, 49 MB
[runlim] sample:		20.01 time, 20.02 real, 66 MB
[runlim] sample:		30.00 time, 30.02 real, 66 MB
[runlim] sample:		40.00 time, 40.02 real, 66 MB
[runlim] sample:		50.01 time, 50.02 real, 100 MB
[runlim] sample:		60.00 time, 60.02 real, 107 MB
[runlim] sample:		70.00 time, 70.02 real, 109 MB
[runlim] sample:		80.01 time, 80.02 real, 102 MB
[runlim] sample:		89.99 time, 90.02 real, 97 MB
[runlim] sample:		99.97 time, 100.02 real, 111 MB
[runlim] sample:		109.96 time, 110.02 real, 104 MB
[runlim] sample:		119.93 time, 120.02 real, 120 MB
[runlim] sample:		129.91 time, 130.02 real, 97 MB
[runlim] sample:		139.89 time, 140.02 real, 110 MB
[runlim] sample:		149.86 time, 150.02 real, 123 MB
[runlim] sample:		159.85 time, 160.02 real, 126 MB
[runlim] sample:		169.83 time, 170.02 real, 96 MB
[runlim] sample:		179.80 time, 180.02 real, 130 MB
[runlim] sample:		189.78 time, 190.02 real, 118 MB
[runlim] sample:		199.76 time, 200.02 real, 104 MB
[runlim] sample:		209.74 time, 210.02 real, 104 MB
[runlim] sample:		219.71 time, 220.02 real, 102 MB
[runlim] sample:		229.69 time, 230.02 real, 96 MB
[runlim] sample:		239.67 time, 240.02 real, 135 MB
[runlim] sample:		249.65 time, 250.02 real, 134 MB
[runlim] sample:		259.63 time, 260.02 real, 133 MB
[runlim] sample:		269.61 time, 270.02 real, 130 MB
[runlim] sample:		279.57 time, 280.02 real, 127 MB
[runlim] sample:		289.57 time, 290.02 real, 127 MB
[runlim] sample:		299.57 time, 300.02 real, 122 MB
[runlim] sample:		309.57 time, 310.02 real, 116 MB
[runlim] sample:		319.57 time, 320.02 real, 106 MB
[runlim] sample:		329.56 time, 330.02 real, 145 MB
[runlim] sample:		339.56 time, 340.02 real, 136 MB
[runlim] sample:		349.57 time, 350.02 real, 122 MB
[runlim] sample:		359.57 time, 360.02 real, 108 MB
[runlim] sample:		369.56 time, 370.02 real, 144 MB
[runlim] sample:		379.56 time, 380.02 real, 130 MB
[runlim] sample:		389.57 time, 390.02 real, 117 MB
[runlim] sample:		399.56 time, 400.02 real, 149 MB
[runlim] sample:		409.56 time, 410.02 real, 133 MB
[runlim] sample:		419.56 time, 420.02 real, 115 MB
[runlim] sample:		429.56 time, 430.02 real, 151 MB
[runlim] sample:		439.56 time, 440.02 real, 138 MB
[runlim] sample:		449.56 time, 450.02 real, 121 MB
[runlim] sample:		459.56 time, 460.02 real, 148 MB
[runlim] sample:		469.56 time, 470.02 real, 119 MB
[runlim] sample:		479.56 time, 480.02 real, 139 MB
[runlim] sample:		489.55 time, 490.02 real, 156 MB
[runlim] sample:		499.56 time, 500.02 real, 111 MB
[runlim] sample:		509.56 time, 510.02 real, 131 MB
[runlim] sample:		519.55 time, 520.02 real, 155 MB
[runlim] sample:		529.55 time, 530.02 real, 125 MB
[runlim] sample:		539.55 time, 540.02 real, 150 MB
[runlim] sample:		549.55 time, 550.02 real, 116 MB
[runlim] sample:		559.55 time, 560.02 real, 124 MB
[runlim] sample:		569.55 time, 570.02 real, 144 MB
[runlim] sample:		579.55 time, 580.02 real, 110 MB
[runlim] sample:		589.54 time, 590.02 real, 123 MB
[runlim] sample:		599.52 time, 600.02 real, 144 MB
[runlim] sample:		609.50 time, 610.02 real, 161 MB
[runlim] sample:		619.48 time, 620.02 real, 120 MB
[runlim] sample:		629.46 time, 630.02 real, 142 MB
[runlim] sample:		639.45 time, 640.02 real, 162 MB
[runlim] sample:		649.43 time, 650.02 real, 137 MB
[runlim] sample:		659.40 time, 660.02 real, 161 MB
[runlim] sample:		669.39 time, 670.02 real, 128 MB
[runlim] sample:		679.37 time, 680.02 real, 157 MB
[runlim] sample:		689.35 time, 690.02 real, 129 MB
[runlim] sample:		699.33 time, 700.02 real, 157 MB
[runlim] sample:		709.31 time, 710.02 real, 122 MB
[runlim] sample:		719.29 time, 720.02 real, 152 MB
[runlim] sample:		729.27 time, 730.02 real, 173 MB
[runlim] sample:		739.25 time, 740.02 real, 138 MB
[runlim] sample:		749.24 time, 750.02 real, 163 MB
[runlim] sample:		759.21 time, 760.02 real, 132 MB
[runlim] sample:		769.20 time, 770.02 real, 157 MB
[runlim] sample:		779.18 time, 780.02 real, 117 MB
[runlim] sample:		789.16 time, 790.02 real, 132 MB
[runlim] sample:		799.14 time, 800.02 real, 153 MB
[runlim] sample:		809.12 time, 810.02 real, 164 MB
[runlim] sample:		819.10 time, 820.02 real, 119 MB
[runlim] sample:		829.08 time, 830.02 real, 135 MB
[runlim] sample:		839.06 time, 840.02 real, 160 MB
[runlim] sample:		849.04 time, 850.02 real, 178 MB
[runlim] sample:		859.02 time, 860.02 real, 138 MB
[runlim] sample:		869.00 time, 870.02 real, 155 MB
[runlim] sample:		878.98 time, 880.02 real, 172 MB
[runlim] sample:		888.97 time, 890.02 real, 119 MB
[runlim] sample:		898.94 time, 900.02 real, 146 MB
[runlim] sample:		908.92 time, 910.02 real, 168 MB
[runlim] sample:		918.90 time, 920.02 real, 118 MB
[runlim] sample:		928.89 time, 930.02 real, 136 MB
[runlim] sample:		938.87 time, 940.02 real, 151 MB
[runlim] sample:		948.84 time, 950.02 real, 171 MB
[runlim] sample:		958.82 time, 960.02 real, 116 MB
[runlim] sample:		968.80 time, 970.02 real, 133 MB
[runlim] sample:		978.78 time, 980.02 real, 152 MB
[runlim] sample:		988.77 time, 990.02 real, 173 MB
[runlim] sample:		998.74 time, 1000.02 real, 129 MB
[runlim] sample:		1008.73 time, 1010.02 real, 149 MB
[runlim] sample:		1018.71 time, 1020.02 real, 166 MB
[runlim] sample:		1028.69 time, 1030.02 real, 178 MB
[runlim] sample:		1038.67 time, 1040.02 real, 131 MB
[runlim] sample:		1048.65 time, 1050.02 real, 147 MB
[runlim] sample:		1058.63 time, 1060.02 real, 161 MB
[runlim] sample:		1068.62 time, 1070.02 real, 171 MB
[runlim] sample:		1078.60 time, 1080.02 real, 180 MB
[runlim] sample:		1088.58 time, 1090.02 real, 187 MB
[runlim] sample:		1098.56 time, 1100.02 real, 143 MB
[runlim] sample:		1108.54 time, 1110.02 real, 158 MB
[runlim] sample:		1118.53 time, 1120.02 real, 169 MB
[runlim] sample:		1128.51 time, 1130.02 real, 177 MB
[runlim] sample:		1138.48 time, 1140.02 real, 185 MB
[runlim] sample:		1148.46 time, 1150.02 real, 132 MB
[runlim] sample:		1158.45 time, 1160.02 real, 151 MB
[runlim] sample:		1168.43 time, 1170.02 real, 168 MB
[runlim] sample:		1178.41 time, 1180.02 real, 182 MB
[runlim] sample:		1188.39 time, 1190.02 real, 125 MB
[runlim] sample:		1198.37 time, 1200.02 real, 149 MB
[runlim] sample:		1208.35 time, 1210.02 real, 169 MB
[runlim] sample:		1218.33 time, 1220.02 real, 184 MB
[runlim] sample:		1228.31 time, 1230.02 real, 134 MB
[runlim] sample:		1238.29 time, 1240.02 real, 155 MB
[runlim] sample:		1248.28 time, 1250.02 real, 179 MB
[runlim] sample:		1258.25 time, 1260.02 real, 132 MB
[runlim] sample:		1268.24 time, 1270.02 real, 159 MB
[runlim] sample:		1278.22 time, 1280.02 real, 181 MB
[runlim] sample:		1288.19 time, 1290.02 real, 132 MB
[runlim] sample:		1298.18 time, 1300.02 real, 157 MB
[runlim] sample:		1308.16 time, 1310.02 real, 179 MB
[runlim] sample:		1318.13 time, 1320.02 real, 129 MB
[runlim] sample:		1328.12 time, 1330.02 real, 155 MB
[runlim] sample:		1338.10 time, 1340.02 real, 176 MB
[runlim] sample:		1348.08 time, 1350.02 real, 192 MB
[runlim] sample:		1358.06 time, 1360.02 real, 146 MB
[runlim] sample:		1368.03 time, 1370.02 real, 166 MB
[runlim] sample:		1378.02 time, 1380.02 real, 185 MB
[runlim] sample:		1388.00 time, 1390.02 real, 126 MB
[runlim] sample:		1397.98 time, 1400.02 real, 146 MB
[runlim] sample:		1407.96 time, 1410.02 real, 165 MB
[runlim] sample:		1417.94 time, 1420.02 real, 186 MB
[runlim] sample:		1427.92 time, 1430.02 real, 132 MB
[runlim] sample:		1437.90 time, 1440.02 real, 156 MB
[runlim] sample:		1447.88 time, 1450.02 real, 176 MB
[runlim] sample:		1457.86 time, 1460.02 real, 193 MB
[runlim] sample:		1467.84 time, 1470.02 real, 144 MB
[runlim] sample:		1477.83 time, 1480.02 real, 166 MB
[runlim] sample:		1487.81 time, 1490.02 real, 186 MB
[runlim] sample:		1497.79 time, 1500.02 real, 132 MB
[runlim] sample:		1507.77 time, 1510.02 real, 156 MB
[runlim] sample:		1517.75 time, 1520.02 real, 176 MB
[runlim] sample:		1527.72 time, 1530.02 real, 195 MB
[runlim] sample:		1537.71 time, 1540.02 real, 133 MB
[runlim] sample:		1547.69 time, 1550.02 real, 142 MB
[runlim] sample:		1557.67 time, 1560.02 real, 151 MB
[runlim] sample:		1567.65 time, 1570.02 real, 169 MB
[runlim] sample:		1577.63 time, 1580.02 real, 186 MB
[runlim] sample:		1587.61 time, 1590.02 real, 203 MB
[runlim] sample:		1597.59 time, 1600.02 real, 142 MB
[runlim] sample:		1607.57 time, 1610.02 real, 153 MB
[runlim] sample:		1617.55 time, 1620.02 real, 163 MB
[runlim] sample:		1627.54 time, 1630.02 real, 170 MB
[runlim] sample:		1637.52 time, 1640.02 real, 181 MB
[runlim] sample:		1647.49 time, 1650.02 real, 193 MB
[runlim] sample:		1657.47 time, 1660.02 real, 244 MB
[runlim] sample:		1667.45 time, 1670.02 real, 151 MB
[runlim] sample:		1677.43 time, 1680.02 real, 170 MB
[runlim] sample:		1687.42 time, 1690.02 real, 185 MB
[runlim] sample:		1697.39 time, 1700.02 real, 200 MB
[runlim] sample:		1707.37 time, 1710.02 real, 138 MB
[runlim] sample:		1717.35 time, 1720.02 real, 160 MB
[runlim] sample:		1727.34 time, 1730.02 real, 181 MB
[runlim] sample:		1737.32 time, 1740.02 real, 196 MB
[runlim] sample:		1747.30 time, 1750.02 real, 118 MB
[runlim] sample:		1757.28 time, 1760.02 real, 141 MB
[runlim] sample:		1767.26 time, 1770.02 real, 162 MB
[runlim] sample:		1777.24 time, 1780.02 real, 181 MB
[runlim] sample:		1787.23 time, 1790.02 real, 198 MB
[runlim] sample:		1797.21 time, 1800.02 real, 131 MB
[runlim] sample:		1807.18 time, 1810.02 real, 149 MB
[runlim] sample:		1817.17 time, 1820.02 real, 156 MB
[runlim] sample:		1827.15 time, 1830.02 real, 171 MB
[runlim] sample:		1837.13 time, 1840.02 real, 182 MB
[runlim] sample:		1847.11 time, 1850.02 real, 191 MB
[runlim] sample:		1857.09 time, 1860.02 real, 210 MB
[runlim] sample:		1867.07 time, 1870.02 real, 147 MB
[runlim] sample:		1877.06 time, 1880.02 real, 168 MB
[runlim] sample:		1887.03 time, 1890.02 real, 187 MB
[runlim] sample:		1897.02 time, 1900.02 real, 204 MB
[runlim] sample:		1906.99 time, 1910.02 real, 138 MB
[runlim] sample:		1916.98 time, 1920.02 real, 155 MB
[runlim] sample:		1926.96 time, 1930.02 real, 166 MB
[runlim] sample:		1936.94 time, 1940.02 real, 175 MB
[runlim] sample:		1946.92 time, 1950.02 real, 184 MB
[runlim] sample:		1956.90 time, 1960.02 real, 197 MB
[runlim] sample:		1966.88 time, 1970.02 real, 132 MB
[runlim] sample:		1976.87 time, 1980.02 real, 150 MB
[runlim] sample:		1986.84 time, 1990.02 real, 170 MB
[runlim] sample:		1996.82 time, 2000.02 real, 185 MB
[runlim] sample:		2006.81 time, 2010.02 real, 202 MB
[runlim] sample:		2016.79 time, 2020.02 real, 215 MB
[runlim] sample:		2026.76 time, 2030.02 real, 145 MB
[runlim] sample:		2036.75 time, 2040.02 real, 158 MB
[runlim] sample:		2046.73 time, 2050.02 real, 173 MB
[runlim] sample:		2056.71 time, 2060.02 real, 183 MB
[runlim] sample:		2066.70 time, 2070.02 real, 191 MB
[runlim] sample:		2076.67 time, 2080.02 real, 199 MB
[runlim] sample:		2086.66 time, 2090.02 real, 205 MB
[runlim] sample:		2096.63 time, 2100.02 real, 212 MB
[runlim] sample:		2106.62 time, 2110.02 real, 217 MB
[runlim] sample:		2116.60 time, 2120.02 real, 150 MB
[runlim] sample:		2126.58 time, 2130.02 real, 163 MB
[runlim] sample:		2136.56 time, 2140.02 real, 179 MB
[runlim] sample:		2146.54 time, 2150.02 real, 191 MB
[runlim] sample:		2156.53 time, 2160.02 real, 200 MB
[runlim] sample:		2166.51 time, 2170.02 real, 208 MB
[runlim] sample:		2176.49 time, 2180.02 real, 215 MB
[runlim] sample:		2186.47 time, 2190.02 real, 141 MB
[runlim] sample:		2196.45 time, 2200.02 real, 153 MB
[runlim] sample:		2206.43 time, 2210.02 real, 162 MB
[runlim] sample:		2216.41 time, 2220.02 real, 170 MB
[runlim] sample:		2226.40 time, 2230.02 real, 177 MB
[runlim] sample:		2236.38 time, 2240.02 real, 186 MB
[runlim] sample:		2246.36 time, 2250.02 real, 196 MB
[runlim] sample:		2256.34 time, 2260.02 real, 205 MB
[runlim] sample:		2266.33 time, 2270.02 real, 212 MB
[runlim] sample:		2276.31 time, 2280.02 real, 219 MB
[runlim] sample:		2286.29 time, 2290.02 real, 151 MB
[runlim] sample:		2296.28 time, 2300.02 real, 163 MB
[runlim] sample:		2306.25 time, 2310.02 real, 171 MB
[runlim] sample:		2316.23 time, 2320.02 real, 179 MB
[runlim] sample:		2326.22 time, 2330.02 real, 186 MB
[runlim] sample:		2336.20 time, 2340.02 real, 193 MB
[runlim] sample:		2346.18 time, 2350.02 real, 198 MB
[runlim] sample:		2356.16 time, 2360.02 real, 204 MB
[runlim] sample:		2366.15 time, 2370.02 real, 216 MB
[runlim] sample:		2376.13 time, 2380.02 real, 148 MB
[runlim] sample:		2386.11 time, 2390.02 real, 158 MB
[runlim] sample:		2396.09 time, 2400.02 real, 166 MB
[runlim] sample:		2406.07 time, 2410.02 real, 174 MB
[runlim] sample:		2416.05 time, 2420.02 real, 180 MB
[runlim] sample:		2426.03 time, 2430.02 real, 189 MB
[runlim] sample:		2436.01 time, 2440.02 real, 206 MB
[runlim] sample:		2445.99 time, 2450.02 real, 142 MB
[runlim] sample:		2455.97 time, 2460.02 real, 164 MB
[runlim] sample:		2465.94 time, 2470.02 real, 183 MB
[runlim] sample:		2475.93 time, 2480.02 real, 198 MB
[runlim] sample:		2485.90 time, 2490.02 real, 208 MB
[runlim] sample:		2495.89 time, 2500.02 real, 222 MB
[runlim] sample:		2505.87 time, 2510.02 real, 155 MB
[runlim] sample:		2515.85 time, 2520.02 real, 172 MB
[runlim] sample:		2525.83 time, 2530.02 real, 191 MB
[runlim] sample:		2535.81 time, 2540.02 real, 206 MB
[runlim] sample:		2545.79 time, 2550.02 real, 222 MB
[runlim] sample:		2555.77 time, 2560.02 real, 155 MB
[runlim] sample:		2565.76 time, 2570.02 real, 171 MB
[runlim] sample:		2575.74 time, 2580.02 real, 186 MB
[runlim] sample:		2585.72 time, 2590.02 real, 200 MB
[runlim] sample:		2595.70 time, 2600.02 real, 214 MB
[runlim] sample:		2605.69 time, 2610.02 real, 224 MB
[runlim] sample:		2615.66 time, 2620.02 real, 156 MB
[runlim] sample:		2625.64 time, 2630.02 real, 171 MB
[runlim] sample:		2635.63 time, 2640.02 real, 185 MB
[runlim] sample:		2645.61 time, 2650.02 real, 199 MB
[runlim] sample:		2655.59 time, 2660.02 real, 210 MB
[runlim] sample:		2665.57 time, 2670.02 real, 222 MB
[runlim] sample:		2675.55 time, 2680.02 real, 137 MB
[runlim] sample:		2685.54 time, 2690.02 real, 155 MB
[runlim] sample:		2695.52 time, 2700.02 real, 176 MB
[runlim] end:			Thu Feb 27 09:45:42 2020
[runlim] status:		out of time
[runlim] result:		2
[runlim] children:		1
[runlim] real:			2700.11 seconds
[runlim] time:			2695.52 seconds
[runlim] space:			285 MB
[runlim] samples:		27000
