[runlim] version:		1.18
[runlim] host:			c3n25
[runlim] time limit:		2700 seconds
[runlim] real time limit:	2700 seconds
[runlim] space limit:		7000 MB
[runlim] argv[0]:		./binary
[runlim] argv[1]:		/data/cnf/ankit/RSet1/stmt9_445_446.dqbf
[runlim] start:			Thu Feb 27 09:00:42 2020
[runlim] child:			9200
[runlim] sample:		10.00 time, 10.02 real, 19 MB
[runlim] sample:		20.01 time, 20.02 real, 24 MB
[runlim] sample:		30.01 time, 30.02 real, 24 MB
[runlim] sample:		40.00 time, 40.02 real, 26 MB
[runlim] sample:		50.00 time, 50.02 real, 44 MB
[runlim] sample:		60.00 time, 60.02 real, 45 MB
[runlim] sample:		70.00 time, 70.02 real, 47 MB
[runlim] sample:		80.00 time, 80.02 real, 48 MB
[runlim] sample:		90.00 time, 90.02 real, 49 MB
[runlim] sample:		100.00 time, 100.02 real, 50 MB
[runlim] sample:		110.00 time, 110.02 real, 52 MB
[runlim] sample:		120.00 time, 120.02 real, 52 MB
[runlim] sample:		130.00 time, 130.02 real, 53 MB
[runlim] sample:		140.00 time, 140.02 real, 54 MB
[runlim] sample:		150.00 time, 150.02 real, 54 MB
[runlim] sample:		160.00 time, 160.02 real, 54 MB
[runlim] sample:		170.00 time, 170.02 real, 54 MB
[runlim] sample:		180.00 time, 180.02 real, 54 MB
[runlim] sample:		190.00 time, 190.02 real, 54 MB
[runlim] sample:		200.01 time, 200.02 real, 84 MB
[runlim] sample:		210.01 time, 210.02 real, 54 MB
[runlim] sample:		220.01 time, 220.02 real, 54 MB
[runlim] sample:		230.00 time, 230.02 real, 54 MB
[runlim] sample:		240.01 time, 240.02 real, 54 MB
[runlim] sample:		250.01 time, 250.02 real, 54 MB
[runlim] sample:		260.00 time, 260.02 real, 54 MB
[runlim] sample:		270.00 time, 270.02 real, 54 MB
[runlim] sample:		279.99 time, 280.02 real, 85 MB
[runlim] sample:		289.95 time, 290.02 real, 54 MB
[runlim] sample:		299.93 time, 300.02 real, 54 MB
[runlim] sample:		309.90 time, 310.02 real, 54 MB
[runlim] sample:		319.86 time, 320.02 real, 89 MB
[runlim] sample:		329.84 time, 330.02 real, 95 MB
[runlim] sample:		339.81 time, 340.02 real, 54 MB
[runlim] sample:		349.78 time, 350.02 real, 54 MB
[runlim] sample:		359.75 time, 360.02 real, 54 MB
[runlim] sample:		369.72 time, 370.02 real, 54 MB
[runlim] sample:		379.68 time, 380.02 real, 86 MB
[runlim] sample:		389.66 time, 390.02 real, 88 MB
[runlim] sample:		399.62 time, 400.02 real, 89 MB
[runlim] sample:		409.59 time, 410.02 real, 90 MB
[runlim] sample:		419.56 time, 420.02 real, 91 MB
[runlim] sample:		429.52 time, 430.02 real, 91 MB
[runlim] sample:		439.50 time, 440.02 real, 91 MB
[runlim] sample:		449.46 time, 450.02 real, 91 MB
[runlim] sample:		459.43 time, 460.02 real, 90 MB
[runlim] sample:		469.41 time, 470.02 real, 88 MB
[runlim] sample:		479.37 time, 480.02 real, 86 MB
[runlim] sample:		489.34 time, 490.02 real, 54 MB
[runlim] sample:		499.31 time, 500.02 real, 54 MB
[runlim] sample:		509.28 time, 510.02 real, 54 MB
[runlim] sample:		519.24 time, 520.02 real, 54 MB
[runlim] sample:		529.21 time, 530.02 real, 102 MB
[runlim] sample:		539.18 time, 540.02 real, 97 MB
[runlim] sample:		549.15 time, 550.02 real, 92 MB
[runlim] sample:		559.12 time, 560.02 real, 86 MB
[runlim] sample:		569.08 time, 570.02 real, 54 MB
[runlim] sample:		579.05 time, 580.02 real, 54 MB
[runlim] sample:		589.02 time, 590.02 real, 103 MB
[runlim] sample:		598.99 time, 600.02 real, 97 MB
[runlim] sample:		608.96 time, 610.02 real, 89 MB
[runlim] sample:		618.93 time, 620.02 real, 54 MB
[runlim] sample:		628.90 time, 630.02 real, 54 MB
[runlim] sample:		638.86 time, 640.02 real, 103 MB
[runlim] sample:		648.83 time, 650.02 real, 94 MB
[runlim] sample:		658.80 time, 660.02 real, 54 MB
[runlim] sample:		668.76 time, 670.02 real, 54 MB
[runlim] sample:		678.74 time, 680.02 real, 101 MB
[runlim] sample:		688.70 time, 690.02 real, 90 MB
[runlim] sample:		698.67 time, 700.02 real, 54 MB
[runlim] sample:		708.64 time, 710.02 real, 54 MB
[runlim] sample:		718.61 time, 720.02 real, 97 MB
[runlim] sample:		728.58 time, 730.02 real, 54 MB
[runlim] sample:		738.54 time, 740.02 real, 54 MB
[runlim] sample:		748.51 time, 750.02 real, 98 MB
[runlim] sample:		758.48 time, 760.02 real, 84 MB
[runlim] sample:		768.47 time, 770.02 real, 54 MB
[runlim] sample:		778.47 time, 780.02 real, 101 MB
[runlim] sample:		788.47 time, 790.02 real, 87 MB
[runlim] sample:		798.47 time, 800.02 real, 54 MB
[runlim] sample:		808.47 time, 810.02 real, 102 MB
[runlim] sample:		818.47 time, 820.02 real, 87 MB
[runlim] sample:		828.47 time, 830.02 real, 54 MB
[runlim] sample:		838.47 time, 840.02 real, 101 MB
[runlim] sample:		848.47 time, 850.02 real, 85 MB
[runlim] sample:		858.47 time, 860.02 real, 54 MB
[runlim] sample:		868.47 time, 870.02 real, 99 MB
[runlim] sample:		878.47 time, 880.02 real, 54 MB
[runlim] sample:		888.47 time, 890.02 real, 110 MB
[runlim] sample:		898.47 time, 900.02 real, 95 MB
[runlim] sample:		908.47 time, 910.02 real, 54 MB
[runlim] sample:		918.47 time, 920.02 real, 105 MB
[runlim] sample:		928.47 time, 930.02 real, 87 MB
[runlim] sample:		938.47 time, 940.02 real, 54 MB
[runlim] sample:		948.47 time, 950.02 real, 98 MB
[runlim] sample:		958.47 time, 960.02 real, 54 MB
[runlim] sample:		968.47 time, 970.02 real, 106 MB
[runlim] sample:		978.47 time, 980.02 real, 87 MB
[runlim] sample:		988.47 time, 990.02 real, 113 MB
[runlim] sample:		998.47 time, 1000.02 real, 96 MB
[runlim] sample:		1008.47 time, 1010.02 real, 54 MB
[runlim] sample:		1018.46 time, 1020.02 real, 102 MB
[runlim] sample:		1028.47 time, 1030.02 real, 54 MB
[runlim] sample:		1038.47 time, 1040.02 real, 107 MB
[runlim] sample:		1048.46 time, 1050.02 real, 84 MB
[runlim] sample:		1058.47 time, 1060.02 real, 111 MB
[runlim] sample:		1068.47 time, 1070.02 real, 89 MB
[runlim] sample:		1078.47 time, 1080.02 real, 114 MB
[runlim] sample:		1088.47 time, 1090.02 real, 94 MB
[runlim] sample:		1098.47 time, 1100.02 real, 54 MB
[runlim] sample:		1108.47 time, 1110.02 real, 97 MB
[runlim] sample:		1118.47 time, 1120.02 real, 54 MB
[runlim] sample:		1128.47 time, 1130.02 real, 101 MB
[runlim] sample:		1138.46 time, 1140.02 real, 54 MB
[runlim] sample:		1148.47 time, 1150.02 real, 105 MB
[runlim] sample:		1158.47 time, 1160.02 real, 54 MB
[runlim] sample:		1168.46 time, 1170.02 real, 107 MB
[runlim] sample:		1178.47 time, 1180.02 real, 54 MB
[runlim] sample:		1188.47 time, 1190.02 real, 110 MB
[runlim] sample:		1198.47 time, 1200.02 real, 84 MB
[runlim] sample:		1208.47 time, 1210.02 real, 111 MB
[runlim] sample:		1218.47 time, 1220.02 real, 85 MB
[runlim] sample:		1228.47 time, 1230.02 real, 112 MB
[runlim] sample:		1238.46 time, 1240.02 real, 85 MB
[runlim] sample:		1248.47 time, 1250.02 real, 112 MB
[runlim] sample:		1258.47 time, 1260.02 real, 85 MB
[runlim] sample:		1268.46 time, 1270.02 real, 112 MB
[runlim] sample:		1278.47 time, 1280.02 real, 85 MB
[runlim] sample:		1288.47 time, 1290.02 real, 110 MB
[runlim] sample:		1298.47 time, 1300.02 real, 54 MB
[runlim] sample:		1308.47 time, 1310.02 real, 109 MB
[runlim] sample:		1318.47 time, 1320.02 real, 54 MB
[runlim] sample:		1328.47 time, 1330.02 real, 107 MB
[runlim] sample:		1338.47 time, 1340.02 real, 54 MB
[runlim] sample:		1348.47 time, 1350.02 real, 105 MB
[runlim] sample:		1358.46 time, 1360.02 real, 54 MB
[runlim] sample:		1368.43 time, 1370.02 real, 103 MB
[runlim] sample:		1378.40 time, 1380.02 real, 54 MB
[runlim] sample:		1388.36 time, 1390.02 real, 97 MB
[runlim] sample:		1398.34 time, 1400.02 real, 119 MB
[runlim] sample:		1408.30 time, 1410.02 real, 90 MB
[runlim] sample:		1418.26 time, 1420.02 real, 114 MB
[runlim] sample:		1428.23 time, 1430.02 real, 54 MB
[runlim] sample:		1438.21 time, 1440.02 real, 109 MB
[runlim] sample:		1448.17 time, 1450.02 real, 54 MB
[runlim] sample:		1458.14 time, 1460.02 real, 102 MB
[runlim] sample:		1468.10 time, 1470.02 real, 122 MB
[runlim] sample:		1478.07 time, 1480.02 real, 93 MB
[runlim] sample:		1488.04 time, 1490.02 real, 116 MB
[runlim] sample:		1498.00 time, 1500.02 real, 84 MB
[runlim] sample:		1507.97 time, 1510.02 real, 109 MB
[runlim] sample:		1517.93 time, 1520.02 real, 54 MB
[runlim] sample:		1527.90 time, 1530.02 real, 100 MB
[runlim] sample:		1537.87 time, 1540.02 real, 121 MB
[runlim] sample:		1547.83 time, 1550.02 real, 90 MB
[runlim] sample:		1557.80 time, 1560.02 real, 113 MB
[runlim] sample:		1567.77 time, 1570.02 real, 54 MB
[runlim] sample:		1577.73 time, 1580.02 real, 103 MB
[runlim] sample:		1587.70 time, 1590.02 real, 123 MB
[runlim] sample:		1597.67 time, 1600.02 real, 92 MB
[runlim] sample:		1607.63 time, 1610.02 real, 115 MB
[runlim] sample:		1617.60 time, 1620.02 real, 54 MB
[runlim] sample:		1627.58 time, 1630.02 real, 106 MB
[runlim] sample:		1637.54 time, 1640.02 real, 54 MB
[runlim] sample:		1647.51 time, 1650.02 real, 95 MB
[runlim] sample:		1657.47 time, 1660.02 real, 118 MB
[runlim] sample:		1667.44 time, 1670.02 real, 54 MB
[runlim] sample:		1677.41 time, 1680.02 real, 107 MB
[runlim] sample:		1687.38 time, 1690.02 real, 54 MB
[runlim] sample:		1697.35 time, 1700.02 real, 94 MB
[runlim] sample:		1707.31 time, 1710.02 real, 117 MB
[runlim] sample:		1717.28 time, 1720.02 real, 54 MB
[runlim] sample:		1727.25 time, 1730.02 real, 105 MB
[runlim] sample:		1737.22 time, 1740.02 real, 124 MB
[runlim] sample:		1747.18 time, 1750.02 real, 89 MB
[runlim] sample:		1757.15 time, 1760.02 real, 113 MB
[runlim] sample:		1767.12 time, 1770.02 real, 54 MB
[runlim] sample:		1777.09 time, 1780.02 real, 100 MB
[runlim] sample:		1787.06 time, 1790.02 real, 121 MB
[runlim] sample:		1797.02 time, 1800.02 real, 84 MB
[runlim] sample:		1806.99 time, 1810.02 real, 109 MB
[runlim] sample:		1816.96 time, 1820.02 real, 128 MB
[runlim] sample:		1826.93 time, 1830.02 real, 93 MB
[runlim] sample:		1836.90 time, 1840.02 real, 115 MB
[runlim] sample:		1846.86 time, 1850.02 real, 54 MB
[runlim] sample:		1856.83 time, 1860.02 real, 98 MB
[runlim] sample:		1866.80 time, 1870.02 real, 120 MB
[runlim] sample:		1876.77 time, 1880.02 real, 54 MB
[runlim] sample:		1886.73 time, 1890.02 real, 104 MB
[runlim] sample:		1896.70 time, 1900.02 real, 123 MB
[runlim] sample:		1906.67 time, 1910.02 real, 84 MB
[runlim] sample:		1916.64 time, 1920.02 real, 109 MB
[runlim] sample:		1926.60 time, 1930.02 real, 127 MB
[runlim] sample:		1936.57 time, 1940.02 real, 89 MB
[runlim] sample:		1946.54 time, 1950.02 real, 112 MB
[runlim] sample:		1956.51 time, 1960.02 real, 130 MB
[runlim] sample:		1966.48 time, 1970.02 real, 92 MB
[runlim] sample:		1976.44 time, 1980.02 real, 114 MB
[runlim] sample:		1986.42 time, 1990.02 real, 54 MB
[runlim] sample:		1996.38 time, 2000.02 real, 94 MB
[runlim] sample:		2006.34 time, 2010.02 real, 115 MB
[runlim] sample:		2016.31 time, 2020.02 real, 54 MB
[runlim] sample:		2026.28 time, 2030.02 real, 96 MB
[runlim] sample:		2036.24 time, 2040.02 real, 118 MB
[runlim] sample:		2046.21 time, 2050.02 real, 54 MB
[runlim] sample:		2056.18 time, 2060.02 real, 97 MB
[runlim] sample:		2066.15 time, 2070.02 real, 118 MB
[runlim] sample:		2076.12 time, 2080.02 real, 54 MB
[runlim] sample:		2086.08 time, 2090.02 real, 97 MB
[runlim] sample:		2096.05 time, 2100.02 real, 118 MB
[runlim] sample:		2106.02 time, 2110.02 real, 54 MB
[runlim] sample:		2115.98 time, 2120.02 real, 98 MB
[runlim] sample:		2125.95 time, 2130.02 real, 118 MB
[runlim] sample:		2135.92 time, 2140.02 real, 54 MB
[runlim] sample:		2145.88 time, 2150.02 real, 96 MB
[runlim] sample:		2155.85 time, 2160.02 real, 115 MB
[runlim] sample:		2165.81 time, 2170.02 real, 132 MB
[runlim] sample:		2175.78 time, 2180.02 real, 90 MB
[runlim] sample:		2185.75 time, 2190.02 real, 112 MB
[runlim] sample:		2195.71 time, 2200.02 real, 130 MB
[runlim] sample:		2205.68 time, 2210.02 real, 87 MB
[runlim] sample:		2215.65 time, 2220.02 real, 110 MB
[runlim] sample:		2225.62 time, 2230.02 real, 128 MB
[runlim] sample:		2235.59 time, 2240.02 real, 85 MB
[runlim] sample:		2245.55 time, 2250.02 real, 108 MB
[runlim] sample:		2255.52 time, 2260.02 real, 126 MB
[runlim] sample:		2265.49 time, 2270.02 real, 54 MB
[runlim] sample:		2275.46 time, 2280.02 real, 106 MB
[runlim] sample:		2285.42 time, 2290.02 real, 126 MB
[runlim] sample:		2295.39 time, 2300.02 real, 54 MB
[runlim] sample:		2305.36 time, 2310.02 real, 104 MB
[runlim] sample:		2315.33 time, 2320.02 real, 123 MB
[runlim] sample:		2325.30 time, 2330.02 real, 54 MB
[runlim] sample:		2335.26 time, 2340.02 real, 102 MB
[runlim] sample:		2345.23 time, 2350.02 real, 121 MB
[runlim] sample:		2355.20 time, 2360.02 real, 54 MB
[runlim] sample:		2365.16 time, 2370.02 real, 95 MB
[runlim] sample:		2375.13 time, 2380.02 real, 116 MB
[runlim] sample:		2385.09 time, 2390.02 real, 133 MB
[runlim] sample:		2395.06 time, 2400.02 real, 88 MB
[runlim] sample:		2405.03 time, 2410.02 real, 110 MB
[runlim] sample:		2414.99 time, 2420.02 real, 128 MB
[runlim] sample:		2424.97 time, 2430.02 real, 54 MB
[runlim] sample:		2434.93 time, 2440.02 real, 105 MB
[runlim] sample:		2444.90 time, 2450.02 real, 123 MB
[runlim] sample:		2454.87 time, 2460.02 real, 54 MB
[runlim] sample:		2464.84 time, 2470.02 real, 97 MB
[runlim] sample:		2474.80 time, 2480.02 real, 117 MB
[runlim] sample:		2484.77 time, 2490.02 real, 133 MB
[runlim] sample:		2494.73 time, 2500.02 real, 86 MB
[runlim] sample:		2504.69 time, 2510.02 real, 108 MB
[runlim] sample:		2514.67 time, 2520.02 real, 126 MB
[runlim] sample:		2524.63 time, 2530.02 real, 54 MB
[runlim] sample:		2534.60 time, 2540.02 real, 99 MB
[runlim] sample:		2544.57 time, 2550.02 real, 119 MB
[runlim] sample:		2554.53 time, 2560.02 real, 136 MB
[runlim] sample:		2564.50 time, 2570.02 real, 89 MB
[runlim] sample:		2574.47 time, 2580.02 real, 112 MB
[runlim] sample:		2584.43 time, 2590.02 real, 130 MB
[runlim] sample:		2594.40 time, 2600.02 real, 54 MB
[runlim] sample:		2604.37 time, 2610.02 real, 103 MB
[runlim] sample:		2614.33 time, 2620.02 real, 123 MB
[runlim] sample:		2624.31 time, 2630.02 real, 54 MB
[runlim] sample:		2634.27 time, 2640.02 real, 95 MB
[runlim] sample:		2644.24 time, 2650.02 real, 116 MB
[runlim] sample:		2654.21 time, 2660.02 real, 134 MB
[runlim] sample:		2664.18 time, 2670.02 real, 85 MB
[runlim] sample:		2674.15 time, 2680.02 real, 109 MB
[runlim] sample:		2684.11 time, 2690.02 real, 127 MB
[runlim] sample:		2694.09 time, 2700.02 real, 54 MB
[runlim] end:			Thu Feb 27 09:45:42 2020
[runlim] status:		out of time
[runlim] result:		2
[runlim] children:		1
[runlim] real:			2700.11 seconds
[runlim] time:			2694.09 seconds
[runlim] space:			139 MB
[runlim] samples:		27000
