[runlim] version:		1.18
[runlim] host:			c3n27
[runlim] time limit:		2700 seconds
[runlim] real time limit:	2700 seconds
[runlim] space limit:		7000 MB
[runlim] argv[0]:		./binary
[runlim] argv[1]:		/data/cnf/ankit/RSet1/stmt27_296_297.dqbf
[runlim] start:			Thu Feb 27 09:00:42 2020
[runlim] child:			4293
[runlim] sample:		10.00 time, 10.02 real, 16 MB
[runlim] sample:		20.00 time, 20.02 real, 19 MB
[runlim] sample:		30.00 time, 30.02 real, 31 MB
[runlim] sample:		40.00 time, 40.02 real, 32 MB
[runlim] sample:		50.00 time, 50.02 real, 34 MB
[runlim] sample:		60.00 time, 60.02 real, 35 MB
[runlim] sample:		70.00 time, 70.02 real, 37 MB
[runlim] sample:		80.00 time, 80.02 real, 38 MB
[runlim] sample:		90.00 time, 90.02 real, 39 MB
[runlim] sample:		100.00 time, 100.02 real, 40 MB
[runlim] sample:		110.01 time, 110.02 real, 40 MB
[runlim] sample:		120.00 time, 120.02 real, 52 MB
[runlim] sample:		130.00 time, 130.02 real, 54 MB
[runlim] sample:		140.00 time, 140.02 real, 54 MB
[runlim] sample:		150.00 time, 150.02 real, 54 MB
[runlim] sample:		160.00 time, 160.02 real, 54 MB
[runlim] sample:		170.00 time, 170.02 real, 54 MB
[runlim] sample:		180.00 time, 180.02 real, 54 MB
[runlim] sample:		190.00 time, 190.02 real, 54 MB
[runlim] sample:		200.00 time, 200.02 real, 54 MB
[runlim] sample:		210.00 time, 210.02 real, 54 MB
[runlim] sample:		220.01 time, 220.02 real, 54 MB
[runlim] sample:		230.00 time, 230.02 real, 54 MB
[runlim] sample:		240.00 time, 240.02 real, 54 MB
[runlim] sample:		250.00 time, 250.02 real, 54 MB
[runlim] sample:		260.00 time, 260.02 real, 86 MB
[runlim] sample:		270.00 time, 270.02 real, 54 MB
[runlim] sample:		280.00 time, 280.02 real, 86 MB
[runlim] sample:		290.01 time, 290.02 real, 54 MB
[runlim] sample:		300.00 time, 300.02 real, 66 MB
[runlim] sample:		310.00 time, 310.02 real, 66 MB
[runlim] sample:		320.00 time, 320.02 real, 66 MB
[runlim] sample:		330.00 time, 330.02 real, 66 MB
[runlim] sample:		340.01 time, 340.02 real, 100 MB
[runlim] sample:		350.00 time, 350.02 real, 66 MB
[runlim] sample:		360.00 time, 360.02 real, 66 MB
[runlim] sample:		370.01 time, 370.02 real, 99 MB
[runlim] sample:		380.00 time, 380.02 real, 66 MB
[runlim] sample:		390.00 time, 390.02 real, 66 MB
[runlim] sample:		400.00 time, 400.02 real, 66 MB
[runlim] sample:		410.00 time, 410.02 real, 66 MB
[runlim] sample:		419.99 time, 420.02 real, 66 MB
[runlim] sample:		429.97 time, 430.02 real, 104 MB
[runlim] sample:		439.97 time, 440.02 real, 66 MB
[runlim] sample:		449.97 time, 450.02 real, 66 MB
[runlim] sample:		459.97 time, 460.02 real, 97 MB
[runlim] sample:		469.97 time, 470.02 real, 98 MB
[runlim] sample:		479.97 time, 480.02 real, 98 MB
[runlim] sample:		489.97 time, 490.02 real, 99 MB
[runlim] sample:		499.97 time, 500.02 real, 99 MB
[runlim] sample:		509.96 time, 510.02 real, 99 MB
[runlim] sample:		519.97 time, 520.02 real, 99 MB
[runlim] sample:		529.96 time, 530.02 real, 99 MB
[runlim] sample:		539.97 time, 540.02 real, 99 MB
[runlim] sample:		549.96 time, 550.02 real, 98 MB
[runlim] sample:		559.97 time, 560.02 real, 97 MB
[runlim] sample:		569.97 time, 570.02 real, 66 MB
[runlim] sample:		579.97 time, 580.02 real, 66 MB
[runlim] sample:		589.97 time, 590.02 real, 66 MB
[runlim] sample:		599.97 time, 600.02 real, 66 MB
[runlim] sample:		609.97 time, 610.02 real, 66 MB
[runlim] sample:		619.97 time, 620.02 real, 107 MB
[runlim] sample:		629.97 time, 630.02 real, 103 MB
[runlim] sample:		639.97 time, 640.02 real, 100 MB
[runlim] sample:		649.97 time, 650.02 real, 66 MB
[runlim] sample:		659.97 time, 660.02 real, 66 MB
[runlim] sample:		669.97 time, 670.02 real, 66 MB
[runlim] sample:		679.97 time, 680.02 real, 66 MB
[runlim] sample:		689.97 time, 690.02 real, 106 MB
[runlim] sample:		699.97 time, 700.02 real, 100 MB
[runlim] sample:		709.97 time, 710.02 real, 66 MB
[runlim] sample:		719.96 time, 720.02 real, 66 MB
[runlim] sample:		729.97 time, 730.02 real, 110 MB
[runlim] sample:		739.96 time, 740.02 real, 103 MB
[runlim] sample:		749.97 time, 750.02 real, 66 MB
[runlim] sample:		759.97 time, 760.02 real, 66 MB
[runlim] sample:		769.97 time, 770.02 real, 110 MB
[runlim] sample:		779.96 time, 780.02 real, 102 MB
[runlim] sample:		789.96 time, 790.02 real, 66 MB
[runlim] sample:		799.96 time, 800.02 real, 66 MB
[runlim] sample:		809.97 time, 810.02 real, 108 MB
[runlim] sample:		819.96 time, 820.02 real, 98 MB
[runlim] sample:		829.97 time, 830.02 real, 66 MB
[runlim] sample:		839.97 time, 840.02 real, 111 MB
[runlim] sample:		849.97 time, 850.02 real, 100 MB
[runlim] sample:		859.97 time, 860.02 real, 66 MB
[runlim] sample:		869.95 time, 870.02 real, 108 MB
[runlim] sample:		879.92 time, 880.02 real, 66 MB
[runlim] sample:		889.90 time, 890.02 real, 107 MB
[runlim] sample:		899.87 time, 900.02 real, 66 MB
[runlim] sample:		909.85 time, 910.02 real, 107 MB
[runlim] sample:		919.84 time, 920.02 real, 66 MB
[runlim] sample:		929.85 time, 930.02 real, 97 MB
[runlim] sample:		939.84 time, 940.02 real, 110 MB
[runlim] sample:		949.85 time, 950.02 real, 66 MB
[runlim] sample:		959.85 time, 960.02 real, 100 MB
[runlim] sample:		969.84 time, 970.02 real, 113 MB
[runlim] sample:		979.85 time, 980.02 real, 66 MB
[runlim] sample:		989.84 time, 990.02 real, 104 MB
[runlim] sample:		999.85 time, 1000.02 real, 66 MB
[runlim] sample:		1009.85 time, 1010.02 real, 66 MB
[runlim] sample:		1019.85 time, 1020.02 real, 107 MB
[runlim] sample:		1029.84 time, 1030.02 real, 66 MB
[runlim] sample:		1039.84 time, 1040.02 real, 66 MB
[runlim] sample:		1049.85 time, 1050.02 real, 109 MB
[runlim] sample:		1059.85 time, 1060.02 real, 66 MB
[runlim] sample:		1069.85 time, 1070.02 real, 99 MB
[runlim] sample:		1079.85 time, 1080.02 real, 112 MB
[runlim] sample:		1089.84 time, 1090.02 real, 66 MB
[runlim] sample:		1099.85 time, 1100.02 real, 101 MB
[runlim] sample:		1109.84 time, 1110.02 real, 114 MB
[runlim] sample:		1119.84 time, 1120.02 real, 66 MB
[runlim] sample:		1129.84 time, 1130.02 real, 103 MB
[runlim] sample:		1139.84 time, 1140.02 real, 116 MB
[runlim] sample:		1149.85 time, 1150.02 real, 66 MB
[runlim] sample:		1159.84 time, 1160.02 real, 105 MB
[runlim] sample:		1169.85 time, 1170.02 real, 117 MB
[runlim] sample:		1179.84 time, 1180.02 real, 66 MB
[runlim] sample:		1189.85 time, 1190.02 real, 105 MB
[runlim] sample:		1199.85 time, 1200.02 real, 117 MB
[runlim] sample:		1209.85 time, 1210.02 real, 66 MB
[runlim] sample:		1219.84 time, 1220.02 real, 105 MB
[runlim] sample:		1229.85 time, 1230.02 real, 118 MB
[runlim] sample:		1239.84 time, 1240.02 real, 66 MB
[runlim] sample:		1249.85 time, 1250.02 real, 106 MB
[runlim] sample:		1259.84 time, 1260.02 real, 118 MB
[runlim] sample:		1269.85 time, 1270.02 real, 66 MB
[runlim] sample:		1279.85 time, 1280.02 real, 106 MB
[runlim] sample:		1289.85 time, 1290.02 real, 118 MB
[runlim] sample:		1299.84 time, 1300.02 real, 66 MB
[runlim] sample:		1309.84 time, 1310.02 real, 107 MB
[runlim] sample:		1319.84 time, 1320.02 real, 119 MB
[runlim] sample:		1329.84 time, 1330.02 real, 66 MB
[runlim] sample:		1339.84 time, 1340.02 real, 107 MB
[runlim] sample:		1349.85 time, 1350.02 real, 119 MB
[runlim] sample:		1359.84 time, 1360.02 real, 66 MB
[runlim] sample:		1369.84 time, 1370.02 real, 106 MB
[runlim] sample:		1379.84 time, 1380.02 real, 118 MB
[runlim] sample:		1389.84 time, 1390.02 real, 66 MB
[runlim] sample:		1399.84 time, 1400.02 real, 104 MB
[runlim] sample:		1409.84 time, 1410.02 real, 116 MB
[runlim] sample:		1419.84 time, 1420.02 real, 66 MB
[runlim] sample:		1429.84 time, 1430.02 real, 101 MB
[runlim] sample:		1439.85 time, 1440.02 real, 113 MB
[runlim] sample:		1449.84 time, 1450.02 real, 66 MB
[runlim] sample:		1459.84 time, 1460.02 real, 97 MB
[runlim] sample:		1469.84 time, 1470.02 real, 110 MB
[runlim] sample:		1479.84 time, 1480.02 real, 66 MB
[runlim] sample:		1489.84 time, 1490.02 real, 66 MB
[runlim] sample:		1499.84 time, 1500.02 real, 107 MB
[runlim] sample:		1509.84 time, 1510.02 real, 119 MB
[runlim] sample:		1519.84 time, 1520.02 real, 66 MB
[runlim] sample:		1529.84 time, 1530.02 real, 103 MB
[runlim] sample:		1539.84 time, 1540.02 real, 115 MB
[runlim] sample:		1549.84 time, 1550.02 real, 66 MB
[runlim] sample:		1559.84 time, 1560.02 real, 97 MB
[runlim] sample:		1569.84 time, 1570.02 real, 109 MB
[runlim] sample:		1579.84 time, 1580.02 real, 120 MB
[runlim] sample:		1589.84 time, 1590.02 real, 66 MB
[runlim] sample:		1599.84 time, 1600.02 real, 103 MB
[runlim] sample:		1609.84 time, 1610.02 real, 115 MB
[runlim] sample:		1619.84 time, 1620.02 real, 66 MB
[runlim] sample:		1629.84 time, 1630.02 real, 97 MB
[runlim] sample:		1639.84 time, 1640.02 real, 109 MB
[runlim] sample:		1649.84 time, 1650.02 real, 120 MB
[runlim] sample:		1659.84 time, 1660.02 real, 66 MB
[runlim] sample:		1669.84 time, 1670.02 real, 103 MB
[runlim] sample:		1679.84 time, 1680.02 real, 115 MB
[runlim] sample:		1689.84 time, 1690.02 real, 66 MB
[runlim] sample:		1699.84 time, 1700.02 real, 96 MB
[runlim] sample:		1709.84 time, 1710.02 real, 109 MB
[runlim] sample:		1719.84 time, 1720.02 real, 120 MB
[runlim] sample:		1729.84 time, 1730.02 real, 66 MB
[runlim] sample:		1739.84 time, 1740.02 real, 102 MB
[runlim] sample:		1749.84 time, 1750.02 real, 114 MB
[runlim] sample:		1759.84 time, 1760.02 real, 66 MB
[runlim] sample:		1769.84 time, 1770.02 real, 66 MB
[runlim] sample:		1779.84 time, 1780.02 real, 106 MB
[runlim] sample:		1789.84 time, 1790.02 real, 117 MB
[runlim] sample:		1799.83 time, 1800.02 real, 66 MB
[runlim] sample:		1809.83 time, 1810.02 real, 66 MB
[runlim] sample:		1819.84 time, 1820.02 real, 109 MB
[runlim] sample:		1829.84 time, 1830.02 real, 120 MB
[runlim] sample:		1839.84 time, 1840.02 real, 66 MB
[runlim] sample:		1849.83 time, 1850.02 real, 99 MB
[runlim] sample:		1859.84 time, 1860.02 real, 112 MB
[runlim] sample:		1869.84 time, 1870.02 real, 122 MB
[runlim] sample:		1879.84 time, 1880.02 real, 66 MB
[runlim] sample:		1889.84 time, 1890.02 real, 102 MB
[runlim] sample:		1899.83 time, 1900.02 real, 114 MB
[runlim] sample:		1909.84 time, 1910.02 real, 124 MB
[runlim] sample:		1919.83 time, 1920.02 real, 66 MB
[runlim] sample:		1929.83 time, 1930.02 real, 105 MB
[runlim] sample:		1939.83 time, 1940.02 real, 116 MB
[runlim] sample:		1949.83 time, 1950.02 real, 66 MB
[runlim] sample:		1959.83 time, 1960.02 real, 66 MB
[runlim] sample:		1969.84 time, 1970.02 real, 106 MB
[runlim] sample:		1979.83 time, 1980.02 real, 117 MB
[runlim] sample:		1989.83 time, 1990.02 real, 66 MB
[runlim] sample:		1999.83 time, 2000.02 real, 66 MB
[runlim] sample:		2009.83 time, 2010.02 real, 107 MB
[runlim] sample:		2019.83 time, 2020.02 real, 117 MB
[runlim] sample:		2029.83 time, 2030.02 real, 126 MB
[runlim] sample:		2039.83 time, 2040.02 real, 66 MB
[runlim] sample:		2049.83 time, 2050.02 real, 102 MB
[runlim] sample:		2059.82 time, 2060.02 real, 113 MB
[runlim] sample:		2069.82 time, 2070.02 real, 123 MB
[runlim] sample:		2079.83 time, 2080.02 real, 66 MB
[runlim] sample:		2089.82 time, 2090.02 real, 98 MB
[runlim] sample:		2099.82 time, 2100.02 real, 109 MB
[runlim] sample:		2109.83 time, 2110.02 real, 119 MB
[runlim] sample:		2119.82 time, 2120.02 real, 66 MB
[runlim] sample:		2129.82 time, 2130.02 real, 66 MB
[runlim] sample:		2139.82 time, 2140.02 real, 66 MB
[runlim] sample:		2149.82 time, 2150.02 real, 116 MB
[runlim] sample:		2159.83 time, 2160.02 real, 125 MB
[runlim] sample:		2169.83 time, 2170.02 real, 66 MB
[runlim] sample:		2179.83 time, 2180.02 real, 120 MB
[runlim] sample:		2189.82 time, 2190.02 real, 66 MB
[runlim] sample:		2199.83 time, 2200.02 real, 115 MB
[runlim] sample:		2209.82 time, 2210.02 real, 66 MB
[runlim] sample:		2219.82 time, 2220.02 real, 66 MB
[runlim] sample:		2229.83 time, 2230.02 real, 128 MB
[runlim] sample:		2239.82 time, 2240.02 real, 66 MB
[runlim] sample:		2249.82 time, 2250.02 real, 123 MB
[runlim] sample:		2259.83 time, 2260.02 real, 66 MB
[runlim] sample:		2269.82 time, 2270.02 real, 117 MB
[runlim] sample:		2279.82 time, 2280.02 real, 66 MB
[runlim] sample:		2289.82 time, 2290.02 real, 66 MB
[runlim] sample:		2299.83 time, 2300.02 real, 128 MB
[runlim] sample:		2309.82 time, 2310.02 real, 66 MB
[runlim] sample:		2319.82 time, 2320.02 real, 122 MB
[runlim] sample:		2329.82 time, 2330.02 real, 66 MB
[runlim] sample:		2339.82 time, 2340.02 real, 66 MB
[runlim] sample:		2349.82 time, 2350.02 real, 66 MB
[runlim] sample:		2359.82 time, 2360.02 real, 66 MB
[runlim] sample:		2369.82 time, 2370.02 real, 124 MB
[runlim] sample:		2379.83 time, 2380.02 real, 66 MB
[runlim] sample:		2389.82 time, 2390.02 real, 116 MB
[runlim] sample:		2399.83 time, 2400.02 real, 66 MB
[runlim] sample:		2409.83 time, 2410.02 real, 66 MB
[runlim] sample:		2419.82 time, 2420.02 real, 124 MB
[runlim] sample:		2429.82 time, 2430.02 real, 66 MB
[runlim] sample:		2439.83 time, 2440.02 real, 116 MB
[runlim] sample:		2449.82 time, 2450.02 real, 66 MB
[runlim] sample:		2459.82 time, 2460.02 real, 66 MB
[runlim] sample:		2469.82 time, 2470.02 real, 125 MB
[runlim] sample:		2479.82 time, 2480.02 real, 66 MB
[runlim] sample:		2489.82 time, 2490.02 real, 116 MB
[runlim] sample:		2499.82 time, 2500.02 real, 66 MB
[runlim] sample:		2509.82 time, 2510.02 real, 66 MB
[runlim] sample:		2519.82 time, 2520.02 real, 123 MB
[runlim] sample:		2529.82 time, 2530.02 real, 66 MB
[runlim] sample:		2539.82 time, 2540.02 real, 66 MB
[runlim] sample:		2549.82 time, 2550.02 real, 129 MB
[runlim] sample:		2559.82 time, 2560.02 real, 66 MB
[runlim] sample:		2569.83 time, 2570.02 real, 118 MB
[runlim] sample:		2579.83 time, 2580.02 real, 66 MB
[runlim] sample:		2589.83 time, 2590.02 real, 66 MB
[runlim] sample:		2599.82 time, 2600.02 real, 123 MB
[runlim] sample:		2609.83 time, 2610.02 real, 66 MB
[runlim] sample:		2619.83 time, 2620.02 real, 66 MB
[runlim] sample:		2629.83 time, 2630.02 real, 126 MB
[runlim] sample:		2639.82 time, 2640.02 real, 66 MB
[runlim] sample:		2649.82 time, 2650.02 real, 66 MB
[runlim] sample:		2659.83 time, 2660.02 real, 130 MB
[runlim] sample:		2669.82 time, 2670.02 real, 66 MB
[runlim] sample:		2679.82 time, 2680.02 real, 118 MB
[runlim] sample:		2689.82 time, 2690.02 real, 66 MB
[runlim] sample:		2699.81 time, 2700.02 real, 66 MB
[runlim] end:			Thu Feb 27 09:45:42 2020
[runlim] status:		out of time
[runlim] result:		2
[runlim] children:		1
[runlim] real:			2700.13 seconds
[runlim] time:			2699.81 seconds
[runlim] space:			132 MB
[runlim] samples:		27000
