[runlim] version:		1.18
[runlim] host:			c3n29
[runlim] time limit:		2700 seconds
[runlim] real time limit:	2700 seconds
[runlim] space limit:		7000 MB
[runlim] argv[0]:		./binary
[runlim] argv[1]:		/data/cnf/ankit/RSet1/toilet_a_08_01.15.dqbf
[runlim] start:			Thu Feb 27 09:00:42 2020
[runlim] child:			31777
[runlim] sample:		9.99 time, 10.02 real, 14 MB
[runlim] sample:		19.99 time, 20.02 real, 17 MB
[runlim] sample:		29.99 time, 30.02 real, 17 MB
[runlim] end:			Thu Feb 27 09:01:18 2020
[runlim] status:		ok
[runlim] result:		0
[runlim] children:		1
[runlim] real:			35.79 seconds
[runlim] time:			35.70 seconds
[runlim] space:			23 MB
[runlim] samples:		357
