[runlim] version:		1.18
[runlim] host:			c3n30
[runlim] time limit:		2700 seconds
[runlim] real time limit:	2700 seconds
[runlim] space limit:		7000 MB
[runlim] argv[0]:		./binary
[runlim] argv[1]:		/data/cnf/ankit/RSet1/toilet_a_10_01.16.dqbf
[runlim] start:			Thu Feb 27 09:00:42 2020
[runlim] child:			491
[runlim] sample:		9.99 time, 10.01 real, 17 MB
[runlim] sample:		19.99 time, 20.01 real, 21 MB
[runlim] sample:		29.99 time, 30.01 real, 29 MB
[runlim] sample:		39.99 time, 40.01 real, 24 MB
[runlim] sample:		49.98 time, 50.01 real, 32 MB
[runlim] sample:		59.98 time, 60.02 real, 33 MB
[runlim] sample:		69.98 time, 70.02 real, 35 MB
[runlim] sample:		79.98 time, 80.02 real, 35 MB
[runlim] sample:		89.98 time, 90.02 real, 35 MB
[runlim] sample:		99.98 time, 100.02 real, 42 MB
[runlim] sample:		109.98 time, 110.02 real, 42 MB
[runlim] sample:		119.98 time, 120.02 real, 42 MB
[runlim] sample:		129.98 time, 130.02 real, 42 MB
[runlim] sample:		139.98 time, 140.02 real, 42 MB
[runlim] sample:		149.99 time, 150.02 real, 56 MB
[runlim] sample:		159.99 time, 160.02 real, 42 MB
[runlim] sample:		169.99 time, 170.02 real, 42 MB
[runlim] sample:		179.99 time, 180.02 real, 44 MB
[runlim] sample:		189.99 time, 190.02 real, 46 MB
[runlim] sample:		199.99 time, 200.02 real, 48 MB
[runlim] sample:		209.99 time, 210.02 real, 49 MB
[runlim] sample:		219.99 time, 220.02 real, 49 MB
[runlim] sample:		229.98 time, 230.02 real, 51 MB
[runlim] end:			Thu Feb 27 09:04:33 2020
[runlim] status:		ok
[runlim] result:		0
[runlim] children:		1
[runlim] real:			231.44 seconds
[runlim] time:			231.38 seconds
[runlim] space:			57 MB
[runlim] samples:		2314
