[runlim] version:		1.18
[runlim] host:			c3n02
[runlim] time limit:		2700 seconds
[runlim] real time limit:	2700 seconds
[runlim] space limit:		7000 MB
[runlim] argv[0]:		./binary
[runlim] argv[1]:		/data/cnf/ankit/RSet1/4qbf-5cnf-100var-1000cl.2.dqbf
[runlim] start:			Thu Feb 27 08:59:11 2020
[runlim] child:			7797
[runlim] sample:		9.84 time, 10.01 real, 56 MB
[runlim] sample:		19.84 time, 20.01 real, 79 MB
[runlim] sample:		29.84 time, 30.01 real, 97 MB
[runlim] sample:		39.84 time, 40.01 real, 110 MB
[runlim] sample:		49.83 time, 50.01 real, 118 MB
[runlim] sample:		59.84 time, 60.01 real, 125 MB
[runlim] sample:		69.84 time, 70.01 real, 133 MB
[runlim] sample:		79.84 time, 80.01 real, 142 MB
[runlim] sample:		89.83 time, 90.01 real, 148 MB
[runlim] sample:		99.83 time, 100.02 real, 158 MB
[runlim] sample:		109.83 time, 110.01 real, 164 MB
[runlim] sample:		119.83 time, 120.01 real, 169 MB
[runlim] sample:		129.83 time, 130.01 real, 180 MB
[runlim] sample:		139.84 time, 140.01 real, 184 MB
[runlim] sample:		149.83 time, 150.01 real, 189 MB
[runlim] sample:		159.83 time, 160.01 real, 192 MB
[runlim] sample:		169.83 time, 170.02 real, 197 MB
[runlim] sample:		179.83 time, 180.02 real, 199 MB
[runlim] sample:		189.84 time, 190.01 real, 204 MB
[runlim] sample:		199.83 time, 200.02 real, 207 MB
[runlim] sample:		209.84 time, 210.02 real, 211 MB
[runlim] sample:		219.83 time, 220.02 real, 214 MB
[runlim] sample:		229.84 time, 230.02 real, 217 MB
[runlim] sample:		239.83 time, 240.02 real, 222 MB
[runlim] sample:		249.83 time, 250.02 real, 226 MB
[runlim] sample:		259.83 time, 260.01 real, 230 MB
[runlim] sample:		269.83 time, 270.02 real, 263 MB
[runlim] sample:		279.83 time, 280.02 real, 340 MB
[runlim] sample:		289.84 time, 290.02 real, 418 MB
[runlim] end:			Thu Feb 27 09:04:08 2020
[runlim] status:		ok
[runlim] result:		0
[runlim] children:		1
[runlim] real:			297.04 seconds
[runlim] time:			296.83 seconds
[runlim] space:			463 MB
[runlim] samples:		2970
