[runlim] version:		1.18
[runlim] host:			c3n03
[runlim] time limit:		2700 seconds
[runlim] real time limit:	2700 seconds
[runlim] space limit:		7000 MB
[runlim] argv[0]:		./binary
[runlim] argv[1]:		/data/cnf/ankit/RSet1/4qbf-5cnf-100var-800cl.2.dqbf
[runlim] start:			Thu Feb 27 08:59:10 2020
[runlim] child:			8376
[runlim] sample:		9.93 time, 10.02 real, 43 MB
[runlim] sample:		19.92 time, 20.02 real, 56 MB
[runlim] sample:		29.92 time, 30.02 real, 66 MB
[runlim] sample:		39.93 time, 40.02 real, 76 MB
[runlim] sample:		49.92 time, 50.02 real, 87 MB
[runlim] sample:		59.92 time, 60.02 real, 90 MB
[runlim] sample:		69.92 time, 70.01 real, 93 MB
[runlim] sample:		79.92 time, 80.01 real, 97 MB
[runlim] sample:		89.93 time, 90.01 real, 101 MB
[runlim] sample:		99.92 time, 100.02 real, 104 MB
[runlim] sample:		109.92 time, 110.02 real, 107 MB
[runlim] sample:		119.92 time, 120.02 real, 112 MB
[runlim] sample:		129.92 time, 130.02 real, 115 MB
[runlim] sample:		139.92 time, 140.02 real, 120 MB
[runlim] sample:		149.93 time, 150.02 real, 123 MB
[runlim] sample:		159.92 time, 160.02 real, 124 MB
[runlim] sample:		169.92 time, 170.02 real, 128 MB
[runlim] sample:		179.92 time, 180.02 real, 130 MB
[runlim] sample:		189.92 time, 190.02 real, 133 MB
[runlim] sample:		199.92 time, 200.02 real, 136 MB
[runlim] sample:		209.92 time, 210.02 real, 138 MB
[runlim] sample:		219.92 time, 220.02 real, 142 MB
[runlim] sample:		229.92 time, 230.02 real, 144 MB
[runlim] sample:		239.92 time, 240.02 real, 148 MB
[runlim] sample:		249.92 time, 250.02 real, 149 MB
[runlim] sample:		259.92 time, 260.02 real, 151 MB
[runlim] sample:		269.92 time, 270.01 real, 156 MB
[runlim] sample:		279.92 time, 280.02 real, 158 MB
[runlim] sample:		289.92 time, 290.02 real, 160 MB
[runlim] sample:		299.92 time, 300.02 real, 162 MB
[runlim] sample:		309.92 time, 310.02 real, 164 MB
[runlim] sample:		319.92 time, 320.02 real, 167 MB
[runlim] sample:		329.92 time, 330.02 real, 169 MB
[runlim] sample:		339.92 time, 340.02 real, 172 MB
[runlim] sample:		349.92 time, 350.02 real, 179 MB
[runlim] sample:		359.92 time, 360.02 real, 181 MB
[runlim] sample:		369.92 time, 370.02 real, 184 MB
[runlim] sample:		379.92 time, 380.02 real, 186 MB
[runlim] sample:		389.91 time, 390.02 real, 187 MB
[runlim] sample:		399.92 time, 400.02 real, 188 MB
[runlim] sample:		409.92 time, 410.02 real, 192 MB
[runlim] sample:		419.92 time, 420.02 real, 193 MB
[runlim] sample:		429.92 time, 430.02 real, 194 MB
[runlim] sample:		439.92 time, 440.02 real, 195 MB
[runlim] sample:		449.92 time, 450.02 real, 198 MB
[runlim] sample:		459.92 time, 460.02 real, 199 MB
[runlim] sample:		469.92 time, 470.02 real, 200 MB
[runlim] sample:		479.92 time, 480.02 real, 201 MB
[runlim] sample:		489.92 time, 490.02 real, 205 MB
[runlim] sample:		499.92 time, 500.02 real, 206 MB
[runlim] sample:		509.92 time, 510.02 real, 207 MB
[runlim] sample:		519.92 time, 520.02 real, 208 MB
[runlim] sample:		529.92 time, 530.02 real, 211 MB
[runlim] sample:		539.92 time, 540.02 real, 211 MB
[runlim] sample:		549.92 time, 550.02 real, 212 MB
[runlim] sample:		559.92 time, 560.02 real, 213 MB
[runlim] sample:		569.91 time, 570.02 real, 215 MB
[runlim] sample:		579.92 time, 580.01 real, 216 MB
[runlim] sample:		589.91 time, 590.01 real, 219 MB
[runlim] sample:		599.91 time, 600.02 real, 220 MB
[runlim] sample:		609.91 time, 610.02 real, 221 MB
[runlim] sample:		619.92 time, 620.01 real, 224 MB
[runlim] sample:		629.91 time, 630.02 real, 227 MB
[runlim] sample:		639.92 time, 640.01 real, 228 MB
[runlim] sample:		649.91 time, 650.01 real, 229 MB
[runlim] sample:		659.91 time, 660.01 real, 229 MB
[runlim] sample:		669.91 time, 670.01 real, 230 MB
[runlim] sample:		679.92 time, 680.01 real, 233 MB
[runlim] sample:		689.91 time, 690.02 real, 233 MB
[runlim] sample:		699.91 time, 700.02 real, 235 MB
[runlim] sample:		709.91 time, 710.01 real, 236 MB
[runlim] sample:		719.92 time, 720.02 real, 238 MB
[runlim] sample:		729.91 time, 730.02 real, 241 MB
[runlim] sample:		739.92 time, 740.01 real, 242 MB
[runlim] sample:		749.92 time, 750.01 real, 244 MB
[runlim] sample:		759.92 time, 760.01 real, 244 MB
[runlim] sample:		769.92 time, 770.02 real, 246 MB
[runlim] sample:		779.91 time, 780.01 real, 247 MB
[runlim] sample:		789.92 time, 790.01 real, 249 MB
[runlim] sample:		799.91 time, 800.02 real, 250 MB
[runlim] sample:		809.91 time, 810.02 real, 251 MB
[runlim] sample:		819.91 time, 820.01 real, 252 MB
[runlim] sample:		829.91 time, 830.01 real, 254 MB
[runlim] sample:		839.91 time, 840.02 real, 255 MB
[runlim] sample:		849.91 time, 850.01 real, 255 MB
[runlim] sample:		859.91 time, 860.01 real, 256 MB
[runlim] sample:		869.91 time, 870.02 real, 257 MB
[runlim] sample:		879.91 time, 880.02 real, 258 MB
[runlim] sample:		889.91 time, 890.02 real, 259 MB
[runlim] sample:		899.91 time, 900.01 real, 260 MB
[runlim] sample:		909.91 time, 910.01 real, 261 MB
[runlim] sample:		919.91 time, 920.02 real, 263 MB
[runlim] sample:		929.92 time, 930.01 real, 264 MB
[runlim] sample:		939.91 time, 940.01 real, 265 MB
[runlim] sample:		949.91 time, 950.02 real, 266 MB
[runlim] sample:		959.91 time, 960.01 real, 269 MB
[runlim] sample:		969.91 time, 970.01 real, 269 MB
[runlim] sample:		979.91 time, 980.02 real, 270 MB
[runlim] sample:		989.91 time, 990.01 real, 271 MB
[runlim] sample:		999.91 time, 1000.01 real, 272 MB
[runlim] sample:		1009.91 time, 1010.01 real, 275 MB
[runlim] sample:		1019.91 time, 1020.01 real, 276 MB
[runlim] sample:		1029.91 time, 1030.01 real, 277 MB
[runlim] sample:		1039.91 time, 1040.01 real, 278 MB
[runlim] sample:		1049.91 time, 1050.02 real, 279 MB
[runlim] sample:		1059.91 time, 1060.02 real, 281 MB
[runlim] sample:		1069.91 time, 1070.02 real, 283 MB
[runlim] sample:		1079.91 time, 1080.02 real, 283 MB
[runlim] sample:		1089.91 time, 1090.02 real, 284 MB
[runlim] sample:		1099.91 time, 1100.02 real, 285 MB
[runlim] sample:		1109.91 time, 1110.02 real, 286 MB
[runlim] sample:		1119.91 time, 1120.02 real, 286 MB
[runlim] sample:		1129.91 time, 1130.01 real, 286 MB
[runlim] sample:		1139.91 time, 1140.02 real, 287 MB
[runlim] sample:		1149.91 time, 1150.01 real, 289 MB
[runlim] sample:		1159.91 time, 1160.01 real, 290 MB
[runlim] sample:		1169.91 time, 1170.01 real, 291 MB
[runlim] sample:		1179.90 time, 1180.01 real, 292 MB
[runlim] sample:		1189.91 time, 1190.01 real, 292 MB
[runlim] sample:		1199.91 time, 1200.01 real, 293 MB
[runlim] sample:		1209.91 time, 1210.01 real, 293 MB
[runlim] sample:		1219.90 time, 1220.01 real, 294 MB
[runlim] sample:		1229.90 time, 1230.01 real, 295 MB
[runlim] sample:		1239.90 time, 1240.01 real, 296 MB
[runlim] sample:		1249.90 time, 1250.02 real, 297 MB
[runlim] sample:		1259.90 time, 1260.01 real, 297 MB
[runlim] sample:		1269.90 time, 1270.01 real, 301 MB
[runlim] sample:		1279.90 time, 1280.02 real, 302 MB
[runlim] sample:		1289.90 time, 1290.01 real, 303 MB
[runlim] sample:		1299.91 time, 1300.01 real, 307 MB
[runlim] sample:		1309.91 time, 1310.01 real, 307 MB
[runlim] sample:		1319.90 time, 1320.01 real, 308 MB
[runlim] sample:		1329.91 time, 1330.02 real, 309 MB
[runlim] sample:		1339.90 time, 1340.02 real, 311 MB
[runlim] sample:		1349.91 time, 1350.02 real, 312 MB
[runlim] sample:		1359.91 time, 1360.01 real, 314 MB
[runlim] sample:		1369.91 time, 1370.02 real, 315 MB
[runlim] sample:		1379.91 time, 1380.01 real, 315 MB
[runlim] sample:		1389.91 time, 1390.02 real, 316 MB
[runlim] sample:		1399.91 time, 1400.02 real, 316 MB
[runlim] sample:		1409.90 time, 1410.01 real, 317 MB
[runlim] sample:		1419.90 time, 1420.02 real, 318 MB
[runlim] sample:		1429.91 time, 1430.01 real, 319 MB
[runlim] sample:		1439.90 time, 1440.01 real, 319 MB
[runlim] sample:		1449.91 time, 1450.02 real, 320 MB
[runlim] sample:		1459.90 time, 1460.02 real, 320 MB
[runlim] sample:		1469.91 time, 1470.02 real, 321 MB
[runlim] sample:		1479.90 time, 1480.01 real, 322 MB
[runlim] sample:		1489.91 time, 1490.02 real, 324 MB
[runlim] sample:		1499.91 time, 1500.02 real, 325 MB
[runlim] sample:		1509.91 time, 1510.02 real, 325 MB
[runlim] sample:		1519.90 time, 1520.02 real, 326 MB
[runlim] sample:		1529.91 time, 1530.01 real, 327 MB
[runlim] sample:		1539.90 time, 1540.02 real, 330 MB
[runlim] sample:		1549.90 time, 1550.02 real, 331 MB
[runlim] sample:		1559.90 time, 1560.01 real, 331 MB
[runlim] sample:		1569.90 time, 1570.02 real, 332 MB
[runlim] sample:		1579.90 time, 1580.01 real, 333 MB
[runlim] sample:		1589.90 time, 1590.01 real, 334 MB
[runlim] sample:		1599.90 time, 1600.02 real, 335 MB
[runlim] sample:		1609.90 time, 1610.01 real, 336 MB
[runlim] sample:		1619.90 time, 1620.02 real, 337 MB
[runlim] sample:		1629.90 time, 1630.01 real, 338 MB
[runlim] sample:		1639.90 time, 1640.01 real, 338 MB
[runlim] sample:		1649.90 time, 1650.01 real, 340 MB
[runlim] sample:		1659.90 time, 1660.01 real, 344 MB
[runlim] sample:		1669.91 time, 1670.01 real, 350 MB
[runlim] sample:		1679.90 time, 1680.01 real, 350 MB
[runlim] sample:		1689.90 time, 1690.01 real, 351 MB
[runlim] sample:		1699.90 time, 1700.01 real, 351 MB
[runlim] sample:		1709.90 time, 1710.01 real, 352 MB
[runlim] sample:		1719.90 time, 1720.01 real, 352 MB
[runlim] sample:		1729.90 time, 1730.01 real, 353 MB
[runlim] sample:		1739.90 time, 1740.01 real, 353 MB
[runlim] sample:		1749.90 time, 1750.01 real, 354 MB
[runlim] sample:		1759.90 time, 1760.01 real, 355 MB
[runlim] sample:		1769.90 time, 1770.01 real, 356 MB
[runlim] sample:		1779.90 time, 1780.01 real, 356 MB
[runlim] sample:		1789.90 time, 1790.01 real, 357 MB
[runlim] sample:		1799.90 time, 1800.01 real, 358 MB
[runlim] sample:		1809.90 time, 1810.01 real, 359 MB
[runlim] sample:		1819.90 time, 1820.01 real, 361 MB
[runlim] sample:		1829.90 time, 1830.01 real, 361 MB
[runlim] sample:		1839.90 time, 1840.01 real, 362 MB
[runlim] sample:		1849.90 time, 1850.01 real, 362 MB
[runlim] sample:		1859.90 time, 1860.01 real, 363 MB
[runlim] sample:		1869.90 time, 1870.01 real, 363 MB
[runlim] sample:		1879.90 time, 1880.02 real, 364 MB
[runlim] sample:		1889.89 time, 1890.01 real, 365 MB
[runlim] sample:		1899.90 time, 1900.01 real, 366 MB
[runlim] sample:		1909.90 time, 1910.01 real, 367 MB
[runlim] sample:		1919.90 time, 1920.01 real, 367 MB
[runlim] sample:		1929.89 time, 1930.01 real, 368 MB
[runlim] sample:		1939.89 time, 1940.01 real, 370 MB
[runlim] sample:		1949.89 time, 1950.01 real, 370 MB
[runlim] sample:		1959.89 time, 1960.01 real, 371 MB
[runlim] sample:		1969.90 time, 1970.01 real, 372 MB
[runlim] sample:		1979.90 time, 1980.01 real, 373 MB
[runlim] sample:		1989.90 time, 1990.01 real, 373 MB
[runlim] sample:		1999.90 time, 2000.01 real, 374 MB
[runlim] sample:		2009.90 time, 2010.01 real, 374 MB
[runlim] sample:		2019.90 time, 2020.01 real, 374 MB
[runlim] sample:		2029.90 time, 2030.01 real, 375 MB
[runlim] sample:		2039.90 time, 2040.01 real, 375 MB
[runlim] sample:		2049.90 time, 2050.02 real, 376 MB
[runlim] sample:		2059.90 time, 2060.02 real, 376 MB
[runlim] sample:		2069.90 time, 2070.01 real, 377 MB
[runlim] sample:		2079.89 time, 2080.01 real, 379 MB
[runlim] sample:		2089.89 time, 2090.01 real, 380 MB
[runlim] sample:		2099.90 time, 2100.02 real, 380 MB
[runlim] sample:		2109.90 time, 2110.01 real, 382 MB
[runlim] sample:		2119.90 time, 2120.02 real, 383 MB
[runlim] sample:		2129.90 time, 2130.01 real, 384 MB
[runlim] sample:		2139.90 time, 2140.02 real, 386 MB
[runlim] sample:		2149.90 time, 2150.02 real, 387 MB
[runlim] sample:		2159.90 time, 2160.01 real, 387 MB
[runlim] sample:		2169.90 time, 2170.02 real, 388 MB
[runlim] sample:		2179.89 time, 2180.01 real, 388 MB
[runlim] sample:		2189.89 time, 2190.01 real, 389 MB
[runlim] sample:		2199.90 time, 2200.01 real, 389 MB
[runlim] sample:		2209.89 time, 2210.02 real, 390 MB
[runlim] sample:		2219.89 time, 2220.01 real, 390 MB
[runlim] sample:		2229.89 time, 2230.01 real, 391 MB
[runlim] sample:		2239.89 time, 2240.02 real, 391 MB
[runlim] sample:		2249.90 time, 2250.01 real, 393 MB
[runlim] sample:		2259.89 time, 2260.01 real, 394 MB
[runlim] sample:		2269.89 time, 2270.01 real, 415 MB
[runlim] sample:		2279.89 time, 2280.02 real, 405 MB
[runlim] sample:		2289.89 time, 2290.02 real, 405 MB
[runlim] sample:		2299.89 time, 2300.02 real, 406 MB
[runlim] sample:		2309.90 time, 2310.02 real, 407 MB
[runlim] sample:		2319.89 time, 2320.01 real, 407 MB
[runlim] sample:		2329.89 time, 2330.02 real, 407 MB
[runlim] sample:		2339.89 time, 2340.02 real, 408 MB
[runlim] sample:		2349.89 time, 2350.01 real, 409 MB
[runlim] sample:		2359.89 time, 2360.01 real, 409 MB
[runlim] sample:		2369.89 time, 2370.01 real, 411 MB
[runlim] sample:		2379.89 time, 2380.02 real, 412 MB
[runlim] sample:		2389.89 time, 2390.01 real, 412 MB
[runlim] sample:		2399.89 time, 2400.02 real, 413 MB
[runlim] sample:		2409.89 time, 2410.02 real, 413 MB
[runlim] sample:		2419.89 time, 2420.02 real, 414 MB
[runlim] sample:		2429.89 time, 2430.01 real, 414 MB
[runlim] sample:		2439.90 time, 2440.02 real, 416 MB
[runlim] sample:		2449.90 time, 2450.02 real, 416 MB
[runlim] sample:		2459.89 time, 2460.01 real, 420 MB
[runlim] sample:		2469.89 time, 2470.02 real, 420 MB
[runlim] sample:		2479.89 time, 2480.02 real, 420 MB
[runlim] sample:		2489.89 time, 2490.02 real, 421 MB
[runlim] sample:		2499.89 time, 2500.02 real, 422 MB
[runlim] sample:		2509.89 time, 2510.01 real, 422 MB
[runlim] sample:		2519.89 time, 2520.01 real, 423 MB
[runlim] sample:		2529.89 time, 2530.02 real, 423 MB
[runlim] sample:		2539.89 time, 2540.02 real, 423 MB
[runlim] sample:		2549.89 time, 2550.02 real, 424 MB
[runlim] sample:		2559.89 time, 2560.01 real, 425 MB
[runlim] sample:		2569.89 time, 2570.01 real, 426 MB
[runlim] sample:		2579.89 time, 2580.01 real, 426 MB
[runlim] sample:		2589.89 time, 2590.01 real, 428 MB
[runlim] sample:		2599.89 time, 2600.01 real, 429 MB
[runlim] sample:		2609.89 time, 2610.01 real, 429 MB
[runlim] sample:		2619.89 time, 2620.01 real, 429 MB
[runlim] sample:		2629.89 time, 2630.01 real, 430 MB
[runlim] sample:		2639.89 time, 2640.02 real, 430 MB
[runlim] sample:		2649.89 time, 2650.02 real, 430 MB
[runlim] sample:		2659.88 time, 2660.02 real, 431 MB
[runlim] sample:		2669.89 time, 2670.02 real, 432 MB
[runlim] sample:		2679.89 time, 2680.02 real, 433 MB
[runlim] sample:		2689.89 time, 2690.02 real, 433 MB
[runlim] sample:		2699.89 time, 2700.02 real, 434 MB
[runlim] end:			Thu Feb 27 09:44:10 2020
[runlim] status:		out of time
[runlim] result:		2
[runlim] children:		1
[runlim] real:			2700.10 seconds
[runlim] time:			2699.89 seconds
[runlim] space:			434 MB
[runlim] samples:		27000
