[runlim] version:		1.18
[runlim] host:			c3n09
[runlim] time limit:		2700 seconds
[runlim] real time limit:	2700 seconds
[runlim] space limit:		7000 MB
[runlim] argv[0]:		./binary
[runlim] argv[1]:		/data/cnf/ankit/RSet1/ActivityService.dqbf
[runlim] start:			Thu Feb 27 08:59:10 2020
[runlim] child:			6928
[runlim] sample:		10.00 time, 10.02 real, 20 MB
[runlim] sample:		20.00 time, 20.02 real, 24 MB
[runlim] sample:		30.00 time, 30.02 real, 28 MB
[runlim] sample:		40.00 time, 40.02 real, 32 MB
[runlim] sample:		50.00 time, 50.02 real, 35 MB
[runlim] sample:		60.00 time, 60.02 real, 39 MB
[runlim] sample:		70.00 time, 70.02 real, 43 MB
[runlim] sample:		80.00 time, 80.02 real, 47 MB
[runlim] sample:		90.00 time, 90.02 real, 51 MB
[runlim] sample:		100.00 time, 100.02 real, 54 MB
[runlim] sample:		109.99 time, 110.02 real, 58 MB
[runlim] sample:		120.00 time, 120.02 real, 61 MB
[runlim] sample:		130.00 time, 130.02 real, 65 MB
[runlim] sample:		140.00 time, 140.02 real, 67 MB
[runlim] sample:		150.00 time, 150.02 real, 71 MB
[runlim] sample:		159.99 time, 160.02 real, 74 MB
[runlim] sample:		169.99 time, 170.02 real, 78 MB
[runlim] sample:		180.00 time, 180.02 real, 81 MB
[runlim] sample:		190.00 time, 190.02 real, 85 MB
[runlim] sample:		200.00 time, 200.02 real, 88 MB
[runlim] sample:		210.00 time, 210.02 real, 92 MB
[runlim] sample:		219.99 time, 220.02 real, 95 MB
[runlim] sample:		230.00 time, 230.02 real, 98 MB
[runlim] sample:		240.00 time, 240.02 real, 102 MB
[runlim] sample:		249.99 time, 250.02 real, 106 MB
[runlim] sample:		260.00 time, 260.02 real, 109 MB
[runlim] sample:		270.00 time, 270.02 real, 112 MB
[runlim] sample:		280.00 time, 280.02 real, 115 MB
[runlim] sample:		289.99 time, 290.02 real, 119 MB
[runlim] sample:		299.99 time, 300.02 real, 122 MB
[runlim] sample:		310.00 time, 310.02 real, 125 MB
[runlim] sample:		320.00 time, 320.02 real, 129 MB
[runlim] sample:		329.99 time, 330.02 real, 132 MB
[runlim] sample:		340.00 time, 340.02 real, 135 MB
[runlim] sample:		349.99 time, 350.02 real, 139 MB
[runlim] sample:		360.00 time, 360.02 real, 142 MB
[runlim] sample:		370.00 time, 370.02 real, 145 MB
[runlim] sample:		380.00 time, 380.02 real, 148 MB
[runlim] sample:		390.00 time, 390.02 real, 150 MB
[runlim] sample:		400.00 time, 400.02 real, 154 MB
[runlim] sample:		409.99 time, 410.02 real, 156 MB
[runlim] sample:		419.99 time, 420.02 real, 159 MB
[runlim] sample:		430.00 time, 430.02 real, 162 MB
[runlim] sample:		439.99 time, 440.02 real, 165 MB
[runlim] sample:		450.00 time, 450.02 real, 167 MB
[runlim] sample:		460.00 time, 460.02 real, 170 MB
[runlim] sample:		470.00 time, 470.02 real, 173 MB
[runlim] sample:		480.00 time, 480.02 real, 177 MB
[runlim] sample:		490.00 time, 490.02 real, 180 MB
[runlim] sample:		499.99 time, 500.02 real, 183 MB
[runlim] sample:		509.99 time, 510.02 real, 185 MB
[runlim] sample:		519.99 time, 520.02 real, 188 MB
[runlim] sample:		530.00 time, 530.02 real, 191 MB
[runlim] sample:		540.00 time, 540.02 real, 193 MB
[runlim] sample:		549.99 time, 550.02 real, 197 MB
[runlim] sample:		560.00 time, 560.02 real, 199 MB
[runlim] sample:		570.00 time, 570.02 real, 203 MB
[runlim] sample:		579.99 time, 580.02 real, 206 MB
[runlim] sample:		590.00 time, 590.02 real, 209 MB
[runlim] sample:		600.00 time, 600.02 real, 211 MB
[runlim] sample:		610.00 time, 610.02 real, 214 MB
[runlim] sample:		619.99 time, 620.02 real, 217 MB
[runlim] sample:		630.00 time, 630.02 real, 220 MB
[runlim] sample:		640.00 time, 640.02 real, 223 MB
[runlim] sample:		650.00 time, 650.02 real, 225 MB
[runlim] sample:		659.99 time, 660.02 real, 228 MB
[runlim] sample:		670.00 time, 670.02 real, 231 MB
[runlim] sample:		679.99 time, 680.02 real, 234 MB
[runlim] sample:		689.99 time, 690.02 real, 237 MB
[runlim] sample:		699.99 time, 700.02 real, 240 MB
[runlim] sample:		710.00 time, 710.02 real, 243 MB
[runlim] sample:		719.99 time, 720.02 real, 245 MB
[runlim] sample:		730.00 time, 730.02 real, 248 MB
[runlim] sample:		740.00 time, 740.02 real, 251 MB
[runlim] sample:		750.00 time, 750.02 real, 253 MB
[runlim] sample:		760.00 time, 760.02 real, 257 MB
[runlim] sample:		769.99 time, 770.02 real, 260 MB
[runlim] sample:		779.99 time, 780.02 real, 263 MB
[runlim] sample:		789.99 time, 790.02 real, 266 MB
[runlim] sample:		799.99 time, 800.02 real, 268 MB
[runlim] sample:		809.99 time, 810.02 real, 271 MB
[runlim] sample:		819.99 time, 820.02 real, 273 MB
[runlim] sample:		829.99 time, 830.02 real, 276 MB
[runlim] sample:		839.99 time, 840.02 real, 278 MB
[runlim] sample:		849.99 time, 850.02 real, 281 MB
[runlim] sample:		859.99 time, 860.02 real, 284 MB
[runlim] sample:		869.99 time, 870.02 real, 286 MB
[runlim] sample:		880.00 time, 880.02 real, 289 MB
[runlim] sample:		890.00 time, 890.02 real, 292 MB
[runlim] sample:		899.99 time, 900.02 real, 294 MB
[runlim] sample:		909.99 time, 910.02 real, 297 MB
[runlim] sample:		919.99 time, 920.02 real, 300 MB
[runlim] sample:		929.99 time, 930.02 real, 303 MB
[runlim] sample:		939.99 time, 940.02 real, 305 MB
[runlim] sample:		949.99 time, 950.02 real, 308 MB
[runlim] sample:		959.99 time, 960.02 real, 312 MB
[runlim] sample:		969.99 time, 970.02 real, 315 MB
[runlim] sample:		979.99 time, 980.02 real, 318 MB
[runlim] sample:		989.99 time, 990.02 real, 321 MB
[runlim] sample:		999.99 time, 1000.02 real, 323 MB
[runlim] sample:		1009.99 time, 1010.02 real, 326 MB
[runlim] sample:		1019.99 time, 1020.02 real, 328 MB
[runlim] sample:		1029.99 time, 1030.02 real, 330 MB
[runlim] sample:		1039.98 time, 1040.02 real, 332 MB
[runlim] sample:		1049.98 time, 1050.02 real, 334 MB
[runlim] sample:		1059.99 time, 1060.02 real, 337 MB
[runlim] sample:		1069.98 time, 1070.02 real, 339 MB
[runlim] sample:		1079.98 time, 1080.02 real, 342 MB
[runlim] sample:		1089.99 time, 1090.02 real, 344 MB
[runlim] sample:		1099.99 time, 1100.02 real, 347 MB
[runlim] sample:		1109.99 time, 1110.02 real, 349 MB
[runlim] sample:		1119.99 time, 1120.02 real, 352 MB
[runlim] sample:		1129.99 time, 1130.02 real, 354 MB
[runlim] sample:		1139.99 time, 1140.02 real, 357 MB
[runlim] sample:		1149.99 time, 1150.02 real, 360 MB
[runlim] sample:		1159.99 time, 1160.02 real, 362 MB
[runlim] sample:		1169.99 time, 1170.02 real, 364 MB
[runlim] sample:		1179.99 time, 1180.02 real, 366 MB
[runlim] sample:		1189.99 time, 1190.02 real, 368 MB
[runlim] sample:		1199.98 time, 1200.02 real, 370 MB
[runlim] sample:		1209.98 time, 1210.02 real, 373 MB
[runlim] sample:		1219.98 time, 1220.02 real, 375 MB
[runlim] sample:		1229.98 time, 1230.02 real, 377 MB
[runlim] sample:		1239.99 time, 1240.02 real, 380 MB
[runlim] sample:		1249.98 time, 1250.02 real, 382 MB
[runlim] sample:		1259.99 time, 1260.02 real, 384 MB
[runlim] sample:		1269.99 time, 1270.02 real, 387 MB
[runlim] sample:		1279.99 time, 1280.02 real, 390 MB
[runlim] sample:		1289.99 time, 1290.02 real, 392 MB
[runlim] sample:		1299.99 time, 1300.02 real, 394 MB
[runlim] sample:		1309.99 time, 1310.02 real, 396 MB
[runlim] sample:		1319.99 time, 1320.02 real, 399 MB
[runlim] sample:		1329.99 time, 1330.02 real, 401 MB
[runlim] sample:		1339.99 time, 1340.02 real, 404 MB
[runlim] sample:		1349.99 time, 1350.02 real, 406 MB
[runlim] sample:		1359.99 time, 1360.02 real, 408 MB
[runlim] sample:		1369.99 time, 1370.02 real, 410 MB
[runlim] sample:		1379.99 time, 1380.02 real, 413 MB
[runlim] sample:		1389.99 time, 1390.02 real, 415 MB
[runlim] sample:		1399.99 time, 1400.02 real, 417 MB
[runlim] sample:		1409.99 time, 1410.02 real, 419 MB
[runlim] sample:		1419.99 time, 1420.02 real, 421 MB
[runlim] sample:		1429.99 time, 1430.02 real, 423 MB
[runlim] sample:		1439.99 time, 1440.02 real, 425 MB
[runlim] sample:		1449.99 time, 1450.02 real, 428 MB
[runlim] sample:		1459.99 time, 1460.02 real, 431 MB
[runlim] sample:		1469.99 time, 1470.02 real, 433 MB
[runlim] sample:		1479.99 time, 1480.02 real, 436 MB
[runlim] sample:		1489.99 time, 1490.02 real, 438 MB
[runlim] sample:		1499.99 time, 1500.02 real, 441 MB
[runlim] sample:		1509.99 time, 1510.02 real, 442 MB
[runlim] sample:		1519.99 time, 1520.02 real, 444 MB
[runlim] sample:		1529.99 time, 1530.02 real, 446 MB
[runlim] sample:		1539.99 time, 1540.02 real, 448 MB
[runlim] sample:		1549.98 time, 1550.02 real, 450 MB
[runlim] sample:		1559.99 time, 1560.02 real, 453 MB
[runlim] sample:		1569.99 time, 1570.02 real, 455 MB
[runlim] sample:		1579.99 time, 1580.02 real, 457 MB
[runlim] sample:		1589.99 time, 1590.02 real, 459 MB
[runlim] sample:		1599.99 time, 1600.02 real, 462 MB
[runlim] sample:		1609.99 time, 1610.02 real, 464 MB
[runlim] sample:		1619.99 time, 1620.02 real, 467 MB
[runlim] sample:		1629.98 time, 1630.02 real, 470 MB
[runlim] sample:		1639.98 time, 1640.02 real, 472 MB
[runlim] sample:		1649.98 time, 1650.02 real, 474 MB
[runlim] sample:		1659.99 time, 1660.02 real, 476 MB
[runlim] sample:		1669.98 time, 1670.02 real, 480 MB
[runlim] sample:		1679.99 time, 1680.02 real, 482 MB
[runlim] sample:		1689.99 time, 1690.02 real, 484 MB
[runlim] sample:		1699.99 time, 1700.02 real, 486 MB
[runlim] sample:		1709.99 time, 1710.02 real, 488 MB
[runlim] sample:		1719.99 time, 1720.02 real, 491 MB
[runlim] sample:		1729.99 time, 1730.02 real, 493 MB
[runlim] sample:		1739.99 time, 1740.02 real, 496 MB
[runlim] sample:		1749.99 time, 1750.02 real, 499 MB
[runlim] sample:		1759.99 time, 1760.02 real, 503 MB
[runlim] sample:		1769.99 time, 1770.02 real, 505 MB
[runlim] sample:		1779.98 time, 1780.02 real, 508 MB
[runlim] sample:		1789.99 time, 1790.02 real, 509 MB
[runlim] sample:		1799.98 time, 1800.02 real, 512 MB
[runlim] sample:		1809.99 time, 1810.02 real, 513 MB
[runlim] sample:		1819.98 time, 1820.02 real, 515 MB
[runlim] sample:		1829.99 time, 1830.02 real, 518 MB
[runlim] sample:		1839.98 time, 1840.02 real, 521 MB
[runlim] sample:		1849.98 time, 1850.02 real, 523 MB
[runlim] sample:		1859.99 time, 1860.02 real, 527 MB
[runlim] sample:		1869.99 time, 1870.02 real, 529 MB
[runlim] sample:		1879.98 time, 1880.02 real, 531 MB
[runlim] sample:		1889.99 time, 1890.02 real, 533 MB
[runlim] sample:		1899.98 time, 1900.02 real, 535 MB
[runlim] sample:		1909.99 time, 1910.02 real, 538 MB
[runlim] sample:		1919.98 time, 1920.02 real, 540 MB
[runlim] sample:		1929.99 time, 1930.02 real, 542 MB
[runlim] sample:		1939.99 time, 1940.02 real, 544 MB
[runlim] sample:		1949.99 time, 1950.02 real, 547 MB
[runlim] sample:		1959.99 time, 1960.02 real, 550 MB
[runlim] sample:		1969.99 time, 1970.02 real, 554 MB
[runlim] sample:		1979.98 time, 1980.02 real, 556 MB
[runlim] sample:		1989.99 time, 1990.02 real, 558 MB
[runlim] sample:		1999.98 time, 2000.02 real, 560 MB
[runlim] sample:		2009.99 time, 2010.02 real, 563 MB
[runlim] sample:		2019.99 time, 2020.02 real, 566 MB
[runlim] sample:		2029.99 time, 2030.02 real, 568 MB
[runlim] sample:		2039.99 time, 2040.02 real, 571 MB
[runlim] sample:		2049.99 time, 2050.02 real, 575 MB
[runlim] sample:		2059.98 time, 2060.02 real, 577 MB
[runlim] sample:		2069.99 time, 2070.02 real, 580 MB
[runlim] sample:		2079.99 time, 2080.02 real, 581 MB
[runlim] sample:		2089.98 time, 2090.02 real, 584 MB
[runlim] sample:		2099.99 time, 2100.02 real, 586 MB
[runlim] sample:		2109.98 time, 2110.02 real, 588 MB
[runlim] sample:		2119.99 time, 2120.02 real, 590 MB
[runlim] sample:		2129.99 time, 2130.02 real, 592 MB
[runlim] sample:		2139.98 time, 2140.02 real, 593 MB
[runlim] sample:		2149.99 time, 2150.02 real, 595 MB
[runlim] sample:		2159.98 time, 2160.02 real, 597 MB
[runlim] sample:		2169.99 time, 2170.02 real, 599 MB
[runlim] sample:		2179.98 time, 2180.02 real, 601 MB
[runlim] sample:		2189.99 time, 2190.02 real, 604 MB
[runlim] sample:		2199.99 time, 2200.02 real, 607 MB
[runlim] sample:		2209.98 time, 2210.02 real, 610 MB
[runlim] sample:		2219.99 time, 2220.02 real, 613 MB
[runlim] sample:		2229.99 time, 2230.02 real, 615 MB
[runlim] sample:		2239.99 time, 2240.02 real, 619 MB
[runlim] sample:		2249.98 time, 2250.02 real, 621 MB
[runlim] sample:		2259.98 time, 2260.02 real, 624 MB
[runlim] sample:		2269.98 time, 2270.02 real, 625 MB
[runlim] sample:		2279.99 time, 2280.02 real, 627 MB
[runlim] sample:		2289.98 time, 2290.02 real, 629 MB
[runlim] sample:		2299.98 time, 2300.02 real, 631 MB
[runlim] sample:		2309.99 time, 2310.02 real, 633 MB
[runlim] sample:		2319.99 time, 2320.02 real, 634 MB
[runlim] sample:		2329.99 time, 2330.02 real, 636 MB
[runlim] sample:		2339.99 time, 2340.02 real, 639 MB
[runlim] sample:		2349.98 time, 2350.02 real, 641 MB
[runlim] sample:		2359.99 time, 2360.02 real, 642 MB
[runlim] sample:		2369.99 time, 2370.02 real, 644 MB
[runlim] sample:		2379.99 time, 2380.02 real, 646 MB
[runlim] sample:		2389.98 time, 2390.02 real, 648 MB
[runlim] sample:		2399.99 time, 2400.02 real, 651 MB
[runlim] sample:		2409.98 time, 2410.02 real, 653 MB
[runlim] sample:		2419.98 time, 2420.02 real, 655 MB
[runlim] sample:		2429.98 time, 2430.02 real, 658 MB
[runlim] sample:		2439.99 time, 2440.02 real, 660 MB
[runlim] sample:		2449.98 time, 2450.02 real, 661 MB
[runlim] sample:		2459.98 time, 2460.02 real, 664 MB
[runlim] sample:		2469.98 time, 2470.02 real, 666 MB
[runlim] sample:		2479.98 time, 2480.02 real, 669 MB
[runlim] sample:		2489.99 time, 2490.02 real, 671 MB
[runlim] sample:		2499.98 time, 2500.02 real, 673 MB
[runlim] sample:		2509.98 time, 2510.02 real, 675 MB
[runlim] sample:		2519.99 time, 2520.02 real, 676 MB
[runlim] sample:		2529.98 time, 2530.02 real, 678 MB
[runlim] sample:		2539.98 time, 2540.02 real, 679 MB
[runlim] sample:		2549.98 time, 2550.02 real, 681 MB
[runlim] sample:		2559.98 time, 2560.02 real, 684 MB
[runlim] sample:		2569.98 time, 2570.02 real, 686 MB
[runlim] sample:		2579.98 time, 2580.02 real, 688 MB
[runlim] sample:		2589.98 time, 2590.02 real, 690 MB
[runlim] sample:		2599.99 time, 2600.02 real, 692 MB
[runlim] sample:		2609.98 time, 2610.02 real, 694 MB
[runlim] sample:		2619.98 time, 2620.02 real, 696 MB
[runlim] sample:		2629.98 time, 2630.02 real, 698 MB
[runlim] sample:		2639.97 time, 2640.01 real, 700 MB
[runlim] sample:		2649.97 time, 2650.01 real, 704 MB
[runlim] sample:		2659.98 time, 2660.01 real, 707 MB
[runlim] sample:		2669.98 time, 2670.01 real, 710 MB
[runlim] sample:		2679.98 time, 2680.01 real, 712 MB
[runlim] sample:		2689.98 time, 2690.01 real, 715 MB
[runlim] sample:		2699.98 time, 2700.01 real, 717 MB
[runlim] end:			Thu Feb 27 09:44:11 2020
[runlim] status:		out of time
[runlim] result:		2
[runlim] children:		1
[runlim] real:			2700.10 seconds
[runlim] time:			2699.98 seconds
[runlim] space:			717 MB
[runlim] samples:		27000
