[runlim] version:		1.18
[runlim] host:			c3n06
[runlim] time limit:		2700 seconds
[runlim] real time limit:	2700 seconds
[runlim] space limit:		7000 MB
[runlim] argv[0]:		./binary
[runlim] argv[1]:		/data/cnf/ankit/RSet1/arbiter-08-comp-error02-qbf-hardness-depth-9.dqbf
[runlim] start:			Thu Feb 27 08:59:11 2020
[runlim] child:			8382
[runlim] sample:		9.56 time, 10.02 real, 26 MB
[runlim] sample:		19.56 time, 20.02 real, 34 MB
[runlim] sample:		29.56 time, 30.02 real, 42 MB
[runlim] sample:		39.55 time, 40.02 real, 49 MB
[runlim] sample:		49.56 time, 50.02 real, 56 MB
[runlim] sample:		59.56 time, 60.02 real, 62 MB
[runlim] sample:		69.56 time, 70.02 real, 70 MB
[runlim] sample:		79.56 time, 80.02 real, 76 MB
[runlim] sample:		89.56 time, 90.02 real, 83 MB
[runlim] sample:		99.57 time, 100.02 real, 90 MB
[runlim] sample:		109.55 time, 110.02 real, 97 MB
[runlim] sample:		119.57 time, 120.02 real, 105 MB
[runlim] sample:		129.57 time, 130.02 real, 112 MB
[runlim] sample:		139.57 time, 140.02 real, 119 MB
[runlim] end:			Thu Feb 27 09:01:40 2020
[runlim] status:		ok
[runlim] result:		0
[runlim] children:		1
[runlim] real:			148.81 seconds
[runlim] time:			148.26 seconds
[runlim] space:			129 MB
[runlim] samples:		1487
