[runlim] version:		1.18
[runlim] host:			c3n06
[runlim] time limit:		2700 seconds
[runlim] real time limit:	2700 seconds
[runlim] space limit:		7000 MB
[runlim] argv[0]:		./binary
[runlim] argv[1]:		/data/cnf/ankit/RSet1/bobsm9234.R
[runlim] start:			Thu Feb 27 08:59:11 2020
[runlim] child:			8391
[runlim] sample:		9.85 time, 10.02 real, 41 MB
[runlim] sample:		19.85 time, 20.02 real, 72 MB
[runlim] sample:		29.85 time, 30.02 real, 98 MB
[runlim] sample:		39.84 time, 40.02 real, 124 MB
[runlim] sample:		49.84 time, 50.02 real, 153 MB
[runlim] sample:		59.85 time, 60.02 real, 178 MB
[runlim] sample:		69.84 time, 70.02 real, 159 MB
[runlim] sample:		79.85 time, 80.02 real, 183 MB
[runlim] sample:		89.85 time, 90.02 real, 207 MB
[runlim] sample:		99.85 time, 100.02 real, 230 MB
[runlim] sample:		109.84 time, 110.02 real, 254 MB
[runlim] sample:		119.84 time, 120.02 real, 280 MB
[runlim] sample:		129.84 time, 130.02 real, 308 MB
[runlim] sample:		139.84 time, 140.02 real, 332 MB
[runlim] sample:		149.85 time, 150.02 real, 358 MB
[runlim] sample:		159.85 time, 160.02 real, 381 MB
[runlim] sample:		169.85 time, 170.02 real, 403 MB
[runlim] sample:		179.84 time, 180.02 real, 426 MB
[runlim] sample:		189.85 time, 190.02 real, 450 MB
[runlim] sample:		199.84 time, 200.02 real, 471 MB
[runlim] sample:		209.85 time, 210.02 real, 393 MB
[runlim] sample:		219.84 time, 220.02 real, 415 MB
[runlim] sample:		229.84 time, 230.02 real, 436 MB
[runlim] sample:		239.85 time, 240.02 real, 459 MB
[runlim] sample:		249.84 time, 250.02 real, 481 MB
[runlim] sample:		259.85 time, 260.02 real, 503 MB
[runlim] sample:		269.85 time, 270.02 real, 525 MB
[runlim] sample:		279.84 time, 280.02 real, 547 MB
[runlim] sample:		289.85 time, 290.02 real, 569 MB
[runlim] sample:		299.84 time, 300.02 real, 593 MB
[runlim] sample:		309.84 time, 310.02 real, 615 MB
[runlim] sample:		319.84 time, 320.02 real, 639 MB
[runlim] sample:		329.84 time, 330.02 real, 662 MB
[runlim] sample:		339.84 time, 340.02 real, 683 MB
[runlim] sample:		349.84 time, 350.02 real, 708 MB
[runlim] sample:		359.84 time, 360.02 real, 730 MB
[runlim] sample:		369.84 time, 370.02 real, 752 MB
[runlim] sample:		379.85 time, 380.02 real, 775 MB
[runlim] sample:		389.84 time, 390.02 real, 797 MB
[runlim] sample:		399.84 time, 400.02 real, 817 MB
[runlim] sample:		409.84 time, 410.02 real, 835 MB
[runlim] sample:		419.84 time, 420.02 real, 856 MB
[runlim] sample:		429.84 time, 430.02 real, 875 MB
[runlim] sample:		439.84 time, 440.02 real, 893 MB
[runlim] sample:		449.84 time, 450.02 real, 912 MB
[runlim] sample:		459.84 time, 460.02 real, 935 MB
[runlim] sample:		469.84 time, 470.02 real, 956 MB
[runlim] sample:		479.84 time, 480.02 real, 979 MB
[runlim] sample:		489.84 time, 490.02 real, 1000 MB
[runlim] sample:		499.83 time, 500.02 real, 1019 MB
[runlim] sample:		509.84 time, 510.02 real, 1038 MB
[runlim] sample:		519.84 time, 520.02 real, 1056 MB
[runlim] sample:		529.84 time, 530.02 real, 1075 MB
[runlim] sample:		539.83 time, 540.02 real, 1094 MB
[runlim] sample:		549.84 time, 550.02 real, 1113 MB
[runlim] sample:		559.84 time, 560.02 real, 1129 MB
[runlim] sample:		569.84 time, 570.02 real, 1146 MB
[runlim] sample:		579.84 time, 580.02 real, 1163 MB
[runlim] sample:		589.84 time, 590.02 real, 1181 MB
[runlim] sample:		599.84 time, 600.02 real, 1198 MB
[runlim] sample:		609.84 time, 610.02 real, 1216 MB
[runlim] sample:		619.85 time, 620.02 real, 1235 MB
[runlim] sample:		629.84 time, 630.02 real, 1253 MB
[runlim] sample:		639.84 time, 640.02 real, 1269 MB
[runlim] sample:		649.84 time, 650.02 real, 1286 MB
[runlim] sample:		659.85 time, 660.02 real, 1302 MB
[runlim] sample:		669.84 time, 670.02 real, 1319 MB
[runlim] sample:		679.84 time, 680.02 real, 1337 MB
[runlim] sample:		689.84 time, 690.02 real, 1353 MB
[runlim] sample:		699.84 time, 700.02 real, 1368 MB
[runlim] sample:		709.84 time, 710.02 real, 1383 MB
[runlim] sample:		719.84 time, 720.02 real, 1399 MB
[runlim] sample:		729.84 time, 730.02 real, 1416 MB
[runlim] sample:		739.84 time, 740.02 real, 1111 MB
[runlim] sample:		749.84 time, 750.02 real, 1126 MB
[runlim] sample:		759.84 time, 760.02 real, 1140 MB
[runlim] sample:		769.84 time, 770.02 real, 1153 MB
[runlim] sample:		779.84 time, 780.02 real, 1168 MB
[runlim] sample:		789.84 time, 790.02 real, 1182 MB
[runlim] sample:		799.84 time, 800.02 real, 1198 MB
[runlim] sample:		809.84 time, 810.02 real, 1214 MB
[runlim] sample:		819.84 time, 820.02 real, 1227 MB
[runlim] sample:		829.84 time, 830.02 real, 1240 MB
[runlim] sample:		839.84 time, 840.02 real, 1254 MB
[runlim] sample:		849.84 time, 850.02 real, 1270 MB
[runlim] sample:		859.84 time, 860.02 real, 1286 MB
[runlim] sample:		869.84 time, 870.02 real, 1301 MB
[runlim] sample:		879.84 time, 880.02 real, 1318 MB
[runlim] sample:		889.84 time, 890.02 real, 1333 MB
[runlim] sample:		899.84 time, 900.02 real, 1349 MB
[runlim] sample:		909.84 time, 910.02 real, 1364 MB
[runlim] sample:		919.84 time, 920.02 real, 1378 MB
[runlim] sample:		929.84 time, 930.02 real, 1395 MB
[runlim] sample:		939.84 time, 940.02 real, 1411 MB
[runlim] sample:		949.84 time, 950.02 real, 1428 MB
[runlim] sample:		959.84 time, 960.02 real, 1444 MB
[runlim] sample:		969.84 time, 970.02 real, 1461 MB
[runlim] sample:		979.83 time, 980.02 real, 1481 MB
[runlim] sample:		989.84 time, 990.02 real, 1498 MB
[runlim] sample:		999.83 time, 1000.02 real, 1516 MB
[runlim] sample:		1009.84 time, 1010.02 real, 1533 MB
[runlim] sample:		1019.83 time, 1020.02 real, 1552 MB
[runlim] sample:		1029.83 time, 1030.02 real, 1570 MB
[runlim] sample:		1039.84 time, 1040.02 real, 1586 MB
[runlim] sample:		1049.83 time, 1050.02 real, 1604 MB
[runlim] sample:		1059.83 time, 1060.02 real, 1622 MB
[runlim] sample:		1069.83 time, 1070.02 real, 1638 MB
[runlim] sample:		1079.84 time, 1080.02 real, 1655 MB
[runlim] sample:		1089.83 time, 1090.02 real, 1672 MB
[runlim] sample:		1099.83 time, 1100.02 real, 1690 MB
[runlim] sample:		1109.84 time, 1110.02 real, 1708 MB
[runlim] sample:		1119.84 time, 1120.02 real, 1726 MB
[runlim] sample:		1129.83 time, 1130.02 real, 1745 MB
[runlim] sample:		1139.83 time, 1140.02 real, 1763 MB
[runlim] sample:		1149.83 time, 1150.02 real, 1782 MB
[runlim] sample:		1159.83 time, 1160.02 real, 1800 MB
[runlim] sample:		1169.84 time, 1170.02 real, 1817 MB
[runlim] sample:		1179.84 time, 1180.02 real, 1835 MB
[runlim] sample:		1189.84 time, 1190.02 real, 1857 MB
[runlim] sample:		1199.83 time, 1200.02 real, 1875 MB
[runlim] sample:		1209.83 time, 1210.02 real, 1893 MB
[runlim] sample:		1219.84 time, 1220.02 real, 1911 MB
[runlim] sample:		1229.83 time, 1230.02 real, 1929 MB
[runlim] sample:		1239.83 time, 1240.02 real, 1946 MB
[runlim] sample:		1249.83 time, 1250.02 real, 1963 MB
[runlim] sample:		1259.83 time, 1260.02 real, 1980 MB
[runlim] sample:		1269.83 time, 1270.02 real, 1999 MB
[runlim] sample:		1279.83 time, 1280.02 real, 2021 MB
[runlim] sample:		1289.83 time, 1290.02 real, 2041 MB
[runlim] sample:		1299.83 time, 1300.02 real, 2061 MB
[runlim] sample:		1309.83 time, 1310.02 real, 2078 MB
[runlim] sample:		1319.83 time, 1320.02 real, 2097 MB
[runlim] sample:		1329.83 time, 1330.02 real, 2115 MB
[runlim] sample:		1339.83 time, 1340.02 real, 2132 MB
[runlim] sample:		1349.83 time, 1350.02 real, 2148 MB
[runlim] sample:		1359.83 time, 1360.02 real, 2163 MB
[runlim] sample:		1369.83 time, 1370.02 real, 2181 MB
[runlim] sample:		1379.83 time, 1380.02 real, 2198 MB
[runlim] sample:		1389.83 time, 1390.02 real, 2214 MB
[runlim] sample:		1399.83 time, 1400.02 real, 2232 MB
[runlim] sample:		1409.83 time, 1410.02 real, 2248 MB
[runlim] sample:		1419.83 time, 1420.02 real, 2260 MB
[runlim] sample:		1429.83 time, 1430.02 real, 2275 MB
[runlim] sample:		1439.83 time, 1440.02 real, 2291 MB
[runlim] sample:		1449.83 time, 1450.02 real, 2310 MB
[runlim] sample:		1459.83 time, 1460.02 real, 2328 MB
[runlim] sample:		1469.83 time, 1470.02 real, 2345 MB
[runlim] sample:		1479.83 time, 1480.02 real, 2360 MB
[runlim] sample:		1489.83 time, 1490.02 real, 2375 MB
[runlim] sample:		1499.83 time, 1500.02 real, 2390 MB
[runlim] sample:		1509.84 time, 1510.02 real, 2409 MB
[runlim] sample:		1519.83 time, 1520.02 real, 2425 MB
[runlim] sample:		1529.83 time, 1530.02 real, 2440 MB
[runlim] sample:		1539.83 time, 1540.02 real, 2459 MB
[runlim] sample:		1549.83 time, 1550.02 real, 2478 MB
[runlim] sample:		1559.83 time, 1560.02 real, 2493 MB
[runlim] sample:		1569.83 time, 1570.02 real, 2508 MB
[runlim] sample:		1579.83 time, 1580.02 real, 2525 MB
[runlim] sample:		1589.83 time, 1590.02 real, 2541 MB
[runlim] sample:		1599.83 time, 1600.02 real, 2558 MB
[runlim] sample:		1609.83 time, 1610.02 real, 2574 MB
[runlim] sample:		1619.83 time, 1620.02 real, 2592 MB
[runlim] sample:		1629.83 time, 1630.02 real, 2608 MB
[runlim] sample:		1639.83 time, 1640.02 real, 2623 MB
[runlim] sample:		1649.83 time, 1650.02 real, 2638 MB
[runlim] sample:		1659.83 time, 1660.02 real, 2654 MB
[runlim] sample:		1669.83 time, 1670.02 real, 2669 MB
[runlim] sample:		1679.83 time, 1680.02 real, 2685 MB
[runlim] sample:		1689.83 time, 1690.02 real, 2702 MB
[runlim] sample:		1699.84 time, 1700.02 real, 2719 MB
[runlim] sample:		1709.84 time, 1710.02 real, 2737 MB
[runlim] sample:		1719.84 time, 1720.02 real, 2754 MB
[runlim] sample:		1729.83 time, 1730.02 real, 2771 MB
[runlim] sample:		1739.83 time, 1740.02 real, 2786 MB
[runlim] sample:		1749.84 time, 1750.02 real, 2803 MB
[runlim] sample:		1759.84 time, 1760.02 real, 2820 MB
[runlim] sample:		1769.83 time, 1770.02 real, 2837 MB
[runlim] sample:		1779.84 time, 1780.02 real, 2855 MB
[runlim] sample:		1789.84 time, 1790.02 real, 2869 MB
[runlim] sample:		1799.83 time, 1800.02 real, 2882 MB
[runlim] sample:		1809.83 time, 1810.02 real, 2895 MB
[runlim] sample:		1819.84 time, 1820.02 real, 2912 MB
[runlim] sample:		1829.83 time, 1830.02 real, 2928 MB
[runlim] sample:		1839.83 time, 1840.02 real, 2945 MB
[runlim] sample:		1849.83 time, 1850.02 real, 2321 MB
[runlim] sample:		1859.83 time, 1860.02 real, 2340 MB
[runlim] sample:		1869.83 time, 1870.02 real, 2355 MB
[runlim] sample:		1879.83 time, 1880.02 real, 2372 MB
[runlim] sample:		1889.83 time, 1890.02 real, 2390 MB
[runlim] sample:		1899.83 time, 1900.02 real, 2406 MB
[runlim] sample:		1909.84 time, 1910.02 real, 2421 MB
[runlim] sample:		1919.83 time, 1920.02 real, 2437 MB
[runlim] sample:		1929.84 time, 1930.02 real, 2455 MB
[runlim] sample:		1939.84 time, 1940.02 real, 2473 MB
[runlim] sample:		1949.83 time, 1950.02 real, 2491 MB
[runlim] sample:		1959.83 time, 1960.02 real, 2508 MB
[runlim] sample:		1969.84 time, 1970.02 real, 2526 MB
[runlim] sample:		1979.83 time, 1980.02 real, 2543 MB
[runlim] sample:		1989.83 time, 1990.02 real, 2559 MB
[runlim] sample:		1999.83 time, 2000.02 real, 2576 MB
[runlim] sample:		2009.84 time, 2010.02 real, 2595 MB
[runlim] sample:		2019.83 time, 2020.02 real, 2610 MB
[runlim] sample:		2029.83 time, 2030.02 real, 2625 MB
[runlim] sample:		2039.84 time, 2040.02 real, 2642 MB
[runlim] sample:		2049.84 time, 2050.02 real, 2660 MB
[runlim] sample:		2059.83 time, 2060.02 real, 2675 MB
[runlim] sample:		2069.83 time, 2070.02 real, 2690 MB
[runlim] sample:		2079.83 time, 2080.02 real, 2707 MB
[runlim] sample:		2089.83 time, 2090.02 real, 2724 MB
[runlim] sample:		2099.83 time, 2100.02 real, 2742 MB
[runlim] sample:		2109.83 time, 2110.02 real, 2757 MB
[runlim] sample:		2119.84 time, 2120.02 real, 2772 MB
[runlim] sample:		2129.84 time, 2130.02 real, 2788 MB
[runlim] sample:		2139.83 time, 2140.02 real, 2804 MB
[runlim] sample:		2149.83 time, 2150.02 real, 2815 MB
[runlim] sample:		2159.84 time, 2160.02 real, 2829 MB
[runlim] sample:		2169.83 time, 2170.02 real, 2845 MB
[runlim] sample:		2179.83 time, 2180.02 real, 2859 MB
[runlim] sample:		2189.83 time, 2190.02 real, 2874 MB
[runlim] sample:		2199.83 time, 2200.02 real, 2891 MB
[runlim] sample:		2209.84 time, 2210.02 real, 2909 MB
[runlim] sample:		2219.83 time, 2220.02 real, 2925 MB
[runlim] sample:		2229.83 time, 2230.02 real, 2942 MB
[runlim] sample:		2239.84 time, 2240.02 real, 2958 MB
[runlim] sample:		2249.83 time, 2250.02 real, 2975 MB
[runlim] sample:		2259.83 time, 2260.02 real, 2992 MB
[runlim] sample:		2269.83 time, 2270.02 real, 3008 MB
[runlim] sample:		2279.83 time, 2280.02 real, 3024 MB
[runlim] sample:		2289.83 time, 2290.02 real, 3040 MB
[runlim] sample:		2299.83 time, 2300.02 real, 3055 MB
[runlim] sample:		2309.83 time, 2310.02 real, 3068 MB
[runlim] sample:		2319.83 time, 2320.02 real, 3080 MB
[runlim] sample:		2329.84 time, 2330.02 real, 3093 MB
[runlim] sample:		2339.83 time, 2340.02 real, 3107 MB
[runlim] sample:		2349.83 time, 2350.02 real, 3119 MB
[runlim] sample:		2359.83 time, 2360.02 real, 3131 MB
[runlim] sample:		2369.83 time, 2370.02 real, 3145 MB
[runlim] sample:		2379.84 time, 2380.02 real, 3158 MB
[runlim] sample:		2389.84 time, 2390.02 real, 3170 MB
[runlim] sample:		2399.84 time, 2400.02 real, 3184 MB
[runlim] sample:		2409.83 time, 2410.02 real, 3198 MB
[runlim] sample:		2419.83 time, 2420.02 real, 3210 MB
[runlim] sample:		2429.83 time, 2430.02 real, 3224 MB
[runlim] sample:		2439.83 time, 2440.02 real, 3240 MB
[runlim] sample:		2449.83 time, 2450.02 real, 3253 MB
[runlim] sample:		2459.84 time, 2460.02 real, 3268 MB
[runlim] sample:		2469.84 time, 2470.02 real, 3282 MB
[runlim] sample:		2479.83 time, 2480.02 real, 3296 MB
[runlim] sample:		2489.83 time, 2490.02 real, 3310 MB
[runlim] sample:		2499.83 time, 2500.02 real, 3325 MB
[runlim] sample:		2509.83 time, 2510.02 real, 3339 MB
[runlim] sample:		2519.83 time, 2520.02 real, 3352 MB
[runlim] sample:		2529.83 time, 2530.02 real, 3364 MB
[runlim] sample:		2539.83 time, 2540.02 real, 3376 MB
[runlim] sample:		2549.83 time, 2550.02 real, 3388 MB
[runlim] sample:		2559.84 time, 2560.02 real, 3401 MB
[runlim] sample:		2569.83 time, 2570.02 real, 3413 MB
[runlim] sample:		2579.83 time, 2580.02 real, 3425 MB
[runlim] sample:		2589.84 time, 2590.02 real, 3436 MB
[runlim] sample:		2599.83 time, 2600.02 real, 3448 MB
[runlim] sample:		2609.83 time, 2610.02 real, 3460 MB
[runlim] sample:		2619.83 time, 2620.02 real, 3472 MB
[runlim] sample:		2629.83 time, 2630.02 real, 3485 MB
[runlim] sample:		2639.82 time, 2640.02 real, 3495 MB
[runlim] sample:		2649.83 time, 2650.02 real, 3508 MB
[runlim] sample:		2659.83 time, 2660.02 real, 3521 MB
[runlim] sample:		2669.82 time, 2670.02 real, 3534 MB
[runlim] sample:		2679.83 time, 2680.02 real, 3548 MB
[runlim] sample:		2689.82 time, 2690.02 real, 3561 MB
[runlim] sample:		2699.83 time, 2700.02 real, 3578 MB
[runlim] end:			Thu Feb 27 09:44:11 2020
[runlim] status:		out of time
[runlim] result:		2
[runlim] children:		1
[runlim] real:			2700.19 seconds
[runlim] time:			2699.83 seconds
[runlim] space:			5154 MB
[runlim] samples:		27000
