[runlim] version:		1.18
[runlim] host:			c3n06
[runlim] time limit:		2700 seconds
[runlim] real time limit:	2700 seconds
[runlim] space limit:		7000 MB
[runlim] argv[0]:		./binary
[runlim] argv[1]:		/data/cnf/ankit/RSet1/bobsm5378d2.R
[runlim] start:			Thu Feb 27 08:59:11 2020
[runlim] child:			8387
[runlim] sample:		9.64 time, 10.02 real, 34 MB
[runlim] sample:		19.63 time, 20.02 real, 53 MB
[runlim] sample:		29.63 time, 30.02 real, 78 MB
[runlim] sample:		39.64 time, 40.02 real, 105 MB
[runlim] sample:		49.63 time, 50.02 real, 135 MB
[runlim] sample:		59.63 time, 60.02 real, 164 MB
[runlim] sample:		69.63 time, 70.02 real, 195 MB
[runlim] sample:		79.63 time, 80.02 real, 223 MB
[runlim] sample:		89.63 time, 90.02 real, 251 MB
[runlim] sample:		99.63 time, 100.02 real, 280 MB
[runlim] sample:		109.63 time, 110.02 real, 309 MB
[runlim] sample:		119.63 time, 120.02 real, 337 MB
[runlim] sample:		129.64 time, 130.02 real, 366 MB
[runlim] sample:		139.64 time, 140.02 real, 396 MB
[runlim] sample:		149.63 time, 150.02 real, 423 MB
[runlim] sample:		159.63 time, 160.02 real, 451 MB
[runlim] sample:		169.63 time, 170.02 real, 481 MB
[runlim] sample:		179.63 time, 180.02 real, 508 MB
[runlim] sample:		189.64 time, 190.02 real, 538 MB
[runlim] sample:		199.63 time, 200.02 real, 566 MB
[runlim] sample:		209.63 time, 210.02 real, 595 MB
[runlim] sample:		219.63 time, 220.02 real, 622 MB
[runlim] sample:		229.63 time, 230.02 real, 650 MB
[runlim] sample:		239.64 time, 240.02 real, 678 MB
[runlim] sample:		249.63 time, 250.02 real, 704 MB
[runlim] sample:		259.63 time, 260.02 real, 730 MB
[runlim] sample:		269.63 time, 270.02 real, 757 MB
[runlim] sample:		279.63 time, 280.02 real, 783 MB
[runlim] sample:		289.63 time, 290.02 real, 806 MB
[runlim] sample:		299.64 time, 300.02 real, 831 MB
[runlim] sample:		309.63 time, 310.02 real, 856 MB
[runlim] sample:		319.63 time, 320.02 real, 878 MB
[runlim] sample:		329.63 time, 330.02 real, 899 MB
[runlim] sample:		339.63 time, 340.02 real, 924 MB
[runlim] sample:		349.64 time, 350.02 real, 946 MB
[runlim] sample:		359.63 time, 360.02 real, 969 MB
[runlim] sample:		369.64 time, 370.02 real, 991 MB
[runlim] sample:		379.64 time, 380.02 real, 1013 MB
[runlim] sample:		389.63 time, 390.02 real, 1035 MB
[runlim] sample:		399.63 time, 400.02 real, 1059 MB
[runlim] sample:		409.63 time, 410.02 real, 1082 MB
[runlim] sample:		419.63 time, 420.02 real, 1106 MB
[runlim] sample:		429.64 time, 430.02 real, 1126 MB
[runlim] sample:		439.64 time, 440.02 real, 1149 MB
[runlim] sample:		449.63 time, 450.02 real, 1171 MB
[runlim] sample:		459.63 time, 460.02 real, 1195 MB
[runlim] sample:		469.63 time, 470.02 real, 1215 MB
[runlim] sample:		479.63 time, 480.02 real, 1236 MB
[runlim] sample:		489.63 time, 490.02 real, 1257 MB
[runlim] sample:		499.63 time, 500.02 real, 1277 MB
[runlim] sample:		509.63 time, 510.02 real, 1298 MB
[runlim] sample:		519.63 time, 520.02 real, 1320 MB
[runlim] sample:		529.63 time, 530.02 real, 1340 MB
[runlim] sample:		539.63 time, 540.02 real, 1361 MB
[runlim] sample:		549.63 time, 550.02 real, 1381 MB
[runlim] sample:		559.63 time, 560.02 real, 1403 MB
[runlim] sample:		569.63 time, 570.02 real, 1423 MB
[runlim] sample:		579.63 time, 580.02 real, 1444 MB
[runlim] sample:		589.63 time, 590.02 real, 1467 MB
[runlim] sample:		599.63 time, 600.02 real, 1487 MB
[runlim] sample:		609.63 time, 610.02 real, 1508 MB
[runlim] sample:		619.64 time, 620.02 real, 1529 MB
[runlim] sample:		629.63 time, 630.02 real, 1551 MB
[runlim] sample:		639.63 time, 640.02 real, 1573 MB
[runlim] sample:		649.63 time, 650.02 real, 1594 MB
[runlim] sample:		659.63 time, 660.02 real, 1615 MB
[runlim] sample:		669.63 time, 670.02 real, 1635 MB
[runlim] sample:		679.63 time, 680.02 real, 1653 MB
[runlim] sample:		689.63 time, 690.02 real, 1669 MB
[runlim] sample:		699.63 time, 700.02 real, 1688 MB
[runlim] sample:		709.63 time, 710.02 real, 1707 MB
[runlim] sample:		719.63 time, 720.02 real, 1724 MB
[runlim] sample:		729.63 time, 730.02 real, 1743 MB
[runlim] sample:		739.63 time, 740.02 real, 1761 MB
[runlim] sample:		749.63 time, 750.02 real, 1778 MB
[runlim] sample:		759.63 time, 760.02 real, 1797 MB
[runlim] sample:		769.63 time, 770.02 real, 1816 MB
[runlim] sample:		779.63 time, 780.02 real, 1835 MB
[runlim] sample:		789.63 time, 790.02 real, 1852 MB
[runlim] sample:		799.63 time, 800.02 real, 1868 MB
[runlim] sample:		809.63 time, 810.02 real, 1884 MB
[runlim] sample:		819.63 time, 820.02 real, 1899 MB
[runlim] sample:		829.63 time, 830.02 real, 1914 MB
[runlim] sample:		839.63 time, 840.02 real, 1929 MB
[runlim] sample:		849.63 time, 850.02 real, 1944 MB
[runlim] sample:		859.63 time, 860.02 real, 1960 MB
[runlim] sample:		869.63 time, 870.02 real, 1975 MB
[runlim] sample:		879.63 time, 880.02 real, 1991 MB
[runlim] sample:		889.63 time, 890.02 real, 2007 MB
[runlim] sample:		899.63 time, 900.02 real, 2024 MB
[runlim] sample:		909.63 time, 910.02 real, 2040 MB
[runlim] sample:		919.63 time, 920.02 real, 2056 MB
[runlim] sample:		929.63 time, 930.02 real, 2074 MB
[runlim] sample:		939.63 time, 940.02 real, 2093 MB
[runlim] sample:		949.63 time, 950.02 real, 2110 MB
[runlim] sample:		959.63 time, 960.02 real, 2127 MB
[runlim] sample:		969.63 time, 970.02 real, 2147 MB
[runlim] sample:		979.63 time, 980.02 real, 2164 MB
[runlim] sample:		989.63 time, 990.02 real, 2181 MB
[runlim] sample:		999.63 time, 1000.02 real, 2197 MB
[runlim] sample:		1009.63 time, 1010.02 real, 2214 MB
[runlim] sample:		1019.63 time, 1020.02 real, 2231 MB
[runlim] sample:		1029.63 time, 1030.02 real, 2246 MB
[runlim] sample:		1039.62 time, 1040.02 real, 2262 MB
[runlim] sample:		1049.63 time, 1050.02 real, 2275 MB
[runlim] sample:		1059.63 time, 1060.02 real, 2289 MB
[runlim] sample:		1069.63 time, 1070.02 real, 2306 MB
[runlim] sample:		1079.63 time, 1080.02 real, 2322 MB
[runlim] sample:		1089.63 time, 1090.02 real, 2338 MB
[runlim] sample:		1099.62 time, 1100.02 real, 2355 MB
[runlim] sample:		1109.62 time, 1110.02 real, 2373 MB
[runlim] sample:		1119.62 time, 1120.02 real, 2394 MB
[runlim] sample:		1129.62 time, 1130.02 real, 2414 MB
[runlim] sample:		1139.62 time, 1140.02 real, 2432 MB
[runlim] sample:		1149.62 time, 1150.02 real, 2450 MB
[runlim] sample:		1159.62 time, 1160.02 real, 2466 MB
[runlim] sample:		1169.62 time, 1170.02 real, 2479 MB
[runlim] sample:		1179.62 time, 1180.02 real, 2492 MB
[runlim] sample:		1189.62 time, 1190.02 real, 2507 MB
[runlim] sample:		1199.61 time, 1200.02 real, 2525 MB
[runlim] sample:		1209.62 time, 1210.02 real, 2542 MB
[runlim] sample:		1219.61 time, 1220.02 real, 2557 MB
[runlim] sample:		1229.62 time, 1230.02 real, 2573 MB
[runlim] sample:		1239.62 time, 1240.02 real, 2593 MB
[runlim] sample:		1249.62 time, 1250.02 real, 2612 MB
[runlim] sample:		1259.62 time, 1260.02 real, 2631 MB
[runlim] sample:		1269.62 time, 1270.02 real, 2651 MB
[runlim] sample:		1279.62 time, 1280.02 real, 2674 MB
[runlim] sample:		1289.61 time, 1290.02 real, 2696 MB
[runlim] sample:		1299.62 time, 1300.02 real, 2715 MB
[runlim] sample:		1309.61 time, 1310.02 real, 2730 MB
[runlim] sample:		1319.61 time, 1320.02 real, 2744 MB
[runlim] sample:		1329.61 time, 1330.02 real, 2760 MB
[runlim] sample:		1339.61 time, 1340.02 real, 2780 MB
[runlim] sample:		1349.62 time, 1350.02 real, 2799 MB
[runlim] sample:		1359.61 time, 1360.02 real, 2816 MB
[runlim] sample:		1369.61 time, 1370.02 real, 2831 MB
[runlim] sample:		1379.61 time, 1380.02 real, 2847 MB
[runlim] sample:		1389.61 time, 1390.02 real, 2862 MB
[runlim] sample:		1399.62 time, 1400.02 real, 2880 MB
[runlim] sample:		1409.62 time, 1410.02 real, 2896 MB
[runlim] sample:		1419.61 time, 1420.02 real, 2911 MB
[runlim] sample:		1429.62 time, 1430.02 real, 2924 MB
[runlim] sample:		1439.61 time, 1440.02 real, 2937 MB
[runlim] sample:		1449.61 time, 1450.02 real, 2951 MB
[runlim] sample:		1459.62 time, 1460.02 real, 2966 MB
[runlim] sample:		1469.62 time, 1470.02 real, 2982 MB
[runlim] sample:		1479.62 time, 1480.02 real, 2994 MB
[runlim] sample:		1489.62 time, 1490.02 real, 3007 MB
[runlim] sample:		1499.61 time, 1500.02 real, 3019 MB
[runlim] sample:		1509.61 time, 1510.02 real, 3032 MB
[runlim] sample:		1519.62 time, 1520.02 real, 3044 MB
[runlim] sample:		1529.62 time, 1530.02 real, 3058 MB
[runlim] sample:		1539.61 time, 1540.02 real, 3072 MB
[runlim] sample:		1549.62 time, 1550.02 real, 3086 MB
[runlim] sample:		1559.62 time, 1560.02 real, 3101 MB
[runlim] sample:		1569.62 time, 1570.02 real, 3114 MB
[runlim] sample:		1579.62 time, 1580.02 real, 3126 MB
[runlim] sample:		1589.60 time, 1590.02 real, 3142 MB
[runlim] sample:		1599.57 time, 1600.02 real, 3161 MB
[runlim] sample:		1609.54 time, 1610.02 real, 2404 MB
[runlim] sample:		1619.51 time, 1620.02 real, 2421 MB
[runlim] sample:		1629.48 time, 1630.02 real, 2442 MB
[runlim] sample:		1639.46 time, 1640.02 real, 2458 MB
[runlim] sample:		1649.43 time, 1650.02 real, 2478 MB
[runlim] sample:		1659.41 time, 1660.02 real, 2497 MB
[runlim] sample:		1669.38 time, 1670.02 real, 2518 MB
[runlim] sample:		1679.35 time, 1680.02 real, 2540 MB
[runlim] sample:		1689.32 time, 1690.02 real, 2560 MB
[runlim] sample:		1699.29 time, 1700.02 real, 2578 MB
[runlim] sample:		1709.26 time, 1710.02 real, 2596 MB
[runlim] sample:		1719.24 time, 1720.02 real, 2614 MB
[runlim] sample:		1729.21 time, 1730.02 real, 2630 MB
[runlim] sample:		1739.19 time, 1740.02 real, 2646 MB
[runlim] sample:		1749.16 time, 1750.02 real, 2662 MB
[runlim] sample:		1759.13 time, 1760.02 real, 2680 MB
[runlim] sample:		1769.10 time, 1770.02 real, 2701 MB
[runlim] sample:		1779.08 time, 1780.02 real, 2719 MB
[runlim] sample:		1789.04 time, 1790.02 real, 2739 MB
[runlim] sample:		1799.03 time, 1800.02 real, 2759 MB
[runlim] sample:		1809.00 time, 1810.02 real, 2778 MB
[runlim] sample:		1818.97 time, 1820.02 real, 2796 MB
[runlim] sample:		1828.94 time, 1830.02 real, 2816 MB
[runlim] sample:		1838.92 time, 1840.02 real, 2833 MB
[runlim] sample:		1848.89 time, 1850.02 real, 2850 MB
[runlim] sample:		1858.86 time, 1860.02 real, 2866 MB
[runlim] sample:		1868.83 time, 1870.02 real, 2884 MB
[runlim] sample:		1878.81 time, 1880.02 real, 2899 MB
[runlim] sample:		1888.77 time, 1890.02 real, 2915 MB
[runlim] sample:		1898.75 time, 1900.02 real, 2931 MB
[runlim] sample:		1908.72 time, 1910.02 real, 2945 MB
[runlim] sample:		1918.69 time, 1920.02 real, 2960 MB
[runlim] sample:		1928.67 time, 1930.02 real, 2976 MB
[runlim] sample:		1938.63 time, 1940.02 real, 2991 MB
[runlim] sample:		1948.61 time, 1950.02 real, 3007 MB
[runlim] sample:		1958.58 time, 1960.02 real, 3024 MB
[runlim] sample:		1968.55 time, 1970.02 real, 3038 MB
[runlim] sample:		1978.52 time, 1980.02 real, 3054 MB
[runlim] sample:		1988.50 time, 1990.02 real, 3071 MB
[runlim] sample:		1998.47 time, 2000.02 real, 3087 MB
[runlim] sample:		2008.45 time, 2010.02 real, 3102 MB
[runlim] sample:		2018.41 time, 2020.02 real, 3119 MB
[runlim] sample:		2028.39 time, 2030.02 real, 3133 MB
[runlim] sample:		2038.37 time, 2040.02 real, 3147 MB
[runlim] sample:		2048.34 time, 2050.02 real, 3163 MB
[runlim] sample:		2058.31 time, 2060.02 real, 3177 MB
[runlim] sample:		2068.28 time, 2070.02 real, 3190 MB
[runlim] sample:		2078.26 time, 2080.02 real, 3202 MB
[runlim] sample:		2088.22 time, 2090.02 real, 3218 MB
[runlim] sample:		2098.20 time, 2100.02 real, 3231 MB
[runlim] sample:		2108.18 time, 2110.02 real, 3244 MB
[runlim] sample:		2118.14 time, 2120.02 real, 3257 MB
[runlim] sample:		2128.12 time, 2130.02 real, 3269 MB
[runlim] sample:		2138.10 time, 2140.02 real, 3283 MB
[runlim] sample:		2148.06 time, 2150.02 real, 3301 MB
[runlim] sample:		2158.04 time, 2160.02 real, 3315 MB
[runlim] sample:		2168.01 time, 2170.02 real, 3329 MB
[runlim] sample:		2177.99 time, 2180.02 real, 3345 MB
[runlim] sample:		2187.96 time, 2190.02 real, 3361 MB
[runlim] sample:		2197.93 time, 2200.02 real, 3375 MB
[runlim] sample:		2207.90 time, 2210.02 real, 3392 MB
[runlim] sample:		2217.87 time, 2220.02 real, 3408 MB
[runlim] sample:		2227.84 time, 2230.02 real, 3422 MB
[runlim] sample:		2237.82 time, 2240.02 real, 3437 MB
[runlim] sample:		2247.79 time, 2250.02 real, 3452 MB
[runlim] sample:		2257.77 time, 2260.02 real, 3467 MB
[runlim] sample:		2267.74 time, 2270.02 real, 3478 MB
[runlim] sample:		2277.71 time, 2280.02 real, 3492 MB
[runlim] sample:		2287.68 time, 2290.02 real, 3504 MB
[runlim] sample:		2297.65 time, 2300.02 real, 3518 MB
[runlim] sample:		2307.63 time, 2310.02 real, 3533 MB
[runlim] sample:		2317.60 time, 2320.02 real, 3548 MB
[runlim] sample:		2327.58 time, 2330.02 real, 3562 MB
[runlim] sample:		2337.55 time, 2340.02 real, 3577 MB
[runlim] sample:		2347.52 time, 2350.02 real, 3589 MB
[runlim] sample:		2357.50 time, 2360.02 real, 3602 MB
[runlim] sample:		2367.47 time, 2370.02 real, 3617 MB
[runlim] sample:		2377.45 time, 2380.02 real, 3630 MB
[runlim] sample:		2387.41 time, 2390.02 real, 3645 MB
[runlim] sample:		2397.39 time, 2400.02 real, 3661 MB
[runlim] sample:		2407.36 time, 2410.02 real, 3674 MB
[runlim] sample:		2417.34 time, 2420.02 real, 3689 MB
[runlim] sample:		2427.31 time, 2430.02 real, 3702 MB
[runlim] sample:		2437.28 time, 2440.02 real, 3715 MB
[runlim] sample:		2447.25 time, 2450.02 real, 3729 MB
[runlim] sample:		2457.22 time, 2460.02 real, 3741 MB
[runlim] sample:		2467.20 time, 2470.02 real, 3753 MB
[runlim] sample:		2477.17 time, 2480.02 real, 3765 MB
[runlim] sample:		2487.15 time, 2490.02 real, 3778 MB
[runlim] sample:		2497.12 time, 2500.02 real, 3790 MB
[runlim] sample:		2507.08 time, 2510.02 real, 3803 MB
[runlim] sample:		2517.06 time, 2520.02 real, 3816 MB
[runlim] sample:		2527.03 time, 2530.02 real, 3829 MB
[runlim] sample:		2537.00 time, 2540.02 real, 3841 MB
[runlim] sample:		2546.98 time, 2550.02 real, 3855 MB
[runlim] sample:		2556.95 time, 2560.02 real, 3870 MB
[runlim] sample:		2566.92 time, 2570.02 real, 3883 MB
[runlim] sample:		2576.89 time, 2580.02 real, 3897 MB
[runlim] sample:		2586.87 time, 2590.02 real, 3911 MB
[runlim] sample:		2596.84 time, 2600.02 real, 3925 MB
[runlim] sample:		2606.82 time, 2610.02 real, 3943 MB
[runlim] sample:		2616.79 time, 2620.02 real, 3957 MB
[runlim] sample:		2626.76 time, 2630.02 real, 3971 MB
[runlim] sample:		2636.73 time, 2640.02 real, 3986 MB
[runlim] sample:		2646.73 time, 2650.02 real, 4000 MB
[runlim] sample:		2656.73 time, 2660.02 real, 4020 MB
[runlim] sample:		2666.73 time, 2670.02 real, 4035 MB
[runlim] sample:		2676.73 time, 2680.02 real, 4050 MB
[runlim] sample:		2686.73 time, 2690.02 real, 4064 MB
[runlim] sample:		2696.72 time, 2700.02 real, 4077 MB
[runlim] end:			Thu Feb 27 09:44:11 2020
[runlim] status:		out of time
[runlim] result:		2
[runlim] children:		1
[runlim] real:			2700.20 seconds
[runlim] time:			2696.72 seconds
[runlim] space:			5495 MB
[runlim] samples:		27000
