[runlim] version:		1.18
[runlim] host:			c3n08
[runlim] time limit:		2700 seconds
[runlim] real time limit:	2700 seconds
[runlim] space limit:		7000 MB
[runlim] argv[0]:		./binary
[runlim] argv[1]:		/data/cnf/ankit/RSet1/bobsmhdlc2.R
[runlim] start:			Thu Feb 27 08:59:10 2020
[runlim] child:			12523
[runlim] sample:		9.74 time, 10.02 real, 40 MB
[runlim] sample:		19.75 time, 20.02 real, 74 MB
[runlim] sample:		29.75 time, 30.02 real, 106 MB
[runlim] sample:		39.75 time, 40.02 real, 135 MB
[runlim] sample:		49.75 time, 50.02 real, 161 MB
[runlim] sample:		59.75 time, 60.02 real, 187 MB
[runlim] sample:		69.74 time, 70.02 real, 211 MB
[runlim] sample:		79.75 time, 80.02 real, 237 MB
[runlim] sample:		89.74 time, 90.02 real, 267 MB
[runlim] sample:		99.75 time, 100.02 real, 230 MB
[runlim] sample:		109.74 time, 110.02 real, 259 MB
[runlim] sample:		119.75 time, 120.02 real, 286 MB
[runlim] sample:		129.75 time, 130.02 real, 310 MB
[runlim] sample:		139.75 time, 140.02 real, 334 MB
[runlim] sample:		149.75 time, 150.02 real, 358 MB
[runlim] sample:		159.75 time, 160.02 real, 382 MB
[runlim] sample:		169.75 time, 170.02 real, 405 MB
[runlim] sample:		179.75 time, 180.02 real, 429 MB
[runlim] sample:		189.75 time, 190.02 real, 454 MB
[runlim] sample:		199.75 time, 200.02 real, 482 MB
[runlim] sample:		209.74 time, 210.02 real, 505 MB
[runlim] sample:		219.74 time, 220.02 real, 528 MB
[runlim] sample:		229.75 time, 230.02 real, 551 MB
[runlim] sample:		239.75 time, 240.02 real, 574 MB
[runlim] sample:		249.74 time, 250.02 real, 599 MB
[runlim] sample:		259.74 time, 260.02 real, 626 MB
[runlim] sample:		269.74 time, 270.02 real, 652 MB
[runlim] sample:		279.74 time, 280.02 real, 531 MB
[runlim] sample:		289.75 time, 290.02 real, 563 MB
[runlim] sample:		299.75 time, 300.02 real, 590 MB
[runlim] sample:		309.74 time, 310.02 real, 616 MB
[runlim] sample:		319.74 time, 320.02 real, 640 MB
[runlim] sample:		329.75 time, 330.02 real, 664 MB
[runlim] sample:		339.74 time, 340.02 real, 686 MB
[runlim] sample:		349.75 time, 350.02 real, 711 MB
[runlim] sample:		359.74 time, 360.02 real, 735 MB
[runlim] sample:		369.74 time, 370.02 real, 757 MB
[runlim] sample:		379.74 time, 380.02 real, 775 MB
[runlim] sample:		389.74 time, 390.02 real, 796 MB
[runlim] sample:		399.74 time, 400.02 real, 815 MB
[runlim] sample:		409.74 time, 410.02 real, 836 MB
[runlim] sample:		419.74 time, 420.02 real, 855 MB
[runlim] sample:		429.73 time, 430.02 real, 873 MB
[runlim] sample:		439.74 time, 440.02 real, 893 MB
[runlim] sample:		449.74 time, 450.02 real, 912 MB
[runlim] sample:		459.74 time, 460.02 real, 933 MB
[runlim] sample:		469.74 time, 470.02 real, 954 MB
[runlim] sample:		479.74 time, 480.02 real, 972 MB
[runlim] sample:		489.73 time, 490.02 real, 990 MB
[runlim] sample:		499.74 time, 500.02 real, 1010 MB
[runlim] sample:		509.73 time, 510.02 real, 1030 MB
[runlim] sample:		519.74 time, 520.02 real, 1050 MB
[runlim] sample:		529.73 time, 530.02 real, 1069 MB
[runlim] sample:		539.74 time, 540.02 real, 1087 MB
[runlim] sample:		549.74 time, 550.02 real, 1105 MB
[runlim] sample:		559.74 time, 560.02 real, 1121 MB
[runlim] sample:		569.73 time, 570.02 real, 1138 MB
[runlim] sample:		579.74 time, 580.02 real, 1157 MB
[runlim] sample:		589.73 time, 590.02 real, 1177 MB
[runlim] sample:		599.73 time, 600.02 real, 1199 MB
[runlim] sample:		609.74 time, 610.02 real, 1218 MB
[runlim] sample:		619.74 time, 620.02 real, 1241 MB
[runlim] sample:		629.74 time, 630.02 real, 1265 MB
[runlim] sample:		639.74 time, 640.02 real, 1288 MB
[runlim] sample:		649.74 time, 650.02 real, 1309 MB
[runlim] sample:		659.74 time, 660.02 real, 1329 MB
[runlim] sample:		669.74 time, 670.02 real, 1347 MB
[runlim] sample:		679.74 time, 680.02 real, 1365 MB
[runlim] sample:		689.74 time, 690.02 real, 1382 MB
[runlim] sample:		699.73 time, 700.02 real, 1403 MB
[runlim] sample:		709.73 time, 710.02 real, 1423 MB
[runlim] sample:		719.73 time, 720.02 real, 1440 MB
[runlim] sample:		729.74 time, 730.02 real, 1458 MB
[runlim] sample:		739.73 time, 740.02 real, 1477 MB
[runlim] sample:		749.74 time, 750.02 real, 1496 MB
[runlim] sample:		759.74 time, 760.02 real, 1512 MB
[runlim] sample:		769.74 time, 770.02 real, 1527 MB
[runlim] sample:		779.73 time, 780.02 real, 1544 MB
[runlim] sample:		789.73 time, 790.02 real, 1564 MB
[runlim] sample:		799.73 time, 800.02 real, 1584 MB
[runlim] sample:		809.74 time, 810.02 real, 1603 MB
[runlim] sample:		819.73 time, 820.02 real, 1620 MB
[runlim] sample:		829.73 time, 830.02 real, 1833 MB
[runlim] sample:		839.73 time, 840.02 real, 1300 MB
[runlim] sample:		849.73 time, 850.02 real, 1320 MB
[runlim] sample:		859.73 time, 860.02 real, 1340 MB
[runlim] sample:		869.73 time, 870.02 real, 1362 MB
[runlim] sample:		879.73 time, 880.02 real, 1385 MB
[runlim] sample:		889.74 time, 890.02 real, 1407 MB
[runlim] sample:		899.73 time, 900.02 real, 1422 MB
[runlim] sample:		909.73 time, 910.02 real, 1438 MB
[runlim] sample:		919.73 time, 920.02 real, 1454 MB
[runlim] sample:		929.73 time, 930.02 real, 1470 MB
[runlim] sample:		939.73 time, 940.02 real, 1486 MB
[runlim] sample:		949.73 time, 950.02 real, 1501 MB
[runlim] sample:		959.74 time, 960.02 real, 1517 MB
[runlim] sample:		969.73 time, 970.02 real, 1533 MB
[runlim] sample:		979.73 time, 980.02 real, 1550 MB
[runlim] sample:		989.73 time, 990.02 real, 1569 MB
[runlim] sample:		999.73 time, 1000.02 real, 1587 MB
[runlim] sample:		1009.73 time, 1010.02 real, 1606 MB
[runlim] sample:		1019.73 time, 1020.02 real, 1622 MB
[runlim] sample:		1029.73 time, 1030.02 real, 1642 MB
[runlim] sample:		1039.73 time, 1040.02 real, 1659 MB
[runlim] sample:		1049.73 time, 1050.02 real, 1677 MB
[runlim] sample:		1059.73 time, 1060.02 real, 1693 MB
[runlim] sample:		1069.73 time, 1070.02 real, 1707 MB
[runlim] sample:		1079.73 time, 1080.02 real, 1718 MB
[runlim] sample:		1089.73 time, 1090.02 real, 1731 MB
[runlim] sample:		1099.73 time, 1100.02 real, 1746 MB
[runlim] sample:		1109.73 time, 1110.02 real, 1762 MB
[runlim] sample:		1119.73 time, 1120.02 real, 1779 MB
[runlim] sample:		1129.73 time, 1130.02 real, 1798 MB
[runlim] sample:		1139.73 time, 1140.02 real, 1813 MB
[runlim] sample:		1149.73 time, 1150.02 real, 1830 MB
[runlim] sample:		1159.73 time, 1160.02 real, 1843 MB
[runlim] sample:		1169.73 time, 1170.02 real, 1858 MB
[runlim] sample:		1179.73 time, 1180.02 real, 1876 MB
[runlim] sample:		1189.73 time, 1190.02 real, 1889 MB
[runlim] sample:		1199.73 time, 1200.02 real, 1901 MB
[runlim] sample:		1209.72 time, 1210.02 real, 1916 MB
[runlim] sample:		1219.73 time, 1220.02 real, 1928 MB
[runlim] sample:		1229.73 time, 1230.02 real, 1944 MB
[runlim] sample:		1239.72 time, 1240.02 real, 1957 MB
[runlim] sample:		1249.73 time, 1250.02 real, 1971 MB
[runlim] sample:		1259.73 time, 1260.02 real, 1982 MB
[runlim] sample:		1269.73 time, 1270.02 real, 1995 MB
[runlim] sample:		1279.74 time, 1280.02 real, 2008 MB
[runlim] sample:		1289.73 time, 1290.02 real, 2024 MB
[runlim] sample:		1299.73 time, 1300.02 real, 2041 MB
[runlim] sample:		1309.73 time, 1310.02 real, 2057 MB
[runlim] sample:		1319.73 time, 1320.02 real, 2071 MB
[runlim] sample:		1329.73 time, 1330.02 real, 2085 MB
[runlim] sample:		1339.73 time, 1340.02 real, 2098 MB
[runlim] sample:		1349.73 time, 1350.02 real, 2110 MB
[runlim] sample:		1359.73 time, 1360.02 real, 2128 MB
[runlim] sample:		1369.73 time, 1370.02 real, 2141 MB
[runlim] sample:		1379.73 time, 1380.02 real, 2155 MB
[runlim] sample:		1389.73 time, 1390.02 real, 2172 MB
[runlim] sample:		1399.73 time, 1400.02 real, 2184 MB
[runlim] sample:		1409.73 time, 1410.02 real, 2197 MB
[runlim] sample:		1419.73 time, 1420.02 real, 2212 MB
[runlim] sample:		1429.72 time, 1430.02 real, 2224 MB
[runlim] sample:		1439.73 time, 1440.02 real, 2236 MB
[runlim] sample:		1449.73 time, 1450.02 real, 2249 MB
[runlim] sample:		1459.72 time, 1460.02 real, 2262 MB
[runlim] sample:		1469.73 time, 1470.02 real, 2274 MB
[runlim] sample:		1479.73 time, 1480.02 real, 2285 MB
[runlim] sample:		1489.72 time, 1490.02 real, 2297 MB
[runlim] sample:		1499.72 time, 1500.02 real, 2309 MB
[runlim] sample:		1509.73 time, 1510.02 real, 2321 MB
[runlim] sample:		1519.73 time, 1520.02 real, 2334 MB
[runlim] sample:		1529.73 time, 1530.02 real, 2344 MB
[runlim] sample:		1539.72 time, 1540.02 real, 2354 MB
[runlim] sample:		1549.73 time, 1550.02 real, 2368 MB
[runlim] sample:		1559.73 time, 1560.02 real, 2381 MB
[runlim] sample:		1569.73 time, 1570.02 real, 2396 MB
[runlim] sample:		1579.73 time, 1580.02 real, 2411 MB
[runlim] sample:		1589.72 time, 1590.02 real, 2423 MB
[runlim] sample:		1599.72 time, 1600.02 real, 2434 MB
[runlim] sample:		1609.72 time, 1610.02 real, 2443 MB
[runlim] sample:		1619.73 time, 1620.02 real, 2451 MB
[runlim] sample:		1629.72 time, 1630.02 real, 2464 MB
[runlim] sample:		1639.73 time, 1640.02 real, 2476 MB
[runlim] sample:		1649.73 time, 1650.02 real, 2493 MB
[runlim] sample:		1659.73 time, 1660.02 real, 2502 MB
[runlim] sample:		1669.72 time, 1670.02 real, 2512 MB
[runlim] sample:		1679.73 time, 1680.02 real, 2523 MB
[runlim] sample:		1689.72 time, 1690.02 real, 2534 MB
[runlim] sample:		1699.73 time, 1700.02 real, 2548 MB
[runlim] sample:		1709.73 time, 1710.02 real, 2564 MB
[runlim] sample:		1719.73 time, 1720.02 real, 2578 MB
[runlim] sample:		1729.73 time, 1730.02 real, 2590 MB
[runlim] sample:		1739.73 time, 1740.02 real, 2606 MB
[runlim] sample:		1749.72 time, 1750.02 real, 2619 MB
[runlim] sample:		1759.72 time, 1760.02 real, 2635 MB
[runlim] sample:		1769.72 time, 1770.02 real, 2655 MB
[runlim] sample:		1779.73 time, 1780.02 real, 2670 MB
[runlim] sample:		1789.72 time, 1790.02 real, 2682 MB
[runlim] sample:		1799.72 time, 1800.02 real, 2696 MB
[runlim] sample:		1809.72 time, 1810.02 real, 2710 MB
[runlim] sample:		1819.72 time, 1820.02 real, 2724 MB
[runlim] sample:		1829.72 time, 1830.02 real, 2738 MB
[runlim] sample:		1839.73 time, 1840.02 real, 2752 MB
[runlim] sample:		1849.72 time, 1850.02 real, 2767 MB
[runlim] sample:		1859.73 time, 1860.02 real, 2780 MB
[runlim] sample:		1869.72 time, 1870.02 real, 2793 MB
[runlim] sample:		1879.73 time, 1880.02 real, 2808 MB
[runlim] sample:		1889.72 time, 1890.02 real, 2820 MB
[runlim] sample:		1899.72 time, 1900.02 real, 2831 MB
[runlim] sample:		1909.72 time, 1910.02 real, 2843 MB
[runlim] sample:		1919.73 time, 1920.02 real, 2855 MB
[runlim] sample:		1929.72 time, 1930.02 real, 2867 MB
[runlim] sample:		1939.72 time, 1940.02 real, 2877 MB
[runlim] sample:		1949.72 time, 1950.02 real, 2887 MB
[runlim] sample:		1959.72 time, 1960.02 real, 2900 MB
[runlim] sample:		1969.72 time, 1970.02 real, 2916 MB
[runlim] sample:		1979.72 time, 1980.02 real, 2931 MB
[runlim] sample:		1989.72 time, 1990.02 real, 2943 MB
[runlim] sample:		1999.72 time, 2000.02 real, 2953 MB
[runlim] sample:		2009.72 time, 2010.02 real, 2960 MB
[runlim] sample:		2019.72 time, 2020.02 real, 2970 MB
[runlim] sample:		2029.72 time, 2030.02 real, 2982 MB
[runlim] sample:		2039.72 time, 2040.02 real, 2994 MB
[runlim] sample:		2049.72 time, 2050.02 real, 3006 MB
[runlim] sample:		2059.72 time, 2060.02 real, 3015 MB
[runlim] sample:		2069.72 time, 2070.02 real, 3027 MB
[runlim] sample:		2079.72 time, 2080.02 real, 3038 MB
[runlim] sample:		2089.72 time, 2090.02 real, 3052 MB
[runlim] sample:		2099.72 time, 2100.02 real, 3068 MB
[runlim] sample:		2109.72 time, 2110.02 real, 3080 MB
[runlim] sample:		2119.72 time, 2120.02 real, 3093 MB
[runlim] sample:		2129.72 time, 2130.02 real, 3106 MB
[runlim] sample:		2139.72 time, 2140.02 real, 3117 MB
[runlim] sample:		2149.72 time, 2150.02 real, 3127 MB
[runlim] sample:		2159.72 time, 2160.02 real, 3135 MB
[runlim] sample:		2169.71 time, 2170.02 real, 3145 MB
[runlim] sample:		2179.71 time, 2180.02 real, 3157 MB
[runlim] sample:		2189.71 time, 2190.02 real, 3169 MB
[runlim] sample:		2199.72 time, 2200.02 real, 3180 MB
[runlim] sample:		2209.72 time, 2210.02 real, 3191 MB
[runlim] sample:		2219.72 time, 2220.02 real, 3201 MB
[runlim] sample:		2229.72 time, 2230.02 real, 3212 MB
[runlim] sample:		2239.72 time, 2240.02 real, 3223 MB
[runlim] sample:		2249.71 time, 2250.02 real, 3232 MB
[runlim] sample:		2259.72 time, 2260.02 real, 3241 MB
[runlim] sample:		2269.72 time, 2270.02 real, 3250 MB
[runlim] sample:		2279.72 time, 2280.02 real, 3258 MB
[runlim] sample:		2289.72 time, 2290.02 real, 3267 MB
[runlim] sample:		2299.72 time, 2300.02 real, 3281 MB
[runlim] sample:		2309.72 time, 2310.02 real, 3294 MB
[runlim] sample:		2319.71 time, 2320.02 real, 3306 MB
[runlim] sample:		2329.72 time, 2330.02 real, 3322 MB
[runlim] sample:		2339.72 time, 2340.02 real, 3335 MB
[runlim] sample:		2349.72 time, 2350.02 real, 3349 MB
[runlim] sample:		2359.71 time, 2360.02 real, 3360 MB
[runlim] sample:		2369.72 time, 2370.02 real, 3371 MB
[runlim] sample:		2379.72 time, 2380.02 real, 3383 MB
[runlim] sample:		2389.72 time, 2390.02 real, 3395 MB
[runlim] sample:		2399.72 time, 2400.02 real, 3406 MB
[runlim] sample:		2409.71 time, 2410.02 real, 3416 MB
[runlim] sample:		2419.71 time, 2420.02 real, 3428 MB
[runlim] sample:		2429.72 time, 2430.02 real, 3445 MB
[runlim] sample:		2439.72 time, 2440.02 real, 3457 MB
[runlim] sample:		2449.71 time, 2450.02 real, 3469 MB
[runlim] sample:		2459.72 time, 2460.02 real, 3481 MB
[runlim] sample:		2469.71 time, 2470.02 real, 3493 MB
[runlim] sample:		2479.72 time, 2480.02 real, 3504 MB
[runlim] sample:		2489.72 time, 2490.02 real, 3517 MB
[runlim] sample:		2499.71 time, 2500.02 real, 3525 MB
[runlim] sample:		2509.71 time, 2510.02 real, 3534 MB
[runlim] sample:		2519.71 time, 2520.02 real, 3547 MB
[runlim] sample:		2529.71 time, 2530.02 real, 3560 MB
[runlim] sample:		2539.72 time, 2540.02 real, 3575 MB
[runlim] sample:		2549.71 time, 2550.02 real, 3588 MB
[runlim] sample:		2559.71 time, 2560.02 real, 3602 MB
[runlim] sample:		2569.71 time, 2570.02 real, 3617 MB
[runlim] sample:		2579.71 time, 2580.02 real, 3631 MB
[runlim] sample:		2589.71 time, 2590.02 real, 3645 MB
[runlim] sample:		2599.72 time, 2600.02 real, 3656 MB
[runlim] sample:		2609.72 time, 2610.02 real, 3666 MB
[runlim] sample:		2619.72 time, 2620.02 real, 3676 MB
[runlim] sample:		2629.71 time, 2630.02 real, 3686 MB
[runlim] sample:		2639.71 time, 2640.02 real, 3695 MB
[runlim] sample:		2649.71 time, 2650.02 real, 3704 MB
[runlim] sample:		2659.71 time, 2660.02 real, 3714 MB
[runlim] sample:		2669.72 time, 2670.02 real, 3724 MB
[runlim] sample:		2679.71 time, 2680.02 real, 3733 MB
[runlim] sample:		2689.71 time, 2690.02 real, 3744 MB
[runlim] sample:		2699.71 time, 2700.02 real, 3753 MB
[runlim] end:			Thu Feb 27 09:44:11 2020
[runlim] status:		out of time
[runlim] result:		2
[runlim] children:		1
[runlim] real:			2700.34 seconds
[runlim] time:			2699.71 seconds
[runlim] space:			3753 MB
[runlim] samples:		27000
