[runlim] version:		1.18
[runlim] host:			c3n08
[runlim] time limit:		2700 seconds
[runlim] real time limit:	2700 seconds
[runlim] space limit:		7000 MB
[runlim] argv[0]:		./binary
[runlim] argv[1]:		/data/cnf/ankit/RSet1/c1_Debug_s3_f2_e1_v2.dqbf
[runlim] start:			Thu Feb 27 08:59:10 2020
[runlim] child:			12540
[runlim] sample:		8.76 time, 10.02 real, 591 MB
[runlim] sample:		18.76 time, 20.02 real, 641 MB
[runlim] sample:		28.76 time, 30.02 real, 714 MB
[runlim] sample:		38.76 time, 40.02 real, 752 MB
[runlim] sample:		48.76 time, 50.02 real, 827 MB
[runlim] sample:		58.77 time, 60.02 real, 870 MB
[runlim] sample:		68.77 time, 70.02 real, 901 MB
[runlim] sample:		78.77 time, 80.02 real, 943 MB
[runlim] sample:		88.76 time, 90.02 real, 1067 MB
[runlim] sample:		98.77 time, 100.02 real, 1102 MB
[runlim] sample:		108.76 time, 110.02 real, 1125 MB
[runlim] sample:		118.76 time, 120.02 real, 1157 MB
[runlim] sample:		128.76 time, 130.02 real, 1187 MB
[runlim] sample:		138.76 time, 140.02 real, 1222 MB
[runlim] sample:		148.76 time, 150.02 real, 1253 MB
[runlim] sample:		158.76 time, 160.02 real, 1321 MB
[runlim] sample:		168.76 time, 170.02 real, 1361 MB
[runlim] sample:		178.76 time, 180.02 real, 1399 MB
[runlim] sample:		188.76 time, 190.02 real, 1503 MB
[runlim] sample:		198.76 time, 200.02 real, 1539 MB
[runlim] sample:		208.76 time, 210.02 real, 1571 MB
[runlim] sample:		218.76 time, 220.02 real, 1612 MB
[runlim] sample:		228.75 time, 230.02 real, 1636 MB
[runlim] sample:		238.76 time, 240.02 real, 1652 MB
[runlim] sample:		248.76 time, 250.02 real, 1733 MB
[runlim] sample:		258.75 time, 260.02 real, 1795 MB
[runlim] sample:		268.76 time, 270.02 real, 1810 MB
[runlim] sample:		278.76 time, 280.02 real, 1835 MB
[runlim] sample:		288.76 time, 290.02 real, 1860 MB
[runlim] sample:		298.76 time, 300.02 real, 1885 MB
[runlim] sample:		308.76 time, 310.02 real, 1923 MB
[runlim] sample:		318.76 time, 320.02 real, 1923 MB
[runlim] sample:		328.75 time, 330.02 real, 1956 MB
[runlim] sample:		338.76 time, 340.02 real, 2007 MB
[runlim] sample:		348.76 time, 350.02 real, 2010 MB
[runlim] sample:		358.76 time, 360.02 real, 2014 MB
[runlim] end:			Thu Feb 27 09:05:17 2020
[runlim] status:		ok
[runlim] result:		0
[runlim] children:		1
[runlim] real:			366.60 seconds
[runlim] time:			365.26 seconds
[runlim] space:			2016 MB
[runlim] samples:		3665
