[runlim] version:		1.18
[runlim] host:			c3n07
[runlim] time limit:		2700 seconds
[runlim] real time limit:	2700 seconds
[runlim] space limit:		7000 MB
[runlim] argv[0]:		./binary
[runlim] argv[1]:		/data/cnf/ankit/RSet1/eijkbs3330.R
[runlim] start:			Thu Feb 27 08:59:11 2020
[runlim] child:			9341
[runlim] sample:		9.77 time, 10.02 real, 34 MB
[runlim] sample:		19.77 time, 20.02 real, 57 MB
[runlim] sample:		29.76 time, 30.02 real, 79 MB
[runlim] sample:		39.77 time, 40.02 real, 102 MB
[runlim] sample:		49.76 time, 50.02 real, 123 MB
[runlim] sample:		59.77 time, 60.02 real, 145 MB
[runlim] sample:		69.77 time, 70.02 real, 167 MB
[runlim] sample:		79.77 time, 80.02 real, 189 MB
[runlim] sample:		89.77 time, 90.02 real, 211 MB
[runlim] sample:		99.77 time, 100.02 real, 233 MB
[runlim] sample:		109.77 time, 110.02 real, 254 MB
[runlim] sample:		119.77 time, 120.02 real, 274 MB
[runlim] sample:		129.77 time, 130.02 real, 293 MB
[runlim] sample:		139.77 time, 140.02 real, 314 MB
[runlim] sample:		149.76 time, 150.02 real, 334 MB
[runlim] sample:		159.77 time, 160.02 real, 353 MB
[runlim] sample:		169.76 time, 170.02 real, 373 MB
[runlim] sample:		179.77 time, 180.02 real, 392 MB
[runlim] sample:		189.77 time, 190.02 real, 411 MB
[runlim] sample:		199.77 time, 200.02 real, 429 MB
[runlim] sample:		209.76 time, 210.02 real, 447 MB
[runlim] sample:		219.76 time, 220.02 real, 466 MB
[runlim] sample:		229.76 time, 230.02 real, 484 MB
[runlim] sample:		239.77 time, 240.02 real, 502 MB
[runlim] sample:		249.76 time, 250.02 real, 520 MB
[runlim] sample:		259.77 time, 260.02 real, 540 MB
[runlim] sample:		269.77 time, 270.02 real, 558 MB
[runlim] sample:		279.77 time, 280.02 real, 576 MB
[runlim] sample:		289.77 time, 290.02 real, 593 MB
[runlim] sample:		299.76 time, 300.02 real, 612 MB
[runlim] sample:		309.77 time, 310.02 real, 630 MB
[runlim] sample:		319.76 time, 320.02 real, 650 MB
[runlim] sample:		329.76 time, 330.02 real, 668 MB
[runlim] sample:		339.77 time, 340.02 real, 685 MB
[runlim] sample:		349.76 time, 350.02 real, 701 MB
[runlim] sample:		359.76 time, 360.02 real, 721 MB
[runlim] sample:		369.77 time, 370.02 real, 739 MB
[runlim] sample:		379.77 time, 380.02 real, 755 MB
[runlim] sample:		389.77 time, 390.02 real, 769 MB
[runlim] sample:		399.76 time, 400.02 real, 784 MB
[runlim] sample:		409.76 time, 410.02 real, 797 MB
[runlim] sample:		419.76 time, 420.02 real, 811 MB
[runlim] sample:		429.76 time, 430.02 real, 825 MB
[runlim] sample:		439.77 time, 440.02 real, 840 MB
[runlim] sample:		449.77 time, 450.02 real, 855 MB
[runlim] sample:		459.76 time, 460.02 real, 868 MB
[runlim] sample:		469.76 time, 470.02 real, 881 MB
[runlim] sample:		479.77 time, 480.02 real, 894 MB
[runlim] sample:		489.76 time, 490.02 real, 910 MB
[runlim] sample:		499.76 time, 500.02 real, 928 MB
[runlim] sample:		509.76 time, 510.02 real, 943 MB
[runlim] sample:		519.76 time, 520.02 real, 958 MB
[runlim] sample:		529.76 time, 530.02 real, 975 MB
[runlim] sample:		539.76 time, 540.02 real, 992 MB
[runlim] sample:		549.76 time, 550.02 real, 1008 MB
[runlim] sample:		559.76 time, 560.02 real, 1024 MB
[runlim] sample:		569.76 time, 570.02 real, 1040 MB
[runlim] sample:		579.76 time, 580.02 real, 1058 MB
[runlim] sample:		589.76 time, 590.02 real, 1076 MB
[runlim] sample:		599.76 time, 600.02 real, 1092 MB
[runlim] sample:		609.76 time, 610.02 real, 1107 MB
[runlim] sample:		619.76 time, 620.02 real, 1122 MB
[runlim] sample:		629.76 time, 630.02 real, 1140 MB
[runlim] sample:		639.76 time, 640.02 real, 1156 MB
[runlim] sample:		649.76 time, 650.02 real, 1173 MB
[runlim] sample:		659.76 time, 660.02 real, 1188 MB
[runlim] sample:		669.75 time, 670.02 real, 1204 MB
[runlim] sample:		679.76 time, 680.02 real, 1220 MB
[runlim] sample:		689.76 time, 690.02 real, 1236 MB
[runlim] sample:		699.76 time, 700.02 real, 1251 MB
[runlim] sample:		709.76 time, 710.02 real, 1267 MB
[runlim] sample:		719.75 time, 720.02 real, 1282 MB
[runlim] sample:		729.76 time, 730.02 real, 1298 MB
[runlim] sample:		739.76 time, 740.02 real, 1312 MB
[runlim] sample:		749.75 time, 750.02 real, 1326 MB
[runlim] sample:		759.75 time, 760.02 real, 1340 MB
[runlim] sample:		769.76 time, 770.02 real, 1354 MB
[runlim] sample:		779.76 time, 780.02 real, 1366 MB
[runlim] sample:		789.76 time, 790.02 real, 1379 MB
[runlim] sample:		799.76 time, 800.02 real, 1394 MB
[runlim] sample:		809.75 time, 810.02 real, 1407 MB
[runlim] sample:		819.76 time, 820.02 real, 1421 MB
[runlim] sample:		829.76 time, 830.02 real, 1435 MB
[runlim] sample:		839.75 time, 840.02 real, 1448 MB
[runlim] sample:		849.75 time, 850.02 real, 1461 MB
[runlim] sample:		859.75 time, 860.02 real, 1474 MB
[runlim] sample:		869.76 time, 870.02 real, 1488 MB
[runlim] sample:		879.75 time, 880.02 real, 1500 MB
[runlim] sample:		889.76 time, 890.02 real, 1513 MB
[runlim] sample:		899.75 time, 900.02 real, 1524 MB
[runlim] sample:		909.76 time, 910.02 real, 1537 MB
[runlim] sample:		919.76 time, 920.02 real, 1549 MB
[runlim] sample:		929.75 time, 930.02 real, 1561 MB
[runlim] sample:		939.75 time, 940.02 real, 1573 MB
[runlim] sample:		949.75 time, 950.02 real, 1586 MB
[runlim] sample:		959.76 time, 960.02 real, 1598 MB
[runlim] sample:		969.75 time, 970.02 real, 1613 MB
[runlim] sample:		979.75 time, 980.02 real, 1625 MB
[runlim] sample:		989.76 time, 990.02 real, 1636 MB
[runlim] sample:		999.76 time, 1000.02 real, 1647 MB
[runlim] sample:		1009.75 time, 1010.02 real, 1658 MB
[runlim] sample:		1019.75 time, 1020.02 real, 1670 MB
[runlim] sample:		1029.76 time, 1030.02 real, 1681 MB
[runlim] sample:		1039.75 time, 1040.02 real, 1695 MB
[runlim] sample:		1049.75 time, 1050.02 real, 1707 MB
[runlim] sample:		1059.75 time, 1060.02 real, 1719 MB
[runlim] sample:		1069.75 time, 1070.02 real, 1731 MB
[runlim] sample:		1079.75 time, 1080.02 real, 1742 MB
[runlim] sample:		1089.75 time, 1090.02 real, 1756 MB
[runlim] sample:		1099.76 time, 1100.02 real, 1769 MB
[runlim] sample:		1109.75 time, 1110.02 real, 1781 MB
[runlim] sample:		1119.75 time, 1120.02 real, 1795 MB
[runlim] sample:		1129.75 time, 1130.02 real, 1807 MB
[runlim] sample:		1139.75 time, 1140.02 real, 1820 MB
[runlim] sample:		1149.75 time, 1150.02 real, 1833 MB
[runlim] sample:		1159.75 time, 1160.02 real, 1845 MB
[runlim] sample:		1169.75 time, 1170.02 real, 1856 MB
[runlim] sample:		1179.75 time, 1180.02 real, 1871 MB
[runlim] sample:		1189.75 time, 1190.02 real, 1884 MB
[runlim] sample:		1199.75 time, 1200.02 real, 1898 MB
[runlim] sample:		1209.75 time, 1210.02 real, 1911 MB
[runlim] sample:		1219.75 time, 1220.02 real, 1924 MB
[runlim] sample:		1229.75 time, 1230.02 real, 1935 MB
[runlim] sample:		1239.74 time, 1240.02 real, 1948 MB
[runlim] sample:		1249.75 time, 1250.02 real, 1961 MB
[runlim] sample:		1259.75 time, 1260.02 real, 1973 MB
[runlim] sample:		1269.75 time, 1270.02 real, 1985 MB
[runlim] sample:		1279.75 time, 1280.02 real, 1996 MB
[runlim] sample:		1289.75 time, 1290.02 real, 2009 MB
[runlim] sample:		1299.75 time, 1300.02 real, 2020 MB
[runlim] sample:		1309.75 time, 1310.02 real, 2031 MB
[runlim] sample:		1319.74 time, 1320.02 real, 2042 MB
[runlim] sample:		1329.74 time, 1330.02 real, 2054 MB
[runlim] sample:		1339.74 time, 1340.02 real, 2067 MB
[runlim] sample:		1349.75 time, 1350.02 real, 2077 MB
[runlim] sample:		1359.74 time, 1360.02 real, 2088 MB
[runlim] sample:		1369.75 time, 1370.02 real, 2100 MB
[runlim] sample:		1379.75 time, 1380.02 real, 2113 MB
[runlim] sample:		1389.75 time, 1390.02 real, 2124 MB
[runlim] sample:		1399.75 time, 1400.02 real, 2137 MB
[runlim] sample:		1409.74 time, 1410.02 real, 2149 MB
[runlim] sample:		1419.75 time, 1420.02 real, 2161 MB
[runlim] sample:		1429.74 time, 1430.02 real, 2174 MB
[runlim] sample:		1439.74 time, 1440.02 real, 2188 MB
[runlim] sample:		1449.75 time, 1450.02 real, 2201 MB
[runlim] sample:		1459.75 time, 1460.02 real, 2213 MB
[runlim] sample:		1469.75 time, 1470.02 real, 2226 MB
[runlim] sample:		1479.75 time, 1480.02 real, 2238 MB
[runlim] sample:		1489.75 time, 1490.02 real, 2249 MB
[runlim] sample:		1499.74 time, 1500.02 real, 2261 MB
[runlim] sample:		1509.74 time, 1510.02 real, 2271 MB
[runlim] sample:		1519.74 time, 1520.02 real, 2283 MB
[runlim] sample:		1529.74 time, 1530.02 real, 2294 MB
[runlim] sample:		1539.74 time, 1540.02 real, 2306 MB
[runlim] sample:		1549.74 time, 1550.02 real, 2315 MB
[runlim] sample:		1559.75 time, 1560.02 real, 2326 MB
[runlim] sample:		1569.74 time, 1570.02 real, 2336 MB
[runlim] sample:		1579.74 time, 1580.02 real, 2347 MB
[runlim] sample:		1589.74 time, 1590.02 real, 2358 MB
[runlim] sample:		1599.74 time, 1600.02 real, 2369 MB
[runlim] sample:		1609.75 time, 1610.02 real, 2381 MB
[runlim] sample:		1619.75 time, 1620.02 real, 2391 MB
[runlim] sample:		1629.74 time, 1630.02 real, 2401 MB
[runlim] sample:		1639.75 time, 1640.02 real, 2412 MB
[runlim] sample:		1649.75 time, 1650.02 real, 2424 MB
[runlim] sample:		1659.75 time, 1660.02 real, 2437 MB
[runlim] sample:		1669.74 time, 1670.02 real, 2448 MB
[runlim] sample:		1679.74 time, 1680.02 real, 2459 MB
[runlim] sample:		1689.75 time, 1690.02 real, 2471 MB
[runlim] sample:		1699.74 time, 1700.02 real, 2481 MB
[runlim] sample:		1709.74 time, 1710.02 real, 2491 MB
[runlim] sample:		1719.74 time, 1720.02 real, 2502 MB
[runlim] sample:		1729.75 time, 1730.02 real, 2513 MB
[runlim] sample:		1739.75 time, 1740.02 real, 2525 MB
[runlim] sample:		1749.74 time, 1750.02 real, 2536 MB
[runlim] sample:		1759.74 time, 1760.02 real, 2548 MB
[runlim] sample:		1769.74 time, 1770.02 real, 2559 MB
[runlim] sample:		1779.74 time, 1780.02 real, 2571 MB
[runlim] sample:		1789.74 time, 1790.02 real, 2583 MB
[runlim] sample:		1799.74 time, 1800.02 real, 2594 MB
[runlim] sample:		1809.74 time, 1810.02 real, 2607 MB
[runlim] sample:		1819.74 time, 1820.02 real, 2618 MB
[runlim] sample:		1829.74 time, 1830.02 real, 2630 MB
[runlim] sample:		1839.74 time, 1840.02 real, 2642 MB
[runlim] sample:		1849.74 time, 1850.02 real, 2655 MB
[runlim] sample:		1859.74 time, 1860.02 real, 2669 MB
[runlim] sample:		1869.74 time, 1870.02 real, 2685 MB
[runlim] sample:		1879.74 time, 1880.02 real, 2698 MB
[runlim] sample:		1889.74 time, 1890.02 real, 2710 MB
[runlim] sample:		1899.74 time, 1900.02 real, 2721 MB
[runlim] sample:		1909.74 time, 1910.02 real, 2732 MB
[runlim] sample:		1919.73 time, 1920.02 real, 2743 MB
[runlim] sample:		1929.74 time, 1930.02 real, 2754 MB
[runlim] sample:		1939.74 time, 1940.02 real, 2766 MB
[runlim] sample:		1949.74 time, 1950.02 real, 2780 MB
[runlim] sample:		1959.74 time, 1960.02 real, 2792 MB
[runlim] sample:		1969.74 time, 1970.02 real, 2803 MB
[runlim] sample:		1979.73 time, 1980.02 real, 2811 MB
[runlim] sample:		1989.74 time, 1990.02 real, 2820 MB
[runlim] sample:		1999.74 time, 2000.02 real, 2830 MB
[runlim] sample:		2009.74 time, 2010.02 real, 2839 MB
[runlim] sample:		2019.74 time, 2020.02 real, 2848 MB
[runlim] sample:		2029.73 time, 2030.02 real, 2857 MB
[runlim] sample:		2039.74 time, 2040.02 real, 2868 MB
[runlim] sample:		2049.73 time, 2050.02 real, 2876 MB
[runlim] sample:		2059.74 time, 2060.02 real, 2884 MB
[runlim] sample:		2069.73 time, 2070.02 real, 2893 MB
[runlim] sample:		2079.74 time, 2080.02 real, 2900 MB
[runlim] sample:		2089.73 time, 2090.02 real, 2906 MB
[runlim] sample:		2099.74 time, 2100.02 real, 2914 MB
[runlim] sample:		2109.73 time, 2110.02 real, 2922 MB
[runlim] sample:		2119.74 time, 2120.02 real, 2929 MB
[runlim] sample:		2129.73 time, 2130.02 real, 2937 MB
[runlim] sample:		2139.73 time, 2140.02 real, 2945 MB
[runlim] sample:		2149.73 time, 2150.02 real, 2953 MB
[runlim] sample:		2159.73 time, 2160.02 real, 2963 MB
[runlim] sample:		2169.73 time, 2170.02 real, 2975 MB
[runlim] sample:		2179.74 time, 2180.02 real, 2986 MB
[runlim] sample:		2189.73 time, 2190.02 real, 2995 MB
[runlim] sample:		2199.74 time, 2200.02 real, 3006 MB
[runlim] sample:		2209.73 time, 2210.02 real, 3017 MB
[runlim] sample:		2219.74 time, 2220.02 real, 3033 MB
[runlim] sample:		2229.73 time, 2230.02 real, 3045 MB
[runlim] sample:		2239.73 time, 2240.02 real, 3061 MB
[runlim] sample:		2249.74 time, 2250.02 real, 3073 MB
[runlim] sample:		2259.73 time, 2260.02 real, 3085 MB
[runlim] sample:		2269.73 time, 2270.02 real, 3096 MB
[runlim] sample:		2279.74 time, 2280.02 real, 3107 MB
[runlim] sample:		2289.73 time, 2290.02 real, 3118 MB
[runlim] sample:		2299.73 time, 2300.02 real, 3127 MB
[runlim] sample:		2309.74 time, 2310.02 real, 3136 MB
[runlim] sample:		2319.73 time, 2320.02 real, 3145 MB
[runlim] sample:		2329.73 time, 2330.02 real, 3154 MB
[runlim] sample:		2339.73 time, 2340.02 real, 3162 MB
[runlim] sample:		2349.73 time, 2350.02 real, 3170 MB
[runlim] sample:		2359.73 time, 2360.02 real, 3176 MB
[runlim] sample:		2369.73 time, 2370.02 real, 3183 MB
[runlim] sample:		2379.73 time, 2380.02 real, 3189 MB
[runlim] sample:		2389.74 time, 2390.02 real, 3195 MB
[runlim] sample:		2399.73 time, 2400.02 real, 3203 MB
[runlim] sample:		2409.73 time, 2410.02 real, 3209 MB
[runlim] sample:		2419.73 time, 2420.02 real, 3216 MB
[runlim] sample:		2429.73 time, 2430.02 real, 3224 MB
[runlim] sample:		2439.73 time, 2440.02 real, 3235 MB
[runlim] sample:		2449.73 time, 2450.02 real, 3243 MB
[runlim] sample:		2459.73 time, 2460.02 real, 3250 MB
[runlim] sample:		2469.73 time, 2470.02 real, 3258 MB
[runlim] sample:		2479.73 time, 2480.02 real, 3266 MB
[runlim] sample:		2489.73 time, 2490.02 real, 3277 MB
[runlim] sample:		2499.73 time, 2500.02 real, 3291 MB
[runlim] sample:		2509.73 time, 2510.02 real, 3303 MB
[runlim] sample:		2519.73 time, 2520.02 real, 3316 MB
[runlim] sample:		2529.73 time, 2530.02 real, 3328 MB
[runlim] sample:		2539.73 time, 2540.02 real, 3340 MB
[runlim] sample:		2549.73 time, 2550.02 real, 3351 MB
[runlim] sample:		2559.73 time, 2560.02 real, 3360 MB
[runlim] sample:		2569.72 time, 2570.02 real, 3373 MB
[runlim] sample:		2579.73 time, 2580.02 real, 3383 MB
[runlim] sample:		2589.73 time, 2590.02 real, 3394 MB
[runlim] sample:		2599.72 time, 2600.02 real, 3405 MB
[runlim] sample:		2609.73 time, 2610.02 real, 3414 MB
[runlim] sample:		2619.73 time, 2620.02 real, 3424 MB
[runlim] sample:		2629.73 time, 2630.02 real, 3436 MB
[runlim] sample:		2639.73 time, 2640.02 real, 3446 MB
[runlim] sample:		2649.72 time, 2650.02 real, 3457 MB
[runlim] sample:		2659.72 time, 2660.02 real, 3468 MB
[runlim] sample:		2669.72 time, 2670.02 real, 3478 MB
[runlim] sample:		2679.72 time, 2680.02 real, 3489 MB
[runlim] sample:		2689.72 time, 2690.02 real, 3499 MB
[runlim] sample:		2699.73 time, 2700.02 real, 3509 MB
[runlim] end:			Thu Feb 27 09:44:11 2020
[runlim] status:		out of time
[runlim] result:		2
[runlim] children:		1
[runlim] real:			2700.19 seconds
[runlim] time:			2699.73 seconds
[runlim] space:			3509 MB
[runlim] samples:		27000
