[runlim] version:		1.18
[runlim] host:			c3n10
[runlim] time limit:		2700 seconds
[runlim] real time limit:	2700 seconds
[runlim] space limit:		7000 MB
[runlim] argv[0]:		./binary
[runlim] argv[1]:		/data/cnf/ankit/RSet1/floor256.R
[runlim] start:			Thu Feb 27 08:59:10 2020
[runlim] child:			9341
[runlim] sample:		8.59 time, 10.02 real, 54 MB
[runlim] sample:		18.59 time, 20.02 real, 92 MB
[runlim] sample:		28.59 time, 30.02 real, 131 MB
[runlim] sample:		38.60 time, 40.02 real, 168 MB
[runlim] sample:		48.60 time, 50.02 real, 204 MB
[runlim] sample:		58.59 time, 60.02 real, 239 MB
[runlim] sample:		68.60 time, 70.02 real, 274 MB
[runlim] sample:		78.60 time, 80.02 real, 307 MB
[runlim] sample:		88.60 time, 90.02 real, 340 MB
[runlim] sample:		98.60 time, 100.02 real, 373 MB
[runlim] sample:		108.60 time, 110.02 real, 327 MB
[runlim] sample:		118.59 time, 120.02 real, 360 MB
[runlim] sample:		128.60 time, 130.02 real, 393 MB
[runlim] sample:		138.59 time, 140.02 real, 426 MB
[runlim] sample:		148.59 time, 150.02 real, 460 MB
[runlim] sample:		158.59 time, 160.02 real, 494 MB
[runlim] sample:		168.60 time, 170.02 real, 528 MB
[runlim] sample:		178.60 time, 180.02 real, 563 MB
[runlim] sample:		188.59 time, 190.02 real, 597 MB
[runlim] sample:		198.60 time, 200.02 real, 628 MB
[runlim] sample:		208.59 time, 210.02 real, 661 MB
[runlim] sample:		218.60 time, 220.02 real, 695 MB
[runlim] sample:		228.59 time, 230.02 real, 729 MB
[runlim] sample:		238.60 time, 240.02 real, 762 MB
[runlim] sample:		248.59 time, 250.02 real, 793 MB
[runlim] sample:		258.59 time, 260.02 real, 826 MB
[runlim] sample:		268.60 time, 270.02 real, 856 MB
[runlim] sample:		278.60 time, 280.02 real, 715 MB
[runlim] sample:		288.60 time, 290.02 real, 747 MB
[runlim] sample:		298.59 time, 300.02 real, 780 MB
[runlim] sample:		308.59 time, 310.02 real, 812 MB
[runlim] sample:		318.60 time, 320.02 real, 844 MB
[runlim] sample:		328.60 time, 330.02 real, 875 MB
[runlim] sample:		338.59 time, 340.02 real, 907 MB
[runlim] sample:		348.59 time, 350.02 real, 940 MB
[runlim] sample:		358.60 time, 360.02 real, 971 MB
[runlim] sample:		368.59 time, 370.02 real, 1002 MB
[runlim] sample:		378.59 time, 380.02 real, 1033 MB
[runlim] sample:		388.59 time, 390.02 real, 1065 MB
[runlim] sample:		398.59 time, 400.02 real, 1095 MB
[runlim] sample:		408.59 time, 410.02 real, 1126 MB
[runlim] sample:		418.60 time, 420.02 real, 1157 MB
[runlim] sample:		428.59 time, 430.02 real, 1188 MB
[runlim] sample:		438.59 time, 440.02 real, 1214 MB
[runlim] sample:		448.60 time, 450.02 real, 1241 MB
[runlim] sample:		458.59 time, 460.02 real, 1272 MB
[runlim] sample:		468.59 time, 470.02 real, 1302 MB
[runlim] sample:		478.59 time, 480.02 real, 1332 MB
[runlim] sample:		488.59 time, 490.02 real, 1363 MB
[runlim] sample:		498.59 time, 500.02 real, 1395 MB
[runlim] sample:		508.59 time, 510.02 real, 1428 MB
[runlim] sample:		518.59 time, 520.02 real, 1459 MB
[runlim] sample:		528.59 time, 530.02 real, 1491 MB
[runlim] sample:		538.59 time, 540.02 real, 1524 MB
[runlim] sample:		548.59 time, 550.02 real, 1556 MB
[runlim] sample:		558.59 time, 560.02 real, 1588 MB
[runlim] sample:		568.59 time, 570.02 real, 1621 MB
[runlim] sample:		578.59 time, 580.02 real, 1653 MB
[runlim] sample:		588.59 time, 590.02 real, 1685 MB
[runlim] sample:		598.59 time, 600.02 real, 1718 MB
[runlim] sample:		608.59 time, 610.02 real, 1749 MB
[runlim] sample:		618.59 time, 620.02 real, 1781 MB
[runlim] sample:		628.59 time, 630.02 real, 1813 MB
[runlim] sample:		638.59 time, 640.02 real, 1842 MB
[runlim] sample:		648.59 time, 650.02 real, 1874 MB
[runlim] sample:		658.59 time, 660.02 real, 1904 MB
[runlim] sample:		668.59 time, 670.02 real, 1936 MB
[runlim] sample:		678.58 time, 680.02 real, 1969 MB
[runlim] sample:		688.59 time, 690.02 real, 1601 MB
[runlim] sample:		698.59 time, 700.02 real, 1633 MB
[runlim] sample:		708.58 time, 710.02 real, 1664 MB
[runlim] sample:		718.59 time, 720.02 real, 1697 MB
[runlim] sample:		728.58 time, 730.02 real, 1728 MB
[runlim] sample:		738.58 time, 740.02 real, 1759 MB
[runlim] sample:		748.58 time, 750.02 real, 1791 MB
[runlim] sample:		758.59 time, 760.02 real, 1822 MB
[runlim] sample:		768.58 time, 770.02 real, 1854 MB
[runlim] sample:		778.59 time, 780.02 real, 1884 MB
[runlim] sample:		788.59 time, 790.02 real, 1914 MB
[runlim] sample:		798.58 time, 800.02 real, 1945 MB
[runlim] sample:		808.59 time, 810.02 real, 1975 MB
[runlim] sample:		818.59 time, 820.02 real, 2004 MB
[runlim] sample:		828.59 time, 830.02 real, 2035 MB
[runlim] sample:		838.59 time, 840.02 real, 2068 MB
[runlim] sample:		848.59 time, 850.02 real, 2099 MB
[runlim] sample:		858.59 time, 860.02 real, 2128 MB
[runlim] sample:		868.59 time, 870.02 real, 2157 MB
[runlim] sample:		878.58 time, 880.02 real, 2186 MB
[runlim] sample:		888.58 time, 890.02 real, 2218 MB
[runlim] sample:		898.58 time, 900.02 real, 2249 MB
[runlim] sample:		908.59 time, 910.02 real, 2279 MB
[runlim] sample:		918.58 time, 920.02 real, 2310 MB
[runlim] sample:		928.58 time, 930.02 real, 2342 MB
[runlim] sample:		938.58 time, 940.02 real, 2372 MB
[runlim] sample:		948.59 time, 950.02 real, 2405 MB
[runlim] sample:		958.58 time, 960.02 real, 2435 MB
[runlim] sample:		968.58 time, 970.02 real, 2465 MB
[runlim] sample:		978.58 time, 980.02 real, 2496 MB
[runlim] sample:		988.58 time, 990.02 real, 2527 MB
[runlim] sample:		998.59 time, 1000.02 real, 2559 MB
[runlim] sample:		1008.58 time, 1010.02 real, 2590 MB
[runlim] sample:		1018.59 time, 1020.02 real, 2620 MB
[runlim] sample:		1028.59 time, 1030.02 real, 2652 MB
[runlim] sample:		1038.58 time, 1040.02 real, 2683 MB
[runlim] sample:		1048.58 time, 1050.02 real, 2715 MB
[runlim] sample:		1058.58 time, 1060.02 real, 2745 MB
[runlim] sample:		1068.59 time, 1070.02 real, 2777 MB
[runlim] sample:		1078.59 time, 1080.02 real, 2809 MB
[runlim] sample:		1088.58 time, 1090.02 real, 2839 MB
[runlim] sample:		1098.58 time, 1100.02 real, 2870 MB
[runlim] sample:		1108.58 time, 1110.02 real, 2901 MB
[runlim] sample:		1118.59 time, 1120.02 real, 2932 MB
[runlim] sample:		1128.58 time, 1130.02 real, 2963 MB
[runlim] sample:		1138.58 time, 1140.02 real, 2994 MB
[runlim] sample:		1148.58 time, 1150.02 real, 3026 MB
[runlim] sample:		1158.58 time, 1160.02 real, 3057 MB
[runlim] sample:		1168.58 time, 1170.02 real, 3088 MB
[runlim] sample:		1178.58 time, 1180.02 real, 3119 MB
[runlim] sample:		1188.58 time, 1190.02 real, 3148 MB
[runlim] sample:		1198.58 time, 1200.02 real, 3179 MB
[runlim] sample:		1208.58 time, 1210.02 real, 3209 MB
[runlim] sample:		1218.58 time, 1220.02 real, 3237 MB
[runlim] sample:		1228.58 time, 1230.02 real, 3267 MB
[runlim] sample:		1238.58 time, 1240.02 real, 3298 MB
[runlim] sample:		1248.58 time, 1250.02 real, 3330 MB
[runlim] sample:		1258.58 time, 1260.02 real, 3358 MB
[runlim] sample:		1268.58 time, 1270.02 real, 3386 MB
[runlim] sample:		1278.58 time, 1280.02 real, 3415 MB
[runlim] sample:		1288.58 time, 1290.02 real, 3448 MB
[runlim] sample:		1298.58 time, 1300.02 real, 3480 MB
[runlim] sample:		1308.58 time, 1310.02 real, 3511 MB
[runlim] sample:		1318.58 time, 1320.02 real, 3540 MB
[runlim] sample:		1328.58 time, 1330.02 real, 3570 MB
[runlim] sample:		1338.58 time, 1340.02 real, 3602 MB
[runlim] sample:		1348.58 time, 1350.02 real, 3632 MB
[runlim] sample:		1358.58 time, 1360.02 real, 3664 MB
[runlim] sample:		1368.58 time, 1370.02 real, 3695 MB
[runlim] sample:		1378.58 time, 1380.02 real, 3727 MB
[runlim] sample:		1388.58 time, 1390.02 real, 3759 MB
[runlim] sample:		1398.57 time, 1400.02 real, 3788 MB
[runlim] sample:		1408.58 time, 1410.02 real, 3820 MB
[runlim] sample:		1418.58 time, 1420.02 real, 3849 MB
[runlim] sample:		1428.57 time, 1430.02 real, 3878 MB
[runlim] sample:		1438.58 time, 1440.02 real, 3906 MB
[runlim] sample:		1448.58 time, 1450.02 real, 3937 MB
[runlim] sample:		1458.58 time, 1460.02 real, 3967 MB
[runlim] sample:		1468.58 time, 1470.02 real, 3998 MB
[runlim] sample:		1478.58 time, 1480.02 real, 4028 MB
[runlim] sample:		1488.58 time, 1490.02 real, 4059 MB
[runlim] sample:		1498.58 time, 1500.02 real, 4085 MB
[runlim] sample:		1508.58 time, 1510.02 real, 4116 MB
[runlim] sample:		1518.58 time, 1520.02 real, 4146 MB
[runlim] sample:		1528.58 time, 1530.02 real, 4173 MB
[runlim] sample:		1538.58 time, 1540.02 real, 4198 MB
ERROR: memory manager can't handle the load size: 1073741349 needed: 601 newcapacity: 1073741823
ERROR: exception thrown past FFI boundary
[runlim] end:			Thu Feb 27 09:24:56 2020
[runlim] status:		ok
[runlim] result:		0
[runlim] children:		1
[runlim] real:			1545.68 seconds
[runlim] time:			1544.17 seconds
[runlim] space:			4212 MB
[runlim] samples:		15456
