[runlim] version:		1.18
[runlim] host:			c3n10
[runlim] time limit:		2700 seconds
[runlim] real time limit:	2700 seconds
[runlim] space limit:		7000 MB
[runlim] argv[0]:		./binary
[runlim] argv[1]:		/data/cnf/ankit/RSet1/GuidanceService.dqbf
[runlim] start:			Thu Feb 27 08:59:11 2020
[runlim] child:			9356
[runlim] sample:		9.74 time, 10.02 real, 20 MB
[runlim] sample:		19.74 time, 20.02 real, 26 MB
[runlim] sample:		29.74 time, 30.02 real, 32 MB
[runlim] sample:		39.74 time, 40.02 real, 37 MB
[runlim] sample:		49.74 time, 50.02 real, 42 MB
[runlim] sample:		59.74 time, 60.02 real, 47 MB
[runlim] sample:		69.74 time, 70.02 real, 52 MB
[runlim] sample:		79.74 time, 80.02 real, 57 MB
[runlim] sample:		89.74 time, 90.02 real, 62 MB
[runlim] sample:		99.74 time, 100.02 real, 67 MB
[runlim] sample:		109.73 time, 110.02 real, 72 MB
[runlim] sample:		119.74 time, 120.02 real, 76 MB
[runlim] sample:		129.74 time, 130.02 real, 82 MB
[runlim] sample:		139.74 time, 140.02 real, 87 MB
[runlim] sample:		149.74 time, 150.02 real, 93 MB
[runlim] sample:		159.74 time, 160.02 real, 98 MB
[runlim] sample:		169.74 time, 170.02 real, 102 MB
[runlim] sample:		179.73 time, 180.02 real, 107 MB
[runlim] sample:		189.74 time, 190.02 real, 113 MB
[runlim] sample:		199.74 time, 200.02 real, 117 MB
[runlim] sample:		209.74 time, 210.02 real, 122 MB
[runlim] sample:		219.73 time, 220.02 real, 127 MB
[runlim] sample:		229.73 time, 230.02 real, 131 MB
[runlim] sample:		239.73 time, 240.02 real, 136 MB
[runlim] sample:		249.74 time, 250.02 real, 140 MB
[runlim] sample:		259.73 time, 260.02 real, 146 MB
[runlim] sample:		269.74 time, 270.02 real, 150 MB
[runlim] sample:		279.73 time, 280.02 real, 154 MB
[runlim] sample:		289.73 time, 290.02 real, 158 MB
[runlim] sample:		299.73 time, 300.02 real, 162 MB
[runlim] sample:		309.74 time, 310.02 real, 165 MB
[runlim] sample:		319.74 time, 320.02 real, 171 MB
[runlim] sample:		329.74 time, 330.02 real, 174 MB
[runlim] sample:		339.74 time, 340.02 real, 179 MB
[runlim] sample:		349.73 time, 350.02 real, 184 MB
[runlim] sample:		359.73 time, 360.02 real, 188 MB
[runlim] sample:		369.73 time, 370.02 real, 193 MB
[runlim] sample:		379.74 time, 380.02 real, 197 MB
[runlim] sample:		389.74 time, 390.02 real, 201 MB
[runlim] sample:		399.73 time, 400.02 real, 205 MB
[runlim] sample:		409.73 time, 410.02 real, 210 MB
[runlim] sample:		419.74 time, 420.02 real, 214 MB
[runlim] sample:		429.74 time, 430.02 real, 218 MB
[runlim] sample:		439.73 time, 440.02 real, 222 MB
[runlim] sample:		449.73 time, 450.02 real, 227 MB
[runlim] sample:		459.73 time, 460.02 real, 230 MB
[runlim] sample:		469.73 time, 470.02 real, 234 MB
[runlim] sample:		479.73 time, 480.02 real, 239 MB
[runlim] sample:		489.73 time, 490.02 real, 243 MB
[runlim] sample:		499.74 time, 500.02 real, 247 MB
[runlim] sample:		509.73 time, 510.02 real, 251 MB
[runlim] sample:		519.74 time, 520.02 real, 256 MB
[runlim] sample:		529.73 time, 530.02 real, 261 MB
[runlim] sample:		539.73 time, 540.02 real, 265 MB
[runlim] sample:		549.74 time, 550.02 real, 270 MB
[runlim] sample:		559.73 time, 560.02 real, 274 MB
[runlim] sample:		569.73 time, 570.02 real, 277 MB
[runlim] sample:		579.73 time, 580.02 real, 282 MB
[runlim] sample:		589.73 time, 590.02 real, 285 MB
[runlim] sample:		599.73 time, 600.02 real, 289 MB
[runlim] sample:		609.73 time, 610.02 real, 293 MB
[runlim] sample:		619.73 time, 620.02 real, 297 MB
[runlim] sample:		629.73 time, 630.02 real, 301 MB
[runlim] sample:		639.73 time, 640.02 real, 305 MB
[runlim] sample:		649.73 time, 650.02 real, 309 MB
[runlim] sample:		659.73 time, 660.02 real, 313 MB
[runlim] sample:		669.73 time, 670.02 real, 318 MB
[runlim] sample:		679.73 time, 680.02 real, 322 MB
[runlim] sample:		689.73 time, 690.02 real, 326 MB
[runlim] sample:		699.73 time, 700.02 real, 330 MB
[runlim] sample:		709.73 time, 710.02 real, 333 MB
[runlim] sample:		719.73 time, 720.02 real, 338 MB
[runlim] sample:		729.73 time, 730.02 real, 342 MB
[runlim] sample:		739.73 time, 740.02 real, 345 MB
[runlim] sample:		749.73 time, 750.02 real, 348 MB
[runlim] sample:		759.72 time, 760.02 real, 351 MB
[runlim] sample:		769.73 time, 770.02 real, 354 MB
[runlim] sample:		779.73 time, 780.02 real, 358 MB
[runlim] sample:		789.73 time, 790.02 real, 362 MB
[runlim] sample:		799.73 time, 800.02 real, 367 MB
[runlim] sample:		809.73 time, 810.02 real, 370 MB
[runlim] sample:		819.73 time, 820.02 real, 375 MB
[runlim] sample:		829.73 time, 830.02 real, 379 MB
[runlim] sample:		839.73 time, 840.02 real, 383 MB
[runlim] sample:		849.73 time, 850.02 real, 386 MB
[runlim] sample:		859.73 time, 860.02 real, 389 MB
[runlim] sample:		869.73 time, 870.02 real, 394 MB
[runlim] sample:		879.73 time, 880.02 real, 397 MB
[runlim] sample:		889.73 time, 890.02 real, 401 MB
[runlim] sample:		899.73 time, 900.02 real, 403 MB
[runlim] sample:		909.72 time, 910.02 real, 406 MB
[runlim] sample:		919.73 time, 920.02 real, 410 MB
[runlim] sample:		929.72 time, 930.02 real, 413 MB
[runlim] sample:		939.73 time, 940.02 real, 417 MB
[runlim] sample:		949.73 time, 950.02 real, 420 MB
[runlim] sample:		959.73 time, 960.02 real, 424 MB
[runlim] sample:		969.72 time, 970.02 real, 428 MB
[runlim] sample:		979.72 time, 980.02 real, 432 MB
[runlim] sample:		989.72 time, 990.02 real, 436 MB
[runlim] sample:		999.73 time, 1000.02 real, 439 MB
[runlim] sample:		1009.73 time, 1010.02 real, 442 MB
[runlim] sample:		1019.72 time, 1020.02 real, 445 MB
[runlim] sample:		1029.72 time, 1030.02 real, 449 MB
[runlim] sample:		1039.72 time, 1040.02 real, 451 MB
[runlim] sample:		1049.73 time, 1050.02 real, 454 MB
[runlim] sample:		1059.73 time, 1060.02 real, 457 MB
[runlim] sample:		1069.73 time, 1070.02 real, 461 MB
[runlim] sample:		1079.73 time, 1080.02 real, 464 MB
[runlim] sample:		1089.73 time, 1090.02 real, 466 MB
[runlim] sample:		1099.72 time, 1100.02 real, 469 MB
[runlim] sample:		1109.73 time, 1110.02 real, 472 MB
[runlim] sample:		1119.73 time, 1120.02 real, 475 MB
[runlim] sample:		1129.72 time, 1130.02 real, 477 MB
[runlim] sample:		1139.73 time, 1140.02 real, 480 MB
[runlim] sample:		1149.73 time, 1150.02 real, 484 MB
[runlim] sample:		1159.72 time, 1160.02 real, 487 MB
[runlim] sample:		1169.72 time, 1170.02 real, 490 MB
[runlim] sample:		1179.72 time, 1180.02 real, 495 MB
[runlim] sample:		1189.72 time, 1190.02 real, 499 MB
[runlim] sample:		1199.72 time, 1200.02 real, 503 MB
[runlim] sample:		1209.73 time, 1210.02 real, 506 MB
[runlim] sample:		1219.72 time, 1220.02 real, 510 MB
[runlim] sample:		1229.73 time, 1230.02 real, 513 MB
[runlim] sample:		1239.72 time, 1240.02 real, 516 MB
[runlim] sample:		1249.72 time, 1250.02 real, 520 MB
[runlim] sample:		1259.72 time, 1260.02 real, 522 MB
[runlim] sample:		1269.72 time, 1270.02 real, 525 MB
[runlim] sample:		1279.72 time, 1280.02 real, 528 MB
[runlim] sample:		1289.72 time, 1290.02 real, 531 MB
[runlim] sample:		1299.72 time, 1300.02 real, 535 MB
[runlim] sample:		1309.72 time, 1310.02 real, 538 MB
[runlim] sample:		1319.72 time, 1320.02 real, 540 MB
[runlim] sample:		1329.72 time, 1330.02 real, 543 MB
[runlim] sample:		1339.72 time, 1340.02 real, 547 MB
[runlim] sample:		1349.72 time, 1350.02 real, 549 MB
[runlim] sample:		1359.72 time, 1360.02 real, 553 MB
[runlim] sample:		1369.72 time, 1370.02 real, 555 MB
[runlim] sample:		1379.72 time, 1380.02 real, 559 MB
[runlim] sample:		1389.72 time, 1390.02 real, 563 MB
[runlim] sample:		1399.72 time, 1400.02 real, 565 MB
[runlim] sample:		1409.72 time, 1410.02 real, 569 MB
[runlim] sample:		1419.72 time, 1420.02 real, 573 MB
[runlim] sample:		1429.72 time, 1430.02 real, 576 MB
[runlim] sample:		1439.72 time, 1440.02 real, 580 MB
[runlim] sample:		1449.72 time, 1450.02 real, 582 MB
[runlim] sample:		1459.72 time, 1460.02 real, 585 MB
[runlim] sample:		1469.72 time, 1470.02 real, 587 MB
[runlim] sample:		1479.71 time, 1480.02 real, 589 MB
[runlim] sample:		1489.72 time, 1490.02 real, 592 MB
[runlim] sample:		1499.72 time, 1500.02 real, 594 MB
[runlim] sample:		1509.72 time, 1510.02 real, 597 MB
[runlim] sample:		1519.72 time, 1520.02 real, 601 MB
[runlim] sample:		1529.72 time, 1530.02 real, 603 MB
[runlim] sample:		1539.72 time, 1540.02 real, 608 MB
[runlim] sample:		1549.72 time, 1550.02 real, 612 MB
[runlim] sample:		1559.71 time, 1560.02 real, 616 MB
[runlim] sample:		1569.71 time, 1570.02 real, 619 MB
[runlim] sample:		1579.72 time, 1580.02 real, 621 MB
[runlim] sample:		1589.71 time, 1590.02 real, 625 MB
[runlim] sample:		1599.71 time, 1600.02 real, 628 MB
[runlim] sample:		1609.72 time, 1610.02 real, 631 MB
[runlim] sample:		1619.71 time, 1620.02 real, 634 MB
[runlim] sample:		1629.71 time, 1630.02 real, 639 MB
[runlim] sample:		1639.71 time, 1640.02 real, 643 MB
[runlim] sample:		1649.71 time, 1650.02 real, 645 MB
[runlim] sample:		1659.72 time, 1660.02 real, 648 MB
[runlim] sample:		1669.71 time, 1670.02 real, 650 MB
[runlim] sample:		1679.72 time, 1680.02 real, 654 MB
[runlim] sample:		1689.71 time, 1690.02 real, 657 MB
[runlim] sample:		1699.71 time, 1700.02 real, 659 MB
[runlim] sample:		1709.72 time, 1710.02 real, 662 MB
[runlim] sample:		1719.71 time, 1720.02 real, 664 MB
[runlim] sample:		1729.71 time, 1730.02 real, 667 MB
[runlim] sample:		1739.71 time, 1740.02 real, 669 MB
[runlim] sample:		1749.71 time, 1750.02 real, 672 MB
[runlim] sample:		1759.71 time, 1760.02 real, 675 MB
[runlim] sample:		1769.71 time, 1770.02 real, 677 MB
[runlim] sample:		1779.71 time, 1780.02 real, 680 MB
[runlim] sample:		1789.71 time, 1790.02 real, 684 MB
[runlim] sample:		1799.71 time, 1800.02 real, 688 MB
[runlim] sample:		1809.71 time, 1810.02 real, 691 MB
[runlim] sample:		1819.71 time, 1820.02 real, 693 MB
[runlim] sample:		1829.71 time, 1830.02 real, 695 MB
[runlim] sample:		1839.72 time, 1840.02 real, 698 MB
[runlim] sample:		1849.71 time, 1850.02 real, 702 MB
[runlim] sample:		1859.72 time, 1860.02 real, 704 MB
[runlim] sample:		1869.71 time, 1870.02 real, 706 MB
[runlim] sample:		1879.71 time, 1880.02 real, 708 MB
[runlim] sample:		1889.72 time, 1890.02 real, 710 MB
[runlim] sample:		1899.71 time, 1900.02 real, 713 MB
[runlim] sample:		1909.72 time, 1910.02 real, 715 MB
[runlim] sample:		1919.71 time, 1920.02 real, 717 MB
[runlim] sample:		1929.71 time, 1930.02 real, 720 MB
[runlim] sample:		1939.71 time, 1940.02 real, 722 MB
[runlim] sample:		1949.71 time, 1950.02 real, 725 MB
[runlim] sample:		1959.71 time, 1960.02 real, 728 MB
[runlim] sample:		1969.72 time, 1970.02 real, 730 MB
[runlim] sample:		1979.71 time, 1980.02 real, 732 MB
[runlim] sample:		1989.71 time, 1990.02 real, 734 MB
[runlim] sample:		1999.71 time, 2000.02 real, 737 MB
[runlim] sample:		2009.71 time, 2010.02 real, 739 MB
[runlim] sample:		2019.71 time, 2020.02 real, 741 MB
[runlim] sample:		2029.72 time, 2030.02 real, 743 MB
[runlim] sample:		2039.72 time, 2040.02 real, 745 MB
[runlim] sample:		2049.71 time, 2050.02 real, 748 MB
[runlim] sample:		2059.71 time, 2060.02 real, 750 MB
[runlim] sample:		2069.70 time, 2070.02 real, 754 MB
[runlim] sample:		2079.70 time, 2080.02 real, 757 MB
[runlim] sample:		2089.71 time, 2090.02 real, 760 MB
[runlim] sample:		2099.71 time, 2100.02 real, 762 MB
[runlim] sample:		2109.70 time, 2110.02 real, 766 MB
[runlim] sample:		2119.70 time, 2120.02 real, 769 MB
[runlim] sample:		2129.71 time, 2130.02 real, 772 MB
[runlim] sample:		2139.71 time, 2140.02 real, 777 MB
[runlim] sample:		2149.70 time, 2150.02 real, 781 MB
[runlim] sample:		2159.70 time, 2160.02 real, 784 MB
[runlim] sample:		2169.71 time, 2170.02 real, 788 MB
[runlim] sample:		2179.71 time, 2180.02 real, 790 MB
[runlim] sample:		2189.71 time, 2190.02 real, 794 MB
[runlim] sample:		2199.70 time, 2200.02 real, 796 MB
[runlim] sample:		2209.70 time, 2210.02 real, 798 MB
[runlim] sample:		2219.71 time, 2220.02 real, 800 MB
[runlim] sample:		2229.71 time, 2230.02 real, 803 MB
[runlim] sample:		2239.71 time, 2240.02 real, 805 MB
[runlim] sample:		2249.71 time, 2250.02 real, 810 MB
[runlim] sample:		2259.71 time, 2260.02 real, 813 MB
[runlim] sample:		2269.70 time, 2270.02 real, 815 MB
[runlim] sample:		2279.71 time, 2280.02 real, 817 MB
[runlim] sample:		2289.71 time, 2290.02 real, 820 MB
[runlim] sample:		2299.70 time, 2300.02 real, 823 MB
[runlim] sample:		2309.71 time, 2310.02 real, 825 MB
[runlim] sample:		2319.70 time, 2320.02 real, 828 MB
[runlim] sample:		2329.71 time, 2330.02 real, 831 MB
[runlim] sample:		2339.71 time, 2340.02 real, 835 MB
[runlim] sample:		2349.71 time, 2350.02 real, 837 MB
[runlim] sample:		2359.71 time, 2360.02 real, 841 MB
[runlim] sample:		2369.70 time, 2370.02 real, 843 MB
[runlim] sample:		2379.71 time, 2380.02 real, 848 MB
[runlim] sample:		2389.71 time, 2390.02 real, 852 MB
[runlim] sample:		2399.71 time, 2400.02 real, 854 MB
[runlim] sample:		2409.70 time, 2410.02 real, 856 MB
[runlim] sample:		2419.70 time, 2420.02 real, 859 MB
[runlim] sample:		2429.70 time, 2430.02 real, 860 MB
[runlim] sample:		2439.70 time, 2440.02 real, 862 MB
[runlim] sample:		2449.70 time, 2450.02 real, 865 MB
[runlim] sample:		2459.70 time, 2460.02 real, 868 MB
[runlim] sample:		2469.70 time, 2470.02 real, 870 MB
[runlim] sample:		2479.70 time, 2480.02 real, 872 MB
[runlim] sample:		2489.71 time, 2490.02 real, 874 MB
[runlim] sample:		2499.70 time, 2500.02 real, 876 MB
[runlim] sample:		2509.70 time, 2510.02 real, 878 MB
[runlim] sample:		2519.71 time, 2520.02 real, 880 MB
[runlim] sample:		2529.70 time, 2530.02 real, 883 MB
[runlim] sample:		2539.71 time, 2540.02 real, 885 MB
[runlim] sample:		2549.71 time, 2550.02 real, 888 MB
[runlim] sample:		2559.71 time, 2560.02 real, 890 MB
[runlim] sample:		2569.71 time, 2570.02 real, 892 MB
[runlim] sample:		2579.71 time, 2580.02 real, 894 MB
[runlim] sample:		2589.70 time, 2590.02 real, 896 MB
[runlim] sample:		2599.71 time, 2600.02 real, 898 MB
[runlim] sample:		2609.71 time, 2610.02 real, 900 MB
[runlim] sample:		2619.71 time, 2620.02 real, 902 MB
[runlim] sample:		2629.70 time, 2630.02 real, 904 MB
[runlim] sample:		2639.70 time, 2640.01 real, 907 MB
[runlim] sample:		2649.70 time, 2650.02 real, 910 MB
[runlim] sample:		2659.70 time, 2660.01 real, 912 MB
[runlim] sample:		2669.70 time, 2670.02 real, 914 MB
[runlim] sample:		2679.70 time, 2680.02 real, 917 MB
[runlim] sample:		2689.70 time, 2690.02 real, 919 MB
[runlim] sample:		2699.70 time, 2700.01 real, 921 MB
[runlim] end:			Thu Feb 27 09:44:11 2020
[runlim] status:		out of time
[runlim] result:		2
[runlim] children:		1
[runlim] real:			2700.10 seconds
[runlim] time:			2699.70 seconds
[runlim] space:			921 MB
[runlim] samples:		27000
