[runlim] version:		1.18
[runlim] host:			c3n13
[runlim] time limit:		2700 seconds
[runlim] real time limit:	2700 seconds
[runlim] space limit:		7000 MB
[runlim] argv[0]:		./binary
[runlim] argv[1]:		/data/cnf/ankit/RSet1/intermediate128.R
[runlim] start:			Thu Feb 27 08:59:10 2020
[runlim] child:			6657
[runlim] sample:		9.72 time, 10.02 real, 27 MB
[runlim] sample:		19.72 time, 20.02 real, 39 MB
[runlim] sample:		29.72 time, 30.02 real, 48 MB
[runlim] sample:		39.72 time, 40.02 real, 57 MB
[runlim] sample:		49.72 time, 50.02 real, 64 MB
[runlim] sample:		59.72 time, 60.02 real, 69 MB
[runlim] sample:		69.72 time, 70.02 real, 74 MB
[runlim] sample:		79.72 time, 80.02 real, 78 MB
[runlim] sample:		89.72 time, 90.02 real, 82 MB
[runlim] sample:		99.73 time, 100.02 real, 95 MB
[runlim] sample:		109.72 time, 110.02 real, 111 MB
[runlim] sample:		119.72 time, 120.02 real, 125 MB
[runlim] sample:		129.72 time, 130.02 real, 142 MB
[runlim] sample:		139.73 time, 140.02 real, 158 MB
[runlim] sample:		149.72 time, 150.02 real, 172 MB
[runlim] sample:		159.73 time, 160.02 real, 187 MB
[runlim] sample:		169.73 time, 170.02 real, 200 MB
[runlim] sample:		179.72 time, 180.02 real, 211 MB
[runlim] sample:		189.72 time, 190.02 real, 220 MB
[runlim] sample:		199.73 time, 200.02 real, 228 MB
[runlim] sample:		209.72 time, 210.02 real, 236 MB
[runlim] sample:		219.72 time, 220.02 real, 246 MB
[runlim] sample:		229.72 time, 230.02 real, 261 MB
[runlim] sample:		239.73 time, 240.02 real, 274 MB
[runlim] sample:		249.73 time, 250.02 real, 288 MB
[runlim] sample:		259.72 time, 260.02 real, 303 MB
[runlim] sample:		269.72 time, 270.02 real, 318 MB
[runlim] sample:		279.73 time, 280.02 real, 330 MB
[runlim] sample:		289.72 time, 290.02 real, 341 MB
[runlim] sample:		299.72 time, 300.02 real, 355 MB
[runlim] sample:		309.72 time, 310.02 real, 367 MB
[runlim] sample:		319.72 time, 320.02 real, 380 MB
[runlim] sample:		329.72 time, 330.02 real, 394 MB
[runlim] sample:		339.72 time, 340.02 real, 407 MB
[runlim] sample:		349.72 time, 350.02 real, 420 MB
[runlim] sample:		359.72 time, 360.02 real, 430 MB
[runlim] sample:		369.72 time, 370.02 real, 439 MB
[runlim] sample:		379.72 time, 380.02 real, 450 MB
[runlim] sample:		389.72 time, 390.02 real, 465 MB
[runlim] sample:		399.72 time, 400.02 real, 478 MB
[runlim] sample:		409.72 time, 410.02 real, 490 MB
[runlim] sample:		419.72 time, 420.02 real, 500 MB
[runlim] sample:		429.71 time, 430.02 real, 511 MB
[runlim] sample:		439.72 time, 440.02 real, 520 MB
[runlim] sample:		449.72 time, 450.02 real, 530 MB
[runlim] sample:		459.72 time, 460.02 real, 541 MB
[runlim] sample:		469.71 time, 470.02 real, 552 MB
[runlim] sample:		479.72 time, 480.02 real, 562 MB
[runlim] sample:		489.72 time, 490.02 real, 572 MB
[runlim] sample:		499.72 time, 500.02 real, 583 MB
[runlim] sample:		509.72 time, 510.02 real, 594 MB
[runlim] sample:		519.72 time, 520.02 real, 606 MB
[runlim] sample:		529.71 time, 530.02 real, 617 MB
[runlim] sample:		539.71 time, 540.02 real, 628 MB
[runlim] sample:		549.71 time, 550.02 real, 637 MB
[runlim] sample:		559.72 time, 560.02 real, 646 MB
[runlim] sample:		569.71 time, 570.02 real, 661 MB
[runlim] sample:		579.72 time, 580.02 real, 673 MB
[runlim] sample:		589.71 time, 590.02 real, 681 MB
[runlim] sample:		599.71 time, 600.02 real, 689 MB
[runlim] sample:		609.71 time, 610.02 real, 701 MB
[runlim] sample:		619.71 time, 620.02 real, 711 MB
[runlim] sample:		629.71 time, 630.02 real, 719 MB
[runlim] sample:		639.71 time, 640.02 real, 726 MB
[runlim] sample:		649.71 time, 650.02 real, 733 MB
[runlim] sample:		659.71 time, 660.02 real, 742 MB
[runlim] sample:		669.71 time, 670.02 real, 753 MB
[runlim] sample:		679.72 time, 680.02 real, 763 MB
[runlim] sample:		689.71 time, 690.02 real, 772 MB
[runlim] sample:		699.71 time, 700.02 real, 782 MB
[runlim] sample:		709.71 time, 710.02 real, 790 MB
[runlim] sample:		719.72 time, 720.02 real, 800 MB
[runlim] sample:		729.71 time, 730.02 real, 812 MB
[runlim] sample:		739.71 time, 740.02 real, 823 MB
[runlim] sample:		749.71 time, 750.02 real, 832 MB
[runlim] sample:		759.71 time, 760.02 real, 840 MB
[runlim] sample:		769.71 time, 770.02 real, 848 MB
[runlim] sample:		779.71 time, 780.02 real, 856 MB
[runlim] sample:		789.71 time, 790.02 real, 864 MB
[runlim] sample:		799.71 time, 800.02 real, 874 MB
[runlim] sample:		809.71 time, 810.02 real, 884 MB
[runlim] sample:		819.71 time, 820.02 real, 892 MB
[runlim] sample:		829.71 time, 830.02 real, 901 MB
[runlim] sample:		839.71 time, 840.02 real, 909 MB
[runlim] sample:		849.71 time, 850.02 real, 917 MB
[runlim] sample:		859.71 time, 860.02 real, 925 MB
[runlim] sample:		869.71 time, 870.02 real, 932 MB
[runlim] sample:		879.71 time, 880.02 real, 942 MB
[runlim] sample:		889.71 time, 890.02 real, 953 MB
[runlim] sample:		899.71 time, 900.02 real, 962 MB
[runlim] sample:		909.71 time, 910.02 real, 973 MB
[runlim] sample:		919.70 time, 920.02 real, 982 MB
[runlim] sample:		929.70 time, 930.02 real, 992 MB
[runlim] sample:		939.71 time, 940.02 real, 1002 MB
[runlim] sample:		949.71 time, 950.02 real, 1012 MB
[runlim] sample:		959.70 time, 960.02 real, 1021 MB
[runlim] sample:		969.71 time, 970.02 real, 1030 MB
[runlim] sample:		979.71 time, 980.02 real, 1038 MB
[runlim] sample:		989.71 time, 990.02 real, 1049 MB
[runlim] sample:		999.70 time, 1000.02 real, 1056 MB
[runlim] sample:		1009.70 time, 1010.02 real, 1064 MB
[runlim] sample:		1019.71 time, 1020.02 real, 1071 MB
[runlim] sample:		1029.71 time, 1030.02 real, 1076 MB
[runlim] sample:		1039.71 time, 1040.02 real, 1081 MB
[runlim] sample:		1049.71 time, 1050.02 real, 1089 MB
[runlim] sample:		1059.71 time, 1060.02 real, 1099 MB
[runlim] sample:		1069.71 time, 1070.02 real, 1108 MB
[runlim] sample:		1079.70 time, 1080.02 real, 1116 MB
[runlim] sample:		1089.71 time, 1090.02 real, 1125 MB
[runlim] sample:		1099.71 time, 1100.02 real, 1133 MB
[runlim] sample:		1109.71 time, 1110.02 real, 1142 MB
[runlim] sample:		1119.71 time, 1120.02 real, 1150 MB
[runlim] sample:		1129.70 time, 1130.02 real, 1158 MB
[runlim] sample:		1139.71 time, 1140.02 real, 1167 MB
[runlim] sample:		1149.71 time, 1150.02 real, 1175 MB
[runlim] sample:		1159.70 time, 1160.02 real, 1185 MB
[runlim] sample:		1169.70 time, 1170.02 real, 1192 MB
[runlim] sample:		1179.71 time, 1180.02 real, 1203 MB
[runlim] sample:		1189.71 time, 1190.02 real, 1212 MB
[runlim] sample:		1199.70 time, 1200.02 real, 1219 MB
[runlim] sample:		1209.71 time, 1210.02 real, 1230 MB
[runlim] sample:		1219.70 time, 1220.02 real, 1236 MB
[runlim] sample:		1229.71 time, 1230.02 real, 1243 MB
[runlim] sample:		1239.71 time, 1240.02 real, 1250 MB
[runlim] sample:		1249.70 time, 1250.02 real, 1258 MB
[runlim] sample:		1259.70 time, 1260.02 real, 1266 MB
[runlim] sample:		1269.70 time, 1270.02 real, 1272 MB
[runlim] sample:		1279.70 time, 1280.02 real, 1280 MB
[runlim] sample:		1289.70 time, 1290.02 real, 1289 MB
[runlim] sample:		1299.70 time, 1300.02 real, 1295 MB
[runlim] sample:		1309.70 time, 1310.02 real, 1303 MB
[runlim] sample:		1319.70 time, 1320.02 real, 1313 MB
[runlim] sample:		1329.70 time, 1330.02 real, 1320 MB
[runlim] sample:		1339.70 time, 1340.02 real, 1327 MB
[runlim] sample:		1349.70 time, 1350.02 real, 1336 MB
[runlim] sample:		1359.71 time, 1360.02 real, 1344 MB
[runlim] sample:		1369.70 time, 1370.02 real, 1349 MB
[runlim] sample:		1379.70 time, 1380.02 real, 1355 MB
[runlim] sample:		1389.70 time, 1390.02 real, 1361 MB
[runlim] sample:		1399.70 time, 1400.02 real, 1368 MB
[runlim] sample:		1409.70 time, 1410.02 real, 1376 MB
[runlim] sample:		1419.70 time, 1420.02 real, 1383 MB
[runlim] sample:		1429.70 time, 1430.02 real, 1389 MB
[runlim] sample:		1439.70 time, 1440.02 real, 1396 MB
[runlim] sample:		1449.70 time, 1450.02 real, 1402 MB
[runlim] sample:		1459.70 time, 1460.02 real, 1408 MB
[runlim] sample:		1469.70 time, 1470.02 real, 1412 MB
[runlim] sample:		1479.70 time, 1480.02 real, 1417 MB
[runlim] sample:		1489.69 time, 1490.02 real, 1423 MB
[runlim] sample:		1499.70 time, 1500.02 real, 1430 MB
[runlim] sample:		1509.70 time, 1510.02 real, 1435 MB
[runlim] sample:		1519.70 time, 1520.02 real, 1440 MB
[runlim] sample:		1529.70 time, 1530.02 real, 1445 MB
[runlim] sample:		1539.70 time, 1540.02 real, 1450 MB
[runlim] sample:		1549.69 time, 1550.02 real, 1456 MB
[runlim] sample:		1559.69 time, 1560.02 real, 1461 MB
[runlim] sample:		1569.70 time, 1570.02 real, 1469 MB
[runlim] sample:		1579.70 time, 1580.02 real, 1475 MB
[runlim] sample:		1589.69 time, 1590.02 real, 1482 MB
[runlim] sample:		1599.69 time, 1600.02 real, 1489 MB
[runlim] sample:		1609.70 time, 1610.02 real, 1494 MB
[runlim] sample:		1619.70 time, 1620.02 real, 1500 MB
[runlim] sample:		1629.70 time, 1630.02 real, 1508 MB
[runlim] sample:		1639.70 time, 1640.02 real, 1517 MB
[runlim] sample:		1649.70 time, 1650.02 real, 1525 MB
[runlim] sample:		1659.70 time, 1660.02 real, 1532 MB
[runlim] sample:		1669.69 time, 1670.02 real, 1540 MB
[runlim] sample:		1679.69 time, 1680.02 real, 1546 MB
[runlim] sample:		1689.69 time, 1690.02 real, 1552 MB
[runlim] sample:		1699.69 time, 1700.02 real, 1559 MB
[runlim] sample:		1709.69 time, 1710.02 real, 1566 MB
[runlim] sample:		1719.70 time, 1720.02 real, 1574 MB
[runlim] sample:		1729.70 time, 1730.02 real, 1581 MB
[runlim] sample:		1739.69 time, 1740.02 real, 1586 MB
[runlim] sample:		1749.70 time, 1750.02 real, 1592 MB
[runlim] sample:		1759.69 time, 1760.02 real, 1597 MB
[runlim] sample:		1769.69 time, 1770.02 real, 1602 MB
[runlim] sample:		1779.69 time, 1780.02 real, 1610 MB
[runlim] sample:		1789.69 time, 1790.02 real, 1619 MB
[runlim] sample:		1799.70 time, 1800.02 real, 1626 MB
[runlim] sample:		1809.69 time, 1810.02 real, 1634 MB
[runlim] sample:		1819.70 time, 1820.02 real, 1638 MB
[runlim] sample:		1829.69 time, 1830.02 real, 1642 MB
[runlim] sample:		1839.69 time, 1840.02 real, 1648 MB
[runlim] sample:		1849.69 time, 1850.02 real, 1655 MB
[runlim] sample:		1859.69 time, 1860.02 real, 1665 MB
[runlim] sample:		1869.69 time, 1870.02 real, 1671 MB
[runlim] sample:		1879.69 time, 1880.02 real, 1681 MB
[runlim] sample:		1889.69 time, 1890.02 real, 1689 MB
[runlim] sample:		1899.69 time, 1900.02 real, 1699 MB
[runlim] sample:		1909.69 time, 1910.02 real, 1707 MB
[runlim] sample:		1919.69 time, 1920.02 real, 1714 MB
[runlim] sample:		1929.69 time, 1930.02 real, 1721 MB
[runlim] sample:		1939.69 time, 1940.02 real, 1729 MB
[runlim] sample:		1949.69 time, 1950.02 real, 1736 MB
[runlim] sample:		1959.69 time, 1960.02 real, 1740 MB
[runlim] sample:		1969.69 time, 1970.02 real, 1747 MB
[runlim] sample:		1979.69 time, 1980.02 real, 1756 MB
[runlim] sample:		1989.69 time, 1990.02 real, 1763 MB
[runlim] sample:		1999.69 time, 2000.02 real, 1771 MB
[runlim] sample:		2009.69 time, 2010.02 real, 1778 MB
[runlim] sample:		2019.69 time, 2020.02 real, 1788 MB
[runlim] sample:		2029.69 time, 2030.02 real, 1796 MB
[runlim] sample:		2039.69 time, 2040.02 real, 1803 MB
[runlim] sample:		2049.69 time, 2050.02 real, 1810 MB
[runlim] sample:		2059.69 time, 2060.02 real, 1817 MB
[runlim] sample:		2069.69 time, 2070.02 real, 1827 MB
[runlim] sample:		2079.69 time, 2080.02 real, 1834 MB
[runlim] sample:		2089.69 time, 2090.02 real, 1840 MB
[runlim] sample:		2099.69 time, 2100.02 real, 1846 MB
[runlim] sample:		2109.69 time, 2110.02 real, 1855 MB
[runlim] sample:		2119.69 time, 2120.02 real, 1860 MB
[runlim] sample:		2129.69 time, 2130.02 real, 1865 MB
[runlim] sample:		2139.69 time, 2140.02 real, 1869 MB
[runlim] sample:		2149.69 time, 2150.02 real, 1873 MB
[runlim] sample:		2159.68 time, 2160.02 real, 1877 MB
[runlim] sample:		2169.68 time, 2170.02 real, 1883 MB
[runlim] sample:		2179.68 time, 2180.02 real, 1887 MB
[runlim] sample:		2189.68 time, 2190.02 real, 1892 MB
[runlim] sample:		2199.68 time, 2200.02 real, 1896 MB
[runlim] sample:		2209.69 time, 2210.02 real, 1901 MB
[runlim] sample:		2219.69 time, 2220.02 real, 1904 MB
[runlim] sample:		2229.68 time, 2230.02 real, 1908 MB
[runlim] sample:		2239.68 time, 2240.02 real, 1912 MB
[runlim] sample:		2249.68 time, 2250.02 real, 1916 MB
[runlim] sample:		2259.68 time, 2260.02 real, 1919 MB
[runlim] sample:		2269.69 time, 2270.02 real, 1922 MB
[runlim] sample:		2279.68 time, 2280.02 real, 1926 MB
[runlim] sample:		2289.68 time, 2290.02 real, 1934 MB
[runlim] sample:		2299.68 time, 2300.02 real, 1939 MB
[runlim] sample:		2309.68 time, 2310.02 real, 1945 MB
[runlim] sample:		2319.68 time, 2320.02 real, 1950 MB
[runlim] sample:		2329.68 time, 2330.02 real, 1954 MB
[runlim] sample:		2339.68 time, 2340.02 real, 1963 MB
[runlim] sample:		2349.68 time, 2350.02 real, 1967 MB
[runlim] sample:		2359.68 time, 2360.02 real, 1970 MB
[runlim] sample:		2369.68 time, 2370.02 real, 1976 MB
[runlim] sample:		2379.68 time, 2380.02 real, 1982 MB
[runlim] sample:		2389.68 time, 2390.02 real, 1987 MB
[runlim] sample:		2399.67 time, 2400.02 real, 1992 MB
[runlim] sample:		2409.68 time, 2410.02 real, 1997 MB
[runlim] sample:		2419.68 time, 2420.02 real, 2001 MB
[runlim] sample:		2429.68 time, 2430.02 real, 2006 MB
[runlim] sample:		2439.68 time, 2440.02 real, 2012 MB
[runlim] sample:		2449.68 time, 2450.02 real, 2017 MB
[runlim] sample:		2459.68 time, 2460.02 real, 2024 MB
[runlim] sample:		2469.67 time, 2470.02 real, 2030 MB
[runlim] sample:		2479.67 time, 2480.02 real, 2036 MB
[runlim] sample:		2489.68 time, 2490.02 real, 2041 MB
[runlim] sample:		2499.68 time, 2500.02 real, 2045 MB
[runlim] sample:		2509.68 time, 2510.02 real, 2049 MB
[runlim] sample:		2519.68 time, 2520.02 real, 2054 MB
[runlim] sample:		2529.67 time, 2530.02 real, 2060 MB
[runlim] sample:		2539.68 time, 2540.02 real, 2067 MB
[runlim] sample:		2549.68 time, 2550.02 real, 2073 MB
[runlim] sample:		2559.67 time, 2560.02 real, 2078 MB
[runlim] sample:		2569.68 time, 2570.02 real, 2084 MB
[runlim] sample:		2579.67 time, 2580.02 real, 2091 MB
[runlim] sample:		2589.67 time, 2590.02 real, 2096 MB
[runlim] sample:		2599.67 time, 2600.02 real, 2101 MB
[runlim] sample:		2609.67 time, 2610.02 real, 2105 MB
[runlim] sample:		2619.68 time, 2620.02 real, 2110 MB
[runlim] sample:		2629.67 time, 2630.02 real, 2116 MB
[runlim] sample:		2639.67 time, 2640.02 real, 2120 MB
[runlim] sample:		2649.67 time, 2650.02 real, 2125 MB
[runlim] sample:		2659.68 time, 2660.02 real, 2131 MB
[runlim] sample:		2669.68 time, 2670.02 real, 2136 MB
[runlim] sample:		2679.67 time, 2680.02 real, 2141 MB
[runlim] sample:		2689.67 time, 2690.02 real, 2146 MB
[runlim] sample:		2699.67 time, 2700.02 real, 2151 MB
[runlim] end:			Thu Feb 27 09:44:10 2020
[runlim] status:		out of time
[runlim] result:		2
[runlim] children:		1
[runlim] real:			2700.17 seconds
[runlim] time:			2699.67 seconds
[runlim] space:			2151 MB
[runlim] samples:		27000
