[runlim] version:		1.18
[runlim] host:			c3n13
[runlim] time limit:		2700 seconds
[runlim] real time limit:	2700 seconds
[runlim] space limit:		7000 MB
[runlim] argv[0]:		./binary
[runlim] argv[1]:		/data/cnf/ankit/RSet1/kenflashp02.R
[runlim] start:			Thu Feb 27 08:59:11 2020
[runlim] child:			6732
[runlim] sample:		9.94 time, 10.02 real, 30 MB
[runlim] sample:		19.95 time, 20.02 real, 46 MB
[runlim] sample:		29.95 time, 30.02 real, 60 MB
[runlim] sample:		39.94 time, 40.02 real, 61 MB
[runlim] sample:		49.95 time, 50.02 real, 72 MB
[runlim] sample:		59.95 time, 60.02 real, 83 MB
[runlim] sample:		69.95 time, 70.02 real, 93 MB
[runlim] sample:		79.94 time, 80.02 real, 103 MB
[runlim] sample:		89.94 time, 90.02 real, 111 MB
[runlim] sample:		99.95 time, 100.02 real, 119 MB
[runlim] sample:		109.95 time, 110.02 real, 126 MB
[runlim] sample:		119.94 time, 120.02 real, 134 MB
[runlim] sample:		129.94 time, 130.02 real, 142 MB
[runlim] sample:		139.95 time, 140.02 real, 149 MB
[runlim] sample:		149.95 time, 150.02 real, 156 MB
[runlim] sample:		159.95 time, 160.02 real, 163 MB
[runlim] sample:		169.95 time, 170.02 real, 169 MB
[runlim] sample:		179.95 time, 180.02 real, 175 MB
[runlim] sample:		189.95 time, 190.02 real, 181 MB
[runlim] sample:		199.95 time, 200.02 real, 188 MB
[runlim] sample:		209.95 time, 210.02 real, 193 MB
[runlim] sample:		219.94 time, 220.02 real, 198 MB
[runlim] sample:		229.94 time, 230.02 real, 203 MB
[runlim] sample:		239.95 time, 240.02 real, 208 MB
[runlim] sample:		249.94 time, 250.02 real, 174 MB
[runlim] sample:		259.95 time, 260.02 real, 179 MB
[runlim] sample:		269.94 time, 270.02 real, 185 MB
[runlim] sample:		279.95 time, 280.02 real, 190 MB
[runlim] sample:		289.95 time, 290.02 real, 195 MB
[runlim] sample:		299.94 time, 300.02 real, 199 MB
[runlim] sample:		309.95 time, 310.02 real, 204 MB
[runlim] sample:		319.95 time, 320.02 real, 210 MB
[runlim] sample:		329.94 time, 330.02 real, 214 MB
[runlim] sample:		339.94 time, 340.02 real, 218 MB
[runlim] sample:		349.94 time, 350.02 real, 223 MB
[runlim] sample:		359.94 time, 360.02 real, 228 MB
[runlim] sample:		369.94 time, 370.02 real, 233 MB
[runlim] sample:		379.94 time, 380.02 real, 237 MB
[runlim] sample:		389.95 time, 390.02 real, 241 MB
[runlim] sample:		399.95 time, 400.02 real, 246 MB
[runlim] sample:		409.94 time, 410.02 real, 250 MB
[runlim] sample:		419.94 time, 420.02 real, 253 MB
[runlim] sample:		429.95 time, 430.02 real, 257 MB
[runlim] sample:		439.94 time, 440.02 real, 261 MB
[runlim] sample:		449.94 time, 450.02 real, 266 MB
[runlim] sample:		459.94 time, 460.02 real, 270 MB
[runlim] sample:		469.94 time, 470.02 real, 273 MB
[runlim] sample:		479.94 time, 480.02 real, 277 MB
[runlim] sample:		489.94 time, 490.02 real, 282 MB
[runlim] sample:		499.95 time, 500.02 real, 286 MB
[runlim] sample:		509.94 time, 510.02 real, 289 MB
[runlim] sample:		519.95 time, 520.02 real, 294 MB
[runlim] sample:		529.95 time, 530.02 real, 297 MB
[runlim] sample:		539.95 time, 540.02 real, 300 MB
[runlim] sample:		549.94 time, 550.02 real, 303 MB
[runlim] sample:		559.94 time, 560.02 real, 306 MB
[runlim] sample:		569.94 time, 570.02 real, 308 MB
[runlim] sample:		579.94 time, 580.02 real, 311 MB
[runlim] sample:		589.94 time, 590.02 real, 315 MB
[runlim] sample:		599.94 time, 600.02 real, 318 MB
[runlim] sample:		609.94 time, 610.02 real, 321 MB
[runlim] sample:		619.94 time, 620.02 real, 324 MB
[runlim] sample:		629.94 time, 630.02 real, 326 MB
[runlim] sample:		639.94 time, 640.02 real, 329 MB
[runlim] sample:		649.94 time, 650.02 real, 331 MB
[runlim] sample:		659.94 time, 660.02 real, 333 MB
[runlim] sample:		669.94 time, 670.02 real, 336 MB
[runlim] sample:		679.94 time, 680.02 real, 339 MB
[runlim] sample:		689.93 time, 690.02 real, 342 MB
[runlim] sample:		699.93 time, 700.02 real, 345 MB
[runlim] sample:		709.94 time, 710.02 real, 348 MB
[runlim] sample:		719.94 time, 720.02 real, 353 MB
[runlim] sample:		729.94 time, 730.02 real, 355 MB
[runlim] sample:		739.94 time, 740.02 real, 357 MB
[runlim] sample:		749.94 time, 750.02 real, 362 MB
[runlim] sample:		759.94 time, 760.02 real, 366 MB
[runlim] sample:		769.93 time, 770.02 real, 368 MB
[runlim] sample:		779.94 time, 780.02 real, 371 MB
[runlim] sample:		789.93 time, 790.02 real, 374 MB
[runlim] sample:		799.94 time, 800.02 real, 376 MB
[runlim] sample:		809.94 time, 810.02 real, 380 MB
[runlim] sample:		819.94 time, 820.02 real, 383 MB
[runlim] sample:		829.94 time, 830.02 real, 385 MB
[runlim] sample:		839.94 time, 840.02 real, 387 MB
[runlim] sample:		849.93 time, 850.02 real, 390 MB
[runlim] sample:		859.93 time, 860.02 real, 393 MB
[runlim] sample:		869.93 time, 870.02 real, 397 MB
[runlim] sample:		879.94 time, 880.02 real, 399 MB
[runlim] sample:		889.94 time, 890.02 real, 401 MB
[runlim] sample:		899.94 time, 900.02 real, 404 MB
[runlim] sample:		909.94 time, 910.02 real, 407 MB
[runlim] sample:		919.94 time, 920.02 real, 409 MB
[runlim] sample:		929.93 time, 930.02 real, 413 MB
[runlim] sample:		939.94 time, 940.02 real, 416 MB
[runlim] sample:		949.94 time, 950.02 real, 418 MB
[runlim] sample:		959.94 time, 960.02 real, 420 MB
[runlim] sample:		969.94 time, 970.02 real, 421 MB
[runlim] sample:		979.93 time, 980.02 real, 424 MB
[runlim] sample:		989.93 time, 990.02 real, 427 MB
[runlim] sample:		999.94 time, 1000.02 real, 429 MB
[runlim] sample:		1009.93 time, 1010.02 real, 431 MB
[runlim] sample:		1019.93 time, 1020.02 real, 435 MB
[runlim] sample:		1029.93 time, 1030.02 real, 438 MB
[runlim] sample:		1039.93 time, 1040.02 real, 440 MB
[runlim] sample:		1049.93 time, 1050.02 real, 442 MB
[runlim] sample:		1059.94 time, 1060.02 real, 444 MB
[runlim] sample:		1069.93 time, 1070.02 real, 446 MB
[runlim] sample:		1079.93 time, 1080.02 real, 447 MB
[runlim] sample:		1089.93 time, 1090.02 real, 450 MB
[runlim] sample:		1099.94 time, 1100.02 real, 452 MB
[runlim] sample:		1109.93 time, 1110.02 real, 455 MB
[runlim] sample:		1119.93 time, 1120.02 real, 458 MB
[runlim] sample:		1129.93 time, 1130.02 real, 460 MB
[runlim] sample:		1139.93 time, 1140.02 real, 462 MB
[runlim] sample:		1149.93 time, 1150.02 real, 464 MB
[runlim] sample:		1159.93 time, 1160.02 real, 466 MB
[runlim] sample:		1169.93 time, 1170.02 real, 468 MB
[runlim] sample:		1179.94 time, 1180.02 real, 472 MB
[runlim] sample:		1189.93 time, 1190.02 real, 474 MB
[runlim] sample:		1199.94 time, 1200.02 real, 476 MB
[runlim] sample:		1209.94 time, 1210.02 real, 479 MB
[runlim] sample:		1219.93 time, 1220.02 real, 481 MB
[runlim] sample:		1229.93 time, 1230.02 real, 484 MB
[runlim] sample:		1239.93 time, 1240.02 real, 487 MB
[runlim] sample:		1249.94 time, 1250.02 real, 489 MB
[runlim] sample:		1259.93 time, 1260.02 real, 491 MB
[runlim] sample:		1269.93 time, 1270.02 real, 493 MB
[runlim] sample:		1279.93 time, 1280.02 real, 497 MB
[runlim] sample:		1289.93 time, 1290.02 real, 499 MB
[runlim] sample:		1299.93 time, 1300.02 real, 500 MB
[runlim] sample:		1309.93 time, 1310.02 real, 504 MB
[runlim] sample:		1319.93 time, 1320.02 real, 506 MB
[runlim] sample:		1329.93 time, 1330.02 real, 507 MB
[runlim] sample:		1339.93 time, 1340.02 real, 510 MB
[runlim] sample:		1349.93 time, 1350.02 real, 512 MB
[runlim] sample:		1359.93 time, 1360.02 real, 513 MB
[runlim] sample:		1369.93 time, 1370.02 real, 515 MB
[runlim] sample:		1379.93 time, 1380.02 real, 517 MB
[runlim] sample:		1389.93 time, 1390.02 real, 519 MB
[runlim] sample:		1399.93 time, 1400.02 real, 522 MB
[runlim] sample:		1409.93 time, 1410.02 real, 523 MB
[runlim] sample:		1419.93 time, 1420.02 real, 525 MB
[runlim] sample:		1429.93 time, 1430.02 real, 527 MB
[runlim] sample:		1439.93 time, 1440.02 real, 529 MB
[runlim] sample:		1449.92 time, 1450.02 real, 530 MB
[runlim] sample:		1459.93 time, 1460.02 real, 532 MB
[runlim] sample:		1469.92 time, 1470.02 real, 534 MB
[runlim] sample:		1479.93 time, 1480.02 real, 535 MB
[runlim] sample:		1489.92 time, 1490.02 real, 537 MB
[runlim] sample:		1499.93 time, 1500.02 real, 539 MB
[runlim] sample:		1509.93 time, 1510.02 real, 543 MB
[runlim] sample:		1519.93 time, 1520.02 real, 545 MB
[runlim] sample:		1529.93 time, 1530.02 real, 547 MB
[runlim] sample:		1539.92 time, 1540.02 real, 549 MB
[runlim] sample:		1549.92 time, 1550.02 real, 551 MB
[runlim] sample:		1559.92 time, 1560.02 real, 552 MB
[runlim] sample:		1569.93 time, 1570.02 real, 554 MB
[runlim] sample:		1579.92 time, 1580.02 real, 556 MB
[runlim] sample:		1589.92 time, 1590.02 real, 557 MB
[runlim] sample:		1599.93 time, 1600.02 real, 559 MB
[runlim] sample:		1609.93 time, 1610.02 real, 561 MB
[runlim] sample:		1619.92 time, 1620.02 real, 562 MB
[runlim] sample:		1629.93 time, 1630.02 real, 564 MB
[runlim] sample:		1639.93 time, 1640.02 real, 565 MB
[runlim] sample:		1649.92 time, 1650.02 real, 567 MB
[runlim] sample:		1659.93 time, 1660.02 real, 570 MB
[runlim] sample:		1669.92 time, 1670.02 real, 571 MB
[runlim] sample:		1679.93 time, 1680.02 real, 573 MB
[runlim] sample:		1689.92 time, 1690.02 real, 574 MB
[runlim] sample:		1699.92 time, 1700.02 real, 575 MB
[runlim] sample:		1709.93 time, 1710.02 real, 577 MB
[runlim] sample:		1719.92 time, 1720.02 real, 579 MB
[runlim] sample:		1729.92 time, 1730.02 real, 580 MB
[runlim] sample:		1739.92 time, 1740.02 real, 581 MB
[runlim] sample:		1749.92 time, 1750.02 real, 583 MB
[runlim] sample:		1759.93 time, 1760.02 real, 585 MB
[runlim] sample:		1769.92 time, 1770.02 real, 586 MB
[runlim] sample:		1779.92 time, 1780.02 real, 588 MB
[runlim] sample:		1789.92 time, 1790.02 real, 589 MB
[runlim] sample:		1799.92 time, 1800.02 real, 591 MB
[runlim] sample:		1809.92 time, 1810.02 real, 592 MB
[runlim] sample:		1819.93 time, 1820.02 real, 593 MB
[runlim] sample:		1829.92 time, 1830.02 real, 595 MB
[runlim] sample:		1839.92 time, 1840.02 real, 597 MB
[runlim] sample:		1849.92 time, 1850.02 real, 599 MB
[runlim] sample:		1859.93 time, 1860.02 real, 601 MB
[runlim] sample:		1869.92 time, 1870.02 real, 602 MB
[runlim] sample:		1879.92 time, 1880.02 real, 603 MB
[runlim] sample:		1889.92 time, 1890.02 real, 604 MB
[runlim] sample:		1899.92 time, 1900.02 real, 606 MB
[runlim] sample:		1909.92 time, 1910.02 real, 607 MB
[runlim] sample:		1919.92 time, 1920.02 real, 610 MB
[runlim] sample:		1929.92 time, 1930.02 real, 611 MB
[runlim] sample:		1939.92 time, 1940.02 real, 496 MB
[runlim] sample:		1949.92 time, 1950.02 real, 498 MB
[runlim] sample:		1959.92 time, 1960.02 real, 500 MB
[runlim] sample:		1969.92 time, 1970.02 real, 501 MB
[runlim] sample:		1979.92 time, 1980.02 real, 503 MB
[runlim] sample:		1989.92 time, 1990.02 real, 505 MB
[runlim] sample:		1999.92 time, 2000.02 real, 506 MB
[runlim] sample:		2009.92 time, 2010.02 real, 508 MB
[runlim] sample:		2019.92 time, 2020.02 real, 510 MB
[runlim] sample:		2029.92 time, 2030.02 real, 513 MB
[runlim] sample:		2039.92 time, 2040.02 real, 516 MB
[runlim] sample:		2049.92 time, 2050.02 real, 518 MB
[runlim] sample:		2059.92 time, 2060.02 real, 522 MB
[runlim] sample:		2069.92 time, 2070.02 real, 524 MB
[runlim] sample:		2079.92 time, 2080.02 real, 525 MB
[runlim] sample:		2089.91 time, 2090.02 real, 527 MB
[runlim] sample:		2099.92 time, 2100.02 real, 528 MB
[runlim] sample:		2109.92 time, 2110.02 real, 529 MB
[runlim] sample:		2119.92 time, 2120.02 real, 533 MB
[runlim] sample:		2129.91 time, 2130.02 real, 534 MB
[runlim] sample:		2139.91 time, 2140.02 real, 535 MB
[runlim] sample:		2149.91 time, 2150.02 real, 537 MB
[runlim] sample:		2159.92 time, 2160.02 real, 538 MB
[runlim] sample:		2169.91 time, 2170.02 real, 540 MB
[runlim] sample:		2179.92 time, 2180.02 real, 541 MB
[runlim] sample:		2189.92 time, 2190.02 real, 542 MB
[runlim] sample:		2199.91 time, 2200.02 real, 544 MB
[runlim] sample:		2209.91 time, 2210.02 real, 546 MB
[runlim] sample:		2219.91 time, 2220.02 real, 548 MB
[runlim] sample:		2229.91 time, 2230.02 real, 552 MB
[runlim] sample:		2239.91 time, 2240.02 real, 554 MB
[runlim] sample:		2249.91 time, 2250.02 real, 556 MB
[runlim] sample:		2259.91 time, 2260.02 real, 557 MB
[runlim] sample:		2269.91 time, 2270.02 real, 559 MB
[runlim] sample:		2279.91 time, 2280.02 real, 559 MB
[runlim] sample:		2289.92 time, 2290.02 real, 561 MB
[runlim] sample:		2299.92 time, 2300.02 real, 562 MB
[runlim] sample:		2309.91 time, 2310.02 real, 563 MB
[runlim] sample:		2319.91 time, 2320.02 real, 565 MB
[runlim] sample:		2329.92 time, 2330.02 real, 566 MB
[runlim] sample:		2339.92 time, 2340.02 real, 567 MB
[runlim] sample:		2349.91 time, 2350.02 real, 568 MB
[runlim] sample:		2359.92 time, 2360.02 real, 570 MB
[runlim] sample:		2369.91 time, 2370.02 real, 572 MB
[runlim] sample:		2379.91 time, 2380.02 real, 573 MB
[runlim] sample:		2389.91 time, 2390.02 real, 574 MB
[runlim] sample:		2399.92 time, 2400.02 real, 576 MB
[runlim] sample:		2409.91 time, 2410.02 real, 578 MB
[runlim] sample:		2419.92 time, 2420.02 real, 579 MB
[runlim] sample:		2429.91 time, 2430.02 real, 580 MB
[runlim] sample:		2439.91 time, 2440.02 real, 581 MB
[runlim] sample:		2449.91 time, 2450.02 real, 583 MB
[runlim] sample:		2459.91 time, 2460.02 real, 584 MB
[runlim] sample:		2469.91 time, 2470.02 real, 588 MB
[runlim] sample:		2479.91 time, 2480.02 real, 590 MB
[runlim] sample:		2489.91 time, 2490.02 real, 591 MB
[runlim] sample:		2499.91 time, 2500.02 real, 593 MB
[runlim] sample:		2509.91 time, 2510.02 real, 595 MB
[runlim] sample:		2519.91 time, 2520.02 real, 596 MB
[runlim] sample:		2529.91 time, 2530.02 real, 596 MB
[runlim] sample:		2539.91 time, 2540.02 real, 597 MB
[runlim] sample:		2549.91 time, 2550.02 real, 599 MB
[runlim] sample:		2559.91 time, 2560.02 real, 601 MB
[runlim] sample:		2569.91 time, 2570.02 real, 602 MB
[runlim] sample:		2579.91 time, 2580.02 real, 604 MB
[runlim] sample:		2589.91 time, 2590.02 real, 605 MB
[runlim] sample:		2599.91 time, 2600.02 real, 607 MB
[runlim] sample:		2609.91 time, 2610.02 real, 609 MB
[runlim] sample:		2619.91 time, 2620.02 real, 611 MB
[runlim] sample:		2629.91 time, 2630.02 real, 612 MB
[runlim] sample:		2639.91 time, 2640.02 real, 613 MB
[runlim] sample:		2649.91 time, 2650.02 real, 616 MB
[runlim] sample:		2659.90 time, 2660.02 real, 617 MB
[runlim] sample:		2669.91 time, 2670.02 real, 618 MB
[runlim] sample:		2679.91 time, 2680.02 real, 619 MB
[runlim] sample:		2689.91 time, 2690.02 real, 621 MB
[runlim] sample:		2699.90 time, 2700.02 real, 622 MB
[runlim] end:			Thu Feb 27 09:44:11 2020
[runlim] status:		out of time
[runlim] result:		2
[runlim] children:		1
[runlim] real:			2700.14 seconds
[runlim] time:			2699.90 seconds
[runlim] space:			976 MB
[runlim] samples:		27000
