[runlim] version:		1.18
[runlim] host:			c3n13
[runlim] time limit:		2700 seconds
[runlim] real time limit:	2700 seconds
[runlim] space limit:		7000 MB
[runlim] argv[0]:		./binary
[runlim] argv[1]:		/data/cnf/ankit/RSet1/kenoopp1.R
[runlim] start:			Thu Feb 27 08:59:11 2020
[runlim] child:			6684
[runlim] sample:		10.00 time, 10.02 real, 33 MB
[runlim] sample:		20.00 time, 20.02 real, 51 MB
[runlim] sample:		30.00 time, 30.02 real, 67 MB
[runlim] sample:		40.00 time, 40.02 real, 82 MB
[runlim] sample:		50.00 time, 50.02 real, 97 MB
[runlim] sample:		60.00 time, 60.02 real, 109 MB
[runlim] sample:		70.00 time, 70.02 real, 121 MB
[runlim] sample:		80.00 time, 80.02 real, 132 MB
[runlim] sample:		90.00 time, 90.02 real, 142 MB
[runlim] sample:		100.00 time, 100.02 real, 153 MB
[runlim] sample:		110.00 time, 110.02 real, 162 MB
[runlim] sample:		120.00 time, 120.02 real, 171 MB
[runlim] sample:		129.99 time, 130.02 real, 180 MB
[runlim] sample:		140.00 time, 140.02 real, 189 MB
[runlim] sample:		150.00 time, 150.02 real, 197 MB
[runlim] sample:		160.00 time, 160.02 real, 205 MB
[runlim] sample:		169.99 time, 170.02 real, 213 MB
[runlim] sample:		180.00 time, 180.02 real, 220 MB
[runlim] sample:		190.00 time, 190.02 real, 229 MB
[runlim] sample:		200.00 time, 200.02 real, 237 MB
[runlim] sample:		210.00 time, 210.02 real, 243 MB
[runlim] sample:		219.99 time, 220.02 real, 250 MB
[runlim] sample:		230.00 time, 230.02 real, 258 MB
[runlim] sample:		239.99 time, 240.02 real, 266 MB
[runlim] sample:		249.99 time, 250.02 real, 271 MB
[runlim] sample:		260.00 time, 260.02 real, 277 MB
[runlim] sample:		270.00 time, 270.02 real, 284 MB
[runlim] sample:		279.99 time, 280.02 real, 290 MB
[runlim] sample:		289.99 time, 290.02 real, 296 MB
[runlim] sample:		300.00 time, 300.02 real, 302 MB
[runlim] sample:		310.00 time, 310.02 real, 307 MB
[runlim] sample:		320.00 time, 320.02 real, 312 MB
[runlim] sample:		329.99 time, 330.02 real, 317 MB
[runlim] sample:		339.99 time, 340.02 real, 321 MB
[runlim] sample:		349.99 time, 350.02 real, 325 MB
[runlim] sample:		360.00 time, 360.02 real, 330 MB
[runlim] sample:		370.00 time, 370.02 real, 336 MB
[runlim] sample:		380.00 time, 380.02 real, 340 MB
[runlim] sample:		390.00 time, 390.02 real, 345 MB
[runlim] sample:		399.99 time, 400.02 real, 351 MB
[runlim] sample:		409.99 time, 410.02 real, 356 MB
[runlim] sample:		419.99 time, 420.02 real, 360 MB
[runlim] sample:		429.99 time, 430.02 real, 365 MB
[runlim] sample:		439.99 time, 440.02 real, 371 MB
[runlim] sample:		449.99 time, 450.02 real, 376 MB
[runlim] sample:		460.00 time, 460.02 real, 381 MB
[runlim] sample:		469.99 time, 470.02 real, 385 MB
[runlim] sample:		479.99 time, 480.02 real, 388 MB
[runlim] sample:		489.99 time, 490.02 real, 391 MB
[runlim] sample:		500.00 time, 500.02 real, 395 MB
[runlim] sample:		509.99 time, 510.02 real, 398 MB
[runlim] sample:		519.99 time, 520.02 real, 403 MB
[runlim] sample:		529.99 time, 530.02 real, 408 MB
[runlim] sample:		539.99 time, 540.02 real, 411 MB
[runlim] sample:		549.99 time, 550.02 real, 414 MB
[runlim] sample:		559.99 time, 560.02 real, 418 MB
[runlim] sample:		569.99 time, 570.02 real, 422 MB
[runlim] sample:		579.99 time, 580.02 real, 424 MB
[runlim] sample:		589.99 time, 590.02 real, 427 MB
[runlim] sample:		599.99 time, 600.02 real, 430 MB
[runlim] sample:		609.99 time, 610.02 real, 433 MB
[runlim] sample:		619.99 time, 620.02 real, 437 MB
[runlim] sample:		629.99 time, 630.02 real, 440 MB
[runlim] sample:		639.99 time, 640.02 real, 444 MB
[runlim] sample:		649.99 time, 650.02 real, 451 MB
[runlim] sample:		659.98 time, 660.02 real, 454 MB
[runlim] sample:		669.99 time, 670.02 real, 458 MB
[runlim] sample:		679.99 time, 680.02 real, 462 MB
[runlim] sample:		689.99 time, 690.02 real, 466 MB
[runlim] sample:		699.99 time, 700.02 real, 469 MB
[runlim] sample:		709.99 time, 710.02 real, 471 MB
[runlim] sample:		719.99 time, 720.02 real, 474 MB
[runlim] sample:		729.99 time, 730.02 real, 477 MB
[runlim] sample:		739.99 time, 740.02 real, 480 MB
[runlim] sample:		749.99 time, 750.02 real, 483 MB
[runlim] sample:		759.99 time, 760.02 real, 488 MB
[runlim] sample:		769.99 time, 770.02 real, 492 MB
[runlim] sample:		779.99 time, 780.02 real, 495 MB
[runlim] sample:		789.99 time, 790.02 real, 498 MB
[runlim] sample:		799.99 time, 800.02 real, 501 MB
[runlim] sample:		809.99 time, 810.02 real, 505 MB
[runlim] sample:		819.98 time, 820.02 real, 509 MB
[runlim] sample:		829.98 time, 830.02 real, 513 MB
[runlim] sample:		839.98 time, 840.02 real, 516 MB
[runlim] sample:		849.99 time, 850.02 real, 519 MB
[runlim] sample:		859.98 time, 860.02 real, 522 MB
[runlim] sample:		869.99 time, 870.02 real, 524 MB
[runlim] sample:		879.98 time, 880.02 real, 527 MB
[runlim] sample:		889.98 time, 890.02 real, 531 MB
[runlim] sample:		899.98 time, 900.02 real, 534 MB
[runlim] sample:		909.98 time, 910.02 real, 537 MB
[runlim] sample:		919.98 time, 920.02 real, 541 MB
[runlim] sample:		929.98 time, 930.02 real, 544 MB
[runlim] sample:		939.99 time, 940.02 real, 547 MB
[runlim] sample:		949.98 time, 950.02 real, 550 MB
[runlim] sample:		959.98 time, 960.02 real, 556 MB
[runlim] sample:		969.98 time, 970.02 real, 559 MB
[runlim] sample:		979.98 time, 980.02 real, 562 MB
[runlim] sample:		989.98 time, 990.02 real, 565 MB
[runlim] sample:		999.99 time, 1000.02 real, 567 MB
[runlim] sample:		1009.99 time, 1010.02 real, 571 MB
[runlim] sample:		1019.98 time, 1020.02 real, 574 MB
[runlim] sample:		1029.99 time, 1030.02 real, 576 MB
[runlim] sample:		1039.98 time, 1040.02 real, 579 MB
[runlim] sample:		1049.98 time, 1050.02 real, 582 MB
[runlim] sample:		1059.99 time, 1060.02 real, 584 MB
[runlim] sample:		1069.98 time, 1070.02 real, 587 MB
[runlim] sample:		1079.98 time, 1080.02 real, 590 MB
[runlim] sample:		1089.98 time, 1090.02 real, 591 MB
[runlim] sample:		1099.98 time, 1100.02 real, 594 MB
[runlim] sample:		1109.98 time, 1110.02 real, 596 MB
[runlim] sample:		1119.98 time, 1120.02 real, 600 MB
[runlim] sample:		1129.98 time, 1130.02 real, 602 MB
[runlim] sample:		1139.98 time, 1140.02 real, 605 MB
[runlim] sample:		1149.98 time, 1150.02 real, 607 MB
[runlim] sample:		1159.98 time, 1160.02 real, 610 MB
[runlim] sample:		1169.97 time, 1170.02 real, 612 MB
[runlim] sample:		1179.98 time, 1180.02 real, 614 MB
[runlim] sample:		1189.98 time, 1190.02 real, 615 MB
[runlim] sample:		1199.98 time, 1200.02 real, 618 MB
[runlim] sample:		1209.98 time, 1210.02 real, 620 MB
[runlim] sample:		1219.98 time, 1220.02 real, 622 MB
[runlim] sample:		1229.97 time, 1230.02 real, 624 MB
[runlim] sample:		1239.98 time, 1240.02 real, 626 MB
[runlim] sample:		1249.97 time, 1250.02 real, 629 MB
[runlim] sample:		1259.97 time, 1260.02 real, 631 MB
[runlim] sample:		1269.97 time, 1270.02 real, 633 MB
[runlim] sample:		1279.98 time, 1280.02 real, 635 MB
[runlim] sample:		1289.98 time, 1290.02 real, 637 MB
[runlim] sample:		1299.98 time, 1300.02 real, 638 MB
[runlim] sample:		1309.97 time, 1310.02 real, 640 MB
[runlim] sample:		1319.98 time, 1320.02 real, 643 MB
[runlim] sample:		1329.98 time, 1330.02 real, 645 MB
[runlim] sample:		1339.98 time, 1340.02 real, 648 MB
[runlim] sample:		1349.98 time, 1350.02 real, 651 MB
[runlim] sample:		1359.98 time, 1360.02 real, 655 MB
[runlim] sample:		1369.97 time, 1370.02 real, 656 MB
[runlim] sample:		1379.98 time, 1380.02 real, 658 MB
[runlim] sample:		1389.97 time, 1390.02 real, 661 MB
[runlim] sample:		1399.98 time, 1400.02 real, 664 MB
[runlim] sample:		1409.97 time, 1410.02 real, 667 MB
[runlim] sample:		1419.97 time, 1420.02 real, 671 MB
[runlim] sample:		1429.97 time, 1430.02 real, 674 MB
[runlim] sample:		1439.97 time, 1440.02 real, 677 MB
[runlim] sample:		1449.97 time, 1450.02 real, 678 MB
[runlim] sample:		1459.97 time, 1460.02 real, 680 MB
[runlim] sample:		1469.97 time, 1470.02 real, 683 MB
[runlim] sample:		1479.97 time, 1480.02 real, 687 MB
[runlim] sample:		1489.98 time, 1490.02 real, 692 MB
[runlim] sample:		1499.98 time, 1500.02 real, 694 MB
[runlim] sample:		1509.98 time, 1510.02 real, 695 MB
[runlim] sample:		1519.97 time, 1520.02 real, 699 MB
[runlim] sample:		1529.97 time, 1530.02 real, 701 MB
[runlim] sample:		1539.97 time, 1540.02 real, 703 MB
[runlim] sample:		1549.97 time, 1550.02 real, 705 MB
[runlim] sample:		1559.97 time, 1560.02 real, 708 MB
[runlim] sample:		1569.97 time, 1570.02 real, 710 MB
[runlim] sample:		1579.97 time, 1580.02 real, 712 MB
[runlim] sample:		1589.97 time, 1590.02 real, 715 MB
[runlim] sample:		1599.97 time, 1600.02 real, 718 MB
[runlim] sample:		1609.97 time, 1610.02 real, 721 MB
[runlim] sample:		1619.97 time, 1620.02 real, 726 MB
[runlim] sample:		1629.97 time, 1630.02 real, 728 MB
[runlim] sample:		1639.97 time, 1640.02 real, 730 MB
[runlim] sample:		1649.97 time, 1650.02 real, 732 MB
[runlim] sample:		1659.97 time, 1660.02 real, 735 MB
[runlim] sample:		1669.97 time, 1670.02 real, 737 MB
[runlim] sample:		1679.97 time, 1680.02 real, 740 MB
[runlim] sample:		1689.97 time, 1690.02 real, 742 MB
[runlim] sample:		1699.97 time, 1700.02 real, 744 MB
[runlim] sample:		1709.97 time, 1710.02 real, 746 MB
[runlim] sample:		1719.97 time, 1720.02 real, 748 MB
[runlim] sample:		1729.97 time, 1730.02 real, 749 MB
[runlim] sample:		1739.96 time, 1740.02 real, 751 MB
[runlim] sample:		1749.97 time, 1750.02 real, 753 MB
[runlim] sample:		1759.97 time, 1760.02 real, 755 MB
[runlim] sample:		1769.97 time, 1770.02 real, 756 MB
[runlim] sample:		1779.96 time, 1780.02 real, 757 MB
[runlim] sample:		1789.97 time, 1790.02 real, 759 MB
[runlim] sample:		1799.96 time, 1800.02 real, 761 MB
[runlim] sample:		1809.97 time, 1810.02 real, 763 MB
[runlim] sample:		1819.96 time, 1820.02 real, 766 MB
[runlim] sample:		1829.96 time, 1830.02 real, 768 MB
[runlim] sample:		1839.96 time, 1840.02 real, 770 MB
[runlim] sample:		1849.96 time, 1850.02 real, 772 MB
[runlim] sample:		1859.96 time, 1860.02 real, 775 MB
[runlim] sample:		1869.96 time, 1870.02 real, 777 MB
[runlim] sample:		1879.97 time, 1880.02 real, 781 MB
[runlim] sample:		1889.96 time, 1890.02 real, 783 MB
[runlim] sample:		1899.97 time, 1900.02 real, 784 MB
[runlim] sample:		1909.97 time, 1910.02 real, 786 MB
[runlim] sample:		1919.97 time, 1920.02 real, 788 MB
[runlim] sample:		1929.96 time, 1930.02 real, 793 MB
[runlim] sample:		1939.97 time, 1940.02 real, 798 MB
[runlim] sample:		1949.96 time, 1950.02 real, 800 MB
[runlim] sample:		1959.96 time, 1960.02 real, 802 MB
[runlim] sample:		1969.97 time, 1970.02 real, 804 MB
[runlim] sample:		1979.97 time, 1980.02 real, 806 MB
[runlim] sample:		1989.97 time, 1990.02 real, 808 MB
[runlim] sample:		1999.96 time, 2000.02 real, 812 MB
[runlim] sample:		2009.96 time, 2010.02 real, 814 MB
[runlim] sample:		2019.96 time, 2020.02 real, 816 MB
[runlim] sample:		2029.96 time, 2030.02 real, 818 MB
[runlim] sample:		2039.96 time, 2040.02 real, 824 MB
[runlim] sample:		2049.96 time, 2050.02 real, 825 MB
[runlim] sample:		2059.96 time, 2060.02 real, 828 MB
[runlim] sample:		2069.97 time, 2070.02 real, 830 MB
[runlim] sample:		2079.97 time, 2080.02 real, 831 MB
[runlim] sample:		2089.97 time, 2090.02 real, 833 MB
[runlim] sample:		2099.96 time, 2100.02 real, 834 MB
[runlim] sample:		2109.96 time, 2110.02 real, 836 MB
[runlim] sample:		2119.96 time, 2120.02 real, 839 MB
[runlim] sample:		2129.96 time, 2130.02 real, 842 MB
[runlim] sample:		2139.96 time, 2140.02 real, 844 MB
[runlim] sample:		2149.96 time, 2150.02 real, 846 MB
[runlim] sample:		2159.96 time, 2160.02 real, 848 MB
[runlim] sample:		2169.96 time, 2170.02 real, 849 MB
[runlim] sample:		2179.96 time, 2180.02 real, 852 MB
[runlim] sample:		2189.96 time, 2190.02 real, 854 MB
[runlim] sample:		2199.96 time, 2200.02 real, 855 MB
[runlim] sample:		2209.96 time, 2210.02 real, 858 MB
[runlim] sample:		2219.96 time, 2220.02 real, 860 MB
[runlim] sample:		2229.96 time, 2230.02 real, 862 MB
[runlim] sample:		2239.96 time, 2240.02 real, 864 MB
[runlim] sample:		2249.96 time, 2250.02 real, 867 MB
[runlim] sample:		2259.96 time, 2260.02 real, 869 MB
[runlim] sample:		2269.95 time, 2270.02 real, 871 MB
[runlim] sample:		2279.96 time, 2280.02 real, 873 MB
[runlim] sample:		2289.96 time, 2290.02 real, 874 MB
[runlim] sample:		2299.96 time, 2300.02 real, 876 MB
[runlim] sample:		2309.96 time, 2310.02 real, 878 MB
[runlim] sample:		2319.96 time, 2320.02 real, 880 MB
[runlim] sample:		2329.96 time, 2330.02 real, 881 MB
[runlim] sample:		2339.96 time, 2340.02 real, 884 MB
[runlim] sample:		2349.96 time, 2350.02 real, 886 MB
[runlim] sample:		2359.96 time, 2360.02 real, 888 MB
[runlim] sample:		2369.96 time, 2370.02 real, 891 MB
[runlim] sample:		2379.96 time, 2380.02 real, 893 MB
[runlim] sample:		2389.96 time, 2390.02 real, 895 MB
[runlim] sample:		2399.96 time, 2400.02 real, 897 MB
[runlim] sample:		2409.95 time, 2410.02 real, 899 MB
[runlim] sample:		2419.95 time, 2420.02 real, 901 MB
[runlim] sample:		2429.95 time, 2430.02 real, 905 MB
[runlim] sample:		2439.95 time, 2440.02 real, 908 MB
[runlim] sample:		2449.96 time, 2450.02 real, 910 MB
[runlim] sample:		2459.96 time, 2460.02 real, 912 MB
[runlim] sample:		2469.96 time, 2470.02 real, 914 MB
[runlim] sample:		2479.96 time, 2480.02 real, 916 MB
[runlim] sample:		2489.95 time, 2490.02 real, 917 MB
[runlim] sample:		2499.96 time, 2500.02 real, 918 MB
[runlim] sample:		2509.96 time, 2510.02 real, 919 MB
[runlim] sample:		2519.95 time, 2520.02 real, 921 MB
[runlim] sample:		2529.96 time, 2530.02 real, 923 MB
[runlim] sample:		2539.96 time, 2540.02 real, 925 MB
[runlim] sample:		2549.95 time, 2550.02 real, 926 MB
[runlim] sample:		2559.95 time, 2560.02 real, 928 MB
[runlim] sample:		2569.95 time, 2570.02 real, 930 MB
[runlim] sample:		2579.96 time, 2580.02 real, 931 MB
[runlim] sample:		2589.95 time, 2590.02 real, 932 MB
[runlim] sample:		2599.95 time, 2600.02 real, 933 MB
[runlim] sample:		2609.95 time, 2610.02 real, 935 MB
[runlim] sample:		2619.95 time, 2620.02 real, 936 MB
[runlim] sample:		2629.95 time, 2630.02 real, 937 MB
[runlim] sample:		2639.95 time, 2640.02 real, 939 MB
[runlim] sample:		2649.96 time, 2650.02 real, 941 MB
[runlim] sample:		2659.96 time, 2660.02 real, 942 MB
[runlim] sample:		2669.95 time, 2670.02 real, 944 MB
[runlim] sample:		2679.96 time, 2680.02 real, 945 MB
[runlim] sample:		2689.95 time, 2690.02 real, 947 MB
[runlim] sample:		2699.95 time, 2700.02 real, 949 MB
[runlim] end:			Thu Feb 27 09:44:11 2020
[runlim] status:		out of time
[runlim] result:		2
[runlim] children:		1
[runlim] real:			2700.12 seconds
[runlim] time:			2699.95 seconds
[runlim] space:			949 MB
[runlim] samples:		27000
