[runlim] version:		1.18
[runlim] host:			c3n16
[runlim] time limit:		2700 seconds
[runlim] real time limit:	2700 seconds
[runlim] space limit:		7000 MB
[runlim] argv[0]:		./binary
[runlim] argv[1]:		/data/cnf/ankit/RSet1/network_ndis_rtlnwifi_hw_hw_ccmp.c.dqbf
[runlim] start:			Thu Feb 27 08:59:11 2020
[runlim] child:			9785
[runlim] sample:		9.98 time, 10.02 real, 32 MB
[runlim] sample:		19.98 time, 20.02 real, 45 MB
[runlim] sample:		29.98 time, 30.02 real, 57 MB
[runlim] sample:		39.98 time, 40.02 real, 66 MB
[runlim] sample:		49.97 time, 50.02 real, 76 MB
[runlim] sample:		59.98 time, 60.02 real, 86 MB
[runlim] sample:		69.97 time, 70.02 real, 96 MB
[runlim] sample:		79.98 time, 80.02 real, 107 MB
[runlim] sample:		89.97 time, 90.02 real, 118 MB
[runlim] sample:		99.98 time, 100.02 real, 128 MB
[runlim] sample:		109.97 time, 110.02 real, 138 MB
[runlim] sample:		119.98 time, 120.02 real, 148 MB
[runlim] sample:		129.97 time, 130.02 real, 159 MB
[runlim] sample:		139.97 time, 140.02 real, 170 MB
[runlim] sample:		149.97 time, 150.02 real, 180 MB
[runlim] sample:		159.98 time, 160.02 real, 191 MB
[runlim] sample:		169.97 time, 170.02 real, 201 MB
[runlim] sample:		179.98 time, 180.02 real, 211 MB
[runlim] sample:		189.97 time, 190.02 real, 221 MB
[runlim] sample:		199.98 time, 200.02 real, 231 MB
[runlim] sample:		209.97 time, 210.02 real, 239 MB
[runlim] sample:		219.97 time, 220.02 real, 249 MB
[runlim] sample:		229.97 time, 230.02 real, 259 MB
[runlim] sample:		239.97 time, 240.02 real, 268 MB
[runlim] sample:		249.97 time, 250.02 real, 278 MB
[runlim] sample:		259.97 time, 260.02 real, 287 MB
[runlim] sample:		269.98 time, 270.02 real, 295 MB
[runlim] sample:		279.97 time, 280.02 real, 245 MB
[runlim] sample:		289.98 time, 290.02 real, 254 MB
[runlim] sample:		299.98 time, 300.02 real, 264 MB
[runlim] sample:		309.98 time, 310.02 real, 273 MB
[runlim] sample:		319.97 time, 320.02 real, 282 MB
[runlim] sample:		329.98 time, 330.02 real, 290 MB
[runlim] sample:		339.97 time, 340.02 real, 299 MB
[runlim] sample:		349.97 time, 350.02 real, 307 MB
[runlim] sample:		359.97 time, 360.02 real, 317 MB
[runlim] sample:		369.97 time, 370.02 real, 324 MB
[runlim] sample:		379.97 time, 380.02 real, 333 MB
[runlim] sample:		389.97 time, 390.02 real, 342 MB
[runlim] sample:		399.97 time, 400.02 real, 352 MB
[runlim] sample:		409.96 time, 410.02 real, 362 MB
[runlim] sample:		419.97 time, 420.02 real, 372 MB
[runlim] sample:		429.97 time, 430.02 real, 379 MB
[runlim] sample:		439.96 time, 440.02 real, 388 MB
[runlim] sample:		449.97 time, 450.02 real, 397 MB
[runlim] sample:		459.97 time, 460.02 real, 405 MB
[runlim] sample:		469.97 time, 470.02 real, 415 MB
[runlim] sample:		479.97 time, 480.02 real, 424 MB
[runlim] sample:		489.96 time, 490.02 real, 433 MB
[runlim] sample:		499.96 time, 500.02 real, 441 MB
[runlim] sample:		509.97 time, 510.02 real, 449 MB
[runlim] sample:		519.96 time, 520.02 real, 458 MB
[runlim] sample:		529.96 time, 530.02 real, 466 MB
[runlim] sample:		539.97 time, 540.02 real, 474 MB
[runlim] sample:		549.96 time, 550.02 real, 481 MB
[runlim] sample:		559.97 time, 560.02 real, 490 MB
[runlim] sample:		569.97 time, 570.02 real, 499 MB
[runlim] sample:		579.96 time, 580.02 real, 508 MB
[runlim] sample:		589.96 time, 590.02 real, 516 MB
[runlim] sample:		599.97 time, 600.02 real, 524 MB
[runlim] sample:		609.97 time, 610.02 real, 533 MB
[runlim] sample:		619.97 time, 620.02 real, 543 MB
[runlim] sample:		629.97 time, 630.02 real, 552 MB
[runlim] sample:		639.97 time, 640.02 real, 560 MB
[runlim] sample:		649.97 time, 650.02 real, 568 MB
[runlim] sample:		659.97 time, 660.02 real, 575 MB
[runlim] sample:		669.97 time, 670.02 real, 582 MB
[runlim] sample:		679.97 time, 680.02 real, 589 MB
[runlim] sample:		689.97 time, 690.02 real, 596 MB
[runlim] sample:		699.97 time, 700.02 real, 603 MB
[runlim] sample:		709.97 time, 710.02 real, 610 MB
[runlim] sample:		719.96 time, 720.02 real, 617 MB
[runlim] sample:		729.97 time, 730.02 real, 625 MB
[runlim] sample:		739.97 time, 740.02 real, 633 MB
[runlim] sample:		749.96 time, 750.02 real, 640 MB
[runlim] sample:		759.96 time, 760.02 real, 647 MB
[runlim] sample:		769.97 time, 770.02 real, 655 MB
[runlim] sample:		779.97 time, 780.02 real, 662 MB
[runlim] sample:		789.97 time, 790.02 real, 671 MB
[runlim] sample:		799.97 time, 800.02 real, 679 MB
[runlim] sample:		809.97 time, 810.02 real, 686 MB
[runlim] sample:		819.97 time, 820.02 real, 694 MB
[runlim] sample:		829.97 time, 830.02 real, 703 MB
[runlim] sample:		839.97 time, 840.02 real, 711 MB
[runlim] sample:		849.97 time, 850.02 real, 717 MB
[runlim] sample:		859.97 time, 860.02 real, 724 MB
[runlim] sample:		869.97 time, 870.02 real, 732 MB
[runlim] sample:		879.97 time, 880.02 real, 740 MB
[runlim] sample:		889.97 time, 890.02 real, 748 MB
[runlim] sample:		899.97 time, 900.02 real, 757 MB
[runlim] sample:		909.97 time, 910.02 real, 765 MB
[runlim] sample:		919.97 time, 920.02 real, 773 MB
[runlim] sample:		929.97 time, 930.02 real, 781 MB
[runlim] sample:		939.96 time, 940.02 real, 789 MB
[runlim] sample:		949.97 time, 950.02 real, 797 MB
[runlim] sample:		959.96 time, 960.02 real, 804 MB
[runlim] sample:		969.97 time, 970.02 real, 812 MB
[runlim] sample:		979.97 time, 980.02 real, 819 MB
[runlim] sample:		989.96 time, 990.02 real, 826 MB
[runlim] sample:		999.97 time, 1000.02 real, 835 MB
[runlim] sample:		1009.96 time, 1010.02 real, 842 MB
[runlim] sample:		1019.97 time, 1020.02 real, 850 MB
[runlim] sample:		1029.97 time, 1030.02 real, 858 MB
[runlim] sample:		1039.97 time, 1040.02 real, 691 MB
[runlim] sample:		1049.96 time, 1050.02 real, 699 MB
[runlim] sample:		1059.97 time, 1060.02 real, 707 MB
[runlim] sample:		1069.97 time, 1070.02 real, 715 MB
[runlim] sample:		1079.97 time, 1080.02 real, 723 MB
[runlim] sample:		1089.97 time, 1090.02 real, 731 MB
[runlim] sample:		1099.97 time, 1100.02 real, 738 MB
[runlim] sample:		1109.96 time, 1110.02 real, 746 MB
[runlim] sample:		1119.97 time, 1120.02 real, 753 MB
[runlim] sample:		1129.97 time, 1130.02 real, 761 MB
[runlim] sample:		1139.96 time, 1140.02 real, 768 MB
[runlim] sample:		1149.96 time, 1150.02 real, 775 MB
[runlim] sample:		1159.97 time, 1160.02 real, 782 MB
[runlim] sample:		1169.97 time, 1170.02 real, 790 MB
[runlim] sample:		1179.96 time, 1180.02 real, 798 MB
[runlim] sample:		1189.96 time, 1190.02 real, 807 MB
[runlim] sample:		1199.96 time, 1200.02 real, 815 MB
[runlim] sample:		1209.96 time, 1210.02 real, 823 MB
[runlim] sample:		1219.96 time, 1220.02 real, 832 MB
[runlim] sample:		1229.96 time, 1230.02 real, 841 MB
[runlim] sample:		1239.97 time, 1240.02 real, 849 MB
[runlim] sample:		1249.96 time, 1250.02 real, 857 MB
[runlim] sample:		1259.97 time, 1260.02 real, 863 MB
[runlim] sample:		1269.96 time, 1270.02 real, 870 MB
[runlim] sample:		1279.96 time, 1280.02 real, 878 MB
[runlim] sample:		1289.96 time, 1290.02 real, 885 MB
[runlim] sample:		1299.97 time, 1300.02 real, 892 MB
[runlim] sample:		1309.97 time, 1310.02 real, 899 MB
[runlim] sample:		1319.96 time, 1320.02 real, 905 MB
[runlim] sample:		1329.96 time, 1330.02 real, 913 MB
[runlim] sample:		1339.96 time, 1340.02 real, 920 MB
[runlim] sample:		1349.97 time, 1350.02 real, 927 MB
[runlim] sample:		1359.97 time, 1360.02 real, 933 MB
[runlim] sample:		1369.97 time, 1370.02 real, 940 MB
[runlim] sample:		1379.96 time, 1380.02 real, 948 MB
[runlim] sample:		1389.96 time, 1390.02 real, 955 MB
[runlim] sample:		1399.96 time, 1400.02 real, 962 MB
[runlim] sample:		1409.96 time, 1410.02 real, 970 MB
[runlim] sample:		1419.96 time, 1420.02 real, 977 MB
[runlim] sample:		1429.96 time, 1430.02 real, 984 MB
[runlim] sample:		1439.96 time, 1440.02 real, 992 MB
[runlim] sample:		1449.96 time, 1450.02 real, 999 MB
[runlim] sample:		1459.97 time, 1460.02 real, 1005 MB
[runlim] sample:		1469.96 time, 1470.02 real, 1011 MB
[runlim] sample:		1479.96 time, 1480.02 real, 1017 MB
[runlim] sample:		1489.97 time, 1490.02 real, 1021 MB
[runlim] sample:		1499.96 time, 1500.02 real, 1028 MB
[runlim] sample:		1509.96 time, 1510.02 real, 1033 MB
[runlim] sample:		1519.97 time, 1520.02 real, 1039 MB
[runlim] sample:		1529.96 time, 1530.02 real, 1045 MB
[runlim] sample:		1539.96 time, 1540.02 real, 1052 MB
[runlim] sample:		1549.96 time, 1550.02 real, 1059 MB
[runlim] sample:		1559.96 time, 1560.02 real, 1068 MB
[runlim] sample:		1569.96 time, 1570.02 real, 1075 MB
[runlim] sample:		1579.96 time, 1580.02 real, 1082 MB
[runlim] sample:		1589.96 time, 1590.02 real, 1090 MB
[runlim] sample:		1599.96 time, 1600.02 real, 1097 MB
[runlim] sample:		1609.96 time, 1610.02 real, 1103 MB
[runlim] sample:		1619.96 time, 1620.02 real, 1110 MB
[runlim] sample:		1629.96 time, 1630.02 real, 1116 MB
[runlim] sample:		1639.96 time, 1640.02 real, 1122 MB
[runlim] sample:		1649.96 time, 1650.02 real, 1129 MB
[runlim] sample:		1659.96 time, 1660.02 real, 1136 MB
[runlim] sample:		1669.96 time, 1670.02 real, 1144 MB
[runlim] sample:		1679.96 time, 1680.02 real, 1152 MB
[runlim] sample:		1689.96 time, 1690.02 real, 1160 MB
[runlim] sample:		1699.96 time, 1700.02 real, 1167 MB
[runlim] sample:		1709.96 time, 1710.02 real, 1174 MB
[runlim] sample:		1719.96 time, 1720.02 real, 1180 MB
[runlim] sample:		1729.96 time, 1730.02 real, 1185 MB
[runlim] sample:		1739.96 time, 1740.02 real, 1192 MB
[runlim] sample:		1749.96 time, 1750.02 real, 1199 MB
[runlim] sample:		1759.96 time, 1760.02 real, 1205 MB
[runlim] sample:		1769.96 time, 1770.02 real, 1211 MB
[runlim] sample:		1779.96 time, 1780.02 real, 1217 MB
[runlim] sample:		1789.96 time, 1790.02 real, 1223 MB
[runlim] sample:		1799.96 time, 1800.02 real, 1231 MB
[runlim] sample:		1809.95 time, 1810.02 real, 1237 MB
[runlim] sample:		1819.95 time, 1820.02 real, 1244 MB
[runlim] sample:		1829.95 time, 1830.02 real, 1251 MB
[runlim] sample:		1839.95 time, 1840.02 real, 1258 MB
[runlim] sample:		1849.96 time, 1850.02 real, 1265 MB
[runlim] sample:		1859.96 time, 1860.02 real, 1272 MB
[runlim] sample:		1869.96 time, 1870.02 real, 1279 MB
[runlim] sample:		1879.96 time, 1880.02 real, 1285 MB
[runlim] sample:		1889.96 time, 1890.02 real, 1292 MB
[runlim] sample:		1899.96 time, 1900.02 real, 1298 MB
[runlim] sample:		1909.96 time, 1910.02 real, 1306 MB
[runlim] sample:		1919.95 time, 1920.02 real, 1313 MB
[runlim] sample:		1929.96 time, 1930.02 real, 1319 MB
[runlim] sample:		1939.96 time, 1940.02 real, 1326 MB
[runlim] sample:		1949.96 time, 1950.02 real, 1333 MB
[runlim] sample:		1959.96 time, 1960.02 real, 1340 MB
[runlim] sample:		1969.96 time, 1970.02 real, 1346 MB
[runlim] sample:		1979.96 time, 1980.02 real, 1353 MB
[runlim] sample:		1989.96 time, 1990.02 real, 1359 MB
[runlim] sample:		1999.96 time, 2000.02 real, 1365 MB
[runlim] sample:		2009.96 time, 2010.02 real, 1373 MB
[runlim] sample:		2019.95 time, 2020.02 real, 1380 MB
[runlim] sample:		2029.96 time, 2030.02 real, 1387 MB
[runlim] sample:		2039.96 time, 2040.02 real, 1393 MB
[runlim] sample:		2049.95 time, 2050.02 real, 1399 MB
[runlim] sample:		2059.95 time, 2060.02 real, 1407 MB
[runlim] sample:		2069.96 time, 2070.02 real, 1414 MB
[runlim] sample:		2079.96 time, 2080.02 real, 1420 MB
[runlim] sample:		2089.95 time, 2090.02 real, 1426 MB
[runlim] sample:		2099.95 time, 2100.02 real, 1434 MB
[runlim] sample:		2109.96 time, 2110.02 real, 1442 MB
[runlim] sample:		2119.95 time, 2120.02 real, 1449 MB
[runlim] sample:		2129.95 time, 2130.02 real, 1456 MB
[runlim] sample:		2139.96 time, 2140.02 real, 1464 MB
[runlim] sample:		2149.95 time, 2150.02 real, 1471 MB
[runlim] sample:		2159.96 time, 2160.02 real, 1477 MB
[runlim] sample:		2169.95 time, 2170.02 real, 1482 MB
[runlim] sample:		2179.96 time, 2180.02 real, 1489 MB
[runlim] sample:		2189.96 time, 2190.02 real, 1494 MB
[runlim] sample:		2199.96 time, 2200.02 real, 1502 MB
[runlim] sample:		2209.96 time, 2210.02 real, 1509 MB
[runlim] sample:		2219.95 time, 2220.02 real, 1517 MB
[runlim] sample:		2229.96 time, 2230.02 real, 1524 MB
[runlim] sample:		2239.95 time, 2240.02 real, 1530 MB
[runlim] sample:		2249.95 time, 2250.02 real, 1537 MB
[runlim] sample:		2259.96 time, 2260.02 real, 1544 MB
[runlim] sample:		2269.95 time, 2270.02 real, 1551 MB
[runlim] sample:		2279.96 time, 2280.02 real, 1558 MB
[runlim] sample:		2289.95 time, 2290.02 real, 1565 MB
[runlim] sample:		2299.96 time, 2300.02 real, 1571 MB
[runlim] sample:		2309.96 time, 2310.02 real, 1577 MB
[runlim] sample:		2319.96 time, 2320.02 real, 1582 MB
[runlim] sample:		2329.95 time, 2330.02 real, 1589 MB
[runlim] sample:		2339.95 time, 2340.02 real, 1598 MB
[runlim] sample:		2349.96 time, 2350.02 real, 1605 MB
[runlim] sample:		2359.96 time, 2360.02 real, 1611 MB
[runlim] sample:		2369.96 time, 2370.02 real, 1618 MB
[runlim] sample:		2379.95 time, 2380.02 real, 1626 MB
[runlim] sample:		2389.95 time, 2390.02 real, 1633 MB
[runlim] sample:		2399.95 time, 2400.02 real, 1640 MB
[runlim] sample:		2409.96 time, 2410.02 real, 1646 MB
[runlim] sample:		2419.96 time, 2420.02 real, 1653 MB
[runlim] sample:		2429.95 time, 2430.02 real, 1658 MB
[runlim] sample:		2439.96 time, 2440.02 real, 1664 MB
[runlim] sample:		2449.96 time, 2450.02 real, 1670 MB
[runlim] sample:		2459.95 time, 2460.02 real, 1676 MB
[runlim] sample:		2469.95 time, 2470.02 real, 1682 MB
[runlim] sample:		2479.95 time, 2480.02 real, 1690 MB
[runlim] sample:		2489.95 time, 2490.02 real, 1698 MB
[runlim] sample:		2499.95 time, 2500.02 real, 1704 MB
[runlim] sample:		2509.95 time, 2510.02 real, 1709 MB
[runlim] sample:		2519.95 time, 2520.02 real, 1716 MB
[runlim] sample:		2529.95 time, 2530.02 real, 1722 MB
[runlim] sample:		2539.95 time, 2540.02 real, 1730 MB
[runlim] sample:		2549.96 time, 2550.02 real, 1736 MB
[runlim] sample:		2559.95 time, 2560.02 real, 1742 MB
[runlim] sample:		2569.95 time, 2570.02 real, 1750 MB
[runlim] sample:		2579.95 time, 2580.02 real, 1757 MB
[runlim] sample:		2589.95 time, 2590.02 real, 1766 MB
[runlim] sample:		2599.95 time, 2600.02 real, 1773 MB
[runlim] sample:		2609.95 time, 2610.02 real, 1779 MB
[runlim] sample:		2619.96 time, 2620.02 real, 1785 MB
[runlim] sample:		2629.96 time, 2630.02 real, 1790 MB
[runlim] sample:		2639.95 time, 2640.02 real, 1795 MB
[runlim] sample:		2649.95 time, 2650.02 real, 1802 MB
[runlim] sample:		2659.95 time, 2660.02 real, 1808 MB
[runlim] sample:		2669.95 time, 2670.02 real, 1815 MB
[runlim] sample:		2679.94 time, 2680.02 real, 1821 MB
[runlim] sample:		2689.94 time, 2690.02 real, 1827 MB
[runlim] sample:		2699.95 time, 2700.02 real, 1836 MB
[runlim] end:			Thu Feb 27 09:44:11 2020
[runlim] status:		out of time
[runlim] result:		2
[runlim] children:		1
[runlim] real:			2700.14 seconds
[runlim] time:			2699.95 seconds
[runlim] space:			1836 MB
[runlim] samples:		27000
