[runlim] version:		1.18
[runlim] host:			c3n16
[runlim] time limit:		2700 seconds
[runlim] real time limit:	2700 seconds
[runlim] space limit:		7000 MB
[runlim] argv[0]:		./binary
[runlim] argv[1]:		/data/cnf/ankit/RSet1/pdtpmsrotate32.R
[runlim] start:			Thu Feb 27 08:59:11 2020
[runlim] child:			9798
[runlim] sample:		10.00 time, 10.02 real, 29 MB
[runlim] sample:		20.00 time, 20.02 real, 49 MB
[runlim] sample:		30.00 time, 30.02 real, 67 MB
[runlim] sample:		40.00 time, 40.02 real, 84 MB
[runlim] sample:		50.00 time, 50.02 real, 100 MB
[runlim] sample:		60.00 time, 60.02 real, 115 MB
[runlim] sample:		70.00 time, 70.02 real, 130 MB
[runlim] sample:		79.99 time, 80.02 real, 143 MB
[runlim] sample:		89.99 time, 90.02 real, 157 MB
[runlim] sample:		100.00 time, 100.02 real, 168 MB
[runlim] sample:		110.00 time, 110.02 real, 181 MB
[runlim] sample:		120.00 time, 120.02 real, 193 MB
[runlim] sample:		130.00 time, 130.02 real, 204 MB
[runlim] sample:		139.99 time, 140.02 real, 214 MB
[runlim] sample:		150.00 time, 150.02 real, 223 MB
[runlim] sample:		159.99 time, 160.02 real, 232 MB
[runlim] sample:		170.00 time, 170.02 real, 243 MB
[runlim] sample:		180.00 time, 180.02 real, 255 MB
[runlim] sample:		189.99 time, 190.02 real, 267 MB
[runlim] sample:		199.99 time, 200.02 real, 278 MB
[runlim] sample:		210.00 time, 210.02 real, 291 MB
[runlim] sample:		220.00 time, 220.02 real, 239 MB
[runlim] sample:		229.99 time, 230.02 real, 251 MB
[runlim] sample:		240.00 time, 240.02 real, 260 MB
[runlim] sample:		249.99 time, 250.02 real, 268 MB
[runlim] sample:		260.00 time, 260.02 real, 276 MB
[runlim] sample:		269.99 time, 270.02 real, 287 MB
[runlim] sample:		280.00 time, 280.02 real, 297 MB
[runlim] sample:		290.00 time, 290.02 real, 306 MB
[runlim] sample:		300.00 time, 300.02 real, 314 MB
[runlim] sample:		310.00 time, 310.02 real, 320 MB
[runlim] sample:		320.00 time, 320.02 real, 328 MB
[runlim] sample:		330.00 time, 330.02 real, 338 MB
[runlim] sample:		340.00 time, 340.02 real, 347 MB
[runlim] sample:		350.00 time, 350.02 real, 355 MB
[runlim] sample:		360.00 time, 360.02 real, 362 MB
[runlim] sample:		370.00 time, 370.02 real, 371 MB
[runlim] sample:		379.99 time, 380.02 real, 381 MB
[runlim] sample:		390.00 time, 390.02 real, 389 MB
[runlim] sample:		399.99 time, 400.02 real, 399 MB
[runlim] sample:		409.99 time, 410.02 real, 407 MB
[runlim] sample:		420.00 time, 420.02 real, 415 MB
[runlim] sample:		429.99 time, 430.02 real, 422 MB
[runlim] sample:		439.99 time, 440.02 real, 430 MB
[runlim] sample:		449.99 time, 450.02 real, 436 MB
[runlim] sample:		459.99 time, 460.02 real, 444 MB
[runlim] sample:		470.00 time, 470.02 real, 455 MB
[runlim] sample:		480.00 time, 480.02 real, 463 MB
[runlim] sample:		490.00 time, 490.02 real, 472 MB
[runlim] sample:		500.00 time, 500.02 real, 480 MB
[runlim] sample:		510.00 time, 510.02 real, 489 MB
[runlim] sample:		520.00 time, 520.02 real, 498 MB
[runlim] sample:		529.99 time, 530.02 real, 506 MB
[runlim] sample:		539.99 time, 540.02 real, 514 MB
[runlim] sample:		550.00 time, 550.02 real, 521 MB
[runlim] sample:		560.00 time, 560.02 real, 527 MB
[runlim] sample:		570.00 time, 570.02 real, 535 MB
[runlim] sample:		580.00 time, 580.02 real, 541 MB
[runlim] sample:		590.00 time, 590.02 real, 547 MB
[runlim] sample:		600.00 time, 600.02 real, 554 MB
[runlim] sample:		609.99 time, 610.02 real, 561 MB
[runlim] sample:		619.99 time, 620.02 real, 571 MB
[runlim] sample:		629.99 time, 630.02 real, 580 MB
[runlim] sample:		639.99 time, 640.02 real, 587 MB
[runlim] sample:		650.00 time, 650.02 real, 595 MB
[runlim] sample:		660.00 time, 660.02 real, 600 MB
[runlim] sample:		669.99 time, 670.02 real, 606 MB
[runlim] sample:		679.99 time, 680.02 real, 611 MB
[runlim] sample:		690.00 time, 690.02 real, 618 MB
[runlim] sample:		700.00 time, 700.02 real, 625 MB
[runlim] sample:		710.00 time, 710.02 real, 632 MB
[runlim] sample:		719.99 time, 720.02 real, 638 MB
[runlim] sample:		729.99 time, 730.02 real, 644 MB
[runlim] sample:		740.00 time, 740.02 real, 650 MB
[runlim] sample:		750.00 time, 750.02 real, 655 MB
[runlim] sample:		759.99 time, 760.02 real, 660 MB
[runlim] sample:		769.99 time, 770.02 real, 665 MB
[runlim] sample:		780.00 time, 780.02 real, 675 MB
[runlim] sample:		789.99 time, 790.02 real, 681 MB
[runlim] sample:		799.99 time, 800.02 real, 689 MB
[runlim] sample:		809.99 time, 810.02 real, 695 MB
[runlim] sample:		819.99 time, 820.02 real, 702 MB
[runlim] sample:		830.00 time, 830.02 real, 708 MB
[runlim] sample:		839.99 time, 840.02 real, 715 MB
[runlim] sample:		849.99 time, 850.02 real, 721 MB
[runlim] sample:		860.00 time, 860.02 real, 727 MB
[runlim] sample:		870.00 time, 870.02 real, 732 MB
[runlim] sample:		879.99 time, 880.02 real, 737 MB
[runlim] sample:		889.99 time, 890.02 real, 743 MB
[runlim] sample:		899.99 time, 900.02 real, 749 MB
[runlim] sample:		909.99 time, 910.02 real, 755 MB
[runlim] sample:		919.99 time, 920.02 real, 759 MB
[runlim] sample:		929.99 time, 930.02 real, 763 MB
[runlim] sample:		939.99 time, 940.02 real, 769 MB
[runlim] sample:		949.99 time, 950.02 real, 776 MB
[runlim] sample:		959.99 time, 960.02 real, 782 MB
[runlim] sample:		969.99 time, 970.02 real, 791 MB
[runlim] sample:		979.99 time, 980.02 real, 795 MB
[runlim] sample:		990.00 time, 990.02 real, 799 MB
[runlim] sample:		999.99 time, 1000.02 real, 803 MB
[runlim] sample:		1009.99 time, 1010.02 real, 808 MB
[runlim] sample:		1019.99 time, 1020.02 real, 814 MB
[runlim] sample:		1030.00 time, 1030.02 real, 820 MB
[runlim] sample:		1039.99 time, 1040.02 real, 825 MB
[runlim] sample:		1050.00 time, 1050.02 real, 832 MB
[runlim] sample:		1059.99 time, 1060.02 real, 838 MB
[runlim] sample:		1069.99 time, 1070.02 real, 845 MB
[runlim] sample:		1080.00 time, 1080.02 real, 850 MB
[runlim] sample:		1089.99 time, 1090.02 real, 854 MB
[runlim] sample:		1100.00 time, 1100.02 real, 858 MB
[runlim] sample:		1110.00 time, 1110.02 real, 862 MB
[runlim] sample:		1119.99 time, 1120.02 real, 865 MB
[runlim] sample:		1129.99 time, 1130.02 real, 870 MB
[runlim] sample:		1139.99 time, 1140.02 real, 875 MB
[runlim] sample:		1149.99 time, 1150.02 real, 882 MB
[runlim] sample:		1159.99 time, 1160.02 real, 887 MB
[runlim] sample:		1169.99 time, 1170.02 real, 893 MB
[runlim] sample:		1179.99 time, 1180.02 real, 898 MB
[runlim] sample:		1189.99 time, 1190.02 real, 903 MB
[runlim] sample:		1199.99 time, 1200.02 real, 909 MB
[runlim] sample:		1209.99 time, 1210.02 real, 914 MB
[runlim] sample:		1219.99 time, 1220.02 real, 919 MB
[runlim] sample:		1229.99 time, 1230.02 real, 925 MB
[runlim] sample:		1239.99 time, 1240.02 real, 931 MB
[runlim] sample:		1249.99 time, 1250.02 real, 936 MB
[runlim] sample:		1259.99 time, 1260.02 real, 939 MB
[runlim] sample:		1269.99 time, 1270.02 real, 944 MB
[runlim] sample:		1279.99 time, 1280.02 real, 948 MB
[runlim] sample:		1289.99 time, 1290.02 real, 952 MB
[runlim] sample:		1299.99 time, 1300.02 real, 956 MB
[runlim] sample:		1309.99 time, 1310.02 real, 962 MB
[runlim] sample:		1319.99 time, 1320.02 real, 967 MB
[runlim] sample:		1329.99 time, 1330.02 real, 972 MB
[runlim] sample:		1339.99 time, 1340.02 real, 977 MB
[runlim] sample:		1349.99 time, 1350.02 real, 981 MB
[runlim] sample:		1359.99 time, 1360.02 real, 987 MB
[runlim] sample:		1369.99 time, 1370.02 real, 992 MB
[runlim] sample:		1379.99 time, 1380.02 real, 997 MB
[runlim] sample:		1389.99 time, 1390.02 real, 1005 MB
[runlim] sample:		1399.99 time, 1400.02 real, 1010 MB
[runlim] sample:		1409.99 time, 1410.02 real, 1015 MB
[runlim] sample:		1419.99 time, 1420.02 real, 1020 MB
[runlim] sample:		1429.99 time, 1430.02 real, 1025 MB
[runlim] sample:		1439.99 time, 1440.02 real, 1030 MB
[runlim] sample:		1449.99 time, 1450.02 real, 1037 MB
[runlim] sample:		1459.99 time, 1460.02 real, 1042 MB
[runlim] sample:		1469.99 time, 1470.02 real, 1048 MB
[runlim] sample:		1479.99 time, 1480.02 real, 1054 MB
[runlim] sample:		1489.98 time, 1490.02 real, 1057 MB
[runlim] sample:		1499.99 time, 1500.02 real, 1061 MB
[runlim] sample:		1509.99 time, 1510.02 real, 1064 MB
[runlim] sample:		1519.99 time, 1520.02 real, 1067 MB
[runlim] sample:		1529.98 time, 1530.02 real, 1071 MB
[runlim] sample:		1539.99 time, 1540.02 real, 1074 MB
[runlim] sample:		1549.99 time, 1550.02 real, 1078 MB
[runlim] sample:		1559.98 time, 1560.02 real, 1083 MB
[runlim] sample:		1569.99 time, 1570.02 real, 1087 MB
[runlim] sample:		1579.99 time, 1580.02 real, 1090 MB
[runlim] sample:		1589.99 time, 1590.02 real, 1093 MB
[runlim] sample:		1599.99 time, 1600.02 real, 1096 MB
[runlim] sample:		1609.99 time, 1610.02 real, 1099 MB
[runlim] sample:		1619.99 time, 1620.02 real, 1104 MB
[runlim] sample:		1629.98 time, 1630.02 real, 1108 MB
[runlim] sample:		1639.99 time, 1640.02 real, 1110 MB
[runlim] sample:		1649.99 time, 1650.02 real, 1113 MB
[runlim] sample:		1659.99 time, 1660.02 real, 1116 MB
[runlim] sample:		1669.99 time, 1670.02 real, 1120 MB
[runlim] sample:		1679.99 time, 1680.02 real, 1125 MB
[runlim] sample:		1689.99 time, 1690.02 real, 1131 MB
[runlim] sample:		1699.99 time, 1700.02 real, 1135 MB
[runlim] sample:		1709.99 time, 1710.02 real, 1139 MB
[runlim] sample:		1719.99 time, 1720.02 real, 1143 MB
[runlim] sample:		1729.99 time, 1730.02 real, 1146 MB
[runlim] sample:		1739.98 time, 1740.02 real, 1150 MB
[runlim] sample:		1749.99 time, 1750.02 real, 1154 MB
[runlim] sample:		1759.99 time, 1760.02 real, 1157 MB
[runlim] sample:		1769.99 time, 1770.02 real, 1160 MB
[runlim] sample:		1779.99 time, 1780.02 real, 1163 MB
[runlim] sample:		1789.99 time, 1790.02 real, 1166 MB
[runlim] sample:		1799.99 time, 1800.02 real, 1169 MB
[runlim] sample:		1809.99 time, 1810.02 real, 1172 MB
[runlim] sample:		1819.99 time, 1820.02 real, 1174 MB
[runlim] sample:		1829.98 time, 1830.02 real, 1177 MB
[runlim] sample:		1839.99 time, 1840.02 real, 1180 MB
[runlim] sample:		1849.99 time, 1850.02 real, 1182 MB
[runlim] sample:		1859.99 time, 1860.02 real, 1186 MB
[runlim] sample:		1869.99 time, 1870.02 real, 1190 MB
[runlim] sample:		1879.98 time, 1880.02 real, 1196 MB
[runlim] sample:		1889.98 time, 1890.02 real, 1200 MB
[runlim] sample:		1899.98 time, 1900.02 real, 1205 MB
[runlim] sample:		1909.99 time, 1910.02 real, 1210 MB
[runlim] sample:		1919.98 time, 1920.02 real, 1214 MB
[runlim] sample:		1929.98 time, 1930.02 real, 1218 MB
[runlim] sample:		1939.99 time, 1940.02 real, 1225 MB
[runlim] sample:		1949.99 time, 1950.02 real, 1230 MB
[runlim] sample:		1959.98 time, 1960.02 real, 1235 MB
[runlim] sample:		1969.98 time, 1970.02 real, 1239 MB
[runlim] sample:		1979.99 time, 1980.02 real, 1243 MB
[runlim] sample:		1989.98 time, 1990.02 real, 1246 MB
[runlim] sample:		1999.99 time, 2000.02 real, 1251 MB
[runlim] sample:		2009.98 time, 2010.02 real, 1256 MB
[runlim] sample:		2019.98 time, 2020.02 real, 1259 MB
[runlim] sample:		2029.98 time, 2030.02 real, 1263 MB
[runlim] sample:		2039.99 time, 2040.02 real, 1269 MB
[runlim] sample:		2049.99 time, 2050.02 real, 1274 MB
[runlim] sample:		2059.98 time, 2060.02 real, 1279 MB
[runlim] sample:		2069.99 time, 2070.02 real, 1283 MB
[runlim] sample:		2079.99 time, 2080.02 real, 1286 MB
[runlim] sample:		2089.98 time, 2090.02 real, 1289 MB
[runlim] sample:		2099.98 time, 2100.02 real, 1295 MB
[runlim] sample:		2109.99 time, 2110.02 real, 1298 MB
[runlim] sample:		2119.99 time, 2120.02 real, 1301 MB
[runlim] sample:		2129.99 time, 2130.02 real, 1304 MB
[runlim] sample:		2139.98 time, 2140.02 real, 1308 MB
[runlim] sample:		2149.98 time, 2150.02 real, 1312 MB
[runlim] sample:		2159.98 time, 2160.02 real, 1317 MB
[runlim] sample:		2169.99 time, 2170.02 real, 1323 MB
[runlim] sample:		2179.99 time, 2180.02 real, 1327 MB
[runlim] sample:		2189.98 time, 2190.02 real, 1332 MB
[runlim] sample:		2199.98 time, 2200.02 real, 1336 MB
[runlim] sample:		2209.98 time, 2210.02 real, 1340 MB
[runlim] sample:		2219.99 time, 2220.02 real, 1344 MB
[runlim] sample:		2229.99 time, 2230.02 real, 1347 MB
[runlim] sample:		2239.99 time, 2240.02 real, 1352 MB
[runlim] sample:		2249.98 time, 2250.02 real, 1356 MB
[runlim] sample:		2259.99 time, 2260.02 real, 1359 MB
[runlim] sample:		2269.99 time, 2270.02 real, 1363 MB
[runlim] sample:		2279.98 time, 2280.02 real, 1366 MB
[runlim] sample:		2289.98 time, 2290.02 real, 1368 MB
[runlim] sample:		2299.99 time, 2300.02 real, 1370 MB
[runlim] sample:		2309.98 time, 2310.02 real, 1373 MB
[runlim] sample:		2319.98 time, 2320.02 real, 1375 MB
[runlim] sample:		2329.98 time, 2330.02 real, 1377 MB
[runlim] sample:		2339.98 time, 2340.02 real, 1383 MB
[runlim] sample:		2349.98 time, 2350.02 real, 1385 MB
[runlim] sample:		2359.98 time, 2360.02 real, 1387 MB
[runlim] sample:		2369.99 time, 2370.02 real, 1390 MB
[runlim] sample:		2379.99 time, 2380.02 real, 1394 MB
[runlim] sample:		2389.99 time, 2390.02 real, 1398 MB
[runlim] sample:		2399.98 time, 2400.02 real, 1403 MB
[runlim] sample:		2409.98 time, 2410.02 real, 1407 MB
[runlim] sample:		2419.99 time, 2420.02 real, 1411 MB
[runlim] sample:		2429.99 time, 2430.02 real, 1414 MB
[runlim] sample:		2439.99 time, 2440.02 real, 1416 MB
[runlim] sample:		2449.99 time, 2450.02 real, 1419 MB
[runlim] sample:		2459.99 time, 2460.02 real, 1423 MB
[runlim] sample:		2469.99 time, 2470.02 real, 1428 MB
[runlim] sample:		2479.98 time, 2480.02 real, 1435 MB
[runlim] sample:		2489.98 time, 2490.02 real, 1442 MB
[runlim] sample:		2499.99 time, 2500.02 real, 1447 MB
[runlim] sample:		2509.98 time, 2510.02 real, 1451 MB
[runlim] sample:		2519.99 time, 2520.02 real, 1455 MB
[runlim] sample:		2529.99 time, 2530.02 real, 1460 MB
[runlim] sample:		2539.98 time, 2540.02 real, 1465 MB
[runlim] sample:		2549.99 time, 2550.02 real, 1469 MB
[runlim] sample:		2559.98 time, 2560.02 real, 1473 MB
[runlim] sample:		2569.98 time, 2570.02 real, 1476 MB
[runlim] sample:		2579.98 time, 2580.02 real, 1480 MB
[runlim] sample:		2589.98 time, 2590.02 real, 1483 MB
[runlim] sample:		2599.98 time, 2600.02 real, 1488 MB
[runlim] sample:		2609.99 time, 2610.02 real, 1493 MB
[runlim] sample:		2619.98 time, 2620.02 real, 1497 MB
[runlim] sample:		2629.98 time, 2630.02 real, 1500 MB
[runlim] sample:		2639.98 time, 2640.02 real, 1504 MB
[runlim] sample:		2649.98 time, 2650.02 real, 1509 MB
[runlim] sample:		2659.98 time, 2660.02 real, 1513 MB
[runlim] sample:		2669.98 time, 2670.02 real, 1518 MB
[runlim] sample:		2679.99 time, 2680.02 real, 1521 MB
[runlim] sample:		2689.98 time, 2690.02 real, 1525 MB
[runlim] sample:		2699.98 time, 2700.02 real, 1528 MB
[runlim] end:			Thu Feb 27 09:44:11 2020
[runlim] status:		out of time
[runlim] result:		2
[runlim] children:		1
[runlim] real:			2700.13 seconds
[runlim] time:			2699.98 seconds
[runlim] space:			1528 MB
[runlim] samples:		27000
