[runlim] version:		1.18
[runlim] host:			c3n16
[runlim] time limit:		2700 seconds
[runlim] real time limit:	2700 seconds
[runlim] space limit:		7000 MB
[runlim] argv[0]:		./binary
[runlim] argv[1]:		/data/cnf/ankit/RSet1/s5378_1_0.dqbf
[runlim] start:			Thu Feb 27 08:59:11 2020
[runlim] child:			9888
[runlim] sample:		9.99 time, 10.02 real, 92 MB
[runlim] sample:		19.99 time, 20.02 real, 124 MB
[runlim] sample:		30.00 time, 30.02 real, 190 MB
[runlim] sample:		40.00 time, 40.02 real, 211 MB
[runlim] sample:		49.99 time, 50.02 real, 273 MB
[runlim] sample:		59.99 time, 60.02 real, 245 MB
[runlim] sample:		69.99 time, 70.02 real, 302 MB
[runlim] sample:		79.99 time, 80.02 real, 364 MB
[runlim] sample:		89.99 time, 90.02 real, 342 MB
[runlim] sample:		99.99 time, 100.02 real, 411 MB
[runlim] sample:		109.99 time, 110.02 real, 393 MB
[runlim] sample:		120.00 time, 120.02 real, 387 MB
[runlim] sample:		129.99 time, 130.02 real, 386 MB
[runlim] sample:		139.99 time, 140.02 real, 471 MB
[runlim] sample:		149.99 time, 150.02 real, 451 MB
[runlim] sample:		159.99 time, 160.02 real, 436 MB
[runlim] sample:		169.99 time, 170.02 real, 435 MB
[runlim] sample:		180.00 time, 180.02 real, 443 MB
[runlim] sample:		189.99 time, 190.02 real, 508 MB
[runlim] sample:		199.99 time, 200.02 real, 526 MB
[runlim] sample:		210.00 time, 210.02 real, 460 MB
[runlim] sample:		220.00 time, 220.02 real, 466 MB
[runlim] sample:		230.00 time, 230.02 real, 466 MB
[runlim] sample:		239.99 time, 240.02 real, 454 MB
[runlim] sample:		250.00 time, 250.02 real, 451 MB
[runlim] end:			Thu Feb 27 09:03:26 2020
[runlim] status:		ok
[runlim] result:		0
[runlim] children:		1
[runlim] real:			255.13 seconds
[runlim] time:			255.10 seconds
[runlim] space:			906 MB
[runlim] samples:		2551
