[runlim] version:		1.18
[runlim] host:			c3n14
[runlim] time limit:		2700 seconds
[runlim] real time limit:	2700 seconds
[runlim] space limit:		7000 MB
[runlim] argv[0]:		./binary
[runlim] argv[1]:		/data/cnf/ankit/RSet1/sortnetsort9.v.stepl.005.dqbf
[runlim] start:			Thu Feb 27 08:59:11 2020
[runlim] child:			9057
[runlim] sample:		9.05 time, 10.02 real, 41 MB
[runlim] sample:		19.05 time, 20.02 real, 42 MB
[runlim] sample:		29.05 time, 30.02 real, 55 MB
[runlim] sample:		39.05 time, 40.02 real, 57 MB
[runlim] sample:		49.04 time, 50.02 real, 61 MB
[runlim] sample:		59.04 time, 60.02 real, 62 MB
[runlim] sample:		69.04 time, 70.02 real, 62 MB
[runlim] sample:		79.05 time, 80.02 real, 64 MB
[runlim] sample:		89.06 time, 90.02 real, 74 MB
[runlim] sample:		99.06 time, 100.02 real, 105 MB
[runlim] sample:		109.05 time, 110.02 real, 92 MB
[runlim] sample:		119.05 time, 120.02 real, 93 MB
[runlim] sample:		129.05 time, 130.02 real, 93 MB
[runlim] sample:		139.05 time, 140.02 real, 93 MB
[runlim] sample:		149.06 time, 150.02 real, 94 MB
[runlim] sample:		159.05 time, 160.02 real, 94 MB
[runlim] sample:		169.05 time, 170.02 real, 94 MB
[runlim] sample:		179.05 time, 180.02 real, 94 MB
[runlim] sample:		189.05 time, 190.02 real, 94 MB
[runlim] sample:		199.05 time, 200.02 real, 94 MB
[runlim] sample:		209.05 time, 210.02 real, 94 MB
[runlim] sample:		219.05 time, 220.02 real, 94 MB
[runlim] sample:		229.05 time, 230.02 real, 94 MB
[runlim] sample:		239.05 time, 240.02 real, 94 MB
[runlim] sample:		249.05 time, 250.02 real, 94 MB
[runlim] sample:		259.05 time, 260.02 real, 94 MB
[runlim] sample:		269.05 time, 270.02 real, 94 MB
[runlim] sample:		279.05 time, 280.02 real, 94 MB
[runlim] sample:		289.05 time, 290.02 real, 94 MB
[runlim] sample:		299.05 time, 300.02 real, 95 MB
[runlim] sample:		309.05 time, 310.02 real, 95 MB
[runlim] sample:		319.05 time, 320.02 real, 95 MB
[runlim] sample:		329.05 time, 330.02 real, 95 MB
[runlim] sample:		339.05 time, 340.02 real, 95 MB
[runlim] sample:		349.05 time, 350.02 real, 95 MB
[runlim] sample:		359.05 time, 360.02 real, 95 MB
[runlim] sample:		369.14 time, 370.11 real, 95 MB
[runlim] sample:		379.05 time, 380.02 real, 95 MB
[runlim] sample:		389.05 time, 390.02 real, 95 MB
[runlim] sample:		399.05 time, 400.02 real, 95 MB
[runlim] sample:		409.05 time, 410.02 real, 95 MB
[runlim] sample:		419.05 time, 420.02 real, 95 MB
[runlim] sample:		429.06 time, 430.02 real, 95 MB
[runlim] sample:		439.06 time, 440.02 real, 95 MB
[runlim] sample:		449.06 time, 450.02 real, 96 MB
[runlim] sample:		459.06 time, 460.02 real, 96 MB
[runlim] sample:		469.06 time, 470.02 real, 96 MB
[runlim] end:			Thu Feb 27 09:07:07 2020
[runlim] status:		ok
[runlim] result:		0
[runlim] children:		1
[runlim] real:			475.53 seconds
[runlim] time:			474.56 seconds
[runlim] space:			105 MB
[runlim] samples:		4755
