[runlim] version:		1.18
[runlim] host:			c3n15
[runlim] time limit:		2700 seconds
[runlim] real time limit:	2700 seconds
[runlim] space limit:		7000 MB
[runlim] argv[0]:		./binary
[runlim] argv[1]:		/data/cnf/ankit/RSet1/stmt16_950_951.dqbf
[runlim] start:			Thu Feb 27 08:59:11 2020
[runlim] child:			6484
[runlim] sample:		9.31 time, 10.02 real, 22 MB
[runlim] sample:		19.31 time, 20.02 real, 36 MB
[runlim] sample:		29.31 time, 30.02 real, 49 MB
[runlim] sample:		39.32 time, 40.02 real, 59 MB
[runlim] sample:		49.32 time, 50.02 real, 72 MB
[runlim] sample:		59.31 time, 60.02 real, 83 MB
[runlim] sample:		69.32 time, 70.02 real, 94 MB
[runlim] sample:		79.31 time, 80.02 real, 104 MB
[runlim] sample:		89.31 time, 90.02 real, 114 MB
[runlim] sample:		99.32 time, 100.02 real, 101 MB
[runlim] sample:		109.32 time, 110.02 real, 111 MB
[runlim] sample:		119.31 time, 120.02 real, 121 MB
[runlim] sample:		129.31 time, 130.02 real, 129 MB
[runlim] sample:		139.32 time, 140.02 real, 138 MB
[runlim] sample:		149.31 time, 150.02 real, 146 MB
[runlim] sample:		159.31 time, 160.02 real, 154 MB
[runlim] sample:		169.31 time, 170.02 real, 162 MB
[runlim] sample:		179.32 time, 180.02 real, 169 MB
[runlim] sample:		189.32 time, 190.02 real, 176 MB
[runlim] sample:		199.31 time, 200.02 real, 183 MB
[runlim] sample:		209.31 time, 210.02 real, 190 MB
[runlim] sample:		219.31 time, 220.02 real, 198 MB
[runlim] sample:		229.32 time, 230.02 real, 205 MB
[runlim] sample:		239.32 time, 240.02 real, 213 MB
[runlim] sample:		249.31 time, 250.02 real, 220 MB
[runlim] sample:		259.32 time, 260.02 real, 227 MB
[runlim] sample:		269.31 time, 270.02 real, 233 MB
[runlim] sample:		279.31 time, 280.02 real, 239 MB
[runlim] sample:		289.31 time, 290.02 real, 245 MB
[runlim] sample:		299.31 time, 300.02 real, 251 MB
[runlim] sample:		309.31 time, 310.02 real, 258 MB
[runlim] sample:		319.32 time, 320.02 real, 264 MB
[runlim] sample:		329.31 time, 330.02 real, 271 MB
[runlim] sample:		339.31 time, 340.02 real, 277 MB
[runlim] sample:		349.31 time, 350.02 real, 282 MB
[runlim] sample:		359.31 time, 360.02 real, 288 MB
[runlim] sample:		369.32 time, 370.03 real, 293 MB
[runlim] sample:		379.31 time, 380.02 real, 299 MB
[runlim] sample:		389.31 time, 390.02 real, 305 MB
[runlim] sample:		399.31 time, 400.02 real, 310 MB
[runlim] sample:		409.31 time, 410.02 real, 315 MB
[runlim] sample:		419.31 time, 420.02 real, 321 MB
[runlim] sample:		429.31 time, 430.02 real, 327 MB
[runlim] sample:		439.31 time, 440.02 real, 333 MB
[runlim] sample:		449.31 time, 450.02 real, 338 MB
[runlim] sample:		459.31 time, 460.02 real, 343 MB
[runlim] sample:		469.31 time, 470.02 real, 347 MB
[runlim] sample:		479.31 time, 480.02 real, 351 MB
[runlim] sample:		489.31 time, 490.02 real, 356 MB
[runlim] sample:		499.31 time, 500.02 real, 361 MB
[runlim] sample:		509.31 time, 510.02 real, 365 MB
[runlim] sample:		519.31 time, 520.02 real, 369 MB
[runlim] sample:		529.31 time, 530.02 real, 374 MB
[runlim] sample:		539.31 time, 540.02 real, 379 MB
[runlim] sample:		549.31 time, 550.02 real, 384 MB
[runlim] sample:		559.31 time, 560.02 real, 389 MB
[runlim] sample:		569.31 time, 570.02 real, 393 MB
[runlim] sample:		579.31 time, 580.02 real, 397 MB
[runlim] sample:		589.31 time, 590.02 real, 403 MB
[runlim] sample:		599.31 time, 600.02 real, 407 MB
[runlim] sample:		609.30 time, 610.02 real, 410 MB
[runlim] sample:		619.30 time, 620.02 real, 416 MB
[runlim] sample:		629.31 time, 630.02 real, 420 MB
[runlim] sample:		639.30 time, 640.02 real, 425 MB
[runlim] sample:		649.31 time, 650.02 real, 429 MB
[runlim] sample:		659.31 time, 660.02 real, 434 MB
[runlim] sample:		669.31 time, 670.02 real, 438 MB
[runlim] sample:		679.30 time, 680.02 real, 442 MB
[runlim] sample:		689.31 time, 690.02 real, 445 MB
[runlim] sample:		699.31 time, 700.02 real, 449 MB
[runlim] sample:		709.31 time, 710.02 real, 453 MB
[runlim] sample:		719.30 time, 720.02 real, 457 MB
[runlim] sample:		729.30 time, 730.02 real, 461 MB
[runlim] sample:		739.31 time, 740.02 real, 465 MB
[runlim] sample:		749.31 time, 750.02 real, 470 MB
[runlim] sample:		759.31 time, 760.02 real, 474 MB
[runlim] sample:		769.30 time, 770.02 real, 478 MB
[runlim] sample:		779.31 time, 780.02 real, 483 MB
[runlim] sample:		789.30 time, 790.02 real, 486 MB
[runlim] sample:		799.30 time, 800.02 real, 491 MB
[runlim] sample:		809.30 time, 810.02 real, 495 MB
[runlim] sample:		819.30 time, 820.02 real, 498 MB
[runlim] sample:		829.30 time, 830.02 real, 502 MB
[runlim] sample:		839.30 time, 840.02 real, 507 MB
[runlim] sample:		849.30 time, 850.02 real, 511 MB
[runlim] sample:		859.30 time, 860.02 real, 516 MB
[runlim] sample:		869.30 time, 870.02 real, 521 MB
[runlim] sample:		879.30 time, 880.02 real, 525 MB
[runlim] sample:		889.30 time, 890.02 real, 528 MB
[runlim] sample:		899.30 time, 900.02 real, 531 MB
[runlim] sample:		909.30 time, 910.02 real, 534 MB
[runlim] sample:		919.30 time, 920.02 real, 537 MB
[runlim] sample:		929.30 time, 930.02 real, 541 MB
[runlim] sample:		939.30 time, 940.02 real, 543 MB
[runlim] sample:		949.30 time, 950.02 real, 546 MB
[runlim] sample:		959.30 time, 960.02 real, 549 MB
[runlim] sample:		969.30 time, 970.02 real, 552 MB
[runlim] sample:		979.30 time, 980.02 real, 554 MB
[runlim] sample:		989.30 time, 990.02 real, 557 MB
[runlim] sample:		999.30 time, 1000.02 real, 561 MB
[runlim] sample:		1009.30 time, 1010.02 real, 564 MB
[runlim] sample:		1019.30 time, 1020.02 real, 568 MB
[runlim] sample:		1029.30 time, 1030.02 real, 571 MB
[runlim] sample:		1039.30 time, 1040.02 real, 574 MB
[runlim] sample:		1049.30 time, 1050.02 real, 579 MB
[runlim] sample:		1059.30 time, 1060.02 real, 582 MB
[runlim] sample:		1069.30 time, 1070.02 real, 585 MB
[runlim] sample:		1079.30 time, 1080.02 real, 588 MB
[runlim] sample:		1089.30 time, 1090.02 real, 590 MB
[runlim] sample:		1099.29 time, 1100.02 real, 594 MB
[runlim] sample:		1109.30 time, 1110.02 real, 597 MB
[runlim] sample:		1119.30 time, 1120.02 real, 601 MB
[runlim] sample:		1129.29 time, 1130.02 real, 603 MB
[runlim] sample:		1139.30 time, 1140.02 real, 606 MB
[runlim] sample:		1149.29 time, 1150.02 real, 610 MB
[runlim] sample:		1159.29 time, 1160.02 real, 614 MB
[runlim] sample:		1169.30 time, 1170.02 real, 618 MB
[runlim] sample:		1179.29 time, 1180.02 real, 622 MB
[runlim] sample:		1189.30 time, 1190.02 real, 624 MB
[runlim] sample:		1199.29 time, 1200.02 real, 627 MB
[runlim] sample:		1209.29 time, 1210.02 real, 629 MB
[runlim] sample:		1219.29 time, 1220.02 real, 632 MB
[runlim] sample:		1229.30 time, 1230.02 real, 634 MB
[runlim] sample:		1239.29 time, 1240.02 real, 638 MB
[runlim] sample:		1249.30 time, 1250.02 real, 639 MB
[runlim] sample:		1259.30 time, 1260.02 real, 642 MB
[runlim] sample:		1269.29 time, 1270.02 real, 646 MB
[runlim] sample:		1279.30 time, 1280.02 real, 649 MB
[runlim] sample:		1289.30 time, 1290.02 real, 651 MB
[runlim] sample:		1299.29 time, 1300.02 real, 654 MB
[runlim] sample:		1309.30 time, 1310.02 real, 658 MB
[runlim] sample:		1319.29 time, 1320.02 real, 660 MB
[runlim] sample:		1329.29 time, 1330.02 real, 662 MB
[runlim] sample:		1339.29 time, 1340.02 real, 664 MB
[runlim] sample:		1349.29 time, 1350.02 real, 666 MB
[runlim] sample:		1359.29 time, 1360.02 real, 669 MB
[runlim] sample:		1369.29 time, 1370.02 real, 536 MB
[runlim] sample:		1379.29 time, 1380.02 real, 540 MB
[runlim] sample:		1389.29 time, 1390.02 real, 542 MB
[runlim] sample:		1399.29 time, 1400.02 real, 544 MB
[runlim] sample:		1409.29 time, 1410.02 real, 547 MB
[runlim] sample:		1419.29 time, 1420.02 real, 551 MB
[runlim] sample:		1429.29 time, 1430.02 real, 554 MB
[runlim] sample:		1439.29 time, 1440.02 real, 556 MB
[runlim] sample:		1449.29 time, 1450.02 real, 558 MB
[runlim] sample:		1459.29 time, 1460.02 real, 560 MB
[runlim] sample:		1469.29 time, 1470.02 real, 561 MB
[runlim] sample:		1479.29 time, 1480.02 real, 563 MB
[runlim] sample:		1489.29 time, 1490.02 real, 566 MB
[runlim] sample:		1499.29 time, 1500.02 real, 568 MB
[runlim] sample:		1509.29 time, 1510.02 real, 571 MB
[runlim] sample:		1519.29 time, 1520.02 real, 574 MB
[runlim] sample:		1529.29 time, 1530.02 real, 576 MB
[runlim] sample:		1539.29 time, 1540.02 real, 578 MB
[runlim] sample:		1549.29 time, 1550.02 real, 581 MB
[runlim] sample:		1559.29 time, 1560.02 real, 586 MB
[runlim] sample:		1569.29 time, 1570.02 real, 590 MB
[runlim] sample:		1579.29 time, 1580.02 real, 592 MB
[runlim] sample:		1589.29 time, 1590.02 real, 596 MB
[runlim] sample:		1599.29 time, 1600.02 real, 599 MB
[runlim] sample:		1609.29 time, 1610.02 real, 602 MB
[runlim] sample:		1619.29 time, 1620.02 real, 605 MB
[runlim] sample:		1629.29 time, 1630.02 real, 608 MB
[runlim] sample:		1639.28 time, 1640.02 real, 610 MB
[runlim] sample:		1649.29 time, 1650.02 real, 612 MB
[runlim] sample:		1659.28 time, 1660.02 real, 615 MB
[runlim] sample:		1669.29 time, 1670.02 real, 617 MB
[runlim] sample:		1679.29 time, 1680.02 real, 619 MB
[runlim] sample:		1689.29 time, 1690.02 real, 622 MB
[runlim] sample:		1699.29 time, 1700.02 real, 625 MB
[runlim] sample:		1709.28 time, 1710.02 real, 627 MB
[runlim] sample:		1719.28 time, 1720.02 real, 630 MB
[runlim] sample:		1729.28 time, 1730.02 real, 632 MB
[runlim] sample:		1739.28 time, 1740.02 real, 634 MB
[runlim] sample:		1749.28 time, 1750.02 real, 636 MB
[runlim] sample:		1759.29 time, 1760.02 real, 638 MB
[runlim] sample:		1769.28 time, 1770.02 real, 640 MB
[runlim] sample:		1779.28 time, 1780.02 real, 643 MB
[runlim] sample:		1789.29 time, 1790.02 real, 644 MB
[runlim] sample:		1799.28 time, 1800.02 real, 645 MB
[runlim] sample:		1809.29 time, 1810.02 real, 647 MB
[runlim] sample:		1819.28 time, 1820.02 real, 649 MB
[runlim] sample:		1829.28 time, 1830.02 real, 652 MB
[runlim] sample:		1839.28 time, 1840.02 real, 654 MB
[runlim] sample:		1849.28 time, 1850.02 real, 656 MB
[runlim] sample:		1859.28 time, 1860.02 real, 659 MB
[runlim] sample:		1869.28 time, 1870.02 real, 661 MB
[runlim] sample:		1879.28 time, 1880.02 real, 663 MB
[runlim] sample:		1889.29 time, 1890.02 real, 665 MB
[runlim] sample:		1899.28 time, 1900.02 real, 666 MB
[runlim] sample:		1909.28 time, 1910.02 real, 669 MB
[runlim] sample:		1919.29 time, 1920.02 real, 672 MB
[runlim] sample:		1929.28 time, 1930.02 real, 674 MB
[runlim] sample:		1939.28 time, 1940.02 real, 676 MB
[runlim] sample:		1949.28 time, 1950.02 real, 678 MB
[runlim] sample:		1959.28 time, 1960.02 real, 682 MB
[runlim] sample:		1969.28 time, 1970.02 real, 683 MB
[runlim] sample:		1979.28 time, 1980.02 real, 688 MB
[runlim] sample:		1989.28 time, 1990.02 real, 690 MB
[runlim] sample:		1999.28 time, 2000.02 real, 692 MB
[runlim] sample:		2009.28 time, 2010.02 real, 694 MB
[runlim] sample:		2019.28 time, 2020.02 real, 697 MB
[runlim] sample:		2029.28 time, 2030.02 real, 698 MB
[runlim] sample:		2039.28 time, 2040.02 real, 700 MB
[runlim] sample:		2049.28 time, 2050.02 real, 703 MB
[runlim] sample:		2059.28 time, 2060.02 real, 706 MB
[runlim] sample:		2069.28 time, 2070.02 real, 710 MB
[runlim] sample:		2079.28 time, 2080.02 real, 713 MB
[runlim] sample:		2089.29 time, 2090.03 real, 716 MB
[runlim] sample:		2099.28 time, 2100.03 real, 718 MB
[runlim] sample:		2109.27 time, 2110.02 real, 719 MB
[runlim] sample:		2119.28 time, 2120.02 real, 721 MB
[runlim] sample:		2129.28 time, 2130.02 real, 724 MB
[runlim] sample:		2139.28 time, 2140.02 real, 726 MB
[runlim] sample:		2149.27 time, 2150.02 real, 729 MB
[runlim] sample:		2159.28 time, 2160.02 real, 731 MB
[runlim] sample:		2169.27 time, 2170.02 real, 732 MB
[runlim] sample:		2179.28 time, 2180.02 real, 734 MB
[runlim] sample:		2189.28 time, 2190.02 real, 736 MB
[runlim] sample:		2199.27 time, 2200.02 real, 739 MB
[runlim] sample:		2209.28 time, 2210.02 real, 742 MB
[runlim] sample:		2219.27 time, 2220.02 real, 746 MB
[runlim] sample:		2229.27 time, 2230.02 real, 748 MB
[runlim] sample:		2239.27 time, 2240.02 real, 751 MB
[runlim] sample:		2249.27 time, 2250.02 real, 752 MB
[runlim] sample:		2259.28 time, 2260.02 real, 753 MB
[runlim] sample:		2269.27 time, 2270.02 real, 755 MB
[runlim] sample:		2279.28 time, 2280.02 real, 758 MB
[runlim] sample:		2289.27 time, 2290.02 real, 761 MB
[runlim] sample:		2299.28 time, 2300.02 real, 762 MB
[runlim] sample:		2309.28 time, 2310.02 real, 764 MB
[runlim] sample:		2319.28 time, 2320.02 real, 767 MB
[runlim] sample:		2329.28 time, 2330.02 real, 769 MB
[runlim] sample:		2339.28 time, 2340.02 real, 771 MB
[runlim] sample:		2349.27 time, 2350.02 real, 772 MB
[runlim] sample:		2359.28 time, 2360.03 real, 775 MB
[runlim] sample:		2369.27 time, 2370.02 real, 779 MB
[runlim] sample:		2379.27 time, 2380.02 real, 781 MB
[runlim] sample:		2389.28 time, 2390.02 real, 784 MB
[runlim] sample:		2399.28 time, 2400.02 real, 785 MB
[runlim] sample:		2409.27 time, 2410.02 real, 787 MB
[runlim] sample:		2419.27 time, 2420.02 real, 792 MB
[runlim] sample:		2429.27 time, 2430.02 real, 794 MB
[runlim] sample:		2439.27 time, 2440.02 real, 797 MB
[runlim] sample:		2449.27 time, 2450.02 real, 799 MB
[runlim] sample:		2459.27 time, 2460.02 real, 802 MB
[runlim] sample:		2469.27 time, 2470.02 real, 804 MB
[runlim] sample:		2479.27 time, 2480.02 real, 805 MB
[runlim] sample:		2489.27 time, 2490.02 real, 807 MB
[runlim] sample:		2499.27 time, 2500.03 real, 809 MB
[runlim] sample:		2509.27 time, 2510.02 real, 811 MB
[runlim] sample:		2519.27 time, 2520.02 real, 813 MB
[runlim] sample:		2529.27 time, 2530.02 real, 815 MB
[runlim] sample:		2539.28 time, 2540.03 real, 817 MB
[runlim] sample:		2549.27 time, 2550.02 real, 819 MB
[runlim] sample:		2559.27 time, 2560.02 real, 820 MB
[runlim] sample:		2569.26 time, 2570.02 real, 821 MB
[runlim] sample:		2579.27 time, 2580.02 real, 823 MB
[runlim] sample:		2589.27 time, 2590.02 real, 825 MB
[runlim] sample:		2599.27 time, 2600.02 real, 827 MB
[runlim] sample:		2609.27 time, 2610.02 real, 829 MB
[runlim] sample:		2619.26 time, 2620.02 real, 831 MB
[runlim] sample:		2629.26 time, 2630.02 real, 833 MB
[runlim] sample:		2639.27 time, 2640.02 real, 835 MB
[runlim] sample:		2649.27 time, 2650.02 real, 837 MB
[runlim] sample:		2659.27 time, 2660.02 real, 839 MB
[runlim] sample:		2669.27 time, 2670.02 real, 840 MB
[runlim] sample:		2679.27 time, 2680.03 real, 842 MB
[runlim] sample:		2689.26 time, 2690.02 real, 844 MB
[runlim] sample:		2699.26 time, 2700.02 real, 846 MB
[runlim] end:			Thu Feb 27 09:44:11 2020
[runlim] status:		out of time
[runlim] result:		2
[runlim] children:		1
[runlim] real:			2700.12 seconds
[runlim] time:			2699.26 seconds
[runlim] space:			1118 MB
[runlim] samples:		27000
