[runlim] version:		1.18
[runlim] host:			c3n14
[runlim] time limit:		2700 seconds
[runlim] real time limit:	2700 seconds
[runlim] space limit:		7000 MB
[runlim] argv[0]:		./binary
[runlim] argv[1]:		/data/cnf/ankit/RSet1/stmt1_60_61.dqbf
[runlim] start:			Thu Feb 27 08:59:13 2020
[runlim] child:			9150
[runlim] sample:		10.00 time, 10.02 real, 29 MB
[runlim] sample:		20.00 time, 20.02 real, 41 MB
[runlim] sample:		30.00 time, 30.02 real, 54 MB
[runlim] sample:		39.99 time, 40.02 real, 67 MB
[runlim] sample:		49.99 time, 50.02 real, 79 MB
[runlim] sample:		60.00 time, 60.02 real, 92 MB
[runlim] sample:		69.99 time, 70.02 real, 105 MB
[runlim] sample:		80.00 time, 80.02 real, 117 MB
[runlim] sample:		89.99 time, 90.02 real, 130 MB
[runlim] sample:		99.99 time, 100.02 real, 139 MB
[runlim] sample:		109.99 time, 110.02 real, 150 MB
[runlim] sample:		119.99 time, 120.02 real, 161 MB
[runlim] sample:		129.99 time, 130.02 real, 171 MB
[runlim] sample:		139.99 time, 140.02 real, 181 MB
[runlim] sample:		149.99 time, 150.02 real, 191 MB
[runlim] sample:		159.99 time, 160.02 real, 202 MB
[runlim] sample:		169.99 time, 170.02 real, 212 MB
[runlim] sample:		179.99 time, 180.02 real, 223 MB
[runlim] sample:		190.00 time, 190.02 real, 233 MB
[runlim] sample:		200.00 time, 200.02 real, 243 MB
[runlim] sample:		209.99 time, 210.02 real, 253 MB
[runlim] sample:		220.00 time, 220.02 real, 263 MB
[runlim] sample:		229.99 time, 230.02 real, 273 MB
[runlim] sample:		239.99 time, 240.02 real, 284 MB
[runlim] sample:		249.99 time, 250.02 real, 293 MB
[runlim] sample:		260.00 time, 260.02 real, 303 MB
[runlim] sample:		269.99 time, 270.02 real, 313 MB
[runlim] sample:		279.99 time, 280.02 real, 323 MB
[runlim] sample:		289.99 time, 290.02 real, 333 MB
[runlim] sample:		299.99 time, 300.02 real, 342 MB
[runlim] sample:		309.99 time, 310.02 real, 352 MB
[runlim] sample:		319.99 time, 320.02 real, 361 MB
[runlim] sample:		329.99 time, 330.02 real, 370 MB
[runlim] sample:		339.99 time, 340.02 real, 380 MB
[runlim] sample:		349.99 time, 350.02 real, 391 MB
[runlim] sample:		359.99 time, 360.02 real, 401 MB
[runlim] sample:		369.99 time, 370.02 real, 410 MB
[runlim] sample:		379.99 time, 380.02 real, 421 MB
[runlim] sample:		389.99 time, 390.02 real, 431 MB
[runlim] sample:		399.99 time, 400.02 real, 440 MB
[runlim] sample:		409.99 time, 410.02 real, 449 MB
[runlim] sample:		419.99 time, 420.02 real, 458 MB
[runlim] sample:		429.99 time, 430.02 real, 467 MB
[runlim] sample:		439.99 time, 440.02 real, 476 MB
[runlim] sample:		449.99 time, 450.02 real, 485 MB
[runlim] sample:		459.99 time, 460.02 real, 494 MB
[runlim] sample:		469.99 time, 470.02 real, 503 MB
[runlim] sample:		479.99 time, 480.02 real, 512 MB
[runlim] sample:		489.99 time, 490.02 real, 522 MB
[runlim] sample:		499.99 time, 500.02 real, 532 MB
[runlim] sample:		509.99 time, 510.02 real, 540 MB
[runlim] sample:		519.99 time, 520.02 real, 549 MB
[runlim] sample:		529.99 time, 530.02 real, 557 MB
[runlim] sample:		539.99 time, 540.02 real, 566 MB
[runlim] sample:		549.99 time, 550.02 real, 575 MB
[runlim] sample:		559.99 time, 560.02 real, 583 MB
[runlim] sample:		569.98 time, 570.02 real, 592 MB
[runlim] sample:		579.99 time, 580.02 real, 600 MB
[runlim] sample:		589.99 time, 590.02 real, 608 MB
[runlim] sample:		599.99 time, 600.02 real, 616 MB
[runlim] sample:		609.99 time, 610.02 real, 626 MB
[runlim] sample:		619.99 time, 620.02 real, 634 MB
[runlim] sample:		629.98 time, 630.02 real, 643 MB
[runlim] sample:		639.98 time, 640.02 real, 652 MB
[runlim] sample:		649.98 time, 650.02 real, 660 MB
[runlim] sample:		659.99 time, 660.02 real, 669 MB
[runlim] sample:		669.99 time, 670.02 real, 677 MB
[runlim] sample:		679.99 time, 680.02 real, 685 MB
[runlim] sample:		689.99 time, 690.02 real, 693 MB
[runlim] sample:		699.99 time, 700.02 real, 700 MB
[runlim] sample:		709.99 time, 710.02 real, 708 MB
[runlim] sample:		719.98 time, 720.02 real, 717 MB
[runlim] sample:		729.99 time, 730.02 real, 726 MB
[runlim] sample:		739.99 time, 740.02 real, 733 MB
[runlim] sample:		749.98 time, 750.02 real, 740 MB
[runlim] sample:		759.98 time, 760.02 real, 748 MB
[runlim] sample:		769.98 time, 770.02 real, 756 MB
[runlim] sample:		779.99 time, 780.02 real, 763 MB
[runlim] sample:		789.99 time, 790.02 real, 772 MB
[runlim] sample:		799.99 time, 800.02 real, 778 MB
[runlim] sample:		809.99 time, 810.02 real, 786 MB
[runlim] sample:		819.99 time, 820.02 real, 793 MB
[runlim] sample:		829.98 time, 830.02 real, 799 MB
[runlim] sample:		839.99 time, 840.02 real, 807 MB
[runlim] sample:		849.99 time, 850.02 real, 814 MB
[runlim] sample:		859.98 time, 860.02 real, 820 MB
[runlim] sample:		869.98 time, 870.02 real, 827 MB
[runlim] sample:		879.98 time, 880.02 real, 834 MB
[runlim] sample:		889.98 time, 890.02 real, 841 MB
[runlim] sample:		899.98 time, 900.02 real, 848 MB
[runlim] sample:		909.99 time, 910.02 real, 855 MB
[runlim] sample:		919.98 time, 920.02 real, 862 MB
[runlim] sample:		929.99 time, 930.02 real, 869 MB
[runlim] sample:		939.99 time, 940.02 real, 875 MB
[runlim] sample:		949.99 time, 950.02 real, 881 MB
[runlim] sample:		959.98 time, 960.02 real, 887 MB
[runlim] sample:		969.99 time, 970.02 real, 893 MB
[runlim] sample:		979.98 time, 980.02 real, 900 MB
[runlim] sample:		989.98 time, 990.02 real, 906 MB
[runlim] sample:		999.99 time, 1000.02 real, 913 MB
[runlim] sample:		1009.98 time, 1010.02 real, 921 MB
[runlim] sample:		1019.98 time, 1020.02 real, 927 MB
[runlim] sample:		1029.98 time, 1030.02 real, 934 MB
[runlim] sample:		1039.98 time, 1040.02 real, 942 MB
[runlim] sample:		1049.98 time, 1050.02 real, 949 MB
[runlim] sample:		1059.98 time, 1060.02 real, 957 MB
[runlim] sample:		1069.98 time, 1070.02 real, 965 MB
[runlim] sample:		1079.98 time, 1080.02 real, 972 MB
[runlim] sample:		1089.99 time, 1090.02 real, 979 MB
[runlim] sample:		1099.98 time, 1100.02 real, 986 MB
[runlim] sample:		1109.99 time, 1110.02 real, 993 MB
[runlim] sample:		1119.98 time, 1120.02 real, 999 MB
[runlim] sample:		1129.98 time, 1130.02 real, 1005 MB
[runlim] sample:		1139.98 time, 1140.02 real, 1012 MB
[runlim] sample:		1149.98 time, 1150.02 real, 1018 MB
[runlim] sample:		1159.98 time, 1160.02 real, 1024 MB
[runlim] sample:		1169.98 time, 1170.02 real, 1030 MB
[runlim] sample:		1179.99 time, 1180.02 real, 1037 MB
[runlim] sample:		1189.98 time, 1190.02 real, 1043 MB
[runlim] sample:		1199.98 time, 1200.02 real, 1050 MB
[runlim] sample:		1209.98 time, 1210.02 real, 1057 MB
[runlim] sample:		1219.98 time, 1220.02 real, 1064 MB
[runlim] sample:		1229.98 time, 1230.02 real, 1071 MB
[runlim] sample:		1239.98 time, 1240.02 real, 1077 MB
[runlim] sample:		1249.98 time, 1250.02 real, 1083 MB
[runlim] sample:		1259.98 time, 1260.02 real, 1090 MB
[runlim] sample:		1269.98 time, 1270.02 real, 1097 MB
[runlim] sample:		1279.98 time, 1280.02 real, 1103 MB
[runlim] sample:		1289.98 time, 1290.02 real, 1110 MB
[runlim] sample:		1299.98 time, 1300.02 real, 1117 MB
[runlim] sample:		1309.98 time, 1310.02 real, 1124 MB
[runlim] sample:		1319.98 time, 1320.02 real, 1129 MB
[runlim] sample:		1329.98 time, 1330.02 real, 1135 MB
[runlim] sample:		1339.98 time, 1340.02 real, 1141 MB
[runlim] sample:		1349.98 time, 1350.02 real, 1149 MB
[runlim] sample:		1359.98 time, 1360.02 real, 1155 MB
[runlim] sample:		1369.98 time, 1370.02 real, 1161 MB
[runlim] sample:		1379.98 time, 1380.02 real, 1169 MB
[runlim] sample:		1389.98 time, 1390.02 real, 1175 MB
[runlim] sample:		1399.98 time, 1400.02 real, 1182 MB
[runlim] sample:		1409.98 time, 1410.02 real, 1188 MB
[runlim] sample:		1419.98 time, 1420.02 real, 1195 MB
[runlim] sample:		1429.98 time, 1430.02 real, 1200 MB
[runlim] sample:		1439.97 time, 1440.02 real, 1206 MB
[runlim] sample:		1449.97 time, 1450.02 real, 1212 MB
[runlim] sample:		1459.98 time, 1460.02 real, 1218 MB
[runlim] sample:		1469.98 time, 1470.02 real, 1224 MB
[runlim] sample:		1479.98 time, 1480.02 real, 1232 MB
[runlim] sample:		1489.97 time, 1490.02 real, 1239 MB
[runlim] sample:		1499.98 time, 1500.02 real, 1246 MB
[runlim] sample:		1509.98 time, 1510.02 real, 1252 MB
[runlim] sample:		1519.98 time, 1520.02 real, 1258 MB
[runlim] sample:		1529.98 time, 1530.02 real, 1264 MB
[runlim] sample:		1539.98 time, 1540.02 real, 1271 MB
[runlim] sample:		1549.98 time, 1550.02 real, 1278 MB
[runlim] sample:		1559.97 time, 1560.02 real, 1285 MB
[runlim] sample:		1569.98 time, 1570.02 real, 1291 MB
[runlim] sample:		1579.97 time, 1580.02 real, 1298 MB
[runlim] sample:		1589.97 time, 1590.02 real, 1304 MB
[runlim] sample:		1599.98 time, 1600.02 real, 1310 MB
[runlim] sample:		1609.97 time, 1610.02 real, 1317 MB
[runlim] sample:		1619.97 time, 1620.02 real, 1324 MB
[runlim] sample:		1629.97 time, 1630.02 real, 1330 MB
[runlim] sample:		1639.98 time, 1640.02 real, 1337 MB
[runlim] sample:		1649.98 time, 1650.02 real, 1344 MB
[runlim] sample:		1659.98 time, 1660.02 real, 1351 MB
[runlim] sample:		1669.98 time, 1670.02 real, 1357 MB
[runlim] sample:		1679.98 time, 1680.02 real, 1364 MB
[runlim] sample:		1689.98 time, 1690.02 real, 1371 MB
[runlim] sample:		1699.97 time, 1700.02 real, 1379 MB
[runlim] sample:		1709.97 time, 1710.02 real, 1386 MB
[runlim] sample:		1719.98 time, 1720.02 real, 1392 MB
[runlim] sample:		1729.97 time, 1730.02 real, 1399 MB
[runlim] sample:		1739.97 time, 1740.02 real, 1405 MB
[runlim] sample:		1749.98 time, 1750.02 real, 1410 MB
[runlim] sample:		1759.98 time, 1760.02 real, 1417 MB
[runlim] sample:		1769.97 time, 1770.02 real, 1422 MB
[runlim] sample:		1779.97 time, 1780.02 real, 1430 MB
[runlim] sample:		1789.98 time, 1790.02 real, 1435 MB
[runlim] sample:		1799.98 time, 1800.02 real, 1442 MB
[runlim] sample:		1809.97 time, 1810.02 real, 1448 MB
[runlim] sample:		1819.98 time, 1820.02 real, 1454 MB
[runlim] sample:		1829.97 time, 1830.02 real, 1459 MB
[runlim] sample:		1839.97 time, 1840.02 real, 1465 MB
[runlim] sample:		1849.98 time, 1850.02 real, 1470 MB
[runlim] sample:		1859.97 time, 1860.02 real, 1476 MB
[runlim] sample:		1869.97 time, 1870.02 real, 1482 MB
[runlim] sample:		1879.98 time, 1880.02 real, 1488 MB
[runlim] sample:		1889.98 time, 1890.02 real, 1494 MB
[runlim] sample:		1899.97 time, 1900.02 real, 1500 MB
[runlim] sample:		1909.97 time, 1910.02 real, 1506 MB
[runlim] sample:		1919.98 time, 1920.02 real, 1513 MB
[runlim] sample:		1929.97 time, 1930.02 real, 1519 MB
[runlim] sample:		1939.98 time, 1940.02 real, 1525 MB
[runlim] sample:		1949.97 time, 1950.02 real, 1531 MB
[runlim] sample:		1959.97 time, 1960.02 real, 1538 MB
[runlim] sample:		1969.97 time, 1970.02 real, 1543 MB
[runlim] sample:		1979.98 time, 1980.02 real, 1549 MB
[runlim] sample:		1989.97 time, 1990.02 real, 1555 MB
[runlim] sample:		1999.97 time, 2000.02 real, 1561 MB
[runlim] sample:		2009.97 time, 2010.02 real, 1568 MB
[runlim] sample:		2019.97 time, 2020.02 real, 1574 MB
[runlim] sample:		2029.97 time, 2030.02 real, 1580 MB
[runlim] sample:		2039.97 time, 2040.02 real, 1586 MB
[runlim] sample:		2049.97 time, 2050.02 real, 1592 MB
[runlim] sample:		2059.97 time, 2060.02 real, 1598 MB
[runlim] sample:		2069.98 time, 2070.02 real, 1604 MB
[runlim] sample:		2079.97 time, 2080.02 real, 1609 MB
[runlim] sample:		2089.98 time, 2090.02 real, 1614 MB
[runlim] sample:		2099.97 time, 2100.02 real, 1619 MB
[runlim] sample:		2109.97 time, 2110.02 real, 1624 MB
[runlim] sample:		2119.97 time, 2120.02 real, 1631 MB
[runlim] sample:		2129.97 time, 2130.02 real, 1636 MB
[runlim] sample:		2139.97 time, 2140.02 real, 1642 MB
[runlim] sample:		2149.97 time, 2150.02 real, 1647 MB
[runlim] sample:		2159.97 time, 2160.02 real, 1652 MB
[runlim] sample:		2169.97 time, 2170.02 real, 1658 MB
[runlim] sample:		2179.97 time, 2180.02 real, 1664 MB
[runlim] sample:		2189.97 time, 2190.02 real, 1669 MB
[runlim] sample:		2199.97 time, 2200.02 real, 1675 MB
[runlim] sample:		2209.97 time, 2210.02 real, 1680 MB
[runlim] sample:		2219.97 time, 2220.02 real, 1684 MB
[runlim] sample:		2229.97 time, 2230.02 real, 1689 MB
[runlim] sample:		2239.97 time, 2240.02 real, 1694 MB
[runlim] sample:		2249.97 time, 2250.02 real, 1698 MB
[runlim] sample:		2259.97 time, 2260.02 real, 1702 MB
[runlim] sample:		2269.97 time, 2270.02 real, 1707 MB
[runlim] sample:		2279.97 time, 2280.02 real, 1712 MB
[runlim] sample:		2289.97 time, 2290.02 real, 1716 MB
[runlim] sample:		2299.97 time, 2300.02 real, 1721 MB
[runlim] sample:		2309.97 time, 2310.02 real, 1726 MB
[runlim] sample:		2319.97 time, 2320.02 real, 1732 MB
[runlim] sample:		2329.97 time, 2330.02 real, 1737 MB
[runlim] sample:		2339.97 time, 2340.02 real, 1742 MB
[runlim] sample:		2349.97 time, 2350.02 real, 1747 MB
[runlim] sample:		2359.97 time, 2360.02 real, 1752 MB
[runlim] sample:		2369.97 time, 2370.02 real, 1757 MB
[runlim] sample:		2379.97 time, 2380.02 real, 1762 MB
[runlim] sample:		2389.96 time, 2390.02 real, 1767 MB
[runlim] sample:		2399.97 time, 2400.02 real, 1772 MB
[runlim] sample:		2409.97 time, 2410.02 real, 1779 MB
[runlim] sample:		2419.96 time, 2420.02 real, 1786 MB
[runlim] sample:		2429.96 time, 2430.02 real, 1793 MB
[runlim] sample:		2439.97 time, 2440.02 real, 1798 MB
[runlim] sample:		2449.97 time, 2450.02 real, 1803 MB
[runlim] sample:		2459.97 time, 2460.02 real, 1810 MB
[runlim] sample:		2469.97 time, 2470.02 real, 1815 MB
[runlim] sample:		2479.97 time, 2480.02 real, 1820 MB
[runlim] sample:		2489.97 time, 2490.02 real, 1825 MB
[runlim] sample:		2499.97 time, 2500.02 real, 1832 MB
[runlim] sample:		2509.97 time, 2510.02 real, 1836 MB
[runlim] sample:		2519.97 time, 2520.02 real, 1841 MB
[runlim] sample:		2529.97 time, 2530.02 real, 1846 MB
[runlim] sample:		2539.97 time, 2540.02 real, 1851 MB
[runlim] sample:		2549.97 time, 2550.02 real, 1857 MB
[runlim] sample:		2559.96 time, 2560.02 real, 1862 MB
[runlim] sample:		2569.96 time, 2570.02 real, 1866 MB
[runlim] sample:		2579.97 time, 2580.02 real, 1872 MB
[runlim] sample:		2589.97 time, 2590.02 real, 1877 MB
[runlim] sample:		2599.97 time, 2600.02 real, 1883 MB
[runlim] sample:		2609.96 time, 2610.02 real, 1888 MB
[runlim] sample:		2619.96 time, 2620.02 real, 1893 MB
[runlim] sample:		2629.97 time, 2630.02 real, 1898 MB
[runlim] sample:		2639.96 time, 2640.02 real, 1902 MB
[runlim] sample:		2649.96 time, 2650.02 real, 1908 MB
[runlim] sample:		2659.96 time, 2660.02 real, 1913 MB
[runlim] sample:		2669.97 time, 2670.02 real, 1918 MB
[runlim] sample:		2679.97 time, 2680.02 real, 1923 MB
[runlim] sample:		2689.97 time, 2690.02 real, 1928 MB
[runlim] sample:		2699.97 time, 2700.02 real, 1933 MB
[runlim] end:			Thu Feb 27 09:44:13 2020
[runlim] status:		out of time
[runlim] result:		2
[runlim] children:		1
[runlim] real:			2700.16 seconds
[runlim] time:			2699.97 seconds
[runlim] space:			1933 MB
[runlim] samples:		27000
