[runlim] version:		1.18
[runlim] host:			c3n17
[runlim] time limit:		2700 seconds
[runlim] real time limit:	2700 seconds
[runlim] space limit:		7000 MB
[runlim] argv[0]:		./binary
[runlim] argv[1]:		/data/cnf/ankit/RSet1/stmt41_738_737.dqbf
[runlim] start:			Thu Feb 27 08:59:12 2020
[runlim] child:			5973
[runlim] sample:		9.99 time, 10.02 real, 20 MB
[runlim] sample:		19.99 time, 20.02 real, 31 MB
[runlim] sample:		29.99 time, 30.02 real, 41 MB
[runlim] sample:		39.99 time, 40.02 real, 50 MB
[runlim] sample:		49.99 time, 50.02 real, 58 MB
[runlim] sample:		59.99 time, 60.02 real, 66 MB
[runlim] sample:		69.98 time, 70.02 real, 73 MB
[runlim] sample:		79.99 time, 80.02 real, 80 MB
[runlim] sample:		89.99 time, 90.02 real, 87 MB
[runlim] sample:		99.99 time, 100.02 real, 93 MB
[runlim] sample:		109.99 time, 110.02 real, 99 MB
[runlim] sample:		119.98 time, 120.02 real, 104 MB
[runlim] sample:		129.98 time, 130.02 real, 109 MB
[runlim] sample:		139.98 time, 140.02 real, 114 MB
[runlim] sample:		149.98 time, 150.02 real, 120 MB
[runlim] sample:		159.98 time, 160.02 real, 125 MB
[runlim] sample:		169.98 time, 170.02 real, 130 MB
[runlim] sample:		179.97 time, 180.02 real, 134 MB
[runlim] sample:		189.98 time, 190.02 real, 138 MB
[runlim] sample:		199.98 time, 200.02 real, 143 MB
[runlim] sample:		209.97 time, 210.02 real, 149 MB
[runlim] sample:		219.97 time, 220.02 real, 153 MB
[runlim] sample:		229.98 time, 230.02 real, 158 MB
[runlim] sample:		239.98 time, 240.02 real, 162 MB
[runlim] sample:		249.98 time, 250.02 real, 167 MB
[runlim] sample:		259.98 time, 260.02 real, 171 MB
[runlim] sample:		269.97 time, 270.02 real, 175 MB
[runlim] sample:		279.98 time, 280.02 real, 179 MB
[runlim] sample:		289.97 time, 290.02 real, 184 MB
[runlim] sample:		299.98 time, 300.02 real, 187 MB
[runlim] sample:		309.97 time, 310.02 real, 192 MB
[runlim] sample:		319.98 time, 320.02 real, 196 MB
[runlim] sample:		329.97 time, 330.02 real, 200 MB
[runlim] sample:		339.98 time, 340.02 real, 204 MB
[runlim] sample:		349.98 time, 350.02 real, 208 MB
[runlim] sample:		359.98 time, 360.02 real, 212 MB
[runlim] sample:		369.97 time, 370.02 real, 215 MB
[runlim] sample:		379.98 time, 380.02 real, 218 MB
[runlim] sample:		389.98 time, 390.02 real, 222 MB
[runlim] sample:		399.97 time, 400.02 real, 225 MB
[runlim] sample:		409.98 time, 410.02 real, 229 MB
[runlim] sample:		419.98 time, 420.02 real, 232 MB
[runlim] sample:		429.98 time, 430.02 real, 234 MB
[runlim] sample:		439.97 time, 440.02 real, 237 MB
[runlim] sample:		449.97 time, 450.02 real, 240 MB
[runlim] sample:		459.98 time, 460.02 real, 242 MB
[runlim] sample:		469.97 time, 470.02 real, 245 MB
[runlim] sample:		479.98 time, 480.02 real, 249 MB
[runlim] sample:		489.98 time, 490.02 real, 252 MB
[runlim] sample:		499.97 time, 500.02 real, 255 MB
[runlim] sample:		509.97 time, 510.02 real, 259 MB
[runlim] sample:		519.97 time, 520.02 real, 261 MB
[runlim] sample:		529.98 time, 530.02 real, 263 MB
[runlim] sample:		539.94 time, 540.02 real, 267 MB
[runlim] sample:		549.91 time, 550.02 real, 271 MB
[runlim] sample:		559.88 time, 560.02 real, 274 MB
[runlim] sample:		569.85 time, 570.02 real, 277 MB
[runlim] sample:		579.81 time, 580.02 real, 280 MB
[runlim] sample:		589.78 time, 590.02 real, 283 MB
[runlim] sample:		599.75 time, 600.02 real, 286 MB
[runlim] sample:		609.72 time, 610.02 real, 288 MB
[runlim] sample:		619.68 time, 620.02 real, 291 MB
[runlim] sample:		629.65 time, 630.02 real, 293 MB
[runlim] sample:		639.62 time, 640.02 real, 297 MB
[runlim] sample:		649.58 time, 650.02 real, 299 MB
[runlim] sample:		659.56 time, 660.02 real, 301 MB
[runlim] sample:		669.52 time, 670.02 real, 304 MB
[runlim] sample:		679.49 time, 680.02 real, 306 MB
[runlim] sample:		689.46 time, 690.02 real, 310 MB
[runlim] sample:		699.43 time, 700.02 real, 314 MB
[runlim] sample:		709.39 time, 710.02 real, 315 MB
[runlim] sample:		719.35 time, 720.02 real, 317 MB
[runlim] sample:		729.32 time, 730.02 real, 319 MB
[runlim] sample:		739.28 time, 740.02 real, 322 MB
[runlim] sample:		749.25 time, 750.02 real, 324 MB
[runlim] sample:		759.22 time, 760.02 real, 326 MB
[runlim] sample:		769.18 time, 770.02 real, 328 MB
[runlim] sample:		779.15 time, 780.02 real, 330 MB
[runlim] sample:		789.11 time, 790.02 real, 331 MB
[runlim] sample:		799.09 time, 800.02 real, 334 MB
[runlim] sample:		809.05 time, 810.02 real, 335 MB
[runlim] sample:		819.02 time, 820.02 real, 337 MB
[runlim] sample:		828.98 time, 830.02 real, 339 MB
[runlim] sample:		838.94 time, 840.02 real, 341 MB
[runlim] sample:		848.91 time, 850.02 real, 342 MB
[runlim] sample:		858.87 time, 860.02 real, 344 MB
[runlim] sample:		868.85 time, 870.02 real, 348 MB
[runlim] sample:		878.81 time, 880.02 real, 350 MB
[runlim] sample:		888.77 time, 890.02 real, 351 MB
[runlim] sample:		898.74 time, 900.02 real, 353 MB
[runlim] sample:		908.70 time, 910.02 real, 355 MB
[runlim] sample:		918.67 time, 920.02 real, 357 MB
[runlim] sample:		928.64 time, 930.02 real, 358 MB
[runlim] sample:		938.61 time, 940.02 real, 360 MB
[runlim] sample:		948.58 time, 950.02 real, 362 MB
[runlim] sample:		958.54 time, 960.02 real, 364 MB
[runlim] sample:		968.51 time, 970.02 real, 366 MB
[runlim] sample:		978.47 time, 980.02 real, 368 MB
[runlim] sample:		988.44 time, 990.02 real, 370 MB
[runlim] sample:		998.40 time, 1000.02 real, 372 MB
[runlim] sample:		1008.38 time, 1010.02 real, 374 MB
[runlim] sample:		1018.34 time, 1020.02 real, 375 MB
[runlim] sample:		1028.31 time, 1030.02 real, 377 MB
[runlim] sample:		1038.28 time, 1040.02 real, 379 MB
[runlim] sample:		1048.24 time, 1050.02 real, 382 MB
[runlim] sample:		1058.21 time, 1060.02 real, 383 MB
[runlim] sample:		1068.18 time, 1070.02 real, 386 MB
[runlim] sample:		1078.15 time, 1080.02 real, 388 MB
[runlim] sample:		1088.12 time, 1090.02 real, 390 MB
[runlim] sample:		1098.08 time, 1100.02 real, 391 MB
[runlim] sample:		1108.04 time, 1110.02 real, 394 MB
[runlim] sample:		1118.01 time, 1120.02 real, 395 MB
[runlim] sample:		1127.98 time, 1130.02 real, 397 MB
[runlim] sample:		1137.94 time, 1140.02 real, 399 MB
[runlim] sample:		1147.91 time, 1150.02 real, 401 MB
[runlim] sample:		1157.88 time, 1160.02 real, 403 MB
[runlim] sample:		1167.85 time, 1170.02 real, 404 MB
[runlim] sample:		1177.81 time, 1180.02 real, 405 MB
[runlim] sample:		1187.77 time, 1190.02 real, 408 MB
[runlim] sample:		1197.74 time, 1200.02 real, 411 MB
[runlim] sample:		1207.71 time, 1210.02 real, 412 MB
[runlim] sample:		1217.67 time, 1220.02 real, 415 MB
[runlim] sample:		1227.64 time, 1230.02 real, 416 MB
[runlim] sample:		1237.60 time, 1240.02 real, 418 MB
[runlim] sample:		1247.57 time, 1250.02 real, 420 MB
[runlim] sample:		1257.53 time, 1260.02 real, 422 MB
[runlim] sample:		1267.50 time, 1270.02 real, 424 MB
[runlim] sample:		1277.46 time, 1280.02 real, 425 MB
[runlim] sample:		1287.44 time, 1290.02 real, 426 MB
[runlim] sample:		1297.40 time, 1300.02 real, 427 MB
[runlim] sample:		1307.36 time, 1310.02 real, 429 MB
[runlim] sample:		1317.34 time, 1320.02 real, 431 MB
[runlim] sample:		1327.30 time, 1330.02 real, 433 MB
[runlim] sample:		1337.27 time, 1340.02 real, 435 MB
[runlim] sample:		1347.23 time, 1350.02 real, 437 MB
[runlim] sample:		1357.19 time, 1360.02 real, 439 MB
[runlim] sample:		1367.17 time, 1370.02 real, 441 MB
[runlim] sample:		1377.13 time, 1380.02 real, 443 MB
[runlim] sample:		1387.09 time, 1390.02 real, 445 MB
[runlim] sample:		1397.06 time, 1400.02 real, 446 MB
[runlim] sample:		1407.03 time, 1410.02 real, 448 MB
[runlim] sample:		1417.00 time, 1420.02 real, 450 MB
[runlim] sample:		1426.96 time, 1430.02 real, 451 MB
[runlim] sample:		1436.93 time, 1440.02 real, 454 MB
[runlim] sample:		1446.89 time, 1450.02 real, 456 MB
[runlim] sample:		1456.86 time, 1460.02 real, 458 MB
[runlim] sample:		1466.83 time, 1470.02 real, 459 MB
[runlim] sample:		1476.79 time, 1480.02 real, 461 MB
[runlim] sample:		1486.76 time, 1490.02 real, 462 MB
[runlim] sample:		1496.73 time, 1500.02 real, 464 MB
[runlim] sample:		1506.70 time, 1510.02 real, 466 MB
[runlim] sample:		1516.66 time, 1520.02 real, 467 MB
[runlim] sample:		1526.63 time, 1530.02 real, 468 MB
[runlim] sample:		1536.59 time, 1540.02 real, 471 MB
[runlim] sample:		1546.56 time, 1550.02 real, 472 MB
[runlim] sample:		1556.52 time, 1560.02 real, 474 MB
[runlim] sample:		1566.49 time, 1570.02 real, 475 MB
[runlim] sample:		1576.46 time, 1580.02 real, 476 MB
[runlim] sample:		1586.43 time, 1590.02 real, 479 MB
[runlim] sample:		1596.40 time, 1600.02 real, 480 MB
[runlim] sample:		1606.36 time, 1610.02 real, 481 MB
[runlim] sample:		1616.33 time, 1620.02 real, 482 MB
[runlim] sample:		1626.29 time, 1630.02 real, 485 MB
[runlim] sample:		1636.26 time, 1640.02 real, 486 MB
[runlim] sample:		1646.23 time, 1650.02 real, 487 MB
[runlim] sample:		1656.19 time, 1660.02 real, 488 MB
[runlim] sample:		1666.16 time, 1670.02 real, 489 MB
[runlim] sample:		1676.12 time, 1680.02 real, 491 MB
[runlim] sample:		1686.09 time, 1690.02 real, 492 MB
[runlim] sample:		1696.06 time, 1700.02 real, 493 MB
[runlim] sample:		1706.02 time, 1710.02 real, 495 MB
[runlim] sample:		1715.99 time, 1720.02 real, 496 MB
[runlim] sample:		1725.96 time, 1730.02 real, 497 MB
[runlim] sample:		1735.92 time, 1740.02 real, 499 MB
[runlim] sample:		1745.89 time, 1750.02 real, 501 MB
[runlim] sample:		1755.85 time, 1760.02 real, 501 MB
[runlim] sample:		1765.82 time, 1770.02 real, 503 MB
[runlim] sample:		1775.79 time, 1780.02 real, 504 MB
[runlim] sample:		1785.75 time, 1790.02 real, 506 MB
[runlim] sample:		1795.71 time, 1800.02 real, 507 MB
[runlim] sample:		1805.68 time, 1810.02 real, 509 MB
[runlim] sample:		1815.65 time, 1820.02 real, 510 MB
[runlim] sample:		1825.61 time, 1830.02 real, 511 MB
[runlim] sample:		1835.58 time, 1840.02 real, 513 MB
[runlim] sample:		1845.54 time, 1850.02 real, 514 MB
[runlim] sample:		1855.51 time, 1860.02 real, 517 MB
[runlim] sample:		1865.47 time, 1870.02 real, 518 MB
[runlim] sample:		1875.43 time, 1880.02 real, 520 MB
[runlim] sample:		1885.39 time, 1890.02 real, 522 MB
[runlim] sample:		1895.36 time, 1900.02 real, 523 MB
[runlim] sample:		1905.32 time, 1910.02 real, 524 MB
[runlim] sample:		1915.28 time, 1920.02 real, 525 MB
[runlim] sample:		1925.24 time, 1930.02 real, 527 MB
[runlim] sample:		1935.21 time, 1940.02 real, 528 MB
[runlim] sample:		1945.17 time, 1950.02 real, 529 MB
[runlim] sample:		1955.13 time, 1960.02 real, 530 MB
[runlim] sample:		1965.10 time, 1970.02 real, 531 MB
[runlim] sample:		1975.06 time, 1980.02 real, 533 MB
[runlim] sample:		1985.02 time, 1990.02 real, 534 MB
[runlim] sample:		1994.98 time, 2000.02 real, 536 MB
[runlim] sample:		2004.94 time, 2010.02 real, 537 MB
[runlim] sample:		2014.91 time, 2020.02 real, 538 MB
[runlim] sample:		2024.87 time, 2030.02 real, 542 MB
[runlim] sample:		2034.83 time, 2040.02 real, 543 MB
[runlim] sample:		2044.80 time, 2050.02 real, 545 MB
[runlim] sample:		2054.76 time, 2060.02 real, 546 MB
[runlim] sample:		2064.73 time, 2070.02 real, 547 MB
[runlim] sample:		2074.69 time, 2080.02 real, 549 MB
[runlim] sample:		2084.65 time, 2090.02 real, 550 MB
[runlim] sample:		2094.61 time, 2100.02 real, 551 MB
[runlim] sample:		2104.57 time, 2110.02 real, 552 MB
[runlim] sample:		2114.54 time, 2120.02 real, 554 MB
[runlim] sample:		2124.51 time, 2130.02 real, 555 MB
[runlim] sample:		2134.47 time, 2140.02 real, 557 MB
[runlim] sample:		2144.43 time, 2150.02 real, 558 MB
[runlim] sample:		2154.39 time, 2160.02 real, 559 MB
[runlim] sample:		2164.36 time, 2170.02 real, 563 MB
[runlim] sample:		2174.32 time, 2180.02 real, 564 MB
[runlim] sample:		2184.28 time, 2190.02 real, 565 MB
[runlim] sample:		2194.25 time, 2200.02 real, 566 MB
[runlim] sample:		2204.21 time, 2210.02 real, 567 MB
[runlim] sample:		2214.17 time, 2220.02 real, 568 MB
[runlim] sample:		2224.14 time, 2230.02 real, 569 MB
[runlim] sample:		2234.10 time, 2240.02 real, 570 MB
[runlim] sample:		2244.06 time, 2250.02 real, 572 MB
[runlim] sample:		2254.02 time, 2260.02 real, 573 MB
[runlim] sample:		2263.99 time, 2270.02 real, 574 MB
[runlim] sample:		2273.94 time, 2280.02 real, 575 MB
[runlim] sample:		2283.90 time, 2290.02 real, 577 MB
[runlim] sample:		2293.87 time, 2300.02 real, 578 MB
[runlim] sample:		2303.84 time, 2310.02 real, 580 MB
[runlim] sample:		2313.80 time, 2320.02 real, 581 MB
[runlim] sample:		2323.76 time, 2330.02 real, 582 MB
[runlim] sample:		2333.73 time, 2340.02 real, 583 MB
[runlim] sample:		2343.69 time, 2350.02 real, 584 MB
[runlim] sample:		2353.65 time, 2360.02 real, 586 MB
[runlim] sample:		2363.61 time, 2370.02 real, 587 MB
[runlim] sample:		2373.58 time, 2380.02 real, 588 MB
[runlim] sample:		2383.54 time, 2390.02 real, 589 MB
[runlim] sample:		2393.50 time, 2400.02 real, 591 MB
[runlim] sample:		2403.46 time, 2410.02 real, 594 MB
[runlim] sample:		2413.43 time, 2420.02 real, 595 MB
[runlim] sample:		2423.39 time, 2430.02 real, 597 MB
[runlim] sample:		2433.35 time, 2440.02 real, 598 MB
[runlim] sample:		2443.32 time, 2450.02 real, 599 MB
[runlim] sample:		2453.28 time, 2460.02 real, 600 MB
[runlim] sample:		2463.24 time, 2470.02 real, 601 MB
[runlim] sample:		2473.20 time, 2480.02 real, 602 MB
[runlim] sample:		2483.17 time, 2490.02 real, 603 MB
[runlim] sample:		2493.13 time, 2500.02 real, 605 MB
[runlim] sample:		2503.10 time, 2510.02 real, 607 MB
[runlim] sample:		2513.07 time, 2520.02 real, 608 MB
[runlim] sample:		2523.08 time, 2530.02 real, 609 MB
[runlim] sample:		2533.08 time, 2540.02 real, 610 MB
[runlim] sample:		2543.08 time, 2550.02 real, 611 MB
[runlim] sample:		2553.07 time, 2560.02 real, 612 MB
[runlim] sample:		2563.08 time, 2570.02 real, 614 MB
[runlim] sample:		2573.08 time, 2580.02 real, 615 MB
[runlim] sample:		2583.07 time, 2590.02 real, 617 MB
[runlim] sample:		2593.07 time, 2600.02 real, 618 MB
[runlim] sample:		2603.07 time, 2610.02 real, 619 MB
[runlim] sample:		2613.07 time, 2620.02 real, 621 MB
[runlim] sample:		2623.08 time, 2630.02 real, 622 MB
[runlim] sample:		2633.07 time, 2640.02 real, 624 MB
[runlim] sample:		2643.08 time, 2650.02 real, 625 MB
[runlim] sample:		2653.08 time, 2660.02 real, 626 MB
[runlim] sample:		2663.08 time, 2670.02 real, 626 MB
[runlim] sample:		2673.08 time, 2680.02 real, 627 MB
[runlim] sample:		2683.07 time, 2690.02 real, 628 MB
[runlim] sample:		2693.08 time, 2700.02 real, 629 MB
[runlim] end:			Thu Feb 27 09:44:12 2020
[runlim] status:		out of time
[runlim] result:		2
[runlim] children:		1
[runlim] real:			2700.12 seconds
[runlim] time:			2693.08 seconds
[runlim] space:			629 MB
[runlim] samples:		27000
