[runlim] version:		1.18
[runlim] host:			c3n18
[runlim] time limit:		2700 seconds
[runlim] real time limit:	2700 seconds
[runlim] space limit:		7000 MB
[runlim] argv[0]:		./binary
[runlim] argv[1]:		/data/cnf/ankit/RSet1/stmt5_731_730.dqbf
[runlim] start:			Thu Feb 27 08:59:12 2020
[runlim] child:			7194
[runlim] sample:		10.00 time, 10.02 real, 19 MB
[runlim] sample:		19.99 time, 20.02 real, 30 MB
[runlim] sample:		29.99 time, 30.02 real, 39 MB
[runlim] sample:		40.00 time, 40.02 real, 48 MB
[runlim] sample:		49.99 time, 50.02 real, 55 MB
[runlim] sample:		59.99 time, 60.02 real, 62 MB
[runlim] sample:		69.99 time, 70.02 real, 69 MB
[runlim] sample:		79.99 time, 80.02 real, 76 MB
[runlim] sample:		90.00 time, 90.02 real, 82 MB
[runlim] sample:		100.00 time, 100.02 real, 87 MB
[runlim] sample:		110.00 time, 110.02 real, 93 MB
[runlim] sample:		120.00 time, 120.02 real, 98 MB
[runlim] sample:		130.00 time, 130.02 real, 104 MB
[runlim] sample:		139.99 time, 140.02 real, 109 MB
[runlim] sample:		150.00 time, 150.02 real, 113 MB
[runlim] sample:		159.99 time, 160.02 real, 119 MB
[runlim] sample:		169.99 time, 170.02 real, 124 MB
[runlim] sample:		179.99 time, 180.02 real, 128 MB
[runlim] sample:		189.99 time, 190.02 real, 132 MB
[runlim] sample:		200.00 time, 200.02 real, 136 MB
[runlim] sample:		209.99 time, 210.02 real, 141 MB
[runlim] sample:		219.99 time, 220.02 real, 145 MB
[runlim] sample:		229.99 time, 230.02 real, 149 MB
[runlim] sample:		240.00 time, 240.02 real, 153 MB
[runlim] sample:		249.99 time, 250.02 real, 156 MB
[runlim] sample:		259.99 time, 260.02 real, 159 MB
[runlim] sample:		269.99 time, 270.02 real, 164 MB
[runlim] sample:		279.99 time, 280.02 real, 167 MB
[runlim] sample:		289.99 time, 290.02 real, 171 MB
[runlim] sample:		299.99 time, 300.02 real, 174 MB
[runlim] sample:		310.00 time, 310.02 real, 177 MB
[runlim] sample:		319.99 time, 320.02 real, 180 MB
[runlim] sample:		330.00 time, 330.02 real, 185 MB
[runlim] sample:		339.99 time, 340.02 real, 188 MB
[runlim] sample:		349.99 time, 350.02 real, 191 MB
[runlim] sample:		360.00 time, 360.02 real, 195 MB
[runlim] sample:		370.00 time, 370.02 real, 198 MB
[runlim] sample:		379.99 time, 380.02 real, 201 MB
[runlim] sample:		389.99 time, 390.02 real, 204 MB
[runlim] sample:		400.00 time, 400.02 real, 207 MB
[runlim] sample:		409.99 time, 410.02 real, 210 MB
[runlim] sample:		420.00 time, 420.02 real, 213 MB
[runlim] sample:		429.99 time, 430.02 real, 216 MB
[runlim] sample:		439.99 time, 440.02 real, 218 MB
[runlim] sample:		450.00 time, 450.02 real, 222 MB
[runlim] sample:		459.99 time, 460.02 real, 224 MB
[runlim] sample:		469.99 time, 470.02 real, 227 MB
[runlim] sample:		479.99 time, 480.02 real, 229 MB
[runlim] sample:		489.99 time, 490.02 real, 231 MB
[runlim] sample:		499.99 time, 500.02 real, 233 MB
[runlim] sample:		509.99 time, 510.02 real, 235 MB
[runlim] sample:		519.99 time, 520.02 real, 238 MB
[runlim] sample:		530.00 time, 530.02 real, 241 MB
[runlim] sample:		540.00 time, 540.02 real, 243 MB
[runlim] sample:		549.99 time, 550.02 real, 245 MB
[runlim] sample:		559.99 time, 560.02 real, 247 MB
[runlim] sample:		569.99 time, 570.02 real, 249 MB
[runlim] sample:		579.99 time, 580.02 real, 251 MB
[runlim] sample:		589.99 time, 590.02 real, 254 MB
[runlim] sample:		599.99 time, 600.02 real, 257 MB
[runlim] sample:		609.99 time, 610.02 real, 259 MB
[runlim] sample:		619.99 time, 620.02 real, 263 MB
[runlim] sample:		629.99 time, 630.02 real, 265 MB
[runlim] sample:		639.99 time, 640.02 real, 267 MB
[runlim] sample:		649.99 time, 650.02 real, 269 MB
[runlim] sample:		659.99 time, 660.02 real, 272 MB
[runlim] sample:		670.00 time, 670.02 real, 275 MB
[runlim] sample:		679.99 time, 680.02 real, 278 MB
[runlim] sample:		689.99 time, 690.02 real, 281 MB
[runlim] sample:		699.99 time, 700.02 real, 282 MB
[runlim] sample:		709.99 time, 710.02 real, 285 MB
[runlim] sample:		719.99 time, 720.02 real, 288 MB
[runlim] sample:		729.99 time, 730.02 real, 290 MB
[runlim] sample:		739.99 time, 740.02 real, 292 MB
[runlim] sample:		749.99 time, 750.02 real, 295 MB
[runlim] sample:		759.99 time, 760.02 real, 298 MB
[runlim] sample:		769.99 time, 770.02 real, 300 MB
[runlim] sample:		779.99 time, 780.02 real, 302 MB
[runlim] sample:		789.99 time, 790.02 real, 306 MB
[runlim] sample:		799.99 time, 800.02 real, 308 MB
[runlim] sample:		809.99 time, 810.02 real, 310 MB
[runlim] sample:		819.99 time, 820.02 real, 311 MB
[runlim] sample:		829.99 time, 830.02 real, 314 MB
[runlim] sample:		839.99 time, 840.02 real, 316 MB
[runlim] sample:		849.99 time, 850.02 real, 318 MB
[runlim] sample:		859.99 time, 860.02 real, 320 MB
[runlim] sample:		869.99 time, 870.02 real, 322 MB
[runlim] sample:		879.99 time, 880.02 real, 324 MB
[runlim] sample:		889.99 time, 890.02 real, 326 MB
[runlim] sample:		899.99 time, 900.02 real, 328 MB
[runlim] sample:		909.99 time, 910.02 real, 330 MB
[runlim] sample:		919.99 time, 920.02 real, 332 MB
[runlim] sample:		929.99 time, 930.02 real, 333 MB
[runlim] sample:		939.99 time, 940.02 real, 335 MB
[runlim] sample:		949.99 time, 950.02 real, 337 MB
[runlim] sample:		959.99 time, 960.02 real, 338 MB
[runlim] sample:		969.99 time, 970.02 real, 340 MB
[runlim] sample:		979.99 time, 980.02 real, 341 MB
[runlim] sample:		989.99 time, 990.02 real, 343 MB
[runlim] sample:		999.99 time, 1000.02 real, 345 MB
[runlim] sample:		1009.98 time, 1010.02 real, 348 MB
[runlim] sample:		1019.99 time, 1020.02 real, 349 MB
[runlim] sample:		1029.98 time, 1030.02 real, 351 MB
[runlim] sample:		1039.99 time, 1040.02 real, 352 MB
[runlim] sample:		1049.98 time, 1050.02 real, 354 MB
[runlim] sample:		1059.98 time, 1060.02 real, 355 MB
[runlim] sample:		1069.99 time, 1070.02 real, 357 MB
[runlim] sample:		1079.98 time, 1080.02 real, 360 MB
[runlim] sample:		1089.99 time, 1090.02 real, 362 MB
[runlim] sample:		1099.99 time, 1100.02 real, 364 MB
[runlim] sample:		1109.99 time, 1110.02 real, 365 MB
[runlim] sample:		1119.99 time, 1120.02 real, 367 MB
[runlim] sample:		1129.99 time, 1130.02 real, 368 MB
[runlim] sample:		1139.99 time, 1140.02 real, 370 MB
[runlim] sample:		1149.99 time, 1150.02 real, 372 MB
[runlim] sample:		1159.99 time, 1160.02 real, 374 MB
[runlim] sample:		1169.99 time, 1170.02 real, 376 MB
[runlim] sample:		1179.99 time, 1180.02 real, 378 MB
[runlim] sample:		1189.99 time, 1190.02 real, 379 MB
[runlim] sample:		1199.99 time, 1200.02 real, 381 MB
[runlim] sample:		1209.99 time, 1210.02 real, 384 MB
[runlim] sample:		1219.99 time, 1220.02 real, 385 MB
[runlim] sample:		1229.99 time, 1230.02 real, 387 MB
[runlim] sample:		1239.98 time, 1240.02 real, 388 MB
[runlim] sample:		1249.99 time, 1250.02 real, 390 MB
[runlim] sample:		1259.99 time, 1260.02 real, 392 MB
[runlim] sample:		1269.99 time, 1270.02 real, 394 MB
[runlim] sample:		1279.98 time, 1280.02 real, 395 MB
[runlim] sample:		1289.99 time, 1290.02 real, 397 MB
[runlim] sample:		1299.99 time, 1300.02 real, 399 MB
[runlim] sample:		1309.99 time, 1310.02 real, 400 MB
[runlim] sample:		1319.98 time, 1320.02 real, 401 MB
[runlim] sample:		1329.99 time, 1330.02 real, 403 MB
[runlim] sample:		1339.99 time, 1340.02 real, 404 MB
[runlim] sample:		1349.99 time, 1350.02 real, 406 MB
[runlim] sample:		1359.99 time, 1360.02 real, 407 MB
[runlim] sample:		1369.99 time, 1370.02 real, 409 MB
[runlim] sample:		1379.98 time, 1380.02 real, 410 MB
[runlim] sample:		1389.98 time, 1390.02 real, 412 MB
[runlim] sample:		1399.99 time, 1400.02 real, 415 MB
[runlim] sample:		1409.98 time, 1410.02 real, 417 MB
[runlim] sample:		1419.99 time, 1420.02 real, 419 MB
[runlim] sample:		1429.98 time, 1430.02 real, 420 MB
[runlim] sample:		1439.98 time, 1440.02 real, 422 MB
[runlim] sample:		1449.99 time, 1450.02 real, 425 MB
[runlim] sample:		1459.98 time, 1460.02 real, 427 MB
[runlim] sample:		1469.98 time, 1470.02 real, 428 MB
[runlim] sample:		1479.99 time, 1480.02 real, 430 MB
[runlim] sample:		1489.99 time, 1490.02 real, 431 MB
[runlim] sample:		1499.98 time, 1500.02 real, 432 MB
[runlim] sample:		1509.98 time, 1510.02 real, 433 MB
[runlim] sample:		1519.99 time, 1520.02 real, 435 MB
[runlim] sample:		1529.98 time, 1530.02 real, 438 MB
[runlim] sample:		1539.99 time, 1540.02 real, 439 MB
[runlim] sample:		1549.98 time, 1550.02 real, 440 MB
[runlim] sample:		1559.98 time, 1560.02 real, 442 MB
[runlim] sample:		1569.98 time, 1570.02 real, 443 MB
[runlim] sample:		1579.98 time, 1580.02 real, 444 MB
[runlim] sample:		1589.99 time, 1590.02 real, 446 MB
[runlim] sample:		1599.98 time, 1600.02 real, 447 MB
[runlim] sample:		1609.98 time, 1610.02 real, 448 MB
[runlim] sample:		1619.98 time, 1620.02 real, 450 MB
[runlim] sample:		1629.98 time, 1630.02 real, 451 MB
[runlim] sample:		1639.98 time, 1640.02 real, 453 MB
[runlim] sample:		1649.98 time, 1650.02 real, 455 MB
[runlim] sample:		1659.99 time, 1660.02 real, 456 MB
[runlim] sample:		1669.98 time, 1670.02 real, 458 MB
[runlim] sample:		1679.98 time, 1680.02 real, 459 MB
[runlim] sample:		1689.98 time, 1690.02 real, 461 MB
[runlim] sample:		1699.98 time, 1700.02 real, 462 MB
[runlim] sample:		1709.98 time, 1710.02 real, 464 MB
[runlim] sample:		1719.99 time, 1720.02 real, 465 MB
[runlim] sample:		1729.98 time, 1730.02 real, 466 MB
[runlim] sample:		1739.99 time, 1740.02 real, 467 MB
[runlim] sample:		1749.98 time, 1750.02 real, 468 MB
[runlim] sample:		1759.99 time, 1760.02 real, 469 MB
[runlim] sample:		1769.98 time, 1770.02 real, 471 MB
[runlim] sample:		1779.99 time, 1780.02 real, 472 MB
[runlim] sample:		1789.98 time, 1790.02 real, 474 MB
[runlim] sample:		1799.99 time, 1800.02 real, 475 MB
[runlim] sample:		1809.98 time, 1810.02 real, 476 MB
[runlim] sample:		1819.98 time, 1820.02 real, 477 MB
[runlim] sample:		1829.98 time, 1830.02 real, 479 MB
[runlim] sample:		1839.99 time, 1840.02 real, 480 MB
[runlim] sample:		1849.98 time, 1850.02 real, 481 MB
[runlim] sample:		1859.99 time, 1860.02 real, 482 MB
[runlim] sample:		1869.98 time, 1870.02 real, 483 MB
[runlim] sample:		1879.98 time, 1880.02 real, 485 MB
[runlim] sample:		1889.98 time, 1890.02 real, 487 MB
[runlim] sample:		1899.98 time, 1900.02 real, 488 MB
[runlim] sample:		1909.98 time, 1910.02 real, 488 MB
[runlim] sample:		1919.98 time, 1920.02 real, 490 MB
[runlim] sample:		1929.98 time, 1930.02 real, 491 MB
[runlim] sample:		1939.98 time, 1940.02 real, 493 MB
[runlim] sample:		1949.98 time, 1950.02 real, 494 MB
[runlim] sample:		1959.99 time, 1960.02 real, 495 MB
[runlim] sample:		1969.99 time, 1970.02 real, 497 MB
[runlim] sample:		1979.99 time, 1980.02 real, 498 MB
[runlim] sample:		1989.98 time, 1990.02 real, 499 MB
[runlim] sample:		1999.98 time, 2000.02 real, 500 MB
[runlim] sample:		2009.98 time, 2010.02 real, 501 MB
[runlim] sample:		2019.98 time, 2020.02 real, 503 MB
[runlim] sample:		2029.98 time, 2030.02 real, 504 MB
[runlim] sample:		2039.98 time, 2040.02 real, 506 MB
[runlim] sample:		2049.98 time, 2050.02 real, 507 MB
[runlim] sample:		2059.98 time, 2060.02 real, 508 MB
[runlim] sample:		2069.98 time, 2070.02 real, 509 MB
[runlim] sample:		2079.98 time, 2080.02 real, 510 MB
[runlim] sample:		2089.98 time, 2090.02 real, 512 MB
[runlim] sample:		2099.98 time, 2100.02 real, 514 MB
[runlim] sample:		2109.98 time, 2110.02 real, 515 MB
[runlim] sample:		2119.98 time, 2120.02 real, 517 MB
[runlim] sample:		2129.98 time, 2130.02 real, 518 MB
[runlim] sample:		2139.98 time, 2140.02 real, 521 MB
[runlim] sample:		2149.98 time, 2150.02 real, 522 MB
[runlim] sample:		2159.98 time, 2160.02 real, 522 MB
[runlim] sample:		2169.98 time, 2170.02 real, 524 MB
[runlim] sample:		2179.98 time, 2180.02 real, 525 MB
[runlim] sample:		2189.98 time, 2190.02 real, 526 MB
[runlim] sample:		2199.98 time, 2200.02 real, 527 MB
[runlim] sample:		2209.98 time, 2210.02 real, 528 MB
[runlim] sample:		2219.98 time, 2220.02 real, 529 MB
[runlim] sample:		2229.98 time, 2230.02 real, 531 MB
[runlim] sample:		2239.98 time, 2240.02 real, 532 MB
[runlim] sample:		2249.98 time, 2250.02 real, 533 MB
[runlim] sample:		2259.98 time, 2260.02 real, 534 MB
[runlim] sample:		2269.98 time, 2270.02 real, 535 MB
[runlim] sample:		2279.98 time, 2280.02 real, 537 MB
[runlim] sample:		2289.98 time, 2290.02 real, 538 MB
[runlim] sample:		2299.98 time, 2300.02 real, 539 MB
[runlim] sample:		2309.98 time, 2310.02 real, 541 MB
[runlim] sample:		2319.98 time, 2320.02 real, 542 MB
[runlim] sample:		2329.98 time, 2330.02 real, 544 MB
[runlim] sample:		2339.98 time, 2340.02 real, 546 MB
[runlim] sample:		2349.98 time, 2350.02 real, 547 MB
[runlim] sample:		2359.98 time, 2360.02 real, 548 MB
[runlim] sample:		2369.98 time, 2370.02 real, 548 MB
[runlim] sample:		2379.98 time, 2380.02 real, 550 MB
[runlim] sample:		2389.98 time, 2390.02 real, 552 MB
[runlim] sample:		2399.98 time, 2400.02 real, 553 MB
[runlim] sample:		2409.98 time, 2410.02 real, 554 MB
[runlim] sample:		2419.98 time, 2420.02 real, 555 MB
[runlim] sample:		2429.98 time, 2430.02 real, 557 MB
[runlim] sample:		2439.98 time, 2440.02 real, 558 MB
[runlim] sample:		2449.98 time, 2450.02 real, 559 MB
[runlim] sample:		2459.98 time, 2460.02 real, 560 MB
[runlim] sample:		2469.97 time, 2470.02 real, 562 MB
[runlim] sample:		2479.98 time, 2480.02 real, 563 MB
[runlim] sample:		2489.98 time, 2490.02 real, 564 MB
[runlim] sample:		2499.98 time, 2500.02 real, 565 MB
[runlim] sample:		2509.98 time, 2510.02 real, 566 MB
[runlim] sample:		2519.98 time, 2520.02 real, 568 MB
[runlim] sample:		2529.98 time, 2530.02 real, 569 MB
[runlim] sample:		2539.98 time, 2540.02 real, 570 MB
[runlim] sample:		2549.98 time, 2550.02 real, 571 MB
[runlim] sample:		2559.98 time, 2560.02 real, 572 MB
[runlim] sample:		2569.98 time, 2570.02 real, 574 MB
[runlim] sample:		2579.98 time, 2580.02 real, 574 MB
[runlim] sample:		2589.98 time, 2590.02 real, 575 MB
[runlim] sample:		2599.98 time, 2600.02 real, 577 MB
[runlim] sample:		2609.98 time, 2610.02 real, 578 MB
[runlim] sample:		2619.98 time, 2620.02 real, 579 MB
[runlim] sample:		2629.98 time, 2630.02 real, 582 MB
[runlim] sample:		2639.98 time, 2640.02 real, 583 MB
[runlim] sample:		2649.98 time, 2650.02 real, 584 MB
[runlim] sample:		2659.98 time, 2660.02 real, 585 MB
[runlim] sample:		2669.97 time, 2670.02 real, 587 MB
[runlim] sample:		2679.98 time, 2680.02 real, 588 MB
[runlim] sample:		2689.98 time, 2690.02 real, 589 MB
[runlim] sample:		2699.97 time, 2700.02 real, 591 MB
[runlim] end:			Thu Feb 27 09:44:13 2020
[runlim] status:		out of time
[runlim] result:		2
[runlim] children:		1
[runlim] real:			2700.13 seconds
[runlim] time:			2699.97 seconds
[runlim] space:			591 MB
[runlim] samples:		27000
