[runlim] version:		1.18
[runlim] host:			c3n15
[runlim] time limit:		2700 seconds
[runlim] real time limit:	2700 seconds
[runlim] space limit:		7000 MB
[runlim] argv[0]:		./binary
[runlim] argv[1]:		/data/cnf/ankit/RSet1/stmt1_787_788.dqbf
[runlim] start:			Thu Feb 27 08:59:12 2020
[runlim] child:			6590
[runlim] sample:		9.75 time, 10.02 real, 21 MB
[runlim] sample:		19.75 time, 20.02 real, 32 MB
[runlim] sample:		29.76 time, 30.02 real, 41 MB
[runlim] sample:		39.75 time, 40.02 real, 52 MB
[runlim] sample:		49.75 time, 50.02 real, 60 MB
[runlim] sample:		59.75 time, 60.02 real, 70 MB
[runlim] sample:		69.75 time, 70.02 real, 76 MB
[runlim] sample:		79.75 time, 80.02 real, 82 MB
[runlim] sample:		89.76 time, 90.02 real, 87 MB
[runlim] sample:		99.75 time, 100.02 real, 91 MB
[runlim] sample:		109.75 time, 110.02 real, 96 MB
[runlim] sample:		119.75 time, 120.02 real, 100 MB
[runlim] sample:		129.76 time, 130.02 real, 104 MB
[runlim] sample:		139.76 time, 140.02 real, 113 MB
[runlim] sample:		149.75 time, 150.02 real, 123 MB
[runlim] sample:		159.75 time, 160.02 real, 127 MB
[runlim] sample:		169.75 time, 170.02 real, 132 MB
[runlim] sample:		179.75 time, 180.02 real, 139 MB
[runlim] sample:		189.75 time, 190.02 real, 145 MB
[runlim] sample:		199.75 time, 200.02 real, 147 MB
[runlim] sample:		209.75 time, 210.02 real, 149 MB
[runlim] sample:		219.75 time, 220.02 real, 152 MB
[runlim] sample:		229.75 time, 230.02 real, 154 MB
[runlim] sample:		239.75 time, 240.02 real, 156 MB
[runlim] sample:		249.75 time, 250.02 real, 158 MB
[runlim] sample:		259.75 time, 260.02 real, 160 MB
[runlim] sample:		269.75 time, 270.02 real, 162 MB
[runlim] sample:		279.75 time, 280.02 real, 164 MB
[runlim] sample:		289.75 time, 290.02 real, 165 MB
[runlim] sample:		299.75 time, 300.02 real, 169 MB
[runlim] sample:		309.75 time, 310.02 real, 179 MB
[runlim] sample:		319.75 time, 320.02 real, 186 MB
[runlim] sample:		329.75 time, 330.02 real, 191 MB
[runlim] sample:		339.75 time, 340.02 real, 196 MB
[runlim] sample:		349.75 time, 350.02 real, 200 MB
[runlim] sample:		359.75 time, 360.02 real, 203 MB
[runlim] sample:		369.75 time, 370.02 real, 206 MB
[runlim] sample:		379.74 time, 380.02 real, 209 MB
[runlim] sample:		389.74 time, 390.02 real, 212 MB
[runlim] sample:		399.75 time, 400.02 real, 216 MB
[runlim] sample:		409.75 time, 410.02 real, 220 MB
[runlim] sample:		419.75 time, 420.02 real, 224 MB
[runlim] sample:		429.75 time, 430.02 real, 227 MB
[runlim] sample:		439.75 time, 440.02 real, 230 MB
[runlim] sample:		449.74 time, 450.02 real, 233 MB
[runlim] sample:		459.74 time, 460.02 real, 241 MB
[runlim] sample:		469.74 time, 470.02 real, 249 MB
[runlim] sample:		479.74 time, 480.02 real, 255 MB
[runlim] sample:		489.74 time, 490.02 real, 263 MB
[runlim] sample:		499.74 time, 500.02 real, 271 MB
[runlim] sample:		509.74 time, 510.02 real, 275 MB
[runlim] sample:		519.75 time, 520.02 real, 280 MB
[runlim] sample:		529.75 time, 530.02 real, 283 MB
[runlim] sample:		539.75 time, 540.02 real, 287 MB
[runlim] sample:		549.74 time, 550.02 real, 290 MB
[runlim] sample:		559.75 time, 560.02 real, 293 MB
[runlim] sample:		569.74 time, 570.02 real, 295 MB
[runlim] sample:		579.74 time, 580.02 real, 298 MB
[runlim] sample:		589.74 time, 590.02 real, 301 MB
[runlim] sample:		599.74 time, 600.02 real, 303 MB
[runlim] sample:		609.74 time, 610.02 real, 306 MB
[runlim] sample:		619.74 time, 620.02 real, 313 MB
[runlim] sample:		629.74 time, 630.02 real, 321 MB
[runlim] sample:		639.74 time, 640.02 real, 330 MB
[runlim] sample:		649.74 time, 650.02 real, 335 MB
[runlim] sample:		659.74 time, 660.02 real, 340 MB
[runlim] sample:		669.74 time, 670.02 real, 349 MB
[runlim] sample:		679.74 time, 680.02 real, 354 MB
[runlim] sample:		689.74 time, 690.02 real, 364 MB
[runlim] sample:		699.74 time, 700.02 real, 370 MB
[runlim] sample:		709.74 time, 710.02 real, 377 MB
[runlim] sample:		719.74 time, 720.02 real, 384 MB
[runlim] sample:		729.73 time, 730.02 real, 390 MB
[runlim] sample:		739.74 time, 740.02 real, 396 MB
[runlim] sample:		749.74 time, 750.02 real, 403 MB
[runlim] sample:		759.74 time, 760.02 real, 410 MB
[runlim] sample:		769.74 time, 770.02 real, 415 MB
[runlim] sample:		779.74 time, 780.02 real, 420 MB
[runlim] sample:		789.74 time, 790.02 real, 424 MB
[runlim] sample:		799.73 time, 800.02 real, 428 MB
[runlim] sample:		809.74 time, 810.02 real, 431 MB
[runlim] sample:		819.74 time, 820.02 real, 435 MB
[runlim] sample:		829.74 time, 830.02 real, 438 MB
[runlim] sample:		839.73 time, 840.02 real, 441 MB
[runlim] sample:		849.73 time, 850.02 real, 444 MB
[runlim] sample:		859.73 time, 860.02 real, 446 MB
[runlim] sample:		869.74 time, 870.02 real, 449 MB
[runlim] sample:		879.74 time, 880.02 real, 452 MB
[runlim] sample:		889.73 time, 890.02 real, 454 MB
[runlim] sample:		899.74 time, 900.02 real, 457 MB
[runlim] sample:		909.74 time, 910.02 real, 460 MB
[runlim] sample:		919.73 time, 920.02 real, 462 MB
[runlim] sample:		929.73 time, 930.02 real, 464 MB
[runlim] sample:		939.73 time, 940.02 real, 467 MB
[runlim] sample:		949.73 time, 950.02 real, 469 MB
[runlim] sample:		959.74 time, 960.02 real, 472 MB
[runlim] sample:		969.73 time, 970.02 real, 475 MB
[runlim] sample:		979.74 time, 980.02 real, 477 MB
[runlim] sample:		989.74 time, 990.02 real, 479 MB
[runlim] sample:		999.74 time, 1000.02 real, 482 MB
[runlim] sample:		1009.73 time, 1010.02 real, 484 MB
[runlim] sample:		1019.73 time, 1020.02 real, 486 MB
[runlim] sample:		1029.73 time, 1030.02 real, 488 MB
[runlim] sample:		1039.73 time, 1040.02 real, 489 MB
[runlim] sample:		1049.73 time, 1050.02 real, 491 MB
[runlim] sample:		1059.73 time, 1060.02 real, 493 MB
[runlim] sample:		1069.73 time, 1070.02 real, 495 MB
[runlim] sample:		1079.73 time, 1080.02 real, 497 MB
[runlim] sample:		1089.73 time, 1090.02 real, 499 MB
[runlim] sample:		1099.73 time, 1100.02 real, 500 MB
[runlim] sample:		1109.73 time, 1110.02 real, 502 MB
[runlim] sample:		1119.73 time, 1120.02 real, 504 MB
[runlim] sample:		1129.73 time, 1130.02 real, 506 MB
[runlim] sample:		1139.73 time, 1140.02 real, 508 MB
[runlim] sample:		1149.73 time, 1150.02 real, 509 MB
[runlim] sample:		1159.73 time, 1160.02 real, 511 MB
[runlim] sample:		1169.73 time, 1170.02 real, 513 MB
[runlim] sample:		1179.73 time, 1180.02 real, 515 MB
[runlim] sample:		1189.73 time, 1190.02 real, 517 MB
[runlim] sample:		1199.73 time, 1200.02 real, 519 MB
[runlim] sample:		1209.73 time, 1210.02 real, 521 MB
[runlim] sample:		1219.73 time, 1220.02 real, 522 MB
[runlim] sample:		1229.73 time, 1230.02 real, 524 MB
[runlim] sample:		1239.73 time, 1240.02 real, 525 MB
[runlim] sample:		1249.73 time, 1250.02 real, 527 MB
[runlim] sample:		1259.72 time, 1260.02 real, 528 MB
[runlim] sample:		1269.73 time, 1270.02 real, 530 MB
[runlim] sample:		1279.72 time, 1280.02 real, 532 MB
[runlim] sample:		1289.73 time, 1290.02 real, 533 MB
[runlim] sample:		1299.72 time, 1300.02 real, 534 MB
[runlim] sample:		1309.72 time, 1310.02 real, 536 MB
[runlim] sample:		1319.72 time, 1320.02 real, 537 MB
[runlim] sample:		1329.73 time, 1330.02 real, 538 MB
[runlim] sample:		1339.73 time, 1340.02 real, 540 MB
[runlim] sample:		1349.73 time, 1350.02 real, 541 MB
[runlim] sample:		1359.72 time, 1360.02 real, 543 MB
[runlim] sample:		1369.72 time, 1370.02 real, 544 MB
[runlim] sample:		1379.73 time, 1380.02 real, 545 MB
[runlim] sample:		1389.72 time, 1390.02 real, 547 MB
[runlim] sample:		1399.73 time, 1400.02 real, 548 MB
[runlim] sample:		1409.72 time, 1410.02 real, 550 MB
[runlim] sample:		1419.73 time, 1420.02 real, 551 MB
[runlim] sample:		1429.72 time, 1430.02 real, 552 MB
[runlim] sample:		1439.73 time, 1440.02 real, 554 MB
[runlim] sample:		1449.72 time, 1450.02 real, 555 MB
[runlim] sample:		1459.72 time, 1460.02 real, 556 MB
[runlim] sample:		1469.72 time, 1470.02 real, 557 MB
[runlim] sample:		1479.72 time, 1480.02 real, 558 MB
[runlim] sample:		1489.72 time, 1490.02 real, 559 MB
[runlim] sample:		1499.72 time, 1500.02 real, 561 MB
[runlim] sample:		1509.72 time, 1510.02 real, 562 MB
[runlim] sample:		1519.72 time, 1520.02 real, 564 MB
[runlim] sample:		1529.72 time, 1530.02 real, 565 MB
[runlim] sample:		1539.72 time, 1540.02 real, 566 MB
[runlim] sample:		1549.72 time, 1550.02 real, 568 MB
[runlim] sample:		1559.72 time, 1560.02 real, 569 MB
[runlim] sample:		1569.72 time, 1570.02 real, 570 MB
[runlim] sample:		1579.72 time, 1580.02 real, 572 MB
[runlim] sample:		1589.72 time, 1590.02 real, 573 MB
[runlim] sample:		1599.72 time, 1600.02 real, 575 MB
[runlim] sample:		1609.72 time, 1610.02 real, 576 MB
[runlim] sample:		1619.72 time, 1620.02 real, 577 MB
[runlim] sample:		1629.72 time, 1630.02 real, 578 MB
[runlim] sample:		1639.72 time, 1640.02 real, 579 MB
[runlim] sample:		1649.72 time, 1650.02 real, 580 MB
[runlim] sample:		1659.72 time, 1660.02 real, 581 MB
[runlim] sample:		1669.72 time, 1670.02 real, 582 MB
[runlim] sample:		1679.72 time, 1680.02 real, 583 MB
[runlim] sample:		1689.72 time, 1690.02 real, 584 MB
[runlim] sample:		1699.71 time, 1700.02 real, 586 MB
[runlim] sample:		1709.71 time, 1710.02 real, 587 MB
[runlim] sample:		1719.72 time, 1720.02 real, 588 MB
[runlim] sample:		1729.72 time, 1730.02 real, 589 MB
[runlim] sample:		1739.72 time, 1740.02 real, 590 MB
[runlim] sample:		1749.72 time, 1750.02 real, 591 MB
[runlim] sample:		1759.72 time, 1760.02 real, 592 MB
[runlim] sample:		1769.72 time, 1770.02 real, 594 MB
[runlim] sample:		1779.71 time, 1780.02 real, 595 MB
[runlim] sample:		1789.71 time, 1790.02 real, 596 MB
[runlim] sample:		1799.71 time, 1800.02 real, 597 MB
[runlim] sample:		1809.71 time, 1810.02 real, 598 MB
[runlim] sample:		1819.71 time, 1820.02 real, 599 MB
[runlim] sample:		1829.71 time, 1830.02 real, 600 MB
[runlim] sample:		1839.71 time, 1840.02 real, 601 MB
[runlim] sample:		1849.72 time, 1850.02 real, 602 MB
[runlim] sample:		1859.71 time, 1860.02 real, 603 MB
[runlim] sample:		1869.71 time, 1870.02 real, 604 MB
[runlim] sample:		1879.71 time, 1880.02 real, 605 MB
[runlim] sample:		1889.71 time, 1890.02 real, 606 MB
[runlim] sample:		1899.72 time, 1900.02 real, 607 MB
[runlim] sample:		1909.71 time, 1910.02 real, 608 MB
[runlim] sample:		1919.71 time, 1920.02 real, 609 MB
[runlim] sample:		1929.71 time, 1930.02 real, 609 MB
[runlim] sample:		1939.72 time, 1940.02 real, 610 MB
[runlim] sample:		1949.71 time, 1950.02 real, 611 MB
[runlim] sample:		1959.71 time, 1960.02 real, 612 MB
[runlim] sample:		1969.72 time, 1970.02 real, 613 MB
[runlim] sample:		1979.72 time, 1980.02 real, 614 MB
[runlim] sample:		1989.71 time, 1990.02 real, 615 MB
[runlim] sample:		1999.71 time, 2000.02 real, 616 MB
[runlim] sample:		2009.71 time, 2010.02 real, 616 MB
[runlim] sample:		2019.71 time, 2020.02 real, 617 MB
[runlim] sample:		2029.71 time, 2030.02 real, 618 MB
[runlim] sample:		2039.71 time, 2040.02 real, 619 MB
[runlim] sample:		2049.71 time, 2050.02 real, 620 MB
[runlim] sample:		2059.71 time, 2060.02 real, 621 MB
[runlim] sample:		2069.71 time, 2070.02 real, 622 MB
[runlim] sample:		2079.71 time, 2080.02 real, 623 MB
[runlim] sample:		2089.71 time, 2090.02 real, 623 MB
[runlim] sample:		2099.71 time, 2100.02 real, 624 MB
[runlim] sample:		2109.71 time, 2110.02 real, 625 MB
[runlim] sample:		2119.71 time, 2120.02 real, 626 MB
[runlim] sample:		2129.71 time, 2130.02 real, 627 MB
[runlim] sample:		2139.71 time, 2140.02 real, 628 MB
[runlim] sample:		2149.71 time, 2150.02 real, 629 MB
[runlim] sample:		2159.71 time, 2160.02 real, 630 MB
[runlim] sample:		2169.71 time, 2170.02 real, 631 MB
[runlim] sample:		2179.71 time, 2180.02 real, 631 MB
[runlim] sample:		2189.71 time, 2190.02 real, 632 MB
[runlim] sample:		2199.71 time, 2200.02 real, 633 MB
[runlim] sample:		2209.71 time, 2210.02 real, 634 MB
[runlim] sample:		2219.71 time, 2220.02 real, 635 MB
[runlim] sample:		2229.70 time, 2230.02 real, 635 MB
[runlim] sample:		2239.71 time, 2240.02 real, 636 MB
[runlim] sample:		2249.71 time, 2250.02 real, 638 MB
[runlim] sample:		2259.71 time, 2260.02 real, 639 MB
[runlim] sample:		2269.71 time, 2270.02 real, 640 MB
[runlim] sample:		2279.70 time, 2280.02 real, 641 MB
[runlim] sample:		2289.70 time, 2290.02 real, 641 MB
[runlim] sample:		2299.71 time, 2300.02 real, 642 MB
[runlim] sample:		2309.71 time, 2310.02 real, 643 MB
[runlim] sample:		2319.71 time, 2320.02 real, 644 MB
[runlim] sample:		2329.70 time, 2330.02 real, 645 MB
[runlim] sample:		2339.70 time, 2340.02 real, 646 MB
[runlim] sample:		2349.70 time, 2350.02 real, 647 MB
[runlim] sample:		2359.70 time, 2360.02 real, 647 MB
[runlim] sample:		2369.71 time, 2370.02 real, 648 MB
[runlim] sample:		2379.70 time, 2380.02 real, 649 MB
[runlim] sample:		2389.70 time, 2390.02 real, 650 MB
[runlim] sample:		2399.71 time, 2400.02 real, 652 MB
[runlim] sample:		2409.70 time, 2410.02 real, 652 MB
[runlim] sample:		2419.70 time, 2420.02 real, 653 MB
[runlim] sample:		2429.70 time, 2430.02 real, 654 MB
[runlim] sample:		2439.70 time, 2440.02 real, 655 MB
[runlim] sample:		2449.70 time, 2450.02 real, 655 MB
[runlim] sample:		2459.70 time, 2460.02 real, 656 MB
[runlim] sample:		2469.70 time, 2470.02 real, 658 MB
[runlim] sample:		2479.70 time, 2480.02 real, 659 MB
[runlim] sample:		2489.71 time, 2490.02 real, 660 MB
[runlim] sample:		2499.70 time, 2500.02 real, 661 MB
[runlim] sample:		2509.70 time, 2510.02 real, 663 MB
[runlim] sample:		2519.70 time, 2520.02 real, 663 MB
[runlim] sample:		2529.70 time, 2530.02 real, 664 MB
[runlim] sample:		2539.70 time, 2540.02 real, 665 MB
[runlim] sample:		2549.70 time, 2550.02 real, 666 MB
[runlim] sample:		2559.70 time, 2560.02 real, 667 MB
[runlim] sample:		2569.70 time, 2570.02 real, 669 MB
[runlim] sample:		2579.70 time, 2580.02 real, 670 MB
[runlim] sample:		2589.70 time, 2590.02 real, 671 MB
[runlim] sample:		2599.70 time, 2600.02 real, 672 MB
[runlim] sample:		2609.69 time, 2610.02 real, 672 MB
[runlim] sample:		2619.70 time, 2620.02 real, 673 MB
[runlim] sample:		2629.70 time, 2630.02 real, 674 MB
[runlim] sample:		2639.70 time, 2640.02 real, 675 MB
[runlim] sample:		2649.70 time, 2650.02 real, 676 MB
[runlim] sample:		2659.70 time, 2660.02 real, 676 MB
[runlim] sample:		2669.69 time, 2670.02 real, 677 MB
[runlim] sample:		2679.70 time, 2680.02 real, 678 MB
[runlim] sample:		2689.70 time, 2690.02 real, 678 MB
[runlim] sample:		2699.70 time, 2700.02 real, 680 MB
[runlim] end:			Thu Feb 27 09:44:12 2020
[runlim] status:		out of time
[runlim] result:		2
[runlim] children:		1
[runlim] real:			2700.13 seconds
[runlim] time:			2699.70 seconds
[runlim] space:			680 MB
[runlim] samples:		27000
