[runlim] version:		1.18
[runlim] host:			c3n15
[runlim] time limit:		2700 seconds
[runlim] real time limit:	2700 seconds
[runlim] space limit:		7000 MB
[runlim] argv[0]:		./binary
[runlim] argv[1]:		/data/cnf/ankit/RSet1/stmt16_76_77.dqbf
[runlim] start:			Thu Feb 27 08:59:12 2020
[runlim] child:			6586
[runlim] sample:		9.63 time, 10.02 real, 29 MB
[runlim] sample:		19.63 time, 20.02 real, 43 MB
[runlim] sample:		29.63 time, 30.02 real, 57 MB
[runlim] sample:		39.62 time, 40.02 real, 69 MB
[runlim] sample:		49.62 time, 50.02 real, 82 MB
[runlim] sample:		59.63 time, 60.02 real, 94 MB
[runlim] sample:		69.63 time, 70.02 real, 107 MB
[runlim] sample:		79.63 time, 80.02 real, 120 MB
[runlim] sample:		89.63 time, 90.02 real, 133 MB
[runlim] sample:		99.62 time, 100.02 real, 145 MB
[runlim] sample:		109.63 time, 110.02 real, 158 MB
[runlim] sample:		119.63 time, 120.02 real, 170 MB
[runlim] sample:		129.63 time, 130.02 real, 182 MB
[runlim] sample:		139.62 time, 140.02 real, 193 MB
[runlim] sample:		149.63 time, 150.02 real, 205 MB
[runlim] sample:		159.63 time, 160.02 real, 217 MB
[runlim] sample:		169.62 time, 170.02 real, 229 MB
[runlim] sample:		179.62 time, 180.02 real, 240 MB
[runlim] sample:		189.63 time, 190.02 real, 253 MB
[runlim] sample:		199.62 time, 200.02 real, 266 MB
[runlim] sample:		209.62 time, 210.02 real, 279 MB
[runlim] sample:		219.62 time, 220.02 real, 289 MB
[runlim] sample:		229.62 time, 230.02 real, 299 MB
[runlim] sample:		239.62 time, 240.02 real, 311 MB
[runlim] sample:		249.62 time, 250.02 real, 322 MB
[runlim] sample:		259.62 time, 260.02 real, 334 MB
[runlim] sample:		269.62 time, 270.02 real, 346 MB
[runlim] sample:		279.62 time, 280.02 real, 356 MB
[runlim] sample:		289.62 time, 290.02 real, 367 MB
[runlim] sample:		299.62 time, 300.02 real, 378 MB
[runlim] sample:		309.62 time, 310.02 real, 390 MB
[runlim] sample:		319.62 time, 320.02 real, 401 MB
[runlim] sample:		329.62 time, 330.02 real, 411 MB
[runlim] sample:		339.63 time, 340.02 real, 421 MB
[runlim] sample:		349.62 time, 350.02 real, 431 MB
[runlim] sample:		359.62 time, 360.02 real, 441 MB
[runlim] sample:		369.62 time, 370.02 real, 450 MB
[runlim] sample:		379.61 time, 380.02 real, 459 MB
[runlim] sample:		389.62 time, 390.02 real, 470 MB
[runlim] sample:		399.62 time, 400.02 real, 481 MB
[runlim] sample:		409.62 time, 410.02 real, 491 MB
[runlim] sample:		419.62 time, 420.02 real, 503 MB
[runlim] sample:		429.61 time, 430.02 real, 513 MB
[runlim] sample:		439.62 time, 440.02 real, 523 MB
[runlim] sample:		449.62 time, 450.02 real, 533 MB
[runlim] sample:		459.62 time, 460.02 real, 543 MB
[runlim] sample:		469.62 time, 470.02 real, 553 MB
[runlim] sample:		479.61 time, 480.02 real, 563 MB
[runlim] sample:		489.62 time, 490.02 real, 574 MB
[runlim] sample:		499.62 time, 500.02 real, 584 MB
[runlim] sample:		509.61 time, 510.02 real, 594 MB
[runlim] sample:		519.61 time, 520.02 real, 605 MB
[runlim] sample:		529.61 time, 530.02 real, 615 MB
[runlim] sample:		539.62 time, 540.02 real, 625 MB
[runlim] sample:		549.62 time, 550.02 real, 635 MB
[runlim] sample:		559.62 time, 560.02 real, 645 MB
[runlim] sample:		569.61 time, 570.02 real, 654 MB
[runlim] sample:		579.61 time, 580.02 real, 664 MB
[runlim] sample:		589.61 time, 590.02 real, 673 MB
[runlim] sample:		599.61 time, 600.02 real, 682 MB
[runlim] sample:		609.61 time, 610.02 real, 690 MB
[runlim] sample:		619.62 time, 620.02 real, 701 MB
[runlim] sample:		629.61 time, 630.02 real, 710 MB
[runlim] sample:		639.61 time, 640.02 real, 718 MB
[runlim] sample:		649.61 time, 650.02 real, 726 MB
[runlim] sample:		659.61 time, 660.02 real, 735 MB
[runlim] sample:		669.61 time, 670.02 real, 743 MB
[runlim] sample:		679.61 time, 680.02 real, 751 MB
[runlim] sample:		689.61 time, 690.02 real, 758 MB
[runlim] sample:		699.62 time, 700.02 real, 766 MB
[runlim] sample:		709.61 time, 710.02 real, 774 MB
[runlim] sample:		719.60 time, 720.02 real, 784 MB
[runlim] sample:		729.61 time, 730.02 real, 792 MB
[runlim] sample:		739.61 time, 740.02 real, 802 MB
[runlim] sample:		749.61 time, 750.02 real, 810 MB
[runlim] sample:		759.61 time, 760.02 real, 819 MB
[runlim] sample:		769.61 time, 770.02 real, 827 MB
[runlim] sample:		779.61 time, 780.02 real, 835 MB
[runlim] sample:		789.61 time, 790.02 real, 844 MB
[runlim] sample:		799.61 time, 800.02 real, 853 MB
[runlim] sample:		809.61 time, 810.02 real, 861 MB
[runlim] sample:		819.60 time, 820.02 real, 870 MB
[runlim] sample:		829.61 time, 830.02 real, 878 MB
[runlim] sample:		839.60 time, 840.02 real, 885 MB
[runlim] sample:		849.60 time, 850.02 real, 893 MB
[runlim] sample:		859.60 time, 860.02 real, 901 MB
[runlim] sample:		869.61 time, 870.02 real, 909 MB
[runlim] sample:		879.60 time, 880.02 real, 918 MB
[runlim] sample:		889.61 time, 890.02 real, 926 MB
[runlim] sample:		899.60 time, 900.02 real, 933 MB
[runlim] sample:		909.61 time, 910.02 real, 940 MB
[runlim] sample:		919.61 time, 920.02 real, 948 MB
[runlim] sample:		929.60 time, 930.02 real, 956 MB
[runlim] sample:		939.60 time, 940.02 real, 965 MB
[runlim] sample:		949.61 time, 950.02 real, 973 MB
[runlim] sample:		959.61 time, 960.02 real, 981 MB
[runlim] sample:		969.60 time, 970.02 real, 988 MB
[runlim] sample:		979.60 time, 980.02 real, 997 MB
[runlim] sample:		989.60 time, 990.02 real, 1004 MB
[runlim] sample:		999.60 time, 1000.02 real, 1013 MB
[runlim] sample:		1009.60 time, 1010.02 real, 1022 MB
[runlim] sample:		1019.60 time, 1020.02 real, 1029 MB
[runlim] sample:		1029.60 time, 1030.02 real, 1036 MB
[runlim] sample:		1039.60 time, 1040.02 real, 1044 MB
[runlim] sample:		1049.60 time, 1050.02 real, 1050 MB
[runlim] sample:		1059.60 time, 1060.02 real, 1058 MB
[runlim] sample:		1069.60 time, 1070.02 real, 1065 MB
[runlim] sample:		1079.60 time, 1080.02 real, 1073 MB
[runlim] sample:		1089.60 time, 1090.02 real, 1081 MB
[runlim] sample:		1099.60 time, 1100.02 real, 1090 MB
[runlim] sample:		1109.60 time, 1110.02 real, 1100 MB
[runlim] sample:		1119.59 time, 1120.02 real, 1108 MB
[runlim] sample:		1129.59 time, 1130.02 real, 1115 MB
[runlim] sample:		1139.59 time, 1140.02 real, 1122 MB
[runlim] sample:		1149.60 time, 1150.02 real, 1131 MB
[runlim] sample:		1159.60 time, 1160.02 real, 1140 MB
[runlim] sample:		1169.59 time, 1170.02 real, 1149 MB
[runlim] sample:		1179.59 time, 1180.02 real, 1156 MB
[runlim] sample:		1189.59 time, 1190.02 real, 1163 MB
[runlim] sample:		1199.59 time, 1200.02 real, 1170 MB
[runlim] sample:		1209.59 time, 1210.02 real, 1177 MB
[runlim] sample:		1219.59 time, 1220.02 real, 1184 MB
[runlim] sample:		1229.59 time, 1230.02 real, 1192 MB
[runlim] sample:		1239.60 time, 1240.02 real, 1201 MB
[runlim] sample:		1249.59 time, 1250.02 real, 1209 MB
[runlim] sample:		1259.60 time, 1260.02 real, 1217 MB
[runlim] sample:		1269.59 time, 1270.02 real, 1225 MB
[runlim] sample:		1279.59 time, 1280.02 real, 1232 MB
[runlim] sample:		1289.59 time, 1290.02 real, 1239 MB
[runlim] sample:		1299.59 time, 1300.02 real, 1245 MB
[runlim] sample:		1309.59 time, 1310.02 real, 1252 MB
[runlim] sample:		1319.59 time, 1320.02 real, 1262 MB
[runlim] sample:		1329.59 time, 1330.02 real, 1270 MB
[runlim] sample:		1339.59 time, 1340.02 real, 1277 MB
[runlim] sample:		1349.59 time, 1350.02 real, 1285 MB
[runlim] sample:		1359.58 time, 1360.02 real, 1293 MB
[runlim] sample:		1369.59 time, 1370.02 real, 1300 MB
[runlim] sample:		1379.59 time, 1380.02 real, 1309 MB
[runlim] sample:		1389.59 time, 1390.02 real, 1318 MB
[runlim] sample:		1399.59 time, 1400.02 real, 1325 MB
[runlim] sample:		1409.60 time, 1410.02 real, 1333 MB
[runlim] sample:		1419.59 time, 1420.02 real, 1341 MB
[runlim] sample:		1429.58 time, 1430.02 real, 1347 MB
[runlim] sample:		1439.59 time, 1440.02 real, 1354 MB
[runlim] sample:		1449.59 time, 1450.02 real, 1360 MB
[runlim] sample:		1459.59 time, 1460.02 real, 1365 MB
[runlim] sample:		1469.59 time, 1470.02 real, 1371 MB
[runlim] sample:		1479.58 time, 1480.02 real, 1379 MB
[runlim] sample:		1489.59 time, 1490.02 real, 1387 MB
[runlim] sample:		1499.58 time, 1500.02 real, 1395 MB
[runlim] sample:		1509.59 time, 1510.02 real, 1401 MB
[runlim] sample:		1519.58 time, 1520.02 real, 1407 MB
[runlim] sample:		1529.59 time, 1530.02 real, 1415 MB
[runlim] sample:		1539.59 time, 1540.02 real, 1421 MB
[runlim] sample:		1549.58 time, 1550.02 real, 1429 MB
[runlim] sample:		1559.59 time, 1560.02 real, 1436 MB
[runlim] sample:		1569.58 time, 1570.02 real, 1443 MB
[runlim] sample:		1579.58 time, 1580.02 real, 1450 MB
[runlim] sample:		1589.59 time, 1590.02 real, 1458 MB
[runlim] sample:		1599.59 time, 1600.02 real, 1464 MB
[runlim] sample:		1609.58 time, 1610.02 real, 1470 MB
[runlim] sample:		1619.58 time, 1620.02 real, 1478 MB
[runlim] sample:		1629.59 time, 1630.02 real, 1485 MB
[runlim] sample:		1639.59 time, 1640.02 real, 1490 MB
[runlim] sample:		1649.59 time, 1650.02 real, 1496 MB
[runlim] sample:		1659.58 time, 1660.02 real, 1502 MB
[runlim] sample:		1669.58 time, 1670.02 real, 1509 MB
[runlim] sample:		1679.58 time, 1680.02 real, 1515 MB
[runlim] sample:		1689.58 time, 1690.02 real, 1522 MB
[runlim] sample:		1699.58 time, 1700.02 real, 1528 MB
[runlim] sample:		1709.58 time, 1710.02 real, 1535 MB
[runlim] sample:		1719.58 time, 1720.02 real, 1541 MB
[runlim] sample:		1729.58 time, 1730.02 real, 1547 MB
[runlim] sample:		1739.57 time, 1740.02 real, 1554 MB
[runlim] sample:		1749.58 time, 1750.02 real, 1561 MB
[runlim] sample:		1759.59 time, 1760.02 real, 1568 MB
[runlim] sample:		1769.58 time, 1770.02 real, 1575 MB
[runlim] sample:		1779.58 time, 1780.02 real, 1582 MB
[runlim] sample:		1789.58 time, 1790.02 real, 1588 MB
[runlim] sample:		1799.58 time, 1800.02 real, 1595 MB
[runlim] sample:		1809.57 time, 1810.02 real, 1603 MB
[runlim] sample:		1819.58 time, 1820.02 real, 1608 MB
[runlim] sample:		1829.58 time, 1830.02 real, 1615 MB
[runlim] sample:		1839.58 time, 1840.02 real, 1621 MB
[runlim] sample:		1849.58 time, 1850.02 real, 1627 MB
[runlim] sample:		1859.57 time, 1860.02 real, 1633 MB
[runlim] sample:		1869.58 time, 1870.02 real, 1639 MB
[runlim] sample:		1879.57 time, 1880.02 real, 1645 MB
[runlim] sample:		1889.57 time, 1890.02 real, 1651 MB
[runlim] sample:		1899.58 time, 1900.02 real, 1657 MB
[runlim] sample:		1909.58 time, 1910.02 real, 1665 MB
[runlim] sample:		1919.57 time, 1920.02 real, 1672 MB
[runlim] sample:		1929.58 time, 1930.02 real, 1678 MB
[runlim] sample:		1939.58 time, 1940.02 real, 1684 MB
[runlim] sample:		1949.58 time, 1950.02 real, 1690 MB
[runlim] sample:		1959.58 time, 1960.02 real, 1697 MB
[runlim] sample:		1969.57 time, 1970.02 real, 1704 MB
[runlim] sample:		1979.58 time, 1980.02 real, 1710 MB
[runlim] sample:		1989.57 time, 1990.02 real, 1717 MB
[runlim] sample:		1999.58 time, 2000.02 real, 1724 MB
[runlim] sample:		2009.57 time, 2010.02 real, 1732 MB
[runlim] sample:		2019.57 time, 2020.02 real, 1740 MB
[runlim] sample:		2029.58 time, 2030.02 real, 1746 MB
[runlim] sample:		2039.58 time, 2040.02 real, 1752 MB
[runlim] sample:		2049.57 time, 2050.02 real, 1758 MB
[runlim] sample:		2059.58 time, 2060.02 real, 1765 MB
[runlim] sample:		2069.57 time, 2070.02 real, 1771 MB
[runlim] sample:		2079.57 time, 2080.02 real, 1777 MB
[runlim] sample:		2089.57 time, 2090.02 real, 1782 MB
[runlim] sample:		2099.57 time, 2100.02 real, 1787 MB
[runlim] sample:		2109.57 time, 2110.02 real, 1793 MB
[runlim] sample:		2119.58 time, 2120.02 real, 1801 MB
[runlim] sample:		2129.58 time, 2130.02 real, 1807 MB
[runlim] sample:		2139.57 time, 2140.02 real, 1813 MB
[runlim] sample:		2149.57 time, 2150.02 real, 1818 MB
[runlim] sample:		2159.57 time, 2160.02 real, 1825 MB
[runlim] sample:		2169.56 time, 2170.02 real, 1831 MB
[runlim] sample:		2179.57 time, 2180.02 real, 1837 MB
[runlim] sample:		2189.57 time, 2190.02 real, 1844 MB
[runlim] sample:		2199.57 time, 2200.02 real, 1850 MB
[runlim] sample:		2209.56 time, 2210.02 real, 1855 MB
[runlim] sample:		2219.57 time, 2220.02 real, 1862 MB
[runlim] sample:		2229.57 time, 2230.02 real, 1867 MB
[runlim] sample:		2239.57 time, 2240.02 real, 1873 MB
[runlim] sample:		2249.57 time, 2250.02 real, 1879 MB
[runlim] sample:		2259.57 time, 2260.02 real, 1885 MB
[runlim] sample:		2269.57 time, 2270.02 real, 1891 MB
[runlim] sample:		2279.57 time, 2280.02 real, 1896 MB
[runlim] sample:		2289.56 time, 2290.02 real, 1902 MB
[runlim] sample:		2299.57 time, 2300.02 real, 1906 MB
[runlim] sample:		2309.56 time, 2310.02 real, 1912 MB
[runlim] sample:		2319.57 time, 2320.02 real, 1918 MB
[runlim] sample:		2329.56 time, 2330.02 real, 1924 MB
[runlim] sample:		2339.57 time, 2340.02 real, 1930 MB
[runlim] sample:		2349.56 time, 2350.02 real, 1936 MB
[runlim] sample:		2359.57 time, 2360.02 real, 1943 MB
[runlim] sample:		2369.56 time, 2370.02 real, 1950 MB
[runlim] sample:		2379.56 time, 2380.02 real, 1955 MB
[runlim] sample:		2389.56 time, 2390.02 real, 1962 MB
[runlim] sample:		2399.57 time, 2400.02 real, 1967 MB
[runlim] sample:		2409.56 time, 2410.02 real, 1972 MB
[runlim] sample:		2419.57 time, 2420.02 real, 1977 MB
[runlim] sample:		2429.56 time, 2430.02 real, 1981 MB
[runlim] sample:		2439.57 time, 2440.02 real, 1987 MB
[runlim] sample:		2449.56 time, 2450.02 real, 1993 MB
[runlim] sample:		2459.56 time, 2460.02 real, 2000 MB
[runlim] sample:		2469.56 time, 2470.02 real, 2007 MB
[runlim] sample:		2479.56 time, 2480.02 real, 2014 MB
[runlim] sample:		2489.56 time, 2490.02 real, 2021 MB
[runlim] sample:		2499.56 time, 2500.02 real, 2027 MB
[runlim] sample:		2509.56 time, 2510.02 real, 2033 MB
[runlim] sample:		2519.56 time, 2520.02 real, 2042 MB
[runlim] sample:		2529.56 time, 2530.02 real, 2049 MB
[runlim] sample:		2539.56 time, 2540.02 real, 2056 MB
[runlim] sample:		2549.57 time, 2550.02 real, 2063 MB
[runlim] sample:		2559.56 time, 2560.02 real, 2069 MB
[runlim] sample:		2569.56 time, 2570.02 real, 2074 MB
[runlim] sample:		2579.57 time, 2580.02 real, 2080 MB
[runlim] sample:		2589.56 time, 2590.02 real, 2086 MB
[runlim] sample:		2599.56 time, 2600.02 real, 2091 MB
[runlim] sample:		2609.56 time, 2610.02 real, 2095 MB
[runlim] sample:		2619.57 time, 2620.02 real, 2100 MB
[runlim] sample:		2629.56 time, 2630.02 real, 2105 MB
[runlim] sample:		2639.56 time, 2640.02 real, 2111 MB
[runlim] sample:		2649.56 time, 2650.02 real, 2118 MB
[runlim] sample:		2659.56 time, 2660.02 real, 2124 MB
[runlim] sample:		2669.56 time, 2670.02 real, 2130 MB
[runlim] sample:		2679.56 time, 2680.02 real, 2134 MB
[runlim] sample:		2689.56 time, 2690.02 real, 2139 MB
[runlim] sample:		2699.56 time, 2700.02 real, 2145 MB
[runlim] end:			Thu Feb 27 09:44:12 2020
[runlim] status:		out of time
[runlim] result:		2
[runlim] children:		1
[runlim] real:			2700.14 seconds
[runlim] time:			2699.56 seconds
[runlim] space:			2145 MB
[runlim] samples:		27000
