[runlim] version:		1.18
[runlim] host:			c3n14
[runlim] time limit:		2700 seconds
[runlim] real time limit:	2700 seconds
[runlim] space limit:		7000 MB
[runlim] argv[0]:		./binary
[runlim] argv[1]:		/data/cnf/ankit/RSet1/stmt1_629_630.dqbf
[runlim] start:			Thu Feb 27 08:59:13 2020
[runlim] child:			9210
[runlim] sample:		10.00 time, 10.02 real, 23 MB
[runlim] sample:		20.00 time, 20.02 real, 35 MB
[runlim] sample:		30.00 time, 30.02 real, 47 MB
[runlim] sample:		40.00 time, 40.02 real, 58 MB
[runlim] sample:		50.00 time, 50.02 real, 69 MB
[runlim] sample:		59.99 time, 60.02 real, 79 MB
[runlim] sample:		70.00 time, 70.02 real, 89 MB
[runlim] sample:		80.00 time, 80.02 real, 100 MB
[runlim] sample:		90.00 time, 90.02 real, 109 MB
[runlim] sample:		100.00 time, 100.02 real, 120 MB
[runlim] sample:		110.00 time, 110.02 real, 130 MB
[runlim] sample:		120.00 time, 120.02 real, 139 MB
[runlim] sample:		130.00 time, 130.02 real, 147 MB
[runlim] sample:		140.00 time, 140.02 real, 156 MB
[runlim] sample:		150.01 time, 150.02 real, 165 MB
[runlim] sample:		160.00 time, 160.02 real, 172 MB
[runlim] sample:		170.00 time, 170.02 real, 181 MB
[runlim] sample:		180.00 time, 180.02 real, 189 MB
[runlim] sample:		190.00 time, 190.02 real, 199 MB
[runlim] sample:		200.00 time, 200.02 real, 206 MB
[runlim] sample:		210.00 time, 210.02 real, 212 MB
[runlim] sample:		220.00 time, 220.02 real, 219 MB
[runlim] sample:		230.00 time, 230.02 real, 227 MB
[runlim] sample:		240.00 time, 240.02 real, 235 MB
[runlim] sample:		250.00 time, 250.02 real, 242 MB
[runlim] sample:		260.00 time, 260.02 real, 250 MB
[runlim] sample:		270.00 time, 270.02 real, 257 MB
[runlim] sample:		280.00 time, 280.02 real, 265 MB
[runlim] sample:		290.00 time, 290.02 real, 274 MB
[runlim] sample:		300.00 time, 300.02 real, 281 MB
[runlim] sample:		310.00 time, 310.02 real, 288 MB
[runlim] sample:		320.00 time, 320.02 real, 296 MB
[runlim] sample:		330.00 time, 330.02 real, 303 MB
[runlim] sample:		340.00 time, 340.02 real, 310 MB
[runlim] sample:		350.00 time, 350.02 real, 317 MB
[runlim] sample:		360.00 time, 360.02 real, 325 MB
[runlim] sample:		370.00 time, 370.02 real, 332 MB
[runlim] sample:		380.00 time, 380.02 real, 338 MB
[runlim] sample:		390.00 time, 390.02 real, 343 MB
[runlim] sample:		400.00 time, 400.02 real, 351 MB
[runlim] sample:		410.00 time, 410.02 real, 357 MB
[runlim] sample:		420.00 time, 420.02 real, 363 MB
[runlim] sample:		430.00 time, 430.02 real, 370 MB
[runlim] sample:		440.00 time, 440.02 real, 376 MB
[runlim] sample:		450.00 time, 450.02 real, 381 MB
[runlim] sample:		460.00 time, 460.02 real, 387 MB
[runlim] sample:		470.00 time, 470.02 real, 395 MB
[runlim] sample:		479.99 time, 480.02 real, 399 MB
[runlim] sample:		490.00 time, 490.02 real, 405 MB
[runlim] sample:		500.00 time, 500.02 real, 412 MB
[runlim] sample:		509.99 time, 510.02 real, 417 MB
[runlim] sample:		520.00 time, 520.02 real, 422 MB
[runlim] sample:		530.00 time, 530.02 real, 426 MB
[runlim] sample:		540.00 time, 540.02 real, 434 MB
[runlim] sample:		550.00 time, 550.02 real, 439 MB
[runlim] sample:		560.00 time, 560.02 real, 444 MB
[runlim] sample:		570.00 time, 570.02 real, 449 MB
[runlim] sample:		579.99 time, 580.02 real, 453 MB
[runlim] sample:		589.99 time, 590.02 real, 456 MB
[runlim] sample:		600.00 time, 600.02 real, 459 MB
[runlim] sample:		609.99 time, 610.02 real, 462 MB
[runlim] sample:		620.00 time, 620.02 real, 466 MB
[runlim] sample:		630.00 time, 630.02 real, 473 MB
[runlim] sample:		639.99 time, 640.02 real, 480 MB
[runlim] sample:		650.00 time, 650.02 real, 485 MB
[runlim] sample:		660.00 time, 660.02 real, 493 MB
[runlim] sample:		669.99 time, 670.02 real, 498 MB
[runlim] sample:		680.00 time, 680.02 real, 502 MB
[runlim] sample:		690.00 time, 690.02 real, 506 MB
[runlim] sample:		699.99 time, 700.02 real, 512 MB
[runlim] sample:		710.00 time, 710.02 real, 517 MB
[runlim] sample:		719.99 time, 720.02 real, 524 MB
[runlim] sample:		730.00 time, 730.02 real, 530 MB
[runlim] sample:		740.00 time, 740.02 real, 535 MB
[runlim] sample:		749.99 time, 750.02 real, 539 MB
[runlim] sample:		759.99 time, 760.02 real, 545 MB
[runlim] sample:		769.99 time, 770.02 real, 551 MB
[runlim] sample:		780.00 time, 780.02 real, 555 MB
[runlim] sample:		789.99 time, 790.02 real, 560 MB
[runlim] sample:		799.99 time, 800.02 real, 566 MB
[runlim] sample:		809.99 time, 810.02 real, 572 MB
[runlim] sample:		820.00 time, 820.02 real, 578 MB
[runlim] sample:		830.00 time, 830.02 real, 583 MB
[runlim] sample:		840.00 time, 840.02 real, 588 MB
[runlim] sample:		850.00 time, 850.02 real, 592 MB
[runlim] sample:		859.99 time, 860.02 real, 597 MB
[runlim] sample:		870.00 time, 870.02 real, 601 MB
[runlim] sample:		879.99 time, 880.02 real, 605 MB
[runlim] sample:		889.99 time, 890.02 real, 610 MB
[runlim] sample:		900.00 time, 900.02 real, 614 MB
[runlim] sample:		909.99 time, 910.02 real, 617 MB
[runlim] sample:		919.99 time, 920.02 real, 621 MB
[runlim] sample:		929.99 time, 930.02 real, 623 MB
[runlim] sample:		939.99 time, 940.02 real, 626 MB
[runlim] sample:		949.99 time, 950.02 real, 629 MB
[runlim] sample:		960.00 time, 960.02 real, 631 MB
[runlim] sample:		969.99 time, 970.02 real, 634 MB
[runlim] sample:		979.99 time, 980.02 real, 636 MB
[runlim] sample:		989.99 time, 990.02 real, 639 MB
[runlim] sample:		999.99 time, 1000.02 real, 643 MB
[runlim] sample:		1009.99 time, 1010.02 real, 648 MB
[runlim] sample:		1019.99 time, 1020.02 real, 654 MB
[runlim] sample:		1029.99 time, 1030.02 real, 659 MB
[runlim] sample:		1040.00 time, 1040.02 real, 663 MB
[runlim] sample:		1049.99 time, 1050.02 real, 667 MB
[runlim] sample:		1059.99 time, 1060.02 real, 671 MB
[runlim] sample:		1069.99 time, 1070.02 real, 675 MB
[runlim] sample:		1079.99 time, 1080.02 real, 680 MB
[runlim] sample:		1090.00 time, 1090.02 real, 683 MB
[runlim] sample:		1099.99 time, 1100.02 real, 689 MB
[runlim] sample:		1109.99 time, 1110.02 real, 693 MB
[runlim] sample:		1119.99 time, 1120.02 real, 697 MB
[runlim] sample:		1129.99 time, 1130.02 real, 701 MB
[runlim] sample:		1139.99 time, 1140.02 real, 705 MB
[runlim] sample:		1149.99 time, 1150.02 real, 709 MB
[runlim] sample:		1159.99 time, 1160.02 real, 713 MB
[runlim] sample:		1169.99 time, 1170.02 real, 716 MB
[runlim] sample:		1179.99 time, 1180.02 real, 718 MB
[runlim] sample:		1189.99 time, 1190.02 real, 721 MB
[runlim] sample:		1199.99 time, 1200.02 real, 725 MB
[runlim] sample:		1209.99 time, 1210.02 real, 729 MB
[runlim] sample:		1219.99 time, 1220.02 real, 735 MB
[runlim] sample:		1229.99 time, 1230.02 real, 740 MB
[runlim] sample:		1239.99 time, 1240.02 real, 744 MB
[runlim] sample:		1249.99 time, 1250.02 real, 748 MB
[runlim] sample:		1259.99 time, 1260.02 real, 753 MB
[runlim] sample:		1269.99 time, 1270.02 real, 757 MB
[runlim] sample:		1279.99 time, 1280.02 real, 763 MB
[runlim] sample:		1289.99 time, 1290.02 real, 769 MB
[runlim] sample:		1299.98 time, 1300.02 real, 773 MB
[runlim] sample:		1309.99 time, 1310.02 real, 775 MB
[runlim] sample:		1319.99 time, 1320.02 real, 779 MB
[runlim] sample:		1329.99 time, 1330.02 real, 782 MB
[runlim] sample:		1339.99 time, 1340.02 real, 787 MB
[runlim] sample:		1349.99 time, 1350.02 real, 792 MB
[runlim] sample:		1359.99 time, 1360.02 real, 795 MB
[runlim] sample:		1369.99 time, 1370.02 real, 799 MB
[runlim] sample:		1379.99 time, 1380.02 real, 803 MB
[runlim] sample:		1389.99 time, 1390.02 real, 807 MB
[runlim] sample:		1399.98 time, 1400.02 real, 812 MB
[runlim] sample:		1409.98 time, 1410.02 real, 816 MB
[runlim] sample:		1419.99 time, 1420.02 real, 820 MB
[runlim] sample:		1429.99 time, 1430.02 real, 823 MB
[runlim] sample:		1439.99 time, 1440.02 real, 825 MB
[runlim] sample:		1449.99 time, 1450.02 real, 828 MB
[runlim] sample:		1459.99 time, 1460.02 real, 830 MB
[runlim] sample:		1469.98 time, 1470.02 real, 832 MB
[runlim] sample:		1479.98 time, 1480.02 real, 834 MB
[runlim] sample:		1489.99 time, 1490.02 real, 836 MB
[runlim] sample:		1499.98 time, 1500.02 real, 839 MB
[runlim] sample:		1509.99 time, 1510.02 real, 841 MB
[runlim] sample:		1519.99 time, 1520.02 real, 843 MB
[runlim] sample:		1529.98 time, 1530.02 real, 848 MB
[runlim] sample:		1539.99 time, 1540.02 real, 851 MB
[runlim] sample:		1549.99 time, 1550.02 real, 857 MB
[runlim] sample:		1559.99 time, 1560.02 real, 861 MB
[runlim] sample:		1569.99 time, 1570.02 real, 864 MB
[runlim] sample:		1579.98 time, 1580.02 real, 867 MB
[runlim] sample:		1589.99 time, 1590.02 real, 869 MB
[runlim] sample:		1599.99 time, 1600.02 real, 872 MB
[runlim] sample:		1609.98 time, 1610.02 real, 875 MB
[runlim] sample:		1619.98 time, 1620.02 real, 878 MB
[runlim] sample:		1629.98 time, 1630.02 real, 882 MB
[runlim] sample:		1639.98 time, 1640.02 real, 886 MB
[runlim] sample:		1649.98 time, 1650.02 real, 890 MB
[runlim] sample:		1659.98 time, 1660.02 real, 893 MB
[runlim] sample:		1669.98 time, 1670.02 real, 896 MB
[runlim] sample:		1679.98 time, 1680.02 real, 900 MB
[runlim] sample:		1689.98 time, 1690.02 real, 904 MB
[runlim] sample:		1699.98 time, 1700.02 real, 908 MB
[runlim] sample:		1709.99 time, 1710.02 real, 912 MB
[runlim] sample:		1719.99 time, 1720.02 real, 917 MB
[runlim] sample:		1729.98 time, 1730.02 real, 920 MB
[runlim] sample:		1739.99 time, 1740.02 real, 923 MB
[runlim] sample:		1749.99 time, 1750.02 real, 926 MB
[runlim] sample:		1759.99 time, 1760.02 real, 930 MB
[runlim] sample:		1769.98 time, 1770.02 real, 933 MB
[runlim] sample:		1779.98 time, 1780.02 real, 938 MB
[runlim] sample:		1789.99 time, 1790.02 real, 942 MB
[runlim] sample:		1799.98 time, 1800.02 real, 945 MB
[runlim] sample:		1809.98 time, 1810.02 real, 948 MB
[runlim] sample:		1819.98 time, 1820.02 real, 951 MB
[runlim] sample:		1829.98 time, 1830.02 real, 954 MB
[runlim] sample:		1839.99 time, 1840.02 real, 957 MB
[runlim] sample:		1849.98 time, 1850.02 real, 959 MB
[runlim] sample:		1859.98 time, 1860.02 real, 963 MB
[runlim] sample:		1869.98 time, 1870.02 real, 967 MB
[runlim] sample:		1879.98 time, 1880.02 real, 970 MB
[runlim] sample:		1889.98 time, 1890.02 real, 973 MB
[runlim] sample:		1899.98 time, 1900.02 real, 978 MB
[runlim] sample:		1909.98 time, 1910.02 real, 982 MB
[runlim] sample:		1919.98 time, 1920.02 real, 985 MB
[runlim] sample:		1929.98 time, 1930.02 real, 988 MB
[runlim] sample:		1939.98 time, 1940.02 real, 992 MB
[runlim] sample:		1949.98 time, 1950.02 real, 996 MB
[runlim] sample:		1959.98 time, 1960.02 real, 1000 MB
[runlim] sample:		1969.98 time, 1970.02 real, 1005 MB
[runlim] sample:		1979.98 time, 1980.02 real, 1009 MB
[runlim] sample:		1989.98 time, 1990.02 real, 1011 MB
[runlim] sample:		1999.98 time, 2000.02 real, 1015 MB
[runlim] sample:		2009.98 time, 2010.02 real, 1018 MB
[runlim] sample:		2019.98 time, 2020.02 real, 1021 MB
[runlim] sample:		2029.98 time, 2030.02 real, 1024 MB
[runlim] sample:		2039.98 time, 2040.02 real, 1028 MB
[runlim] sample:		2049.98 time, 2050.02 real, 1030 MB
[runlim] sample:		2059.98 time, 2060.02 real, 1033 MB
[runlim] sample:		2069.98 time, 2070.02 real, 1037 MB
[runlim] sample:		2079.98 time, 2080.02 real, 1040 MB
[runlim] sample:		2089.98 time, 2090.02 real, 1043 MB
[runlim] sample:		2099.98 time, 2100.02 real, 1046 MB
[runlim] sample:		2109.98 time, 2110.02 real, 1049 MB
[runlim] sample:		2119.98 time, 2120.02 real, 1052 MB
[runlim] sample:		2129.97 time, 2130.02 real, 1055 MB
[runlim] sample:		2139.98 time, 2140.02 real, 1058 MB
[runlim] sample:		2149.98 time, 2150.02 real, 1060 MB
[runlim] sample:		2159.97 time, 2160.02 real, 1063 MB
[runlim] sample:		2169.97 time, 2170.02 real, 1066 MB
[runlim] sample:		2179.98 time, 2180.02 real, 1069 MB
[runlim] sample:		2189.98 time, 2190.02 real, 1072 MB
[runlim] sample:		2199.98 time, 2200.02 real, 1074 MB
[runlim] sample:		2209.97 time, 2210.02 real, 1079 MB
[runlim] sample:		2219.98 time, 2220.02 real, 1082 MB
[runlim] sample:		2229.97 time, 2230.02 real, 1088 MB
[runlim] sample:		2239.98 time, 2240.02 real, 1090 MB
[runlim] sample:		2249.98 time, 2250.02 real, 1093 MB
[runlim] sample:		2259.98 time, 2260.02 real, 1096 MB
[runlim] sample:		2269.97 time, 2270.02 real, 1099 MB
[runlim] sample:		2279.98 time, 2280.02 real, 1102 MB
[runlim] sample:		2289.98 time, 2290.02 real, 1105 MB
[runlim] sample:		2299.98 time, 2300.02 real, 1108 MB
[runlim] sample:		2309.97 time, 2310.02 real, 1112 MB
[runlim] sample:		2319.98 time, 2320.02 real, 1118 MB
[runlim] sample:		2329.97 time, 2330.02 real, 1121 MB
[runlim] sample:		2339.97 time, 2340.02 real, 1124 MB
[runlim] sample:		2349.97 time, 2350.02 real, 1128 MB
[runlim] sample:		2359.98 time, 2360.02 real, 1131 MB
[runlim] sample:		2369.98 time, 2370.02 real, 1134 MB
[runlim] sample:		2379.97 time, 2380.02 real, 1136 MB
[runlim] sample:		2389.98 time, 2390.02 real, 1139 MB
[runlim] sample:		2399.98 time, 2400.02 real, 1142 MB
[runlim] sample:		2409.98 time, 2410.02 real, 1145 MB
[runlim] sample:		2419.98 time, 2420.02 real, 1148 MB
[runlim] sample:		2429.98 time, 2430.02 real, 1151 MB
[runlim] sample:		2439.98 time, 2440.02 real, 1154 MB
[runlim] sample:		2449.98 time, 2450.02 real, 1158 MB
[runlim] sample:		2459.98 time, 2460.02 real, 1161 MB
[runlim] sample:		2469.98 time, 2470.02 real, 1164 MB
[runlim] sample:		2479.98 time, 2480.02 real, 1166 MB
[runlim] sample:		2489.98 time, 2490.02 real, 1169 MB
[runlim] sample:		2499.97 time, 2500.02 real, 1173 MB
[runlim] sample:		2509.97 time, 2510.02 real, 1178 MB
[runlim] sample:		2519.97 time, 2520.02 real, 1180 MB
[runlim] sample:		2529.98 time, 2530.02 real, 1183 MB
[runlim] sample:		2539.97 time, 2540.02 real, 1188 MB
[runlim] sample:		2549.98 time, 2550.02 real, 1191 MB
[runlim] sample:		2559.98 time, 2560.02 real, 1193 MB
[runlim] sample:		2569.97 time, 2570.02 real, 1196 MB
[runlim] sample:		2579.97 time, 2580.02 real, 1198 MB
[runlim] sample:		2589.97 time, 2590.02 real, 1201 MB
[runlim] sample:		2599.97 time, 2600.02 real, 1203 MB
[runlim] sample:		2609.97 time, 2610.02 real, 1205 MB
[runlim] sample:		2619.98 time, 2620.02 real, 1207 MB
[runlim] sample:		2629.97 time, 2630.02 real, 1209 MB
[runlim] sample:		2639.97 time, 2640.02 real, 1212 MB
[runlim] sample:		2649.97 time, 2650.02 real, 1216 MB
[runlim] sample:		2659.98 time, 2660.02 real, 1219 MB
[runlim] sample:		2669.97 time, 2670.02 real, 1221 MB
[runlim] sample:		2679.98 time, 2680.02 real, 1224 MB
[runlim] sample:		2689.97 time, 2690.02 real, 1230 MB
[runlim] sample:		2699.97 time, 2700.02 real, 1233 MB
[runlim] end:			Thu Feb 27 09:44:13 2020
[runlim] status:		out of time
[runlim] result:		2
[runlim] children:		1
[runlim] real:			2700.11 seconds
[runlim] time:			2699.97 seconds
[runlim] space:			1233 MB
[runlim] samples:		27000
