[runlim] version:		1.18
[runlim] host:			c3n20
[runlim] time limit:		2700 seconds
[runlim] real time limit:	2700 seconds
[runlim] space limit:		7000 MB
[runlim] argv[0]:		./binary
[runlim] argv[1]:		/data/cnf/ankit/RSet1/stmt24_765_766.dqbf
[runlim] start:			Thu Feb 27 08:59:11 2020
[runlim] child:			9290
[runlim] sample:		9.69 time, 10.02 real, 21 MB
[runlim] sample:		19.70 time, 20.02 real, 33 MB
[runlim] sample:		29.69 time, 30.02 real, 43 MB
[runlim] sample:		39.69 time, 40.02 real, 53 MB
[runlim] sample:		49.69 time, 50.02 real, 61 MB
[runlim] sample:		59.69 time, 60.02 real, 71 MB
[runlim] sample:		69.69 time, 70.02 real, 79 MB
[runlim] sample:		79.70 time, 80.02 real, 87 MB
[runlim] sample:		89.70 time, 90.02 real, 95 MB
[runlim] sample:		99.69 time, 100.02 real, 103 MB
[runlim] sample:		109.70 time, 110.02 real, 111 MB
[runlim] sample:		119.70 time, 120.02 real, 117 MB
[runlim] sample:		129.69 time, 130.02 real, 124 MB
[runlim] sample:		139.69 time, 140.02 real, 131 MB
[runlim] sample:		149.69 time, 150.02 real, 136 MB
[runlim] sample:		159.70 time, 160.02 real, 142 MB
[runlim] sample:		169.69 time, 170.02 real, 148 MB
[runlim] sample:		179.70 time, 180.02 real, 154 MB
[runlim] sample:		189.69 time, 190.02 real, 160 MB
[runlim] sample:		199.69 time, 200.02 real, 165 MB
[runlim] sample:		209.70 time, 210.02 real, 171 MB
[runlim] sample:		219.70 time, 220.02 real, 176 MB
[runlim] sample:		229.69 time, 230.02 real, 182 MB
[runlim] sample:		239.69 time, 240.02 real, 186 MB
[runlim] sample:		249.69 time, 250.02 real, 191 MB
[runlim] sample:		259.69 time, 260.02 real, 196 MB
[runlim] sample:		269.69 time, 270.02 real, 201 MB
[runlim] sample:		279.69 time, 280.02 real, 207 MB
[runlim] sample:		289.69 time, 290.02 real, 211 MB
[runlim] sample:		299.69 time, 300.02 real, 215 MB
[runlim] sample:		309.69 time, 310.02 real, 220 MB
[runlim] sample:		319.69 time, 320.02 real, 225 MB
[runlim] sample:		329.69 time, 330.02 real, 229 MB
[runlim] sample:		339.69 time, 340.02 real, 232 MB
[runlim] sample:		349.69 time, 350.02 real, 236 MB
[runlim] sample:		359.69 time, 360.02 real, 240 MB
[runlim] sample:		369.69 time, 370.02 real, 244 MB
[runlim] sample:		379.69 time, 380.02 real, 248 MB
[runlim] sample:		389.69 time, 390.02 real, 251 MB
[runlim] sample:		399.69 time, 400.02 real, 256 MB
[runlim] sample:		409.69 time, 410.02 real, 260 MB
[runlim] sample:		419.69 time, 420.02 real, 263 MB
[runlim] sample:		429.69 time, 430.02 real, 267 MB
[runlim] sample:		439.69 time, 440.02 real, 271 MB
[runlim] sample:		449.69 time, 450.02 real, 274 MB
[runlim] sample:		459.69 time, 460.02 real, 276 MB
[runlim] sample:		469.68 time, 470.02 real, 281 MB
[runlim] sample:		479.69 time, 480.02 real, 285 MB
[runlim] sample:		489.69 time, 490.02 real, 289 MB
[runlim] sample:		499.69 time, 500.02 real, 292 MB
[runlim] sample:		509.69 time, 510.02 real, 294 MB
[runlim] sample:		519.68 time, 520.02 real, 297 MB
[runlim] sample:		529.68 time, 530.02 real, 300 MB
[runlim] sample:		539.69 time, 540.02 real, 303 MB
[runlim] sample:		549.69 time, 550.02 real, 306 MB
[runlim] sample:		559.69 time, 560.02 real, 309 MB
[runlim] sample:		569.68 time, 570.02 real, 313 MB
[runlim] sample:		579.69 time, 580.02 real, 316 MB
[runlim] sample:		589.68 time, 590.02 real, 319 MB
[runlim] sample:		599.68 time, 600.02 real, 322 MB
[runlim] sample:		609.68 time, 610.02 real, 326 MB
[runlim] sample:		619.69 time, 620.02 real, 329 MB
[runlim] sample:		629.69 time, 630.02 real, 332 MB
[runlim] sample:		639.68 time, 640.02 real, 335 MB
[runlim] sample:		649.69 time, 650.02 real, 338 MB
[runlim] sample:		659.68 time, 660.02 real, 343 MB
[runlim] sample:		669.68 time, 670.02 real, 345 MB
[runlim] sample:		679.68 time, 680.02 real, 348 MB
[runlim] sample:		689.68 time, 690.02 real, 350 MB
[runlim] sample:		699.68 time, 700.02 real, 353 MB
[runlim] sample:		709.68 time, 710.02 real, 356 MB
[runlim] sample:		719.69 time, 720.02 real, 360 MB
[runlim] sample:		729.69 time, 730.02 real, 364 MB
[runlim] sample:		739.69 time, 740.02 real, 366 MB
[runlim] sample:		749.68 time, 750.02 real, 368 MB
[runlim] sample:		759.68 time, 760.02 real, 372 MB
[runlim] sample:		769.68 time, 770.02 real, 374 MB
[runlim] sample:		779.68 time, 780.02 real, 376 MB
[runlim] sample:		789.68 time, 790.02 real, 378 MB
[runlim] sample:		799.68 time, 800.02 real, 382 MB
[runlim] sample:		809.68 time, 810.02 real, 384 MB
[runlim] sample:		819.68 time, 820.02 real, 387 MB
[runlim] sample:		829.69 time, 830.02 real, 390 MB
[runlim] sample:		839.69 time, 840.02 real, 393 MB
[runlim] sample:		849.69 time, 850.02 real, 396 MB
[runlim] sample:		859.68 time, 860.02 real, 399 MB
[runlim] sample:		869.69 time, 870.02 real, 401 MB
[runlim] sample:		879.68 time, 880.02 real, 403 MB
[runlim] sample:		889.68 time, 890.02 real, 406 MB
[runlim] sample:		899.68 time, 900.02 real, 408 MB
[runlim] sample:		909.68 time, 910.02 real, 411 MB
[runlim] sample:		919.68 time, 920.02 real, 414 MB
[runlim] sample:		929.68 time, 930.02 real, 417 MB
[runlim] sample:		939.68 time, 940.02 real, 422 MB
[runlim] sample:		949.68 time, 950.02 real, 424 MB
[runlim] sample:		959.68 time, 960.02 real, 426 MB
[runlim] sample:		969.68 time, 970.02 real, 428 MB
[runlim] sample:		979.68 time, 980.02 real, 430 MB
[runlim] sample:		989.67 time, 990.02 real, 431 MB
[runlim] sample:		999.68 time, 1000.02 real, 433 MB
[runlim] sample:		1009.68 time, 1010.02 real, 435 MB
[runlim] sample:		1019.68 time, 1020.02 real, 437 MB
[runlim] sample:		1029.68 time, 1030.02 real, 439 MB
[runlim] sample:		1039.68 time, 1040.02 real, 442 MB
[runlim] sample:		1049.67 time, 1050.02 real, 444 MB
[runlim] sample:		1059.68 time, 1060.02 real, 445 MB
[runlim] sample:		1069.68 time, 1070.02 real, 447 MB
[runlim] sample:		1079.68 time, 1080.02 real, 450 MB
[runlim] sample:		1089.68 time, 1090.02 real, 452 MB
[runlim] sample:		1099.68 time, 1100.02 real, 454 MB
[runlim] sample:		1109.67 time, 1110.02 real, 457 MB
[runlim] sample:		1119.68 time, 1120.02 real, 459 MB
[runlim] sample:		1129.68 time, 1130.02 real, 461 MB
[runlim] sample:		1139.68 time, 1140.02 real, 463 MB
[runlim] sample:		1149.68 time, 1150.02 real, 466 MB
[runlim] sample:		1159.68 time, 1160.02 real, 468 MB
[runlim] sample:		1169.68 time, 1170.02 real, 471 MB
[runlim] sample:		1179.68 time, 1180.02 real, 474 MB
[runlim] sample:		1189.67 time, 1190.02 real, 475 MB
[runlim] sample:		1199.68 time, 1200.02 real, 477 MB
[runlim] sample:		1209.67 time, 1210.02 real, 479 MB
[runlim] sample:		1219.67 time, 1220.02 real, 481 MB
[runlim] sample:		1229.67 time, 1230.02 real, 485 MB
[runlim] sample:		1239.67 time, 1240.02 real, 487 MB
[runlim] sample:		1249.67 time, 1250.02 real, 490 MB
[runlim] sample:		1259.67 time, 1260.02 real, 492 MB
[runlim] sample:		1269.67 time, 1270.02 real, 494 MB
[runlim] sample:		1279.68 time, 1280.02 real, 496 MB
[runlim] sample:		1289.67 time, 1290.02 real, 498 MB
[runlim] sample:		1299.68 time, 1300.02 real, 500 MB
[runlim] sample:		1309.68 time, 1310.02 real, 501 MB
[runlim] sample:		1319.67 time, 1320.02 real, 502 MB
[runlim] sample:		1329.67 time, 1330.02 real, 504 MB
[runlim] sample:		1339.67 time, 1340.02 real, 506 MB
[runlim] sample:		1349.67 time, 1350.02 real, 508 MB
[runlim] sample:		1359.67 time, 1360.02 real, 512 MB
[runlim] sample:		1369.67 time, 1370.02 real, 516 MB
[runlim] sample:		1379.67 time, 1380.02 real, 518 MB
[runlim] sample:		1389.67 time, 1390.02 real, 520 MB
[runlim] sample:		1399.68 time, 1400.02 real, 522 MB
[runlim] sample:		1409.67 time, 1410.02 real, 525 MB
[runlim] sample:		1419.67 time, 1420.02 real, 526 MB
[runlim] sample:		1429.68 time, 1430.02 real, 527 MB
[runlim] sample:		1439.67 time, 1440.02 real, 530 MB
[runlim] sample:		1449.67 time, 1450.02 real, 531 MB
[runlim] sample:		1459.67 time, 1460.02 real, 533 MB
[runlim] sample:		1469.67 time, 1470.02 real, 535 MB
[runlim] sample:		1479.67 time, 1480.02 real, 537 MB
[runlim] sample:		1489.67 time, 1490.02 real, 539 MB
[runlim] sample:		1499.67 time, 1500.02 real, 541 MB
[runlim] sample:		1509.67 time, 1510.02 real, 544 MB
[runlim] sample:		1519.67 time, 1520.02 real, 546 MB
[runlim] sample:		1529.67 time, 1530.02 real, 549 MB
[runlim] sample:		1539.67 time, 1540.02 real, 551 MB
[runlim] sample:		1549.67 time, 1550.02 real, 553 MB
[runlim] sample:		1559.67 time, 1560.02 real, 555 MB
[runlim] sample:		1569.67 time, 1570.02 real, 556 MB
[runlim] sample:		1579.67 time, 1580.02 real, 558 MB
[runlim] sample:		1589.66 time, 1590.02 real, 560 MB
[runlim] sample:		1599.67 time, 1600.02 real, 562 MB
[runlim] sample:		1609.67 time, 1610.02 real, 563 MB
[runlim] sample:		1619.67 time, 1620.02 real, 564 MB
[runlim] sample:		1629.67 time, 1630.02 real, 566 MB
[runlim] sample:		1639.67 time, 1640.02 real, 568 MB
[runlim] sample:		1649.67 time, 1650.02 real, 571 MB
[runlim] sample:		1659.67 time, 1660.02 real, 573 MB
[runlim] sample:		1669.67 time, 1670.02 real, 574 MB
[runlim] sample:		1679.67 time, 1680.02 real, 575 MB
[runlim] sample:		1689.67 time, 1690.02 real, 578 MB
[runlim] sample:		1699.67 time, 1700.02 real, 580 MB
[runlim] sample:		1709.66 time, 1710.02 real, 581 MB
[runlim] sample:		1719.66 time, 1720.02 real, 582 MB
[runlim] sample:		1729.66 time, 1730.02 real, 583 MB
[runlim] sample:		1739.67 time, 1740.02 real, 585 MB
[runlim] sample:		1749.67 time, 1750.02 real, 587 MB
[runlim] sample:		1759.66 time, 1760.02 real, 589 MB
[runlim] sample:		1769.67 time, 1770.02 real, 591 MB
[runlim] sample:		1779.67 time, 1780.02 real, 594 MB
[runlim] sample:		1789.67 time, 1790.02 real, 594 MB
[runlim] sample:		1799.66 time, 1800.02 real, 596 MB
[runlim] sample:		1809.67 time, 1810.02 real, 598 MB
[runlim] sample:		1819.67 time, 1820.02 real, 599 MB
[runlim] sample:		1829.66 time, 1830.02 real, 602 MB
[runlim] sample:		1839.66 time, 1840.02 real, 603 MB
[runlim] sample:		1849.66 time, 1850.02 real, 605 MB
[runlim] sample:		1859.67 time, 1860.02 real, 606 MB
[runlim] sample:		1869.67 time, 1870.02 real, 608 MB
[runlim] sample:		1879.66 time, 1880.02 real, 609 MB
[runlim] sample:		1889.66 time, 1890.02 real, 610 MB
[runlim] sample:		1899.67 time, 1900.02 real, 612 MB
[runlim] sample:		1909.67 time, 1910.02 real, 613 MB
[runlim] sample:		1919.66 time, 1920.02 real, 615 MB
[runlim] sample:		1929.66 time, 1930.02 real, 618 MB
[runlim] sample:		1939.67 time, 1940.02 real, 619 MB
[runlim] sample:		1949.66 time, 1950.02 real, 620 MB
[runlim] sample:		1959.66 time, 1960.02 real, 622 MB
[runlim] sample:		1969.67 time, 1970.02 real, 623 MB
[runlim] sample:		1979.66 time, 1980.02 real, 626 MB
[runlim] sample:		1989.66 time, 1990.02 real, 627 MB
[runlim] sample:		1999.66 time, 2000.02 real, 628 MB
[runlim] sample:		2009.66 time, 2010.02 real, 631 MB
[runlim] sample:		2019.66 time, 2020.02 real, 633 MB
[runlim] sample:		2029.66 time, 2030.02 real, 636 MB
[runlim] sample:		2039.66 time, 2040.02 real, 637 MB
[runlim] sample:		2049.66 time, 2050.02 real, 639 MB
[runlim] sample:		2059.66 time, 2060.02 real, 640 MB
[runlim] sample:		2069.66 time, 2070.02 real, 641 MB
[runlim] sample:		2079.66 time, 2080.02 real, 643 MB
[runlim] sample:		2089.66 time, 2090.02 real, 645 MB
[runlim] sample:		2099.66 time, 2100.02 real, 647 MB
[runlim] sample:		2109.66 time, 2110.02 real, 648 MB
[runlim] sample:		2119.66 time, 2120.02 real, 651 MB
[runlim] sample:		2129.66 time, 2130.02 real, 655 MB
[runlim] sample:		2139.66 time, 2140.02 real, 656 MB
[runlim] sample:		2149.66 time, 2150.02 real, 657 MB
[runlim] sample:		2159.66 time, 2160.02 real, 658 MB
[runlim] sample:		2169.66 time, 2170.02 real, 659 MB
[runlim] sample:		2179.66 time, 2180.02 real, 661 MB
[runlim] sample:		2189.66 time, 2190.02 real, 662 MB
[runlim] sample:		2199.66 time, 2200.02 real, 664 MB
[runlim] sample:		2209.66 time, 2210.02 real, 666 MB
[runlim] sample:		2219.66 time, 2220.02 real, 667 MB
[runlim] sample:		2229.66 time, 2230.02 real, 668 MB
[runlim] sample:		2239.65 time, 2240.02 real, 670 MB
[runlim] sample:		2249.65 time, 2250.02 real, 671 MB
[runlim] sample:		2259.66 time, 2260.02 real, 672 MB
[runlim] sample:		2269.66 time, 2270.02 real, 674 MB
[runlim] sample:		2279.65 time, 2280.02 real, 678 MB
[runlim] sample:		2289.66 time, 2290.02 real, 679 MB
[runlim] sample:		2299.65 time, 2300.02 real, 681 MB
[runlim] sample:		2309.65 time, 2310.02 real, 683 MB
[runlim] sample:		2319.66 time, 2320.02 real, 685 MB
[runlim] sample:		2329.66 time, 2330.02 real, 687 MB
[runlim] sample:		2339.66 time, 2340.02 real, 689 MB
[runlim] sample:		2349.65 time, 2350.02 real, 691 MB
[runlim] sample:		2359.65 time, 2360.02 real, 692 MB
[runlim] sample:		2369.65 time, 2370.02 real, 694 MB
[runlim] sample:		2379.66 time, 2380.02 real, 696 MB
[runlim] sample:		2389.66 time, 2390.02 real, 698 MB
[runlim] sample:		2399.66 time, 2400.02 real, 699 MB
[runlim] sample:		2409.66 time, 2410.02 real, 700 MB
[runlim] sample:		2419.66 time, 2420.02 real, 702 MB
[runlim] sample:		2429.66 time, 2430.02 real, 703 MB
[runlim] sample:		2439.65 time, 2440.02 real, 704 MB
[runlim] sample:		2449.65 time, 2450.02 real, 704 MB
[runlim] sample:		2459.65 time, 2460.02 real, 706 MB
[runlim] sample:		2469.65 time, 2470.02 real, 707 MB
[runlim] sample:		2479.66 time, 2480.02 real, 708 MB
[runlim] sample:		2489.65 time, 2490.02 real, 710 MB
[runlim] sample:		2499.66 time, 2500.02 real, 712 MB
[runlim] sample:		2509.65 time, 2510.02 real, 714 MB
[runlim] sample:		2519.65 time, 2520.02 real, 715 MB
[runlim] sample:		2529.65 time, 2530.02 real, 716 MB
[runlim] sample:		2539.65 time, 2540.02 real, 718 MB
[runlim] sample:		2549.65 time, 2550.02 real, 719 MB
[runlim] sample:		2559.65 time, 2560.02 real, 721 MB
[runlim] sample:		2569.65 time, 2570.02 real, 722 MB
[runlim] sample:		2579.65 time, 2580.02 real, 723 MB
[runlim] sample:		2589.65 time, 2590.02 real, 725 MB
[runlim] sample:		2599.65 time, 2600.02 real, 726 MB
[runlim] sample:		2609.65 time, 2610.02 real, 727 MB
[runlim] sample:		2619.65 time, 2620.02 real, 729 MB
[runlim] sample:		2629.65 time, 2630.02 real, 730 MB
[runlim] sample:		2639.65 time, 2640.02 real, 732 MB
[runlim] sample:		2649.65 time, 2650.02 real, 733 MB
[runlim] sample:		2659.65 time, 2660.02 real, 735 MB
[runlim] sample:		2669.65 time, 2670.02 real, 736 MB
[runlim] sample:		2679.65 time, 2680.02 real, 737 MB
[runlim] sample:		2689.65 time, 2690.02 real, 738 MB
[runlim] sample:		2699.65 time, 2700.02 real, 739 MB
[runlim] end:			Thu Feb 27 09:44:11 2020
[runlim] status:		out of time
[runlim] result:		2
[runlim] children:		1
[runlim] real:			2700.14 seconds
[runlim] time:			2699.65 seconds
[runlim] space:			739 MB
[runlim] samples:		27000
