[runlim] version:		1.18
[runlim] host:			c3n15
[runlim] time limit:		2700 seconds
[runlim] real time limit:	2700 seconds
[runlim] space limit:		7000 MB
[runlim] argv[0]:		./binary
[runlim] argv[1]:		/data/cnf/ankit/RSet1/stmt19_83_412.dqbf
[runlim] start:			Thu Feb 27 08:59:12 2020
[runlim] child:			6623
[runlim] sample:		9.98 time, 10.02 real, 29 MB
[runlim] sample:		19.97 time, 20.02 real, 37 MB
[runlim] sample:		29.97 time, 30.02 real, 45 MB
[runlim] sample:		39.98 time, 40.02 real, 53 MB
[runlim] sample:		49.97 time, 50.02 real, 61 MB
[runlim] sample:		59.98 time, 60.02 real, 68 MB
[runlim] sample:		69.98 time, 70.02 real, 75 MB
[runlim] sample:		79.98 time, 80.02 real, 81 MB
[runlim] sample:		89.97 time, 90.02 real, 88 MB
[runlim] sample:		99.97 time, 100.02 real, 94 MB
[runlim] sample:		109.97 time, 110.02 real, 101 MB
[runlim] sample:		119.98 time, 120.02 real, 108 MB
[runlim] sample:		129.98 time, 130.02 real, 115 MB
[runlim] sample:		139.97 time, 140.02 real, 122 MB
[runlim] sample:		149.98 time, 150.02 real, 129 MB
[runlim] sample:		159.97 time, 160.02 real, 136 MB
[runlim] sample:		169.97 time, 170.02 real, 142 MB
[runlim] sample:		179.97 time, 180.02 real, 148 MB
[runlim] sample:		189.97 time, 190.02 real, 154 MB
[runlim] sample:		199.97 time, 200.02 real, 160 MB
[runlim] sample:		209.97 time, 210.02 real, 166 MB
[runlim] sample:		219.97 time, 220.02 real, 172 MB
[runlim] sample:		229.98 time, 230.02 real, 178 MB
[runlim] sample:		239.97 time, 240.02 real, 184 MB
[runlim] sample:		249.97 time, 250.02 real, 191 MB
[runlim] sample:		259.97 time, 260.02 real, 197 MB
[runlim] sample:		269.97 time, 270.02 real, 202 MB
[runlim] sample:		279.97 time, 280.02 real, 208 MB
[runlim] sample:		289.97 time, 290.02 real, 214 MB
[runlim] sample:		299.97 time, 300.02 real, 220 MB
[runlim] sample:		309.97 time, 310.02 real, 226 MB
[runlim] sample:		319.97 time, 320.02 real, 232 MB
[runlim] sample:		329.97 time, 330.02 real, 238 MB
[runlim] sample:		339.97 time, 340.02 real, 244 MB
[runlim] sample:		349.97 time, 350.02 real, 250 MB
[runlim] sample:		359.97 time, 360.02 real, 257 MB
[runlim] sample:		369.97 time, 370.02 real, 263 MB
[runlim] sample:		379.96 time, 380.02 real, 270 MB
[runlim] sample:		389.97 time, 390.02 real, 276 MB
[runlim] sample:		399.97 time, 400.02 real, 282 MB
[runlim] sample:		409.97 time, 410.02 real, 287 MB
[runlim] sample:		419.97 time, 420.02 real, 293 MB
[runlim] sample:		429.96 time, 430.02 real, 298 MB
[runlim] sample:		439.97 time, 440.02 real, 305 MB
[runlim] sample:		449.97 time, 450.02 real, 311 MB
[runlim] sample:		459.97 time, 460.02 real, 317 MB
[runlim] sample:		469.96 time, 470.02 real, 324 MB
[runlim] sample:		479.97 time, 480.02 real, 329 MB
[runlim] sample:		489.97 time, 490.02 real, 334 MB
[runlim] sample:		499.97 time, 500.02 real, 339 MB
[runlim] sample:		509.97 time, 510.02 real, 344 MB
[runlim] sample:		519.96 time, 520.02 real, 350 MB
[runlim] sample:		529.96 time, 530.02 real, 355 MB
[runlim] sample:		539.96 time, 540.02 real, 360 MB
[runlim] sample:		549.96 time, 550.02 real, 366 MB
[runlim] sample:		559.96 time, 560.02 real, 372 MB
[runlim] sample:		569.97 time, 570.02 real, 377 MB
[runlim] sample:		579.97 time, 580.02 real, 382 MB
[runlim] sample:		589.97 time, 590.02 real, 388 MB
[runlim] sample:		599.96 time, 600.02 real, 393 MB
[runlim] sample:		609.96 time, 610.02 real, 398 MB
[runlim] sample:		619.96 time, 620.02 real, 403 MB
[runlim] sample:		629.97 time, 630.02 real, 408 MB
[runlim] sample:		639.96 time, 640.02 real, 412 MB
[runlim] sample:		649.96 time, 650.02 real, 417 MB
[runlim] sample:		659.96 time, 660.02 real, 423 MB
[runlim] sample:		669.96 time, 670.02 real, 428 MB
[runlim] sample:		679.96 time, 680.02 real, 434 MB
[runlim] sample:		689.96 time, 690.02 real, 439 MB
[runlim] sample:		699.96 time, 700.02 real, 444 MB
[runlim] sample:		709.96 time, 710.02 real, 450 MB
[runlim] sample:		719.96 time, 720.02 real, 455 MB
[runlim] sample:		729.96 time, 730.02 real, 459 MB
[runlim] sample:		739.96 time, 740.02 real, 464 MB
[runlim] sample:		749.96 time, 750.02 real, 469 MB
[runlim] sample:		759.96 time, 760.02 real, 474 MB
[runlim] sample:		769.96 time, 770.02 real, 479 MB
[runlim] sample:		779.96 time, 780.02 real, 484 MB
[runlim] sample:		789.95 time, 790.02 real, 489 MB
[runlim] sample:		799.96 time, 800.02 real, 494 MB
[runlim] sample:		809.96 time, 810.02 real, 499 MB
[runlim] sample:		819.96 time, 820.02 real, 504 MB
[runlim] sample:		829.96 time, 830.02 real, 508 MB
[runlim] sample:		839.96 time, 840.02 real, 513 MB
[runlim] sample:		849.96 time, 850.02 real, 519 MB
[runlim] sample:		859.95 time, 860.02 real, 524 MB
[runlim] sample:		869.96 time, 870.02 real, 529 MB
[runlim] sample:		879.95 time, 880.02 real, 534 MB
[runlim] sample:		889.95 time, 890.02 real, 539 MB
[runlim] sample:		899.96 time, 900.02 real, 545 MB
[runlim] sample:		909.96 time, 910.02 real, 550 MB
[runlim] sample:		919.95 time, 920.02 real, 555 MB
[runlim] sample:		929.96 time, 930.02 real, 559 MB
[runlim] sample:		939.95 time, 940.02 real, 565 MB
[runlim] sample:		949.96 time, 950.02 real, 570 MB
[runlim] sample:		959.96 time, 960.02 real, 574 MB
[runlim] sample:		969.96 time, 970.02 real, 579 MB
[runlim] sample:		979.95 time, 980.02 real, 584 MB
[runlim] sample:		989.95 time, 990.02 real, 589 MB
[runlim] sample:		999.95 time, 1000.02 real, 595 MB
[runlim] sample:		1009.96 time, 1010.02 real, 601 MB
[runlim] sample:		1019.95 time, 1020.02 real, 606 MB
[runlim] sample:		1029.96 time, 1030.02 real, 612 MB
[runlim] sample:		1039.95 time, 1040.02 real, 617 MB
[runlim] sample:		1049.95 time, 1050.02 real, 621 MB
[runlim] sample:		1059.95 time, 1060.02 real, 626 MB
[runlim] sample:		1069.96 time, 1070.02 real, 630 MB
[runlim] sample:		1079.95 time, 1080.02 real, 636 MB
[runlim] sample:		1089.95 time, 1090.02 real, 640 MB
[runlim] sample:		1099.95 time, 1100.02 real, 645 MB
[runlim] sample:		1109.95 time, 1110.02 real, 650 MB
[runlim] sample:		1119.96 time, 1120.02 real, 654 MB
[runlim] sample:		1129.95 time, 1130.02 real, 659 MB
[runlim] sample:		1139.95 time, 1140.02 real, 664 MB
[runlim] sample:		1149.95 time, 1150.02 real, 669 MB
[runlim] sample:		1159.95 time, 1160.02 real, 673 MB
[runlim] sample:		1169.95 time, 1170.02 real, 678 MB
[runlim] sample:		1179.95 time, 1180.02 real, 684 MB
[runlim] sample:		1189.95 time, 1190.02 real, 689 MB
[runlim] sample:		1199.95 time, 1200.02 real, 694 MB
[runlim] sample:		1209.95 time, 1210.02 real, 698 MB
[runlim] sample:		1219.95 time, 1220.02 real, 702 MB
[runlim] sample:		1229.95 time, 1230.02 real, 707 MB
[runlim] sample:		1239.95 time, 1240.02 real, 711 MB
[runlim] sample:		1249.95 time, 1250.02 real, 717 MB
[runlim] sample:		1259.95 time, 1260.02 real, 721 MB
[runlim] sample:		1269.95 time, 1270.02 real, 726 MB
[runlim] sample:		1279.95 time, 1280.02 real, 730 MB
[runlim] sample:		1289.95 time, 1290.02 real, 734 MB
[runlim] sample:		1299.95 time, 1300.02 real, 739 MB
[runlim] sample:		1309.94 time, 1310.02 real, 744 MB
[runlim] sample:		1319.95 time, 1320.02 real, 749 MB
[runlim] sample:		1329.95 time, 1330.02 real, 754 MB
[runlim] sample:		1339.95 time, 1340.02 real, 758 MB
[runlim] sample:		1349.95 time, 1350.02 real, 763 MB
[runlim] sample:		1359.94 time, 1360.02 real, 767 MB
[runlim] sample:		1369.95 time, 1370.02 real, 772 MB
[runlim] sample:		1379.94 time, 1380.02 real, 777 MB
[runlim] sample:		1389.95 time, 1390.02 real, 781 MB
[runlim] sample:		1399.95 time, 1400.02 real, 786 MB
[runlim] sample:		1409.95 time, 1410.02 real, 791 MB
[runlim] sample:		1419.95 time, 1420.02 real, 796 MB
[runlim] sample:		1429.94 time, 1430.02 real, 801 MB
[runlim] sample:		1439.95 time, 1440.02 real, 805 MB
[runlim] sample:		1449.94 time, 1450.02 real, 810 MB
[runlim] sample:		1459.95 time, 1460.02 real, 814 MB
[runlim] sample:		1469.95 time, 1470.02 real, 818 MB
[runlim] sample:		1479.94 time, 1480.02 real, 823 MB
[runlim] sample:		1489.94 time, 1490.02 real, 828 MB
[runlim] sample:		1499.94 time, 1500.02 real, 833 MB
[runlim] sample:		1509.95 time, 1510.02 real, 837 MB
[runlim] sample:		1519.95 time, 1520.02 real, 842 MB
[runlim] sample:		1529.95 time, 1530.02 real, 847 MB
[runlim] sample:		1539.94 time, 1540.02 real, 851 MB
[runlim] sample:		1549.95 time, 1550.02 real, 856 MB
[runlim] sample:		1559.94 time, 1560.02 real, 860 MB
[runlim] sample:		1569.94 time, 1570.02 real, 865 MB
[runlim] sample:		1579.95 time, 1580.02 real, 869 MB
[runlim] sample:		1589.94 time, 1590.02 real, 874 MB
[runlim] sample:		1599.94 time, 1600.02 real, 878 MB
[runlim] sample:		1609.94 time, 1610.02 real, 882 MB
[runlim] sample:		1619.94 time, 1620.02 real, 887 MB
[runlim] sample:		1629.94 time, 1630.02 real, 891 MB
[runlim] sample:		1639.94 time, 1640.02 real, 895 MB
[runlim] sample:		1649.94 time, 1650.02 real, 899 MB
[runlim] sample:		1659.94 time, 1660.02 real, 903 MB
[runlim] sample:		1669.94 time, 1670.02 real, 907 MB
[runlim] sample:		1679.94 time, 1680.02 real, 911 MB
[runlim] sample:		1689.94 time, 1690.02 real, 915 MB
[runlim] sample:		1699.94 time, 1700.02 real, 919 MB
[runlim] sample:		1709.94 time, 1710.02 real, 924 MB
[runlim] sample:		1719.94 time, 1720.02 real, 928 MB
[runlim] sample:		1729.94 time, 1730.02 real, 933 MB
[runlim] sample:		1739.93 time, 1740.02 real, 937 MB
[runlim] sample:		1749.94 time, 1750.02 real, 943 MB
[runlim] sample:		1759.94 time, 1760.02 real, 947 MB
[runlim] sample:		1769.94 time, 1770.02 real, 951 MB
[runlim] sample:		1779.94 time, 1780.02 real, 956 MB
[runlim] sample:		1789.94 time, 1790.02 real, 961 MB
[runlim] sample:		1799.94 time, 1800.02 real, 965 MB
[runlim] sample:		1809.93 time, 1810.02 real, 969 MB
[runlim] sample:		1819.93 time, 1820.02 real, 974 MB
[runlim] sample:		1829.94 time, 1830.02 real, 978 MB
[runlim] sample:		1839.94 time, 1840.02 real, 982 MB
[runlim] sample:		1849.93 time, 1850.02 real, 987 MB
[runlim] sample:		1859.93 time, 1860.02 real, 991 MB
[runlim] sample:		1869.93 time, 1870.02 real, 995 MB
[runlim] sample:		1879.93 time, 1880.02 real, 999 MB
[runlim] sample:		1889.94 time, 1890.02 real, 1003 MB
[runlim] sample:		1899.93 time, 1900.02 real, 1007 MB
[runlim] sample:		1909.94 time, 1910.02 real, 1011 MB
[runlim] sample:		1919.94 time, 1920.02 real, 1015 MB
[runlim] sample:		1929.94 time, 1930.02 real, 1019 MB
[runlim] sample:		1939.93 time, 1940.02 real, 1024 MB
[runlim] sample:		1949.94 time, 1950.02 real, 1029 MB
[runlim] sample:		1959.94 time, 1960.02 real, 1034 MB
[runlim] sample:		1969.93 time, 1970.02 real, 1039 MB
[runlim] sample:		1979.94 time, 1980.02 real, 1043 MB
[runlim] sample:		1989.94 time, 1990.02 real, 1047 MB
[runlim] sample:		1999.93 time, 2000.02 real, 1052 MB
[runlim] sample:		2009.93 time, 2010.02 real, 1056 MB
[runlim] sample:		2019.93 time, 2020.02 real, 1060 MB
[runlim] sample:		2029.93 time, 2030.02 real, 1065 MB
[runlim] sample:		2039.93 time, 2040.02 real, 1071 MB
[runlim] sample:		2049.93 time, 2050.02 real, 1075 MB
[runlim] sample:		2059.93 time, 2060.02 real, 1080 MB
[runlim] sample:		2069.94 time, 2070.02 real, 1084 MB
[runlim] sample:		2079.93 time, 2080.02 real, 1090 MB
[runlim] sample:		2089.93 time, 2090.02 real, 1094 MB
[runlim] sample:		2099.93 time, 2100.02 real, 1099 MB
[runlim] sample:		2109.93 time, 2110.02 real, 1105 MB
[runlim] sample:		2119.93 time, 2120.02 real, 1109 MB
[runlim] sample:		2129.93 time, 2130.02 real, 1114 MB
[runlim] sample:		2139.93 time, 2140.02 real, 1119 MB
[runlim] sample:		2149.93 time, 2150.02 real, 1123 MB
[runlim] sample:		2159.93 time, 2160.02 real, 1128 MB
[runlim] sample:		2169.93 time, 2170.02 real, 1133 MB
[runlim] sample:		2179.93 time, 2180.02 real, 1137 MB
[runlim] sample:		2189.92 time, 2190.02 real, 1141 MB
[runlim] sample:		2199.92 time, 2200.02 real, 1145 MB
[runlim] sample:		2209.93 time, 2210.02 real, 1150 MB
[runlim] sample:		2219.93 time, 2220.02 real, 1154 MB
[runlim] sample:		2229.93 time, 2230.02 real, 1159 MB
[runlim] sample:		2239.93 time, 2240.02 real, 1164 MB
[runlim] sample:		2249.93 time, 2250.02 real, 1168 MB
[runlim] sample:		2259.93 time, 2260.02 real, 1172 MB
[runlim] sample:		2269.92 time, 2270.02 real, 1176 MB
[runlim] sample:		2279.93 time, 2280.02 real, 1180 MB
[runlim] sample:		2289.92 time, 2290.02 real, 1184 MB
[runlim] sample:		2299.92 time, 2300.02 real, 1188 MB
[runlim] sample:		2309.93 time, 2310.02 real, 1192 MB
[runlim] sample:		2319.93 time, 2320.02 real, 1197 MB
[runlim] sample:		2329.93 time, 2330.02 real, 1201 MB
[runlim] sample:		2339.93 time, 2340.02 real, 1205 MB
[runlim] sample:		2349.92 time, 2350.02 real, 1209 MB
[runlim] sample:		2359.93 time, 2360.02 real, 1213 MB
[runlim] sample:		2369.92 time, 2370.02 real, 1217 MB
[runlim] sample:		2379.92 time, 2380.02 real, 1221 MB
[runlim] sample:		2389.93 time, 2390.02 real, 1226 MB
[runlim] sample:		2399.93 time, 2400.02 real, 1230 MB
[runlim] sample:		2409.92 time, 2410.02 real, 1234 MB
[runlim] sample:		2419.92 time, 2420.02 real, 1238 MB
[runlim] sample:		2429.92 time, 2430.02 real, 1242 MB
[runlim] sample:		2439.93 time, 2440.02 real, 1247 MB
[runlim] sample:		2449.92 time, 2450.02 real, 1251 MB
[runlim] sample:		2459.93 time, 2460.02 real, 1256 MB
[runlim] sample:		2469.92 time, 2470.02 real, 1260 MB
[runlim] sample:		2479.92 time, 2480.02 real, 1264 MB
[runlim] sample:		2489.92 time, 2490.02 real, 1269 MB
[runlim] sample:		2499.92 time, 2500.02 real, 1273 MB
[runlim] sample:		2509.92 time, 2510.02 real, 1277 MB
[runlim] sample:		2519.92 time, 2520.02 real, 1281 MB
[runlim] sample:		2529.92 time, 2530.02 real, 1285 MB
[runlim] sample:		2539.92 time, 2540.02 real, 1290 MB
[runlim] sample:		2549.92 time, 2550.02 real, 1294 MB
[runlim] sample:		2559.92 time, 2560.02 real, 1298 MB
[runlim] sample:		2569.92 time, 2570.02 real, 1304 MB
[runlim] sample:		2579.92 time, 2580.02 real, 1308 MB
[runlim] sample:		2589.92 time, 2590.02 real, 1312 MB
[runlim] sample:		2599.92 time, 2600.02 real, 1316 MB
[runlim] sample:		2609.92 time, 2610.02 real, 1321 MB
[runlim] sample:		2619.92 time, 2620.02 real, 1327 MB
[runlim] sample:		2629.92 time, 2630.02 real, 1332 MB
[runlim] sample:		2639.92 time, 2640.02 real, 1336 MB
[runlim] sample:		2649.92 time, 2650.02 real, 1341 MB
[runlim] sample:		2659.92 time, 2660.02 real, 1348 MB
[runlim] sample:		2669.92 time, 2670.02 real, 1353 MB
[runlim] sample:		2679.92 time, 2680.02 real, 1358 MB
[runlim] sample:		2689.92 time, 2690.02 real, 1363 MB
[runlim] sample:		2699.91 time, 2700.02 real, 1368 MB
[runlim] end:			Thu Feb 27 09:44:13 2020
[runlim] status:		out of time
[runlim] result:		2
[runlim] children:		1
[runlim] real:			2700.13 seconds
[runlim] time:			2699.91 seconds
[runlim] space:			1368 MB
[runlim] samples:		27000
