[runlim] version:		1.18
[runlim] host:			c3n18
[runlim] time limit:		2700 seconds
[runlim] real time limit:	2700 seconds
[runlim] space limit:		7000 MB
[runlim] argv[0]:		./binary
[runlim] argv[1]:		/data/cnf/ankit/RSet1/stmt44_554_604.dqbf
[runlim] start:			Thu Feb 27 08:59:12 2020
[runlim] child:			7208
[runlim] sample:		9.99 time, 10.02 real, 21 MB
[runlim] sample:		19.99 time, 20.02 real, 33 MB
[runlim] sample:		29.99 time, 30.02 real, 43 MB
[runlim] sample:		40.00 time, 40.02 real, 52 MB
[runlim] sample:		49.99 time, 50.02 real, 61 MB
[runlim] sample:		59.99 time, 60.02 real, 70 MB
[runlim] sample:		69.99 time, 70.02 real, 77 MB
[runlim] sample:		79.99 time, 80.02 real, 85 MB
[runlim] sample:		89.99 time, 90.02 real, 92 MB
[runlim] sample:		99.99 time, 100.02 real, 100 MB
[runlim] sample:		109.99 time, 110.02 real, 107 MB
[runlim] sample:		119.99 time, 120.02 real, 113 MB
[runlim] sample:		129.99 time, 130.02 real, 119 MB
[runlim] sample:		139.99 time, 140.02 real, 125 MB
[runlim] sample:		149.99 time, 150.02 real, 131 MB
[runlim] sample:		159.99 time, 160.02 real, 137 MB
[runlim] sample:		169.99 time, 170.02 real, 143 MB
[runlim] sample:		179.99 time, 180.02 real, 148 MB
[runlim] sample:		189.99 time, 190.02 real, 154 MB
[runlim] sample:		199.99 time, 200.02 real, 160 MB
[runlim] sample:		209.99 time, 210.02 real, 165 MB
[runlim] sample:		219.98 time, 220.02 real, 170 MB
[runlim] sample:		229.99 time, 230.02 real, 175 MB
[runlim] sample:		239.98 time, 240.02 real, 180 MB
[runlim] sample:		249.99 time, 250.02 real, 185 MB
[runlim] sample:		259.98 time, 260.02 real, 190 MB
[runlim] sample:		269.98 time, 270.02 real, 194 MB
[runlim] sample:		279.98 time, 280.02 real, 200 MB
[runlim] sample:		289.98 time, 290.02 real, 204 MB
[runlim] sample:		299.98 time, 300.02 real, 208 MB
[runlim] sample:		309.98 time, 310.02 real, 211 MB
[runlim] sample:		319.98 time, 320.02 real, 216 MB
[runlim] sample:		329.98 time, 330.02 real, 220 MB
[runlim] sample:		339.98 time, 340.02 real, 225 MB
[runlim] sample:		349.97 time, 350.02 real, 228 MB
[runlim] sample:		359.97 time, 360.02 real, 233 MB
[runlim] sample:		369.97 time, 370.02 real, 237 MB
[runlim] sample:		379.97 time, 380.02 real, 240 MB
[runlim] sample:		389.98 time, 390.02 real, 244 MB
[runlim] sample:		399.97 time, 400.02 real, 248 MB
[runlim] sample:		409.97 time, 410.02 real, 251 MB
[runlim] sample:		419.97 time, 420.02 real, 255 MB
[runlim] sample:		429.97 time, 430.02 real, 260 MB
[runlim] sample:		439.97 time, 440.02 real, 263 MB
[runlim] sample:		449.97 time, 450.02 real, 265 MB
[runlim] sample:		459.97 time, 460.02 real, 269 MB
[runlim] sample:		469.97 time, 470.02 real, 272 MB
[runlim] sample:		479.97 time, 480.02 real, 276 MB
[runlim] sample:		489.96 time, 490.02 real, 280 MB
[runlim] sample:		499.96 time, 500.02 real, 284 MB
[runlim] sample:		509.97 time, 510.02 real, 288 MB
[runlim] sample:		519.96 time, 520.02 real, 292 MB
[runlim] sample:		529.96 time, 530.02 real, 294 MB
[runlim] sample:		539.96 time, 540.02 real, 297 MB
[runlim] sample:		549.96 time, 550.02 real, 300 MB
[runlim] sample:		559.96 time, 560.02 real, 303 MB
[runlim] sample:		569.96 time, 570.02 real, 307 MB
[runlim] sample:		579.96 time, 580.02 real, 310 MB
[runlim] sample:		589.96 time, 590.02 real, 312 MB
[runlim] sample:		599.96 time, 600.02 real, 315 MB
[runlim] sample:		609.95 time, 610.02 real, 318 MB
[runlim] sample:		619.95 time, 620.02 real, 321 MB
[runlim] sample:		629.96 time, 630.02 real, 324 MB
[runlim] sample:		639.96 time, 640.02 real, 327 MB
[runlim] sample:		649.95 time, 650.02 real, 331 MB
[runlim] sample:		659.95 time, 660.02 real, 334 MB
[runlim] sample:		669.95 time, 670.02 real, 338 MB
[runlim] sample:		679.95 time, 680.02 real, 340 MB
[runlim] sample:		689.95 time, 690.02 real, 343 MB
[runlim] sample:		699.95 time, 700.02 real, 345 MB
[runlim] sample:		709.95 time, 710.02 real, 348 MB
[runlim] sample:		719.94 time, 720.02 real, 350 MB
[runlim] sample:		729.95 time, 730.02 real, 353 MB
[runlim] sample:		739.95 time, 740.02 real, 354 MB
[runlim] sample:		749.95 time, 750.02 real, 355 MB
[runlim] sample:		759.95 time, 760.02 real, 358 MB
[runlim] sample:		769.95 time, 770.02 real, 362 MB
[runlim] sample:		779.95 time, 780.02 real, 364 MB
[runlim] sample:		789.95 time, 790.02 real, 367 MB
[runlim] sample:		799.95 time, 800.02 real, 369 MB
[runlim] sample:		809.95 time, 810.02 real, 372 MB
[runlim] sample:		819.95 time, 820.02 real, 374 MB
[runlim] sample:		829.94 time, 830.02 real, 377 MB
[runlim] sample:		839.95 time, 840.02 real, 380 MB
[runlim] sample:		849.95 time, 850.02 real, 384 MB
[runlim] sample:		859.94 time, 860.02 real, 387 MB
[runlim] sample:		869.94 time, 870.02 real, 389 MB
[runlim] sample:		879.94 time, 880.02 real, 392 MB
[runlim] sample:		889.95 time, 890.02 real, 394 MB
[runlim] sample:		899.94 time, 900.02 real, 395 MB
[runlim] sample:		909.95 time, 910.02 real, 397 MB
[runlim] sample:		919.95 time, 920.02 real, 400 MB
[runlim] sample:		929.94 time, 930.02 real, 402 MB
[runlim] sample:		939.94 time, 940.02 real, 404 MB
[runlim] sample:		949.94 time, 950.02 real, 408 MB
[runlim] sample:		959.94 time, 960.02 real, 411 MB
[runlim] sample:		969.95 time, 970.02 real, 413 MB
[runlim] sample:		979.94 time, 980.02 real, 415 MB
[runlim] sample:		989.94 time, 990.02 real, 418 MB
[runlim] sample:		999.94 time, 1000.02 real, 420 MB
[runlim] sample:		1009.94 time, 1010.02 real, 424 MB
[runlim] sample:		1019.94 time, 1020.02 real, 426 MB
[runlim] sample:		1029.94 time, 1030.02 real, 429 MB
[runlim] sample:		1039.94 time, 1040.02 real, 433 MB
[runlim] sample:		1049.94 time, 1050.02 real, 435 MB
[runlim] sample:		1059.94 time, 1060.02 real, 438 MB
[runlim] sample:		1069.94 time, 1070.02 real, 439 MB
[runlim] sample:		1079.94 time, 1080.02 real, 441 MB
[runlim] sample:		1089.94 time, 1090.02 real, 442 MB
[runlim] sample:		1099.94 time, 1100.02 real, 445 MB
[runlim] sample:		1109.94 time, 1110.02 real, 447 MB
[runlim] sample:		1119.94 time, 1120.02 real, 451 MB
[runlim] sample:		1129.94 time, 1130.02 real, 454 MB
[runlim] sample:		1139.93 time, 1140.02 real, 456 MB
[runlim] sample:		1149.94 time, 1150.02 real, 458 MB
[runlim] sample:		1159.93 time, 1160.02 real, 460 MB
[runlim] sample:		1169.94 time, 1170.02 real, 462 MB
[runlim] sample:		1179.94 time, 1180.02 real, 464 MB
[runlim] sample:		1189.94 time, 1190.02 real, 466 MB
[runlim] sample:		1199.93 time, 1200.02 real, 468 MB
[runlim] sample:		1209.94 time, 1210.02 real, 470 MB
[runlim] sample:		1219.94 time, 1220.02 real, 472 MB
[runlim] sample:		1229.93 time, 1230.02 real, 474 MB
[runlim] sample:		1239.93 time, 1240.02 real, 476 MB
[runlim] sample:		1249.93 time, 1250.02 real, 478 MB
[runlim] sample:		1259.94 time, 1260.02 real, 480 MB
[runlim] sample:		1269.93 time, 1270.02 real, 481 MB
[runlim] sample:		1279.94 time, 1280.02 real, 482 MB
[runlim] sample:		1289.94 time, 1290.02 real, 484 MB
[runlim] sample:		1299.94 time, 1300.02 real, 486 MB
[runlim] sample:		1309.93 time, 1310.02 real, 489 MB
[runlim] sample:		1319.94 time, 1320.02 real, 491 MB
[runlim] sample:		1329.93 time, 1330.02 real, 494 MB
[runlim] sample:		1339.93 time, 1340.02 real, 496 MB
[runlim] sample:		1349.94 time, 1350.02 real, 498 MB
[runlim] sample:		1359.94 time, 1360.02 real, 500 MB
[runlim] sample:		1369.93 time, 1370.02 real, 502 MB
[runlim] sample:		1379.93 time, 1380.02 real, 504 MB
[runlim] sample:		1389.94 time, 1390.02 real, 506 MB
[runlim] sample:		1399.94 time, 1400.02 real, 509 MB
[runlim] sample:		1409.94 time, 1410.02 real, 511 MB
[runlim] sample:		1419.94 time, 1420.02 real, 514 MB
[runlim] sample:		1429.94 time, 1430.02 real, 515 MB
[runlim] sample:		1439.94 time, 1440.02 real, 517 MB
[runlim] sample:		1449.93 time, 1450.02 real, 519 MB
[runlim] sample:		1459.94 time, 1460.02 real, 521 MB
[runlim] sample:		1469.93 time, 1470.02 real, 523 MB
[runlim] sample:		1479.93 time, 1480.02 real, 524 MB
[runlim] sample:		1489.94 time, 1490.02 real, 527 MB
[runlim] sample:		1499.93 time, 1500.02 real, 529 MB
[runlim] sample:		1509.93 time, 1510.02 real, 530 MB
[runlim] sample:		1519.93 time, 1520.02 real, 532 MB
[runlim] sample:		1529.93 time, 1530.02 real, 534 MB
[runlim] sample:		1539.93 time, 1540.02 real, 535 MB
[runlim] sample:		1549.93 time, 1550.02 real, 537 MB
[runlim] sample:		1559.93 time, 1560.02 real, 539 MB
[runlim] sample:		1569.93 time, 1570.02 real, 541 MB
[runlim] sample:		1579.93 time, 1580.02 real, 543 MB
[runlim] sample:		1589.93 time, 1590.02 real, 544 MB
[runlim] sample:		1599.94 time, 1600.02 real, 548 MB
[runlim] sample:		1609.94 time, 1610.02 real, 550 MB
[runlim] sample:		1619.94 time, 1620.02 real, 552 MB
[runlim] sample:		1629.93 time, 1630.02 real, 554 MB
[runlim] sample:		1639.93 time, 1640.02 real, 556 MB
[runlim] sample:		1649.93 time, 1650.02 real, 558 MB
[runlim] sample:		1659.94 time, 1660.02 real, 559 MB
[runlim] sample:		1669.93 time, 1670.02 real, 561 MB
[runlim] sample:		1679.93 time, 1680.02 real, 563 MB
[runlim] sample:		1689.93 time, 1690.02 real, 565 MB
[runlim] sample:		1699.94 time, 1700.02 real, 566 MB
[runlim] sample:		1709.94 time, 1710.02 real, 568 MB
[runlim] sample:		1719.93 time, 1720.02 real, 569 MB
[runlim] sample:		1729.93 time, 1730.02 real, 570 MB
[runlim] sample:		1739.94 time, 1740.02 real, 571 MB
[runlim] sample:		1749.94 time, 1750.02 real, 573 MB
[runlim] sample:		1759.93 time, 1760.02 real, 575 MB
[runlim] sample:		1769.93 time, 1770.02 real, 576 MB
[runlim] sample:		1779.93 time, 1780.02 real, 578 MB
[runlim] sample:		1789.93 time, 1790.02 real, 579 MB
[runlim] sample:		1799.94 time, 1800.02 real, 581 MB
[runlim] sample:		1809.93 time, 1810.02 real, 583 MB
[runlim] sample:		1819.94 time, 1820.02 real, 584 MB
[runlim] sample:		1829.93 time, 1830.02 real, 586 MB
[runlim] sample:		1839.94 time, 1840.02 real, 588 MB
[runlim] sample:		1849.93 time, 1850.02 real, 590 MB
[runlim] sample:		1859.93 time, 1860.02 real, 591 MB
[runlim] sample:		1869.93 time, 1870.02 real, 592 MB
[runlim] sample:		1879.93 time, 1880.02 real, 595 MB
[runlim] sample:		1889.93 time, 1890.02 real, 597 MB
[runlim] sample:		1899.93 time, 1900.02 real, 598 MB
[runlim] sample:		1909.93 time, 1910.02 real, 601 MB
[runlim] sample:		1919.93 time, 1920.02 real, 603 MB
[runlim] sample:		1929.94 time, 1930.02 real, 604 MB
[runlim] sample:		1939.93 time, 1940.02 real, 606 MB
[runlim] sample:		1949.93 time, 1950.02 real, 607 MB
[runlim] sample:		1959.94 time, 1960.02 real, 609 MB
[runlim] sample:		1969.94 time, 1970.02 real, 610 MB
[runlim] sample:		1979.93 time, 1980.02 real, 611 MB
[runlim] sample:		1989.93 time, 1990.02 real, 613 MB
[runlim] sample:		1999.94 time, 2000.02 real, 614 MB
[runlim] sample:		2009.93 time, 2010.02 real, 616 MB
[runlim] sample:		2019.93 time, 2020.02 real, 617 MB
[runlim] sample:		2029.93 time, 2030.02 real, 620 MB
[runlim] sample:		2039.93 time, 2040.02 real, 622 MB
[runlim] sample:		2049.93 time, 2050.02 real, 625 MB
[runlim] sample:		2059.93 time, 2060.02 real, 627 MB
[runlim] sample:		2069.93 time, 2070.02 real, 628 MB
[runlim] sample:		2079.94 time, 2080.02 real, 629 MB
[runlim] sample:		2089.93 time, 2090.02 real, 631 MB
[runlim] sample:		2099.93 time, 2100.02 real, 633 MB
[runlim] sample:		2109.93 time, 2110.02 real, 634 MB
[runlim] sample:		2119.93 time, 2120.02 real, 636 MB
[runlim] sample:		2129.93 time, 2130.02 real, 638 MB
[runlim] sample:		2139.93 time, 2140.02 real, 639 MB
[runlim] sample:		2149.93 time, 2150.02 real, 640 MB
[runlim] sample:		2159.93 time, 2160.02 real, 641 MB
[runlim] sample:		2169.93 time, 2170.02 real, 643 MB
[runlim] sample:		2179.93 time, 2180.02 real, 645 MB
[runlim] sample:		2189.93 time, 2190.02 real, 646 MB
[runlim] sample:		2199.93 time, 2200.02 real, 647 MB
[runlim] sample:		2209.93 time, 2210.02 real, 651 MB
[runlim] sample:		2219.93 time, 2220.02 real, 653 MB
[runlim] sample:		2229.93 time, 2230.02 real, 654 MB
[runlim] sample:		2239.93 time, 2240.02 real, 655 MB
[runlim] sample:		2249.93 time, 2250.02 real, 657 MB
[runlim] sample:		2259.93 time, 2260.02 real, 659 MB
[runlim] sample:		2269.93 time, 2270.02 real, 661 MB
[runlim] sample:		2279.93 time, 2280.02 real, 662 MB
[runlim] sample:		2289.93 time, 2290.02 real, 663 MB
[runlim] sample:		2299.93 time, 2300.02 real, 665 MB
[runlim] sample:		2309.93 time, 2310.02 real, 666 MB
[runlim] sample:		2319.93 time, 2320.02 real, 668 MB
[runlim] sample:		2329.93 time, 2330.02 real, 669 MB
[runlim] sample:		2339.93 time, 2340.02 real, 670 MB
[runlim] sample:		2349.93 time, 2350.02 real, 672 MB
[runlim] sample:		2359.92 time, 2360.02 real, 674 MB
[runlim] sample:		2369.92 time, 2370.02 real, 675 MB
[runlim] sample:		2379.92 time, 2380.02 real, 676 MB
[runlim] sample:		2389.93 time, 2390.02 real, 678 MB
[runlim] sample:		2399.93 time, 2400.02 real, 680 MB
[runlim] sample:		2409.93 time, 2410.02 real, 681 MB
[runlim] sample:		2419.93 time, 2420.02 real, 682 MB
[runlim] sample:		2429.92 time, 2430.02 real, 684 MB
[runlim] sample:		2439.93 time, 2440.02 real, 685 MB
[runlim] sample:		2449.93 time, 2450.02 real, 687 MB
[runlim] sample:		2459.93 time, 2460.02 real, 689 MB
[runlim] sample:		2469.93 time, 2470.02 real, 690 MB
[runlim] sample:		2479.93 time, 2480.02 real, 693 MB
[runlim] sample:		2489.92 time, 2490.02 real, 694 MB
[runlim] sample:		2499.93 time, 2500.02 real, 696 MB
[runlim] sample:		2509.93 time, 2510.02 real, 698 MB
[runlim] sample:		2519.93 time, 2520.02 real, 699 MB
[runlim] sample:		2529.93 time, 2530.02 real, 700 MB
[runlim] sample:		2539.93 time, 2540.02 real, 702 MB
[runlim] sample:		2549.93 time, 2550.02 real, 703 MB
[runlim] sample:		2559.93 time, 2560.02 real, 704 MB
[runlim] sample:		2569.93 time, 2570.02 real, 706 MB
[runlim] sample:		2579.93 time, 2580.02 real, 707 MB
[runlim] sample:		2589.93 time, 2590.02 real, 708 MB
[runlim] sample:		2599.92 time, 2600.02 real, 709 MB
[runlim] sample:		2609.93 time, 2610.02 real, 710 MB
[runlim] sample:		2619.93 time, 2620.02 real, 711 MB
[runlim] sample:		2629.93 time, 2630.02 real, 712 MB
[runlim] sample:		2639.92 time, 2640.02 real, 714 MB
[runlim] sample:		2649.92 time, 2650.02 real, 715 MB
[runlim] sample:		2659.93 time, 2660.02 real, 716 MB
[runlim] sample:		2669.93 time, 2670.02 real, 717 MB
[runlim] sample:		2679.92 time, 2680.02 real, 719 MB
[runlim] sample:		2689.93 time, 2690.02 real, 720 MB
[runlim] sample:		2699.92 time, 2700.02 real, 722 MB
[runlim] end:			Thu Feb 27 09:44:13 2020
[runlim] status:		out of time
[runlim] result:		2
[runlim] children:		1
[runlim] real:			2700.12 seconds
[runlim] time:			2699.92 seconds
[runlim] space:			722 MB
[runlim] samples:		27000
