[runlim] version:		1.18
[runlim] host:			c3n15
[runlim] time limit:		2700 seconds
[runlim] real time limit:	2700 seconds
[runlim] space limit:		7000 MB
[runlim] argv[0]:		./binary
[runlim] argv[1]:		/data/cnf/ankit/RSet1/stmt18_258_260.dqbf
[runlim] start:			Thu Feb 27 08:59:12 2020
[runlim] child:			6593
[runlim] sample:		9.78 time, 10.02 real, 20 MB
[runlim] sample:		19.77 time, 20.02 real, 30 MB
[runlim] sample:		29.77 time, 30.02 real, 38 MB
[runlim] sample:		39.77 time, 40.02 real, 45 MB
[runlim] sample:		49.77 time, 50.02 real, 51 MB
[runlim] sample:		59.78 time, 60.02 real, 58 MB
[runlim] sample:		69.77 time, 70.02 real, 64 MB
[runlim] sample:		79.77 time, 80.02 real, 69 MB
[runlim] sample:		89.77 time, 90.02 real, 75 MB
[runlim] sample:		99.77 time, 100.02 real, 80 MB
[runlim] sample:		109.77 time, 110.02 real, 84 MB
[runlim] sample:		119.77 time, 120.02 real, 88 MB
[runlim] sample:		129.77 time, 130.02 real, 91 MB
[runlim] sample:		139.77 time, 140.02 real, 95 MB
[runlim] sample:		149.77 time, 150.02 real, 99 MB
[runlim] sample:		159.77 time, 160.02 real, 103 MB
[runlim] sample:		169.77 time, 170.02 real, 106 MB
[runlim] sample:		179.77 time, 180.02 real, 110 MB
[runlim] sample:		189.77 time, 190.02 real, 114 MB
[runlim] sample:		199.77 time, 200.02 real, 117 MB
[runlim] sample:		209.77 time, 210.02 real, 120 MB
[runlim] sample:		219.77 time, 220.02 real, 123 MB
[runlim] sample:		229.77 time, 230.02 real, 126 MB
[runlim] sample:		239.77 time, 240.02 real, 130 MB
[runlim] sample:		249.77 time, 250.02 real, 132 MB
[runlim] sample:		259.76 time, 260.02 real, 136 MB
[runlim] sample:		269.77 time, 270.02 real, 138 MB
[runlim] sample:		279.77 time, 280.02 real, 140 MB
[runlim] sample:		289.76 time, 290.02 real, 143 MB
[runlim] sample:		299.77 time, 300.02 real, 145 MB
[runlim] sample:		309.77 time, 310.02 real, 147 MB
[runlim] sample:		319.77 time, 320.02 real, 150 MB
[runlim] sample:		329.77 time, 330.02 real, 152 MB
[runlim] sample:		339.76 time, 340.02 real, 155 MB
[runlim] sample:		349.76 time, 350.02 real, 157 MB
[runlim] sample:		359.76 time, 360.02 real, 159 MB
[runlim] sample:		369.77 time, 370.02 real, 162 MB
[runlim] sample:		379.77 time, 380.02 real, 164 MB
[runlim] sample:		389.76 time, 390.02 real, 167 MB
[runlim] sample:		399.76 time, 400.02 real, 171 MB
[runlim] sample:		409.77 time, 410.02 real, 173 MB
[runlim] sample:		419.77 time, 420.02 real, 175 MB
[runlim] sample:		429.76 time, 430.02 real, 177 MB
[runlim] sample:		439.76 time, 440.02 real, 179 MB
[runlim] sample:		449.76 time, 450.02 real, 181 MB
[runlim] sample:		459.76 time, 460.02 real, 183 MB
[runlim] sample:		469.76 time, 470.02 real, 185 MB
[runlim] sample:		479.77 time, 480.02 real, 186 MB
[runlim] sample:		489.77 time, 490.02 real, 189 MB
[runlim] sample:		499.77 time, 500.02 real, 190 MB
[runlim] sample:		509.76 time, 510.02 real, 192 MB
[runlim] sample:		519.76 time, 520.02 real, 194 MB
[runlim] sample:		529.77 time, 530.02 real, 195 MB
[runlim] sample:		539.76 time, 540.02 real, 197 MB
[runlim] sample:		549.76 time, 550.02 real, 199 MB
[runlim] sample:		559.76 time, 560.02 real, 201 MB
[runlim] sample:		569.76 time, 570.02 real, 202 MB
[runlim] sample:		579.76 time, 580.02 real, 205 MB
[runlim] sample:		589.77 time, 590.02 real, 206 MB
[runlim] sample:		599.76 time, 600.02 real, 209 MB
[runlim] sample:		609.76 time, 610.02 real, 212 MB
[runlim] sample:		619.77 time, 620.02 real, 214 MB
[runlim] sample:		629.76 time, 630.02 real, 215 MB
[runlim] sample:		639.76 time, 640.02 real, 217 MB
[runlim] sample:		649.76 time, 650.02 real, 219 MB
[runlim] sample:		659.76 time, 660.02 real, 220 MB
[runlim] sample:		669.76 time, 670.02 real, 221 MB
[runlim] sample:		679.76 time, 680.02 real, 223 MB
[runlim] sample:		689.76 time, 690.02 real, 224 MB
[runlim] sample:		699.76 time, 700.02 real, 225 MB
[runlim] sample:		709.76 time, 710.02 real, 227 MB
[runlim] sample:		719.76 time, 720.02 real, 228 MB
[runlim] sample:		729.76 time, 730.02 real, 230 MB
[runlim] sample:		739.76 time, 740.02 real, 231 MB
[runlim] sample:		749.76 time, 750.02 real, 233 MB
[runlim] sample:		759.76 time, 760.02 real, 234 MB
[runlim] sample:		769.76 time, 770.02 real, 235 MB
[runlim] sample:		779.76 time, 780.02 real, 237 MB
[runlim] sample:		789.76 time, 790.02 real, 238 MB
[runlim] sample:		799.76 time, 800.02 real, 240 MB
[runlim] sample:		809.75 time, 810.02 real, 242 MB
[runlim] sample:		819.76 time, 820.02 real, 243 MB
[runlim] sample:		829.76 time, 830.02 real, 245 MB
[runlim] sample:		839.75 time, 840.02 real, 246 MB
[runlim] sample:		849.76 time, 850.02 real, 247 MB
[runlim] sample:		859.76 time, 860.02 real, 250 MB
[runlim] sample:		869.75 time, 870.02 real, 251 MB
[runlim] sample:		879.76 time, 880.02 real, 252 MB
[runlim] sample:		889.75 time, 890.02 real, 253 MB
[runlim] sample:		899.76 time, 900.02 real, 255 MB
[runlim] sample:		909.75 time, 910.02 real, 256 MB
[runlim] sample:		919.75 time, 920.02 real, 257 MB
[runlim] sample:		929.76 time, 930.02 real, 258 MB
[runlim] sample:		939.75 time, 940.02 real, 260 MB
[runlim] sample:		949.76 time, 950.02 real, 262 MB
[runlim] sample:		959.75 time, 960.02 real, 263 MB
[runlim] sample:		969.75 time, 970.02 real, 264 MB
[runlim] sample:		979.76 time, 980.02 real, 265 MB
[runlim] sample:		989.75 time, 990.02 real, 266 MB
[runlim] sample:		999.75 time, 1000.02 real, 267 MB
[runlim] sample:		1009.76 time, 1010.02 real, 268 MB
[runlim] sample:		1019.76 time, 1020.02 real, 269 MB
[runlim] sample:		1029.75 time, 1030.02 real, 271 MB
[runlim] sample:		1039.75 time, 1040.02 real, 272 MB
[runlim] sample:		1049.75 time, 1050.02 real, 273 MB
[runlim] sample:		1059.75 time, 1060.02 real, 274 MB
[runlim] sample:		1069.76 time, 1070.02 real, 275 MB
[runlim] sample:		1079.75 time, 1080.02 real, 276 MB
[runlim] sample:		1089.75 time, 1090.02 real, 278 MB
[runlim] sample:		1099.75 time, 1100.02 real, 279 MB
[runlim] sample:		1109.75 time, 1110.02 real, 280 MB
[runlim] sample:		1119.75 time, 1120.02 real, 282 MB
[runlim] sample:		1129.75 time, 1130.02 real, 284 MB
[runlim] sample:		1139.75 time, 1140.02 real, 286 MB
[runlim] sample:		1149.75 time, 1150.02 real, 287 MB
[runlim] sample:		1159.75 time, 1160.02 real, 288 MB
[runlim] sample:		1169.75 time, 1170.02 real, 289 MB
[runlim] sample:		1179.75 time, 1180.02 real, 290 MB
[runlim] sample:		1189.75 time, 1190.02 real, 291 MB
[runlim] sample:		1199.74 time, 1200.02 real, 293 MB
[runlim] sample:		1209.75 time, 1210.02 real, 294 MB
[runlim] sample:		1219.75 time, 1220.02 real, 295 MB
[runlim] sample:		1229.74 time, 1230.02 real, 297 MB
[runlim] sample:		1239.75 time, 1240.02 real, 298 MB
[runlim] sample:		1249.75 time, 1250.02 real, 299 MB
[runlim] sample:		1259.75 time, 1260.02 real, 299 MB
[runlim] sample:		1269.75 time, 1270.02 real, 300 MB
[runlim] sample:		1279.75 time, 1280.02 real, 301 MB
[runlim] sample:		1289.74 time, 1290.02 real, 302 MB
[runlim] sample:		1299.75 time, 1300.02 real, 303 MB
[runlim] sample:		1309.75 time, 1310.02 real, 304 MB
[runlim] sample:		1319.75 time, 1320.02 real, 305 MB
[runlim] sample:		1329.74 time, 1330.02 real, 306 MB
[runlim] sample:		1339.74 time, 1340.02 real, 307 MB
[runlim] sample:		1349.75 time, 1350.02 real, 309 MB
[runlim] sample:		1359.75 time, 1360.02 real, 310 MB
[runlim] sample:		1369.75 time, 1370.02 real, 312 MB
[runlim] sample:		1379.74 time, 1380.02 real, 313 MB
[runlim] sample:		1389.74 time, 1390.02 real, 314 MB
[runlim] sample:		1399.75 time, 1400.02 real, 314 MB
[runlim] sample:		1409.75 time, 1410.02 real, 315 MB
[runlim] sample:		1419.75 time, 1420.02 real, 316 MB
[runlim] sample:		1429.75 time, 1430.02 real, 317 MB
[runlim] sample:		1439.74 time, 1440.02 real, 318 MB
[runlim] sample:		1449.75 time, 1450.02 real, 319 MB
[runlim] sample:		1459.74 time, 1460.02 real, 320 MB
[runlim] sample:		1469.74 time, 1470.02 real, 321 MB
[runlim] sample:		1479.74 time, 1480.02 real, 322 MB
[runlim] sample:		1489.74 time, 1490.02 real, 323 MB
[runlim] sample:		1499.74 time, 1500.02 real, 324 MB
[runlim] sample:		1509.74 time, 1510.02 real, 325 MB
[runlim] sample:		1519.74 time, 1520.02 real, 326 MB
[runlim] sample:		1529.75 time, 1530.02 real, 327 MB
[runlim] sample:		1539.74 time, 1540.02 real, 328 MB
[runlim] sample:		1549.74 time, 1550.02 real, 329 MB
[runlim] sample:		1559.74 time, 1560.02 real, 330 MB
[runlim] sample:		1569.74 time, 1570.02 real, 331 MB
[runlim] sample:		1579.74 time, 1580.02 real, 333 MB
[runlim] sample:		1589.74 time, 1590.02 real, 334 MB
[runlim] sample:		1599.74 time, 1600.02 real, 335 MB
[runlim] sample:		1609.74 time, 1610.02 real, 336 MB
[runlim] sample:		1619.74 time, 1620.02 real, 337 MB
[runlim] sample:		1629.74 time, 1630.02 real, 338 MB
[runlim] sample:		1639.74 time, 1640.02 real, 339 MB
[runlim] sample:		1649.74 time, 1650.02 real, 339 MB
[runlim] sample:		1659.73 time, 1660.02 real, 340 MB
[runlim] sample:		1669.73 time, 1670.02 real, 341 MB
[runlim] sample:		1679.74 time, 1680.02 real, 342 MB
[runlim] sample:		1689.74 time, 1690.02 real, 343 MB
[runlim] sample:		1699.74 time, 1700.02 real, 344 MB
[runlim] sample:		1709.74 time, 1710.02 real, 345 MB
[runlim] sample:		1719.73 time, 1720.02 real, 346 MB
[runlim] sample:		1729.73 time, 1730.02 real, 347 MB
[runlim] sample:		1739.74 time, 1740.02 real, 347 MB
[runlim] sample:		1749.74 time, 1750.02 real, 349 MB
[runlim] sample:		1759.74 time, 1760.02 real, 350 MB
[runlim] sample:		1769.73 time, 1770.02 real, 350 MB
[runlim] sample:		1779.74 time, 1780.02 real, 351 MB
[runlim] sample:		1789.74 time, 1790.02 real, 352 MB
[runlim] sample:		1799.73 time, 1800.02 real, 353 MB
[runlim] sample:		1809.74 time, 1810.02 real, 354 MB
[runlim] sample:		1819.74 time, 1820.02 real, 355 MB
[runlim] sample:		1829.74 time, 1830.02 real, 357 MB
[runlim] sample:		1839.73 time, 1840.02 real, 358 MB
[runlim] sample:		1849.73 time, 1850.02 real, 359 MB
[runlim] sample:		1859.73 time, 1860.02 real, 360 MB
[runlim] sample:		1869.73 time, 1870.02 real, 360 MB
[runlim] sample:		1879.74 time, 1880.02 real, 362 MB
[runlim] sample:		1889.73 time, 1890.02 real, 363 MB
[runlim] sample:		1899.74 time, 1900.02 real, 363 MB
[runlim] sample:		1909.73 time, 1910.02 real, 364 MB
[runlim] sample:		1919.74 time, 1920.02 real, 365 MB
[runlim] sample:		1929.73 time, 1930.02 real, 366 MB
[runlim] sample:		1939.73 time, 1940.02 real, 367 MB
[runlim] sample:		1949.73 time, 1950.02 real, 368 MB
[runlim] sample:		1959.74 time, 1960.02 real, 369 MB
[runlim] sample:		1969.74 time, 1970.02 real, 370 MB
[runlim] sample:		1979.74 time, 1980.02 real, 371 MB
[runlim] sample:		1989.74 time, 1990.02 real, 372 MB
[runlim] sample:		1999.74 time, 2000.02 real, 373 MB
[runlim] sample:		2009.73 time, 2010.02 real, 373 MB
[runlim] sample:		2019.73 time, 2020.02 real, 374 MB
[runlim] sample:		2029.73 time, 2030.02 real, 375 MB
[runlim] sample:		2039.73 time, 2040.02 real, 376 MB
[runlim] sample:		2049.73 time, 2050.02 real, 377 MB
[runlim] sample:		2059.73 time, 2060.02 real, 378 MB
[runlim] sample:		2069.73 time, 2070.02 real, 378 MB
[runlim] sample:		2079.73 time, 2080.02 real, 379 MB
[runlim] sample:		2089.73 time, 2090.02 real, 381 MB
[runlim] sample:		2099.73 time, 2100.02 real, 382 MB
[runlim] sample:		2109.73 time, 2110.02 real, 383 MB
[runlim] sample:		2119.73 time, 2120.02 real, 384 MB
[runlim] sample:		2129.73 time, 2130.02 real, 385 MB
[runlim] sample:		2139.73 time, 2140.02 real, 386 MB
[runlim] sample:		2149.72 time, 2150.02 real, 387 MB
[runlim] sample:		2159.73 time, 2160.02 real, 388 MB
[runlim] sample:		2169.73 time, 2170.02 real, 388 MB
[runlim] sample:		2179.72 time, 2180.02 real, 389 MB
[runlim] sample:		2189.73 time, 2190.02 real, 390 MB
[runlim] sample:		2199.72 time, 2200.02 real, 391 MB
[runlim] sample:		2209.73 time, 2210.02 real, 392 MB
[runlim] sample:		2219.73 time, 2220.02 real, 393 MB
[runlim] sample:		2229.73 time, 2230.02 real, 394 MB
[runlim] sample:		2239.72 time, 2240.02 real, 394 MB
[runlim] sample:		2249.73 time, 2250.02 real, 395 MB
[runlim] sample:		2259.72 time, 2260.02 real, 322 MB
[runlim] sample:		2269.73 time, 2270.02 real, 323 MB
[runlim] sample:		2279.72 time, 2280.02 real, 324 MB
[runlim] sample:		2289.73 time, 2290.02 real, 325 MB
[runlim] sample:		2299.73 time, 2300.02 real, 326 MB
[runlim] sample:		2309.73 time, 2310.02 real, 327 MB
[runlim] sample:		2319.72 time, 2320.02 real, 327 MB
[runlim] sample:		2329.72 time, 2330.02 real, 328 MB
[runlim] sample:		2339.72 time, 2340.02 real, 329 MB
[runlim] sample:		2349.73 time, 2350.02 real, 329 MB
[runlim] sample:		2359.73 time, 2360.02 real, 330 MB
[runlim] sample:		2369.72 time, 2370.02 real, 331 MB
[runlim] sample:		2379.72 time, 2380.02 real, 332 MB
[runlim] sample:		2389.72 time, 2390.02 real, 332 MB
[runlim] sample:		2399.72 time, 2400.02 real, 333 MB
[runlim] sample:		2409.72 time, 2410.02 real, 333 MB
[runlim] sample:		2419.72 time, 2420.02 real, 334 MB
[runlim] sample:		2429.72 time, 2430.02 real, 335 MB
[runlim] sample:		2439.72 time, 2440.02 real, 336 MB
[runlim] sample:		2449.72 time, 2450.02 real, 336 MB
[runlim] sample:		2459.72 time, 2460.02 real, 336 MB
[runlim] sample:		2469.72 time, 2470.02 real, 337 MB
[runlim] sample:		2479.72 time, 2480.02 real, 337 MB
[runlim] sample:		2489.72 time, 2490.02 real, 338 MB
[runlim] sample:		2499.72 time, 2500.02 real, 339 MB
[runlim] sample:		2509.72 time, 2510.02 real, 340 MB
[runlim] sample:		2519.72 time, 2520.02 real, 341 MB
[runlim] sample:		2529.72 time, 2530.02 real, 341 MB
[runlim] sample:		2539.72 time, 2540.02 real, 343 MB
[runlim] sample:		2549.72 time, 2550.02 real, 343 MB
[runlim] sample:		2559.71 time, 2560.02 real, 344 MB
[runlim] sample:		2569.72 time, 2570.02 real, 345 MB
[runlim] sample:		2579.72 time, 2580.02 real, 345 MB
[runlim] sample:		2589.72 time, 2590.02 real, 346 MB
[runlim] sample:		2599.71 time, 2600.02 real, 346 MB
[runlim] sample:		2609.72 time, 2610.02 real, 347 MB
[runlim] sample:		2619.72 time, 2620.02 real, 348 MB
[runlim] sample:		2629.72 time, 2630.02 real, 348 MB
[runlim] sample:		2639.72 time, 2640.02 real, 349 MB
[runlim] sample:		2649.71 time, 2650.02 real, 350 MB
[runlim] sample:		2659.71 time, 2660.02 real, 350 MB
[runlim] sample:		2669.71 time, 2670.02 real, 351 MB
[runlim] sample:		2679.72 time, 2680.02 real, 351 MB
[runlim] sample:		2689.71 time, 2690.02 real, 352 MB
[runlim] sample:		2699.71 time, 2700.02 real, 353 MB
[runlim] end:			Thu Feb 27 09:44:12 2020
[runlim] status:		out of time
[runlim] result:		2
[runlim] children:		1
[runlim] real:			2700.12 seconds
[runlim] time:			2699.71 seconds
[runlim] space:			614 MB
[runlim] samples:		27000
