[runlim] version:		1.18
[runlim] host:			c3n20
[runlim] time limit:		2700 seconds
[runlim] real time limit:	2700 seconds
[runlim] space limit:		7000 MB
[runlim] argv[0]:		./binary
[runlim] argv[1]:		/data/cnf/ankit/RSet1/stmt27_93_98.dqbf
[runlim] start:			Thu Feb 27 08:59:12 2020
[runlim] child:			9416
[runlim] sample:		10.00 time, 10.02 real, 29 MB
[runlim] sample:		20.00 time, 20.02 real, 41 MB
[runlim] sample:		30.00 time, 30.02 real, 55 MB
[runlim] sample:		40.00 time, 40.02 real, 68 MB
[runlim] sample:		50.00 time, 50.02 real, 81 MB
[runlim] sample:		60.00 time, 60.02 real, 94 MB
[runlim] sample:		70.00 time, 70.02 real, 107 MB
[runlim] sample:		80.00 time, 80.02 real, 120 MB
[runlim] sample:		90.00 time, 90.02 real, 133 MB
[runlim] sample:		100.00 time, 100.02 real, 145 MB
[runlim] sample:		110.00 time, 110.02 real, 157 MB
[runlim] sample:		120.00 time, 120.02 real, 168 MB
[runlim] sample:		130.00 time, 130.02 real, 179 MB
[runlim] sample:		139.99 time, 140.02 real, 189 MB
[runlim] sample:		150.00 time, 150.02 real, 201 MB
[runlim] sample:		160.00 time, 160.02 real, 212 MB
[runlim] sample:		169.99 time, 170.02 real, 223 MB
[runlim] sample:		180.00 time, 180.02 real, 234 MB
[runlim] sample:		189.99 time, 190.02 real, 245 MB
[runlim] sample:		200.00 time, 200.02 real, 255 MB
[runlim] sample:		210.00 time, 210.02 real, 266 MB
[runlim] sample:		220.00 time, 220.02 real, 277 MB
[runlim] sample:		230.00 time, 230.02 real, 287 MB
[runlim] sample:		240.00 time, 240.02 real, 298 MB
[runlim] sample:		249.99 time, 250.02 real, 309 MB
[runlim] sample:		260.00 time, 260.02 real, 319 MB
[runlim] sample:		270.00 time, 270.02 real, 330 MB
[runlim] sample:		280.00 time, 280.02 real, 340 MB
[runlim] sample:		290.00 time, 290.02 real, 350 MB
[runlim] sample:		300.00 time, 300.02 real, 360 MB
[runlim] sample:		310.00 time, 310.02 real, 370 MB
[runlim] sample:		320.00 time, 320.02 real, 379 MB
[runlim] sample:		330.00 time, 330.02 real, 390 MB
[runlim] sample:		340.00 time, 340.02 real, 400 MB
[runlim] sample:		350.00 time, 350.02 real, 409 MB
[runlim] sample:		359.99 time, 360.02 real, 419 MB
[runlim] sample:		369.99 time, 370.02 real, 429 MB
[runlim] sample:		380.00 time, 380.02 real, 438 MB
[runlim] sample:		390.00 time, 390.02 real, 446 MB
[runlim] sample:		399.99 time, 400.02 real, 455 MB
[runlim] sample:		409.99 time, 410.02 real, 463 MB
[runlim] sample:		419.99 time, 420.02 real, 472 MB
[runlim] sample:		429.99 time, 430.02 real, 480 MB
[runlim] sample:		439.99 time, 440.02 real, 489 MB
[runlim] sample:		450.00 time, 450.02 real, 498 MB
[runlim] sample:		459.99 time, 460.02 real, 506 MB
[runlim] sample:		469.99 time, 470.02 real, 514 MB
[runlim] sample:		479.99 time, 480.02 real, 523 MB
[runlim] sample:		490.00 time, 490.02 real, 532 MB
[runlim] sample:		499.99 time, 500.02 real, 540 MB
[runlim] sample:		509.99 time, 510.02 real, 547 MB
[runlim] sample:		519.99 time, 520.02 real, 555 MB
[runlim] sample:		529.99 time, 530.02 real, 562 MB
[runlim] sample:		539.99 time, 540.02 real, 570 MB
[runlim] sample:		549.99 time, 550.02 real, 578 MB
[runlim] sample:		559.99 time, 560.02 real, 585 MB
[runlim] sample:		569.99 time, 570.02 real, 593 MB
[runlim] sample:		579.99 time, 580.02 real, 601 MB
[runlim] sample:		589.99 time, 590.02 real, 608 MB
[runlim] sample:		599.99 time, 600.02 real, 614 MB
[runlim] sample:		609.99 time, 610.02 real, 619 MB
[runlim] sample:		619.99 time, 620.02 real, 626 MB
[runlim] sample:		629.99 time, 630.02 real, 631 MB
[runlim] sample:		639.99 time, 640.02 real, 636 MB
[runlim] sample:		649.99 time, 650.02 real, 642 MB
[runlim] sample:		659.99 time, 660.02 real, 647 MB
[runlim] sample:		669.99 time, 670.02 real, 653 MB
[runlim] sample:		679.99 time, 680.02 real, 658 MB
[runlim] sample:		689.98 time, 690.02 real, 666 MB
[runlim] sample:		699.99 time, 700.02 real, 674 MB
[runlim] sample:		709.99 time, 710.02 real, 683 MB
[runlim] sample:		719.99 time, 720.02 real, 691 MB
[runlim] sample:		729.99 time, 730.02 real, 699 MB
[runlim] sample:		739.98 time, 740.02 real, 708 MB
[runlim] sample:		749.98 time, 750.02 real, 716 MB
[runlim] sample:		759.98 time, 760.02 real, 725 MB
[runlim] sample:		769.99 time, 770.02 real, 733 MB
[runlim] sample:		779.99 time, 780.02 real, 741 MB
[runlim] sample:		789.99 time, 790.02 real, 749 MB
[runlim] sample:		799.98 time, 800.02 real, 757 MB
[runlim] sample:		809.99 time, 810.02 real, 765 MB
[runlim] sample:		819.99 time, 820.02 real, 773 MB
[runlim] sample:		829.98 time, 830.02 real, 780 MB
[runlim] sample:		839.99 time, 840.02 real, 788 MB
[runlim] sample:		849.99 time, 850.02 real, 795 MB
[runlim] sample:		859.98 time, 860.02 real, 803 MB
[runlim] sample:		869.99 time, 870.02 real, 811 MB
[runlim] sample:		879.99 time, 880.02 real, 819 MB
[runlim] sample:		889.99 time, 890.02 real, 826 MB
[runlim] sample:		899.99 time, 900.02 real, 834 MB
[runlim] sample:		909.99 time, 910.02 real, 842 MB
[runlim] sample:		919.98 time, 920.02 real, 850 MB
[runlim] sample:		929.98 time, 930.02 real, 857 MB
[runlim] sample:		939.98 time, 940.02 real, 865 MB
[runlim] sample:		949.98 time, 950.02 real, 873 MB
[runlim] sample:		959.98 time, 960.02 real, 880 MB
[runlim] sample:		969.99 time, 970.02 real, 887 MB
[runlim] sample:		979.98 time, 980.02 real, 893 MB
[runlim] sample:		989.99 time, 990.02 real, 900 MB
[runlim] sample:		999.99 time, 1000.02 real, 908 MB
[runlim] sample:		1009.98 time, 1010.02 real, 915 MB
[runlim] sample:		1019.98 time, 1020.02 real, 923 MB
[runlim] sample:		1029.98 time, 1030.02 real, 930 MB
[runlim] sample:		1039.98 time, 1040.02 real, 937 MB
[runlim] sample:		1049.98 time, 1050.02 real, 945 MB
[runlim] sample:		1059.98 time, 1060.02 real, 953 MB
[runlim] sample:		1069.98 time, 1070.02 real, 961 MB
[runlim] sample:		1079.98 time, 1080.02 real, 969 MB
[runlim] sample:		1089.99 time, 1090.02 real, 976 MB
[runlim] sample:		1099.98 time, 1100.02 real, 984 MB
[runlim] sample:		1109.99 time, 1110.02 real, 991 MB
[runlim] sample:		1119.98 time, 1120.02 real, 998 MB
[runlim] sample:		1129.98 time, 1130.02 real, 1004 MB
[runlim] sample:		1139.98 time, 1140.02 real, 1010 MB
[runlim] sample:		1149.98 time, 1150.02 real, 1017 MB
[runlim] sample:		1159.98 time, 1160.02 real, 1023 MB
[runlim] sample:		1169.98 time, 1170.02 real, 1030 MB
[runlim] sample:		1179.98 time, 1180.02 real, 1037 MB
[runlim] sample:		1189.98 time, 1190.02 real, 1044 MB
[runlim] sample:		1199.98 time, 1200.02 real, 1052 MB
[runlim] sample:		1209.98 time, 1210.02 real, 1058 MB
[runlim] sample:		1219.98 time, 1220.02 real, 1066 MB
[runlim] sample:		1229.98 time, 1230.02 real, 1073 MB
[runlim] sample:		1239.98 time, 1240.02 real, 1079 MB
[runlim] sample:		1249.98 time, 1250.02 real, 1086 MB
[runlim] sample:		1259.97 time, 1260.02 real, 1093 MB
[runlim] sample:		1269.98 time, 1270.02 real, 1100 MB
[runlim] sample:		1279.98 time, 1280.02 real, 1107 MB
[runlim] sample:		1289.98 time, 1290.02 real, 1114 MB
[runlim] sample:		1299.97 time, 1300.02 real, 1121 MB
[runlim] sample:		1309.98 time, 1310.02 real, 1128 MB
[runlim] sample:		1319.98 time, 1320.02 real, 1134 MB
[runlim] sample:		1329.98 time, 1330.02 real, 1139 MB
[runlim] sample:		1339.97 time, 1340.02 real, 1146 MB
[runlim] sample:		1349.97 time, 1350.02 real, 1154 MB
[runlim] sample:		1359.97 time, 1360.02 real, 1160 MB
[runlim] sample:		1369.98 time, 1370.02 real, 1167 MB
[runlim] sample:		1379.98 time, 1380.02 real, 1175 MB
[runlim] sample:		1389.97 time, 1390.02 real, 1182 MB
[runlim] sample:		1399.98 time, 1400.02 real, 1189 MB
[runlim] sample:		1409.98 time, 1410.02 real, 1196 MB
[runlim] sample:		1419.98 time, 1420.02 real, 1202 MB
[runlim] sample:		1429.98 time, 1430.02 real, 1208 MB
[runlim] sample:		1439.98 time, 1440.02 real, 1214 MB
[runlim] sample:		1449.97 time, 1450.02 real, 1220 MB
[runlim] sample:		1459.97 time, 1460.02 real, 1228 MB
[runlim] sample:		1469.97 time, 1470.02 real, 1235 MB
[runlim] sample:		1479.97 time, 1480.02 real, 1242 MB
[runlim] sample:		1489.98 time, 1490.02 real, 1249 MB
[runlim] sample:		1499.97 time, 1500.02 real, 1255 MB
[runlim] sample:		1509.98 time, 1510.02 real, 1261 MB
[runlim] sample:		1519.98 time, 1520.02 real, 1268 MB
[runlim] sample:		1529.98 time, 1530.02 real, 1275 MB
[runlim] sample:		1539.98 time, 1540.02 real, 1282 MB
[runlim] sample:		1549.97 time, 1550.02 real, 1289 MB
[runlim] sample:		1559.97 time, 1560.02 real, 1295 MB
[runlim] sample:		1569.97 time, 1570.02 real, 1302 MB
[runlim] sample:		1579.97 time, 1580.02 real, 1308 MB
[runlim] sample:		1589.97 time, 1590.02 real, 1315 MB
[runlim] sample:		1599.97 time, 1600.02 real, 1322 MB
[runlim] sample:		1609.97 time, 1610.02 real, 1329 MB
[runlim] sample:		1619.97 time, 1620.02 real, 1336 MB
[runlim] sample:		1629.97 time, 1630.02 real, 1343 MB
[runlim] sample:		1639.98 time, 1640.02 real, 1350 MB
[runlim] sample:		1649.97 time, 1650.02 real, 1356 MB
[runlim] sample:		1659.97 time, 1660.02 real, 1363 MB
[runlim] sample:		1669.97 time, 1670.02 real, 1370 MB
[runlim] sample:		1679.97 time, 1680.02 real, 1378 MB
[runlim] sample:		1689.97 time, 1690.02 real, 1385 MB
[runlim] sample:		1699.97 time, 1700.02 real, 1392 MB
[runlim] sample:		1709.97 time, 1710.02 real, 1399 MB
[runlim] sample:		1719.97 time, 1720.02 real, 1405 MB
[runlim] sample:		1729.97 time, 1730.02 real, 1411 MB
[runlim] sample:		1739.97 time, 1740.02 real, 1417 MB
[runlim] sample:		1749.97 time, 1750.02 real, 1423 MB
[runlim] sample:		1759.97 time, 1760.02 real, 1430 MB
[runlim] sample:		1769.97 time, 1770.02 real, 1436 MB
[runlim] sample:		1779.97 time, 1780.02 real, 1442 MB
[runlim] sample:		1789.97 time, 1790.02 real, 1449 MB
[runlim] sample:		1799.97 time, 1800.02 real, 1455 MB
[runlim] sample:		1809.97 time, 1810.02 real, 1461 MB
[runlim] sample:		1819.97 time, 1820.02 real, 1467 MB
[runlim] sample:		1829.97 time, 1830.02 real, 1472 MB
[runlim] sample:		1839.97 time, 1840.02 real, 1478 MB
[runlim] sample:		1849.97 time, 1850.02 real, 1484 MB
[runlim] sample:		1859.97 time, 1860.02 real, 1490 MB
[runlim] sample:		1869.97 time, 1870.02 real, 1496 MB
[runlim] sample:		1879.97 time, 1880.02 real, 1503 MB
[runlim] sample:		1889.97 time, 1890.02 real, 1509 MB
[runlim] sample:		1899.96 time, 1900.02 real, 1517 MB
[runlim] sample:		1909.97 time, 1910.02 real, 1522 MB
[runlim] sample:		1919.97 time, 1920.02 real, 1528 MB
[runlim] sample:		1929.97 time, 1930.02 real, 1534 MB
[runlim] sample:		1939.97 time, 1940.02 real, 1541 MB
[runlim] sample:		1949.97 time, 1950.02 real, 1547 MB
[runlim] sample:		1959.97 time, 1960.02 real, 1553 MB
[runlim] sample:		1969.96 time, 1970.02 real, 1558 MB
[runlim] sample:		1979.97 time, 1980.02 real, 1565 MB
[runlim] sample:		1989.97 time, 1990.02 real, 1572 MB
[runlim] sample:		1999.96 time, 2000.02 real, 1578 MB
[runlim] sample:		2009.97 time, 2010.02 real, 1584 MB
[runlim] sample:		2019.96 time, 2020.02 real, 1590 MB
[runlim] sample:		2029.96 time, 2030.02 real, 1597 MB
[runlim] sample:		2039.96 time, 2040.02 real, 1602 MB
[runlim] sample:		2049.96 time, 2050.02 real, 1608 MB
[runlim] sample:		2059.96 time, 2060.02 real, 1613 MB
[runlim] sample:		2069.97 time, 2070.02 real, 1618 MB
[runlim] sample:		2079.97 time, 2080.02 real, 1623 MB
[runlim] sample:		2089.96 time, 2090.02 real, 1629 MB
[runlim] sample:		2099.97 time, 2100.02 real, 1635 MB
[runlim] sample:		2109.96 time, 2110.02 real, 1641 MB
[runlim] sample:		2119.96 time, 2120.02 real, 1646 MB
[runlim] sample:		2129.96 time, 2130.02 real, 1651 MB
[runlim] sample:		2139.96 time, 2140.02 real, 1657 MB
[runlim] sample:		2149.96 time, 2150.02 real, 1663 MB
[runlim] sample:		2159.96 time, 2160.02 real, 1668 MB
[runlim] sample:		2169.96 time, 2170.02 real, 1674 MB
[runlim] sample:		2179.97 time, 2180.02 real, 1679 MB
[runlim] sample:		2189.96 time, 2190.02 real, 1684 MB
[runlim] sample:		2199.96 time, 2200.02 real, 1689 MB
[runlim] sample:		2209.96 time, 2210.02 real, 1694 MB
[runlim] sample:		2219.96 time, 2220.02 real, 1698 MB
[runlim] sample:		2229.96 time, 2230.02 real, 1703 MB
[runlim] sample:		2239.96 time, 2240.02 real, 1708 MB
[runlim] sample:		2249.96 time, 2250.02 real, 1713 MB
[runlim] sample:		2259.96 time, 2260.02 real, 1718 MB
[runlim] sample:		2269.96 time, 2270.02 real, 1723 MB
[runlim] sample:		2279.96 time, 2280.02 real, 1729 MB
[runlim] sample:		2289.96 time, 2290.02 real, 1734 MB
[runlim] sample:		2299.96 time, 2300.02 real, 1739 MB
[runlim] sample:		2309.96 time, 2310.02 real, 1744 MB
[runlim] sample:		2319.96 time, 2320.02 real, 1749 MB
[runlim] sample:		2329.96 time, 2330.02 real, 1755 MB
[runlim] sample:		2339.95 time, 2340.02 real, 1760 MB
[runlim] sample:		2349.96 time, 2350.02 real, 1765 MB
[runlim] sample:		2359.96 time, 2360.02 real, 1771 MB
[runlim] sample:		2369.96 time, 2370.02 real, 1778 MB
[runlim] sample:		2379.96 time, 2380.02 real, 1784 MB
[runlim] sample:		2389.96 time, 2390.02 real, 1791 MB
[runlim] sample:		2399.96 time, 2400.02 real, 1798 MB
[runlim] sample:		2409.95 time, 2410.02 real, 1803 MB
[runlim] sample:		2419.95 time, 2420.02 real, 1810 MB
[runlim] sample:		2429.96 time, 2430.02 real, 1816 MB
[runlim] sample:		2439.95 time, 2440.02 real, 1821 MB
[runlim] sample:		2449.96 time, 2450.02 real, 1826 MB
[runlim] sample:		2459.95 time, 2460.02 real, 1833 MB
[runlim] sample:		2469.95 time, 2470.02 real, 1837 MB
[runlim] sample:		2479.96 time, 2480.02 real, 1842 MB
[runlim] sample:		2489.96 time, 2490.02 real, 1847 MB
[runlim] sample:		2499.96 time, 2500.02 real, 1852 MB
[runlim] sample:		2509.96 time, 2510.02 real, 1858 MB
[runlim] sample:		2519.96 time, 2520.02 real, 1863 MB
[runlim] sample:		2529.96 time, 2530.02 real, 1868 MB
[runlim] sample:		2539.95 time, 2540.02 real, 1873 MB
[runlim] sample:		2549.95 time, 2550.02 real, 1878 MB
[runlim] sample:		2559.95 time, 2560.02 real, 1884 MB
[runlim] sample:		2569.96 time, 2570.02 real, 1890 MB
[runlim] sample:		2579.96 time, 2580.02 real, 1894 MB
[runlim] sample:		2589.96 time, 2590.02 real, 1900 MB
[runlim] sample:		2599.95 time, 2600.02 real, 1905 MB
[runlim] sample:		2609.96 time, 2610.02 real, 1912 MB
[runlim] sample:		2619.96 time, 2620.02 real, 1917 MB
[runlim] sample:		2629.96 time, 2630.02 real, 1922 MB
[runlim] sample:		2639.96 time, 2640.02 real, 1927 MB
[runlim] sample:		2649.95 time, 2650.02 real, 1933 MB
[runlim] sample:		2659.95 time, 2660.02 real, 1939 MB
[runlim] sample:		2669.96 time, 2670.02 real, 1945 MB
[runlim] sample:		2679.95 time, 2680.02 real, 1950 MB
[runlim] sample:		2689.95 time, 2690.02 real, 1955 MB
[runlim] sample:		2699.95 time, 2700.02 real, 1961 MB
[runlim] end:			Thu Feb 27 09:44:12 2020
[runlim] status:		out of time
[runlim] result:		2
[runlim] children:		1
[runlim] real:			2700.13 seconds
[runlim] time:			2699.95 seconds
[runlim] space:			1961 MB
[runlim] samples:		27000
