[runlim] version:		1.18
[runlim] host:			c3n20
[runlim] time limit:		2700 seconds
[runlim] real time limit:	2700 seconds
[runlim] space limit:		7000 MB
[runlim] argv[0]:		./binary
[runlim] argv[1]:		/data/cnf/ankit/RSet1/stmt25_52_53.dqbf
[runlim] start:			Thu Feb 27 08:59:11 2020
[runlim] child:			9315
[runlim] sample:		9.94 time, 10.02 real, 28 MB
[runlim] sample:		19.94 time, 20.02 real, 43 MB
[runlim] sample:		29.94 time, 30.02 real, 57 MB
[runlim] sample:		39.94 time, 40.02 real, 71 MB
[runlim] sample:		49.94 time, 50.02 real, 85 MB
[runlim] sample:		59.94 time, 60.02 real, 98 MB
[runlim] sample:		69.94 time, 70.02 real, 111 MB
[runlim] sample:		79.94 time, 80.02 real, 124 MB
[runlim] sample:		89.94 time, 90.02 real, 137 MB
[runlim] sample:		99.94 time, 100.02 real, 150 MB
[runlim] sample:		109.94 time, 110.02 real, 163 MB
[runlim] sample:		119.94 time, 120.02 real, 175 MB
[runlim] sample:		129.94 time, 130.02 real, 186 MB
[runlim] sample:		139.94 time, 140.02 real, 197 MB
[runlim] sample:		149.94 time, 150.02 real, 208 MB
[runlim] sample:		159.94 time, 160.02 real, 221 MB
[runlim] sample:		169.93 time, 170.02 real, 233 MB
[runlim] sample:		179.93 time, 180.02 real, 244 MB
[runlim] sample:		189.94 time, 190.02 real, 255 MB
[runlim] sample:		199.94 time, 200.02 real, 266 MB
[runlim] sample:		209.94 time, 210.02 real, 278 MB
[runlim] sample:		219.94 time, 220.02 real, 288 MB
[runlim] sample:		229.93 time, 230.02 real, 299 MB
[runlim] sample:		239.93 time, 240.02 real, 310 MB
[runlim] sample:		249.93 time, 250.02 real, 322 MB
[runlim] sample:		259.93 time, 260.02 real, 332 MB
[runlim] sample:		269.94 time, 270.02 real, 342 MB
[runlim] sample:		279.93 time, 280.02 real, 353 MB
[runlim] sample:		289.94 time, 290.02 real, 364 MB
[runlim] sample:		299.94 time, 300.02 real, 375 MB
[runlim] sample:		309.93 time, 310.02 real, 385 MB
[runlim] sample:		319.94 time, 320.02 real, 395 MB
[runlim] sample:		329.93 time, 330.02 real, 405 MB
[runlim] sample:		339.94 time, 340.02 real, 415 MB
[runlim] sample:		349.94 time, 350.02 real, 425 MB
[runlim] sample:		359.93 time, 360.02 real, 434 MB
[runlim] sample:		369.94 time, 370.02 real, 443 MB
[runlim] sample:		379.94 time, 380.02 real, 453 MB
[runlim] sample:		389.94 time, 390.02 real, 462 MB
[runlim] sample:		399.94 time, 400.02 real, 471 MB
[runlim] sample:		409.93 time, 410.02 real, 481 MB
[runlim] sample:		419.93 time, 420.02 real, 490 MB
[runlim] sample:		429.93 time, 430.02 real, 499 MB
[runlim] sample:		439.94 time, 440.02 real, 508 MB
[runlim] sample:		449.94 time, 450.02 real, 516 MB
[runlim] sample:		459.93 time, 460.02 real, 525 MB
[runlim] sample:		469.94 time, 470.02 real, 534 MB
[runlim] sample:		479.93 time, 480.02 real, 542 MB
[runlim] sample:		489.94 time, 490.02 real, 551 MB
[runlim] sample:		499.93 time, 500.02 real, 559 MB
[runlim] sample:		509.93 time, 510.02 real, 568 MB
[runlim] sample:		519.93 time, 520.02 real, 576 MB
[runlim] sample:		529.94 time, 530.02 real, 584 MB
[runlim] sample:		539.93 time, 540.02 real, 595 MB
[runlim] sample:		549.93 time, 550.02 real, 604 MB
[runlim] sample:		559.93 time, 560.02 real, 613 MB
[runlim] sample:		569.93 time, 570.02 real, 621 MB
[runlim] sample:		579.93 time, 580.02 real, 629 MB
[runlim] sample:		589.93 time, 590.02 real, 638 MB
[runlim] sample:		599.93 time, 600.02 real, 646 MB
[runlim] sample:		609.93 time, 610.02 real, 653 MB
[runlim] sample:		619.93 time, 620.02 real, 661 MB
[runlim] sample:		629.93 time, 630.02 real, 668 MB
[runlim] sample:		639.93 time, 640.02 real, 675 MB
[runlim] sample:		649.93 time, 650.02 real, 682 MB
[runlim] sample:		659.93 time, 660.02 real, 690 MB
[runlim] sample:		669.93 time, 670.02 real, 698 MB
[runlim] sample:		679.93 time, 680.02 real, 706 MB
[runlim] sample:		689.93 time, 690.02 real, 714 MB
[runlim] sample:		699.93 time, 700.02 real, 722 MB
[runlim] sample:		709.93 time, 710.02 real, 729 MB
[runlim] sample:		719.93 time, 720.02 real, 736 MB
[runlim] sample:		729.93 time, 730.02 real, 743 MB
[runlim] sample:		739.93 time, 740.02 real, 750 MB
[runlim] sample:		749.93 time, 750.02 real, 757 MB
[runlim] sample:		759.93 time, 760.02 real, 765 MB
[runlim] sample:		769.93 time, 770.02 real, 773 MB
[runlim] sample:		779.93 time, 780.02 real, 781 MB
[runlim] sample:		789.93 time, 790.02 real, 788 MB
[runlim] sample:		799.93 time, 800.02 real, 797 MB
[runlim] sample:		809.93 time, 810.02 real, 805 MB
[runlim] sample:		819.93 time, 820.02 real, 812 MB
[runlim] sample:		829.93 time, 830.02 real, 820 MB
[runlim] sample:		839.93 time, 840.02 real, 828 MB
[runlim] sample:		849.93 time, 850.02 real, 835 MB
[runlim] sample:		859.93 time, 860.02 real, 842 MB
[runlim] sample:		869.93 time, 870.02 real, 849 MB
[runlim] sample:		879.93 time, 880.02 real, 856 MB
[runlim] sample:		889.92 time, 890.02 real, 864 MB
[runlim] sample:		899.93 time, 900.02 real, 871 MB
[runlim] sample:		909.93 time, 910.02 real, 879 MB
[runlim] sample:		919.93 time, 920.02 real, 886 MB
[runlim] sample:		929.93 time, 930.02 real, 892 MB
[runlim] sample:		939.93 time, 940.02 real, 899 MB
[runlim] sample:		949.92 time, 950.02 real, 906 MB
[runlim] sample:		959.93 time, 960.02 real, 914 MB
[runlim] sample:		969.93 time, 970.02 real, 921 MB
[runlim] sample:		979.92 time, 980.02 real, 928 MB
[runlim] sample:		989.93 time, 990.02 real, 935 MB
[runlim] sample:		999.93 time, 1000.02 real, 942 MB
[runlim] sample:		1009.93 time, 1010.02 real, 948 MB
[runlim] sample:		1019.92 time, 1020.02 real, 957 MB
[runlim] sample:		1029.92 time, 1030.02 real, 963 MB
[runlim] sample:		1039.92 time, 1040.02 real, 970 MB
[runlim] sample:		1049.93 time, 1050.02 real, 977 MB
[runlim] sample:		1059.93 time, 1060.02 real, 985 MB
[runlim] sample:		1069.93 time, 1070.02 real, 992 MB
[runlim] sample:		1079.92 time, 1080.02 real, 999 MB
[runlim] sample:		1089.92 time, 1090.02 real, 1006 MB
[runlim] sample:		1099.93 time, 1100.02 real, 1014 MB
[runlim] sample:		1109.93 time, 1110.02 real, 1020 MB
[runlim] sample:		1119.92 time, 1120.02 real, 1028 MB
[runlim] sample:		1129.92 time, 1130.02 real, 1034 MB
[runlim] sample:		1139.93 time, 1140.02 real, 1041 MB
[runlim] sample:		1149.92 time, 1150.02 real, 1047 MB
[runlim] sample:		1159.92 time, 1160.02 real, 1053 MB
[runlim] sample:		1169.92 time, 1170.02 real, 1059 MB
[runlim] sample:		1179.92 time, 1180.02 real, 1065 MB
[runlim] sample:		1189.93 time, 1190.02 real, 1070 MB
[runlim] sample:		1199.92 time, 1200.02 real, 1077 MB
[runlim] sample:		1209.92 time, 1210.02 real, 1083 MB
[runlim] sample:		1219.92 time, 1220.02 real, 1090 MB
[runlim] sample:		1229.93 time, 1230.02 real, 1098 MB
[runlim] sample:		1239.92 time, 1240.02 real, 1105 MB
[runlim] sample:		1249.92 time, 1250.02 real, 1111 MB
[runlim] sample:		1259.92 time, 1260.02 real, 1119 MB
[runlim] sample:		1269.92 time, 1270.02 real, 1127 MB
[runlim] sample:		1279.92 time, 1280.02 real, 1133 MB
[runlim] sample:		1289.92 time, 1290.02 real, 1138 MB
[runlim] sample:		1299.92 time, 1300.02 real, 1144 MB
[runlim] sample:		1309.92 time, 1310.02 real, 1150 MB
[runlim] sample:		1319.92 time, 1320.02 real, 1156 MB
[runlim] sample:		1329.92 time, 1330.02 real, 1162 MB
[runlim] sample:		1339.92 time, 1340.02 real, 1168 MB
[runlim] sample:		1349.92 time, 1350.02 real, 1174 MB
[runlim] sample:		1359.91 time, 1360.02 real, 1181 MB
[runlim] sample:		1369.92 time, 1370.02 real, 1187 MB
[runlim] sample:		1379.92 time, 1380.02 real, 1192 MB
[runlim] sample:		1389.92 time, 1390.02 real, 1198 MB
[runlim] sample:		1399.92 time, 1400.02 real, 1203 MB
[runlim] sample:		1409.92 time, 1410.02 real, 1209 MB
[runlim] sample:		1419.92 time, 1420.02 real, 1215 MB
[runlim] sample:		1429.92 time, 1430.02 real, 1221 MB
[runlim] sample:		1439.92 time, 1440.02 real, 1226 MB
[runlim] sample:		1449.92 time, 1450.02 real, 1232 MB
[runlim] sample:		1459.92 time, 1460.02 real, 1238 MB
[runlim] sample:		1469.91 time, 1470.02 real, 1244 MB
[runlim] sample:		1479.92 time, 1480.02 real, 1250 MB
[runlim] sample:		1489.92 time, 1490.02 real, 1256 MB
[runlim] sample:		1499.91 time, 1500.02 real, 1262 MB
[runlim] sample:		1509.91 time, 1510.02 real, 1267 MB
[runlim] sample:		1519.91 time, 1520.02 real, 1273 MB
[runlim] sample:		1529.91 time, 1530.02 real, 1279 MB
[runlim] sample:		1539.91 time, 1540.02 real, 1285 MB
[runlim] sample:		1549.92 time, 1550.02 real, 1292 MB
[runlim] sample:		1559.92 time, 1560.02 real, 1300 MB
[runlim] sample:		1569.92 time, 1570.02 real, 1306 MB
[runlim] sample:		1579.91 time, 1580.02 real, 1311 MB
[runlim] sample:		1589.91 time, 1590.02 real, 1316 MB
[runlim] sample:		1599.91 time, 1600.02 real, 1322 MB
[runlim] sample:		1609.91 time, 1610.02 real, 1328 MB
[runlim] sample:		1619.92 time, 1620.02 real, 1334 MB
[runlim] sample:		1629.91 time, 1630.02 real, 1339 MB
[runlim] sample:		1639.92 time, 1640.02 real, 1344 MB
[runlim] sample:		1649.91 time, 1650.02 real, 1349 MB
[runlim] sample:		1659.91 time, 1660.02 real, 1355 MB
[runlim] sample:		1669.91 time, 1670.02 real, 1360 MB
[runlim] sample:		1679.91 time, 1680.02 real, 1365 MB
[runlim] sample:		1689.91 time, 1690.02 real, 1370 MB
[runlim] sample:		1699.91 time, 1700.02 real, 1375 MB
[runlim] sample:		1709.91 time, 1710.02 real, 1380 MB
[runlim] sample:		1719.91 time, 1720.02 real, 1385 MB
[runlim] sample:		1729.91 time, 1730.02 real, 1391 MB
[runlim] sample:		1739.90 time, 1740.02 real, 1396 MB
[runlim] sample:		1749.91 time, 1750.02 real, 1401 MB
[runlim] sample:		1759.91 time, 1760.02 real, 1406 MB
[runlim] sample:		1769.91 time, 1770.02 real, 1411 MB
[runlim] sample:		1779.91 time, 1780.02 real, 1416 MB
[runlim] sample:		1789.90 time, 1790.02 real, 1422 MB
[runlim] sample:		1799.91 time, 1800.02 real, 1429 MB
[runlim] sample:		1809.90 time, 1810.02 real, 1435 MB
[runlim] sample:		1819.91 time, 1820.02 real, 1439 MB
[runlim] sample:		1829.91 time, 1830.02 real, 1444 MB
[runlim] sample:		1839.90 time, 1840.02 real, 1449 MB
[runlim] sample:		1849.91 time, 1850.02 real, 1457 MB
[runlim] sample:		1859.90 time, 1860.02 real, 1462 MB
[runlim] sample:		1869.91 time, 1870.02 real, 1467 MB
[runlim] sample:		1879.91 time, 1880.02 real, 1471 MB
[runlim] sample:		1889.91 time, 1890.02 real, 1477 MB
[runlim] sample:		1899.91 time, 1900.02 real, 1483 MB
[runlim] sample:		1909.90 time, 1910.02 real, 1488 MB
[runlim] sample:		1919.91 time, 1920.02 real, 1493 MB
[runlim] sample:		1929.90 time, 1930.02 real, 1501 MB
[runlim] sample:		1939.91 time, 1940.02 real, 1506 MB
[runlim] sample:		1949.91 time, 1950.02 real, 1511 MB
[runlim] sample:		1959.91 time, 1960.02 real, 1516 MB
[runlim] sample:		1969.90 time, 1970.02 real, 1521 MB
[runlim] sample:		1979.90 time, 1980.02 real, 1526 MB
[runlim] sample:		1989.91 time, 1990.02 real, 1532 MB
[runlim] sample:		1999.90 time, 2000.02 real, 1537 MB
[runlim] sample:		2009.91 time, 2010.02 real, 1543 MB
[runlim] sample:		2019.90 time, 2020.02 real, 1548 MB
[runlim] sample:		2029.90 time, 2030.02 real, 1554 MB
[runlim] sample:		2039.90 time, 2040.02 real, 1561 MB
[runlim] sample:		2049.91 time, 2050.02 real, 1567 MB
[runlim] sample:		2059.90 time, 2060.02 real, 1572 MB
[runlim] sample:		2069.91 time, 2070.02 real, 1577 MB
[runlim] sample:		2079.90 time, 2080.02 real, 1582 MB
[runlim] sample:		2089.91 time, 2090.02 real, 1587 MB
[runlim] sample:		2099.90 time, 2100.02 real, 1592 MB
[runlim] sample:		2109.90 time, 2110.02 real, 1597 MB
[runlim] sample:		2119.90 time, 2120.02 real, 1602 MB
[runlim] sample:		2129.90 time, 2130.02 real, 1607 MB
[runlim] sample:		2139.90 time, 2140.02 real, 1612 MB
[runlim] sample:		2149.91 time, 2150.02 real, 1617 MB
[runlim] sample:		2159.90 time, 2160.02 real, 1622 MB
[runlim] sample:		2169.90 time, 2170.02 real, 1627 MB
[runlim] sample:		2179.90 time, 2180.02 real, 1632 MB
[runlim] sample:		2189.90 time, 2190.02 real, 1637 MB
[runlim] sample:		2199.90 time, 2200.02 real, 1643 MB
[runlim] sample:		2209.90 time, 2210.02 real, 1648 MB
[runlim] sample:		2219.90 time, 2220.02 real, 1656 MB
[runlim] sample:		2229.90 time, 2230.02 real, 1661 MB
[runlim] sample:		2239.90 time, 2240.02 real, 1666 MB
[runlim] sample:		2249.90 time, 2250.02 real, 1671 MB
[runlim] sample:		2259.90 time, 2260.02 real, 1676 MB
[runlim] sample:		2269.90 time, 2270.02 real, 1681 MB
[runlim] sample:		2279.90 time, 2280.02 real, 1686 MB
[runlim] sample:		2289.90 time, 2290.02 real, 1691 MB
[runlim] sample:		2299.90 time, 2300.02 real, 1696 MB
[runlim] sample:		2309.90 time, 2310.02 real, 1702 MB
[runlim] sample:		2319.90 time, 2320.02 real, 1708 MB
[runlim] sample:		2329.90 time, 2330.02 real, 1712 MB
[runlim] sample:		2339.90 time, 2340.02 real, 1717 MB
[runlim] sample:		2349.90 time, 2350.02 real, 1723 MB
[runlim] sample:		2359.89 time, 2360.02 real, 1728 MB
[runlim] sample:		2369.90 time, 2370.02 real, 1735 MB
[runlim] sample:		2379.90 time, 2380.02 real, 1740 MB
[runlim] sample:		2389.89 time, 2390.02 real, 1745 MB
[runlim] sample:		2399.90 time, 2400.02 real, 1750 MB
[runlim] sample:		2409.90 time, 2410.02 real, 1755 MB
[runlim] sample:		2419.90 time, 2420.02 real, 1762 MB
[runlim] sample:		2429.90 time, 2430.02 real, 1768 MB
[runlim] sample:		2439.89 time, 2440.02 real, 1774 MB
[runlim] sample:		2449.90 time, 2450.02 real, 1779 MB
[runlim] sample:		2459.89 time, 2460.02 real, 1784 MB
[runlim] sample:		2469.90 time, 2470.02 real, 1789 MB
[runlim] sample:		2479.90 time, 2480.02 real, 1795 MB
[runlim] sample:		2489.90 time, 2490.02 real, 1800 MB
[runlim] sample:		2499.89 time, 2500.02 real, 1805 MB
[runlim] sample:		2509.90 time, 2510.02 real, 1810 MB
[runlim] sample:		2519.90 time, 2520.02 real, 1815 MB
[runlim] sample:		2529.89 time, 2530.02 real, 1820 MB
[runlim] sample:		2539.90 time, 2540.02 real, 1825 MB
[runlim] sample:		2549.89 time, 2550.02 real, 1831 MB
[runlim] sample:		2559.89 time, 2560.02 real, 1835 MB
[runlim] sample:		2569.90 time, 2570.02 real, 1840 MB
[runlim] sample:		2579.90 time, 2580.02 real, 1845 MB
[runlim] sample:		2589.90 time, 2590.02 real, 1850 MB
[runlim] sample:		2599.90 time, 2600.02 real, 1856 MB
[runlim] sample:		2609.89 time, 2610.02 real, 1861 MB
[runlim] sample:		2619.89 time, 2620.02 real, 1865 MB
[runlim] sample:		2629.90 time, 2630.02 real, 1870 MB
[runlim] sample:		2639.89 time, 2640.02 real, 1874 MB
[runlim] sample:		2649.89 time, 2650.02 real, 1879 MB
[runlim] sample:		2659.89 time, 2660.02 real, 1884 MB
[runlim] sample:		2669.89 time, 2670.02 real, 1891 MB
[runlim] sample:		2679.89 time, 2680.02 real, 1897 MB
[runlim] sample:		2689.89 time, 2690.02 real, 1902 MB
[runlim] sample:		2699.89 time, 2700.02 real, 1908 MB
[runlim] end:			Thu Feb 27 09:44:11 2020
[runlim] status:		out of time
[runlim] result:		2
[runlim] children:		1
[runlim] real:			2700.13 seconds
[runlim] time:			2699.89 seconds
[runlim] space:			1908 MB
[runlim] samples:		27000
