[runlim] version:		1.18
[runlim] host:			c3n18
[runlim] time limit:		2700 seconds
[runlim] real time limit:	2700 seconds
[runlim] space limit:		7000 MB
[runlim] argv[0]:		./binary
[runlim] argv[1]:		/data/cnf/ankit/RSet1/stmt44_554_555.dqbf
[runlim] start:			Thu Feb 27 08:59:11 2020
[runlim] child:			7075
[runlim] sample:		8.77 time, 10.02 real, 18 MB
[runlim] sample:		18.77 time, 20.02 real, 29 MB
[runlim] sample:		28.77 time, 30.02 real, 40 MB
[runlim] sample:		38.78 time, 40.02 real, 49 MB
[runlim] sample:		48.77 time, 50.02 real, 57 MB
[runlim] sample:		58.77 time, 60.02 real, 66 MB
[runlim] sample:		68.77 time, 70.02 real, 73 MB
[runlim] sample:		78.77 time, 80.02 real, 80 MB
[runlim] sample:		88.77 time, 90.02 real, 88 MB
[runlim] sample:		98.77 time, 100.02 real, 95 MB
[runlim] sample:		108.77 time, 110.02 real, 100 MB
[runlim] sample:		118.77 time, 120.02 real, 107 MB
[runlim] sample:		128.77 time, 130.02 real, 112 MB
[runlim] sample:		138.77 time, 140.02 real, 118 MB
[runlim] sample:		148.77 time, 150.02 real, 124 MB
[runlim] sample:		158.78 time, 160.02 real, 130 MB
[runlim] sample:		168.77 time, 170.02 real, 135 MB
[runlim] sample:		178.78 time, 180.02 real, 141 MB
[runlim] sample:		188.77 time, 190.02 real, 146 MB
[runlim] sample:		198.77 time, 200.02 real, 151 MB
[runlim] sample:		208.78 time, 210.02 real, 156 MB
[runlim] sample:		218.77 time, 220.02 real, 162 MB
[runlim] sample:		228.77 time, 230.02 real, 168 MB
[runlim] sample:		238.78 time, 240.02 real, 173 MB
[runlim] sample:		248.77 time, 250.02 real, 179 MB
[runlim] sample:		258.78 time, 260.02 real, 184 MB
[runlim] sample:		268.77 time, 270.02 real, 188 MB
[runlim] sample:		278.78 time, 280.02 real, 193 MB
[runlim] sample:		288.77 time, 290.02 real, 199 MB
[runlim] sample:		298.77 time, 300.02 real, 203 MB
[runlim] sample:		308.77 time, 310.02 real, 207 MB
[runlim] sample:		318.77 time, 320.02 real, 212 MB
[runlim] sample:		328.77 time, 330.02 real, 216 MB
[runlim] sample:		338.77 time, 340.02 real, 220 MB
[runlim] sample:		348.77 time, 350.02 real, 225 MB
[runlim] sample:		358.77 time, 360.02 real, 228 MB
[runlim] sample:		368.77 time, 370.02 real, 232 MB
[runlim] sample:		378.78 time, 380.02 real, 235 MB
[runlim] sample:		388.77 time, 390.02 real, 240 MB
[runlim] sample:		398.77 time, 400.02 real, 244 MB
[runlim] sample:		408.78 time, 410.02 real, 248 MB
[runlim] sample:		418.78 time, 420.02 real, 252 MB
[runlim] sample:		428.78 time, 430.02 real, 255 MB
[runlim] sample:		438.77 time, 440.02 real, 258 MB
[runlim] sample:		448.77 time, 450.02 real, 262 MB
[runlim] sample:		458.77 time, 460.02 real, 265 MB
[runlim] sample:		468.77 time, 470.02 real, 269 MB
[runlim] sample:		478.77 time, 480.02 real, 272 MB
[runlim] sample:		488.77 time, 490.02 real, 276 MB
[runlim] sample:		498.77 time, 500.02 real, 280 MB
[runlim] sample:		508.77 time, 510.02 real, 285 MB
[runlim] sample:		518.77 time, 520.02 real, 289 MB
[runlim] sample:		528.77 time, 530.02 real, 291 MB
[runlim] sample:		538.77 time, 540.02 real, 294 MB
[runlim] sample:		548.77 time, 550.02 real, 297 MB
[runlim] sample:		558.77 time, 560.02 real, 302 MB
[runlim] sample:		568.77 time, 570.02 real, 305 MB
[runlim] sample:		578.77 time, 580.02 real, 308 MB
[runlim] sample:		588.77 time, 590.02 real, 311 MB
[runlim] sample:		598.77 time, 600.02 real, 315 MB
[runlim] sample:		608.77 time, 610.02 real, 317 MB
[runlim] sample:		618.77 time, 620.02 real, 321 MB
[runlim] sample:		628.77 time, 630.02 real, 324 MB
[runlim] sample:		638.77 time, 640.02 real, 327 MB
[runlim] sample:		648.77 time, 650.02 real, 331 MB
[runlim] sample:		658.77 time, 660.02 real, 334 MB
[runlim] sample:		668.77 time, 670.02 real, 337 MB
[runlim] sample:		678.77 time, 680.02 real, 339 MB
[runlim] sample:		688.77 time, 690.02 real, 342 MB
[runlim] sample:		698.77 time, 700.02 real, 344 MB
[runlim] sample:		708.76 time, 710.02 real, 347 MB
[runlim] sample:		718.77 time, 720.02 real, 350 MB
[runlim] sample:		728.77 time, 730.02 real, 354 MB
[runlim] sample:		738.77 time, 740.02 real, 356 MB
[runlim] sample:		748.77 time, 750.02 real, 358 MB
[runlim] sample:		758.77 time, 760.02 real, 361 MB
[runlim] sample:		768.77 time, 770.02 real, 366 MB
[runlim] sample:		778.77 time, 780.02 real, 369 MB
[runlim] sample:		788.77 time, 790.02 real, 371 MB
[runlim] sample:		798.76 time, 800.02 real, 373 MB
[runlim] sample:		808.76 time, 810.02 real, 376 MB
[runlim] sample:		818.77 time, 820.02 real, 379 MB
[runlim] sample:		828.77 time, 830.02 real, 382 MB
[runlim] sample:		838.77 time, 840.02 real, 385 MB
[runlim] sample:		848.76 time, 850.02 real, 388 MB
[runlim] sample:		858.77 time, 860.02 real, 390 MB
[runlim] sample:		868.76 time, 870.02 real, 393 MB
[runlim] sample:		878.77 time, 880.02 real, 397 MB
[runlim] sample:		888.77 time, 890.02 real, 399 MB
[runlim] sample:		898.76 time, 900.02 real, 401 MB
[runlim] sample:		908.77 time, 910.02 real, 404 MB
[runlim] sample:		918.77 time, 920.02 real, 407 MB
[runlim] sample:		928.76 time, 930.02 real, 409 MB
[runlim] sample:		938.77 time, 940.02 real, 411 MB
[runlim] sample:		948.77 time, 950.02 real, 414 MB
[runlim] sample:		958.76 time, 960.02 real, 416 MB
[runlim] sample:		968.77 time, 970.02 real, 419 MB
[runlim] sample:		978.76 time, 980.02 real, 421 MB
[runlim] sample:		988.77 time, 990.02 real, 425 MB
[runlim] sample:		998.77 time, 1000.02 real, 427 MB
[runlim] sample:		1008.76 time, 1010.02 real, 429 MB
[runlim] sample:		1018.77 time, 1020.02 real, 432 MB
[runlim] sample:		1028.76 time, 1030.02 real, 433 MB
[runlim] sample:		1038.77 time, 1040.02 real, 436 MB
[runlim] sample:		1048.77 time, 1050.02 real, 438 MB
[runlim] sample:		1058.77 time, 1060.02 real, 441 MB
[runlim] sample:		1068.77 time, 1070.02 real, 444 MB
[runlim] sample:		1078.77 time, 1080.02 real, 445 MB
[runlim] sample:		1088.77 time, 1090.02 real, 449 MB
[runlim] sample:		1098.76 time, 1100.02 real, 451 MB
[runlim] sample:		1108.77 time, 1110.02 real, 454 MB
[runlim] sample:		1118.77 time, 1120.02 real, 455 MB
[runlim] sample:		1128.77 time, 1130.02 real, 457 MB
[runlim] sample:		1138.76 time, 1140.02 real, 461 MB
[runlim] sample:		1148.76 time, 1150.02 real, 463 MB
[runlim] sample:		1158.77 time, 1160.02 real, 465 MB
[runlim] sample:		1168.76 time, 1170.02 real, 467 MB
[runlim] sample:		1178.77 time, 1180.02 real, 469 MB
[runlim] sample:		1188.77 time, 1190.02 real, 470 MB
[runlim] sample:		1198.76 time, 1200.02 real, 472 MB
[runlim] sample:		1208.76 time, 1210.02 real, 474 MB
[runlim] sample:		1218.76 time, 1220.02 real, 476 MB
[runlim] sample:		1228.76 time, 1230.02 real, 479 MB
[runlim] sample:		1238.76 time, 1240.02 real, 481 MB
[runlim] sample:		1248.76 time, 1250.02 real, 483 MB
[runlim] sample:		1258.76 time, 1260.02 real, 484 MB
[runlim] sample:		1268.76 time, 1270.02 real, 487 MB
[runlim] sample:		1278.77 time, 1280.02 real, 490 MB
[runlim] sample:		1288.76 time, 1290.02 real, 492 MB
[runlim] sample:		1298.76 time, 1300.02 real, 494 MB
[runlim] sample:		1308.77 time, 1310.02 real, 496 MB
[runlim] sample:		1318.76 time, 1320.02 real, 498 MB
[runlim] sample:		1328.76 time, 1330.02 real, 501 MB
[runlim] sample:		1338.76 time, 1340.02 real, 504 MB
[runlim] sample:		1348.76 time, 1350.02 real, 506 MB
[runlim] sample:		1358.76 time, 1360.02 real, 508 MB
[runlim] sample:		1368.76 time, 1370.02 real, 510 MB
[runlim] sample:		1378.76 time, 1380.02 real, 512 MB
[runlim] sample:		1388.76 time, 1390.02 real, 514 MB
[runlim] sample:		1398.76 time, 1400.02 real, 517 MB
[runlim] sample:		1408.77 time, 1410.02 real, 519 MB
[runlim] sample:		1418.76 time, 1420.02 real, 521 MB
[runlim] sample:		1428.76 time, 1430.02 real, 523 MB
[runlim] sample:		1438.76 time, 1440.02 real, 525 MB
[runlim] sample:		1448.76 time, 1450.02 real, 526 MB
[runlim] sample:		1458.76 time, 1460.02 real, 528 MB
[runlim] sample:		1468.76 time, 1470.02 real, 530 MB
[runlim] sample:		1478.76 time, 1480.02 real, 532 MB
[runlim] sample:		1488.76 time, 1490.02 real, 534 MB
[runlim] sample:		1498.76 time, 1500.02 real, 535 MB
[runlim] sample:		1508.76 time, 1510.02 real, 537 MB
[runlim] sample:		1518.76 time, 1520.02 real, 539 MB
[runlim] sample:		1528.76 time, 1530.02 real, 540 MB
[runlim] sample:		1538.76 time, 1540.02 real, 542 MB
[runlim] sample:		1548.76 time, 1550.02 real, 547 MB
[runlim] sample:		1558.76 time, 1560.02 real, 548 MB
[runlim] sample:		1568.76 time, 1570.02 real, 549 MB
[runlim] sample:		1578.76 time, 1580.02 real, 551 MB
[runlim] sample:		1588.76 time, 1590.02 real, 552 MB
[runlim] sample:		1598.76 time, 1600.02 real, 554 MB
[runlim] sample:		1608.76 time, 1610.02 real, 556 MB
[runlim] sample:		1618.76 time, 1620.02 real, 557 MB
[runlim] sample:		1628.76 time, 1630.02 real, 559 MB
[runlim] sample:		1638.76 time, 1640.02 real, 560 MB
[runlim] sample:		1648.76 time, 1650.02 real, 562 MB
[runlim] sample:		1658.76 time, 1660.02 real, 564 MB
[runlim] sample:		1668.76 time, 1670.02 real, 566 MB
[runlim] sample:		1678.76 time, 1680.02 real, 568 MB
[runlim] sample:		1688.75 time, 1690.02 real, 569 MB
[runlim] sample:		1698.76 time, 1700.02 real, 571 MB
[runlim] sample:		1708.76 time, 1710.02 real, 574 MB
[runlim] sample:		1718.76 time, 1720.02 real, 576 MB
[runlim] sample:		1728.76 time, 1730.02 real, 578 MB
[runlim] sample:		1738.75 time, 1740.02 real, 579 MB
[runlim] sample:		1748.76 time, 1750.02 real, 580 MB
[runlim] sample:		1758.76 time, 1760.02 real, 582 MB
[runlim] sample:		1768.76 time, 1770.02 real, 584 MB
[runlim] sample:		1778.76 time, 1780.02 real, 585 MB
[runlim] sample:		1788.76 time, 1790.02 real, 587 MB
[runlim] sample:		1798.76 time, 1800.02 real, 589 MB
[runlim] sample:		1808.75 time, 1810.02 real, 590 MB
[runlim] sample:		1818.76 time, 1820.02 real, 592 MB
[runlim] sample:		1828.76 time, 1830.02 real, 595 MB
[runlim] sample:		1838.76 time, 1840.02 real, 597 MB
[runlim] sample:		1848.76 time, 1850.02 real, 599 MB
[runlim] sample:		1858.75 time, 1860.02 real, 603 MB
[runlim] sample:		1868.76 time, 1870.02 real, 604 MB
[runlim] sample:		1878.76 time, 1880.02 real, 606 MB
[runlim] sample:		1888.75 time, 1890.02 real, 607 MB
[runlim] sample:		1898.75 time, 1900.02 real, 609 MB
[runlim] sample:		1908.76 time, 1910.02 real, 611 MB
[runlim] sample:		1918.75 time, 1920.02 real, 613 MB
[runlim] sample:		1928.76 time, 1930.02 real, 615 MB
[runlim] sample:		1938.75 time, 1940.02 real, 617 MB
[runlim] sample:		1948.76 time, 1950.02 real, 618 MB
[runlim] sample:		1958.76 time, 1960.02 real, 620 MB
[runlim] sample:		1968.76 time, 1970.02 real, 622 MB
[runlim] sample:		1978.76 time, 1980.02 real, 623 MB
[runlim] sample:		1988.76 time, 1990.02 real, 625 MB
[runlim] sample:		1998.75 time, 2000.02 real, 626 MB
[runlim] sample:		2008.76 time, 2010.02 real, 628 MB
[runlim] sample:		2018.76 time, 2020.02 real, 630 MB
[runlim] sample:		2028.76 time, 2030.02 real, 632 MB
[runlim] sample:		2038.76 time, 2040.02 real, 634 MB
[runlim] sample:		2048.75 time, 2050.02 real, 635 MB
[runlim] sample:		2058.76 time, 2060.02 real, 636 MB
[runlim] sample:		2068.75 time, 2070.02 real, 638 MB
[runlim] sample:		2078.75 time, 2080.02 real, 639 MB
[runlim] sample:		2088.76 time, 2090.02 real, 640 MB
[runlim] sample:		2098.76 time, 2100.02 real, 641 MB
[runlim] sample:		2108.75 time, 2110.02 real, 644 MB
[runlim] sample:		2118.76 time, 2120.02 real, 646 MB
[runlim] sample:		2128.76 time, 2130.02 real, 647 MB
[runlim] sample:		2138.75 time, 2140.02 real, 649 MB
[runlim] sample:		2148.76 time, 2150.02 real, 650 MB
[runlim] sample:		2158.75 time, 2160.02 real, 651 MB
[runlim] sample:		2168.75 time, 2170.02 real, 653 MB
[runlim] sample:		2178.76 time, 2180.02 real, 654 MB
[runlim] sample:		2188.75 time, 2190.02 real, 655 MB
[runlim] sample:		2198.75 time, 2200.02 real, 657 MB
[runlim] sample:		2208.75 time, 2210.02 real, 658 MB
[runlim] sample:		2218.75 time, 2220.02 real, 660 MB
[runlim] sample:		2228.75 time, 2230.02 real, 661 MB
[runlim] sample:		2238.75 time, 2240.02 real, 663 MB
[runlim] sample:		2248.75 time, 2250.02 real, 666 MB
[runlim] sample:		2258.75 time, 2260.02 real, 668 MB
[runlim] sample:		2268.75 time, 2270.02 real, 669 MB
[runlim] sample:		2278.75 time, 2280.02 real, 671 MB
[runlim] sample:		2288.75 time, 2290.02 real, 672 MB
[runlim] sample:		2298.75 time, 2300.02 real, 674 MB
[runlim] sample:		2308.75 time, 2310.02 real, 676 MB
[runlim] sample:		2318.75 time, 2320.02 real, 677 MB
[runlim] sample:		2328.75 time, 2330.02 real, 681 MB
[runlim] sample:		2338.75 time, 2340.02 real, 683 MB
[runlim] sample:		2348.75 time, 2350.02 real, 684 MB
[runlim] sample:		2358.76 time, 2360.02 real, 685 MB
[runlim] sample:		2368.75 time, 2370.02 real, 687 MB
[runlim] sample:		2378.75 time, 2380.02 real, 688 MB
[runlim] sample:		2388.75 time, 2390.02 real, 689 MB
[runlim] sample:		2398.75 time, 2400.02 real, 690 MB
[runlim] sample:		2408.75 time, 2410.02 real, 692 MB
[runlim] sample:		2418.74 time, 2420.02 real, 694 MB
[runlim] sample:		2428.75 time, 2430.02 real, 695 MB
[runlim] sample:		2438.75 time, 2440.02 real, 696 MB
[runlim] sample:		2448.76 time, 2450.02 real, 697 MB
[runlim] sample:		2458.76 time, 2460.02 real, 699 MB
[runlim] sample:		2468.75 time, 2470.02 real, 700 MB
[runlim] sample:		2478.75 time, 2480.02 real, 702 MB
[runlim] sample:		2488.75 time, 2490.02 real, 704 MB
[runlim] sample:		2498.75 time, 2500.02 real, 704 MB
[runlim] sample:		2508.75 time, 2510.02 real, 706 MB
[runlim] sample:		2518.75 time, 2520.02 real, 707 MB
[runlim] sample:		2528.76 time, 2530.02 real, 708 MB
[runlim] sample:		2538.75 time, 2540.02 real, 711 MB
[runlim] sample:		2548.75 time, 2550.02 real, 713 MB
[runlim] sample:		2558.75 time, 2560.02 real, 714 MB
[runlim] sample:		2568.75 time, 2570.02 real, 716 MB
[runlim] sample:		2578.75 time, 2580.02 real, 717 MB
[runlim] sample:		2588.74 time, 2590.02 real, 719 MB
[runlim] sample:		2598.75 time, 2600.02 real, 720 MB
[runlim] sample:		2608.75 time, 2610.02 real, 721 MB
[runlim] sample:		2618.75 time, 2620.02 real, 722 MB
[runlim] sample:		2628.75 time, 2630.02 real, 723 MB
[runlim] sample:		2638.75 time, 2640.02 real, 724 MB
[runlim] sample:		2648.75 time, 2650.02 real, 727 MB
[runlim] sample:		2658.75 time, 2660.02 real, 729 MB
[runlim] sample:		2668.75 time, 2670.02 real, 731 MB
[runlim] sample:		2678.75 time, 2680.02 real, 732 MB
[runlim] sample:		2688.74 time, 2690.02 real, 733 MB
[runlim] sample:		2698.75 time, 2700.02 real, 734 MB
[runlim] end:			Thu Feb 27 09:44:11 2020
[runlim] status:		out of time
[runlim] result:		2
[runlim] children:		1
[runlim] real:			2700.15 seconds
[runlim] time:			2698.75 seconds
[runlim] space:			734 MB
[runlim] samples:		27000
