[runlim] version:		1.18
[runlim] host:			c3n27
[runlim] time limit:		2700 seconds
[runlim] real time limit:	2700 seconds
[runlim] space limit:		7000 MB
[runlim] argv[0]:		./binary
[runlim] argv[1]:		/data/cnf/ankit/RSet1/toilet_c_10_01.18.dqbf
[runlim] start:			Thu Feb 27 08:59:12 2020
[runlim] child:			4087
[runlim] sample:		9.99 time, 10.02 real, 33 MB
[runlim] sample:		20.00 time, 20.01 real, 35 MB
[runlim] sample:		30.00 time, 30.02 real, 36 MB
[runlim] sample:		40.00 time, 40.01 real, 37 MB
[runlim] sample:		50.00 time, 50.02 real, 37 MB
[runlim] sample:		59.99 time, 60.01 real, 37 MB
[runlim] sample:		70.00 time, 70.01 real, 43 MB
[runlim] sample:		80.00 time, 80.01 real, 43 MB
[runlim] sample:		90.00 time, 90.02 real, 43 MB
[runlim] sample:		100.00 time, 100.02 real, 43 MB
[runlim] sample:		110.00 time, 110.02 real, 44 MB
[runlim] sample:		120.00 time, 120.02 real, 45 MB
[runlim] sample:		130.00 time, 130.02 real, 45 MB
[runlim] sample:		140.00 time, 140.02 real, 45 MB
[runlim] sample:		150.00 time, 150.02 real, 45 MB
[runlim] sample:		160.00 time, 160.02 real, 45 MB
[runlim] sample:		170.00 time, 170.02 real, 45 MB
[runlim] sample:		180.00 time, 180.02 real, 45 MB
[runlim] sample:		190.00 time, 190.02 real, 45 MB
[runlim] end:			Thu Feb 27 09:02:30 2020
[runlim] status:		ok
[runlim] result:		0
[runlim] children:		1
[runlim] real:			197.23 seconds
[runlim] time:			197.20 seconds
[runlim] space:			45 MB
[runlim] samples:		1972
