[runlim] version:		1.18
[runlim] host:			c3n27
[runlim] time limit:		2700 seconds
[runlim] real time limit:	2700 seconds
[runlim] space limit:		7000 MB
[runlim] argv[0]:		./binary
[runlim] argv[1]:		/data/cnf/ankit/RSet1/toilet_c_10_01.19.dqbf
[runlim] start:			Thu Feb 27 08:59:12 2020
[runlim] child:			4079
[runlim] sample:		9.97 time, 10.02 real, 28 MB
[runlim] sample:		19.96 time, 20.02 real, 36 MB
[runlim] sample:		29.97 time, 30.01 real, 37 MB
[runlim] sample:		39.97 time, 40.01 real, 38 MB
[runlim] sample:		49.97 time, 50.01 real, 39 MB
[runlim] sample:		59.97 time, 60.01 real, 39 MB
[runlim] end:			Thu Feb 27 09:00:20 2020
[runlim] status:		ok
[runlim] result:		0
[runlim] children:		1
[runlim] real:			67.16 seconds
[runlim] time:			67.07 seconds
[runlim] space:			48 MB
[runlim] samples:		671
