[runlim] version:		1.18
[runlim] host:			c3n27
[runlim] time limit:		2700 seconds
[runlim] real time limit:	2700 seconds
[runlim] space limit:		7000 MB
[runlim] argv[0]:		./binary
[runlim] argv[1]:		/data/cnf/ankit/RSet1/toilet_c_10_01.17.dqbf
[runlim] start:			Thu Feb 27 08:59:12 2020
[runlim] child:			4088
[runlim] sample:		10.00 time, 10.02 real, 28 MB
[runlim] sample:		19.99 time, 20.02 real, 36 MB
[runlim] sample:		30.00 time, 30.01 real, 37 MB
[runlim] sample:		40.00 time, 40.01 real, 38 MB
[runlim] sample:		50.00 time, 50.01 real, 38 MB
[runlim] end:			Thu Feb 27 09:00:09 2020
[runlim] status:		ok
[runlim] result:		0
[runlim] children:		1
[runlim] real:			56.42 seconds
[runlim] time:			56.40 seconds
[runlim] space:			49 MB
[runlim] samples:		564
