[runlim] version:		1.18
[runlim] host:			c3n01
[runlim] time limit:		2700 seconds
[runlim] real time limit:	2700 seconds
[runlim] space limit:		7000 MB
[runlim] argv[0]:		./binary
[runlim] argv[1]:		/data/cnf/ankit/Set1/s5378_1_0.qdimacs
[runlim] start:			Thu Feb 27 05:42:06 2020
[runlim] child:			23221
[runlim] sample:		10.01 time, 10.02 real, 42 MB
[runlim] sample:		20.00 time, 20.02 real, 46 MB
[runlim] sample:		30.01 time, 30.02 real, 73 MB
[runlim] sample:		40.00 time, 40.02 real, 74 MB
[runlim] sample:		50.00 time, 50.02 real, 74 MB
[runlim] sample:		60.01 time, 60.02 real, 74 MB
[runlim] sample:		70.00 time, 70.02 real, 109 MB
[runlim] sample:		80.00 time, 80.02 real, 73 MB
[runlim] sample:		90.00 time, 90.02 real, 109 MB
[runlim] sample:		100.00 time, 100.02 real, 73 MB
[runlim] sample:		110.00 time, 110.02 real, 73 MB
[runlim] sample:		120.00 time, 120.02 real, 73 MB
[runlim] sample:		130.00 time, 130.02 real, 118 MB
[runlim] sample:		140.00 time, 140.02 real, 73 MB
[runlim] sample:		150.00 time, 150.02 real, 110 MB
[runlim] sample:		160.00 time, 160.02 real, 113 MB
[runlim] sample:		170.00 time, 170.02 real, 119 MB
[runlim] sample:		180.00 time, 180.02 real, 120 MB
[runlim] sample:		190.00 time, 190.02 real, 118 MB
[runlim] sample:		200.00 time, 200.02 real, 115 MB
[runlim] sample:		210.00 time, 210.02 real, 114 MB
[runlim] sample:		220.00 time, 220.02 real, 112 MB
[runlim] sample:		230.00 time, 230.02 real, 107 MB
[runlim] sample:		240.00 time, 240.02 real, 132 MB
[runlim] sample:		250.00 time, 250.02 real, 128 MB
[runlim] sample:		260.00 time, 260.02 real, 124 MB
[runlim] sample:		270.00 time, 270.02 real, 119 MB
[runlim] sample:		279.99 time, 280.02 real, 111 MB
[runlim] sample:		289.99 time, 290.02 real, 137 MB
[runlim] sample:		300.00 time, 300.02 real, 131 MB
[runlim] sample:		309.99 time, 310.02 real, 124 MB
[runlim] sample:		320.00 time, 320.02 real, 111 MB
[runlim] sample:		330.00 time, 330.02 real, 137 MB
[runlim] sample:		340.00 time, 340.02 real, 127 MB
[runlim] sample:		350.00 time, 350.02 real, 111 MB
[runlim] sample:		360.00 time, 360.02 real, 132 MB
[runlim] sample:		370.01 time, 370.02 real, 116 MB
[runlim] sample:		380.00 time, 380.02 real, 142 MB
[runlim] sample:		390.00 time, 390.02 real, 139 MB
[runlim] sample:		400.00 time, 400.02 real, 131 MB
[runlim] sample:		410.00 time, 410.02 real, 121 MB
[runlim] sample:		420.00 time, 420.02 real, 113 MB
[runlim] sample:		430.00 time, 430.02 real, 143 MB
[runlim] sample:		440.00 time, 440.02 real, 135 MB
[runlim] sample:		450.00 time, 450.02 real, 124 MB
[runlim] sample:		460.00 time, 460.02 real, 111 MB
[runlim] sample:		470.00 time, 470.02 real, 141 MB
[runlim] sample:		480.00 time, 480.02 real, 129 MB
[runlim] sample:		490.00 time, 490.02 real, 114 MB
[runlim] sample:		500.00 time, 500.02 real, 142 MB
[runlim] sample:		510.00 time, 510.02 real, 114 MB
[runlim] sample:		520.00 time, 520.02 real, 131 MB
[runlim] sample:		530.00 time, 530.02 real, 143 MB
[runlim] sample:		540.00 time, 540.02 real, 151 MB
[runlim] sample:		550.00 time, 550.02 real, 120 MB
[runlim] sample:		560.00 time, 560.02 real, 133 MB
[runlim] sample:		570.00 time, 570.02 real, 143 MB
[runlim] sample:		580.00 time, 580.02 real, 151 MB
[runlim] sample:		590.00 time, 590.02 real, 117 MB
[runlim] sample:		600.00 time, 600.02 real, 131 MB
[runlim] sample:		610.00 time, 610.02 real, 142 MB
[runlim] sample:		620.00 time, 620.02 real, 150 MB
[runlim] sample:		630.00 time, 630.02 real, 157 MB
[runlim] sample:		640.00 time, 640.02 real, 128 MB
[runlim] sample:		650.00 time, 650.02 real, 140 MB
[runlim] sample:		660.00 time, 660.02 real, 151 MB
[runlim] sample:		669.99 time, 670.02 real, 73 MB
[runlim] sample:		680.00 time, 680.02 real, 132 MB
[runlim] sample:		689.99 time, 690.02 real, 144 MB
[runlim] sample:		700.00 time, 700.02 real, 154 MB
[runlim] sample:		709.99 time, 710.02 real, 73 MB
[runlim] sample:		719.99 time, 720.02 real, 135 MB
[runlim] sample:		730.00 time, 730.02 real, 146 MB
[runlim] sample:		740.00 time, 740.02 real, 154 MB
[runlim] sample:		750.00 time, 750.02 real, 73 MB
[runlim] sample:		760.00 time, 760.02 real, 133 MB
[runlim] sample:		769.99 time, 770.02 real, 144 MB
[runlim] sample:		779.99 time, 780.02 real, 153 MB
[runlim] sample:		789.99 time, 790.02 real, 160 MB
[runlim] sample:		799.99 time, 800.02 real, 127 MB
[runlim] sample:		809.99 time, 810.02 real, 138 MB
[runlim] sample:		820.00 time, 820.02 real, 147 MB
[runlim] sample:		830.00 time, 830.02 real, 155 MB
[runlim] sample:		839.99 time, 840.02 real, 162 MB
[runlim] sample:		849.99 time, 850.02 real, 128 MB
[runlim] sample:		859.99 time, 860.02 real, 140 MB
[runlim] sample:		869.99 time, 870.02 real, 149 MB
[runlim] sample:		879.99 time, 880.02 real, 156 MB
[runlim] sample:		889.99 time, 890.02 real, 163 MB
[runlim] sample:		899.99 time, 900.02 real, 128 MB
[runlim] sample:		910.00 time, 910.02 real, 139 MB
[runlim] sample:		920.00 time, 920.02 real, 148 MB
[runlim] sample:		930.00 time, 930.02 real, 156 MB
[runlim] sample:		940.00 time, 940.02 real, 162 MB
[runlim] sample:		950.00 time, 950.02 real, 124 MB
[runlim] sample:		960.00 time, 960.02 real, 136 MB
[runlim] sample:		970.00 time, 970.02 real, 145 MB
[runlim] sample:		980.00 time, 980.02 real, 153 MB
[runlim] sample:		990.00 time, 990.02 real, 160 MB
[runlim] sample:		1000.00 time, 1000.02 real, 166 MB
[runlim] sample:		1009.99 time, 1010.02 real, 130 MB
[runlim] sample:		1019.99 time, 1020.02 real, 140 MB
[runlim] sample:		1030.00 time, 1030.02 real, 149 MB
[runlim] sample:		1040.00 time, 1040.02 real, 156 MB
[runlim] sample:		1050.00 time, 1050.02 real, 163 MB
[runlim] sample:		1060.00 time, 1060.02 real, 168 MB
[runlim] sample:		1070.00 time, 1070.02 real, 133 MB
[runlim] sample:		1080.00 time, 1080.02 real, 143 MB
[runlim] sample:		1089.99 time, 1090.02 real, 152 MB
[runlim] sample:		1099.99 time, 1100.02 real, 159 MB
[runlim] sample:		1109.99 time, 1110.02 real, 166 MB
[runlim] sample:		1120.00 time, 1120.02 real, 124 MB
[runlim] end:			Thu Feb 27 06:00:49 2020
[runlim] status:		ok
[runlim] result:		0
[runlim] children:		1
[runlim] real:			1122.36 seconds
[runlim] time:			1122.29 seconds
[runlim] space:			182 MB
[runlim] samples:		11223
