[runlim] version:		1.18
[runlim] host:			c3n19
[runlim] time limit:		2700 seconds
[runlim] real time limit:	2700 seconds
[runlim] space limit:		7000 MB
[runlim] argv[0]:		./binary
[runlim] argv[1]:		/data/cnf/ankit/Set1/stmt18_258_260.qdimacs
[runlim] start:			Thu Feb 27 05:42:06 2020
[runlim] child:			9141
[runlim] sample:		9.99 time, 10.02 real, 20 MB
[runlim] sample:		20.00 time, 20.02 real, 23 MB
[runlim] sample:		30.00 time, 30.02 real, 25 MB
[runlim] sample:		40.00 time, 40.02 real, 27 MB
[runlim] sample:		49.99 time, 50.02 real, 35 MB
[runlim] sample:		59.99 time, 60.02 real, 35 MB
[runlim] sample:		69.99 time, 70.02 real, 35 MB
[runlim] sample:		80.00 time, 80.02 real, 43 MB
[runlim] sample:		89.99 time, 90.02 real, 44 MB
[runlim] sample:		99.99 time, 100.02 real, 44 MB
[runlim] sample:		109.99 time, 110.02 real, 45 MB
[runlim] sample:		119.99 time, 120.02 real, 46 MB
[runlim] sample:		129.99 time, 130.02 real, 47 MB
[runlim] sample:		139.99 time, 140.02 real, 47 MB
[runlim] sample:		149.99 time, 150.02 real, 48 MB
[runlim] sample:		159.99 time, 160.02 real, 49 MB
[runlim] sample:		169.99 time, 170.02 real, 49 MB
[runlim] sample:		179.99 time, 180.02 real, 49 MB
[runlim] sample:		189.99 time, 190.02 real, 50 MB
[runlim] sample:		199.99 time, 200.02 real, 50 MB
[runlim] sample:		209.99 time, 210.02 real, 51 MB
[runlim] sample:		219.99 time, 220.02 real, 51 MB
[runlim] sample:		229.99 time, 230.02 real, 52 MB
[runlim] sample:		239.99 time, 240.02 real, 52 MB
[runlim] sample:		249.99 time, 250.02 real, 53 MB
[runlim] sample:		259.99 time, 260.02 real, 53 MB
[runlim] sample:		269.99 time, 270.02 real, 53 MB
[runlim] sample:		279.99 time, 280.02 real, 54 MB
[runlim] sample:		289.99 time, 290.02 real, 54 MB
[runlim] sample:		299.99 time, 300.02 real, 54 MB
[runlim] sample:		309.99 time, 310.02 real, 54 MB
[runlim] sample:		319.99 time, 320.02 real, 54 MB
[runlim] sample:		329.99 time, 330.02 real, 54 MB
[runlim] sample:		339.98 time, 340.02 real, 54 MB
[runlim] sample:		349.95 time, 350.02 real, 54 MB
[runlim] sample:		359.92 time, 360.02 real, 54 MB
[runlim] sample:		369.92 time, 370.02 real, 54 MB
[runlim] sample:		379.91 time, 380.02 real, 54 MB
[runlim] sample:		389.92 time, 390.02 real, 54 MB
[runlim] sample:		399.92 time, 400.02 real, 54 MB
[runlim] sample:		409.92 time, 410.02 real, 54 MB
[runlim] sample:		419.92 time, 420.02 real, 54 MB
[runlim] sample:		429.92 time, 430.02 real, 84 MB
[runlim] sample:		439.91 time, 440.02 real, 86 MB
[runlim] sample:		449.92 time, 450.02 real, 88 MB
[runlim] sample:		459.92 time, 460.02 real, 89 MB
[runlim] sample:		469.92 time, 470.02 real, 54 MB
[runlim] sample:		479.92 time, 480.02 real, 54 MB
[runlim] sample:		489.92 time, 490.02 real, 91 MB
[runlim] sample:		499.92 time, 500.02 real, 91 MB
[runlim] sample:		509.92 time, 510.02 real, 90 MB
[runlim] sample:		519.92 time, 520.02 real, 89 MB
[runlim] sample:		529.92 time, 530.02 real, 88 MB
[runlim] sample:		539.92 time, 540.02 real, 87 MB
[runlim] sample:		549.92 time, 550.02 real, 85 MB
[runlim] sample:		559.92 time, 560.02 real, 72 MB
[runlim] sample:		569.91 time, 570.02 real, 54 MB
[runlim] sample:		579.91 time, 580.02 real, 54 MB
[runlim] sample:		589.92 time, 590.02 real, 54 MB
[runlim] sample:		599.91 time, 600.02 real, 54 MB
[runlim] sample:		609.92 time, 610.02 real, 94 MB
[runlim] sample:		619.92 time, 620.02 real, 90 MB
[runlim] sample:		629.91 time, 630.02 real, 86 MB
[runlim] sample:		639.92 time, 640.02 real, 54 MB
[runlim] sample:		649.91 time, 650.02 real, 54 MB
[runlim] sample:		659.91 time, 660.02 real, 54 MB
[runlim] sample:		669.92 time, 670.02 real, 54 MB
[runlim] sample:		679.91 time, 680.02 real, 91 MB
[runlim] sample:		689.92 time, 690.02 real, 85 MB
[runlim] sample:		699.91 time, 700.02 real, 54 MB
[runlim] sample:		709.92 time, 710.02 real, 54 MB
[runlim] sample:		719.92 time, 720.02 real, 54 MB
[runlim] sample:		729.92 time, 730.02 real, 91 MB
[runlim] sample:		739.91 time, 740.02 real, 84 MB
[runlim] sample:		749.91 time, 750.02 real, 54 MB
[runlim] sample:		759.91 time, 760.02 real, 54 MB
[runlim] sample:		769.92 time, 770.02 real, 92 MB
[runlim] sample:		779.91 time, 780.02 real, 84 MB
[runlim] sample:		789.91 time, 790.02 real, 54 MB
[runlim] sample:		799.92 time, 800.02 real, 54 MB
[runlim] sample:		809.91 time, 810.02 real, 90 MB
[runlim] sample:		819.92 time, 820.02 real, 54 MB
[runlim] sample:		829.92 time, 830.02 real, 54 MB
[runlim] sample:		839.91 time, 840.02 real, 94 MB
[runlim] sample:		849.91 time, 850.02 real, 54 MB
[runlim] sample:		859.92 time, 860.02 real, 54 MB
[runlim] sample:		869.91 time, 870.02 real, 93 MB
[runlim] sample:		879.91 time, 880.02 real, 54 MB
[runlim] sample:		889.91 time, 890.02 real, 54 MB
[runlim] sample:		899.92 time, 900.02 real, 91 MB
[runlim] sample:		909.91 time, 910.02 real, 54 MB
[runlim] sample:		919.91 time, 920.02 real, 98 MB
[runlim] sample:		929.91 time, 930.02 real, 86 MB
[runlim] sample:		939.91 time, 940.02 real, 54 MB
[runlim] sample:		949.91 time, 950.02 real, 93 MB
[runlim] sample:		959.92 time, 960.02 real, 54 MB
[runlim] sample:		969.91 time, 970.02 real, 100 MB
[runlim] sample:		979.91 time, 980.02 real, 88 MB
[runlim] sample:		989.92 time, 990.02 real, 54 MB
[runlim] sample:		999.92 time, 1000.02 real, 99 MB
[runlim] sample:		1009.92 time, 1010.02 real, 87 MB
[runlim] sample:		1019.91 time, 1020.02 real, 54 MB
[runlim] sample:		1029.91 time, 1030.02 real, 97 MB
[runlim] sample:		1039.89 time, 1040.02 real, 84 MB
[runlim] sample:		1049.89 time, 1050.02 real, 54 MB
[runlim] sample:		1059.88 time, 1060.02 real, 87 MB
[runlim] sample:		1069.88 time, 1070.02 real, 54 MB
[runlim] sample:		1079.89 time, 1080.02 real, 92 MB
[runlim] sample:		1089.89 time, 1090.02 real, 54 MB
[runlim] sample:		1099.88 time, 1100.02 real, 54 MB
[runlim] sample:		1109.88 time, 1110.02 real, 95 MB
[runlim] sample:		1119.89 time, 1120.02 real, 54 MB
[runlim] sample:		1129.89 time, 1130.02 real, 54 MB
[runlim] sample:		1139.88 time, 1140.02 real, 93 MB
[runlim] sample:		1149.89 time, 1150.02 real, 54 MB
[runlim] sample:		1159.88 time, 1160.02 real, 101 MB
[runlim] sample:		1169.88 time, 1170.02 real, 86 MB
[runlim] sample:		1179.89 time, 1180.02 real, 54 MB
[runlim] sample:		1189.89 time, 1190.02 real, 91 MB
[runlim] sample:		1199.89 time, 1200.02 real, 54 MB
[runlim] sample:		1209.89 time, 1210.02 real, 92 MB
[runlim] sample:		1219.88 time, 1220.02 real, 54 MB
[runlim] sample:		1229.88 time, 1230.02 real, 93 MB
[runlim] sample:		1239.88 time, 1240.02 real, 54 MB
[runlim] sample:		1249.88 time, 1250.02 real, 98 MB
[runlim] sample:		1259.89 time, 1260.02 real, 54 MB
[runlim] sample:		1269.89 time, 1270.02 real, 103 MB
[runlim] sample:		1279.89 time, 1280.02 real, 86 MB
[runlim] sample:		1289.89 time, 1290.02 real, 54 MB
[runlim] sample:		1299.89 time, 1300.02 real, 90 MB
[runlim] sample:		1309.89 time, 1310.02 real, 54 MB
[runlim] sample:		1319.89 time, 1320.02 real, 94 MB
[runlim] sample:		1329.88 time, 1330.02 real, 54 MB
[runlim] sample:		1339.88 time, 1340.02 real, 96 MB
[runlim] sample:		1349.89 time, 1350.02 real, 54 MB
[runlim] sample:		1359.88 time, 1360.02 real, 99 MB
[runlim] sample:		1369.89 time, 1370.02 real, 54 MB
[runlim] sample:		1379.88 time, 1380.02 real, 100 MB
[runlim] sample:		1389.88 time, 1390.02 real, 54 MB
[runlim] sample:		1399.88 time, 1400.02 real, 101 MB
[runlim] sample:		1409.89 time, 1410.02 real, 54 MB
[runlim] sample:		1419.88 time, 1420.02 real, 101 MB
[runlim] sample:		1429.89 time, 1430.02 real, 54 MB
[runlim] sample:		1439.89 time, 1440.02 real, 101 MB
[runlim] sample:		1449.88 time, 1450.02 real, 54 MB
[runlim] sample:		1459.89 time, 1460.02 real, 100 MB
[runlim] sample:		1469.88 time, 1470.02 real, 54 MB
[runlim] sample:		1479.88 time, 1480.02 real, 98 MB
[runlim] sample:		1489.88 time, 1490.02 real, 54 MB
[runlim] sample:		1499.88 time, 1500.02 real, 97 MB
[runlim] sample:		1509.89 time, 1510.02 real, 54 MB
[runlim] sample:		1519.88 time, 1520.02 real, 95 MB
[runlim] sample:		1529.88 time, 1530.02 real, 54 MB
[runlim] sample:		1539.88 time, 1540.02 real, 92 MB
[runlim] sample:		1549.88 time, 1550.02 real, 110 MB
[runlim] sample:		1559.88 time, 1560.02 real, 88 MB
[runlim] sample:		1569.89 time, 1570.02 real, 107 MB
[runlim] sample:		1579.88 time, 1580.02 real, 54 MB
[runlim] sample:		1589.88 time, 1590.02 real, 103 MB
[runlim] sample:		1599.88 time, 1600.02 real, 54 MB
[runlim] sample:		1609.88 time, 1610.02 real, 99 MB
[runlim] sample:		1619.88 time, 1620.02 real, 54 MB
[runlim] sample:		1629.88 time, 1630.02 real, 95 MB
[runlim] sample:		1639.88 time, 1640.02 real, 54 MB
[runlim] sample:		1649.88 time, 1650.02 real, 90 MB
[runlim] sample:		1659.88 time, 1660.02 real, 108 MB
[runlim] sample:		1669.88 time, 1670.02 real, 83 MB
[runlim] sample:		1679.89 time, 1680.02 real, 103 MB
[runlim] sample:		1689.88 time, 1690.02 real, 54 MB
[runlim] sample:		1699.88 time, 1700.02 real, 98 MB
[runlim] sample:		1709.88 time, 1710.02 real, 54 MB
[runlim] sample:		1719.88 time, 1720.02 real, 91 MB
[runlim] sample:		1729.88 time, 1730.02 real, 108 MB
[runlim] sample:		1739.88 time, 1740.02 real, 54 MB
[runlim] sample:		1749.88 time, 1750.02 real, 102 MB
[runlim] sample:		1759.88 time, 1760.02 real, 54 MB
[runlim] sample:		1769.88 time, 1770.02 real, 97 MB
[runlim] sample:		1779.88 time, 1780.02 real, 54 MB
[runlim] sample:		1789.88 time, 1790.02 real, 90 MB
[runlim] sample:		1799.88 time, 1800.02 real, 107 MB
[runlim] sample:		1809.88 time, 1810.02 real, 54 MB
[runlim] sample:		1819.88 time, 1820.02 real, 102 MB
[runlim] sample:		1829.88 time, 1830.02 real, 54 MB
[runlim] sample:		1839.88 time, 1840.02 real, 94 MB
[runlim] sample:		1849.88 time, 1850.02 real, 110 MB
[runlim] sample:		1859.88 time, 1860.02 real, 84 MB
[runlim] sample:		1869.88 time, 1870.02 real, 102 MB
[runlim] sample:		1879.88 time, 1880.02 real, 54 MB
[runlim] sample:		1889.88 time, 1890.02 real, 93 MB
[runlim] sample:		1899.88 time, 1900.02 real, 109 MB
[runlim] sample:		1909.88 time, 1910.02 real, 54 MB
[runlim] sample:		1919.88 time, 1920.02 real, 101 MB
[runlim] sample:		1929.88 time, 1930.02 real, 54 MB
[runlim] sample:		1939.87 time, 1940.02 real, 92 MB
[runlim] sample:		1949.88 time, 1950.02 real, 108 MB
[runlim] sample:		1959.88 time, 1960.02 real, 54 MB
[runlim] sample:		1969.88 time, 1970.02 real, 98 MB
[runlim] sample:		1979.88 time, 1980.02 real, 54 MB
[runlim] sample:		1989.88 time, 1990.02 real, 87 MB
[runlim] sample:		1999.88 time, 2000.02 real, 105 MB
[runlim] sample:		2009.88 time, 2010.02 real, 54 MB
[runlim] sample:		2019.88 time, 2020.02 real, 93 MB
[runlim] sample:		2029.88 time, 2030.02 real, 110 MB
[runlim] sample:		2039.87 time, 2040.02 real, 54 MB
[runlim] sample:		2049.88 time, 2050.02 real, 99 MB
[runlim] sample:		2059.88 time, 2060.02 real, 115 MB
[runlim] sample:		2069.88 time, 2070.02 real, 86 MB
[runlim] sample:		2079.87 time, 2080.02 real, 104 MB
[runlim] sample:		2089.88 time, 2090.02 real, 54 MB
[runlim] sample:		2099.87 time, 2100.02 real, 92 MB
[runlim] sample:		2109.88 time, 2110.02 real, 109 MB
[runlim] sample:		2119.88 time, 2120.02 real, 54 MB
[runlim] sample:		2129.87 time, 2130.02 real, 98 MB
[runlim] sample:		2139.88 time, 2140.02 real, 113 MB
[runlim] sample:		2149.88 time, 2150.02 real, 85 MB
[runlim] sample:		2159.87 time, 2160.02 real, 104 MB
[runlim] sample:		2169.88 time, 2170.02 real, 54 MB
[runlim] sample:		2179.88 time, 2180.02 real, 92 MB
[runlim] sample:		2189.88 time, 2190.02 real, 109 MB
[runlim] sample:		2199.88 time, 2200.02 real, 54 MB
[runlim] sample:		2209.87 time, 2210.02 real, 98 MB
[runlim] sample:		2219.87 time, 2220.02 real, 114 MB
[runlim] sample:		2229.88 time, 2230.02 real, 84 MB
[runlim] sample:		2239.87 time, 2240.02 real, 103 MB
[runlim] sample:		2249.87 time, 2250.02 real, 54 MB
[runlim] sample:		2259.88 time, 2260.02 real, 91 MB
[runlim] sample:		2269.87 time, 2270.02 real, 108 MB
[runlim] sample:		2279.87 time, 2280.02 real, 54 MB
[runlim] sample:		2289.87 time, 2290.02 real, 97 MB
[runlim] sample:		2299.87 time, 2300.02 real, 114 MB
[runlim] sample:		2309.87 time, 2310.02 real, 84 MB
[runlim] sample:		2319.87 time, 2320.02 real, 104 MB
[runlim] sample:		2329.87 time, 2330.02 real, 54 MB
[runlim] sample:		2339.87 time, 2340.02 real, 90 MB
[runlim] sample:		2349.88 time, 2350.02 real, 107 MB
[runlim] sample:		2359.87 time, 2360.02 real, 54 MB
[runlim] sample:		2369.88 time, 2370.02 real, 94 MB
[runlim] sample:		2379.88 time, 2380.02 real, 111 MB
[runlim] sample:		2389.87 time, 2390.02 real, 54 MB
[runlim] sample:		2399.88 time, 2400.02 real, 97 MB
[runlim] sample:		2409.87 time, 2410.02 real, 113 MB
[runlim] sample:		2419.87 time, 2420.02 real, 54 MB
[runlim] sample:		2429.88 time, 2430.02 real, 102 MB
[runlim] sample:		2439.87 time, 2440.02 real, 118 MB
[runlim] sample:		2449.87 time, 2450.02 real, 88 MB
[runlim] sample:		2459.87 time, 2460.02 real, 107 MB
[runlim] sample:		2469.87 time, 2470.02 real, 54 MB
[runlim] sample:		2479.88 time, 2480.02 real, 90 MB
[runlim] sample:		2489.87 time, 2490.02 real, 107 MB
[runlim] sample:		2499.87 time, 2500.02 real, 54 MB
[runlim] sample:		2509.87 time, 2510.02 real, 89 MB
[runlim] sample:		2519.88 time, 2520.02 real, 107 MB
[runlim] sample:		2529.87 time, 2530.02 real, 54 MB
[runlim] sample:		2539.87 time, 2540.02 real, 87 MB
[runlim] sample:		2549.87 time, 2550.02 real, 105 MB
[runlim] sample:		2559.87 time, 2560.02 real, 120 MB
[runlim] sample:		2569.87 time, 2570.02 real, 86 MB
[runlim] sample:		2579.88 time, 2580.02 real, 103 MB
[runlim] sample:		2589.87 time, 2590.02 real, 117 MB
[runlim] sample:		2599.87 time, 2600.02 real, 54 MB
[runlim] sample:		2609.87 time, 2610.02 real, 101 MB
[runlim] sample:		2619.88 time, 2620.02 real, 116 MB
[runlim] sample:		2629.88 time, 2630.02 real, 54 MB
[runlim] sample:		2639.87 time, 2640.02 real, 98 MB
[runlim] sample:		2649.87 time, 2650.02 real, 113 MB
[runlim] sample:		2659.88 time, 2660.02 real, 54 MB
[runlim] sample:		2669.87 time, 2670.02 real, 95 MB
[runlim] sample:		2679.87 time, 2680.02 real, 111 MB
[runlim] sample:		2689.87 time, 2690.02 real, 54 MB
[runlim] sample:		2699.87 time, 2700.02 real, 90 MB
[runlim] end:			Thu Feb 27 06:27:06 2020
[runlim] status:		out of time
[runlim] result:		2
[runlim] children:		1
[runlim] real:			2700.12 seconds
[runlim] time:			2699.87 seconds
[runlim] space:			121 MB
[runlim] samples:		27000
