[runlim] version:		1.18
[runlim] host:			c3n01
[runlim] time limit:		2700 seconds
[runlim] real time limit:	2700 seconds
[runlim] space limit:		7000 MB
[runlim] argv[0]:		./binary
[runlim] argv[1]:		/data/cnf/ankit/Set1/stmt9_445_446.qdimacs
[runlim] start:			Thu Feb 27 06:00:04 2020
[runlim] child:			23443
[runlim] sample:		10.00 time, 10.02 real, 22 MB
[runlim] sample:		20.00 time, 20.02 real, 25 MB
[runlim] sample:		30.00 time, 30.02 real, 35 MB
[runlim] sample:		39.98 time, 40.02 real, 35 MB
[runlim] sample:		49.95 time, 50.02 real, 43 MB
[runlim] sample:		59.93 time, 60.02 real, 45 MB
[runlim] sample:		69.91 time, 70.02 real, 46 MB
[runlim] sample:		79.89 time, 80.02 real, 48 MB
[runlim] sample:		89.87 time, 90.02 real, 49 MB
[runlim] sample:		99.85 time, 100.02 real, 50 MB
[runlim] sample:		109.83 time, 110.02 real, 51 MB
[runlim] sample:		119.81 time, 120.02 real, 52 MB
[runlim] sample:		129.78 time, 130.02 real, 53 MB
[runlim] sample:		139.76 time, 140.02 real, 53 MB
[runlim] sample:		149.73 time, 150.02 real, 54 MB
[runlim] sample:		159.71 time, 160.02 real, 54 MB
[runlim] sample:		169.69 time, 170.02 real, 54 MB
[runlim] sample:		179.67 time, 180.02 real, 54 MB
[runlim] sample:		189.65 time, 190.02 real, 54 MB
[runlim] sample:		199.62 time, 200.02 real, 84 MB
[runlim] sample:		209.60 time, 210.02 real, 54 MB
[runlim] sample:		219.59 time, 220.02 real, 54 MB
[runlim] sample:		229.56 time, 230.02 real, 84 MB
[runlim] sample:		239.55 time, 240.02 real, 54 MB
[runlim] sample:		249.56 time, 250.02 real, 89 MB
[runlim] sample:		259.56 time, 260.02 real, 54 MB
[runlim] sample:		269.56 time, 270.02 real, 91 MB
[runlim] sample:		279.55 time, 280.02 real, 54 MB
[runlim] sample:		289.56 time, 290.02 real, 88 MB
[runlim] sample:		299.56 time, 300.02 real, 54 MB
[runlim] sample:		309.56 time, 310.02 real, 54 MB
[runlim] sample:		319.55 time, 320.02 real, 91 MB
[runlim] sample:		329.55 time, 330.02 real, 54 MB
[runlim] sample:		339.55 time, 340.02 real, 54 MB
[runlim] sample:		349.56 time, 350.02 real, 85 MB
[runlim] sample:		359.56 time, 360.02 real, 92 MB
[runlim] sample:		369.56 time, 370.02 real, 54 MB
[runlim] sample:		379.55 time, 380.02 real, 54 MB
[runlim] sample:		389.55 time, 390.02 real, 54 MB
[runlim] sample:		399.55 time, 400.02 real, 54 MB
[runlim] sample:		409.56 time, 410.02 real, 84 MB
[runlim] sample:		419.55 time, 420.02 real, 87 MB
[runlim] sample:		429.55 time, 430.02 real, 91 MB
[runlim] sample:		439.55 time, 440.02 real, 94 MB
[runlim] sample:		449.56 time, 450.02 real, 96 MB
[runlim] sample:		459.55 time, 460.02 real, 98 MB
[runlim] sample:		469.55 time, 470.02 real, 98 MB
[runlim] sample:		479.55 time, 480.02 real, 98 MB
[runlim] sample:		489.56 time, 490.02 real, 97 MB
[runlim] sample:		499.55 time, 500.02 real, 96 MB
[runlim] sample:		509.56 time, 510.02 real, 94 MB
[runlim] sample:		519.56 time, 520.02 real, 91 MB
[runlim] sample:		529.55 time, 530.02 real, 88 MB
[runlim] sample:		539.56 time, 540.02 real, 84 MB
[runlim] sample:		549.55 time, 550.02 real, 54 MB
[runlim] sample:		559.56 time, 560.02 real, 54 MB
[runlim] sample:		569.56 time, 570.02 real, 54 MB
[runlim] sample:		579.56 time, 580.02 real, 104 MB
[runlim] sample:		589.56 time, 590.02 real, 98 MB
[runlim] sample:		599.55 time, 600.02 real, 93 MB
[runlim] sample:		609.55 time, 610.02 real, 85 MB
[runlim] sample:		619.55 time, 620.02 real, 54 MB
[runlim] sample:		629.56 time, 630.02 real, 54 MB
[runlim] sample:		639.55 time, 640.02 real, 103 MB
[runlim] sample:		649.56 time, 650.02 real, 96 MB
[runlim] sample:		659.56 time, 660.02 real, 86 MB
[runlim] sample:		669.56 time, 670.02 real, 54 MB
[runlim] sample:		679.56 time, 680.02 real, 54 MB
[runlim] sample:		689.56 time, 690.02 real, 102 MB
[runlim] sample:		699.56 time, 700.02 real, 94 MB
[runlim] sample:		709.56 time, 710.02 real, 54 MB
[runlim] sample:		719.55 time, 720.02 real, 54 MB
[runlim] sample:		729.56 time, 730.02 real, 104 MB
[runlim] sample:		739.56 time, 740.02 real, 93 MB
[runlim] sample:		749.56 time, 750.02 real, 54 MB
[runlim] sample:		759.56 time, 760.02 real, 54 MB
[runlim] sample:		769.55 time, 770.02 real, 99 MB
[runlim] sample:		779.56 time, 780.02 real, 86 MB
[runlim] sample:		789.55 time, 790.02 real, 54 MB
[runlim] sample:		799.56 time, 800.02 real, 102 MB
[runlim] sample:		809.56 time, 810.02 real, 88 MB
[runlim] sample:		819.56 time, 820.02 real, 54 MB
[runlim] sample:		829.56 time, 830.02 real, 104 MB
[runlim] sample:		839.56 time, 840.02 real, 89 MB
[runlim] sample:		849.56 time, 850.02 real, 54 MB
[runlim] sample:		859.56 time, 860.02 real, 105 MB
[runlim] sample:		869.56 time, 870.02 real, 90 MB
[runlim] sample:		879.56 time, 880.02 real, 54 MB
[runlim] sample:		889.56 time, 890.02 real, 103 MB
[runlim] sample:		899.56 time, 900.02 real, 86 MB
[runlim] sample:		909.56 time, 910.02 real, 54 MB
[runlim] sample:		919.56 time, 920.02 real, 100 MB
[runlim] sample:		929.56 time, 930.02 real, 54 MB
[runlim] sample:		939.56 time, 940.02 real, 111 MB
[runlim] sample:		949.56 time, 950.02 real, 94 MB
[runlim] sample:		959.55 time, 960.02 real, 54 MB
[runlim] sample:		969.56 time, 970.02 real, 104 MB
[runlim] sample:		979.55 time, 980.02 real, 84 MB
[runlim] sample:		989.55 time, 990.02 real, 112 MB
[runlim] sample:		999.55 time, 1000.02 real, 93 MB
[runlim] sample:		1009.56 time, 1010.02 real, 54 MB
[runlim] sample:		1019.55 time, 1020.02 real, 102 MB
[runlim] sample:		1029.56 time, 1030.02 real, 54 MB
[runlim] sample:		1039.56 time, 1040.02 real, 109 MB
[runlim] sample:		1049.55 time, 1050.02 real, 89 MB
[runlim] sample:		1059.56 time, 1060.02 real, 115 MB
[runlim] sample:		1069.56 time, 1070.02 real, 96 MB
[runlim] sample:		1079.55 time, 1080.02 real, 54 MB
[runlim] sample:		1089.55 time, 1090.02 real, 103 MB
[runlim] sample:		1099.56 time, 1100.02 real, 54 MB
[runlim] sample:		1109.55 time, 1110.02 real, 109 MB
[runlim] sample:		1119.56 time, 1120.02 real, 86 MB
[runlim] sample:		1129.55 time, 1130.02 real, 115 MB
[runlim] sample:		1139.55 time, 1140.02 real, 93 MB
[runlim] sample:		1149.55 time, 1150.02 real, 118 MB
[runlim] sample:		1159.56 time, 1160.02 real, 97 MB
[runlim] sample:		1169.56 time, 1170.02 real, 54 MB
[runlim] sample:		1179.55 time, 1180.02 real, 103 MB
[runlim] sample:		1189.55 time, 1190.02 real, 54 MB
[runlim] sample:		1199.56 time, 1200.02 real, 107 MB
[runlim] sample:		1209.56 time, 1210.02 real, 54 MB
[runlim] sample:		1219.56 time, 1220.02 real, 109 MB
[runlim] sample:		1229.55 time, 1230.02 real, 54 MB
[runlim] sample:		1239.56 time, 1240.02 real, 113 MB
[runlim] sample:		1249.56 time, 1250.02 real, 87 MB
[runlim] sample:		1259.55 time, 1260.02 real, 116 MB
[runlim] sample:		1269.55 time, 1270.02 real, 91 MB
[runlim] sample:		1279.55 time, 1280.02 real, 117 MB
[runlim] sample:		1289.55 time, 1290.02 real, 91 MB
[runlim] sample:		1299.56 time, 1300.02 real, 118 MB
[runlim] sample:		1309.55 time, 1310.02 real, 93 MB
[runlim] sample:		1319.55 time, 1320.02 real, 118 MB
[runlim] sample:		1329.56 time, 1330.02 real, 92 MB
[runlim] sample:		1339.55 time, 1340.02 real, 117 MB
[runlim] sample:		1349.55 time, 1350.02 real, 90 MB
[runlim] sample:		1359.55 time, 1360.02 real, 116 MB
[runlim] sample:		1369.55 time, 1370.02 real, 88 MB
[runlim] sample:		1379.55 time, 1380.02 real, 115 MB
[runlim] sample:		1389.56 time, 1390.02 real, 86 MB
[runlim] sample:		1399.56 time, 1400.02 real, 113 MB
[runlim] sample:		1409.55 time, 1410.02 real, 54 MB
[runlim] sample:		1419.55 time, 1420.02 real, 110 MB
[runlim] sample:		1429.55 time, 1430.02 real, 54 MB
[runlim] sample:		1439.55 time, 1440.02 real, 107 MB
[runlim] sample:		1449.55 time, 1450.02 real, 54 MB
[runlim] sample:		1459.55 time, 1460.02 real, 103 MB
[runlim] sample:		1469.56 time, 1470.02 real, 54 MB
[runlim] sample:		1479.55 time, 1480.02 real, 98 MB
[runlim] sample:		1489.56 time, 1490.02 real, 122 MB
[runlim] sample:		1499.55 time, 1500.02 real, 92 MB
[runlim] sample:		1509.55 time, 1510.02 real, 117 MB
[runlim] sample:		1519.55 time, 1520.02 real, 84 MB
[runlim] sample:		1529.55 time, 1530.02 real, 112 MB
[runlim] sample:		1539.56 time, 1540.02 real, 54 MB
[runlim] sample:		1549.55 time, 1550.02 real, 105 MB
[runlim] sample:		1559.55 time, 1560.02 real, 54 MB
[runlim] sample:		1569.56 time, 1570.02 real, 97 MB
[runlim] sample:		1579.56 time, 1580.02 real, 121 MB
[runlim] sample:		1589.55 time, 1590.02 real, 89 MB
[runlim] sample:		1599.56 time, 1600.02 real, 115 MB
[runlim] sample:		1609.55 time, 1610.02 real, 54 MB
[runlim] sample:		1619.55 time, 1620.02 real, 107 MB
[runlim] sample:		1629.56 time, 1630.02 real, 54 MB
[runlim] sample:		1639.55 time, 1640.02 real, 102 MB
[runlim] sample:		1649.55 time, 1650.02 real, 127 MB
[runlim] sample:		1659.55 time, 1660.02 real, 98 MB
[runlim] sample:		1669.56 time, 1670.02 real, 124 MB
[runlim] sample:		1679.55 time, 1680.02 real, 93 MB
[runlim] sample:		1689.55 time, 1690.02 real, 120 MB
[runlim] sample:		1699.56 time, 1700.02 real, 87 MB
[runlim] sample:		1709.55 time, 1710.02 real, 116 MB
[runlim] sample:		1719.56 time, 1720.02 real, 54 MB
[runlim] sample:		1729.55 time, 1730.02 real, 111 MB
[runlim] sample:		1739.56 time, 1740.02 real, 54 MB
[runlim] sample:		1749.56 time, 1750.02 real, 105 MB
[runlim] sample:		1759.55 time, 1760.02 real, 128 MB
[runlim] sample:		1769.56 time, 1770.02 real, 94 MB
[runlim] sample:		1779.55 time, 1780.02 real, 118 MB
[runlim] sample:		1789.55 time, 1790.02 real, 54 MB
[runlim] sample:		1799.55 time, 1800.02 real, 106 MB
[runlim] sample:		1809.56 time, 1810.02 real, 129 MB
[runlim] sample:		1819.55 time, 1820.02 real, 92 MB
[runlim] sample:		1829.55 time, 1830.02 real, 117 MB
[runlim] sample:		1839.55 time, 1840.02 real, 54 MB
[runlim] sample:		1849.55 time, 1850.02 real, 104 MB
[runlim] sample:		1859.56 time, 1860.02 real, 126 MB
[runlim] sample:		1869.55 time, 1870.02 real, 88 MB
[runlim] sample:		1879.55 time, 1880.02 real, 114 MB
[runlim] sample:		1889.55 time, 1890.02 real, 54 MB
[runlim] sample:		1899.55 time, 1900.02 real, 101 MB
[runlim] sample:		1909.55 time, 1910.02 real, 125 MB
[runlim] sample:		1919.55 time, 1920.02 real, 85 MB
[runlim] sample:		1929.55 time, 1930.02 real, 112 MB
[runlim] sample:		1939.55 time, 1940.02 real, 54 MB
[runlim] sample:		1949.55 time, 1950.02 real, 97 MB
[runlim] sample:		1959.56 time, 1960.02 real, 120 MB
[runlim] sample:		1969.55 time, 1970.02 real, 54 MB
[runlim] sample:		1979.55 time, 1980.02 real, 103 MB
[runlim] sample:		1989.55 time, 1990.02 real, 125 MB
[runlim] sample:		1999.55 time, 2000.02 real, 84 MB
[runlim] sample:		2009.55 time, 2010.02 real, 112 MB
[runlim] sample:		2019.55 time, 2020.02 real, 133 MB
[runlim] sample:		2029.55 time, 2030.02 real, 96 MB
[runlim] sample:		2039.56 time, 2040.02 real, 121 MB
[runlim] sample:		2049.56 time, 2050.02 real, 54 MB
[runlim] sample:		2059.56 time, 2060.02 real, 105 MB
[runlim] sample:		2069.55 time, 2070.02 real, 126 MB
[runlim] sample:		2079.55 time, 2080.02 real, 84 MB
[runlim] sample:		2089.55 time, 2090.02 real, 111 MB
[runlim] sample:		2099.55 time, 2100.02 real, 131 MB
[runlim] sample:		2109.55 time, 2110.02 real, 90 MB
[runlim] sample:		2119.55 time, 2120.02 real, 115 MB
[runlim] sample:		2129.55 time, 2130.02 real, 134 MB
[runlim] sample:		2139.55 time, 2140.02 real, 94 MB
[runlim] sample:		2149.55 time, 2150.02 real, 118 MB
[runlim] sample:		2159.55 time, 2160.02 real, 54 MB
[runlim] sample:		2169.55 time, 2170.02 real, 99 MB
[runlim] sample:		2179.55 time, 2180.02 real, 122 MB
[runlim] sample:		2189.55 time, 2190.02 real, 54 MB
[runlim] sample:		2199.55 time, 2200.02 real, 103 MB
[runlim] sample:		2209.55 time, 2210.02 real, 125 MB
[runlim] sample:		2219.55 time, 2220.02 real, 54 MB
[runlim] sample:		2229.55 time, 2230.02 real, 106 MB
[runlim] sample:		2239.55 time, 2240.02 real, 127 MB
[runlim] sample:		2249.55 time, 2250.02 real, 54 MB
[runlim] sample:		2259.55 time, 2260.02 real, 108 MB
[runlim] sample:		2269.55 time, 2270.02 real, 129 MB
[runlim] sample:		2279.55 time, 2280.02 real, 54 MB
[runlim] sample:		2289.55 time, 2290.02 real, 107 MB
[runlim] sample:		2299.55 time, 2300.02 real, 127 MB
[runlim] sample:		2309.55 time, 2310.02 real, 54 MB
[runlim] sample:		2319.55 time, 2320.02 real, 106 MB
[runlim] sample:		2329.55 time, 2330.02 real, 126 MB
[runlim] sample:		2339.55 time, 2340.02 real, 54 MB
[runlim] sample:		2349.55 time, 2350.02 real, 103 MB
[runlim] sample:		2359.55 time, 2360.02 real, 125 MB
[runlim] sample:		2369.55 time, 2370.02 real, 54 MB
[runlim] sample:		2379.55 time, 2380.02 real, 101 MB
[runlim] sample:		2389.55 time, 2390.02 real, 123 MB
[runlim] sample:		2399.55 time, 2400.02 real, 54 MB
[runlim] sample:		2409.55 time, 2410.02 real, 100 MB
[runlim] sample:		2419.55 time, 2420.02 real, 121 MB
[runlim] sample:		2429.55 time, 2430.02 real, 54 MB
[runlim] sample:		2439.55 time, 2440.02 real, 96 MB
[runlim] sample:		2449.55 time, 2450.02 real, 119 MB
[runlim] sample:		2459.55 time, 2460.02 real, 138 MB
[runlim] sample:		2469.55 time, 2470.02 real, 95 MB
[runlim] sample:		2479.55 time, 2480.02 real, 118 MB
[runlim] sample:		2489.55 time, 2490.02 real, 137 MB
[runlim] sample:		2499.55 time, 2500.02 real, 90 MB
[runlim] sample:		2509.55 time, 2510.02 real, 114 MB
[runlim] sample:		2519.55 time, 2520.02 real, 134 MB
[runlim] sample:		2529.55 time, 2530.02 real, 85 MB
[runlim] sample:		2539.54 time, 2540.02 real, 110 MB
[runlim] sample:		2549.55 time, 2550.02 real, 130 MB
[runlim] sample:		2559.54 time, 2560.02 real, 54 MB
[runlim] sample:		2569.55 time, 2570.02 real, 105 MB
[runlim] sample:		2579.55 time, 2580.02 real, 126 MB
[runlim] sample:		2589.55 time, 2590.02 real, 54 MB
[runlim] sample:		2599.54 time, 2600.02 real, 98 MB
[runlim] sample:		2609.54 time, 2610.02 real, 120 MB
[runlim] sample:		2619.55 time, 2620.02 real, 138 MB
[runlim] sample:		2629.55 time, 2630.02 real, 89 MB
[runlim] sample:		2639.54 time, 2640.02 real, 113 MB
[runlim] sample:		2649.54 time, 2650.02 real, 132 MB
[runlim] sample:		2659.55 time, 2660.02 real, 54 MB
[runlim] sample:		2669.54 time, 2670.02 real, 105 MB
[runlim] sample:		2679.54 time, 2680.02 real, 125 MB
[runlim] sample:		2689.54 time, 2690.02 real, 54 MB
[runlim] sample:		2699.55 time, 2700.02 real, 97 MB
[runlim] end:			Thu Feb 27 06:45:04 2020
[runlim] status:		out of time
[runlim] result:		2
[runlim] children:		1
[runlim] real:			2700.13 seconds
[runlim] time:			2699.55 seconds
[runlim] space:			142 MB
[runlim] samples:		27000
