[runlim] version:		1.18
[runlim] host:			c3n06
[runlim] time limit:		2700 seconds
[runlim] real time limit:	2700 seconds
[runlim] space limit:		7000 MB
[runlim] argv[0]:		./binary
[runlim] argv[1]:		/data/cnf/ankit/RSet1/hex_hein_4x4_07.dqbf
[runlim] start:			Thu Feb 27 08:58:10 2020
[runlim] child:			8289
[runlim] sample:		10.00 time, 10.02 real, 12 MB
[runlim] sample:		20.00 time, 20.02 real, 13 MB
[runlim] sample:		30.00 time, 30.02 real, 15 MB
[runlim] sample:		40.01 time, 40.02 real, 17 MB
[runlim] sample:		50.01 time, 50.02 real, 19 MB
[runlim] sample:		60.02 time, 60.03 real, 19 MB
[runlim] sample:		70.00 time, 70.02 real, 20 MB
[runlim] sample:		80.01 time, 80.02 real, 22 MB
[runlim] sample:		90.01 time, 90.02 real, 22 MB
[runlim] sample:		100.01 time, 100.02 real, 25 MB
[runlim] sample:		110.00 time, 110.02 real, 25 MB
[runlim] sample:		120.00 time, 120.02 real, 26 MB
[runlim] sample:		130.01 time, 130.02 real, 27 MB
[runlim] sample:		140.01 time, 140.02 real, 27 MB
[runlim] sample:		150.01 time, 150.02 real, 27 MB
[runlim] sample:		160.00 time, 160.02 real, 28 MB
[runlim] sample:		170.00 time, 170.02 real, 29 MB
[runlim] sample:		180.01 time, 180.02 real, 30 MB
[runlim] sample:		190.01 time, 190.02 real, 30 MB
[runlim] sample:		200.01 time, 200.02 real, 31 MB
[runlim] sample:		210.01 time, 210.02 real, 32 MB
[runlim] sample:		220.01 time, 220.02 real, 32 MB
[runlim] sample:		230.00 time, 230.02 real, 32 MB
[runlim] sample:		240.00 time, 240.02 real, 33 MB
[runlim] sample:		250.01 time, 250.02 real, 34 MB
[runlim] sample:		260.00 time, 260.02 real, 34 MB
[runlim] sample:		270.00 time, 270.02 real, 35 MB
[runlim] sample:		280.01 time, 280.02 real, 35 MB
[runlim] sample:		290.01 time, 290.02 real, 35 MB
[runlim] sample:		300.01 time, 300.02 real, 36 MB
[runlim] sample:		310.01 time, 310.02 real, 37 MB
[runlim] sample:		320.01 time, 320.02 real, 37 MB
[runlim] end:			Thu Feb 27 09:03:32 2020
[runlim] status:		ok
[runlim] result:		0
[runlim] children:		1
[runlim] real:			322.07 seconds
[runlim] time:			322.01 seconds
[runlim] space:			37 MB
[runlim] samples:		3220
