[runlim] version:		1.18
[runlim] host:			c3n11
[runlim] time limit:		2700 seconds
[runlim] real time limit:	2700 seconds
[runlim] space limit:		7000 MB
[runlim] argv[0]:		./binary
[runlim] argv[1]:		/data/cnf/ankit/RSet1/stmt27_946_955.dqbf
[runlim] start:			Thu Feb 27 08:58:10 2020
[runlim] child:			8409
[runlim] sample:		9.99 time, 10.02 real, 8 MB
[runlim] sample:		19.99 time, 20.02 real, 9 MB
[runlim] sample:		30.00 time, 30.02 real, 9 MB
[runlim] sample:		39.99 time, 40.02 real, 10 MB
[runlim] sample:		49.99 time, 50.02 real, 12 MB
[runlim] sample:		60.00 time, 60.03 real, 13 MB
[runlim] sample:		69.99 time, 70.02 real, 13 MB
[runlim] sample:		79.99 time, 80.02 real, 13 MB
[runlim] sample:		89.99 time, 90.02 real, 13 MB
[runlim] sample:		100.00 time, 100.02 real, 13 MB
[runlim] sample:		110.00 time, 110.02 real, 13 MB
[runlim] sample:		119.99 time, 120.02 real, 14 MB
[runlim] sample:		129.99 time, 130.02 real, 13 MB
[runlim] sample:		139.99 time, 140.02 real, 14 MB
[runlim] sample:		149.99 time, 150.02 real, 14 MB
[runlim] sample:		160.00 time, 160.02 real, 14 MB
[runlim] sample:		169.99 time, 170.02 real, 15 MB
[runlim] sample:		179.99 time, 180.02 real, 14 MB
[runlim] sample:		189.99 time, 190.02 real, 14 MB
[runlim] sample:		200.00 time, 200.02 real, 14 MB
[runlim] sample:		210.00 time, 210.02 real, 14 MB
[runlim] sample:		220.00 time, 220.02 real, 15 MB
[runlim] sample:		229.99 time, 230.02 real, 15 MB
[runlim] sample:		239.99 time, 240.02 real, 15 MB
[runlim] sample:		250.00 time, 250.02 real, 15 MB
[runlim] sample:		260.00 time, 260.02 real, 15 MB
[runlim] sample:		270.00 time, 270.02 real, 15 MB
[runlim] sample:		280.00 time, 280.02 real, 15 MB
[runlim] sample:		289.99 time, 290.02 real, 15 MB
[runlim] sample:		300.00 time, 300.02 real, 15 MB
[runlim] sample:		310.00 time, 310.02 real, 17 MB
[runlim] sample:		320.00 time, 320.02 real, 17 MB
[runlim] sample:		330.00 time, 330.02 real, 17 MB
[runlim] sample:		339.99 time, 340.02 real, 17 MB
[runlim] sample:		349.99 time, 350.02 real, 17 MB
[runlim] sample:		360.00 time, 360.02 real, 17 MB
[runlim] sample:		369.99 time, 370.02 real, 17 MB
[runlim] sample:		380.00 time, 380.02 real, 17 MB
[runlim] sample:		390.00 time, 390.02 real, 17 MB
[runlim] sample:		399.99 time, 400.02 real, 18 MB
[runlim] sample:		409.99 time, 410.02 real, 19 MB
[runlim] sample:		420.00 time, 420.02 real, 19 MB
[runlim] sample:		429.99 time, 430.02 real, 19 MB
[runlim] sample:		439.99 time, 440.02 real, 19 MB
[runlim] sample:		449.99 time, 450.02 real, 19 MB
[runlim] sample:		459.99 time, 460.02 real, 20 MB
[runlim] sample:		469.99 time, 470.02 real, 20 MB
[runlim] sample:		479.99 time, 480.02 real, 20 MB
[runlim] sample:		490.00 time, 490.02 real, 20 MB
[runlim] sample:		500.00 time, 500.02 real, 20 MB
[runlim] sample:		510.00 time, 510.02 real, 20 MB
[runlim] sample:		519.99 time, 520.02 real, 20 MB
[runlim] sample:		529.99 time, 530.02 real, 20 MB
[runlim] sample:		540.00 time, 540.02 real, 20 MB
[runlim] sample:		550.00 time, 550.02 real, 20 MB
[runlim] sample:		559.99 time, 560.02 real, 20 MB
[runlim] sample:		569.99 time, 570.02 real, 20 MB
[runlim] sample:		579.99 time, 580.02 real, 20 MB
[runlim] sample:		590.00 time, 590.02 real, 20 MB
[runlim] sample:		599.99 time, 600.02 real, 21 MB
[runlim] sample:		609.99 time, 610.02 real, 21 MB
[runlim] sample:		619.99 time, 620.02 real, 21 MB
[runlim] sample:		629.99 time, 630.02 real, 21 MB
[runlim] sample:		639.99 time, 640.02 real, 21 MB
[runlim] sample:		649.99 time, 650.02 real, 21 MB
[runlim] sample:		659.99 time, 660.02 real, 22 MB
[runlim] sample:		670.00 time, 670.02 real, 22 MB
[runlim] sample:		679.99 time, 680.02 real, 22 MB
[runlim] sample:		689.99 time, 690.02 real, 22 MB
[runlim] sample:		700.00 time, 700.02 real, 22 MB
[runlim] sample:		710.00 time, 710.02 real, 22 MB
[runlim] sample:		719.99 time, 720.02 real, 22 MB
[runlim] sample:		729.99 time, 730.02 real, 22 MB
[runlim] sample:		740.00 time, 740.02 real, 22 MB
[runlim] sample:		749.99 time, 750.02 real, 22 MB
[runlim] sample:		760.00 time, 760.02 real, 22 MB
[runlim] sample:		769.99 time, 770.02 real, 22 MB
[runlim] sample:		779.99 time, 780.02 real, 23 MB
[runlim] sample:		789.99 time, 790.02 real, 23 MB
[runlim] sample:		799.99 time, 800.02 real, 23 MB
[runlim] sample:		810.00 time, 810.02 real, 23 MB
[runlim] sample:		820.00 time, 820.02 real, 23 MB
[runlim] sample:		830.00 time, 830.02 real, 23 MB
[runlim] sample:		840.00 time, 840.02 real, 23 MB
[runlim] sample:		850.00 time, 850.02 real, 23 MB
[runlim] sample:		860.00 time, 860.02 real, 23 MB
[runlim] sample:		870.00 time, 870.02 real, 23 MB
[runlim] sample:		879.99 time, 880.02 real, 23 MB
[runlim] sample:		889.99 time, 890.02 real, 23 MB
[runlim] sample:		900.00 time, 900.02 real, 23 MB
[runlim] sample:		909.99 time, 910.02 real, 23 MB
[runlim] sample:		920.00 time, 920.02 real, 23 MB
[runlim] sample:		930.00 time, 930.02 real, 23 MB
[runlim] sample:		940.00 time, 940.02 real, 23 MB
[runlim] sample:		949.99 time, 950.02 real, 23 MB
[runlim] sample:		960.00 time, 960.02 real, 23 MB
[runlim] sample:		970.00 time, 970.02 real, 23 MB
[runlim] sample:		979.99 time, 980.02 real, 23 MB
[runlim] sample:		989.99 time, 990.02 real, 23 MB
[runlim] sample:		999.99 time, 1000.02 real, 23 MB
[runlim] sample:		1009.99 time, 1010.02 real, 23 MB
[runlim] sample:		1020.00 time, 1020.02 real, 23 MB
[runlim] sample:		1029.99 time, 1030.02 real, 23 MB
[runlim] sample:		1039.99 time, 1040.02 real, 23 MB
[runlim] sample:		1049.99 time, 1050.02 real, 25 MB
[runlim] sample:		1060.00 time, 1060.02 real, 25 MB
[runlim] sample:		1070.00 time, 1070.02 real, 25 MB
[runlim] sample:		1080.00 time, 1080.02 real, 25 MB
[runlim] sample:		1089.99 time, 1090.02 real, 25 MB
[runlim] sample:		1100.00 time, 1100.02 real, 25 MB
[runlim] sample:		1109.99 time, 1110.02 real, 25 MB
[runlim] sample:		1119.99 time, 1120.02 real, 25 MB
[runlim] sample:		1130.00 time, 1130.02 real, 25 MB
[runlim] sample:		1140.00 time, 1140.02 real, 25 MB
[runlim] sample:		1149.99 time, 1150.02 real, 25 MB
[runlim] sample:		1160.00 time, 1160.02 real, 25 MB
[runlim] sample:		1169.99 time, 1170.02 real, 25 MB
[runlim] sample:		1180.00 time, 1180.02 real, 25 MB
[runlim] sample:		1189.99 time, 1190.02 real, 25 MB
[runlim] sample:		1199.99 time, 1200.02 real, 26 MB
[runlim] sample:		1210.00 time, 1210.02 real, 26 MB
[runlim] sample:		1219.99 time, 1220.02 real, 26 MB
[runlim] sample:		1229.99 time, 1230.02 real, 26 MB
[runlim] sample:		1239.99 time, 1240.02 real, 26 MB
[runlim] sample:		1250.00 time, 1250.02 real, 26 MB
[runlim] sample:		1259.99 time, 1260.02 real, 26 MB
[runlim] sample:		1269.99 time, 1270.02 real, 26 MB
[runlim] sample:		1280.00 time, 1280.02 real, 26 MB
[runlim] sample:		1290.00 time, 1290.02 real, 27 MB
[runlim] sample:		1299.99 time, 1300.02 real, 27 MB
[runlim] sample:		1309.99 time, 1310.02 real, 26 MB
[runlim] sample:		1319.99 time, 1320.02 real, 26 MB
[runlim] sample:		1329.99 time, 1330.02 real, 26 MB
[runlim] sample:		1340.00 time, 1340.02 real, 26 MB
[runlim] sample:		1350.00 time, 1350.02 real, 26 MB
[runlim] sample:		1359.99 time, 1360.02 real, 26 MB
[runlim] sample:		1370.00 time, 1370.02 real, 26 MB
[runlim] sample:		1379.99 time, 1380.02 real, 26 MB
[runlim] sample:		1390.00 time, 1390.02 real, 26 MB
[runlim] sample:		1399.99 time, 1400.02 real, 26 MB
[runlim] sample:		1409.99 time, 1410.02 real, 26 MB
[runlim] sample:		1420.00 time, 1420.02 real, 26 MB
[runlim] sample:		1430.00 time, 1430.02 real, 26 MB
[runlim] sample:		1440.00 time, 1440.02 real, 26 MB
[runlim] sample:		1450.00 time, 1450.02 real, 26 MB
[runlim] sample:		1460.00 time, 1460.02 real, 26 MB
[runlim] sample:		1469.99 time, 1470.02 real, 26 MB
[runlim] sample:		1479.99 time, 1480.02 real, 26 MB
[runlim] sample:		1489.99 time, 1490.02 real, 26 MB
[runlim] sample:		1499.99 time, 1500.02 real, 26 MB
[runlim] sample:		1509.99 time, 1510.02 real, 26 MB
[runlim] sample:		1519.99 time, 1520.02 real, 26 MB
[runlim] sample:		1529.99 time, 1530.02 real, 26 MB
[runlim] sample:		1540.00 time, 1540.02 real, 26 MB
[runlim] sample:		1549.99 time, 1550.02 real, 26 MB
[runlim] sample:		1559.99 time, 1560.02 real, 26 MB
[runlim] sample:		1570.00 time, 1570.02 real, 26 MB
[runlim] sample:		1579.99 time, 1580.02 real, 27 MB
[runlim] sample:		1590.00 time, 1590.02 real, 27 MB
[runlim] sample:		1599.99 time, 1600.02 real, 27 MB
[runlim] sample:		1610.00 time, 1610.02 real, 27 MB
[runlim] sample:		1619.99 time, 1620.02 real, 27 MB
[runlim] sample:		1629.99 time, 1630.02 real, 28 MB
[runlim] sample:		1640.00 time, 1640.02 real, 28 MB
[runlim] sample:		1650.00 time, 1650.02 real, 28 MB
[runlim] sample:		1660.00 time, 1660.02 real, 28 MB
[runlim] sample:		1669.99 time, 1670.02 real, 28 MB
[runlim] sample:		1680.00 time, 1680.02 real, 27 MB
[runlim] sample:		1689.99 time, 1690.02 real, 27 MB
[runlim] sample:		1699.99 time, 1700.02 real, 27 MB
[runlim] sample:		1710.00 time, 1710.02 real, 27 MB
[runlim] sample:		1719.99 time, 1720.02 real, 27 MB
[runlim] sample:		1729.99 time, 1730.02 real, 27 MB
[runlim] sample:		1739.99 time, 1740.02 real, 27 MB
[runlim] sample:		1750.00 time, 1750.02 real, 27 MB
[runlim] sample:		1760.00 time, 1760.02 real, 29 MB
[runlim] sample:		1770.00 time, 1770.02 real, 29 MB
[runlim] sample:		1780.00 time, 1780.02 real, 29 MB
[runlim] sample:		1790.00 time, 1790.02 real, 29 MB
[runlim] sample:		1800.00 time, 1800.02 real, 29 MB
[runlim] sample:		1810.00 time, 1810.02 real, 29 MB
[runlim] sample:		1819.99 time, 1820.02 real, 29 MB
[runlim] sample:		1829.99 time, 1830.02 real, 29 MB
[runlim] sample:		1840.00 time, 1840.02 real, 29 MB
[runlim] sample:		1850.00 time, 1850.02 real, 29 MB
[runlim] sample:		1860.00 time, 1860.02 real, 29 MB
[runlim] sample:		1870.00 time, 1870.02 real, 29 MB
[runlim] sample:		1880.00 time, 1880.02 real, 28 MB
[runlim] sample:		1889.99 time, 1890.02 real, 28 MB
[runlim] sample:		1900.00 time, 1900.02 real, 28 MB
[runlim] sample:		1910.00 time, 1910.02 real, 28 MB
[runlim] sample:		1919.99 time, 1920.02 real, 28 MB
[runlim] sample:		1930.00 time, 1930.02 real, 28 MB
[runlim] sample:		1940.00 time, 1940.02 real, 28 MB
[runlim] sample:		1950.00 time, 1950.02 real, 28 MB
[runlim] sample:		1959.99 time, 1960.02 real, 28 MB
[runlim] sample:		1970.00 time, 1970.02 real, 28 MB
[runlim] sample:		1980.00 time, 1980.02 real, 28 MB
[runlim] sample:		1990.00 time, 1990.02 real, 28 MB
[runlim] sample:		2000.00 time, 2000.02 real, 28 MB
[runlim] sample:		2009.99 time, 2010.02 real, 28 MB
[runlim] sample:		2020.00 time, 2020.02 real, 30 MB
[runlim] sample:		2030.00 time, 2030.02 real, 30 MB
[runlim] sample:		2040.00 time, 2040.02 real, 30 MB
[runlim] sample:		2050.00 time, 2050.02 real, 30 MB
[runlim] sample:		2059.99 time, 2060.02 real, 30 MB
[runlim] sample:		2070.00 time, 2070.02 real, 30 MB
[runlim] sample:		2079.99 time, 2080.02 real, 30 MB
[runlim] sample:		2090.00 time, 2090.02 real, 30 MB
[runlim] sample:		2100.00 time, 2100.02 real, 30 MB
[runlim] sample:		2109.99 time, 2110.02 real, 30 MB
[runlim] sample:		2120.00 time, 2120.02 real, 30 MB
[runlim] sample:		2130.00 time, 2130.02 real, 30 MB
[runlim] sample:		2140.00 time, 2140.02 real, 30 MB
[runlim] sample:		2150.00 time, 2150.02 real, 30 MB
[runlim] sample:		2160.00 time, 2160.02 real, 30 MB
[runlim] sample:		2169.99 time, 2170.02 real, 30 MB
[runlim] sample:		2180.00 time, 2180.02 real, 30 MB
[runlim] sample:		2189.99 time, 2190.02 real, 30 MB
[runlim] sample:		2200.00 time, 2200.02 real, 30 MB
[runlim] sample:		2209.99 time, 2210.02 real, 30 MB
[runlim] sample:		2220.00 time, 2220.02 real, 30 MB
[runlim] sample:		2229.99 time, 2230.02 real, 30 MB
[runlim] sample:		2239.99 time, 2240.02 real, 30 MB
[runlim] sample:		2249.99 time, 2250.02 real, 30 MB
[runlim] sample:		2260.00 time, 2260.02 real, 33 MB
[runlim] sample:		2270.00 time, 2270.02 real, 33 MB
[runlim] sample:		2280.00 time, 2280.02 real, 33 MB
[runlim] sample:		2289.99 time, 2290.02 real, 34 MB
[runlim] sample:		2299.99 time, 2300.02 real, 37 MB
[runlim] sample:		2310.00 time, 2310.02 real, 37 MB
[runlim] sample:		2319.99 time, 2320.02 real, 38 MB
[runlim] sample:		2330.00 time, 2330.02 real, 38 MB
[runlim] sample:		2340.00 time, 2340.02 real, 38 MB
[runlim] sample:		2349.99 time, 2350.02 real, 38 MB
[runlim] sample:		2360.00 time, 2360.02 real, 38 MB
[runlim] sample:		2370.00 time, 2370.02 real, 39 MB
[runlim] sample:		2380.00 time, 2380.02 real, 40 MB
[runlim] sample:		2390.00 time, 2390.02 real, 40 MB
[runlim] sample:		2399.99 time, 2400.02 real, 40 MB
[runlim] sample:		2410.00 time, 2410.02 real, 40 MB
[runlim] sample:		2420.00 time, 2420.02 real, 40 MB
[runlim] sample:		2430.00 time, 2430.02 real, 40 MB
[runlim] sample:		2440.00 time, 2440.02 real, 40 MB
[runlim] sample:		2450.00 time, 2450.02 real, 40 MB
[runlim] sample:		2459.99 time, 2460.02 real, 40 MB
[runlim] sample:		2470.00 time, 2470.02 real, 40 MB
[runlim] sample:		2480.00 time, 2480.02 real, 40 MB
[runlim] sample:		2490.00 time, 2490.02 real, 41 MB
[runlim] sample:		2500.00 time, 2500.02 real, 41 MB
[runlim] sample:		2509.99 time, 2510.02 real, 41 MB
[runlim] sample:		2519.99 time, 2520.02 real, 41 MB
[runlim] sample:		2529.99 time, 2530.02 real, 41 MB
[runlim] sample:		2540.00 time, 2540.02 real, 41 MB
[runlim] sample:		2549.99 time, 2550.02 real, 41 MB
[runlim] sample:		2560.00 time, 2560.02 real, 41 MB
[runlim] sample:		2569.99 time, 2570.02 real, 41 MB
[runlim] sample:		2580.00 time, 2580.02 real, 41 MB
[runlim] sample:		2589.99 time, 2590.02 real, 41 MB
[runlim] sample:		2599.99 time, 2600.02 real, 41 MB
[runlim] sample:		2610.00 time, 2610.02 real, 41 MB
[runlim] sample:		2620.00 time, 2620.02 real, 41 MB
[runlim] sample:		2629.99 time, 2630.02 real, 41 MB
[runlim] sample:		2640.00 time, 2640.02 real, 41 MB
[runlim] sample:		2650.00 time, 2650.02 real, 41 MB
[runlim] sample:		2660.00 time, 2660.02 real, 41 MB
[runlim] sample:		2669.99 time, 2670.02 real, 41 MB
[runlim] sample:		2679.99 time, 2680.02 real, 41 MB
[runlim] sample:		2690.00 time, 2690.02 real, 42 MB
[runlim] sample:		2700.00 time, 2700.01 real, 42 MB


 SIG RECEIVED

[runlim] end:			Thu Feb 27 09:43:10 2020
[runlim] status:		out of time
[runlim] result:		2
[runlim] children:		1
[runlim] real:			2700.11 seconds
[runlim] time:			2700.00 seconds
[runlim] space:			42 MB
[runlim] samples:		27000
