[runlim] version:		1.18
[runlim] host:			c3n10
[runlim] time limit:		2700 seconds
[runlim] real time limit:	2700 seconds
[runlim] space limit:		7000 MB
[runlim] argv[0]:		./binary
[runlim] argv[1]:		/data/cnf/ankit/RSet1/stmt1_953_954.dqbf
[runlim] start:			Thu Feb 27 08:58:10 2020
[runlim] child:			9153
[runlim] sample:		10.00 time, 10.02 real, 10 MB
[runlim] sample:		19.99 time, 20.02 real, 11 MB
[runlim] sample:		29.99 time, 30.02 real, 12 MB
[runlim] sample:		39.99 time, 40.02 real, 12 MB
[runlim] sample:		49.99 time, 50.02 real, 12 MB
[runlim] sample:		60.00 time, 60.02 real, 12 MB
[runlim] sample:		69.96 time, 70.02 real, 12 MB
[runlim] sample:		79.96 time, 80.02 real, 12 MB
[runlim] sample:		89.95 time, 90.02 real, 12 MB
[runlim] sample:		99.96 time, 100.02 real, 12 MB
[runlim] sample:		109.96 time, 110.02 real, 13 MB
[runlim] sample:		119.96 time, 120.02 real, 13 MB
[runlim] sample:		129.96 time, 130.02 real, 13 MB
[runlim] sample:		139.96 time, 140.02 real, 13 MB
[runlim] sample:		149.96 time, 150.02 real, 13 MB
[runlim] sample:		159.95 time, 160.02 real, 14 MB
[runlim] sample:		169.96 time, 170.02 real, 14 MB
[runlim] sample:		179.96 time, 180.02 real, 14 MB
[runlim] sample:		189.96 time, 190.02 real, 15 MB
[runlim] sample:		199.96 time, 200.02 real, 15 MB
[runlim] sample:		209.96 time, 210.02 real, 15 MB
[runlim] sample:		219.95 time, 220.02 real, 15 MB
[runlim] sample:		229.95 time, 230.02 real, 16 MB
[runlim] sample:		239.95 time, 240.02 real, 16 MB
[runlim] sample:		249.96 time, 250.02 real, 16 MB
[runlim] sample:		259.96 time, 260.02 real, 16 MB
[runlim] sample:		269.95 time, 270.02 real, 16 MB
[runlim] sample:		279.96 time, 280.02 real, 16 MB
[runlim] sample:		289.96 time, 290.02 real, 16 MB
[runlim] sample:		299.96 time, 300.02 real, 16 MB
[runlim] sample:		309.96 time, 310.02 real, 16 MB
[runlim] sample:		319.95 time, 320.02 real, 16 MB
[runlim] sample:		329.96 time, 330.02 real, 16 MB
[runlim] sample:		339.95 time, 340.02 real, 16 MB
[runlim] sample:		349.96 time, 350.02 real, 17 MB
[runlim] sample:		359.95 time, 360.02 real, 17 MB
[runlim] sample:		369.96 time, 370.02 real, 17 MB
[runlim] sample:		379.96 time, 380.02 real, 17 MB
[runlim] sample:		389.96 time, 390.02 real, 17 MB
[runlim] sample:		399.96 time, 400.02 real, 17 MB
[runlim] sample:		409.96 time, 410.02 real, 17 MB
[runlim] sample:		419.96 time, 420.02 real, 18 MB
[runlim] sample:		429.96 time, 430.02 real, 18 MB
[runlim] sample:		439.94 time, 440.02 real, 18 MB
[runlim] sample:		449.95 time, 450.02 real, 18 MB
[runlim] sample:		459.94 time, 460.02 real, 18 MB
[runlim] sample:		469.94 time, 470.02 real, 19 MB
[runlim] sample:		479.95 time, 480.02 real, 19 MB
[runlim] sample:		489.95 time, 490.02 real, 19 MB
[runlim] sample:		499.95 time, 500.02 real, 19 MB
[runlim] sample:		509.94 time, 510.02 real, 19 MB
[runlim] sample:		519.94 time, 520.02 real, 19 MB
[runlim] sample:		529.94 time, 530.02 real, 19 MB
[runlim] sample:		539.94 time, 540.02 real, 20 MB
[runlim] sample:		549.95 time, 550.02 real, 20 MB
[runlim] sample:		559.94 time, 560.02 real, 20 MB
[runlim] sample:		569.94 time, 570.02 real, 20 MB
[runlim] sample:		579.94 time, 580.02 real, 20 MB
[runlim] sample:		589.94 time, 590.02 real, 20 MB
[runlim] sample:		599.94 time, 600.02 real, 20 MB
[runlim] sample:		609.94 time, 610.02 real, 20 MB
[runlim] sample:		619.94 time, 620.02 real, 20 MB
[runlim] sample:		629.94 time, 630.02 real, 20 MB
[runlim] sample:		639.94 time, 640.02 real, 20 MB
[runlim] sample:		649.94 time, 650.02 real, 20 MB
[runlim] sample:		659.94 time, 660.02 real, 20 MB
[runlim] sample:		669.94 time, 670.02 real, 21 MB
[runlim] sample:		679.94 time, 680.02 real, 21 MB
[runlim] sample:		689.94 time, 690.02 real, 21 MB
[runlim] sample:		699.94 time, 700.02 real, 21 MB
[runlim] sample:		709.94 time, 710.02 real, 21 MB
[runlim] sample:		719.93 time, 720.02 real, 22 MB
[runlim] sample:		729.94 time, 730.02 real, 22 MB
[runlim] sample:		739.93 time, 740.02 real, 22 MB
[runlim] sample:		749.94 time, 750.02 real, 22 MB
[runlim] sample:		759.94 time, 760.02 real, 22 MB
[runlim] sample:		769.94 time, 770.02 real, 22 MB
[runlim] sample:		779.94 time, 780.02 real, 22 MB
[runlim] sample:		789.94 time, 790.02 real, 22 MB
[runlim] sample:		799.94 time, 800.02 real, 22 MB
[runlim] sample:		809.94 time, 810.02 real, 22 MB
[runlim] sample:		819.94 time, 820.02 real, 22 MB
[runlim] sample:		829.94 time, 830.02 real, 23 MB
[runlim] sample:		839.94 time, 840.02 real, 23 MB
[runlim] sample:		849.94 time, 850.02 real, 23 MB
[runlim] sample:		859.94 time, 860.02 real, 23 MB
[runlim] sample:		869.93 time, 870.02 real, 24 MB
[runlim] sample:		879.94 time, 880.02 real, 24 MB
[runlim] sample:		889.93 time, 890.02 real, 24 MB
[runlim] sample:		899.94 time, 900.02 real, 24 MB
[runlim] sample:		909.94 time, 910.02 real, 24 MB
[runlim] sample:		919.94 time, 920.02 real, 24 MB
[runlim] sample:		929.93 time, 930.02 real, 24 MB
[runlim] sample:		939.93 time, 940.02 real, 25 MB
[runlim] sample:		949.94 time, 950.02 real, 26 MB
[runlim] sample:		959.94 time, 960.02 real, 26 MB
[runlim] sample:		969.94 time, 970.02 real, 26 MB
[runlim] sample:		979.94 time, 980.02 real, 26 MB
[runlim] sample:		989.94 time, 990.02 real, 27 MB
[runlim] sample:		999.94 time, 1000.02 real, 27 MB
[runlim] sample:		1009.93 time, 1010.02 real, 27 MB
[runlim] sample:		1019.94 time, 1020.02 real, 27 MB
[runlim] sample:		1029.93 time, 1030.02 real, 27 MB
[runlim] sample:		1039.93 time, 1040.02 real, 27 MB
[runlim] sample:		1049.93 time, 1050.02 real, 27 MB
[runlim] sample:		1059.93 time, 1060.02 real, 27 MB
[runlim] sample:		1069.93 time, 1070.02 real, 27 MB
[runlim] sample:		1079.94 time, 1080.02 real, 27 MB
[runlim] sample:		1089.93 time, 1090.02 real, 27 MB
[runlim] sample:		1099.93 time, 1100.02 real, 27 MB
[runlim] sample:		1109.93 time, 1110.02 real, 27 MB
[runlim] sample:		1119.94 time, 1120.02 real, 28 MB
[runlim] sample:		1129.94 time, 1130.02 real, 28 MB
[runlim] sample:		1139.93 time, 1140.02 real, 28 MB
[runlim] sample:		1149.93 time, 1150.02 real, 28 MB
[runlim] sample:		1159.93 time, 1160.02 real, 28 MB
[runlim] sample:		1169.94 time, 1170.02 real, 28 MB
[runlim] sample:		1179.93 time, 1180.02 real, 28 MB
[runlim] sample:		1189.93 time, 1190.02 real, 28 MB
[runlim] sample:		1199.93 time, 1200.02 real, 28 MB
[runlim] sample:		1209.93 time, 1210.02 real, 28 MB
[runlim] sample:		1219.93 time, 1220.02 real, 28 MB
[runlim] sample:		1229.93 time, 1230.02 real, 29 MB
[runlim] sample:		1239.93 time, 1240.02 real, 29 MB
[runlim] sample:		1249.93 time, 1250.02 real, 29 MB
[runlim] sample:		1259.93 time, 1260.02 real, 29 MB
[runlim] sample:		1269.93 time, 1270.02 real, 29 MB
[runlim] sample:		1279.94 time, 1280.02 real, 29 MB
[runlim] sample:		1289.93 time, 1290.02 real, 29 MB
[runlim] sample:		1299.93 time, 1300.02 real, 29 MB
[runlim] sample:		1309.93 time, 1310.02 real, 29 MB
[runlim] sample:		1319.94 time, 1320.02 real, 29 MB
[runlim] sample:		1329.93 time, 1330.02 real, 29 MB
[runlim] sample:		1339.93 time, 1340.02 real, 29 MB
[runlim] sample:		1349.93 time, 1350.02 real, 29 MB
[runlim] sample:		1359.93 time, 1360.02 real, 29 MB
[runlim] sample:		1369.93 time, 1370.02 real, 29 MB
[runlim] sample:		1379.93 time, 1380.02 real, 29 MB
[runlim] sample:		1389.93 time, 1390.02 real, 29 MB
[runlim] sample:		1399.93 time, 1400.02 real, 29 MB
[runlim] sample:		1409.93 time, 1410.02 real, 29 MB
[runlim] sample:		1419.93 time, 1420.02 real, 29 MB
[runlim] sample:		1429.93 time, 1430.02 real, 29 MB
[runlim] sample:		1439.93 time, 1440.02 real, 29 MB
[runlim] sample:		1449.93 time, 1450.02 real, 29 MB
[runlim] sample:		1459.92 time, 1460.02 real, 29 MB
[runlim] sample:		1469.93 time, 1470.02 real, 29 MB
[runlim] sample:		1479.93 time, 1480.02 real, 29 MB
[runlim] sample:		1489.93 time, 1490.02 real, 30 MB
[runlim] sample:		1499.93 time, 1500.02 real, 30 MB
[runlim] sample:		1509.93 time, 1510.02 real, 30 MB
[runlim] sample:		1519.93 time, 1520.02 real, 30 MB
[runlim] sample:		1529.93 time, 1530.02 real, 30 MB
[runlim] sample:		1539.92 time, 1540.02 real, 30 MB
[runlim] sample:		1549.93 time, 1550.02 real, 30 MB
[runlim] sample:		1559.93 time, 1560.02 real, 30 MB
[runlim] sample:		1569.93 time, 1570.02 real, 31 MB
[runlim] sample:		1579.93 time, 1580.02 real, 31 MB
[runlim] sample:		1589.92 time, 1590.02 real, 31 MB
[runlim] sample:		1599.92 time, 1600.02 real, 31 MB
[runlim] sample:		1609.92 time, 1610.02 real, 31 MB
[runlim] sample:		1619.93 time, 1620.02 real, 31 MB
[runlim] sample:		1629.92 time, 1630.02 real, 31 MB
[runlim] sample:		1639.92 time, 1640.02 real, 31 MB
[runlim] sample:		1649.93 time, 1650.02 real, 31 MB
[runlim] sample:		1659.93 time, 1660.02 real, 31 MB
[runlim] sample:		1669.93 time, 1670.02 real, 31 MB
[runlim] sample:		1679.92 time, 1680.02 real, 31 MB
[runlim] sample:		1689.93 time, 1690.02 real, 31 MB
[runlim] sample:		1699.93 time, 1700.02 real, 31 MB
[runlim] sample:		1709.93 time, 1710.02 real, 31 MB
[runlim] sample:		1719.93 time, 1720.02 real, 31 MB
[runlim] sample:		1729.93 time, 1730.02 real, 31 MB
[runlim] sample:		1739.92 time, 1740.02 real, 31 MB
[runlim] sample:		1749.93 time, 1750.02 real, 31 MB
[runlim] sample:		1759.92 time, 1760.02 real, 31 MB
[runlim] sample:		1769.93 time, 1770.02 real, 31 MB
[runlim] sample:		1779.92 time, 1780.02 real, 31 MB
[runlim] sample:		1789.92 time, 1790.02 real, 31 MB
[runlim] sample:		1799.92 time, 1800.02 real, 31 MB
[runlim] sample:		1809.93 time, 1810.02 real, 31 MB
[runlim] sample:		1819.93 time, 1820.02 real, 31 MB
[runlim] sample:		1829.92 time, 1830.02 real, 32 MB
[runlim] sample:		1839.92 time, 1840.02 real, 32 MB
[runlim] sample:		1849.92 time, 1850.02 real, 32 MB
[runlim] sample:		1859.92 time, 1860.02 real, 32 MB
[runlim] sample:		1869.93 time, 1870.02 real, 32 MB
[runlim] sample:		1879.92 time, 1880.02 real, 32 MB
[runlim] sample:		1889.92 time, 1890.02 real, 33 MB
[runlim] sample:		1899.92 time, 1900.02 real, 33 MB
[runlim] sample:		1909.92 time, 1910.02 real, 33 MB
[runlim] sample:		1919.92 time, 1920.02 real, 33 MB
[runlim] sample:		1929.93 time, 1930.02 real, 33 MB
[runlim] sample:		1939.92 time, 1940.02 real, 33 MB
[runlim] sample:		1949.92 time, 1950.02 real, 33 MB
[runlim] sample:		1959.93 time, 1960.02 real, 33 MB
[runlim] sample:		1969.92 time, 1970.02 real, 33 MB
[runlim] sample:		1979.92 time, 1980.02 real, 33 MB
[runlim] sample:		1989.92 time, 1990.02 real, 33 MB
[runlim] sample:		1999.92 time, 2000.02 real, 33 MB
[runlim] sample:		2009.92 time, 2010.02 real, 33 MB
[runlim] sample:		2019.92 time, 2020.02 real, 33 MB
[runlim] sample:		2029.92 time, 2030.02 real, 33 MB
[runlim] sample:		2039.92 time, 2040.02 real, 33 MB
[runlim] sample:		2049.93 time, 2050.02 real, 33 MB
[runlim] sample:		2059.92 time, 2060.02 real, 33 MB
[runlim] sample:		2069.92 time, 2070.02 real, 33 MB
[runlim] sample:		2079.92 time, 2080.02 real, 33 MB
[runlim] sample:		2089.92 time, 2090.02 real, 33 MB
[runlim] sample:		2099.92 time, 2100.02 real, 33 MB
[runlim] sample:		2109.92 time, 2110.02 real, 33 MB
[runlim] sample:		2119.92 time, 2120.02 real, 33 MB
[runlim] sample:		2129.92 time, 2130.02 real, 33 MB
[runlim] sample:		2139.92 time, 2140.02 real, 33 MB
[runlim] sample:		2149.92 time, 2150.02 real, 33 MB
[runlim] sample:		2159.92 time, 2160.02 real, 33 MB
[runlim] sample:		2169.92 time, 2170.02 real, 33 MB
[runlim] sample:		2179.92 time, 2180.02 real, 33 MB
[runlim] sample:		2189.92 time, 2190.02 real, 33 MB
[runlim] sample:		2199.92 time, 2200.02 real, 33 MB
[runlim] sample:		2209.92 time, 2210.02 real, 33 MB
[runlim] sample:		2219.91 time, 2220.02 real, 33 MB
[runlim] sample:		2229.92 time, 2230.02 real, 33 MB
[runlim] sample:		2239.91 time, 2240.02 real, 34 MB
[runlim] sample:		2249.92 time, 2250.02 real, 34 MB
[runlim] sample:		2259.92 time, 2260.02 real, 34 MB
[runlim] sample:		2269.92 time, 2270.02 real, 34 MB
[runlim] sample:		2279.92 time, 2280.02 real, 34 MB
[runlim] sample:		2289.92 time, 2290.02 real, 34 MB
[runlim] sample:		2299.92 time, 2300.02 real, 34 MB
[runlim] sample:		2309.92 time, 2310.02 real, 34 MB
[runlim] sample:		2319.92 time, 2320.02 real, 34 MB
[runlim] sample:		2329.92 time, 2330.02 real, 34 MB
[runlim] sample:		2339.92 time, 2340.02 real, 34 MB
[runlim] sample:		2349.92 time, 2350.02 real, 34 MB
[runlim] sample:		2359.91 time, 2360.02 real, 34 MB
[runlim] sample:		2369.92 time, 2370.02 real, 34 MB
[runlim] sample:		2379.92 time, 2380.02 real, 34 MB
[runlim] sample:		2389.92 time, 2390.02 real, 34 MB
[runlim] sample:		2399.92 time, 2400.02 real, 35 MB
[runlim] sample:		2409.91 time, 2410.02 real, 35 MB
[runlim] sample:		2419.91 time, 2420.02 real, 35 MB
[runlim] sample:		2429.92 time, 2430.02 real, 35 MB
[runlim] sample:		2439.91 time, 2440.02 real, 35 MB
[runlim] sample:		2449.91 time, 2450.02 real, 35 MB
[runlim] sample:		2459.92 time, 2460.02 real, 36 MB
[runlim] sample:		2469.91 time, 2470.02 real, 36 MB
[runlim] sample:		2479.92 time, 2480.02 real, 36 MB
[runlim] sample:		2489.91 time, 2490.02 real, 36 MB
[runlim] sample:		2499.92 time, 2500.02 real, 36 MB
[runlim] sample:		2509.92 time, 2510.02 real, 36 MB
[runlim] sample:		2519.91 time, 2520.02 real, 36 MB
[runlim] sample:		2529.91 time, 2530.02 real, 36 MB
[runlim] sample:		2539.91 time, 2540.02 real, 36 MB
[runlim] sample:		2549.91 time, 2550.02 real, 36 MB
[runlim] sample:		2559.91 time, 2560.02 real, 36 MB
[runlim] sample:		2569.91 time, 2570.02 real, 36 MB
[runlim] sample:		2579.92 time, 2580.02 real, 36 MB
[runlim] sample:		2589.92 time, 2590.02 real, 36 MB
[runlim] sample:		2599.92 time, 2600.02 real, 36 MB
[runlim] sample:		2609.91 time, 2610.02 real, 36 MB
[runlim] sample:		2619.91 time, 2620.02 real, 36 MB
[runlim] sample:		2629.91 time, 2630.02 real, 36 MB
[runlim] sample:		2639.91 time, 2640.02 real, 36 MB
[runlim] sample:		2649.92 time, 2650.02 real, 36 MB
[runlim] sample:		2659.92 time, 2660.02 real, 37 MB
[runlim] sample:		2669.91 time, 2670.02 real, 37 MB
[runlim] sample:		2679.92 time, 2680.02 real, 37 MB
[runlim] sample:		2689.91 time, 2690.02 real, 37 MB
[runlim] sample:		2699.91 time, 2700.02 real, 37 MB


 SIG RECEIVED

[runlim] end:			Thu Feb 27 09:43:10 2020
[runlim] status:		out of time
[runlim] result:		2
[runlim] children:		1
[runlim] real:			2700.15 seconds
[runlim] time:			2699.91 seconds
[runlim] space:			37 MB
[runlim] samples:		27000
