[runlim] version:		1.18
[runlim] host:			c3n20
[runlim] time limit:		2700 seconds
[runlim] real time limit:	2700 seconds
[runlim] space limit:		7000 MB
[runlim] argv[0]:		./binary
[runlim] argv[1]:		/data/cnf/ankit/RSet1/toilet_c_10_01.17.dqbf
[runlim] start:			Thu Feb 27 08:58:10 2020
[runlim] child:			9185
[runlim] sample:		10.01 time, 10.02 real, 36 MB
[runlim] sample:		20.01 time, 20.01 real, 50 MB
[runlim] sample:		30.01 time, 30.01 real, 50 MB
[runlim] sample:		40.01 time, 40.01 real, 50 MB
[runlim] sample:		50.01 time, 50.01 real, 50 MB
[runlim] sample:		60.01 time, 60.02 real, 50 MB
[runlim] sample:		69.99 time, 70.02 real, 51 MB
[runlim] sample:		79.97 time, 80.02 real, 55 MB
[runlim] sample:		89.94 time, 90.02 real, 55 MB
[runlim] sample:		99.94 time, 100.02 real, 59 MB
[runlim] sample:		109.93 time, 110.02 real, 61 MB
[runlim] sample:		119.93 time, 120.02 real, 61 MB
[runlim] sample:		129.93 time, 130.02 real, 61 MB
[runlim] sample:		139.93 time, 140.02 real, 61 MB
[runlim] sample:		149.93 time, 150.02 real, 62 MB
[runlim] sample:		159.93 time, 160.02 real, 69 MB
[runlim] sample:		169.93 time, 170.02 real, 69 MB
[runlim] sample:		179.93 time, 180.02 real, 69 MB
[runlim] sample:		189.93 time, 190.02 real, 69 MB
[runlim] sample:		199.93 time, 200.02 real, 69 MB
[runlim] sample:		209.93 time, 210.02 real, 69 MB
[runlim] sample:		219.93 time, 220.02 real, 69 MB
[runlim] sample:		229.93 time, 230.02 real, 69 MB
[runlim] sample:		239.93 time, 240.02 real, 69 MB
[runlim] sample:		249.93 time, 250.02 real, 69 MB
[runlim] sample:		259.93 time, 260.02 real, 69 MB
[runlim] sample:		269.93 time, 270.02 real, 69 MB
[runlim] sample:		279.93 time, 280.02 real, 69 MB
[runlim] sample:		289.93 time, 290.02 real, 70 MB
[runlim] sample:		299.93 time, 300.02 real, 70 MB
[runlim] sample:		309.93 time, 310.02 real, 70 MB
[runlim] sample:		319.93 time, 320.02 real, 70 MB
[runlim] sample:		329.93 time, 330.02 real, 70 MB
[runlim] sample:		339.93 time, 340.02 real, 70 MB
[runlim] sample:		349.93 time, 350.02 real, 70 MB
[runlim] sample:		359.93 time, 360.02 real, 74 MB
[runlim] sample:		369.93 time, 370.02 real, 74 MB
[runlim] sample:		379.93 time, 380.02 real, 74 MB
[runlim] sample:		389.93 time, 390.02 real, 75 MB
[runlim] sample:		399.93 time, 400.02 real, 75 MB
[runlim] sample:		409.93 time, 410.02 real, 75 MB
[runlim] sample:		419.93 time, 420.02 real, 77 MB
[runlim] sample:		429.93 time, 430.02 real, 77 MB
[runlim] sample:		439.92 time, 440.02 real, 78 MB
[runlim] sample:		449.92 time, 450.02 real, 78 MB
[runlim] sample:		459.92 time, 460.02 real, 78 MB
[runlim] sample:		469.92 time, 470.02 real, 78 MB
[runlim] sample:		479.92 time, 480.02 real, 78 MB
[runlim] sample:		489.92 time, 490.02 real, 79 MB
[runlim] sample:		499.93 time, 500.02 real, 83 MB
[runlim] sample:		509.93 time, 510.02 real, 83 MB
[runlim] sample:		519.93 time, 520.02 real, 83 MB
[runlim] sample:		529.93 time, 530.02 real, 90 MB
[runlim] sample:		539.93 time, 540.02 real, 90 MB
[runlim] sample:		549.93 time, 550.02 real, 90 MB
[runlim] sample:		559.93 time, 560.02 real, 90 MB
[runlim] sample:		569.93 time, 570.02 real, 90 MB
[runlim] sample:		579.93 time, 580.02 real, 90 MB
[runlim] sample:		589.93 time, 590.02 real, 90 MB
[runlim] sample:		599.93 time, 600.02 real, 90 MB
[runlim] sample:		609.93 time, 610.02 real, 90 MB
[runlim] sample:		619.93 time, 620.02 real, 90 MB
[runlim] sample:		629.93 time, 630.02 real, 90 MB
[runlim] sample:		639.93 time, 640.02 real, 90 MB
[runlim] sample:		649.93 time, 650.02 real, 90 MB
[runlim] sample:		659.93 time, 660.02 real, 90 MB
[runlim] sample:		669.92 time, 670.02 real, 90 MB
[runlim] sample:		679.92 time, 680.02 real, 90 MB
[runlim] sample:		689.92 time, 690.02 real, 90 MB
[runlim] sample:		699.92 time, 700.02 real, 90 MB
[runlim] sample:		709.92 time, 710.02 real, 90 MB
[runlim] sample:		719.92 time, 720.02 real, 90 MB
[runlim] sample:		729.92 time, 730.02 real, 90 MB
[runlim] sample:		739.92 time, 740.02 real, 91 MB
[runlim] end:			Thu Feb 27 09:10:34 2020
[runlim] status:		ok
[runlim] result:		0
[runlim] children:		1
[runlim] real:			743.65 seconds
[runlim] time:			743.52 seconds
[runlim] space:			91 MB
[runlim] samples:		7436
