[runlim] version:		1.18
[runlim] host:			c3n02
[runlim] time limit:		2700 seconds
[runlim] real time limit:	2700 seconds
[runlim] space limit:		7000 MB
[runlim] argv[0]:		./binary
[runlim] argv[1]:		/data/cnf/ankit/E1-A1-Red/4qbf-5cnf-100var-600cl.1.dqbf
[runlim] start:			Sat Feb 29 06:08:38 2020
[runlim] child:			19320
[runlim] sample:		9.99 time, 10.01 real, 8 MB
[runlim] sample:		19.99 time, 20.01 real, 11 MB
[runlim] sample:		30.00 time, 30.01 real, 12 MB
[runlim] sample:		39.99 time, 40.01 real, 13 MB
[runlim] sample:		50.00 time, 50.01 real, 14 MB
[runlim] sample:		60.00 time, 60.01 real, 15 MB
[runlim] sample:		70.00 time, 70.01 real, 16 MB
[runlim] sample:		80.00 time, 80.01 real, 17 MB
[runlim] sample:		90.10 time, 90.12 real, 18 MB
[runlim] sample:		100.10 time, 100.12 real, 19 MB
[runlim] sample:		110.10 time, 110.12 real, 19 MB
[runlim] sample:		120.10 time, 120.12 real, 20 MB
[runlim] sample:		130.10 time, 130.12 real, 20 MB
[runlim] sample:		140.09 time, 140.12 real, 21 MB
[runlim] sample:		150.09 time, 150.12 real, 22 MB
[runlim] sample:		160.09 time, 160.12 real, 22 MB
[runlim] sample:		170.10 time, 170.12 real, 23 MB
[runlim] sample:		180.10 time, 180.12 real, 23 MB
[runlim] sample:		190.10 time, 190.12 real, 24 MB
[runlim] sample:		200.09 time, 200.12 real, 24 MB
[runlim] sample:		210.10 time, 210.12 real, 25 MB
[runlim] sample:		220.09 time, 220.12 real, 25 MB
[runlim] sample:		230.10 time, 230.11 real, 25 MB
[runlim] sample:		240.10 time, 240.11 real, 26 MB
[runlim] sample:		250.09 time, 250.11 real, 26 MB
[runlim] sample:		260.10 time, 260.11 real, 27 MB
[runlim] sample:		270.10 time, 270.11 real, 28 MB
[runlim] sample:		280.10 time, 280.11 real, 28 MB
[runlim] sample:		290.09 time, 290.11 real, 29 MB
[runlim] sample:		300.10 time, 300.11 real, 29 MB
[runlim] sample:		310.10 time, 310.11 real, 30 MB
[runlim] sample:		320.09 time, 320.11 real, 30 MB
[runlim] sample:		330.09 time, 330.12 real, 30 MB
[runlim] sample:		340.09 time, 340.12 real, 31 MB
[runlim] sample:		350.09 time, 350.11 real, 31 MB
[runlim] sample:		360.10 time, 360.11 real, 31 MB
[runlim] sample:		370.09 time, 370.11 real, 32 MB
[runlim] sample:		380.09 time, 380.11 real, 32 MB
[runlim] sample:		390.09 time, 390.11 real, 32 MB
[runlim] sample:		400.09 time, 400.11 real, 32 MB
[runlim] sample:		410.09 time, 410.12 real, 33 MB
[runlim] sample:		420.09 time, 420.12 real, 33 MB
[runlim] sample:		430.10 time, 430.12 real, 33 MB
[runlim] sample:		440.09 time, 440.12 real, 33 MB
[runlim] sample:		450.09 time, 450.12 real, 34 MB
[runlim] sample:		460.09 time, 460.12 real, 34 MB
[runlim] sample:		470.09 time, 470.12 real, 35 MB
[runlim] sample:		480.09 time, 480.12 real, 35 MB
[runlim] sample:		490.09 time, 490.12 real, 36 MB
[runlim] sample:		500.09 time, 500.12 real, 36 MB
[runlim] sample:		510.10 time, 510.12 real, 36 MB
[runlim] sample:		520.09 time, 520.12 real, 37 MB
[runlim] sample:		530.10 time, 530.12 real, 37 MB
[runlim] sample:		540.10 time, 540.12 real, 37 MB
[runlim] sample:		550.10 time, 550.12 real, 38 MB
[runlim] sample:		560.10 time, 560.12 real, 39 MB
[runlim] sample:		570.10 time, 570.12 real, 39 MB
[runlim] sample:		580.10 time, 580.12 real, 39 MB
[runlim] sample:		590.10 time, 590.12 real, 39 MB
[runlim] sample:		600.10 time, 600.12 real, 39 MB
[runlim] sample:		610.10 time, 610.12 real, 40 MB
[runlim] sample:		620.10 time, 620.12 real, 40 MB
[runlim] sample:		630.10 time, 630.12 real, 40 MB
[runlim] sample:		640.10 time, 640.12 real, 41 MB
[runlim] sample:		650.10 time, 650.12 real, 41 MB
[runlim] sample:		660.10 time, 660.12 real, 41 MB
[runlim] sample:		670.09 time, 670.12 real, 41 MB
[runlim] sample:		680.10 time, 680.12 real, 42 MB
[runlim] sample:		690.10 time, 690.12 real, 42 MB
[runlim] sample:		700.09 time, 700.12 real, 42 MB
[runlim] sample:		710.09 time, 710.12 real, 42 MB
[runlim] sample:		720.10 time, 720.12 real, 42 MB
[runlim] sample:		730.10 time, 730.12 real, 43 MB
[runlim] sample:		740.10 time, 740.12 real, 44 MB
[runlim] sample:		750.10 time, 750.12 real, 44 MB
[runlim] sample:		760.10 time, 760.12 real, 45 MB
[runlim] sample:		770.09 time, 770.12 real, 45 MB
[runlim] sample:		780.10 time, 780.12 real, 45 MB
[runlim] sample:		790.10 time, 790.12 real, 46 MB
[runlim] sample:		800.10 time, 800.12 real, 46 MB
[runlim] sample:		810.09 time, 810.12 real, 46 MB
[runlim] sample:		820.09 time, 820.12 real, 47 MB
[runlim] sample:		830.10 time, 830.12 real, 47 MB
[runlim] sample:		840.10 time, 840.12 real, 47 MB
[runlim] sample:		850.09 time, 850.12 real, 47 MB
[runlim] sample:		860.10 time, 860.12 real, 48 MB
[runlim] sample:		870.10 time, 870.12 real, 48 MB
[runlim] sample:		880.10 time, 880.12 real, 48 MB
[runlim] sample:		890.09 time, 890.12 real, 48 MB
[runlim] sample:		900.09 time, 900.12 real, 49 MB
[runlim] sample:		910.10 time, 910.12 real, 49 MB
[runlim] sample:		920.10 time, 920.12 real, 49 MB
[runlim] sample:		930.10 time, 930.12 real, 49 MB
[runlim] sample:		940.10 time, 940.12 real, 50 MB
[runlim] sample:		950.09 time, 950.12 real, 50 MB
[runlim] sample:		960.10 time, 960.12 real, 50 MB
[runlim] sample:		970.10 time, 970.12 real, 50 MB
[runlim] sample:		980.10 time, 980.12 real, 51 MB
[runlim] sample:		990.10 time, 990.12 real, 51 MB
[runlim] sample:		1000.10 time, 1000.12 real, 51 MB
[runlim] sample:		1010.10 time, 1010.12 real, 51 MB
[runlim] sample:		1020.10 time, 1020.12 real, 51 MB
[runlim] sample:		1030.10 time, 1030.12 real, 51 MB
[runlim] sample:		1040.10 time, 1040.12 real, 51 MB
[runlim] sample:		1050.10 time, 1050.12 real, 51 MB
[runlim] sample:		1060.10 time, 1060.12 real, 52 MB
[runlim] sample:		1070.10 time, 1070.12 real, 52 MB
[runlim] sample:		1080.09 time, 1080.12 real, 52 MB
[runlim] sample:		1090.10 time, 1090.12 real, 52 MB
[runlim] sample:		1100.10 time, 1100.12 real, 52 MB
[runlim] sample:		1110.10 time, 1110.12 real, 53 MB
[runlim] sample:		1120.09 time, 1120.12 real, 53 MB
[runlim] sample:		1130.10 time, 1130.12 real, 53 MB
[runlim] sample:		1140.09 time, 1140.12 real, 53 MB
[runlim] sample:		1150.09 time, 1150.12 real, 54 MB
[runlim] sample:		1160.09 time, 1160.12 real, 54 MB
[runlim] sample:		1170.09 time, 1170.12 real, 54 MB
[runlim] sample:		1180.10 time, 1180.12 real, 54 MB
[runlim] sample:		1190.09 time, 1190.12 real, 54 MB
[runlim] sample:		1200.10 time, 1200.12 real, 54 MB
[runlim] sample:		1210.09 time, 1210.12 real, 55 MB
[runlim] sample:		1220.10 time, 1220.12 real, 55 MB
[runlim] sample:		1230.09 time, 1230.12 real, 55 MB
[runlim] sample:		1240.10 time, 1240.12 real, 55 MB
[runlim] sample:		1250.10 time, 1250.12 real, 55 MB
[runlim] sample:		1260.10 time, 1260.12 real, 55 MB
[runlim] sample:		1270.10 time, 1270.12 real, 55 MB
[runlim] sample:		1280.10 time, 1280.12 real, 55 MB
[runlim] sample:		1290.09 time, 1290.12 real, 55 MB
[runlim] sample:		1300.10 time, 1300.12 real, 55 MB
[runlim] sample:		1310.10 time, 1310.12 real, 56 MB
[runlim] sample:		1320.10 time, 1320.12 real, 56 MB
[runlim] sample:		1330.10 time, 1330.12 real, 56 MB
[runlim] sample:		1340.09 time, 1340.12 real, 56 MB
[runlim] sample:		1350.09 time, 1350.12 real, 56 MB
[runlim] sample:		1360.10 time, 1360.12 real, 56 MB
[runlim] sample:		1370.09 time, 1370.12 real, 56 MB
[runlim] sample:		1380.10 time, 1380.12 real, 56 MB
[runlim] sample:		1390.10 time, 1390.12 real, 57 MB
[runlim] sample:		1400.10 time, 1400.12 real, 57 MB
[runlim] sample:		1410.10 time, 1410.12 real, 57 MB
[runlim] sample:		1420.09 time, 1420.12 real, 57 MB
[runlim] sample:		1430.10 time, 1430.12 real, 57 MB
[runlim] sample:		1440.09 time, 1440.12 real, 58 MB
[runlim] sample:		1450.10 time, 1450.12 real, 58 MB
[runlim] sample:		1460.10 time, 1460.12 real, 58 MB
[runlim] sample:		1470.10 time, 1470.12 real, 58 MB
[runlim] sample:		1480.10 time, 1480.12 real, 58 MB
[runlim] sample:		1490.09 time, 1490.12 real, 59 MB
[runlim] sample:		1500.10 time, 1500.12 real, 59 MB
[runlim] sample:		1510.10 time, 1510.12 real, 59 MB
[runlim] sample:		1520.10 time, 1520.12 real, 59 MB
[runlim] sample:		1530.09 time, 1530.12 real, 59 MB
[runlim] sample:		1540.09 time, 1540.12 real, 59 MB
[runlim] sample:		1550.10 time, 1550.12 real, 60 MB
[runlim] sample:		1560.10 time, 1560.12 real, 60 MB
[runlim] sample:		1570.10 time, 1570.12 real, 60 MB
[runlim] sample:		1580.10 time, 1580.12 real, 61 MB
[runlim] sample:		1590.09 time, 1590.12 real, 61 MB
[runlim] sample:		1600.09 time, 1600.12 real, 63 MB
[runlim] sample:		1610.09 time, 1610.12 real, 63 MB
[runlim] sample:		1620.09 time, 1620.12 real, 63 MB
[runlim] sample:		1630.09 time, 1630.12 real, 64 MB
[runlim] sample:		1640.09 time, 1640.12 real, 64 MB
[runlim] sample:		1650.10 time, 1650.12 real, 64 MB
[runlim] sample:		1660.10 time, 1660.12 real, 64 MB
[runlim] sample:		1670.10 time, 1670.12 real, 64 MB
[runlim] sample:		1680.10 time, 1680.12 real, 64 MB
[runlim] sample:		1690.09 time, 1690.12 real, 64 MB
[runlim] sample:		1700.09 time, 1700.12 real, 64 MB
[runlim] sample:		1710.09 time, 1710.12 real, 64 MB
[runlim] sample:		1720.09 time, 1720.12 real, 64 MB
[runlim] sample:		1730.09 time, 1730.12 real, 66 MB
[runlim] sample:		1740.09 time, 1740.12 real, 66 MB
[runlim] sample:		1750.09 time, 1750.12 real, 66 MB
[runlim] sample:		1760.08 time, 1760.12 real, 66 MB
[runlim] sample:		1770.09 time, 1770.12 real, 66 MB
[runlim] sample:		1780.09 time, 1780.12 real, 66 MB
[runlim] sample:		1790.09 time, 1790.12 real, 66 MB
[runlim] sample:		1800.09 time, 1800.12 real, 66 MB
[runlim] sample:		1810.09 time, 1810.12 real, 67 MB
[runlim] sample:		1820.09 time, 1820.12 real, 67 MB
[runlim] sample:		1830.09 time, 1830.12 real, 67 MB
[runlim] sample:		1840.09 time, 1840.12 real, 67 MB
[runlim] sample:		1850.09 time, 1850.12 real, 68 MB
[runlim] sample:		1860.09 time, 1860.12 real, 68 MB
[runlim] sample:		1870.09 time, 1870.12 real, 68 MB
[runlim] sample:		1880.09 time, 1880.12 real, 68 MB
[runlim] sample:		1890.09 time, 1890.12 real, 70 MB
[runlim] sample:		1900.09 time, 1900.12 real, 70 MB
[runlim] sample:		1910.09 time, 1910.12 real, 70 MB
[runlim] sample:		1920.09 time, 1920.12 real, 70 MB
[runlim] sample:		1930.09 time, 1930.12 real, 70 MB
[runlim] sample:		1940.09 time, 1940.12 real, 70 MB
[runlim] sample:		1950.08 time, 1950.12 real, 71 MB
[runlim] sample:		1960.08 time, 1960.12 real, 71 MB
[runlim] sample:		1970.09 time, 1970.12 real, 71 MB
[runlim] sample:		1980.09 time, 1980.12 real, 71 MB
[runlim] sample:		1990.09 time, 1990.12 real, 71 MB
[runlim] sample:		2000.09 time, 2000.12 real, 71 MB
[runlim] sample:		2010.09 time, 2010.12 real, 71 MB
[runlim] sample:		2020.09 time, 2020.12 real, 71 MB
[runlim] sample:		2030.09 time, 2030.12 real, 71 MB
[runlim] sample:		2040.09 time, 2040.12 real, 71 MB
[runlim] sample:		2050.09 time, 2050.12 real, 71 MB
[runlim] sample:		2060.08 time, 2060.12 real, 71 MB
[runlim] sample:		2070.08 time, 2070.12 real, 71 MB
[runlim] sample:		2080.09 time, 2080.12 real, 71 MB
[runlim] sample:		2090.09 time, 2090.12 real, 71 MB
[runlim] sample:		2100.09 time, 2100.12 real, 71 MB
[runlim] sample:		2110.09 time, 2110.12 real, 71 MB
[runlim] sample:		2120.09 time, 2120.12 real, 72 MB
[runlim] sample:		2130.09 time, 2130.12 real, 72 MB
[runlim] sample:		2140.09 time, 2140.12 real, 72 MB
[runlim] sample:		2150.09 time, 2150.12 real, 72 MB
[runlim] sample:		2160.09 time, 2160.12 real, 72 MB
[runlim] sample:		2170.09 time, 2170.12 real, 72 MB
[runlim] sample:		2180.09 time, 2180.12 real, 72 MB
[runlim] sample:		2190.09 time, 2190.12 real, 72 MB
[runlim] sample:		2200.09 time, 2200.12 real, 72 MB
[runlim] sample:		2210.09 time, 2210.12 real, 73 MB
[runlim] sample:		2220.09 time, 2220.12 real, 73 MB
[runlim] sample:		2230.09 time, 2230.12 real, 73 MB
[runlim] sample:		2240.09 time, 2240.12 real, 74 MB
[runlim] sample:		2250.08 time, 2250.12 real, 74 MB
[runlim] sample:		2260.09 time, 2260.12 real, 74 MB
[runlim] sample:		2270.09 time, 2270.12 real, 74 MB
[runlim] sample:		2280.08 time, 2280.12 real, 74 MB
[runlim] sample:		2290.09 time, 2290.12 real, 74 MB
[runlim] sample:		2300.09 time, 2300.12 real, 74 MB
[runlim] sample:		2310.08 time, 2310.12 real, 74 MB
[runlim] sample:		2320.09 time, 2320.12 real, 74 MB
[runlim] sample:		2330.09 time, 2330.12 real, 74 MB
[runlim] sample:		2340.09 time, 2340.12 real, 74 MB
[runlim] sample:		2350.09 time, 2350.12 real, 75 MB
[runlim] sample:		2360.09 time, 2360.12 real, 75 MB
[runlim] sample:		2370.08 time, 2370.12 real, 75 MB
[runlim] sample:		2380.08 time, 2380.12 real, 75 MB
[runlim] sample:		2390.09 time, 2390.12 real, 75 MB
[runlim] sample:		2400.09 time, 2400.12 real, 75 MB
[runlim] sample:		2410.09 time, 2410.12 real, 75 MB
[runlim] sample:		2420.08 time, 2420.12 real, 76 MB
[runlim] sample:		2430.09 time, 2430.12 real, 76 MB
[runlim] sample:		2440.10 time, 2440.12 real, 76 MB
[runlim] sample:		2450.09 time, 2450.12 real, 76 MB
[runlim] sample:		2460.09 time, 2460.12 real, 76 MB
[runlim] sample:		2470.10 time, 2470.12 real, 76 MB
[runlim] sample:		2480.09 time, 2480.12 real, 76 MB
[runlim] sample:		2490.09 time, 2490.12 real, 77 MB
[runlim] sample:		2500.09 time, 2500.12 real, 77 MB
[runlim] sample:		2510.09 time, 2510.12 real, 77 MB
[runlim] sample:		2520.10 time, 2520.12 real, 77 MB
[runlim] sample:		2530.09 time, 2530.12 real, 77 MB
[runlim] sample:		2540.09 time, 2540.12 real, 77 MB
[runlim] sample:		2550.09 time, 2550.12 real, 77 MB
[runlim] sample:		2560.10 time, 2560.12 real, 77 MB
[runlim] sample:		2570.09 time, 2570.12 real, 77 MB
[runlim] sample:		2580.09 time, 2580.12 real, 77 MB
[runlim] sample:		2590.09 time, 2590.12 real, 77 MB
[runlim] sample:		2600.09 time, 2600.12 real, 77 MB
[runlim] sample:		2610.09 time, 2610.12 real, 77 MB
[runlim] sample:		2620.09 time, 2620.12 real, 77 MB
[runlim] sample:		2630.09 time, 2630.12 real, 77 MB
[runlim] sample:		2640.09 time, 2640.12 real, 78 MB
[runlim] sample:		2650.09 time, 2650.12 real, 78 MB
[runlim] sample:		2660.09 time, 2660.12 real, 78 MB
[runlim] sample:		2670.09 time, 2670.12 real, 78 MB
[runlim] sample:		2680.09 time, 2680.12 real, 78 MB
[runlim] sample:		2690.09 time, 2690.12 real, 78 MB


 SIG RECEIVED

[runlim] end:			Sat Feb 29 06:53:38 2020
[runlim] status:		out of time
[runlim] result:		2
[runlim] children:		1
[runlim] real:			2700.14 seconds
[runlim] time:			2699.99 seconds
[runlim] space:			78 MB
[runlim] samples:		26999
