[runlim] version:		1.18
[runlim] host:			c3n02
[runlim] time limit:		2700 seconds
[runlim] real time limit:	2700 seconds
[runlim] space limit:		7000 MB
[runlim] argv[0]:		./binary
[runlim] argv[1]:		/data/cnf/ankit/E1-A1-Red/4qbf-5cnf-50var-300cl.1.dqbf
[runlim] start:			Sat Feb 29 06:08:38 2020
[runlim] child:			19479
[runlim] sample:		9.98 time, 10.01 real, 8 MB
[runlim] sample:		19.97 time, 20.01 real, 9 MB
[runlim] sample:		29.97 time, 30.01 real, 11 MB
[runlim] sample:		39.98 time, 40.01 real, 12 MB
[runlim] sample:		49.98 time, 50.01 real, 13 MB
[runlim] sample:		59.98 time, 60.01 real, 14 MB
[runlim] sample:		69.97 time, 70.01 real, 15 MB
[runlim] sample:		79.97 time, 80.01 real, 16 MB
[runlim] sample:		90.17 time, 90.22 real, 17 MB
[runlim] sample:		100.18 time, 100.21 real, 18 MB
[runlim] sample:		110.18 time, 110.21 real, 18 MB
[runlim] sample:		120.18 time, 120.21 real, 19 MB
[runlim] sample:		130.18 time, 130.21 real, 19 MB
[runlim] sample:		140.18 time, 140.21 real, 20 MB
[runlim] sample:		150.18 time, 150.21 real, 20 MB
[runlim] sample:		160.18 time, 160.21 real, 21 MB
[runlim] sample:		170.18 time, 170.21 real, 22 MB
[runlim] sample:		180.17 time, 180.21 real, 23 MB
[runlim] sample:		190.17 time, 190.21 real, 24 MB
[runlim] sample:		200.17 time, 200.21 real, 24 MB
[runlim] sample:		210.18 time, 210.21 real, 26 MB
[runlim] sample:		220.18 time, 220.21 real, 26 MB
[runlim] sample:		230.18 time, 230.21 real, 27 MB
[runlim] sample:		240.18 time, 240.21 real, 27 MB
[runlim] sample:		250.17 time, 250.21 real, 29 MB
[runlim] sample:		260.17 time, 260.21 real, 29 MB
[runlim] sample:		270.18 time, 270.21 real, 29 MB
[runlim] sample:		280.18 time, 280.21 real, 29 MB
[runlim] sample:		290.17 time, 290.21 real, 29 MB
[runlim] sample:		300.17 time, 300.21 real, 29 MB
[runlim] sample:		310.18 time, 310.21 real, 29 MB
[runlim] sample:		320.18 time, 320.21 real, 29 MB
[runlim] sample:		330.18 time, 330.21 real, 30 MB
[runlim] sample:		340.17 time, 340.21 real, 31 MB
[runlim] sample:		350.18 time, 350.21 real, 31 MB
[runlim] sample:		360.18 time, 360.21 real, 32 MB
[runlim] sample:		370.18 time, 370.21 real, 32 MB
[runlim] sample:		380.18 time, 380.21 real, 33 MB
[runlim] sample:		390.18 time, 390.21 real, 33 MB
[runlim] sample:		400.18 time, 400.21 real, 33 MB
[runlim] sample:		410.18 time, 410.22 real, 33 MB
[runlim] sample:		420.17 time, 420.22 real, 33 MB
[runlim] sample:		430.18 time, 430.22 real, 33 MB
[runlim] sample:		440.18 time, 440.22 real, 34 MB
[runlim] sample:		450.18 time, 450.22 real, 34 MB
[runlim] sample:		460.17 time, 460.22 real, 35 MB
[runlim] sample:		470.17 time, 470.22 real, 35 MB
[runlim] sample:		480.17 time, 480.22 real, 35 MB
[runlim] sample:		490.17 time, 490.22 real, 36 MB
[runlim] sample:		500.17 time, 500.22 real, 37 MB
[runlim] sample:		510.18 time, 510.22 real, 37 MB
[runlim] sample:		520.17 time, 520.22 real, 37 MB
[runlim] sample:		530.17 time, 530.22 real, 38 MB
[runlim] sample:		540.18 time, 540.22 real, 38 MB
[runlim] sample:		550.18 time, 550.22 real, 39 MB
[runlim] sample:		560.17 time, 560.22 real, 39 MB
[runlim] sample:		570.17 time, 570.22 real, 39 MB
[runlim] sample:		580.17 time, 580.22 real, 39 MB
[runlim] sample:		590.17 time, 590.22 real, 40 MB
[runlim] sample:		600.18 time, 600.22 real, 40 MB
[runlim] sample:		610.18 time, 610.22 real, 41 MB
[runlim] sample:		620.17 time, 620.22 real, 41 MB
[runlim] sample:		630.18 time, 630.22 real, 41 MB
[runlim] sample:		640.17 time, 640.22 real, 41 MB
[runlim] sample:		650.18 time, 650.22 real, 42 MB
[runlim] sample:		660.17 time, 660.22 real, 42 MB
[runlim] sample:		670.18 time, 670.22 real, 42 MB
[runlim] sample:		680.18 time, 680.22 real, 43 MB
[runlim] sample:		690.17 time, 690.22 real, 43 MB
[runlim] sample:		700.17 time, 700.22 real, 43 MB
[runlim] sample:		710.17 time, 710.22 real, 43 MB
[runlim] sample:		720.17 time, 720.22 real, 43 MB
[runlim] sample:		730.17 time, 730.22 real, 44 MB
[runlim] sample:		740.18 time, 740.22 real, 44 MB
[runlim] sample:		750.17 time, 750.22 real, 44 MB
[runlim] sample:		760.18 time, 760.22 real, 44 MB
[runlim] sample:		770.17 time, 770.22 real, 44 MB
[runlim] sample:		780.17 time, 780.22 real, 44 MB
[runlim] sample:		790.17 time, 790.22 real, 44 MB
[runlim] sample:		800.17 time, 800.22 real, 48 MB
[runlim] sample:		810.17 time, 810.22 real, 48 MB
[runlim] sample:		820.17 time, 820.22 real, 48 MB
[runlim] sample:		830.18 time, 830.22 real, 48 MB
[runlim] sample:		840.17 time, 840.22 real, 48 MB
[runlim] sample:		850.17 time, 850.22 real, 48 MB
[runlim] sample:		860.17 time, 860.22 real, 48 MB
[runlim] sample:		870.17 time, 870.22 real, 49 MB
[runlim] sample:		880.17 time, 880.22 real, 49 MB
[runlim] sample:		890.17 time, 890.22 real, 51 MB
[runlim] sample:		900.17 time, 900.22 real, 51 MB
[runlim] sample:		910.17 time, 910.22 real, 51 MB
[runlim] sample:		920.17 time, 920.22 real, 51 MB
[runlim] sample:		930.17 time, 930.22 real, 51 MB
[runlim] sample:		940.17 time, 940.22 real, 51 MB
[runlim] sample:		950.17 time, 950.22 real, 51 MB
[runlim] sample:		960.17 time, 960.22 real, 51 MB
[runlim] sample:		970.17 time, 970.22 real, 53 MB
[runlim] sample:		980.17 time, 980.22 real, 53 MB
[runlim] sample:		990.17 time, 990.22 real, 53 MB
[runlim] sample:		1000.17 time, 1000.22 real, 53 MB
[runlim] sample:		1010.17 time, 1010.22 real, 53 MB
[runlim] sample:		1020.17 time, 1020.22 real, 53 MB
[runlim] sample:		1030.17 time, 1030.22 real, 54 MB
[runlim] sample:		1040.17 time, 1040.22 real, 54 MB
[runlim] sample:		1050.18 time, 1050.22 real, 55 MB
[runlim] sample:		1060.17 time, 1060.22 real, 55 MB
[runlim] sample:		1070.17 time, 1070.22 real, 55 MB
[runlim] sample:		1080.17 time, 1080.22 real, 55 MB
[runlim] sample:		1090.17 time, 1090.22 real, 55 MB
[runlim] sample:		1100.17 time, 1100.22 real, 55 MB
[runlim] sample:		1110.17 time, 1110.22 real, 55 MB
[runlim] sample:		1120.18 time, 1120.22 real, 55 MB
[runlim] sample:		1130.17 time, 1130.22 real, 55 MB
[runlim] sample:		1140.17 time, 1140.22 real, 55 MB
[runlim] sample:		1150.17 time, 1150.22 real, 55 MB
[runlim] sample:		1160.17 time, 1160.22 real, 55 MB
[runlim] sample:		1170.17 time, 1170.22 real, 55 MB
[runlim] sample:		1180.17 time, 1180.22 real, 55 MB
[runlim] sample:		1190.17 time, 1190.22 real, 55 MB
[runlim] sample:		1200.17 time, 1200.22 real, 56 MB
[runlim] sample:		1210.17 time, 1210.22 real, 56 MB
[runlim] sample:		1220.17 time, 1220.22 real, 57 MB
[runlim] sample:		1230.17 time, 1230.22 real, 57 MB
[runlim] sample:		1240.17 time, 1240.22 real, 57 MB
[runlim] sample:		1250.17 time, 1250.22 real, 57 MB
[runlim] sample:		1260.17 time, 1260.22 real, 59 MB
[runlim] sample:		1270.17 time, 1270.22 real, 59 MB
[runlim] sample:		1280.17 time, 1280.22 real, 59 MB
[runlim] sample:		1290.17 time, 1290.22 real, 59 MB
[runlim] sample:		1300.17 time, 1300.22 real, 59 MB
[runlim] sample:		1310.17 time, 1310.22 real, 59 MB
[runlim] sample:		1320.17 time, 1320.22 real, 59 MB
[runlim] sample:		1330.17 time, 1330.22 real, 59 MB
[runlim] sample:		1340.17 time, 1340.22 real, 59 MB
[runlim] sample:		1350.17 time, 1350.22 real, 59 MB
[runlim] sample:		1360.17 time, 1360.22 real, 59 MB
[runlim] sample:		1370.17 time, 1370.22 real, 59 MB
[runlim] sample:		1380.17 time, 1380.22 real, 60 MB
[runlim] sample:		1390.17 time, 1390.22 real, 60 MB
[runlim] sample:		1400.17 time, 1400.22 real, 60 MB
[runlim] sample:		1410.17 time, 1410.22 real, 60 MB
[runlim] sample:		1420.17 time, 1420.22 real, 61 MB
[runlim] sample:		1430.18 time, 1430.22 real, 61 MB
[runlim] sample:		1440.17 time, 1440.22 real, 61 MB
[runlim] sample:		1450.17 time, 1450.22 real, 61 MB
[runlim] sample:		1460.17 time, 1460.22 real, 61 MB
[runlim] sample:		1470.17 time, 1470.22 real, 61 MB
[runlim] sample:		1480.17 time, 1480.22 real, 61 MB
[runlim] sample:		1490.17 time, 1490.22 real, 61 MB
[runlim] sample:		1500.17 time, 1500.22 real, 61 MB
[runlim] sample:		1510.17 time, 1510.22 real, 61 MB
[runlim] sample:		1520.17 time, 1520.22 real, 61 MB
[runlim] sample:		1530.17 time, 1530.22 real, 63 MB
[runlim] sample:		1540.17 time, 1540.22 real, 63 MB
[runlim] sample:		1550.17 time, 1550.22 real, 64 MB
[runlim] sample:		1560.17 time, 1560.22 real, 64 MB
[runlim] sample:		1570.17 time, 1570.22 real, 64 MB
[runlim] sample:		1580.17 time, 1580.22 real, 64 MB
[runlim] sample:		1590.17 time, 1590.22 real, 64 MB
[runlim] sample:		1600.17 time, 1600.22 real, 64 MB
[runlim] sample:		1610.17 time, 1610.22 real, 64 MB
[runlim] sample:		1620.17 time, 1620.22 real, 64 MB
[runlim] sample:		1630.17 time, 1630.22 real, 64 MB
[runlim] sample:		1640.17 time, 1640.22 real, 64 MB
[runlim] sample:		1650.17 time, 1650.22 real, 64 MB
[runlim] sample:		1660.17 time, 1660.22 real, 64 MB
[runlim] sample:		1670.17 time, 1670.22 real, 64 MB
[runlim] sample:		1680.17 time, 1680.22 real, 64 MB
[runlim] sample:		1690.17 time, 1690.22 real, 64 MB
[runlim] sample:		1700.17 time, 1700.22 real, 64 MB
[runlim] sample:		1710.17 time, 1710.22 real, 64 MB
[runlim] sample:		1720.17 time, 1720.22 real, 65 MB
[runlim] sample:		1730.17 time, 1730.22 real, 65 MB
[runlim] sample:		1740.17 time, 1740.22 real, 65 MB
[runlim] sample:		1750.17 time, 1750.22 real, 65 MB
[runlim] sample:		1760.17 time, 1760.22 real, 66 MB
[runlim] sample:		1770.17 time, 1770.22 real, 66 MB
[runlim] sample:		1780.17 time, 1780.22 real, 66 MB
[runlim] sample:		1790.17 time, 1790.22 real, 66 MB
[runlim] sample:		1800.17 time, 1800.22 real, 66 MB
[runlim] sample:		1810.17 time, 1810.22 real, 66 MB
[runlim] sample:		1820.17 time, 1820.22 real, 66 MB
[runlim] sample:		1830.17 time, 1830.22 real, 66 MB
[runlim] sample:		1840.17 time, 1840.22 real, 66 MB
[runlim] sample:		1850.17 time, 1850.22 real, 66 MB
[runlim] sample:		1860.17 time, 1860.22 real, 66 MB
[runlim] sample:		1870.17 time, 1870.22 real, 66 MB
[runlim] sample:		1880.17 time, 1880.22 real, 66 MB
[runlim] sample:		1890.17 time, 1890.22 real, 66 MB
[runlim] sample:		1900.17 time, 1900.22 real, 66 MB
[runlim] sample:		1910.17 time, 1910.22 real, 67 MB
[runlim] sample:		1920.17 time, 1920.22 real, 67 MB
[runlim] sample:		1930.17 time, 1930.22 real, 67 MB
[runlim] sample:		1940.17 time, 1940.22 real, 67 MB
[runlim] sample:		1950.17 time, 1950.22 real, 67 MB
[runlim] sample:		1960.17 time, 1960.22 real, 67 MB
[runlim] sample:		1970.17 time, 1970.22 real, 68 MB
[runlim] sample:		1980.17 time, 1980.22 real, 68 MB
[runlim] sample:		1990.17 time, 1990.22 real, 68 MB
[runlim] sample:		2000.17 time, 2000.22 real, 68 MB
[runlim] sample:		2010.17 time, 2010.22 real, 68 MB
[runlim] sample:		2020.17 time, 2020.22 real, 68 MB
[runlim] sample:		2030.17 time, 2030.22 real, 68 MB
[runlim] sample:		2040.17 time, 2040.22 real, 68 MB
[runlim] sample:		2050.17 time, 2050.22 real, 68 MB
[runlim] sample:		2060.17 time, 2060.22 real, 69 MB
[runlim] sample:		2070.17 time, 2070.22 real, 69 MB
[runlim] sample:		2080.16 time, 2080.22 real, 69 MB
[runlim] sample:		2090.17 time, 2090.22 real, 69 MB
[runlim] sample:		2100.17 time, 2100.22 real, 69 MB
[runlim] sample:		2110.17 time, 2110.22 real, 69 MB
[runlim] sample:		2120.17 time, 2120.22 real, 69 MB
[runlim] sample:		2130.17 time, 2130.22 real, 69 MB
[runlim] sample:		2140.17 time, 2140.22 real, 69 MB
[runlim] sample:		2150.17 time, 2150.22 real, 69 MB
[runlim] sample:		2160.17 time, 2160.22 real, 69 MB
[runlim] sample:		2170.17 time, 2170.22 real, 69 MB
[runlim] sample:		2180.17 time, 2180.22 real, 69 MB
[runlim] sample:		2190.17 time, 2190.22 real, 69 MB
[runlim] sample:		2200.17 time, 2200.22 real, 69 MB
[runlim] sample:		2210.17 time, 2210.22 real, 69 MB
[runlim] sample:		2220.17 time, 2220.22 real, 69 MB
[runlim] sample:		2230.17 time, 2230.22 real, 69 MB
[runlim] sample:		2240.17 time, 2240.22 real, 69 MB
[runlim] sample:		2250.17 time, 2250.22 real, 69 MB
[runlim] sample:		2260.17 time, 2260.22 real, 69 MB
[runlim] sample:		2270.17 time, 2270.22 real, 70 MB
[runlim] sample:		2280.17 time, 2280.22 real, 70 MB
[runlim] sample:		2290.17 time, 2290.22 real, 70 MB
[runlim] sample:		2300.17 time, 2300.22 real, 70 MB
[runlim] sample:		2310.17 time, 2310.22 real, 70 MB
[runlim] sample:		2320.17 time, 2320.22 real, 70 MB
[runlim] sample:		2330.17 time, 2330.22 real, 71 MB
[runlim] sample:		2340.17 time, 2340.22 real, 71 MB
[runlim] sample:		2350.16 time, 2350.22 real, 72 MB
[runlim] sample:		2360.17 time, 2360.22 real, 72 MB
[runlim] sample:		2370.17 time, 2370.22 real, 72 MB
[runlim] sample:		2380.17 time, 2380.22 real, 72 MB
[runlim] sample:		2390.17 time, 2390.22 real, 72 MB
[runlim] sample:		2400.17 time, 2400.22 real, 72 MB
[runlim] sample:		2410.17 time, 2410.22 real, 72 MB
[runlim] sample:		2420.17 time, 2420.22 real, 73 MB
[runlim] sample:		2430.16 time, 2430.22 real, 73 MB
[runlim] sample:		2440.17 time, 2440.22 real, 74 MB
[runlim] sample:		2450.17 time, 2450.22 real, 74 MB
[runlim] sample:		2460.17 time, 2460.22 real, 75 MB
[runlim] sample:		2470.17 time, 2470.22 real, 75 MB
[runlim] sample:		2480.16 time, 2480.22 real, 75 MB
[runlim] sample:		2490.17 time, 2490.22 real, 75 MB
[runlim] sample:		2500.17 time, 2500.22 real, 75 MB
[runlim] sample:		2510.17 time, 2510.22 real, 75 MB
[runlim] sample:		2520.17 time, 2520.22 real, 75 MB
[runlim] sample:		2530.17 time, 2530.22 real, 75 MB
[runlim] sample:		2540.17 time, 2540.22 real, 75 MB
[runlim] sample:		2550.17 time, 2550.22 real, 75 MB
[runlim] sample:		2560.17 time, 2560.22 real, 75 MB
[runlim] sample:		2570.17 time, 2570.22 real, 75 MB
[runlim] sample:		2580.17 time, 2580.22 real, 75 MB
[runlim] sample:		2590.17 time, 2590.22 real, 75 MB
[runlim] sample:		2600.17 time, 2600.22 real, 75 MB
[runlim] sample:		2610.17 time, 2610.22 real, 75 MB
[runlim] sample:		2620.16 time, 2620.22 real, 76 MB
[runlim] sample:		2630.17 time, 2630.22 real, 76 MB
[runlim] sample:		2640.16 time, 2640.22 real, 76 MB
[runlim] sample:		2650.16 time, 2650.22 real, 76 MB
[runlim] sample:		2660.17 time, 2660.22 real, 76 MB
[runlim] sample:		2670.17 time, 2670.22 real, 76 MB
[runlim] sample:		2680.17 time, 2680.22 real, 76 MB
[runlim] sample:		2690.17 time, 2690.22 real, 76 MB


 SIG RECEIVED

[runlim] end:			Sat Feb 29 06:53:38 2020
[runlim] status:		out of time
[runlim] result:		2
[runlim] children:		1
[runlim] real:			2700.12 seconds
[runlim] time:			2699.97 seconds
[runlim] space:			76 MB
[runlim] samples:		26998
