[runlim] version:		1.18
[runlim] host:			c3n03
[runlim] time limit:		2700 seconds
[runlim] real time limit:	2700 seconds
[runlim] space limit:		7000 MB
[runlim] argv[0]:		./binary
[runlim] argv[1]:		/data/cnf/ankit/E1-A1-Red/arbiter-09-comp-error01-qbf-hardness-depth-15.dqbf
[runlim] start:			Sat Feb 29 06:08:39 2020
[runlim] child:			19524
[runlim] sample:		9.96 time, 10.02 real, 59 MB
[runlim] sample:		19.96 time, 20.02 real, 64 MB
[runlim] sample:		29.96 time, 30.02 real, 68 MB
[runlim] sample:		39.96 time, 40.02 real, 71 MB
[runlim] sample:		49.96 time, 50.02 real, 71 MB
[runlim] sample:		59.96 time, 60.02 real, 72 MB
[runlim] sample:		69.96 time, 70.02 real, 72 MB
[runlim] sample:		79.97 time, 80.02 real, 73 MB
[runlim] sample:		90.16 time, 90.22 real, 73 MB
[runlim] sample:		100.16 time, 100.22 real, 73 MB
[runlim] sample:		110.16 time, 110.22 real, 75 MB
[runlim] sample:		120.16 time, 120.22 real, 75 MB
[runlim] sample:		130.16 time, 130.22 real, 75 MB
[runlim] sample:		140.16 time, 140.22 real, 75 MB
[runlim] sample:		150.16 time, 150.22 real, 75 MB
[runlim] sample:		160.16 time, 160.22 real, 76 MB
[runlim] sample:		170.16 time, 170.22 real, 76 MB
[runlim] sample:		180.16 time, 180.22 real, 77 MB
[runlim] sample:		190.16 time, 190.22 real, 77 MB
[runlim] sample:		200.16 time, 200.22 real, 77 MB
[runlim] sample:		210.16 time, 210.22 real, 78 MB
[runlim] sample:		220.16 time, 220.22 real, 78 MB
[runlim] sample:		230.16 time, 230.22 real, 78 MB
[runlim] sample:		240.16 time, 240.22 real, 78 MB
[runlim] sample:		250.16 time, 250.22 real, 78 MB
[runlim] sample:		260.16 time, 260.22 real, 78 MB
[runlim] sample:		270.16 time, 270.22 real, 79 MB
[runlim] sample:		280.16 time, 280.22 real, 80 MB
[runlim] sample:		290.16 time, 290.22 real, 80 MB
[runlim] sample:		300.16 time, 300.22 real, 80 MB
[runlim] sample:		310.16 time, 310.22 real, 81 MB
[runlim] sample:		320.16 time, 320.22 real, 81 MB
[runlim] sample:		330.16 time, 330.22 real, 81 MB
[runlim] sample:		340.16 time, 340.22 real, 82 MB
[runlim] sample:		350.16 time, 350.22 real, 82 MB
[runlim] sample:		360.16 time, 360.22 real, 82 MB
[runlim] sample:		370.16 time, 370.22 real, 82 MB
[runlim] sample:		380.16 time, 380.22 real, 83 MB
[runlim] sample:		390.16 time, 390.22 real, 83 MB
[runlim] sample:		400.16 time, 400.22 real, 83 MB
[runlim] sample:		410.16 time, 410.22 real, 83 MB
[runlim] sample:		420.16 time, 420.22 real, 83 MB
[runlim] sample:		430.16 time, 430.22 real, 83 MB
[runlim] sample:		440.16 time, 440.22 real, 83 MB
[runlim] sample:		450.16 time, 450.22 real, 84 MB
[runlim] sample:		460.16 time, 460.22 real, 85 MB
[runlim] sample:		470.16 time, 470.22 real, 85 MB
[runlim] sample:		480.16 time, 480.22 real, 85 MB
[runlim] sample:		490.15 time, 490.22 real, 85 MB
[runlim] sample:		500.15 time, 500.22 real, 85 MB
[runlim] sample:		510.16 time, 510.22 real, 85 MB
[runlim] sample:		520.16 time, 520.22 real, 85 MB
[runlim] sample:		530.16 time, 530.22 real, 85 MB
[runlim] sample:		540.15 time, 540.22 real, 85 MB
[runlim] sample:		550.15 time, 550.22 real, 86 MB
[runlim] sample:		560.15 time, 560.22 real, 86 MB
[runlim] sample:		570.16 time, 570.22 real, 86 MB
[runlim] sample:		580.16 time, 580.22 real, 86 MB
[runlim] sample:		590.16 time, 590.22 real, 86 MB
[runlim] sample:		600.16 time, 600.22 real, 86 MB
[runlim] sample:		610.16 time, 610.22 real, 86 MB
[runlim] sample:		620.16 time, 620.22 real, 86 MB
[runlim] sample:		630.16 time, 630.22 real, 86 MB
[runlim] sample:		640.16 time, 640.22 real, 86 MB
[runlim] sample:		650.16 time, 650.22 real, 87 MB
[runlim] sample:		660.16 time, 660.22 real, 87 MB
[runlim] sample:		670.16 time, 670.22 real, 87 MB
[runlim] sample:		680.16 time, 680.22 real, 87 MB
[runlim] sample:		690.16 time, 690.22 real, 87 MB
[runlim] sample:		700.15 time, 700.22 real, 88 MB
[runlim] sample:		710.15 time, 710.22 real, 88 MB
[runlim] sample:		720.16 time, 720.22 real, 88 MB
[runlim] sample:		730.16 time, 730.22 real, 88 MB
[runlim] sample:		740.16 time, 740.22 real, 88 MB
[runlim] sample:		750.16 time, 750.22 real, 88 MB
[runlim] sample:		760.16 time, 760.22 real, 89 MB
[runlim] sample:		770.16 time, 770.22 real, 89 MB
[runlim] end:			Sat Feb 29 06:21:35 2020
[runlim] status:		ok
[runlim] result:		0
[runlim] children:		1
[runlim] real:			776.10 seconds
[runlim] time:			775.96 seconds
[runlim] space:			89 MB
[runlim] samples:		7758
