[runlim] version:		1.18
[runlim] host:			c3n05
[runlim] time limit:		2700 seconds
[runlim] real time limit:	2700 seconds
[runlim] space limit:		7000 MB
[runlim] argv[0]:		./binary
[runlim] argv[1]:		/data/cnf/ankit/E1-A1-Red/bobsmhdlc3.R
[runlim] start:			Sat Feb 29 06:08:38 2020
[runlim] child:			17674
[runlim] sample:		9.97 time, 10.02 real, 13 MB
[runlim] sample:		19.97 time, 20.02 real, 13 MB
[runlim] sample:		29.97 time, 30.02 real, 13 MB
[runlim] sample:		39.97 time, 40.02 real, 13 MB
[runlim] sample:		49.97 time, 50.02 real, 13 MB
[runlim] sample:		59.97 time, 60.02 real, 14 MB
[runlim] sample:		69.97 time, 70.02 real, 14 MB
[runlim] sample:		79.97 time, 80.02 real, 14 MB
[runlim] sample:		90.17 time, 90.22 real, 17 MB
[runlim] sample:		100.18 time, 100.22 real, 20 MB
[runlim] sample:		110.18 time, 110.22 real, 21 MB
[runlim] sample:		120.18 time, 120.22 real, 21 MB
[runlim] sample:		130.18 time, 130.22 real, 22 MB
[runlim] sample:		140.18 time, 140.22 real, 22 MB
[runlim] sample:		150.18 time, 150.22 real, 23 MB
[runlim] sample:		160.17 time, 160.22 real, 23 MB
[runlim] sample:		170.17 time, 170.22 real, 23 MB
[runlim] sample:		180.17 time, 180.22 real, 24 MB
[runlim] sample:		190.17 time, 190.22 real, 24 MB
[runlim] sample:		200.17 time, 200.22 real, 25 MB
[runlim] sample:		210.17 time, 210.22 real, 25 MB
[runlim] sample:		220.17 time, 220.22 real, 25 MB
[runlim] sample:		230.17 time, 230.22 real, 26 MB
[runlim] sample:		240.17 time, 240.22 real, 26 MB
[runlim] sample:		250.17 time, 250.22 real, 26 MB
[runlim] sample:		260.17 time, 260.22 real, 26 MB
[runlim] sample:		270.17 time, 270.22 real, 27 MB
[runlim] sample:		280.17 time, 280.22 real, 27 MB
[runlim] sample:		290.17 time, 290.22 real, 27 MB
[runlim] sample:		300.17 time, 300.22 real, 28 MB
[runlim] sample:		310.17 time, 310.22 real, 28 MB
[runlim] sample:		320.17 time, 320.22 real, 29 MB
[runlim] sample:		330.17 time, 330.22 real, 29 MB
[runlim] sample:		340.17 time, 340.22 real, 29 MB
[runlim] sample:		350.17 time, 350.22 real, 29 MB
[runlim] sample:		360.17 time, 360.22 real, 30 MB
[runlim] sample:		370.18 time, 370.22 real, 30 MB
[runlim] sample:		380.18 time, 380.22 real, 30 MB
[runlim] sample:		390.18 time, 390.22 real, 30 MB
[runlim] sample:		400.18 time, 400.22 real, 30 MB
[runlim] sample:		410.18 time, 410.22 real, 31 MB
[runlim] sample:		420.18 time, 420.22 real, 31 MB
[runlim] sample:		430.18 time, 430.22 real, 31 MB
[runlim] sample:		440.18 time, 440.22 real, 32 MB
[runlim] sample:		450.18 time, 450.22 real, 32 MB
[runlim] sample:		460.18 time, 460.22 real, 32 MB
[runlim] sample:		470.18 time, 470.22 real, 32 MB
[runlim] sample:		480.18 time, 480.22 real, 33 MB
[runlim] sample:		490.18 time, 490.22 real, 33 MB
[runlim] sample:		500.18 time, 500.22 real, 33 MB
[runlim] sample:		510.18 time, 510.22 real, 33 MB
[runlim] sample:		520.18 time, 520.22 real, 33 MB
[runlim] sample:		530.18 time, 530.22 real, 33 MB
[runlim] sample:		540.18 time, 540.22 real, 34 MB
[runlim] sample:		550.18 time, 550.22 real, 34 MB
[runlim] sample:		560.17 time, 560.22 real, 34 MB
[runlim] sample:		570.17 time, 570.22 real, 34 MB
[runlim] sample:		580.18 time, 580.22 real, 35 MB
[runlim] sample:		590.18 time, 590.22 real, 35 MB
[runlim] sample:		600.18 time, 600.22 real, 35 MB
[runlim] sample:		610.18 time, 610.22 real, 35 MB
[runlim] sample:		620.18 time, 620.22 real, 35 MB
[runlim] sample:		630.18 time, 630.22 real, 36 MB
[runlim] sample:		640.18 time, 640.22 real, 36 MB
[runlim] sample:		650.18 time, 650.22 real, 36 MB
[runlim] sample:		660.18 time, 660.22 real, 36 MB
[runlim] sample:		670.18 time, 670.22 real, 36 MB
[runlim] sample:		680.18 time, 680.22 real, 36 MB
[runlim] sample:		690.18 time, 690.22 real, 37 MB
[runlim] sample:		700.18 time, 700.22 real, 37 MB
[runlim] sample:		710.18 time, 710.22 real, 37 MB
[runlim] sample:		720.18 time, 720.22 real, 37 MB
[runlim] sample:		730.18 time, 730.22 real, 37 MB
[runlim] sample:		740.18 time, 740.22 real, 37 MB
[runlim] sample:		750.18 time, 750.22 real, 37 MB
[runlim] sample:		760.18 time, 760.22 real, 38 MB
[runlim] sample:		770.18 time, 770.22 real, 38 MB
[runlim] sample:		780.18 time, 780.22 real, 38 MB
[runlim] sample:		790.18 time, 790.22 real, 38 MB
[runlim] sample:		800.18 time, 800.22 real, 38 MB
[runlim] sample:		810.18 time, 810.22 real, 38 MB
[runlim] sample:		820.18 time, 820.22 real, 38 MB
[runlim] sample:		830.18 time, 830.22 real, 39 MB
[runlim] sample:		840.18 time, 840.22 real, 39 MB
[runlim] sample:		850.18 time, 850.22 real, 39 MB
[runlim] sample:		860.18 time, 860.22 real, 39 MB
[runlim] sample:		870.18 time, 870.22 real, 39 MB
[runlim] sample:		880.18 time, 880.22 real, 40 MB
[runlim] sample:		890.18 time, 890.22 real, 40 MB
[runlim] sample:		900.18 time, 900.22 real, 40 MB
[runlim] sample:		910.19 time, 910.22 real, 40 MB
[runlim] sample:		920.19 time, 920.22 real, 40 MB
[runlim] sample:		930.19 time, 930.22 real, 40 MB
[runlim] sample:		940.19 time, 940.22 real, 40 MB
[runlim] sample:		950.19 time, 950.22 real, 40 MB
[runlim] sample:		960.19 time, 960.22 real, 41 MB
[runlim] sample:		970.19 time, 970.22 real, 41 MB
[runlim] sample:		980.19 time, 980.22 real, 41 MB
[runlim] sample:		990.19 time, 990.22 real, 41 MB
[runlim] sample:		1000.18 time, 1000.22 real, 41 MB
[runlim] sample:		1010.18 time, 1010.22 real, 41 MB
[runlim] sample:		1020.18 time, 1020.22 real, 42 MB
[runlim] sample:		1030.18 time, 1030.22 real, 42 MB
[runlim] sample:		1040.18 time, 1040.22 real, 42 MB
[runlim] sample:		1050.18 time, 1050.22 real, 42 MB
[runlim] sample:		1060.18 time, 1060.22 real, 42 MB
[runlim] sample:		1070.18 time, 1070.22 real, 42 MB
[runlim] sample:		1080.18 time, 1080.22 real, 43 MB
[runlim] sample:		1090.18 time, 1090.22 real, 43 MB
[runlim] sample:		1100.18 time, 1100.22 real, 43 MB
[runlim] sample:		1110.18 time, 1110.22 real, 43 MB
[runlim] sample:		1120.18 time, 1120.22 real, 43 MB
[runlim] sample:		1130.18 time, 1130.22 real, 43 MB
[runlim] sample:		1140.19 time, 1140.22 real, 44 MB
[runlim] sample:		1150.19 time, 1150.22 real, 44 MB
[runlim] sample:		1160.19 time, 1160.22 real, 44 MB
[runlim] sample:		1170.19 time, 1170.22 real, 44 MB
[runlim] sample:		1180.19 time, 1180.22 real, 44 MB
[runlim] sample:		1190.19 time, 1190.22 real, 44 MB
[runlim] sample:		1200.19 time, 1200.22 real, 45 MB
[runlim] sample:		1210.19 time, 1210.22 real, 45 MB
[runlim] sample:		1220.19 time, 1220.22 real, 45 MB
[runlim] sample:		1230.19 time, 1230.22 real, 45 MB
[runlim] sample:		1240.19 time, 1240.22 real, 45 MB
[runlim] sample:		1250.19 time, 1250.22 real, 45 MB
[runlim] sample:		1260.19 time, 1260.22 real, 45 MB
[runlim] sample:		1270.19 time, 1270.22 real, 45 MB
[runlim] sample:		1280.19 time, 1280.22 real, 45 MB
[runlim] sample:		1290.19 time, 1290.22 real, 46 MB
[runlim] sample:		1300.19 time, 1300.22 real, 46 MB
[runlim] sample:		1310.19 time, 1310.22 real, 46 MB
[runlim] sample:		1320.18 time, 1320.22 real, 46 MB
[runlim] sample:		1330.18 time, 1330.22 real, 46 MB
[runlim] sample:		1340.18 time, 1340.22 real, 46 MB
[runlim] sample:		1350.18 time, 1350.22 real, 46 MB
[runlim] sample:		1360.18 time, 1360.22 real, 47 MB
[runlim] sample:		1370.18 time, 1370.22 real, 47 MB
[runlim] sample:		1380.18 time, 1380.22 real, 47 MB
[runlim] sample:		1390.18 time, 1390.22 real, 47 MB
[runlim] sample:		1400.18 time, 1400.22 real, 47 MB
[runlim] sample:		1410.18 time, 1410.22 real, 47 MB
[runlim] sample:		1420.18 time, 1420.22 real, 47 MB
[runlim] sample:		1430.18 time, 1430.22 real, 47 MB
[runlim] sample:		1440.18 time, 1440.22 real, 47 MB
[runlim] sample:		1450.18 time, 1450.22 real, 47 MB
[runlim] sample:		1460.18 time, 1460.22 real, 48 MB
[runlim] sample:		1470.18 time, 1470.22 real, 48 MB
[runlim] sample:		1480.18 time, 1480.22 real, 48 MB
[runlim] sample:		1490.18 time, 1490.22 real, 48 MB
[runlim] sample:		1500.19 time, 1500.22 real, 48 MB
[runlim] sample:		1510.19 time, 1510.22 real, 48 MB
[runlim] sample:		1520.19 time, 1520.22 real, 48 MB
[runlim] sample:		1530.19 time, 1530.22 real, 49 MB
[runlim] sample:		1540.19 time, 1540.22 real, 49 MB
[runlim] sample:		1550.19 time, 1550.22 real, 49 MB
[runlim] sample:		1560.19 time, 1560.22 real, 49 MB
[runlim] sample:		1570.19 time, 1570.22 real, 49 MB
[runlim] sample:		1580.19 time, 1580.22 real, 49 MB
[runlim] sample:		1590.19 time, 1590.22 real, 49 MB
[runlim] sample:		1600.19 time, 1600.22 real, 49 MB
[runlim] sample:		1610.19 time, 1610.22 real, 49 MB
[runlim] sample:		1620.19 time, 1620.22 real, 49 MB
[runlim] sample:		1630.19 time, 1630.22 real, 50 MB
[runlim] sample:		1640.19 time, 1640.22 real, 50 MB
[runlim] sample:		1650.19 time, 1650.22 real, 50 MB
[runlim] sample:		1660.19 time, 1660.22 real, 50 MB
[runlim] sample:		1670.19 time, 1670.22 real, 50 MB
[runlim] sample:		1680.19 time, 1680.22 real, 50 MB
[runlim] sample:		1690.19 time, 1690.22 real, 50 MB
[runlim] sample:		1700.19 time, 1700.22 real, 50 MB
[runlim] sample:		1710.19 time, 1710.22 real, 50 MB
[runlim] sample:		1720.19 time, 1720.22 real, 50 MB
[runlim] sample:		1730.19 time, 1730.22 real, 51 MB
[runlim] sample:		1740.19 time, 1740.22 real, 51 MB
[runlim] sample:		1750.19 time, 1750.22 real, 51 MB
[runlim] sample:		1760.19 time, 1760.22 real, 51 MB
[runlim] sample:		1770.19 time, 1770.22 real, 51 MB
[runlim] sample:		1780.19 time, 1780.22 real, 51 MB
[runlim] sample:		1790.19 time, 1790.22 real, 52 MB
[runlim] sample:		1800.19 time, 1800.22 real, 52 MB
[runlim] sample:		1810.19 time, 1810.22 real, 52 MB
[runlim] sample:		1820.19 time, 1820.22 real, 52 MB
[runlim] sample:		1830.19 time, 1830.22 real, 52 MB
[runlim] sample:		1840.19 time, 1840.22 real, 52 MB
[runlim] sample:		1850.19 time, 1850.22 real, 52 MB
[runlim] sample:		1860.19 time, 1860.22 real, 52 MB
[runlim] sample:		1870.19 time, 1870.22 real, 52 MB
[runlim] sample:		1880.19 time, 1880.22 real, 52 MB
[runlim] sample:		1890.20 time, 1890.22 real, 52 MB
[runlim] sample:		1900.20 time, 1900.22 real, 53 MB
[runlim] sample:		1910.20 time, 1910.22 real, 53 MB
[runlim] sample:		1920.20 time, 1920.22 real, 53 MB
[runlim] sample:		1930.20 time, 1930.22 real, 53 MB
[runlim] sample:		1940.20 time, 1940.22 real, 53 MB
[runlim] sample:		1950.20 time, 1950.22 real, 53 MB
[runlim] sample:		1960.20 time, 1960.22 real, 53 MB
[runlim] sample:		1970.20 time, 1970.22 real, 53 MB
[runlim] sample:		1980.20 time, 1980.22 real, 53 MB
[runlim] sample:		1990.20 time, 1990.22 real, 53 MB
[runlim] sample:		2000.20 time, 2000.22 real, 53 MB
[runlim] sample:		2010.20 time, 2010.22 real, 54 MB
[runlim] sample:		2020.20 time, 2020.22 real, 54 MB
[runlim] sample:		2030.20 time, 2030.22 real, 54 MB
[runlim] sample:		2040.20 time, 2040.22 real, 54 MB
[runlim] sample:		2050.20 time, 2050.22 real, 54 MB
[runlim] sample:		2060.20 time, 2060.22 real, 54 MB
[runlim] sample:		2070.20 time, 2070.22 real, 55 MB
[runlim] sample:		2080.20 time, 2080.22 real, 55 MB
[runlim] sample:		2090.20 time, 2090.22 real, 55 MB
[runlim] sample:		2100.20 time, 2100.22 real, 55 MB
[runlim] sample:		2110.20 time, 2110.22 real, 55 MB
[runlim] sample:		2120.20 time, 2120.22 real, 55 MB
[runlim] sample:		2130.20 time, 2130.22 real, 55 MB
[runlim] sample:		2140.20 time, 2140.22 real, 55 MB
[runlim] sample:		2150.19 time, 2150.22 real, 55 MB
[runlim] sample:		2160.19 time, 2160.22 real, 56 MB
[runlim] sample:		2170.19 time, 2170.22 real, 56 MB
[runlim] sample:		2180.19 time, 2180.22 real, 56 MB
[runlim] sample:		2190.19 time, 2190.22 real, 56 MB
[runlim] sample:		2200.19 time, 2200.22 real, 56 MB
[runlim] sample:		2210.19 time, 2210.22 real, 56 MB
[runlim] sample:		2220.19 time, 2220.22 real, 56 MB
[runlim] sample:		2230.19 time, 2230.22 real, 56 MB
[runlim] sample:		2240.19 time, 2240.22 real, 56 MB
[runlim] sample:		2250.20 time, 2250.22 real, 56 MB
[runlim] sample:		2260.20 time, 2260.22 real, 56 MB
[runlim] sample:		2270.20 time, 2270.22 real, 56 MB
[runlim] sample:		2280.20 time, 2280.22 real, 57 MB
[runlim] sample:		2290.20 time, 2290.22 real, 57 MB
[runlim] sample:		2300.20 time, 2300.22 real, 57 MB
[runlim] sample:		2310.20 time, 2310.22 real, 57 MB
[runlim] sample:		2320.19 time, 2320.22 real, 57 MB
[runlim] sample:		2330.19 time, 2330.22 real, 57 MB
[runlim] sample:		2340.19 time, 2340.22 real, 57 MB
[runlim] sample:		2350.19 time, 2350.22 real, 57 MB
[runlim] sample:		2360.19 time, 2360.22 real, 57 MB
[runlim] sample:		2370.19 time, 2370.22 real, 58 MB
[runlim] sample:		2380.19 time, 2380.22 real, 58 MB
[runlim] sample:		2390.19 time, 2390.22 real, 58 MB
[runlim] sample:		2400.19 time, 2400.22 real, 58 MB
[runlim] sample:		2410.19 time, 2410.22 real, 58 MB
[runlim] sample:		2420.20 time, 2420.22 real, 58 MB
[runlim] sample:		2430.20 time, 2430.22 real, 58 MB
[runlim] sample:		2440.20 time, 2440.22 real, 58 MB
[runlim] sample:		2450.20 time, 2450.22 real, 58 MB
[runlim] sample:		2460.20 time, 2460.22 real, 59 MB
[runlim] sample:		2470.20 time, 2470.22 real, 59 MB
[runlim] sample:		2480.20 time, 2480.22 real, 59 MB
[runlim] sample:		2490.20 time, 2490.22 real, 59 MB
[runlim] sample:		2500.20 time, 2500.22 real, 59 MB
[runlim] sample:		2510.20 time, 2510.22 real, 59 MB
[runlim] sample:		2520.20 time, 2520.22 real, 59 MB
[runlim] sample:		2530.20 time, 2530.22 real, 59 MB
[runlim] sample:		2540.20 time, 2540.22 real, 59 MB
[runlim] sample:		2550.20 time, 2550.22 real, 59 MB
[runlim] sample:		2560.20 time, 2560.22 real, 60 MB
[runlim] sample:		2570.20 time, 2570.22 real, 60 MB
[runlim] sample:		2580.20 time, 2580.22 real, 60 MB
[runlim] sample:		2590.20 time, 2590.22 real, 60 MB
[runlim] sample:		2600.20 time, 2600.22 real, 60 MB
[runlim] sample:		2610.20 time, 2610.22 real, 60 MB
[runlim] sample:		2620.20 time, 2620.22 real, 60 MB
[runlim] sample:		2630.20 time, 2630.22 real, 60 MB
[runlim] sample:		2640.20 time, 2640.22 real, 60 MB
[runlim] sample:		2650.20 time, 2650.22 real, 60 MB
[runlim] sample:		2660.20 time, 2660.22 real, 60 MB
[runlim] sample:		2670.20 time, 2670.22 real, 60 MB
[runlim] sample:		2680.20 time, 2680.22 real, 60 MB
[runlim] sample:		2690.20 time, 2690.22 real, 61 MB


 SIG RECEIVED

[runlim] end:			Sat Feb 29 06:53:38 2020
[runlim] status:		out of time
[runlim] result:		2
[runlim] children:		1
[runlim] real:			2700.14 seconds
[runlim] time:			2700.00 seconds
[runlim] space:			61 MB
[runlim] samples:		26998
