[runlim] version:		1.18
[runlim] host:			c3n05
[runlim] time limit:		2700 seconds
[runlim] real time limit:	2700 seconds
[runlim] space limit:		7000 MB
[runlim] argv[0]:		./binary
[runlim] argv[1]:		/data/cnf/ankit/E1-A1-Red/C6288.blif_0.10_0.20_0_1_inp_exact.dqbf
[runlim] start:			Sat Feb 29 06:08:39 2020
[runlim] child:			17769
[runlim] sample:		9.85 time, 10.02 real, 51 MB
[runlim] sample:		19.85 time, 20.02 real, 53 MB
[runlim] sample:		29.84 time, 30.02 real, 54 MB
[runlim] sample:		39.84 time, 40.02 real, 56 MB
[runlim] sample:		49.84 time, 50.02 real, 56 MB
[runlim] sample:		59.84 time, 60.02 real, 56 MB
[runlim] sample:		69.84 time, 70.02 real, 56 MB
[runlim] sample:		79.84 time, 80.02 real, 56 MB
[runlim] sample:		90.04 time, 90.22 real, 56 MB
[runlim] sample:		100.04 time, 100.22 real, 56 MB
[runlim] sample:		110.04 time, 110.22 real, 56 MB
[runlim] sample:		120.04 time, 120.22 real, 56 MB
[runlim] sample:		130.04 time, 130.22 real, 57 MB
[runlim] sample:		140.04 time, 140.22 real, 57 MB
[runlim] sample:		150.04 time, 150.22 real, 57 MB
[runlim] sample:		160.04 time, 160.22 real, 57 MB
[runlim] sample:		170.04 time, 170.22 real, 58 MB
[runlim] sample:		180.04 time, 180.22 real, 58 MB
[runlim] sample:		190.04 time, 190.22 real, 58 MB
[runlim] sample:		200.04 time, 200.22 real, 58 MB
[runlim] sample:		210.04 time, 210.22 real, 58 MB
[runlim] sample:		220.04 time, 220.22 real, 58 MB
[runlim] sample:		230.04 time, 230.22 real, 58 MB
[runlim] sample:		240.04 time, 240.22 real, 58 MB
[runlim] sample:		250.04 time, 250.22 real, 58 MB
[runlim] sample:		260.04 time, 260.22 real, 58 MB
[runlim] sample:		270.05 time, 270.22 real, 58 MB
[runlim] sample:		280.05 time, 280.22 real, 58 MB
[runlim] sample:		290.05 time, 290.22 real, 58 MB
[runlim] sample:		300.04 time, 300.22 real, 59 MB
[runlim] sample:		310.04 time, 310.22 real, 59 MB
[runlim] sample:		320.04 time, 320.22 real, 59 MB
[runlim] sample:		330.04 time, 330.22 real, 59 MB
[runlim] sample:		340.04 time, 340.22 real, 59 MB
[runlim] sample:		350.04 time, 350.22 real, 59 MB
[runlim] sample:		360.04 time, 360.22 real, 59 MB
[runlim] sample:		370.04 time, 370.22 real, 59 MB
[runlim] sample:		380.04 time, 380.22 real, 59 MB
[runlim] sample:		390.04 time, 390.22 real, 59 MB
[runlim] sample:		400.04 time, 400.22 real, 59 MB
[runlim] sample:		410.05 time, 410.22 real, 60 MB
[runlim] sample:		420.05 time, 420.22 real, 60 MB
[runlim] sample:		430.05 time, 430.22 real, 60 MB
[runlim] sample:		440.05 time, 440.22 real, 60 MB
[runlim] sample:		450.05 time, 450.22 real, 60 MB
[runlim] sample:		460.05 time, 460.22 real, 60 MB
[runlim] sample:		470.05 time, 470.22 real, 60 MB
[runlim] sample:		480.04 time, 480.22 real, 60 MB
[runlim] sample:		490.04 time, 490.22 real, 60 MB
[runlim] sample:		500.04 time, 500.22 real, 62 MB
[runlim] sample:		510.04 time, 510.22 real, 62 MB
[runlim] sample:		520.04 time, 520.22 real, 62 MB
[runlim] sample:		530.04 time, 530.22 real, 62 MB
[runlim] sample:		540.04 time, 540.22 real, 62 MB
[runlim] sample:		550.04 time, 550.22 real, 62 MB
[runlim] sample:		560.04 time, 560.22 real, 62 MB
[runlim] sample:		570.04 time, 570.22 real, 62 MB
[runlim] sample:		580.04 time, 580.22 real, 62 MB
[runlim] sample:		590.04 time, 590.22 real, 62 MB
[runlim] sample:		600.04 time, 600.22 real, 62 MB
[runlim] sample:		610.04 time, 610.22 real, 62 MB
[runlim] sample:		620.04 time, 620.22 real, 62 MB
[runlim] sample:		630.04 time, 630.22 real, 62 MB
[runlim] sample:		640.04 time, 640.22 real, 62 MB
[runlim] sample:		650.05 time, 650.22 real, 63 MB
[runlim] sample:		660.05 time, 660.22 real, 63 MB
[runlim] sample:		670.05 time, 670.22 real, 63 MB
[runlim] sample:		680.05 time, 680.22 real, 63 MB
[runlim] sample:		690.05 time, 690.22 real, 63 MB
[runlim] sample:		700.05 time, 700.22 real, 63 MB
[runlim] sample:		710.05 time, 710.22 real, 63 MB
[runlim] sample:		720.05 time, 720.22 real, 63 MB
[runlim] sample:		730.05 time, 730.22 real, 63 MB
[runlim] sample:		740.05 time, 740.22 real, 64 MB
[runlim] sample:		750.05 time, 750.22 real, 64 MB
[runlim] sample:		760.05 time, 760.22 real, 64 MB
[runlim] sample:		770.05 time, 770.22 real, 64 MB
[runlim] sample:		780.05 time, 780.22 real, 64 MB
[runlim] sample:		790.05 time, 790.22 real, 64 MB
[runlim] sample:		800.05 time, 800.22 real, 64 MB
[runlim] sample:		810.05 time, 810.22 real, 64 MB
[runlim] sample:		820.05 time, 820.22 real, 64 MB
[runlim] sample:		830.05 time, 830.22 real, 65 MB
[runlim] sample:		840.05 time, 840.22 real, 65 MB
[runlim] sample:		850.05 time, 850.22 real, 65 MB
[runlim] sample:		860.05 time, 860.22 real, 65 MB
[runlim] sample:		870.05 time, 870.22 real, 65 MB
[runlim] sample:		880.05 time, 880.22 real, 65 MB
[runlim] sample:		890.05 time, 890.22 real, 65 MB
[runlim] sample:		900.05 time, 900.22 real, 65 MB
[runlim] sample:		910.05 time, 910.22 real, 65 MB
[runlim] sample:		920.05 time, 920.22 real, 65 MB
[runlim] sample:		930.05 time, 930.22 real, 65 MB
[runlim] sample:		940.05 time, 940.22 real, 65 MB
[runlim] sample:		950.05 time, 950.22 real, 65 MB
[runlim] sample:		960.05 time, 960.22 real, 65 MB
[runlim] sample:		970.05 time, 970.22 real, 66 MB
[runlim] sample:		980.06 time, 980.22 real, 66 MB
[runlim] sample:		990.06 time, 990.22 real, 66 MB
[runlim] sample:		1000.06 time, 1000.22 real, 66 MB
[runlim] sample:		1010.06 time, 1010.22 real, 66 MB
[runlim] sample:		1020.06 time, 1020.22 real, 66 MB
[runlim] sample:		1030.06 time, 1030.22 real, 66 MB
[runlim] sample:		1040.06 time, 1040.22 real, 66 MB
[runlim] sample:		1050.05 time, 1050.22 real, 66 MB
[runlim] sample:		1060.05 time, 1060.22 real, 66 MB
[runlim] sample:		1070.05 time, 1070.22 real, 66 MB
[runlim] sample:		1080.05 time, 1080.22 real, 66 MB
[runlim] sample:		1090.05 time, 1090.22 real, 66 MB
[runlim] sample:		1100.05 time, 1100.22 real, 66 MB
[runlim] sample:		1110.05 time, 1110.22 real, 66 MB
[runlim] sample:		1120.05 time, 1120.22 real, 66 MB
[runlim] sample:		1130.05 time, 1130.22 real, 72 MB
[runlim] sample:		1140.05 time, 1140.22 real, 72 MB
[runlim] sample:		1150.05 time, 1150.22 real, 72 MB
[runlim] sample:		1160.05 time, 1160.22 real, 72 MB
[runlim] sample:		1170.05 time, 1170.22 real, 72 MB
[runlim] sample:		1180.05 time, 1180.22 real, 72 MB
[runlim] sample:		1190.05 time, 1190.22 real, 72 MB
[runlim] sample:		1200.05 time, 1200.22 real, 72 MB
[runlim] sample:		1210.06 time, 1210.22 real, 72 MB
[runlim] sample:		1220.06 time, 1220.22 real, 72 MB
[runlim] sample:		1230.06 time, 1230.22 real, 72 MB
[runlim] sample:		1240.06 time, 1240.22 real, 72 MB
[runlim] sample:		1250.05 time, 1250.22 real, 72 MB
[runlim] sample:		1260.05 time, 1260.22 real, 72 MB
[runlim] sample:		1270.05 time, 1270.22 real, 72 MB
[runlim] sample:		1280.05 time, 1280.22 real, 72 MB
[runlim] sample:		1290.05 time, 1290.22 real, 72 MB
[runlim] sample:		1300.05 time, 1300.22 real, 72 MB
[runlim] sample:		1310.05 time, 1310.22 real, 72 MB
[runlim] sample:		1320.05 time, 1320.22 real, 72 MB
[runlim] sample:		1330.05 time, 1330.22 real, 72 MB
[runlim] sample:		1340.05 time, 1340.22 real, 72 MB
[runlim] sample:		1350.05 time, 1350.22 real, 72 MB
[runlim] sample:		1360.05 time, 1360.22 real, 72 MB
[runlim] sample:		1370.05 time, 1370.22 real, 72 MB
[runlim] sample:		1380.05 time, 1380.22 real, 72 MB
[runlim] sample:		1390.06 time, 1390.22 real, 72 MB
[runlim] sample:		1400.06 time, 1400.22 real, 72 MB
[runlim] sample:		1410.06 time, 1410.22 real, 72 MB
[runlim] sample:		1420.06 time, 1420.22 real, 72 MB
[runlim] sample:		1430.06 time, 1430.22 real, 72 MB
[runlim] sample:		1440.06 time, 1440.22 real, 72 MB
[runlim] sample:		1450.06 time, 1450.22 real, 72 MB
[runlim] sample:		1460.06 time, 1460.22 real, 72 MB
[runlim] sample:		1470.06 time, 1470.22 real, 72 MB
[runlim] sample:		1480.06 time, 1480.22 real, 72 MB
[runlim] sample:		1490.06 time, 1490.22 real, 72 MB
[runlim] sample:		1500.06 time, 1500.22 real, 72 MB
[runlim] sample:		1510.06 time, 1510.22 real, 72 MB
[runlim] sample:		1520.06 time, 1520.22 real, 72 MB
[runlim] sample:		1530.06 time, 1530.22 real, 72 MB
[runlim] sample:		1540.06 time, 1540.22 real, 72 MB
[runlim] sample:		1550.06 time, 1550.23 real, 72 MB
[runlim] sample:		1560.06 time, 1560.22 real, 72 MB
[runlim] sample:		1570.06 time, 1570.22 real, 72 MB
[runlim] sample:		1580.07 time, 1580.23 real, 72 MB
[runlim] sample:		1590.06 time, 1590.22 real, 72 MB
[runlim] sample:		1600.06 time, 1600.22 real, 72 MB
[runlim] sample:		1610.06 time, 1610.22 real, 72 MB
[runlim] sample:		1620.06 time, 1620.22 real, 72 MB
[runlim] sample:		1630.06 time, 1630.22 real, 72 MB
[runlim] sample:		1640.06 time, 1640.22 real, 72 MB
[runlim] sample:		1650.06 time, 1650.22 real, 72 MB
[runlim] sample:		1660.06 time, 1660.22 real, 72 MB
[runlim] sample:		1670.06 time, 1670.22 real, 72 MB
[runlim] sample:		1680.06 time, 1680.23 real, 72 MB
[runlim] sample:		1690.06 time, 1690.22 real, 72 MB
[runlim] sample:		1700.06 time, 1700.22 real, 72 MB
[runlim] sample:		1710.06 time, 1710.23 real, 72 MB
[runlim] sample:		1720.06 time, 1720.22 real, 72 MB
[runlim] sample:		1730.06 time, 1730.22 real, 72 MB
[runlim] sample:		1740.06 time, 1740.22 real, 72 MB
[runlim] sample:		1750.06 time, 1750.22 real, 72 MB
[runlim] sample:		1760.06 time, 1760.22 real, 72 MB
[runlim] sample:		1770.06 time, 1770.22 real, 73 MB
[runlim] sample:		1780.07 time, 1780.23 real, 73 MB
[runlim] sample:		1790.07 time, 1790.23 real, 73 MB
[runlim] sample:		1800.07 time, 1800.22 real, 73 MB
[runlim] sample:		1810.07 time, 1810.23 real, 73 MB
[runlim] sample:		1820.06 time, 1820.22 real, 73 MB
[runlim] sample:		1830.06 time, 1830.22 real, 73 MB
[runlim] sample:		1840.06 time, 1840.22 real, 73 MB
[runlim] sample:		1850.06 time, 1850.22 real, 73 MB
[runlim] sample:		1860.06 time, 1860.22 real, 73 MB
[runlim] sample:		1870.06 time, 1870.23 real, 73 MB
[runlim] sample:		1880.06 time, 1880.22 real, 73 MB
[runlim] sample:		1890.07 time, 1890.22 real, 73 MB
[runlim] sample:		1900.07 time, 1900.22 real, 73 MB
[runlim] sample:		1910.07 time, 1910.22 real, 73 MB
[runlim] sample:		1920.07 time, 1920.22 real, 73 MB
[runlim] sample:		1930.06 time, 1930.22 real, 73 MB
[runlim] sample:		1940.06 time, 1940.22 real, 73 MB
[runlim] sample:		1950.06 time, 1950.22 real, 73 MB
[runlim] sample:		1960.06 time, 1960.22 real, 73 MB
[runlim] sample:		1970.06 time, 1970.22 real, 73 MB
[runlim] sample:		1980.06 time, 1980.22 real, 73 MB
[runlim] sample:		1990.06 time, 1990.22 real, 73 MB
[runlim] sample:		2000.06 time, 2000.22 real, 73 MB
[runlim] sample:		2010.05 time, 2010.22 real, 73 MB
[runlim] sample:		2020.06 time, 2020.22 real, 73 MB
[runlim] sample:		2030.06 time, 2030.22 real, 73 MB
[runlim] sample:		2040.06 time, 2040.22 real, 73 MB
[runlim] sample:		2050.06 time, 2050.22 real, 73 MB
[runlim] sample:		2060.06 time, 2060.22 real, 73 MB
[runlim] sample:		2070.06 time, 2070.22 real, 73 MB
[runlim] sample:		2080.06 time, 2080.22 real, 73 MB
[runlim] sample:		2090.06 time, 2090.22 real, 73 MB
[runlim] sample:		2100.05 time, 2100.22 real, 73 MB
[runlim] sample:		2110.05 time, 2110.22 real, 73 MB
[runlim] sample:		2120.06 time, 2120.22 real, 73 MB
[runlim] sample:		2130.05 time, 2130.22 real, 73 MB
[runlim] sample:		2140.05 time, 2140.22 real, 73 MB
[runlim] sample:		2150.05 time, 2150.22 real, 73 MB
[runlim] sample:		2160.05 time, 2160.22 real, 73 MB
[runlim] sample:		2170.05 time, 2170.22 real, 73 MB
[runlim] sample:		2180.05 time, 2180.22 real, 73 MB
[runlim] sample:		2190.04 time, 2190.22 real, 73 MB
[runlim] sample:		2200.04 time, 2200.22 real, 73 MB
[runlim] sample:		2210.05 time, 2210.22 real, 73 MB
[runlim] sample:		2220.05 time, 2220.22 real, 73 MB
[runlim] sample:		2230.04 time, 2230.22 real, 73 MB
[runlim] sample:		2240.04 time, 2240.22 real, 73 MB
[runlim] sample:		2250.04 time, 2250.22 real, 73 MB
[runlim] sample:		2260.04 time, 2260.22 real, 73 MB
[runlim] sample:		2270.05 time, 2270.22 real, 73 MB
[runlim] sample:		2280.04 time, 2280.22 real, 73 MB
[runlim] sample:		2290.04 time, 2290.22 real, 73 MB
[runlim] sample:		2300.04 time, 2300.22 real, 73 MB
[runlim] sample:		2310.04 time, 2310.22 real, 73 MB
[runlim] sample:		2320.04 time, 2320.22 real, 73 MB
[runlim] sample:		2330.04 time, 2330.22 real, 73 MB
[runlim] sample:		2340.04 time, 2340.22 real, 73 MB
[runlim] sample:		2350.04 time, 2350.22 real, 73 MB
[runlim] sample:		2360.03 time, 2360.22 real, 73 MB
[runlim] sample:		2370.03 time, 2370.22 real, 73 MB
[runlim] sample:		2380.03 time, 2380.22 real, 73 MB
[runlim] sample:		2390.03 time, 2390.22 real, 73 MB
[runlim] sample:		2400.03 time, 2400.22 real, 73 MB
[runlim] sample:		2410.03 time, 2410.22 real, 73 MB
[runlim] sample:		2420.03 time, 2420.22 real, 73 MB
[runlim] sample:		2430.03 time, 2430.22 real, 73 MB
[runlim] sample:		2440.03 time, 2440.22 real, 73 MB
[runlim] sample:		2450.03 time, 2450.22 real, 73 MB
[runlim] sample:		2460.03 time, 2460.22 real, 73 MB
[runlim] sample:		2470.03 time, 2470.22 real, 73 MB
[runlim] sample:		2480.03 time, 2480.22 real, 73 MB
[runlim] sample:		2490.03 time, 2490.22 real, 73 MB
[runlim] sample:		2500.03 time, 2500.22 real, 73 MB
[runlim] sample:		2510.03 time, 2510.22 real, 73 MB
[runlim] sample:		2520.02 time, 2520.22 real, 73 MB
[runlim] sample:		2530.02 time, 2530.22 real, 73 MB
[runlim] sample:		2540.02 time, 2540.22 real, 73 MB
[runlim] sample:		2550.02 time, 2550.22 real, 73 MB
[runlim] sample:		2560.02 time, 2560.22 real, 73 MB
[runlim] sample:		2570.01 time, 2570.22 real, 73 MB
[runlim] sample:		2580.01 time, 2580.22 real, 73 MB
[runlim] sample:		2590.02 time, 2590.22 real, 73 MB
[runlim] sample:		2600.01 time, 2600.22 real, 73 MB
[runlim] sample:		2610.02 time, 2610.22 real, 73 MB
[runlim] sample:		2620.02 time, 2620.22 real, 73 MB
[runlim] sample:		2630.01 time, 2630.22 real, 73 MB
[runlim] sample:		2640.01 time, 2640.22 real, 73 MB
[runlim] sample:		2650.01 time, 2650.22 real, 73 MB
[runlim] sample:		2660.01 time, 2660.22 real, 73 MB
[runlim] sample:		2670.01 time, 2670.22 real, 73 MB
[runlim] sample:		2680.01 time, 2680.22 real, 73 MB
[runlim] sample:		2690.01 time, 2690.22 real, 73 MB


 SIG RECEIVED

[runlim] end:			Sat Feb 29 06:53:39 2020
[runlim] status:		out of time
[runlim] result:		2
[runlim] children:		1
[runlim] real:			2700.12 seconds
[runlim] time:			2699.81 seconds
[runlim] space:			75 MB
[runlim] samples:		26998
