[runlim] version:		1.18
[runlim] host:			c3n05
[runlim] time limit:		2700 seconds
[runlim] real time limit:	2700 seconds
[runlim] space limit:		7000 MB
[runlim] argv[0]:		./binary
[runlim] argv[1]:		/data/cnf/ankit/E1-A1-Red/C880.blif_0.10_0.20_0_1_inp_exact.dqbf
[runlim] start:			Sat Feb 29 06:08:39 2020
[runlim] child:			17773
[runlim] sample:		9.31 time, 10.02 real, 12 MB
[runlim] sample:		19.31 time, 20.02 real, 14 MB
[runlim] sample:		29.31 time, 30.02 real, 15 MB
[runlim] sample:		39.32 time, 40.02 real, 16 MB
[runlim] sample:		49.32 time, 50.02 real, 16 MB
[runlim] sample:		59.32 time, 60.02 real, 18 MB
[runlim] sample:		69.32 time, 70.02 real, 19 MB
[runlim] sample:		79.32 time, 80.02 real, 19 MB
[runlim] sample:		89.61 time, 90.32 real, 21 MB
[runlim] sample:		99.61 time, 100.32 real, 21 MB
[runlim] sample:		109.62 time, 110.32 real, 22 MB
[runlim] sample:		119.62 time, 120.32 real, 22 MB
[runlim] sample:		129.62 time, 130.32 real, 23 MB
[runlim] sample:		139.62 time, 140.32 real, 23 MB
[runlim] sample:		149.62 time, 150.32 real, 24 MB
[runlim] sample:		159.62 time, 160.32 real, 24 MB
[runlim] sample:		169.62 time, 170.32 real, 24 MB
[runlim] sample:		179.62 time, 180.32 real, 24 MB
[runlim] sample:		189.62 time, 190.32 real, 25 MB
[runlim] sample:		199.62 time, 200.32 real, 25 MB
[runlim] sample:		209.62 time, 210.32 real, 25 MB
[runlim] sample:		219.62 time, 220.32 real, 25 MB
[runlim] sample:		229.62 time, 230.32 real, 25 MB
[runlim] sample:		239.61 time, 240.32 real, 26 MB
[runlim] sample:		249.62 time, 250.32 real, 26 MB
[runlim] sample:		259.62 time, 260.32 real, 26 MB
[runlim] sample:		269.62 time, 270.32 real, 27 MB
[runlim] sample:		279.62 time, 280.32 real, 27 MB
[runlim] sample:		289.62 time, 290.32 real, 27 MB
[runlim] sample:		299.62 time, 300.32 real, 27 MB
[runlim] sample:		309.62 time, 310.32 real, 28 MB
[runlim] sample:		319.62 time, 320.32 real, 29 MB
[runlim] sample:		329.62 time, 330.32 real, 29 MB
[runlim] sample:		339.62 time, 340.32 real, 29 MB
[runlim] sample:		349.62 time, 350.32 real, 29 MB
[runlim] sample:		359.62 time, 360.32 real, 29 MB
[runlim] sample:		369.62 time, 370.32 real, 30 MB
[runlim] sample:		379.61 time, 380.32 real, 30 MB
[runlim] sample:		389.61 time, 390.32 real, 30 MB
[runlim] sample:		399.61 time, 400.32 real, 31 MB
[runlim] sample:		409.61 time, 410.32 real, 31 MB
[runlim] sample:		419.61 time, 420.32 real, 31 MB
[runlim] sample:		429.61 time, 430.32 real, 31 MB
[runlim] sample:		439.62 time, 440.32 real, 31 MB
[runlim] sample:		449.62 time, 450.32 real, 32 MB
[runlim] sample:		459.62 time, 460.32 real, 32 MB
[runlim] sample:		469.62 time, 470.32 real, 33 MB
[runlim] sample:		479.62 time, 480.32 real, 33 MB
[runlim] sample:		489.62 time, 490.32 real, 33 MB
[runlim] sample:		499.62 time, 500.32 real, 33 MB
[runlim] sample:		509.62 time, 510.32 real, 33 MB
[runlim] sample:		519.62 time, 520.32 real, 33 MB
[runlim] sample:		529.62 time, 530.32 real, 33 MB
[runlim] sample:		539.62 time, 540.32 real, 34 MB
[runlim] sample:		549.62 time, 550.32 real, 34 MB
[runlim] sample:		559.62 time, 560.32 real, 34 MB
[runlim] sample:		569.62 time, 570.32 real, 34 MB
[runlim] sample:		579.63 time, 580.32 real, 35 MB
[runlim] sample:		589.63 time, 590.32 real, 35 MB
[runlim] sample:		599.63 time, 600.32 real, 35 MB
[runlim] sample:		609.62 time, 610.32 real, 35 MB
[runlim] sample:		619.62 time, 620.32 real, 35 MB
[runlim] sample:		629.62 time, 630.32 real, 36 MB
[runlim] sample:		639.62 time, 640.32 real, 36 MB
[runlim] sample:		649.62 time, 650.32 real, 36 MB
[runlim] sample:		659.62 time, 660.32 real, 36 MB
[runlim] sample:		669.62 time, 670.32 real, 36 MB
[runlim] sample:		679.62 time, 680.32 real, 36 MB
[runlim] sample:		689.62 time, 690.32 real, 36 MB
[runlim] sample:		699.63 time, 700.32 real, 36 MB
[runlim] sample:		709.63 time, 710.32 real, 38 MB
[runlim] sample:		719.63 time, 720.32 real, 38 MB
[runlim] sample:		729.63 time, 730.32 real, 38 MB
[runlim] sample:		739.62 time, 740.32 real, 38 MB
[runlim] sample:		749.62 time, 750.32 real, 38 MB
[runlim] sample:		759.63 time, 760.32 real, 38 MB
[runlim] sample:		769.63 time, 770.32 real, 38 MB
[runlim] sample:		779.63 time, 780.32 real, 38 MB
[runlim] sample:		789.62 time, 790.32 real, 39 MB
[runlim] sample:		799.63 time, 800.32 real, 39 MB
[runlim] sample:		809.63 time, 810.32 real, 39 MB
[runlim] sample:		819.63 time, 820.32 real, 39 MB
[runlim] sample:		829.62 time, 830.32 real, 39 MB
[runlim] sample:		839.62 time, 840.32 real, 39 MB
[runlim] sample:		849.62 time, 850.32 real, 39 MB
[runlim] sample:		859.62 time, 860.32 real, 39 MB
[runlim] sample:		869.62 time, 870.32 real, 40 MB
[runlim] sample:		879.62 time, 880.32 real, 40 MB
[runlim] sample:		889.62 time, 890.32 real, 40 MB
[runlim] sample:		899.63 time, 900.32 real, 40 MB
[runlim] sample:		909.63 time, 910.32 real, 40 MB
[runlim] sample:		919.63 time, 920.32 real, 40 MB
[runlim] sample:		929.63 time, 930.32 real, 40 MB
[runlim] sample:		939.63 time, 940.32 real, 40 MB
[runlim] sample:		949.63 time, 950.32 real, 41 MB
[runlim] sample:		959.63 time, 960.32 real, 41 MB
[runlim] sample:		969.63 time, 970.32 real, 42 MB
[runlim] sample:		979.63 time, 980.32 real, 42 MB
[runlim] sample:		989.63 time, 990.32 real, 42 MB
[runlim] sample:		999.62 time, 1000.32 real, 42 MB
[runlim] sample:		1009.62 time, 1010.32 real, 42 MB
[runlim] sample:		1019.62 time, 1020.32 real, 42 MB
[runlim] sample:		1029.62 time, 1030.32 real, 43 MB
[runlim] sample:		1039.63 time, 1040.32 real, 43 MB
[runlim] sample:		1049.63 time, 1050.32 real, 43 MB
[runlim] sample:		1059.63 time, 1060.32 real, 43 MB
[runlim] sample:		1069.63 time, 1070.32 real, 43 MB
[runlim] sample:		1079.63 time, 1080.32 real, 43 MB
[runlim] sample:		1089.63 time, 1090.32 real, 43 MB
[runlim] sample:		1099.63 time, 1100.32 real, 43 MB
[runlim] sample:		1109.63 time, 1110.32 real, 43 MB
[runlim] sample:		1119.63 time, 1120.32 real, 43 MB
[runlim] sample:		1129.63 time, 1130.32 real, 43 MB
[runlim] sample:		1139.63 time, 1140.32 real, 43 MB
[runlim] sample:		1149.62 time, 1150.32 real, 43 MB
[runlim] sample:		1159.62 time, 1160.32 real, 43 MB
[runlim] sample:		1169.62 time, 1170.32 real, 43 MB
[runlim] sample:		1179.62 time, 1180.32 real, 46 MB
[runlim] sample:		1189.62 time, 1190.32 real, 46 MB
[runlim] sample:		1199.63 time, 1200.32 real, 46 MB
[runlim] sample:		1209.63 time, 1210.32 real, 46 MB
[runlim] sample:		1219.63 time, 1220.32 real, 46 MB
[runlim] sample:		1229.63 time, 1230.32 real, 46 MB
[runlim] sample:		1239.63 time, 1240.32 real, 46 MB
[runlim] sample:		1249.63 time, 1250.32 real, 46 MB
[runlim] sample:		1259.63 time, 1260.32 real, 46 MB
[runlim] sample:		1269.63 time, 1270.32 real, 46 MB
[runlim] sample:		1279.63 time, 1280.32 real, 46 MB
[runlim] sample:		1289.63 time, 1290.32 real, 46 MB
[runlim] sample:		1299.63 time, 1300.32 real, 46 MB
[runlim] sample:		1309.63 time, 1310.32 real, 46 MB
[runlim] sample:		1319.63 time, 1320.32 real, 46 MB
[runlim] sample:		1329.63 time, 1330.32 real, 46 MB
[runlim] sample:		1339.63 time, 1340.32 real, 47 MB
[runlim] sample:		1349.63 time, 1350.32 real, 47 MB
[runlim] sample:		1359.63 time, 1360.32 real, 47 MB
[runlim] sample:		1369.63 time, 1370.32 real, 47 MB
[runlim] sample:		1379.63 time, 1380.32 real, 47 MB
[runlim] sample:		1389.63 time, 1390.32 real, 47 MB
[runlim] sample:		1399.63 time, 1400.32 real, 47 MB
[runlim] sample:		1409.63 time, 1410.32 real, 47 MB
[runlim] sample:		1419.63 time, 1420.32 real, 47 MB
[runlim] sample:		1429.63 time, 1430.32 real, 47 MB
[runlim] sample:		1439.63 time, 1440.32 real, 47 MB
[runlim] sample:		1449.63 time, 1450.32 real, 47 MB
[runlim] sample:		1459.63 time, 1460.32 real, 47 MB
[runlim] sample:		1469.63 time, 1470.32 real, 47 MB
[runlim] sample:		1479.63 time, 1480.32 real, 47 MB
[runlim] sample:		1489.63 time, 1490.32 real, 48 MB
[runlim] sample:		1499.63 time, 1500.32 real, 48 MB
[runlim] sample:		1509.63 time, 1510.32 real, 48 MB
[runlim] sample:		1519.63 time, 1520.32 real, 48 MB
[runlim] sample:		1529.64 time, 1530.32 real, 48 MB
[runlim] sample:		1539.64 time, 1540.32 real, 48 MB
[runlim] sample:		1549.63 time, 1550.32 real, 48 MB
[runlim] sample:		1559.63 time, 1560.32 real, 48 MB
[runlim] sample:		1569.63 time, 1570.32 real, 48 MB
[runlim] sample:		1579.63 time, 1580.32 real, 48 MB
[runlim] sample:		1589.63 time, 1590.32 real, 48 MB
[runlim] sample:		1599.63 time, 1600.32 real, 48 MB
[runlim] sample:		1609.63 time, 1610.32 real, 48 MB
[runlim] sample:		1619.64 time, 1620.32 real, 48 MB
[runlim] sample:		1629.63 time, 1630.32 real, 48 MB
[runlim] sample:		1639.63 time, 1640.32 real, 48 MB
[runlim] sample:		1649.63 time, 1650.32 real, 48 MB
[runlim] sample:		1659.63 time, 1660.32 real, 48 MB
[runlim] sample:		1669.63 time, 1670.32 real, 48 MB
[runlim] sample:		1679.63 time, 1680.32 real, 49 MB
[runlim] sample:		1689.64 time, 1690.32 real, 49 MB
[runlim] sample:		1699.63 time, 1700.32 real, 49 MB
[runlim] sample:		1709.63 time, 1710.32 real, 49 MB
[runlim] sample:		1719.63 time, 1720.32 real, 49 MB
[runlim] sample:		1729.63 time, 1730.32 real, 49 MB
[runlim] sample:		1739.63 time, 1740.32 real, 49 MB
[runlim] sample:		1749.63 time, 1750.32 real, 49 MB
[runlim] sample:		1759.63 time, 1760.32 real, 49 MB
[runlim] sample:		1769.63 time, 1770.32 real, 49 MB
[runlim] sample:		1779.63 time, 1780.32 real, 49 MB
[runlim] sample:		1789.64 time, 1790.32 real, 51 MB
[runlim] sample:		1799.64 time, 1800.32 real, 52 MB
[runlim] sample:		1809.64 time, 1810.32 real, 52 MB
[runlim] sample:		1819.63 time, 1820.32 real, 52 MB
[runlim] sample:		1829.63 time, 1830.32 real, 52 MB
[runlim] sample:		1839.63 time, 1840.32 real, 52 MB
[runlim] sample:		1849.63 time, 1850.32 real, 52 MB
[runlim] sample:		1859.63 time, 1860.32 real, 52 MB
[runlim] sample:		1869.63 time, 1870.32 real, 52 MB
[runlim] sample:		1879.63 time, 1880.32 real, 52 MB
[runlim] sample:		1889.63 time, 1890.32 real, 52 MB
[runlim] sample:		1899.63 time, 1900.32 real, 52 MB
[runlim] sample:		1909.64 time, 1910.32 real, 52 MB
[runlim] sample:		1919.64 time, 1920.32 real, 52 MB
[runlim] sample:		1929.64 time, 1930.32 real, 52 MB
[runlim] sample:		1939.64 time, 1940.32 real, 52 MB
[runlim] sample:		1949.64 time, 1950.32 real, 52 MB
[runlim] sample:		1959.64 time, 1960.32 real, 52 MB
[runlim] sample:		1969.64 time, 1970.32 real, 52 MB
[runlim] sample:		1979.64 time, 1980.32 real, 52 MB
[runlim] sample:		1989.64 time, 1990.32 real, 52 MB
[runlim] sample:		1999.63 time, 2000.32 real, 52 MB
[runlim] sample:		2009.63 time, 2010.32 real, 52 MB
[runlim] sample:		2019.63 time, 2020.32 real, 54 MB
[runlim] sample:		2029.63 time, 2030.32 real, 54 MB
[runlim] sample:		2039.63 time, 2040.32 real, 54 MB
[runlim] sample:		2049.63 time, 2050.32 real, 54 MB
[runlim] sample:		2059.63 time, 2060.32 real, 54 MB
[runlim] sample:		2069.63 time, 2070.32 real, 54 MB
[runlim] sample:		2079.63 time, 2080.32 real, 54 MB
[runlim] sample:		2089.63 time, 2090.32 real, 54 MB
[runlim] sample:		2099.63 time, 2100.32 real, 54 MB
[runlim] sample:		2109.63 time, 2110.32 real, 54 MB
[runlim] sample:		2119.63 time, 2120.32 real, 54 MB
[runlim] sample:		2129.63 time, 2130.32 real, 54 MB
[runlim] sample:		2139.63 time, 2140.32 real, 54 MB
[runlim] sample:		2149.63 time, 2150.32 real, 54 MB
[runlim] sample:		2159.63 time, 2160.32 real, 54 MB
[runlim] sample:		2169.63 time, 2170.32 real, 54 MB
[runlim] sample:		2179.63 time, 2180.32 real, 54 MB
[runlim] sample:		2189.63 time, 2190.32 real, 54 MB
[runlim] sample:		2199.63 time, 2200.32 real, 54 MB
[runlim] sample:		2209.64 time, 2210.32 real, 55 MB
[runlim] sample:		2219.64 time, 2220.32 real, 55 MB
[runlim] sample:		2229.64 time, 2230.32 real, 55 MB
[runlim] sample:		2239.64 time, 2240.32 real, 55 MB
[runlim] sample:		2249.64 time, 2250.32 real, 55 MB
[runlim] sample:		2259.64 time, 2260.32 real, 55 MB
[runlim] sample:		2269.64 time, 2270.32 real, 55 MB
[runlim] sample:		2279.64 time, 2280.32 real, 55 MB
[runlim] sample:		2289.64 time, 2290.32 real, 55 MB
[runlim] sample:		2299.64 time, 2300.32 real, 55 MB
[runlim] sample:		2309.64 time, 2310.32 real, 55 MB
[runlim] sample:		2319.64 time, 2320.32 real, 55 MB
[runlim] sample:		2329.63 time, 2330.32 real, 55 MB
[runlim] sample:		2339.64 time, 2340.32 real, 55 MB
[runlim] sample:		2349.64 time, 2350.32 real, 56 MB
[runlim] sample:		2359.64 time, 2360.32 real, 56 MB
[runlim] sample:		2369.64 time, 2370.32 real, 56 MB
[runlim] sample:		2379.64 time, 2380.32 real, 56 MB
[runlim] sample:		2389.64 time, 2390.32 real, 56 MB
[runlim] sample:		2399.63 time, 2400.32 real, 56 MB
[runlim] sample:		2409.63 time, 2410.32 real, 56 MB
[runlim] sample:		2419.63 time, 2420.32 real, 56 MB
[runlim] sample:		2429.64 time, 2430.32 real, 56 MB
[runlim] sample:		2439.64 time, 2440.32 real, 56 MB
[runlim] sample:		2449.64 time, 2450.32 real, 56 MB
[runlim] sample:		2459.64 time, 2460.32 real, 56 MB
[runlim] sample:		2469.64 time, 2470.32 real, 56 MB
[runlim] sample:		2479.64 time, 2480.32 real, 56 MB
[runlim] sample:		2489.64 time, 2490.32 real, 56 MB
[runlim] sample:		2499.64 time, 2500.32 real, 57 MB
[runlim] sample:		2509.64 time, 2510.32 real, 57 MB
[runlim] sample:		2519.64 time, 2520.32 real, 57 MB
[runlim] sample:		2529.64 time, 2530.32 real, 57 MB
[runlim] sample:		2539.64 time, 2540.32 real, 57 MB
[runlim] sample:		2549.64 time, 2550.32 real, 57 MB
[runlim] sample:		2559.64 time, 2560.32 real, 57 MB
[runlim] sample:		2569.64 time, 2570.32 real, 57 MB
[runlim] sample:		2579.64 time, 2580.32 real, 57 MB
[runlim] sample:		2589.64 time, 2590.32 real, 58 MB
[runlim] sample:		2599.64 time, 2600.32 real, 58 MB
[runlim] sample:		2609.64 time, 2610.32 real, 58 MB
[runlim] sample:		2619.64 time, 2620.32 real, 58 MB
[runlim] sample:		2629.64 time, 2630.32 real, 58 MB
[runlim] sample:		2639.64 time, 2640.32 real, 58 MB
[runlim] sample:		2649.64 time, 2650.32 real, 58 MB
[runlim] sample:		2659.64 time, 2660.32 real, 58 MB
[runlim] sample:		2669.64 time, 2670.32 real, 58 MB
[runlim] sample:		2679.64 time, 2680.32 real, 58 MB
[runlim] sample:		2689.64 time, 2690.32 real, 58 MB


 SIG RECEIVED

[runlim] end:			Sat Feb 29 06:53:39 2020
[runlim] status:		out of time
[runlim] result:		2
[runlim] children:		1
[runlim] real:			2700.11 seconds
[runlim] time:			2699.34 seconds
[runlim] space:			58 MB
[runlim] samples:		26997
