[runlim] version:		1.18
[runlim] host:			c3n05
[runlim] time limit:		2700 seconds
[runlim] real time limit:	2700 seconds
[runlim] space limit:		7000 MB
[runlim] argv[0]:		./binary
[runlim] argv[1]:		/data/cnf/ankit/E1-A1-Red/C880.blif_0.10_0.20_0_0_inp_exact.dqbf
[runlim] start:			Sat Feb 29 06:08:39 2020
[runlim] child:			17783
[runlim] sample:		8.70 time, 10.02 real, 12 MB
[runlim] sample:		18.70 time, 20.02 real, 13 MB
[runlim] sample:		28.70 time, 30.02 real, 15 MB
[runlim] sample:		38.70 time, 40.02 real, 16 MB
[runlim] sample:		48.70 time, 50.02 real, 16 MB
[runlim] sample:		58.70 time, 60.02 real, 17 MB
[runlim] sample:		68.70 time, 70.02 real, 18 MB
[runlim] sample:		78.70 time, 80.02 real, 18 MB
[runlim] sample:		88.91 time, 90.22 real, 21 MB
[runlim] sample:		98.91 time, 100.22 real, 21 MB
[runlim] sample:		108.91 time, 110.22 real, 21 MB
[runlim] sample:		118.91 time, 120.22 real, 21 MB
[runlim] sample:		128.91 time, 130.22 real, 21 MB
[runlim] sample:		138.91 time, 140.22 real, 21 MB
[runlim] sample:		148.91 time, 150.22 real, 21 MB
[runlim] sample:		158.91 time, 160.22 real, 23 MB
[runlim] sample:		168.91 time, 170.22 real, 23 MB
[runlim] sample:		178.91 time, 180.22 real, 23 MB
[runlim] sample:		188.91 time, 190.22 real, 23 MB
[runlim] sample:		198.91 time, 200.22 real, 23 MB
[runlim] sample:		208.90 time, 210.22 real, 23 MB
[runlim] sample:		218.91 time, 220.22 real, 23 MB
[runlim] sample:		228.91 time, 230.22 real, 24 MB
[runlim] sample:		238.91 time, 240.22 real, 24 MB
[runlim] sample:		248.90 time, 250.22 real, 25 MB
[runlim] sample:		258.91 time, 260.22 real, 25 MB
[runlim] sample:		268.91 time, 270.22 real, 26 MB
[runlim] sample:		278.91 time, 280.22 real, 28 MB
[runlim] sample:		288.91 time, 290.22 real, 28 MB
[runlim] sample:		298.91 time, 300.22 real, 28 MB
[runlim] sample:		308.91 time, 310.22 real, 28 MB
[runlim] sample:		318.91 time, 320.22 real, 28 MB
[runlim] sample:		328.90 time, 330.22 real, 28 MB
[runlim] sample:		338.90 time, 340.22 real, 28 MB
[runlim] sample:		348.91 time, 350.22 real, 28 MB
[runlim] sample:		358.91 time, 360.22 real, 29 MB
[runlim] sample:		368.91 time, 370.22 real, 29 MB
[runlim] sample:		378.91 time, 380.22 real, 29 MB
[runlim] sample:		388.91 time, 390.22 real, 29 MB
[runlim] sample:		398.91 time, 400.22 real, 29 MB
[runlim] sample:		408.91 time, 410.22 real, 30 MB
[runlim] sample:		418.91 time, 420.22 real, 30 MB
[runlim] sample:		428.91 time, 430.22 real, 30 MB
[runlim] sample:		438.91 time, 440.22 real, 32 MB
[runlim] sample:		448.90 time, 450.22 real, 32 MB
[runlim] sample:		458.90 time, 460.22 real, 32 MB
[runlim] sample:		468.90 time, 470.22 real, 32 MB
[runlim] sample:		478.90 time, 480.22 real, 32 MB
[runlim] sample:		488.90 time, 490.22 real, 32 MB
[runlim] sample:		498.90 time, 500.22 real, 32 MB
[runlim] sample:		508.91 time, 510.22 real, 32 MB
[runlim] sample:		518.91 time, 520.22 real, 32 MB
[runlim] sample:		528.91 time, 530.22 real, 32 MB
[runlim] sample:		538.91 time, 540.22 real, 33 MB
[runlim] sample:		548.91 time, 550.22 real, 33 MB
[runlim] sample:		558.91 time, 560.22 real, 33 MB
[runlim] sample:		568.91 time, 570.22 real, 34 MB
[runlim] sample:		578.91 time, 580.22 real, 34 MB
[runlim] sample:		588.91 time, 590.22 real, 34 MB
[runlim] sample:		598.91 time, 600.22 real, 34 MB
[runlim] sample:		608.91 time, 610.22 real, 34 MB
[runlim] sample:		618.91 time, 620.22 real, 34 MB
[runlim] sample:		628.91 time, 630.22 real, 34 MB
[runlim] sample:		638.91 time, 640.22 real, 34 MB
[runlim] sample:		648.91 time, 650.22 real, 34 MB
[runlim] sample:		658.91 time, 660.22 real, 34 MB
[runlim] sample:		668.91 time, 670.22 real, 34 MB
[runlim] sample:		678.91 time, 680.22 real, 34 MB
[runlim] sample:		688.91 time, 690.22 real, 34 MB
[runlim] sample:		698.91 time, 700.22 real, 34 MB
[runlim] sample:		708.91 time, 710.22 real, 34 MB
[runlim] sample:		718.91 time, 720.22 real, 36 MB
[runlim] sample:		728.91 time, 730.22 real, 36 MB
[runlim] sample:		738.91 time, 740.22 real, 36 MB
[runlim] sample:		748.91 time, 750.22 real, 36 MB
[runlim] sample:		758.91 time, 760.22 real, 36 MB
[runlim] sample:		768.91 time, 770.22 real, 36 MB
[runlim] sample:		778.91 time, 780.22 real, 36 MB
[runlim] sample:		788.91 time, 790.22 real, 36 MB
[runlim] sample:		798.91 time, 800.22 real, 36 MB
[runlim] sample:		808.91 time, 810.22 real, 36 MB
[runlim] sample:		818.91 time, 820.22 real, 37 MB
[runlim] sample:		828.92 time, 830.22 real, 37 MB
[runlim] sample:		838.92 time, 840.22 real, 38 MB
[runlim] sample:		848.91 time, 850.22 real, 38 MB
[runlim] sample:		858.91 time, 860.22 real, 38 MB
[runlim] sample:		868.91 time, 870.22 real, 38 MB
[runlim] sample:		878.91 time, 880.22 real, 38 MB
[runlim] sample:		888.91 time, 890.22 real, 39 MB
[runlim] sample:		898.91 time, 900.22 real, 39 MB
[runlim] sample:		908.91 time, 910.22 real, 39 MB
[runlim] sample:		918.92 time, 920.22 real, 39 MB
[runlim] sample:		928.92 time, 930.22 real, 40 MB
[runlim] sample:		938.92 time, 940.22 real, 40 MB
[runlim] sample:		948.92 time, 950.22 real, 40 MB
[runlim] sample:		958.92 time, 960.22 real, 40 MB
[runlim] sample:		968.91 time, 970.22 real, 40 MB
[runlim] sample:		978.92 time, 980.22 real, 40 MB
[runlim] sample:		988.92 time, 990.22 real, 40 MB
[runlim] sample:		998.92 time, 1000.22 real, 40 MB
[runlim] sample:		1008.92 time, 1010.22 real, 40 MB
[runlim] sample:		1018.91 time, 1020.22 real, 40 MB
[runlim] sample:		1028.91 time, 1030.22 real, 40 MB
[runlim] sample:		1038.91 time, 1040.22 real, 40 MB
[runlim] sample:		1048.91 time, 1050.22 real, 40 MB
[runlim] sample:		1058.91 time, 1060.22 real, 41 MB
[runlim] sample:		1068.91 time, 1070.22 real, 41 MB
[runlim] sample:		1078.92 time, 1080.22 real, 41 MB
[runlim] sample:		1088.91 time, 1090.22 real, 41 MB
[runlim] sample:		1098.91 time, 1100.22 real, 41 MB
[runlim] sample:		1108.92 time, 1110.22 real, 41 MB
[runlim] sample:		1118.92 time, 1120.22 real, 41 MB
[runlim] sample:		1128.92 time, 1130.22 real, 41 MB
[runlim] sample:		1138.92 time, 1140.22 real, 42 MB
[runlim] sample:		1148.92 time, 1150.22 real, 42 MB
[runlim] sample:		1158.92 time, 1160.22 real, 42 MB
[runlim] sample:		1168.92 time, 1170.22 real, 42 MB
[runlim] sample:		1178.92 time, 1180.22 real, 42 MB
[runlim] sample:		1188.91 time, 1190.22 real, 42 MB
[runlim] sample:		1198.91 time, 1200.22 real, 42 MB
[runlim] sample:		1208.91 time, 1210.22 real, 42 MB
[runlim] sample:		1218.91 time, 1220.22 real, 42 MB
[runlim] sample:		1228.91 time, 1230.22 real, 42 MB
[runlim] sample:		1238.91 time, 1240.22 real, 42 MB
[runlim] sample:		1248.92 time, 1250.22 real, 42 MB
[runlim] sample:		1258.92 time, 1260.22 real, 44 MB
[runlim] sample:		1268.92 time, 1270.22 real, 44 MB
[runlim] sample:		1278.92 time, 1280.22 real, 44 MB
[runlim] sample:		1288.91 time, 1290.22 real, 44 MB
[runlim] sample:		1298.91 time, 1300.22 real, 44 MB
[runlim] sample:		1308.91 time, 1310.22 real, 44 MB
[runlim] sample:		1318.91 time, 1320.22 real, 45 MB
[runlim] sample:		1328.91 time, 1330.22 real, 45 MB
[runlim] sample:		1338.92 time, 1340.22 real, 45 MB
[runlim] sample:		1348.92 time, 1350.22 real, 45 MB
[runlim] sample:		1358.92 time, 1360.22 real, 45 MB
[runlim] sample:		1368.92 time, 1370.22 real, 45 MB
[runlim] sample:		1378.92 time, 1380.22 real, 45 MB
[runlim] sample:		1388.92 time, 1390.22 real, 45 MB
[runlim] sample:		1398.92 time, 1400.22 real, 45 MB
[runlim] sample:		1408.92 time, 1410.22 real, 45 MB
[runlim] sample:		1418.92 time, 1420.22 real, 45 MB
[runlim] sample:		1428.92 time, 1430.22 real, 45 MB
[runlim] sample:		1438.92 time, 1440.22 real, 45 MB
[runlim] sample:		1448.92 time, 1450.22 real, 45 MB
[runlim] sample:		1458.92 time, 1460.22 real, 45 MB
[runlim] sample:		1468.92 time, 1470.22 real, 45 MB
[runlim] sample:		1478.92 time, 1480.22 real, 45 MB
[runlim] sample:		1488.92 time, 1490.22 real, 45 MB
[runlim] sample:		1498.92 time, 1500.22 real, 45 MB
[runlim] sample:		1508.92 time, 1510.22 real, 45 MB
[runlim] sample:		1518.92 time, 1520.22 real, 45 MB
[runlim] sample:		1528.92 time, 1530.22 real, 45 MB
[runlim] sample:		1538.92 time, 1540.22 real, 45 MB
[runlim] sample:		1548.92 time, 1550.22 real, 45 MB
[runlim] sample:		1558.92 time, 1560.22 real, 46 MB
[runlim] sample:		1568.92 time, 1570.22 real, 46 MB
[runlim] sample:		1578.92 time, 1580.22 real, 46 MB
[runlim] sample:		1588.92 time, 1590.22 real, 46 MB
[runlim] sample:		1598.92 time, 1600.22 real, 48 MB
[runlim] sample:		1608.92 time, 1610.22 real, 48 MB
[runlim] sample:		1618.92 time, 1620.22 real, 48 MB
[runlim] sample:		1628.92 time, 1630.22 real, 48 MB
[runlim] sample:		1638.92 time, 1640.22 real, 48 MB
[runlim] sample:		1648.92 time, 1650.22 real, 48 MB
[runlim] sample:		1658.92 time, 1660.22 real, 48 MB
[runlim] sample:		1668.92 time, 1670.22 real, 48 MB
[runlim] sample:		1678.92 time, 1680.22 real, 48 MB
[runlim] sample:		1688.92 time, 1690.22 real, 48 MB
[runlim] sample:		1698.92 time, 1700.22 real, 48 MB
[runlim] sample:		1708.92 time, 1710.22 real, 48 MB
[runlim] sample:		1718.92 time, 1720.22 real, 48 MB
[runlim] sample:		1728.92 time, 1730.22 real, 48 MB
[runlim] sample:		1738.92 time, 1740.22 real, 48 MB
[runlim] sample:		1748.92 time, 1750.22 real, 48 MB
[runlim] sample:		1758.92 time, 1760.22 real, 48 MB
[runlim] sample:		1768.92 time, 1770.22 real, 48 MB
[runlim] sample:		1778.92 time, 1780.22 real, 48 MB
[runlim] sample:		1788.92 time, 1790.22 real, 48 MB
[runlim] sample:		1798.92 time, 1800.22 real, 48 MB
[runlim] sample:		1808.92 time, 1810.22 real, 48 MB
[runlim] sample:		1818.92 time, 1820.22 real, 48 MB
[runlim] sample:		1828.92 time, 1830.22 real, 48 MB
[runlim] sample:		1838.92 time, 1840.22 real, 48 MB
[runlim] sample:		1848.92 time, 1850.22 real, 48 MB
[runlim] sample:		1858.92 time, 1860.22 real, 48 MB
[runlim] sample:		1868.92 time, 1870.22 real, 48 MB
[runlim] sample:		1878.92 time, 1880.22 real, 48 MB
[runlim] sample:		1888.92 time, 1890.22 real, 48 MB
[runlim] sample:		1898.92 time, 1900.22 real, 48 MB
[runlim] sample:		1908.92 time, 1910.22 real, 48 MB
[runlim] sample:		1918.92 time, 1920.22 real, 49 MB
[runlim] sample:		1928.93 time, 1930.22 real, 49 MB
[runlim] sample:		1938.93 time, 1940.22 real, 49 MB
[runlim] sample:		1948.92 time, 1950.22 real, 49 MB
[runlim] sample:		1958.92 time, 1960.22 real, 49 MB
[runlim] sample:		1968.93 time, 1970.22 real, 49 MB
[runlim] sample:		1978.93 time, 1980.22 real, 49 MB
[runlim] sample:		1988.93 time, 1990.22 real, 51 MB
[runlim] sample:		1998.92 time, 2000.22 real, 51 MB
[runlim] sample:		2008.92 time, 2010.22 real, 51 MB
[runlim] sample:		2018.92 time, 2020.22 real, 51 MB
[runlim] sample:		2028.92 time, 2030.22 real, 51 MB
[runlim] sample:		2038.92 time, 2040.22 real, 51 MB
[runlim] sample:		2048.92 time, 2050.22 real, 51 MB
[runlim] sample:		2058.93 time, 2060.22 real, 51 MB
[runlim] sample:		2068.93 time, 2070.22 real, 51 MB
[runlim] sample:		2078.93 time, 2080.22 real, 51 MB
[runlim] sample:		2088.93 time, 2090.22 real, 51 MB
[runlim] sample:		2098.93 time, 2100.22 real, 52 MB
[runlim] sample:		2108.93 time, 2110.22 real, 52 MB
[runlim] sample:		2118.93 time, 2120.22 real, 52 MB
[runlim] sample:		2128.93 time, 2130.22 real, 52 MB
[runlim] sample:		2138.93 time, 2140.22 real, 52 MB
[runlim] sample:		2148.93 time, 2150.22 real, 52 MB
[runlim] sample:		2158.93 time, 2160.22 real, 52 MB
[runlim] sample:		2168.93 time, 2170.22 real, 52 MB
[runlim] sample:		2178.92 time, 2180.22 real, 52 MB
[runlim] sample:		2188.92 time, 2190.22 real, 52 MB
[runlim] sample:		2198.92 time, 2200.22 real, 52 MB
[runlim] sample:		2208.92 time, 2210.22 real, 52 MB
[runlim] sample:		2218.92 time, 2220.22 real, 52 MB
[runlim] sample:		2228.92 time, 2230.22 real, 52 MB
[runlim] sample:		2238.93 time, 2240.22 real, 52 MB
[runlim] sample:		2248.93 time, 2250.22 real, 52 MB
[runlim] sample:		2258.93 time, 2260.22 real, 52 MB
[runlim] sample:		2268.92 time, 2270.22 real, 52 MB
[runlim] sample:		2278.92 time, 2280.22 real, 52 MB
[runlim] sample:		2288.93 time, 2290.22 real, 52 MB
[runlim] sample:		2298.93 time, 2300.22 real, 52 MB
[runlim] sample:		2308.93 time, 2310.22 real, 52 MB
[runlim] sample:		2318.93 time, 2320.22 real, 52 MB
[runlim] sample:		2328.93 time, 2330.22 real, 52 MB
[runlim] sample:		2338.93 time, 2340.22 real, 53 MB
[runlim] sample:		2348.93 time, 2350.22 real, 53 MB
[runlim] sample:		2358.93 time, 2360.22 real, 54 MB
[runlim] sample:		2368.93 time, 2370.22 real, 55 MB
[runlim] sample:		2378.93 time, 2380.22 real, 55 MB
[runlim] sample:		2388.93 time, 2390.22 real, 55 MB
[runlim] sample:		2398.93 time, 2400.22 real, 56 MB
[runlim] sample:		2408.93 time, 2410.22 real, 56 MB
[runlim] sample:		2418.93 time, 2420.22 real, 56 MB
[runlim] sample:		2428.93 time, 2430.22 real, 56 MB
[runlim] sample:		2438.92 time, 2440.22 real, 56 MB
[runlim] sample:		2448.92 time, 2450.22 real, 56 MB
[runlim] sample:		2458.92 time, 2460.22 real, 56 MB
[runlim] sample:		2468.92 time, 2470.22 real, 56 MB
[runlim] sample:		2478.92 time, 2480.22 real, 56 MB
[runlim] sample:		2488.92 time, 2490.22 real, 56 MB
[runlim] sample:		2498.93 time, 2500.22 real, 56 MB
[runlim] sample:		2508.93 time, 2510.22 real, 56 MB
[runlim] sample:		2518.93 time, 2520.22 real, 56 MB
[runlim] sample:		2528.93 time, 2530.22 real, 56 MB
[runlim] sample:		2538.93 time, 2540.22 real, 56 MB
[runlim] sample:		2548.93 time, 2550.22 real, 56 MB
[runlim] sample:		2558.93 time, 2560.22 real, 56 MB
[runlim] sample:		2568.93 time, 2570.22 real, 56 MB
[runlim] sample:		2578.93 time, 2580.22 real, 56 MB
[runlim] sample:		2588.93 time, 2590.22 real, 56 MB
[runlim] sample:		2598.93 time, 2600.22 real, 56 MB
[runlim] sample:		2608.93 time, 2610.22 real, 56 MB
[runlim] sample:		2618.93 time, 2620.22 real, 57 MB
[runlim] sample:		2628.93 time, 2630.22 real, 58 MB
[runlim] sample:		2638.93 time, 2640.22 real, 58 MB
[runlim] sample:		2648.93 time, 2650.22 real, 58 MB
[runlim] sample:		2658.93 time, 2660.22 real, 58 MB
[runlim] sample:		2668.93 time, 2670.22 real, 58 MB
[runlim] sample:		2678.93 time, 2680.22 real, 58 MB
[runlim] sample:		2688.93 time, 2690.22 real, 58 MB


 SIG RECEIVED

[runlim] end:			Sat Feb 29 06:53:39 2020
[runlim] status:		out of time
[runlim] result:		2
[runlim] children:		1
[runlim] real:			2700.11 seconds
[runlim] time:			2698.73 seconds
[runlim] space:			58 MB
[runlim] samples:		26998
