[runlim] version:		1.18
[runlim] host:			c3n07
[runlim] time limit:		2700 seconds
[runlim] real time limit:	2700 seconds
[runlim] space limit:		7000 MB
[runlim] argv[0]:		./binary
[runlim] argv[1]:		/data/cnf/ankit/E1-A1-Red/depots16_7.qdimacs
[runlim] start:			Sat Feb 29 06:08:38 2020
[runlim] child:			19616
[runlim] sample:		9.99 time, 10.02 real, 347 MB
[runlim] sample:		19.98 time, 20.02 real, 355 MB
[runlim] sample:		29.99 time, 30.02 real, 359 MB
[runlim] sample:		39.99 time, 40.02 real, 360 MB
[runlim] sample:		49.98 time, 50.02 real, 366 MB
[runlim] sample:		59.98 time, 60.02 real, 370 MB
[runlim] sample:		69.98 time, 70.02 real, 373 MB
[runlim] sample:		79.99 time, 80.02 real, 375 MB
[runlim] sample:		90.18 time, 90.22 real, 378 MB
[runlim] sample:		100.18 time, 100.22 real, 378 MB
[runlim] sample:		110.18 time, 110.22 real, 379 MB
[runlim] sample:		120.18 time, 120.22 real, 380 MB
[runlim] sample:		130.18 time, 130.22 real, 380 MB
[runlim] sample:		140.18 time, 140.22 real, 381 MB
[runlim] sample:		150.18 time, 150.22 real, 389 MB
[runlim] sample:		160.19 time, 160.22 real, 392 MB
[runlim] sample:		170.19 time, 170.22 real, 396 MB
[runlim] sample:		180.19 time, 180.22 real, 403 MB
[runlim] sample:		190.19 time, 190.22 real, 407 MB
[runlim] sample:		200.18 time, 200.22 real, 408 MB
[runlim] sample:		210.18 time, 210.22 real, 409 MB
[runlim] sample:		220.18 time, 220.22 real, 412 MB
[runlim] sample:		230.18 time, 230.22 real, 412 MB
[runlim] sample:		240.19 time, 240.22 real, 413 MB
[runlim] sample:		250.19 time, 250.22 real, 415 MB
[runlim] sample:		260.19 time, 260.22 real, 415 MB
[runlim] sample:		270.19 time, 270.22 real, 415 MB
[runlim] sample:		280.19 time, 280.22 real, 423 MB
[runlim] sample:		290.18 time, 290.22 real, 424 MB
[runlim] sample:		300.18 time, 300.22 real, 424 MB
[runlim] sample:		310.18 time, 310.22 real, 424 MB
[runlim] sample:		320.18 time, 320.22 real, 424 MB
[runlim] sample:		330.18 time, 330.22 real, 426 MB
[runlim] sample:		340.18 time, 340.22 real, 429 MB
[runlim] sample:		350.18 time, 350.22 real, 429 MB
[runlim] sample:		360.18 time, 360.22 real, 429 MB
[runlim] sample:		370.18 time, 370.22 real, 435 MB
[runlim] sample:		380.18 time, 380.22 real, 436 MB
[runlim] sample:		390.18 time, 390.22 real, 437 MB
[runlim] sample:		400.18 time, 400.22 real, 438 MB
[runlim] sample:		410.18 time, 410.22 real, 438 MB
[runlim] sample:		420.18 time, 420.22 real, 438 MB
[runlim] sample:		430.18 time, 430.22 real, 438 MB
[runlim] sample:		440.18 time, 440.22 real, 438 MB
[runlim] sample:		450.18 time, 450.22 real, 438 MB
[runlim] sample:		460.18 time, 460.22 real, 438 MB
[runlim] sample:		470.18 time, 470.22 real, 438 MB
[runlim] sample:		480.18 time, 480.22 real, 438 MB
[runlim] sample:		490.18 time, 490.22 real, 440 MB
[runlim] sample:		500.18 time, 500.22 real, 440 MB
[runlim] sample:		510.18 time, 510.22 real, 441 MB
[runlim] sample:		520.18 time, 520.22 real, 441 MB
[runlim] sample:		530.18 time, 530.22 real, 442 MB
[runlim] sample:		540.18 time, 540.22 real, 450 MB
[runlim] sample:		550.18 time, 550.22 real, 454 MB
[runlim] sample:		560.18 time, 560.22 real, 454 MB
[runlim] sample:		570.18 time, 570.22 real, 454 MB
[runlim] sample:		580.18 time, 580.22 real, 454 MB
[runlim] sample:		590.18 time, 590.22 real, 463 MB
[runlim] sample:		600.19 time, 600.22 real, 472 MB
[runlim] sample:		610.18 time, 610.22 real, 473 MB
[runlim] sample:		620.18 time, 620.22 real, 473 MB
[runlim] sample:		630.18 time, 630.22 real, 473 MB
[runlim] sample:		640.18 time, 640.22 real, 473 MB
[runlim] sample:		650.18 time, 650.22 real, 473 MB
[runlim] sample:		660.18 time, 660.22 real, 476 MB
[runlim] sample:		670.18 time, 670.22 real, 476 MB
[runlim] sample:		680.18 time, 680.22 real, 476 MB
[runlim] sample:		690.19 time, 690.22 real, 476 MB
[runlim] sample:		700.18 time, 700.22 real, 477 MB
[runlim] sample:		710.18 time, 710.22 real, 483 MB
[runlim] sample:		720.18 time, 720.22 real, 485 MB
[runlim] sample:		730.18 time, 730.22 real, 485 MB
[runlim] sample:		740.19 time, 740.22 real, 485 MB
[runlim] sample:		750.18 time, 750.22 real, 486 MB
[runlim] sample:		760.18 time, 760.22 real, 487 MB
[runlim] sample:		770.18 time, 770.22 real, 490 MB
[runlim] sample:		780.18 time, 780.22 real, 491 MB
[runlim] sample:		790.18 time, 790.22 real, 491 MB
[runlim] sample:		800.18 time, 800.22 real, 491 MB
[runlim] sample:		810.18 time, 810.22 real, 496 MB
[runlim] sample:		820.19 time, 820.22 real, 500 MB
[runlim] sample:		830.18 time, 830.22 real, 502 MB
[runlim] sample:		840.18 time, 840.22 real, 504 MB
[runlim] sample:		850.18 time, 850.22 real, 504 MB
[runlim] sample:		860.18 time, 860.22 real, 504 MB
[runlim] sample:		870.18 time, 870.22 real, 505 MB
[runlim] sample:		880.18 time, 880.22 real, 505 MB
[runlim] sample:		890.18 time, 890.22 real, 505 MB
[runlim] sample:		900.19 time, 900.22 real, 505 MB
[runlim] sample:		910.19 time, 910.22 real, 505 MB
[runlim] sample:		920.18 time, 920.22 real, 505 MB
[runlim] sample:		930.18 time, 930.22 real, 505 MB
[runlim] sample:		940.18 time, 940.22 real, 505 MB
[runlim] sample:		950.18 time, 950.22 real, 505 MB
[runlim] sample:		960.18 time, 960.22 real, 505 MB
[runlim] sample:		970.18 time, 970.22 real, 505 MB
[runlim] sample:		980.18 time, 980.22 real, 505 MB
[runlim] sample:		990.18 time, 990.22 real, 505 MB
[runlim] sample:		1000.18 time, 1000.22 real, 505 MB
[runlim] sample:		1010.18 time, 1010.22 real, 505 MB
[runlim] sample:		1020.18 time, 1020.22 real, 505 MB
[runlim] sample:		1030.18 time, 1030.22 real, 505 MB
[runlim] sample:		1040.18 time, 1040.22 real, 505 MB
[runlim] sample:		1050.18 time, 1050.22 real, 507 MB
[runlim] sample:		1060.18 time, 1060.22 real, 515 MB
[runlim] sample:		1070.18 time, 1070.22 real, 519 MB
[runlim] sample:		1080.18 time, 1080.22 real, 524 MB
[runlim] sample:		1090.18 time, 1090.22 real, 532 MB
[runlim] sample:		1100.18 time, 1100.22 real, 534 MB
[runlim] sample:		1110.18 time, 1110.22 real, 536 MB
[runlim] sample:		1120.18 time, 1120.22 real, 540 MB
[runlim] sample:		1130.18 time, 1130.22 real, 541 MB
[runlim] sample:		1140.18 time, 1140.22 real, 541 MB
[runlim] sample:		1150.18 time, 1150.22 real, 541 MB
[runlim] sample:		1160.19 time, 1160.22 real, 541 MB
[runlim] sample:		1170.18 time, 1170.22 real, 541 MB
[runlim] sample:		1180.18 time, 1180.22 real, 541 MB
[runlim] sample:		1190.18 time, 1190.22 real, 541 MB
[runlim] sample:		1200.18 time, 1200.22 real, 541 MB
[runlim] sample:		1210.18 time, 1210.22 real, 541 MB
[runlim] sample:		1220.18 time, 1220.22 real, 541 MB
[runlim] sample:		1230.18 time, 1230.22 real, 541 MB
[runlim] sample:		1240.18 time, 1240.22 real, 541 MB
[runlim] sample:		1250.18 time, 1250.22 real, 541 MB
[runlim] sample:		1260.18 time, 1260.22 real, 541 MB
[runlim] sample:		1270.18 time, 1270.22 real, 541 MB
[runlim] sample:		1280.18 time, 1280.22 real, 541 MB
[runlim] sample:		1290.18 time, 1290.22 real, 541 MB
[runlim] sample:		1300.18 time, 1300.22 real, 541 MB
[runlim] sample:		1310.19 time, 1310.22 real, 541 MB
[runlim] sample:		1320.19 time, 1320.22 real, 541 MB
[runlim] sample:		1330.18 time, 1330.22 real, 541 MB
[runlim] sample:		1340.18 time, 1340.22 real, 542 MB
[runlim] sample:		1350.18 time, 1350.22 real, 546 MB
[runlim] sample:		1360.18 time, 1360.22 real, 553 MB
[runlim] sample:		1370.19 time, 1370.22 real, 554 MB
[runlim] sample:		1380.19 time, 1380.22 real, 554 MB
[runlim] sample:		1390.18 time, 1390.22 real, 554 MB
[runlim] sample:		1400.18 time, 1400.22 real, 554 MB
[runlim] sample:		1410.19 time, 1410.22 real, 555 MB
[runlim] sample:		1420.19 time, 1420.22 real, 555 MB
[runlim] sample:		1430.18 time, 1430.22 real, 555 MB
[runlim] sample:		1440.18 time, 1440.22 real, 559 MB
[runlim] sample:		1450.19 time, 1450.22 real, 560 MB
[runlim] sample:		1460.19 time, 1460.22 real, 560 MB
[runlim] sample:		1470.18 time, 1470.22 real, 560 MB
[runlim] sample:		1480.18 time, 1480.22 real, 560 MB
[runlim] sample:		1490.19 time, 1490.22 real, 560 MB
[runlim] sample:		1500.19 time, 1500.22 real, 560 MB
[runlim] sample:		1510.18 time, 1510.22 real, 561 MB
[runlim] sample:		1520.18 time, 1520.22 real, 562 MB
[runlim] sample:		1530.18 time, 1530.22 real, 562 MB
[runlim] sample:		1540.18 time, 1540.22 real, 562 MB
[runlim] sample:		1550.18 time, 1550.22 real, 562 MB
[runlim] sample:		1560.18 time, 1560.22 real, 564 MB
[runlim] sample:		1570.18 time, 1570.22 real, 565 MB
[runlim] sample:		1580.18 time, 1580.22 real, 565 MB
[runlim] sample:		1590.18 time, 1590.22 real, 566 MB
[runlim] sample:		1600.18 time, 1600.22 real, 572 MB
[runlim] sample:		1610.19 time, 1610.22 real, 572 MB
[runlim] sample:		1620.18 time, 1620.22 real, 572 MB
[runlim] sample:		1630.18 time, 1630.22 real, 573 MB
[runlim] sample:		1640.18 time, 1640.22 real, 573 MB
[runlim] sample:		1650.18 time, 1650.22 real, 576 MB
[runlim] sample:		1660.17 time, 1660.22 real, 576 MB
[runlim] sample:		1670.18 time, 1670.22 real, 576 MB
[runlim] sample:		1680.18 time, 1680.22 real, 576 MB
[runlim] sample:		1690.18 time, 1690.22 real, 577 MB
[runlim] sample:		1700.18 time, 1700.22 real, 577 MB
[runlim] sample:		1710.19 time, 1710.22 real, 577 MB
[runlim] sample:		1720.18 time, 1720.22 real, 577 MB
[runlim] sample:		1730.18 time, 1730.22 real, 579 MB
[runlim] sample:		1740.18 time, 1740.22 real, 579 MB
[runlim] sample:		1750.17 time, 1750.22 real, 579 MB
[runlim] sample:		1760.18 time, 1760.22 real, 579 MB
[runlim] sample:		1770.18 time, 1770.22 real, 579 MB
[runlim] sample:		1780.18 time, 1780.22 real, 579 MB
[runlim] sample:		1790.18 time, 1790.22 real, 580 MB
[runlim] sample:		1800.18 time, 1800.22 real, 581 MB
[runlim] sample:		1810.18 time, 1810.22 real, 581 MB
[runlim] sample:		1820.18 time, 1820.22 real, 582 MB
[runlim] sample:		1830.18 time, 1830.22 real, 582 MB
[runlim] sample:		1840.18 time, 1840.22 real, 583 MB
[runlim] sample:		1850.18 time, 1850.22 real, 584 MB
[runlim] sample:		1860.18 time, 1860.22 real, 584 MB
[runlim] sample:		1870.18 time, 1870.22 real, 585 MB
[runlim] sample:		1880.18 time, 1880.22 real, 585 MB
[runlim] sample:		1890.18 time, 1890.22 real, 586 MB
[runlim] sample:		1900.18 time, 1900.22 real, 587 MB
[runlim] sample:		1910.19 time, 1910.22 real, 591 MB
[runlim] sample:		1920.18 time, 1920.22 real, 591 MB
[runlim] sample:		1930.18 time, 1930.22 real, 591 MB
[runlim] sample:		1940.18 time, 1940.22 real, 591 MB
[runlim] sample:		1950.18 time, 1950.22 real, 599 MB
[runlim] sample:		1960.18 time, 1960.22 real, 600 MB
[runlim] sample:		1970.18 time, 1970.22 real, 602 MB
[runlim] sample:		1980.18 time, 1980.22 real, 606 MB
[runlim] sample:		1990.18 time, 1990.22 real, 606 MB
[runlim] sample:		2000.18 time, 2000.22 real, 606 MB
[runlim] sample:		2010.18 time, 2010.22 real, 606 MB
[runlim] sample:		2020.18 time, 2020.22 real, 606 MB
[runlim] sample:		2030.18 time, 2030.22 real, 606 MB
[runlim] sample:		2040.18 time, 2040.22 real, 606 MB
[runlim] sample:		2050.18 time, 2050.22 real, 606 MB
[runlim] sample:		2060.17 time, 2060.22 real, 607 MB
[runlim] sample:		2070.18 time, 2070.22 real, 609 MB
[runlim] sample:		2080.18 time, 2080.22 real, 611 MB
[runlim] sample:		2090.18 time, 2090.22 real, 611 MB
[runlim] sample:		2100.18 time, 2100.22 real, 612 MB
[runlim] sample:		2110.18 time, 2110.22 real, 612 MB
[runlim] sample:		2120.17 time, 2120.22 real, 612 MB
[runlim] sample:		2130.17 time, 2130.22 real, 613 MB
[runlim] sample:		2140.18 time, 2140.22 real, 617 MB
[runlim] sample:		2150.18 time, 2150.22 real, 619 MB
[runlim] sample:		2160.18 time, 2160.22 real, 620 MB
[runlim] sample:		2170.18 time, 2170.22 real, 620 MB
[runlim] sample:		2180.19 time, 2180.22 real, 620 MB
[runlim] sample:		2190.18 time, 2190.22 real, 620 MB
[runlim] sample:		2200.18 time, 2200.22 real, 620 MB
[runlim] sample:		2210.18 time, 2210.22 real, 621 MB
[runlim] sample:		2220.18 time, 2220.22 real, 621 MB
[runlim] sample:		2230.18 time, 2230.22 real, 621 MB
[runlim] sample:		2240.18 time, 2240.22 real, 621 MB
[runlim] sample:		2250.18 time, 2250.22 real, 621 MB
[runlim] sample:		2260.17 time, 2260.22 real, 621 MB
[runlim] sample:		2270.17 time, 2270.22 real, 621 MB
[runlim] sample:		2280.18 time, 2280.22 real, 621 MB
[runlim] sample:		2290.18 time, 2290.22 real, 621 MB
[runlim] sample:		2300.18 time, 2300.22 real, 621 MB
[runlim] sample:		2310.18 time, 2310.22 real, 621 MB
[runlim] sample:		2320.18 time, 2320.22 real, 621 MB
[runlim] sample:		2330.18 time, 2330.22 real, 621 MB
[runlim] sample:		2340.18 time, 2340.22 real, 621 MB
[runlim] sample:		2350.18 time, 2350.22 real, 621 MB
[runlim] sample:		2360.17 time, 2360.22 real, 621 MB
[runlim] sample:		2370.17 time, 2370.22 real, 621 MB
[runlim] sample:		2380.18 time, 2380.22 real, 622 MB
[runlim] sample:		2390.18 time, 2390.22 real, 622 MB
[runlim] sample:		2400.18 time, 2400.22 real, 622 MB
[runlim] sample:		2410.18 time, 2410.22 real, 623 MB
[runlim] sample:		2420.18 time, 2420.22 real, 623 MB
[runlim] sample:		2430.18 time, 2430.22 real, 624 MB
[runlim] sample:		2440.17 time, 2440.22 real, 625 MB
[runlim] sample:		2450.17 time, 2450.22 real, 628 MB
[runlim] sample:		2460.17 time, 2460.22 real, 630 MB
[runlim] sample:		2470.17 time, 2470.22 real, 630 MB
[runlim] sample:		2480.18 time, 2480.22 real, 630 MB
[runlim] sample:		2490.18 time, 2490.22 real, 630 MB
[runlim] sample:		2500.17 time, 2500.22 real, 630 MB
[runlim] sample:		2510.17 time, 2510.22 real, 630 MB
[runlim] sample:		2520.18 time, 2520.22 real, 630 MB
[runlim] sample:		2530.18 time, 2530.22 real, 630 MB
[runlim] sample:		2540.18 time, 2540.22 real, 631 MB
[runlim] sample:		2550.18 time, 2550.22 real, 631 MB
[runlim] sample:		2560.17 time, 2560.22 real, 631 MB
[runlim] sample:		2570.17 time, 2570.22 real, 631 MB
[runlim] sample:		2580.18 time, 2580.22 real, 631 MB
[runlim] sample:		2590.18 time, 2590.22 real, 631 MB
[runlim] sample:		2600.17 time, 2600.22 real, 631 MB
[runlim] sample:		2610.17 time, 2610.22 real, 634 MB
[runlim] sample:		2620.18 time, 2620.22 real, 640 MB
[runlim] sample:		2630.18 time, 2630.22 real, 640 MB
[runlim] sample:		2640.18 time, 2640.22 real, 640 MB
[runlim] sample:		2650.18 time, 2650.22 real, 640 MB
[runlim] sample:		2660.18 time, 2660.22 real, 640 MB
[runlim] sample:		2670.18 time, 2670.22 real, 641 MB
[runlim] sample:		2680.17 time, 2680.22 real, 642 MB
[runlim] sample:		2690.18 time, 2690.22 real, 643 MB


 SIG RECEIVED

[runlim] end:			Sat Feb 29 06:53:38 2020
[runlim] status:		out of time
[runlim] result:		2
[runlim] children:		1
[runlim] real:			2700.14 seconds
[runlim] time:			2699.98 seconds
[runlim] space:			643 MB
[runlim] samples:		26998
