[runlim] version:		1.18
[runlim] host:			c3n06
[runlim] time limit:		2700 seconds
[runlim] real time limit:	2700 seconds
[runlim] space limit:		7000 MB
[runlim] argv[0]:		./binary
[runlim] argv[1]:		/data/cnf/ankit/E1-A1-Red/depots04_8.qdimacs
[runlim] start:			Sat Feb 29 06:08:38 2020
[runlim] child:			18824
[runlim] sample:		9.72 time, 10.02 real, 309 MB
[runlim] sample:		19.72 time, 20.02 real, 309 MB
[runlim] sample:		29.72 time, 30.02 real, 309 MB
[runlim] sample:		39.72 time, 40.02 real, 309 MB
[runlim] sample:		49.72 time, 50.02 real, 309 MB
[runlim] sample:		59.72 time, 60.02 real, 309 MB
[runlim] sample:		69.71 time, 70.02 real, 309 MB
[runlim] sample:		79.72 time, 80.02 real, 309 MB
[runlim] sample:		89.92 time, 90.22 real, 309 MB
[runlim] sample:		99.92 time, 100.22 real, 309 MB
[runlim] sample:		109.91 time, 110.22 real, 309 MB
[runlim] sample:		119.92 time, 120.22 real, 309 MB
[runlim] sample:		129.92 time, 130.22 real, 309 MB
[runlim] sample:		139.92 time, 140.22 real, 309 MB
[runlim] sample:		149.92 time, 150.22 real, 309 MB
[runlim] sample:		159.92 time, 160.22 real, 309 MB
[runlim] sample:		169.92 time, 170.22 real, 309 MB
[runlim] sample:		179.92 time, 180.22 real, 309 MB
[runlim] sample:		189.92 time, 190.22 real, 309 MB
[runlim] sample:		199.91 time, 200.22 real, 309 MB
[runlim] sample:		209.92 time, 210.22 real, 309 MB
[runlim] sample:		219.92 time, 220.22 real, 309 MB
[runlim] sample:		229.92 time, 230.22 real, 309 MB
[runlim] sample:		239.92 time, 240.22 real, 309 MB
[runlim] sample:		249.92 time, 250.22 real, 309 MB
[runlim] sample:		259.92 time, 260.22 real, 309 MB
[runlim] sample:		269.92 time, 270.22 real, 309 MB
[runlim] sample:		279.92 time, 280.22 real, 309 MB
[runlim] sample:		289.92 time, 290.22 real, 309 MB
[runlim] sample:		299.92 time, 300.22 real, 309 MB
[runlim] sample:		309.92 time, 310.22 real, 309 MB
[runlim] sample:		319.92 time, 320.22 real, 309 MB
[runlim] sample:		329.92 time, 330.22 real, 309 MB
[runlim] sample:		339.92 time, 340.22 real, 309 MB
[runlim] sample:		349.92 time, 350.22 real, 309 MB
[runlim] sample:		359.92 time, 360.22 real, 309 MB
[runlim] sample:		369.93 time, 370.22 real, 309 MB
[runlim] sample:		379.92 time, 380.22 real, 309 MB
[runlim] sample:		389.92 time, 390.22 real, 309 MB
[runlim] sample:		399.92 time, 400.22 real, 309 MB
[runlim] sample:		409.92 time, 410.22 real, 309 MB
[runlim] sample:		419.92 time, 420.22 real, 309 MB
[runlim] sample:		429.92 time, 430.22 real, 309 MB
[runlim] sample:		439.93 time, 440.22 real, 309 MB
[runlim] sample:		449.92 time, 450.22 real, 309 MB
[runlim] sample:		459.93 time, 460.22 real, 309 MB
[runlim] sample:		469.93 time, 470.22 real, 309 MB
[runlim] sample:		479.93 time, 480.22 real, 309 MB
[runlim] sample:		489.92 time, 490.22 real, 309 MB
[runlim] sample:		499.92 time, 500.22 real, 309 MB
[runlim] sample:		509.93 time, 510.22 real, 309 MB
[runlim] sample:		519.93 time, 520.22 real, 309 MB
[runlim] sample:		529.93 time, 530.22 real, 309 MB
[runlim] sample:		539.92 time, 540.22 real, 309 MB
[runlim] sample:		549.93 time, 550.22 real, 309 MB
[runlim] sample:		559.93 time, 560.22 real, 309 MB
[runlim] sample:		569.93 time, 570.22 real, 309 MB
[runlim] sample:		579.93 time, 580.22 real, 309 MB
[runlim] sample:		589.93 time, 590.22 real, 309 MB
[runlim] sample:		599.93 time, 600.22 real, 309 MB
[runlim] sample:		609.93 time, 610.22 real, 309 MB
[runlim] sample:		619.93 time, 620.22 real, 309 MB
[runlim] sample:		629.93 time, 630.22 real, 309 MB
[runlim] sample:		639.92 time, 640.22 real, 309 MB
[runlim] sample:		649.93 time, 650.22 real, 309 MB
[runlim] sample:		659.93 time, 660.22 real, 309 MB
[runlim] sample:		669.93 time, 670.22 real, 309 MB
[runlim] sample:		679.93 time, 680.22 real, 309 MB
[runlim] sample:		689.92 time, 690.22 real, 309 MB
[runlim] sample:		699.93 time, 700.22 real, 309 MB
[runlim] sample:		709.93 time, 710.22 real, 309 MB
[runlim] sample:		719.93 time, 720.22 real, 309 MB
[runlim] sample:		729.93 time, 730.22 real, 309 MB
[runlim] sample:		739.93 time, 740.22 real, 309 MB
[runlim] sample:		749.93 time, 750.22 real, 309 MB
[runlim] sample:		759.93 time, 760.22 real, 309 MB
[runlim] sample:		769.93 time, 770.22 real, 309 MB
[runlim] sample:		779.93 time, 780.22 real, 309 MB
[runlim] sample:		789.93 time, 790.22 real, 309 MB
[runlim] sample:		799.93 time, 800.22 real, 309 MB
[runlim] sample:		809.93 time, 810.22 real, 309 MB
[runlim] sample:		819.93 time, 820.22 real, 309 MB
[runlim] sample:		829.93 time, 830.22 real, 309 MB
[runlim] sample:		839.93 time, 840.22 real, 309 MB
[runlim] sample:		849.93 time, 850.22 real, 309 MB
[runlim] sample:		859.93 time, 860.22 real, 309 MB
[runlim] sample:		869.93 time, 870.22 real, 309 MB
[runlim] sample:		879.93 time, 880.22 real, 309 MB
[runlim] sample:		889.93 time, 890.22 real, 309 MB
[runlim] sample:		899.93 time, 900.22 real, 309 MB
[runlim] sample:		909.93 time, 910.22 real, 309 MB
[runlim] sample:		919.93 time, 920.22 real, 309 MB
[runlim] sample:		929.93 time, 930.22 real, 309 MB
[runlim] sample:		939.93 time, 940.22 real, 309 MB
[runlim] sample:		949.93 time, 950.22 real, 309 MB
[runlim] sample:		959.93 time, 960.22 real, 309 MB
[runlim] sample:		969.93 time, 970.22 real, 309 MB
[runlim] sample:		979.94 time, 980.22 real, 309 MB
[runlim] sample:		989.94 time, 990.22 real, 309 MB
[runlim] sample:		999.93 time, 1000.22 real, 309 MB
[runlim] sample:		1009.93 time, 1010.22 real, 309 MB
[runlim] sample:		1019.94 time, 1020.22 real, 309 MB
[runlim] sample:		1029.93 time, 1030.22 real, 309 MB
[runlim] sample:		1039.93 time, 1040.22 real, 310 MB
[runlim] sample:		1049.93 time, 1050.22 real, 310 MB
[runlim] sample:		1059.93 time, 1060.22 real, 310 MB
[runlim] sample:		1069.94 time, 1070.22 real, 314 MB
[runlim] sample:		1079.94 time, 1080.22 real, 314 MB
[runlim] sample:		1089.93 time, 1090.22 real, 314 MB
[runlim] sample:		1099.93 time, 1100.22 real, 314 MB
[runlim] sample:		1109.93 time, 1110.22 real, 314 MB
[runlim] sample:		1119.93 time, 1120.22 real, 315 MB
[runlim] sample:		1129.93 time, 1130.22 real, 316 MB
[runlim] sample:		1139.94 time, 1140.22 real, 317 MB
[runlim] sample:		1149.94 time, 1150.22 real, 318 MB
[runlim] sample:		1159.93 time, 1160.22 real, 320 MB
[runlim] sample:		1169.93 time, 1170.22 real, 320 MB
[runlim] sample:		1179.93 time, 1180.22 real, 321 MB
[runlim] sample:		1189.93 time, 1190.22 real, 323 MB
[runlim] sample:		1199.93 time, 1200.22 real, 324 MB
[runlim] sample:		1209.93 time, 1210.22 real, 325 MB
[runlim] sample:		1219.93 time, 1220.22 real, 325 MB
[runlim] sample:		1229.94 time, 1230.22 real, 326 MB
[runlim] sample:		1239.94 time, 1240.22 real, 327 MB
[runlim] sample:		1249.93 time, 1250.22 real, 328 MB
[runlim] sample:		1259.93 time, 1260.22 real, 328 MB
[runlim] sample:		1269.94 time, 1270.22 real, 328 MB
[runlim] sample:		1279.93 time, 1280.22 real, 328 MB
[runlim] sample:		1289.93 time, 1290.22 real, 332 MB
[runlim] sample:		1299.93 time, 1300.22 real, 332 MB
[runlim] sample:		1309.93 time, 1310.22 real, 332 MB
[runlim] sample:		1319.93 time, 1320.22 real, 333 MB
[runlim] sample:		1329.94 time, 1330.22 real, 333 MB
[runlim] sample:		1339.93 time, 1340.22 real, 334 MB
[runlim] sample:		1349.94 time, 1350.22 real, 334 MB
[runlim] sample:		1359.94 time, 1360.22 real, 334 MB
[runlim] sample:		1369.93 time, 1370.22 real, 334 MB
[runlim] sample:		1379.94 time, 1380.22 real, 334 MB
[runlim] sample:		1389.93 time, 1390.22 real, 334 MB
[runlim] sample:		1399.94 time, 1400.22 real, 334 MB
[runlim] sample:		1409.94 time, 1410.22 real, 334 MB
[runlim] sample:		1419.93 time, 1420.22 real, 334 MB
[runlim] sample:		1429.94 time, 1430.22 real, 334 MB
[runlim] sample:		1439.93 time, 1440.22 real, 334 MB
[runlim] sample:		1449.93 time, 1450.22 real, 334 MB
[runlim] sample:		1459.93 time, 1460.22 real, 337 MB
[runlim] sample:		1469.93 time, 1470.22 real, 340 MB
[runlim] sample:		1479.93 time, 1480.22 real, 340 MB
[runlim] sample:		1489.93 time, 1490.22 real, 340 MB
[runlim] sample:		1499.93 time, 1500.22 real, 340 MB
[runlim] sample:		1509.93 time, 1510.22 real, 340 MB
[runlim] sample:		1519.93 time, 1520.22 real, 340 MB
[runlim] sample:		1529.93 time, 1530.22 real, 340 MB
[runlim] sample:		1539.94 time, 1540.22 real, 340 MB
[runlim] sample:		1549.94 time, 1550.22 real, 340 MB
[runlim] sample:		1559.94 time, 1560.22 real, 340 MB
[runlim] sample:		1569.94 time, 1570.22 real, 341 MB
[runlim] sample:		1579.94 time, 1580.22 real, 341 MB
[runlim] sample:		1589.94 time, 1590.22 real, 342 MB
[runlim] sample:		1599.94 time, 1600.22 real, 343 MB
[runlim] sample:		1609.94 time, 1610.22 real, 343 MB
[runlim] sample:		1619.94 time, 1620.22 real, 343 MB
[runlim] sample:		1629.93 time, 1630.22 real, 343 MB
[runlim] sample:		1639.94 time, 1640.22 real, 343 MB
[runlim] sample:		1649.94 time, 1650.22 real, 343 MB
[runlim] sample:		1659.94 time, 1660.22 real, 343 MB
[runlim] sample:		1669.94 time, 1670.22 real, 343 MB
[runlim] sample:		1679.94 time, 1680.22 real, 343 MB
[runlim] sample:		1689.94 time, 1690.22 real, 343 MB
[runlim] sample:		1699.94 time, 1700.22 real, 343 MB
[runlim] sample:		1709.94 time, 1710.22 real, 343 MB
[runlim] sample:		1719.94 time, 1720.22 real, 343 MB
[runlim] sample:		1729.94 time, 1730.22 real, 343 MB
[runlim] sample:		1739.94 time, 1740.22 real, 343 MB
[runlim] sample:		1749.94 time, 1750.22 real, 344 MB
[runlim] sample:		1759.94 time, 1760.22 real, 344 MB
[runlim] sample:		1769.94 time, 1770.22 real, 345 MB
[runlim] sample:		1779.94 time, 1780.22 real, 345 MB
[runlim] sample:		1789.94 time, 1790.22 real, 345 MB
[runlim] sample:		1799.94 time, 1800.22 real, 345 MB
[runlim] sample:		1809.94 time, 1810.22 real, 345 MB
[runlim] sample:		1819.94 time, 1820.22 real, 345 MB
[runlim] sample:		1829.94 time, 1830.22 real, 345 MB
[runlim] sample:		1839.94 time, 1840.22 real, 345 MB
[runlim] sample:		1849.94 time, 1850.22 real, 345 MB
[runlim] sample:		1859.94 time, 1860.22 real, 346 MB
[runlim] sample:		1869.94 time, 1870.22 real, 347 MB
[runlim] sample:		1879.94 time, 1880.22 real, 347 MB
[runlim] sample:		1889.94 time, 1890.22 real, 347 MB
[runlim] sample:		1899.94 time, 1900.22 real, 350 MB
[runlim] sample:		1909.94 time, 1910.22 real, 350 MB
[runlim] sample:		1919.94 time, 1920.22 real, 350 MB
[runlim] sample:		1929.94 time, 1930.22 real, 350 MB
[runlim] sample:		1939.95 time, 1940.22 real, 351 MB
[runlim] sample:		1949.94 time, 1950.22 real, 351 MB
[runlim] sample:		1959.94 time, 1960.22 real, 351 MB
[runlim] sample:		1969.94 time, 1970.22 real, 351 MB
[runlim] sample:		1979.94 time, 1980.22 real, 351 MB
[runlim] sample:		1989.95 time, 1990.22 real, 351 MB
[runlim] sample:		1999.94 time, 2000.22 real, 351 MB
[runlim] sample:		2009.95 time, 2010.22 real, 353 MB
[runlim] sample:		2019.95 time, 2020.22 real, 353 MB
[runlim] sample:		2029.94 time, 2030.22 real, 353 MB
[runlim] sample:		2039.95 time, 2040.22 real, 353 MB
[runlim] sample:		2049.95 time, 2050.22 real, 353 MB
[runlim] sample:		2059.95 time, 2060.22 real, 353 MB
[runlim] sample:		2069.95 time, 2070.22 real, 353 MB
[runlim] sample:		2079.94 time, 2080.22 real, 353 MB
[runlim] sample:		2089.95 time, 2090.22 real, 353 MB
[runlim] sample:		2099.95 time, 2100.22 real, 353 MB
[runlim] sample:		2109.94 time, 2110.22 real, 353 MB
[runlim] sample:		2119.94 time, 2120.22 real, 353 MB
[runlim] sample:		2129.94 time, 2130.22 real, 353 MB
[runlim] sample:		2139.94 time, 2140.22 real, 353 MB
[runlim] sample:		2149.94 time, 2150.22 real, 356 MB
[runlim] sample:		2159.94 time, 2160.22 real, 356 MB
[runlim] sample:		2169.94 time, 2170.22 real, 356 MB
[runlim] sample:		2179.94 time, 2180.22 real, 357 MB
[runlim] sample:		2189.94 time, 2190.22 real, 357 MB
[runlim] sample:		2199.95 time, 2200.22 real, 357 MB
[runlim] sample:		2209.94 time, 2210.22 real, 358 MB
[runlim] sample:		2219.94 time, 2220.22 real, 358 MB
[runlim] sample:		2229.95 time, 2230.22 real, 358 MB
[runlim] sample:		2239.95 time, 2240.22 real, 358 MB
[runlim] sample:		2249.94 time, 2250.22 real, 358 MB
[runlim] sample:		2259.95 time, 2260.22 real, 358 MB
[runlim] sample:		2269.95 time, 2270.22 real, 358 MB
[runlim] sample:		2279.94 time, 2280.22 real, 358 MB
[runlim] sample:		2289.94 time, 2290.22 real, 358 MB
[runlim] sample:		2299.95 time, 2300.22 real, 358 MB
[runlim] sample:		2309.95 time, 2310.22 real, 359 MB
[runlim] sample:		2319.95 time, 2320.22 real, 361 MB
[runlim] sample:		2329.94 time, 2330.22 real, 361 MB
[runlim] sample:		2339.95 time, 2340.22 real, 361 MB
[runlim] sample:		2349.94 time, 2350.22 real, 361 MB
[runlim] sample:		2359.95 time, 2360.22 real, 361 MB
[runlim] sample:		2369.95 time, 2370.22 real, 361 MB
[runlim] sample:		2379.95 time, 2380.22 real, 361 MB
[runlim] sample:		2389.94 time, 2390.22 real, 361 MB
[runlim] sample:		2399.95 time, 2400.22 real, 361 MB
[runlim] sample:		2409.95 time, 2410.22 real, 361 MB
[runlim] sample:		2419.95 time, 2420.22 real, 361 MB
[runlim] sample:		2429.94 time, 2430.22 real, 361 MB
[runlim] sample:		2439.94 time, 2440.22 real, 361 MB
[runlim] sample:		2449.95 time, 2450.22 real, 361 MB
[runlim] sample:		2459.95 time, 2460.22 real, 361 MB
[runlim] sample:		2469.95 time, 2470.22 real, 361 MB
[runlim] sample:		2479.94 time, 2480.22 real, 361 MB
[runlim] sample:		2489.95 time, 2490.22 real, 361 MB
[runlim] sample:		2499.95 time, 2500.22 real, 362 MB
[runlim] sample:		2509.94 time, 2510.22 real, 362 MB
[runlim] sample:		2519.95 time, 2520.22 real, 362 MB
[runlim] sample:		2529.95 time, 2530.22 real, 363 MB
[runlim] sample:		2539.95 time, 2540.22 real, 363 MB
[runlim] sample:		2549.95 time, 2550.22 real, 364 MB
[runlim] sample:		2559.95 time, 2560.22 real, 364 MB
[runlim] sample:		2569.95 time, 2570.22 real, 364 MB
[runlim] sample:		2579.95 time, 2580.22 real, 364 MB
[runlim] sample:		2589.95 time, 2590.22 real, 364 MB
[runlim] sample:		2599.95 time, 2600.22 real, 365 MB
[runlim] sample:		2609.95 time, 2610.22 real, 365 MB
[runlim] sample:		2619.95 time, 2620.22 real, 365 MB
[runlim] sample:		2629.95 time, 2630.22 real, 365 MB
[runlim] sample:		2639.95 time, 2640.22 real, 365 MB
[runlim] sample:		2649.95 time, 2650.22 real, 365 MB
[runlim] sample:		2659.95 time, 2660.22 real, 365 MB
[runlim] sample:		2669.95 time, 2670.22 real, 365 MB
[runlim] sample:		2679.95 time, 2680.22 real, 365 MB
[runlim] sample:		2689.95 time, 2690.22 real, 366 MB


 SIG RECEIVED

[runlim] end:			Sat Feb 29 06:53:38 2020
[runlim] status:		out of time
[runlim] result:		2
[runlim] children:		1
[runlim] real:			2700.12 seconds
[runlim] time:			2699.75 seconds
[runlim] space:			366 MB
[runlim] samples:		26998
