[runlim] version:		1.18
[runlim] host:			c3n06
[runlim] time limit:		2700 seconds
[runlim] real time limit:	2700 seconds
[runlim] space limit:		7000 MB
[runlim] argv[0]:		./binary
[runlim] argv[1]:		/data/cnf/ankit/E1-A1-Red/depots08_7.qdimacs
[runlim] start:			Sat Feb 29 06:08:39 2020
[runlim] child:			18839
[runlim] sample:		9.94 time, 10.02 real, 650 MB
[runlim] sample:		19.94 time, 20.02 real, 667 MB
[runlim] sample:		29.94 time, 30.02 real, 667 MB
[runlim] sample:		39.94 time, 40.02 real, 772 MB
[runlim] sample:		49.94 time, 50.02 real, 781 MB
[runlim] sample:		59.94 time, 60.02 real, 799 MB
[runlim] sample:		69.94 time, 70.02 real, 800 MB
[runlim] sample:		79.94 time, 80.02 real, 800 MB
[runlim] sample:		90.14 time, 90.22 real, 800 MB
[runlim] sample:		100.14 time, 100.22 real, 800 MB
[runlim] sample:		110.14 time, 110.22 real, 800 MB
[runlim] sample:		120.14 time, 120.22 real, 800 MB
[runlim] sample:		130.14 time, 130.22 real, 800 MB
[runlim] sample:		140.14 time, 140.22 real, 800 MB
[runlim] sample:		150.14 time, 150.22 real, 800 MB
[runlim] sample:		160.14 time, 160.22 real, 800 MB
[runlim] sample:		170.14 time, 170.22 real, 800 MB
[runlim] sample:		180.14 time, 180.22 real, 800 MB
[runlim] sample:		190.13 time, 190.22 real, 800 MB
[runlim] sample:		200.14 time, 200.22 real, 800 MB
[runlim] sample:		210.14 time, 210.22 real, 800 MB
[runlim] sample:		220.14 time, 220.22 real, 800 MB
[runlim] sample:		230.14 time, 230.22 real, 800 MB
[runlim] sample:		240.14 time, 240.22 real, 800 MB
[runlim] sample:		250.13 time, 250.22 real, 800 MB
[runlim] sample:		260.14 time, 260.22 real, 800 MB
[runlim] sample:		270.14 time, 270.22 real, 800 MB
[runlim] sample:		280.13 time, 280.22 real, 800 MB
[runlim] sample:		290.14 time, 290.22 real, 800 MB
[runlim] sample:		300.14 time, 300.22 real, 800 MB
[runlim] sample:		310.13 time, 310.22 real, 800 MB
[runlim] sample:		320.14 time, 320.22 real, 800 MB
[runlim] sample:		330.14 time, 330.22 real, 800 MB
[runlim] sample:		340.14 time, 340.22 real, 800 MB
[runlim] sample:		350.14 time, 350.22 real, 800 MB
[runlim] sample:		360.14 time, 360.22 real, 800 MB
[runlim] sample:		370.14 time, 370.22 real, 800 MB
[runlim] sample:		380.14 time, 380.22 real, 800 MB
[runlim] sample:		390.14 time, 390.22 real, 800 MB
[runlim] sample:		400.14 time, 400.22 real, 800 MB
[runlim] sample:		410.14 time, 410.22 real, 800 MB
[runlim] sample:		420.14 time, 420.22 real, 800 MB
[runlim] sample:		430.14 time, 430.22 real, 800 MB
[runlim] sample:		440.14 time, 440.22 real, 800 MB
[runlim] sample:		450.14 time, 450.22 real, 800 MB
[runlim] sample:		460.14 time, 460.22 real, 800 MB
[runlim] sample:		470.14 time, 470.22 real, 800 MB
[runlim] sample:		480.14 time, 480.22 real, 800 MB
[runlim] sample:		490.14 time, 490.22 real, 800 MB
[runlim] sample:		500.14 time, 500.22 real, 800 MB
[runlim] sample:		510.15 time, 510.22 real, 800 MB
[runlim] sample:		520.14 time, 520.22 real, 800 MB
[runlim] sample:		530.14 time, 530.22 real, 800 MB
[runlim] sample:		540.14 time, 540.22 real, 800 MB
[runlim] sample:		550.15 time, 550.22 real, 800 MB
[runlim] sample:		560.14 time, 560.22 real, 800 MB
[runlim] sample:		570.14 time, 570.22 real, 800 MB
[runlim] sample:		580.14 time, 580.22 real, 800 MB
[runlim] sample:		590.14 time, 590.22 real, 800 MB
[runlim] sample:		600.14 time, 600.22 real, 800 MB
[runlim] sample:		610.14 time, 610.22 real, 800 MB
[runlim] sample:		620.15 time, 620.22 real, 800 MB
[runlim] sample:		630.14 time, 630.22 real, 800 MB
[runlim] sample:		640.13 time, 640.22 real, 800 MB
[runlim] sample:		650.14 time, 650.22 real, 800 MB
[runlim] sample:		660.15 time, 660.22 real, 800 MB
[runlim] sample:		670.14 time, 670.22 real, 800 MB
[runlim] sample:		680.14 time, 680.22 real, 800 MB
[runlim] sample:		690.14 time, 690.22 real, 800 MB
[runlim] sample:		700.14 time, 700.22 real, 800 MB
[runlim] sample:		710.14 time, 710.22 real, 800 MB
[runlim] sample:		720.14 time, 720.22 real, 800 MB
[runlim] sample:		730.14 time, 730.22 real, 800 MB
[runlim] sample:		740.14 time, 740.22 real, 800 MB
[runlim] sample:		750.14 time, 750.22 real, 800 MB
[runlim] sample:		760.14 time, 760.22 real, 800 MB
[runlim] sample:		770.14 time, 770.22 real, 800 MB
[runlim] sample:		780.13 time, 780.22 real, 800 MB
[runlim] sample:		790.14 time, 790.22 real, 800 MB
[runlim] sample:		800.14 time, 800.22 real, 800 MB
[runlim] sample:		810.13 time, 810.22 real, 800 MB
[runlim] sample:		820.14 time, 820.22 real, 800 MB
[runlim] sample:		830.14 time, 830.22 real, 800 MB
[runlim] sample:		840.13 time, 840.22 real, 800 MB
[runlim] sample:		850.13 time, 850.22 real, 800 MB
[runlim] sample:		860.13 time, 860.22 real, 800 MB
[runlim] sample:		870.14 time, 870.22 real, 800 MB
[runlim] sample:		880.14 time, 880.22 real, 800 MB
[runlim] sample:		890.13 time, 890.22 real, 800 MB
[runlim] sample:		900.13 time, 900.22 real, 800 MB
[runlim] sample:		910.14 time, 910.22 real, 800 MB
[runlim] sample:		920.14 time, 920.22 real, 800 MB
[runlim] sample:		930.13 time, 930.22 real, 800 MB
[runlim] sample:		940.13 time, 940.22 real, 800 MB
[runlim] sample:		950.13 time, 950.22 real, 800 MB
[runlim] sample:		960.13 time, 960.22 real, 800 MB
[runlim] sample:		970.13 time, 970.22 real, 800 MB
[runlim] sample:		980.13 time, 980.22 real, 800 MB
[runlim] sample:		990.13 time, 990.22 real, 800 MB
[runlim] sample:		1000.13 time, 1000.22 real, 800 MB
[runlim] sample:		1010.13 time, 1010.22 real, 800 MB
[runlim] sample:		1020.14 time, 1020.22 real, 800 MB
[runlim] sample:		1030.14 time, 1030.22 real, 800 MB
[runlim] sample:		1040.14 time, 1040.22 real, 800 MB
[runlim] sample:		1050.14 time, 1050.22 real, 800 MB
[runlim] sample:		1060.13 time, 1060.22 real, 800 MB
[runlim] sample:		1070.14 time, 1070.22 real, 800 MB
[runlim] sample:		1080.13 time, 1080.22 real, 800 MB
[runlim] sample:		1090.13 time, 1090.22 real, 800 MB
[runlim] sample:		1100.14 time, 1100.22 real, 800 MB
[runlim] sample:		1110.13 time, 1110.22 real, 800 MB
[runlim] sample:		1120.14 time, 1120.22 real, 800 MB
[runlim] sample:		1130.13 time, 1130.22 real, 800 MB
[runlim] sample:		1140.13 time, 1140.22 real, 800 MB
[runlim] sample:		1150.14 time, 1150.22 real, 800 MB
[runlim] sample:		1160.13 time, 1160.22 real, 800 MB
[runlim] sample:		1170.13 time, 1170.22 real, 800 MB
[runlim] sample:		1180.14 time, 1180.22 real, 800 MB
[runlim] sample:		1190.13 time, 1190.22 real, 800 MB
[runlim] sample:		1200.13 time, 1200.22 real, 800 MB
[runlim] sample:		1210.14 time, 1210.22 real, 800 MB
[runlim] sample:		1220.14 time, 1220.22 real, 800 MB
[runlim] sample:		1230.14 time, 1230.22 real, 800 MB
[runlim] sample:		1240.13 time, 1240.22 real, 800 MB
[runlim] sample:		1250.14 time, 1250.22 real, 800 MB
[runlim] sample:		1260.13 time, 1260.22 real, 800 MB
[runlim] sample:		1270.14 time, 1270.22 real, 800 MB
[runlim] sample:		1280.14 time, 1280.22 real, 800 MB
[runlim] sample:		1290.14 time, 1290.22 real, 800 MB
[runlim] sample:		1300.14 time, 1300.22 real, 800 MB
[runlim] sample:		1310.14 time, 1310.22 real, 800 MB
[runlim] sample:		1320.14 time, 1320.22 real, 800 MB
[runlim] sample:		1330.13 time, 1330.22 real, 800 MB
[runlim] sample:		1340.14 time, 1340.22 real, 800 MB
[runlim] sample:		1350.14 time, 1350.22 real, 800 MB
[runlim] sample:		1360.14 time, 1360.22 real, 800 MB
[runlim] sample:		1370.14 time, 1370.22 real, 800 MB
[runlim] sample:		1380.14 time, 1380.22 real, 800 MB
[runlim] sample:		1390.14 time, 1390.22 real, 800 MB
[runlim] sample:		1400.14 time, 1400.22 real, 800 MB
[runlim] sample:		1410.13 time, 1410.22 real, 800 MB
[runlim] sample:		1420.13 time, 1420.22 real, 800 MB
[runlim] sample:		1430.14 time, 1430.22 real, 800 MB
[runlim] sample:		1440.14 time, 1440.22 real, 800 MB
[runlim] sample:		1450.14 time, 1450.22 real, 800 MB
[runlim] sample:		1460.14 time, 1460.22 real, 800 MB
[runlim] sample:		1470.14 time, 1470.22 real, 800 MB
[runlim] sample:		1480.14 time, 1480.22 real, 800 MB
[runlim] sample:		1490.13 time, 1490.22 real, 800 MB
[runlim] sample:		1500.13 time, 1500.22 real, 800 MB
[runlim] sample:		1510.14 time, 1510.22 real, 800 MB
[runlim] sample:		1520.14 time, 1520.22 real, 800 MB
[runlim] sample:		1530.14 time, 1530.22 real, 800 MB
[runlim] sample:		1540.14 time, 1540.22 real, 800 MB
[runlim] sample:		1550.14 time, 1550.22 real, 800 MB
[runlim] sample:		1560.14 time, 1560.22 real, 800 MB
[runlim] sample:		1570.14 time, 1570.22 real, 800 MB
[runlim] sample:		1580.14 time, 1580.22 real, 800 MB
[runlim] sample:		1590.14 time, 1590.22 real, 800 MB
[runlim] sample:		1600.14 time, 1600.22 real, 800 MB
[runlim] sample:		1610.14 time, 1610.22 real, 800 MB
[runlim] sample:		1620.14 time, 1620.22 real, 800 MB
[runlim] sample:		1630.14 time, 1630.22 real, 800 MB
[runlim] sample:		1640.14 time, 1640.22 real, 800 MB
[runlim] sample:		1650.14 time, 1650.22 real, 800 MB
[runlim] sample:		1660.14 time, 1660.22 real, 800 MB
[runlim] sample:		1670.14 time, 1670.22 real, 800 MB
[runlim] sample:		1680.14 time, 1680.22 real, 800 MB
[runlim] sample:		1690.14 time, 1690.22 real, 800 MB
[runlim] sample:		1700.14 time, 1700.22 real, 800 MB
[runlim] sample:		1710.14 time, 1710.22 real, 800 MB
[runlim] sample:		1720.14 time, 1720.22 real, 800 MB
[runlim] sample:		1730.14 time, 1730.22 real, 800 MB
[runlim] sample:		1740.14 time, 1740.22 real, 800 MB
[runlim] sample:		1750.14 time, 1750.22 real, 800 MB
[runlim] sample:		1760.14 time, 1760.22 real, 800 MB
[runlim] sample:		1770.14 time, 1770.22 real, 800 MB
[runlim] sample:		1780.15 time, 1780.22 real, 800 MB
[runlim] sample:		1790.14 time, 1790.22 real, 800 MB
[runlim] sample:		1800.14 time, 1800.22 real, 800 MB
[runlim] sample:		1810.14 time, 1810.22 real, 800 MB
[runlim] sample:		1820.14 time, 1820.22 real, 800 MB
[runlim] sample:		1830.14 time, 1830.22 real, 800 MB
[runlim] sample:		1840.15 time, 1840.22 real, 800 MB
[runlim] sample:		1850.14 time, 1850.22 real, 800 MB
[runlim] sample:		1860.14 time, 1860.22 real, 800 MB
[runlim] sample:		1870.15 time, 1870.22 real, 800 MB
[runlim] sample:		1880.14 time, 1880.22 real, 800 MB
[runlim] sample:		1890.14 time, 1890.22 real, 800 MB
[runlim] sample:		1900.14 time, 1900.22 real, 800 MB
[runlim] sample:		1910.15 time, 1910.22 real, 800 MB
[runlim] sample:		1920.14 time, 1920.22 real, 800 MB
[runlim] sample:		1930.14 time, 1930.22 real, 800 MB
[runlim] sample:		1940.14 time, 1940.22 real, 800 MB
[runlim] sample:		1950.14 time, 1950.22 real, 800 MB
[runlim] sample:		1960.14 time, 1960.22 real, 800 MB
[runlim] sample:		1970.14 time, 1970.22 real, 800 MB
[runlim] sample:		1980.14 time, 1980.22 real, 800 MB
[runlim] sample:		1990.15 time, 1990.22 real, 800 MB
[runlim] sample:		2000.14 time, 2000.22 real, 800 MB
[runlim] sample:		2010.14 time, 2010.22 real, 800 MB
[runlim] sample:		2020.14 time, 2020.22 real, 800 MB
[runlim] sample:		2030.14 time, 2030.22 real, 800 MB
[runlim] sample:		2040.14 time, 2040.22 real, 800 MB
[runlim] sample:		2050.14 time, 2050.22 real, 800 MB
[runlim] sample:		2060.15 time, 2060.22 real, 800 MB
[runlim] sample:		2070.15 time, 2070.22 real, 800 MB
[runlim] sample:		2080.15 time, 2080.22 real, 800 MB
[runlim] sample:		2090.14 time, 2090.22 real, 800 MB
[runlim] sample:		2100.15 time, 2100.22 real, 800 MB
[runlim] sample:		2110.14 time, 2110.22 real, 800 MB
[runlim] sample:		2120.15 time, 2120.22 real, 800 MB
[runlim] sample:		2130.15 time, 2130.22 real, 800 MB
[runlim] sample:		2140.15 time, 2140.22 real, 800 MB
[runlim] sample:		2150.15 time, 2150.22 real, 800 MB
[runlim] sample:		2160.14 time, 2160.22 real, 800 MB
[runlim] sample:		2170.14 time, 2170.22 real, 800 MB
[runlim] sample:		2180.15 time, 2180.22 real, 800 MB
[runlim] sample:		2190.15 time, 2190.22 real, 800 MB
[runlim] sample:		2200.15 time, 2200.22 real, 800 MB
[runlim] sample:		2210.15 time, 2210.22 real, 800 MB
[runlim] sample:		2220.15 time, 2220.22 real, 800 MB
[runlim] sample:		2230.14 time, 2230.22 real, 800 MB
[runlim] sample:		2240.15 time, 2240.22 real, 800 MB
[runlim] sample:		2250.15 time, 2250.22 real, 800 MB
[runlim] sample:		2260.15 time, 2260.22 real, 800 MB
[runlim] sample:		2270.14 time, 2270.22 real, 800 MB
[runlim] sample:		2280.14 time, 2280.22 real, 800 MB
[runlim] sample:		2290.15 time, 2290.22 real, 800 MB
[runlim] sample:		2300.14 time, 2300.22 real, 800 MB
[runlim] sample:		2310.14 time, 2310.22 real, 800 MB
[runlim] sample:		2320.14 time, 2320.22 real, 800 MB
[runlim] sample:		2330.15 time, 2330.22 real, 800 MB
[runlim] sample:		2340.15 time, 2340.22 real, 800 MB
[runlim] sample:		2350.14 time, 2350.22 real, 800 MB
[runlim] sample:		2360.14 time, 2360.22 real, 800 MB
[runlim] sample:		2370.14 time, 2370.22 real, 800 MB
[runlim] sample:		2380.15 time, 2380.22 real, 800 MB
[runlim] sample:		2390.14 time, 2390.22 real, 800 MB
[runlim] sample:		2400.15 time, 2400.22 real, 800 MB
[runlim] sample:		2410.15 time, 2410.22 real, 800 MB
[runlim] sample:		2420.15 time, 2420.22 real, 800 MB
[runlim] sample:		2430.15 time, 2430.22 real, 800 MB
[runlim] sample:		2440.15 time, 2440.22 real, 800 MB
[runlim] sample:		2450.15 time, 2450.22 real, 800 MB
[runlim] sample:		2460.15 time, 2460.22 real, 800 MB
[runlim] sample:		2470.14 time, 2470.22 real, 800 MB
[runlim] sample:		2480.15 time, 2480.22 real, 800 MB
[runlim] sample:		2490.15 time, 2490.22 real, 800 MB
[runlim] sample:		2500.15 time, 2500.22 real, 800 MB
[runlim] sample:		2510.15 time, 2510.22 real, 800 MB
[runlim] sample:		2520.15 time, 2520.22 real, 800 MB
[runlim] sample:		2530.15 time, 2530.22 real, 800 MB
[runlim] sample:		2540.15 time, 2540.22 real, 800 MB
[runlim] sample:		2550.15 time, 2550.22 real, 800 MB
[runlim] sample:		2560.15 time, 2560.22 real, 800 MB
[runlim] sample:		2570.15 time, 2570.22 real, 800 MB
[runlim] sample:		2580.15 time, 2580.22 real, 800 MB
[runlim] sample:		2590.14 time, 2590.22 real, 800 MB
[runlim] sample:		2600.15 time, 2600.22 real, 800 MB
[runlim] sample:		2610.15 time, 2610.22 real, 800 MB
[runlim] sample:		2620.15 time, 2620.22 real, 800 MB
[runlim] sample:		2630.15 time, 2630.22 real, 800 MB
[runlim] sample:		2640.15 time, 2640.22 real, 800 MB
[runlim] sample:		2650.15 time, 2650.22 real, 800 MB
[runlim] sample:		2660.15 time, 2660.22 real, 800 MB
[runlim] sample:		2670.15 time, 2670.22 real, 800 MB
[runlim] sample:		2680.15 time, 2680.22 real, 800 MB
[runlim] sample:		2690.15 time, 2690.22 real, 800 MB


 SIG RECEIVED

[runlim] end:			Sat Feb 29 06:53:39 2020
[runlim] status:		out of time
[runlim] result:		2
[runlim] children:		1
[runlim] real:			2700.11 seconds
[runlim] time:			2699.95 seconds
[runlim] space:			859 MB
[runlim] samples:		26998
