[runlim] version:		1.18
[runlim] host:			c3n07
[runlim] time limit:		2700 seconds
[runlim] real time limit:	2700 seconds
[runlim] space limit:		7000 MB
[runlim] argv[0]:		./binary
[runlim] argv[1]:		/data/cnf/ankit/E1-A1-Red/driverlog08_7.qdimacs
[runlim] start:			Sat Feb 29 06:08:38 2020
[runlim] child:			19771
[runlim] sample:		9.99 time, 10.02 real, 39 MB
[runlim] sample:		19.99 time, 20.02 real, 46 MB
[runlim] sample:		29.99 time, 30.02 real, 46 MB
[runlim] end:			Sat Feb 29 06:09:11 2020
[runlim] status:		ok
[runlim] result:		0
[runlim] children:		1
[runlim] real:			32.81 seconds
[runlim] time:			32.69 seconds
[runlim] space:			50 MB
[runlim] samples:		327
