[runlim] version:		1.18
[runlim] host:			c3n08
[runlim] time limit:		2700 seconds
[runlim] real time limit:	2700 seconds
[runlim] space limit:		7000 MB
[runlim] argv[0]:		./binary
[runlim] argv[1]:		/data/cnf/ankit/E1-A1-Red/driverlog11_9.qdimacs
[runlim] start:			Sat Feb 29 06:08:38 2020
[runlim] child:			23269
[runlim] sample:		9.99 time, 10.02 real, 83 MB
[runlim] sample:		19.99 time, 20.02 real, 83 MB
[runlim] sample:		29.99 time, 30.02 real, 83 MB
[runlim] sample:		39.99 time, 40.02 real, 83 MB
[runlim] sample:		49.99 time, 50.02 real, 83 MB
[runlim] sample:		59.99 time, 60.02 real, 83 MB
[runlim] sample:		69.99 time, 70.02 real, 83 MB
[runlim] sample:		79.99 time, 80.02 real, 83 MB
[runlim] sample:		90.19 time, 90.22 real, 83 MB
[runlim] sample:		100.19 time, 100.22 real, 83 MB
[runlim] sample:		110.19 time, 110.22 real, 86 MB
[runlim] sample:		120.19 time, 120.22 real, 87 MB
[runlim] sample:		130.19 time, 130.22 real, 88 MB
[runlim] sample:		140.19 time, 140.22 real, 89 MB
[runlim] sample:		150.19 time, 150.22 real, 89 MB
[runlim] sample:		160.19 time, 160.22 real, 89 MB
[runlim] sample:		170.19 time, 170.22 real, 90 MB
[runlim] sample:		180.19 time, 180.22 real, 92 MB
[runlim] sample:		190.19 time, 190.22 real, 92 MB
[runlim] sample:		200.18 time, 200.22 real, 93 MB
[runlim] sample:		210.19 time, 210.22 real, 93 MB
[runlim] sample:		220.19 time, 220.22 real, 93 MB
[runlim] sample:		230.19 time, 230.22 real, 94 MB
[runlim] sample:		240.19 time, 240.22 real, 95 MB
[runlim] sample:		250.19 time, 250.22 real, 95 MB
[runlim] sample:		260.19 time, 260.22 real, 95 MB
[runlim] sample:		270.18 time, 270.22 real, 95 MB
[runlim] sample:		280.19 time, 280.22 real, 95 MB
[runlim] sample:		290.19 time, 290.22 real, 95 MB
[runlim] sample:		300.19 time, 300.22 real, 95 MB
[runlim] sample:		310.19 time, 310.22 real, 95 MB
[runlim] sample:		320.19 time, 320.22 real, 95 MB
[runlim] sample:		330.19 time, 330.22 real, 95 MB
[runlim] sample:		340.19 time, 340.22 real, 95 MB
[runlim] sample:		350.18 time, 350.22 real, 95 MB
[runlim] sample:		360.19 time, 360.22 real, 95 MB
[runlim] sample:		370.19 time, 370.22 real, 96 MB
[runlim] sample:		380.18 time, 380.22 real, 97 MB
[runlim] sample:		390.18 time, 390.22 real, 97 MB
[runlim] sample:		400.19 time, 400.22 real, 98 MB
[runlim] sample:		410.19 time, 410.22 real, 98 MB
[runlim] sample:		420.18 time, 420.22 real, 98 MB
[runlim] sample:		430.19 time, 430.22 real, 98 MB
[runlim] sample:		440.19 time, 440.22 real, 98 MB
[runlim] sample:		450.19 time, 450.22 real, 99 MB
[runlim] sample:		460.19 time, 460.22 real, 99 MB
[runlim] sample:		470.18 time, 470.22 real, 99 MB
[runlim] sample:		480.19 time, 480.22 real, 100 MB
[runlim] sample:		490.19 time, 490.22 real, 100 MB
[runlim] sample:		500.19 time, 500.22 real, 100 MB
[runlim] sample:		510.18 time, 510.22 real, 100 MB
[runlim] sample:		520.19 time, 520.22 real, 100 MB
[runlim] sample:		530.19 time, 530.22 real, 100 MB
[runlim] sample:		540.19 time, 540.22 real, 100 MB
[runlim] sample:		550.19 time, 550.22 real, 100 MB
[runlim] sample:		560.19 time, 560.22 real, 100 MB
[runlim] sample:		570.19 time, 570.22 real, 100 MB
[runlim] sample:		580.19 time, 580.22 real, 100 MB
[runlim] sample:		590.19 time, 590.22 real, 100 MB
[runlim] sample:		600.19 time, 600.22 real, 101 MB
[runlim] sample:		610.19 time, 610.22 real, 101 MB
[runlim] sample:		620.19 time, 620.22 real, 101 MB
[runlim] sample:		630.19 time, 630.22 real, 101 MB
[runlim] sample:		640.19 time, 640.22 real, 101 MB
[runlim] sample:		650.19 time, 650.22 real, 102 MB
[runlim] sample:		660.19 time, 660.22 real, 102 MB
[runlim] sample:		670.18 time, 670.22 real, 102 MB
[runlim] sample:		680.19 time, 680.22 real, 102 MB
[runlim] sample:		690.19 time, 690.22 real, 102 MB
[runlim] sample:		700.19 time, 700.22 real, 102 MB
[runlim] sample:		710.19 time, 710.22 real, 102 MB
[runlim] sample:		720.19 time, 720.22 real, 103 MB
[runlim] sample:		730.19 time, 730.22 real, 103 MB
[runlim] sample:		740.18 time, 740.22 real, 103 MB
[runlim] sample:		750.19 time, 750.22 real, 103 MB
[runlim] sample:		760.19 time, 760.22 real, 103 MB
[runlim] sample:		770.19 time, 770.22 real, 103 MB
[runlim] sample:		780.19 time, 780.22 real, 103 MB
[runlim] sample:		790.19 time, 790.22 real, 103 MB
[runlim] sample:		800.19 time, 800.22 real, 103 MB
[runlim] sample:		810.19 time, 810.22 real, 104 MB
[runlim] sample:		820.19 time, 820.22 real, 105 MB
[runlim] sample:		830.19 time, 830.22 real, 105 MB
[runlim] sample:		840.19 time, 840.22 real, 105 MB
[runlim] sample:		850.19 time, 850.22 real, 105 MB
[runlim] sample:		860.19 time, 860.22 real, 105 MB
[runlim] sample:		870.19 time, 870.22 real, 105 MB
[runlim] sample:		880.19 time, 880.22 real, 106 MB
[runlim] sample:		890.19 time, 890.22 real, 109 MB
[runlim] sample:		900.19 time, 900.22 real, 111 MB
[runlim] sample:		910.19 time, 910.22 real, 111 MB
[runlim] sample:		920.19 time, 920.22 real, 112 MB
[runlim] sample:		930.19 time, 930.22 real, 112 MB
[runlim] sample:		940.19 time, 940.22 real, 114 MB
[runlim] sample:		950.18 time, 950.22 real, 116 MB
[runlim] sample:		960.19 time, 960.22 real, 116 MB
[runlim] sample:		970.19 time, 970.22 real, 116 MB
[runlim] sample:		980.19 time, 980.22 real, 116 MB
[runlim] sample:		990.19 time, 990.22 real, 116 MB
[runlim] sample:		1000.19 time, 1000.22 real, 118 MB
[runlim] sample:		1010.19 time, 1010.22 real, 118 MB
[runlim] sample:		1020.18 time, 1020.22 real, 118 MB
[runlim] sample:		1030.19 time, 1030.22 real, 118 MB
[runlim] sample:		1040.19 time, 1040.22 real, 118 MB
[runlim] sample:		1050.19 time, 1050.22 real, 118 MB
[runlim] sample:		1060.18 time, 1060.22 real, 118 MB
[runlim] sample:		1070.19 time, 1070.22 real, 118 MB
[runlim] sample:		1080.19 time, 1080.22 real, 118 MB
[runlim] sample:		1090.19 time, 1090.22 real, 118 MB
[runlim] sample:		1100.19 time, 1100.22 real, 118 MB
[runlim] sample:		1110.19 time, 1110.22 real, 118 MB
[runlim] sample:		1120.18 time, 1120.22 real, 118 MB
[runlim] sample:		1130.19 time, 1130.22 real, 118 MB
[runlim] sample:		1140.19 time, 1140.22 real, 118 MB
[runlim] sample:		1150.18 time, 1150.22 real, 118 MB
[runlim] sample:		1160.18 time, 1160.22 real, 118 MB
[runlim] sample:		1170.19 time, 1170.22 real, 118 MB
[runlim] sample:		1180.19 time, 1180.22 real, 118 MB
[runlim] sample:		1190.18 time, 1190.22 real, 118 MB
[runlim] sample:		1200.18 time, 1200.22 real, 118 MB
[runlim] sample:		1210.19 time, 1210.22 real, 119 MB
[runlim] sample:		1220.19 time, 1220.22 real, 123 MB
[runlim] sample:		1230.19 time, 1230.22 real, 126 MB
[runlim] sample:		1240.18 time, 1240.22 real, 130 MB
[runlim] sample:		1250.19 time, 1250.22 real, 130 MB
[runlim] sample:		1260.19 time, 1260.22 real, 130 MB
[runlim] sample:		1270.19 time, 1270.22 real, 130 MB
[runlim] sample:		1280.18 time, 1280.22 real, 130 MB
[runlim] sample:		1290.19 time, 1290.22 real, 130 MB
[runlim] sample:		1300.19 time, 1300.22 real, 130 MB
[runlim] sample:		1310.19 time, 1310.22 real, 131 MB
[runlim] sample:		1320.19 time, 1320.22 real, 131 MB
[runlim] sample:		1330.19 time, 1330.22 real, 131 MB
[runlim] sample:		1340.19 time, 1340.22 real, 131 MB
[runlim] sample:		1350.19 time, 1350.22 real, 131 MB
[runlim] sample:		1360.19 time, 1360.22 real, 131 MB
[runlim] sample:		1370.19 time, 1370.22 real, 131 MB
[runlim] sample:		1380.18 time, 1380.22 real, 134 MB
[runlim] sample:		1390.19 time, 1390.22 real, 135 MB
[runlim] sample:		1400.19 time, 1400.22 real, 138 MB
[runlim] sample:		1410.19 time, 1410.22 real, 139 MB
[runlim] sample:		1420.19 time, 1420.22 real, 139 MB
[runlim] sample:		1430.18 time, 1430.22 real, 139 MB
[runlim] sample:		1440.19 time, 1440.22 real, 139 MB
[runlim] sample:		1450.18 time, 1450.22 real, 139 MB
[runlim] sample:		1460.19 time, 1460.22 real, 139 MB
[runlim] sample:		1470.19 time, 1470.22 real, 139 MB
[runlim] sample:		1480.19 time, 1480.22 real, 140 MB
[runlim] sample:		1490.18 time, 1490.22 real, 141 MB
[runlim] sample:		1500.19 time, 1500.22 real, 141 MB
[runlim] sample:		1510.19 time, 1510.22 real, 142 MB
[runlim] sample:		1520.18 time, 1520.22 real, 144 MB
[runlim] sample:		1530.19 time, 1530.22 real, 144 MB
[runlim] sample:		1540.19 time, 1540.22 real, 144 MB
[runlim] sample:		1550.19 time, 1550.22 real, 144 MB
[runlim] sample:		1560.19 time, 1560.22 real, 144 MB
[runlim] sample:		1570.19 time, 1570.22 real, 144 MB
[runlim] sample:		1580.19 time, 1580.22 real, 144 MB
[runlim] sample:		1590.19 time, 1590.22 real, 144 MB
[runlim] sample:		1600.20 time, 1600.22 real, 144 MB
[runlim] sample:		1610.19 time, 1610.22 real, 144 MB
[runlim] sample:		1620.19 time, 1620.22 real, 144 MB
[runlim] sample:		1630.19 time, 1630.22 real, 144 MB
[runlim] sample:		1640.19 time, 1640.22 real, 146 MB
[runlim] sample:		1650.19 time, 1650.22 real, 146 MB
[runlim] sample:		1660.19 time, 1660.22 real, 149 MB
[runlim] sample:		1670.19 time, 1670.22 real, 149 MB
[runlim] sample:		1680.19 time, 1680.22 real, 149 MB
[runlim] sample:		1690.19 time, 1690.22 real, 149 MB
[runlim] sample:		1700.19 time, 1700.22 real, 152 MB
[runlim] sample:		1710.19 time, 1710.22 real, 152 MB
[runlim] sample:		1720.19 time, 1720.22 real, 152 MB
[runlim] sample:		1730.19 time, 1730.22 real, 152 MB
[runlim] sample:		1740.19 time, 1740.22 real, 152 MB
[runlim] sample:		1750.19 time, 1750.22 real, 152 MB
[runlim] sample:		1760.19 time, 1760.22 real, 152 MB
[runlim] sample:		1770.19 time, 1770.22 real, 152 MB
[runlim] sample:		1780.19 time, 1780.22 real, 152 MB
[runlim] sample:		1790.19 time, 1790.22 real, 152 MB
[runlim] sample:		1800.19 time, 1800.22 real, 152 MB
[runlim] sample:		1810.19 time, 1810.22 real, 152 MB
[runlim] sample:		1820.19 time, 1820.22 real, 152 MB
[runlim] sample:		1830.19 time, 1830.22 real, 152 MB
[runlim] sample:		1840.19 time, 1840.22 real, 152 MB
[runlim] sample:		1850.19 time, 1850.22 real, 152 MB
[runlim] sample:		1860.19 time, 1860.22 real, 152 MB
[runlim] sample:		1870.19 time, 1870.22 real, 152 MB
[runlim] sample:		1880.19 time, 1880.22 real, 152 MB
[runlim] sample:		1890.19 time, 1890.22 real, 152 MB
[runlim] sample:		1900.19 time, 1900.22 real, 152 MB
[runlim] sample:		1910.19 time, 1910.22 real, 152 MB
[runlim] sample:		1920.19 time, 1920.22 real, 152 MB
[runlim] sample:		1930.19 time, 1930.22 real, 152 MB
[runlim] sample:		1940.19 time, 1940.22 real, 152 MB
[runlim] sample:		1950.19 time, 1950.22 real, 152 MB
[runlim] sample:		1960.19 time, 1960.22 real, 152 MB
[runlim] sample:		1970.19 time, 1970.22 real, 152 MB
[runlim] sample:		1980.19 time, 1980.22 real, 152 MB
[runlim] sample:		1990.19 time, 1990.22 real, 152 MB
[runlim] sample:		2000.19 time, 2000.22 real, 152 MB
[runlim] sample:		2010.19 time, 2010.22 real, 152 MB
[runlim] sample:		2020.18 time, 2020.22 real, 152 MB
[runlim] sample:		2030.18 time, 2030.22 real, 152 MB
[runlim] sample:		2040.19 time, 2040.22 real, 152 MB
[runlim] sample:		2050.18 time, 2050.22 real, 152 MB
[runlim] sample:		2060.19 time, 2060.22 real, 152 MB
[runlim] sample:		2070.19 time, 2070.22 real, 153 MB
[runlim] sample:		2080.19 time, 2080.22 real, 154 MB
[runlim] sample:		2090.19 time, 2090.22 real, 155 MB
[runlim] sample:		2100.19 time, 2100.22 real, 155 MB
[runlim] sample:		2110.19 time, 2110.22 real, 157 MB
[runlim] sample:		2120.19 time, 2120.22 real, 158 MB
[runlim] sample:		2130.19 time, 2130.22 real, 159 MB
[runlim] sample:		2140.19 time, 2140.22 real, 159 MB
[runlim] sample:		2150.19 time, 2150.22 real, 160 MB
[runlim] sample:		2160.19 time, 2160.22 real, 160 MB
[runlim] sample:		2170.19 time, 2170.22 real, 160 MB
[runlim] sample:		2180.19 time, 2180.22 real, 160 MB
[runlim] sample:		2190.19 time, 2190.22 real, 160 MB
[runlim] sample:		2200.19 time, 2200.22 real, 160 MB
[runlim] sample:		2210.19 time, 2210.22 real, 160 MB
[runlim] sample:		2220.19 time, 2220.22 real, 160 MB
[runlim] sample:		2230.19 time, 2230.22 real, 163 MB
[runlim] sample:		2240.19 time, 2240.22 real, 165 MB
[runlim] sample:		2250.19 time, 2250.22 real, 165 MB
[runlim] sample:		2260.19 time, 2260.22 real, 165 MB
[runlim] sample:		2270.19 time, 2270.22 real, 165 MB
[runlim] sample:		2280.19 time, 2280.22 real, 166 MB
[runlim] sample:		2290.19 time, 2290.22 real, 166 MB
[runlim] sample:		2300.19 time, 2300.22 real, 167 MB
[runlim] sample:		2310.19 time, 2310.22 real, 169 MB
[runlim] sample:		2320.19 time, 2320.22 real, 169 MB
[runlim] sample:		2330.19 time, 2330.22 real, 169 MB
[runlim] sample:		2340.19 time, 2340.22 real, 169 MB
[runlim] sample:		2350.19 time, 2350.22 real, 169 MB
[runlim] sample:		2360.19 time, 2360.22 real, 169 MB
[runlim] sample:		2370.19 time, 2370.22 real, 170 MB
[runlim] sample:		2380.19 time, 2380.22 real, 170 MB
[runlim] sample:		2390.19 time, 2390.22 real, 170 MB
[runlim] sample:		2400.19 time, 2400.22 real, 170 MB
[runlim] sample:		2410.19 time, 2410.22 real, 170 MB
[runlim] sample:		2420.19 time, 2420.22 real, 170 MB
[runlim] sample:		2430.19 time, 2430.22 real, 170 MB
[runlim] sample:		2440.19 time, 2440.22 real, 170 MB
[runlim] sample:		2450.19 time, 2450.22 real, 170 MB
[runlim] sample:		2460.19 time, 2460.22 real, 170 MB
[runlim] sample:		2470.20 time, 2470.22 real, 170 MB
[runlim] sample:		2480.19 time, 2480.22 real, 170 MB
[runlim] sample:		2490.19 time, 2490.22 real, 170 MB
[runlim] sample:		2500.20 time, 2500.22 real, 170 MB
[runlim] sample:		2510.19 time, 2510.22 real, 170 MB
[runlim] sample:		2520.20 time, 2520.22 real, 170 MB
[runlim] sample:		2530.19 time, 2530.22 real, 170 MB
[runlim] sample:		2540.19 time, 2540.22 real, 170 MB
[runlim] sample:		2550.19 time, 2550.22 real, 170 MB
[runlim] sample:		2560.20 time, 2560.22 real, 170 MB
[runlim] sample:		2570.20 time, 2570.22 real, 170 MB
[runlim] sample:		2580.19 time, 2580.22 real, 170 MB
[runlim] sample:		2590.20 time, 2590.22 real, 170 MB
[runlim] sample:		2600.19 time, 2600.22 real, 170 MB
[runlim] sample:		2610.19 time, 2610.22 real, 171 MB
[runlim] sample:		2620.20 time, 2620.22 real, 171 MB
[runlim] sample:		2630.19 time, 2630.22 real, 171 MB
[runlim] sample:		2640.19 time, 2640.22 real, 171 MB
[runlim] sample:		2650.20 time, 2650.22 real, 171 MB
[runlim] sample:		2660.19 time, 2660.22 real, 171 MB
[runlim] sample:		2670.19 time, 2670.22 real, 171 MB
[runlim] sample:		2680.19 time, 2680.22 real, 171 MB
[runlim] sample:		2690.19 time, 2690.22 real, 171 MB


 SIG RECEIVED

[runlim] end:			Sat Feb 29 06:53:38 2020
[runlim] status:		out of time
[runlim] result:		2
[runlim] children:		1
[runlim] real:			2700.13 seconds
[runlim] time:			2700.00 seconds
[runlim] space:			172 MB
[runlim] samples:		26998
