[runlim] version:		1.18
[runlim] host:			c3n08
[runlim] time limit:		2700 seconds
[runlim] real time limit:	2700 seconds
[runlim] space limit:		7000 MB
[runlim] argv[0]:		./binary
[runlim] argv[1]:		/data/cnf/ankit/E1-A1-Red/dungeon_i25-m12-u5-v0.pddl_planlen=143.dqbf
[runlim] start:			Sat Feb 29 06:08:39 2020
[runlim] child:			23380
[runlim] sample:		9.96 time, 10.02 real, 429 MB
[runlim] sample:		19.96 time, 20.02 real, 432 MB
[runlim] sample:		29.96 time, 30.02 real, 435 MB
[runlim] sample:		39.96 time, 40.02 real, 437 MB
[runlim] sample:		49.95 time, 50.02 real, 444 MB
[runlim] sample:		59.95 time, 60.02 real, 453 MB
[runlim] sample:		69.96 time, 70.02 real, 468 MB
[runlim] sample:		79.95 time, 80.02 real, 501 MB
[runlim] sample:		90.26 time, 90.32 real, 532 MB
[runlim] sample:		100.23 time, 100.32 real, 534 MB
[runlim] sample:		110.20 time, 110.32 real, 554 MB
[runlim] sample:		120.19 time, 120.32 real, 567 MB
[runlim] sample:		130.19 time, 130.32 real, 567 MB
[runlim] sample:		140.18 time, 140.32 real, 568 MB
[runlim] sample:		150.19 time, 150.32 real, 570 MB
[runlim] sample:		160.19 time, 160.32 real, 576 MB
[runlim] sample:		170.19 time, 170.32 real, 577 MB
[runlim] sample:		180.19 time, 180.32 real, 577 MB
[runlim] sample:		190.19 time, 190.32 real, 577 MB
[runlim] sample:		200.18 time, 200.32 real, 578 MB
[runlim] sample:		210.18 time, 210.32 real, 582 MB
[runlim] sample:		220.18 time, 220.32 real, 584 MB
[runlim] sample:		230.18 time, 230.32 real, 584 MB
[runlim] sample:		240.18 time, 240.32 real, 585 MB
[runlim] sample:		250.18 time, 250.32 real, 585 MB
[runlim] sample:		260.18 time, 260.32 real, 586 MB
[runlim] sample:		270.18 time, 270.32 real, 587 MB
[runlim] sample:		280.18 time, 280.32 real, 587 MB
[runlim] sample:		290.18 time, 290.32 real, 589 MB
[runlim] sample:		300.18 time, 300.32 real, 589 MB
[runlim] sample:		310.18 time, 310.32 real, 589 MB
[runlim] sample:		320.18 time, 320.32 real, 589 MB
[runlim] sample:		330.18 time, 330.32 real, 589 MB
[runlim] sample:		340.18 time, 340.32 real, 590 MB
[runlim] sample:		350.18 time, 350.32 real, 590 MB
[runlim] sample:		360.18 time, 360.32 real, 590 MB
[runlim] sample:		370.18 time, 370.32 real, 591 MB
[runlim] sample:		380.18 time, 380.32 real, 593 MB
[runlim] sample:		390.18 time, 390.32 real, 614 MB
[runlim] sample:		400.18 time, 400.32 real, 616 MB
[runlim] sample:		410.18 time, 410.32 real, 616 MB
[runlim] sample:		420.18 time, 420.32 real, 616 MB
[runlim] sample:		430.18 time, 430.32 real, 617 MB
[runlim] sample:		440.18 time, 440.32 real, 617 MB
[runlim] sample:		450.18 time, 450.32 real, 617 MB
[runlim] sample:		460.18 time, 460.32 real, 618 MB
[runlim] sample:		470.19 time, 470.32 real, 619 MB
[runlim] sample:		480.19 time, 480.32 real, 621 MB
[runlim] sample:		490.19 time, 490.32 real, 637 MB
[runlim] sample:		500.19 time, 500.32 real, 637 MB
[runlim] sample:		510.19 time, 510.32 real, 637 MB
[runlim] sample:		520.19 time, 520.32 real, 637 MB
[runlim] sample:		530.19 time, 530.32 real, 637 MB
[runlim] sample:		540.19 time, 540.32 real, 637 MB
[runlim] sample:		550.19 time, 550.32 real, 637 MB
[runlim] sample:		560.19 time, 560.32 real, 637 MB
[runlim] sample:		570.19 time, 570.32 real, 637 MB
[runlim] sample:		580.19 time, 580.32 real, 637 MB
[runlim] sample:		590.19 time, 590.32 real, 637 MB
[runlim] sample:		600.19 time, 600.32 real, 637 MB
[runlim] sample:		610.19 time, 610.32 real, 637 MB
[runlim] sample:		620.19 time, 620.32 real, 637 MB
[runlim] sample:		630.19 time, 630.32 real, 637 MB
[runlim] sample:		640.19 time, 640.32 real, 638 MB
[runlim] sample:		650.18 time, 650.32 real, 645 MB
[runlim] sample:		660.18 time, 660.32 real, 645 MB
[runlim] sample:		670.18 time, 670.32 real, 645 MB
[runlim] sample:		680.18 time, 680.32 real, 645 MB
[runlim] sample:		690.19 time, 690.32 real, 653 MB
[runlim] sample:		700.19 time, 700.32 real, 655 MB
[runlim] sample:		710.19 time, 710.32 real, 655 MB
[runlim] sample:		720.19 time, 720.32 real, 659 MB
[runlim] sample:		730.18 time, 730.32 real, 679 MB
[runlim] sample:		740.18 time, 740.32 real, 708 MB
[runlim] sample:		750.18 time, 750.32 real, 711 MB
[runlim] sample:		760.18 time, 760.32 real, 730 MB
[runlim] end:			Sat Feb 29 06:21:27 2020
[runlim] status:		ok
[runlim] result:		0
[runlim] children:		1
[runlim] real:			767.29 seconds
[runlim] time:			767.08 seconds
[runlim] space:			730 MB
[runlim] samples:		7669
