[runlim] version:		1.18
[runlim] host:			c3n08
[runlim] time limit:		2700 seconds
[runlim] real time limit:	2700 seconds
[runlim] space limit:		7000 MB
[runlim] argv[0]:		./binary
[runlim] argv[1]:		/data/cnf/ankit/E1-A1-Red/dungeon_i25-m12-u5-v0.pddl_planlen=198.dqbf
[runlim] start:			Sat Feb 29 06:08:40 2020
[runlim] child:			23390
[runlim] sample:		9.76 time, 10.02 real, 620 MB
[runlim] sample:		19.75 time, 20.02 real, 629 MB
[runlim] sample:		29.75 time, 30.02 real, 636 MB
[runlim] sample:		39.76 time, 40.02 real, 667 MB
[runlim] sample:		49.75 time, 50.02 real, 719 MB
[runlim] sample:		59.75 time, 60.02 real, 746 MB
[runlim] sample:		69.76 time, 70.02 real, 754 MB
[runlim] sample:		79.76 time, 80.02 real, 754 MB
[runlim] sample:		89.95 time, 90.22 real, 754 MB
[runlim] sample:		99.95 time, 100.22 real, 754 MB
[runlim] sample:		109.95 time, 110.22 real, 754 MB
[runlim] sample:		119.95 time, 120.22 real, 756 MB
[runlim] sample:		129.96 time, 130.22 real, 759 MB
[runlim] sample:		139.95 time, 140.22 real, 761 MB
[runlim] sample:		149.92 time, 150.22 real, 784 MB
[runlim] sample:		159.90 time, 160.22 real, 785 MB
[runlim] sample:		169.87 time, 170.22 real, 785 MB
[runlim] sample:		179.85 time, 180.22 real, 785 MB
[runlim] sample:		189.83 time, 190.22 real, 785 MB
[runlim] sample:		199.81 time, 200.22 real, 785 MB
[runlim] sample:		209.79 time, 210.22 real, 785 MB
[runlim] sample:		219.76 time, 220.22 real, 785 MB
[runlim] sample:		229.75 time, 230.22 real, 786 MB
[runlim] sample:		239.72 time, 240.22 real, 790 MB
[runlim] sample:		249.69 time, 250.22 real, 791 MB
[runlim] sample:		259.67 time, 260.22 real, 791 MB
[runlim] sample:		269.65 time, 270.22 real, 791 MB
[runlim] sample:		279.63 time, 280.22 real, 791 MB
[runlim] sample:		289.60 time, 290.22 real, 797 MB
[runlim] sample:		299.58 time, 300.22 real, 802 MB
[runlim] sample:		309.55 time, 310.22 real, 806 MB
[runlim] sample:		319.51 time, 320.22 real, 841 MB
[runlim] sample:		329.51 time, 330.22 real, 842 MB
[runlim] sample:		339.51 time, 340.22 real, 842 MB
[runlim] sample:		349.52 time, 350.22 real, 866 MB
[runlim] sample:		359.51 time, 360.22 real, 869 MB
[runlim] sample:		369.51 time, 370.22 real, 869 MB
[runlim] sample:		379.52 time, 380.22 real, 869 MB
[runlim] sample:		389.51 time, 390.22 real, 869 MB
[runlim] sample:		399.52 time, 400.23 real, 869 MB
[runlim] sample:		409.50 time, 410.22 real, 870 MB
[runlim] sample:		419.47 time, 420.22 real, 870 MB
[runlim] sample:		429.45 time, 430.22 real, 870 MB
[runlim] sample:		439.43 time, 440.22 real, 900 MB
[runlim] sample:		449.40 time, 450.22 real, 920 MB
[runlim] sample:		459.39 time, 460.22 real, 920 MB
[runlim] sample:		469.39 time, 470.22 real, 921 MB
[runlim] sample:		479.39 time, 480.22 real, 921 MB
[runlim] sample:		489.39 time, 490.22 real, 921 MB
[runlim] sample:		499.39 time, 500.22 real, 921 MB
[runlim] sample:		509.39 time, 510.22 real, 921 MB
[runlim] sample:		519.39 time, 520.22 real, 923 MB
[runlim] sample:		529.39 time, 530.22 real, 940 MB
[runlim] sample:		539.39 time, 540.22 real, 950 MB
[runlim] sample:		549.39 time, 550.22 real, 953 MB
[runlim] sample:		559.39 time, 560.22 real, 953 MB
[runlim] sample:		569.39 time, 570.22 real, 953 MB
[runlim] sample:		579.39 time, 580.22 real, 953 MB
[runlim] sample:		589.39 time, 590.22 real, 954 MB
[runlim] sample:		599.39 time, 600.22 real, 954 MB
[runlim] sample:		609.39 time, 610.22 real, 954 MB
[runlim] sample:		619.38 time, 620.22 real, 954 MB
[runlim] sample:		629.39 time, 630.22 real, 954 MB
[runlim] sample:		639.39 time, 640.22 real, 954 MB
[runlim] sample:		649.39 time, 650.22 real, 954 MB
[runlim] sample:		659.39 time, 660.22 real, 954 MB
[runlim] sample:		669.38 time, 670.22 real, 955 MB
[runlim] sample:		679.39 time, 680.22 real, 955 MB
[runlim] sample:		689.39 time, 690.22 real, 955 MB
[runlim] sample:		699.39 time, 700.22 real, 955 MB
[runlim] sample:		709.38 time, 710.22 real, 956 MB
[runlim] sample:		719.39 time, 720.22 real, 956 MB
[runlim] sample:		729.39 time, 730.22 real, 957 MB
[runlim] sample:		739.39 time, 740.22 real, 959 MB
[runlim] sample:		749.39 time, 750.22 real, 960 MB
[runlim] sample:		759.39 time, 760.22 real, 962 MB
[runlim] sample:		769.39 time, 770.22 real, 963 MB
[runlim] sample:		779.38 time, 780.22 real, 966 MB
[runlim] sample:		789.39 time, 790.22 real, 969 MB
[runlim] sample:		799.39 time, 800.22 real, 971 MB
[runlim] sample:		809.39 time, 810.22 real, 973 MB
[runlim] sample:		819.39 time, 820.22 real, 973 MB
[runlim] sample:		829.38 time, 830.22 real, 977 MB
[runlim] sample:		839.39 time, 840.22 real, 977 MB
[runlim] sample:		849.39 time, 850.22 real, 977 MB
[runlim] sample:		859.38 time, 860.22 real, 977 MB
[runlim] sample:		869.38 time, 870.22 real, 977 MB
[runlim] sample:		879.38 time, 880.22 real, 978 MB
[runlim] sample:		889.39 time, 890.22 real, 978 MB
[runlim] sample:		899.39 time, 900.22 real, 978 MB
[runlim] sample:		909.39 time, 910.22 real, 978 MB
[runlim] sample:		919.39 time, 920.22 real, 978 MB
[runlim] sample:		929.39 time, 930.22 real, 978 MB
[runlim] sample:		939.39 time, 940.22 real, 979 MB
[runlim] sample:		949.39 time, 950.22 real, 979 MB
[runlim] sample:		959.39 time, 960.22 real, 979 MB
[runlim] sample:		969.39 time, 970.22 real, 979 MB
[runlim] sample:		979.39 time, 980.22 real, 987 MB
[runlim] sample:		989.39 time, 990.22 real, 987 MB
[runlim] sample:		999.39 time, 1000.22 real, 987 MB
[runlim] sample:		1009.38 time, 1010.22 real, 987 MB
[runlim] sample:		1019.38 time, 1020.22 real, 998 MB
[runlim] sample:		1029.38 time, 1030.22 real, 1000 MB
[runlim] sample:		1039.38 time, 1040.22 real, 1000 MB
[runlim] sample:		1049.38 time, 1050.22 real, 1000 MB
[runlim] sample:		1059.38 time, 1060.22 real, 1000 MB
[runlim] sample:		1069.38 time, 1070.22 real, 1000 MB
[runlim] sample:		1079.38 time, 1080.22 real, 1000 MB
[runlim] sample:		1089.38 time, 1090.22 real, 1000 MB
[runlim] sample:		1099.39 time, 1100.22 real, 1000 MB
[runlim] sample:		1109.39 time, 1110.22 real, 1000 MB
[runlim] sample:		1119.39 time, 1120.22 real, 1000 MB
[runlim] sample:		1129.39 time, 1130.22 real, 1000 MB
[runlim] sample:		1139.39 time, 1140.22 real, 1000 MB
[runlim] sample:		1149.39 time, 1150.22 real, 1000 MB
[runlim] sample:		1159.39 time, 1160.22 real, 1000 MB
[runlim] sample:		1169.38 time, 1170.22 real, 1000 MB
[runlim] sample:		1179.38 time, 1180.22 real, 1017 MB
[runlim] sample:		1189.38 time, 1190.22 real, 1037 MB
[runlim] sample:		1199.39 time, 1200.22 real, 1039 MB
[runlim] sample:		1209.39 time, 1210.22 real, 1039 MB
[runlim] sample:		1219.39 time, 1220.22 real, 1039 MB
[runlim] sample:		1229.39 time, 1230.22 real, 1039 MB
[runlim] sample:		1239.39 time, 1240.22 real, 1039 MB
[runlim] sample:		1249.39 time, 1250.22 real, 1039 MB
[runlim] sample:		1259.39 time, 1260.22 real, 1039 MB
[runlim] sample:		1269.38 time, 1270.22 real, 1039 MB
[runlim] sample:		1279.39 time, 1280.22 real, 1039 MB
[runlim] sample:		1289.39 time, 1290.22 real, 1039 MB
[runlim] sample:		1299.39 time, 1300.22 real, 1039 MB
[runlim] sample:		1309.39 time, 1310.22 real, 1040 MB
[runlim] sample:		1319.39 time, 1320.22 real, 1079 MB
[runlim] sample:		1329.39 time, 1330.22 real, 1079 MB
[runlim] sample:		1339.39 time, 1340.22 real, 1080 MB
[runlim] sample:		1349.39 time, 1350.22 real, 1080 MB
[runlim] sample:		1359.39 time, 1360.22 real, 1080 MB
[runlim] sample:		1369.39 time, 1370.22 real, 1094 MB
[runlim] sample:		1379.38 time, 1380.22 real, 1107 MB
[runlim] sample:		1389.38 time, 1390.22 real, 1107 MB
[runlim] sample:		1399.38 time, 1400.22 real, 1107 MB
[runlim] sample:		1409.38 time, 1410.22 real, 1107 MB
[runlim] sample:		1419.38 time, 1420.22 real, 1107 MB
[runlim] sample:		1429.38 time, 1430.22 real, 1107 MB
[runlim] sample:		1439.38 time, 1440.22 real, 1107 MB
[runlim] sample:		1449.38 time, 1450.22 real, 1107 MB
[runlim] sample:		1459.38 time, 1460.22 real, 1107 MB
[runlim] sample:		1469.38 time, 1470.22 real, 1107 MB
[runlim] sample:		1479.38 time, 1480.22 real, 1107 MB
[runlim] sample:		1489.38 time, 1490.22 real, 1107 MB
[runlim] sample:		1499.38 time, 1500.22 real, 1107 MB
[runlim] sample:		1509.39 time, 1510.22 real, 1107 MB
[runlim] sample:		1519.38 time, 1520.22 real, 1107 MB
[runlim] sample:		1529.38 time, 1530.22 real, 1108 MB
[runlim] sample:		1539.38 time, 1540.22 real, 1108 MB
[runlim] sample:		1549.38 time, 1550.22 real, 1108 MB
[runlim] sample:		1559.38 time, 1560.22 real, 1111 MB
[runlim] sample:		1569.38 time, 1570.22 real, 1112 MB
[runlim] sample:		1579.39 time, 1580.22 real, 1112 MB
[runlim] sample:		1589.38 time, 1590.22 real, 1112 MB
[runlim] sample:		1599.39 time, 1600.22 real, 1113 MB
[runlim] sample:		1609.39 time, 1610.22 real, 1113 MB
[runlim] sample:		1619.39 time, 1620.22 real, 1113 MB
[runlim] sample:		1629.39 time, 1630.22 real, 1113 MB
[runlim] sample:		1639.39 time, 1640.22 real, 1113 MB
[runlim] sample:		1649.39 time, 1650.22 real, 1113 MB
[runlim] sample:		1659.39 time, 1660.22 real, 1113 MB
[runlim] sample:		1669.39 time, 1670.22 real, 1113 MB
[runlim] sample:		1679.39 time, 1680.22 real, 1113 MB
[runlim] sample:		1689.38 time, 1690.22 real, 1113 MB
[runlim] sample:		1699.39 time, 1700.22 real, 1113 MB
[runlim] sample:		1709.39 time, 1710.22 real, 1113 MB
[runlim] sample:		1719.39 time, 1720.22 real, 1113 MB
[runlim] sample:		1729.39 time, 1730.22 real, 1113 MB
[runlim] sample:		1739.39 time, 1740.22 real, 1113 MB
[runlim] sample:		1749.39 time, 1750.22 real, 1113 MB
[runlim] sample:		1759.39 time, 1760.22 real, 1113 MB
[runlim] sample:		1769.39 time, 1770.22 real, 1113 MB
[runlim] sample:		1779.39 time, 1780.22 real, 1113 MB
[runlim] sample:		1789.39 time, 1790.22 real, 1113 MB
[runlim] sample:		1799.39 time, 1800.22 real, 1113 MB
[runlim] sample:		1809.39 time, 1810.22 real, 1113 MB
[runlim] sample:		1819.39 time, 1820.22 real, 1114 MB
[runlim] sample:		1829.39 time, 1830.22 real, 1114 MB
[runlim] sample:		1839.39 time, 1840.22 real, 1114 MB
[runlim] sample:		1849.39 time, 1850.22 real, 1114 MB
[runlim] sample:		1859.39 time, 1860.22 real, 1115 MB
[runlim] sample:		1869.39 time, 1870.22 real, 1115 MB
[runlim] sample:		1879.39 time, 1880.22 real, 1116 MB
[runlim] sample:		1889.39 time, 1890.22 real, 1116 MB
[runlim] sample:		1899.38 time, 1900.22 real, 1116 MB
[runlim] sample:		1909.39 time, 1910.22 real, 1116 MB
[runlim] sample:		1919.39 time, 1920.22 real, 1117 MB
[runlim] sample:		1929.39 time, 1930.22 real, 1130 MB
[runlim] sample:		1939.39 time, 1940.22 real, 1136 MB
[runlim] sample:		1949.38 time, 1950.22 real, 1153 MB
[runlim] sample:		1959.38 time, 1960.22 real, 1159 MB
[runlim] sample:		1969.38 time, 1970.22 real, 1162 MB
[runlim] sample:		1979.39 time, 1980.22 real, 1162 MB
[runlim] sample:		1989.39 time, 1990.22 real, 1162 MB
[runlim] sample:		1999.39 time, 2000.22 real, 1164 MB
[runlim] sample:		2009.39 time, 2010.22 real, 1164 MB
[runlim] sample:		2019.39 time, 2020.22 real, 1164 MB
[runlim] sample:		2029.39 time, 2030.22 real, 1164 MB
[runlim] sample:		2039.39 time, 2040.22 real, 1164 MB
[runlim] sample:		2049.38 time, 2050.22 real, 1164 MB
[runlim] sample:		2059.38 time, 2060.22 real, 1164 MB
[runlim] sample:		2069.38 time, 2070.22 real, 1164 MB
[runlim] sample:		2079.39 time, 2080.22 real, 1164 MB
[runlim] sample:		2089.39 time, 2090.22 real, 1164 MB
[runlim] sample:		2099.38 time, 2100.22 real, 1164 MB
[runlim] sample:		2109.38 time, 2110.22 real, 1164 MB
[runlim] sample:		2119.38 time, 2120.22 real, 1164 MB
[runlim] sample:		2129.38 time, 2130.22 real, 1164 MB
[runlim] sample:		2139.39 time, 2140.22 real, 1166 MB
[runlim] sample:		2149.39 time, 2150.22 real, 1177 MB
[runlim] sample:		2159.39 time, 2160.22 real, 1177 MB
[runlim] sample:		2169.38 time, 2170.22 real, 1198 MB
[runlim] sample:		2179.38 time, 2180.22 real, 1199 MB
[runlim] sample:		2189.38 time, 2190.22 real, 1200 MB
[runlim] sample:		2199.39 time, 2200.22 real, 1211 MB
[runlim] sample:		2209.39 time, 2210.22 real, 1212 MB
[runlim] sample:		2219.38 time, 2220.22 real, 1212 MB
[runlim] sample:		2229.38 time, 2230.22 real, 1222 MB
[runlim] sample:		2239.38 time, 2240.22 real, 1222 MB
[runlim] sample:		2249.38 time, 2250.22 real, 1224 MB
[runlim] sample:		2259.39 time, 2260.22 real, 1230 MB
[runlim] sample:		2269.39 time, 2270.22 real, 1230 MB
[runlim] sample:		2279.39 time, 2280.22 real, 1254 MB
[runlim] sample:		2289.39 time, 2290.22 real, 1256 MB
[runlim] sample:		2299.39 time, 2300.22 real, 1257 MB
[runlim] sample:		2309.39 time, 2310.22 real, 1257 MB
[runlim] sample:		2319.39 time, 2320.22 real, 1258 MB
[runlim] sample:		2329.38 time, 2330.22 real, 1258 MB
[runlim] sample:		2339.38 time, 2340.22 real, 1258 MB
[runlim] sample:		2349.38 time, 2350.22 real, 1266 MB
[runlim] sample:		2359.38 time, 2360.22 real, 1267 MB
[runlim] sample:		2369.39 time, 2370.22 real, 1267 MB
[runlim] sample:		2379.39 time, 2380.22 real, 1267 MB
[runlim] sample:		2389.38 time, 2390.22 real, 1272 MB
[runlim] sample:		2399.38 time, 2400.22 real, 1272 MB
[runlim] sample:		2409.39 time, 2410.22 real, 1272 MB
[runlim] sample:		2419.38 time, 2420.22 real, 1278 MB
[runlim] sample:		2429.38 time, 2430.22 real, 1278 MB
[runlim] sample:		2439.38 time, 2440.22 real, 1278 MB
[runlim] sample:		2449.38 time, 2450.22 real, 1278 MB
[runlim] sample:		2459.38 time, 2460.22 real, 1279 MB
[runlim] sample:		2469.39 time, 2470.22 real, 1280 MB
[runlim] sample:		2479.39 time, 2480.22 real, 1280 MB
[runlim] sample:		2489.39 time, 2490.22 real, 1280 MB
[runlim] sample:		2499.39 time, 2500.22 real, 1280 MB
[runlim] sample:		2509.39 time, 2510.22 real, 1280 MB
[runlim] sample:		2519.38 time, 2520.22 real, 1280 MB
[runlim] sample:		2529.38 time, 2530.22 real, 1294 MB
[runlim] sample:		2539.39 time, 2540.22 real, 1295 MB
[runlim] sample:		2549.39 time, 2550.22 real, 1296 MB
[runlim] sample:		2559.39 time, 2560.22 real, 1296 MB
[runlim] sample:		2569.39 time, 2570.22 real, 1300 MB
[runlim] sample:		2579.39 time, 2580.22 real, 1300 MB
[runlim] sample:		2589.39 time, 2590.22 real, 1300 MB
[runlim] sample:		2599.39 time, 2600.22 real, 1300 MB
[runlim] sample:		2609.38 time, 2610.22 real, 1300 MB
[runlim] sample:		2619.38 time, 2620.22 real, 1300 MB
[runlim] sample:		2629.38 time, 2630.22 real, 1301 MB
[runlim] sample:		2639.39 time, 2640.22 real, 1301 MB
[runlim] sample:		2649.39 time, 2650.22 real, 1301 MB
[runlim] sample:		2659.38 time, 2660.22 real, 1304 MB
[runlim] sample:		2669.38 time, 2670.22 real, 1304 MB
[runlim] sample:		2679.38 time, 2680.22 real, 1304 MB
[runlim] sample:		2689.38 time, 2690.22 real, 1305 MB


 SIG RECEIVED

[runlim] end:			Sat Feb 29 06:53:40 2020
[runlim] status:		out of time
[runlim] result:		2
[runlim] children:		1
[runlim] real:			2700.11 seconds
[runlim] time:			2699.18 seconds
[runlim] space:			1305 MB
[runlim] samples:		26998
