[runlim] version:		1.18
[runlim] host:			c3n08
[runlim] time limit:		2700 seconds
[runlim] real time limit:	2700 seconds
[runlim] space limit:		7000 MB
[runlim] argv[0]:		./binary
[runlim] argv[1]:		/data/cnf/ankit/E1-A1-Red/dungeon_i25-m12-u5-v0.pddl_planlen=200.dqbf
[runlim] start:			Sat Feb 29 06:08:40 2020
[runlim] child:			23399
[runlim] sample:		9.94 time, 10.02 real, 631 MB
[runlim] sample:		19.95 time, 20.02 real, 649 MB
[runlim] sample:		29.95 time, 30.02 real, 687 MB
[runlim] sample:		39.95 time, 40.02 real, 741 MB
[runlim] sample:		49.94 time, 50.02 real, 784 MB
[runlim] sample:		59.94 time, 60.02 real, 792 MB
[runlim] sample:		69.94 time, 70.02 real, 823 MB
[runlim] sample:		79.95 time, 80.02 real, 823 MB
[runlim] sample:		90.14 time, 90.22 real, 823 MB
[runlim] sample:		100.14 time, 100.22 real, 824 MB
[runlim] sample:		110.15 time, 110.22 real, 824 MB
[runlim] sample:		120.14 time, 120.22 real, 824 MB
[runlim] sample:		130.14 time, 130.22 real, 824 MB
[runlim] sample:		140.14 time, 140.22 real, 825 MB
[runlim] sample:		150.15 time, 150.22 real, 825 MB
[runlim] sample:		160.14 time, 160.22 real, 825 MB
[runlim] sample:		170.14 time, 170.22 real, 833 MB
[runlim] sample:		180.14 time, 180.22 real, 833 MB
[runlim] sample:		190.15 time, 190.22 real, 834 MB
[runlim] sample:		200.15 time, 200.22 real, 834 MB
[runlim] sample:		210.15 time, 210.22 real, 835 MB
[runlim] sample:		220.15 time, 220.22 real, 835 MB
[runlim] sample:		230.15 time, 230.22 real, 835 MB
[runlim] sample:		240.15 time, 240.22 real, 836 MB
[runlim] sample:		250.15 time, 250.22 real, 837 MB
[runlim] sample:		260.14 time, 260.22 real, 838 MB
[runlim] sample:		270.14 time, 270.22 real, 839 MB
[runlim] sample:		280.14 time, 280.22 real, 841 MB
[runlim] sample:		290.14 time, 290.22 real, 842 MB
[runlim] sample:		300.14 time, 300.22 real, 843 MB
[runlim] sample:		310.14 time, 310.22 real, 845 MB
[runlim] sample:		320.14 time, 320.22 real, 847 MB
[runlim] sample:		330.14 time, 330.22 real, 849 MB
[runlim] sample:		340.14 time, 340.22 real, 851 MB
[runlim] sample:		350.14 time, 350.22 real, 852 MB
[runlim] sample:		360.14 time, 360.22 real, 854 MB
[runlim] sample:		370.14 time, 370.22 real, 856 MB
[runlim] sample:		380.14 time, 380.22 real, 859 MB
[runlim] sample:		390.13 time, 390.22 real, 861 MB
[runlim] sample:		400.15 time, 400.23 real, 863 MB
[runlim] sample:		410.14 time, 410.22 real, 866 MB
[runlim] sample:		420.14 time, 420.22 real, 868 MB
[runlim] sample:		430.13 time, 430.22 real, 870 MB
[runlim] sample:		440.13 time, 440.22 real, 873 MB
[runlim] sample:		450.13 time, 450.22 real, 875 MB
[runlim] sample:		460.13 time, 460.22 real, 879 MB
[runlim] sample:		470.13 time, 470.22 real, 880 MB
[runlim] sample:		480.13 time, 480.22 real, 880 MB
[runlim] sample:		490.13 time, 490.22 real, 880 MB
[runlim] sample:		500.13 time, 500.22 real, 885 MB
[runlim] sample:		510.12 time, 510.22 real, 892 MB
[runlim] sample:		520.12 time, 520.22 real, 893 MB
[runlim] sample:		530.12 time, 530.22 real, 897 MB
[runlim] sample:		540.12 time, 540.22 real, 906 MB
[runlim] sample:		550.12 time, 550.22 real, 906 MB
[runlim] sample:		560.12 time, 560.22 real, 906 MB
[runlim] sample:		570.12 time, 570.22 real, 915 MB
[runlim] sample:		580.11 time, 580.22 real, 922 MB
[runlim] sample:		590.12 time, 590.22 real, 922 MB
[runlim] sample:		600.12 time, 600.22 real, 923 MB
[runlim] sample:		610.12 time, 610.22 real, 923 MB
[runlim] sample:		620.12 time, 620.22 real, 923 MB
[runlim] sample:		630.12 time, 630.22 real, 924 MB
[runlim] sample:		640.12 time, 640.22 real, 924 MB
[runlim] sample:		650.12 time, 650.22 real, 924 MB
[runlim] sample:		660.12 time, 660.22 real, 925 MB
[runlim] sample:		670.12 time, 670.22 real, 925 MB
[runlim] sample:		680.12 time, 680.22 real, 925 MB
[runlim] sample:		690.12 time, 690.22 real, 926 MB
[runlim] sample:		700.12 time, 700.22 real, 930 MB
[runlim] sample:		710.11 time, 710.22 real, 930 MB
[runlim] sample:		720.11 time, 720.22 real, 931 MB
[runlim] sample:		730.12 time, 730.22 real, 940 MB
[runlim] sample:		740.11 time, 740.22 real, 950 MB
[runlim] sample:		750.12 time, 750.22 real, 962 MB
[runlim] sample:		760.12 time, 760.22 real, 962 MB
[runlim] sample:		770.12 time, 770.22 real, 962 MB
[runlim] sample:		780.12 time, 780.22 real, 962 MB
[runlim] sample:		790.12 time, 790.22 real, 963 MB
[runlim] sample:		800.12 time, 800.22 real, 965 MB
[runlim] sample:		810.12 time, 810.22 real, 965 MB
[runlim] sample:		820.12 time, 820.22 real, 965 MB
[runlim] sample:		830.12 time, 830.22 real, 965 MB
[runlim] sample:		840.11 time, 840.22 real, 965 MB
[runlim] sample:		850.11 time, 850.22 real, 965 MB
[runlim] sample:		860.11 time, 860.22 real, 965 MB
[runlim] sample:		870.12 time, 870.22 real, 965 MB
[runlim] sample:		880.12 time, 880.22 real, 965 MB
[runlim] sample:		890.12 time, 890.22 real, 965 MB
[runlim] sample:		900.12 time, 900.22 real, 965 MB
[runlim] sample:		910.12 time, 910.22 real, 965 MB
[runlim] sample:		920.12 time, 920.22 real, 965 MB
[runlim] sample:		930.12 time, 930.22 real, 965 MB
[runlim] sample:		940.12 time, 940.22 real, 965 MB
[runlim] sample:		950.11 time, 950.22 real, 967 MB
[runlim] sample:		960.11 time, 960.22 real, 967 MB
[runlim] sample:		970.11 time, 970.22 real, 967 MB
[runlim] sample:		980.11 time, 980.22 real, 967 MB
[runlim] sample:		990.11 time, 990.22 real, 968 MB
[runlim] sample:		1000.12 time, 1000.22 real, 971 MB
[runlim] sample:		1010.12 time, 1010.22 real, 974 MB
[runlim] sample:		1020.12 time, 1020.22 real, 981 MB
[runlim] sample:		1030.12 time, 1030.22 real, 991 MB
[runlim] sample:		1040.12 time, 1040.22 real, 1029 MB
[runlim] sample:		1050.11 time, 1050.22 real, 1051 MB
[runlim] sample:		1060.11 time, 1060.22 real, 1068 MB
[runlim] sample:		1070.12 time, 1070.22 real, 1071 MB
[runlim] sample:		1080.12 time, 1080.22 real, 1071 MB
[runlim] sample:		1090.12 time, 1090.22 real, 1073 MB
[runlim] sample:		1100.12 time, 1100.22 real, 1073 MB
[runlim] sample:		1110.12 time, 1110.22 real, 1073 MB
[runlim] sample:		1120.12 time, 1120.22 real, 1073 MB
[runlim] sample:		1130.12 time, 1130.22 real, 1073 MB
[runlim] sample:		1140.12 time, 1140.22 real, 1073 MB
[runlim] sample:		1150.12 time, 1150.22 real, 1073 MB
[runlim] sample:		1160.12 time, 1160.22 real, 1076 MB
[runlim] sample:		1170.12 time, 1170.22 real, 1076 MB
[runlim] sample:		1180.11 time, 1180.22 real, 1080 MB
[runlim] sample:		1190.12 time, 1190.22 real, 1085 MB
[runlim] sample:		1200.12 time, 1200.22 real, 1098 MB
[runlim] sample:		1210.12 time, 1210.22 real, 1098 MB
[runlim] sample:		1220.12 time, 1220.22 real, 1098 MB
[runlim] sample:		1230.12 time, 1230.22 real, 1098 MB
[runlim] sample:		1240.12 time, 1240.22 real, 1098 MB
[runlim] sample:		1250.12 time, 1250.22 real, 1098 MB
[runlim] sample:		1260.11 time, 1260.22 real, 1099 MB
[runlim] sample:		1270.11 time, 1270.22 real, 1099 MB
[runlim] sample:		1280.11 time, 1280.22 real, 1099 MB
[runlim] sample:		1290.11 time, 1290.22 real, 1099 MB
[runlim] sample:		1300.11 time, 1300.22 real, 1099 MB
[runlim] sample:		1310.11 time, 1310.22 real, 1099 MB
[runlim] sample:		1320.12 time, 1320.22 real, 1099 MB
[runlim] sample:		1330.12 time, 1330.22 real, 1099 MB
[runlim] sample:		1340.12 time, 1340.22 real, 1099 MB
[runlim] sample:		1350.12 time, 1350.22 real, 1099 MB
[runlim] sample:		1360.12 time, 1360.22 real, 1099 MB
[runlim] sample:		1370.12 time, 1370.22 real, 1099 MB
[runlim] sample:		1380.12 time, 1380.22 real, 1099 MB
[runlim] sample:		1390.12 time, 1390.22 real, 1099 MB
[runlim] sample:		1400.12 time, 1400.22 real, 1099 MB
[runlim] sample:		1410.12 time, 1410.22 real, 1099 MB
[runlim] sample:		1420.12 time, 1420.22 real, 1099 MB
[runlim] sample:		1430.12 time, 1430.22 real, 1099 MB
[runlim] sample:		1440.12 time, 1440.22 real, 1099 MB
[runlim] sample:		1450.12 time, 1450.22 real, 1099 MB
[runlim] sample:		1460.12 time, 1460.22 real, 1099 MB
[runlim] sample:		1470.12 time, 1470.22 real, 1099 MB
[runlim] sample:		1480.12 time, 1480.22 real, 1099 MB
[runlim] sample:		1490.12 time, 1490.22 real, 1099 MB
[runlim] sample:		1500.12 time, 1500.22 real, 1099 MB
[runlim] sample:		1510.12 time, 1510.22 real, 1099 MB
[runlim] sample:		1520.12 time, 1520.22 real, 1099 MB
[runlim] sample:		1530.12 time, 1530.22 real, 1099 MB
[runlim] sample:		1540.12 time, 1540.22 real, 1099 MB
[runlim] sample:		1550.12 time, 1550.22 real, 1099 MB
[runlim] sample:		1560.12 time, 1560.22 real, 1099 MB
[runlim] sample:		1570.12 time, 1570.22 real, 1099 MB
[runlim] sample:		1580.12 time, 1580.22 real, 1099 MB
[runlim] sample:		1590.12 time, 1590.22 real, 1099 MB
[runlim] sample:		1600.12 time, 1600.22 real, 1099 MB
[runlim] sample:		1610.12 time, 1610.22 real, 1099 MB
[runlim] sample:		1620.12 time, 1620.22 real, 1099 MB
[runlim] sample:		1630.12 time, 1630.22 real, 1099 MB
[runlim] sample:		1640.12 time, 1640.22 real, 1099 MB
[runlim] sample:		1650.12 time, 1650.22 real, 1099 MB
[runlim] sample:		1660.12 time, 1660.22 real, 1103 MB
[runlim] sample:		1670.12 time, 1670.22 real, 1106 MB
[runlim] sample:		1680.12 time, 1680.22 real, 1123 MB
[runlim] sample:		1690.12 time, 1690.22 real, 1134 MB
[runlim] sample:		1700.12 time, 1700.22 real, 1153 MB
[runlim] sample:		1710.12 time, 1710.22 real, 1158 MB
[runlim] sample:		1720.12 time, 1720.22 real, 1163 MB
[runlim] sample:		1730.12 time, 1730.22 real, 1166 MB
[runlim] sample:		1740.12 time, 1740.22 real, 1166 MB
[runlim] sample:		1750.12 time, 1750.22 real, 1166 MB
[runlim] sample:		1760.12 time, 1760.22 real, 1166 MB
[runlim] sample:		1770.12 time, 1770.22 real, 1174 MB
[runlim] sample:		1780.12 time, 1780.22 real, 1174 MB
[runlim] sample:		1790.12 time, 1790.22 real, 1174 MB
[runlim] sample:		1800.12 time, 1800.22 real, 1174 MB
[runlim] sample:		1810.12 time, 1810.22 real, 1174 MB
[runlim] sample:		1820.12 time, 1820.22 real, 1174 MB
[runlim] sample:		1830.12 time, 1830.22 real, 1174 MB
[runlim] sample:		1840.12 time, 1840.22 real, 1174 MB
[runlim] sample:		1850.12 time, 1850.22 real, 1174 MB
[runlim] sample:		1860.12 time, 1860.22 real, 1174 MB
[runlim] sample:		1870.12 time, 1870.22 real, 1174 MB
[runlim] sample:		1880.12 time, 1880.22 real, 1174 MB
[runlim] sample:		1890.12 time, 1890.22 real, 1174 MB
[runlim] sample:		1900.12 time, 1900.22 real, 1174 MB
[runlim] sample:		1910.12 time, 1910.22 real, 1174 MB
[runlim] sample:		1920.12 time, 1920.22 real, 1174 MB
[runlim] sample:		1930.12 time, 1930.22 real, 1174 MB
[runlim] sample:		1940.11 time, 1940.22 real, 1174 MB
[runlim] sample:		1950.12 time, 1950.22 real, 1174 MB
[runlim] sample:		1960.12 time, 1960.22 real, 1174 MB
[runlim] sample:		1970.12 time, 1970.22 real, 1174 MB
[runlim] sample:		1980.12 time, 1980.22 real, 1174 MB
[runlim] sample:		1990.12 time, 1990.22 real, 1174 MB
[runlim] sample:		2000.13 time, 2000.22 real, 1174 MB
[runlim] sample:		2010.13 time, 2010.22 real, 1174 MB
[runlim] sample:		2020.12 time, 2020.22 real, 1174 MB
[runlim] sample:		2030.12 time, 2030.22 real, 1174 MB
[runlim] sample:		2040.12 time, 2040.22 real, 1174 MB
[runlim] sample:		2050.12 time, 2050.22 real, 1174 MB
[runlim] sample:		2060.12 time, 2060.22 real, 1174 MB
[runlim] sample:		2070.12 time, 2070.22 real, 1174 MB
[runlim] sample:		2080.12 time, 2080.22 real, 1174 MB
[runlim] sample:		2090.12 time, 2090.22 real, 1174 MB
[runlim] sample:		2100.12 time, 2100.22 real, 1174 MB
[runlim] sample:		2110.13 time, 2110.22 real, 1174 MB
[runlim] sample:		2120.13 time, 2120.22 real, 1174 MB
[runlim] sample:		2130.13 time, 2130.22 real, 1174 MB
[runlim] sample:		2140.12 time, 2140.22 real, 1175 MB
[runlim] sample:		2150.12 time, 2150.22 real, 1175 MB
[runlim] sample:		2160.12 time, 2160.22 real, 1175 MB
[runlim] sample:		2170.11 time, 2170.22 real, 1175 MB
[runlim] sample:		2180.12 time, 2180.22 real, 1175 MB
[runlim] sample:		2190.12 time, 2190.22 real, 1175 MB
[runlim] sample:		2200.12 time, 2200.22 real, 1175 MB
[runlim] sample:		2210.12 time, 2210.22 real, 1175 MB
[runlim] sample:		2220.12 time, 2220.22 real, 1175 MB
[runlim] sample:		2230.13 time, 2230.22 real, 1175 MB
[runlim] sample:		2240.13 time, 2240.22 real, 1175 MB
[runlim] sample:		2250.12 time, 2250.22 real, 1175 MB
[runlim] sample:		2260.12 time, 2260.22 real, 1175 MB
[runlim] sample:		2270.13 time, 2270.22 real, 1175 MB
[runlim] sample:		2280.12 time, 2280.22 real, 1175 MB
[runlim] sample:		2290.12 time, 2290.22 real, 1176 MB
[runlim] sample:		2300.12 time, 2300.22 real, 1176 MB
[runlim] sample:		2310.13 time, 2310.22 real, 1176 MB
[runlim] sample:		2320.12 time, 2320.22 real, 1176 MB
[runlim] sample:		2330.12 time, 2330.22 real, 1176 MB
[runlim] sample:		2340.12 time, 2340.22 real, 1176 MB
[runlim] sample:		2350.12 time, 2350.22 real, 1176 MB
[runlim] sample:		2360.12 time, 2360.22 real, 1176 MB
[runlim] sample:		2370.12 time, 2370.22 real, 1176 MB
[runlim] sample:		2380.12 time, 2380.22 real, 1176 MB
[runlim] sample:		2390.13 time, 2390.22 real, 1176 MB
[runlim] sample:		2400.13 time, 2400.22 real, 1176 MB
[runlim] sample:		2410.13 time, 2410.22 real, 1176 MB
[runlim] sample:		2420.12 time, 2420.22 real, 1176 MB
[runlim] sample:		2430.13 time, 2430.22 real, 1176 MB
[runlim] sample:		2440.12 time, 2440.22 real, 1176 MB
[runlim] sample:		2450.12 time, 2450.22 real, 1176 MB
[runlim] sample:		2460.12 time, 2460.22 real, 1178 MB
[runlim] sample:		2470.12 time, 2470.22 real, 1178 MB
[runlim] sample:		2480.12 time, 2480.22 real, 1178 MB
[runlim] sample:		2490.12 time, 2490.22 real, 1179 MB
[runlim] sample:		2500.13 time, 2500.22 real, 1179 MB
[runlim] sample:		2510.12 time, 2510.22 real, 1180 MB
[runlim] sample:		2520.12 time, 2520.22 real, 1181 MB
[runlim] sample:		2530.12 time, 2530.22 real, 1181 MB
[runlim] sample:		2540.13 time, 2540.22 real, 1181 MB
[runlim] sample:		2550.12 time, 2550.22 real, 1188 MB
[runlim] sample:		2560.13 time, 2560.22 real, 1189 MB
[runlim] sample:		2570.13 time, 2570.22 real, 1189 MB
[runlim] sample:		2580.12 time, 2580.22 real, 1189 MB
[runlim] sample:		2590.12 time, 2590.22 real, 1189 MB
[runlim] sample:		2600.13 time, 2600.22 real, 1189 MB
[runlim] sample:		2610.12 time, 2610.22 real, 1189 MB
[runlim] sample:		2620.12 time, 2620.22 real, 1189 MB
[runlim] sample:		2630.12 time, 2630.22 real, 1189 MB
[runlim] sample:		2640.12 time, 2640.22 real, 1189 MB
[runlim] sample:		2650.12 time, 2650.22 real, 1189 MB
[runlim] sample:		2660.13 time, 2660.22 real, 1189 MB
[runlim] sample:		2670.13 time, 2670.22 real, 1192 MB
[runlim] sample:		2680.13 time, 2680.22 real, 1193 MB
[runlim] sample:		2690.12 time, 2690.22 real, 1194 MB


 SIG RECEIVED

[runlim] end:			Sat Feb 29 06:53:40 2020
[runlim] status:		out of time
[runlim] result:		2
[runlim] children:		1
[runlim] real:			2700.11 seconds
[runlim] time:			2699.92 seconds
[runlim] space:			1194 MB
[runlim] samples:		26998
