[runlim] version:		1.18
[runlim] host:			c3n09
[runlim] time limit:		2700 seconds
[runlim] real time limit:	2700 seconds
[runlim] space limit:		7000 MB
[runlim] argv[0]:		./binary
[runlim] argv[1]:		/data/cnf/ankit/E1-A1-Red/hex_rand_6x6-20m-6.dqbf
[runlim] start:			Sat Feb 29 06:08:40 2020
[runlim] child:			16567
[runlim] sample:		10.00 time, 10.02 real, 13 MB
[runlim] sample:		20.00 time, 20.02 real, 14 MB
[runlim] sample:		30.00 time, 30.02 real, 17 MB
[runlim] sample:		40.01 time, 40.02 real, 18 MB
[runlim] sample:		50.00 time, 50.02 real, 20 MB
[runlim] sample:		60.00 time, 60.02 real, 21 MB
[runlim] sample:		70.01 time, 70.02 real, 22 MB
[runlim] sample:		80.00 time, 80.02 real, 24 MB
[runlim] sample:		90.21 time, 90.22 real, 25 MB
[runlim] sample:		100.20 time, 100.22 real, 26 MB
[runlim] sample:		110.20 time, 110.22 real, 27 MB
[runlim] sample:		120.20 time, 120.22 real, 28 MB
[runlim] sample:		130.20 time, 130.22 real, 29 MB
[runlim] sample:		140.20 time, 140.22 real, 30 MB
[runlim] sample:		150.20 time, 150.22 real, 31 MB
[runlim] sample:		160.20 time, 160.22 real, 31 MB
[runlim] sample:		170.20 time, 170.22 real, 32 MB
[runlim] sample:		180.20 time, 180.22 real, 33 MB
[runlim] sample:		190.21 time, 190.22 real, 34 MB
[runlim] sample:		200.21 time, 200.22 real, 34 MB
[runlim] sample:		210.21 time, 210.22 real, 35 MB
[runlim] sample:		220.21 time, 220.22 real, 36 MB
[runlim] sample:		230.21 time, 230.22 real, 36 MB
[runlim] sample:		240.21 time, 240.22 real, 37 MB
[runlim] sample:		250.21 time, 250.22 real, 37 MB
[runlim] sample:		260.21 time, 260.22 real, 38 MB
[runlim] sample:		270.20 time, 270.22 real, 39 MB
[runlim] sample:		280.21 time, 280.22 real, 39 MB
[runlim] sample:		290.21 time, 290.22 real, 40 MB
[runlim] sample:		300.21 time, 300.22 real, 40 MB
[runlim] sample:		310.21 time, 310.22 real, 41 MB
[runlim] sample:		320.21 time, 320.22 real, 41 MB
[runlim] sample:		330.21 time, 330.22 real, 42 MB
[runlim] sample:		340.21 time, 340.22 real, 42 MB
[runlim] sample:		350.21 time, 350.22 real, 43 MB
[runlim] sample:		360.21 time, 360.22 real, 43 MB
[runlim] sample:		370.21 time, 370.22 real, 44 MB
[runlim] sample:		380.21 time, 380.22 real, 44 MB
[runlim] sample:		390.21 time, 390.22 real, 45 MB
[runlim] sample:		400.21 time, 400.22 real, 45 MB
[runlim] sample:		410.21 time, 410.22 real, 46 MB
[runlim] sample:		420.21 time, 420.22 real, 46 MB
[runlim] sample:		430.21 time, 430.22 real, 46 MB
[runlim] sample:		440.21 time, 440.22 real, 46 MB
[runlim] sample:		450.21 time, 450.22 real, 47 MB
[runlim] sample:		460.21 time, 460.22 real, 47 MB
[runlim] sample:		470.21 time, 470.22 real, 48 MB
[runlim] sample:		480.21 time, 480.22 real, 48 MB
[runlim] sample:		490.21 time, 490.22 real, 49 MB
[runlim] sample:		500.21 time, 500.22 real, 49 MB
[runlim] sample:		510.21 time, 510.22 real, 49 MB
[runlim] sample:		520.21 time, 520.22 real, 50 MB
[runlim] sample:		530.21 time, 530.22 real, 50 MB
[runlim] sample:		540.21 time, 540.22 real, 51 MB
[runlim] sample:		550.21 time, 550.22 real, 51 MB
[runlim] sample:		560.21 time, 560.22 real, 52 MB
[runlim] sample:		570.21 time, 570.22 real, 52 MB
[runlim] sample:		580.21 time, 580.22 real, 52 MB
[runlim] sample:		590.21 time, 590.22 real, 53 MB
[runlim] sample:		600.21 time, 600.22 real, 53 MB
[runlim] sample:		610.22 time, 610.22 real, 53 MB
[runlim] sample:		620.21 time, 620.22 real, 54 MB
[runlim] sample:		630.21 time, 630.22 real, 54 MB
[runlim] sample:		640.21 time, 640.22 real, 55 MB
[runlim] sample:		650.21 time, 650.22 real, 55 MB
[runlim] sample:		660.21 time, 660.22 real, 56 MB
[runlim] sample:		670.21 time, 670.22 real, 56 MB
[runlim] sample:		680.21 time, 680.22 real, 56 MB
[runlim] sample:		690.22 time, 690.22 real, 56 MB
[runlim] sample:		700.21 time, 700.22 real, 56 MB
[runlim] sample:		710.21 time, 710.22 real, 58 MB
[runlim] sample:		720.21 time, 720.22 real, 58 MB
[runlim] sample:		730.21 time, 730.22 real, 58 MB
[runlim] sample:		740.21 time, 740.22 real, 58 MB
[runlim] sample:		750.21 time, 750.22 real, 58 MB
[runlim] sample:		760.21 time, 760.22 real, 59 MB
[runlim] sample:		770.21 time, 770.22 real, 60 MB
[runlim] sample:		780.21 time, 780.22 real, 59 MB
[runlim] sample:		790.21 time, 790.22 real, 59 MB
[runlim] sample:		800.21 time, 800.22 real, 59 MB
[runlim] sample:		810.21 time, 810.22 real, 60 MB
[runlim] sample:		820.21 time, 820.22 real, 60 MB
[runlim] sample:		830.21 time, 830.22 real, 61 MB
[runlim] sample:		840.21 time, 840.22 real, 61 MB
[runlim] sample:		850.21 time, 850.22 real, 61 MB
[runlim] sample:		860.21 time, 860.22 real, 62 MB
[runlim] sample:		870.22 time, 870.22 real, 62 MB
[runlim] sample:		880.22 time, 880.22 real, 62 MB
[runlim] sample:		890.22 time, 890.22 real, 63 MB
[runlim] sample:		900.21 time, 900.22 real, 63 MB
[runlim] sample:		910.21 time, 910.22 real, 63 MB
[runlim] sample:		920.21 time, 920.22 real, 63 MB
[runlim] sample:		930.21 time, 930.22 real, 63 MB
[runlim] sample:		940.22 time, 940.22 real, 64 MB
[runlim] sample:		950.22 time, 950.22 real, 64 MB
[runlim] sample:		960.21 time, 960.22 real, 64 MB
[runlim] sample:		970.21 time, 970.22 real, 65 MB
[runlim] sample:		980.21 time, 980.22 real, 65 MB
[runlim] sample:		990.21 time, 990.22 real, 65 MB
[runlim] sample:		1000.22 time, 1000.22 real, 65 MB
[runlim] sample:		1010.22 time, 1010.22 real, 65 MB
[runlim] sample:		1020.22 time, 1020.22 real, 66 MB
[runlim] sample:		1030.22 time, 1030.22 real, 66 MB
[runlim] sample:		1040.22 time, 1040.22 real, 66 MB
[runlim] sample:		1050.22 time, 1050.22 real, 67 MB
[runlim] sample:		1060.22 time, 1060.22 real, 67 MB
[runlim] sample:		1070.22 time, 1070.22 real, 67 MB
[runlim] sample:		1080.22 time, 1080.22 real, 68 MB
[runlim] sample:		1090.22 time, 1090.22 real, 68 MB
[runlim] sample:		1100.22 time, 1100.22 real, 68 MB
[runlim] sample:		1110.22 time, 1110.22 real, 68 MB
[runlim] sample:		1120.22 time, 1120.22 real, 68 MB
[runlim] sample:		1130.22 time, 1130.22 real, 68 MB
[runlim] sample:		1140.21 time, 1140.22 real, 68 MB
[runlim] sample:		1150.21 time, 1150.22 real, 69 MB
[runlim] sample:		1160.22 time, 1160.22 real, 69 MB
[runlim] sample:		1170.22 time, 1170.22 real, 69 MB
[runlim] sample:		1180.22 time, 1180.22 real, 69 MB
[runlim] sample:		1190.22 time, 1190.22 real, 69 MB
[runlim] sample:		1200.22 time, 1200.22 real, 70 MB
[runlim] sample:		1210.22 time, 1210.22 real, 70 MB
[runlim] sample:		1220.22 time, 1220.22 real, 70 MB
[runlim] sample:		1230.22 time, 1230.22 real, 70 MB
[runlim] sample:		1240.21 time, 1240.22 real, 70 MB
[runlim] sample:		1250.21 time, 1250.22 real, 70 MB
[runlim] sample:		1260.21 time, 1260.22 real, 72 MB
[runlim] sample:		1270.21 time, 1270.22 real, 72 MB
[runlim] sample:		1280.21 time, 1280.22 real, 72 MB
[runlim] sample:		1290.22 time, 1290.22 real, 72 MB
[runlim] sample:		1300.22 time, 1300.22 real, 72 MB
[runlim] sample:		1310.22 time, 1310.22 real, 73 MB
[runlim] sample:		1320.22 time, 1320.22 real, 73 MB
[runlim] sample:		1330.22 time, 1330.22 real, 73 MB
[runlim] sample:		1340.22 time, 1340.22 real, 73 MB
[runlim] sample:		1350.22 time, 1350.22 real, 73 MB
[runlim] sample:		1360.22 time, 1360.22 real, 73 MB
[runlim] sample:		1370.22 time, 1370.22 real, 73 MB
[runlim] sample:		1380.22 time, 1380.22 real, 74 MB
[runlim] sample:		1390.22 time, 1390.22 real, 74 MB
[runlim] sample:		1400.22 time, 1400.22 real, 74 MB
[runlim] sample:		1410.22 time, 1410.22 real, 74 MB
[runlim] sample:		1420.23 time, 1420.22 real, 74 MB
[runlim] sample:		1430.22 time, 1430.22 real, 74 MB
[runlim] sample:		1440.22 time, 1440.22 real, 75 MB
[runlim] sample:		1450.22 time, 1450.22 real, 75 MB
[runlim] sample:		1460.22 time, 1460.22 real, 75 MB
[runlim] sample:		1470.22 time, 1470.22 real, 75 MB
[runlim] sample:		1480.23 time, 1480.22 real, 75 MB
[runlim] sample:		1490.23 time, 1490.22 real, 77 MB
[runlim] sample:		1500.23 time, 1500.22 real, 77 MB
[runlim] sample:		1510.23 time, 1510.22 real, 77 MB
[runlim] sample:		1520.23 time, 1520.22 real, 77 MB
[runlim] sample:		1530.23 time, 1530.22 real, 77 MB
[runlim] sample:		1540.23 time, 1540.22 real, 77 MB
[runlim] sample:		1550.22 time, 1550.22 real, 78 MB
[runlim] sample:		1560.22 time, 1560.22 real, 78 MB
[runlim] sample:		1570.22 time, 1570.22 real, 78 MB
[runlim] sample:		1580.22 time, 1580.22 real, 78 MB
[runlim] sample:		1590.23 time, 1590.22 real, 79 MB
[runlim] sample:		1600.23 time, 1600.22 real, 79 MB
[runlim] sample:		1610.23 time, 1610.22 real, 79 MB
[runlim] sample:		1620.22 time, 1620.22 real, 79 MB
[runlim] sample:		1630.22 time, 1630.22 real, 79 MB
[runlim] sample:		1640.22 time, 1640.22 real, 79 MB
[runlim] sample:		1650.22 time, 1650.22 real, 80 MB
[runlim] sample:		1660.22 time, 1660.22 real, 80 MB
[runlim] sample:		1670.22 time, 1670.22 real, 80 MB
[runlim] sample:		1680.22 time, 1680.22 real, 80 MB
[runlim] sample:		1690.22 time, 1690.22 real, 81 MB
[runlim] sample:		1700.22 time, 1700.22 real, 81 MB
[runlim] sample:		1710.23 time, 1710.22 real, 81 MB
[runlim] sample:		1720.23 time, 1720.22 real, 81 MB
[runlim] sample:		1730.23 time, 1730.22 real, 82 MB
[runlim] sample:		1740.23 time, 1740.22 real, 82 MB
[runlim] sample:		1750.22 time, 1750.22 real, 82 MB
[runlim] sample:		1760.22 time, 1760.22 real, 82 MB
[runlim] end:			Sat Feb 29 06:38:01 2020
[runlim] status:		ok
[runlim] result:		0
[runlim] children:		1
[runlim] real:			1761.48 seconds
[runlim] time:			1761.42 seconds
[runlim] space:			82 MB
[runlim] samples:		17612
