[runlim] version:		1.18
[runlim] host:			c3n10
[runlim] time limit:		2700 seconds
[runlim] real time limit:	2700 seconds
[runlim] space limit:		7000 MB
[runlim] argv[0]:		./binary
[runlim] argv[1]:		/data/cnf/ankit/E1-A1-Red/intermediate32.R
[runlim] start:			Sat Feb 29 06:08:38 2020
[runlim] child:			19334
[runlim] sample:		10.01 time, 10.02 real, 8 MB
[runlim] sample:		20.00 time, 20.02 real, 10 MB
[runlim] sample:		30.01 time, 30.02 real, 11 MB
[runlim] sample:		40.00 time, 40.02 real, 12 MB
[runlim] sample:		50.00 time, 50.01 real, 13 MB
[runlim] sample:		60.00 time, 60.01 real, 14 MB
[runlim] sample:		70.00 time, 70.02 real, 15 MB
[runlim] sample:		80.00 time, 80.01 real, 15 MB
[runlim] sample:		90.20 time, 90.22 real, 16 MB
[runlim] sample:		100.20 time, 100.22 real, 17 MB
[runlim] sample:		110.20 time, 110.21 real, 17 MB
[runlim] sample:		120.19 time, 120.21 real, 18 MB
[runlim] sample:		130.19 time, 130.21 real, 18 MB
[runlim] sample:		140.18 time, 140.21 real, 19 MB
[runlim] sample:		150.17 time, 150.21 real, 20 MB
[runlim] sample:		160.16 time, 160.21 real, 20 MB
[runlim] sample:		170.16 time, 170.21 real, 21 MB
[runlim] sample:		180.15 time, 180.21 real, 21 MB
[runlim] sample:		190.14 time, 190.21 real, 21 MB
[runlim] sample:		200.14 time, 200.21 real, 22 MB
[runlim] sample:		210.13 time, 210.21 real, 22 MB
[runlim] sample:		220.13 time, 220.22 real, 22 MB
[runlim] sample:		230.11 time, 230.21 real, 23 MB
[runlim] sample:		240.11 time, 240.21 real, 23 MB
[runlim] sample:		250.10 time, 250.21 real, 24 MB
[runlim] sample:		260.09 time, 260.21 real, 24 MB
[runlim] sample:		270.09 time, 270.21 real, 24 MB
[runlim] sample:		280.08 time, 280.21 real, 25 MB
[runlim] sample:		290.07 time, 290.21 real, 25 MB
[runlim] sample:		300.06 time, 300.21 real, 25 MB
[runlim] sample:		310.05 time, 310.22 real, 25 MB
[runlim] sample:		320.05 time, 320.21 real, 26 MB
[runlim] sample:		330.03 time, 330.21 real, 26 MB
[runlim] sample:		340.03 time, 340.21 real, 27 MB
[runlim] sample:		350.03 time, 350.21 real, 27 MB
[runlim] sample:		360.02 time, 360.21 real, 27 MB
[runlim] sample:		370.01 time, 370.21 real, 27 MB
[runlim] sample:		380.00 time, 380.21 real, 27 MB
[runlim] sample:		389.99 time, 390.22 real, 28 MB
[runlim] sample:		399.98 time, 400.22 real, 29 MB
[runlim] sample:		409.98 time, 410.22 real, 29 MB
[runlim] sample:		419.97 time, 420.22 real, 29 MB
[runlim] sample:		429.97 time, 430.21 real, 29 MB
[runlim] sample:		439.97 time, 440.21 real, 29 MB
[runlim] sample:		449.97 time, 450.21 real, 30 MB
[runlim] sample:		459.97 time, 460.22 real, 30 MB
[runlim] sample:		469.97 time, 470.22 real, 30 MB
[runlim] sample:		479.97 time, 480.21 real, 31 MB
[runlim] sample:		489.97 time, 490.21 real, 31 MB
[runlim] sample:		499.98 time, 500.21 real, 31 MB
[runlim] sample:		509.97 time, 510.22 real, 31 MB
[runlim] sample:		519.97 time, 520.22 real, 32 MB
[runlim] sample:		529.97 time, 530.22 real, 32 MB
[runlim] sample:		539.97 time, 540.22 real, 32 MB
[runlim] sample:		549.97 time, 550.22 real, 32 MB
[runlim] sample:		559.98 time, 560.22 real, 32 MB
[runlim] sample:		569.97 time, 570.22 real, 33 MB
[runlim] sample:		579.97 time, 580.22 real, 33 MB
[runlim] sample:		589.97 time, 590.22 real, 33 MB
[runlim] sample:		599.97 time, 600.22 real, 33 MB
[runlim] sample:		609.97 time, 610.22 real, 34 MB
[runlim] sample:		619.98 time, 620.22 real, 34 MB
[runlim] sample:		629.97 time, 630.22 real, 34 MB
[runlim] sample:		639.97 time, 640.22 real, 34 MB
[runlim] sample:		649.97 time, 650.22 real, 34 MB
[runlim] sample:		659.97 time, 660.22 real, 34 MB
[runlim] sample:		669.97 time, 670.22 real, 34 MB
[runlim] sample:		679.98 time, 680.22 real, 35 MB
[runlim] sample:		689.97 time, 690.22 real, 35 MB
[runlim] sample:		699.97 time, 700.22 real, 35 MB
[runlim] sample:		709.98 time, 710.22 real, 36 MB
[runlim] sample:		719.97 time, 720.22 real, 36 MB
[runlim] sample:		729.97 time, 730.22 real, 36 MB
[runlim] sample:		739.97 time, 740.22 real, 36 MB
[runlim] sample:		749.97 time, 750.22 real, 36 MB
[runlim] sample:		759.97 time, 760.22 real, 37 MB
[runlim] sample:		769.97 time, 770.22 real, 38 MB
[runlim] sample:		779.97 time, 780.22 real, 38 MB
[runlim] sample:		789.97 time, 790.22 real, 38 MB
[runlim] sample:		799.97 time, 800.22 real, 38 MB
[runlim] sample:		809.96 time, 810.22 real, 38 MB
[runlim] sample:		819.97 time, 820.22 real, 38 MB
[runlim] sample:		829.96 time, 830.22 real, 38 MB
[runlim] sample:		839.97 time, 840.22 real, 38 MB
[runlim] sample:		849.97 time, 850.22 real, 39 MB
[runlim] sample:		859.97 time, 860.22 real, 39 MB
[runlim] sample:		869.96 time, 870.22 real, 39 MB
[runlim] sample:		879.96 time, 880.22 real, 39 MB
[runlim] sample:		889.96 time, 890.22 real, 39 MB
[runlim] sample:		899.96 time, 900.22 real, 40 MB
[runlim] sample:		909.97 time, 910.22 real, 40 MB
[runlim] sample:		919.97 time, 920.22 real, 40 MB
[runlim] sample:		929.97 time, 930.22 real, 40 MB
[runlim] sample:		939.97 time, 940.22 real, 40 MB
[runlim] sample:		949.96 time, 950.22 real, 41 MB
[runlim] sample:		959.96 time, 960.22 real, 41 MB
[runlim] sample:		969.97 time, 970.22 real, 40 MB
[runlim] sample:		979.97 time, 980.22 real, 41 MB
[runlim] sample:		989.96 time, 990.22 real, 41 MB
[runlim] sample:		999.96 time, 1000.22 real, 41 MB
[runlim] sample:		1009.96 time, 1010.22 real, 41 MB
[runlim] sample:		1019.96 time, 1020.22 real, 41 MB
[runlim] sample:		1029.96 time, 1030.22 real, 41 MB
[runlim] sample:		1039.96 time, 1040.22 real, 41 MB
[runlim] sample:		1049.96 time, 1050.22 real, 42 MB
[runlim] sample:		1059.96 time, 1060.22 real, 42 MB
[runlim] sample:		1069.97 time, 1070.22 real, 42 MB
[runlim] sample:		1079.97 time, 1080.22 real, 42 MB
[runlim] sample:		1089.97 time, 1090.22 real, 42 MB
[runlim] sample:		1099.96 time, 1100.22 real, 42 MB
[runlim] sample:		1109.96 time, 1110.22 real, 42 MB
[runlim] sample:		1119.96 time, 1120.22 real, 42 MB
[runlim] sample:		1129.96 time, 1130.22 real, 43 MB
[runlim] sample:		1139.96 time, 1140.22 real, 43 MB
[runlim] sample:		1149.96 time, 1150.22 real, 43 MB
[runlim] sample:		1159.96 time, 1160.22 real, 44 MB
[runlim] sample:		1169.96 time, 1170.22 real, 44 MB
[runlim] sample:		1179.96 time, 1180.22 real, 44 MB
[runlim] sample:		1189.96 time, 1190.22 real, 44 MB
[runlim] sample:		1199.96 time, 1200.22 real, 44 MB
[runlim] sample:		1209.96 time, 1210.22 real, 44 MB
[runlim] sample:		1219.96 time, 1220.22 real, 44 MB
[runlim] sample:		1229.96 time, 1230.22 real, 44 MB
[runlim] sample:		1239.96 time, 1240.22 real, 44 MB
[runlim] sample:		1249.96 time, 1250.22 real, 44 MB
[runlim] sample:		1259.96 time, 1260.22 real, 44 MB
[runlim] sample:		1269.96 time, 1270.22 real, 45 MB
[runlim] sample:		1279.96 time, 1280.22 real, 45 MB
[runlim] sample:		1289.96 time, 1290.22 real, 45 MB
[runlim] sample:		1299.96 time, 1300.22 real, 45 MB
[runlim] sample:		1309.96 time, 1310.22 real, 45 MB
[runlim] sample:		1319.95 time, 1320.22 real, 45 MB
[runlim] sample:		1329.95 time, 1330.22 real, 46 MB
[runlim] sample:		1339.95 time, 1340.22 real, 46 MB
[runlim] sample:		1349.95 time, 1350.22 real, 46 MB
[runlim] sample:		1359.96 time, 1360.22 real, 46 MB
[runlim] sample:		1369.95 time, 1370.22 real, 46 MB
[runlim] sample:		1379.96 time, 1380.22 real, 46 MB
[runlim] sample:		1389.96 time, 1390.22 real, 47 MB
[runlim] sample:		1399.96 time, 1400.22 real, 47 MB
[runlim] sample:		1409.95 time, 1410.22 real, 48 MB
[runlim] sample:		1419.96 time, 1420.22 real, 48 MB
[runlim] sample:		1429.95 time, 1430.22 real, 49 MB
[runlim] sample:		1439.95 time, 1440.22 real, 49 MB
[runlim] sample:		1449.95 time, 1450.22 real, 49 MB
[runlim] sample:		1459.95 time, 1460.22 real, 49 MB
[runlim] sample:		1469.95 time, 1470.22 real, 49 MB
[runlim] sample:		1479.95 time, 1480.22 real, 50 MB
[runlim] sample:		1489.95 time, 1490.22 real, 50 MB
[runlim] sample:		1499.95 time, 1500.22 real, 50 MB
[runlim] sample:		1509.95 time, 1510.22 real, 51 MB
[runlim] sample:		1519.96 time, 1520.22 real, 51 MB
[runlim] sample:		1529.96 time, 1530.22 real, 51 MB
[runlim] sample:		1539.96 time, 1540.22 real, 51 MB
[runlim] sample:		1549.96 time, 1550.22 real, 51 MB
[runlim] sample:		1559.96 time, 1560.22 real, 51 MB
[runlim] sample:		1569.96 time, 1570.22 real, 51 MB
[runlim] sample:		1579.96 time, 1580.22 real, 51 MB
[runlim] sample:		1589.96 time, 1590.22 real, 51 MB
[runlim] sample:		1599.95 time, 1600.22 real, 52 MB
[runlim] sample:		1609.95 time, 1610.22 real, 52 MB
[runlim] sample:		1619.96 time, 1620.22 real, 52 MB
[runlim] sample:		1629.96 time, 1630.22 real, 52 MB
[runlim] sample:		1639.95 time, 1640.22 real, 52 MB
[runlim] sample:		1649.95 time, 1650.22 real, 52 MB
[runlim] sample:		1659.95 time, 1660.22 real, 52 MB
[runlim] sample:		1669.96 time, 1670.22 real, 53 MB
[runlim] sample:		1679.96 time, 1680.22 real, 53 MB
[runlim] sample:		1689.96 time, 1690.22 real, 53 MB
[runlim] sample:		1699.96 time, 1700.22 real, 53 MB
[runlim] sample:		1709.95 time, 1710.22 real, 53 MB
[runlim] sample:		1719.95 time, 1720.22 real, 53 MB
[runlim] sample:		1729.95 time, 1730.22 real, 53 MB
[runlim] sample:		1739.95 time, 1740.22 real, 53 MB
[runlim] sample:		1749.95 time, 1750.22 real, 53 MB
[runlim] sample:		1759.96 time, 1760.22 real, 54 MB
[runlim] sample:		1769.95 time, 1770.22 real, 54 MB
[runlim] sample:		1779.95 time, 1780.22 real, 54 MB
[runlim] sample:		1789.96 time, 1790.22 real, 54 MB
[runlim] sample:		1799.96 time, 1800.22 real, 54 MB
[runlim] sample:		1809.95 time, 1810.22 real, 54 MB
[runlim] sample:		1819.96 time, 1820.22 real, 54 MB
[runlim] sample:		1829.96 time, 1830.22 real, 54 MB
[runlim] sample:		1839.96 time, 1840.22 real, 54 MB
[runlim] sample:		1849.96 time, 1850.22 real, 54 MB
[runlim] sample:		1859.95 time, 1860.22 real, 54 MB
[runlim] sample:		1869.95 time, 1870.22 real, 55 MB
[runlim] sample:		1879.95 time, 1880.22 real, 55 MB
[runlim] sample:		1889.95 time, 1890.22 real, 55 MB
[runlim] sample:		1899.96 time, 1900.22 real, 55 MB
[runlim] sample:		1909.95 time, 1910.22 real, 56 MB
[runlim] sample:		1919.95 time, 1920.22 real, 56 MB
[runlim] sample:		1929.96 time, 1930.22 real, 56 MB
[runlim] sample:		1939.96 time, 1940.22 real, 56 MB
[runlim] sample:		1949.95 time, 1950.22 real, 56 MB
[runlim] sample:		1959.96 time, 1960.22 real, 56 MB
[runlim] sample:		1969.95 time, 1970.22 real, 56 MB
[runlim] sample:		1979.95 time, 1980.22 real, 56 MB
[runlim] sample:		1989.95 time, 1990.22 real, 56 MB
[runlim] sample:		1999.95 time, 2000.22 real, 56 MB
[runlim] sample:		2009.96 time, 2010.22 real, 56 MB
[runlim] sample:		2019.95 time, 2020.22 real, 57 MB
[runlim] sample:		2029.95 time, 2030.22 real, 57 MB
[runlim] sample:		2039.96 time, 2040.22 real, 57 MB
[runlim] sample:		2049.96 time, 2050.22 real, 57 MB
[runlim] sample:		2059.95 time, 2060.22 real, 57 MB
[runlim] sample:		2069.95 time, 2070.22 real, 57 MB
[runlim] sample:		2079.95 time, 2080.22 real, 58 MB
[runlim] sample:		2089.95 time, 2090.22 real, 58 MB
[runlim] sample:		2099.96 time, 2100.22 real, 58 MB
[runlim] sample:		2109.95 time, 2110.22 real, 58 MB
[runlim] sample:		2119.96 time, 2120.22 real, 58 MB
[runlim] sample:		2129.95 time, 2130.22 real, 58 MB
[runlim] sample:		2139.95 time, 2140.22 real, 58 MB
[runlim] sample:		2149.95 time, 2150.22 real, 58 MB
[runlim] sample:		2159.95 time, 2160.22 real, 58 MB
[runlim] sample:		2169.95 time, 2170.22 real, 58 MB
[runlim] sample:		2179.95 time, 2180.22 real, 58 MB
[runlim] sample:		2189.95 time, 2190.22 real, 58 MB
[runlim] sample:		2199.95 time, 2200.22 real, 58 MB
[runlim] sample:		2209.96 time, 2210.22 real, 58 MB
[runlim] sample:		2219.96 time, 2220.22 real, 58 MB
[runlim] sample:		2229.96 time, 2230.22 real, 59 MB
[runlim] sample:		2239.95 time, 2240.22 real, 59 MB
[runlim] sample:		2249.96 time, 2250.22 real, 59 MB
[runlim] sample:		2259.96 time, 2260.22 real, 59 MB
[runlim] sample:		2269.96 time, 2270.22 real, 59 MB
[runlim] sample:		2279.95 time, 2280.22 real, 59 MB
[runlim] sample:		2289.95 time, 2290.22 real, 59 MB
[runlim] sample:		2299.95 time, 2300.22 real, 59 MB
[runlim] sample:		2309.95 time, 2310.22 real, 59 MB
[runlim] sample:		2319.95 time, 2320.22 real, 59 MB
[runlim] sample:		2329.95 time, 2330.22 real, 60 MB
[runlim] sample:		2339.96 time, 2340.22 real, 60 MB
[runlim] sample:		2349.95 time, 2350.22 real, 60 MB
[runlim] sample:		2359.95 time, 2360.22 real, 60 MB
[runlim] sample:		2369.95 time, 2370.22 real, 60 MB
[runlim] sample:		2379.95 time, 2380.22 real, 60 MB
[runlim] sample:		2389.95 time, 2390.22 real, 60 MB
[runlim] sample:		2399.95 time, 2400.22 real, 61 MB
[runlim] sample:		2409.96 time, 2410.22 real, 61 MB
[runlim] sample:		2419.95 time, 2420.22 real, 61 MB
[runlim] sample:		2429.96 time, 2430.22 real, 61 MB
[runlim] sample:		2439.96 time, 2440.22 real, 61 MB
[runlim] sample:		2449.96 time, 2450.22 real, 61 MB
[runlim] sample:		2459.95 time, 2460.22 real, 61 MB
[runlim] sample:		2469.95 time, 2470.22 real, 61 MB
[runlim] sample:		2479.95 time, 2480.22 real, 61 MB
[runlim] sample:		2489.95 time, 2490.22 real, 61 MB
[runlim] sample:		2499.95 time, 2500.22 real, 61 MB
[runlim] sample:		2509.95 time, 2510.22 real, 62 MB
[runlim] sample:		2519.96 time, 2520.22 real, 62 MB
[runlim] sample:		2529.96 time, 2530.22 real, 62 MB
[runlim] sample:		2539.96 time, 2540.22 real, 62 MB
[runlim] sample:		2549.95 time, 2550.22 real, 62 MB
[runlim] sample:		2559.95 time, 2560.22 real, 62 MB
[runlim] sample:		2569.95 time, 2570.22 real, 62 MB
[runlim] sample:		2579.95 time, 2580.22 real, 62 MB
[runlim] sample:		2589.96 time, 2590.22 real, 62 MB
[runlim] sample:		2599.95 time, 2600.22 real, 62 MB
[runlim] sample:		2609.96 time, 2610.22 real, 62 MB
[runlim] sample:		2619.95 time, 2620.22 real, 62 MB
[runlim] sample:		2629.95 time, 2630.22 real, 62 MB
[runlim] sample:		2639.96 time, 2640.22 real, 62 MB
[runlim] sample:		2649.96 time, 2650.22 real, 63 MB
[runlim] sample:		2659.95 time, 2660.22 real, 63 MB
[runlim] sample:		2669.95 time, 2670.22 real, 63 MB
[runlim] sample:		2679.96 time, 2680.22 real, 63 MB
[runlim] sample:		2689.96 time, 2690.22 real, 63 MB


 SIG RECEIVED

[runlim] end:			Sat Feb 29 06:53:38 2020
[runlim] status:		out of time
[runlim] result:		2
[runlim] children:		1
[runlim] real:			2700.12 seconds
[runlim] time:			2699.75 seconds
[runlim] space:			63 MB
[runlim] samples:		26998
