[runlim] version:		1.18
[runlim] host:			c3n11
[runlim] time limit:		2700 seconds
[runlim] real time limit:	2700 seconds
[runlim] space limit:		7000 MB
[runlim] argv[0]:		./binary
[runlim] argv[1]:		/data/cnf/ankit/E1-A1-Red/pdtpmsmiim.R
[runlim] start:			Sat Feb 29 06:08:38 2020
[runlim] child:			18383
[runlim] sample:		9.98 time, 10.02 real, 9 MB
[runlim] sample:		19.98 time, 20.02 real, 11 MB
[runlim] sample:		29.98 time, 30.02 real, 12 MB
[runlim] sample:		39.98 time, 40.02 real, 13 MB
[runlim] sample:		49.98 time, 50.02 real, 14 MB
[runlim] sample:		59.97 time, 60.02 real, 15 MB
[runlim] sample:		69.97 time, 70.02 real, 16 MB
[runlim] sample:		79.97 time, 80.02 real, 16 MB
[runlim] sample:		90.28 time, 90.32 real, 17 MB
[runlim] sample:		100.28 time, 100.32 real, 17 MB
[runlim] sample:		110.28 time, 110.32 real, 17 MB
[runlim] sample:		120.28 time, 120.32 real, 18 MB
[runlim] sample:		130.28 time, 130.32 real, 18 MB
[runlim] sample:		140.28 time, 140.32 real, 19 MB
[runlim] sample:		150.28 time, 150.32 real, 19 MB
[runlim] sample:		160.28 time, 160.32 real, 20 MB
[runlim] sample:		170.28 time, 170.32 real, 20 MB
[runlim] sample:		180.28 time, 180.32 real, 20 MB
[runlim] sample:		190.28 time, 190.32 real, 21 MB
[runlim] sample:		200.28 time, 200.32 real, 21 MB
[runlim] sample:		210.28 time, 210.32 real, 22 MB
[runlim] sample:		220.28 time, 220.32 real, 22 MB
[runlim] sample:		230.28 time, 230.32 real, 22 MB
[runlim] sample:		240.28 time, 240.32 real, 24 MB
[runlim] sample:		250.28 time, 250.32 real, 23 MB
[runlim] sample:		260.28 time, 260.32 real, 23 MB
[runlim] sample:		270.28 time, 270.32 real, 24 MB
[runlim] sample:		280.28 time, 280.32 real, 24 MB
[runlim] sample:		290.28 time, 290.32 real, 25 MB
[runlim] sample:		300.28 time, 300.32 real, 25 MB
[runlim] sample:		310.28 time, 310.32 real, 25 MB
[runlim] sample:		320.28 time, 320.32 real, 25 MB
[runlim] sample:		330.28 time, 330.32 real, 25 MB
[runlim] sample:		340.28 time, 340.32 real, 25 MB
[runlim] sample:		350.28 time, 350.32 real, 26 MB
[runlim] sample:		360.28 time, 360.32 real, 26 MB
[runlim] sample:		370.28 time, 370.32 real, 26 MB
[runlim] sample:		380.28 time, 380.32 real, 27 MB
[runlim] sample:		390.28 time, 390.32 real, 27 MB
[runlim] sample:		400.28 time, 400.32 real, 27 MB
[runlim] sample:		410.28 time, 410.32 real, 28 MB
[runlim] sample:		420.28 time, 420.32 real, 28 MB
[runlim] sample:		430.28 time, 430.32 real, 28 MB
[runlim] sample:		440.28 time, 440.32 real, 28 MB
[runlim] sample:		450.28 time, 450.32 real, 28 MB
[runlim] sample:		460.28 time, 460.32 real, 29 MB
[runlim] sample:		470.28 time, 470.32 real, 29 MB
[runlim] sample:		480.28 time, 480.32 real, 29 MB
[runlim] sample:		490.28 time, 490.32 real, 30 MB
[runlim] sample:		500.28 time, 500.32 real, 30 MB
[runlim] sample:		510.28 time, 510.32 real, 30 MB
[runlim] sample:		520.28 time, 520.32 real, 30 MB
[runlim] sample:		530.28 time, 530.32 real, 30 MB
[runlim] sample:		540.28 time, 540.32 real, 32 MB
[runlim] sample:		550.28 time, 550.32 real, 31 MB
[runlim] sample:		560.28 time, 560.32 real, 31 MB
[runlim] sample:		570.27 time, 570.32 real, 32 MB
[runlim] sample:		580.27 time, 580.32 real, 32 MB
[runlim] sample:		590.27 time, 590.32 real, 32 MB
[runlim] sample:		600.27 time, 600.32 real, 32 MB
[runlim] sample:		610.27 time, 610.32 real, 32 MB
[runlim] sample:		620.27 time, 620.32 real, 32 MB
[runlim] sample:		630.27 time, 630.32 real, 33 MB
[runlim] sample:		640.27 time, 640.32 real, 33 MB
[runlim] sample:		650.27 time, 650.32 real, 33 MB
[runlim] sample:		660.27 time, 660.32 real, 33 MB
[runlim] sample:		670.27 time, 670.32 real, 33 MB
[runlim] sample:		680.27 time, 680.32 real, 33 MB
[runlim] sample:		690.27 time, 690.32 real, 33 MB
[runlim] sample:		700.27 time, 700.32 real, 34 MB
[runlim] sample:		710.27 time, 710.32 real, 34 MB
[runlim] sample:		720.27 time, 720.32 real, 34 MB
[runlim] sample:		730.27 time, 730.32 real, 35 MB
[runlim] sample:		740.28 time, 740.32 real, 35 MB
[runlim] sample:		750.28 time, 750.32 real, 35 MB
[runlim] sample:		760.28 time, 760.32 real, 35 MB
[runlim] sample:		770.28 time, 770.32 real, 35 MB
[runlim] sample:		780.28 time, 780.32 real, 36 MB
[runlim] sample:		790.28 time, 790.32 real, 36 MB
[runlim] sample:		800.28 time, 800.32 real, 36 MB
[runlim] sample:		810.28 time, 810.32 real, 36 MB
[runlim] sample:		820.28 time, 820.32 real, 36 MB
[runlim] sample:		830.28 time, 830.32 real, 36 MB
[runlim] sample:		840.28 time, 840.32 real, 37 MB
[runlim] sample:		850.28 time, 850.32 real, 37 MB
[runlim] sample:		860.28 time, 860.32 real, 37 MB
[runlim] sample:		870.28 time, 870.32 real, 37 MB
[runlim] sample:		880.28 time, 880.32 real, 37 MB
[runlim] sample:		890.28 time, 890.32 real, 37 MB
[runlim] sample:		900.27 time, 900.32 real, 38 MB
[runlim] sample:		910.27 time, 910.32 real, 38 MB
[runlim] sample:		920.27 time, 920.32 real, 37 MB
[runlim] sample:		930.28 time, 930.32 real, 38 MB
[runlim] sample:		940.28 time, 940.32 real, 38 MB
[runlim] sample:		950.28 time, 950.32 real, 38 MB
[runlim] sample:		960.28 time, 960.32 real, 38 MB
[runlim] sample:		970.28 time, 970.32 real, 39 MB
[runlim] sample:		980.28 time, 980.32 real, 39 MB
[runlim] sample:		990.28 time, 990.32 real, 39 MB
[runlim] sample:		1000.28 time, 1000.32 real, 39 MB
[runlim] sample:		1010.28 time, 1010.32 real, 39 MB
[runlim] sample:		1020.28 time, 1020.32 real, 39 MB
[runlim] sample:		1030.28 time, 1030.32 real, 39 MB
[runlim] sample:		1040.27 time, 1040.32 real, 39 MB
[runlim] sample:		1050.27 time, 1050.32 real, 40 MB
[runlim] sample:		1060.27 time, 1060.32 real, 40 MB
[runlim] sample:		1070.27 time, 1070.32 real, 40 MB
[runlim] sample:		1080.27 time, 1080.32 real, 40 MB
[runlim] sample:		1090.27 time, 1090.32 real, 40 MB
[runlim] sample:		1100.28 time, 1100.32 real, 41 MB
[runlim] sample:		1110.28 time, 1110.32 real, 41 MB
[runlim] sample:		1120.28 time, 1120.32 real, 41 MB
[runlim] sample:		1130.28 time, 1130.32 real, 41 MB
[runlim] sample:		1140.28 time, 1140.32 real, 40 MB
[runlim] sample:		1150.28 time, 1150.32 real, 41 MB
[runlim] sample:		1160.28 time, 1160.32 real, 41 MB
[runlim] sample:		1170.28 time, 1170.32 real, 42 MB
[runlim] sample:		1180.28 time, 1180.32 real, 42 MB
[runlim] sample:		1190.28 time, 1190.32 real, 41 MB
[runlim] sample:		1200.28 time, 1200.32 real, 41 MB
[runlim] sample:		1210.28 time, 1210.32 real, 42 MB
[runlim] sample:		1220.28 time, 1220.32 real, 42 MB
[runlim] sample:		1230.28 time, 1230.32 real, 43 MB
[runlim] sample:		1240.28 time, 1240.32 real, 43 MB
[runlim] sample:		1250.28 time, 1250.32 real, 42 MB
[runlim] sample:		1260.28 time, 1260.32 real, 43 MB
[runlim] sample:		1270.28 time, 1270.32 real, 43 MB
[runlim] sample:		1280.28 time, 1280.32 real, 43 MB
[runlim] sample:		1290.28 time, 1290.32 real, 43 MB
[runlim] sample:		1300.27 time, 1300.32 real, 43 MB
[runlim] sample:		1310.27 time, 1310.32 real, 43 MB
[runlim] sample:		1320.27 time, 1320.32 real, 43 MB
[runlim] sample:		1330.28 time, 1330.32 real, 43 MB
[runlim] sample:		1340.28 time, 1340.32 real, 45 MB
[runlim] sample:		1350.28 time, 1350.32 real, 45 MB
[runlim] sample:		1360.28 time, 1360.32 real, 44 MB
[runlim] sample:		1370.28 time, 1370.32 real, 44 MB
[runlim] sample:		1380.28 time, 1380.32 real, 44 MB
[runlim] sample:		1390.28 time, 1390.32 real, 44 MB
[runlim] sample:		1400.28 time, 1400.32 real, 45 MB
[runlim] sample:		1410.28 time, 1410.32 real, 45 MB
[runlim] sample:		1420.28 time, 1420.32 real, 45 MB
[runlim] sample:		1430.28 time, 1430.32 real, 45 MB
[runlim] sample:		1440.28 time, 1440.32 real, 45 MB
[runlim] sample:		1450.28 time, 1450.32 real, 45 MB
[runlim] sample:		1460.27 time, 1460.32 real, 45 MB
[runlim] sample:		1470.27 time, 1470.32 real, 45 MB
[runlim] sample:		1480.27 time, 1480.32 real, 45 MB
[runlim] sample:		1490.27 time, 1490.32 real, 45 MB
[runlim] sample:		1500.27 time, 1500.32 real, 46 MB
[runlim] sample:		1510.27 time, 1510.32 real, 46 MB
[runlim] sample:		1520.27 time, 1520.32 real, 46 MB
[runlim] sample:		1530.28 time, 1530.32 real, 46 MB
[runlim] sample:		1540.28 time, 1540.32 real, 46 MB
[runlim] sample:		1550.28 time, 1550.32 real, 46 MB
[runlim] sample:		1560.28 time, 1560.32 real, 47 MB
[runlim] sample:		1570.28 time, 1570.32 real, 47 MB
[runlim] sample:		1580.28 time, 1580.32 real, 47 MB
[runlim] sample:		1590.28 time, 1590.32 real, 47 MB
[runlim] sample:		1600.28 time, 1600.32 real, 47 MB
[runlim] sample:		1610.28 time, 1610.32 real, 47 MB
[runlim] sample:		1620.28 time, 1620.32 real, 47 MB
[runlim] sample:		1630.28 time, 1630.32 real, 47 MB
[runlim] sample:		1640.28 time, 1640.32 real, 47 MB
[runlim] sample:		1650.28 time, 1650.32 real, 47 MB
[runlim] sample:		1660.28 time, 1660.32 real, 47 MB
[runlim] sample:		1670.28 time, 1670.32 real, 48 MB
[runlim] sample:		1680.28 time, 1680.32 real, 48 MB
[runlim] sample:		1690.28 time, 1690.32 real, 48 MB
[runlim] sample:		1700.28 time, 1700.32 real, 48 MB
[runlim] sample:		1710.28 time, 1710.32 real, 48 MB
[runlim] sample:		1720.28 time, 1720.32 real, 48 MB
[runlim] sample:		1730.28 time, 1730.32 real, 48 MB
[runlim] sample:		1740.28 time, 1740.32 real, 50 MB
[runlim] sample:		1750.28 time, 1750.32 real, 50 MB
[runlim] sample:		1760.28 time, 1760.32 real, 50 MB
[runlim] sample:		1770.28 time, 1770.32 real, 50 MB
[runlim] sample:		1780.28 time, 1780.32 real, 50 MB
[runlim] sample:		1790.28 time, 1790.32 real, 50 MB
[runlim] sample:		1800.28 time, 1800.32 real, 50 MB
[runlim] sample:		1810.28 time, 1810.32 real, 50 MB
[runlim] sample:		1820.28 time, 1820.32 real, 50 MB
[runlim] sample:		1830.28 time, 1830.32 real, 50 MB
[runlim] sample:		1840.28 time, 1840.32 real, 50 MB
[runlim] sample:		1850.28 time, 1850.32 real, 50 MB
[runlim] sample:		1860.28 time, 1860.32 real, 50 MB
[runlim] sample:		1870.28 time, 1870.32 real, 50 MB
[runlim] sample:		1880.28 time, 1880.32 real, 51 MB
[runlim] sample:		1890.28 time, 1890.32 real, 51 MB
[runlim] sample:		1900.28 time, 1900.32 real, 51 MB
[runlim] sample:		1910.28 time, 1910.32 real, 51 MB
[runlim] sample:		1920.28 time, 1920.32 real, 51 MB
[runlim] sample:		1930.28 time, 1930.32 real, 51 MB
[runlim] sample:		1940.28 time, 1940.32 real, 51 MB
[runlim] sample:		1950.28 time, 1950.32 real, 51 MB
[runlim] sample:		1960.28 time, 1960.32 real, 52 MB
[runlim] sample:		1970.28 time, 1970.32 real, 52 MB
[runlim] sample:		1980.28 time, 1980.32 real, 52 MB
[runlim] sample:		1990.28 time, 1990.32 real, 52 MB
[runlim] sample:		2000.28 time, 2000.32 real, 52 MB
[runlim] sample:		2010.28 time, 2010.32 real, 52 MB
[runlim] sample:		2020.28 time, 2020.32 real, 52 MB
[runlim] sample:		2030.28 time, 2030.32 real, 53 MB
[runlim] sample:		2040.28 time, 2040.32 real, 53 MB
[runlim] sample:		2050.28 time, 2050.32 real, 53 MB
[runlim] sample:		2060.28 time, 2060.32 real, 53 MB
[runlim] sample:		2070.28 time, 2070.32 real, 53 MB
[runlim] sample:		2080.28 time, 2080.32 real, 53 MB
[runlim] sample:		2090.28 time, 2090.32 real, 53 MB
[runlim] sample:		2100.28 time, 2100.32 real, 53 MB
[runlim] sample:		2110.28 time, 2110.32 real, 53 MB
[runlim] sample:		2120.28 time, 2120.32 real, 53 MB
[runlim] sample:		2130.28 time, 2130.32 real, 54 MB
[runlim] sample:		2140.28 time, 2140.32 real, 54 MB
[runlim] sample:		2150.28 time, 2150.32 real, 54 MB
[runlim] sample:		2160.28 time, 2160.32 real, 54 MB
[runlim] sample:		2170.28 time, 2170.32 real, 54 MB
[runlim] sample:		2180.28 time, 2180.32 real, 54 MB
[runlim] sample:		2190.28 time, 2190.32 real, 54 MB
[runlim] sample:		2200.28 time, 2200.32 real, 54 MB
[runlim] sample:		2210.28 time, 2210.32 real, 54 MB
[runlim] sample:		2220.28 time, 2220.32 real, 54 MB
[runlim] sample:		2230.28 time, 2230.32 real, 54 MB
[runlim] sample:		2240.28 time, 2240.32 real, 54 MB
[runlim] sample:		2250.28 time, 2250.32 real, 54 MB
[runlim] sample:		2260.28 time, 2260.32 real, 54 MB
[runlim] sample:		2270.28 time, 2270.32 real, 54 MB
[runlim] sample:		2280.28 time, 2280.32 real, 54 MB
[runlim] sample:		2290.28 time, 2290.32 real, 55 MB
[runlim] sample:		2300.28 time, 2300.32 real, 55 MB
[runlim] sample:		2310.28 time, 2310.32 real, 55 MB
[runlim] sample:		2320.28 time, 2320.32 real, 55 MB
[runlim] sample:		2330.28 time, 2330.32 real, 55 MB
[runlim] sample:		2340.28 time, 2340.32 real, 55 MB
[runlim] sample:		2350.28 time, 2350.32 real, 55 MB
[runlim] sample:		2360.28 time, 2360.32 real, 55 MB
[runlim] sample:		2370.28 time, 2370.32 real, 56 MB
[runlim] sample:		2380.28 time, 2380.32 real, 56 MB
[runlim] sample:		2390.28 time, 2390.32 real, 56 MB
[runlim] sample:		2400.28 time, 2400.32 real, 56 MB
[runlim] sample:		2410.28 time, 2410.32 real, 56 MB
[runlim] sample:		2420.28 time, 2420.32 real, 56 MB
[runlim] sample:		2430.28 time, 2430.32 real, 56 MB
[runlim] sample:		2440.28 time, 2440.32 real, 56 MB
[runlim] sample:		2450.28 time, 2450.32 real, 56 MB
[runlim] sample:		2460.28 time, 2460.32 real, 56 MB
[runlim] sample:		2470.28 time, 2470.32 real, 56 MB
[runlim] sample:		2480.28 time, 2480.32 real, 56 MB
[runlim] sample:		2490.28 time, 2490.32 real, 56 MB
[runlim] sample:		2500.28 time, 2500.32 real, 56 MB
[runlim] sample:		2510.28 time, 2510.32 real, 57 MB
[runlim] sample:		2520.28 time, 2520.32 real, 57 MB
[runlim] sample:		2530.28 time, 2530.32 real, 57 MB
[runlim] sample:		2540.28 time, 2540.32 real, 57 MB
[runlim] sample:		2550.28 time, 2550.32 real, 57 MB
[runlim] sample:		2560.28 time, 2560.32 real, 57 MB
[runlim] sample:		2570.28 time, 2570.32 real, 57 MB
[runlim] sample:		2580.28 time, 2580.32 real, 57 MB
[runlim] sample:		2590.28 time, 2590.32 real, 57 MB
[runlim] sample:		2600.28 time, 2600.32 real, 58 MB
[runlim] sample:		2610.28 time, 2610.32 real, 58 MB
[runlim] sample:		2620.28 time, 2620.32 real, 58 MB
[runlim] sample:		2630.28 time, 2630.32 real, 58 MB
[runlim] sample:		2640.28 time, 2640.32 real, 58 MB
[runlim] sample:		2650.28 time, 2650.32 real, 58 MB
[runlim] sample:		2660.28 time, 2660.32 real, 58 MB
[runlim] sample:		2670.28 time, 2670.32 real, 58 MB
[runlim] sample:		2680.28 time, 2680.32 real, 58 MB
[runlim] sample:		2690.28 time, 2690.32 real, 58 MB


 SIG RECEIVED

[runlim] end:			Sat Feb 29 06:53:38 2020
[runlim] status:		out of time
[runlim] result:		2
[runlim] children:		1
[runlim] real:			2700.12 seconds
[runlim] time:			2699.98 seconds
[runlim] space:			58 MB
[runlim] samples:		26997
