[runlim] version:		1.18
[runlim] host:			c3n11
[runlim] time limit:		2700 seconds
[runlim] real time limit:	2700 seconds
[runlim] space limit:		7000 MB
[runlim] argv[0]:		./binary
[runlim] argv[1]:		/data/cnf/ankit/E1-A1-Red/query10_reachqu_1344.dqbf
[runlim] start:			Sat Feb 29 06:08:38 2020
[runlim] child:			18474
[runlim] sample:		9.97 time, 10.02 real, 100 MB
[runlim] sample:		19.98 time, 20.02 real, 102 MB
[runlim] sample:		29.97 time, 30.02 real, 104 MB
[runlim] end:			Sat Feb 29 06:09:17 2020
[runlim] status:		ok
[runlim] result:		0
[runlim] children:		1
[runlim] real:			38.55 seconds
[runlim] time:			38.47 seconds
[runlim] space:			106 MB
[runlim] samples:		385
