[runlim] version:		1.18
[runlim] host:			c3n11
[runlim] time limit:		2700 seconds
[runlim] real time limit:	2700 seconds
[runlim] space limit:		7000 MB
[runlim] argv[0]:		./binary
[runlim] argv[1]:		/data/cnf/ankit/E1-A1-Red/reachqu_query01_1344.dqbf
[runlim] start:			Sat Feb 29 06:08:38 2020
[runlim] child:			18488
[runlim] sample:		10.00 time, 10.02 real, 59 MB
[runlim] sample:		19.99 time, 20.02 real, 59 MB
[runlim] sample:		30.00 time, 30.02 real, 59 MB
[runlim] sample:		40.00 time, 40.02 real, 59 MB
[runlim] sample:		50.00 time, 50.02 real, 59 MB
[runlim] sample:		60.00 time, 60.02 real, 59 MB
[runlim] sample:		70.00 time, 70.02 real, 59 MB
[runlim] sample:		80.00 time, 80.02 real, 59 MB
[runlim] sample:		90.30 time, 90.32 real, 59 MB
[runlim] sample:		100.29 time, 100.32 real, 59 MB
[runlim] sample:		110.30 time, 110.32 real, 59 MB
[runlim] sample:		120.30 time, 120.32 real, 59 MB
[runlim] sample:		130.29 time, 130.32 real, 59 MB
[runlim] sample:		140.30 time, 140.32 real, 59 MB
[runlim] sample:		150.30 time, 150.32 real, 59 MB
[runlim] sample:		160.30 time, 160.32 real, 59 MB
[runlim] sample:		170.29 time, 170.32 real, 59 MB
[runlim] sample:		180.29 time, 180.32 real, 59 MB
[runlim] sample:		190.29 time, 190.32 real, 59 MB
[runlim] sample:		200.29 time, 200.32 real, 60 MB
[runlim] sample:		210.29 time, 210.32 real, 60 MB
[runlim] sample:		220.29 time, 220.32 real, 60 MB
[runlim] sample:		230.30 time, 230.32 real, 60 MB
[runlim] sample:		240.29 time, 240.32 real, 61 MB
[runlim] sample:		250.30 time, 250.32 real, 61 MB
[runlim] sample:		260.30 time, 260.32 real, 63 MB
[runlim] sample:		270.29 time, 270.32 real, 63 MB
[runlim] sample:		280.30 time, 280.32 real, 63 MB
[runlim] sample:		290.30 time, 290.32 real, 63 MB
[runlim] sample:		300.30 time, 300.32 real, 63 MB
[runlim] sample:		310.30 time, 310.32 real, 64 MB
[runlim] sample:		320.30 time, 320.32 real, 64 MB
[runlim] sample:		330.29 time, 330.32 real, 64 MB
[runlim] sample:		340.29 time, 340.32 real, 65 MB
[runlim] sample:		350.30 time, 350.32 real, 65 MB
[runlim] sample:		360.30 time, 360.32 real, 65 MB
[runlim] sample:		370.29 time, 370.32 real, 66 MB
[runlim] sample:		380.30 time, 380.32 real, 66 MB
[runlim] sample:		390.30 time, 390.32 real, 66 MB
[runlim] sample:		400.30 time, 400.32 real, 66 MB
[runlim] sample:		410.30 time, 410.32 real, 67 MB
[runlim] sample:		420.29 time, 420.32 real, 67 MB
[runlim] sample:		430.30 time, 430.32 real, 67 MB
[runlim] sample:		440.29 time, 440.32 real, 68 MB
[runlim] sample:		450.30 time, 450.32 real, 69 MB
[runlim] sample:		460.30 time, 460.32 real, 69 MB
[runlim] sample:		470.30 time, 470.32 real, 69 MB
[runlim] sample:		480.29 time, 480.32 real, 69 MB
[runlim] sample:		490.29 time, 490.32 real, 69 MB
[runlim] sample:		500.30 time, 500.32 real, 69 MB
[runlim] sample:		510.30 time, 510.32 real, 69 MB
[runlim] sample:		520.30 time, 520.32 real, 70 MB
[runlim] sample:		530.29 time, 530.32 real, 70 MB
[runlim] sample:		540.29 time, 540.32 real, 71 MB
[runlim] sample:		550.29 time, 550.32 real, 71 MB
[runlim] sample:		560.30 time, 560.32 real, 72 MB
[runlim] sample:		570.30 time, 570.32 real, 72 MB
[runlim] sample:		580.30 time, 580.32 real, 72 MB
[runlim] sample:		590.29 time, 590.32 real, 73 MB
[runlim] sample:		600.29 time, 600.32 real, 73 MB
[runlim] sample:		610.29 time, 610.32 real, 73 MB
[runlim] sample:		620.30 time, 620.32 real, 74 MB
[runlim] sample:		630.29 time, 630.32 real, 74 MB
[runlim] sample:		640.29 time, 640.32 real, 74 MB
[runlim] sample:		650.29 time, 650.32 real, 74 MB
[runlim] sample:		660.29 time, 660.32 real, 74 MB
[runlim] sample:		670.29 time, 670.32 real, 74 MB
[runlim] sample:		680.29 time, 680.32 real, 74 MB
[runlim] sample:		690.29 time, 690.32 real, 74 MB
[runlim] sample:		700.29 time, 700.32 real, 74 MB
[runlim] sample:		710.29 time, 710.32 real, 74 MB
[runlim] sample:		720.29 time, 720.32 real, 75 MB
[runlim] sample:		730.29 time, 730.32 real, 75 MB
[runlim] sample:		740.30 time, 740.32 real, 76 MB
[runlim] sample:		750.29 time, 750.32 real, 77 MB
[runlim] sample:		760.29 time, 760.32 real, 78 MB
[runlim] sample:		770.29 time, 770.32 real, 78 MB
[runlim] sample:		780.29 time, 780.32 real, 78 MB
[runlim] sample:		790.29 time, 790.32 real, 78 MB
[runlim] sample:		800.30 time, 800.32 real, 78 MB
[runlim] sample:		810.29 time, 810.32 real, 78 MB
[runlim] sample:		820.29 time, 820.32 real, 78 MB
[runlim] sample:		830.29 time, 830.32 real, 78 MB
[runlim] sample:		840.29 time, 840.32 real, 78 MB
[runlim] sample:		850.29 time, 850.32 real, 79 MB
[runlim] sample:		860.30 time, 860.32 real, 79 MB
[runlim] sample:		870.30 time, 870.32 real, 79 MB
[runlim] sample:		880.30 time, 880.32 real, 79 MB
[runlim] sample:		890.29 time, 890.32 real, 79 MB
[runlim] sample:		900.29 time, 900.32 real, 79 MB
[runlim] sample:		910.30 time, 910.32 real, 79 MB
[runlim] sample:		920.30 time, 920.32 real, 79 MB
[runlim] sample:		930.30 time, 930.32 real, 80 MB
[runlim] sample:		940.30 time, 940.32 real, 80 MB
[runlim] sample:		950.30 time, 950.32 real, 80 MB
[runlim] sample:		960.30 time, 960.32 real, 80 MB
[runlim] sample:		970.30 time, 970.32 real, 80 MB
[runlim] sample:		980.30 time, 980.32 real, 80 MB
[runlim] sample:		990.29 time, 990.32 real, 81 MB
[runlim] sample:		1000.29 time, 1000.32 real, 81 MB
[runlim] sample:		1010.30 time, 1010.32 real, 81 MB
[runlim] sample:		1020.30 time, 1020.32 real, 82 MB
[runlim] sample:		1030.29 time, 1030.32 real, 82 MB
[runlim] sample:		1040.29 time, 1040.32 real, 82 MB
[runlim] sample:		1050.30 time, 1050.32 real, 82 MB
[runlim] sample:		1060.29 time, 1060.32 real, 83 MB
[runlim] sample:		1070.30 time, 1070.32 real, 83 MB
[runlim] sample:		1080.30 time, 1080.32 real, 83 MB
[runlim] sample:		1090.30 time, 1090.32 real, 83 MB
[runlim] sample:		1100.29 time, 1100.32 real, 83 MB
[runlim] sample:		1110.29 time, 1110.32 real, 83 MB
[runlim] sample:		1120.29 time, 1120.32 real, 83 MB
[runlim] sample:		1130.30 time, 1130.32 real, 84 MB
[runlim] sample:		1140.29 time, 1140.32 real, 84 MB
[runlim] sample:		1150.29 time, 1150.32 real, 84 MB
[runlim] sample:		1160.30 time, 1160.32 real, 84 MB
[runlim] sample:		1170.29 time, 1170.32 real, 84 MB
[runlim] sample:		1180.29 time, 1180.32 real, 84 MB
[runlim] sample:		1190.30 time, 1190.32 real, 85 MB
[runlim] sample:		1200.30 time, 1200.32 real, 86 MB
[runlim] sample:		1210.29 time, 1210.32 real, 86 MB
[runlim] sample:		1220.30 time, 1220.32 real, 87 MB
[runlim] sample:		1230.30 time, 1230.32 real, 87 MB
[runlim] sample:		1240.29 time, 1240.32 real, 87 MB
[runlim] sample:		1250.30 time, 1250.32 real, 87 MB
[runlim] sample:		1260.30 time, 1260.32 real, 87 MB
[runlim] sample:		1270.30 time, 1270.32 real, 87 MB
[runlim] sample:		1280.29 time, 1280.32 real, 88 MB
[runlim] sample:		1290.30 time, 1290.32 real, 88 MB
[runlim] sample:		1300.30 time, 1300.32 real, 88 MB
[runlim] sample:		1310.30 time, 1310.32 real, 88 MB
[runlim] sample:		1320.30 time, 1320.32 real, 88 MB
[runlim] sample:		1330.30 time, 1330.32 real, 89 MB
[runlim] sample:		1340.30 time, 1340.32 real, 89 MB
[runlim] sample:		1350.30 time, 1350.32 real, 89 MB
[runlim] sample:		1360.29 time, 1360.32 real, 89 MB
[runlim] sample:		1370.30 time, 1370.32 real, 89 MB
[runlim] sample:		1380.30 time, 1380.32 real, 89 MB
[runlim] sample:		1390.30 time, 1390.32 real, 89 MB
[runlim] sample:		1400.30 time, 1400.32 real, 89 MB
[runlim] sample:		1410.30 time, 1410.32 real, 89 MB
[runlim] sample:		1420.29 time, 1420.32 real, 89 MB
[runlim] sample:		1430.29 time, 1430.32 real, 89 MB
[runlim] sample:		1440.30 time, 1440.32 real, 90 MB
[runlim] sample:		1450.30 time, 1450.32 real, 90 MB
[runlim] sample:		1460.30 time, 1460.32 real, 90 MB
[runlim] sample:		1470.30 time, 1470.32 real, 90 MB
[runlim] sample:		1480.29 time, 1480.32 real, 90 MB
[runlim] sample:		1490.29 time, 1490.32 real, 90 MB
[runlim] sample:		1500.30 time, 1500.32 real, 90 MB
[runlim] sample:		1510.30 time, 1510.32 real, 90 MB
[runlim] sample:		1520.29 time, 1520.32 real, 90 MB
[runlim] sample:		1530.29 time, 1530.32 real, 90 MB
[runlim] sample:		1540.29 time, 1540.32 real, 90 MB
[runlim] sample:		1550.29 time, 1550.32 real, 91 MB
[runlim] sample:		1560.30 time, 1560.32 real, 91 MB
[runlim] sample:		1570.29 time, 1570.32 real, 91 MB
[runlim] sample:		1580.29 time, 1580.32 real, 91 MB
[runlim] sample:		1590.30 time, 1590.32 real, 91 MB
[runlim] sample:		1600.30 time, 1600.32 real, 91 MB
[runlim] sample:		1610.30 time, 1610.32 real, 92 MB
[runlim] sample:		1620.29 time, 1620.32 real, 92 MB
[runlim] sample:		1630.30 time, 1630.32 real, 93 MB
[runlim] sample:		1640.30 time, 1640.32 real, 93 MB
[runlim] sample:		1650.30 time, 1650.32 real, 93 MB
[runlim] sample:		1660.29 time, 1660.32 real, 93 MB
[runlim] sample:		1670.29 time, 1670.32 real, 94 MB
[runlim] sample:		1680.30 time, 1680.32 real, 94 MB
[runlim] sample:		1690.30 time, 1690.32 real, 94 MB
[runlim] sample:		1700.30 time, 1700.32 real, 94 MB
[runlim] sample:		1710.29 time, 1710.32 real, 94 MB
[runlim] sample:		1720.29 time, 1720.32 real, 94 MB
[runlim] sample:		1730.29 time, 1730.32 real, 94 MB
[runlim] sample:		1740.30 time, 1740.32 real, 94 MB
[runlim] sample:		1750.30 time, 1750.32 real, 94 MB
[runlim] sample:		1760.30 time, 1760.32 real, 94 MB
[runlim] sample:		1770.30 time, 1770.32 real, 94 MB
[runlim] sample:		1780.30 time, 1780.32 real, 95 MB
[runlim] sample:		1790.30 time, 1790.32 real, 95 MB
[runlim] sample:		1800.30 time, 1800.32 real, 95 MB
[runlim] sample:		1810.30 time, 1810.32 real, 95 MB
[runlim] sample:		1820.29 time, 1820.32 real, 96 MB
[runlim] sample:		1830.30 time, 1830.32 real, 96 MB
[runlim] sample:		1840.29 time, 1840.32 real, 96 MB
[runlim] sample:		1850.30 time, 1850.32 real, 96 MB
[runlim] sample:		1860.30 time, 1860.32 real, 97 MB
[runlim] sample:		1870.30 time, 1870.32 real, 97 MB
[runlim] sample:		1880.30 time, 1880.32 real, 98 MB
[runlim] sample:		1890.29 time, 1890.32 real, 98 MB
[runlim] sample:		1900.29 time, 1900.32 real, 99 MB
[runlim] sample:		1910.29 time, 1910.32 real, 99 MB
[runlim] sample:		1920.29 time, 1920.32 real, 99 MB
[runlim] sample:		1930.30 time, 1930.32 real, 99 MB
[runlim] sample:		1940.29 time, 1940.32 real, 100 MB
[runlim] sample:		1950.29 time, 1950.32 real, 100 MB
[runlim] sample:		1960.30 time, 1960.32 real, 100 MB
[runlim] sample:		1970.30 time, 1970.32 real, 100 MB
[runlim] sample:		1980.30 time, 1980.32 real, 101 MB
[runlim] sample:		1990.30 time, 1990.32 real, 101 MB
[runlim] sample:		2000.29 time, 2000.32 real, 101 MB
[runlim] sample:		2010.30 time, 2010.32 real, 101 MB
[runlim] sample:		2020.29 time, 2020.32 real, 101 MB
[runlim] sample:		2030.29 time, 2030.32 real, 101 MB
[runlim] sample:		2040.30 time, 2040.32 real, 101 MB
[runlim] sample:		2050.30 time, 2050.32 real, 101 MB
[runlim] sample:		2060.30 time, 2060.32 real, 101 MB
[runlim] sample:		2070.30 time, 2070.32 real, 101 MB
[runlim] sample:		2080.30 time, 2080.32 real, 101 MB
[runlim] sample:		2090.30 time, 2090.32 real, 101 MB
[runlim] sample:		2100.30 time, 2100.32 real, 101 MB
[runlim] sample:		2110.30 time, 2110.32 real, 101 MB
[runlim] sample:		2120.29 time, 2120.32 real, 101 MB
[runlim] sample:		2130.30 time, 2130.32 real, 101 MB
[runlim] sample:		2140.30 time, 2140.32 real, 102 MB
[runlim] sample:		2150.30 time, 2150.32 real, 102 MB
[runlim] sample:		2160.30 time, 2160.32 real, 102 MB
[runlim] sample:		2170.30 time, 2170.32 real, 102 MB
[runlim] sample:		2180.29 time, 2180.32 real, 102 MB
[runlim] sample:		2190.30 time, 2190.32 real, 102 MB
[runlim] sample:		2200.29 time, 2200.32 real, 102 MB
[runlim] sample:		2210.30 time, 2210.32 real, 102 MB
[runlim] sample:		2220.30 time, 2220.32 real, 102 MB
[runlim] sample:		2230.29 time, 2230.32 real, 102 MB
[runlim] sample:		2240.30 time, 2240.32 real, 102 MB
[runlim] sample:		2250.29 time, 2250.32 real, 102 MB
[runlim] sample:		2260.29 time, 2260.32 real, 102 MB
[runlim] sample:		2270.29 time, 2270.32 real, 103 MB
[runlim] sample:		2280.29 time, 2280.32 real, 103 MB
[runlim] sample:		2290.29 time, 2290.32 real, 103 MB
[runlim] sample:		2300.29 time, 2300.32 real, 103 MB
[runlim] sample:		2310.29 time, 2310.32 real, 103 MB
[runlim] sample:		2320.29 time, 2320.32 real, 103 MB
[runlim] sample:		2330.29 time, 2330.32 real, 103 MB
[runlim] sample:		2340.29 time, 2340.32 real, 103 MB
[runlim] sample:		2350.29 time, 2350.32 real, 103 MB
[runlim] sample:		2360.29 time, 2360.32 real, 104 MB
[runlim] sample:		2370.29 time, 2370.32 real, 104 MB
[runlim] sample:		2380.29 time, 2380.32 real, 104 MB
[runlim] sample:		2390.29 time, 2390.32 real, 104 MB
[runlim] sample:		2400.29 time, 2400.32 real, 104 MB
[runlim] sample:		2410.29 time, 2410.32 real, 104 MB
[runlim] sample:		2420.29 time, 2420.32 real, 104 MB
[runlim] sample:		2430.29 time, 2430.32 real, 104 MB
[runlim] sample:		2440.29 time, 2440.32 real, 104 MB
[runlim] sample:		2450.29 time, 2450.32 real, 104 MB
[runlim] sample:		2460.29 time, 2460.32 real, 105 MB
[runlim] sample:		2470.29 time, 2470.32 real, 105 MB
[runlim] sample:		2480.29 time, 2480.32 real, 105 MB
[runlim] sample:		2490.29 time, 2490.32 real, 105 MB
[runlim] sample:		2500.28 time, 2500.32 real, 105 MB
[runlim] sample:		2510.28 time, 2510.32 real, 105 MB
[runlim] sample:		2520.28 time, 2520.32 real, 105 MB
[runlim] sample:		2530.28 time, 2530.32 real, 105 MB
[runlim] sample:		2540.28 time, 2540.32 real, 105 MB
[runlim] sample:		2550.29 time, 2550.32 real, 105 MB
[runlim] sample:		2560.29 time, 2560.32 real, 105 MB
[runlim] sample:		2570.29 time, 2570.32 real, 105 MB
[runlim] sample:		2580.29 time, 2580.32 real, 105 MB
[runlim] sample:		2590.29 time, 2590.32 real, 105 MB
[runlim] sample:		2600.28 time, 2600.32 real, 105 MB
[runlim] sample:		2610.29 time, 2610.32 real, 105 MB
[runlim] sample:		2620.29 time, 2620.32 real, 105 MB
[runlim] sample:		2630.29 time, 2630.32 real, 106 MB
[runlim] sample:		2640.28 time, 2640.32 real, 106 MB
[runlim] sample:		2650.29 time, 2650.32 real, 106 MB
[runlim] sample:		2660.29 time, 2660.32 real, 107 MB
[runlim] sample:		2670.29 time, 2670.32 real, 107 MB
[runlim] sample:		2680.29 time, 2680.32 real, 107 MB
[runlim] sample:		2690.29 time, 2690.32 real, 107 MB


 SIG RECEIVED

[runlim] end:			Sat Feb 29 06:53:39 2020
[runlim] status:		out of time
[runlim] result:		2
[runlim] children:		1
[runlim] real:			2700.10 seconds
[runlim] time:			2699.98 seconds
[runlim] space:			108 MB
[runlim] samples:		26997
