[runlim] version:		1.18
[runlim] host:			c3n11
[runlim] time limit:		2700 seconds
[runlim] real time limit:	2700 seconds
[runlim] space limit:		7000 MB
[runlim] argv[0]:		./binary
[runlim] argv[1]:		/data/cnf/ankit/E1-A1-Red/reachqu_exquery_1344.dqbf
[runlim] start:			Sat Feb 29 06:08:38 2020
[runlim] child:			18481
[runlim] sample:		9.97 time, 10.02 real, 33 MB
[runlim] sample:		19.97 time, 20.02 real, 33 MB
[runlim] sample:		29.97 time, 30.02 real, 35 MB
[runlim] sample:		39.96 time, 40.02 real, 35 MB
[runlim] sample:		49.95 time, 50.02 real, 37 MB
[runlim] sample:		59.95 time, 60.02 real, 36 MB
[runlim] sample:		69.95 time, 70.02 real, 36 MB
[runlim] sample:		79.95 time, 80.02 real, 36 MB
[runlim] sample:		90.14 time, 90.22 real, 36 MB
[runlim] sample:		100.14 time, 100.22 real, 36 MB
[runlim] sample:		110.14 time, 110.22 real, 39 MB
[runlim] sample:		120.14 time, 120.22 real, 39 MB
[runlim] sample:		130.14 time, 130.22 real, 39 MB
[runlim] sample:		140.14 time, 140.22 real, 40 MB
[runlim] sample:		150.14 time, 150.22 real, 40 MB
[runlim] sample:		160.15 time, 160.22 real, 40 MB
[runlim] sample:		170.15 time, 170.22 real, 40 MB
[runlim] sample:		180.14 time, 180.22 real, 40 MB
[runlim] sample:		190.14 time, 190.22 real, 40 MB
[runlim] sample:		200.14 time, 200.22 real, 40 MB
[runlim] sample:		210.15 time, 210.22 real, 40 MB
[runlim] sample:		220.14 time, 220.22 real, 40 MB
[runlim] sample:		230.14 time, 230.22 real, 42 MB
[runlim] sample:		240.15 time, 240.22 real, 42 MB
[runlim] sample:		250.15 time, 250.22 real, 42 MB
[runlim] sample:		260.14 time, 260.22 real, 43 MB
[runlim] sample:		270.14 time, 270.22 real, 42 MB
[runlim] sample:		280.14 time, 280.22 real, 42 MB
[runlim] sample:		290.14 time, 290.22 real, 42 MB
[runlim] sample:		300.14 time, 300.22 real, 42 MB
[runlim] sample:		310.14 time, 310.22 real, 42 MB
[runlim] sample:		320.14 time, 320.22 real, 42 MB
[runlim] sample:		330.15 time, 330.22 real, 42 MB
[runlim] sample:		340.14 time, 340.22 real, 42 MB
[runlim] sample:		350.14 time, 350.22 real, 43 MB
[runlim] sample:		360.14 time, 360.22 real, 43 MB
[runlim] sample:		370.14 time, 370.22 real, 43 MB
[runlim] end:			Sat Feb 29 06:14:51 2020
[runlim] status:		ok
[runlim] result:		0
[runlim] children:		1
[runlim] real:			372.00 seconds
[runlim] time:			371.84 seconds
[runlim] space:			45 MB
[runlim] samples:		3717
