[runlim] version:		1.18
[runlim] host:			c3n13
[runlim] time limit:		2700 seconds
[runlim] real time limit:	2700 seconds
[runlim] space limit:		7000 MB
[runlim] argv[0]:		./binary
[runlim] argv[1]:		/data/cnf/ankit/E1-A1-Red/sortnetsort7.v.stepl.004.qdimacs
[runlim] start:			Sat Feb 29 06:08:38 2020
[runlim] child:			16848
[runlim] sample:		10.00 time, 10.01 real, 13 MB
[runlim] sample:		20.00 time, 20.02 real, 18 MB
[runlim] sample:		30.00 time, 30.02 real, 18 MB
[runlim] sample:		40.00 time, 40.02 real, 21 MB
[runlim] sample:		50.00 time, 50.02 real, 22 MB
[runlim] sample:		60.00 time, 60.01 real, 22 MB
[runlim] end:			Sat Feb 29 06:09:43 2020
[runlim] status:		ok
[runlim] result:		0
[runlim] children:		1
[runlim] real:			64.89 seconds
[runlim] time:			64.80 seconds
[runlim] space:			23 MB
[runlim] samples:		648
