[runlim] version:		1.18
[runlim] host:			c3n14
[runlim] time limit:		2700 seconds
[runlim] real time limit:	2700 seconds
[runlim] space limit:		7000 MB
[runlim] argv[0]:		./binary
[runlim] argv[1]:		/data/cnf/ankit/E1-A1-Red/sortnetsort9.v.stepl.008.qdimacs
[runlim] start:			Sat Feb 29 06:08:40 2020
[runlim] child:			18453
[runlim] sample:		9.99 time, 10.02 real, 31 MB
[runlim] sample:		19.99 time, 20.02 real, 30 MB
[runlim] sample:		29.99 time, 30.02 real, 37 MB
[runlim] sample:		39.99 time, 40.02 real, 40 MB
[runlim] sample:		50.00 time, 50.02 real, 40 MB
[runlim] sample:		59.99 time, 60.02 real, 44 MB
[runlim] sample:		69.99 time, 70.02 real, 44 MB
[runlim] sample:		80.00 time, 80.02 real, 52 MB
[runlim] sample:		90.19 time, 90.22 real, 54 MB
[runlim] sample:		100.19 time, 100.22 real, 54 MB
[runlim] sample:		110.19 time, 110.22 real, 57 MB
[runlim] sample:		120.19 time, 120.22 real, 58 MB
[runlim] sample:		130.20 time, 130.22 real, 62 MB
[runlim] sample:		140.19 time, 140.22 real, 64 MB
[runlim] sample:		150.19 time, 150.22 real, 69 MB
[runlim] sample:		160.19 time, 160.22 real, 73 MB
[runlim] sample:		170.20 time, 170.22 real, 73 MB
[runlim] sample:		180.20 time, 180.22 real, 73 MB
[runlim] sample:		190.20 time, 190.22 real, 74 MB
[runlim] sample:		200.19 time, 200.22 real, 75 MB
[runlim] sample:		210.19 time, 210.22 real, 77 MB
[runlim] sample:		220.19 time, 220.22 real, 77 MB
[runlim] sample:		230.20 time, 230.22 real, 79 MB
[runlim] sample:		240.19 time, 240.22 real, 85 MB
[runlim] sample:		250.19 time, 250.22 real, 85 MB
[runlim] sample:		260.19 time, 260.22 real, 88 MB
[runlim] sample:		270.19 time, 270.22 real, 89 MB
[runlim] sample:		280.19 time, 280.22 real, 93 MB
[runlim] sample:		290.19 time, 290.22 real, 93 MB
[runlim] sample:		300.19 time, 300.22 real, 94 MB
[runlim] sample:		310.19 time, 310.22 real, 94 MB
[runlim] sample:		320.19 time, 320.22 real, 95 MB
[runlim] sample:		330.19 time, 330.22 real, 100 MB
[runlim] sample:		340.19 time, 340.22 real, 100 MB
[runlim] sample:		350.19 time, 350.22 real, 100 MB
[runlim] sample:		360.19 time, 360.22 real, 100 MB
[runlim] sample:		370.19 time, 370.22 real, 101 MB
[runlim] sample:		380.19 time, 380.22 real, 102 MB
[runlim] sample:		390.19 time, 390.22 real, 104 MB
[runlim] sample:		400.20 time, 400.22 real, 106 MB
[runlim] sample:		410.20 time, 410.22 real, 106 MB
[runlim] sample:		420.20 time, 420.22 real, 106 MB
[runlim] sample:		430.19 time, 430.22 real, 107 MB
[runlim] sample:		440.19 time, 440.22 real, 107 MB
[runlim] sample:		450.20 time, 450.22 real, 108 MB
[runlim] sample:		460.19 time, 460.22 real, 108 MB
[runlim] sample:		470.19 time, 470.22 real, 112 MB
[runlim] sample:		480.19 time, 480.22 real, 112 MB
[runlim] sample:		490.19 time, 490.22 real, 113 MB
[runlim] sample:		500.19 time, 500.22 real, 117 MB
[runlim] sample:		510.20 time, 510.22 real, 117 MB
[runlim] sample:		520.20 time, 520.22 real, 119 MB
[runlim] sample:		530.20 time, 530.22 real, 119 MB
[runlim] sample:		540.19 time, 540.22 real, 120 MB
[runlim] sample:		550.19 time, 550.22 real, 121 MB
[runlim] sample:		560.20 time, 560.22 real, 123 MB
[runlim] sample:		570.20 time, 570.22 real, 125 MB
[runlim] sample:		580.19 time, 580.22 real, 125 MB
[runlim] sample:		590.19 time, 590.22 real, 126 MB
[runlim] sample:		600.20 time, 600.22 real, 126 MB
[runlim] sample:		610.20 time, 610.22 real, 127 MB
[runlim] sample:		620.19 time, 620.22 real, 128 MB
[runlim] sample:		630.20 time, 630.22 real, 132 MB
[runlim] sample:		640.19 time, 640.22 real, 132 MB
[runlim] sample:		650.19 time, 650.22 real, 133 MB
[runlim] sample:		660.19 time, 660.22 real, 133 MB
[runlim] sample:		670.19 time, 670.22 real, 134 MB
[runlim] sample:		680.19 time, 680.22 real, 135 MB
[runlim] sample:		690.19 time, 690.22 real, 136 MB
[runlim] sample:		700.19 time, 700.22 real, 136 MB
[runlim] sample:		710.19 time, 710.22 real, 137 MB
[runlim] sample:		720.20 time, 720.22 real, 137 MB
[runlim] sample:		730.20 time, 730.22 real, 137 MB
[runlim] sample:		740.19 time, 740.22 real, 138 MB
[runlim] sample:		750.20 time, 750.22 real, 139 MB
[runlim] sample:		760.20 time, 760.22 real, 139 MB
[runlim] sample:		770.19 time, 770.22 real, 139 MB
[runlim] sample:		780.19 time, 780.22 real, 141 MB
[runlim] sample:		790.19 time, 790.22 real, 141 MB
[runlim] sample:		800.19 time, 800.22 real, 143 MB
[runlim] sample:		810.20 time, 810.22 real, 143 MB
[runlim] sample:		820.19 time, 820.22 real, 143 MB
[runlim] sample:		830.20 time, 830.22 real, 143 MB
[runlim] sample:		840.20 time, 840.22 real, 144 MB
[runlim] sample:		850.20 time, 850.22 real, 146 MB
[runlim] sample:		860.19 time, 860.22 real, 146 MB
[runlim] sample:		870.19 time, 870.22 real, 147 MB
[runlim] sample:		880.19 time, 880.22 real, 147 MB
[runlim] sample:		890.19 time, 890.22 real, 147 MB
[runlim] sample:		900.20 time, 900.22 real, 147 MB
[runlim] sample:		910.20 time, 910.22 real, 147 MB
[runlim] sample:		920.19 time, 920.22 real, 148 MB
[runlim] sample:		930.19 time, 930.22 real, 148 MB
[runlim] sample:		940.19 time, 940.22 real, 150 MB
[runlim] sample:		950.19 time, 950.22 real, 150 MB
[runlim] sample:		960.19 time, 960.22 real, 150 MB
[runlim] sample:		970.19 time, 970.22 real, 150 MB
[runlim] sample:		980.19 time, 980.22 real, 151 MB
[runlim] sample:		990.19 time, 990.22 real, 151 MB
[runlim] sample:		1000.19 time, 1000.22 real, 151 MB
[runlim] sample:		1010.19 time, 1010.22 real, 153 MB
[runlim] sample:		1020.19 time, 1020.22 real, 154 MB
[runlim] sample:		1030.19 time, 1030.22 real, 154 MB
[runlim] sample:		1040.19 time, 1040.22 real, 154 MB
[runlim] sample:		1050.19 time, 1050.22 real, 154 MB
[runlim] sample:		1060.19 time, 1060.22 real, 157 MB
[runlim] sample:		1070.19 time, 1070.22 real, 158 MB
[runlim] sample:		1080.19 time, 1080.22 real, 158 MB
[runlim] sample:		1090.19 time, 1090.22 real, 159 MB
[runlim] sample:		1100.19 time, 1100.22 real, 159 MB
[runlim] sample:		1110.19 time, 1110.22 real, 159 MB
[runlim] sample:		1120.19 time, 1120.22 real, 159 MB
[runlim] sample:		1130.19 time, 1130.22 real, 160 MB
[runlim] sample:		1140.19 time, 1140.22 real, 161 MB
[runlim] sample:		1150.19 time, 1150.22 real, 161 MB
[runlim] sample:		1160.19 time, 1160.22 real, 161 MB
[runlim] sample:		1170.19 time, 1170.22 real, 161 MB
[runlim] sample:		1180.19 time, 1180.22 real, 161 MB
[runlim] sample:		1190.19 time, 1190.22 real, 161 MB
[runlim] sample:		1200.19 time, 1200.22 real, 162 MB
[runlim] sample:		1210.19 time, 1210.22 real, 162 MB
[runlim] end:			Sat Feb 29 06:28:51 2020
[runlim] status:		ok
[runlim] result:		0
[runlim] children:		1
[runlim] real:			1210.50 seconds
[runlim] time:			1210.39 seconds
[runlim] space:			162 MB
[runlim] samples:		12102
