[runlim] version:		1.18
[runlim] host:			c3n12
[runlim] time limit:		2700 seconds
[runlim] real time limit:	2700 seconds
[runlim] space limit:		7000 MB
[runlim] argv[0]:		./binary
[runlim] argv[1]:		/data/cnf/ankit/E1-A1-Red/sortnetsort10.v.stepl.008.qdimacs
[runlim] start:			Sat Feb 29 06:08:40 2020
[runlim] child:			17258
[runlim] sample:		10.01 time, 10.02 real, 29 MB
[runlim] sample:		20.01 time, 20.02 real, 36 MB
[runlim] sample:		30.00 time, 30.02 real, 42 MB
[runlim] sample:		40.00 time, 40.02 real, 43 MB
[runlim] sample:		50.01 time, 50.02 real, 47 MB
[runlim] sample:		60.00 time, 60.02 real, 49 MB
[runlim] sample:		70.01 time, 70.02 real, 54 MB
[runlim] sample:		80.01 time, 80.02 real, 59 MB
[runlim] sample:		90.31 time, 90.32 real, 61 MB
[runlim] sample:		100.31 time, 100.32 real, 61 MB
[runlim] sample:		110.31 time, 110.32 real, 61 MB
[runlim] sample:		120.30 time, 120.32 real, 68 MB
[runlim] sample:		130.31 time, 130.32 real, 68 MB
[runlim] sample:		140.31 time, 140.32 real, 68 MB
[runlim] sample:		150.31 time, 150.32 real, 68 MB
[runlim] sample:		160.31 time, 160.32 real, 69 MB
[runlim] sample:		170.31 time, 170.32 real, 71 MB
[runlim] sample:		180.31 time, 180.32 real, 72 MB
[runlim] sample:		190.31 time, 190.32 real, 75 MB
[runlim] sample:		200.31 time, 200.32 real, 77 MB
[runlim] sample:		210.31 time, 210.32 real, 77 MB
[runlim] sample:		220.31 time, 220.32 real, 82 MB
[runlim] sample:		230.31 time, 230.32 real, 82 MB
[runlim] sample:		240.31 time, 240.32 real, 82 MB
[runlim] sample:		250.31 time, 250.32 real, 84 MB
[runlim] sample:		260.30 time, 260.32 real, 86 MB
[runlim] sample:		270.31 time, 270.32 real, 93 MB
[runlim] sample:		280.31 time, 280.32 real, 93 MB
[runlim] sample:		290.30 time, 290.32 real, 93 MB
[runlim] sample:		300.30 time, 300.32 real, 96 MB
[runlim] sample:		310.30 time, 310.32 real, 96 MB
[runlim] sample:		320.30 time, 320.32 real, 96 MB
[runlim] sample:		330.31 time, 330.32 real, 97 MB
[runlim] sample:		340.30 time, 340.32 real, 101 MB
[runlim] sample:		350.31 time, 350.32 real, 104 MB
[runlim] sample:		360.30 time, 360.32 real, 104 MB
[runlim] sample:		370.30 time, 370.32 real, 105 MB
[runlim] sample:		380.30 time, 380.32 real, 106 MB
[runlim] sample:		390.31 time, 390.32 real, 107 MB
[runlim] sample:		400.31 time, 400.32 real, 112 MB
[runlim] sample:		410.31 time, 410.32 real, 114 MB
[runlim] sample:		420.30 time, 420.32 real, 115 MB
[runlim] sample:		430.31 time, 430.32 real, 118 MB
[runlim] sample:		440.31 time, 440.32 real, 118 MB
[runlim] sample:		450.30 time, 450.32 real, 120 MB
[runlim] sample:		460.30 time, 460.32 real, 121 MB
[runlim] sample:		470.31 time, 470.32 real, 124 MB
[runlim] sample:		480.30 time, 480.32 real, 127 MB
[runlim] sample:		490.31 time, 490.32 real, 127 MB
[runlim] sample:		500.31 time, 500.32 real, 129 MB
[runlim] sample:		510.31 time, 510.32 real, 129 MB
[runlim] sample:		520.31 time, 520.32 real, 129 MB
[runlim] sample:		530.31 time, 530.32 real, 131 MB
[runlim] sample:		540.31 time, 540.32 real, 131 MB
[runlim] sample:		550.31 time, 550.32 real, 133 MB
[runlim] sample:		560.31 time, 560.32 real, 135 MB
[runlim] sample:		570.31 time, 570.32 real, 136 MB
[runlim] sample:		580.31 time, 580.32 real, 138 MB
[runlim] sample:		590.31 time, 590.32 real, 139 MB
[runlim] sample:		600.31 time, 600.32 real, 140 MB
[runlim] sample:		610.31 time, 610.32 real, 140 MB
[runlim] sample:		620.31 time, 620.32 real, 147 MB
[runlim] sample:		630.31 time, 630.32 real, 147 MB
[runlim] sample:		640.31 time, 640.32 real, 144 MB
[runlim] sample:		650.31 time, 650.32 real, 144 MB
[runlim] sample:		660.31 time, 660.32 real, 144 MB
[runlim] sample:		670.31 time, 670.32 real, 144 MB
[runlim] sample:		680.31 time, 680.32 real, 144 MB
[runlim] sample:		690.31 time, 690.32 real, 144 MB
[runlim] sample:		700.32 time, 700.32 real, 144 MB
[runlim] sample:		710.31 time, 710.32 real, 146 MB
[runlim] sample:		720.30 time, 720.32 real, 151 MB
[runlim] sample:		730.31 time, 730.32 real, 151 MB
[runlim] sample:		740.31 time, 740.32 real, 151 MB
[runlim] sample:		750.31 time, 750.32 real, 151 MB
[runlim] sample:		760.31 time, 760.32 real, 151 MB
[runlim] sample:		770.31 time, 770.32 real, 152 MB
[runlim] sample:		780.31 time, 780.32 real, 154 MB
[runlim] sample:		790.31 time, 790.32 real, 156 MB
[runlim] sample:		800.31 time, 800.32 real, 158 MB
[runlim] sample:		810.31 time, 810.32 real, 159 MB
[runlim] sample:		820.31 time, 820.32 real, 159 MB
[runlim] sample:		830.31 time, 830.32 real, 160 MB
[runlim] sample:		840.31 time, 840.32 real, 160 MB
[runlim] sample:		850.31 time, 850.32 real, 160 MB
[runlim] sample:		860.31 time, 860.32 real, 161 MB
[runlim] sample:		870.31 time, 870.32 real, 162 MB
[runlim] sample:		880.31 time, 880.32 real, 163 MB
[runlim] sample:		890.31 time, 890.32 real, 164 MB
[runlim] sample:		900.31 time, 900.32 real, 165 MB
[runlim] sample:		910.31 time, 910.32 real, 165 MB
[runlim] sample:		920.31 time, 920.32 real, 165 MB
[runlim] sample:		930.31 time, 930.32 real, 166 MB
[runlim] sample:		940.31 time, 940.32 real, 166 MB
[runlim] sample:		950.31 time, 950.32 real, 166 MB
[runlim] sample:		960.32 time, 960.32 real, 167 MB
[runlim] sample:		970.31 time, 970.32 real, 169 MB
[runlim] sample:		980.31 time, 980.32 real, 170 MB
[runlim] sample:		990.31 time, 990.32 real, 171 MB
[runlim] sample:		1000.31 time, 1000.32 real, 172 MB
[runlim] sample:		1010.31 time, 1010.32 real, 172 MB
[runlim] sample:		1020.31 time, 1020.32 real, 173 MB
[runlim] sample:		1030.31 time, 1030.32 real, 174 MB
[runlim] sample:		1040.31 time, 1040.32 real, 174 MB
[runlim] sample:		1050.31 time, 1050.32 real, 175 MB
[runlim] sample:		1060.31 time, 1060.32 real, 176 MB
[runlim] sample:		1070.31 time, 1070.32 real, 176 MB
[runlim] sample:		1080.31 time, 1080.32 real, 176 MB
[runlim] sample:		1090.31 time, 1090.32 real, 176 MB
[runlim] sample:		1100.31 time, 1100.32 real, 177 MB
[runlim] sample:		1110.31 time, 1110.32 real, 179 MB
[runlim] sample:		1120.31 time, 1120.32 real, 179 MB
[runlim] sample:		1130.32 time, 1130.32 real, 181 MB
[runlim] sample:		1140.31 time, 1140.32 real, 185 MB
[runlim] sample:		1150.31 time, 1150.32 real, 185 MB
[runlim] sample:		1160.32 time, 1160.32 real, 185 MB
[runlim] sample:		1170.32 time, 1170.32 real, 185 MB
[runlim] sample:		1180.31 time, 1180.32 real, 185 MB
[runlim] sample:		1190.31 time, 1190.32 real, 186 MB
[runlim] sample:		1200.31 time, 1200.32 real, 186 MB
[runlim] sample:		1210.32 time, 1210.32 real, 186 MB
[runlim] sample:		1220.31 time, 1220.32 real, 187 MB
[runlim] sample:		1230.31 time, 1230.32 real, 187 MB
[runlim] sample:		1240.31 time, 1240.32 real, 188 MB
[runlim] sample:		1250.31 time, 1250.32 real, 189 MB
[runlim] sample:		1260.31 time, 1260.32 real, 190 MB
[runlim] sample:		1270.31 time, 1270.32 real, 191 MB
[runlim] sample:		1280.31 time, 1280.32 real, 193 MB
[runlim] sample:		1290.32 time, 1290.32 real, 194 MB
[runlim] sample:		1300.32 time, 1300.32 real, 198 MB
[runlim] sample:		1310.32 time, 1310.32 real, 198 MB
[runlim] sample:		1320.32 time, 1320.32 real, 198 MB
[runlim] sample:		1330.32 time, 1330.32 real, 199 MB
[runlim] sample:		1340.32 time, 1340.32 real, 199 MB
[runlim] sample:		1350.32 time, 1350.32 real, 199 MB
[runlim] sample:		1360.31 time, 1360.32 real, 200 MB
[runlim] sample:		1370.32 time, 1370.32 real, 200 MB
[runlim] sample:		1380.31 time, 1380.32 real, 200 MB
[runlim] sample:		1390.31 time, 1390.32 real, 201 MB
[runlim] sample:		1400.31 time, 1400.32 real, 201 MB
[runlim] sample:		1410.31 time, 1410.32 real, 201 MB
[runlim] sample:		1420.32 time, 1420.32 real, 202 MB
[runlim] sample:		1430.32 time, 1430.32 real, 203 MB
[runlim] sample:		1440.32 time, 1440.32 real, 203 MB
[runlim] sample:		1450.31 time, 1450.32 real, 205 MB
[runlim] sample:		1460.31 time, 1460.32 real, 206 MB
[runlim] sample:		1470.31 time, 1470.32 real, 207 MB
[runlim] sample:		1480.32 time, 1480.32 real, 208 MB
[runlim] sample:		1490.32 time, 1490.32 real, 210 MB
[runlim] sample:		1500.32 time, 1500.32 real, 210 MB
[runlim] sample:		1510.32 time, 1510.32 real, 213 MB
[runlim] sample:		1520.31 time, 1520.32 real, 213 MB
[runlim] sample:		1530.31 time, 1530.32 real, 213 MB
[runlim] sample:		1540.31 time, 1540.32 real, 215 MB
[runlim] sample:		1550.32 time, 1550.32 real, 216 MB
[runlim] sample:		1560.32 time, 1560.32 real, 216 MB
[runlim] sample:		1570.32 time, 1570.32 real, 216 MB
[runlim] sample:		1580.31 time, 1580.32 real, 217 MB
[runlim] sample:		1590.31 time, 1590.32 real, 217 MB
[runlim] sample:		1600.32 time, 1600.32 real, 217 MB
[runlim] sample:		1610.32 time, 1610.32 real, 217 MB
[runlim] sample:		1620.32 time, 1620.32 real, 217 MB
[runlim] sample:		1630.32 time, 1630.32 real, 217 MB
[runlim] sample:		1640.31 time, 1640.32 real, 218 MB
[runlim] sample:		1650.31 time, 1650.32 real, 218 MB
[runlim] sample:		1660.32 time, 1660.32 real, 218 MB
[runlim] sample:		1670.32 time, 1670.32 real, 219 MB
[runlim] sample:		1680.32 time, 1680.32 real, 219 MB
[runlim] sample:		1690.32 time, 1690.32 real, 219 MB
[runlim] sample:		1700.31 time, 1700.32 real, 219 MB
[runlim] sample:		1710.32 time, 1710.32 real, 220 MB
[runlim] sample:		1720.32 time, 1720.32 real, 223 MB
[runlim] sample:		1730.32 time, 1730.32 real, 223 MB
[runlim] sample:		1740.32 time, 1740.32 real, 225 MB
[runlim] sample:		1750.31 time, 1750.32 real, 226 MB
[runlim] sample:		1760.32 time, 1760.32 real, 227 MB
[runlim] sample:		1770.32 time, 1770.32 real, 227 MB
[runlim] sample:		1780.32 time, 1780.32 real, 228 MB
[runlim] sample:		1790.31 time, 1790.32 real, 228 MB
[runlim] sample:		1800.32 time, 1800.32 real, 228 MB
[runlim] sample:		1810.32 time, 1810.32 real, 228 MB
[runlim] sample:		1820.32 time, 1820.32 real, 228 MB
[runlim] sample:		1830.32 time, 1830.32 real, 229 MB
[runlim] sample:		1840.32 time, 1840.32 real, 229 MB
[runlim] sample:		1850.32 time, 1850.32 real, 229 MB
[runlim] sample:		1860.32 time, 1860.32 real, 229 MB
[runlim] sample:		1870.32 time, 1870.32 real, 229 MB
[runlim] sample:		1880.32 time, 1880.32 real, 229 MB
[runlim] sample:		1890.32 time, 1890.32 real, 230 MB
[runlim] sample:		1900.32 time, 1900.32 real, 233 MB
[runlim] sample:		1910.32 time, 1910.32 real, 234 MB
[runlim] sample:		1920.32 time, 1920.32 real, 236 MB
[runlim] sample:		1930.32 time, 1930.32 real, 237 MB
[runlim] sample:		1940.32 time, 1940.32 real, 237 MB
[runlim] sample:		1950.32 time, 1950.32 real, 238 MB
[runlim] sample:		1960.32 time, 1960.32 real, 238 MB
[runlim] sample:		1970.32 time, 1970.32 real, 238 MB
[runlim] sample:		1980.32 time, 1980.32 real, 238 MB
[runlim] sample:		1990.32 time, 1990.32 real, 238 MB
[runlim] sample:		2000.32 time, 2000.32 real, 238 MB
[runlim] sample:		2010.32 time, 2010.32 real, 238 MB
[runlim] sample:		2020.32 time, 2020.32 real, 238 MB
[runlim] sample:		2030.32 time, 2030.32 real, 238 MB
[runlim] sample:		2040.32 time, 2040.32 real, 238 MB
[runlim] sample:		2050.32 time, 2050.32 real, 238 MB
[runlim] sample:		2060.32 time, 2060.32 real, 238 MB
[runlim] sample:		2070.32 time, 2070.32 real, 239 MB
[runlim] sample:		2080.32 time, 2080.32 real, 240 MB
[runlim] sample:		2090.32 time, 2090.32 real, 242 MB
[runlim] sample:		2100.32 time, 2100.32 real, 242 MB
[runlim] sample:		2110.32 time, 2110.32 real, 242 MB
[runlim] sample:		2120.32 time, 2120.32 real, 243 MB
[runlim] sample:		2130.32 time, 2130.32 real, 244 MB
[runlim] sample:		2140.32 time, 2140.32 real, 244 MB
[runlim] sample:		2150.32 time, 2150.32 real, 244 MB
[runlim] sample:		2160.32 time, 2160.32 real, 244 MB
[runlim] sample:		2170.33 time, 2170.32 real, 244 MB
[runlim] sample:		2180.32 time, 2180.32 real, 244 MB
[runlim] sample:		2190.32 time, 2190.32 real, 244 MB
[runlim] sample:		2200.32 time, 2200.32 real, 244 MB
[runlim] sample:		2210.33 time, 2210.32 real, 244 MB
[runlim] sample:		2220.33 time, 2220.32 real, 244 MB
[runlim] sample:		2230.33 time, 2230.32 real, 244 MB
[runlim] sample:		2240.33 time, 2240.32 real, 245 MB
[runlim] sample:		2250.33 time, 2250.32 real, 250 MB
[runlim] sample:		2260.32 time, 2260.32 real, 250 MB
[runlim] sample:		2270.32 time, 2270.32 real, 250 MB
[runlim] sample:		2280.32 time, 2280.32 real, 250 MB
[runlim] sample:		2290.33 time, 2290.32 real, 251 MB
[runlim] sample:		2300.33 time, 2300.32 real, 251 MB
[runlim] sample:		2310.32 time, 2310.32 real, 252 MB
[runlim] sample:		2320.32 time, 2320.32 real, 254 MB
[runlim] sample:		2330.32 time, 2330.32 real, 255 MB
[runlim] sample:		2340.33 time, 2340.32 real, 255 MB
[runlim] sample:		2350.33 time, 2350.32 real, 255 MB
[runlim] sample:		2360.32 time, 2360.32 real, 257 MB
[runlim] sample:		2370.33 time, 2370.32 real, 260 MB
[runlim] sample:		2380.33 time, 2380.32 real, 260 MB
[runlim] sample:		2390.33 time, 2390.32 real, 260 MB
[runlim] sample:		2400.33 time, 2400.32 real, 261 MB
[runlim] sample:		2410.32 time, 2410.32 real, 261 MB
[runlim] sample:		2420.32 time, 2420.32 real, 264 MB
[runlim] sample:		2430.33 time, 2430.32 real, 264 MB
[runlim] sample:		2440.32 time, 2440.32 real, 268 MB
[runlim] sample:		2450.33 time, 2450.32 real, 268 MB
[runlim] sample:		2460.33 time, 2460.32 real, 268 MB
[runlim] sample:		2470.33 time, 2470.32 real, 270 MB
[runlim] sample:		2480.33 time, 2480.32 real, 271 MB
[runlim] sample:		2490.32 time, 2490.32 real, 272 MB
[runlim] sample:		2500.32 time, 2500.32 real, 273 MB
[runlim] sample:		2510.32 time, 2510.32 real, 273 MB
[runlim] sample:		2520.33 time, 2520.32 real, 274 MB
[runlim] sample:		2530.33 time, 2530.32 real, 275 MB
[runlim] sample:		2540.33 time, 2540.32 real, 276 MB
[runlim] sample:		2550.33 time, 2550.32 real, 276 MB
[runlim] sample:		2560.33 time, 2560.32 real, 276 MB
[runlim] sample:		2570.33 time, 2570.32 real, 277 MB
[runlim] sample:		2580.33 time, 2580.32 real, 277 MB
[runlim] sample:		2590.33 time, 2590.32 real, 277 MB
[runlim] sample:		2600.33 time, 2600.32 real, 277 MB
[runlim] sample:		2610.33 time, 2610.32 real, 278 MB
[runlim] sample:		2620.33 time, 2620.32 real, 279 MB
[runlim] sample:		2630.33 time, 2630.32 real, 279 MB
[runlim] sample:		2640.32 time, 2640.32 real, 279 MB
[runlim] sample:		2650.33 time, 2650.32 real, 279 MB
[runlim] sample:		2660.33 time, 2660.32 real, 279 MB
[runlim] sample:		2670.33 time, 2670.32 real, 280 MB
[runlim] sample:		2680.33 time, 2680.32 real, 281 MB
[runlim] sample:		2690.32 time, 2690.32 real, 282 MB


 SIG RECEIVED

[runlim] end:			Sat Feb 29 06:53:40 2020
[runlim] status:		out of time
[runlim] result:		2
[runlim] children:		1
[runlim] real:			2700.12 seconds
[runlim] time:			2700.03 seconds
[runlim] space:			282 MB
[runlim] samples:		26997
