[runlim] version:		1.18
[runlim] host:			c3n15
[runlim] time limit:		2700 seconds
[runlim] real time limit:	2700 seconds
[runlim] space limit:		7000 MB
[runlim] argv[0]:		./binary
[runlim] argv[1]:		/data/cnf/ankit/E1-A1-Red/sortnetsort9.v.stepl.010.qdimacs
[runlim] start:			Sat Feb 29 06:08:38 2020
[runlim] child:			16343
[runlim] sample:		9.87 time, 10.02 real, 27 MB
[runlim] sample:		19.87 time, 20.02 real, 34 MB
[runlim] sample:		29.87 time, 30.02 real, 36 MB
[runlim] sample:		39.87 time, 40.02 real, 43 MB
[runlim] sample:		49.86 time, 50.02 real, 51 MB
[runlim] sample:		59.86 time, 60.02 real, 53 MB
[runlim] sample:		69.87 time, 70.02 real, 54 MB
[runlim] sample:		79.86 time, 80.01 real, 62 MB
[runlim] sample:		89.97 time, 90.12 real, 64 MB
[runlim] sample:		99.97 time, 100.12 real, 64 MB
[runlim] sample:		109.97 time, 110.12 real, 64 MB
[runlim] sample:		119.96 time, 120.12 real, 69 MB
[runlim] sample:		129.97 time, 130.12 real, 69 MB
[runlim] sample:		139.97 time, 140.12 real, 70 MB
[runlim] sample:		149.97 time, 150.12 real, 78 MB
[runlim] sample:		159.97 time, 160.12 real, 78 MB
[runlim] sample:		169.97 time, 170.12 real, 79 MB
[runlim] sample:		179.97 time, 180.12 real, 79 MB
[runlim] sample:		189.96 time, 190.12 real, 82 MB
[runlim] sample:		199.96 time, 200.12 real, 87 MB
[runlim] sample:		209.96 time, 210.12 real, 87 MB
[runlim] sample:		219.97 time, 220.12 real, 87 MB
[runlim] sample:		229.96 time, 230.12 real, 89 MB
[runlim] sample:		239.96 time, 240.12 real, 91 MB
[runlim] sample:		249.96 time, 250.12 real, 93 MB
[runlim] end:			Sat Feb 29 06:12:49 2020
[runlim] status:		ok
[runlim] result:		0
[runlim] children:		1
[runlim] real:			250.54 seconds
[runlim] time:			250.36 seconds
[runlim] space:			93 MB
[runlim] samples:		2504
