[runlim] version:		1.18
[runlim] host:			c3n02
[runlim] time limit:		2700 seconds
[runlim] real time limit:	2700 seconds
[runlim] space limit:		7000 MB
[runlim] argv[0]:		./binary
[runlim] argv[1]:		/data/cnf/ankit/E1-A1-Red/depots10_7.qdimacs
[runlim] start:			Sat Feb 29 06:15:20 2020
[runlim] child:			20033
[runlim] sample:		9.41 time, 10.02 real, 42 MB
[runlim] sample:		19.40 time, 20.02 real, 57 MB
[runlim] sample:		29.41 time, 30.02 real, 80 MB
[runlim] sample:		39.41 time, 40.02 real, 60 MB
[runlim] sample:		49.40 time, 50.02 real, 65 MB
[runlim] sample:		59.41 time, 60.02 real, 82 MB
[runlim] sample:		69.40 time, 70.02 real, 84 MB
[runlim] sample:		79.41 time, 80.02 real, 95 MB
[runlim] sample:		89.40 time, 90.02 real, 100 MB
[runlim] sample:		99.40 time, 100.02 real, 102 MB
[runlim] sample:		109.40 time, 110.02 real, 103 MB
[runlim] sample:		119.40 time, 120.02 real, 114 MB
[runlim] sample:		129.40 time, 130.02 real, 115 MB
[runlim] sample:		139.40 time, 140.02 real, 115 MB
[runlim] sample:		149.40 time, 150.02 real, 146 MB
[runlim] sample:		159.40 time, 160.02 real, 115 MB
[runlim] sample:		169.40 time, 170.02 real, 115 MB
[runlim] sample:		179.39 time, 180.02 real, 115 MB
[runlim] sample:		189.39 time, 190.02 real, 147 MB
[runlim] sample:		199.39 time, 200.02 real, 149 MB
[runlim] sample:		209.39 time, 210.02 real, 151 MB
[runlim] sample:		219.39 time, 220.02 real, 115 MB
[runlim] sample:		229.39 time, 230.02 real, 115 MB
[runlim] sample:		239.39 time, 240.02 real, 115 MB
[runlim] sample:		249.39 time, 250.02 real, 144 MB
[runlim] sample:		259.39 time, 260.02 real, 149 MB
[runlim] sample:		269.39 time, 270.02 real, 152 MB
[runlim] sample:		279.38 time, 280.02 real, 154 MB
[runlim] sample:		289.38 time, 290.02 real, 156 MB
[runlim] sample:		299.39 time, 300.02 real, 157 MB
[runlim] sample:		309.38 time, 310.02 real, 115 MB
[runlim] sample:		319.38 time, 320.02 real, 115 MB
[runlim] sample:		329.38 time, 330.02 real, 115 MB
[runlim] sample:		339.38 time, 340.02 real, 115 MB
[runlim] sample:		349.38 time, 350.02 real, 115 MB
[runlim] sample:		359.38 time, 360.02 real, 115 MB
[runlim] sample:		369.38 time, 370.02 real, 115 MB
[runlim] sample:		379.38 time, 380.02 real, 115 MB
[runlim] sample:		389.38 time, 390.02 real, 115 MB
[runlim] sample:		399.38 time, 400.02 real, 115 MB
[runlim] sample:		409.38 time, 410.02 real, 115 MB
[runlim] sample:		419.38 time, 420.02 real, 115 MB
[runlim] sample:		429.37 time, 430.02 real, 145 MB
[runlim] sample:		439.37 time, 440.02 real, 146 MB
[runlim] sample:		449.38 time, 450.02 real, 115 MB
[runlim] sample:		459.38 time, 460.02 real, 115 MB
[runlim] sample:		469.38 time, 470.02 real, 115 MB
[runlim] sample:		479.37 time, 480.02 real, 144 MB
[runlim] sample:		489.37 time, 490.02 real, 147 MB
[runlim] sample:		499.37 time, 500.02 real, 82 MB
[runlim] sample:		509.37 time, 510.02 real, 87 MB
[runlim] sample:		519.37 time, 520.02 real, 90 MB
[runlim] sample:		529.36 time, 530.02 real, 73 MB
[runlim] sample:		539.37 time, 540.02 real, 97 MB
[runlim] sample:		549.36 time, 550.02 real, 134 MB
[runlim] sample:		559.36 time, 560.02 real, 136 MB
[runlim] sample:		569.36 time, 570.02 real, 138 MB
[runlim] sample:		579.37 time, 580.02 real, 140 MB
[runlim] sample:		589.36 time, 590.02 real, 143 MB
[runlim] sample:		599.36 time, 600.02 real, 145 MB
[runlim] sample:		609.36 time, 610.02 real, 146 MB
[runlim] sample:		619.36 time, 620.02 real, 148 MB
[runlim] sample:		629.36 time, 630.02 real, 150 MB
[runlim] sample:		639.36 time, 640.02 real, 151 MB
[runlim] sample:		649.35 time, 650.02 real, 153 MB
[runlim] sample:		659.35 time, 660.02 real, 99 MB
[runlim] sample:		669.35 time, 670.02 real, 99 MB
[runlim] sample:		679.35 time, 680.02 real, 99 MB
[runlim] sample:		689.35 time, 690.02 real, 132 MB
[runlim] sample:		699.35 time, 700.02 real, 135 MB
[runlim] sample:		709.35 time, 710.02 real, 142 MB
[runlim] sample:		719.35 time, 720.02 real, 145 MB
[runlim] sample:		729.35 time, 730.02 real, 148 MB
[runlim] sample:		739.35 time, 740.02 real, 152 MB
[runlim] sample:		749.35 time, 750.02 real, 153 MB
[runlim] sample:		759.35 time, 760.02 real, 154 MB
[runlim] sample:		769.35 time, 770.02 real, 156 MB
[runlim] sample:		779.35 time, 780.02 real, 158 MB
[runlim] sample:		789.35 time, 790.02 real, 159 MB
[runlim] sample:		799.35 time, 800.02 real, 160 MB
[runlim] sample:		809.34 time, 810.02 real, 103 MB
[runlim] sample:		819.34 time, 820.02 real, 140 MB
[runlim] sample:		829.35 time, 830.02 real, 144 MB
[runlim] sample:		839.34 time, 840.02 real, 145 MB
[runlim] sample:		849.34 time, 850.02 real, 147 MB
[runlim] sample:		859.34 time, 860.02 real, 148 MB
[runlim] sample:		869.35 time, 870.02 real, 153 MB
[runlim] sample:		879.34 time, 880.02 real, 155 MB
[runlim] sample:		889.34 time, 890.02 real, 156 MB
[runlim] sample:		899.34 time, 900.02 real, 158 MB
[runlim] sample:		909.34 time, 910.02 real, 161 MB
[runlim] sample:		919.33 time, 920.02 real, 168 MB
[runlim] sample:		929.33 time, 930.02 real, 170 MB
[runlim] sample:		939.34 time, 940.02 real, 173 MB
[runlim] sample:		949.34 time, 950.02 real, 181 MB
[runlim] sample:		959.34 time, 960.02 real, 182 MB
[runlim] sample:		969.33 time, 970.02 real, 184 MB
[runlim] sample:		979.33 time, 980.02 real, 184 MB
[runlim] sample:		989.33 time, 990.02 real, 106 MB
[runlim] sample:		999.33 time, 1000.02 real, 139 MB
[runlim] sample:		1009.34 time, 1010.02 real, 77 MB
[runlim] sample:		1019.33 time, 1020.02 real, 79 MB
[runlim] sample:		1029.33 time, 1030.02 real, 82 MB
[runlim] sample:		1039.33 time, 1040.02 real, 84 MB
[runlim] sample:		1049.33 time, 1050.02 real, 87 MB
[runlim] sample:		1059.33 time, 1060.02 real, 90 MB
[runlim] sample:		1069.33 time, 1070.02 real, 93 MB
[runlim] sample:		1079.33 time, 1080.02 real, 95 MB
[runlim] sample:		1089.33 time, 1090.02 real, 97 MB
[runlim] sample:		1099.33 time, 1100.02 real, 99 MB
[runlim] sample:		1109.33 time, 1110.02 real, 66 MB
[runlim] sample:		1119.32 time, 1120.02 real, 72 MB
[runlim] sample:		1129.33 time, 1130.02 real, 105 MB
[runlim] sample:		1139.33 time, 1140.02 real, 107 MB
[runlim] sample:		1149.32 time, 1150.02 real, 109 MB
[runlim] sample:		1159.33 time, 1160.02 real, 111 MB
[runlim] sample:		1169.33 time, 1170.02 real, 113 MB
[runlim] sample:		1179.33 time, 1180.02 real, 114 MB
[runlim] sample:		1189.33 time, 1190.02 real, 119 MB
[runlim] sample:		1199.33 time, 1200.02 real, 125 MB
[runlim] sample:		1209.33 time, 1210.02 real, 127 MB
[runlim] sample:		1219.32 time, 1220.02 real, 128 MB
[runlim] sample:		1229.33 time, 1230.02 real, 130 MB
[runlim] sample:		1239.33 time, 1240.02 real, 131 MB
[runlim] sample:		1249.33 time, 1250.02 real, 132 MB
[runlim] sample:		1259.32 time, 1260.02 real, 84 MB
[runlim] sample:		1269.33 time, 1270.02 real, 86 MB
[runlim] sample:		1279.33 time, 1280.02 real, 88 MB
[runlim] sample:		1289.32 time, 1290.02 real, 123 MB
[runlim] sample:		1299.32 time, 1300.02 real, 124 MB
[runlim] sample:		1309.33 time, 1310.02 real, 126 MB
[runlim] sample:		1319.33 time, 1320.02 real, 129 MB
[runlim] sample:		1329.33 time, 1330.02 real, 131 MB
[runlim] sample:		1339.33 time, 1340.02 real, 133 MB
[runlim] sample:		1349.32 time, 1350.02 real, 134 MB
[runlim] sample:		1359.32 time, 1360.02 real, 135 MB
[runlim] sample:		1369.33 time, 1370.02 real, 136 MB
[runlim] sample:		1379.33 time, 1380.02 real, 139 MB
[runlim] sample:		1389.32 time, 1390.02 real, 142 MB
[runlim] sample:		1399.33 time, 1400.02 real, 120 MB
[runlim] sample:		1409.32 time, 1410.02 real, 134 MB
[runlim] sample:		1419.32 time, 1420.02 real, 144 MB
[runlim] sample:		1429.33 time, 1430.02 real, 149 MB
[runlim] sample:		1439.32 time, 1440.02 real, 150 MB
[runlim] sample:		1449.32 time, 1450.02 real, 150 MB
[runlim] sample:		1459.32 time, 1460.02 real, 184 MB
[runlim] sample:		1469.32 time, 1470.02 real, 189 MB
[runlim] sample:		1479.33 time, 1480.02 real, 195 MB
[runlim] sample:		1489.32 time, 1490.02 real, 200 MB
[runlim] sample:		1499.32 time, 1500.02 real, 205 MB
[runlim] sample:		1509.32 time, 1510.02 real, 210 MB
[runlim] sample:		1519.32 time, 1520.02 real, 214 MB
[runlim] sample:		1529.32 time, 1530.02 real, 215 MB
[runlim] sample:		1539.32 time, 1540.02 real, 216 MB
[runlim] sample:		1549.32 time, 1550.02 real, 220 MB
[runlim] sample:		1559.32 time, 1560.02 real, 224 MB
[runlim] sample:		1569.33 time, 1570.02 real, 228 MB
[runlim] sample:		1579.32 time, 1580.02 real, 120 MB
[runlim] sample:		1589.32 time, 1590.02 real, 157 MB
[runlim] sample:		1599.32 time, 1600.02 real, 163 MB
[runlim] sample:		1609.32 time, 1610.02 real, 170 MB
[runlim] sample:		1619.32 time, 1620.02 real, 177 MB
[runlim] sample:		1629.32 time, 1630.02 real, 183 MB
[runlim] sample:		1639.32 time, 1640.02 real, 187 MB
[runlim] sample:		1649.32 time, 1650.02 real, 192 MB
[runlim] sample:		1659.32 time, 1660.02 real, 197 MB
[runlim] sample:		1669.32 time, 1670.02 real, 202 MB
[runlim] sample:		1679.32 time, 1680.02 real, 208 MB
[runlim] sample:		1689.32 time, 1690.02 real, 212 MB
[runlim] sample:		1699.32 time, 1700.02 real, 215 MB
[runlim] sample:		1709.32 time, 1710.02 real, 217 MB
[runlim] sample:		1719.32 time, 1720.02 real, 217 MB
[runlim] sample:		1729.32 time, 1730.02 real, 222 MB
[runlim] sample:		1739.32 time, 1740.02 real, 226 MB
[runlim] sample:		1749.32 time, 1750.02 real, 226 MB
[runlim] sample:		1759.32 time, 1760.02 real, 190 MB
[runlim] sample:		1769.32 time, 1770.02 real, 191 MB
[runlim] sample:		1779.32 time, 1780.02 real, 192 MB
[runlim] sample:		1789.32 time, 1790.02 real, 193 MB
[runlim] sample:		1799.32 time, 1800.02 real, 193 MB
[runlim] sample:		1809.32 time, 1810.02 real, 194 MB
[runlim] sample:		1819.32 time, 1820.02 real, 194 MB
[runlim] sample:		1829.31 time, 1830.02 real, 195 MB
[runlim] sample:		1839.32 time, 1840.02 real, 89 MB
[runlim] sample:		1849.32 time, 1850.02 real, 112 MB
[runlim] sample:		1859.32 time, 1860.02 real, 143 MB
[runlim] sample:		1869.32 time, 1870.02 real, 149 MB
[runlim] sample:		1879.32 time, 1880.02 real, 152 MB
[runlim] sample:		1889.32 time, 1890.02 real, 163 MB
[runlim] sample:		1899.32 time, 1900.02 real, 165 MB
[runlim] sample:		1909.31 time, 1910.02 real, 141 MB
[runlim] sample:		1919.32 time, 1920.02 real, 146 MB
[runlim] sample:		1929.32 time, 1930.02 real, 150 MB
[runlim] sample:		1939.32 time, 1940.02 real, 153 MB
[runlim] sample:		1949.32 time, 1950.02 real, 157 MB
[runlim] sample:		1959.32 time, 1960.02 real, 122 MB
[runlim] sample:		1969.32 time, 1970.02 real, 159 MB
[runlim] sample:		1979.32 time, 1980.02 real, 165 MB
[runlim] sample:		1989.32 time, 1990.02 real, 169 MB
[runlim] sample:		1999.32 time, 2000.02 real, 174 MB
[runlim] sample:		2009.31 time, 2010.02 real, 135 MB
[runlim] sample:		2019.31 time, 2020.02 real, 137 MB
[runlim] sample:		2029.32 time, 2030.02 real, 139 MB
[runlim] sample:		2039.32 time, 2040.02 real, 140 MB
[runlim] sample:		2049.32 time, 2050.02 real, 142 MB
[runlim] sample:		2059.32 time, 2060.02 real, 143 MB
[runlim] sample:		2069.31 time, 2070.02 real, 145 MB
[runlim] sample:		2079.32 time, 2080.02 real, 146 MB
[runlim] sample:		2089.32 time, 2090.02 real, 147 MB
[runlim] sample:		2099.32 time, 2100.02 real, 148 MB
[runlim] sample:		2109.31 time, 2110.02 real, 150 MB
[runlim] sample:		2119.31 time, 2120.02 real, 151 MB
[runlim] sample:		2129.31 time, 2130.02 real, 152 MB
[runlim] sample:		2139.31 time, 2140.02 real, 153 MB
[runlim] sample:		2149.31 time, 2150.02 real, 154 MB
[runlim] sample:		2159.32 time, 2160.02 real, 155 MB
[runlim] sample:		2169.32 time, 2170.02 real, 155 MB
[runlim] sample:		2179.32 time, 2180.02 real, 157 MB
[runlim] sample:		2189.32 time, 2190.02 real, 157 MB
[runlim] sample:		2199.31 time, 2200.02 real, 159 MB
[runlim] sample:		2209.31 time, 2210.02 real, 117 MB
[runlim] sample:		2219.31 time, 2220.02 real, 119 MB
[runlim] sample:		2229.31 time, 2230.02 real, 149 MB
[runlim] sample:		2239.32 time, 2240.02 real, 152 MB
[runlim] sample:		2249.31 time, 2250.02 real, 155 MB
[runlim] sample:		2259.31 time, 2260.02 real, 157 MB
[runlim] sample:		2269.31 time, 2270.02 real, 160 MB
[runlim] sample:		2279.31 time, 2280.02 real, 161 MB
[runlim] sample:		2289.31 time, 2290.02 real, 165 MB
[runlim] sample:		2299.31 time, 2300.02 real, 168 MB
[runlim] sample:		2309.31 time, 2310.02 real, 169 MB
[runlim] sample:		2319.31 time, 2320.02 real, 171 MB
[runlim] sample:		2329.31 time, 2330.02 real, 173 MB
[runlim] sample:		2339.32 time, 2340.02 real, 174 MB
[runlim] sample:		2349.32 time, 2350.02 real, 175 MB
[runlim] sample:		2359.32 time, 2360.02 real, 176 MB
[runlim] sample:		2369.31 time, 2370.02 real, 136 MB
[runlim] sample:		2379.31 time, 2380.02 real, 168 MB
[runlim] sample:		2389.31 time, 2390.02 real, 170 MB
[runlim] sample:		2399.31 time, 2400.02 real, 173 MB
[runlim] sample:		2409.31 time, 2410.02 real, 175 MB
[runlim] sample:		2419.31 time, 2420.02 real, 179 MB
[runlim] sample:		2429.31 time, 2430.02 real, 181 MB
[runlim] sample:		2439.31 time, 2440.02 real, 182 MB
[runlim] sample:		2449.31 time, 2450.02 real, 184 MB
[runlim] sample:		2459.32 time, 2460.02 real, 186 MB
[runlim] sample:		2469.32 time, 2470.02 real, 188 MB
[runlim] sample:		2479.31 time, 2480.02 real, 190 MB
[runlim] sample:		2489.31 time, 2490.02 real, 191 MB
[runlim] sample:		2499.31 time, 2500.02 real, 192 MB
[runlim] sample:		2509.31 time, 2510.02 real, 193 MB
[runlim] sample:		2519.31 time, 2520.02 real, 195 MB
[runlim] sample:		2529.31 time, 2530.02 real, 196 MB
[runlim] sample:		2539.31 time, 2540.02 real, 197 MB
[runlim] sample:		2549.31 time, 2550.02 real, 198 MB
[runlim] sample:		2559.31 time, 2560.02 real, 138 MB
[runlim] sample:		2569.31 time, 2570.02 real, 138 MB
[runlim] sample:		2579.31 time, 2580.02 real, 138 MB
[runlim] sample:		2589.31 time, 2590.02 real, 138 MB
[runlim] sample:		2599.31 time, 2600.02 real, 138 MB
[runlim] sample:		2609.31 time, 2610.02 real, 138 MB
[runlim] sample:		2619.31 time, 2620.02 real, 138 MB
[runlim] sample:		2629.31 time, 2630.02 real, 138 MB
[runlim] sample:		2639.31 time, 2640.02 real, 138 MB
[runlim] sample:		2649.31 time, 2650.02 real, 186 MB
[runlim] sample:		2659.31 time, 2660.02 real, 187 MB
[runlim] sample:		2669.31 time, 2670.02 real, 188 MB
[runlim] sample:		2679.31 time, 2680.02 real, 191 MB
[runlim] sample:		2689.31 time, 2690.02 real, 192 MB
[runlim] sample:		2699.31 time, 2700.02 real, 194 MB
[runlim] end:			Sat Feb 29 07:00:20 2020
[runlim] status:		out of time
[runlim] result:		2
[runlim] children:		1
[runlim] real:			2700.11 seconds
[runlim] time:			2699.31 seconds
[runlim] space:			231 MB
[runlim] samples:		27000
