[runlim] version:		1.18
[runlim] host:			c3n01
[runlim] time limit:		2700 seconds
[runlim] real time limit:	2700 seconds
[runlim] space limit:		7000 MB
[runlim] argv[0]:		./binary
[runlim] argv[1]:		/data/cnf/ankit/E1-A1-Red/driverlog10_5.qdimacs
[runlim] start:			Sat Feb 29 06:15:20 2020
[runlim] child:			4711
[runlim] sample:		9.98 time, 10.02 real, 20 MB
[runlim] sample:		19.99 time, 20.02 real, 27 MB
[runlim] sample:		29.99 time, 30.02 real, 27 MB
[runlim] sample:		39.99 time, 40.02 real, 31 MB
[runlim] sample:		49.98 time, 50.02 real, 33 MB
[runlim] sample:		59.98 time, 60.02 real, 35 MB
[runlim] sample:		69.98 time, 70.02 real, 38 MB
[runlim] sample:		79.98 time, 80.02 real, 38 MB
[runlim] sample:		89.98 time, 90.02 real, 38 MB
[runlim] sample:		99.98 time, 100.02 real, 51 MB
[runlim] sample:		109.98 time, 110.02 real, 38 MB
[runlim] sample:		119.98 time, 120.02 real, 38 MB
[runlim] sample:		129.98 time, 130.02 real, 39 MB
[runlim] sample:		139.98 time, 140.02 real, 39 MB
[runlim] sample:		149.98 time, 150.02 real, 39 MB
[runlim] sample:		159.98 time, 160.02 real, 39 MB
[runlim] sample:		169.98 time, 170.02 real, 39 MB
[runlim] sample:		179.98 time, 180.02 real, 39 MB
[runlim] sample:		189.99 time, 190.02 real, 42 MB
[runlim] sample:		199.98 time, 200.02 real, 45 MB
[runlim] sample:		209.98 time, 210.02 real, 47 MB
[runlim] sample:		219.98 time, 220.02 real, 48 MB
[runlim] sample:		229.98 time, 230.02 real, 48 MB
[runlim] sample:		239.98 time, 240.02 real, 48 MB
[runlim] end:			Sat Feb 29 06:19:26 2020
[runlim] status:		ok
[runlim] result:		0
[runlim] children:		1
[runlim] real:			245.73 seconds
[runlim] time:			245.68 seconds
[runlim] space:			52 MB
[runlim] samples:		2457
