[runlim] version:		1.18
[runlim] host:			c3n01
[runlim] time limit:		2700 seconds
[runlim] real time limit:	2700 seconds
[runlim] space limit:		7000 MB
[runlim] argv[0]:		./binary
[runlim] argv[1]:		/data/cnf/ankit/E1-A1-Red/driverlog10_7.qdimacs
[runlim] start:			Sat Feb 29 06:15:20 2020
[runlim] child:			4746
[runlim] sample:		9.86 time, 10.02 real, 21 MB
[runlim] sample:		19.86 time, 20.02 real, 41 MB
[runlim] sample:		29.86 time, 30.02 real, 29 MB
[runlim] sample:		39.86 time, 40.02 real, 34 MB
[runlim] sample:		49.86 time, 50.02 real, 36 MB
[runlim] sample:		59.86 time, 60.02 real, 48 MB
[runlim] sample:		69.86 time, 70.02 real, 52 MB
[runlim] sample:		79.86 time, 80.02 real, 52 MB
[runlim] sample:		89.86 time, 90.02 real, 27 MB
[runlim] sample:		99.86 time, 100.02 real, 42 MB
[runlim] sample:		109.86 time, 110.02 real, 64 MB
[runlim] sample:		119.86 time, 120.02 real, 45 MB
[runlim] sample:		129.86 time, 130.02 real, 45 MB
[runlim] sample:		139.86 time, 140.02 real, 47 MB
[runlim] sample:		149.86 time, 150.02 real, 58 MB
[runlim] sample:		159.86 time, 160.02 real, 58 MB
[runlim] sample:		169.86 time, 170.02 real, 58 MB
[runlim] sample:		179.86 time, 180.02 real, 58 MB
[runlim] sample:		189.86 time, 190.02 real, 58 MB
[runlim] sample:		199.86 time, 200.02 real, 58 MB
[runlim] sample:		209.86 time, 210.02 real, 58 MB
[runlim] sample:		219.86 time, 220.02 real, 58 MB
[runlim] sample:		229.86 time, 230.02 real, 62 MB
[runlim] sample:		239.86 time, 240.02 real, 66 MB
[runlim] sample:		249.86 time, 250.02 real, 68 MB
[runlim] sample:		259.86 time, 260.02 real, 68 MB
[runlim] sample:		269.86 time, 270.02 real, 68 MB
[runlim] sample:		279.86 time, 280.02 real, 70 MB
[runlim] sample:		289.86 time, 290.02 real, 101 MB
[runlim] sample:		299.86 time, 300.02 real, 71 MB
[runlim] sample:		309.86 time, 310.02 real, 71 MB
[runlim] sample:		319.86 time, 320.02 real, 71 MB
[runlim] sample:		329.86 time, 330.02 real, 71 MB
[runlim] sample:		339.86 time, 340.02 real, 82 MB
[runlim] sample:		349.87 time, 350.02 real, 113 MB
[runlim] sample:		359.87 time, 360.02 real, 83 MB
[runlim] sample:		369.87 time, 370.02 real, 83 MB
[runlim] sample:		379.87 time, 380.02 real, 83 MB
[runlim] sample:		389.87 time, 390.02 real, 83 MB
[runlim] sample:		399.87 time, 400.02 real, 83 MB
[runlim] sample:		409.87 time, 410.02 real, 95 MB
[runlim] sample:		419.87 time, 420.02 real, 98 MB
[runlim] sample:		429.87 time, 430.02 real, 101 MB
[runlim] sample:		439.87 time, 440.02 real, 101 MB
[runlim] sample:		449.87 time, 450.02 real, 101 MB
[runlim] sample:		459.87 time, 460.02 real, 101 MB
[runlim] sample:		469.87 time, 470.02 real, 101 MB
[runlim] sample:		479.87 time, 480.02 real, 101 MB
[runlim] sample:		489.87 time, 490.02 real, 101 MB
[runlim] sample:		499.87 time, 500.02 real, 101 MB
[runlim] sample:		509.87 time, 510.02 real, 103 MB
[runlim] sample:		519.87 time, 520.02 real, 104 MB
[runlim] sample:		529.86 time, 530.02 real, 104 MB
[runlim] sample:		539.86 time, 540.02 real, 104 MB
[runlim] sample:		549.86 time, 550.02 real, 104 MB
[runlim] sample:		559.86 time, 560.02 real, 104 MB
[runlim] sample:		569.86 time, 570.02 real, 104 MB
[runlim] sample:		579.86 time, 580.02 real, 104 MB
[runlim] sample:		589.86 time, 590.02 real, 138 MB
[runlim] sample:		599.87 time, 600.02 real, 141 MB
[runlim] sample:		609.87 time, 610.02 real, 104 MB
[runlim] sample:		619.87 time, 620.02 real, 104 MB
[runlim] sample:		629.87 time, 630.02 real, 104 MB
[runlim] sample:		639.87 time, 640.02 real, 104 MB
[runlim] sample:		649.87 time, 650.02 real, 104 MB
[runlim] sample:		659.87 time, 660.02 real, 104 MB
[runlim] sample:		669.87 time, 670.02 real, 104 MB
[runlim] sample:		679.87 time, 680.02 real, 104 MB
[runlim] sample:		689.87 time, 690.02 real, 104 MB
[runlim] sample:		699.87 time, 700.02 real, 104 MB
[runlim] sample:		709.87 time, 710.02 real, 104 MB
[runlim] sample:		719.87 time, 720.02 real, 104 MB
[runlim] sample:		729.87 time, 730.02 real, 104 MB
[runlim] sample:		739.87 time, 740.02 real, 104 MB
[runlim] sample:		749.87 time, 750.02 real, 104 MB
[runlim] sample:		759.87 time, 760.02 real, 117 MB
[runlim] sample:		769.87 time, 770.02 real, 120 MB
[runlim] sample:		779.87 time, 780.02 real, 120 MB
[runlim] sample:		789.87 time, 790.02 real, 120 MB
[runlim] sample:		799.87 time, 800.02 real, 120 MB
[runlim] sample:		809.87 time, 810.02 real, 120 MB
[runlim] sample:		819.87 time, 820.02 real, 120 MB
[runlim] sample:		829.87 time, 830.02 real, 106 MB
[runlim] sample:		839.87 time, 840.02 real, 112 MB
[runlim] sample:		849.86 time, 850.02 real, 75 MB
[runlim] sample:		859.87 time, 860.02 real, 82 MB
[runlim] sample:		869.86 time, 870.02 real, 118 MB
[runlim] sample:		879.87 time, 880.02 real, 124 MB
[runlim] sample:		889.87 time, 890.02 real, 127 MB
[runlim] sample:		899.87 time, 900.02 real, 127 MB
[runlim] sample:		909.87 time, 910.02 real, 129 MB
[runlim] sample:		919.87 time, 920.02 real, 131 MB
[runlim] sample:		929.87 time, 930.02 real, 134 MB
[runlim] sample:		939.86 time, 940.02 real, 138 MB
[runlim] sample:		949.87 time, 950.02 real, 84 MB
[runlim] sample:		959.87 time, 960.02 real, 84 MB
[runlim] sample:		969.87 time, 970.02 real, 114 MB
[runlim] sample:		979.87 time, 980.02 real, 119 MB
[runlim] sample:		989.86 time, 990.02 real, 123 MB
[runlim] sample:		999.87 time, 1000.02 real, 128 MB
[runlim] sample:		1009.87 time, 1010.02 real, 129 MB
[runlim] sample:		1019.87 time, 1020.02 real, 130 MB
[runlim] sample:		1029.87 time, 1030.02 real, 130 MB
[runlim] sample:		1039.87 time, 1040.02 real, 131 MB
[runlim] sample:		1049.87 time, 1050.02 real, 133 MB
[runlim] sample:		1059.87 time, 1060.02 real, 135 MB
[runlim] sample:		1069.87 time, 1070.02 real, 136 MB
[runlim] sample:		1079.87 time, 1080.02 real, 137 MB
[runlim] sample:		1089.86 time, 1090.02 real, 84 MB
[runlim] sample:		1099.87 time, 1100.02 real, 88 MB
[runlim] sample:		1109.87 time, 1110.02 real, 89 MB
[runlim] sample:		1119.87 time, 1120.02 real, 121 MB
[runlim] sample:		1129.86 time, 1130.02 real, 128 MB
[runlim] sample:		1139.87 time, 1140.02 real, 131 MB
[runlim] sample:		1149.87 time, 1150.02 real, 132 MB
[runlim] sample:		1159.87 time, 1160.02 real, 133 MB
[runlim] sample:		1169.87 time, 1170.02 real, 135 MB
[runlim] sample:		1179.87 time, 1180.02 real, 137 MB
[runlim] sample:		1189.87 time, 1190.02 real, 139 MB
[runlim] sample:		1199.87 time, 1200.02 real, 142 MB
[runlim] sample:		1209.86 time, 1210.02 real, 92 MB
[runlim] sample:		1219.86 time, 1220.02 real, 93 MB
[runlim] sample:		1229.86 time, 1230.02 real, 94 MB
[runlim] sample:		1239.86 time, 1240.02 real, 128 MB
[runlim] sample:		1249.86 time, 1250.02 real, 131 MB
[runlim] sample:		1259.86 time, 1260.02 real, 133 MB
[runlim] sample:		1269.87 time, 1270.02 real, 137 MB
[runlim] sample:		1279.87 time, 1280.02 real, 140 MB
[runlim] sample:		1289.86 time, 1290.02 real, 143 MB
[runlim] sample:		1299.86 time, 1300.02 real, 149 MB
[runlim] sample:		1309.87 time, 1310.02 real, 154 MB
[runlim] sample:		1319.87 time, 1320.02 real, 158 MB
[runlim] sample:		1329.87 time, 1330.02 real, 96 MB
[runlim] sample:		1339.87 time, 1340.02 real, 97 MB
[runlim] sample:		1349.87 time, 1350.02 real, 128 MB
[runlim] sample:		1359.87 time, 1360.02 real, 134 MB
[runlim] sample:		1369.86 time, 1370.02 real, 139 MB
[runlim] sample:		1379.86 time, 1380.02 real, 144 MB
[runlim] sample:		1389.87 time, 1390.02 real, 148 MB
[runlim] sample:		1399.87 time, 1400.02 real, 154 MB
[runlim] sample:		1409.86 time, 1410.02 real, 159 MB
[runlim] sample:		1419.87 time, 1420.02 real, 163 MB
[runlim] sample:		1429.87 time, 1430.02 real, 164 MB
[runlim] sample:		1439.87 time, 1440.02 real, 164 MB
[runlim] sample:		1449.87 time, 1450.02 real, 165 MB
[runlim] sample:		1459.87 time, 1460.02 real, 165 MB
[runlim] sample:		1469.87 time, 1470.02 real, 166 MB
[runlim] sample:		1479.87 time, 1480.02 real, 166 MB
[runlim] sample:		1489.87 time, 1490.02 real, 166 MB
[runlim] sample:		1499.87 time, 1500.02 real, 167 MB
[runlim] sample:		1509.87 time, 1510.02 real, 99 MB
[runlim] sample:		1519.87 time, 1520.02 real, 100 MB
[runlim] sample:		1529.87 time, 1530.02 real, 100 MB
[runlim] sample:		1539.87 time, 1540.02 real, 131 MB
[runlim] sample:		1549.87 time, 1550.02 real, 133 MB
[runlim] sample:		1559.87 time, 1560.02 real, 137 MB
[runlim] sample:		1569.87 time, 1570.02 real, 140 MB
[runlim] sample:		1579.87 time, 1580.02 real, 144 MB
[runlim] sample:		1589.87 time, 1590.02 real, 148 MB
[runlim] sample:		1599.87 time, 1600.02 real, 153 MB
[runlim] sample:		1609.87 time, 1610.02 real, 158 MB
[runlim] sample:		1619.87 time, 1620.02 real, 161 MB
[runlim] sample:		1629.87 time, 1630.02 real, 164 MB
[runlim] sample:		1639.87 time, 1640.02 real, 167 MB
[runlim] sample:		1649.87 time, 1650.02 real, 102 MB
[runlim] sample:		1659.87 time, 1660.02 real, 102 MB
[runlim] sample:		1669.87 time, 1670.02 real, 102 MB
[runlim] sample:		1679.87 time, 1680.02 real, 139 MB
[runlim] sample:		1689.87 time, 1690.02 real, 146 MB
[runlim] sample:		1699.87 time, 1700.02 real, 153 MB
[runlim] sample:		1709.87 time, 1710.02 real, 157 MB
[runlim] sample:		1719.87 time, 1720.02 real, 162 MB
[runlim] sample:		1729.87 time, 1730.02 real, 164 MB
[runlim] sample:		1739.87 time, 1740.02 real, 165 MB
[runlim] sample:		1749.87 time, 1750.02 real, 166 MB
[runlim] sample:		1759.87 time, 1760.02 real, 169 MB
[runlim] sample:		1769.87 time, 1770.02 real, 170 MB
[runlim] sample:		1779.87 time, 1780.02 real, 171 MB
[runlim] sample:		1789.87 time, 1790.02 real, 173 MB
[runlim] sample:		1799.87 time, 1800.02 real, 174 MB
[runlim] sample:		1809.87 time, 1810.02 real, 175 MB
[runlim] sample:		1819.87 time, 1820.02 real, 177 MB
[runlim] sample:		1829.87 time, 1830.02 real, 102 MB
[runlim] sample:		1839.87 time, 1840.02 real, 102 MB
[runlim] sample:		1849.87 time, 1850.02 real, 133 MB
[runlim] sample:		1859.87 time, 1860.02 real, 137 MB
[runlim] sample:		1869.87 time, 1870.02 real, 142 MB
[runlim] sample:		1879.87 time, 1880.02 real, 147 MB
[runlim] sample:		1889.87 time, 1890.02 real, 151 MB
[runlim] sample:		1899.87 time, 1900.02 real, 155 MB
[runlim] sample:		1909.87 time, 1910.02 real, 160 MB
[runlim] sample:		1919.87 time, 1920.02 real, 164 MB
[runlim] sample:		1929.87 time, 1930.02 real, 168 MB
[runlim] sample:		1939.87 time, 1940.02 real, 171 MB
[runlim] sample:		1949.87 time, 1950.02 real, 174 MB
[runlim] sample:		1959.87 time, 1960.02 real, 177 MB
[runlim] sample:		1969.87 time, 1970.02 real, 181 MB
[runlim] sample:		1979.87 time, 1980.02 real, 184 MB
[runlim] sample:		1989.87 time, 1990.02 real, 187 MB
[runlim] sample:		1999.87 time, 2000.02 real, 102 MB
[runlim] sample:		2009.87 time, 2010.02 real, 102 MB
[runlim] sample:		2019.87 time, 2020.02 real, 136 MB
[runlim] sample:		2029.87 time, 2030.02 real, 141 MB
[runlim] sample:		2039.87 time, 2040.02 real, 145 MB
[runlim] sample:		2049.87 time, 2050.02 real, 149 MB
[runlim] sample:		2059.87 time, 2060.02 real, 154 MB
[runlim] sample:		2069.87 time, 2070.02 real, 157 MB
[runlim] sample:		2079.87 time, 2080.02 real, 161 MB
[runlim] sample:		2089.87 time, 2090.02 real, 166 MB
[runlim] sample:		2099.88 time, 2100.02 real, 171 MB
[runlim] sample:		2109.87 time, 2110.02 real, 175 MB
[runlim] sample:		2119.87 time, 2120.02 real, 179 MB
[runlim] sample:		2129.88 time, 2130.02 real, 183 MB
[runlim] sample:		2139.87 time, 2140.02 real, 187 MB
[runlim] sample:		2149.87 time, 2150.02 real, 191 MB
[runlim] sample:		2159.87 time, 2160.02 real, 196 MB
[runlim] sample:		2169.87 time, 2170.02 real, 102 MB
[runlim] sample:		2179.87 time, 2180.02 real, 102 MB
[runlim] sample:		2189.87 time, 2190.02 real, 134 MB
[runlim] sample:		2199.87 time, 2200.02 real, 138 MB
[runlim] sample:		2209.88 time, 2210.02 real, 139 MB
[runlim] sample:		2219.87 time, 2220.02 real, 140 MB
[runlim] sample:		2229.87 time, 2230.02 real, 143 MB
[runlim] sample:		2239.87 time, 2240.02 real, 145 MB
[runlim] sample:		2249.88 time, 2250.02 real, 147 MB
[runlim] sample:		2259.87 time, 2260.02 real, 149 MB
[runlim] sample:		2269.87 time, 2270.02 real, 152 MB
[runlim] sample:		2279.87 time, 2280.02 real, 154 MB
[runlim] sample:		2289.87 time, 2290.02 real, 156 MB
[runlim] sample:		2299.87 time, 2300.02 real, 158 MB
[runlim] sample:		2309.87 time, 2310.02 real, 160 MB
[runlim] sample:		2319.87 time, 2320.02 real, 162 MB
[runlim] sample:		2329.87 time, 2330.02 real, 166 MB
[runlim] sample:		2339.87 time, 2340.02 real, 168 MB
[runlim] sample:		2349.87 time, 2350.02 real, 171 MB
[runlim] sample:		2359.87 time, 2360.02 real, 173 MB
[runlim] sample:		2369.87 time, 2370.02 real, 176 MB
[runlim] sample:		2379.88 time, 2380.02 real, 102 MB
[runlim] sample:		2389.88 time, 2390.02 real, 102 MB
[runlim] sample:		2399.88 time, 2400.02 real, 102 MB
[runlim] sample:		2409.88 time, 2410.02 real, 134 MB
[runlim] sample:		2419.87 time, 2420.02 real, 141 MB
[runlim] sample:		2429.87 time, 2430.02 real, 147 MB
[runlim] sample:		2439.87 time, 2440.02 real, 154 MB
[runlim] sample:		2449.88 time, 2450.02 real, 159 MB
[runlim] sample:		2459.87 time, 2460.02 real, 165 MB
[runlim] sample:		2469.87 time, 2470.02 real, 167 MB
[runlim] sample:		2479.87 time, 2480.02 real, 167 MB
[runlim] sample:		2489.88 time, 2490.02 real, 168 MB
[runlim] sample:		2499.88 time, 2500.02 real, 169 MB
[runlim] sample:		2509.88 time, 2510.02 real, 170 MB
[runlim] sample:		2519.87 time, 2520.02 real, 170 MB
[runlim] sample:		2529.87 time, 2530.02 real, 171 MB
[runlim] sample:		2539.87 time, 2540.02 real, 172 MB
[runlim] sample:		2549.88 time, 2550.02 real, 173 MB
[runlim] sample:		2559.87 time, 2560.02 real, 175 MB
[runlim] sample:		2569.87 time, 2570.02 real, 176 MB
[runlim] sample:		2579.87 time, 2580.02 real, 176 MB
[runlim] sample:		2589.87 time, 2590.02 real, 177 MB
[runlim] sample:		2599.87 time, 2600.02 real, 178 MB
[runlim] sample:		2609.87 time, 2610.02 real, 179 MB
[runlim] sample:		2619.88 time, 2620.02 real, 104 MB
[runlim] sample:		2629.88 time, 2630.02 real, 108 MB
[runlim] sample:		2639.87 time, 2640.02 real, 113 MB
[runlim] sample:		2649.87 time, 2650.02 real, 145 MB
[runlim] sample:		2659.87 time, 2660.02 real, 148 MB
[runlim] sample:		2669.87 time, 2670.02 real, 152 MB
[runlim] sample:		2679.87 time, 2680.02 real, 155 MB
[runlim] sample:		2689.87 time, 2690.02 real, 158 MB
[runlim] sample:		2699.87 time, 2700.02 real, 162 MB
[runlim] end:			Sat Feb 29 07:00:20 2020
[runlim] status:		out of time
[runlim] result:		2
[runlim] children:		1
[runlim] real:			2700.10 seconds
[runlim] time:			2699.87 seconds
[runlim] space:			198 MB
[runlim] samples:		27000
