[runlim] version:		1.18
[runlim] host:			c3n01
[runlim] time limit:		2700 seconds
[runlim] real time limit:	2700 seconds
[runlim] space limit:		7000 MB
[runlim] argv[0]:		./binary
[runlim] argv[1]:		/data/cnf/ankit/E1-A1-Red/driverlog04_7.qdimacs
[runlim] start:			Sat Feb 29 06:15:20 2020
[runlim] child:			4611
[runlim] sample:		10.00 time, 10.02 real, 11 MB
[runlim] sample:		20.00 time, 20.02 real, 18 MB
[runlim] sample:		30.00 time, 30.02 real, 21 MB
[runlim] sample:		40.00 time, 40.02 real, 28 MB
[runlim] sample:		50.00 time, 50.02 real, 31 MB
[runlim] sample:		60.00 time, 60.02 real, 31 MB
[runlim] sample:		70.00 time, 70.02 real, 32 MB
[runlim] sample:		80.00 time, 80.02 real, 32 MB
[runlim] sample:		90.00 time, 90.02 real, 32 MB
[runlim] sample:		100.00 time, 100.02 real, 32 MB
[runlim] sample:		110.00 time, 110.02 real, 37 MB
[runlim] sample:		120.00 time, 120.02 real, 37 MB
[runlim] sample:		130.00 time, 130.02 real, 37 MB
[runlim] sample:		140.00 time, 140.02 real, 37 MB
[runlim] sample:		150.00 time, 150.02 real, 37 MB
[runlim] sample:		160.00 time, 160.02 real, 37 MB
[runlim] sample:		170.00 time, 170.02 real, 37 MB
[runlim] sample:		180.00 time, 180.02 real, 37 MB
[runlim] sample:		190.01 time, 190.02 real, 37 MB
[runlim] sample:		200.00 time, 200.02 real, 38 MB
[runlim] sample:		210.00 time, 210.02 real, 42 MB
[runlim] sample:		220.01 time, 220.02 real, 44 MB
[runlim] sample:		230.00 time, 230.02 real, 44 MB
[runlim] sample:		240.00 time, 240.02 real, 44 MB
[runlim] sample:		250.00 time, 250.02 real, 44 MB
[runlim] end:			Sat Feb 29 06:19:38 2020
[runlim] status:		ok
[runlim] result:		0
[runlim] children:		1
[runlim] real:			258.03 seconds
[runlim] time:			258.01 seconds
[runlim] space:			44 MB
[runlim] samples:		2580
