[runlim] version:		1.18
[runlim] host:			c3n17
[runlim] time limit:		2700 seconds
[runlim] real time limit:	2700 seconds
[runlim] space limit:		7000 MB
[runlim] argv[0]:		./binary
[runlim] argv[1]:		/data/cnf/ankit/E1-A1-Red/dungeon_i25-m12-u5-v0.pddl_planlen=98.dqbf
[runlim] start:			Sat Feb 29 06:15:21 2020
[runlim] child:			15303
[runlim] sample:		9.69 time, 10.02 real, 59 MB
[runlim] sample:		19.70 time, 20.02 real, 65 MB
[runlim] sample:		29.69 time, 30.02 real, 77 MB
[runlim] sample:		39.70 time, 40.02 real, 102 MB
[runlim] sample:		49.69 time, 50.02 real, 78 MB
[runlim] sample:		59.69 time, 60.02 real, 86 MB
[runlim] sample:		69.69 time, 70.02 real, 123 MB
[runlim] sample:		79.69 time, 80.02 real, 89 MB
[runlim] sample:		89.69 time, 90.02 real, 89 MB
[runlim] sample:		99.70 time, 100.02 real, 122 MB
[runlim] sample:		109.69 time, 110.02 real, 128 MB
[runlim] sample:		119.70 time, 120.02 real, 132 MB
[runlim] sample:		129.69 time, 130.02 real, 89 MB
[runlim] sample:		139.70 time, 140.02 real, 119 MB
[runlim] sample:		149.70 time, 150.02 real, 126 MB
[runlim] sample:		159.70 time, 160.02 real, 132 MB
[runlim] sample:		169.69 time, 170.02 real, 136 MB
[runlim] sample:		179.69 time, 180.02 real, 140 MB
[runlim] sample:		189.70 time, 190.02 real, 145 MB
[runlim] sample:		199.69 time, 200.02 real, 89 MB
[runlim] sample:		209.69 time, 210.02 real, 125 MB
[runlim] sample:		219.70 time, 220.02 real, 134 MB
[runlim] sample:		229.69 time, 230.02 real, 140 MB
[runlim] sample:		239.69 time, 240.02 real, 145 MB
[runlim] sample:		249.69 time, 250.02 real, 148 MB
[runlim] sample:		259.69 time, 260.02 real, 150 MB
[runlim] sample:		269.69 time, 270.02 real, 153 MB
[runlim] sample:		279.69 time, 280.02 real, 157 MB
[runlim] sample:		289.69 time, 290.02 real, 160 MB
[runlim] sample:		299.69 time, 300.02 real, 119 MB
[runlim] sample:		309.69 time, 310.02 real, 125 MB
[runlim] sample:		319.69 time, 320.02 real, 130 MB
[runlim] sample:		329.69 time, 330.02 real, 136 MB
[runlim] sample:		339.69 time, 340.02 real, 143 MB
[runlim] sample:		349.70 time, 350.02 real, 146 MB
[runlim] sample:		359.69 time, 360.02 real, 149 MB
[runlim] sample:		369.69 time, 370.02 real, 152 MB
[runlim] sample:		379.69 time, 380.02 real, 156 MB
[runlim] sample:		389.69 time, 390.02 real, 159 MB
[runlim] sample:		399.69 time, 400.02 real, 163 MB
[runlim] sample:		409.69 time, 410.02 real, 167 MB
[runlim] sample:		419.69 time, 420.02 real, 125 MB
[runlim] sample:		429.69 time, 430.02 real, 130 MB
[runlim] sample:		439.69 time, 440.02 real, 133 MB
[runlim] sample:		449.69 time, 450.02 real, 137 MB
[runlim] sample:		459.69 time, 460.02 real, 145 MB
[runlim] sample:		469.69 time, 470.02 real, 150 MB
[runlim] sample:		479.69 time, 480.02 real, 153 MB
[runlim] sample:		489.69 time, 490.02 real, 158 MB
[runlim] sample:		499.69 time, 500.02 real, 164 MB
[runlim] sample:		509.69 time, 510.02 real, 167 MB
[runlim] sample:		519.69 time, 520.02 real, 176 MB
[runlim] sample:		529.69 time, 530.02 real, 126 MB
[runlim] sample:		539.69 time, 540.02 real, 132 MB
[runlim] sample:		549.69 time, 550.02 real, 137 MB
[runlim] sample:		559.69 time, 560.02 real, 141 MB
[runlim] sample:		569.69 time, 570.02 real, 147 MB
[runlim] sample:		579.69 time, 580.02 real, 150 MB
[runlim] sample:		589.69 time, 590.02 real, 155 MB
[runlim] sample:		599.69 time, 600.02 real, 158 MB
[runlim] sample:		609.69 time, 610.02 real, 163 MB
[runlim] sample:		619.69 time, 620.02 real, 169 MB
[runlim] sample:		629.69 time, 630.02 real, 173 MB
[runlim] sample:		639.69 time, 640.02 real, 179 MB
[runlim] sample:		649.69 time, 650.02 real, 182 MB
[runlim] sample:		659.68 time, 660.02 real, 188 MB
[runlim] sample:		669.69 time, 670.02 real, 190 MB
[runlim] sample:		679.69 time, 680.02 real, 192 MB
[runlim] sample:		689.69 time, 690.02 real, 194 MB
[runlim] sample:		699.69 time, 700.02 real, 197 MB
[runlim] sample:		709.69 time, 710.02 real, 199 MB
[runlim] sample:		719.69 time, 720.02 real, 129 MB
[runlim] sample:		729.69 time, 730.02 real, 132 MB
[runlim] sample:		739.68 time, 740.02 real, 138 MB
[runlim] sample:		749.69 time, 750.02 real, 144 MB
[runlim] sample:		759.68 time, 760.02 real, 154 MB
[runlim] sample:		769.69 time, 770.02 real, 161 MB
[runlim] sample:		779.68 time, 780.02 real, 166 MB
[runlim] sample:		789.69 time, 790.02 real, 168 MB
[runlim] sample:		799.69 time, 800.02 real, 171 MB
[runlim] sample:		809.69 time, 810.02 real, 174 MB
[runlim] sample:		819.68 time, 820.02 real, 179 MB
[runlim] sample:		829.69 time, 830.02 real, 181 MB
[runlim] sample:		839.68 time, 840.02 real, 183 MB
[runlim] sample:		849.69 time, 850.02 real, 189 MB
[runlim] sample:		859.69 time, 860.02 real, 192 MB
[runlim] sample:		869.69 time, 870.02 real, 195 MB
[runlim] sample:		879.68 time, 880.02 real, 197 MB
[runlim] sample:		889.69 time, 890.02 real, 198 MB
[runlim] sample:		899.69 time, 900.02 real, 200 MB
[runlim] sample:		909.68 time, 910.02 real, 139 MB
[runlim] sample:		919.68 time, 920.02 real, 143 MB
[runlim] sample:		929.69 time, 930.02 real, 147 MB
[runlim] sample:		939.68 time, 940.02 real, 150 MB
[runlim] sample:		949.68 time, 950.02 real, 154 MB
[runlim] sample:		959.68 time, 960.02 real, 158 MB
[runlim] sample:		969.69 time, 970.02 real, 162 MB
[runlim] sample:		979.69 time, 980.02 real, 164 MB
[runlim] sample:		989.68 time, 990.02 real, 168 MB
[runlim] sample:		999.68 time, 1000.02 real, 173 MB
[runlim] sample:		1009.69 time, 1010.02 real, 181 MB
[runlim] sample:		1019.69 time, 1020.02 real, 185 MB
[runlim] sample:		1029.68 time, 1030.02 real, 189 MB
[runlim] sample:		1039.69 time, 1040.02 real, 193 MB
[runlim] sample:		1049.68 time, 1050.02 real, 201 MB
[runlim] sample:		1059.68 time, 1060.02 real, 206 MB
[runlim] sample:		1069.68 time, 1070.02 real, 208 MB
[runlim] sample:		1079.68 time, 1080.02 real, 210 MB
[runlim] sample:		1089.68 time, 1090.02 real, 214 MB
[runlim] sample:		1099.68 time, 1100.02 real, 137 MB
[runlim] sample:		1109.68 time, 1110.02 real, 142 MB
[runlim] sample:		1119.68 time, 1120.02 real, 146 MB
[runlim] sample:		1129.68 time, 1130.02 real, 148 MB
[runlim] sample:		1139.68 time, 1140.02 real, 153 MB
[runlim] sample:		1149.68 time, 1150.02 real, 158 MB
[runlim] sample:		1159.68 time, 1160.02 real, 161 MB
[runlim] sample:		1169.68 time, 1170.02 real, 166 MB
[runlim] sample:		1179.69 time, 1180.02 real, 170 MB
[runlim] sample:		1189.69 time, 1190.02 real, 174 MB
[runlim] sample:		1199.69 time, 1200.02 real, 179 MB
[runlim] sample:		1209.68 time, 1210.02 real, 182 MB
[runlim] sample:		1219.68 time, 1220.02 real, 186 MB
[runlim] sample:		1229.68 time, 1230.02 real, 189 MB
[runlim] sample:		1239.68 time, 1240.02 real, 192 MB
[runlim] sample:		1249.69 time, 1250.02 real, 194 MB
[runlim] sample:		1259.68 time, 1260.02 real, 195 MB
[runlim] sample:		1269.68 time, 1270.02 real, 196 MB
[runlim] sample:		1279.68 time, 1280.02 real, 197 MB
[runlim] sample:		1289.68 time, 1290.02 real, 199 MB
[runlim] sample:		1299.69 time, 1300.02 real, 200 MB
[runlim] sample:		1309.69 time, 1310.02 real, 201 MB
[runlim] sample:		1319.68 time, 1320.02 real, 202 MB
[runlim] sample:		1329.68 time, 1330.02 real, 204 MB
[runlim] sample:		1339.68 time, 1340.02 real, 206 MB
[runlim] sample:		1349.68 time, 1350.02 real, 137 MB
[runlim] sample:		1359.68 time, 1360.02 real, 144 MB
[runlim] sample:		1369.68 time, 1370.02 real, 147 MB
[runlim] sample:		1379.68 time, 1380.02 real, 154 MB
[runlim] sample:		1389.68 time, 1390.02 real, 159 MB
[runlim] sample:		1399.68 time, 1400.02 real, 167 MB
[runlim] sample:		1409.68 time, 1410.02 real, 171 MB
[runlim] sample:		1419.68 time, 1420.02 real, 172 MB
[runlim] sample:		1429.68 time, 1430.02 real, 173 MB
[runlim] sample:		1439.68 time, 1440.02 real, 175 MB
[runlim] sample:		1449.68 time, 1450.02 real, 176 MB
[runlim] sample:		1459.68 time, 1460.02 real, 180 MB
[runlim] sample:		1469.68 time, 1470.02 real, 182 MB
[runlim] sample:		1479.68 time, 1480.02 real, 184 MB
[runlim] sample:		1489.68 time, 1490.02 real, 185 MB
[runlim] sample:		1499.68 time, 1500.02 real, 187 MB
[runlim] sample:		1509.68 time, 1510.02 real, 190 MB
[runlim] sample:		1519.68 time, 1520.02 real, 191 MB
[runlim] sample:		1529.68 time, 1530.02 real, 198 MB
[runlim] sample:		1539.68 time, 1540.02 real, 201 MB
[runlim] sample:		1549.67 time, 1550.02 real, 202 MB
[runlim] sample:		1559.67 time, 1560.02 real, 206 MB
[runlim] sample:		1569.68 time, 1570.02 real, 210 MB
[runlim] sample:		1579.68 time, 1580.02 real, 212 MB
[runlim] sample:		1589.68 time, 1590.02 real, 213 MB
[runlim] sample:		1599.68 time, 1600.02 real, 214 MB
[runlim] sample:		1609.68 time, 1610.02 real, 215 MB
[runlim] sample:		1619.68 time, 1620.02 real, 216 MB
[runlim] sample:		1629.68 time, 1630.02 real, 137 MB
[runlim] sample:		1639.68 time, 1640.02 real, 140 MB
[runlim] sample:		1649.68 time, 1650.02 real, 145 MB
[runlim] sample:		1659.68 time, 1660.02 real, 151 MB
[runlim] sample:		1669.68 time, 1670.02 real, 156 MB
[runlim] sample:		1679.68 time, 1680.02 real, 163 MB
[runlim] sample:		1689.67 time, 1690.02 real, 168 MB
[runlim] sample:		1699.67 time, 1700.02 real, 173 MB
[runlim] sample:		1709.67 time, 1710.02 real, 177 MB
[runlim] sample:		1719.67 time, 1720.02 real, 184 MB
[runlim] sample:		1729.67 time, 1730.02 real, 185 MB
[runlim] sample:		1739.67 time, 1740.02 real, 187 MB
[runlim] sample:		1749.67 time, 1750.02 real, 188 MB
[runlim] sample:		1759.67 time, 1760.02 real, 188 MB
[runlim] sample:		1769.67 time, 1770.02 real, 189 MB
[runlim] sample:		1779.67 time, 1780.02 real, 190 MB
[runlim] sample:		1789.67 time, 1790.02 real, 191 MB
[runlim] sample:		1799.68 time, 1800.02 real, 193 MB
[runlim] sample:		1809.68 time, 1810.02 real, 195 MB
[runlim] sample:		1819.67 time, 1820.02 real, 195 MB
[runlim] sample:		1829.67 time, 1830.02 real, 197 MB
[runlim] sample:		1839.68 time, 1840.02 real, 200 MB
[runlim] sample:		1849.68 time, 1850.02 real, 203 MB
[runlim] sample:		1859.68 time, 1860.02 real, 208 MB
[runlim] sample:		1869.68 time, 1870.02 real, 210 MB
[runlim] sample:		1879.68 time, 1880.02 real, 213 MB
[runlim] sample:		1889.68 time, 1890.02 real, 141 MB
[runlim] sample:		1899.68 time, 1900.02 real, 144 MB
[runlim] sample:		1909.68 time, 1910.02 real, 152 MB
[runlim] sample:		1919.67 time, 1920.02 real, 158 MB
[runlim] sample:		1929.67 time, 1930.02 real, 161 MB
[runlim] sample:		1939.68 time, 1940.02 real, 164 MB
[runlim] sample:		1949.68 time, 1950.02 real, 166 MB
[runlim] sample:		1959.67 time, 1960.02 real, 169 MB
[runlim] sample:		1969.68 time, 1970.02 real, 174 MB
[runlim] sample:		1979.67 time, 1980.02 real, 181 MB
[runlim] sample:		1989.67 time, 1990.02 real, 185 MB
[runlim] sample:		1999.67 time, 2000.02 real, 187 MB
[runlim] sample:		2009.67 time, 2010.02 real, 189 MB
[runlim] sample:		2019.67 time, 2020.02 real, 192 MB
[runlim] sample:		2029.67 time, 2030.02 real, 195 MB
[runlim] sample:		2039.67 time, 2040.02 real, 198 MB
[runlim] sample:		2049.68 time, 2050.02 real, 202 MB
[runlim] sample:		2059.67 time, 2060.02 real, 207 MB
[runlim] sample:		2069.67 time, 2070.02 real, 211 MB
[runlim] sample:		2079.67 time, 2080.02 real, 213 MB
[runlim] sample:		2089.67 time, 2090.02 real, 215 MB
[runlim] sample:		2099.67 time, 2100.02 real, 217 MB
[runlim] sample:		2109.67 time, 2110.02 real, 219 MB
[runlim] sample:		2119.67 time, 2120.02 real, 222 MB
[runlim] sample:		2129.67 time, 2130.02 real, 224 MB
[runlim] sample:		2139.67 time, 2140.02 real, 141 MB
[runlim] sample:		2149.68 time, 2150.02 real, 144 MB
[runlim] sample:		2159.68 time, 2160.02 real, 146 MB
[runlim] sample:		2169.68 time, 2170.02 real, 152 MB
[runlim] sample:		2179.67 time, 2180.02 real, 158 MB
[runlim] sample:		2189.67 time, 2190.02 real, 164 MB
[runlim] sample:		2199.67 time, 2200.02 real, 168 MB
[runlim] sample:		2209.68 time, 2210.02 real, 171 MB
[runlim] sample:		2219.67 time, 2220.02 real, 173 MB
[runlim] sample:		2229.67 time, 2230.02 real, 175 MB
[runlim] sample:		2239.67 time, 2240.02 real, 179 MB
[runlim] sample:		2249.67 time, 2250.02 real, 184 MB
[runlim] sample:		2259.67 time, 2260.02 real, 186 MB
[runlim] sample:		2269.67 time, 2270.02 real, 187 MB
[runlim] sample:		2279.67 time, 2280.02 real, 190 MB
[runlim] sample:		2289.67 time, 2290.02 real, 195 MB
[runlim] sample:		2299.67 time, 2300.02 real, 200 MB
[runlim] sample:		2309.67 time, 2310.02 real, 205 MB
[runlim] sample:		2319.67 time, 2320.02 real, 208 MB
[runlim] sample:		2329.67 time, 2330.02 real, 212 MB
[runlim] sample:		2339.67 time, 2340.02 real, 216 MB
[runlim] sample:		2349.67 time, 2350.02 real, 222 MB
[runlim] sample:		2359.67 time, 2360.02 real, 226 MB
[runlim] sample:		2369.67 time, 2370.02 real, 140 MB
[runlim] sample:		2379.67 time, 2380.02 real, 143 MB
[runlim] sample:		2389.67 time, 2390.02 real, 145 MB
[runlim] sample:		2399.66 time, 2400.02 real, 148 MB
[runlim] sample:		2409.66 time, 2410.02 real, 154 MB
[runlim] sample:		2419.67 time, 2420.02 real, 158 MB
[runlim] sample:		2429.67 time, 2430.02 real, 164 MB
[runlim] sample:		2439.66 time, 2440.02 real, 170 MB
[runlim] sample:		2449.66 time, 2450.02 real, 172 MB
[runlim] sample:		2459.67 time, 2460.02 real, 174 MB
[runlim] sample:		2469.66 time, 2470.02 real, 177 MB
[runlim] sample:		2479.67 time, 2480.02 real, 180 MB
[runlim] sample:		2489.66 time, 2490.02 real, 185 MB
[runlim] sample:		2499.67 time, 2500.02 real, 189 MB
[runlim] sample:		2509.67 time, 2510.02 real, 196 MB
[runlim] sample:		2519.67 time, 2520.02 real, 202 MB
[runlim] sample:		2529.66 time, 2530.02 real, 209 MB
[runlim] sample:		2539.66 time, 2540.02 real, 216 MB
[runlim] sample:		2549.67 time, 2550.02 real, 219 MB
[runlim] sample:		2559.66 time, 2560.02 real, 225 MB
[runlim] sample:		2569.66 time, 2570.02 real, 228 MB
[runlim] sample:		2579.66 time, 2580.02 real, 233 MB
[runlim] sample:		2589.67 time, 2590.02 real, 238 MB
[runlim] sample:		2599.66 time, 2600.02 real, 141 MB
[runlim] sample:		2609.66 time, 2610.02 real, 143 MB
[runlim] sample:		2619.66 time, 2620.02 real, 147 MB
[runlim] sample:		2629.66 time, 2630.02 real, 149 MB
[runlim] sample:		2639.66 time, 2640.02 real, 152 MB
[runlim] sample:		2649.66 time, 2650.02 real, 155 MB
[runlim] sample:		2659.66 time, 2660.02 real, 160 MB
[runlim] sample:		2669.66 time, 2670.02 real, 163 MB
[runlim] sample:		2679.66 time, 2680.02 real, 165 MB
[runlim] sample:		2689.66 time, 2690.02 real, 167 MB
[runlim] sample:		2699.66 time, 2700.02 real, 170 MB
[runlim] end:			Sat Feb 29 07:00:21 2020
[runlim] status:		out of time
[runlim] result:		2
[runlim] children:		1
[runlim] real:			2700.10 seconds
[runlim] time:			2699.66 seconds
[runlim] space:			291 MB
[runlim] samples:		27000
