[runlim] version:		1.18
[runlim] host:			c3n17
[runlim] time limit:		2700 seconds
[runlim] real time limit:	2700 seconds
[runlim] space limit:		7000 MB
[runlim] argv[0]:		./binary
[runlim] argv[1]:		/data/cnf/ankit/E1-A1-Red/dungeon_i25-m12-u5-v0.pddl_planlen=86.dqbf
[runlim] start:			Sat Feb 29 06:15:21 2020
[runlim] child:			15304
[runlim] sample:		9.59 time, 10.02 real, 53 MB
[runlim] sample:		19.58 time, 20.02 real, 53 MB
[runlim] sample:		29.59 time, 30.02 real, 91 MB
[runlim] sample:		39.59 time, 40.02 real, 72 MB
[runlim] sample:		49.58 time, 50.02 real, 77 MB
[runlim] sample:		59.59 time, 60.02 real, 114 MB
[runlim] sample:		69.59 time, 70.02 real, 84 MB
[runlim] sample:		79.59 time, 80.02 real, 84 MB
[runlim] sample:		89.59 time, 90.02 real, 117 MB
[runlim] sample:		99.58 time, 100.02 real, 123 MB
[runlim] sample:		109.59 time, 110.02 real, 128 MB
[runlim] sample:		119.59 time, 120.02 real, 84 MB
[runlim] sample:		129.59 time, 130.02 real, 118 MB
[runlim] sample:		139.59 time, 140.02 real, 131 MB
[runlim] sample:		149.59 time, 150.02 real, 136 MB
[runlim] sample:		159.59 time, 160.02 real, 142 MB
[runlim] sample:		169.59 time, 170.02 real, 146 MB
[runlim] sample:		179.59 time, 180.02 real, 84 MB
[runlim] sample:		189.58 time, 190.02 real, 121 MB
[runlim] sample:		199.58 time, 200.02 real, 129 MB
[runlim] sample:		209.59 time, 210.02 real, 138 MB
[runlim] sample:		219.58 time, 220.02 real, 143 MB
[runlim] sample:		229.58 time, 230.02 real, 149 MB
[runlim] sample:		239.59 time, 240.02 real, 155 MB
[runlim] sample:		249.59 time, 250.02 real, 115 MB
[runlim] sample:		259.59 time, 260.02 real, 122 MB
[runlim] sample:		269.58 time, 270.02 real, 128 MB
[runlim] sample:		279.58 time, 280.02 real, 133 MB
[runlim] sample:		289.59 time, 290.02 real, 138 MB
[runlim] sample:		299.58 time, 300.02 real, 142 MB
[runlim] sample:		309.58 time, 310.02 real, 146 MB
[runlim] sample:		319.59 time, 320.02 real, 149 MB
[runlim] sample:		329.58 time, 330.02 real, 153 MB
[runlim] sample:		339.59 time, 340.02 real, 157 MB
[runlim] sample:		349.59 time, 350.02 real, 164 MB
[runlim] sample:		359.59 time, 360.02 real, 169 MB
[runlim] sample:		369.58 time, 370.02 real, 120 MB
[runlim] sample:		379.58 time, 380.02 real, 127 MB
[runlim] sample:		389.59 time, 390.02 real, 132 MB
[runlim] sample:		399.58 time, 400.02 real, 136 MB
[runlim] sample:		409.59 time, 410.02 real, 140 MB
[runlim] sample:		419.58 time, 420.02 real, 144 MB
[runlim] sample:		429.59 time, 430.02 real, 150 MB
[runlim] sample:		439.59 time, 440.02 real, 155 MB
[runlim] sample:		449.58 time, 450.02 real, 166 MB
[runlim] sample:		459.58 time, 460.02 real, 170 MB
[runlim] sample:		469.59 time, 470.02 real, 174 MB
[runlim] sample:		479.59 time, 480.02 real, 177 MB
[runlim] sample:		489.58 time, 490.02 real, 180 MB
[runlim] sample:		499.58 time, 500.02 real, 183 MB
[runlim] sample:		509.58 time, 510.02 real, 120 MB
[runlim] sample:		519.59 time, 520.02 real, 128 MB
[runlim] sample:		529.58 time, 530.02 real, 138 MB
[runlim] sample:		539.58 time, 540.02 real, 149 MB
[runlim] sample:		549.58 time, 550.02 real, 157 MB
[runlim] sample:		559.58 time, 560.02 real, 163 MB
[runlim] sample:		569.58 time, 570.02 real, 166 MB
[runlim] sample:		579.58 time, 580.02 real, 169 MB
[runlim] sample:		589.59 time, 590.02 real, 173 MB
[runlim] sample:		599.58 time, 600.02 real, 177 MB
[runlim] sample:		609.58 time, 610.02 real, 183 MB
[runlim] sample:		619.58 time, 620.02 real, 187 MB
[runlim] sample:		629.59 time, 630.02 real, 190 MB
[runlim] sample:		639.59 time, 640.02 real, 193 MB
[runlim] sample:		649.58 time, 650.02 real, 196 MB
[runlim] sample:		659.58 time, 660.02 real, 203 MB
[runlim] sample:		669.58 time, 670.02 real, 208 MB
[runlim] sample:		679.58 time, 680.02 real, 213 MB
[runlim] sample:		689.58 time, 690.02 real, 130 MB
[runlim] sample:		699.58 time, 700.02 real, 137 MB
[runlim] sample:		709.58 time, 710.02 real, 141 MB
[runlim] sample:		719.58 time, 720.02 real, 145 MB
[runlim] sample:		729.58 time, 730.02 real, 151 MB
[runlim] sample:		739.58 time, 740.02 real, 154 MB
[runlim] sample:		749.58 time, 750.02 real, 159 MB
[runlim] sample:		759.58 time, 760.02 real, 166 MB
[runlim] sample:		769.58 time, 770.02 real, 169 MB
[runlim] sample:		779.58 time, 780.02 real, 174 MB
[runlim] sample:		789.58 time, 790.02 real, 177 MB
[runlim] sample:		799.58 time, 800.02 real, 180 MB
[runlim] sample:		809.58 time, 810.02 real, 181 MB
[runlim] sample:		819.58 time, 820.02 real, 183 MB
[runlim] sample:		829.58 time, 830.02 real, 184 MB
[runlim] sample:		839.58 time, 840.02 real, 186 MB
[runlim] sample:		849.58 time, 850.02 real, 190 MB
[runlim] sample:		859.58 time, 860.02 real, 192 MB
[runlim] sample:		869.58 time, 870.02 real, 195 MB
[runlim] sample:		879.58 time, 880.02 real, 196 MB
[runlim] sample:		889.58 time, 890.02 real, 133 MB
[runlim] sample:		899.58 time, 900.02 real, 139 MB
[runlim] sample:		909.57 time, 910.02 real, 148 MB
[runlim] sample:		919.58 time, 920.02 real, 155 MB
[runlim] sample:		929.57 time, 930.02 real, 162 MB
[runlim] sample:		939.58 time, 940.02 real, 166 MB
[runlim] sample:		949.58 time, 950.02 real, 170 MB
[runlim] sample:		959.58 time, 960.02 real, 176 MB
[runlim] sample:		969.58 time, 970.02 real, 182 MB
[runlim] sample:		979.57 time, 980.02 real, 189 MB
[runlim] sample:		989.58 time, 990.02 real, 194 MB
[runlim] sample:		999.57 time, 1000.02 real, 198 MB
[runlim] sample:		1009.57 time, 1010.02 real, 203 MB
[runlim] sample:		1019.58 time, 1020.02 real, 207 MB
[runlim] sample:		1029.57 time, 1030.02 real, 210 MB
[runlim] sample:		1039.58 time, 1040.02 real, 215 MB
[runlim] sample:		1049.58 time, 1050.02 real, 219 MB
[runlim] sample:		1059.57 time, 1060.02 real, 274 MB
[runlim] sample:		1069.57 time, 1070.02 real, 144 MB
[runlim] sample:		1079.57 time, 1080.02 real, 150 MB
[runlim] sample:		1089.58 time, 1090.02 real, 154 MB
[runlim] sample:		1099.58 time, 1100.02 real, 158 MB
[runlim] sample:		1109.58 time, 1110.02 real, 162 MB
[runlim] sample:		1119.58 time, 1120.02 real, 167 MB
[runlim] sample:		1129.57 time, 1130.02 real, 174 MB
[runlim] sample:		1139.57 time, 1140.02 real, 181 MB
[runlim] sample:		1149.57 time, 1150.02 real, 187 MB
[runlim] sample:		1159.58 time, 1160.02 real, 189 MB
[runlim] sample:		1169.57 time, 1170.02 real, 195 MB
[runlim] sample:		1179.57 time, 1180.02 real, 203 MB
[runlim] sample:		1189.57 time, 1190.02 real, 207 MB
[runlim] sample:		1199.57 time, 1200.02 real, 214 MB
[runlim] sample:		1209.58 time, 1210.02 real, 221 MB
[runlim] sample:		1219.58 time, 1220.02 real, 229 MB
[runlim] sample:		1229.58 time, 1230.02 real, 234 MB
[runlim] sample:		1239.58 time, 1240.02 real, 237 MB
[runlim] sample:		1249.57 time, 1250.02 real, 240 MB
[runlim] sample:		1259.57 time, 1260.02 real, 141 MB
[runlim] sample:		1269.58 time, 1270.02 real, 144 MB
[runlim] sample:		1279.58 time, 1280.02 real, 151 MB
[runlim] sample:		1289.57 time, 1290.02 real, 157 MB
[runlim] sample:		1299.57 time, 1300.02 real, 166 MB
[runlim] sample:		1309.57 time, 1310.02 real, 172 MB
[runlim] sample:		1319.57 time, 1320.02 real, 177 MB
[runlim] sample:		1329.57 time, 1330.02 real, 183 MB
[runlim] sample:		1339.57 time, 1340.02 real, 188 MB
[runlim] sample:		1349.57 time, 1350.02 real, 195 MB
[runlim] sample:		1359.58 time, 1360.02 real, 202 MB
[runlim] sample:		1369.57 time, 1370.02 real, 204 MB
[runlim] sample:		1379.57 time, 1380.02 real, 210 MB
[runlim] sample:		1389.58 time, 1390.02 real, 216 MB
[runlim] sample:		1399.57 time, 1400.02 real, 220 MB
[runlim] sample:		1409.58 time, 1410.02 real, 225 MB
[runlim] sample:		1419.57 time, 1420.02 real, 230 MB
[runlim] sample:		1429.58 time, 1430.02 real, 234 MB
[runlim] sample:		1439.57 time, 1440.02 real, 237 MB
[runlim] sample:		1449.57 time, 1450.02 real, 242 MB
[runlim] sample:		1459.57 time, 1460.02 real, 246 MB
[runlim] sample:		1469.57 time, 1470.02 real, 144 MB
[runlim] sample:		1479.57 time, 1480.02 real, 155 MB
[runlim] sample:		1489.57 time, 1490.02 real, 166 MB
[runlim] sample:		1499.57 time, 1500.02 real, 178 MB
[runlim] sample:		1509.57 time, 1510.02 real, 186 MB
[runlim] sample:		1519.57 time, 1520.02 real, 193 MB
[runlim] sample:		1529.57 time, 1530.02 real, 199 MB
[runlim] sample:		1539.57 time, 1540.02 real, 208 MB
[runlim] sample:		1549.57 time, 1550.02 real, 215 MB
[runlim] sample:		1559.57 time, 1560.02 real, 221 MB
[runlim] sample:		1569.57 time, 1570.02 real, 224 MB
[runlim] sample:		1579.57 time, 1580.02 real, 228 MB
[runlim] sample:		1589.57 time, 1590.02 real, 231 MB
[runlim] sample:		1599.57 time, 1600.02 real, 234 MB
[runlim] sample:		1609.57 time, 1610.02 real, 240 MB
[runlim] sample:		1619.56 time, 1620.02 real, 247 MB
[runlim] sample:		1629.56 time, 1630.02 real, 252 MB
[runlim] sample:		1639.56 time, 1640.02 real, 258 MB
[runlim] sample:		1649.56 time, 1650.02 real, 261 MB
[runlim] sample:		1659.56 time, 1660.02 real, 264 MB
[runlim] sample:		1669.57 time, 1670.02 real, 269 MB
[runlim] sample:		1679.57 time, 1680.02 real, 270 MB
[runlim] sample:		1689.57 time, 1690.02 real, 275 MB
[runlim] sample:		1699.56 time, 1700.02 real, 283 MB
[runlim] sample:		1709.57 time, 1710.02 real, 287 MB
[runlim] sample:		1719.57 time, 1720.02 real, 293 MB
[runlim] sample:		1729.57 time, 1730.02 real, 154 MB
[runlim] sample:		1739.57 time, 1740.02 real, 162 MB
[runlim] sample:		1749.57 time, 1750.02 real, 167 MB
[runlim] sample:		1759.57 time, 1760.02 real, 172 MB
[runlim] sample:		1769.56 time, 1770.02 real, 178 MB
[runlim] sample:		1779.56 time, 1780.02 real, 184 MB
[runlim] sample:		1789.56 time, 1790.02 real, 189 MB
[runlim] sample:		1799.57 time, 1800.02 real, 195 MB
[runlim] sample:		1809.57 time, 1810.02 real, 201 MB
[runlim] sample:		1819.57 time, 1820.02 real, 207 MB
[runlim] sample:		1829.56 time, 1830.02 real, 211 MB
[runlim] sample:		1839.57 time, 1840.02 real, 214 MB
[runlim] sample:		1849.57 time, 1850.02 real, 217 MB
[runlim] sample:		1859.57 time, 1860.02 real, 221 MB
[runlim] sample:		1869.57 time, 1870.02 real, 227 MB
[runlim] sample:		1879.56 time, 1880.02 real, 234 MB
[runlim] sample:		1889.56 time, 1890.02 real, 237 MB
[runlim] sample:		1899.56 time, 1900.02 real, 243 MB
[runlim] sample:		1909.56 time, 1910.02 real, 247 MB
[runlim] sample:		1919.56 time, 1920.02 real, 251 MB
[runlim] sample:		1929.56 time, 1930.02 real, 255 MB
[runlim] sample:		1939.57 time, 1940.02 real, 259 MB
[runlim] sample:		1949.57 time, 1950.02 real, 265 MB
[runlim] sample:		1959.57 time, 1960.02 real, 270 MB
[runlim] sample:		1969.56 time, 1970.02 real, 273 MB
[runlim] sample:		1979.56 time, 1980.02 real, 275 MB
[runlim] sample:		1989.56 time, 1990.02 real, 278 MB
[runlim] sample:		1999.56 time, 2000.02 real, 281 MB
[runlim] sample:		2009.57 time, 2010.02 real, 154 MB
[runlim] sample:		2019.56 time, 2020.02 real, 163 MB
[runlim] sample:		2029.57 time, 2030.02 real, 166 MB
[runlim] sample:		2039.56 time, 2040.02 real, 170 MB
[runlim] sample:		2049.56 time, 2050.02 real, 172 MB
[runlim] sample:		2059.57 time, 2060.02 real, 173 MB
[runlim] sample:		2069.56 time, 2070.02 real, 177 MB
[runlim] sample:		2079.56 time, 2080.02 real, 180 MB
[runlim] sample:		2089.57 time, 2090.02 real, 182 MB
[runlim] sample:		2099.57 time, 2100.02 real, 186 MB
[runlim] sample:		2109.56 time, 2110.02 real, 191 MB
[runlim] sample:		2119.56 time, 2120.02 real, 194 MB
[runlim] sample:		2129.56 time, 2130.02 real, 198 MB
[runlim] sample:		2139.56 time, 2140.02 real, 204 MB
[runlim] sample:		2149.56 time, 2150.02 real, 210 MB
[runlim] sample:		2159.56 time, 2160.02 real, 212 MB
[runlim] sample:		2169.57 time, 2170.02 real, 216 MB
[runlim] sample:		2179.57 time, 2180.02 real, 222 MB
[runlim] sample:		2189.56 time, 2190.02 real, 230 MB
[runlim] sample:		2199.56 time, 2200.02 real, 237 MB
[runlim] sample:		2209.56 time, 2210.02 real, 242 MB
[runlim] sample:		2219.57 time, 2220.02 real, 245 MB
[runlim] sample:		2229.57 time, 2230.02 real, 248 MB
[runlim] sample:		2239.57 time, 2240.02 real, 257 MB
[runlim] sample:		2249.56 time, 2250.02 real, 266 MB
[runlim] sample:		2259.56 time, 2260.02 real, 153 MB
[runlim] sample:		2269.56 time, 2270.02 real, 161 MB
[runlim] sample:		2279.57 time, 2280.02 real, 167 MB
[runlim] sample:		2289.56 time, 2290.02 real, 170 MB
[runlim] sample:		2299.56 time, 2300.02 real, 175 MB
[runlim] sample:		2309.56 time, 2310.02 real, 182 MB
[runlim] sample:		2319.56 time, 2320.02 real, 184 MB
[runlim] sample:		2329.56 time, 2330.02 real, 187 MB
[runlim] sample:		2339.56 time, 2340.02 real, 190 MB
[runlim] sample:		2349.56 time, 2350.02 real, 193 MB
[runlim] sample:		2359.56 time, 2360.02 real, 196 MB
[runlim] sample:		2369.56 time, 2370.02 real, 199 MB
[runlim] sample:		2379.56 time, 2380.02 real, 201 MB
[runlim] sample:		2389.56 time, 2390.02 real, 204 MB
[runlim] sample:		2399.56 time, 2400.02 real, 206 MB
[runlim] sample:		2409.56 time, 2410.02 real, 208 MB
[runlim] sample:		2419.56 time, 2420.02 real, 212 MB
[runlim] sample:		2429.56 time, 2430.02 real, 214 MB
[runlim] sample:		2439.56 time, 2440.02 real, 219 MB
[runlim] sample:		2449.56 time, 2450.02 real, 224 MB
[runlim] sample:		2459.56 time, 2460.02 real, 229 MB
[runlim] sample:		2469.56 time, 2470.02 real, 237 MB
[runlim] sample:		2479.56 time, 2480.02 real, 245 MB
[runlim] sample:		2489.56 time, 2490.02 real, 256 MB
[runlim] sample:		2499.56 time, 2500.02 real, 263 MB
[runlim] sample:		2509.56 time, 2510.02 real, 265 MB
[runlim] sample:		2519.56 time, 2520.02 real, 268 MB
[runlim] sample:		2529.56 time, 2530.02 real, 274 MB
[runlim] sample:		2539.55 time, 2540.02 real, 280 MB
[runlim] sample:		2549.55 time, 2550.02 real, 286 MB
[runlim] sample:		2559.55 time, 2560.02 real, 291 MB
[runlim] sample:		2569.55 time, 2570.02 real, 292 MB
[runlim] sample:		2579.56 time, 2580.02 real, 296 MB
[runlim] sample:		2589.56 time, 2590.02 real, 299 MB
[runlim] sample:		2599.56 time, 2600.02 real, 301 MB
[runlim] sample:		2609.56 time, 2610.02 real, 156 MB
[runlim] sample:		2619.56 time, 2620.02 real, 162 MB
[runlim] sample:		2629.56 time, 2630.02 real, 173 MB
[runlim] sample:		2639.56 time, 2640.02 real, 178 MB
[runlim] sample:		2649.56 time, 2650.02 real, 187 MB
[runlim] sample:		2659.56 time, 2660.02 real, 191 MB
[runlim] sample:		2669.56 time, 2670.02 real, 193 MB
[runlim] sample:		2679.56 time, 2680.02 real, 197 MB
[runlim] sample:		2689.55 time, 2690.02 real, 202 MB
[runlim] sample:		2699.55 time, 2700.02 real, 210 MB
[runlim] end:			Sat Feb 29 07:00:21 2020
[runlim] status:		out of time
[runlim] result:		2
[runlim] children:		1
[runlim] real:			2700.11 seconds
[runlim] time:			2699.55 seconds
[runlim] space:			349 MB
[runlim] samples:		27000
