[runlim] version:		1.18
[runlim] host:			c3n17
[runlim] time limit:		2700 seconds
[runlim] real time limit:	2700 seconds
[runlim] space limit:		7000 MB
[runlim] argv[0]:		./binary
[runlim] argv[1]:		/data/cnf/ankit/E1-A1-Red/dungeon_i25-m12-u5-v0.pddl_planlen=143.dqbf
[runlim] start:			Sat Feb 29 06:15:20 2020
[runlim] child:			15244
[runlim] sample:		9.56 time, 10.02 real, 80 MB
[runlim] sample:		19.56 time, 20.02 real, 83 MB
[runlim] sample:		29.56 time, 30.02 real, 87 MB
[runlim] sample:		39.56 time, 40.02 real, 106 MB
[runlim] sample:		49.56 time, 50.02 real, 113 MB
[runlim] sample:		59.56 time, 60.02 real, 115 MB
[runlim] sample:		69.56 time, 70.02 real, 145 MB
[runlim] sample:		79.56 time, 80.02 real, 152 MB
[runlim] sample:		89.57 time, 90.02 real, 159 MB
[runlim] sample:		99.56 time, 100.02 real, 115 MB
[runlim] sample:		109.56 time, 110.02 real, 147 MB
[runlim] sample:		119.56 time, 120.02 real, 152 MB
[runlim] sample:		129.56 time, 130.02 real, 158 MB
[runlim] sample:		139.56 time, 140.02 real, 165 MB
[runlim] sample:		149.56 time, 150.02 real, 115 MB
[runlim] sample:		159.56 time, 160.02 real, 148 MB
[runlim] sample:		169.56 time, 170.02 real, 154 MB
[runlim] sample:		179.55 time, 180.02 real, 163 MB
[runlim] sample:		189.55 time, 190.02 real, 170 MB
[runlim] sample:		199.55 time, 200.02 real, 174 MB
[runlim] sample:		209.56 time, 210.02 real, 180 MB
[runlim] sample:		219.55 time, 220.02 real, 115 MB
[runlim] sample:		229.56 time, 230.02 real, 151 MB
[runlim] sample:		239.55 time, 240.02 real, 157 MB
[runlim] sample:		249.56 time, 250.02 real, 165 MB
[runlim] sample:		259.56 time, 260.02 real, 173 MB
[runlim] sample:		269.56 time, 270.02 real, 180 MB
[runlim] sample:		279.56 time, 280.02 real, 184 MB
[runlim] sample:		289.56 time, 290.02 real, 188 MB
[runlim] sample:		299.56 time, 300.02 real, 196 MB
[runlim] sample:		309.56 time, 310.02 real, 201 MB
[runlim] sample:		319.56 time, 320.02 real, 146 MB
[runlim] sample:		329.57 time, 330.02 real, 158 MB
[runlim] sample:		339.56 time, 340.02 real, 165 MB
[runlim] sample:		349.56 time, 350.02 real, 172 MB
[runlim] sample:		359.56 time, 360.02 real, 180 MB
[runlim] sample:		369.56 time, 370.02 real, 186 MB
[runlim] sample:		379.56 time, 380.02 real, 190 MB
[runlim] sample:		389.56 time, 390.02 real, 193 MB
[runlim] sample:		399.56 time, 400.02 real, 195 MB
[runlim] sample:		409.56 time, 410.02 real, 202 MB
[runlim] sample:		419.56 time, 420.02 real, 206 MB
[runlim] sample:		429.56 time, 430.02 real, 211 MB
[runlim] sample:		439.56 time, 440.02 real, 214 MB
[runlim] sample:		449.56 time, 450.02 real, 155 MB
[runlim] sample:		459.56 time, 460.02 real, 169 MB
[runlim] sample:		469.56 time, 470.02 real, 177 MB
[runlim] sample:		479.56 time, 480.02 real, 180 MB
[runlim] sample:		489.56 time, 490.02 real, 187 MB
[runlim] sample:		499.56 time, 500.02 real, 192 MB
[runlim] sample:		509.56 time, 510.02 real, 198 MB
[runlim] sample:		519.56 time, 520.02 real, 202 MB
[runlim] sample:		529.56 time, 530.02 real, 204 MB
[runlim] sample:		539.56 time, 540.02 real, 212 MB
[runlim] sample:		549.56 time, 550.02 real, 217 MB
[runlim] sample:		559.56 time, 560.02 real, 220 MB
[runlim] sample:		569.55 time, 570.02 real, 223 MB
[runlim] sample:		579.55 time, 580.02 real, 227 MB
[runlim] sample:		589.55 time, 590.02 real, 229 MB
[runlim] sample:		599.56 time, 600.02 real, 231 MB
[runlim] sample:		609.56 time, 610.02 real, 235 MB
[runlim] sample:		619.56 time, 620.02 real, 236 MB
[runlim] sample:		629.56 time, 630.02 real, 159 MB
[runlim] sample:		639.56 time, 640.02 real, 168 MB
[runlim] sample:		649.56 time, 650.02 real, 173 MB
[runlim] sample:		659.56 time, 660.02 real, 180 MB
[runlim] sample:		669.56 time, 670.02 real, 190 MB
[runlim] sample:		679.56 time, 680.02 real, 196 MB
[runlim] sample:		689.56 time, 690.02 real, 200 MB
[runlim] sample:		699.56 time, 700.02 real, 205 MB
[runlim] sample:		709.56 time, 710.02 real, 209 MB
[runlim] sample:		719.56 time, 720.02 real, 213 MB
[runlim] sample:		729.56 time, 730.02 real, 216 MB
[runlim] sample:		739.56 time, 740.02 real, 218 MB
[runlim] sample:		749.55 time, 750.02 real, 223 MB
[runlim] sample:		759.55 time, 760.02 real, 225 MB
[runlim] sample:		769.56 time, 770.02 real, 229 MB
[runlim] sample:		779.56 time, 780.02 real, 233 MB
[runlim] sample:		789.56 time, 790.02 real, 240 MB
[runlim] sample:		799.55 time, 800.02 real, 245 MB
[runlim] sample:		809.56 time, 810.02 real, 160 MB
[runlim] sample:		819.56 time, 820.02 real, 164 MB
[runlim] sample:		829.56 time, 830.02 real, 171 MB
[runlim] sample:		839.56 time, 840.02 real, 176 MB
[runlim] sample:		849.56 time, 850.02 real, 183 MB
[runlim] sample:		859.55 time, 860.02 real, 187 MB
[runlim] sample:		869.55 time, 870.02 real, 192 MB
[runlim] sample:		879.55 time, 880.02 real, 197 MB
[runlim] sample:		889.55 time, 890.02 real, 201 MB
[runlim] sample:		899.56 time, 900.02 real, 206 MB
[runlim] sample:		909.56 time, 910.02 real, 211 MB
[runlim] sample:		919.55 time, 920.02 real, 217 MB
[runlim] sample:		929.56 time, 930.02 real, 222 MB
[runlim] sample:		939.56 time, 940.02 real, 228 MB
[runlim] sample:		949.55 time, 950.02 real, 229 MB
[runlim] sample:		959.56 time, 960.02 real, 232 MB
[runlim] sample:		969.56 time, 970.02 real, 236 MB
[runlim] sample:		979.55 time, 980.02 real, 240 MB
[runlim] sample:		989.55 time, 990.02 real, 243 MB
[runlim] sample:		999.55 time, 1000.02 real, 245 MB
[runlim] sample:		1009.55 time, 1010.02 real, 249 MB
[runlim] sample:		1019.56 time, 1020.02 real, 164 MB
[runlim] sample:		1029.56 time, 1030.02 real, 174 MB
[runlim] sample:		1039.56 time, 1040.02 real, 182 MB
[runlim] sample:		1049.56 time, 1050.02 real, 189 MB
[runlim] sample:		1059.55 time, 1060.02 real, 195 MB
[runlim] sample:		1069.55 time, 1070.02 real, 200 MB
[runlim] sample:		1079.55 time, 1080.02 real, 208 MB
[runlim] sample:		1089.56 time, 1090.02 real, 213 MB
[runlim] sample:		1099.55 time, 1100.02 real, 215 MB
[runlim] sample:		1109.56 time, 1110.02 real, 219 MB
[runlim] sample:		1119.56 time, 1120.02 real, 223 MB
[runlim] sample:		1129.56 time, 1130.02 real, 227 MB
[runlim] sample:		1139.56 time, 1140.02 real, 229 MB
[runlim] sample:		1149.56 time, 1150.02 real, 231 MB
[runlim] sample:		1159.56 time, 1160.02 real, 233 MB
[runlim] sample:		1169.56 time, 1170.02 real, 238 MB
[runlim] sample:		1179.55 time, 1180.02 real, 242 MB
[runlim] sample:		1189.55 time, 1190.02 real, 248 MB
[runlim] sample:		1199.55 time, 1200.02 real, 251 MB
[runlim] sample:		1209.55 time, 1210.02 real, 254 MB
[runlim] sample:		1219.55 time, 1220.02 real, 255 MB
[runlim] sample:		1229.55 time, 1230.02 real, 257 MB
[runlim] sample:		1239.56 time, 1240.02 real, 267 MB
[runlim] sample:		1249.55 time, 1250.02 real, 270 MB
[runlim] sample:		1259.55 time, 1260.02 real, 273 MB
[runlim] sample:		1269.55 time, 1270.02 real, 169 MB
[runlim] sample:		1279.55 time, 1280.02 real, 174 MB
[runlim] sample:		1289.56 time, 1290.02 real, 179 MB
[runlim] sample:		1299.55 time, 1300.02 real, 186 MB
[runlim] sample:		1309.55 time, 1310.02 real, 189 MB
[runlim] sample:		1319.55 time, 1320.02 real, 191 MB
[runlim] sample:		1329.56 time, 1330.02 real, 195 MB
[runlim] sample:		1339.55 time, 1340.02 real, 198 MB
[runlim] sample:		1349.55 time, 1350.02 real, 203 MB
[runlim] sample:		1359.55 time, 1360.02 real, 211 MB
[runlim] sample:		1369.55 time, 1370.02 real, 215 MB
[runlim] sample:		1379.55 time, 1380.02 real, 220 MB
[runlim] sample:		1389.55 time, 1390.02 real, 223 MB
[runlim] sample:		1399.55 time, 1400.02 real, 226 MB
[runlim] sample:		1409.55 time, 1410.02 real, 230 MB
[runlim] sample:		1419.55 time, 1420.02 real, 234 MB
[runlim] sample:		1429.55 time, 1430.02 real, 237 MB
[runlim] sample:		1439.55 time, 1440.02 real, 241 MB
[runlim] sample:		1449.55 time, 1450.02 real, 248 MB
[runlim] sample:		1459.55 time, 1460.02 real, 252 MB
[runlim] sample:		1469.55 time, 1470.02 real, 257 MB
[runlim] sample:		1479.55 time, 1480.02 real, 259 MB
[runlim] sample:		1489.55 time, 1490.02 real, 260 MB
[runlim] sample:		1499.55 time, 1500.02 real, 262 MB
[runlim] sample:		1509.55 time, 1510.02 real, 264 MB
[runlim] sample:		1519.54 time, 1520.02 real, 268 MB
[runlim] sample:		1529.55 time, 1530.02 real, 272 MB
[runlim] sample:		1539.55 time, 1540.02 real, 273 MB
[runlim] sample:		1549.55 time, 1550.02 real, 274 MB
[runlim] sample:		1559.55 time, 1560.02 real, 276 MB
[runlim] sample:		1569.55 time, 1570.02 real, 278 MB
[runlim] sample:		1579.55 time, 1580.02 real, 280 MB
[runlim] sample:		1589.54 time, 1590.02 real, 174 MB
[runlim] sample:		1599.54 time, 1600.02 real, 179 MB
[runlim] sample:		1609.55 time, 1610.02 real, 183 MB
[runlim] sample:		1619.55 time, 1620.02 real, 188 MB
[runlim] sample:		1629.55 time, 1630.02 real, 194 MB
[runlim] sample:		1639.54 time, 1640.02 real, 196 MB
[runlim] sample:		1649.55 time, 1650.02 real, 210 MB
[runlim] sample:		1659.55 time, 1660.02 real, 214 MB
[runlim] sample:		1669.55 time, 1670.02 real, 218 MB
[runlim] sample:		1679.54 time, 1680.02 real, 224 MB
[runlim] sample:		1689.54 time, 1690.02 real, 227 MB
[runlim] sample:		1699.55 time, 1700.02 real, 234 MB
[runlim] sample:		1709.54 time, 1710.02 real, 242 MB
[runlim] sample:		1719.55 time, 1720.02 real, 250 MB
[runlim] sample:		1729.55 time, 1730.02 real, 256 MB
[runlim] sample:		1739.54 time, 1740.02 real, 262 MB
[runlim] sample:		1749.54 time, 1750.02 real, 263 MB
[runlim] sample:		1759.55 time, 1760.02 real, 267 MB
[runlim] sample:		1769.55 time, 1770.02 real, 270 MB
[runlim] sample:		1779.54 time, 1780.02 real, 273 MB
[runlim] sample:		1789.55 time, 1790.02 real, 275 MB
[runlim] sample:		1799.54 time, 1800.02 real, 277 MB
[runlim] sample:		1809.55 time, 1810.02 real, 279 MB
[runlim] sample:		1819.55 time, 1820.02 real, 281 MB
[runlim] sample:		1829.55 time, 1830.02 real, 283 MB
[runlim] sample:		1839.55 time, 1840.02 real, 284 MB
[runlim] sample:		1849.54 time, 1850.02 real, 285 MB
[runlim] sample:		1859.54 time, 1860.02 real, 287 MB
[runlim] sample:		1869.54 time, 1870.02 real, 288 MB
[runlim] sample:		1879.54 time, 1880.02 real, 291 MB
[runlim] sample:		1889.54 time, 1890.02 real, 292 MB
[runlim] sample:		1899.55 time, 1900.02 real, 298 MB
[runlim] sample:		1909.54 time, 1910.02 real, 299 MB
[runlim] sample:		1919.54 time, 1920.02 real, 302 MB
[runlim] sample:		1929.54 time, 1930.02 real, 303 MB
[runlim] sample:		1939.54 time, 1940.02 real, 304 MB
[runlim] sample:		1949.54 time, 1950.02 real, 182 MB
[runlim] sample:		1959.54 time, 1960.02 real, 189 MB
[runlim] sample:		1969.54 time, 1970.02 real, 193 MB
[runlim] sample:		1979.55 time, 1980.02 real, 199 MB
[runlim] sample:		1989.54 time, 1990.02 real, 204 MB
[runlim] sample:		1999.55 time, 2000.02 real, 208 MB
[runlim] sample:		2009.54 time, 2010.02 real, 212 MB
[runlim] sample:		2019.54 time, 2020.02 real, 219 MB
[runlim] sample:		2029.54 time, 2030.02 real, 224 MB
[runlim] sample:		2039.54 time, 2040.02 real, 232 MB
[runlim] sample:		2049.54 time, 2050.02 real, 235 MB
[runlim] sample:		2059.54 time, 2060.02 real, 237 MB
[runlim] sample:		2069.54 time, 2070.02 real, 244 MB
[runlim] sample:		2079.54 time, 2080.02 real, 249 MB
[runlim] sample:		2089.54 time, 2090.02 real, 255 MB
[runlim] sample:		2099.53 time, 2100.02 real, 259 MB
[runlim] sample:		2109.55 time, 2110.02 real, 263 MB
[runlim] sample:		2119.54 time, 2120.02 real, 264 MB
[runlim] sample:		2129.54 time, 2130.02 real, 266 MB
[runlim] sample:		2139.54 time, 2140.02 real, 268 MB
[runlim] sample:		2149.54 time, 2150.02 real, 271 MB
[runlim] sample:		2159.54 time, 2160.02 real, 273 MB
[runlim] sample:		2169.54 time, 2170.02 real, 275 MB
[runlim] sample:		2179.54 time, 2180.02 real, 277 MB
[runlim] sample:		2189.54 time, 2190.02 real, 278 MB
[runlim] sample:		2199.54 time, 2200.02 real, 283 MB
[runlim] sample:		2209.54 time, 2210.02 real, 286 MB
[runlim] sample:		2219.54 time, 2220.02 real, 289 MB
[runlim] sample:		2229.54 time, 2230.02 real, 290 MB
[runlim] sample:		2239.54 time, 2240.02 real, 296 MB
[runlim] sample:		2249.54 time, 2250.02 real, 297 MB
[runlim] sample:		2259.54 time, 2260.02 real, 300 MB
[runlim] sample:		2269.54 time, 2270.02 real, 304 MB
[runlim] sample:		2279.54 time, 2280.02 real, 306 MB
[runlim] sample:		2289.53 time, 2290.02 real, 307 MB
[runlim] sample:		2299.54 time, 2300.02 real, 312 MB
[runlim] sample:		2309.54 time, 2310.02 real, 314 MB
[runlim] sample:		2319.54 time, 2320.02 real, 191 MB
[runlim] sample:		2329.54 time, 2330.02 real, 196 MB
[runlim] sample:		2339.54 time, 2340.02 real, 202 MB
[runlim] sample:		2349.54 time, 2350.02 real, 207 MB
[runlim] sample:		2359.54 time, 2360.02 real, 211 MB
[runlim] sample:		2369.54 time, 2370.02 real, 214 MB
[runlim] sample:		2379.53 time, 2380.02 real, 216 MB
[runlim] sample:		2389.53 time, 2390.02 real, 219 MB
[runlim] sample:		2399.53 time, 2400.02 real, 232 MB
[runlim] sample:		2409.53 time, 2410.02 real, 237 MB
[runlim] sample:		2419.53 time, 2420.02 real, 243 MB
[runlim] sample:		2429.53 time, 2430.02 real, 245 MB
[runlim] sample:		2439.54 time, 2440.02 real, 248 MB
[runlim] sample:		2449.53 time, 2450.02 real, 251 MB
[runlim] sample:		2459.53 time, 2460.02 real, 254 MB
[runlim] sample:		2469.53 time, 2470.02 real, 256 MB
[runlim] sample:		2479.53 time, 2480.02 real, 258 MB
[runlim] sample:		2489.53 time, 2490.02 real, 259 MB
[runlim] sample:		2499.54 time, 2500.02 real, 262 MB
[runlim] sample:		2509.54 time, 2510.02 real, 263 MB
[runlim] sample:		2519.53 time, 2520.02 real, 266 MB
[runlim] sample:		2529.54 time, 2530.02 real, 268 MB
[runlim] sample:		2539.53 time, 2540.02 real, 270 MB
[runlim] sample:		2549.53 time, 2550.02 real, 273 MB
[runlim] sample:		2559.53 time, 2560.02 real, 275 MB
[runlim] sample:		2569.53 time, 2570.02 real, 277 MB
[runlim] sample:		2579.54 time, 2580.02 real, 281 MB
[runlim] sample:		2589.53 time, 2590.02 real, 283 MB
[runlim] sample:		2599.53 time, 2600.02 real, 289 MB
[runlim] sample:		2609.53 time, 2610.02 real, 294 MB
[runlim] sample:		2619.53 time, 2620.02 real, 300 MB
[runlim] sample:		2629.53 time, 2630.02 real, 304 MB
[runlim] sample:		2639.53 time, 2640.02 real, 306 MB
[runlim] sample:		2649.53 time, 2650.02 real, 308 MB
[runlim] sample:		2659.53 time, 2660.02 real, 310 MB
[runlim] sample:		2669.53 time, 2670.02 real, 317 MB
[runlim] sample:		2679.53 time, 2680.02 real, 322 MB
[runlim] sample:		2689.53 time, 2690.02 real, 323 MB
[runlim] sample:		2699.53 time, 2700.02 real, 324 MB
[runlim] end:			Sat Feb 29 07:00:20 2020
[runlim] status:		out of time
[runlim] result:		2
[runlim] children:		1
[runlim] real:			2700.12 seconds
[runlim] time:			2699.53 seconds
[runlim] space:			356 MB
[runlim] samples:		27000
