[runlim] version:		1.18
[runlim] host:			c3n19
[runlim] time limit:		2700 seconds
[runlim] real time limit:	2700 seconds
[runlim] space limit:		7000 MB
[runlim] argv[0]:		./binary
[runlim] argv[1]:		/data/cnf/ankit/E1-A1-Red/lights3_021_1_022.dqbf
[runlim] start:			Sat Feb 29 06:15:20 2020
[runlim] child:			23062
[runlim] sample:		9.95 time, 10.02 real, 46 MB
[runlim] sample:		19.95 time, 20.02 real, 65 MB
[runlim] sample:		29.95 time, 30.02 real, 65 MB
[runlim] sample:		39.95 time, 40.02 real, 72 MB
[runlim] sample:		49.95 time, 50.02 real, 84 MB
[runlim] sample:		59.95 time, 60.02 real, 84 MB
[runlim] sample:		69.95 time, 70.02 real, 84 MB
[runlim] sample:		79.95 time, 80.02 real, 84 MB
[runlim] sample:		89.96 time, 90.02 real, 84 MB
[runlim] sample:		99.95 time, 100.02 real, 129 MB
[runlim] sample:		109.95 time, 110.02 real, 127 MB
[runlim] sample:		119.95 time, 120.02 real, 84 MB
[runlim] sample:		129.95 time, 130.02 real, 131 MB
[runlim] sample:		139.95 time, 140.02 real, 136 MB
[runlim] sample:		149.95 time, 150.02 real, 143 MB
[runlim] sample:		159.95 time, 160.02 real, 142 MB
[runlim] sample:		169.95 time, 170.02 real, 132 MB
[runlim] sample:		179.95 time, 180.02 real, 124 MB
[runlim] sample:		189.95 time, 190.02 real, 117 MB
[runlim] sample:		199.95 time, 200.02 real, 150 MB
[runlim] sample:		209.95 time, 210.02 real, 148 MB
[runlim] sample:		219.95 time, 220.02 real, 150 MB
[runlim] sample:		229.95 time, 230.02 real, 152 MB
[runlim] sample:		239.95 time, 240.02 real, 151 MB
[runlim] sample:		249.95 time, 250.02 real, 152 MB
[runlim] sample:		259.95 time, 260.02 real, 146 MB
[runlim] sample:		269.95 time, 270.02 real, 127 MB
[runlim] sample:		279.95 time, 280.02 real, 151 MB
[runlim] sample:		289.95 time, 290.02 real, 134 MB
[runlim] sample:		299.95 time, 300.02 real, 158 MB
[runlim] sample:		309.95 time, 310.02 real, 144 MB
[runlim] sample:		319.95 time, 320.02 real, 128 MB
[runlim] sample:		329.95 time, 330.02 real, 158 MB
[runlim] sample:		339.95 time, 340.02 real, 146 MB
[runlim] sample:		349.95 time, 350.02 real, 129 MB
[runlim] sample:		359.95 time, 360.02 real, 158 MB
[runlim] sample:		369.95 time, 370.02 real, 141 MB
[runlim] sample:		379.95 time, 380.02 real, 127 MB
[runlim] sample:		389.95 time, 390.02 real, 160 MB
[runlim] sample:		399.95 time, 400.02 real, 141 MB
[runlim] sample:		409.95 time, 410.02 real, 169 MB
[runlim] sample:		419.95 time, 420.02 real, 150 MB
[runlim] sample:		429.94 time, 430.02 real, 172 MB
[runlim] sample:		439.94 time, 440.02 real, 155 MB
[runlim] sample:		449.95 time, 450.02 real, 132 MB
[runlim] sample:		459.94 time, 460.02 real, 160 MB
[runlim] sample:		469.95 time, 470.02 real, 136 MB
[runlim] sample:		479.94 time, 480.02 real, 162 MB
[runlim] sample:		489.95 time, 490.02 real, 127 MB
[runlim] sample:		499.94 time, 500.02 real, 149 MB
[runlim] sample:		509.92 time, 510.02 real, 166 MB
[runlim] sample:		519.89 time, 520.02 real, 129 MB
[runlim] sample:		529.87 time, 530.02 real, 151 MB
[runlim] sample:		539.86 time, 540.02 real, 169 MB
[runlim] sample:		549.84 time, 550.02 real, 139 MB
[runlim] sample:		559.82 time, 560.02 real, 161 MB
[runlim] sample:		569.79 time, 570.02 real, 179 MB
[runlim] sample:		579.78 time, 580.02 real, 153 MB
[runlim] sample:		589.75 time, 590.02 real, 176 MB
[runlim] sample:		599.72 time, 600.02 real, 150 MB
[runlim] sample:		609.70 time, 610.02 real, 171 MB
[runlim] sample:		619.69 time, 620.02 real, 140 MB
[runlim] sample:		629.66 time, 630.02 real, 166 MB
[runlim] sample:		639.64 time, 640.02 real, 185 MB
[runlim] sample:		649.62 time, 650.02 real, 158 MB
[runlim] sample:		659.60 time, 660.02 real, 180 MB
[runlim] sample:		669.58 time, 670.02 real, 160 MB
[runlim] sample:		679.56 time, 680.02 real, 181 MB
[runlim] sample:		689.53 time, 690.02 real, 156 MB
[runlim] sample:		699.52 time, 700.02 real, 181 MB
[runlim] sample:		709.49 time, 710.02 real, 154 MB
[runlim] sample:		719.47 time, 720.02 real, 177 MB
[runlim] sample:		729.45 time, 730.02 real, 146 MB
[runlim] sample:		739.43 time, 740.02 real, 172 MB
[runlim] sample:		749.41 time, 750.02 real, 190 MB
[runlim] sample:		759.39 time, 760.02 real, 163 MB
[runlim] sample:		769.37 time, 770.02 real, 186 MB
[runlim] sample:		779.35 time, 780.02 real, 146 MB
[runlim] sample:		789.33 time, 790.02 real, 166 MB
[runlim] sample:		799.30 time, 800.02 real, 182 MB
[runlim] sample:		809.28 time, 810.02 real, 129 MB
[runlim] sample:		819.26 time, 820.02 real, 151 MB
[runlim] sample:		829.25 time, 830.02 real, 167 MB
[runlim] sample:		839.23 time, 840.02 real, 181 MB
[runlim] sample:		849.21 time, 850.02 real, 193 MB
[runlim] sample:		859.19 time, 860.02 real, 147 MB
[runlim] sample:		869.16 time, 870.02 real, 163 MB
[runlim] sample:		879.15 time, 880.02 real, 177 MB
[runlim] sample:		889.13 time, 890.02 real, 189 MB
[runlim] sample:		899.11 time, 900.02 real, 140 MB
[runlim] sample:		909.09 time, 910.02 real, 161 MB
[runlim] sample:		919.07 time, 920.02 real, 177 MB
[runlim] sample:		929.05 time, 930.02 real, 191 MB
[runlim] sample:		939.03 time, 940.02 real, 147 MB
[runlim] sample:		949.01 time, 950.02 real, 166 MB
[runlim] sample:		958.99 time, 960.02 real, 181 MB
[runlim] sample:		968.97 time, 970.02 real, 194 MB
[runlim] sample:		978.95 time, 980.02 real, 149 MB
[runlim] sample:		988.93 time, 990.02 real, 167 MB
[runlim] sample:		998.90 time, 1000.02 real, 181 MB
[runlim] sample:		1008.89 time, 1010.02 real, 201 MB
[runlim] sample:		1018.87 time, 1020.02 real, 162 MB
[runlim] sample:		1028.85 time, 1030.02 real, 181 MB
[runlim] sample:		1038.83 time, 1040.02 real, 195 MB
[runlim] sample:		1048.81 time, 1050.02 real, 152 MB
[runlim] sample:		1058.79 time, 1060.02 real, 171 MB
[runlim] sample:		1068.77 time, 1070.02 real, 187 MB
[runlim] sample:		1078.75 time, 1080.02 real, 201 MB
[runlim] sample:		1088.73 time, 1090.02 real, 161 MB
[runlim] sample:		1098.71 time, 1100.02 real, 181 MB
[runlim] sample:		1108.69 time, 1110.02 real, 197 MB
[runlim] sample:		1118.67 time, 1120.02 real, 153 MB
[runlim] sample:		1128.66 time, 1130.02 real, 173 MB
[runlim] sample:		1138.64 time, 1140.02 real, 189 MB
[runlim] sample:		1148.62 time, 1150.02 real, 203 MB
[runlim] sample:		1158.59 time, 1160.02 real, 159 MB
[runlim] sample:		1168.58 time, 1170.02 real, 178 MB
[runlim] sample:		1178.56 time, 1180.02 real, 193 MB
[runlim] sample:		1188.54 time, 1190.02 real, 206 MB
[runlim] sample:		1198.52 time, 1200.02 real, 165 MB
[runlim] sample:		1208.50 time, 1210.02 real, 186 MB
[runlim] sample:		1218.48 time, 1220.02 real, 203 MB
[runlim] sample:		1228.46 time, 1230.02 real, 157 MB
[runlim] sample:		1238.44 time, 1240.02 real, 178 MB
[runlim] sample:		1248.42 time, 1250.02 real, 194 MB
[runlim] sample:		1258.40 time, 1260.02 real, 208 MB
[runlim] sample:		1268.39 time, 1270.02 real, 160 MB
[runlim] sample:		1278.36 time, 1280.02 real, 177 MB
[runlim] sample:		1288.34 time, 1290.02 real, 196 MB
[runlim] sample:		1298.33 time, 1300.02 real, 211 MB
[runlim] sample:		1308.30 time, 1310.02 real, 163 MB
[runlim] sample:		1318.29 time, 1320.02 real, 181 MB
[runlim] sample:		1328.27 time, 1330.02 real, 195 MB
[runlim] sample:		1338.25 time, 1340.02 real, 209 MB
[runlim] sample:		1348.23 time, 1350.02 real, 157 MB
[runlim] sample:		1358.21 time, 1360.02 real, 176 MB
[runlim] sample:		1368.19 time, 1370.02 real, 191 MB
[runlim] sample:		1378.18 time, 1380.02 real, 204 MB
[runlim] sample:		1388.15 time, 1390.02 real, 152 MB
[runlim] sample:		1398.13 time, 1400.02 real, 173 MB
[runlim] sample:		1408.11 time, 1410.02 real, 190 MB
[runlim] sample:		1418.09 time, 1420.02 real, 205 MB
[runlim] sample:		1428.08 time, 1430.02 real, 151 MB
[runlim] sample:		1438.06 time, 1440.02 real, 173 MB
[runlim] sample:		1448.04 time, 1450.02 real, 190 MB
[runlim] sample:		1458.02 time, 1460.02 real, 204 MB
[runlim] sample:		1468.01 time, 1470.02 real, 217 MB
[runlim] sample:		1478.01 time, 1480.02 real, 166 MB
[runlim] sample:		1488.01 time, 1490.02 real, 186 MB
[runlim] sample:		1498.01 time, 1500.02 real, 201 MB
[runlim] sample:		1508.01 time, 1510.02 real, 214 MB
[runlim] sample:		1518.00 time, 1520.02 real, 161 MB
[runlim] sample:		1528.00 time, 1530.02 real, 179 MB
[runlim] sample:		1538.01 time, 1540.02 real, 194 MB
[runlim] sample:		1548.00 time, 1550.02 real, 207 MB
[runlim] sample:		1558.00 time, 1560.02 real, 219 MB
[runlim] sample:		1568.00 time, 1570.02 real, 160 MB
[runlim] sample:		1578.01 time, 1580.02 real, 174 MB
[runlim] sample:		1588.00 time, 1590.02 real, 185 MB
[runlim] sample:		1598.00 time, 1600.02 real, 196 MB
[runlim] sample:		1608.00 time, 1610.02 real, 206 MB
[runlim] sample:		1618.00 time, 1620.02 real, 215 MB
[runlim] sample:		1628.00 time, 1630.02 real, 142 MB
[runlim] sample:		1638.00 time, 1640.02 real, 158 MB
[runlim] sample:		1648.00 time, 1650.02 real, 171 MB
[runlim] sample:		1658.00 time, 1660.02 real, 183 MB
[runlim] sample:		1668.01 time, 1670.02 real, 194 MB
[runlim] sample:		1678.00 time, 1680.02 real, 204 MB
[runlim] sample:		1688.00 time, 1690.02 real, 213 MB
[runlim] sample:		1698.00 time, 1700.02 real, 264 MB
[runlim] sample:		1708.00 time, 1710.02 real, 163 MB
[runlim] sample:		1718.00 time, 1720.02 real, 176 MB
[runlim] sample:		1728.00 time, 1730.02 real, 187 MB
[runlim] sample:		1738.00 time, 1740.02 real, 197 MB
[runlim] sample:		1748.00 time, 1750.02 real, 210 MB
[runlim] sample:		1758.00 time, 1760.02 real, 222 MB
[runlim] sample:		1768.00 time, 1770.02 real, 165 MB
[runlim] sample:		1778.00 time, 1780.02 real, 181 MB
[runlim] sample:		1788.00 time, 1790.02 real, 194 MB
[runlim] sample:		1798.00 time, 1800.02 real, 206 MB
[runlim] sample:		1807.99 time, 1810.02 real, 216 MB
[runlim] sample:		1818.00 time, 1820.02 real, 155 MB
[runlim] sample:		1828.00 time, 1830.02 real, 171 MB
[runlim] sample:		1837.99 time, 1840.02 real, 185 MB
[runlim] sample:		1848.00 time, 1850.02 real, 198 MB
[runlim] sample:		1858.00 time, 1860.02 real, 209 MB
[runlim] sample:		1868.00 time, 1870.02 real, 220 MB
[runlim] sample:		1878.00 time, 1880.02 real, 159 MB
[runlim] sample:		1888.00 time, 1890.02 real, 177 MB
[runlim] sample:		1898.00 time, 1900.02 real, 192 MB
[runlim] sample:		1907.99 time, 1910.02 real, 206 MB
[runlim] sample:		1917.99 time, 1920.02 real, 218 MB
[runlim] sample:		1928.00 time, 1930.02 real, 157 MB
[runlim] sample:		1938.00 time, 1940.02 real, 176 MB
[runlim] sample:		1948.00 time, 1950.02 real, 192 MB
[runlim] sample:		1957.99 time, 1960.02 real, 205 MB
[runlim] sample:		1968.00 time, 1970.02 real, 217 MB
[runlim] sample:		1978.00 time, 1980.02 real, 228 MB
[runlim] sample:		1988.00 time, 1990.02 real, 172 MB
[runlim] sample:		1998.01 time, 2000.02 real, 190 MB
[runlim] sample:		2008.00 time, 2010.02 real, 204 MB
[runlim] sample:		2018.00 time, 2020.02 real, 217 MB
[runlim] sample:		2028.00 time, 2030.02 real, 229 MB
[runlim] sample:		2038.00 time, 2040.02 real, 172 MB
[runlim] sample:		2048.00 time, 2050.02 real, 187 MB
[runlim] sample:		2057.99 time, 2060.02 real, 201 MB
[runlim] sample:		2067.99 time, 2070.02 real, 213 MB
[runlim] sample:		2077.99 time, 2080.02 real, 224 MB
[runlim] sample:		2087.99 time, 2090.02 real, 160 MB
[runlim] sample:		2098.00 time, 2100.02 real, 178 MB
[runlim] sample:		2108.00 time, 2110.02 real, 192 MB
[runlim] sample:		2117.99 time, 2120.02 real, 211 MB
[runlim] sample:		2127.99 time, 2130.02 real, 228 MB
[runlim] sample:		2138.00 time, 2140.02 real, 171 MB
[runlim] sample:		2147.99 time, 2150.02 real, 190 MB
[runlim] sample:		2157.99 time, 2160.02 real, 206 MB
[runlim] sample:		2168.00 time, 2170.02 real, 220 MB
[runlim] sample:		2178.00 time, 2180.02 real, 232 MB
[runlim] sample:		2187.99 time, 2190.02 real, 173 MB
[runlim] sample:		2197.99 time, 2200.02 real, 191 MB
[runlim] sample:		2208.00 time, 2210.02 real, 206 MB
[runlim] sample:		2218.00 time, 2220.02 real, 220 MB
[runlim] sample:		2228.00 time, 2230.02 real, 234 MB
[runlim] sample:		2237.99 time, 2240.02 real, 176 MB
[runlim] sample:		2248.00 time, 2250.02 real, 194 MB
[runlim] sample:		2258.00 time, 2260.02 real, 208 MB
[runlim] sample:		2268.00 time, 2270.02 real, 221 MB
[runlim] sample:		2278.00 time, 2280.02 real, 233 MB
[runlim] sample:		2288.00 time, 2290.02 real, 171 MB
[runlim] sample:		2297.99 time, 2300.02 real, 188 MB
[runlim] sample:		2307.99 time, 2310.02 real, 203 MB
[runlim] sample:		2317.99 time, 2320.02 real, 215 MB
[runlim] sample:		2328.00 time, 2330.02 real, 227 MB
[runlim] sample:		2338.00 time, 2340.02 real, 164 MB
[runlim] sample:		2348.00 time, 2350.02 real, 184 MB
[runlim] sample:		2358.00 time, 2360.02 real, 201 MB
[runlim] sample:		2367.99 time, 2370.02 real, 214 MB
[runlim] sample:		2377.99 time, 2380.02 real, 226 MB
[runlim] sample:		2387.99 time, 2390.02 real, 237 MB
[runlim] sample:		2397.99 time, 2400.02 real, 177 MB
[runlim] sample:		2408.00 time, 2410.02 real, 194 MB
[runlim] sample:		2417.99 time, 2420.02 real, 208 MB
[runlim] sample:		2428.00 time, 2430.02 real, 221 MB
[runlim] sample:		2438.00 time, 2440.02 real, 232 MB
[runlim] sample:		2447.99 time, 2450.02 real, 163 MB
[runlim] sample:		2457.99 time, 2460.02 real, 182 MB
[runlim] sample:		2467.99 time, 2470.02 real, 196 MB
[runlim] sample:		2477.99 time, 2480.02 real, 210 MB
[runlim] sample:		2488.00 time, 2490.02 real, 221 MB
[runlim] sample:		2497.99 time, 2500.02 real, 232 MB
[runlim] sample:		2507.99 time, 2510.02 real, 242 MB
[runlim] sample:		2517.99 time, 2520.02 real, 171 MB
[runlim] sample:		2527.99 time, 2530.02 real, 186 MB
[runlim] sample:		2538.00 time, 2540.02 real, 198 MB
[runlim] sample:		2547.99 time, 2550.02 real, 208 MB
[runlim] sample:		2557.99 time, 2560.02 real, 218 MB
[runlim] sample:		2567.99 time, 2570.02 real, 227 MB
[runlim] sample:		2577.99 time, 2580.02 real, 236 MB
[runlim] sample:		2587.99 time, 2590.02 real, 146 MB
[runlim] sample:		2597.99 time, 2600.02 real, 163 MB
[runlim] sample:		2607.99 time, 2610.02 real, 176 MB
[runlim] sample:		2617.99 time, 2620.02 real, 187 MB
[runlim] sample:		2628.00 time, 2630.02 real, 197 MB
[runlim] sample:		2637.99 time, 2640.02 real, 206 MB
[runlim] sample:		2647.99 time, 2650.02 real, 215 MB
[runlim] sample:		2657.99 time, 2660.02 real, 225 MB
[runlim] sample:		2667.99 time, 2670.02 real, 234 MB
[runlim] sample:		2677.99 time, 2680.02 real, 242 MB
[runlim] sample:		2687.99 time, 2690.02 real, 165 MB
[runlim] sample:		2697.99 time, 2700.02 real, 178 MB
[runlim] end:			Sat Feb 29 07:00:20 2020
[runlim] status:		out of time
[runlim] result:		2
[runlim] children:		1
[runlim] real:			2700.11 seconds
[runlim] time:			2697.99 seconds
[runlim] space:			315 MB
[runlim] samples:		27000
