[runlim] version:		1.18
[runlim] host:			c3n21
[runlim] time limit:		2700 seconds
[runlim] real time limit:	2700 seconds
[runlim] space limit:		7000 MB
[runlim] argv[0]:		./binary
[runlim] argv[1]:		/data/cnf/ankit/E1-A1-Red/reachqu_query07_1344.dqbf
[runlim] start:			Sat Feb 29 06:15:21 2020
[runlim] child:			22317
[runlim] sample:		10.00 time, 10.02 real, 24 MB
[runlim] sample:		20.00 time, 20.02 real, 38 MB
[runlim] sample:		30.00 time, 30.02 real, 43 MB
[runlim] sample:		40.00 time, 40.02 real, 44 MB
[runlim] sample:		50.00 time, 50.02 real, 44 MB
[runlim] sample:		60.00 time, 60.02 real, 60 MB
[runlim] sample:		70.00 time, 70.02 real, 67 MB
[runlim] sample:		80.00 time, 80.02 real, 67 MB
[runlim] sample:		90.00 time, 90.02 real, 70 MB
[runlim] sample:		100.00 time, 100.02 real, 70 MB
[runlim] sample:		110.00 time, 110.02 real, 71 MB
[runlim] sample:		120.00 time, 120.02 real, 71 MB
[runlim] sample:		130.00 time, 130.02 real, 108 MB
[runlim] sample:		140.00 time, 140.02 real, 74 MB
[runlim] sample:		150.00 time, 150.02 real, 74 MB
[runlim] sample:		160.00 time, 160.02 real, 74 MB
[runlim] sample:		170.00 time, 170.02 real, 74 MB
[runlim] end:			Sat Feb 29 06:18:16 2020
[runlim] status:		ok
[runlim] result:		0
[runlim] children:		1
[runlim] real:			174.78 seconds
[runlim] time:			174.70 seconds
[runlim] space:			110 MB
[runlim] samples:		1747
