[runlim] version:		1.18
[runlim] host:			c3n21
[runlim] time limit:		2700 seconds
[runlim] real time limit:	2700 seconds
[runlim] space limit:		7000 MB
[runlim] argv[0]:		./binary
[runlim] argv[1]:		/data/cnf/ankit/E1-A1-Red/s13207_1_107.dqbf
[runlim] start:			Sat Feb 29 06:15:21 2020
[runlim] child:			22342
[runlim] sample:		10.01 time, 10.02 real, 27 MB
[runlim] sample:		20.01 time, 20.02 real, 31 MB
[runlim] sample:		30.00 time, 30.02 real, 46 MB
[runlim] sample:		40.00 time, 40.02 real, 49 MB
[runlim] sample:		50.00 time, 50.02 real, 51 MB
[runlim] sample:		60.00 time, 60.02 real, 63 MB
[runlim] sample:		70.00 time, 70.02 real, 64 MB
[runlim] sample:		80.00 time, 80.02 real, 64 MB
[runlim] sample:		90.00 time, 90.02 real, 94 MB
[runlim] sample:		100.00 time, 100.02 real, 96 MB
[runlim] sample:		110.00 time, 110.02 real, 96 MB
[runlim] sample:		120.01 time, 120.02 real, 96 MB
[runlim] sample:		130.01 time, 130.02 real, 94 MB
[runlim] sample:		140.00 time, 140.02 real, 64 MB
[runlim] sample:		150.00 time, 150.02 real, 64 MB
[runlim] sample:		160.00 time, 160.02 real, 99 MB
[runlim] sample:		169.99 time, 170.02 real, 93 MB
[runlim] sample:		179.99 time, 180.02 real, 64 MB
[runlim] sample:		190.00 time, 190.02 real, 99 MB
[runlim] sample:		199.99 time, 200.02 real, 64 MB
[runlim] sample:		209.99 time, 210.02 real, 104 MB
[runlim] sample:		219.99 time, 220.02 real, 96 MB
[runlim] end:			Sat Feb 29 06:19:05 2020
[runlim] status:		ok
[runlim] result:		0
[runlim] children:		1
[runlim] real:			223.71 seconds
[runlim] time:			223.60 seconds
[runlim] space:			107 MB
[runlim] samples:		2236
