[runlim] version:		1.18
[runlim] host:			c3n25
[runlim] time limit:		2700 seconds
[runlim] real time limit:	2700 seconds
[runlim] space limit:		7000 MB
[runlim] argv[0]:		./binary
[runlim] argv[1]:		/data/cnf/ankit/E1-A1-Red/sortnetsort9.v.stepl.005.qdimacs
[runlim] start:			Sat Feb 29 06:15:20 2020
[runlim] child:			18894
[runlim] sample:		10.00 time, 10.02 real, 27 MB
[runlim] sample:		20.00 time, 20.02 real, 15 MB
[runlim] sample:		30.00 time, 30.02 real, 34 MB
[runlim] sample:		40.00 time, 40.02 real, 46 MB
[runlim] sample:		50.00 time, 50.02 real, 35 MB
[runlim] sample:		60.00 time, 60.02 real, 43 MB
[runlim] sample:		70.00 time, 70.02 real, 44 MB
[runlim] sample:		80.00 time, 80.02 real, 57 MB
[runlim] sample:		90.00 time, 90.02 real, 57 MB
[runlim] sample:		100.00 time, 100.02 real, 78 MB
[runlim] sample:		110.00 time, 110.02 real, 59 MB
[runlim] sample:		120.00 time, 120.02 real, 59 MB
[runlim] sample:		130.00 time, 130.02 real, 62 MB
[runlim] sample:		140.00 time, 140.02 real, 64 MB
[runlim] sample:		150.00 time, 150.02 real, 64 MB
[runlim] sample:		160.00 time, 160.02 real, 64 MB
[runlim] sample:		170.00 time, 170.02 real, 67 MB
[runlim] sample:		180.00 time, 180.02 real, 67 MB
[runlim] sample:		190.00 time, 190.02 real, 67 MB
[runlim] sample:		200.00 time, 200.02 real, 67 MB
[runlim] sample:		210.00 time, 210.02 real, 68 MB
[runlim] sample:		220.00 time, 220.02 real, 82 MB
[runlim] sample:		230.00 time, 230.02 real, 87 MB
[runlim] sample:		240.00 time, 240.02 real, 88 MB
[runlim] sample:		250.00 time, 250.02 real, 88 MB
[runlim] sample:		260.00 time, 260.02 real, 88 MB
[runlim] sample:		270.00 time, 270.02 real, 92 MB
[runlim] sample:		280.00 time, 280.02 real, 96 MB
[runlim] sample:		290.00 time, 290.02 real, 97 MB
[runlim] sample:		300.00 time, 300.02 real, 97 MB
[runlim] sample:		310.00 time, 310.02 real, 97 MB
[runlim] sample:		320.00 time, 320.02 real, 97 MB
[runlim] sample:		330.00 time, 330.02 real, 99 MB
[runlim] sample:		340.00 time, 340.02 real, 99 MB
[runlim] sample:		350.00 time, 350.02 real, 99 MB
[runlim] sample:		360.00 time, 360.02 real, 99 MB
[runlim] sample:		370.00 time, 370.02 real, 99 MB
[runlim] sample:		380.00 time, 380.02 real, 99 MB
[runlim] sample:		390.00 time, 390.02 real, 129 MB
[runlim] sample:		400.00 time, 400.02 real, 131 MB
[runlim] sample:		410.00 time, 410.02 real, 99 MB
[runlim] sample:		420.00 time, 420.02 real, 99 MB
[runlim] sample:		430.00 time, 430.02 real, 99 MB
[runlim] sample:		440.00 time, 440.02 real, 99 MB
[runlim] sample:		450.00 time, 450.02 real, 99 MB
[runlim] sample:		460.00 time, 460.02 real, 131 MB
[runlim] sample:		470.00 time, 470.02 real, 134 MB
[runlim] sample:		480.00 time, 480.02 real, 99 MB
[runlim] sample:		490.00 time, 490.02 real, 102 MB
[runlim] sample:		500.00 time, 500.02 real, 105 MB
[runlim] sample:		510.00 time, 510.02 real, 108 MB
[runlim] sample:		520.00 time, 520.02 real, 141 MB
[runlim] sample:		530.00 time, 530.02 real, 143 MB
[runlim] sample:		540.00 time, 540.02 real, 146 MB
[runlim] sample:		550.00 time, 550.02 real, 147 MB
[runlim] sample:		560.00 time, 560.02 real, 110 MB
[runlim] sample:		570.00 time, 570.02 real, 110 MB
[runlim] sample:		580.00 time, 580.02 real, 110 MB
[runlim] sample:		590.00 time, 590.02 real, 141 MB
[runlim] sample:		600.00 time, 600.02 real, 144 MB
[runlim] sample:		610.00 time, 610.02 real, 147 MB
[runlim] sample:		620.00 time, 620.02 real, 149 MB
[runlim] sample:		630.00 time, 630.02 real, 151 MB
[runlim] sample:		640.00 time, 640.02 real, 110 MB
[runlim] sample:		650.00 time, 650.02 real, 110 MB
[runlim] sample:		660.00 time, 660.02 real, 110 MB
[runlim] sample:		670.00 time, 670.02 real, 142 MB
[runlim] sample:		680.00 time, 680.02 real, 144 MB
[runlim] sample:		690.00 time, 690.02 real, 147 MB
[runlim] sample:		700.00 time, 700.02 real, 149 MB
[runlim] sample:		710.00 time, 710.02 real, 151 MB
[runlim] sample:		720.00 time, 720.02 real, 153 MB
[runlim] sample:		730.00 time, 730.02 real, 131 MB
[runlim] sample:		740.00 time, 740.02 real, 135 MB
[runlim] sample:		750.00 time, 750.02 real, 139 MB
[runlim] sample:		760.00 time, 760.02 real, 172 MB
[runlim] sample:		770.00 time, 770.02 real, 174 MB
[runlim] sample:		780.00 time, 780.02 real, 177 MB
[runlim] sample:		790.00 time, 790.02 real, 180 MB
[runlim] sample:		800.00 time, 800.02 real, 182 MB
[runlim] sample:		810.00 time, 810.02 real, 184 MB
[runlim] sample:		820.00 time, 820.02 real, 186 MB
[runlim] sample:		830.00 time, 830.02 real, 142 MB
[runlim] sample:		840.00 time, 840.02 real, 142 MB
[runlim] sample:		850.00 time, 850.02 real, 142 MB
[runlim] sample:		860.00 time, 860.02 real, 174 MB
[runlim] sample:		870.00 time, 870.02 real, 177 MB
[runlim] sample:		880.00 time, 880.02 real, 180 MB
[runlim] sample:		890.00 time, 890.02 real, 182 MB
[runlim] sample:		900.00 time, 900.02 real, 185 MB
[runlim] sample:		910.00 time, 910.02 real, 187 MB
[runlim] sample:		920.00 time, 920.02 real, 190 MB
[runlim] sample:		930.00 time, 930.02 real, 192 MB
[runlim] sample:		940.00 time, 940.02 real, 166 MB
[runlim] sample:		950.00 time, 950.02 real, 170 MB
[runlim] sample:		960.00 time, 960.02 real, 204 MB
[runlim] sample:		970.00 time, 970.02 real, 207 MB
[runlim] sample:		980.00 time, 980.02 real, 211 MB
[runlim] sample:		990.00 time, 990.02 real, 214 MB
[runlim] sample:		1000.00 time, 1000.02 real, 216 MB
[runlim] sample:		1010.00 time, 1010.02 real, 219 MB
[runlim] sample:		1020.00 time, 1020.02 real, 221 MB
[runlim] sample:		1029.99 time, 1030.02 real, 223 MB
[runlim] sample:		1040.00 time, 1040.02 real, 225 MB
[runlim] sample:		1050.00 time, 1050.02 real, 227 MB
[runlim] sample:		1060.00 time, 1060.02 real, 174 MB
[runlim] sample:		1069.99 time, 1070.02 real, 174 MB
[runlim] sample:		1079.99 time, 1080.02 real, 207 MB
[runlim] sample:		1090.00 time, 1090.02 real, 210 MB
[runlim] sample:		1100.00 time, 1100.02 real, 213 MB
[runlim] sample:		1110.00 time, 1110.02 real, 232 MB
[runlim] sample:		1120.00 time, 1120.02 real, 234 MB
[runlim] sample:		1130.00 time, 1130.02 real, 236 MB
[runlim] sample:		1140.00 time, 1140.02 real, 239 MB
[runlim] sample:		1150.00 time, 1150.02 real, 241 MB
[runlim] sample:		1160.00 time, 1160.02 real, 243 MB
[runlim] sample:		1170.00 time, 1170.02 real, 245 MB
[runlim] sample:		1179.99 time, 1180.02 real, 247 MB
[runlim] sample:		1189.99 time, 1190.02 real, 192 MB
[runlim] sample:		1200.00 time, 1200.02 real, 222 MB
[runlim] sample:		1210.00 time, 1210.02 real, 226 MB
[runlim] sample:		1220.00 time, 1220.02 real, 228 MB
[runlim] sample:		1229.99 time, 1230.02 real, 231 MB
[runlim] sample:		1240.00 time, 1240.02 real, 234 MB
[runlim] sample:		1250.00 time, 1250.02 real, 236 MB
[runlim] sample:		1260.00 time, 1260.02 real, 239 MB
[runlim] sample:		1270.00 time, 1270.02 real, 241 MB
[runlim] sample:		1279.99 time, 1280.02 real, 244 MB
[runlim] sample:		1290.00 time, 1290.02 real, 246 MB
[runlim] sample:		1300.00 time, 1300.02 real, 264 MB
[runlim] sample:		1310.00 time, 1310.02 real, 266 MB
[runlim] sample:		1320.00 time, 1320.02 real, 268 MB
[runlim] sample:		1330.00 time, 1330.02 real, 210 MB
[runlim] sample:		1340.00 time, 1340.02 real, 210 MB
[runlim] sample:		1350.00 time, 1350.02 real, 210 MB
[runlim] sample:		1360.00 time, 1360.02 real, 210 MB
[runlim] sample:		1370.00 time, 1370.02 real, 211 MB
[runlim] sample:		1379.99 time, 1380.02 real, 211 MB
[runlim] sample:		1389.99 time, 1390.02 real, 211 MB
[runlim] sample:		1400.00 time, 1400.02 real, 212 MB
[runlim] sample:		1409.99 time, 1410.02 real, 260 MB
[runlim] sample:		1420.00 time, 1420.02 real, 263 MB
[runlim] sample:		1430.00 time, 1430.02 real, 265 MB
[runlim] sample:		1440.00 time, 1440.02 real, 267 MB
[runlim] sample:		1450.00 time, 1450.02 real, 270 MB
[runlim] sample:		1460.00 time, 1460.02 real, 272 MB
[runlim] sample:		1469.99 time, 1470.02 real, 274 MB
[runlim] sample:		1479.99 time, 1480.02 real, 215 MB
[runlim] sample:		1489.99 time, 1490.02 real, 215 MB
[runlim] sample:		1499.99 time, 1500.02 real, 215 MB
[runlim] sample:		1509.99 time, 1510.02 real, 215 MB
[runlim] sample:		1519.99 time, 1520.02 real, 215 MB
[runlim] sample:		1529.99 time, 1530.02 real, 215 MB
[runlim] sample:		1539.99 time, 1540.02 real, 216 MB
[runlim] sample:		1549.99 time, 1550.02 real, 216 MB
[runlim] sample:		1560.00 time, 1560.02 real, 266 MB
[runlim] sample:		1570.00 time, 1570.02 real, 268 MB
[runlim] sample:		1579.99 time, 1580.02 real, 270 MB
[runlim] sample:		1589.99 time, 1590.02 real, 272 MB
[runlim] sample:		1600.00 time, 1600.02 real, 274 MB
[runlim] sample:		1610.00 time, 1610.02 real, 276 MB
[runlim] sample:		1619.99 time, 1620.02 real, 278 MB
[runlim] sample:		1629.99 time, 1630.02 real, 280 MB
[runlim] sample:		1640.00 time, 1640.02 real, 282 MB
[runlim] sample:		1650.00 time, 1650.02 real, 218 MB
[runlim] sample:		1660.00 time, 1660.02 real, 218 MB
[runlim] sample:		1670.00 time, 1670.02 real, 218 MB
[runlim] sample:		1680.00 time, 1680.02 real, 218 MB
[runlim] sample:		1690.00 time, 1690.02 real, 219 MB
[runlim] sample:		1700.00 time, 1700.02 real, 219 MB
[runlim] sample:		1710.00 time, 1710.02 real, 219 MB
[runlim] sample:		1719.99 time, 1720.02 real, 269 MB
[runlim] sample:		1730.00 time, 1730.02 real, 271 MB
[runlim] sample:		1740.00 time, 1740.02 real, 274 MB
[runlim] sample:		1750.00 time, 1750.02 real, 276 MB
[runlim] sample:		1760.00 time, 1760.02 real, 278 MB
[runlim] sample:		1770.00 time, 1770.02 real, 280 MB
[runlim] sample:		1780.00 time, 1780.02 real, 282 MB
[runlim] sample:		1790.00 time, 1790.02 real, 284 MB
[runlim] sample:		1800.00 time, 1800.02 real, 285 MB
[runlim] sample:		1810.00 time, 1810.02 real, 288 MB
[runlim] sample:		1819.99 time, 1820.02 real, 289 MB
[runlim] sample:		1830.00 time, 1830.02 real, 252 MB
[runlim] sample:		1840.00 time, 1840.02 real, 255 MB
[runlim] sample:		1850.00 time, 1850.02 real, 258 MB
[runlim] sample:		1859.99 time, 1860.02 real, 261 MB
[runlim] sample:		1870.00 time, 1870.02 real, 264 MB
[runlim] sample:		1880.00 time, 1880.02 real, 267 MB
[runlim] sample:		1890.00 time, 1890.02 real, 271 MB
[runlim] sample:		1899.99 time, 1900.02 real, 274 MB
[runlim] sample:		1910.00 time, 1910.02 real, 276 MB
[runlim] sample:		1920.00 time, 1920.02 real, 279 MB
[runlim] sample:		1930.00 time, 1930.02 real, 282 MB
[runlim] sample:		1940.00 time, 1940.02 real, 284 MB
[runlim] sample:		1949.99 time, 1950.02 real, 286 MB
[runlim] sample:		1960.00 time, 1960.02 real, 288 MB
[runlim] sample:		1970.00 time, 1970.02 real, 290 MB
[runlim] sample:		1979.99 time, 1980.02 real, 293 MB
[runlim] sample:		1990.00 time, 1990.02 real, 295 MB
[runlim] sample:		1999.99 time, 2000.02 real, 238 MB
[runlim] sample:		2009.99 time, 2010.02 real, 240 MB
[runlim] sample:		2020.00 time, 2020.02 real, 231 MB
[runlim] sample:		2029.99 time, 2030.02 real, 234 MB
[runlim] sample:		2040.00 time, 2040.02 real, 238 MB
[runlim] sample:		2050.00 time, 2050.02 real, 241 MB
[runlim] sample:		2060.00 time, 2060.02 real, 243 MB
[runlim] sample:		2070.00 time, 2070.02 real, 246 MB
[runlim] sample:		2080.00 time, 2080.02 real, 249 MB
[runlim] sample:		2089.99 time, 2090.02 real, 251 MB
[runlim] sample:		2099.99 time, 2100.02 real, 253 MB
[runlim] sample:		2109.99 time, 2110.02 real, 256 MB
[runlim] sample:		2120.00 time, 2120.02 real, 258 MB
[runlim] sample:		2129.99 time, 2130.02 real, 261 MB
[runlim] sample:		2139.99 time, 2140.02 real, 263 MB
[runlim] sample:		2149.99 time, 2150.02 real, 265 MB
[runlim] sample:		2160.00 time, 2160.02 real, 268 MB
[runlim] sample:		2170.00 time, 2170.02 real, 270 MB
[runlim] sample:		2179.99 time, 2180.02 real, 272 MB
[runlim] sample:		2189.99 time, 2190.02 real, 274 MB
[runlim] sample:		2200.00 time, 2200.02 real, 276 MB
[runlim] sample:		2210.00 time, 2210.02 real, 278 MB
[runlim] sample:		2219.99 time, 2220.02 real, 237 MB
[runlim] sample:		2229.99 time, 2230.02 real, 241 MB
[runlim] sample:		2239.99 time, 2240.02 real, 244 MB
[runlim] sample:		2249.99 time, 2250.02 real, 247 MB
[runlim] sample:		2259.99 time, 2260.02 real, 250 MB
[runlim] sample:		2269.99 time, 2270.02 real, 253 MB
[runlim] sample:		2280.00 time, 2280.02 real, 256 MB
[runlim] sample:		2289.99 time, 2290.02 real, 258 MB
[runlim] sample:		2300.00 time, 2300.02 real, 260 MB
[runlim] sample:		2310.00 time, 2310.02 real, 263 MB
[runlim] sample:		2320.00 time, 2320.02 real, 265 MB
[runlim] sample:		2329.99 time, 2330.02 real, 268 MB
[runlim] sample:		2339.99 time, 2340.02 real, 270 MB
[runlim] sample:		2349.99 time, 2350.02 real, 272 MB
[runlim] sample:		2359.99 time, 2360.02 real, 274 MB
[runlim] sample:		2370.00 time, 2370.02 real, 276 MB
[runlim] sample:		2379.99 time, 2380.02 real, 279 MB
[runlim] sample:		2389.99 time, 2390.02 real, 281 MB
[runlim] sample:		2399.99 time, 2400.02 real, 283 MB
[runlim] sample:		2409.99 time, 2410.02 real, 285 MB
[runlim] sample:		2419.99 time, 2420.02 real, 287 MB
[runlim] sample:		2429.99 time, 2430.02 real, 245 MB
[runlim] sample:		2439.99 time, 2440.02 real, 248 MB
[runlim] sample:		2450.00 time, 2450.02 real, 252 MB
[runlim] sample:		2459.99 time, 2460.02 real, 255 MB
[runlim] sample:		2469.99 time, 2470.02 real, 258 MB
[runlim] sample:		2479.99 time, 2480.02 real, 260 MB
[runlim] sample:		2489.99 time, 2490.02 real, 263 MB
[runlim] sample:		2499.99 time, 2500.02 real, 265 MB
[runlim] sample:		2509.99 time, 2510.02 real, 267 MB
[runlim] sample:		2519.99 time, 2520.02 real, 269 MB
[runlim] sample:		2530.00 time, 2530.02 real, 271 MB
[runlim] sample:		2539.99 time, 2540.02 real, 273 MB
[runlim] sample:		2549.99 time, 2550.02 real, 275 MB
[runlim] sample:		2559.99 time, 2560.02 real, 277 MB
[runlim] sample:		2569.99 time, 2570.02 real, 279 MB
[runlim] sample:		2579.99 time, 2580.02 real, 281 MB
[runlim] sample:		2589.99 time, 2590.02 real, 283 MB
[runlim] sample:		2599.99 time, 2600.02 real, 285 MB
[runlim] sample:		2609.99 time, 2610.02 real, 287 MB
[runlim] sample:		2620.00 time, 2620.02 real, 289 MB
[runlim] sample:		2629.99 time, 2630.02 real, 290 MB
[runlim] sample:		2639.99 time, 2640.02 real, 292 MB
[runlim] sample:		2649.99 time, 2650.02 real, 294 MB
[runlim] sample:		2659.99 time, 2660.02 real, 295 MB
[runlim] sample:		2669.99 time, 2670.02 real, 297 MB
[runlim] sample:		2679.99 time, 2680.02 real, 253 MB
[runlim] sample:		2690.00 time, 2690.02 real, 257 MB
[runlim] sample:		2699.99 time, 2700.02 real, 259 MB
[runlim] end:			Sat Feb 29 07:00:20 2020
[runlim] status:		out of time
[runlim] result:		2
[runlim] children:		1
[runlim] real:			2700.11 seconds
[runlim] time:			2699.99 seconds
[runlim] space:			321 MB
[runlim] samples:		27000
