[runlim] version:		1.18
[runlim] host:			c3n24
[runlim] time limit:		2700 seconds
[runlim] real time limit:	2700 seconds
[runlim] space limit:		7000 MB
[runlim] argv[0]:		./binary
[runlim] argv[1]:		/data/cnf/ankit/E1-A1-Red/sortnetsort6.v.stepl.006.qdimacs
[runlim] start:			Sat Feb 29 06:15:20 2020
[runlim] child:			17663
[runlim] sample:		9.88 time, 10.02 real, 19 MB
[runlim] sample:		19.88 time, 20.02 real, 21 MB
[runlim] sample:		29.89 time, 30.02 real, 23 MB
[runlim] sample:		39.89 time, 40.02 real, 27 MB
[runlim] sample:		49.89 time, 50.02 real, 34 MB
[runlim] sample:		59.89 time, 60.02 real, 35 MB
[runlim] sample:		69.89 time, 70.02 real, 42 MB
[runlim] end:			Sat Feb 29 06:16:35 2020
[runlim] status:		ok
[runlim] result:		0
[runlim] children:		1
[runlim] real:			74.47 seconds
[runlim] time:			74.29 seconds
[runlim] space:			42 MB
[runlim] samples:		744
